# Logfile created on Tue Apr 26 12:30:08 -0400 2011DEPRECATION WARNING: require "activerecord" is deprecated and will be removed in Rails 3. Use require "active_record" instead.. (called from /usr/local/lib/ruby/gems/1.8/gems/activerecord-2.3.5/lib/activerecord.rb:2)
** has_many_polymorphs: rails environment detected
** has_many_polymorphs: loaded ok
** has_many_polymorphs: autoload hook invoked
** has_many_polymorphs: preloading parent model Block
** has_many_polymorphs: associating Block.models
  [4;36;1mSQL (0.1ms)[0m   [0;1mSET client_min_messages TO 'panic'[0m
  [4;35;1mSQL (0.1ms)[0m   [0mSET client_min_messages TO 'notice'[0m
** has_many_polymorphs: preloading parent model View
** has_many_polymorphs: associating View.models
** has_many_polymorphs: autoload hook invoked
** has_many_polymorphs: preloading parent model Block
** has_many_polymorphs: preloading parent model View
  [4;36;1mClient Load (7.5ms)[0m   [0;1mSELECT * FROM "users" WHERE ("users"."status" = E'active') AND ( ("users"."type" = 'Client' ) ) ORDER BY activated_at DESC[0m
  [4;35;1mAnalyzing Client Load Execution Time: 0.093013

[0m   [0mSort  (cost=38.11..38.77 rows=265 width=574)
   Sort Key: activated_at
   ->  Seq Scan on users  (cost=0.00..27.44 rows=265 width=574)
         Filter: (((status)::text = 'active'::text) AND ((type)::text = 'Client'::text))
[0m
DEPRECATION WARNING: require "activerecord" is deprecated and will be removed in Rails 3. Use require "active_record" instead.. (called from /usr/local/lib/ruby/gems/1.8/gems/activerecord-2.3.5/lib/activerecord.rb:2)
** has_many_polymorphs: rails environment detected
** has_many_polymorphs: loaded ok
** has_many_polymorphs: autoload hook invoked
** has_many_polymorphs: preloading parent model Block
** has_many_polymorphs: associating Block.models
  [4;36;1mSQL (0.2ms)[0m   [0;1mSET client_min_messages TO 'panic'[0m
  [4;35;1mSQL (0.1ms)[0m   [0mSET client_min_messages TO 'notice'[0m
** has_many_polymorphs: preloading parent model View
** has_many_polymorphs: associating View.models
** has_many_polymorphs: autoload hook invoked
** has_many_polymorphs: preloading parent model Block
** has_many_polymorphs: preloading parent model View
  [4;36;1mClient Load (9.2ms)[0m   [0;1mSELECT * FROM "users" WHERE ("users"."status" = E'active') AND ( ("users"."type" = 'Client' ) ) ORDER BY activated_at DESC[0m
  [4;35;1mAnalyzing Client Load Execution Time: 0.097163

[0m   [0mSort  (cost=38.11..38.77 rows=265 width=574)
   Sort Key: activated_at
   ->  Seq Scan on users  (cost=0.00..27.44 rows=265 width=574)
         Filter: (((status)::text = 'active'::text) AND ((type)::text = 'Client'::text))
[0m
DEPRECATION WARNING: require "activerecord" is deprecated and will be removed in Rails 3. Use require "active_record" instead.. (called from /usr/local/lib/ruby/gems/1.8/gems/activerecord-2.3.5/lib/activerecord.rb:2)
** has_many_polymorphs: rails environment detected
** has_many_polymorphs: loaded ok
** has_many_polymorphs: autoload hook invoked
** has_many_polymorphs: preloading parent model Block
** has_many_polymorphs: associating Block.models
  [4;36;1mSQL (1.0ms)[0m   [0;1mSET client_min_messages TO 'panic'[0m
  [4;35;1mSQL (0.5ms)[0m   [0mSET client_min_messages TO 'notice'[0m
** has_many_polymorphs: preloading parent model View
** has_many_polymorphs: associating View.models
** has_many_polymorphs: autoload hook invoked
** has_many_polymorphs: preloading parent model Block
** has_many_polymorphs: preloading parent model View
  [4;36;1mClient Load (7.5ms)[0m   [0;1mSELECT * FROM "users" WHERE ("users"."status" = E'active') AND ( ("users"."type" = 'Client' ) ) ORDER BY activated_at DESC[0m
  [4;35;1mAnalyzing Client Load Execution Time: 0.09615

[0m   [0mSort  (cost=38.11..38.77 rows=265 width=574)
   Sort Key: activated_at
   ->  Seq Scan on users  (cost=0.00..27.44 rows=265 width=574)
         Filter: (((status)::text = 'active'::text) AND ((type)::text = 'Client'::text))
[0m
DEPRECATION WARNING: require "activerecord" is deprecated and will be removed in Rails 3. Use require "active_record" instead.. (called from /usr/local/lib/ruby/gems/1.8/gems/activerecord-2.3.5/lib/activerecord.rb:2)
** has_many_polymorphs: rails environment detected
** has_many_polymorphs: loaded ok
** has_many_polymorphs: autoload hook invoked
** has_many_polymorphs: preloading parent model Block
** has_many_polymorphs: associating Block.models
  [4;36;1mSQL (0.2ms)[0m   [0;1mSET client_min_messages TO 'panic'[0m
  [4;35;1mSQL (0.4ms)[0m   [0mSET client_min_messages TO 'notice'[0m
** has_many_polymorphs: preloading parent model View
** has_many_polymorphs: associating View.models
** has_many_polymorphs: autoload hook invoked
** has_many_polymorphs: preloading parent model Block
** has_many_polymorphs: preloading parent model View
  [4;36;1mClient Load (7.5ms)[0m   [0;1mSELECT * FROM "users" WHERE ("users"."status" = E'active') AND ( ("users"."type" = 'Client' ) ) ORDER BY activated_at DESC[0m
  [4;35;1mAnalyzing Client Load Execution Time: 0.092561

[0m   [0mSort  (cost=38.11..38.77 rows=265 width=574)
   Sort Key: activated_at
   ->  Seq Scan on users  (cost=0.00..27.44 rows=265 width=574)
         Filter: (((status)::text = 'active'::text) AND ((type)::text = 'Client'::text))
[0m
DEPRECATION WARNING: require "activerecord" is deprecated and will be removed in Rails 3. Use require "active_record" instead.. (called from /usr/local/lib/ruby/gems/1.8/gems/activerecord-2.3.5/lib/activerecord.rb:2)
** has_many_polymorphs: rails environment detected
** has_many_polymorphs: loaded ok
** has_many_polymorphs: autoload hook invoked
** has_many_polymorphs: preloading parent model Block
** has_many_polymorphs: associating Block.models
  [4;36;1mSQL (0.2ms)[0m   [0;1mSET client_min_messages TO 'panic'[0m
  [4;35;1mSQL (0.1ms)[0m   [0mSET client_min_messages TO 'notice'[0m
** has_many_polymorphs: preloading parent model View
** has_many_polymorphs: associating View.models
** has_many_polymorphs: autoload hook invoked
** has_many_polymorphs: preloading parent model Block
** has_many_polymorphs: preloading parent model View
  [4;36;1mClient Load (7.9ms)[0m   [0;1mSELECT * FROM "users" WHERE ("users"."status" = E'active') AND ( ("users"."type" = 'Client' ) ) ORDER BY activated_at DESC[0m
  [4;35;1mAnalyzing Client Load Execution Time: 0.099634

[0m   [0mSort  (cost=38.11..38.77 rows=265 width=574)
   Sort Key: activated_at
   ->  Seq Scan on users  (cost=0.00..27.44 rows=265 width=574)
         Filter: (((status)::text = 'active'::text) AND ((type)::text = 'Client'::text))
[0m
DEPRECATION WARNING: require "activerecord" is deprecated and will be removed in Rails 3. Use require "active_record" instead.. (called from /usr/local/lib/ruby/gems/1.8/gems/activerecord-2.3.5/lib/activerecord.rb:2)
** has_many_polymorphs: rails environment detected
** has_many_polymorphs: loaded ok
** has_many_polymorphs: autoload hook invoked
** has_many_polymorphs: preloading parent model Block
** has_many_polymorphs: associating Block.models
  [4;36;1mSQL (0.2ms)[0m   [0;1mSET client_min_messages TO 'panic'[0m
  [4;35;1mSQL (0.1ms)[0m   [0mSET client_min_messages TO 'notice'[0m
** has_many_polymorphs: preloading parent model View
** has_many_polymorphs: associating View.models
** has_many_polymorphs: autoload hook invoked
** has_many_polymorphs: preloading parent model Block
** has_many_polymorphs: preloading parent model View
  [4;36;1mClient Load (8.9ms)[0m   [0;1mSELECT * FROM "users" WHERE ("users"."status" = E'active') AND ( ("users"."type" = 'Client' ) ) ORDER BY activated_at DESC[0m
  [4;35;1mAnalyzing Client Load Execution Time: 0.097487

[0m   [0mSort  (cost=38.11..38.77 rows=265 width=574)
   Sort Key: activated_at
   ->  Seq Scan on users  (cost=0.00..27.44 rows=265 width=574)
         Filter: (((status)::text = 'active'::text) AND ((type)::text = 'Client'::text))
[0m
DEPRECATION WARNING: require "activerecord" is deprecated and will be removed in Rails 3. Use require "active_record" instead.. (called from /usr/local/lib/ruby/gems/1.8/gems/activerecord-2.3.5/lib/activerecord.rb:2)
** has_many_polymorphs: rails environment detected
** has_many_polymorphs: loaded ok
** has_many_polymorphs: autoload hook invoked
** has_many_polymorphs: preloading parent model Block
** has_many_polymorphs: associating Block.models
  [4;36;1mSQL (0.2ms)[0m   [0;1mSET client_min_messages TO 'panic'[0m
  [4;35;1mSQL (0.1ms)[0m   [0mSET client_min_messages TO 'notice'[0m
** has_many_polymorphs: preloading parent model View
** has_many_polymorphs: associating View.models
** has_many_polymorphs: autoload hook invoked
** has_many_polymorphs: preloading parent model Block
** has_many_polymorphs: preloading parent model View
  [4;36;1mClient Load (18.3ms)[0m   [0;1mSELECT * FROM "users" WHERE ("users"."status" = E'active') AND ( ("users"."type" = 'Client' ) ) ORDER BY activated_at DESC[0m
  [4;35;1mAnalyzing Client Load Execution Time: 0.239845

[0m   [0mSort  (cost=38.11..38.77 rows=265 width=574)
   Sort Key: activated_at
   ->  Seq Scan on users  (cost=0.00..27.44 rows=265 width=574)
         Filter: (((status)::text = 'active'::text) AND ((type)::text = 'Client'::text))
[0m
DEPRECATION WARNING: require "activerecord" is deprecated and will be removed in Rails 3. Use require "active_record" instead.. (called from /usr/local/lib/ruby/gems/1.8/gems/activerecord-2.3.5/lib/activerecord.rb:2)
** has_many_polymorphs: rails environment detected
** has_many_polymorphs: loaded ok
** has_many_polymorphs: autoload hook invoked
** has_many_polymorphs: preloading parent model Block
** has_many_polymorphs: associating Block.models
  [4;36;1mSQL (0.3ms)[0m   [0;1mSET client_min_messages TO 'panic'[0m
  [4;35;1mSQL (0.2ms)[0m   [0mSET client_min_messages TO 'notice'[0m
** has_many_polymorphs: preloading parent model View
** has_many_polymorphs: associating View.models
** has_many_polymorphs: autoload hook invoked
** has_many_polymorphs: preloading parent model Block
** has_many_polymorphs: preloading parent model View
  [4;36;1mClient Load (7.7ms)[0m   [0;1mSELECT * FROM "users" WHERE ("users"."status" = E'active') AND ( ("users"."type" = 'Client' ) ) ORDER BY activated_at DESC[0m
  [4;35;1mAnalyzing Client Load Execution Time: 0.096494

[0m   [0mSort  (cost=38.11..38.77 rows=265 width=574)
   Sort Key: activated_at
   ->  Seq Scan on users  (cost=0.00..27.44 rows=265 width=574)
         Filter: (((status)::text = 'active'::text) AND ((type)::text = 'Client'::text))
[0m
DEPRECATION WARNING: require "activerecord" is deprecated and will be removed in Rails 3. Use require "active_record" instead.. (called from /usr/local/lib/ruby/gems/1.8/gems/activerecord-2.3.5/lib/activerecord.rb:2)
** has_many_polymorphs: rails environment detected
** has_many_polymorphs: loaded ok
** has_many_polymorphs: autoload hook invoked
** has_many_polymorphs: preloading parent model Block
** has_many_polymorphs: associating Block.models
  [4;36;1mSQL (0.2ms)[0m   [0;1mSET client_min_messages TO 'panic'[0m
  [4;35;1mSQL (0.1ms)[0m   [0mSET client_min_messages TO 'notice'[0m
** has_many_polymorphs: preloading parent model View
** has_many_polymorphs: associating View.models
** has_many_polymorphs: autoload hook invoked
** has_many_polymorphs: preloading parent model Block
** has_many_polymorphs: preloading parent model View
  [4;36;1mClient Load (7.5ms)[0m   [0;1mSELECT * FROM "users" WHERE ("users"."status" = E'active') AND ( ("users"."type" = 'Client' ) ) ORDER BY activated_at DESC[0m
  [4;35;1mAnalyzing Client Load Execution Time: 0.09507

[0m   [0mSort  (cost=38.11..38.77 rows=265 width=574)
   Sort Key: activated_at
   ->  Seq Scan on users  (cost=0.00..27.44 rows=265 width=574)
         Filter: (((status)::text = 'active'::text) AND ((type)::text = 'Client'::text))
[0m
DEPRECATION WARNING: require "activerecord" is deprecated and will be removed in Rails 3. Use require "active_record" instead.. (called from /usr/local/lib/ruby/gems/1.8/gems/activerecord-2.3.5/lib/activerecord.rb:2)
** has_many_polymorphs: rails environment detected
** has_many_polymorphs: loaded ok
** has_many_polymorphs: autoload hook invoked
** has_many_polymorphs: preloading parent model Block
** has_many_polymorphs: associating Block.models
  [4;36;1mSQL (0.5ms)[0m   [0;1mSET client_min_messages TO 'panic'[0m
  [4;35;1mSQL (0.1ms)[0m   [0mSET client_min_messages TO 'notice'[0m
** has_many_polymorphs: preloading parent model View
** has_many_polymorphs: associating View.models
** has_many_polymorphs: autoload hook invoked
** has_many_polymorphs: preloading parent model Block
** has_many_polymorphs: preloading parent model View
  [4;36;1mClient Load (7.6ms)[0m   [0;1mSELECT * FROM "users" WHERE ("users"."status" = E'active') AND ( ("users"."type" = 'Client' ) ) ORDER BY activated_at DESC[0m
  [4;35;1mAnalyzing Client Load Execution Time: 0.095653

[0m   [0mSort  (cost=38.11..38.77 rows=265 width=574)
   Sort Key: activated_at
   ->  Seq Scan on users  (cost=0.00..27.44 rows=265 width=574)
         Filter: (((status)::text = 'active'::text) AND ((type)::text = 'Client'::text))
[0m
DEPRECATION WARNING: require "activerecord" is deprecated and will be removed in Rails 3. Use require "active_record" instead.. (called from /usr/local/lib/ruby/gems/1.8/gems/activerecord-2.3.5/lib/activerecord.rb:2)
** has_many_polymorphs: rails environment detected
** has_many_polymorphs: loaded ok
** has_many_polymorphs: autoload hook invoked
** has_many_polymorphs: preloading parent model Block
** has_many_polymorphs: associating Block.models
  [4;36;1mSQL (0.1ms)[0m   [0;1mSET client_min_messages TO 'panic'[0m
  [4;35;1mSQL (0.1ms)[0m   [0mSET client_min_messages TO 'notice'[0m
** has_many_polymorphs: preloading parent model View
** has_many_polymorphs: associating View.models
** has_many_polymorphs: autoload hook invoked
** has_many_polymorphs: preloading parent model Block
** has_many_polymorphs: preloading parent model View
  [4;36;1mClient Load (8.0ms)[0m   [0;1mSELECT * FROM "users" WHERE ("users"."status" = E'active') AND ( ("users"."type" = 'Client' ) ) ORDER BY activated_at DESC[0m
  [4;35;1mAnalyzing Client Load Execution Time: 0.093619

[0m   [0mSort  (cost=38.11..38.77 rows=265 width=574)
   Sort Key: activated_at
   ->  Seq Scan on users  (cost=0.00..27.44 rows=265 width=574)
         Filter: (((status)::text = 'active'::text) AND ((type)::text = 'Client'::text))
[0m
DEPRECATION WARNING: require "activerecord" is deprecated and will be removed in Rails 3. Use require "active_record" instead.. (called from /usr/local/lib/ruby/gems/1.8/gems/activerecord-2.3.5/lib/activerecord.rb:2)
** has_many_polymorphs: rails environment detected
** has_many_polymorphs: loaded ok
** has_many_polymorphs: autoload hook invoked
** has_many_polymorphs: preloading parent model Block
** has_many_polymorphs: associating Block.models
  [4;36;1mSQL (0.1ms)[0m   [0;1mSET client_min_messages TO 'panic'[0m
  [4;35;1mSQL (0.1ms)[0m   [0mSET client_min_messages TO 'notice'[0m
** has_many_polymorphs: preloading parent model View
** has_many_polymorphs: associating View.models
** has_many_polymorphs: autoload hook invoked
** has_many_polymorphs: preloading parent model Block
** has_many_polymorphs: preloading parent model View
  [4;36;1mClient Load (7.5ms)[0m   [0;1mSELECT * FROM "users" WHERE ("users"."status" = E'active') AND ( ("users"."type" = 'Client' ) ) ORDER BY activated_at DESC[0m
  [4;35;1mAnalyzing Client Load Execution Time: 0.094882

[0m   [0mSort  (cost=38.11..38.77 rows=265 width=574)
   Sort Key: activated_at
   ->  Seq Scan on users  (cost=0.00..27.44 rows=265 width=574)
         Filter: (((status)::text = 'active'::text) AND ((type)::text = 'Client'::text))
[0m
DEPRECATION WARNING: require "activerecord" is deprecated and will be removed in Rails 3. Use require "active_record" instead.. (called from /usr/local/lib/ruby/gems/1.8/gems/activerecord-2.3.5/lib/activerecord.rb:2)
** has_many_polymorphs: rails environment detected
** has_many_polymorphs: loaded ok
** has_many_polymorphs: autoload hook invoked
** has_many_polymorphs: preloading parent model Block
** has_many_polymorphs: associating Block.models
  [4;36;1mSQL (0.2ms)[0m   [0;1mSET client_min_messages TO 'panic'[0m
  [4;35;1mSQL (0.1ms)[0m   [0mSET client_min_messages TO 'notice'[0m
** has_many_polymorphs: preloading parent model View
** has_many_polymorphs: associating View.models
** has_many_polymorphs: autoload hook invoked
** has_many_polymorphs: preloading parent model Block
** has_many_polymorphs: preloading parent model View
  [4;36;1mClient Load (7.8ms)[0m   [0;1mSELECT * FROM "users" WHERE ("users"."status" = E'active') AND ( ("users"."type" = 'Client' ) ) ORDER BY activated_at DESC[0m
  [4;35;1mAnalyzing Client Load Execution Time: 0.094574

[0m   [0mSort  (cost=38.11..38.77 rows=265 width=574)
   Sort Key: activated_at
   ->  Seq Scan on users  (cost=0.00..27.44 rows=265 width=574)
         Filter: (((status)::text = 'active'::text) AND ((type)::text = 'Client'::text))
[0m
DEPRECATION WARNING: require "activerecord" is deprecated and will be removed in Rails 3. Use require "active_record" instead.. (called from /usr/local/lib/ruby/gems/1.8/gems/activerecord-2.3.5/lib/activerecord.rb:2)
** has_many_polymorphs: rails environment detected
** has_many_polymorphs: loaded ok
** has_many_polymorphs: autoload hook invoked
** has_many_polymorphs: preloading parent model Block
** has_many_polymorphs: associating Block.models
  [4;36;1mSQL (0.1ms)[0m   [0;1mSET client_min_messages TO 'panic'[0m
  [4;35;1mSQL (0.1ms)[0m   [0mSET client_min_messages TO 'notice'[0m
** has_many_polymorphs: preloading parent model View
** has_many_polymorphs: associating View.models
** has_many_polymorphs: autoload hook invoked
** has_many_polymorphs: preloading parent model Block
** has_many_polymorphs: preloading parent model View
  [4;36;1mClient Load (7.5ms)[0m   [0;1mSELECT * FROM "users" WHERE ("users"."status" = E'active') AND ( ("users"."type" = 'Client' ) ) ORDER BY activated_at DESC[0m
  [4;35;1mAnalyzing Client Load Execution Time: 0.095909

[0m   [0mSort  (cost=38.11..38.77 rows=265 width=574)
   Sort Key: activated_at
   ->  Seq Scan on users  (cost=0.00..27.44 rows=265 width=574)
         Filter: (((status)::text = 'active'::text) AND ((type)::text = 'Client'::text))
[0m
DEPRECATION WARNING: require "activerecord" is deprecated and will be removed in Rails 3. Use require "active_record" instead.. (called from /usr/local/lib/ruby/gems/1.8/gems/activerecord-2.3.5/lib/activerecord.rb:2)
** has_many_polymorphs: rails environment detected
** has_many_polymorphs: loaded ok
** has_many_polymorphs: autoload hook invoked
** has_many_polymorphs: preloading parent model Block
** has_many_polymorphs: associating Block.models
  [4;36;1mSQL (0.2ms)[0m   [0;1mSET client_min_messages TO 'panic'[0m
  [4;35;1mSQL (0.1ms)[0m   [0mSET client_min_messages TO 'notice'[0m
** has_many_polymorphs: preloading parent model View
** has_many_polymorphs: associating View.models
** has_many_polymorphs: autoload hook invoked
** has_many_polymorphs: preloading parent model Block
** has_many_polymorphs: preloading parent model View
  [4;36;1mClient Load (8.0ms)[0m   [0;1mSELECT * FROM "users" WHERE ("users"."status" = E'active') AND ( ("users"."type" = 'Client' ) ) ORDER BY activated_at DESC[0m
  [4;35;1mAnalyzing Client Load Execution Time: 0.101035

[0m   [0mSort  (cost=38.11..38.77 rows=265 width=574)
   Sort Key: activated_at
   ->  Seq Scan on users  (cost=0.00..27.44 rows=265 width=574)
         Filter: (((status)::text = 'active'::text) AND ((type)::text = 'Client'::text))
[0m
DEPRECATION WARNING: require "activerecord" is deprecated and will be removed in Rails 3. Use require "active_record" instead.. (called from /usr/local/lib/ruby/gems/1.8/gems/activerecord-2.3.5/lib/activerecord.rb:2)
** has_many_polymorphs: rails environment detected
** has_many_polymorphs: loaded ok
** has_many_polymorphs: autoload hook invoked
** has_many_polymorphs: preloading parent model Block
** has_many_polymorphs: associating Block.models
  [4;36;1mSQL (0.2ms)[0m   [0;1mSET client_min_messages TO 'panic'[0m
  [4;35;1mSQL (0.1ms)[0m   [0mSET client_min_messages TO 'notice'[0m
** has_many_polymorphs: preloading parent model View
** has_many_polymorphs: associating View.models
** has_many_polymorphs: autoload hook invoked
** has_many_polymorphs: preloading parent model Block
** has_many_polymorphs: preloading parent model View
  [4;36;1mClient Load (8.8ms)[0m   [0;1mSELECT * FROM "users" WHERE ("users"."status" = E'active') AND ( ("users"."type" = 'Client' ) ) ORDER BY activated_at DESC[0m
  [4;35;1mAnalyzing Client Load Execution Time: 0.097516

[0m   [0mSort  (cost=38.11..38.77 rows=265 width=574)
   Sort Key: activated_at
   ->  Seq Scan on users  (cost=0.00..27.44 rows=265 width=574)
         Filter: (((status)::text = 'active'::text) AND ((type)::text = 'Client'::text))
[0m
DEPRECATION WARNING: require "activerecord" is deprecated and will be removed in Rails 3. Use require "active_record" instead.. (called from /usr/local/lib/ruby/gems/1.8/gems/activerecord-2.3.5/lib/activerecord.rb:2)
** has_many_polymorphs: rails environment detected
** has_many_polymorphs: loaded ok
** has_many_polymorphs: autoload hook invoked
** has_many_polymorphs: preloading parent model Block
** has_many_polymorphs: associating Block.models
  [4;36;1mSQL (0.2ms)[0m   [0;1mSET client_min_messages TO 'panic'[0m
  [4;35;1mSQL (0.1ms)[0m   [0mSET client_min_messages TO 'notice'[0m
** has_many_polymorphs: preloading parent model View
** has_many_polymorphs: associating View.models
** has_many_polymorphs: autoload hook invoked
** has_many_polymorphs: preloading parent model Block
** has_many_polymorphs: preloading parent model View
  [4;36;1mClient Load (8.2ms)[0m   [0;1mSELECT * FROM "users" WHERE ("users"."status" = E'active') AND ( ("users"."type" = 'Client' ) ) ORDER BY activated_at DESC[0m
  [4;35;1mAnalyzing Client Load Execution Time: 0.099025

[0m   [0mSort  (cost=38.11..38.77 rows=265 width=574)
   Sort Key: activated_at
   ->  Seq Scan on users  (cost=0.00..27.44 rows=265 width=574)
         Filter: (((status)::text = 'active'::text) AND ((type)::text = 'Client'::text))
[0m
DEPRECATION WARNING: require "activerecord" is deprecated and will be removed in Rails 3. Use require "active_record" instead.. (called from /usr/local/lib/ruby/gems/1.8/gems/activerecord-2.3.5/lib/activerecord.rb:2)
** has_many_polymorphs: rails environment detected
** has_many_polymorphs: loaded ok
** has_many_polymorphs: autoload hook invoked
** has_many_polymorphs: preloading parent model Block
** has_many_polymorphs: associating Block.models
  [4;36;1mSQL (0.2ms)[0m   [0;1mSET client_min_messages TO 'panic'[0m
  [4;35;1mSQL (0.1ms)[0m   [0mSET client_min_messages TO 'notice'[0m
** has_many_polymorphs: preloading parent model View
** has_many_polymorphs: associating View.models
** has_many_polymorphs: autoload hook invoked
** has_many_polymorphs: preloading parent model Block
** has_many_polymorphs: preloading parent model View
  [4;36;1mClient Load (8.6ms)[0m   [0;1mSELECT * FROM "users" WHERE ("users"."status" = E'active') AND ( ("users"."type" = 'Client' ) ) ORDER BY activated_at DESC[0m
  [4;35;1mAnalyzing Client Load Execution Time: 0.095428

[0m   [0mSort  (cost=38.11..38.77 rows=265 width=574)
   Sort Key: activated_at
   ->  Seq Scan on users  (cost=0.00..27.44 rows=265 width=574)
         Filter: (((status)::text = 'active'::text) AND ((type)::text = 'Client'::text))
[0m
  [4;36;1mSQL (4.6ms)[0m   [0;1mSELECT count(*) AS count_all FROM "listings" WHERE ("listings".user_id = 25586) [0m
  [4;35;1mAnalyzing  Execution Time: 0.004924

[0m   [0mAggregate  (cost=1615.81..1615.82 rows=1 width=0)
   ->  Index Scan using index_listings_on_id_and_user_id_and_title on listings  (cost=0.00..1615.79 rows=4 width=0)
         Index Cond: (user_id = 25586)
[0m
  [4;36;1mSQL (16.0ms)[0m   [0;1mSELECT count(*) AS count_all FROM "listings" WHERE ("listings".user_id = 25443) [0m
  [4;35;1mAnalyzing  Execution Time: 0.016329

[0m   [0mAggregate  (cost=1615.81..1615.82 rows=1 width=0)
   ->  Index Scan using index_listings_on_id_and_user_id_and_title on listings  (cost=0.00..1615.79 rows=4 width=0)
         Index Cond: (user_id = 25443)
[0m
  [4;36;1mSQL (2.3ms)[0m   [0;1mSELECT count(*) AS count_all FROM "listings" WHERE ("listings".user_id = 25584) [0m
  [4;35;1mAnalyzing  Execution Time: 0.002562

[0m   [0mAggregate  (cost=1615.81..1615.82 rows=1 width=0)
   ->  Index Scan using index_listings_on_id_and_user_id_and_title on listings  (cost=0.00..1615.79 rows=4 width=0)
         Index Cond: (user_id = 25584)
[0m
  [4;36;1mSQL (1.9ms)[0m   [0;1mSELECT count(*) AS count_all FROM "listings" WHERE ("listings".user_id = 25583) [0m
  [4;35;1mAnalyzing  Execution Time: 0.00216

[0m   [0mAggregate  (cost=1615.81..1615.82 rows=1 width=0)
   ->  Index Scan using index_listings_on_id_and_user_id_and_title on listings  (cost=0.00..1615.79 rows=4 width=0)
         Index Cond: (user_id = 25583)
[0m
  [4;36;1mSQL (2.4ms)[0m   [0;1mSELECT count(*) AS count_all FROM "listings" WHERE ("listings".user_id = 25582) [0m
  [4;35;1mAnalyzing  Execution Time: 0.002664

[0m   [0mAggregate  (cost=1615.81..1615.82 rows=1 width=0)
   ->  Index Scan using index_listings_on_id_and_user_id_and_title on listings  (cost=0.00..1615.79 rows=4 width=0)
         Index Cond: (user_id = 25582)
[0m
  [4;36;1mSQL (15.0ms)[0m   [0;1mSELECT count(*) AS count_all FROM "listings" WHERE ("listings".user_id = 25565) [0m
  [4;35;1mAnalyzing  Execution Time: 0.015273

[0m   [0mAggregate  (cost=1615.81..1615.82 rows=1 width=0)
   ->  Index Scan using index_listings_on_id_and_user_id_and_title on listings  (cost=0.00..1615.79 rows=4 width=0)
         Index Cond: (user_id = 25565)
[0m
  [4;36;1mSQL (2.2ms)[0m   [0;1mSELECT count(*) AS count_all FROM "listings" WHERE ("listings".user_id = 25579) [0m
  [4;35;1mAnalyzing  Execution Time: 0.00244

[0m   [0mAggregate  (cost=1615.81..1615.82 rows=1 width=0)
   ->  Index Scan using index_listings_on_id_and_user_id_and_title on listings  (cost=0.00..1615.79 rows=4 width=0)
         Index Cond: (user_id = 25579)
[0m
  [4;36;1mSQL (1.9ms)[0m   [0;1mSELECT count(*) AS count_all FROM "listings" WHERE ("listings".user_id = 25581) [0m
  [4;35;1mAnalyzing  Execution Time: 0.002229

[0m   [0mAggregate  (cost=1615.81..1615.82 rows=1 width=0)
   ->  Index Scan using index_listings_on_id_and_user_id_and_title on listings  (cost=0.00..1615.79 rows=4 width=0)
         Index Cond: (user_id = 25581)
[0m
  [4;36;1mSQL (4.1ms)[0m   [0;1mSELECT count(*) AS count_all FROM "listings" WHERE ("listings".user_id = 25580) [0m
  [4;35;1mAnalyzing  Execution Time: 0.004416

[0m   [0mAggregate  (cost=1615.81..1615.82 rows=1 width=0)
   ->  Index Scan using index_listings_on_id_and_user_id_and_title on listings  (cost=0.00..1615.79 rows=4 width=0)
         Index Cond: (user_id = 25580)
[0m
  [4;36;1mSQL (13.9ms)[0m   [0;1mSELECT count(*) AS count_all FROM "listings" WHERE ("listings".user_id = 25577) [0m
  [4;35;1mAnalyzing  Execution Time: 0.014212

[0m   [0mAggregate  (cost=1615.81..1615.82 rows=1 width=0)
   ->  Index Scan using index_listings_on_id_and_user_id_and_title on listings  (cost=0.00..1615.79 rows=4 width=0)
         Index Cond: (user_id = 25577)
[0m
  [4;36;1mSQL (1.9ms)[0m   [0;1mSELECT count(*) AS count_all FROM "listings" WHERE ("listings".user_id = 25570) [0m
  [4;35;1mAnalyzing  Execution Time: 0.002127

[0m   [0mAggregate  (cost=1615.81..1615.82 rows=1 width=0)
   ->  Index Scan using index_listings_on_id_and_user_id_and_title on listings  (cost=0.00..1615.79 rows=4 width=0)
         Index Cond: (user_id = 25570)
[0m
  [4;36;1mSQL (2.7ms)[0m   [0;1mSELECT count(*) AS count_all FROM "listings" WHERE ("listings".user_id = 25442) [0m
  [4;35;1mAnalyzing  Execution Time: 0.003009

[0m   [0mAggregate  (cost=1615.81..1615.82 rows=1 width=0)
   ->  Index Scan using index_listings_on_id_and_user_id_and_title on listings  (cost=0.00..1615.79 rows=4 width=0)
         Index Cond: (user_id = 25442)
[0m
  [4;36;1mSQL (2.4ms)[0m   [0;1mSELECT count(*) AS count_all FROM "listings" WHERE ("listings".user_id = 25438) [0m
  [4;35;1mAnalyzing  Execution Time: 0.002676

[0m   [0mAggregate  (cost=1615.81..1615.82 rows=1 width=0)
   ->  Index Scan using index_listings_on_id_and_user_id_and_title on listings  (cost=0.00..1615.79 rows=4 width=0)
         Index Cond: (user_id = 25438)
[0m
  [4;36;1mSQL (2.1ms)[0m   [0;1mSELECT count(*) AS count_all FROM "listings" WHERE ("listings".user_id = 25551) [0m
  [4;35;1mAnalyzing  Execution Time: 0.002466

[0m   [0mAggregate  (cost=1615.81..1615.82 rows=1 width=0)
   ->  Index Scan using index_listings_on_id_and_user_id_and_title on listings  (cost=0.00..1615.79 rows=4 width=0)
         Index Cond: (user_id = 25551)
[0m
  [4;36;1mSQL (9.3ms)[0m   [0;1mSELECT count(*) AS count_all FROM "listings" WHERE ("listings".user_id = 25554) [0m
  [4;35;1mAnalyzing  Execution Time: 0.009537

[0m   [0mAggregate  (cost=1615.81..1615.82 rows=1 width=0)
   ->  Index Scan using index_listings_on_id_and_user_id_and_title on listings  (cost=0.00..1615.79 rows=4 width=0)
         Index Cond: (user_id = 25554)
[0m
  [4;36;1mSQL (2.2ms)[0m   [0;1mSELECT count(*) AS count_all FROM "listings" WHERE ("listings".user_id = 25575) [0m
  [4;35;1mAnalyzing  Execution Time: 0.128502

[0m   [0mAggregate  (cost=1615.81..1615.82 rows=1 width=0)
   ->  Index Scan using index_listings_on_id_and_user_id_and_title on listings  (cost=0.00..1615.79 rows=4 width=0)
         Index Cond: (user_id = 25575)
[0m
  [4;36;1mSQL (1.8ms)[0m   [0;1mSELECT count(*) AS count_all FROM "listings" WHERE ("listings".user_id = 25356) [0m
  [4;35;1mAnalyzing  Execution Time: 0.002098

[0m   [0mAggregate  (cost=1615.81..1615.82 rows=1 width=0)
   ->  Index Scan using index_listings_on_id_and_user_id_and_title on listings  (cost=0.00..1615.79 rows=4 width=0)
         Index Cond: (user_id = 25356)
[0m
  [4;36;1mSQL (6.6ms)[0m   [0;1mSELECT count(*) AS count_all FROM "listings" WHERE ("listings".user_id = 25382) [0m
  [4;35;1mAnalyzing  Execution Time: 0.007

[0m   [0mAggregate  (cost=1615.81..1615.82 rows=1 width=0)
   ->  Index Scan using index_listings_on_id_and_user_id_and_title on listings  (cost=0.00..1615.79 rows=4 width=0)
         Index Cond: (user_id = 25382)
[0m
  [4;36;1mSQL (6.3ms)[0m   [0;1mSELECT count(*) AS count_all FROM "listings" WHERE ("listings".user_id = 25573) [0m
  [4;35;1mAnalyzing  Execution Time: 0.006627

[0m   [0mAggregate  (cost=1615.81..1615.82 rows=1 width=0)
   ->  Index Scan using index_listings_on_id_and_user_id_and_title on listings  (cost=0.00..1615.79 rows=4 width=0)
         Index Cond: (user_id = 25573)
[0m
  [4;36;1mSQL (2.3ms)[0m   [0;1mSELECT count(*) AS count_all FROM "listings" WHERE ("listings".user_id = 25571) [0m
  [4;35;1mAnalyzing  Execution Time: 0.002594

[0m   [0mAggregate  (cost=1615.81..1615.82 rows=1 width=0)
   ->  Index Scan using index_listings_on_id_and_user_id_and_title on listings  (cost=0.00..1615.79 rows=4 width=0)
         Index Cond: (user_id = 25571)
[0m
  [4;36;1mSQL (3.2ms)[0m   [0;1mSELECT count(*) AS count_all FROM "listings" WHERE ("listings".user_id = 25341) [0m
  [4;35;1mAnalyzing  Execution Time: 0.003439

[0m   [0mAggregate  (cost=1615.81..1615.82 rows=1 width=0)
   ->  Index Scan using index_listings_on_id_and_user_id_and_title on listings  (cost=0.00..1615.79 rows=4 width=0)
         Index Cond: (user_id = 25341)
[0m
  [4;36;1mSQL (2.5ms)[0m   [0;1mSELECT count(*) AS count_all FROM "listings" WHERE ("listings".user_id = 25437) [0m
  [4;35;1mAnalyzing  Execution Time: 0.002757

[0m   [0mAggregate  (cost=1615.81..1615.82 rows=1 width=0)
   ->  Index Scan using index_listings_on_id_and_user_id_and_title on listings  (cost=0.00..1615.79 rows=4 width=0)
         Index Cond: (user_id = 25437)
[0m
  [4;36;1mSQL (2.0ms)[0m   [0;1mSELECT count(*) AS count_all FROM "listings" WHERE ("listings".user_id = 25385) [0m
  [4;35;1mAnalyzing  Execution Time: 0.002231

[0m   [0mAggregate  (cost=1615.81..1615.82 rows=1 width=0)
   ->  Index Scan using index_listings_on_id_and_user_id_and_title on listings  (cost=0.00..1615.79 rows=4 width=0)
         Index Cond: (user_id = 25385)
[0m
  [4;36;1mSQL (3.1ms)[0m   [0;1mSELECT count(*) AS count_all FROM "listings" WHERE ("listings".user_id = 25379) [0m
  [4;35;1mAnalyzing  Execution Time: 0.003354

[0m   [0mAggregate  (cost=1615.81..1615.82 rows=1 width=0)
   ->  Index Scan using index_listings_on_id_and_user_id_and_title on listings  (cost=0.00..1615.79 rows=4 width=0)
         Index Cond: (user_id = 25379)
[0m
  [4;36;1mSQL (2.2ms)[0m   [0;1mSELECT count(*) AS count_all FROM "listings" WHERE ("listings".user_id = 25562) [0m
  [4;35;1mAnalyzing  Execution Time: 0.002464

[0m   [0mAggregate  (cost=1615.81..1615.82 rows=1 width=0)
   ->  Index Scan using index_listings_on_id_and_user_id_and_title on listings  (cost=0.00..1615.79 rows=4 width=0)
         Index Cond: (user_id = 25562)
[0m
  [4;36;1mSQL (1.9ms)[0m   [0;1mSELECT count(*) AS count_all FROM "listings" WHERE ("listings".user_id = 25555) [0m
  [4;35;1mAnalyzing  Execution Time: 0.002144

[0m   [0mAggregate  (cost=1615.81..1615.82 rows=1 width=0)
   ->  Index Scan using index_listings_on_id_and_user_id_and_title on listings  (cost=0.00..1615.79 rows=4 width=0)
         Index Cond: (user_id = 25555)
[0m
  [4;36;1mSQL (2.3ms)[0m   [0;1mSELECT count(*) AS count_all FROM "listings" WHERE ("listings".user_id = 25552) [0m
  [4;35;1mAnalyzing  Execution Time: 0.002594

[0m   [0mAggregate  (cost=1615.81..1615.82 rows=1 width=0)
   ->  Index Scan using index_listings_on_id_and_user_id_and_title on listings  (cost=0.00..1615.79 rows=4 width=0)
         Index Cond: (user_id = 25552)
[0m
  [4;36;1mSQL (2.3ms)[0m   [0;1mSELECT count(*) AS count_all FROM "listings" WHERE ("listings".user_id = 25390) [0m
  [4;35;1mAnalyzing  Execution Time: 0.002518

[0m   [0mAggregate  (cost=1615.81..1615.82 rows=1 width=0)
   ->  Index Scan using index_listings_on_id_and_user_id_and_title on listings  (cost=0.00..1615.79 rows=4 width=0)
         Index Cond: (user_id = 25390)
[0m
  [4;36;1mSQL (1.8ms)[0m   [0;1mSELECT count(*) AS count_all FROM "listings" WHERE ("listings".user_id = 25409) [0m
  [4;35;1mAnalyzing  Execution Time: 0.002083

[0m   [0mAggregate  (cost=1615.81..1615.82 rows=1 width=0)
   ->  Index Scan using index_listings_on_id_and_user_id_and_title on listings  (cost=0.00..1615.79 rows=4 width=0)
         Index Cond: (user_id = 25409)
[0m
  [4;36;1mSQL (2.3ms)[0m   [0;1mSELECT count(*) AS count_all FROM "listings" WHERE ("listings".user_id = 25567) [0m
  [4;35;1mAnalyzing  Execution Time: 0.002626

[0m   [0mAggregate  (cost=1615.81..1615.82 rows=1 width=0)
   ->  Index Scan using index_listings_on_id_and_user_id_and_title on listings  (cost=0.00..1615.79 rows=4 width=0)
         Index Cond: (user_id = 25567)
[0m
  [4;36;1mSQL (2.5ms)[0m   [0;1mSELECT count(*) AS count_all FROM "listings" WHERE ("listings".user_id = 25564) [0m
  [4;35;1mAnalyzing  Execution Time: 0.00273

[0m   [0mAggregate  (cost=1615.81..1615.82 rows=1 width=0)
   ->  Index Scan using index_listings_on_id_and_user_id_and_title on listings  (cost=0.00..1615.79 rows=4 width=0)
         Index Cond: (user_id = 25564)
[0m
  [4;36;1mSQL (2.2ms)[0m   [0;1mSELECT count(*) AS count_all FROM "listings" WHERE ("listings".user_id = 25563) [0m
  [4;35;1mAnalyzing  Execution Time: 0.002421

[0m   [0mAggregate  (cost=1615.81..1615.82 rows=1 width=0)
   ->  Index Scan using index_listings_on_id_and_user_id_and_title on listings  (cost=0.00..1615.79 rows=4 width=0)
         Index Cond: (user_id = 25563)
[0m
  [4;36;1mSQL (1.9ms)[0m   [0;1mSELECT count(*) AS count_all FROM "listings" WHERE ("listings".user_id = 25560) [0m
  [4;35;1mAnalyzing  Execution Time: 0.002159

[0m   [0mAggregate  (cost=1615.81..1615.82 rows=1 width=0)
   ->  Index Scan using index_listings_on_id_and_user_id_and_title on listings  (cost=0.00..1615.79 rows=4 width=0)
         Index Cond: (user_id = 25560)
[0m
  [4;36;1mSQL (2.5ms)[0m   [0;1mSELECT count(*) AS count_all FROM "listings" WHERE ("listings".user_id = 25436) [0m
  [4;35;1mAnalyzing  Execution Time: 0.002785

[0m   [0mAggregate  (cost=1615.81..1615.82 rows=1 width=0)
   ->  Index Scan using index_listings_on_id_and_user_id_and_title on listings  (cost=0.00..1615.79 rows=4 width=0)
         Index Cond: (user_id = 25436)
[0m
  [4;36;1mSQL (2.2ms)[0m   [0;1mSELECT count(*) AS count_all FROM "listings" WHERE ("listings".user_id = 25559) [0m
  [4;35;1mAnalyzing  Execution Time: 0.002383

[0m   [0mAggregate  (cost=1615.81..1615.82 rows=1 width=0)
   ->  Index Scan using index_listings_on_id_and_user_id_and_title on listings  (cost=0.00..1615.79 rows=4 width=0)
         Index Cond: (user_id = 25559)
[0m
  [4;36;1mSQL (2.1ms)[0m   [0;1mSELECT count(*) AS count_all FROM "listings" WHERE ("listings".user_id = 25558) [0m
  [4;35;1mAnalyzing  Execution Time: 0.002479

[0m   [0mAggregate  (cost=1615.81..1615.82 rows=1 width=0)
   ->  Index Scan using index_listings_on_id_and_user_id_and_title on listings  (cost=0.00..1615.79 rows=4 width=0)
         Index Cond: (user_id = 25558)
[0m
  [4;36;1mSQL (2.6ms)[0m   [0;1mSELECT count(*) AS count_all FROM "listings" WHERE ("listings".user_id = 25418) [0m
  [4;35;1mAnalyzing  Execution Time: 0.002835

[0m   [0mAggregate  (cost=1615.81..1615.82 rows=1 width=0)
   ->  Index Scan using index_listings_on_id_and_user_id_and_title on listings  (cost=0.00..1615.79 rows=4 width=0)
         Index Cond: (user_id = 25418)
[0m
  [4;36;1mSQL (2.3ms)[0m   [0;1mSELECT count(*) AS count_all FROM "listings" WHERE ("listings".user_id = 25557) [0m
  [4;35;1mAnalyzing  Execution Time: 0.002544

[0m   [0mAggregate  (cost=1615.81..1615.82 rows=1 width=0)
   ->  Index Scan using index_listings_on_id_and_user_id_and_title on listings  (cost=0.00..1615.79 rows=4 width=0)
         Index Cond: (user_id = 25557)
[0m
  [4;36;1mSQL (1.9ms)[0m   [0;1mSELECT count(*) AS count_all FROM "listings" WHERE ("listings".user_id = 25553) [0m
  [4;35;1mAnalyzing  Execution Time: 0.002139

[0m   [0mAggregate  (cost=1615.81..1615.82 rows=1 width=0)
   ->  Index Scan using index_listings_on_id_and_user_id_and_title on listings  (cost=0.00..1615.79 rows=4 width=0)
         Index Cond: (user_id = 25553)
[0m
  [4;36;1mSQL (2.0ms)[0m   [0;1mSELECT count(*) AS count_all FROM "listings" WHERE ("listings".user_id = 25358) [0m
  [4;35;1mAnalyzing  Execution Time: 0.002281

[0m   [0mAggregate  (cost=1615.81..1615.82 rows=1 width=0)
   ->  Index Scan using index_listings_on_id_and_user_id_and_title on listings  (cost=0.00..1615.79 rows=4 width=0)
         Index Cond: (user_id = 25358)
[0m
  [4;36;1mSQL (2.2ms)[0m   [0;1mSELECT count(*) AS count_all FROM "listings" WHERE ("listings".user_id = 25351) [0m
  [4;35;1mAnalyzing  Execution Time: 0.002468

[0m   [0mAggregate  (cost=1615.81..1615.82 rows=1 width=0)
   ->  Index Scan using index_listings_on_id_and_user_id_and_title on listings  (cost=0.00..1615.79 rows=4 width=0)
         Index Cond: (user_id = 25351)
[0m
  [4;36;1mSQL (2.3ms)[0m   [0;1mSELECT count(*) AS count_all FROM "listings" WHERE ("listings".user_id = 25548) [0m
  [4;35;1mAnalyzing  Execution Time: 0.002504

[0m   [0mAggregate  (cost=1615.81..1615.82 rows=1 width=0)
   ->  Index Scan using index_listings_on_id_and_user_id_and_title on listings  (cost=0.00..1615.79 rows=4 width=0)
         Index Cond: (user_id = 25548)
[0m
  [4;36;1mSQL (32.9ms)[0m   [0;1mSELECT count(*) AS count_all FROM "listings" WHERE ("listings".user_id = 25550) [0m
  [4;35;1mAnalyzing  Execution Time: 0.0332210000000001

[0m   [0mAggregate  (cost=1615.81..1615.82 rows=1 width=0)
   ->  Index Scan using index_listings_on_id_and_user_id_and_title on listings  (cost=0.00..1615.79 rows=4 width=0)
         Index Cond: (user_id = 25550)
[0m
  [4;36;1mSQL (1.9ms)[0m   [0;1mSELECT count(*) AS count_all FROM "listings" WHERE ("listings".user_id = 25407) [0m
  [4;35;1mAnalyzing  Execution Time: 0.002155

[0m   [0mAggregate  (cost=1615.81..1615.82 rows=1 width=0)
   ->  Index Scan using index_listings_on_id_and_user_id_and_title on listings  (cost=0.00..1615.79 rows=4 width=0)
         Index Cond: (user_id = 25407)
[0m
  [4;36;1mSQL (1.8ms)[0m   [0;1mSELECT count(*) AS count_all FROM "listings" WHERE ("listings".user_id = 25547) [0m
  [4;35;1mAnalyzing  Execution Time: 0.002111

[0m   [0mAggregate  (cost=1615.81..1615.82 rows=1 width=0)
   ->  Index Scan using index_listings_on_id_and_user_id_and_title on listings  (cost=0.00..1615.79 rows=4 width=0)
         Index Cond: (user_id = 25547)
[0m
  [4;36;1mSQL (2.3ms)[0m   [0;1mSELECT count(*) AS count_all FROM "listings" WHERE ("listings".user_id = 25371) [0m
  [4;35;1mAnalyzing  Execution Time: 0.002553

[0m   [0mAggregate  (cost=1615.81..1615.82 rows=1 width=0)
   ->  Index Scan using index_listings_on_id_and_user_id_and_title on listings  (cost=0.00..1615.79 rows=4 width=0)
         Index Cond: (user_id = 25371)
[0m
  [4;36;1mSQL (2.2ms)[0m   [0;1mSELECT count(*) AS count_all FROM "listings" WHERE ("listings".user_id = 25338) [0m
  [4;35;1mAnalyzing  Execution Time: 0.002444

[0m   [0mAggregate  (cost=1615.81..1615.82 rows=1 width=0)
   ->  Index Scan using index_listings_on_id_and_user_id_and_title on listings  (cost=0.00..1615.79 rows=4 width=0)
         Index Cond: (user_id = 25338)
[0m
  [4;36;1mSQL (2.3ms)[0m   [0;1mSELECT count(*) AS count_all FROM "listings" WHERE ("listings".user_id = 25527) [0m
  [4;35;1mAnalyzing  Execution Time: 0.002534

[0m   [0mAggregate  (cost=1615.81..1615.82 rows=1 width=0)
   ->  Index Scan using index_listings_on_id_and_user_id_and_title on listings  (cost=0.00..1615.79 rows=4 width=0)
         Index Cond: (user_id = 25527)
[0m
  [4;36;1mSQL (2.6ms)[0m   [0;1mSELECT count(*) AS count_all FROM "listings" WHERE ("listings".user_id = 25530) [0m
  [4;35;1mAnalyzing  Execution Time: 0.002896

[0m   [0mAggregate  (cost=1615.81..1615.82 rows=1 width=0)
   ->  Index Scan using index_listings_on_id_and_user_id_and_title on listings  (cost=0.00..1615.79 rows=4 width=0)
         Index Cond: (user_id = 25530)
[0m
  [4;36;1mSQL (3.3ms)[0m   [0;1mSELECT count(*) AS count_all FROM "listings" WHERE ("listings".user_id = 25531) [0m
  [4;35;1mAnalyzing  Execution Time: 0.003568

[0m   [0mAggregate  (cost=1615.81..1615.82 rows=1 width=0)
   ->  Index Scan using index_listings_on_id_and_user_id_and_title on listings  (cost=0.00..1615.79 rows=4 width=0)
         Index Cond: (user_id = 25531)
[0m
  [4;36;1mSQL (2.4ms)[0m   [0;1mSELECT count(*) AS count_all FROM "listings" WHERE ("listings".user_id = 25532) [0m
  [4;35;1mAnalyzing  Execution Time: 0.002639

[0m   [0mAggregate  (cost=1615.81..1615.82 rows=1 width=0)
   ->  Index Scan using index_listings_on_id_and_user_id_and_title on listings  (cost=0.00..1615.79 rows=4 width=0)
         Index Cond: (user_id = 25532)
[0m
  [4;36;1mSQL (2.4ms)[0m   [0;1mSELECT count(*) AS count_all FROM "listings" WHERE ("listings".user_id = 25533) [0m
  [4;35;1mAnalyzing  Execution Time: 0.00266

[0m   [0mAggregate  (cost=1615.81..1615.82 rows=1 width=0)
   ->  Index Scan using index_listings_on_id_and_user_id_and_title on listings  (cost=0.00..1615.79 rows=4 width=0)
         Index Cond: (user_id = 25533)
[0m
  [4;36;1mSQL (7.7ms)[0m   [0;1mSELECT count(*) AS count_all FROM "listings" WHERE ("listings".user_id = 25534) [0m
  [4;35;1mAnalyzing  Execution Time: 0.007991

[0m   [0mAggregate  (cost=1615.81..1615.82 rows=1 width=0)
   ->  Index Scan using index_listings_on_id_and_user_id_and_title on listings  (cost=0.00..1615.79 rows=4 width=0)
         Index Cond: (user_id = 25534)
[0m
  [4;36;1mSQL (1.9ms)[0m   [0;1mSELECT count(*) AS count_all FROM "listings" WHERE ("listings".user_id = 25535) [0m
  [4;35;1mAnalyzing  Execution Time: 0.002095

[0m   [0mAggregate  (cost=1615.81..1615.82 rows=1 width=0)
   ->  Index Scan using index_listings_on_id_and_user_id_and_title on listings  (cost=0.00..1615.79 rows=4 width=0)
         Index Cond: (user_id = 25535)
[0m
  [4;36;1mSQL (2.4ms)[0m   [0;1mSELECT count(*) AS count_all FROM "listings" WHERE ("listings".user_id = 25536) [0m
  [4;35;1mAnalyzing  Execution Time: 0.002731

[0m   [0mAggregate  (cost=1615.81..1615.82 rows=1 width=0)
   ->  Index Scan using index_listings_on_id_and_user_id_and_title on listings  (cost=0.00..1615.79 rows=4 width=0)
         Index Cond: (user_id = 25536)
[0m
  [4;36;1mSQL (22.2ms)[0m   [0;1mSELECT count(*) AS count_all FROM "listings" WHERE ("listings".user_id = 25538) [0m
  [4;35;1mAnalyzing  Execution Time: 0.022426

[0m   [0mAggregate  (cost=1615.81..1615.82 rows=1 width=0)
   ->  Index Scan using index_listings_on_id_and_user_id_and_title on listings  (cost=0.00..1615.79 rows=4 width=0)
         Index Cond: (user_id = 25538)
[0m
  [4;36;1mSQL (2.2ms)[0m   [0;1mSELECT count(*) AS count_all FROM "listings" WHERE ("listings".user_id = 25539) [0m
  [4;35;1mAnalyzing  Execution Time: 0.002535

[0m   [0mAggregate  (cost=1615.81..1615.82 rows=1 width=0)
   ->  Index Scan using index_listings_on_id_and_user_id_and_title on listings  (cost=0.00..1615.79 rows=4 width=0)
         Index Cond: (user_id = 25539)
[0m
  [4;36;1mSQL (2.0ms)[0m   [0;1mSELECT count(*) AS count_all FROM "listings" WHERE ("listings".user_id = 25540) [0m
  [4;35;1mAnalyzing  Execution Time: 0.002244

[0m   [0mAggregate  (cost=1615.81..1615.82 rows=1 width=0)
   ->  Index Scan using index_listings_on_id_and_user_id_and_title on listings  (cost=0.00..1615.79 rows=4 width=0)
         Index Cond: (user_id = 25540)
[0m
  [4;36;1mSQL (1.8ms)[0m   [0;1mSELECT count(*) AS count_all FROM "listings" WHERE ("listings".user_id = 25541) [0m
  [4;35;1mAnalyzing  Execution Time: 0.002083

[0m   [0mAggregate  (cost=1615.81..1615.82 rows=1 width=0)
   ->  Index Scan using index_listings_on_id_and_user_id_and_title on listings  (cost=0.00..1615.79 rows=4 width=0)
         Index Cond: (user_id = 25541)
[0m
  [4;36;1mSQL (2.2ms)[0m   [0;1mSELECT count(*) AS count_all FROM "listings" WHERE ("listings".user_id = 25542) [0m
  [4;35;1mAnalyzing  Execution Time: 0.00249

[0m   [0mAggregate  (cost=1615.81..1615.82 rows=1 width=0)
   ->  Index Scan using index_listings_on_id_and_user_id_and_title on listings  (cost=0.00..1615.79 rows=4 width=0)
         Index Cond: (user_id = 25542)
[0m
  [4;36;1mSQL (2.2ms)[0m   [0;1mSELECT count(*) AS count_all FROM "listings" WHERE ("listings".user_id = 25543) [0m
  [4;35;1mAnalyzing  Execution Time: 0.00246

[0m   [0mAggregate  (cost=1615.81..1615.82 rows=1 width=0)
   ->  Index Scan using index_listings_on_id_and_user_id_and_title on listings  (cost=0.00..1615.79 rows=4 width=0)
         Index Cond: (user_id = 25543)
[0m
  [4;36;1mSQL (2.3ms)[0m   [0;1mSELECT count(*) AS count_all FROM "listings" WHERE ("listings".user_id = 25544) [0m
  [4;35;1mAnalyzing  Execution Time: 0.002547

[0m   [0mAggregate  (cost=1615.81..1615.82 rows=1 width=0)
   ->  Index Scan using index_listings_on_id_and_user_id_and_title on listings  (cost=0.00..1615.79 rows=4 width=0)
         Index Cond: (user_id = 25544)
[0m
  [4;36;1mSQL (2.8ms)[0m   [0;1mSELECT count(*) AS count_all FROM "listings" WHERE ("listings".user_id = 25545) [0m
  [4;35;1mAnalyzing  Execution Time: 0.003038

[0m   [0mAggregate  (cost=1615.81..1615.82 rows=1 width=0)
   ->  Index Scan using index_listings_on_id_and_user_id_and_title on listings  (cost=0.00..1615.79 rows=4 width=0)
         Index Cond: (user_id = 25545)
[0m
  [4;36;1mSQL (3.0ms)[0m   [0;1mSELECT count(*) AS count_all FROM "listings" WHERE ("listings".user_id = 25546) [0m
  [4;35;1mAnalyzing  Execution Time: 0.003328

[0m   [0mAggregate  (cost=1615.81..1615.82 rows=1 width=0)
   ->  Index Scan using index_listings_on_id_and_user_id_and_title on listings  (cost=0.00..1615.79 rows=4 width=0)
         Index Cond: (user_id = 25546)
[0m
  [4;36;1mSQL (2.3ms)[0m   [0;1mSELECT count(*) AS count_all FROM "listings" WHERE ("listings".user_id = 25537) [0m
  [4;35;1mAnalyzing  Execution Time: 0.002549

[0m   [0mAggregate  (cost=1615.81..1615.82 rows=1 width=0)
   ->  Index Scan using index_listings_on_id_and_user_id_and_title on listings  (cost=0.00..1615.79 rows=4 width=0)
         Index Cond: (user_id = 25537)
[0m
  [4;36;1mSQL (4.7ms)[0m   [0;1mSELECT count(*) AS count_all FROM "listings" WHERE ("listings".user_id = 25526) [0m
  [4;35;1mAnalyzing  Execution Time: 0.005001

[0m   [0mAggregate  (cost=1615.81..1615.82 rows=1 width=0)
   ->  Index Scan using index_listings_on_id_and_user_id_and_title on listings  (cost=0.00..1615.79 rows=4 width=0)
         Index Cond: (user_id = 25526)
[0m
  [4;36;1mSQL (2.6ms)[0m   [0;1mSELECT count(*) AS count_all FROM "listings" WHERE ("listings".user_id = 25528) [0m
  [4;35;1mAnalyzing  Execution Time: 0.002852

[0m   [0mAggregate  (cost=1615.81..1615.82 rows=1 width=0)
   ->  Index Scan using index_listings_on_id_and_user_id_and_title on listings  (cost=0.00..1615.79 rows=4 width=0)
         Index Cond: (user_id = 25528)
[0m
  [4;36;1mSQL (2.2ms)[0m   [0;1mSELECT count(*) AS count_all FROM "listings" WHERE ("listings".user_id = 25529) [0m
  [4;35;1mAnalyzing  Execution Time: 0.002489

[0m   [0mAggregate  (cost=1615.81..1615.82 rows=1 width=0)
   ->  Index Scan using index_listings_on_id_and_user_id_and_title on listings  (cost=0.00..1615.79 rows=4 width=0)
         Index Cond: (user_id = 25529)
[0m
  [4;36;1mSQL (11.2ms)[0m   [0;1mSELECT count(*) AS count_all FROM "listings" WHERE ("listings".user_id = 25525) [0m
  [4;35;1mAnalyzing  Execution Time: 0.011496

[0m   [0mAggregate  (cost=1615.81..1615.82 rows=1 width=0)
   ->  Index Scan using index_listings_on_id_and_user_id_and_title on listings  (cost=0.00..1615.79 rows=4 width=0)
         Index Cond: (user_id = 25525)
[0m
  [4;36;1mSQL (2.3ms)[0m   [0;1mSELECT count(*) AS count_all FROM "listings" WHERE ("listings".user_id = 25505) [0m
  [4;35;1mAnalyzing  Execution Time: 0.00254

[0m   [0mAggregate  (cost=1615.81..1615.82 rows=1 width=0)
   ->  Index Scan using index_listings_on_id_and_user_id_and_title on listings  (cost=0.00..1615.79 rows=4 width=0)
         Index Cond: (user_id = 25505)
[0m
  [4;36;1mSQL (2.5ms)[0m   [0;1mSELECT count(*) AS count_all FROM "listings" WHERE ("listings".user_id = 25506) [0m
  [4;35;1mAnalyzing  Execution Time: 0.002781

[0m   [0mAggregate  (cost=1615.81..1615.82 rows=1 width=0)
   ->  Index Scan using index_listings_on_id_and_user_id_and_title on listings  (cost=0.00..1615.79 rows=4 width=0)
         Index Cond: (user_id = 25506)
[0m
  [4;36;1mSQL (1.9ms)[0m   [0;1mSELECT count(*) AS count_all FROM "listings" WHERE ("listings".user_id = 25507) [0m
  [4;35;1mAnalyzing  Execution Time: 0.002102

[0m   [0mAggregate  (cost=1615.81..1615.82 rows=1 width=0)
   ->  Index Scan using index_listings_on_id_and_user_id_and_title on listings  (cost=0.00..1615.79 rows=4 width=0)
         Index Cond: (user_id = 25507)
[0m
  [4;36;1mSQL (1.9ms)[0m   [0;1mSELECT count(*) AS count_all FROM "listings" WHERE ("listings".user_id = 25508) [0m
  [4;35;1mAnalyzing  Execution Time: 0.002134

[0m   [0mAggregate  (cost=1615.81..1615.82 rows=1 width=0)
   ->  Index Scan using index_listings_on_id_and_user_id_and_title on listings  (cost=0.00..1615.79 rows=4 width=0)
         Index Cond: (user_id = 25508)
[0m
  [4;36;1mSQL (2.0ms)[0m   [0;1mSELECT count(*) AS count_all FROM "listings" WHERE ("listings".user_id = 25509) [0m
  [4;35;1mAnalyzing  Execution Time: 0.002333

[0m   [0mAggregate  (cost=1615.81..1615.82 rows=1 width=0)
   ->  Index Scan using index_listings_on_id_and_user_id_and_title on listings  (cost=0.00..1615.79 rows=4 width=0)
         Index Cond: (user_id = 25509)
[0m
  [4;36;1mSQL (10.0ms)[0m   [0;1mSELECT count(*) AS count_all FROM "listings" WHERE ("listings".user_id = 25510) [0m
  [4;35;1mAnalyzing  Execution Time: 0.010293

[0m   [0mAggregate  (cost=1615.81..1615.82 rows=1 width=0)
   ->  Index Scan using index_listings_on_id_and_user_id_and_title on listings  (cost=0.00..1615.79 rows=4 width=0)
         Index Cond: (user_id = 25510)
[0m
  [4;36;1mSQL (1.9ms)[0m   [0;1mSELECT count(*) AS count_all FROM "listings" WHERE ("listings".user_id = 25511) [0m
  [4;35;1mAnalyzing  Execution Time: 0.002108

[0m   [0mAggregate  (cost=1615.81..1615.82 rows=1 width=0)
   ->  Index Scan using index_listings_on_id_and_user_id_and_title on listings  (cost=0.00..1615.79 rows=4 width=0)
         Index Cond: (user_id = 25511)
[0m
  [4;36;1mSQL (1.9ms)[0m   [0;1mSELECT count(*) AS count_all FROM "listings" WHERE ("listings".user_id = 25512) [0m
  [4;35;1mAnalyzing  Execution Time: 0.002208

[0m   [0mAggregate  (cost=1615.81..1615.82 rows=1 width=0)
   ->  Index Scan using index_listings_on_id_and_user_id_and_title on listings  (cost=0.00..1615.79 rows=4 width=0)
         Index Cond: (user_id = 25512)
[0m
  [4;36;1mSQL (1.9ms)[0m   [0;1mSELECT count(*) AS count_all FROM "listings" WHERE ("listings".user_id = 25513) [0m
  [4;35;1mAnalyzing  Execution Time: 0.002142

[0m   [0mAggregate  (cost=1615.81..1615.82 rows=1 width=0)
   ->  Index Scan using index_listings_on_id_and_user_id_and_title on listings  (cost=0.00..1615.79 rows=4 width=0)
         Index Cond: (user_id = 25513)
[0m
  [4;36;1mSQL (1.9ms)[0m   [0;1mSELECT count(*) AS count_all FROM "listings" WHERE ("listings".user_id = 25514) [0m
  [4;35;1mAnalyzing  Execution Time: 0.002216

[0m   [0mAggregate  (cost=1615.81..1615.82 rows=1 width=0)
   ->  Index Scan using index_listings_on_id_and_user_id_and_title on listings  (cost=0.00..1615.79 rows=4 width=0)
         Index Cond: (user_id = 25514)
[0m
  [4;36;1mSQL (2.1ms)[0m   [0;1mSELECT count(*) AS count_all FROM "listings" WHERE ("listings".user_id = 25515) [0m
  [4;35;1mAnalyzing  Execution Time: 0.002396

[0m   [0mAggregate  (cost=1615.81..1615.82 rows=1 width=0)
   ->  Index Scan using index_listings_on_id_and_user_id_and_title on listings  (cost=0.00..1615.79 rows=4 width=0)
         Index Cond: (user_id = 25515)
[0m
  [4;36;1mSQL (4.8ms)[0m   [0;1mSELECT count(*) AS count_all FROM "listings" WHERE ("listings".user_id = 25516) [0m
  [4;35;1mAnalyzing  Execution Time: 0.005042

[0m   [0mAggregate  (cost=1615.81..1615.82 rows=1 width=0)
   ->  Index Scan using index_listings_on_id_and_user_id_and_title on listings  (cost=0.00..1615.79 rows=4 width=0)
         Index Cond: (user_id = 25516)
[0m
  [4;36;1mSQL (2.6ms)[0m   [0;1mSELECT count(*) AS count_all FROM "listings" WHERE ("listings".user_id = 25517) [0m
  [4;35;1mAnalyzing  Execution Time: 0.002852

[0m   [0mAggregate  (cost=1615.81..1615.82 rows=1 width=0)
   ->  Index Scan using index_listings_on_id_and_user_id_and_title on listings  (cost=0.00..1615.79 rows=4 width=0)
         Index Cond: (user_id = 25517)
[0m
  [4;36;1mSQL (1.9ms)[0m   [0;1mSELECT count(*) AS count_all FROM "listings" WHERE ("listings".user_id = 25518) [0m
  [4;35;1mAnalyzing  Execution Time: 0.002151

[0m   [0mAggregate  (cost=1615.81..1615.82 rows=1 width=0)
   ->  Index Scan using index_listings_on_id_and_user_id_and_title on listings  (cost=0.00..1615.79 rows=4 width=0)
         Index Cond: (user_id = 25518)
[0m
  [4;36;1mSQL (1.9ms)[0m   [0;1mSELECT count(*) AS count_all FROM "listings" WHERE ("listings".user_id = 25519) [0m
  [4;35;1mAnalyzing  Execution Time: 0.002112

[0m   [0mAggregate  (cost=1615.81..1615.82 rows=1 width=0)
   ->  Index Scan using index_listings_on_id_and_user_id_and_title on listings  (cost=0.00..1615.79 rows=4 width=0)
         Index Cond: (user_id = 25519)
[0m
  [4;36;1mSQL (2.5ms)[0m   [0;1mSELECT count(*) AS count_all FROM "listings" WHERE ("listings".user_id = 25520) [0m
  [4;35;1mAnalyzing  Execution Time: 0.002836

[0m   [0mAggregate  (cost=1615.81..1615.82 rows=1 width=0)
   ->  Index Scan using index_listings_on_id_and_user_id_and_title on listings  (cost=0.00..1615.79 rows=4 width=0)
         Index Cond: (user_id = 25520)
[0m
  [4;36;1mSQL (2.6ms)[0m   [0;1mSELECT count(*) AS count_all FROM "listings" WHERE ("listings".user_id = 25521) [0m
  [4;35;1mAnalyzing  Execution Time: 0.002927

[0m   [0mAggregate  (cost=1615.81..1615.82 rows=1 width=0)
   ->  Index Scan using index_listings_on_id_and_user_id_and_title on listings  (cost=0.00..1615.79 rows=4 width=0)
         Index Cond: (user_id = 25521)
[0m
  [4;36;1mSQL (2.3ms)[0m   [0;1mSELECT count(*) AS count_all FROM "listings" WHERE ("listings".user_id = 25522) [0m
  [4;35;1mAnalyzing  Execution Time: 0.002527

[0m   [0mAggregate  (cost=1615.81..1615.82 rows=1 width=0)
   ->  Index Scan using index_listings_on_id_and_user_id_and_title on listings  (cost=0.00..1615.79 rows=4 width=0)
         Index Cond: (user_id = 25522)
[0m
  [4;36;1mSQL (1.9ms)[0m   [0;1mSELECT count(*) AS count_all FROM "listings" WHERE ("listings".user_id = 25524) [0m
  [4;35;1mAnalyzing  Execution Time: 0.00217

[0m   [0mAggregate  (cost=1615.81..1615.82 rows=1 width=0)
   ->  Index Scan using index_listings_on_id_and_user_id_and_title on listings  (cost=0.00..1615.79 rows=4 width=0)
         Index Cond: (user_id = 25524)
[0m
  [4;36;1mSQL (2.7ms)[0m   [0;1mSELECT count(*) AS count_all FROM "listings" WHERE ("listings".user_id = 25523) [0m
  [4;35;1mAnalyzing  Execution Time: 0.002972

[0m   [0mAggregate  (cost=1615.81..1615.82 rows=1 width=0)
   ->  Index Scan using index_listings_on_id_and_user_id_and_title on listings  (cost=0.00..1615.79 rows=4 width=0)
         Index Cond: (user_id = 25523)
[0m
  [4;36;1mSQL (2.2ms)[0m   [0;1mSELECT count(*) AS count_all FROM "listings" WHERE ("listings".user_id = 25415) [0m
  [4;35;1mAnalyzing  Execution Time: 0.002446

[0m   [0mAggregate  (cost=1615.81..1615.82 rows=1 width=0)
   ->  Index Scan using index_listings_on_id_and_user_id_and_title on listings  (cost=0.00..1615.79 rows=4 width=0)
         Index Cond: (user_id = 25415)
[0m
  [4;36;1mSQL (2.0ms)[0m   [0;1mSELECT count(*) AS count_all FROM "listings" WHERE ("listings".user_id = 25504) [0m
  [4;35;1mAnalyzing  Execution Time: 0.002301

[0m   [0mAggregate  (cost=1615.81..1615.82 rows=1 width=0)
   ->  Index Scan using index_listings_on_id_and_user_id_and_title on listings  (cost=0.00..1615.79 rows=4 width=0)
         Index Cond: (user_id = 25504)
[0m
  [4;36;1mSQL (3.1ms)[0m   [0;1mSELECT count(*) AS count_all FROM "listings" WHERE ("listings".user_id = 25503) [0m
  [4;35;1mAnalyzing  Execution Time: 0.003423

[0m   [0mAggregate  (cost=1615.81..1615.82 rows=1 width=0)
   ->  Index Scan using index_listings_on_id_and_user_id_and_title on listings  (cost=0.00..1615.79 rows=4 width=0)
         Index Cond: (user_id = 25503)
[0m
  [4;36;1mSQL (2.2ms)[0m   [0;1mSELECT count(*) AS count_all FROM "listings" WHERE ("listings".user_id = 25501) [0m
  [4;35;1mAnalyzing  Execution Time: 0.002438

[0m   [0mAggregate  (cost=1615.81..1615.82 rows=1 width=0)
   ->  Index Scan using index_listings_on_id_and_user_id_and_title on listings  (cost=0.00..1615.79 rows=4 width=0)
         Index Cond: (user_id = 25501)
[0m
  [4;36;1mSQL (8.6ms)[0m   [0;1mSELECT count(*) AS count_all FROM "listings" WHERE ("listings".user_id = 25502) [0m
  [4;35;1mAnalyzing  Execution Time: 0.008838

[0m   [0mAggregate  (cost=1615.81..1615.82 rows=1 width=0)
   ->  Index Scan using index_listings_on_id_and_user_id_and_title on listings  (cost=0.00..1615.79 rows=4 width=0)
         Index Cond: (user_id = 25502)
[0m
  [4;36;1mSQL (2.8ms)[0m   [0;1mSELECT count(*) AS count_all FROM "listings" WHERE ("listings".user_id = 25500) [0m
  [4;35;1mAnalyzing  Execution Time: 0.003052

[0m   [0mAggregate  (cost=1615.81..1615.82 rows=1 width=0)
   ->  Index Scan using index_listings_on_id_and_user_id_and_title on listings  (cost=0.00..1615.79 rows=4 width=0)
         Index Cond: (user_id = 25500)
[0m
  [4;36;1mSQL (10.2ms)[0m   [0;1mSELECT count(*) AS count_all FROM "listings" WHERE ("listings".user_id = 25495) [0m
  [4;35;1mAnalyzing  Execution Time: 0.01054

[0m   [0mAggregate  (cost=1615.81..1615.82 rows=1 width=0)
   ->  Index Scan using index_listings_on_id_and_user_id_and_title on listings  (cost=0.00..1615.79 rows=4 width=0)
         Index Cond: (user_id = 25495)
[0m
  [4;36;1mSQL (3.1ms)[0m   [0;1mSELECT count(*) AS count_all FROM "listings" WHERE ("listings".user_id = 25496) [0m
  [4;35;1mAnalyzing  Execution Time: 0.003439

[0m   [0mAggregate  (cost=1615.81..1615.82 rows=1 width=0)
   ->  Index Scan using index_listings_on_id_and_user_id_and_title on listings  (cost=0.00..1615.79 rows=4 width=0)
         Index Cond: (user_id = 25496)
[0m
  [4;36;1mSQL (2.3ms)[0m   [0;1mSELECT count(*) AS count_all FROM "listings" WHERE ("listings".user_id = 25497) [0m
  [4;35;1mAnalyzing  Execution Time: 0.002672

[0m   [0mAggregate  (cost=1615.81..1615.82 rows=1 width=0)
   ->  Index Scan using index_listings_on_id_and_user_id_and_title on listings  (cost=0.00..1615.79 rows=4 width=0)
         Index Cond: (user_id = 25497)
[0m
  [4;36;1mSQL (31.7ms)[0m   [0;1mSELECT count(*) AS count_all FROM "listings" WHERE ("listings".user_id = 25498) [0m
  [4;35;1mAnalyzing  Execution Time: 0.031966

[0m   [0mAggregate  (cost=1615.81..1615.82 rows=1 width=0)
   ->  Index Scan using index_listings_on_id_and_user_id_and_title on listings  (cost=0.00..1615.79 rows=4 width=0)
         Index Cond: (user_id = 25498)
[0m
  [4;36;1mSQL (2.8ms)[0m   [0;1mSELECT count(*) AS count_all FROM "listings" WHERE ("listings".user_id = 25499) [0m
  [4;35;1mAnalyzing  Execution Time: 0.003141

[0m   [0mAggregate  (cost=1615.81..1615.82 rows=1 width=0)
   ->  Index Scan using index_listings_on_id_and_user_id_and_title on listings  (cost=0.00..1615.79 rows=4 width=0)
         Index Cond: (user_id = 25499)
[0m
  [4;36;1mSQL (2.8ms)[0m   [0;1mSELECT count(*) AS count_all FROM "listings" WHERE ("listings".user_id = 25483) [0m
  [4;35;1mAnalyzing  Execution Time: 0.003047

[0m   [0mAggregate  (cost=1615.81..1615.82 rows=1 width=0)
   ->  Index Scan using index_listings_on_id_and_user_id_and_title on listings  (cost=0.00..1615.79 rows=4 width=0)
         Index Cond: (user_id = 25483)
[0m
  [4;36;1mSQL (3.2ms)[0m   [0;1mSELECT count(*) AS count_all FROM "listings" WHERE ("listings".user_id = 25484) [0m
  [4;35;1mAnalyzing  Execution Time: 0.003618

[0m   [0mAggregate  (cost=1615.81..1615.82 rows=1 width=0)
   ->  Index Scan using index_listings_on_id_and_user_id_and_title on listings  (cost=0.00..1615.79 rows=4 width=0)
         Index Cond: (user_id = 25484)
[0m
  [4;36;1mSQL (10.9ms)[0m   [0;1mSELECT count(*) AS count_all FROM "listings" WHERE ("listings".user_id = 25485) [0m
  [4;35;1mAnalyzing  Execution Time: 0.011255

[0m   [0mAggregate  (cost=1615.81..1615.82 rows=1 width=0)
   ->  Index Scan using index_listings_on_id_and_user_id_and_title on listings  (cost=0.00..1615.79 rows=4 width=0)
         Index Cond: (user_id = 25485)
[0m
  [4;36;1mSQL (4.4ms)[0m   [0;1mSELECT count(*) AS count_all FROM "listings" WHERE ("listings".user_id = 25486) [0m
  [4;35;1mAnalyzing  Execution Time: 0.004728

[0m   [0mAggregate  (cost=1615.81..1615.82 rows=1 width=0)
   ->  Index Scan using index_listings_on_id_and_user_id_and_title on listings  (cost=0.00..1615.79 rows=4 width=0)
         Index Cond: (user_id = 25486)
[0m
  [4;36;1mSQL (1.9ms)[0m   [0;1mSELECT count(*) AS count_all FROM "listings" WHERE ("listings".user_id = 25487) [0m
  [4;35;1mAnalyzing  Execution Time: 0.002159

[0m   [0mAggregate  (cost=1615.81..1615.82 rows=1 width=0)
   ->  Index Scan using index_listings_on_id_and_user_id_and_title on listings  (cost=0.00..1615.79 rows=4 width=0)
         Index Cond: (user_id = 25487)
[0m
  [4;36;1mSQL (1.8ms)[0m   [0;1mSELECT count(*) AS count_all FROM "listings" WHERE ("listings".user_id = 25488) [0m
  [4;35;1mAnalyzing  Execution Time: 0.002107

[0m   [0mAggregate  (cost=1615.81..1615.82 rows=1 width=0)
   ->  Index Scan using index_listings_on_id_and_user_id_and_title on listings  (cost=0.00..1615.79 rows=4 width=0)
         Index Cond: (user_id = 25488)
[0m
  [4;36;1mSQL (2.3ms)[0m   [0;1mSELECT count(*) AS count_all FROM "listings" WHERE ("listings".user_id = 25489) [0m
  [4;35;1mAnalyzing  Execution Time: 0.002556

[0m   [0mAggregate  (cost=1615.81..1615.82 rows=1 width=0)
   ->  Index Scan using index_listings_on_id_and_user_id_and_title on listings  (cost=0.00..1615.79 rows=4 width=0)
         Index Cond: (user_id = 25489)
[0m
  [4;36;1mSQL (2.0ms)[0m   [0;1mSELECT count(*) AS count_all FROM "listings" WHERE ("listings".user_id = 25490) [0m
  [4;35;1mAnalyzing  Execution Time: 0.002401

[0m   [0mAggregate  (cost=1615.81..1615.82 rows=1 width=0)
   ->  Index Scan using index_listings_on_id_and_user_id_and_title on listings  (cost=0.00..1615.79 rows=4 width=0)
         Index Cond: (user_id = 25490)
[0m
  [4;36;1mSQL (1.9ms)[0m   [0;1mSELECT count(*) AS count_all FROM "listings" WHERE ("listings".user_id = 25491) [0m
  [4;35;1mAnalyzing  Execution Time: 0.002109

[0m   [0mAggregate  (cost=1615.81..1615.82 rows=1 width=0)
   ->  Index Scan using index_listings_on_id_and_user_id_and_title on listings  (cost=0.00..1615.79 rows=4 width=0)
         Index Cond: (user_id = 25491)
[0m
  [4;36;1mSQL (1.9ms)[0m   [0;1mSELECT count(*) AS count_all FROM "listings" WHERE ("listings".user_id = 25492) [0m
  [4;35;1mAnalyzing  Execution Time: 0.002267

[0m   [0mAggregate  (cost=1615.81..1615.82 rows=1 width=0)
   ->  Index Scan using index_listings_on_id_and_user_id_and_title on listings  (cost=0.00..1615.79 rows=4 width=0)
         Index Cond: (user_id = 25492)
[0m
  [4;36;1mSQL (2.6ms)[0m   [0;1mSELECT count(*) AS count_all FROM "listings" WHERE ("listings".user_id = 25493) [0m
  [4;35;1mAnalyzing  Execution Time: 0.002895

[0m   [0mAggregate  (cost=1615.81..1615.82 rows=1 width=0)
   ->  Index Scan using index_listings_on_id_and_user_id_and_title on listings  (cost=0.00..1615.79 rows=4 width=0)
         Index Cond: (user_id = 25493)
[0m
  [4;36;1mSQL (2.3ms)[0m   [0;1mSELECT count(*) AS count_all FROM "listings" WHERE ("listings".user_id = 25494) [0m
  [4;35;1mAnalyzing  Execution Time: 0.002512

[0m   [0mAggregate  (cost=1615.81..1615.82 rows=1 width=0)
   ->  Index Scan using index_listings_on_id_and_user_id_and_title on listings  (cost=0.00..1615.79 rows=4 width=0)
         Index Cond: (user_id = 25494)
[0m
  [4;36;1mSQL (2.7ms)[0m   [0;1mSELECT count(*) AS count_all FROM "listings" WHERE ("listings".user_id = 25482) [0m
  [4;35;1mAnalyzing  Execution Time: 0.003011

[0m   [0mAggregate  (cost=1615.81..1615.82 rows=1 width=0)
   ->  Index Scan using index_listings_on_id_and_user_id_and_title on listings  (cost=0.00..1615.79 rows=4 width=0)
         Index Cond: (user_id = 25482)
[0m
  [4;36;1mSQL (2.4ms)[0m   [0;1mSELECT count(*) AS count_all FROM "listings" WHERE ("listings".user_id = 25480) [0m
  [4;35;1mAnalyzing  Execution Time: 0.002679

[0m   [0mAggregate  (cost=1615.81..1615.82 rows=1 width=0)
   ->  Index Scan using index_listings_on_id_and_user_id_and_title on listings  (cost=0.00..1615.79 rows=4 width=0)
         Index Cond: (user_id = 25480)
[0m
  [4;36;1mSQL (2.1ms)[0m   [0;1mSELECT count(*) AS count_all FROM "listings" WHERE ("listings".user_id = 25481) [0m
  [4;35;1mAnalyzing  Execution Time: 0.002333

[0m   [0mAggregate  (cost=1615.81..1615.82 rows=1 width=0)
   ->  Index Scan using index_listings_on_id_and_user_id_and_title on listings  (cost=0.00..1615.79 rows=4 width=0)
         Index Cond: (user_id = 25481)
[0m
  [4;36;1mSQL (2.3ms)[0m   [0;1mSELECT count(*) AS count_all FROM "listings" WHERE ("listings".user_id = 25477) [0m
  [4;35;1mAnalyzing  Execution Time: 0.002574

[0m   [0mAggregate  (cost=1615.81..1615.82 rows=1 width=0)
   ->  Index Scan using index_listings_on_id_and_user_id_and_title on listings  (cost=0.00..1615.79 rows=4 width=0)
         Index Cond: (user_id = 25477)
[0m
  [4;36;1mSQL (2.6ms)[0m   [0;1mSELECT count(*) AS count_all FROM "listings" WHERE ("listings".user_id = 25478) [0m
  [4;35;1mAnalyzing  Execution Time: 0.00293

[0m   [0mAggregate  (cost=1615.81..1615.82 rows=1 width=0)
   ->  Index Scan using index_listings_on_id_and_user_id_and_title on listings  (cost=0.00..1615.79 rows=4 width=0)
         Index Cond: (user_id = 25478)
[0m
  [4;36;1mSQL (1.9ms)[0m   [0;1mSELECT count(*) AS count_all FROM "listings" WHERE ("listings".user_id = 25479) [0m
  [4;35;1mAnalyzing  Execution Time: 0.002143

[0m   [0mAggregate  (cost=1615.81..1615.82 rows=1 width=0)
   ->  Index Scan using index_listings_on_id_and_user_id_and_title on listings  (cost=0.00..1615.79 rows=4 width=0)
         Index Cond: (user_id = 25479)
[0m
  [4;36;1mSQL (1.8ms)[0m   [0;1mSELECT count(*) AS count_all FROM "listings" WHERE ("listings".user_id = 25471) [0m
  [4;35;1mAnalyzing  Execution Time: 0.002126

[0m   [0mAggregate  (cost=1615.81..1615.82 rows=1 width=0)
   ->  Index Scan using index_listings_on_id_and_user_id_and_title on listings  (cost=0.00..1615.79 rows=4 width=0)
         Index Cond: (user_id = 25471)
[0m
  [4;36;1mSQL (1.9ms)[0m   [0;1mSELECT count(*) AS count_all FROM "listings" WHERE ("listings".user_id = 25472) [0m
  [4;35;1mAnalyzing  Execution Time: 0.002198

[0m   [0mAggregate  (cost=1615.81..1615.82 rows=1 width=0)
   ->  Index Scan using index_listings_on_id_and_user_id_and_title on listings  (cost=0.00..1615.79 rows=4 width=0)
         Index Cond: (user_id = 25472)
[0m
  [4;36;1mSQL (2.6ms)[0m   [0;1mSELECT count(*) AS count_all FROM "listings" WHERE ("listings".user_id = 25473) [0m
  [4;35;1mAnalyzing  Execution Time: 0.002821

[0m   [0mAggregate  (cost=1615.81..1615.82 rows=1 width=0)
   ->  Index Scan using index_listings_on_id_and_user_id_and_title on listings  (cost=0.00..1615.79 rows=4 width=0)
         Index Cond: (user_id = 25473)
[0m
  [4;36;1mSQL (1.8ms)[0m   [0;1mSELECT count(*) AS count_all FROM "listings" WHERE ("listings".user_id = 25474) [0m
  [4;35;1mAnalyzing  Execution Time: 0.002098

[0m   [0mAggregate  (cost=1615.81..1615.82 rows=1 width=0)
   ->  Index Scan using index_listings_on_id_and_user_id_and_title on listings  (cost=0.00..1615.79 rows=4 width=0)
         Index Cond: (user_id = 25474)
[0m
  [4;36;1mSQL (1.9ms)[0m   [0;1mSELECT count(*) AS count_all FROM "listings" WHERE ("listings".user_id = 25475) [0m
  [4;35;1mAnalyzing  Execution Time: 0.002226

[0m   [0mAggregate  (cost=1615.81..1615.82 rows=1 width=0)
   ->  Index Scan using index_listings_on_id_and_user_id_and_title on listings  (cost=0.00..1615.79 rows=4 width=0)
         Index Cond: (user_id = 25475)
[0m
  [4;36;1mSQL (2.4ms)[0m   [0;1mSELECT count(*) AS count_all FROM "listings" WHERE ("listings".user_id = 25476) [0m
  [4;35;1mAnalyzing  Execution Time: 0.00271

[0m   [0mAggregate  (cost=1615.81..1615.82 rows=1 width=0)
   ->  Index Scan using index_listings_on_id_and_user_id_and_title on listings  (cost=0.00..1615.79 rows=4 width=0)
         Index Cond: (user_id = 25476)
[0m
  [4;36;1mSQL (2.1ms)[0m   [0;1mSELECT count(*) AS count_all FROM "listings" WHERE ("listings".user_id = 25462) [0m
  [4;35;1mAnalyzing  Execution Time: 0.002332

[0m   [0mAggregate  (cost=1615.81..1615.82 rows=1 width=0)
   ->  Index Scan using index_listings_on_id_and_user_id_and_title on listings  (cost=0.00..1615.79 rows=4 width=0)
         Index Cond: (user_id = 25462)
[0m
  [4;36;1mSQL (3.2ms)[0m   [0;1mSELECT count(*) AS count_all FROM "listings" WHERE ("listings".user_id = 25463) [0m
  [4;35;1mAnalyzing  Execution Time: 0.003443

[0m   [0mAggregate  (cost=1615.81..1615.82 rows=1 width=0)
   ->  Index Scan using index_listings_on_id_and_user_id_and_title on listings  (cost=0.00..1615.79 rows=4 width=0)
         Index Cond: (user_id = 25463)
[0m
  [4;36;1mSQL (2.3ms)[0m   [0;1mSELECT count(*) AS count_all FROM "listings" WHERE ("listings".user_id = 25464) [0m
  [4;35;1mAnalyzing  Execution Time: 0.002598

[0m   [0mAggregate  (cost=1615.81..1615.82 rows=1 width=0)
   ->  Index Scan using index_listings_on_id_and_user_id_and_title on listings  (cost=0.00..1615.79 rows=4 width=0)
         Index Cond: (user_id = 25464)
[0m
  [4;36;1mSQL (2.1ms)[0m   [0;1mSELECT count(*) AS count_all FROM "listings" WHERE ("listings".user_id = 25465) [0m
  [4;35;1mAnalyzing  Execution Time: 0.002325

[0m   [0mAggregate  (cost=1615.81..1615.82 rows=1 width=0)
   ->  Index Scan using index_listings_on_id_and_user_id_and_title on listings  (cost=0.00..1615.79 rows=4 width=0)
         Index Cond: (user_id = 25465)
[0m
  [4;36;1mSQL (2.4ms)[0m   [0;1mSELECT count(*) AS count_all FROM "listings" WHERE ("listings".user_id = 25466) [0m
  [4;35;1mAnalyzing  Execution Time: 0.00273

[0m   [0mAggregate  (cost=1615.81..1615.82 rows=1 width=0)
   ->  Index Scan using index_listings_on_id_and_user_id_and_title on listings  (cost=0.00..1615.79 rows=4 width=0)
         Index Cond: (user_id = 25466)
[0m
  [4;36;1mSQL (2.6ms)[0m   [0;1mSELECT count(*) AS count_all FROM "listings" WHERE ("listings".user_id = 25467) [0m
  [4;35;1mAnalyzing  Execution Time: 0.002907

[0m   [0mAggregate  (cost=1615.81..1615.82 rows=1 width=0)
   ->  Index Scan using index_listings_on_id_and_user_id_and_title on listings  (cost=0.00..1615.79 rows=4 width=0)
         Index Cond: (user_id = 25467)
[0m
  [4;36;1mSQL (1.8ms)[0m   [0;1mSELECT count(*) AS count_all FROM "listings" WHERE ("listings".user_id = 25469) [0m
  [4;35;1mAnalyzing  Execution Time: 0.002089

[0m   [0mAggregate  (cost=1615.81..1615.82 rows=1 width=0)
   ->  Index Scan using index_listings_on_id_and_user_id_and_title on listings  (cost=0.00..1615.79 rows=4 width=0)
         Index Cond: (user_id = 25469)
[0m
  [4;36;1mSQL (3.0ms)[0m   [0;1mSELECT count(*) AS count_all FROM "listings" WHERE ("listings".user_id = 25470) [0m
  [4;35;1mAnalyzing  Execution Time: 0.140173

[0m   [0mAggregate  (cost=1615.81..1615.82 rows=1 width=0)
   ->  Index Scan using index_listings_on_id_and_user_id_and_title on listings  (cost=0.00..1615.79 rows=4 width=0)
         Index Cond: (user_id = 25470)
[0m
  [4;36;1mSQL (1.9ms)[0m   [0;1mSELECT count(*) AS count_all FROM "listings" WHERE ("listings".user_id = 25468) [0m
  [4;35;1mAnalyzing  Execution Time: 0.002309

[0m   [0mAggregate  (cost=1615.81..1615.82 rows=1 width=0)
   ->  Index Scan using index_listings_on_id_and_user_id_and_title on listings  (cost=0.00..1615.79 rows=4 width=0)
         Index Cond: (user_id = 25468)
[0m
  [4;36;1mSQL (1.9ms)[0m   [0;1mSELECT count(*) AS count_all FROM "listings" WHERE ("listings".user_id = 25445) [0m
  [4;35;1mAnalyzing  Execution Time: 0.002108

[0m   [0mAggregate  (cost=1615.81..1615.82 rows=1 width=0)
   ->  Index Scan using index_listings_on_id_and_user_id_and_title on listings  (cost=0.00..1615.79 rows=4 width=0)
         Index Cond: (user_id = 25445)
[0m
  [4;36;1mSQL (2.8ms)[0m   [0;1mSELECT count(*) AS count_all FROM "listings" WHERE ("listings".user_id = 25447) [0m
  [4;35;1mAnalyzing  Execution Time: 0.003059

[0m   [0mAggregate  (cost=1615.81..1615.82 rows=1 width=0)
   ->  Index Scan using index_listings_on_id_and_user_id_and_title on listings  (cost=0.00..1615.79 rows=4 width=0)
         Index Cond: (user_id = 25447)
[0m
  [4;36;1mSQL (2.0ms)[0m   [0;1mSELECT count(*) AS count_all FROM "listings" WHERE ("listings".user_id = 25448) [0m
  [4;35;1mAnalyzing  Execution Time: 0.002276

[0m   [0mAggregate  (cost=1615.81..1615.82 rows=1 width=0)
   ->  Index Scan using index_listings_on_id_and_user_id_and_title on listings  (cost=0.00..1615.79 rows=4 width=0)
         Index Cond: (user_id = 25448)
[0m
  [4;36;1mSQL (1.8ms)[0m   [0;1mSELECT count(*) AS count_all FROM "listings" WHERE ("listings".user_id = 25449) [0m
  [4;35;1mAnalyzing  Execution Time: 0.002089

[0m   [0mAggregate  (cost=1615.81..1615.82 rows=1 width=0)
   ->  Index Scan using index_listings_on_id_and_user_id_and_title on listings  (cost=0.00..1615.79 rows=4 width=0)
         Index Cond: (user_id = 25449)
[0m
  [4;36;1mSQL (2.0ms)[0m   [0;1mSELECT count(*) AS count_all FROM "listings" WHERE ("listings".user_id = 25450) [0m
  [4;35;1mAnalyzing  Execution Time: 0.002209

[0m   [0mAggregate  (cost=1615.81..1615.82 rows=1 width=0)
   ->  Index Scan using index_listings_on_id_and_user_id_and_title on listings  (cost=0.00..1615.79 rows=4 width=0)
         Index Cond: (user_id = 25450)
[0m
  [4;36;1mSQL (2.0ms)[0m   [0;1mSELECT count(*) AS count_all FROM "listings" WHERE ("listings".user_id = 25451) [0m
  [4;35;1mAnalyzing  Execution Time: 0.002252

[0m   [0mAggregate  (cost=1615.81..1615.82 rows=1 width=0)
   ->  Index Scan using index_listings_on_id_and_user_id_and_title on listings  (cost=0.00..1615.79 rows=4 width=0)
         Index Cond: (user_id = 25451)
[0m
  [4;36;1mSQL (1.9ms)[0m   [0;1mSELECT count(*) AS count_all FROM "listings" WHERE ("listings".user_id = 25452) [0m
  [4;35;1mAnalyzing  Execution Time: 0.002145

[0m   [0mAggregate  (cost=1615.81..1615.82 rows=1 width=0)
   ->  Index Scan using index_listings_on_id_and_user_id_and_title on listings  (cost=0.00..1615.79 rows=4 width=0)
         Index Cond: (user_id = 25452)
[0m
  [4;36;1mSQL (2.2ms)[0m   [0;1mSELECT count(*) AS count_all FROM "listings" WHERE ("listings".user_id = 25453) [0m
  [4;35;1mAnalyzing  Execution Time: 0.002469

[0m   [0mAggregate  (cost=1615.81..1615.82 rows=1 width=0)
   ->  Index Scan using index_listings_on_id_and_user_id_and_title on listings  (cost=0.00..1615.79 rows=4 width=0)
         Index Cond: (user_id = 25453)
[0m
  [4;36;1mSQL (2.7ms)[0m   [0;1mSELECT count(*) AS count_all FROM "listings" WHERE ("listings".user_id = 25454) [0m
  [4;35;1mAnalyzing  Execution Time: 0.003032

[0m   [0mAggregate  (cost=1615.81..1615.82 rows=1 width=0)
   ->  Index Scan using index_listings_on_id_and_user_id_and_title on listings  (cost=0.00..1615.79 rows=4 width=0)
         Index Cond: (user_id = 25454)
[0m
  [4;36;1mSQL (2.2ms)[0m   [0;1mSELECT count(*) AS count_all FROM "listings" WHERE ("listings".user_id = 25455) [0m
  [4;35;1mAnalyzing  Execution Time: 0.002463

[0m   [0mAggregate  (cost=1615.81..1615.82 rows=1 width=0)
   ->  Index Scan using index_listings_on_id_and_user_id_and_title on listings  (cost=0.00..1615.79 rows=4 width=0)
         Index Cond: (user_id = 25455)
[0m
  [4;36;1mSQL (2.6ms)[0m   [0;1mSELECT count(*) AS count_all FROM "listings" WHERE ("listings".user_id = 25456) [0m
  [4;35;1mAnalyzing  Execution Time: 0.00285

[0m   [0mAggregate  (cost=1615.81..1615.82 rows=1 width=0)
   ->  Index Scan using index_listings_on_id_and_user_id_and_title on listings  (cost=0.00..1615.79 rows=4 width=0)
         Index Cond: (user_id = 25456)
[0m
  [4;36;1mSQL (2.5ms)[0m   [0;1mSELECT count(*) AS count_all FROM "listings" WHERE ("listings".user_id = 25457) [0m
  [4;35;1mAnalyzing  Execution Time: 0.002776

[0m   [0mAggregate  (cost=1615.81..1615.82 rows=1 width=0)
   ->  Index Scan using index_listings_on_id_and_user_id_and_title on listings  (cost=0.00..1615.79 rows=4 width=0)
         Index Cond: (user_id = 25457)
[0m
  [4;36;1mSQL (1.8ms)[0m   [0;1mSELECT count(*) AS count_all FROM "listings" WHERE ("listings".user_id = 25458) [0m
  [4;35;1mAnalyzing  Execution Time: 0.002047

[0m   [0mAggregate  (cost=1615.81..1615.82 rows=1 width=0)
   ->  Index Scan using index_listings_on_id_and_user_id_and_title on listings  (cost=0.00..1615.79 rows=4 width=0)
         Index Cond: (user_id = 25458)
[0m
  [4;36;1mSQL (2.0ms)[0m   [0;1mSELECT count(*) AS count_all FROM "listings" WHERE ("listings".user_id = 25459) [0m
  [4;35;1mAnalyzing  Execution Time: 0.002212

[0m   [0mAggregate  (cost=1615.81..1615.82 rows=1 width=0)
   ->  Index Scan using index_listings_on_id_and_user_id_and_title on listings  (cost=0.00..1615.79 rows=4 width=0)
         Index Cond: (user_id = 25459)
[0m
  [4;36;1mSQL (2.0ms)[0m   [0;1mSELECT count(*) AS count_all FROM "listings" WHERE ("listings".user_id = 25460) [0m
  [4;35;1mAnalyzing  Execution Time: 0.002271

[0m   [0mAggregate  (cost=1615.81..1615.82 rows=1 width=0)
   ->  Index Scan using index_listings_on_id_and_user_id_and_title on listings  (cost=0.00..1615.79 rows=4 width=0)
         Index Cond: (user_id = 25460)
[0m
  [4;36;1mSQL (2.3ms)[0m   [0;1mSELECT count(*) AS count_all FROM "listings" WHERE ("listings".user_id = 25461) [0m
  [4;35;1mAnalyzing  Execution Time: 0.002589

[0m   [0mAggregate  (cost=1615.81..1615.82 rows=1 width=0)
   ->  Index Scan using index_listings_on_id_and_user_id_and_title on listings  (cost=0.00..1615.79 rows=4 width=0)
         Index Cond: (user_id = 25461)
[0m
  [4;36;1mSQL (1.9ms)[0m   [0;1mSELECT count(*) AS count_all FROM "listings" WHERE ("listings".user_id = 25446) [0m
  [4;35;1mAnalyzing  Execution Time: 0.002186

[0m   [0mAggregate  (cost=1615.81..1615.82 rows=1 width=0)
   ->  Index Scan using index_listings_on_id_and_user_id_and_title on listings  (cost=0.00..1615.79 rows=4 width=0)
         Index Cond: (user_id = 25446)
[0m
  [4;36;1mSQL (1.9ms)[0m   [0;1mSELECT count(*) AS count_all FROM "listings" WHERE ("listings".user_id = 25389) [0m
  [4;35;1mAnalyzing  Execution Time: 0.002256

[0m   [0mAggregate  (cost=1615.81..1615.82 rows=1 width=0)
   ->  Index Scan using index_listings_on_id_and_user_id_and_title on listings  (cost=0.00..1615.79 rows=4 width=0)
         Index Cond: (user_id = 25389)
[0m
  [4;36;1mSQL (1.9ms)[0m   [0;1mSELECT count(*) AS count_all FROM "listings" WHERE ("listings".user_id = 25444) [0m
  [4;35;1mAnalyzing  Execution Time: 0.002102

[0m   [0mAggregate  (cost=1615.81..1615.82 rows=1 width=0)
   ->  Index Scan using index_listings_on_id_and_user_id_and_title on listings  (cost=0.00..1615.79 rows=4 width=0)
         Index Cond: (user_id = 25444)
[0m
  [4;36;1mSQL (2.5ms)[0m   [0;1mSELECT count(*) AS count_all FROM "listings" WHERE ("listings".user_id = 25434) [0m
  [4;35;1mAnalyzing  Execution Time: 0.002746

[0m   [0mAggregate  (cost=1615.81..1615.82 rows=1 width=0)
   ->  Index Scan using index_listings_on_id_and_user_id_and_title on listings  (cost=0.00..1615.79 rows=4 width=0)
         Index Cond: (user_id = 25434)
[0m
  [4;36;1mSQL (1.9ms)[0m   [0;1mSELECT count(*) AS count_all FROM "listings" WHERE ("listings".user_id = 25432) [0m
  [4;35;1mAnalyzing  Execution Time: 0.002136

[0m   [0mAggregate  (cost=1615.81..1615.82 rows=1 width=0)
   ->  Index Scan using index_listings_on_id_and_user_id_and_title on listings  (cost=0.00..1615.79 rows=4 width=0)
         Index Cond: (user_id = 25432)
[0m
  [4;36;1mSQL (2.7ms)[0m   [0;1mSELECT count(*) AS count_all FROM "listings" WHERE ("listings".user_id = 25431) [0m
  [4;35;1mAnalyzing  Execution Time: 0.00302

[0m   [0mAggregate  (cost=1615.81..1615.82 rows=1 width=0)
   ->  Index Scan using index_listings_on_id_and_user_id_and_title on listings  (cost=0.00..1615.79 rows=4 width=0)
         Index Cond: (user_id = 25431)
[0m
  [4;36;1mSQL (1.9ms)[0m   [0;1mSELECT count(*) AS count_all FROM "listings" WHERE ("listings".user_id = 25345) [0m
  [4;35;1mAnalyzing  Execution Time: 0.002094

[0m   [0mAggregate  (cost=1615.81..1615.82 rows=1 width=0)
   ->  Index Scan using index_listings_on_id_and_user_id_and_title on listings  (cost=0.00..1615.79 rows=4 width=0)
         Index Cond: (user_id = 25345)
[0m
  [4;36;1mSQL (2.2ms)[0m   [0;1mSELECT count(*) AS count_all FROM "listings" WHERE ("listings".user_id = 25370) [0m
  [4;35;1mAnalyzing  Execution Time: 0.002441

[0m   [0mAggregate  (cost=1615.81..1615.82 rows=1 width=0)
   ->  Index Scan using index_listings_on_id_and_user_id_and_title on listings  (cost=0.00..1615.79 rows=4 width=0)
         Index Cond: (user_id = 25370)
[0m
  [4;36;1mSQL (2.1ms)[0m   [0;1mSELECT count(*) AS count_all FROM "listings" WHERE ("listings".user_id = 25397) [0m
  [4;35;1mAnalyzing  Execution Time: 0.002385

[0m   [0mAggregate  (cost=1615.81..1615.82 rows=1 width=0)
   ->  Index Scan using index_listings_on_id_and_user_id_and_title on listings  (cost=0.00..1615.79 rows=4 width=0)
         Index Cond: (user_id = 25397)
[0m
  [4;36;1mSQL (2.6ms)[0m   [0;1mSELECT count(*) AS count_all FROM "listings" WHERE ("listings".user_id = 25391) [0m
  [4;35;1mAnalyzing  Execution Time: 0.002832

[0m   [0mAggregate  (cost=1615.81..1615.82 rows=1 width=0)
   ->  Index Scan using index_listings_on_id_and_user_id_and_title on listings  (cost=0.00..1615.79 rows=4 width=0)
         Index Cond: (user_id = 25391)
[0m
  [4;36;1mSQL (2.3ms)[0m   [0;1mSELECT count(*) AS count_all FROM "listings" WHERE ("listings".user_id = 25365) [0m
  [4;35;1mAnalyzing  Execution Time: 0.002563

[0m   [0mAggregate  (cost=1615.81..1615.82 rows=1 width=0)
   ->  Index Scan using index_listings_on_id_and_user_id_and_title on listings  (cost=0.00..1615.79 rows=4 width=0)
         Index Cond: (user_id = 25365)
[0m
  [4;36;1mSQL (2.2ms)[0m   [0;1mSELECT count(*) AS count_all FROM "listings" WHERE ("listings".user_id = 25441) [0m
  [4;35;1mAnalyzing  Execution Time: 0.002521

[0m   [0mAggregate  (cost=1615.81..1615.82 rows=1 width=0)
   ->  Index Scan using index_listings_on_id_and_user_id_and_title on listings  (cost=0.00..1615.79 rows=4 width=0)
         Index Cond: (user_id = 25441)
[0m
  [4;36;1mSQL (2.6ms)[0m   [0;1mSELECT count(*) AS count_all FROM "listings" WHERE ("listings".user_id = 25346) [0m
  [4;35;1mAnalyzing  Execution Time: 0.002803

[0m   [0mAggregate  (cost=1615.81..1615.82 rows=1 width=0)
   ->  Index Scan using index_listings_on_id_and_user_id_and_title on listings  (cost=0.00..1615.79 rows=4 width=0)
         Index Cond: (user_id = 25346)
[0m
  [4;36;1mSQL (1.8ms)[0m   [0;1mSELECT count(*) AS count_all FROM "listings" WHERE ("listings".user_id = 25440) [0m
  [4;35;1mAnalyzing  Execution Time: 0.002068

[0m   [0mAggregate  (cost=1615.81..1615.82 rows=1 width=0)
   ->  Index Scan using index_listings_on_id_and_user_id_and_title on listings  (cost=0.00..1615.79 rows=4 width=0)
         Index Cond: (user_id = 25440)
[0m
  [4;36;1mSQL (2.0ms)[0m   [0;1mSELECT count(*) AS count_all FROM "listings" WHERE ("listings".user_id = 25426) [0m
  [4;35;1mAnalyzing  Execution Time: 0.002224

[0m   [0mAggregate  (cost=1615.81..1615.82 rows=1 width=0)
   ->  Index Scan using index_listings_on_id_and_user_id_and_title on listings  (cost=0.00..1615.79 rows=4 width=0)
         Index Cond: (user_id = 25426)
[0m
  [4;36;1mSQL (2.1ms)[0m   [0;1mSELECT count(*) AS count_all FROM "listings" WHERE ("listings".user_id = 25433) [0m
  [4;35;1mAnalyzing  Execution Time: 0.002319

[0m   [0mAggregate  (cost=1615.81..1615.82 rows=1 width=0)
   ->  Index Scan using index_listings_on_id_and_user_id_and_title on listings  (cost=0.00..1615.79 rows=4 width=0)
         Index Cond: (user_id = 25433)
[0m
  [4;36;1mSQL (2.3ms)[0m   [0;1mSELECT count(*) AS count_all FROM "listings" WHERE ("listings".user_id = 25429) [0m
  [4;35;1mAnalyzing  Execution Time: 0.00254

[0m   [0mAggregate  (cost=1615.81..1615.82 rows=1 width=0)
   ->  Index Scan using index_listings_on_id_and_user_id_and_title on listings  (cost=0.00..1615.79 rows=4 width=0)
         Index Cond: (user_id = 25429)
[0m
  [4;36;1mSQL (1.9ms)[0m   [0;1mSELECT count(*) AS count_all FROM "listings" WHERE ("listings".user_id = 25404) [0m
  [4;35;1mAnalyzing  Execution Time: 0.002193

[0m   [0mAggregate  (cost=1615.81..1615.82 rows=1 width=0)
   ->  Index Scan using index_listings_on_id_and_user_id_and_title on listings  (cost=0.00..1615.79 rows=4 width=0)
         Index Cond: (user_id = 25404)
[0m
  [4;36;1mSQL (3.6ms)[0m   [0;1mSELECT count(*) AS count_all FROM "listings" WHERE ("listings".user_id = 25425) [0m
  [4;35;1mAnalyzing  Execution Time: 0.003871

[0m   [0mAggregate  (cost=1615.81..1615.82 rows=1 width=0)
   ->  Index Scan using index_listings_on_id_and_user_id_and_title on listings  (cost=0.00..1615.79 rows=4 width=0)
         Index Cond: (user_id = 25425)
[0m
  [4;36;1mSQL (3.3ms)[0m   [0;1mSELECT count(*) AS count_all FROM "listings" WHERE ("listings".user_id = 25428) [0m
  [4;35;1mAnalyzing  Execution Time: 0.003583

[0m   [0mAggregate  (cost=1615.81..1615.82 rows=1 width=0)
   ->  Index Scan using index_listings_on_id_and_user_id_and_title on listings  (cost=0.00..1615.79 rows=4 width=0)
         Index Cond: (user_id = 25428)
[0m
  [4;36;1mSQL (2.4ms)[0m   [0;1mSELECT count(*) AS count_all FROM "listings" WHERE ("listings".user_id = 25427) [0m
  [4;35;1mAnalyzing  Execution Time: 0.002667

[0m   [0mAggregate  (cost=1615.81..1615.82 rows=1 width=0)
   ->  Index Scan using index_listings_on_id_and_user_id_and_title on listings  (cost=0.00..1615.79 rows=4 width=0)
         Index Cond: (user_id = 25427)
[0m
  [4;36;1mSQL (2.1ms)[0m   [0;1mSELECT count(*) AS count_all FROM "listings" WHERE ("listings".user_id = 25416) [0m
  [4;35;1mAnalyzing  Execution Time: 0.002332

[0m   [0mAggregate  (cost=1615.81..1615.82 rows=1 width=0)
   ->  Index Scan using index_listings_on_id_and_user_id_and_title on listings  (cost=0.00..1615.79 rows=4 width=0)
         Index Cond: (user_id = 25416)
[0m
  [4;36;1mSQL (1.9ms)[0m   [0;1mSELECT count(*) AS count_all FROM "listings" WHERE ("listings".user_id = 25422) [0m
  [4;35;1mAnalyzing  Execution Time: 0.002126

[0m   [0mAggregate  (cost=1615.81..1615.82 rows=1 width=0)
   ->  Index Scan using index_listings_on_id_and_user_id_and_title on listings  (cost=0.00..1615.79 rows=4 width=0)
         Index Cond: (user_id = 25422)
[0m
  [4;36;1mSQL (1.8ms)[0m   [0;1mSELECT count(*) AS count_all FROM "listings" WHERE ("listings".user_id = 25421) [0m
  [4;35;1mAnalyzing  Execution Time: 0.002022

[0m   [0mAggregate  (cost=1615.81..1615.82 rows=1 width=0)
   ->  Index Scan using index_listings_on_id_and_user_id_and_title on listings  (cost=0.00..1615.79 rows=4 width=0)
         Index Cond: (user_id = 25421)
[0m
  [4;36;1mSQL (2.4ms)[0m   [0;1mSELECT count(*) AS count_all FROM "listings" WHERE ("listings".user_id = 25347) [0m
  [4;35;1mAnalyzing  Execution Time: 0.002694

[0m   [0mAggregate  (cost=1615.81..1615.82 rows=1 width=0)
   ->  Index Scan using index_listings_on_id_and_user_id_and_title on listings  (cost=0.00..1615.79 rows=4 width=0)
         Index Cond: (user_id = 25347)
[0m
  [4;36;1mSQL (1.9ms)[0m   [0;1mSELECT count(*) AS count_all FROM "listings" WHERE ("listings".user_id = 25414) [0m
  [4;35;1mAnalyzing  Execution Time: 0.002234

[0m   [0mAggregate  (cost=1615.81..1615.82 rows=1 width=0)
   ->  Index Scan using index_listings_on_id_and_user_id_and_title on listings  (cost=0.00..1615.79 rows=4 width=0)
         Index Cond: (user_id = 25414)
[0m
  [4;36;1mSQL (1.9ms)[0m   [0;1mSELECT count(*) AS count_all FROM "listings" WHERE ("listings".user_id = 25411) [0m
  [4;35;1mAnalyzing  Execution Time: 0.002114

[0m   [0mAggregate  (cost=1615.81..1615.82 rows=1 width=0)
   ->  Index Scan using index_listings_on_id_and_user_id_and_title on listings  (cost=0.00..1615.79 rows=4 width=0)
         Index Cond: (user_id = 25411)
[0m
  [4;36;1mSQL (1.9ms)[0m   [0;1mSELECT count(*) AS count_all FROM "listings" WHERE ("listings".user_id = 25381) [0m
  [4;35;1mAnalyzing  Execution Time: 0.002158

[0m   [0mAggregate  (cost=1615.81..1615.82 rows=1 width=0)
   ->  Index Scan using index_listings_on_id_and_user_id_and_title on listings  (cost=0.00..1615.79 rows=4 width=0)
         Index Cond: (user_id = 25381)
[0m
  [4;36;1mSQL (2.4ms)[0m   [0;1mSELECT count(*) AS count_all FROM "listings" WHERE ("listings".user_id = 25410) [0m
  [4;35;1mAnalyzing  Execution Time: 0.002615

[0m   [0mAggregate  (cost=1615.81..1615.82 rows=1 width=0)
   ->  Index Scan using index_listings_on_id_and_user_id_and_title on listings  (cost=0.00..1615.79 rows=4 width=0)
         Index Cond: (user_id = 25410)
[0m
  [4;36;1mSQL (1.8ms)[0m   [0;1mSELECT count(*) AS count_all FROM "listings" WHERE ("listings".user_id = 25419) [0m
  [4;35;1mAnalyzing  Execution Time: 0.002069

[0m   [0mAggregate  (cost=1615.81..1615.82 rows=1 width=0)
   ->  Index Scan using index_listings_on_id_and_user_id_and_title on listings  (cost=0.00..1615.79 rows=4 width=0)
         Index Cond: (user_id = 25419)
[0m
  [4;36;1mSQL (2.6ms)[0m   [0;1mSELECT count(*) AS count_all FROM "listings" WHERE ("listings".user_id = 25420) [0m
  [4;35;1mAnalyzing  Execution Time: 0.00288

[0m   [0mAggregate  (cost=1615.81..1615.82 rows=1 width=0)
   ->  Index Scan using index_listings_on_id_and_user_id_and_title on listings  (cost=0.00..1615.79 rows=4 width=0)
         Index Cond: (user_id = 25420)
[0m
  [4;36;1mSQL (2.1ms)[0m   [0;1mSELECT count(*) AS count_all FROM "listings" WHERE ("listings".user_id = 25417) [0m
  [4;35;1mAnalyzing  Execution Time: 0.00235600000000002

[0m   [0mAggregate  (cost=1615.81..1615.82 rows=1 width=0)
   ->  Index Scan using index_listings_on_id_and_user_id_and_title on listings  (cost=0.00..1615.79 rows=4 width=0)
         Index Cond: (user_id = 25417)
[0m
  [4;36;1mSQL (1.9ms)[0m   [0;1mSELECT count(*) AS count_all FROM "listings" WHERE ("listings".user_id = 25396) [0m
  [4;35;1mAnalyzing  Execution Time: 0.002151

[0m   [0mAggregate  (cost=1615.81..1615.82 rows=1 width=0)
   ->  Index Scan using index_listings_on_id_and_user_id_and_title on listings  (cost=0.00..1615.79 rows=4 width=0)
         Index Cond: (user_id = 25396)
[0m
  [4;36;1mSQL (2.0ms)[0m   [0;1mSELECT count(*) AS count_all FROM "listings" WHERE ("listings".user_id = 25395) [0m
  [4;35;1mAnalyzing  Execution Time: 0.002221

[0m   [0mAggregate  (cost=1615.81..1615.82 rows=1 width=0)
   ->  Index Scan using index_listings_on_id_and_user_id_and_title on listings  (cost=0.00..1615.79 rows=4 width=0)
         Index Cond: (user_id = 25395)
[0m
  [4;36;1mSQL (2.3ms)[0m   [0;1mSELECT count(*) AS count_all FROM "listings" WHERE ("listings".user_id = 25383) [0m
  [4;35;1mAnalyzing  Execution Time: 0.002492

[0m   [0mAggregate  (cost=1615.81..1615.82 rows=1 width=0)
   ->  Index Scan using index_listings_on_id_and_user_id_and_title on listings  (cost=0.00..1615.79 rows=4 width=0)
         Index Cond: (user_id = 25383)
[0m
  [4;36;1mSQL (1.9ms)[0m   [0;1mSELECT count(*) AS count_all FROM "listings" WHERE ("listings".user_id = 25334) [0m
  [4;35;1mAnalyzing  Execution Time: 0.00212

[0m   [0mAggregate  (cost=1615.81..1615.82 rows=1 width=0)
   ->  Index Scan using index_listings_on_id_and_user_id_and_title on listings  (cost=0.00..1615.79 rows=4 width=0)
         Index Cond: (user_id = 25334)
[0m
  [4;36;1mSQL (1.9ms)[0m   [0;1mSELECT count(*) AS count_all FROM "listings" WHERE ("listings".user_id = 25405) [0m
  [4;35;1mAnalyzing  Execution Time: 0.002127

[0m   [0mAggregate  (cost=1615.81..1615.82 rows=1 width=0)
   ->  Index Scan using index_listings_on_id_and_user_id_and_title on listings  (cost=0.00..1615.79 rows=4 width=0)
         Index Cond: (user_id = 25405)
[0m
  [4;36;1mSQL (2.6ms)[0m   [0;1mSELECT count(*) AS count_all FROM "listings" WHERE ("listings".user_id = 25402) [0m
  [4;35;1mAnalyzing  Execution Time: 0.002917

[0m   [0mAggregate  (cost=1615.81..1615.82 rows=1 width=0)
   ->  Index Scan using index_listings_on_id_and_user_id_and_title on listings  (cost=0.00..1615.79 rows=4 width=0)
         Index Cond: (user_id = 25402)
[0m
  [4;36;1mSQL (2.2ms)[0m   [0;1mSELECT count(*) AS count_all FROM "listings" WHERE ("listings".user_id = 25401) [0m
  [4;35;1mAnalyzing  Execution Time: 0.002484

[0m   [0mAggregate  (cost=1615.81..1615.82 rows=1 width=0)
   ->  Index Scan using index_listings_on_id_and_user_id_and_title on listings  (cost=0.00..1615.79 rows=4 width=0)
         Index Cond: (user_id = 25401)
[0m
  [4;36;1mSQL (2.5ms)[0m   [0;1mSELECT count(*) AS count_all FROM "listings" WHERE ("listings".user_id = 25399) [0m
  [4;35;1mAnalyzing  Execution Time: 0.002731

[0m   [0mAggregate  (cost=1615.81..1615.82 rows=1 width=0)
   ->  Index Scan using index_listings_on_id_and_user_id_and_title on listings  (cost=0.00..1615.79 rows=4 width=0)
         Index Cond: (user_id = 25399)
[0m
  [4;36;1mSQL (3.6ms)[0m   [0;1mSELECT count(*) AS count_all FROM "listings" WHERE ("listings".user_id = 25398) [0m
  [4;35;1mAnalyzing  Execution Time: 0.003865

[0m   [0mAggregate  (cost=1615.81..1615.82 rows=1 width=0)
   ->  Index Scan using index_listings_on_id_and_user_id_and_title on listings  (cost=0.00..1615.79 rows=4 width=0)
         Index Cond: (user_id = 25398)
[0m
  [4;36;1mSQL (2.6ms)[0m   [0;1mSELECT count(*) AS count_all FROM "listings" WHERE ("listings".user_id = 25316) [0m
  [4;35;1mAnalyzing  Execution Time: 0.002843

[0m   [0mAggregate  (cost=1615.81..1615.82 rows=1 width=0)
   ->  Index Scan using index_listings_on_id_and_user_id_and_title on listings  (cost=0.00..1615.79 rows=4 width=0)
         Index Cond: (user_id = 25316)
[0m
  [4;36;1mSQL (2.6ms)[0m   [0;1mSELECT count(*) AS count_all FROM "listings" WHERE ("listings".user_id = 25377) [0m
  [4;35;1mAnalyzing  Execution Time: 0.002874

[0m   [0mAggregate  (cost=1615.81..1615.82 rows=1 width=0)
   ->  Index Scan using index_listings_on_id_and_user_id_and_title on listings  (cost=0.00..1615.79 rows=4 width=0)
         Index Cond: (user_id = 25377)
[0m
  [4;36;1mSQL (3.2ms)[0m   [0;1mSELECT count(*) AS count_all FROM "listings" WHERE ("listings".user_id = 25394) [0m
  [4;35;1mAnalyzing  Execution Time: 0.003793

[0m   [0mAggregate  (cost=1615.81..1615.82 rows=1 width=0)
   ->  Index Scan using index_listings_on_id_and_user_id_and_title on listings  (cost=0.00..1615.79 rows=4 width=0)
         Index Cond: (user_id = 25394)
[0m
  [4;36;1mSQL (1.8ms)[0m   [0;1mSELECT count(*) AS count_all FROM "listings" WHERE ("listings".user_id = 25348) [0m
  [4;35;1mAnalyzing  Execution Time: 0.002038

[0m   [0mAggregate  (cost=1615.81..1615.82 rows=1 width=0)
   ->  Index Scan using index_listings_on_id_and_user_id_and_title on listings  (cost=0.00..1615.79 rows=4 width=0)
         Index Cond: (user_id = 25348)
[0m
  [4;36;1mSQL (1.9ms)[0m   [0;1mSELECT count(*) AS count_all FROM "listings" WHERE ("listings".user_id = 25392) [0m
  [4;35;1mAnalyzing  Execution Time: 0.002165

[0m   [0mAggregate  (cost=1615.81..1615.82 rows=1 width=0)
   ->  Index Scan using index_listings_on_id_and_user_id_and_title on listings  (cost=0.00..1615.79 rows=4 width=0)
         Index Cond: (user_id = 25392)
[0m
  [4;36;1mSQL (1.9ms)[0m   [0;1mSELECT count(*) AS count_all FROM "listings" WHERE ("listings".user_id = 25343) [0m
  [4;35;1mAnalyzing  Execution Time: 0.002166

[0m   [0mAggregate  (cost=1615.81..1615.82 rows=1 width=0)
   ->  Index Scan using index_listings_on_id_and_user_id_and_title on listings  (cost=0.00..1615.79 rows=4 width=0)
         Index Cond: (user_id = 25343)
[0m
  [4;36;1mSQL (2.2ms)[0m   [0;1mSELECT count(*) AS count_all FROM "listings" WHERE ("listings".user_id = 25305) [0m
  [4;35;1mAnalyzing  Execution Time: 0.002445

[0m   [0mAggregate  (cost=1615.81..1615.82 rows=1 width=0)
   ->  Index Scan using index_listings_on_id_and_user_id_and_title on listings  (cost=0.00..1615.79 rows=4 width=0)
         Index Cond: (user_id = 25305)
[0m
  [4;36;1mSQL (2.1ms)[0m   [0;1mSELECT count(*) AS count_all FROM "listings" WHERE ("listings".user_id = 25388) [0m
  [4;35;1mAnalyzing  Execution Time: 0.002338

[0m   [0mAggregate  (cost=1615.81..1615.82 rows=1 width=0)
   ->  Index Scan using index_listings_on_id_and_user_id_and_title on listings  (cost=0.00..1615.79 rows=4 width=0)
         Index Cond: (user_id = 25388)
[0m
  [4;36;1mSQL (2.9ms)[0m   [0;1mSELECT count(*) AS count_all FROM "listings" WHERE ("listings".user_id = 25380) [0m
  [4;35;1mAnalyzing  Execution Time: 0.003218

[0m   [0mAggregate  (cost=1615.81..1615.82 rows=1 width=0)
   ->  Index Scan using index_listings_on_id_and_user_id_and_title on listings  (cost=0.00..1615.79 rows=4 width=0)
         Index Cond: (user_id = 25380)
[0m
  [4;36;1mSQL (2.3ms)[0m   [0;1mSELECT count(*) AS count_all FROM "listings" WHERE ("listings".user_id = 25378) [0m
  [4;35;1mAnalyzing  Execution Time: 0.002557

[0m   [0mAggregate  (cost=1615.81..1615.82 rows=1 width=0)
   ->  Index Scan using index_listings_on_id_and_user_id_and_title on listings  (cost=0.00..1615.79 rows=4 width=0)
         Index Cond: (user_id = 25378)
[0m
  [4;36;1mSQL (1.8ms)[0m   [0;1mSELECT count(*) AS count_all FROM "listings" WHERE ("listings".user_id = 25386) [0m
  [4;35;1mAnalyzing  Execution Time: 0.002074

[0m   [0mAggregate  (cost=1615.81..1615.82 rows=1 width=0)
   ->  Index Scan using index_listings_on_id_and_user_id_and_title on listings  (cost=0.00..1615.79 rows=4 width=0)
         Index Cond: (user_id = 25386)
[0m
  [4;36;1mSQL (2.3ms)[0m   [0;1mSELECT count(*) AS count_all FROM "listings" WHERE ("listings".user_id = 25364) [0m
  [4;35;1mAnalyzing  Execution Time: 0.002519

[0m   [0mAggregate  (cost=1615.81..1615.82 rows=1 width=0)
   ->  Index Scan using index_listings_on_id_and_user_id_and_title on listings  (cost=0.00..1615.79 rows=4 width=0)
         Index Cond: (user_id = 25364)
[0m
  [4;36;1mSQL (3.0ms)[0m   [0;1mSELECT count(*) AS count_all FROM "listings" WHERE ("listings".user_id = 25366) [0m
  [4;35;1mAnalyzing  Execution Time: 0.003261

[0m   [0mAggregate  (cost=1615.81..1615.82 rows=1 width=0)
   ->  Index Scan using index_listings_on_id_and_user_id_and_title on listings  (cost=0.00..1615.79 rows=4 width=0)
         Index Cond: (user_id = 25366)
[0m
  [4;36;1mSQL (2.7ms)[0m   [0;1mSELECT count(*) AS count_all FROM "listings" WHERE ("listings".user_id = 25376) [0m
  [4;35;1mAnalyzing  Execution Time: 0.002903

[0m   [0mAggregate  (cost=1615.81..1615.82 rows=1 width=0)
   ->  Index Scan using index_listings_on_id_and_user_id_and_title on listings  (cost=0.00..1615.79 rows=4 width=0)
         Index Cond: (user_id = 25376)
[0m
  [4;36;1mSQL (1.9ms)[0m   [0;1mSELECT count(*) AS count_all FROM "listings" WHERE ("listings".user_id = 25368) [0m
  [4;35;1mAnalyzing  Execution Time: 0.002135

[0m   [0mAggregate  (cost=1615.81..1615.82 rows=1 width=0)
   ->  Index Scan using index_listings_on_id_and_user_id_and_title on listings  (cost=0.00..1615.79 rows=4 width=0)
         Index Cond: (user_id = 25368)
[0m
  [4;36;1mSQL (3.4ms)[0m   [0;1mSELECT count(*) AS count_all FROM "listings" WHERE ("listings".user_id = 25373) [0m
  [4;35;1mAnalyzing  Execution Time: 0.003653

[0m   [0mAggregate  (cost=1615.81..1615.82 rows=1 width=0)
   ->  Index Scan using index_listings_on_id_and_user_id_and_title on listings  (cost=0.00..1615.79 rows=4 width=0)
         Index Cond: (user_id = 25373)
[0m
  [4;36;1mSQL (1.9ms)[0m   [0;1mSELECT count(*) AS count_all FROM "listings" WHERE ("listings".user_id = 25369) [0m
  [4;35;1mAnalyzing  Execution Time: 0.00212

[0m   [0mAggregate  (cost=1615.81..1615.82 rows=1 width=0)
   ->  Index Scan using index_listings_on_id_and_user_id_and_title on listings  (cost=0.00..1615.79 rows=4 width=0)
         Index Cond: (user_id = 25369)
[0m
  [4;36;1mSQL (2.3ms)[0m   [0;1mSELECT count(*) AS count_all FROM "listings" WHERE ("listings".user_id = 25374) [0m
  [4;35;1mAnalyzing  Execution Time: 0.00257

[0m   [0mAggregate  (cost=1615.81..1615.82 rows=1 width=0)
   ->  Index Scan using index_listings_on_id_and_user_id_and_title on listings  (cost=0.00..1615.79 rows=4 width=0)
         Index Cond: (user_id = 25374)
[0m
  [4;36;1mSQL (2.0ms)[0m   [0;1mSELECT count(*) AS count_all FROM "listings" WHERE ("listings".user_id = 25372) [0m
  [4;35;1mAnalyzing  Execution Time: 0.002223

[0m   [0mAggregate  (cost=1615.81..1615.82 rows=1 width=0)
   ->  Index Scan using index_listings_on_id_and_user_id_and_title on listings  (cost=0.00..1615.79 rows=4 width=0)
         Index Cond: (user_id = 25372)
[0m
  [4;36;1mSQL (2.3ms)[0m   [0;1mSELECT count(*) AS count_all FROM "listings" WHERE ("listings".user_id = 25367) [0m
  [4;35;1mAnalyzing  Execution Time: 0.002519

[0m   [0mAggregate  (cost=1615.81..1615.82 rows=1 width=0)
   ->  Index Scan using index_listings_on_id_and_user_id_and_title on listings  (cost=0.00..1615.79 rows=4 width=0)
         Index Cond: (user_id = 25367)
[0m
  [4;36;1mSQL (2.6ms)[0m   [0;1mSELECT count(*) AS count_all FROM "listings" WHERE ("listings".user_id = 25363) [0m
  [4;35;1mAnalyzing  Execution Time: 0.002885

[0m   [0mAggregate  (cost=1615.81..1615.82 rows=1 width=0)
   ->  Index Scan using index_listings_on_id_and_user_id_and_title on listings  (cost=0.00..1615.79 rows=4 width=0)
         Index Cond: (user_id = 25363)
[0m
  [4;36;1mSQL (2.5ms)[0m   [0;1mSELECT count(*) AS count_all FROM "listings" WHERE ("listings".user_id = 25335) [0m
  [4;35;1mAnalyzing  Execution Time: 0.002802

[0m   [0mAggregate  (cost=1615.81..1615.82 rows=1 width=0)
   ->  Index Scan using index_listings_on_id_and_user_id_and_title on listings  (cost=0.00..1615.79 rows=4 width=0)
         Index Cond: (user_id = 25335)
[0m
  [4;36;1mSQL (2.3ms)[0m   [0;1mSELECT count(*) AS count_all FROM "listings" WHERE ("listings".user_id = 25355) [0m
  [4;35;1mAnalyzing  Execution Time: 0.002564

[0m   [0mAggregate  (cost=1615.81..1615.82 rows=1 width=0)
   ->  Index Scan using index_listings_on_id_and_user_id_and_title on listings  (cost=0.00..1615.79 rows=4 width=0)
         Index Cond: (user_id = 25355)
[0m
  [4;36;1mSQL (1.9ms)[0m   [0;1mSELECT count(*) AS count_all FROM "listings" WHERE ("listings".user_id = 25357) [0m
  [4;35;1mAnalyzing  Execution Time: 0.002109

[0m   [0mAggregate  (cost=1615.81..1615.82 rows=1 width=0)
   ->  Index Scan using index_listings_on_id_and_user_id_and_title on listings  (cost=0.00..1615.79 rows=4 width=0)
         Index Cond: (user_id = 25357)
[0m
  [4;36;1mSQL (2.9ms)[0m   [0;1mSELECT count(*) AS count_all FROM "listings" WHERE ("listings".user_id = 25362) [0m
  [4;35;1mAnalyzing  Execution Time: 0.003152

[0m   [0mAggregate  (cost=1615.81..1615.82 rows=1 width=0)
   ->  Index Scan using index_listings_on_id_and_user_id_and_title on listings  (cost=0.00..1615.79 rows=4 width=0)
         Index Cond: (user_id = 25362)
[0m
  [4;36;1mSQL (2.2ms)[0m   [0;1mSELECT count(*) AS count_all FROM "listings" WHERE ("listings".user_id = 25360) [0m
  [4;35;1mAnalyzing  Execution Time: 0.002532

[0m   [0mAggregate  (cost=1615.81..1615.82 rows=1 width=0)
   ->  Index Scan using index_listings_on_id_and_user_id_and_title on listings  (cost=0.00..1615.79 rows=4 width=0)
         Index Cond: (user_id = 25360)
[0m
  [4;36;1mSQL (2.2ms)[0m   [0;1mSELECT count(*) AS count_all FROM "listings" WHERE ("listings".user_id = 25359) [0m
  [4;35;1mAnalyzing  Execution Time: 0.002477

[0m   [0mAggregate  (cost=1615.81..1615.82 rows=1 width=0)
   ->  Index Scan using index_listings_on_id_and_user_id_and_title on listings  (cost=0.00..1615.79 rows=4 width=0)
         Index Cond: (user_id = 25359)
[0m
  [4;36;1mSQL (2.5ms)[0m   [0;1mSELECT count(*) AS count_all FROM "listings" WHERE ("listings".user_id = 25350) [0m
  [4;35;1mAnalyzing  Execution Time: 0.002854

[0m   [0mAggregate  (cost=1615.81..1615.82 rows=1 width=0)
   ->  Index Scan using index_listings_on_id_and_user_id_and_title on listings  (cost=0.00..1615.79 rows=4 width=0)
         Index Cond: (user_id = 25350)
[0m
  [4;36;1mSQL (1.9ms)[0m   [0;1mSELECT count(*) AS count_all FROM "listings" WHERE ("listings".user_id = 25302) [0m
  [4;35;1mAnalyzing  Execution Time: 0.002153

[0m   [0mAggregate  (cost=1615.81..1615.82 rows=1 width=0)
   ->  Index Scan using index_listings_on_id_and_user_id_and_title on listings  (cost=0.00..1615.79 rows=4 width=0)
         Index Cond: (user_id = 25302)
[0m
  [4;36;1mSQL (1.8ms)[0m   [0;1mSELECT count(*) AS count_all FROM "listings" WHERE ("listings".user_id = 25303) [0m
  [4;35;1mAnalyzing  Execution Time: 0.002058

[0m   [0mAggregate  (cost=1615.81..1615.82 rows=1 width=0)
   ->  Index Scan using index_listings_on_id_and_user_id_and_title on listings  (cost=0.00..1615.79 rows=4 width=0)
         Index Cond: (user_id = 25303)
[0m
  [4;36;1mSQL (1.9ms)[0m   [0;1mSELECT count(*) AS count_all FROM "listings" WHERE ("listings".user_id = 25297) [0m
  [4;35;1mAnalyzing  Execution Time: 0.00221

[0m   [0mAggregate  (cost=1615.81..1615.82 rows=1 width=0)
   ->  Index Scan using index_listings_on_id_and_user_id_and_title on listings  (cost=0.00..1615.79 rows=4 width=0)
         Index Cond: (user_id = 25297)
[0m
  [4;36;1mSQL (1.9ms)[0m   [0;1mSELECT count(*) AS count_all FROM "listings" WHERE ("listings".user_id = 25294) [0m
  [4;35;1mAnalyzing  Execution Time: 0.002101

[0m   [0mAggregate  (cost=1615.81..1615.82 rows=1 width=0)
   ->  Index Scan using index_listings_on_id_and_user_id_and_title on listings  (cost=0.00..1615.79 rows=4 width=0)
         Index Cond: (user_id = 25294)
[0m
  [4;36;1mSQL (1.8ms)[0m   [0;1mSELECT count(*) AS count_all FROM "listings" WHERE ("listings".user_id = 25293) [0m
  [4;35;1mAnalyzing  Execution Time: 0.00203

[0m   [0mAggregate  (cost=1615.81..1615.82 rows=1 width=0)
   ->  Index Scan using index_listings_on_id_and_user_id_and_title on listings  (cost=0.00..1615.79 rows=4 width=0)
         Index Cond: (user_id = 25293)
[0m
  [4;36;1mSQL (2.4ms)[0m   [0;1mSELECT count(*) AS count_all FROM "listings" WHERE ("listings".user_id = 25292) [0m
  [4;35;1mAnalyzing  Execution Time: 0.002628

[0m   [0mAggregate  (cost=1615.81..1615.82 rows=1 width=0)
   ->  Index Scan using index_listings_on_id_and_user_id_and_title on listings  (cost=0.00..1615.79 rows=4 width=0)
         Index Cond: (user_id = 25292)
[0m
  [4;36;1mSQL (2.3ms)[0m   [0;1mSELECT count(*) AS count_all FROM "listings" WHERE ("listings".user_id = 25291) [0m
  [4;35;1mAnalyzing  Execution Time: 0.002553

[0m   [0mAggregate  (cost=1615.81..1615.82 rows=1 width=0)
   ->  Index Scan using index_listings_on_id_and_user_id_and_title on listings  (cost=0.00..1615.79 rows=4 width=0)
         Index Cond: (user_id = 25291)
[0m
  [4;36;1mSQL (2.3ms)[0m   [0;1mSELECT count(*) AS count_all FROM "listings" WHERE ("listings".user_id = 25290) [0m
  [4;35;1mAnalyzing  Execution Time: 0.002574

[0m   [0mAggregate  (cost=1615.81..1615.82 rows=1 width=0)
   ->  Index Scan using index_listings_on_id_and_user_id_and_title on listings  (cost=0.00..1615.79 rows=4 width=0)
         Index Cond: (user_id = 25290)
[0m
  [4;36;1mSQL (1.9ms)[0m   [0;1mSELECT count(*) AS count_all FROM "listings" WHERE ("listings".user_id = 25289) [0m
  [4;35;1mAnalyzing  Execution Time: 0.002166

[0m   [0mAggregate  (cost=1615.81..1615.82 rows=1 width=0)
   ->  Index Scan using index_listings_on_id_and_user_id_and_title on listings  (cost=0.00..1615.79 rows=4 width=0)
         Index Cond: (user_id = 25289)
[0m
  [4;36;1mSQL (2.1ms)[0m   [0;1mSELECT count(*) AS count_all FROM "listings" WHERE ("listings".user_id = 25271) [0m
  [4;35;1mAnalyzing  Execution Time: 0.002375

[0m   [0mAggregate  (cost=1615.81..1615.82 rows=1 width=0)
   ->  Index Scan using index_listings_on_id_and_user_id_and_title on listings  (cost=0.00..1615.79 rows=4 width=0)
         Index Cond: (user_id = 25271)
[0m
  [4;36;1mSQL (2.6ms)[0m   [0;1mSELECT count(*) AS count_all FROM "listings" WHERE ("listings".user_id = 25270) [0m
  [4;35;1mAnalyzing  Execution Time: 0.002812

[0m   [0mAggregate  (cost=1615.81..1615.82 rows=1 width=0)
   ->  Index Scan using index_listings_on_id_and_user_id_and_title on listings  (cost=0.00..1615.79 rows=4 width=0)
         Index Cond: (user_id = 25270)
[0m
  [4;36;1mSQL (2.2ms)[0m   [0;1mSELECT count(*) AS count_all FROM "listings" WHERE ("listings".user_id = 25242) [0m
  [4;35;1mAnalyzing  Execution Time: 0.002434

[0m   [0mAggregate  (cost=1615.81..1615.82 rows=1 width=0)
   ->  Index Scan using index_listings_on_id_and_user_id_and_title on listings  (cost=0.00..1615.79 rows=4 width=0)
         Index Cond: (user_id = 25242)
[0m
  [4;36;1mSQL (3.8ms)[0m   [0;1mSELECT count(*) AS count_all FROM "listings" WHERE ("listings".user_id = 25267) [0m
  [4;35;1mAnalyzing  Execution Time: 0.004102

[0m   [0mAggregate  (cost=1615.81..1615.82 rows=1 width=0)
   ->  Index Scan using index_listings_on_id_and_user_id_and_title on listings  (cost=0.00..1615.79 rows=4 width=0)
         Index Cond: (user_id = 25267)
[0m
  [4;36;1mSQL (1.9ms)[0m   [0;1mSELECT count(*) AS count_all FROM "listings" WHERE ("listings".user_id = 25266) [0m
  [4;35;1mAnalyzing  Execution Time: 0.002173

[0m   [0mAggregate  (cost=1615.81..1615.82 rows=1 width=0)
   ->  Index Scan using index_listings_on_id_and_user_id_and_title on listings  (cost=0.00..1615.79 rows=4 width=0)
         Index Cond: (user_id = 25266)
[0m
  [4;36;1mSQL (2.6ms)[0m   [0;1mSELECT count(*) AS count_all FROM "listings" WHERE ("listings".user_id = 25265) [0m
  [4;35;1mAnalyzing  Execution Time: 0.002815

[0m   [0mAggregate  (cost=1615.81..1615.82 rows=1 width=0)
   ->  Index Scan using index_listings_on_id_and_user_id_and_title on listings  (cost=0.00..1615.79 rows=4 width=0)
         Index Cond: (user_id = 25265)
[0m
  [4;36;1mSQL (1.9ms)[0m   [0;1mSELECT count(*) AS count_all FROM "listings" WHERE ("listings".user_id = 25264) [0m
  [4;35;1mAnalyzing  Execution Time: 0.002102

[0m   [0mAggregate  (cost=1615.81..1615.82 rows=1 width=0)
   ->  Index Scan using index_listings_on_id_and_user_id_and_title on listings  (cost=0.00..1615.79 rows=4 width=0)
         Index Cond: (user_id = 25264)
[0m
  [4;36;1mSQL (2.3ms)[0m   [0;1mSELECT count(*) AS count_all FROM "listings" WHERE ("listings".user_id = 25263) [0m
  [4;35;1mAnalyzing  Execution Time: 0.002591

[0m   [0mAggregate  (cost=1615.81..1615.82 rows=1 width=0)
   ->  Index Scan using index_listings_on_id_and_user_id_and_title on listings  (cost=0.00..1615.79 rows=4 width=0)
         Index Cond: (user_id = 25263)
[0m
  [4;36;1mSQL (1.9ms)[0m   [0;1mSELECT count(*) AS count_all FROM "listings" WHERE ("listings".user_id = 25262) [0m
  [4;35;1mAnalyzing  Execution Time: 0.002103

[0m   [0mAggregate  (cost=1615.81..1615.82 rows=1 width=0)
   ->  Index Scan using index_listings_on_id_and_user_id_and_title on listings  (cost=0.00..1615.79 rows=4 width=0)
         Index Cond: (user_id = 25262)
[0m
  [4;36;1mSQL (2.3ms)[0m   [0;1mSELECT count(*) AS count_all FROM "listings" WHERE ("listings".user_id = 25261) [0m
  [4;35;1mAnalyzing  Execution Time: 0.002587

[0m   [0mAggregate  (cost=1615.81..1615.82 rows=1 width=0)
   ->  Index Scan using index_listings_on_id_and_user_id_and_title on listings  (cost=0.00..1615.79 rows=4 width=0)
         Index Cond: (user_id = 25261)
[0m
  [4;36;1mSQL (2.5ms)[0m   [0;1mSELECT count(*) AS count_all FROM "listings" WHERE ("listings".user_id = 25256) [0m
  [4;35;1mAnalyzing  Execution Time: 0.00279

[0m   [0mAggregate  (cost=1615.81..1615.82 rows=1 width=0)
   ->  Index Scan using index_listings_on_id_and_user_id_and_title on listings  (cost=0.00..1615.79 rows=4 width=0)
         Index Cond: (user_id = 25256)
[0m
  [4;36;1mSQL (2.0ms)[0m   [0;1mSELECT count(*) AS count_all FROM "listings" WHERE ("listings".user_id = 25342) [0m
  [4;35;1mAnalyzing  Execution Time: 0.002287

[0m   [0mAggregate  (cost=1615.81..1615.82 rows=1 width=0)
   ->  Index Scan using index_listings_on_id_and_user_id_and_title on listings  (cost=0.00..1615.79 rows=4 width=0)
         Index Cond: (user_id = 25342)
[0m
  [4;36;1mSQL (2.0ms)[0m   [0;1mSELECT count(*) AS count_all FROM "listings" WHERE ("listings".user_id = 25340) [0m
  [4;35;1mAnalyzing  Execution Time: 0.002263

[0m   [0mAggregate  (cost=1615.81..1615.82 rows=1 width=0)
   ->  Index Scan using index_listings_on_id_and_user_id_and_title on listings  (cost=0.00..1615.79 rows=4 width=0)
         Index Cond: (user_id = 25340)
[0m
  [4;36;1mSQL (2.5ms)[0m   [0;1mSELECT count(*) AS count_all FROM "listings" WHERE ("listings".user_id = 25339) [0m
  [4;35;1mAnalyzing  Execution Time: 0.002752

[0m   [0mAggregate  (cost=1615.81..1615.82 rows=1 width=0)
   ->  Index Scan using index_listings_on_id_and_user_id_and_title on listings  (cost=0.00..1615.79 rows=4 width=0)
         Index Cond: (user_id = 25339)
[0m
  [4;36;1mSQL (2.3ms)[0m   [0;1mSELECT count(*) AS count_all FROM "listings" WHERE ("listings".user_id = 25337) [0m
  [4;35;1mAnalyzing  Execution Time: 0.002531

[0m   [0mAggregate  (cost=1615.81..1615.82 rows=1 width=0)
   ->  Index Scan using index_listings_on_id_and_user_id_and_title on listings  (cost=0.00..1615.79 rows=4 width=0)
         Index Cond: (user_id = 25337)
[0m
  [4;36;1mSQL (1.9ms)[0m   [0;1mSELECT count(*) AS count_all FROM "listings" WHERE ("listings".user_id = 25336) [0m
  [4;35;1mAnalyzing  Execution Time: 0.002128

[0m   [0mAggregate  (cost=1615.81..1615.82 rows=1 width=0)
   ->  Index Scan using index_listings_on_id_and_user_id_and_title on listings  (cost=0.00..1615.79 rows=4 width=0)
         Index Cond: (user_id = 25336)
[0m
  [4;36;1mSQL (4.3ms)[0m   [0;1mSELECT count(*) AS count_all FROM "listings" WHERE ("listings".user_id = 25246) [0m
  [4;35;1mAnalyzing  Execution Time: 0.004571

[0m   [0mAggregate  (cost=1615.81..1615.82 rows=1 width=0)
   ->  Index Scan using index_listings_on_id_and_user_id_and_title on listings  (cost=0.00..1615.79 rows=4 width=0)
         Index Cond: (user_id = 25246)
[0m
  [4;36;1mSQL (2.6ms)[0m   [0;1mSELECT count(*) AS count_all FROM "listings" WHERE ("listings".user_id = 25331) [0m
  [4;35;1mAnalyzing  Execution Time: 0.002855

[0m   [0mAggregate  (cost=1615.81..1615.82 rows=1 width=0)
   ->  Index Scan using index_listings_on_id_and_user_id_and_title on listings  (cost=0.00..1615.79 rows=4 width=0)
         Index Cond: (user_id = 25331)
[0m
  [4;36;1mSQL (1.8ms)[0m   [0;1mSELECT count(*) AS count_all FROM "listings" WHERE ("listings".user_id = 25330) [0m
  [4;35;1mAnalyzing  Execution Time: 0.002036

[0m   [0mAggregate  (cost=1615.81..1615.82 rows=1 width=0)
   ->  Index Scan using index_listings_on_id_and_user_id_and_title on listings  (cost=0.00..1615.79 rows=4 width=0)
         Index Cond: (user_id = 25330)
[0m
  [4;36;1mSQL (2.5ms)[0m   [0;1mSELECT count(*) AS count_all FROM "listings" WHERE ("listings".user_id = 25329) [0m
  [4;35;1mAnalyzing  Execution Time: 0.002744

[0m   [0mAggregate  (cost=1615.81..1615.82 rows=1 width=0)
   ->  Index Scan using index_listings_on_id_and_user_id_and_title on listings  (cost=0.00..1615.79 rows=4 width=0)
         Index Cond: (user_id = 25329)
[0m
  [4;36;1mSQL (2.1ms)[0m   [0;1mSELECT count(*) AS count_all FROM "listings" WHERE ("listings".user_id = 25328) [0m
  [4;35;1mAnalyzing  Execution Time: 0.138822

[0m   [0mAggregate  (cost=1615.81..1615.82 rows=1 width=0)
   ->  Index Scan using index_listings_on_id_and_user_id_and_title on listings  (cost=0.00..1615.79 rows=4 width=0)
         Index Cond: (user_id = 25328)
[0m
  [4;36;1mSQL (2.1ms)[0m   [0;1mSELECT count(*) AS count_all FROM "listings" WHERE ("listings".user_id = 25327) [0m
  [4;35;1mAnalyzing  Execution Time: 0.00251

[0m   [0mAggregate  (cost=1615.81..1615.82 rows=1 width=0)
   ->  Index Scan using index_listings_on_id_and_user_id_and_title on listings  (cost=0.00..1615.79 rows=4 width=0)
         Index Cond: (user_id = 25327)
[0m
  [4;36;1mSQL (2.2ms)[0m   [0;1mSELECT count(*) AS count_all FROM "listings" WHERE ("listings".user_id = 25326) [0m
  [4;35;1mAnalyzing  Execution Time: 0.002461

[0m   [0mAggregate  (cost=1615.81..1615.82 rows=1 width=0)
   ->  Index Scan using index_listings_on_id_and_user_id_and_title on listings  (cost=0.00..1615.79 rows=4 width=0)
         Index Cond: (user_id = 25326)
[0m
  [4;36;1mSQL (1.9ms)[0m   [0;1mSELECT count(*) AS count_all FROM "listings" WHERE ("listings".user_id = 25325) [0m
  [4;35;1mAnalyzing  Execution Time: 0.002191

[0m   [0mAggregate  (cost=1615.81..1615.82 rows=1 width=0)
   ->  Index Scan using index_listings_on_id_and_user_id_and_title on listings  (cost=0.00..1615.79 rows=4 width=0)
         Index Cond: (user_id = 25325)
[0m
  [4;36;1mSQL (1.9ms)[0m   [0;1mSELECT count(*) AS count_all FROM "listings" WHERE ("listings".user_id = 25324) [0m
  [4;35;1mAnalyzing  Execution Time: 0.002139

[0m   [0mAggregate  (cost=1615.81..1615.82 rows=1 width=0)
   ->  Index Scan using index_listings_on_id_and_user_id_and_title on listings  (cost=0.00..1615.79 rows=4 width=0)
         Index Cond: (user_id = 25324)
[0m
  [4;36;1mSQL (2.7ms)[0m   [0;1mSELECT count(*) AS count_all FROM "listings" WHERE ("listings".user_id = 25323) [0m
  [4;35;1mAnalyzing  Execution Time: 0.002936

[0m   [0mAggregate  (cost=1615.81..1615.82 rows=1 width=0)
   ->  Index Scan using index_listings_on_id_and_user_id_and_title on listings  (cost=0.00..1615.79 rows=4 width=0)
         Index Cond: (user_id = 25323)
[0m
  [4;36;1mSQL (1.9ms)[0m   [0;1mSELECT count(*) AS count_all FROM "listings" WHERE ("listings".user_id = 25322) [0m
  [4;35;1mAnalyzing  Execution Time: 0.002158

[0m   [0mAggregate  (cost=1615.81..1615.82 rows=1 width=0)
   ->  Index Scan using index_listings_on_id_and_user_id_and_title on listings  (cost=0.00..1615.79 rows=4 width=0)
         Index Cond: (user_id = 25322)
[0m
  [4;36;1mSQL (1.9ms)[0m   [0;1mSELECT count(*) AS count_all FROM "listings" WHERE ("listings".user_id = 25320) [0m
  [4;35;1mAnalyzing  Execution Time: 0.00213

[0m   [0mAggregate  (cost=1615.81..1615.82 rows=1 width=0)
   ->  Index Scan using index_listings_on_id_and_user_id_and_title on listings  (cost=0.00..1615.79 rows=4 width=0)
         Index Cond: (user_id = 25320)
[0m
  [4;36;1mSQL (3.9ms)[0m   [0;1mSELECT count(*) AS count_all FROM "listings" WHERE ("listings".user_id = 25319) [0m
  [4;35;1mAnalyzing  Execution Time: 0.004433

[0m   [0mAggregate  (cost=1615.81..1615.82 rows=1 width=0)
   ->  Index Scan using index_listings_on_id_and_user_id_and_title on listings  (cost=0.00..1615.79 rows=4 width=0)
         Index Cond: (user_id = 25319)
[0m
  [4;36;1mSQL (1.8ms)[0m   [0;1mSELECT count(*) AS count_all FROM "listings" WHERE ("listings".user_id = 25318) [0m
  [4;35;1mAnalyzing  Execution Time: 0.002087

[0m   [0mAggregate  (cost=1615.81..1615.82 rows=1 width=0)
   ->  Index Scan using index_listings_on_id_and_user_id_and_title on listings  (cost=0.00..1615.79 rows=4 width=0)
         Index Cond: (user_id = 25318)
[0m
  [4;36;1mSQL (2.3ms)[0m   [0;1mSELECT count(*) AS count_all FROM "listings" WHERE ("listings".user_id = 25317) [0m
  [4;35;1mAnalyzing  Execution Time: 0.002493

[0m   [0mAggregate  (cost=1615.81..1615.82 rows=1 width=0)
   ->  Index Scan using index_listings_on_id_and_user_id_and_title on listings  (cost=0.00..1615.79 rows=4 width=0)
         Index Cond: (user_id = 25317)
[0m
  [4;36;1mSQL (2.7ms)[0m   [0;1mSELECT count(*) AS count_all FROM "listings" WHERE ("listings".user_id = 25314) [0m
  [4;35;1mAnalyzing  Execution Time: 0.002982

[0m   [0mAggregate  (cost=1615.81..1615.82 rows=1 width=0)
   ->  Index Scan using index_listings_on_id_and_user_id_and_title on listings  (cost=0.00..1615.79 rows=4 width=0)
         Index Cond: (user_id = 25314)
[0m
  [4;36;1mSQL (2.0ms)[0m   [0;1mSELECT count(*) AS count_all FROM "listings" WHERE ("listings".user_id = 25313) [0m
  [4;35;1mAnalyzing  Execution Time: 0.002241

[0m   [0mAggregate  (cost=1615.81..1615.82 rows=1 width=0)
   ->  Index Scan using index_listings_on_id_and_user_id_and_title on listings  (cost=0.00..1615.79 rows=4 width=0)
         Index Cond: (user_id = 25313)
[0m
  [4;36;1mSQL (1.9ms)[0m   [0;1mSELECT count(*) AS count_all FROM "listings" WHERE ("listings".user_id = 25312) [0m
  [4;35;1mAnalyzing  Execution Time: 0.002136

[0m   [0mAggregate  (cost=1615.81..1615.82 rows=1 width=0)
   ->  Index Scan using index_listings_on_id_and_user_id_and_title on listings  (cost=0.00..1615.79 rows=4 width=0)
         Index Cond: (user_id = 25312)
[0m
  [4;36;1mSQL (2.9ms)[0m   [0;1mSELECT count(*) AS count_all FROM "listings" WHERE ("listings".user_id = 25311) [0m
  [4;35;1mAnalyzing  Execution Time: 0.003214

[0m   [0mAggregate  (cost=1615.81..1615.82 rows=1 width=0)
   ->  Index Scan using index_listings_on_id_and_user_id_and_title on listings  (cost=0.00..1615.79 rows=4 width=0)
         Index Cond: (user_id = 25311)
[0m
  [4;36;1mSQL (1.9ms)[0m   [0;1mSELECT count(*) AS count_all FROM "listings" WHERE ("listings".user_id = 25310) [0m
  [4;35;1mAnalyzing  Execution Time: 0.002124

[0m   [0mAggregate  (cost=1615.81..1615.82 rows=1 width=0)
   ->  Index Scan using index_listings_on_id_and_user_id_and_title on listings  (cost=0.00..1615.79 rows=4 width=0)
         Index Cond: (user_id = 25310)
[0m
  [4;36;1mSQL (1.9ms)[0m   [0;1mSELECT count(*) AS count_all FROM "listings" WHERE ("listings".user_id = 25308) [0m
  [4;35;1mAnalyzing  Execution Time: 0.002193

[0m   [0mAggregate  (cost=1615.81..1615.82 rows=1 width=0)
   ->  Index Scan using index_listings_on_id_and_user_id_and_title on listings  (cost=0.00..1615.79 rows=4 width=0)
         Index Cond: (user_id = 25308)
[0m
  [4;36;1mSQL (2.3ms)[0m   [0;1mSELECT count(*) AS count_all FROM "listings" WHERE ("listings".user_id = 25307) [0m
  [4;35;1mAnalyzing  Execution Time: 0.002522

[0m   [0mAggregate  (cost=1615.81..1615.82 rows=1 width=0)
   ->  Index Scan using index_listings_on_id_and_user_id_and_title on listings  (cost=0.00..1615.79 rows=4 width=0)
         Index Cond: (user_id = 25307)
[0m
  [4;36;1mSQL (2.0ms)[0m   [0;1mSELECT count(*) AS count_all FROM "listings" WHERE ("listings".user_id = 25306) [0m
  [4;35;1mAnalyzing  Execution Time: 0.002316

[0m   [0mAggregate  (cost=1615.81..1615.82 rows=1 width=0)
   ->  Index Scan using index_listings_on_id_and_user_id_and_title on listings  (cost=0.00..1615.79 rows=4 width=0)
         Index Cond: (user_id = 25306)
[0m
DEPRECATION WARNING: require "activerecord" is deprecated and will be removed in Rails 3. Use require "active_record" instead.. (called from /usr/local/lib/ruby/gems/1.8/gems/activerecord-2.3.5/lib/activerecord.rb:2)
** has_many_polymorphs: rails environment detected
** has_many_polymorphs: loaded ok
** has_many_polymorphs: autoload hook invoked
** has_many_polymorphs: preloading parent model Block
** has_many_polymorphs: associating Block.models
  [4;36;1mSQL (0.1ms)[0m   [0;1mSET client_min_messages TO 'panic'[0m
  [4;35;1mSQL (0.1ms)[0m   [0mSET client_min_messages TO 'notice'[0m
** has_many_polymorphs: preloading parent model View
** has_many_polymorphs: associating View.models
** has_many_polymorphs: autoload hook invoked
** has_many_polymorphs: preloading parent model Block
** has_many_polymorphs: preloading parent model View
  [4;36;1mClient Load (8.1ms)[0m   [0;1mSELECT * FROM "users" WHERE ("users"."status" = E'active') AND ( ("users"."type" = 'Client' ) ) ORDER BY activated_at DESC[0m
  [4;35;1mAnalyzing Client Load Execution Time: 0.096444

[0m   [0mSort  (cost=38.11..38.77 rows=265 width=574)
   Sort Key: activated_at
   ->  Seq Scan on users  (cost=0.00..27.44 rows=265 width=574)
         Filter: (((status)::text = 'active'::text) AND ((type)::text = 'Client'::text))
[0m
  [4;36;1mSQL (3.5ms)[0m   [0;1mSELECT count(*) AS count_all FROM "listings" WHERE ("listings".user_id = 25586) [0m
  [4;35;1mAnalyzing  Execution Time: 0.003805

[0m   [0mAggregate  (cost=1615.81..1615.82 rows=1 width=0)
   ->  Index Scan using index_listings_on_id_and_user_id_and_title on listings  (cost=0.00..1615.79 rows=4 width=0)
         Index Cond: (user_id = 25586)
[0m
  [4;36;1mListing Load (2.6ms)[0m   [0;1mSELECT * FROM "listings" WHERE ("listings".user_id = 25586) [0m
  [4;35;1mAnalyzing Listing Load Execution Time: 0.003277

[0m   [0mIndex Scan using index_listings_on_id_and_user_id_and_title on listings  (cost=0.00..1615.79 rows=4 width=1172)
   Index Cond: (user_id = 25586)
[0m
  [4;36;1mSQL (155.2ms)[0m   [0;1mSELECT count(*) AS count_all FROM "impressions" WHERE ("impressions".listing_id = 113291) [0m
  [4;35;1mAnalyzing  Execution Time: 0.155552

[0m   [0mAggregate  (cost=12714.08..12714.09 rows=1 width=0)
   ->  Seq Scan on impressions  (cost=0.00..12714.00 rows=31 width=0)
         Filter: (listing_id = 113291)
[0m
  [4;36;1mSQL (10.9ms)[0m   [0;1mSELECT count(*) AS count_all FROM "clicks" WHERE ("clicks".listing_id = 113291) [0m
  [4;35;1mAnalyzing  Execution Time: 0.011168

[0m   [0mAggregate  (cost=814.47..814.48 rows=1 width=0)
   ->  Seq Scan on clicks  (cost=0.00..814.46 rows=2 width=0)
         Filter: (listing_id = 113291)
[0m
  [4;36;1mSQL (4.0ms)[0m   [0;1mSELECT count(*) AS count_all FROM "listings" WHERE ("listings".user_id = 25443) [0m
  [4;35;1mAnalyzing  Execution Time: 0.004284

[0m   [0mAggregate  (cost=1615.81..1615.82 rows=1 width=0)
   ->  Index Scan using index_listings_on_id_and_user_id_and_title on listings  (cost=0.00..1615.79 rows=4 width=0)
         Index Cond: (user_id = 25443)
[0m
  [4;36;1mListing Load (2.0ms)[0m   [0;1mSELECT * FROM "listings" WHERE ("listings".user_id = 25443) [0m
  [4;35;1mAnalyzing Listing Load Execution Time: 0.002932

[0m   [0mIndex Scan using index_listings_on_id_and_user_id_and_title on listings  (cost=0.00..1615.79 rows=4 width=1172)
   Index Cond: (user_id = 25443)
[0m
  [4;36;1mSQL (167.4ms)[0m   [0;1mSELECT count(*) AS count_all FROM "impressions" WHERE ("impressions".listing_id = 113126) [0m
  [4;35;1mAnalyzing  Execution Time: 0.16769

[0m   [0mAggregate  (cost=12714.08..12714.09 rows=1 width=0)
   ->  Seq Scan on impressions  (cost=0.00..12714.00 rows=31 width=0)
         Filter: (listing_id = 113126)
[0m
  [4;36;1mSQL (9.2ms)[0m   [0;1mSELECT count(*) AS count_all FROM "clicks" WHERE ("clicks".listing_id = 113126) [0m
  [4;35;1mAnalyzing  Execution Time: 0.00946800000000003

[0m   [0mAggregate  (cost=814.47..814.48 rows=1 width=0)
   ->  Seq Scan on clicks  (cost=0.00..814.46 rows=2 width=0)
         Filter: (listing_id = 113126)
[0m
  [4;36;1mSQL (1.8ms)[0m   [0;1mSELECT count(*) AS count_all FROM "listings" WHERE ("listings".user_id = 25584) [0m
  [4;35;1mAnalyzing  Execution Time: 0.002062

[0m   [0mAggregate  (cost=1615.81..1615.82 rows=1 width=0)
   ->  Index Scan using index_listings_on_id_and_user_id_and_title on listings  (cost=0.00..1615.79 rows=4 width=0)
         Index Cond: (user_id = 25584)
[0m
  [4;36;1mListing Load (2.8ms)[0m   [0;1mSELECT * FROM "listings" WHERE ("listings".user_id = 25584) [0m
  [4;35;1mAnalyzing Listing Load Execution Time: 0.005195

[0m   [0mIndex Scan using index_listings_on_id_and_user_id_and_title on listings  (cost=0.00..1615.79 rows=4 width=1172)
   Index Cond: (user_id = 25584)
[0m
  [4;36;1mSQL (169.0ms)[0m   [0;1mSELECT count(*) AS count_all FROM "impressions" WHERE ("impressions".listing_id = 113289) [0m
  [4;35;1mAnalyzing  Execution Time: 0.169226

[0m   [0mAggregate  (cost=12714.08..12714.09 rows=1 width=0)
   ->  Seq Scan on impressions  (cost=0.00..12714.00 rows=31 width=0)
         Filter: (listing_id = 113289)
[0m
  [4;36;1mSQL (8.9ms)[0m   [0;1mSELECT count(*) AS count_all FROM "clicks" WHERE ("clicks".listing_id = 113289) [0m
  [4;35;1mAnalyzing  Execution Time: 0.009683

[0m   [0mAggregate  (cost=814.47..814.48 rows=1 width=0)
   ->  Seq Scan on clicks  (cost=0.00..814.46 rows=2 width=0)
         Filter: (listing_id = 113289)
[0m
  [4;36;1mSQL (1.9ms)[0m   [0;1mSELECT count(*) AS count_all FROM "listings" WHERE ("listings".user_id = 25583) [0m
  [4;35;1mAnalyzing  Execution Time: 0.002117

[0m   [0mAggregate  (cost=1615.81..1615.82 rows=1 width=0)
   ->  Index Scan using index_listings_on_id_and_user_id_and_title on listings  (cost=0.00..1615.79 rows=4 width=0)
         Index Cond: (user_id = 25583)
[0m
  [4;36;1mListing Load (2.2ms)[0m   [0;1mSELECT * FROM "listings" WHERE ("listings".user_id = 25583) [0m
  [4;35;1mAnalyzing Listing Load Execution Time: 0.002868

[0m   [0mIndex Scan using index_listings_on_id_and_user_id_and_title on listings  (cost=0.00..1615.79 rows=4 width=1172)
   Index Cond: (user_id = 25583)
[0m
  [4;36;1mSQL (167.6ms)[0m   [0;1mSELECT count(*) AS count_all FROM "impressions" WHERE ("impressions".listing_id = 113288) [0m
  [4;35;1mAnalyzing  Execution Time: 0.167946

[0m   [0mAggregate  (cost=12714.08..12714.09 rows=1 width=0)
   ->  Seq Scan on impressions  (cost=0.00..12714.00 rows=31 width=0)
         Filter: (listing_id = 113288)
[0m
  [4;36;1mSQL (9.2ms)[0m   [0;1mSELECT count(*) AS count_all FROM "clicks" WHERE ("clicks".listing_id = 113288) [0m
  [4;35;1mAnalyzing  Execution Time: 0.009508

[0m   [0mAggregate  (cost=814.47..814.48 rows=1 width=0)
   ->  Seq Scan on clicks  (cost=0.00..814.46 rows=2 width=0)
         Filter: (listing_id = 113288)
[0m
  [4;36;1mSQL (1.9ms)[0m   [0;1mSELECT count(*) AS count_all FROM "listings" WHERE ("listings".user_id = 25582) [0m
  [4;35;1mAnalyzing  Execution Time: 0.002152

[0m   [0mAggregate  (cost=1615.81..1615.82 rows=1 width=0)
   ->  Index Scan using index_listings_on_id_and_user_id_and_title on listings  (cost=0.00..1615.79 rows=4 width=0)
         Index Cond: (user_id = 25582)
[0m
  [4;36;1mListing Load (2.5ms)[0m   [0;1mSELECT * FROM "listings" WHERE ("listings".user_id = 25582) [0m
  [4;35;1mAnalyzing Listing Load Execution Time: 0.003212

[0m   [0mIndex Scan using index_listings_on_id_and_user_id_and_title on listings  (cost=0.00..1615.79 rows=4 width=1172)
   Index Cond: (user_id = 25582)
[0m
  [4;36;1mSQL (164.8ms)[0m   [0;1mSELECT count(*) AS count_all FROM "impressions" WHERE ("impressions".listing_id = 113286) [0m
  [4;35;1mAnalyzing  Execution Time: 0.165056

[0m   [0mAggregate  (cost=12714.08..12714.09 rows=1 width=0)
   ->  Seq Scan on impressions  (cost=0.00..12714.00 rows=31 width=0)
         Filter: (listing_id = 113286)
[0m
  [4;36;1mSQL (8.7ms)[0m   [0;1mSELECT count(*) AS count_all FROM "clicks" WHERE ("clicks".listing_id = 113286) [0m
  [4;35;1mAnalyzing  Execution Time: 0.009233

[0m   [0mAggregate  (cost=814.47..814.48 rows=1 width=0)
   ->  Seq Scan on clicks  (cost=0.00..814.46 rows=2 width=0)
         Filter: (listing_id = 113286)
[0m
  [4;36;1mSQL (2.7ms)[0m   [0;1mSELECT count(*) AS count_all FROM "listings" WHERE ("listings".user_id = 25565) [0m
  [4;35;1mAnalyzing  Execution Time: 0.003049

[0m   [0mAggregate  (cost=1615.81..1615.82 rows=1 width=0)
   ->  Index Scan using index_listings_on_id_and_user_id_and_title on listings  (cost=0.00..1615.79 rows=4 width=0)
         Index Cond: (user_id = 25565)
[0m
  [4;36;1mListing Load (2.0ms)[0m   [0;1mSELECT * FROM "listings" WHERE ("listings".user_id = 25565) [0m
  [4;35;1mAnalyzing Listing Load Execution Time: 0.004266

[0m   [0mIndex Scan using index_listings_on_id_and_user_id_and_title on listings  (cost=0.00..1615.79 rows=4 width=1172)
   Index Cond: (user_id = 25565)
[0m
  [4;36;1mSQL (160.0ms)[0m   [0;1mSELECT count(*) AS count_all FROM "impressions" WHERE ("impressions".listing_id = 77303) [0m
  [4;35;1mAnalyzing  Execution Time: 0.160243

[0m   [0mAggregate  (cost=12714.08..12714.09 rows=1 width=0)
   ->  Seq Scan on impressions  (cost=0.00..12714.00 rows=31 width=0)
         Filter: (listing_id = 77303)
[0m
  [4;36;1mSQL (155.5ms)[0m   [0;1mSELECT count(*) AS count_all FROM "impressions" WHERE ("impressions".listing_id = 79433) [0m
  [4;35;1mAnalyzing  Execution Time: 0.155818

[0m   [0mAggregate  (cost=12714.08..12714.09 rows=1 width=0)
   ->  Seq Scan on impressions  (cost=0.00..12714.00 rows=31 width=0)
         Filter: (listing_id = 79433)
[0m
  [4;36;1mSQL (154.2ms)[0m   [0;1mSELECT count(*) AS count_all FROM "impressions" WHERE ("impressions".listing_id = 102437) [0m
  [4;35;1mAnalyzing  Execution Time: 0.154453

[0m   [0mAggregate  (cost=12714.08..12714.09 rows=1 width=0)
   ->  Seq Scan on impressions  (cost=0.00..12714.00 rows=31 width=0)
         Filter: (listing_id = 102437)
[0m
  [4;36;1mSQL (156.3ms)[0m   [0;1mSELECT count(*) AS count_all FROM "impressions" WHERE ("impressions".listing_id = 113285) [0m
  [4;35;1mAnalyzing  Execution Time: 0.156547

[0m   [0mAggregate  (cost=12714.08..12714.09 rows=1 width=0)
   ->  Seq Scan on impressions  (cost=0.00..12714.00 rows=31 width=0)
         Filter: (listing_id = 113285)
[0m
  [4;36;1mSQL (8.9ms)[0m   [0;1mSELECT count(*) AS count_all FROM "clicks" WHERE ("clicks".listing_id = 77303) [0m
  [4;35;1mAnalyzing  Execution Time: 0.009205

[0m   [0mAggregate  (cost=814.47..814.48 rows=1 width=0)
   ->  Seq Scan on clicks  (cost=0.00..814.46 rows=2 width=0)
         Filter: (listing_id = 77303)
[0m
  [4;36;1mSQL (8.9ms)[0m   [0;1mSELECT count(*) AS count_all FROM "clicks" WHERE ("clicks".listing_id = 79433) [0m
  [4;35;1mAnalyzing  Execution Time: 0.009178

[0m   [0mAggregate  (cost=814.47..814.48 rows=1 width=0)
   ->  Seq Scan on clicks  (cost=0.00..814.46 rows=2 width=0)
         Filter: (listing_id = 79433)
[0m
  [4;36;1mSQL (10.2ms)[0m   [0;1mSELECT count(*) AS count_all FROM "clicks" WHERE ("clicks".listing_id = 102437) [0m
  [4;35;1mAnalyzing  Execution Time: 0.010448

[0m   [0mAggregate  (cost=814.47..814.48 rows=1 width=0)
   ->  Seq Scan on clicks  (cost=0.00..814.46 rows=2 width=0)
         Filter: (listing_id = 102437)
[0m
  [4;36;1mSQL (8.7ms)[0m   [0;1mSELECT count(*) AS count_all FROM "clicks" WHERE ("clicks".listing_id = 113285) [0m
  [4;35;1mAnalyzing  Execution Time: 0.009011

[0m   [0mAggregate  (cost=814.47..814.48 rows=1 width=0)
   ->  Seq Scan on clicks  (cost=0.00..814.46 rows=2 width=0)
         Filter: (listing_id = 113285)
[0m
  [4;36;1mSQL (1.8ms)[0m   [0;1mSELECT count(*) AS count_all FROM "listings" WHERE ("listings".user_id = 25579) [0m
  [4;35;1mAnalyzing  Execution Time: 0.00207

[0m   [0mAggregate  (cost=1615.81..1615.82 rows=1 width=0)
   ->  Index Scan using index_listings_on_id_and_user_id_and_title on listings  (cost=0.00..1615.79 rows=4 width=0)
         Index Cond: (user_id = 25579)
[0m
  [4;36;1mListing Load (2.5ms)[0m   [0;1mSELECT * FROM "listings" WHERE ("listings".user_id = 25579) [0m
  [4;35;1mAnalyzing Listing Load Execution Time: 0.003327

[0m   [0mIndex Scan using index_listings_on_id_and_user_id_and_title on listings  (cost=0.00..1615.79 rows=4 width=1172)
   Index Cond: (user_id = 25579)
[0m
  [4;36;1mSQL (162.2ms)[0m   [0;1mSELECT count(*) AS count_all FROM "impressions" WHERE ("impressions".listing_id = 77258) [0m
  [4;35;1mAnalyzing  Execution Time: 0.162467

[0m   [0mAggregate  (cost=12714.08..12714.09 rows=1 width=0)
   ->  Seq Scan on impressions  (cost=0.00..12714.00 rows=31 width=0)
         Filter: (listing_id = 77258)
[0m
  [4;36;1mSQL (9.9ms)[0m   [0;1mSELECT count(*) AS count_all FROM "clicks" WHERE ("clicks".listing_id = 77258) [0m
  [4;35;1mAnalyzing  Execution Time: 0.010221

[0m   [0mAggregate  (cost=814.47..814.48 rows=1 width=0)
   ->  Seq Scan on clicks  (cost=0.00..814.46 rows=2 width=0)
         Filter: (listing_id = 77258)
[0m
  [4;36;1mSQL (1.8ms)[0m   [0;1mSELECT count(*) AS count_all FROM "listings" WHERE ("listings".user_id = 25581) [0m
  [4;35;1mAnalyzing  Execution Time: 0.00208

[0m   [0mAggregate  (cost=1615.81..1615.82 rows=1 width=0)
   ->  Index Scan using index_listings_on_id_and_user_id_and_title on listings  (cost=0.00..1615.79 rows=4 width=0)
         Index Cond: (user_id = 25581)
[0m
  [4;36;1mListing Load (2.0ms)[0m   [0;1mSELECT * FROM "listings" WHERE ("listings".user_id = 25581) [0m
  [4;35;1mAnalyzing Listing Load Execution Time: 0.002792

[0m   [0mIndex Scan using index_listings_on_id_and_user_id_and_title on listings  (cost=0.00..1615.79 rows=4 width=1172)
   Index Cond: (user_id = 25581)
[0m
  [4;36;1mSQL (164.9ms)[0m   [0;1mSELECT count(*) AS count_all FROM "impressions" WHERE ("impressions".listing_id = 113284) [0m
  [4;35;1mAnalyzing  Execution Time: 0.165154

[0m   [0mAggregate  (cost=12714.08..12714.09 rows=1 width=0)
   ->  Seq Scan on impressions  (cost=0.00..12714.00 rows=31 width=0)
         Filter: (listing_id = 113284)
[0m
  [4;36;1mSQL (8.5ms)[0m   [0;1mSELECT count(*) AS count_all FROM "clicks" WHERE ("clicks".listing_id = 113284) [0m
  [4;35;1mAnalyzing  Execution Time: 0.008737

[0m   [0mAggregate  (cost=814.47..814.48 rows=1 width=0)
   ->  Seq Scan on clicks  (cost=0.00..814.46 rows=2 width=0)
         Filter: (listing_id = 113284)
[0m
  [4;36;1mSQL (2.6ms)[0m   [0;1mSELECT count(*) AS count_all FROM "listings" WHERE ("listings".user_id = 25580) [0m
  [4;35;1mAnalyzing  Execution Time: 0.002875

[0m   [0mAggregate  (cost=1615.81..1615.82 rows=1 width=0)
   ->  Index Scan using index_listings_on_id_and_user_id_and_title on listings  (cost=0.00..1615.79 rows=4 width=0)
         Index Cond: (user_id = 25580)
[0m
  [4;36;1mListing Load (2.7ms)[0m   [0;1mSELECT * FROM "listings" WHERE ("listings".user_id = 25580) [0m
  [4;35;1mAnalyzing Listing Load Execution Time: 0.00349

[0m   [0mIndex Scan using index_listings_on_id_and_user_id_and_title on listings  (cost=0.00..1615.79 rows=4 width=1172)
   Index Cond: (user_id = 25580)
[0m
  [4;36;1mSQL (159.7ms)[0m   [0;1mSELECT count(*) AS count_all FROM "impressions" WHERE ("impressions".listing_id = 67567) [0m
  [4;35;1mAnalyzing  Execution Time: 0.160118

[0m   [0mAggregate  (cost=12714.08..12714.09 rows=1 width=0)
   ->  Seq Scan on impressions  (cost=0.00..12714.00 rows=31 width=0)
         Filter: (listing_id = 67567)
[0m
  [4;36;1mSQL (9.4ms)[0m   [0;1mSELECT count(*) AS count_all FROM "clicks" WHERE ("clicks".listing_id = 67567) [0m
  [4;35;1mAnalyzing  Execution Time: 0.00963

[0m   [0mAggregate  (cost=814.47..814.48 rows=1 width=0)
   ->  Seq Scan on clicks  (cost=0.00..814.46 rows=2 width=0)
         Filter: (listing_id = 67567)
[0m
  [4;36;1mSQL (1.8ms)[0m   [0;1mSELECT count(*) AS count_all FROM "listings" WHERE ("listings".user_id = 25577) [0m
  [4;35;1mAnalyzing  Execution Time: 0.002104

[0m   [0mAggregate  (cost=1615.81..1615.82 rows=1 width=0)
   ->  Index Scan using index_listings_on_id_and_user_id_and_title on listings  (cost=0.00..1615.79 rows=4 width=0)
         Index Cond: (user_id = 25577)
[0m
  [4;36;1mListing Load (2.0ms)[0m   [0;1mSELECT * FROM "listings" WHERE ("listings".user_id = 25577) [0m
  [4;35;1mAnalyzing Listing Load Execution Time: 0.002737

[0m   [0mIndex Scan using index_listings_on_id_and_user_id_and_title on listings  (cost=0.00..1615.79 rows=4 width=1172)
   Index Cond: (user_id = 25577)
[0m
  [4;36;1mSQL (166.6ms)[0m   [0;1mSELECT count(*) AS count_all FROM "impressions" WHERE ("impressions".listing_id = 89693) [0m
  [4;35;1mAnalyzing  Execution Time: 0.166874

[0m   [0mAggregate  (cost=12714.08..12714.09 rows=1 width=0)
   ->  Seq Scan on impressions  (cost=0.00..12714.00 rows=31 width=0)
         Filter: (listing_id = 89693)
[0m
  [4;36;1mSQL (8.7ms)[0m   [0;1mSELECT count(*) AS count_all FROM "clicks" WHERE ("clicks".listing_id = 89693) [0m
  [4;35;1mAnalyzing  Execution Time: 0.009101

[0m   [0mAggregate  (cost=814.47..814.48 rows=1 width=0)
   ->  Seq Scan on clicks  (cost=0.00..814.46 rows=2 width=0)
         Filter: (listing_id = 89693)
[0m
  [4;36;1mSQL (2.0ms)[0m   [0;1mSELECT count(*) AS count_all FROM "listings" WHERE ("listings".user_id = 25570) [0m
  [4;35;1mAnalyzing  Execution Time: 0.002277

[0m   [0mAggregate  (cost=1615.81..1615.82 rows=1 width=0)
   ->  Index Scan using index_listings_on_id_and_user_id_and_title on listings  (cost=0.00..1615.79 rows=4 width=0)
         Index Cond: (user_id = 25570)
[0m
  [4;36;1mListing Load (2.0ms)[0m   [0;1mSELECT * FROM "listings" WHERE ("listings".user_id = 25570) [0m
  [4;35;1mAnalyzing Listing Load Execution Time: 0.002676

[0m   [0mIndex Scan using index_listings_on_id_and_user_id_and_title on listings  (cost=0.00..1615.79 rows=4 width=1172)
   Index Cond: (user_id = 25570)
[0m
  [4;36;1mSQL (158.1ms)[0m   [0;1mSELECT count(*) AS count_all FROM "impressions" WHERE ("impressions".listing_id = 113275) [0m
  [4;35;1mAnalyzing  Execution Time: 0.158421

[0m   [0mAggregate  (cost=12714.08..12714.09 rows=1 width=0)
   ->  Seq Scan on impressions  (cost=0.00..12714.00 rows=31 width=0)
         Filter: (listing_id = 113275)
[0m
  [4;36;1mSQL (8.5ms)[0m   [0;1mSELECT count(*) AS count_all FROM "clicks" WHERE ("clicks".listing_id = 113275) [0m
  [4;35;1mAnalyzing  Execution Time: 0.008739

[0m   [0mAggregate  (cost=814.47..814.48 rows=1 width=0)
   ->  Seq Scan on clicks  (cost=0.00..814.46 rows=2 width=0)
         Filter: (listing_id = 113275)
[0m
  [4;36;1mSQL (2.0ms)[0m   [0;1mSELECT count(*) AS count_all FROM "listings" WHERE ("listings".user_id = 25442) [0m
  [4;35;1mAnalyzing  Execution Time: 0.00224

[0m   [0mAggregate  (cost=1615.81..1615.82 rows=1 width=0)
   ->  Index Scan using index_listings_on_id_and_user_id_and_title on listings  (cost=0.00..1615.79 rows=4 width=0)
         Index Cond: (user_id = 25442)
[0m
  [4;36;1mListing Load (2.7ms)[0m   [0;1mSELECT * FROM "listings" WHERE ("listings".user_id = 25442) [0m
  [4;35;1mAnalyzing Listing Load Execution Time: 0.003405

[0m   [0mIndex Scan using index_listings_on_id_and_user_id_and_title on listings  (cost=0.00..1615.79 rows=4 width=1172)
   Index Cond: (user_id = 25442)
[0m
  [4;36;1mSQL (158.1ms)[0m   [0;1mSELECT count(*) AS count_all FROM "impressions" WHERE ("impressions".listing_id = 113125) [0m
  [4;35;1mAnalyzing  Execution Time: 0.158342

[0m   [0mAggregate  (cost=12714.08..12714.09 rows=1 width=0)
   ->  Seq Scan on impressions  (cost=0.00..12714.00 rows=31 width=0)
         Filter: (listing_id = 113125)
[0m
  [4;36;1mSQL (8.4ms)[0m   [0;1mSELECT count(*) AS count_all FROM "clicks" WHERE ("clicks".listing_id = 113125) [0m
  [4;35;1mAnalyzing  Execution Time: 0.008698

[0m   [0mAggregate  (cost=814.47..814.48 rows=1 width=0)
   ->  Seq Scan on clicks  (cost=0.00..814.46 rows=2 width=0)
         Filter: (listing_id = 113125)
[0m
  [4;36;1mSQL (2.2ms)[0m   [0;1mSELECT count(*) AS count_all FROM "listings" WHERE ("listings".user_id = 25438) [0m
  [4;35;1mAnalyzing  Execution Time: 0.00248

[0m   [0mAggregate  (cost=1615.81..1615.82 rows=1 width=0)
   ->  Index Scan using index_listings_on_id_and_user_id_and_title on listings  (cost=0.00..1615.79 rows=4 width=0)
         Index Cond: (user_id = 25438)
[0m
  [4;36;1mListing Load (2.0ms)[0m   [0;1mSELECT * FROM "listings" WHERE ("listings".user_id = 25438) [0m
  [4;35;1mAnalyzing Listing Load Execution Time: 0.002686

[0m   [0mIndex Scan using index_listings_on_id_and_user_id_and_title on listings  (cost=0.00..1615.79 rows=4 width=1172)
   Index Cond: (user_id = 25438)
[0m
  [4;36;1mSQL (163.9ms)[0m   [0;1mSELECT count(*) AS count_all FROM "impressions" WHERE ("impressions".listing_id = 113122) [0m
  [4;35;1mAnalyzing  Execution Time: 0.164163

[0m   [0mAggregate  (cost=12714.08..12714.09 rows=1 width=0)
   ->  Seq Scan on impressions  (cost=0.00..12714.00 rows=31 width=0)
         Filter: (listing_id = 113122)
[0m
  [4;36;1mSQL (8.6ms)[0m   [0;1mSELECT count(*) AS count_all FROM "clicks" WHERE ("clicks".listing_id = 113122) [0m
  [4;35;1mAnalyzing  Execution Time: 0.008828

[0m   [0mAggregate  (cost=814.47..814.48 rows=1 width=0)
   ->  Seq Scan on clicks  (cost=0.00..814.46 rows=2 width=0)
         Filter: (listing_id = 113122)
[0m
  [4;36;1mSQL (1.9ms)[0m   [0;1mSELECT count(*) AS count_all FROM "listings" WHERE ("listings".user_id = 25551) [0m
  [4;35;1mAnalyzing  Execution Time: 0.002159

[0m   [0mAggregate  (cost=1615.81..1615.82 rows=1 width=0)
   ->  Index Scan using index_listings_on_id_and_user_id_and_title on listings  (cost=0.00..1615.79 rows=4 width=0)
         Index Cond: (user_id = 25551)
[0m
  [4;36;1mListing Load (2.0ms)[0m   [0;1mSELECT * FROM "listings" WHERE ("listings".user_id = 25551) [0m
  [4;35;1mAnalyzing Listing Load Execution Time: 0.002666

[0m   [0mIndex Scan using index_listings_on_id_and_user_id_and_title on listings  (cost=0.00..1615.79 rows=4 width=1172)
   Index Cond: (user_id = 25551)
[0m
  [4;36;1mSQL (155.0ms)[0m   [0;1mSELECT count(*) AS count_all FROM "impressions" WHERE ("impressions".listing_id = 113214) [0m
  [4;35;1mAnalyzing  Execution Time: 0.15548

[0m   [0mAggregate  (cost=12714.08..12714.09 rows=1 width=0)
   ->  Seq Scan on impressions  (cost=0.00..12714.00 rows=31 width=0)
         Filter: (listing_id = 113214)
[0m
  [4;36;1mSQL (8.5ms)[0m   [0;1mSELECT count(*) AS count_all FROM "clicks" WHERE ("clicks".listing_id = 113214) [0m
  [4;35;1mAnalyzing  Execution Time: 0.008792

[0m   [0mAggregate  (cost=814.47..814.48 rows=1 width=0)
   ->  Seq Scan on clicks  (cost=0.00..814.46 rows=2 width=0)
         Filter: (listing_id = 113214)
[0m
  [4;36;1mSQL (2.2ms)[0m   [0;1mSELECT count(*) AS count_all FROM "listings" WHERE ("listings".user_id = 25554) [0m
  [4;35;1mAnalyzing  Execution Time: 0.002495

[0m   [0mAggregate  (cost=1615.81..1615.82 rows=1 width=0)
   ->  Index Scan using index_listings_on_id_and_user_id_and_title on listings  (cost=0.00..1615.79 rows=4 width=0)
         Index Cond: (user_id = 25554)
[0m
  [4;36;1mListing Load (3.0ms)[0m   [0;1mSELECT * FROM "listings" WHERE ("listings".user_id = 25554) [0m
  [4;35;1mAnalyzing Listing Load Execution Time: 0.004907

[0m   [0mIndex Scan using index_listings_on_id_and_user_id_and_title on listings  (cost=0.00..1615.79 rows=4 width=1172)
   Index Cond: (user_id = 25554)
[0m
  [4;36;1mSQL (216.6ms)[0m   [0;1mSELECT count(*) AS count_all FROM "impressions" WHERE ("impressions".listing_id = 67065) [0m
  [4;35;1mAnalyzing  Execution Time: 0.216881

[0m   [0mAggregate  (cost=12714.08..12714.09 rows=1 width=0)
   ->  Seq Scan on impressions  (cost=0.00..12714.00 rows=31 width=0)
         Filter: (listing_id = 67065)
[0m
  [4;36;1mSQL (167.0ms)[0m   [0;1mSELECT count(*) AS count_all FROM "impressions" WHERE ("impressions".listing_id = 67066) [0m
  [4;35;1mAnalyzing  Execution Time: 0.167348

[0m   [0mAggregate  (cost=12714.08..12714.09 rows=1 width=0)
   ->  Seq Scan on impressions  (cost=0.00..12714.00 rows=31 width=0)
         Filter: (listing_id = 67066)
[0m
  [4;36;1mSQL (158.2ms)[0m   [0;1mSELECT count(*) AS count_all FROM "impressions" WHERE ("impressions".listing_id = 67067) [0m
  [4;35;1mAnalyzing  Execution Time: 0.158535

[0m   [0mAggregate  (cost=12714.08..12714.09 rows=1 width=0)
   ->  Seq Scan on impressions  (cost=0.00..12714.00 rows=31 width=0)
         Filter: (listing_id = 67067)
[0m
  [4;36;1mSQL (173.6ms)[0m   [0;1mSELECT count(*) AS count_all FROM "impressions" WHERE ("impressions".listing_id = 103789) [0m
  [4;35;1mAnalyzing  Execution Time: 0.173906

[0m   [0mAggregate  (cost=12714.08..12714.09 rows=1 width=0)
   ->  Seq Scan on impressions  (cost=0.00..12714.00 rows=31 width=0)
         Filter: (listing_id = 103789)
[0m
  [4;36;1mSQL (11.5ms)[0m   [0;1mSELECT count(*) AS count_all FROM "clicks" WHERE ("clicks".listing_id = 67065) [0m
  [4;35;1mAnalyzing  Execution Time: 0.011797

[0m   [0mAggregate  (cost=814.47..814.48 rows=1 width=0)
   ->  Seq Scan on clicks  (cost=0.00..814.46 rows=2 width=0)
         Filter: (listing_id = 67065)
[0m
  [4;36;1mSQL (8.9ms)[0m   [0;1mSELECT count(*) AS count_all FROM "clicks" WHERE ("clicks".listing_id = 67066) [0m
  [4;35;1mAnalyzing  Execution Time: 0.009139

[0m   [0mAggregate  (cost=814.47..814.48 rows=1 width=0)
   ->  Seq Scan on clicks  (cost=0.00..814.46 rows=2 width=0)
         Filter: (listing_id = 67066)
[0m
  [4;36;1mSQL (9.0ms)[0m   [0;1mSELECT count(*) AS count_all FROM "clicks" WHERE ("clicks".listing_id = 67067) [0m
  [4;35;1mAnalyzing  Execution Time: 0.009286

[0m   [0mAggregate  (cost=814.47..814.48 rows=1 width=0)
   ->  Seq Scan on clicks  (cost=0.00..814.46 rows=2 width=0)
         Filter: (listing_id = 67067)
[0m
  [4;36;1mSQL (8.8ms)[0m   [0;1mSELECT count(*) AS count_all FROM "clicks" WHERE ("clicks".listing_id = 103789) [0m
  [4;35;1mAnalyzing  Execution Time: 0.009283

[0m   [0mAggregate  (cost=814.47..814.48 rows=1 width=0)
   ->  Seq Scan on clicks  (cost=0.00..814.46 rows=2 width=0)
         Filter: (listing_id = 103789)
[0m
  [4;36;1mSQL (2.8ms)[0m   [0;1mSELECT count(*) AS count_all FROM "listings" WHERE ("listings".user_id = 25575) [0m
  [4;35;1mAnalyzing  Execution Time: 0.003173

[0m   [0mAggregate  (cost=1615.81..1615.82 rows=1 width=0)
   ->  Index Scan using index_listings_on_id_and_user_id_and_title on listings  (cost=0.00..1615.79 rows=4 width=0)
         Index Cond: (user_id = 25575)
[0m
  [4;36;1mListing Load (2.7ms)[0m   [0;1mSELECT * FROM "listings" WHERE ("listings".user_id = 25575) [0m
  [4;35;1mAnalyzing Listing Load Execution Time: 0.003497

[0m   [0mIndex Scan using index_listings_on_id_and_user_id_and_title on listings  (cost=0.00..1615.79 rows=4 width=1172)
   Index Cond: (user_id = 25575)
[0m
  [4;36;1mSQL (165.5ms)[0m   [0;1mSELECT count(*) AS count_all FROM "impressions" WHERE ("impressions".listing_id = 113278) [0m
  [4;35;1mAnalyzing  Execution Time: 0.165805

[0m   [0mAggregate  (cost=12714.08..12714.09 rows=1 width=0)
   ->  Seq Scan on impressions  (cost=0.00..12714.00 rows=31 width=0)
         Filter: (listing_id = 113278)
[0m
  [4;36;1mSQL (10.5ms)[0m   [0;1mSELECT count(*) AS count_all FROM "clicks" WHERE ("clicks".listing_id = 113278) [0m
  [4;35;1mAnalyzing  Execution Time: 0.010798

[0m   [0mAggregate  (cost=814.47..814.48 rows=1 width=0)
   ->  Seq Scan on clicks  (cost=0.00..814.46 rows=2 width=0)
         Filter: (listing_id = 113278)
[0m
  [4;36;1mSQL (1.9ms)[0m   [0;1mSELECT count(*) AS count_all FROM "listings" WHERE ("listings".user_id = 25356) [0m
  [4;35;1mAnalyzing  Execution Time: 0.002108

[0m   [0mAggregate  (cost=1615.81..1615.82 rows=1 width=0)
   ->  Index Scan using index_listings_on_id_and_user_id_and_title on listings  (cost=0.00..1615.79 rows=4 width=0)
         Index Cond: (user_id = 25356)
[0m
  [4;36;1mListing Load (2.1ms)[0m   [0;1mSELECT * FROM "listings" WHERE ("listings".user_id = 25356) [0m
  [4;35;1mAnalyzing Listing Load Execution Time: 0.002823

[0m   [0mIndex Scan using index_listings_on_id_and_user_id_and_title on listings  (cost=0.00..1615.79 rows=4 width=1172)
   Index Cond: (user_id = 25356)
[0m
  [4;36;1mSQL (161.8ms)[0m   [0;1mSELECT count(*) AS count_all FROM "impressions" WHERE ("impressions".listing_id = 113074) [0m
  [4;35;1mAnalyzing  Execution Time: 0.162122

[0m   [0mAggregate  (cost=12714.08..12714.09 rows=1 width=0)
   ->  Seq Scan on impressions  (cost=0.00..12714.00 rows=31 width=0)
         Filter: (listing_id = 113074)
[0m
  [4;36;1mSQL (8.5ms)[0m   [0;1mSELECT count(*) AS count_all FROM "clicks" WHERE ("clicks".listing_id = 113074) [0m
  [4;35;1mAnalyzing  Execution Time: 0.008792

[0m   [0mAggregate  (cost=814.47..814.48 rows=1 width=0)
   ->  Seq Scan on clicks  (cost=0.00..814.46 rows=2 width=0)
         Filter: (listing_id = 113074)
[0m
  [4;36;1mSQL (1.8ms)[0m   [0;1mSELECT count(*) AS count_all FROM "listings" WHERE ("listings".user_id = 25382) [0m
  [4;35;1mAnalyzing  Execution Time: 0.002092

[0m   [0mAggregate  (cost=1615.81..1615.82 rows=1 width=0)
   ->  Index Scan using index_listings_on_id_and_user_id_and_title on listings  (cost=0.00..1615.79 rows=4 width=0)
         Index Cond: (user_id = 25382)
[0m
  [4;36;1mListing Load (2.3ms)[0m   [0;1mSELECT * FROM "listings" WHERE ("listings".user_id = 25382) [0m
  [4;35;1mAnalyzing Listing Load Execution Time: 0.003096

[0m   [0mIndex Scan using index_listings_on_id_and_user_id_and_title on listings  (cost=0.00..1615.79 rows=4 width=1172)
   Index Cond: (user_id = 25382)
[0m
  [4;36;1mSQL (171.0ms)[0m   [0;1mSELECT count(*) AS count_all FROM "impressions" WHERE ("impressions".listing_id = 75075) [0m
  [4;35;1mAnalyzing  Execution Time: 0.171279

[0m   [0mAggregate  (cost=12714.08..12714.09 rows=1 width=0)
   ->  Seq Scan on impressions  (cost=0.00..12714.00 rows=31 width=0)
         Filter: (listing_id = 75075)
[0m
  [4;36;1mSQL (8.5ms)[0m   [0;1mSELECT count(*) AS count_all FROM "clicks" WHERE ("clicks".listing_id = 75075) [0m
  [4;35;1mAnalyzing  Execution Time: 0.008837

[0m   [0mAggregate  (cost=814.47..814.48 rows=1 width=0)
   ->  Seq Scan on clicks  (cost=0.00..814.46 rows=2 width=0)
         Filter: (listing_id = 75075)
[0m
  [4;36;1mSQL (4.8ms)[0m   [0;1mSELECT count(*) AS count_all FROM "listings" WHERE ("listings".user_id = 25573) [0m
  [4;35;1mAnalyzing  Execution Time: 0.006927

[0m   [0mAggregate  (cost=1615.81..1615.82 rows=1 width=0)
   ->  Index Scan using index_listings_on_id_and_user_id_and_title on listings  (cost=0.00..1615.79 rows=4 width=0)
         Index Cond: (user_id = 25573)
[0m
  [4;36;1mListing Load (4.0ms)[0m   [0;1mSELECT * FROM "listings" WHERE ("listings".user_id = 25573) [0m
  [4;35;1mAnalyzing Listing Load Execution Time: 0.008937

[0m   [0mIndex Scan using index_listings_on_id_and_user_id_and_title on listings  (cost=0.00..1615.79 rows=4 width=1172)
   Index Cond: (user_id = 25573)
[0m
  [4;36;1mSQL (197.0ms)[0m   [0;1mSELECT count(*) AS count_all FROM "impressions" WHERE ("impressions".listing_id = 81455) [0m
  [4;35;1mAnalyzing  Execution Time: 0.197331

[0m   [0mAggregate  (cost=12714.08..12714.09 rows=1 width=0)
   ->  Seq Scan on impressions  (cost=0.00..12714.00 rows=31 width=0)
         Filter: (listing_id = 81455)
[0m
  [4;36;1mSQL (166.6ms)[0m   [0;1mSELECT count(*) AS count_all FROM "impressions" WHERE ("impressions".listing_id = 81690) [0m
  [4;35;1mAnalyzing  Execution Time: 0.166854

[0m   [0mAggregate  (cost=12714.08..12714.09 rows=1 width=0)
   ->  Seq Scan on impressions  (cost=0.00..12714.00 rows=31 width=0)
         Filter: (listing_id = 81690)
[0m
  [4;36;1mSQL (172.4ms)[0m   [0;1mSELECT count(*) AS count_all FROM "impressions" WHERE ("impressions".listing_id = 113276) [0m
  [4;35;1mAnalyzing  Execution Time: 0.172689

[0m   [0mAggregate  (cost=12714.08..12714.09 rows=1 width=0)
   ->  Seq Scan on impressions  (cost=0.00..12714.00 rows=31 width=0)
         Filter: (listing_id = 113276)
[0m
  [4;36;1mSQL (9.2ms)[0m   [0;1mSELECT count(*) AS count_all FROM "clicks" WHERE ("clicks".listing_id = 81455) [0m
  [4;35;1mAnalyzing  Execution Time: 0.009438

[0m   [0mAggregate  (cost=814.47..814.48 rows=1 width=0)
   ->  Seq Scan on clicks  (cost=0.00..814.46 rows=2 width=0)
         Filter: (listing_id = 81455)
[0m
  [4;36;1mSQL (10.7ms)[0m   [0;1mSELECT count(*) AS count_all FROM "clicks" WHERE ("clicks".listing_id = 81690) [0m
  [4;35;1mAnalyzing  Execution Time: 0.010948

[0m   [0mAggregate  (cost=814.47..814.48 rows=1 width=0)
   ->  Seq Scan on clicks  (cost=0.00..814.46 rows=2 width=0)
         Filter: (listing_id = 81690)
[0m
  [4;36;1mSQL (9.8ms)[0m   [0;1mSELECT count(*) AS count_all FROM "clicks" WHERE ("clicks".listing_id = 113276) [0m
  [4;35;1mAnalyzing  Execution Time: 0.010087

[0m   [0mAggregate  (cost=814.47..814.48 rows=1 width=0)
   ->  Seq Scan on clicks  (cost=0.00..814.46 rows=2 width=0)
         Filter: (listing_id = 113276)
[0m
  [4;36;1mSQL (1.9ms)[0m   [0;1mSELECT count(*) AS count_all FROM "listings" WHERE ("listings".user_id = 25571) [0m
  [4;35;1mAnalyzing  Execution Time: 0.002179

[0m   [0mAggregate  (cost=1615.81..1615.82 rows=1 width=0)
   ->  Index Scan using index_listings_on_id_and_user_id_and_title on listings  (cost=0.00..1615.79 rows=4 width=0)
         Index Cond: (user_id = 25571)
[0m
  [4;36;1mListing Load (2.2ms)[0m   [0;1mSELECT * FROM "listings" WHERE ("listings".user_id = 25571) [0m
  [4;35;1mAnalyzing Listing Load Execution Time: 0.002889

[0m   [0mIndex Scan using index_listings_on_id_and_user_id_and_title on listings  (cost=0.00..1615.79 rows=4 width=1172)
   Index Cond: (user_id = 25571)
[0m
  [4;36;1mSQL (158.6ms)[0m   [0;1mSELECT count(*) AS count_all FROM "impressions" WHERE ("impressions".listing_id = 66869) [0m
  [4;35;1mAnalyzing  Execution Time: 0.15884

[0m   [0mAggregate  (cost=12714.08..12714.09 rows=1 width=0)
   ->  Seq Scan on impressions  (cost=0.00..12714.00 rows=31 width=0)
         Filter: (listing_id = 66869)
[0m
  [4;36;1mSQL (10.1ms)[0m   [0;1mSELECT count(*) AS count_all FROM "clicks" WHERE ("clicks".listing_id = 66869) [0m
  [4;35;1mAnalyzing  Execution Time: 0.010418

[0m   [0mAggregate  (cost=814.47..814.48 rows=1 width=0)
   ->  Seq Scan on clicks  (cost=0.00..814.46 rows=2 width=0)
         Filter: (listing_id = 66869)
[0m
  [4;36;1mSQL (2.1ms)[0m   [0;1mSELECT count(*) AS count_all FROM "listings" WHERE ("listings".user_id = 25341) [0m
  [4;35;1mAnalyzing  Execution Time: 0.002328

[0m   [0mAggregate  (cost=1615.81..1615.82 rows=1 width=0)
   ->  Index Scan using index_listings_on_id_and_user_id_and_title on listings  (cost=0.00..1615.79 rows=4 width=0)
         Index Cond: (user_id = 25341)
[0m
  [4;36;1mListing Load (2.7ms)[0m   [0;1mSELECT * FROM "listings" WHERE ("listings".user_id = 25341) [0m
  [4;35;1mAnalyzing Listing Load Execution Time: 0.004606

[0m   [0mIndex Scan using index_listings_on_id_and_user_id_and_title on listings  (cost=0.00..1615.79 rows=4 width=1172)
   Index Cond: (user_id = 25341)
[0m
  [4;36;1mSQL (160.6ms)[0m   [0;1mSELECT count(*) AS count_all FROM "impressions" WHERE ("impressions".listing_id = 84194) [0m
  [4;35;1mAnalyzing  Execution Time: 0.160932

[0m   [0mAggregate  (cost=12714.08..12714.09 rows=1 width=0)
   ->  Seq Scan on impressions  (cost=0.00..12714.00 rows=31 width=0)
         Filter: (listing_id = 84194)
[0m
  [4;36;1mSQL (156.3ms)[0m   [0;1mSELECT count(*) AS count_all FROM "impressions" WHERE ("impressions".listing_id = 84195) [0m
  [4;35;1mAnalyzing  Execution Time: 0.156673

[0m   [0mAggregate  (cost=12714.08..12714.09 rows=1 width=0)
   ->  Seq Scan on impressions  (cost=0.00..12714.00 rows=31 width=0)
         Filter: (listing_id = 84195)
[0m
  [4;36;1mSQL (166.8ms)[0m   [0;1mSELECT count(*) AS count_all FROM "impressions" WHERE ("impressions".listing_id = 84196) [0m
  [4;35;1mAnalyzing  Execution Time: 0.167052

[0m   [0mAggregate  (cost=12714.08..12714.09 rows=1 width=0)
   ->  Seq Scan on impressions  (cost=0.00..12714.00 rows=31 width=0)
         Filter: (listing_id = 84196)
[0m
  [4;36;1mSQL (165.5ms)[0m   [0;1mSELECT count(*) AS count_all FROM "impressions" WHERE ("impressions".listing_id = 113061) [0m
  [4;35;1mAnalyzing  Execution Time: 0.165818

[0m   [0mAggregate  (cost=12714.08..12714.09 rows=1 width=0)
   ->  Seq Scan on impressions  (cost=0.00..12714.00 rows=31 width=0)
         Filter: (listing_id = 113061)
[0m
  [4;36;1mSQL (8.4ms)[0m   [0;1mSELECT count(*) AS count_all FROM "clicks" WHERE ("clicks".listing_id = 84194) [0m
  [4;35;1mAnalyzing  Execution Time: 0.008738

[0m   [0mAggregate  (cost=814.47..814.48 rows=1 width=0)
   ->  Seq Scan on clicks  (cost=0.00..814.46 rows=2 width=0)
         Filter: (listing_id = 84194)
[0m
  [4;36;1mSQL (8.5ms)[0m   [0;1mSELECT count(*) AS count_all FROM "clicks" WHERE ("clicks".listing_id = 84195) [0m
  [4;35;1mAnalyzing  Execution Time: 0.008722

[0m   [0mAggregate  (cost=814.47..814.48 rows=1 width=0)
   ->  Seq Scan on clicks  (cost=0.00..814.46 rows=2 width=0)
         Filter: (listing_id = 84195)
[0m
  [4;36;1mSQL (10.4ms)[0m   [0;1mSELECT count(*) AS count_all FROM "clicks" WHERE ("clicks".listing_id = 84196) [0m
  [4;35;1mAnalyzing  Execution Time: 0.010711

[0m   [0mAggregate  (cost=814.47..814.48 rows=1 width=0)
   ->  Seq Scan on clicks  (cost=0.00..814.46 rows=2 width=0)
         Filter: (listing_id = 84196)
[0m
  [4;36;1mSQL (8.4ms)[0m   [0;1mSELECT count(*) AS count_all FROM "clicks" WHERE ("clicks".listing_id = 113061) [0m
  [4;35;1mAnalyzing  Execution Time: 0.008688

[0m   [0mAggregate  (cost=814.47..814.48 rows=1 width=0)
   ->  Seq Scan on clicks  (cost=0.00..814.46 rows=2 width=0)
         Filter: (listing_id = 113061)
[0m
  [4;36;1mSQL (1.9ms)[0m   [0;1mSELECT count(*) AS count_all FROM "listings" WHERE ("listings".user_id = 25437) [0m
  [4;35;1mAnalyzing  Execution Time: 0.002146

[0m   [0mAggregate  (cost=1615.81..1615.82 rows=1 width=0)
   ->  Index Scan using index_listings_on_id_and_user_id_and_title on listings  (cost=0.00..1615.79 rows=4 width=0)
         Index Cond: (user_id = 25437)
[0m
  [4;36;1mListing Load (2.0ms)[0m   [0;1mSELECT * FROM "listings" WHERE ("listings".user_id = 25437) [0m
  [4;35;1mAnalyzing Listing Load Execution Time: 0.003108

[0m   [0mIndex Scan using index_listings_on_id_and_user_id_and_title on listings  (cost=0.00..1615.79 rows=4 width=1172)
   Index Cond: (user_id = 25437)
[0m
  [4;36;1mSQL (164.3ms)[0m   [0;1mSELECT count(*) AS count_all FROM "impressions" WHERE ("impressions".listing_id = 83719) [0m
  [4;35;1mAnalyzing  Execution Time: 0.164981

[0m   [0mAggregate  (cost=12714.08..12714.09 rows=1 width=0)
   ->  Seq Scan on impressions  (cost=0.00..12714.00 rows=31 width=0)
         Filter: (listing_id = 83719)
[0m
  [4;36;1mSQL (168.7ms)[0m   [0;1mSELECT count(*) AS count_all FROM "impressions" WHERE ("impressions".listing_id = 113121) [0m
  [4;35;1mAnalyzing  Execution Time: 0.168995

[0m   [0mAggregate  (cost=12714.08..12714.09 rows=1 width=0)
   ->  Seq Scan on impressions  (cost=0.00..12714.00 rows=31 width=0)
         Filter: (listing_id = 113121)
[0m
  [4;36;1mSQL (10.2ms)[0m   [0;1mSELECT count(*) AS count_all FROM "clicks" WHERE ("clicks".listing_id = 83719) [0m
  [4;35;1mAnalyzing  Execution Time: 0.010511

[0m   [0mAggregate  (cost=814.47..814.48 rows=1 width=0)
   ->  Seq Scan on clicks  (cost=0.00..814.46 rows=2 width=0)
         Filter: (listing_id = 83719)
[0m
  [4;36;1mSQL (10.1ms)[0m   [0;1mSELECT count(*) AS count_all FROM "clicks" WHERE ("clicks".listing_id = 113121) [0m
  [4;35;1mAnalyzing  Execution Time: 0.010492

[0m   [0mAggregate  (cost=814.47..814.48 rows=1 width=0)
   ->  Seq Scan on clicks  (cost=0.00..814.46 rows=2 width=0)
         Filter: (listing_id = 113121)
[0m
  [4;36;1mSQL (2.3ms)[0m   [0;1mSELECT count(*) AS count_all FROM "listings" WHERE ("listings".user_id = 25385) [0m
  [4;35;1mAnalyzing  Execution Time: 0.00261

[0m   [0mAggregate  (cost=1615.81..1615.82 rows=1 width=0)
   ->  Index Scan using index_listings_on_id_and_user_id_and_title on listings  (cost=0.00..1615.79 rows=4 width=0)
         Index Cond: (user_id = 25385)
[0m
  [4;36;1mListing Load (2.0ms)[0m   [0;1mSELECT * FROM "listings" WHERE ("listings".user_id = 25385) [0m
  [4;35;1mAnalyzing Listing Load Execution Time: 0.003119

[0m   [0mIndex Scan using index_listings_on_id_and_user_id_and_title on listings  (cost=0.00..1615.79 rows=4 width=1172)
   Index Cond: (user_id = 25385)
[0m
  [4;36;1mSQL (159.0ms)[0m   [0;1mSELECT count(*) AS count_all FROM "impressions" WHERE ("impressions".listing_id = 113088) [0m
  [4;35;1mAnalyzing  Execution Time: 0.159285

[0m   [0mAggregate  (cost=12714.08..12714.09 rows=1 width=0)
   ->  Seq Scan on impressions  (cost=0.00..12714.00 rows=31 width=0)
         Filter: (listing_id = 113088)
[0m
  [4;36;1mSQL (10.1ms)[0m   [0;1mSELECT count(*) AS count_all FROM "clicks" WHERE ("clicks".listing_id = 113088) [0m
  [4;35;1mAnalyzing  Execution Time: 0.010415

[0m   [0mAggregate  (cost=814.47..814.48 rows=1 width=0)
   ->  Seq Scan on clicks  (cost=0.00..814.46 rows=2 width=0)
         Filter: (listing_id = 113088)
[0m
  [4;36;1mSQL (2.2ms)[0m   [0;1mSELECT count(*) AS count_all FROM "listings" WHERE ("listings".user_id = 25379) [0m
  [4;35;1mAnalyzing  Execution Time: 0.002509

[0m   [0mAggregate  (cost=1615.81..1615.82 rows=1 width=0)
   ->  Index Scan using index_listings_on_id_and_user_id_and_title on listings  (cost=0.00..1615.79 rows=4 width=0)
         Index Cond: (user_id = 25379)
[0m
  [4;36;1mListing Load (1.9ms)[0m   [0;1mSELECT * FROM "listings" WHERE ("listings".user_id = 25379) [0m
  [4;35;1mAnalyzing Listing Load Execution Time: 0.002621

[0m   [0mIndex Scan using index_listings_on_id_and_user_id_and_title on listings  (cost=0.00..1615.79 rows=4 width=1172)
   Index Cond: (user_id = 25379)
[0m
  [4;36;1mSQL (170.0ms)[0m   [0;1mSELECT count(*) AS count_all FROM "impressions" WHERE ("impressions".listing_id = 78660) [0m
  [4;35;1mAnalyzing  Execution Time: 0.170325

[0m   [0mAggregate  (cost=12714.08..12714.09 rows=1 width=0)
   ->  Seq Scan on impressions  (cost=0.00..12714.00 rows=31 width=0)
         Filter: (listing_id = 78660)
[0m
  [4;36;1mSQL (8.4ms)[0m   [0;1mSELECT count(*) AS count_all FROM "clicks" WHERE ("clicks".listing_id = 78660) [0m
  [4;35;1mAnalyzing  Execution Time: 0.008667

[0m   [0mAggregate  (cost=814.47..814.48 rows=1 width=0)
   ->  Seq Scan on clicks  (cost=0.00..814.46 rows=2 width=0)
         Filter: (listing_id = 78660)
[0m
  [4;36;1mSQL (1.9ms)[0m   [0;1mSELECT count(*) AS count_all FROM "listings" WHERE ("listings".user_id = 25562) [0m
  [4;35;1mAnalyzing  Execution Time: 0.002198

[0m   [0mAggregate  (cost=1615.81..1615.82 rows=1 width=0)
   ->  Index Scan using index_listings_on_id_and_user_id_and_title on listings  (cost=0.00..1615.79 rows=4 width=0)
         Index Cond: (user_id = 25562)
[0m
  [4;36;1mListing Load (2.0ms)[0m   [0;1mSELECT * FROM "listings" WHERE ("listings".user_id = 25562) [0m
  [4;35;1mAnalyzing Listing Load Execution Time: 0.002749

[0m   [0mIndex Scan using index_listings_on_id_and_user_id_and_title on listings  (cost=0.00..1615.79 rows=4 width=1172)
   Index Cond: (user_id = 25562)
[0m
  [4;36;1mSQL (156.4ms)[0m   [0;1mSELECT count(*) AS count_all FROM "impressions" WHERE ("impressions".listing_id = 113269) [0m
  [4;35;1mAnalyzing  Execution Time: 0.156664

[0m   [0mAggregate  (cost=12714.08..12714.09 rows=1 width=0)
   ->  Seq Scan on impressions  (cost=0.00..12714.00 rows=31 width=0)
         Filter: (listing_id = 113269)
[0m
  [4;36;1mSQL (8.7ms)[0m   [0;1mSELECT count(*) AS count_all FROM "clicks" WHERE ("clicks".listing_id = 113269) [0m
  [4;35;1mAnalyzing  Execution Time: 0.008935

[0m   [0mAggregate  (cost=814.47..814.48 rows=1 width=0)
   ->  Seq Scan on clicks  (cost=0.00..814.46 rows=2 width=0)
         Filter: (listing_id = 113269)
[0m
  [4;36;1mSQL (2.0ms)[0m   [0;1mSELECT count(*) AS count_all FROM "listings" WHERE ("listings".user_id = 25555) [0m
  [4;35;1mAnalyzing  Execution Time: 0.002242

[0m   [0mAggregate  (cost=1615.81..1615.82 rows=1 width=0)
   ->  Index Scan using index_listings_on_id_and_user_id_and_title on listings  (cost=0.00..1615.79 rows=4 width=0)
         Index Cond: (user_id = 25555)
[0m
  [4;36;1mListing Load (3.8ms)[0m   [0;1mSELECT * FROM "listings" WHERE ("listings".user_id = 25555) [0m
  [4;35;1mAnalyzing Listing Load Execution Time: 0.004628

[0m   [0mIndex Scan using index_listings_on_id_and_user_id_and_title on listings  (cost=0.00..1615.79 rows=4 width=1172)
   Index Cond: (user_id = 25555)
[0m
  [4;36;1mSQL (170.8ms)[0m   [0;1mSELECT count(*) AS count_all FROM "impressions" WHERE ("impressions".listing_id = 113257) [0m
  [4;35;1mAnalyzing  Execution Time: 0.171089

[0m   [0mAggregate  (cost=12714.08..12714.09 rows=1 width=0)
   ->  Seq Scan on impressions  (cost=0.00..12714.00 rows=31 width=0)
         Filter: (listing_id = 113257)
[0m
  [4;36;1mSQL (9.3ms)[0m   [0;1mSELECT count(*) AS count_all FROM "clicks" WHERE ("clicks".listing_id = 113257) [0m
  [4;35;1mAnalyzing  Execution Time: 0.009543

[0m   [0mAggregate  (cost=814.47..814.48 rows=1 width=0)
   ->  Seq Scan on clicks  (cost=0.00..814.46 rows=2 width=0)
         Filter: (listing_id = 113257)
[0m
  [4;36;1mSQL (1.9ms)[0m   [0;1mSELECT count(*) AS count_all FROM "listings" WHERE ("listings".user_id = 25552) [0m
  [4;35;1mAnalyzing  Execution Time: 0.002099

[0m   [0mAggregate  (cost=1615.81..1615.82 rows=1 width=0)
   ->  Index Scan using index_listings_on_id_and_user_id_and_title on listings  (cost=0.00..1615.79 rows=4 width=0)
         Index Cond: (user_id = 25552)
[0m
  [4;36;1mListing Load (2.0ms)[0m   [0;1mSELECT * FROM "listings" WHERE ("listings".user_id = 25552) [0m
  [4;35;1mAnalyzing Listing Load Execution Time: 0.002896

[0m   [0mIndex Scan using index_listings_on_id_and_user_id_and_title on listings  (cost=0.00..1615.79 rows=4 width=1172)
   Index Cond: (user_id = 25552)
[0m
  [4;36;1mSQL (163.0ms)[0m   [0;1mSELECT count(*) AS count_all FROM "impressions" WHERE ("impressions".listing_id = 75057) [0m
  [4;35;1mAnalyzing  Execution Time: 0.163262

[0m   [0mAggregate  (cost=12714.08..12714.09 rows=1 width=0)
   ->  Seq Scan on impressions  (cost=0.00..12714.00 rows=31 width=0)
         Filter: (listing_id = 75057)
[0m
  [4;36;1mSQL (9.5ms)[0m   [0;1mSELECT count(*) AS count_all FROM "clicks" WHERE ("clicks".listing_id = 75057) [0m
  [4;35;1mAnalyzing  Execution Time: 0.009762

[0m   [0mAggregate  (cost=814.47..814.48 rows=1 width=0)
   ->  Seq Scan on clicks  (cost=0.00..814.46 rows=2 width=0)
         Filter: (listing_id = 75057)
[0m
  [4;36;1mSQL (2.4ms)[0m   [0;1mSELECT count(*) AS count_all FROM "listings" WHERE ("listings".user_id = 25390) [0m
  [4;35;1mAnalyzing  Execution Time: 0.002672

[0m   [0mAggregate  (cost=1615.81..1615.82 rows=1 width=0)
   ->  Index Scan using index_listings_on_id_and_user_id_and_title on listings  (cost=0.00..1615.79 rows=4 width=0)
         Index Cond: (user_id = 25390)
[0m
  [4;36;1mListing Load (2.1ms)[0m   [0;1mSELECT * FROM "listings" WHERE ("listings".user_id = 25390) [0m
  [4;35;1mAnalyzing Listing Load Execution Time: 0.002849

[0m   [0mIndex Scan using index_listings_on_id_and_user_id_and_title on listings  (cost=0.00..1615.79 rows=4 width=1172)
   Index Cond: (user_id = 25390)
[0m
  [4;36;1mSQL (156.3ms)[0m   [0;1mSELECT count(*) AS count_all FROM "impressions" WHERE ("impressions".listing_id = 101070) [0m
  [4;35;1mAnalyzing  Execution Time: 0.156543

[0m   [0mAggregate  (cost=12714.08..12714.09 rows=1 width=0)
   ->  Seq Scan on impressions  (cost=0.00..12714.00 rows=31 width=0)
         Filter: (listing_id = 101070)
[0m
  [4;36;1mSQL (8.9ms)[0m   [0;1mSELECT count(*) AS count_all FROM "clicks" WHERE ("clicks".listing_id = 101070) [0m
  [4;35;1mAnalyzing  Execution Time: 0.009177

[0m   [0mAggregate  (cost=814.47..814.48 rows=1 width=0)
   ->  Seq Scan on clicks  (cost=0.00..814.46 rows=2 width=0)
         Filter: (listing_id = 101070)
[0m
  [4;36;1mSQL (1.9ms)[0m   [0;1mSELECT count(*) AS count_all FROM "listings" WHERE ("listings".user_id = 25409) [0m
  [4;35;1mAnalyzing  Execution Time: 0.002131

[0m   [0mAggregate  (cost=1615.81..1615.82 rows=1 width=0)
   ->  Index Scan using index_listings_on_id_and_user_id_and_title on listings  (cost=0.00..1615.79 rows=4 width=0)
         Index Cond: (user_id = 25409)
[0m
  [4;36;1mListing Load (2.1ms)[0m   [0;1mSELECT * FROM "listings" WHERE ("listings".user_id = 25409) [0m
  [4;35;1mAnalyzing Listing Load Execution Time: 0.002767

[0m   [0mIndex Scan using index_listings_on_id_and_user_id_and_title on listings  (cost=0.00..1615.79 rows=4 width=1172)
   Index Cond: (user_id = 25409)
[0m
  [4;36;1mSQL (157.1ms)[0m   [0;1mSELECT count(*) AS count_all FROM "impressions" WHERE ("impressions".listing_id = 81725) [0m
  [4;35;1mAnalyzing  Execution Time: 0.157401

[0m   [0mAggregate  (cost=12714.08..12714.09 rows=1 width=0)
   ->  Seq Scan on impressions  (cost=0.00..12714.00 rows=31 width=0)
         Filter: (listing_id = 81725)
[0m
  [4;36;1mSQL (9.4ms)[0m   [0;1mSELECT count(*) AS count_all FROM "clicks" WHERE ("clicks".listing_id = 81725) [0m
  [4;35;1mAnalyzing  Execution Time: 0.009719

[0m   [0mAggregate  (cost=814.47..814.48 rows=1 width=0)
   ->  Seq Scan on clicks  (cost=0.00..814.46 rows=2 width=0)
         Filter: (listing_id = 81725)
[0m
  [4;36;1mSQL (1.9ms)[0m   [0;1mSELECT count(*) AS count_all FROM "listings" WHERE ("listings".user_id = 25567) [0m
  [4;35;1mAnalyzing  Execution Time: 0.002188

[0m   [0mAggregate  (cost=1615.81..1615.82 rows=1 width=0)
   ->  Index Scan using index_listings_on_id_and_user_id_and_title on listings  (cost=0.00..1615.79 rows=4 width=0)
         Index Cond: (user_id = 25567)
[0m
  [4;36;1mListing Load (2.0ms)[0m   [0;1mSELECT * FROM "listings" WHERE ("listings".user_id = 25567) [0m
  [4;35;1mAnalyzing Listing Load Execution Time: 0.002676

[0m   [0mIndex Scan using index_listings_on_id_and_user_id_and_title on listings  (cost=0.00..1615.79 rows=4 width=1172)
   Index Cond: (user_id = 25567)
[0m
  [4;36;1mSQL (171.4ms)[0m   [0;1mSELECT count(*) AS count_all FROM "impressions" WHERE ("impressions".listing_id = 113272) [0m
  [4;35;1mAnalyzing  Execution Time: 0.171663

[0m   [0mAggregate  (cost=12714.08..12714.09 rows=1 width=0)
   ->  Seq Scan on impressions  (cost=0.00..12714.00 rows=31 width=0)
         Filter: (listing_id = 113272)
[0m
  [4;36;1mSQL (9.4ms)[0m   [0;1mSELECT count(*) AS count_all FROM "clicks" WHERE ("clicks".listing_id = 113272) [0m
  [4;35;1mAnalyzing  Execution Time: 0.00963

[0m   [0mAggregate  (cost=814.47..814.48 rows=1 width=0)
   ->  Seq Scan on clicks  (cost=0.00..814.46 rows=2 width=0)
         Filter: (listing_id = 113272)
[0m
  [4;36;1mSQL (4.5ms)[0m   [0;1mSELECT count(*) AS count_all FROM "listings" WHERE ("listings".user_id = 25564) [0m
  [4;35;1mAnalyzing  Execution Time: 0.004909

[0m   [0mAggregate  (cost=1615.81..1615.82 rows=1 width=0)
   ->  Index Scan using index_listings_on_id_and_user_id_and_title on listings  (cost=0.00..1615.79 rows=4 width=0)
         Index Cond: (user_id = 25564)
[0m
  [4;36;1mListing Load (2.0ms)[0m   [0;1mSELECT * FROM "listings" WHERE ("listings".user_id = 25564) [0m
  [4;35;1mAnalyzing Listing Load Execution Time: 0.002724

[0m   [0mIndex Scan using index_listings_on_id_and_user_id_and_title on listings  (cost=0.00..1615.79 rows=4 width=1172)
   Index Cond: (user_id = 25564)
[0m
  [4;36;1mSQL (156.5ms)[0m   [0;1mSELECT count(*) AS count_all FROM "impressions" WHERE ("impressions".listing_id = 105378) [0m
  [4;35;1mAnalyzing  Execution Time: 0.156757

[0m   [0mAggregate  (cost=12714.08..12714.09 rows=1 width=0)
   ->  Seq Scan on impressions  (cost=0.00..12714.00 rows=31 width=0)
         Filter: (listing_id = 105378)
[0m
  [4;36;1mSQL (8.9ms)[0m   [0;1mSELECT count(*) AS count_all FROM "clicks" WHERE ("clicks".listing_id = 105378) [0m
  [4;35;1mAnalyzing  Execution Time: 0.009211

[0m   [0mAggregate  (cost=814.47..814.48 rows=1 width=0)
   ->  Seq Scan on clicks  (cost=0.00..814.46 rows=2 width=0)
         Filter: (listing_id = 105378)
[0m
  [4;36;1mSQL (1.8ms)[0m   [0;1mSELECT count(*) AS count_all FROM "listings" WHERE ("listings".user_id = 25563) [0m
  [4;35;1mAnalyzing  Execution Time: 0.002051

[0m   [0mAggregate  (cost=1615.81..1615.82 rows=1 width=0)
   ->  Index Scan using index_listings_on_id_and_user_id_and_title on listings  (cost=0.00..1615.79 rows=4 width=0)
         Index Cond: (user_id = 25563)
[0m
  [4;36;1mListing Load (2.1ms)[0m   [0;1mSELECT * FROM "listings" WHERE ("listings".user_id = 25563) [0m
  [4;35;1mAnalyzing Listing Load Execution Time: 0.002928

[0m   [0mIndex Scan using index_listings_on_id_and_user_id_and_title on listings  (cost=0.00..1615.79 rows=4 width=1172)
   Index Cond: (user_id = 25563)
[0m
  [4;36;1mSQL (150.3ms)[0m   [0;1mSELECT count(*) AS count_all FROM "impressions" WHERE ("impressions".listing_id = 101030) [0m
  [4;35;1mAnalyzing  Execution Time: 0.150581

[0m   [0mAggregate  (cost=12714.08..12714.09 rows=1 width=0)
   ->  Seq Scan on impressions  (cost=0.00..12714.00 rows=31 width=0)
         Filter: (listing_id = 101030)
[0m
  [4;36;1mSQL (8.4ms)[0m   [0;1mSELECT count(*) AS count_all FROM "clicks" WHERE ("clicks".listing_id = 101030) [0m
  [4;35;1mAnalyzing  Execution Time: 0.008717

[0m   [0mAggregate  (cost=814.47..814.48 rows=1 width=0)
   ->  Seq Scan on clicks  (cost=0.00..814.46 rows=2 width=0)
         Filter: (listing_id = 101030)
[0m
  [4;36;1mSQL (1.9ms)[0m   [0;1mSELECT count(*) AS count_all FROM "listings" WHERE ("listings".user_id = 25560) [0m
  [4;35;1mAnalyzing  Execution Time: 0.002192

[0m   [0mAggregate  (cost=1615.81..1615.82 rows=1 width=0)
   ->  Index Scan using index_listings_on_id_and_user_id_and_title on listings  (cost=0.00..1615.79 rows=4 width=0)
         Index Cond: (user_id = 25560)
[0m
  [4;36;1mListing Load (1.9ms)[0m   [0;1mSELECT * FROM "listings" WHERE ("listings".user_id = 25560) [0m
  [4;35;1mAnalyzing Listing Load Execution Time: 0.002602

[0m   [0mIndex Scan using index_listings_on_id_and_user_id_and_title on listings  (cost=0.00..1615.79 rows=4 width=1172)
   Index Cond: (user_id = 25560)
[0m
  [4;36;1mSQL (149.0ms)[0m   [0;1mSELECT count(*) AS count_all FROM "impressions" WHERE ("impressions".listing_id = 113267) [0m
  [4;35;1mAnalyzing  Execution Time: 0.149288

[0m   [0mAggregate  (cost=12714.08..12714.09 rows=1 width=0)
   ->  Seq Scan on impressions  (cost=0.00..12714.00 rows=31 width=0)
         Filter: (listing_id = 113267)
[0m
  [4;36;1mSQL (8.4ms)[0m   [0;1mSELECT count(*) AS count_all FROM "clicks" WHERE ("clicks".listing_id = 113267) [0m
  [4;35;1mAnalyzing  Execution Time: 0.00871

[0m   [0mAggregate  (cost=814.47..814.48 rows=1 width=0)
   ->  Seq Scan on clicks  (cost=0.00..814.46 rows=2 width=0)
         Filter: (listing_id = 113267)
[0m
  [4;36;1mSQL (2.1ms)[0m   [0;1mSELECT count(*) AS count_all FROM "listings" WHERE ("listings".user_id = 25436) [0m
  [4;35;1mAnalyzing  Execution Time: 0.002354

[0m   [0mAggregate  (cost=1615.81..1615.82 rows=1 width=0)
   ->  Index Scan using index_listings_on_id_and_user_id_and_title on listings  (cost=0.00..1615.79 rows=4 width=0)
         Index Cond: (user_id = 25436)
[0m
  [4;36;1mListing Load (1.9ms)[0m   [0;1mSELECT * FROM "listings" WHERE ("listings".user_id = 25436) [0m
  [4;35;1mAnalyzing Listing Load Execution Time: 0.002613

[0m   [0mIndex Scan using index_listings_on_id_and_user_id_and_title on listings  (cost=0.00..1615.79 rows=4 width=1172)
   Index Cond: (user_id = 25436)
[0m
  [4;36;1mSQL (150.9ms)[0m   [0;1mSELECT count(*) AS count_all FROM "impressions" WHERE ("impressions".listing_id = 82582) [0m
  [4;35;1mAnalyzing  Execution Time: 0.15122

[0m   [0mAggregate  (cost=12714.08..12714.09 rows=1 width=0)
   ->  Seq Scan on impressions  (cost=0.00..12714.00 rows=31 width=0)
         Filter: (listing_id = 82582)
[0m
  [4;36;1mSQL (8.5ms)[0m   [0;1mSELECT count(*) AS count_all FROM "clicks" WHERE ("clicks".listing_id = 82582) [0m
  [4;35;1mAnalyzing  Execution Time: 0.008754

[0m   [0mAggregate  (cost=814.47..814.48 rows=1 width=0)
   ->  Seq Scan on clicks  (cost=0.00..814.46 rows=2 width=0)
         Filter: (listing_id = 82582)
[0m
  [4;36;1mSQL (2.9ms)[0m   [0;1mSELECT count(*) AS count_all FROM "listings" WHERE ("listings".user_id = 25559) [0m
  [4;35;1mAnalyzing  Execution Time: 0.003227

[0m   [0mAggregate  (cost=1615.81..1615.82 rows=1 width=0)
   ->  Index Scan using index_listings_on_id_and_user_id_and_title on listings  (cost=0.00..1615.79 rows=4 width=0)
         Index Cond: (user_id = 25559)
[0m
  [4;36;1mListing Load (2.2ms)[0m   [0;1mSELECT * FROM "listings" WHERE ("listings".user_id = 25559) [0m
  [4;35;1mAnalyzing Listing Load Execution Time: 0.00289

[0m   [0mIndex Scan using index_listings_on_id_and_user_id_and_title on listings  (cost=0.00..1615.79 rows=4 width=1172)
   Index Cond: (user_id = 25559)
[0m
  [4;36;1mSQL (148.3ms)[0m   [0;1mSELECT count(*) AS count_all FROM "impressions" WHERE ("impressions".listing_id = 81581) [0m
  [4;35;1mAnalyzing  Execution Time: 0.14858

[0m   [0mAggregate  (cost=12714.08..12714.09 rows=1 width=0)
   ->  Seq Scan on impressions  (cost=0.00..12714.00 rows=31 width=0)
         Filter: (listing_id = 81581)
[0m
  [4;36;1mSQL (9.0ms)[0m   [0;1mSELECT count(*) AS count_all FROM "clicks" WHERE ("clicks".listing_id = 81581) [0m
  [4;35;1mAnalyzing  Execution Time: 0.009312

[0m   [0mAggregate  (cost=814.47..814.48 rows=1 width=0)
   ->  Seq Scan on clicks  (cost=0.00..814.46 rows=2 width=0)
         Filter: (listing_id = 81581)
[0m
  [4;36;1mSQL (2.0ms)[0m   [0;1mSELECT count(*) AS count_all FROM "listings" WHERE ("listings".user_id = 25558) [0m
  [4;35;1mAnalyzing  Execution Time: 0.002279

[0m   [0mAggregate  (cost=1615.81..1615.82 rows=1 width=0)
   ->  Index Scan using index_listings_on_id_and_user_id_and_title on listings  (cost=0.00..1615.79 rows=4 width=0)
         Index Cond: (user_id = 25558)
[0m
  [4;36;1mListing Load (2.0ms)[0m   [0;1mSELECT * FROM "listings" WHERE ("listings".user_id = 25558) [0m
  [4;35;1mAnalyzing Listing Load Execution Time: 0.002655

[0m   [0mIndex Scan using index_listings_on_id_and_user_id_and_title on listings  (cost=0.00..1615.79 rows=4 width=1172)
   Index Cond: (user_id = 25558)
[0m
  [4;36;1mSQL (148.8ms)[0m   [0;1mSELECT count(*) AS count_all FROM "impressions" WHERE ("impressions".listing_id = 113266) [0m
  [4;35;1mAnalyzing  Execution Time: 0.149086

[0m   [0mAggregate  (cost=12714.08..12714.09 rows=1 width=0)
   ->  Seq Scan on impressions  (cost=0.00..12714.00 rows=31 width=0)
         Filter: (listing_id = 113266)
[0m
  [4;36;1mSQL (8.8ms)[0m   [0;1mSELECT count(*) AS count_all FROM "clicks" WHERE ("clicks".listing_id = 113266) [0m
  [4;35;1mAnalyzing  Execution Time: 0.009016

[0m   [0mAggregate  (cost=814.47..814.48 rows=1 width=0)
   ->  Seq Scan on clicks  (cost=0.00..814.46 rows=2 width=0)
         Filter: (listing_id = 113266)
[0m
  [4;36;1mSQL (1.9ms)[0m   [0;1mSELECT count(*) AS count_all FROM "listings" WHERE ("listings".user_id = 25418) [0m
  [4;35;1mAnalyzing  Execution Time: 0.002194

[0m   [0mAggregate  (cost=1615.81..1615.82 rows=1 width=0)
   ->  Index Scan using index_listings_on_id_and_user_id_and_title on listings  (cost=0.00..1615.79 rows=4 width=0)
         Index Cond: (user_id = 25418)
[0m
  [4;36;1mListing Load (2.1ms)[0m   [0;1mSELECT * FROM "listings" WHERE ("listings".user_id = 25418) [0m
  [4;35;1mAnalyzing Listing Load Execution Time: 0.002825

[0m   [0mIndex Scan using index_listings_on_id_and_user_id_and_title on listings  (cost=0.00..1615.79 rows=4 width=1172)
   Index Cond: (user_id = 25418)
[0m
  [4;36;1mSQL (145.7ms)[0m   [0;1mSELECT count(*) AS count_all FROM "impressions" WHERE ("impressions".listing_id = 113109) [0m
  [4;35;1mAnalyzing  Execution Time: 0.145972

[0m   [0mAggregate  (cost=12714.08..12714.09 rows=1 width=0)
   ->  Seq Scan on impressions  (cost=0.00..12714.00 rows=31 width=0)
         Filter: (listing_id = 113109)
[0m
  [4;36;1mSQL (9.7ms)[0m   [0;1mSELECT count(*) AS count_all FROM "clicks" WHERE ("clicks".listing_id = 113109) [0m
  [4;35;1mAnalyzing  Execution Time: 0.009942

[0m   [0mAggregate  (cost=814.47..814.48 rows=1 width=0)
   ->  Seq Scan on clicks  (cost=0.00..814.46 rows=2 width=0)
         Filter: (listing_id = 113109)
[0m
  [4;36;1mSQL (2.0ms)[0m   [0;1mSELECT count(*) AS count_all FROM "listings" WHERE ("listings".user_id = 25557) [0m
  [4;35;1mAnalyzing  Execution Time: 0.002227

[0m   [0mAggregate  (cost=1615.81..1615.82 rows=1 width=0)
   ->  Index Scan using index_listings_on_id_and_user_id_and_title on listings  (cost=0.00..1615.79 rows=4 width=0)
         Index Cond: (user_id = 25557)
[0m
  [4;36;1mListing Load (2.0ms)[0m   [0;1mSELECT * FROM "listings" WHERE ("listings".user_id = 25557) [0m
  [4;35;1mAnalyzing Listing Load Execution Time: 0.002719

[0m   [0mIndex Scan using index_listings_on_id_and_user_id_and_title on listings  (cost=0.00..1615.79 rows=4 width=1172)
   Index Cond: (user_id = 25557)
[0m
  [4;36;1mSQL (147.5ms)[0m   [0;1mSELECT count(*) AS count_all FROM "impressions" WHERE ("impressions".listing_id = 81261) [0m
  [4;35;1mAnalyzing  Execution Time: 0.147791

[0m   [0mAggregate  (cost=12714.08..12714.09 rows=1 width=0)
   ->  Seq Scan on impressions  (cost=0.00..12714.00 rows=31 width=0)
         Filter: (listing_id = 81261)
[0m
  [4;36;1mSQL (9.8ms)[0m   [0;1mSELECT count(*) AS count_all FROM "clicks" WHERE ("clicks".listing_id = 81261) [0m
  [4;35;1mAnalyzing  Execution Time: 0.010039

[0m   [0mAggregate  (cost=814.47..814.48 rows=1 width=0)
   ->  Seq Scan on clicks  (cost=0.00..814.46 rows=2 width=0)
         Filter: (listing_id = 81261)
[0m
  [4;36;1mSQL (1.8ms)[0m   [0;1mSELECT count(*) AS count_all FROM "listings" WHERE ("listings".user_id = 25553) [0m
  [4;35;1mAnalyzing  Execution Time: 0.002046

[0m   [0mAggregate  (cost=1615.81..1615.82 rows=1 width=0)
   ->  Index Scan using index_listings_on_id_and_user_id_and_title on listings  (cost=0.00..1615.79 rows=4 width=0)
         Index Cond: (user_id = 25553)
[0m
  [4;36;1mListing Load (2.0ms)[0m   [0;1mSELECT * FROM "listings" WHERE ("listings".user_id = 25553) [0m
  [4;35;1mAnalyzing Listing Load Execution Time: 0.002812

[0m   [0mIndex Scan using index_listings_on_id_and_user_id_and_title on listings  (cost=0.00..1615.79 rows=4 width=1172)
   Index Cond: (user_id = 25553)
[0m
  [4;36;1mSQL (148.5ms)[0m   [0;1mSELECT count(*) AS count_all FROM "impressions" WHERE ("impressions".listing_id = 113256) [0m
  [4;35;1mAnalyzing  Execution Time: 0.149268

[0m   [0mAggregate  (cost=12714.08..12714.09 rows=1 width=0)
   ->  Seq Scan on impressions  (cost=0.00..12714.00 rows=31 width=0)
         Filter: (listing_id = 113256)
[0m
  [4;36;1mSQL (8.5ms)[0m   [0;1mSELECT count(*) AS count_all FROM "clicks" WHERE ("clicks".listing_id = 113256) [0m
  [4;35;1mAnalyzing  Execution Time: 0.008795

[0m   [0mAggregate  (cost=814.47..814.48 rows=1 width=0)
   ->  Seq Scan on clicks  (cost=0.00..814.46 rows=2 width=0)
         Filter: (listing_id = 113256)
[0m
  [4;36;1mSQL (1.8ms)[0m   [0;1mSELECT count(*) AS count_all FROM "listings" WHERE ("listings".user_id = 25358) [0m
  [4;35;1mAnalyzing  Execution Time: 0.002056

[0m   [0mAggregate  (cost=1615.81..1615.82 rows=1 width=0)
   ->  Index Scan using index_listings_on_id_and_user_id_and_title on listings  (cost=0.00..1615.79 rows=4 width=0)
         Index Cond: (user_id = 25358)
[0m
  [4;36;1mListing Load (1.9ms)[0m   [0;1mSELECT * FROM "listings" WHERE ("listings".user_id = 25358) [0m
  [4;35;1mAnalyzing Listing Load Execution Time: 0.002633

[0m   [0mIndex Scan using index_listings_on_id_and_user_id_and_title on listings  (cost=0.00..1615.79 rows=4 width=1172)
   Index Cond: (user_id = 25358)
[0m
  [4;36;1mSQL (148.1ms)[0m   [0;1mSELECT count(*) AS count_all FROM "impressions" WHERE ("impressions".listing_id = 113076) [0m
  [4;35;1mAnalyzing  Execution Time: 0.14843

[0m   [0mAggregate  (cost=12714.08..12714.09 rows=1 width=0)
   ->  Seq Scan on impressions  (cost=0.00..12714.00 rows=31 width=0)
         Filter: (listing_id = 113076)
[0m
  [4;36;1mSQL (8.4ms)[0m   [0;1mSELECT count(*) AS count_all FROM "clicks" WHERE ("clicks".listing_id = 113076) [0m
  [4;35;1mAnalyzing  Execution Time: 0.008638

[0m   [0mAggregate  (cost=814.47..814.48 rows=1 width=0)
   ->  Seq Scan on clicks  (cost=0.00..814.46 rows=2 width=0)
         Filter: (listing_id = 113076)
[0m
  [4;36;1mSQL (1.8ms)[0m   [0;1mSELECT count(*) AS count_all FROM "listings" WHERE ("listings".user_id = 25351) [0m
  [4;35;1mAnalyzing  Execution Time: 0.002108

[0m   [0mAggregate  (cost=1615.81..1615.82 rows=1 width=0)
   ->  Index Scan using index_listings_on_id_and_user_id_and_title on listings  (cost=0.00..1615.79 rows=4 width=0)
         Index Cond: (user_id = 25351)
[0m
  [4;36;1mListing Load (1.9ms)[0m   [0;1mSELECT * FROM "listings" WHERE ("listings".user_id = 25351) [0m
  [4;35;1mAnalyzing Listing Load Execution Time: 0.002612

[0m   [0mIndex Scan using index_listings_on_id_and_user_id_and_title on listings  (cost=0.00..1615.79 rows=4 width=1172)
   Index Cond: (user_id = 25351)
[0m
  [4;36;1mSQL (146.6ms)[0m   [0;1mSELECT count(*) AS count_all FROM "impressions" WHERE ("impressions".listing_id = 113071) [0m
  [4;35;1mAnalyzing  Execution Time: 0.146888

[0m   [0mAggregate  (cost=12714.08..12714.09 rows=1 width=0)
   ->  Seq Scan on impressions  (cost=0.00..12714.00 rows=31 width=0)
         Filter: (listing_id = 113071)
[0m
  [4;36;1mSQL (8.5ms)[0m   [0;1mSELECT count(*) AS count_all FROM "clicks" WHERE ("clicks".listing_id = 113071) [0m
  [4;35;1mAnalyzing  Execution Time: 0.00871

[0m   [0mAggregate  (cost=814.47..814.48 rows=1 width=0)
   ->  Seq Scan on clicks  (cost=0.00..814.46 rows=2 width=0)
         Filter: (listing_id = 113071)
[0m
  [4;36;1mSQL (1.9ms)[0m   [0;1mSELECT count(*) AS count_all FROM "listings" WHERE ("listings".user_id = 25548) [0m
  [4;35;1mAnalyzing  Execution Time: 0.002094

[0m   [0mAggregate  (cost=1615.81..1615.82 rows=1 width=0)
   ->  Index Scan using index_listings_on_id_and_user_id_and_title on listings  (cost=0.00..1615.79 rows=4 width=0)
         Index Cond: (user_id = 25548)
[0m
  [4;36;1mListing Load (1.9ms)[0m   [0;1mSELECT * FROM "listings" WHERE ("listings".user_id = 25548) [0m
  [4;35;1mAnalyzing Listing Load Execution Time: 0.002654

[0m   [0mIndex Scan using index_listings_on_id_and_user_id_and_title on listings  (cost=0.00..1615.79 rows=4 width=1172)
   Index Cond: (user_id = 25548)
[0m
  [4;36;1mSQL (146.8ms)[0m   [0;1mSELECT count(*) AS count_all FROM "impressions" WHERE ("impressions".listing_id = 113174) [0m
  [4;35;1mAnalyzing  Execution Time: 0.147073

[0m   [0mAggregate  (cost=12714.08..12714.09 rows=1 width=0)
   ->  Seq Scan on impressions  (cost=0.00..12714.00 rows=31 width=0)
         Filter: (listing_id = 113174)
[0m
  [4;36;1mSQL (8.7ms)[0m   [0;1mSELECT count(*) AS count_all FROM "clicks" WHERE ("clicks".listing_id = 113174) [0m
  [4;35;1mAnalyzing  Execution Time: 0.008909

[0m   [0mAggregate  (cost=814.47..814.48 rows=1 width=0)
   ->  Seq Scan on clicks  (cost=0.00..814.46 rows=2 width=0)
         Filter: (listing_id = 113174)
[0m
  [4;36;1mSQL (1.9ms)[0m   [0;1mSELECT count(*) AS count_all FROM "listings" WHERE ("listings".user_id = 25550) [0m
  [4;35;1mAnalyzing  Execution Time: 0.002144

[0m   [0mAggregate  (cost=1615.81..1615.82 rows=1 width=0)
   ->  Index Scan using index_listings_on_id_and_user_id_and_title on listings  (cost=0.00..1615.79 rows=4 width=0)
         Index Cond: (user_id = 25550)
[0m
  [4;36;1mListing Load (2.5ms)[0m   [0;1mSELECT * FROM "listings" WHERE ("listings".user_id = 25550) [0m
  [4;35;1mAnalyzing Listing Load Execution Time: 0.015409

[0m   [0mIndex Scan using index_listings_on_id_and_user_id_and_title on listings  (cost=0.00..1615.79 rows=4 width=1172)
   Index Cond: (user_id = 25550)
[0m
  [4;36;1mSQL (146.1ms)[0m   [0;1mSELECT count(*) AS count_all FROM "impressions" WHERE ("impressions".listing_id = 64827) [0m
  [4;35;1mAnalyzing  Execution Time: 0.146381

[0m   [0mAggregate  (cost=12714.08..12714.09 rows=1 width=0)
   ->  Seq Scan on impressions  (cost=0.00..12714.00 rows=31 width=0)
         Filter: (listing_id = 64827)
[0m
  [4;36;1mSQL (156.6ms)[0m   [0;1mSELECT count(*) AS count_all FROM "impressions" WHERE ("impressions".listing_id = 67737) [0m
  [4;35;1mAnalyzing  Execution Time: 0.15685

[0m   [0mAggregate  (cost=12714.08..12714.09 rows=1 width=0)
   ->  Seq Scan on impressions  (cost=0.00..12714.00 rows=31 width=0)
         Filter: (listing_id = 67737)
[0m
  [4;36;1mSQL (275.2ms)[0m   [0;1mSELECT count(*) AS count_all FROM "impressions" WHERE ("impressions".listing_id = 67738) [0m
  [4;35;1mAnalyzing  Execution Time: 0.275419

[0m   [0mAggregate  (cost=12714.08..12714.09 rows=1 width=0)
   ->  Seq Scan on impressions  (cost=0.00..12714.00 rows=31 width=0)
         Filter: (listing_id = 67738)
[0m
  [4;36;1mSQL (153.1ms)[0m   [0;1mSELECT count(*) AS count_all FROM "impressions" WHERE ("impressions".listing_id = 68832) [0m
  [4;35;1mAnalyzing  Execution Time: 0.153408

[0m   [0mAggregate  (cost=12714.08..12714.09 rows=1 width=0)
   ->  Seq Scan on impressions  (cost=0.00..12714.00 rows=31 width=0)
         Filter: (listing_id = 68832)
[0m
  [4;36;1mSQL (164.1ms)[0m   [0;1mSELECT count(*) AS count_all FROM "impressions" WHERE ("impressions".listing_id = 71586) [0m
  [4;35;1mAnalyzing  Execution Time: 0.164417

[0m   [0mAggregate  (cost=12714.08..12714.09 rows=1 width=0)
   ->  Seq Scan on impressions  (cost=0.00..12714.00 rows=31 width=0)
         Filter: (listing_id = 71586)
[0m
  [4;36;1mSQL (173.4ms)[0m   [0;1mSELECT count(*) AS count_all FROM "impressions" WHERE ("impressions".listing_id = 78646) [0m
  [4;35;1mAnalyzing  Execution Time: 0.173636

[0m   [0mAggregate  (cost=12714.08..12714.09 rows=1 width=0)
   ->  Seq Scan on impressions  (cost=0.00..12714.00 rows=31 width=0)
         Filter: (listing_id = 78646)
[0m
  [4;36;1mSQL (156.1ms)[0m   [0;1mSELECT count(*) AS count_all FROM "impressions" WHERE ("impressions".listing_id = 79836) [0m
  [4;35;1mAnalyzing  Execution Time: 0.156395

[0m   [0mAggregate  (cost=12714.08..12714.09 rows=1 width=0)
   ->  Seq Scan on impressions  (cost=0.00..12714.00 rows=31 width=0)
         Filter: (listing_id = 79836)
[0m
  [4;36;1mSQL (154.2ms)[0m   [0;1mSELECT count(*) AS count_all FROM "impressions" WHERE ("impressions".listing_id = 80033) [0m
  [4;35;1mAnalyzing  Execution Time: 0.154453

[0m   [0mAggregate  (cost=12714.08..12714.09 rows=1 width=0)
   ->  Seq Scan on impressions  (cost=0.00..12714.00 rows=31 width=0)
         Filter: (listing_id = 80033)
[0m
  [4;36;1mSQL (218.5ms)[0m   [0;1mSELECT count(*) AS count_all FROM "impressions" WHERE ("impressions".listing_id = 80181) [0m
  [4;35;1mAnalyzing  Execution Time: 0.218848

[0m   [0mAggregate  (cost=12714.08..12714.09 rows=1 width=0)
   ->  Seq Scan on impressions  (cost=0.00..12714.00 rows=31 width=0)
         Filter: (listing_id = 80181)
[0m
  [4;36;1mSQL (200.2ms)[0m   [0;1mSELECT count(*) AS count_all FROM "impressions" WHERE ("impressions".listing_id = 80230) [0m
  [4;35;1mAnalyzing  Execution Time: 0.20048

[0m   [0mAggregate  (cost=12714.08..12714.09 rows=1 width=0)
   ->  Seq Scan on impressions  (cost=0.00..12714.00 rows=31 width=0)
         Filter: (listing_id = 80230)
[0m
  [4;36;1mSQL (153.6ms)[0m   [0;1mSELECT count(*) AS count_all FROM "impressions" WHERE ("impressions".listing_id = 80246) [0m
  [4;35;1mAnalyzing  Execution Time: 0.153835

[0m   [0mAggregate  (cost=12714.08..12714.09 rows=1 width=0)
   ->  Seq Scan on impressions  (cost=0.00..12714.00 rows=31 width=0)
         Filter: (listing_id = 80246)
[0m
  [4;36;1mSQL (149.5ms)[0m   [0;1mSELECT count(*) AS count_all FROM "impressions" WHERE ("impressions".listing_id = 80568) [0m
  [4;35;1mAnalyzing  Execution Time: 0.149834

[0m   [0mAggregate  (cost=12714.08..12714.09 rows=1 width=0)
   ->  Seq Scan on impressions  (cost=0.00..12714.00 rows=31 width=0)
         Filter: (listing_id = 80568)
[0m
  [4;36;1mSQL (147.4ms)[0m   [0;1mSELECT count(*) AS count_all FROM "impressions" WHERE ("impressions".listing_id = 81081) [0m
  [4;35;1mAnalyzing  Execution Time: 0.147707

[0m   [0mAggregate  (cost=12714.08..12714.09 rows=1 width=0)
   ->  Seq Scan on impressions  (cost=0.00..12714.00 rows=31 width=0)
         Filter: (listing_id = 81081)
[0m
  [4;36;1mSQL (146.2ms)[0m   [0;1mSELECT count(*) AS count_all FROM "impressions" WHERE ("impressions".listing_id = 81258) [0m
  [4;35;1mAnalyzing  Execution Time: 0.146453

[0m   [0mAggregate  (cost=12714.08..12714.09 rows=1 width=0)
   ->  Seq Scan on impressions  (cost=0.00..12714.00 rows=31 width=0)
         Filter: (listing_id = 81258)
[0m
  [4;36;1mSQL (150.1ms)[0m   [0;1mSELECT count(*) AS count_all FROM "impressions" WHERE ("impressions".listing_id = 81905) [0m
  [4;35;1mAnalyzing  Execution Time: 0.150395

[0m   [0mAggregate  (cost=12714.08..12714.09 rows=1 width=0)
   ->  Seq Scan on impressions  (cost=0.00..12714.00 rows=31 width=0)
         Filter: (listing_id = 81905)
[0m
  [4;36;1mSQL (146.6ms)[0m   [0;1mSELECT count(*) AS count_all FROM "impressions" WHERE ("impressions".listing_id = 81906) [0m
  [4;35;1mAnalyzing  Execution Time: 0.14769

[0m   [0mAggregate  (cost=12714.08..12714.09 rows=1 width=0)
   ->  Seq Scan on impressions  (cost=0.00..12714.00 rows=31 width=0)
         Filter: (listing_id = 81906)
[0m
  [4;36;1mSQL (150.4ms)[0m   [0;1mSELECT count(*) AS count_all FROM "impressions" WHERE ("impressions".listing_id = 82173) [0m
  [4;35;1mAnalyzing  Execution Time: 0.150609

[0m   [0mAggregate  (cost=12714.08..12714.09 rows=1 width=0)
   ->  Seq Scan on impressions  (cost=0.00..12714.00 rows=31 width=0)
         Filter: (listing_id = 82173)
[0m
  [4;36;1mSQL (144.7ms)[0m   [0;1mSELECT count(*) AS count_all FROM "impressions" WHERE ("impressions".listing_id = 82215) [0m
  [4;35;1mAnalyzing  Execution Time: 0.145085

[0m   [0mAggregate  (cost=12714.08..12714.09 rows=1 width=0)
   ->  Seq Scan on impressions  (cost=0.00..12714.00 rows=31 width=0)
         Filter: (listing_id = 82215)
[0m
  [4;36;1mSQL (272.3ms)[0m   [0;1mSELECT count(*) AS count_all FROM "impressions" WHERE ("impressions".listing_id = 90379) [0m
  [4;35;1mAnalyzing  Execution Time: 0.272587

[0m   [0mAggregate  (cost=12714.08..12714.09 rows=1 width=0)
   ->  Seq Scan on impressions  (cost=0.00..12714.00 rows=31 width=0)
         Filter: (listing_id = 90379)
[0m
  [4;36;1mSQL (148.1ms)[0m   [0;1mSELECT count(*) AS count_all FROM "impressions" WHERE ("impressions".listing_id = 90612) [0m
  [4;35;1mAnalyzing  Execution Time: 0.14836

[0m   [0mAggregate  (cost=12714.08..12714.09 rows=1 width=0)
   ->  Seq Scan on impressions  (cost=0.00..12714.00 rows=31 width=0)
         Filter: (listing_id = 90612)
[0m
  [4;36;1mSQL (149.7ms)[0m   [0;1mSELECT count(*) AS count_all FROM "impressions" WHERE ("impressions".listing_id = 92908) [0m
  [4;35;1mAnalyzing  Execution Time: 0.149955

[0m   [0mAggregate  (cost=12714.08..12714.09 rows=1 width=0)
   ->  Seq Scan on impressions  (cost=0.00..12714.00 rows=31 width=0)
         Filter: (listing_id = 92908)
[0m
  [4;36;1mSQL (147.6ms)[0m   [0;1mSELECT count(*) AS count_all FROM "impressions" WHERE ("impressions".listing_id = 98752) [0m
  [4;35;1mAnalyzing  Execution Time: 0.147892

[0m   [0mAggregate  (cost=12714.08..12714.09 rows=1 width=0)
   ->  Seq Scan on impressions  (cost=0.00..12714.00 rows=31 width=0)
         Filter: (listing_id = 98752)
[0m
  [4;36;1mSQL (151.3ms)[0m   [0;1mSELECT count(*) AS count_all FROM "impressions" WHERE ("impressions".listing_id = 113175) [0m
  [4;35;1mAnalyzing  Execution Time: 0.151542

[0m   [0mAggregate  (cost=12714.08..12714.09 rows=1 width=0)
   ->  Seq Scan on impressions  (cost=0.00..12714.00 rows=31 width=0)
         Filter: (listing_id = 113175)
[0m
  [4;36;1mSQL (151.0ms)[0m   [0;1mSELECT count(*) AS count_all FROM "impressions" WHERE ("impressions".listing_id = 113205) [0m
  [4;35;1mAnalyzing  Execution Time: 0.151267

[0m   [0mAggregate  (cost=12714.08..12714.09 rows=1 width=0)
   ->  Seq Scan on impressions  (cost=0.00..12714.00 rows=31 width=0)
         Filter: (listing_id = 113205)
[0m
  [4;36;1mSQL (170.4ms)[0m   [0;1mSELECT count(*) AS count_all FROM "impressions" WHERE ("impressions".listing_id = 113206) [0m
  [4;35;1mAnalyzing  Execution Time: 0.170737

[0m   [0mAggregate  (cost=12714.08..12714.09 rows=1 width=0)
   ->  Seq Scan on impressions  (cost=0.00..12714.00 rows=31 width=0)
         Filter: (listing_id = 113206)
[0m
  [4;36;1mSQL (181.3ms)[0m   [0;1mSELECT count(*) AS count_all FROM "impressions" WHERE ("impressions".listing_id = 113207) [0m
  [4;35;1mAnalyzing  Execution Time: 0.181517

[0m   [0mAggregate  (cost=12714.08..12714.09 rows=1 width=0)
   ->  Seq Scan on impressions  (cost=0.00..12714.00 rows=31 width=0)
         Filter: (listing_id = 113207)
[0m
  [4;36;1mSQL (150.0ms)[0m   [0;1mSELECT count(*) AS count_all FROM "impressions" WHERE ("impressions".listing_id = 113208) [0m
  [4;35;1mAnalyzing  Execution Time: 0.15029

[0m   [0mAggregate  (cost=12714.08..12714.09 rows=1 width=0)
   ->  Seq Scan on impressions  (cost=0.00..12714.00 rows=31 width=0)
         Filter: (listing_id = 113208)
[0m
  [4;36;1mSQL (146.9ms)[0m   [0;1mSELECT count(*) AS count_all FROM "impressions" WHERE ("impressions".listing_id = 113211) [0m
  [4;35;1mAnalyzing  Execution Time: 0.147184

[0m   [0mAggregate  (cost=12714.08..12714.09 rows=1 width=0)
   ->  Seq Scan on impressions  (cost=0.00..12714.00 rows=31 width=0)
         Filter: (listing_id = 113211)
[0m
  [4;36;1mSQL (212.9ms)[0m   [0;1mSELECT count(*) AS count_all FROM "impressions" WHERE ("impressions".listing_id = 113212) [0m
  [4;35;1mAnalyzing  Execution Time: 0.213161

[0m   [0mAggregate  (cost=12714.08..12714.09 rows=1 width=0)
   ->  Seq Scan on impressions  (cost=0.00..12714.00 rows=31 width=0)
         Filter: (listing_id = 113212)
[0m
  [4;36;1mSQL (149.0ms)[0m   [0;1mSELECT count(*) AS count_all FROM "impressions" WHERE ("impressions".listing_id = 113227) [0m
  [4;35;1mAnalyzing  Execution Time: 0.149361

[0m   [0mAggregate  (cost=12714.08..12714.09 rows=1 width=0)
   ->  Seq Scan on impressions  (cost=0.00..12714.00 rows=31 width=0)
         Filter: (listing_id = 113227)
[0m
  [4;36;1mSQL (148.3ms)[0m   [0;1mSELECT count(*) AS count_all FROM "impressions" WHERE ("impressions".listing_id = 113228) [0m
  [4;35;1mAnalyzing  Execution Time: 0.14856

[0m   [0mAggregate  (cost=12714.08..12714.09 rows=1 width=0)
   ->  Seq Scan on impressions  (cost=0.00..12714.00 rows=31 width=0)
         Filter: (listing_id = 113228)
[0m
  [4;36;1mSQL (144.1ms)[0m   [0;1mSELECT count(*) AS count_all FROM "impressions" WHERE ("impressions".listing_id = 113230) [0m
  [4;35;1mAnalyzing  Execution Time: 0.144322

[0m   [0mAggregate  (cost=12714.08..12714.09 rows=1 width=0)
   ->  Seq Scan on impressions  (cost=0.00..12714.00 rows=31 width=0)
         Filter: (listing_id = 113230)
[0m
  [4;36;1mSQL (150.1ms)[0m   [0;1mSELECT count(*) AS count_all FROM "impressions" WHERE ("impressions".listing_id = 113231) [0m
  [4;35;1mAnalyzing  Execution Time: 0.150544

[0m   [0mAggregate  (cost=12714.08..12714.09 rows=1 width=0)
   ->  Seq Scan on impressions  (cost=0.00..12714.00 rows=31 width=0)
         Filter: (listing_id = 113231)
[0m
  [4;36;1mSQL (8.6ms)[0m   [0;1mSELECT count(*) AS count_all FROM "clicks" WHERE ("clicks".listing_id = 64827) [0m
  [4;35;1mAnalyzing  Execution Time: 0.0089

[0m   [0mAggregate  (cost=814.47..814.48 rows=1 width=0)
   ->  Seq Scan on clicks  (cost=0.00..814.46 rows=2 width=0)
         Filter: (listing_id = 64827)
[0m
  [4;36;1mSQL (8.7ms)[0m   [0;1mSELECT count(*) AS count_all FROM "clicks" WHERE ("clicks".listing_id = 67737) [0m
  [4;35;1mAnalyzing  Execution Time: 0.008985

[0m   [0mAggregate  (cost=814.47..814.48 rows=1 width=0)
   ->  Seq Scan on clicks  (cost=0.00..814.46 rows=2 width=0)
         Filter: (listing_id = 67737)
[0m
  [4;36;1mSQL (10.8ms)[0m   [0;1mSELECT count(*) AS count_all FROM "clicks" WHERE ("clicks".listing_id = 67738) [0m
  [4;35;1mAnalyzing  Execution Time: 0.011134

[0m   [0mAggregate  (cost=814.47..814.48 rows=1 width=0)
   ->  Seq Scan on clicks  (cost=0.00..814.46 rows=2 width=0)
         Filter: (listing_id = 67738)
[0m
  [4;36;1mSQL (8.7ms)[0m   [0;1mSELECT count(*) AS count_all FROM "clicks" WHERE ("clicks".listing_id = 68832) [0m
  [4;35;1mAnalyzing  Execution Time: 0.008951

[0m   [0mAggregate  (cost=814.47..814.48 rows=1 width=0)
   ->  Seq Scan on clicks  (cost=0.00..814.46 rows=2 width=0)
         Filter: (listing_id = 68832)
[0m
  [4;36;1mSQL (8.7ms)[0m   [0;1mSELECT count(*) AS count_all FROM "clicks" WHERE ("clicks".listing_id = 71586) [0m
  [4;35;1mAnalyzing  Execution Time: 0.154064

[0m   [0mAggregate  (cost=814.47..814.48 rows=1 width=0)
   ->  Seq Scan on clicks  (cost=0.00..814.46 rows=2 width=0)
         Filter: (listing_id = 71586)
[0m
  [4;36;1mSQL (8.9ms)[0m   [0;1mSELECT count(*) AS count_all FROM "clicks" WHERE ("clicks".listing_id = 78646) [0m
  [4;35;1mAnalyzing  Execution Time: 0.009137

[0m   [0mAggregate  (cost=814.47..814.48 rows=1 width=0)
   ->  Seq Scan on clicks  (cost=0.00..814.46 rows=2 width=0)
         Filter: (listing_id = 78646)
[0m
  [4;36;1mSQL (8.5ms)[0m   [0;1mSELECT count(*) AS count_all FROM "clicks" WHERE ("clicks".listing_id = 79836) [0m
  [4;35;1mAnalyzing  Execution Time: 0.008858

[0m   [0mAggregate  (cost=814.47..814.48 rows=1 width=0)
   ->  Seq Scan on clicks  (cost=0.00..814.46 rows=2 width=0)
         Filter: (listing_id = 79836)
[0m
  [4;36;1mSQL (9.2ms)[0m   [0;1mSELECT count(*) AS count_all FROM "clicks" WHERE ("clicks".listing_id = 80033) [0m
  [4;35;1mAnalyzing  Execution Time: 0.009513

[0m   [0mAggregate  (cost=814.47..814.48 rows=1 width=0)
   ->  Seq Scan on clicks  (cost=0.00..814.46 rows=2 width=0)
         Filter: (listing_id = 80033)
[0m
  [4;36;1mSQL (8.5ms)[0m   [0;1mSELECT count(*) AS count_all FROM "clicks" WHERE ("clicks".listing_id = 80181) [0m
  [4;35;1mAnalyzing  Execution Time: 0.008829

[0m   [0mAggregate  (cost=814.47..814.48 rows=1 width=0)
   ->  Seq Scan on clicks  (cost=0.00..814.46 rows=2 width=0)
         Filter: (listing_id = 80181)
[0m
  [4;36;1mSQL (8.5ms)[0m   [0;1mSELECT count(*) AS count_all FROM "clicks" WHERE ("clicks".listing_id = 80230) [0m
  [4;35;1mAnalyzing  Execution Time: 0.00877

[0m   [0mAggregate  (cost=814.47..814.48 rows=1 width=0)
   ->  Seq Scan on clicks  (cost=0.00..814.46 rows=2 width=0)
         Filter: (listing_id = 80230)
[0m
  [4;36;1mSQL (8.8ms)[0m   [0;1mSELECT count(*) AS count_all FROM "clicks" WHERE ("clicks".listing_id = 80246) [0m
  [4;35;1mAnalyzing  Execution Time: 0.009123

[0m   [0mAggregate  (cost=814.47..814.48 rows=1 width=0)
   ->  Seq Scan on clicks  (cost=0.00..814.46 rows=2 width=0)
         Filter: (listing_id = 80246)
[0m
  [4;36;1mSQL (8.6ms)[0m   [0;1mSELECT count(*) AS count_all FROM "clicks" WHERE ("clicks".listing_id = 80568) [0m
  [4;35;1mAnalyzing  Execution Time: 0.008854

[0m   [0mAggregate  (cost=814.47..814.48 rows=1 width=0)
   ->  Seq Scan on clicks  (cost=0.00..814.46 rows=2 width=0)
         Filter: (listing_id = 80568)
[0m
  [4;36;1mSQL (8.6ms)[0m   [0;1mSELECT count(*) AS count_all FROM "clicks" WHERE ("clicks".listing_id = 81081) [0m
  [4;35;1mAnalyzing  Execution Time: 0.008834

[0m   [0mAggregate  (cost=814.47..814.48 rows=1 width=0)
   ->  Seq Scan on clicks  (cost=0.00..814.46 rows=2 width=0)
         Filter: (listing_id = 81081)
[0m
  [4;36;1mSQL (9.7ms)[0m   [0;1mSELECT count(*) AS count_all FROM "clicks" WHERE ("clicks".listing_id = 81258) [0m
  [4;35;1mAnalyzing  Execution Time: 0.010111

[0m   [0mAggregate  (cost=814.47..814.48 rows=1 width=0)
   ->  Seq Scan on clicks  (cost=0.00..814.46 rows=2 width=0)
         Filter: (listing_id = 81258)
[0m
  [4;36;1mSQL (8.7ms)[0m   [0;1mSELECT count(*) AS count_all FROM "clicks" WHERE ("clicks".listing_id = 81905) [0m
  [4;35;1mAnalyzing  Execution Time: 0.008934

[0m   [0mAggregate  (cost=814.47..814.48 rows=1 width=0)
   ->  Seq Scan on clicks  (cost=0.00..814.46 rows=2 width=0)
         Filter: (listing_id = 81905)
[0m
  [4;36;1mSQL (8.7ms)[0m   [0;1mSELECT count(*) AS count_all FROM "clicks" WHERE ("clicks".listing_id = 81906) [0m
  [4;35;1mAnalyzing  Execution Time: 0.008989

[0m   [0mAggregate  (cost=814.47..814.48 rows=1 width=0)
   ->  Seq Scan on clicks  (cost=0.00..814.46 rows=2 width=0)
         Filter: (listing_id = 81906)
[0m
  [4;36;1mSQL (12.4ms)[0m   [0;1mSELECT count(*) AS count_all FROM "clicks" WHERE ("clicks".listing_id = 82173) [0m
  [4;35;1mAnalyzing  Execution Time: 0.012698

[0m   [0mAggregate  (cost=814.47..814.48 rows=1 width=0)
   ->  Seq Scan on clicks  (cost=0.00..814.46 rows=2 width=0)
         Filter: (listing_id = 82173)
[0m
  [4;36;1mSQL (9.5ms)[0m   [0;1mSELECT count(*) AS count_all FROM "clicks" WHERE ("clicks".listing_id = 82215) [0m
  [4;35;1mAnalyzing  Execution Time: 0.009742

[0m   [0mAggregate  (cost=814.47..814.48 rows=1 width=0)
   ->  Seq Scan on clicks  (cost=0.00..814.46 rows=2 width=0)
         Filter: (listing_id = 82215)
[0m
  [4;36;1mSQL (8.7ms)[0m   [0;1mSELECT count(*) AS count_all FROM "clicks" WHERE ("clicks".listing_id = 90379) [0m
  [4;35;1mAnalyzing  Execution Time: 0.008976

[0m   [0mAggregate  (cost=814.47..814.48 rows=1 width=0)
   ->  Seq Scan on clicks  (cost=0.00..814.46 rows=2 width=0)
         Filter: (listing_id = 90379)
[0m
  [4;36;1mSQL (10.3ms)[0m   [0;1mSELECT count(*) AS count_all FROM "clicks" WHERE ("clicks".listing_id = 90612) [0m
  [4;35;1mAnalyzing  Execution Time: 0.010591

[0m   [0mAggregate  (cost=814.47..814.48 rows=1 width=0)
   ->  Seq Scan on clicks  (cost=0.00..814.46 rows=2 width=0)
         Filter: (listing_id = 90612)
[0m
  [4;36;1mSQL (8.7ms)[0m   [0;1mSELECT count(*) AS count_all FROM "clicks" WHERE ("clicks".listing_id = 92908) [0m
  [4;35;1mAnalyzing  Execution Time: 0.008921

[0m   [0mAggregate  (cost=814.47..814.48 rows=1 width=0)
   ->  Seq Scan on clicks  (cost=0.00..814.46 rows=2 width=0)
         Filter: (listing_id = 92908)
[0m
  [4;36;1mSQL (8.6ms)[0m   [0;1mSELECT count(*) AS count_all FROM "clicks" WHERE ("clicks".listing_id = 98752) [0m
  [4;35;1mAnalyzing  Execution Time: 0.008806

[0m   [0mAggregate  (cost=814.47..814.48 rows=1 width=0)
   ->  Seq Scan on clicks  (cost=0.00..814.46 rows=2 width=0)
         Filter: (listing_id = 98752)
[0m
  [4;36;1mSQL (9.9ms)[0m   [0;1mSELECT count(*) AS count_all FROM "clicks" WHERE ("clicks".listing_id = 113175) [0m
  [4;35;1mAnalyzing  Execution Time: 0.010195

[0m   [0mAggregate  (cost=814.47..814.48 rows=1 width=0)
   ->  Seq Scan on clicks  (cost=0.00..814.46 rows=2 width=0)
         Filter: (listing_id = 113175)
[0m
  [4;36;1mSQL (8.6ms)[0m   [0;1mSELECT count(*) AS count_all FROM "clicks" WHERE ("clicks".listing_id = 113205) [0m
  [4;35;1mAnalyzing  Execution Time: 0.008904

[0m   [0mAggregate  (cost=814.47..814.48 rows=1 width=0)
   ->  Seq Scan on clicks  (cost=0.00..814.46 rows=2 width=0)
         Filter: (listing_id = 113205)
[0m
  [4;36;1mSQL (8.6ms)[0m   [0;1mSELECT count(*) AS count_all FROM "clicks" WHERE ("clicks".listing_id = 113206) [0m
  [4;35;1mAnalyzing  Execution Time: 0.008833

[0m   [0mAggregate  (cost=814.47..814.48 rows=1 width=0)
   ->  Seq Scan on clicks  (cost=0.00..814.46 rows=2 width=0)
         Filter: (listing_id = 113206)
[0m
  [4;36;1mSQL (9.5ms)[0m   [0;1mSELECT count(*) AS count_all FROM "clicks" WHERE ("clicks".listing_id = 113207) [0m
  [4;35;1mAnalyzing  Execution Time: 0.009781

[0m   [0mAggregate  (cost=814.47..814.48 rows=1 width=0)
   ->  Seq Scan on clicks  (cost=0.00..814.46 rows=2 width=0)
         Filter: (listing_id = 113207)
[0m
  [4;36;1mSQL (8.4ms)[0m   [0;1mSELECT count(*) AS count_all FROM "clicks" WHERE ("clicks".listing_id = 113208) [0m
  [4;35;1mAnalyzing  Execution Time: 0.008718

[0m   [0mAggregate  (cost=814.47..814.48 rows=1 width=0)
   ->  Seq Scan on clicks  (cost=0.00..814.46 rows=2 width=0)
         Filter: (listing_id = 113208)
[0m
  [4;36;1mSQL (8.6ms)[0m   [0;1mSELECT count(*) AS count_all FROM "clicks" WHERE ("clicks".listing_id = 113211) [0m
  [4;35;1mAnalyzing  Execution Time: 0.008858

[0m   [0mAggregate  (cost=814.47..814.48 rows=1 width=0)
   ->  Seq Scan on clicks  (cost=0.00..814.46 rows=2 width=0)
         Filter: (listing_id = 113211)
[0m
  [4;36;1mSQL (9.8ms)[0m   [0;1mSELECT count(*) AS count_all FROM "clicks" WHERE ("clicks".listing_id = 113212) [0m
  [4;35;1mAnalyzing  Execution Time: 0.010099

[0m   [0mAggregate  (cost=814.47..814.48 rows=1 width=0)
   ->  Seq Scan on clicks  (cost=0.00..814.46 rows=2 width=0)
         Filter: (listing_id = 113212)
[0m
  [4;36;1mSQL (8.4ms)[0m   [0;1mSELECT count(*) AS count_all FROM "clicks" WHERE ("clicks".listing_id = 113227) [0m
  [4;35;1mAnalyzing  Execution Time: 0.008697

[0m   [0mAggregate  (cost=814.47..814.48 rows=1 width=0)
   ->  Seq Scan on clicks  (cost=0.00..814.46 rows=2 width=0)
         Filter: (listing_id = 113227)
[0m
  [4;36;1mSQL (8.7ms)[0m   [0;1mSELECT count(*) AS count_all FROM "clicks" WHERE ("clicks".listing_id = 113228) [0m
  [4;35;1mAnalyzing  Execution Time: 0.008932

[0m   [0mAggregate  (cost=814.47..814.48 rows=1 width=0)
   ->  Seq Scan on clicks  (cost=0.00..814.46 rows=2 width=0)
         Filter: (listing_id = 113228)
[0m
  [4;36;1mSQL (10.2ms)[0m   [0;1mSELECT count(*) AS count_all FROM "clicks" WHERE ("clicks".listing_id = 113230) [0m
  [4;35;1mAnalyzing  Execution Time: 0.010542

[0m   [0mAggregate  (cost=814.47..814.48 rows=1 width=0)
   ->  Seq Scan on clicks  (cost=0.00..814.46 rows=2 width=0)
         Filter: (listing_id = 113230)
[0m
  [4;36;1mSQL (9.0ms)[0m   [0;1mSELECT count(*) AS count_all FROM "clicks" WHERE ("clicks".listing_id = 113231) [0m
  [4;35;1mAnalyzing  Execution Time: 0.009272

[0m   [0mAggregate  (cost=814.47..814.48 rows=1 width=0)
   ->  Seq Scan on clicks  (cost=0.00..814.46 rows=2 width=0)
         Filter: (listing_id = 113231)
[0m
  [4;36;1mSQL (2.0ms)[0m   [0;1mSELECT count(*) AS count_all FROM "listings" WHERE ("listings".user_id = 25407) [0m
  [4;35;1mAnalyzing  Execution Time: 0.002331

[0m   [0mAggregate  (cost=1615.81..1615.82 rows=1 width=0)
   ->  Index Scan using index_listings_on_id_and_user_id_and_title on listings  (cost=0.00..1615.79 rows=4 width=0)
         Index Cond: (user_id = 25407)
[0m
  [4;36;1mListing Load (2.0ms)[0m   [0;1mSELECT * FROM "listings" WHERE ("listings".user_id = 25407) [0m
  [4;35;1mAnalyzing Listing Load Execution Time: 0.002755

[0m   [0mIndex Scan using index_listings_on_id_and_user_id_and_title on listings  (cost=0.00..1615.79 rows=4 width=1172)
   Index Cond: (user_id = 25407)
[0m
  [4;36;1mSQL (151.4ms)[0m   [0;1mSELECT count(*) AS count_all FROM "impressions" WHERE ("impressions".listing_id = 113101) [0m
  [4;35;1mAnalyzing  Execution Time: 0.151659

[0m   [0mAggregate  (cost=12714.08..12714.09 rows=1 width=0)
   ->  Seq Scan on impressions  (cost=0.00..12714.00 rows=31 width=0)
         Filter: (listing_id = 113101)
[0m
  [4;36;1mSQL (8.4ms)[0m   [0;1mSELECT count(*) AS count_all FROM "clicks" WHERE ("clicks".listing_id = 113101) [0m
  [4;35;1mAnalyzing  Execution Time: 0.008659

[0m   [0mAggregate  (cost=814.47..814.48 rows=1 width=0)
   ->  Seq Scan on clicks  (cost=0.00..814.46 rows=2 width=0)
         Filter: (listing_id = 113101)
[0m
  [4;36;1mSQL (1.9ms)[0m   [0;1mSELECT count(*) AS count_all FROM "listings" WHERE ("listings".user_id = 25547) [0m
  [4;35;1mAnalyzing  Execution Time: 0.002102

[0m   [0mAggregate  (cost=1615.81..1615.82 rows=1 width=0)
   ->  Index Scan using index_listings_on_id_and_user_id_and_title on listings  (cost=0.00..1615.79 rows=4 width=0)
         Index Cond: (user_id = 25547)
[0m
  [4;36;1mListing Load (2.0ms)[0m   [0;1mSELECT * FROM "listings" WHERE ("listings".user_id = 25547) [0m
  [4;35;1mAnalyzing Listing Load Execution Time: 0.00267

[0m   [0mIndex Scan using index_listings_on_id_and_user_id_and_title on listings  (cost=0.00..1615.79 rows=4 width=1172)
   Index Cond: (user_id = 25547)
[0m
  [4;36;1mSQL (143.9ms)[0m   [0;1mSELECT count(*) AS count_all FROM "impressions" WHERE ("impressions".listing_id = 113173) [0m
  [4;35;1mAnalyzing  Execution Time: 0.144203

[0m   [0mAggregate  (cost=12714.08..12714.09 rows=1 width=0)
   ->  Seq Scan on impressions  (cost=0.00..12714.00 rows=31 width=0)
         Filter: (listing_id = 113173)
[0m
  [4;36;1mSQL (8.4ms)[0m   [0;1mSELECT count(*) AS count_all FROM "clicks" WHERE ("clicks".listing_id = 113173) [0m
  [4;35;1mAnalyzing  Execution Time: 0.008634

[0m   [0mAggregate  (cost=814.47..814.48 rows=1 width=0)
   ->  Seq Scan on clicks  (cost=0.00..814.46 rows=2 width=0)
         Filter: (listing_id = 113173)
[0m
  [4;36;1mSQL (2.0ms)[0m   [0;1mSELECT count(*) AS count_all FROM "listings" WHERE ("listings".user_id = 25371) [0m
  [4;35;1mAnalyzing  Execution Time: 0.002269

[0m   [0mAggregate  (cost=1615.81..1615.82 rows=1 width=0)
   ->  Index Scan using index_listings_on_id_and_user_id_and_title on listings  (cost=0.00..1615.79 rows=4 width=0)
         Index Cond: (user_id = 25371)
[0m
  [4;36;1mListing Load (2.0ms)[0m   [0;1mSELECT * FROM "listings" WHERE ("listings".user_id = 25371) [0m
  [4;35;1mAnalyzing Listing Load Execution Time: 0.003026

[0m   [0mIndex Scan using index_listings_on_id_and_user_id_and_title on listings  (cost=0.00..1615.79 rows=4 width=1172)
   Index Cond: (user_id = 25371)
[0m
  [4;36;1mSQL (233.4ms)[0m   [0;1mSELECT count(*) AS count_all FROM "impressions" WHERE ("impressions".listing_id = 96062) [0m
  [4;35;1mAnalyzing  Execution Time: 0.23374

[0m   [0mAggregate  (cost=12714.08..12714.09 rows=1 width=0)
   ->  Seq Scan on impressions  (cost=0.00..12714.00 rows=31 width=0)
         Filter: (listing_id = 96062)
[0m
  [4;36;1mSQL (173.6ms)[0m   [0;1mSELECT count(*) AS count_all FROM "impressions" WHERE ("impressions".listing_id = 113082) [0m
  [4;35;1mAnalyzing  Execution Time: 0.173934

[0m   [0mAggregate  (cost=12714.08..12714.09 rows=1 width=0)
   ->  Seq Scan on impressions  (cost=0.00..12714.00 rows=31 width=0)
         Filter: (listing_id = 113082)
[0m
  [4;36;1mSQL (8.4ms)[0m   [0;1mSELECT count(*) AS count_all FROM "clicks" WHERE ("clicks".listing_id = 96062) [0m
  [4;35;1mAnalyzing  Execution Time: 0.008693

[0m   [0mAggregate  (cost=814.47..814.48 rows=1 width=0)
   ->  Seq Scan on clicks  (cost=0.00..814.46 rows=2 width=0)
         Filter: (listing_id = 96062)
[0m
  [4;36;1mSQL (8.5ms)[0m   [0;1mSELECT count(*) AS count_all FROM "clicks" WHERE ("clicks".listing_id = 113082) [0m
  [4;35;1mAnalyzing  Execution Time: 0.008814

[0m   [0mAggregate  (cost=814.47..814.48 rows=1 width=0)
   ->  Seq Scan on clicks  (cost=0.00..814.46 rows=2 width=0)
         Filter: (listing_id = 113082)
[0m
  [4;36;1mSQL (2.8ms)[0m   [0;1mSELECT count(*) AS count_all FROM "listings" WHERE ("listings".user_id = 25338) [0m
  [4;35;1mAnalyzing  Execution Time: 0.003058

[0m   [0mAggregate  (cost=1615.81..1615.82 rows=1 width=0)
   ->  Index Scan using index_listings_on_id_and_user_id_and_title on listings  (cost=0.00..1615.79 rows=4 width=0)
         Index Cond: (user_id = 25338)
[0m
  [4;36;1mListing Load (2.2ms)[0m   [0;1mSELECT * FROM "listings" WHERE ("listings".user_id = 25338) [0m
  [4;35;1mAnalyzing Listing Load Execution Time: 0.002938

[0m   [0mIndex Scan using index_listings_on_id_and_user_id_and_title on listings  (cost=0.00..1615.79 rows=4 width=1172)
   Index Cond: (user_id = 25338)
[0m
  [4;36;1mSQL (144.4ms)[0m   [0;1mSELECT count(*) AS count_all FROM "impressions" WHERE ("impressions".listing_id = 70734) [0m
  [4;35;1mAnalyzing  Execution Time: 0.144635

[0m   [0mAggregate  (cost=12714.08..12714.09 rows=1 width=0)
   ->  Seq Scan on impressions  (cost=0.00..12714.00 rows=31 width=0)
         Filter: (listing_id = 70734)
[0m
  [4;36;1mSQL (8.7ms)[0m   [0;1mSELECT count(*) AS count_all FROM "clicks" WHERE ("clicks".listing_id = 70734) [0m
  [4;35;1mAnalyzing  Execution Time: 0.008969

[0m   [0mAggregate  (cost=814.47..814.48 rows=1 width=0)
   ->  Seq Scan on clicks  (cost=0.00..814.46 rows=2 width=0)
         Filter: (listing_id = 70734)
[0m
  [4;36;1mSQL (2.2ms)[0m   [0;1mSELECT count(*) AS count_all FROM "listings" WHERE ("listings".user_id = 25527) [0m
  [4;35;1mAnalyzing  Execution Time: 0.002537

[0m   [0mAggregate  (cost=1615.81..1615.82 rows=1 width=0)
   ->  Index Scan using index_listings_on_id_and_user_id_and_title on listings  (cost=0.00..1615.79 rows=4 width=0)
         Index Cond: (user_id = 25527)
[0m
  [4;36;1mListing Load (2.8ms)[0m   [0;1mSELECT * FROM "listings" WHERE ("listings".user_id = 25527) [0m
  [4;35;1mAnalyzing Listing Load Execution Time: 0.003731

[0m   [0mIndex Scan using index_listings_on_id_and_user_id_and_title on listings  (cost=0.00..1615.79 rows=4 width=1172)
   Index Cond: (user_id = 25527)
[0m
  [4;36;1mSQL (145.8ms)[0m   [0;1mSELECT count(*) AS count_all FROM "impressions" WHERE ("impressions".listing_id = 78035) [0m
  [4;35;1mAnalyzing  Execution Time: 0.146012

[0m   [0mAggregate  (cost=12714.08..12714.09 rows=1 width=0)
   ->  Seq Scan on impressions  (cost=0.00..12714.00 rows=31 width=0)
         Filter: (listing_id = 78035)
[0m
  [4;36;1mSQL (9.0ms)[0m   [0;1mSELECT count(*) AS count_all FROM "clicks" WHERE ("clicks".listing_id = 78035) [0m
  [4;35;1mAnalyzing  Execution Time: 0.009224

[0m   [0mAggregate  (cost=814.47..814.48 rows=1 width=0)
   ->  Seq Scan on clicks  (cost=0.00..814.46 rows=2 width=0)
         Filter: (listing_id = 78035)
[0m
  [4;36;1mSQL (3.9ms)[0m   [0;1mSELECT count(*) AS count_all FROM "listings" WHERE ("listings".user_id = 25530) [0m
  [4;35;1mAnalyzing  Execution Time: 0.004198

[0m   [0mAggregate  (cost=1615.81..1615.82 rows=1 width=0)
   ->  Index Scan using index_listings_on_id_and_user_id_and_title on listings  (cost=0.00..1615.79 rows=4 width=0)
         Index Cond: (user_id = 25530)
[0m
  [4;36;1mListing Load (2.0ms)[0m   [0;1mSELECT * FROM "listings" WHERE ("listings".user_id = 25530) [0m
  [4;35;1mAnalyzing Listing Load Execution Time: 0.002679

[0m   [0mIndex Scan using index_listings_on_id_and_user_id_and_title on listings  (cost=0.00..1615.79 rows=4 width=1172)
   Index Cond: (user_id = 25530)
[0m
  [4;36;1mSQL (144.2ms)[0m   [0;1mSELECT count(*) AS count_all FROM "impressions" WHERE ("impressions".listing_id = 66462) [0m
  [4;35;1mAnalyzing  Execution Time: 0.144488

[0m   [0mAggregate  (cost=12714.08..12714.09 rows=1 width=0)
   ->  Seq Scan on impressions  (cost=0.00..12714.00 rows=31 width=0)
         Filter: (listing_id = 66462)
[0m
  [4;36;1mSQL (9.4ms)[0m   [0;1mSELECT count(*) AS count_all FROM "clicks" WHERE ("clicks".listing_id = 66462) [0m
  [4;35;1mAnalyzing  Execution Time: 0.009662

[0m   [0mAggregate  (cost=814.47..814.48 rows=1 width=0)
   ->  Seq Scan on clicks  (cost=0.00..814.46 rows=2 width=0)
         Filter: (listing_id = 66462)
[0m
  [4;36;1mSQL (2.9ms)[0m   [0;1mSELECT count(*) AS count_all FROM "listings" WHERE ("listings".user_id = 25531) [0m
  [4;35;1mAnalyzing  Execution Time: 0.003147

[0m   [0mAggregate  (cost=1615.81..1615.82 rows=1 width=0)
   ->  Index Scan using index_listings_on_id_and_user_id_and_title on listings  (cost=0.00..1615.79 rows=4 width=0)
         Index Cond: (user_id = 25531)
[0m
  [4;36;1mListing Load (2.0ms)[0m   [0;1mSELECT * FROM "listings" WHERE ("listings".user_id = 25531) [0m
  [4;35;1mAnalyzing Listing Load Execution Time: 0.002713

[0m   [0mIndex Scan using index_listings_on_id_and_user_id_and_title on listings  (cost=0.00..1615.79 rows=4 width=1172)
   Index Cond: (user_id = 25531)
[0m
  [4;36;1mSQL (150.9ms)[0m   [0;1mSELECT count(*) AS count_all FROM "impressions" WHERE ("impressions".listing_id = 113167) [0m
  [4;35;1mAnalyzing  Execution Time: 0.151618

[0m   [0mAggregate  (cost=12714.08..12714.09 rows=1 width=0)
   ->  Seq Scan on impressions  (cost=0.00..12714.00 rows=31 width=0)
         Filter: (listing_id = 113167)
[0m
  [4;36;1mSQL (11.7ms)[0m   [0;1mSELECT count(*) AS count_all FROM "clicks" WHERE ("clicks".listing_id = 113167) [0m
  [4;35;1mAnalyzing  Execution Time: 0.012009

[0m   [0mAggregate  (cost=814.47..814.48 rows=1 width=0)
   ->  Seq Scan on clicks  (cost=0.00..814.46 rows=2 width=0)
         Filter: (listing_id = 113167)
[0m
  [4;36;1mSQL (2.9ms)[0m   [0;1mSELECT count(*) AS count_all FROM "listings" WHERE ("listings".user_id = 25532) [0m
  [4;35;1mAnalyzing  Execution Time: 0.003135

[0m   [0mAggregate  (cost=1615.81..1615.82 rows=1 width=0)
   ->  Index Scan using index_listings_on_id_and_user_id_and_title on listings  (cost=0.00..1615.79 rows=4 width=0)
         Index Cond: (user_id = 25532)
[0m
  [4;36;1mListing Load (1.9ms)[0m   [0;1mSELECT * FROM "listings" WHERE ("listings".user_id = 25532) [0m
  [4;35;1mAnalyzing Listing Load Execution Time: 0.002581

[0m   [0mIndex Scan using index_listings_on_id_and_user_id_and_title on listings  (cost=0.00..1615.79 rows=4 width=1172)
   Index Cond: (user_id = 25532)
[0m
  [4;36;1mSQL (166.6ms)[0m   [0;1mSELECT count(*) AS count_all FROM "impressions" WHERE ("impressions".listing_id = 82235) [0m
  [4;35;1mAnalyzing  Execution Time: 0.166909

[0m   [0mAggregate  (cost=12714.08..12714.09 rows=1 width=0)
   ->  Seq Scan on impressions  (cost=0.00..12714.00 rows=31 width=0)
         Filter: (listing_id = 82235)
[0m
  [4;36;1mSQL (10.9ms)[0m   [0;1mSELECT count(*) AS count_all FROM "clicks" WHERE ("clicks".listing_id = 82235) [0m
  [4;35;1mAnalyzing  Execution Time: 0.011138

[0m   [0mAggregate  (cost=814.47..814.48 rows=1 width=0)
   ->  Seq Scan on clicks  (cost=0.00..814.46 rows=2 width=0)
         Filter: (listing_id = 82235)
[0m
  [4;36;1mSQL (2.0ms)[0m   [0;1mSELECT count(*) AS count_all FROM "listings" WHERE ("listings".user_id = 25533) [0m
  [4;35;1mAnalyzing  Execution Time: 0.002293

[0m   [0mAggregate  (cost=1615.81..1615.82 rows=1 width=0)
   ->  Index Scan using index_listings_on_id_and_user_id_and_title on listings  (cost=0.00..1615.79 rows=4 width=0)
         Index Cond: (user_id = 25533)
[0m
  [4;36;1mListing Load (2.0ms)[0m   [0;1mSELECT * FROM "listings" WHERE ("listings".user_id = 25533) [0m
  [4;35;1mAnalyzing Listing Load Execution Time: 0.002708

[0m   [0mIndex Scan using index_listings_on_id_and_user_id_and_title on listings  (cost=0.00..1615.79 rows=4 width=1172)
   Index Cond: (user_id = 25533)
[0m
  [4;36;1mSQL (162.4ms)[0m   [0;1mSELECT count(*) AS count_all FROM "impressions" WHERE ("impressions".listing_id = 81334) [0m
  [4;35;1mAnalyzing  Execution Time: 0.162675

[0m   [0mAggregate  (cost=12714.08..12714.09 rows=1 width=0)
   ->  Seq Scan on impressions  (cost=0.00..12714.00 rows=31 width=0)
         Filter: (listing_id = 81334)
[0m
  [4;36;1mSQL (11.1ms)[0m   [0;1mSELECT count(*) AS count_all FROM "clicks" WHERE ("clicks".listing_id = 81334) [0m
  [4;35;1mAnalyzing  Execution Time: 0.011321

[0m   [0mAggregate  (cost=814.47..814.48 rows=1 width=0)
   ->  Seq Scan on clicks  (cost=0.00..814.46 rows=2 width=0)
         Filter: (listing_id = 81334)
[0m
  [4;36;1mSQL (1.9ms)[0m   [0;1mSELECT count(*) AS count_all FROM "listings" WHERE ("listings".user_id = 25534) [0m
  [4;35;1mAnalyzing  Execution Time: 0.002138

[0m   [0mAggregate  (cost=1615.81..1615.82 rows=1 width=0)
   ->  Index Scan using index_listings_on_id_and_user_id_and_title on listings  (cost=0.00..1615.79 rows=4 width=0)
         Index Cond: (user_id = 25534)
[0m
  [4;36;1mListing Load (4.4ms)[0m   [0;1mSELECT * FROM "listings" WHERE ("listings".user_id = 25534) [0m
  [4;35;1mAnalyzing Listing Load Execution Time: 0.005711

[0m   [0mIndex Scan using index_listings_on_id_and_user_id_and_title on listings  (cost=0.00..1615.79 rows=4 width=1172)
   Index Cond: (user_id = 25534)
[0m
  [4;36;1mSQL (189.8ms)[0m   [0;1mSELECT count(*) AS count_all FROM "impressions" WHERE ("impressions".listing_id = 87687) [0m
  [4;35;1mAnalyzing  Execution Time: 0.190064

[0m   [0mAggregate  (cost=12714.08..12714.09 rows=1 width=0)
   ->  Seq Scan on impressions  (cost=0.00..12714.00 rows=31 width=0)
         Filter: (listing_id = 87687)
[0m
  [4;36;1mSQL (156.2ms)[0m   [0;1mSELECT count(*) AS count_all FROM "impressions" WHERE ("impressions".listing_id = 95215) [0m
  [4;35;1mAnalyzing  Execution Time: 0.156433

[0m   [0mAggregate  (cost=12714.08..12714.09 rows=1 width=0)
   ->  Seq Scan on impressions  (cost=0.00..12714.00 rows=31 width=0)
         Filter: (listing_id = 95215)
[0m
  [4;36;1mSQL (8.6ms)[0m   [0;1mSELECT count(*) AS count_all FROM "clicks" WHERE ("clicks".listing_id = 87687) [0m
  [4;35;1mAnalyzing  Execution Time: 0.00883

[0m   [0mAggregate  (cost=814.47..814.48 rows=1 width=0)
   ->  Seq Scan on clicks  (cost=0.00..814.46 rows=2 width=0)
         Filter: (listing_id = 87687)
[0m
  [4;36;1mSQL (10.8ms)[0m   [0;1mSELECT count(*) AS count_all FROM "clicks" WHERE ("clicks".listing_id = 95215) [0m
  [4;35;1mAnalyzing  Execution Time: 0.011091

[0m   [0mAggregate  (cost=814.47..814.48 rows=1 width=0)
   ->  Seq Scan on clicks  (cost=0.00..814.46 rows=2 width=0)
         Filter: (listing_id = 95215)
[0m
  [4;36;1mSQL (1.8ms)[0m   [0;1mSELECT count(*) AS count_all FROM "listings" WHERE ("listings".user_id = 25535) [0m
  [4;35;1mAnalyzing  Execution Time: 0.002053

[0m   [0mAggregate  (cost=1615.81..1615.82 rows=1 width=0)
   ->  Index Scan using index_listings_on_id_and_user_id_and_title on listings  (cost=0.00..1615.79 rows=4 width=0)
         Index Cond: (user_id = 25535)
[0m
  [4;36;1mListing Load (2.0ms)[0m   [0;1mSELECT * FROM "listings" WHERE ("listings".user_id = 25535) [0m
  [4;35;1mAnalyzing Listing Load Execution Time: 0.002709

[0m   [0mIndex Scan using index_listings_on_id_and_user_id_and_title on listings  (cost=0.00..1615.79 rows=4 width=1172)
   Index Cond: (user_id = 25535)
[0m
  [4;36;1mSQL (150.7ms)[0m   [0;1mSELECT count(*) AS count_all FROM "impressions" WHERE ("impressions".listing_id = 113168) [0m
  [4;35;1mAnalyzing  Execution Time: 0.150964

[0m   [0mAggregate  (cost=12714.08..12714.09 rows=1 width=0)
   ->  Seq Scan on impressions  (cost=0.00..12714.00 rows=31 width=0)
         Filter: (listing_id = 113168)
[0m
  [4;36;1mSQL (8.7ms)[0m   [0;1mSELECT count(*) AS count_all FROM "clicks" WHERE ("clicks".listing_id = 113168) [0m
  [4;35;1mAnalyzing  Execution Time: 0.008985

[0m   [0mAggregate  (cost=814.47..814.48 rows=1 width=0)
   ->  Seq Scan on clicks  (cost=0.00..814.46 rows=2 width=0)
         Filter: (listing_id = 113168)
[0m
  [4;36;1mSQL (2.0ms)[0m   [0;1mSELECT count(*) AS count_all FROM "listings" WHERE ("listings".user_id = 25536) [0m
  [4;35;1mAnalyzing  Execution Time: 0.002289

[0m   [0mAggregate  (cost=1615.81..1615.82 rows=1 width=0)
   ->  Index Scan using index_listings_on_id_and_user_id_and_title on listings  (cost=0.00..1615.79 rows=4 width=0)
         Index Cond: (user_id = 25536)
[0m
  [4;36;1mListing Load (2.0ms)[0m   [0;1mSELECT * FROM "listings" WHERE ("listings".user_id = 25536) [0m
  [4;35;1mAnalyzing Listing Load Execution Time: 0.002753

[0m   [0mIndex Scan using index_listings_on_id_and_user_id_and_title on listings  (cost=0.00..1615.79 rows=4 width=1172)
   Index Cond: (user_id = 25536)
[0m
  [4;36;1mSQL (148.9ms)[0m   [0;1mSELECT count(*) AS count_all FROM "impressions" WHERE ("impressions".listing_id = 105351) [0m
  [4;35;1mAnalyzing  Execution Time: 0.149145

[0m   [0mAggregate  (cost=12714.08..12714.09 rows=1 width=0)
   ->  Seq Scan on impressions  (cost=0.00..12714.00 rows=31 width=0)
         Filter: (listing_id = 105351)
[0m
  [4;36;1mSQL (8.5ms)[0m   [0;1mSELECT count(*) AS count_all FROM "clicks" WHERE ("clicks".listing_id = 105351) [0m
  [4;35;1mAnalyzing  Execution Time: 0.008801

[0m   [0mAggregate  (cost=814.47..814.48 rows=1 width=0)
   ->  Seq Scan on clicks  (cost=0.00..814.46 rows=2 width=0)
         Filter: (listing_id = 105351)
[0m
  [4;36;1mSQL (2.1ms)[0m   [0;1mSELECT count(*) AS count_all FROM "listings" WHERE ("listings".user_id = 25538) [0m
  [4;35;1mAnalyzing  Execution Time: 0.002401

[0m   [0mAggregate  (cost=1615.81..1615.82 rows=1 width=0)
   ->  Index Scan using index_listings_on_id_and_user_id_and_title on listings  (cost=0.00..1615.79 rows=4 width=0)
         Index Cond: (user_id = 25538)
[0m
  [4;36;1mListing Load (2.5ms)[0m   [0;1mSELECT * FROM "listings" WHERE ("listings".user_id = 25538) [0m
  [4;35;1mAnalyzing Listing Load Execution Time: 0.016029

[0m   [0mIndex Scan using index_listings_on_id_and_user_id_and_title on listings  (cost=0.00..1615.79 rows=4 width=1172)
   Index Cond: (user_id = 25538)
[0m
  [4;36;1mSQL (226.7ms)[0m   [0;1mSELECT count(*) AS count_all FROM "impressions" WHERE ("impressions".listing_id = 64823) [0m
  [4;35;1mAnalyzing  Execution Time: 0.227002

[0m   [0mAggregate  (cost=12714.08..12714.09 rows=1 width=0)
   ->  Seq Scan on impressions  (cost=0.00..12714.00 rows=31 width=0)
         Filter: (listing_id = 64823)
[0m
  [4;36;1mSQL (147.6ms)[0m   [0;1mSELECT count(*) AS count_all FROM "impressions" WHERE ("impressions".listing_id = 68305) [0m
  [4;35;1mAnalyzing  Execution Time: 0.147842

[0m   [0mAggregate  (cost=12724.34..12724.35 rows=1 width=0)
   ->  Seq Scan on impressions  (cost=0.00..12714.00 rows=4136 width=0)
         Filter: (listing_id = 68305)
[0m
  [4;36;1mSQL (146.4ms)[0m   [0;1mSELECT count(*) AS count_all FROM "impressions" WHERE ("impressions".listing_id = 69902) [0m
  [4;35;1mAnalyzing  Execution Time: 0.146709

[0m   [0mAggregate  (cost=12714.08..12714.09 rows=1 width=0)
   ->  Seq Scan on impressions  (cost=0.00..12714.00 rows=31 width=0)
         Filter: (listing_id = 69902)
[0m
  [4;36;1mSQL (150.2ms)[0m   [0;1mSELECT count(*) AS count_all FROM "impressions" WHERE ("impressions".listing_id = 70264) [0m
  [4;35;1mAnalyzing  Execution Time: 0.150424

[0m   [0mAggregate  (cost=12714.08..12714.09 rows=1 width=0)
   ->  Seq Scan on impressions  (cost=0.00..12714.00 rows=31 width=0)
         Filter: (listing_id = 70264)
[0m
  [4;36;1mSQL (148.3ms)[0m   [0;1mSELECT count(*) AS count_all FROM "impressions" WHERE ("impressions".listing_id = 70440) [0m
  [4;35;1mAnalyzing  Execution Time: 0.148575

[0m   [0mAggregate  (cost=12714.08..12714.09 rows=1 width=0)
   ->  Seq Scan on impressions  (cost=0.00..12714.00 rows=31 width=0)
         Filter: (listing_id = 70440)
[0m
  [4;36;1mSQL (143.1ms)[0m   [0;1mSELECT count(*) AS count_all FROM "impressions" WHERE ("impressions".listing_id = 70442) [0m
  [4;35;1mAnalyzing  Execution Time: 0.14334

[0m   [0mAggregate  (cost=12714.08..12714.09 rows=1 width=0)
   ->  Seq Scan on impressions  (cost=0.00..12714.00 rows=31 width=0)
         Filter: (listing_id = 70442)
[0m
  [4;36;1mSQL (146.2ms)[0m   [0;1mSELECT count(*) AS count_all FROM "impressions" WHERE ("impressions".listing_id = 70715) [0m
  [4;35;1mAnalyzing  Execution Time: 0.146473

[0m   [0mAggregate  (cost=12714.08..12714.09 rows=1 width=0)
   ->  Seq Scan on impressions  (cost=0.00..12714.00 rows=31 width=0)
         Filter: (listing_id = 70715)
[0m
  [4;36;1mSQL (164.8ms)[0m   [0;1mSELECT count(*) AS count_all FROM "impressions" WHERE ("impressions".listing_id = 72072) [0m
  [4;35;1mAnalyzing  Execution Time: 0.165111

[0m   [0mAggregate  (cost=12714.08..12714.09 rows=1 width=0)
   ->  Seq Scan on impressions  (cost=0.00..12714.00 rows=31 width=0)
         Filter: (listing_id = 72072)
[0m
  [4;36;1mSQL (174.5ms)[0m   [0;1mSELECT count(*) AS count_all FROM "impressions" WHERE ("impressions".listing_id = 72794) [0m
  [4;35;1mAnalyzing  Execution Time: 0.174815

[0m   [0mAggregate  (cost=12714.08..12714.09 rows=1 width=0)
   ->  Seq Scan on impressions  (cost=0.00..12714.00 rows=31 width=0)
         Filter: (listing_id = 72794)
[0m
  [4;36;1mSQL (165.3ms)[0m   [0;1mSELECT count(*) AS count_all FROM "impressions" WHERE ("impressions".listing_id = 73465) [0m
  [4;35;1mAnalyzing  Execution Time: 0.165619

[0m   [0mAggregate  (cost=12714.08..12714.09 rows=1 width=0)
   ->  Seq Scan on impressions  (cost=0.00..12714.00 rows=31 width=0)
         Filter: (listing_id = 73465)
[0m
  [4;36;1mSQL (192.5ms)[0m   [0;1mSELECT count(*) AS count_all FROM "impressions" WHERE ("impressions".listing_id = 74553) [0m
  [4;35;1mAnalyzing  Execution Time: 0.192794

[0m   [0mAggregate  (cost=12714.08..12714.09 rows=1 width=0)
   ->  Seq Scan on impressions  (cost=0.00..12714.00 rows=31 width=0)
         Filter: (listing_id = 74553)
[0m
  [4;36;1mSQL (164.2ms)[0m   [0;1mSELECT count(*) AS count_all FROM "impressions" WHERE ("impressions".listing_id = 75288) [0m
  [4;35;1mAnalyzing  Execution Time: 0.164424

[0m   [0mAggregate  (cost=12714.08..12714.09 rows=1 width=0)
   ->  Seq Scan on impressions  (cost=0.00..12714.00 rows=31 width=0)
         Filter: (listing_id = 75288)
[0m
  [4;36;1mSQL (174.2ms)[0m   [0;1mSELECT count(*) AS count_all FROM "impressions" WHERE ("impressions".listing_id = 76516) [0m
  [4;35;1mAnalyzing  Execution Time: 0.174442

[0m   [0mAggregate  (cost=12714.08..12714.09 rows=1 width=0)
   ->  Seq Scan on impressions  (cost=0.00..12714.00 rows=31 width=0)
         Filter: (listing_id = 76516)
[0m
  [4;36;1mSQL (148.2ms)[0m   [0;1mSELECT count(*) AS count_all FROM "impressions" WHERE ("impressions".listing_id = 80065) [0m
  [4;35;1mAnalyzing  Execution Time: 0.148502

[0m   [0mAggregate  (cost=12714.08..12714.09 rows=1 width=0)
   ->  Seq Scan on impressions  (cost=0.00..12714.00 rows=31 width=0)
         Filter: (listing_id = 80065)
[0m
  [4;36;1mSQL (146.3ms)[0m   [0;1mSELECT count(*) AS count_all FROM "impressions" WHERE ("impressions".listing_id = 82112) [0m
  [4;35;1mAnalyzing  Execution Time: 0.146551

[0m   [0mAggregate  (cost=12714.08..12714.09 rows=1 width=0)
   ->  Seq Scan on impressions  (cost=0.00..12714.00 rows=31 width=0)
         Filter: (listing_id = 82112)
[0m
  [4;36;1mSQL (142.0ms)[0m   [0;1mSELECT count(*) AS count_all FROM "impressions" WHERE ("impressions".listing_id = 92421) [0m
  [4;35;1mAnalyzing  Execution Time: 0.142287

[0m   [0mAggregate  (cost=12714.08..12714.09 rows=1 width=0)
   ->  Seq Scan on impressions  (cost=0.00..12714.00 rows=31 width=0)
         Filter: (listing_id = 92421)
[0m
  [4;36;1mSQL (141.9ms)[0m   [0;1mSELECT count(*) AS count_all FROM "impressions" WHERE ("impressions".listing_id = 92424) [0m
  [4;35;1mAnalyzing  Execution Time: 0.142172

[0m   [0mAggregate  (cost=12714.08..12714.09 rows=1 width=0)
   ->  Seq Scan on impressions  (cost=0.00..12714.00 rows=31 width=0)
         Filter: (listing_id = 92424)
[0m
  [4;36;1mSQL (141.3ms)[0m   [0;1mSELECT count(*) AS count_all FROM "impressions" WHERE ("impressions".listing_id = 92426) [0m
  [4;35;1mAnalyzing  Execution Time: 0.141665

[0m   [0mAggregate  (cost=12714.08..12714.09 rows=1 width=0)
   ->  Seq Scan on impressions  (cost=0.00..12714.00 rows=31 width=0)
         Filter: (listing_id = 92426)
[0m
  [4;36;1mSQL (142.4ms)[0m   [0;1mSELECT count(*) AS count_all FROM "impressions" WHERE ("impressions".listing_id = 106142) [0m
  [4;35;1mAnalyzing  Execution Time: 0.142627

[0m   [0mAggregate  (cost=12714.08..12714.09 rows=1 width=0)
   ->  Seq Scan on impressions  (cost=0.00..12714.00 rows=31 width=0)
         Filter: (listing_id = 106142)
[0m
  [4;36;1mSQL (143.3ms)[0m   [0;1mSELECT count(*) AS count_all FROM "impressions" WHERE ("impressions".listing_id = 106143) [0m
  [4;35;1mAnalyzing  Execution Time: 0.143575

[0m   [0mAggregate  (cost=12714.08..12714.09 rows=1 width=0)
   ->  Seq Scan on impressions  (cost=0.00..12714.00 rows=31 width=0)
         Filter: (listing_id = 106143)
[0m
  [4;36;1mSQL (143.1ms)[0m   [0;1mSELECT count(*) AS count_all FROM "impressions" WHERE ("impressions".listing_id = 106144) [0m
  [4;35;1mAnalyzing  Execution Time: 0.143369

[0m   [0mAggregate  (cost=12714.08..12714.09 rows=1 width=0)
   ->  Seq Scan on impressions  (cost=0.00..12714.00 rows=31 width=0)
         Filter: (listing_id = 106144)
[0m
  [4;36;1mSQL (209.0ms)[0m   [0;1mSELECT count(*) AS count_all FROM "impressions" WHERE ("impressions".listing_id = 106145) [0m
  [4;35;1mAnalyzing  Execution Time: 0.209273

[0m   [0mAggregate  (cost=12714.08..12714.09 rows=1 width=0)
   ->  Seq Scan on impressions  (cost=0.00..12714.00 rows=31 width=0)
         Filter: (listing_id = 106145)
[0m
  [4;36;1mSQL (161.2ms)[0m   [0;1mSELECT count(*) AS count_all FROM "impressions" WHERE ("impressions".listing_id = 106610) [0m
  [4;35;1mAnalyzing  Execution Time: 0.161435

[0m   [0mAggregate  (cost=12714.08..12714.09 rows=1 width=0)
   ->  Seq Scan on impressions  (cost=0.00..12714.00 rows=31 width=0)
         Filter: (listing_id = 106610)
[0m
  [4;36;1mSQL (140.7ms)[0m   [0;1mSELECT count(*) AS count_all FROM "impressions" WHERE ("impressions".listing_id = 113229) [0m
  [4;35;1mAnalyzing  Execution Time: 0.140957

[0m   [0mAggregate  (cost=12714.08..12714.09 rows=1 width=0)
   ->  Seq Scan on impressions  (cost=0.00..12714.00 rows=31 width=0)
         Filter: (listing_id = 113229)
[0m
  [4;36;1mSQL (159.5ms)[0m   [0;1mSELECT count(*) AS count_all FROM "impressions" WHERE ("impressions".listing_id = 113232) [0m
  [4;35;1mAnalyzing  Execution Time: 0.159789

[0m   [0mAggregate  (cost=12714.08..12714.09 rows=1 width=0)
   ->  Seq Scan on impressions  (cost=0.00..12714.00 rows=31 width=0)
         Filter: (listing_id = 113232)
[0m
  [4;36;1mSQL (152.9ms)[0m   [0;1mSELECT count(*) AS count_all FROM "impressions" WHERE ("impressions".listing_id = 113233) [0m
  [4;35;1mAnalyzing  Execution Time: 0.153255

[0m   [0mAggregate  (cost=12714.08..12714.09 rows=1 width=0)
   ->  Seq Scan on impressions  (cost=0.00..12714.00 rows=31 width=0)
         Filter: (listing_id = 113233)
[0m
  [4;36;1mSQL (143.7ms)[0m   [0;1mSELECT count(*) AS count_all FROM "impressions" WHERE ("impressions".listing_id = 113234) [0m
  [4;35;1mAnalyzing  Execution Time: 0.143984

[0m   [0mAggregate  (cost=12714.08..12714.09 rows=1 width=0)
   ->  Seq Scan on impressions  (cost=0.00..12714.00 rows=31 width=0)
         Filter: (listing_id = 113234)
[0m
  [4;36;1mSQL (142.9ms)[0m   [0;1mSELECT count(*) AS count_all FROM "impressions" WHERE ("impressions".listing_id = 113235) [0m
  [4;35;1mAnalyzing  Execution Time: 0.143129

[0m   [0mAggregate  (cost=12714.08..12714.09 rows=1 width=0)
   ->  Seq Scan on impressions  (cost=0.00..12714.00 rows=31 width=0)
         Filter: (listing_id = 113235)
[0m
  [4;36;1mSQL (142.4ms)[0m   [0;1mSELECT count(*) AS count_all FROM "impressions" WHERE ("impressions".listing_id = 113236) [0m
  [4;35;1mAnalyzing  Execution Time: 0.142644

[0m   [0mAggregate  (cost=12714.08..12714.09 rows=1 width=0)
   ->  Seq Scan on impressions  (cost=0.00..12714.00 rows=31 width=0)
         Filter: (listing_id = 113236)
[0m
  [4;36;1mSQL (140.9ms)[0m   [0;1mSELECT count(*) AS count_all FROM "impressions" WHERE ("impressions".listing_id = 113237) [0m
  [4;35;1mAnalyzing  Execution Time: 0.141248

[0m   [0mAggregate  (cost=12714.08..12714.09 rows=1 width=0)
   ->  Seq Scan on impressions  (cost=0.00..12714.00 rows=31 width=0)
         Filter: (listing_id = 113237)
[0m
  [4;36;1mSQL (137.9ms)[0m   [0;1mSELECT count(*) AS count_all FROM "impressions" WHERE ("impressions".listing_id = 113238) [0m
  [4;35;1mAnalyzing  Execution Time: 0.138169

[0m   [0mAggregate  (cost=12714.08..12714.09 rows=1 width=0)
   ->  Seq Scan on impressions  (cost=0.00..12714.00 rows=31 width=0)
         Filter: (listing_id = 113238)
[0m
  [4;36;1mSQL (140.6ms)[0m   [0;1mSELECT count(*) AS count_all FROM "impressions" WHERE ("impressions".listing_id = 113239) [0m
  [4;35;1mAnalyzing  Execution Time: 0.140931

[0m   [0mAggregate  (cost=12714.08..12714.09 rows=1 width=0)
   ->  Seq Scan on impressions  (cost=0.00..12714.00 rows=31 width=0)
         Filter: (listing_id = 113239)
[0m
  [4;36;1mSQL (160.1ms)[0m   [0;1mSELECT count(*) AS count_all FROM "impressions" WHERE ("impressions".listing_id = 113240) [0m
  [4;35;1mAnalyzing  Execution Time: 0.160411

[0m   [0mAggregate  (cost=12714.08..12714.09 rows=1 width=0)
   ->  Seq Scan on impressions  (cost=0.00..12714.00 rows=31 width=0)
         Filter: (listing_id = 113240)
[0m
  [4;36;1mSQL (170.8ms)[0m   [0;1mSELECT count(*) AS count_all FROM "impressions" WHERE ("impressions".listing_id = 113241) [0m
  [4;35;1mAnalyzing  Execution Time: 0.171131

[0m   [0mAggregate  (cost=12714.08..12714.09 rows=1 width=0)
   ->  Seq Scan on impressions  (cost=0.00..12714.00 rows=31 width=0)
         Filter: (listing_id = 113241)
[0m
  [4;36;1mSQL (191.7ms)[0m   [0;1mSELECT count(*) AS count_all FROM "impressions" WHERE ("impressions".listing_id = 113242) [0m
  [4;35;1mAnalyzing  Execution Time: 0.192004

[0m   [0mAggregate  (cost=12714.08..12714.09 rows=1 width=0)
   ->  Seq Scan on impressions  (cost=0.00..12714.00 rows=31 width=0)
         Filter: (listing_id = 113242)
[0m
  [4;36;1mSQL (14.9ms)[0m   [0;1mSELECT count(*) AS count_all FROM "clicks" WHERE ("clicks".listing_id = 64823) [0m
  [4;35;1mAnalyzing  Execution Time: 0.015192

[0m   [0mAggregate  (cost=814.47..814.48 rows=1 width=0)
   ->  Seq Scan on clicks  (cost=0.00..814.46 rows=2 width=0)
         Filter: (listing_id = 64823)
[0m
  [4;36;1mSQL (10.2ms)[0m   [0;1mSELECT count(*) AS count_all FROM "clicks" WHERE ("clicks".listing_id = 68305) [0m
  [4;35;1mAnalyzing  Execution Time: 0.010464

[0m   [0mAggregate  (cost=814.47..814.48 rows=1 width=0)
   ->  Seq Scan on clicks  (cost=0.00..814.46 rows=2 width=0)
         Filter: (listing_id = 68305)
[0m
  [4;36;1mSQL (9.5ms)[0m   [0;1mSELECT count(*) AS count_all FROM "clicks" WHERE ("clicks".listing_id = 69902) [0m
  [4;35;1mAnalyzing  Execution Time: 0.00977

[0m   [0mAggregate  (cost=814.47..814.48 rows=1 width=0)
   ->  Seq Scan on clicks  (cost=0.00..814.46 rows=2 width=0)
         Filter: (listing_id = 69902)
[0m
  [4;36;1mSQL (9.6ms)[0m   [0;1mSELECT count(*) AS count_all FROM "clicks" WHERE ("clicks".listing_id = 70264) [0m
  [4;35;1mAnalyzing  Execution Time: 0.00986

[0m   [0mAggregate  (cost=814.47..814.48 rows=1 width=0)
   ->  Seq Scan on clicks  (cost=0.00..814.46 rows=2 width=0)
         Filter: (listing_id = 70264)
[0m
  [4;36;1mSQL (17.9ms)[0m   [0;1mSELECT count(*) AS count_all FROM "clicks" WHERE ("clicks".listing_id = 70440) [0m
  [4;35;1mAnalyzing  Execution Time: 0.018155

[0m   [0mAggregate  (cost=814.47..814.48 rows=1 width=0)
   ->  Seq Scan on clicks  (cost=0.00..814.46 rows=2 width=0)
         Filter: (listing_id = 70440)
[0m
  [4;36;1mSQL (11.0ms)[0m   [0;1mSELECT count(*) AS count_all FROM "clicks" WHERE ("clicks".listing_id = 70442) [0m
  [4;35;1mAnalyzing  Execution Time: 0.011264

[0m   [0mAggregate  (cost=814.47..814.48 rows=1 width=0)
   ->  Seq Scan on clicks  (cost=0.00..814.46 rows=2 width=0)
         Filter: (listing_id = 70442)
[0m
  [4;36;1mSQL (10.0ms)[0m   [0;1mSELECT count(*) AS count_all FROM "clicks" WHERE ("clicks".listing_id = 70715) [0m
  [4;35;1mAnalyzing  Execution Time: 0.01028

[0m   [0mAggregate  (cost=814.47..814.48 rows=1 width=0)
   ->  Seq Scan on clicks  (cost=0.00..814.46 rows=2 width=0)
         Filter: (listing_id = 70715)
[0m
  [4;36;1mSQL (9.5ms)[0m   [0;1mSELECT count(*) AS count_all FROM "clicks" WHERE ("clicks".listing_id = 72072) [0m
  [4;35;1mAnalyzing  Execution Time: 0.009715

[0m   [0mAggregate  (cost=814.47..814.48 rows=1 width=0)
   ->  Seq Scan on clicks  (cost=0.00..814.46 rows=2 width=0)
         Filter: (listing_id = 72072)
[0m
  [4;36;1mSQL (10.6ms)[0m   [0;1mSELECT count(*) AS count_all FROM "clicks" WHERE ("clicks".listing_id = 72794) [0m
  [4;35;1mAnalyzing  Execution Time: 0.010846

[0m   [0mAggregate  (cost=814.47..814.48 rows=1 width=0)
   ->  Seq Scan on clicks  (cost=0.00..814.46 rows=2 width=0)
         Filter: (listing_id = 72794)
[0m
  [4;36;1mSQL (9.8ms)[0m   [0;1mSELECT count(*) AS count_all FROM "clicks" WHERE ("clicks".listing_id = 73465) [0m
  [4;35;1mAnalyzing  Execution Time: 0.010097

[0m   [0mAggregate  (cost=814.47..814.48 rows=1 width=0)
   ->  Seq Scan on clicks  (cost=0.00..814.46 rows=2 width=0)
         Filter: (listing_id = 73465)
[0m
  [4;36;1mSQL (11.6ms)[0m   [0;1mSELECT count(*) AS count_all FROM "clicks" WHERE ("clicks".listing_id = 74553) [0m
  [4;35;1mAnalyzing  Execution Time: 0.011894

[0m   [0mAggregate  (cost=814.47..814.48 rows=1 width=0)
   ->  Seq Scan on clicks  (cost=0.00..814.46 rows=2 width=0)
         Filter: (listing_id = 74553)
[0m
  [4;36;1mSQL (14.8ms)[0m   [0;1mSELECT count(*) AS count_all FROM "clicks" WHERE ("clicks".listing_id = 75288) [0m
  [4;35;1mAnalyzing  Execution Time: 0.015061

[0m   [0mAggregate  (cost=814.47..814.48 rows=1 width=0)
   ->  Seq Scan on clicks  (cost=0.00..814.46 rows=2 width=0)
         Filter: (listing_id = 75288)
[0m
  [4;36;1mSQL (9.4ms)[0m   [0;1mSELECT count(*) AS count_all FROM "clicks" WHERE ("clicks".listing_id = 76516) [0m
  [4;35;1mAnalyzing  Execution Time: 0.009614

[0m   [0mAggregate  (cost=814.47..814.48 rows=1 width=0)
   ->  Seq Scan on clicks  (cost=0.00..814.46 rows=2 width=0)
         Filter: (listing_id = 76516)
[0m
  [4;36;1mSQL (13.8ms)[0m   [0;1mSELECT count(*) AS count_all FROM "clicks" WHERE ("clicks".listing_id = 80065) [0m
  [4;35;1mAnalyzing  Execution Time: 0.014056

[0m   [0mAggregate  (cost=814.47..814.48 rows=1 width=0)
   ->  Seq Scan on clicks  (cost=0.00..814.46 rows=2 width=0)
         Filter: (listing_id = 80065)
[0m
  [4;36;1mSQL (10.1ms)[0m   [0;1mSELECT count(*) AS count_all FROM "clicks" WHERE ("clicks".listing_id = 82112) [0m
  [4;35;1mAnalyzing  Execution Time: 0.010484

[0m   [0mAggregate  (cost=814.47..814.48 rows=1 width=0)
   ->  Seq Scan on clicks  (cost=0.00..814.46 rows=2 width=0)
         Filter: (listing_id = 82112)
[0m
  [4;36;1mSQL (16.1ms)[0m   [0;1mSELECT count(*) AS count_all FROM "clicks" WHERE ("clicks".listing_id = 92421) [0m
  [4;35;1mAnalyzing  Execution Time: 0.016376

[0m   [0mAggregate  (cost=814.47..814.48 rows=1 width=0)
   ->  Seq Scan on clicks  (cost=0.00..814.46 rows=2 width=0)
         Filter: (listing_id = 92421)
[0m
  [4;36;1mSQL (12.0ms)[0m   [0;1mSELECT count(*) AS count_all FROM "clicks" WHERE ("clicks".listing_id = 92424) [0m
  [4;35;1mAnalyzing  Execution Time: 0.012267

[0m   [0mAggregate  (cost=814.47..814.48 rows=1 width=0)
   ->  Seq Scan on clicks  (cost=0.00..814.46 rows=2 width=0)
         Filter: (listing_id = 92424)
[0m
  [4;36;1mSQL (11.9ms)[0m   [0;1mSELECT count(*) AS count_all FROM "clicks" WHERE ("clicks".listing_id = 92426) [0m
  [4;35;1mAnalyzing  Execution Time: 0.012182

[0m   [0mAggregate  (cost=814.47..814.48 rows=1 width=0)
   ->  Seq Scan on clicks  (cost=0.00..814.46 rows=2 width=0)
         Filter: (listing_id = 92426)
[0m
  [4;36;1mSQL (8.8ms)[0m   [0;1mSELECT count(*) AS count_all FROM "clicks" WHERE ("clicks".listing_id = 106142) [0m
  [4;35;1mAnalyzing  Execution Time: 0.009068

[0m   [0mAggregate  (cost=814.47..814.48 rows=1 width=0)
   ->  Seq Scan on clicks  (cost=0.00..814.46 rows=2 width=0)
         Filter: (listing_id = 106142)
[0m
  [4;36;1mSQL (11.7ms)[0m   [0;1mSELECT count(*) AS count_all FROM "clicks" WHERE ("clicks".listing_id = 106143) [0m
  [4;35;1mAnalyzing  Execution Time: 0.011952

[0m   [0mAggregate  (cost=814.47..814.48 rows=1 width=0)
   ->  Seq Scan on clicks  (cost=0.00..814.46 rows=2 width=0)
         Filter: (listing_id = 106143)
[0m
  [4;36;1mSQL (9.5ms)[0m   [0;1mSELECT count(*) AS count_all FROM "clicks" WHERE ("clicks".listing_id = 106144) [0m
  [4;35;1mAnalyzing  Execution Time: 0.009731

[0m   [0mAggregate  (cost=814.47..814.48 rows=1 width=0)
   ->  Seq Scan on clicks  (cost=0.00..814.46 rows=2 width=0)
         Filter: (listing_id = 106144)
[0m
  [4;36;1mSQL (12.6ms)[0m   [0;1mSELECT count(*) AS count_all FROM "clicks" WHERE ("clicks".listing_id = 106145) [0m
  [4;35;1mAnalyzing  Execution Time: 0.012888

[0m   [0mAggregate  (cost=814.47..814.48 rows=1 width=0)
   ->  Seq Scan on clicks  (cost=0.00..814.46 rows=2 width=0)
         Filter: (listing_id = 106145)
[0m
  [4;36;1mSQL (11.1ms)[0m   [0;1mSELECT count(*) AS count_all FROM "clicks" WHERE ("clicks".listing_id = 106610) [0m
  [4;35;1mAnalyzing  Execution Time: 0.011329

[0m   [0mAggregate  (cost=814.47..814.48 rows=1 width=0)
   ->  Seq Scan on clicks  (cost=0.00..814.46 rows=2 width=0)
         Filter: (listing_id = 106610)
[0m
  [4;36;1mSQL (10.0ms)[0m   [0;1mSELECT count(*) AS count_all FROM "clicks" WHERE ("clicks".listing_id = 113229) [0m
  [4;35;1mAnalyzing  Execution Time: 0.010241

[0m   [0mAggregate  (cost=814.47..814.48 rows=1 width=0)
   ->  Seq Scan on clicks  (cost=0.00..814.46 rows=2 width=0)
         Filter: (listing_id = 113229)
[0m
  [4;36;1mSQL (10.2ms)[0m   [0;1mSELECT count(*) AS count_all FROM "clicks" WHERE ("clicks".listing_id = 113232) [0m
  [4;35;1mAnalyzing  Execution Time: 0.010585

[0m   [0mAggregate  (cost=814.47..814.48 rows=1 width=0)
   ->  Seq Scan on clicks  (cost=0.00..814.46 rows=2 width=0)
         Filter: (listing_id = 113232)
[0m
  [4;36;1mSQL (10.8ms)[0m   [0;1mSELECT count(*) AS count_all FROM "clicks" WHERE ("clicks".listing_id = 113233) [0m
  [4;35;1mAnalyzing  Execution Time: 0.011063

[0m   [0mAggregate  (cost=814.47..814.48 rows=1 width=0)
   ->  Seq Scan on clicks  (cost=0.00..814.46 rows=2 width=0)
         Filter: (listing_id = 113233)
[0m
  [4;36;1mSQL (9.5ms)[0m   [0;1mSELECT count(*) AS count_all FROM "clicks" WHERE ("clicks".listing_id = 113234) [0m
  [4;35;1mAnalyzing  Execution Time: 0.009772

[0m   [0mAggregate  (cost=814.47..814.48 rows=1 width=0)
   ->  Seq Scan on clicks  (cost=0.00..814.46 rows=2 width=0)
         Filter: (listing_id = 113234)
[0m
  [4;36;1mSQL (17.7ms)[0m   [0;1mSELECT count(*) AS count_all FROM "clicks" WHERE ("clicks".listing_id = 113235) [0m
  [4;35;1mAnalyzing  Execution Time: 0.017943

[0m   [0mAggregate  (cost=814.47..814.48 rows=1 width=0)
   ->  Seq Scan on clicks  (cost=0.00..814.46 rows=2 width=0)
         Filter: (listing_id = 113235)
[0m
  [4;36;1mSQL (18.8ms)[0m   [0;1mSELECT count(*) AS count_all FROM "clicks" WHERE ("clicks".listing_id = 113236) [0m
  [4;35;1mAnalyzing  Execution Time: 0.025484

[0m   [0mAggregate  (cost=814.47..814.48 rows=1 width=0)
   ->  Seq Scan on clicks  (cost=0.00..814.46 rows=2 width=0)
         Filter: (listing_id = 113236)
[0m
  [4;36;1mSQL (14.4ms)[0m   [0;1mSELECT count(*) AS count_all FROM "clicks" WHERE ("clicks".listing_id = 113237) [0m
  [4;35;1mAnalyzing  Execution Time: 0.014631

[0m   [0mAggregate  (cost=814.47..814.48 rows=1 width=0)
   ->  Seq Scan on clicks  (cost=0.00..814.46 rows=2 width=0)
         Filter: (listing_id = 113237)
[0m
  [4;36;1mSQL (18.4ms)[0m   [0;1mSELECT count(*) AS count_all FROM "clicks" WHERE ("clicks".listing_id = 113238) [0m
  [4;35;1mAnalyzing  Execution Time: 0.01873

[0m   [0mAggregate  (cost=814.47..814.48 rows=1 width=0)
   ->  Seq Scan on clicks  (cost=0.00..814.46 rows=2 width=0)
         Filter: (listing_id = 113238)
[0m
  [4;36;1mSQL (13.7ms)[0m   [0;1mSELECT count(*) AS count_all FROM "clicks" WHERE ("clicks".listing_id = 113239) [0m
  [4;35;1mAnalyzing  Execution Time: 0.014022

[0m   [0mAggregate  (cost=814.47..814.48 rows=1 width=0)
   ->  Seq Scan on clicks  (cost=0.00..814.46 rows=2 width=0)
         Filter: (listing_id = 113239)
[0m
  [4;36;1mSQL (10.6ms)[0m   [0;1mSELECT count(*) AS count_all FROM "clicks" WHERE ("clicks".listing_id = 113240) [0m
  [4;35;1mAnalyzing  Execution Time: 0.010805

[0m   [0mAggregate  (cost=814.47..814.48 rows=1 width=0)
   ->  Seq Scan on clicks  (cost=0.00..814.46 rows=2 width=0)
         Filter: (listing_id = 113240)
[0m
  [4;36;1mSQL (10.1ms)[0m   [0;1mSELECT count(*) AS count_all FROM "clicks" WHERE ("clicks".listing_id = 113241) [0m
  [4;35;1mAnalyzing  Execution Time: 0.01038

[0m   [0mAggregate  (cost=814.47..814.48 rows=1 width=0)
   ->  Seq Scan on clicks  (cost=0.00..814.46 rows=2 width=0)
         Filter: (listing_id = 113241)
[0m
  [4;36;1mSQL (14.6ms)[0m   [0;1mSELECT count(*) AS count_all FROM "clicks" WHERE ("clicks".listing_id = 113242) [0m
  [4;35;1mAnalyzing  Execution Time: 0.015418

[0m   [0mAggregate  (cost=814.47..814.48 rows=1 width=0)
   ->  Seq Scan on clicks  (cost=0.00..814.46 rows=2 width=0)
         Filter: (listing_id = 113242)
[0m
  [4;36;1mSQL (6.7ms)[0m   [0;1mSELECT count(*) AS count_all FROM "listings" WHERE ("listings".user_id = 25539) [0m
  [4;35;1mAnalyzing  Execution Time: 0.007206

[0m   [0mAggregate  (cost=1615.81..1615.82 rows=1 width=0)
   ->  Index Scan using index_listings_on_id_and_user_id_and_title on listings  (cost=0.00..1615.79 rows=4 width=0)
         Index Cond: (user_id = 25539)
[0m
  [4;36;1mListing Load (3.5ms)[0m   [0;1mSELECT * FROM "listings" WHERE ("listings".user_id = 25539) [0m
  [4;35;1mAnalyzing Listing Load Execution Time: 0.00435

[0m   [0mIndex Scan using index_listings_on_id_and_user_id_and_title on listings  (cost=0.00..1615.79 rows=4 width=1172)
   Index Cond: (user_id = 25539)
[0m
  [4;36;1mSQL (283.9ms)[0m   [0;1mSELECT count(*) AS count_all FROM "impressions" WHERE ("impressions".listing_id = 113169) [0m
  [4;35;1mAnalyzing  Execution Time: 0.284148

[0m   [0mAggregate  (cost=12714.08..12714.09 rows=1 width=0)
   ->  Seq Scan on impressions  (cost=0.00..12714.00 rows=31 width=0)
         Filter: (listing_id = 113169)
[0m
  [4;36;1mSQL (23.9ms)[0m   [0;1mSELECT count(*) AS count_all FROM "clicks" WHERE ("clicks".listing_id = 113169) [0m
  [4;35;1mAnalyzing  Execution Time: 0.024235

[0m   [0mAggregate  (cost=814.47..814.48 rows=1 width=0)
   ->  Seq Scan on clicks  (cost=0.00..814.46 rows=2 width=0)
         Filter: (listing_id = 113169)
[0m
  [4;36;1mSQL (2.7ms)[0m   [0;1mSELECT count(*) AS count_all FROM "listings" WHERE ("listings".user_id = 25540) [0m
  [4;35;1mAnalyzing  Execution Time: 0.002968

[0m   [0mAggregate  (cost=1615.81..1615.82 rows=1 width=0)
   ->  Index Scan using index_listings_on_id_and_user_id_and_title on listings  (cost=0.00..1615.79 rows=4 width=0)
         Index Cond: (user_id = 25540)
[0m
  [4;36;1mListing Load (2.4ms)[0m   [0;1mSELECT * FROM "listings" WHERE ("listings".user_id = 25540) [0m
  [4;35;1mAnalyzing Listing Load Execution Time: 0.003174

[0m   [0mIndex Scan using index_listings_on_id_and_user_id_and_title on listings  (cost=0.00..1615.79 rows=4 width=1172)
   Index Cond: (user_id = 25540)
[0m
  [4;36;1mSQL (275.9ms)[0m   [0;1mSELECT count(*) AS count_all FROM "impressions" WHERE ("impressions".listing_id = 113170) [0m
  [4;35;1mAnalyzing  Execution Time: 0.276147

[0m   [0mAggregate  (cost=12714.08..12714.09 rows=1 width=0)
   ->  Seq Scan on impressions  (cost=0.00..12714.00 rows=31 width=0)
         Filter: (listing_id = 113170)
[0m
  [4;36;1mSQL (9.2ms)[0m   [0;1mSELECT count(*) AS count_all FROM "clicks" WHERE ("clicks".listing_id = 113170) [0m
  [4;35;1mAnalyzing  Execution Time: 0.00948

[0m   [0mAggregate  (cost=814.47..814.48 rows=1 width=0)
   ->  Seq Scan on clicks  (cost=0.00..814.46 rows=2 width=0)
         Filter: (listing_id = 113170)
[0m
  [4;36;1mSQL (2.2ms)[0m   [0;1mSELECT count(*) AS count_all FROM "listings" WHERE ("listings".user_id = 25541) [0m
  [4;35;1mAnalyzing  Execution Time: 0.002496

[0m   [0mAggregate  (cost=1615.81..1615.82 rows=1 width=0)
   ->  Index Scan using index_listings_on_id_and_user_id_and_title on listings  (cost=0.00..1615.79 rows=4 width=0)
         Index Cond: (user_id = 25541)
[0m
  [4;36;1mListing Load (2.3ms)[0m   [0;1mSELECT * FROM "listings" WHERE ("listings".user_id = 25541) [0m
  [4;35;1mAnalyzing Listing Load Execution Time: 0.002997

[0m   [0mIndex Scan using index_listings_on_id_and_user_id_and_title on listings  (cost=0.00..1615.79 rows=4 width=1172)
   Index Cond: (user_id = 25541)
[0m
  [4;36;1mSQL (189.7ms)[0m   [0;1mSELECT count(*) AS count_all FROM "impressions" WHERE ("impressions".listing_id = 113171) [0m
  [4;35;1mAnalyzing  Execution Time: 0.190009

[0m   [0mAggregate  (cost=12714.08..12714.09 rows=1 width=0)
   ->  Seq Scan on impressions  (cost=0.00..12714.00 rows=31 width=0)
         Filter: (listing_id = 113171)
[0m
  [4;36;1mSQL (15.5ms)[0m   [0;1mSELECT count(*) AS count_all FROM "clicks" WHERE ("clicks".listing_id = 113171) [0m
  [4;35;1mAnalyzing  Execution Time: 0.015765

[0m   [0mAggregate  (cost=814.47..814.48 rows=1 width=0)
   ->  Seq Scan on clicks  (cost=0.00..814.46 rows=2 width=0)
         Filter: (listing_id = 113171)
[0m
  [4;36;1mSQL (3.9ms)[0m   [0;1mSELECT count(*) AS count_all FROM "listings" WHERE ("listings".user_id = 25542) [0m
  [4;35;1mAnalyzing  Execution Time: 0.004124

[0m   [0mAggregate  (cost=1615.81..1615.82 rows=1 width=0)
   ->  Index Scan using index_listings_on_id_and_user_id_and_title on listings  (cost=0.00..1615.79 rows=4 width=0)
         Index Cond: (user_id = 25542)
[0m
  [4;36;1mListing Load (4.7ms)[0m   [0;1mSELECT * FROM "listings" WHERE ("listings".user_id = 25542) [0m
  [4;35;1mAnalyzing Listing Load Execution Time: 0.00631

[0m   [0mIndex Scan using index_listings_on_id_and_user_id_and_title on listings  (cost=0.00..1615.79 rows=4 width=1172)
   Index Cond: (user_id = 25542)
[0m
  [4;36;1mSQL (243.5ms)[0m   [0;1mSELECT count(*) AS count_all FROM "impressions" WHERE ("impressions".listing_id = 74507) [0m
  [4;35;1mAnalyzing  Execution Time: 0.243821

[0m   [0mAggregate  (cost=12714.08..12714.09 rows=1 width=0)
   ->  Seq Scan on impressions  (cost=0.00..12714.00 rows=31 width=0)
         Filter: (listing_id = 74507)
[0m
  [4;36;1mSQL (10.4ms)[0m   [0;1mSELECT count(*) AS count_all FROM "clicks" WHERE ("clicks".listing_id = 74507) [0m
  [4;35;1mAnalyzing  Execution Time: 0.010703

[0m   [0mAggregate  (cost=814.47..814.48 rows=1 width=0)
   ->  Seq Scan on clicks  (cost=0.00..814.46 rows=2 width=0)
         Filter: (listing_id = 74507)
[0m
  [4;36;1mSQL (2.1ms)[0m   [0;1mSELECT count(*) AS count_all FROM "listings" WHERE ("listings".user_id = 25543) [0m
  [4;35;1mAnalyzing  Execution Time: 0.002334

[0m   [0mAggregate  (cost=1615.81..1615.82 rows=1 width=0)
   ->  Index Scan using index_listings_on_id_and_user_id_and_title on listings  (cost=0.00..1615.79 rows=4 width=0)
         Index Cond: (user_id = 25543)
[0m
  [4;36;1mListing Load (4.1ms)[0m   [0;1mSELECT * FROM "listings" WHERE ("listings".user_id = 25543) [0m
  [4;35;1mAnalyzing Listing Load Execution Time: 0.006576

[0m   [0mIndex Scan using index_listings_on_id_and_user_id_and_title on listings  (cost=0.00..1615.79 rows=4 width=1172)
   Index Cond: (user_id = 25543)
[0m
  [4;36;1mSQL (431.1ms)[0m   [0;1mSELECT count(*) AS count_all FROM "impressions" WHERE ("impressions".listing_id = 113172) [0m
  [4;35;1mAnalyzing  Execution Time: 0.431463

[0m   [0mAggregate  (cost=12714.08..12714.09 rows=1 width=0)
   ->  Seq Scan on impressions  (cost=0.00..12714.00 rows=31 width=0)
         Filter: (listing_id = 113172)
[0m
  [4;36;1mSQL (10.0ms)[0m   [0;1mSELECT count(*) AS count_all FROM "clicks" WHERE ("clicks".listing_id = 113172) [0m
  [4;35;1mAnalyzing  Execution Time: 0.010257

[0m   [0mAggregate  (cost=814.47..814.48 rows=1 width=0)
   ->  Seq Scan on clicks  (cost=0.00..814.46 rows=2 width=0)
         Filter: (listing_id = 113172)
[0m
  [4;36;1mSQL (2.4ms)[0m   [0;1mSELECT count(*) AS count_all FROM "listings" WHERE ("listings".user_id = 25544) [0m
  [4;35;1mAnalyzing  Execution Time: 0.002625

[0m   [0mAggregate  (cost=1615.81..1615.82 rows=1 width=0)
   ->  Index Scan using index_listings_on_id_and_user_id_and_title on listings  (cost=0.00..1615.79 rows=4 width=0)
         Index Cond: (user_id = 25544)
[0m
  [4;36;1mListing Load (12.7ms)[0m   [0;1mSELECT * FROM "listings" WHERE ("listings".user_id = 25544) [0m
  [4;35;1mAnalyzing Listing Load Execution Time: 0.014142

[0m   [0mIndex Scan using index_listings_on_id_and_user_id_and_title on listings  (cost=0.00..1615.79 rows=4 width=1172)
   Index Cond: (user_id = 25544)
[0m
  [4;36;1mSQL (323.4ms)[0m   [0;1mSELECT count(*) AS count_all FROM "impressions" WHERE ("impressions".listing_id = 91334) [0m
  [4;35;1mAnalyzing  Execution Time: 0.323729

[0m   [0mAggregate  (cost=12714.08..12714.09 rows=1 width=0)
   ->  Seq Scan on impressions  (cost=0.00..12714.00 rows=31 width=0)
         Filter: (listing_id = 91334)
[0m
  [4;36;1mSQL (274.8ms)[0m   [0;1mSELECT count(*) AS count_all FROM "impressions" WHERE ("impressions".listing_id = 91335) [0m
  [4;35;1mAnalyzing  Execution Time: 0.275234

[0m   [0mAggregate  (cost=12714.08..12714.09 rows=1 width=0)
   ->  Seq Scan on impressions  (cost=0.00..12714.00 rows=31 width=0)
         Filter: (listing_id = 91335)
[0m
  [4;36;1mSQL (251.3ms)[0m   [0;1mSELECT count(*) AS count_all FROM "impressions" WHERE ("impressions".listing_id = 91336) [0m
  [4;35;1mAnalyzing  Execution Time: 0.251529

[0m   [0mAggregate  (cost=12714.08..12714.09 rows=1 width=0)
   ->  Seq Scan on impressions  (cost=0.00..12714.00 rows=31 width=0)
         Filter: (listing_id = 91336)
[0m
  [4;36;1mSQL (9.8ms)[0m   [0;1mSELECT count(*) AS count_all FROM "clicks" WHERE ("clicks".listing_id = 91334) [0m
  [4;35;1mAnalyzing  Execution Time: 0.010007

[0m   [0mAggregate  (cost=814.47..814.48 rows=1 width=0)
   ->  Seq Scan on clicks  (cost=0.00..814.46 rows=2 width=0)
         Filter: (listing_id = 91334)
[0m
  [4;36;1mSQL (10.1ms)[0m   [0;1mSELECT count(*) AS count_all FROM "clicks" WHERE ("clicks".listing_id = 91335) [0m
  [4;35;1mAnalyzing  Execution Time: 0.010368

[0m   [0mAggregate  (cost=814.47..814.48 rows=1 width=0)
   ->  Seq Scan on clicks  (cost=0.00..814.46 rows=2 width=0)
         Filter: (listing_id = 91335)
[0m
  [4;36;1mSQL (10.0ms)[0m   [0;1mSELECT count(*) AS count_all FROM "clicks" WHERE ("clicks".listing_id = 91336) [0m
  [4;35;1mAnalyzing  Execution Time: 0.010243

[0m   [0mAggregate  (cost=814.47..814.48 rows=1 width=0)
   ->  Seq Scan on clicks  (cost=0.00..814.46 rows=2 width=0)
         Filter: (listing_id = 91336)
[0m
  [4;36;1mSQL (2.3ms)[0m   [0;1mSELECT count(*) AS count_all FROM "listings" WHERE ("listings".user_id = 25545) [0m
  [4;35;1mAnalyzing  Execution Time: 0.002569

[0m   [0mAggregate  (cost=1615.81..1615.82 rows=1 width=0)
   ->  Index Scan using index_listings_on_id_and_user_id_and_title on listings  (cost=0.00..1615.79 rows=4 width=0)
         Index Cond: (user_id = 25545)
[0m
  [4;36;1mListing Load (2.3ms)[0m   [0;1mSELECT * FROM "listings" WHERE ("listings".user_id = 25545) [0m
  [4;35;1mAnalyzing Listing Load Execution Time: 0.00327

[0m   [0mIndex Scan using index_listings_on_id_and_user_id_and_title on listings  (cost=0.00..1615.79 rows=4 width=1172)
   Index Cond: (user_id = 25545)
[0m
  [4;36;1mSQL (212.5ms)[0m   [0;1mSELECT count(*) AS count_all FROM "impressions" WHERE ("impressions".listing_id = 76964) [0m
  [4;35;1mAnalyzing  Execution Time: 0.212783

[0m   [0mAggregate  (cost=12714.08..12714.09 rows=1 width=0)
   ->  Seq Scan on impressions  (cost=0.00..12714.00 rows=31 width=0)
         Filter: (listing_id = 76964)
[0m
  [4;36;1mSQL (10.9ms)[0m   [0;1mSELECT count(*) AS count_all FROM "clicks" WHERE ("clicks".listing_id = 76964) [0m
  [4;35;1mAnalyzing  Execution Time: 0.011113

[0m   [0mAggregate  (cost=814.47..814.48 rows=1 width=0)
   ->  Seq Scan on clicks  (cost=0.00..814.46 rows=2 width=0)
         Filter: (listing_id = 76964)
[0m
  [4;36;1mSQL (2.2ms)[0m   [0;1mSELECT count(*) AS count_all FROM "listings" WHERE ("listings".user_id = 25546) [0m
  [4;35;1mAnalyzing  Execution Time: 0.00245

[0m   [0mAggregate  (cost=1615.81..1615.82 rows=1 width=0)
   ->  Index Scan using index_listings_on_id_and_user_id_and_title on listings  (cost=0.00..1615.79 rows=4 width=0)
         Index Cond: (user_id = 25546)
[0m
  [4;36;1mListing Load (2.8ms)[0m   [0;1mSELECT * FROM "listings" WHERE ("listings".user_id = 25546) [0m
  [4;35;1mAnalyzing Listing Load Execution Time: 0.003903

[0m   [0mIndex Scan using index_listings_on_id_and_user_id_and_title on listings  (cost=0.00..1615.79 rows=4 width=1172)
   Index Cond: (user_id = 25546)
[0m
  [4;36;1mSQL (199.9ms)[0m   [0;1mSELECT count(*) AS count_all FROM "impressions" WHERE ("impressions".listing_id = 106828) [0m
  [4;35;1mAnalyzing  Execution Time: 0.200458

[0m   [0mAggregate  (cost=12714.08..12714.09 rows=1 width=0)
   ->  Seq Scan on impressions  (cost=0.00..12714.00 rows=31 width=0)
         Filter: (listing_id = 106828)
[0m
  [4;36;1mSQL (16.8ms)[0m   [0;1mSELECT count(*) AS count_all FROM "clicks" WHERE ("clicks".listing_id = 106828) [0m
  [4;35;1mAnalyzing  Execution Time: 0.017066

[0m   [0mAggregate  (cost=814.47..814.48 rows=1 width=0)
   ->  Seq Scan on clicks  (cost=0.00..814.46 rows=2 width=0)
         Filter: (listing_id = 106828)
[0m
  [4;36;1mSQL (4.3ms)[0m   [0;1mSELECT count(*) AS count_all FROM "listings" WHERE ("listings".user_id = 25537) [0m
  [4;35;1mAnalyzing  Execution Time: 0.004613

[0m   [0mAggregate  (cost=1615.81..1615.82 rows=1 width=0)
   ->  Index Scan using index_listings_on_id_and_user_id_and_title on listings  (cost=0.00..1615.79 rows=4 width=0)
         Index Cond: (user_id = 25537)
[0m
  [4;36;1mListing Load (9.3ms)[0m   [0;1mSELECT * FROM "listings" WHERE ("listings".user_id = 25537) [0m
  [4;35;1mAnalyzing Listing Load Execution Time: 0.015629

[0m   [0mIndex Scan using index_listings_on_id_and_user_id_and_title on listings  (cost=0.00..1615.79 rows=4 width=1172)
   Index Cond: (user_id = 25537)
[0m
  [4;36;1mSQL (179.3ms)[0m   [0;1mSELECT count(*) AS count_all FROM "impressions" WHERE ("impressions".listing_id = 102971) [0m
  [4;35;1mAnalyzing  Execution Time: 0.179535

[0m   [0mAggregate  (cost=12714.08..12714.09 rows=1 width=0)
   ->  Seq Scan on impressions  (cost=0.00..12714.00 rows=31 width=0)
         Filter: (listing_id = 102971)
[0m
  [4;36;1mSQL (203.5ms)[0m   [0;1mSELECT count(*) AS count_all FROM "impressions" WHERE ("impressions".listing_id = 102972) [0m
  [4;35;1mAnalyzing  Execution Time: 0.203815

[0m   [0mAggregate  (cost=12714.08..12714.09 rows=1 width=0)
   ->  Seq Scan on impressions  (cost=0.00..12714.00 rows=31 width=0)
         Filter: (listing_id = 102972)
[0m
  [4;36;1mSQL (162.2ms)[0m   [0;1mSELECT count(*) AS count_all FROM "impressions" WHERE ("impressions".listing_id = 102973) [0m
  [4;35;1mAnalyzing  Execution Time: 0.162433

[0m   [0mAggregate  (cost=12714.08..12714.09 rows=1 width=0)
   ->  Seq Scan on impressions  (cost=0.00..12714.00 rows=31 width=0)
         Filter: (listing_id = 102973)
[0m
  [4;36;1mSQL (167.3ms)[0m   [0;1mSELECT count(*) AS count_all FROM "impressions" WHERE ("impressions".listing_id = 113183) [0m
  [4;35;1mAnalyzing  Execution Time: 0.167548

[0m   [0mAggregate  (cost=12714.08..12714.09 rows=1 width=0)
   ->  Seq Scan on impressions  (cost=0.00..12714.00 rows=31 width=0)
         Filter: (listing_id = 113183)
[0m
  [4;36;1mSQL (236.5ms)[0m   [0;1mSELECT count(*) AS count_all FROM "impressions" WHERE ("impressions".listing_id = 113184) [0m
  [4;35;1mAnalyzing  Execution Time: 0.236769

[0m   [0mAggregate  (cost=12714.08..12714.09 rows=1 width=0)
   ->  Seq Scan on impressions  (cost=0.00..12714.00 rows=31 width=0)
         Filter: (listing_id = 113184)
[0m
  [4;36;1mSQL (225.0ms)[0m   [0;1mSELECT count(*) AS count_all FROM "impressions" WHERE ("impressions".listing_id = 113185) [0m
  [4;35;1mAnalyzing  Execution Time: 0.225284

[0m   [0mAggregate  (cost=12714.08..12714.09 rows=1 width=0)
   ->  Seq Scan on impressions  (cost=0.00..12714.00 rows=31 width=0)
         Filter: (listing_id = 113185)
[0m
  [4;36;1mSQL (305.6ms)[0m   [0;1mSELECT count(*) AS count_all FROM "impressions" WHERE ("impressions".listing_id = 113186) [0m
  [4;35;1mAnalyzing  Execution Time: 0.305894

[0m   [0mAggregate  (cost=12714.08..12714.09 rows=1 width=0)
   ->  Seq Scan on impressions  (cost=0.00..12714.00 rows=31 width=0)
         Filter: (listing_id = 113186)
[0m
  [4;36;1mSQL (305.7ms)[0m   [0;1mSELECT count(*) AS count_all FROM "impressions" WHERE ("impressions".listing_id = 113187) [0m
  [4;35;1mAnalyzing  Execution Time: 0.306006

[0m   [0mAggregate  (cost=12714.08..12714.09 rows=1 width=0)
   ->  Seq Scan on impressions  (cost=0.00..12714.00 rows=31 width=0)
         Filter: (listing_id = 113187)
[0m
  [4;36;1mSQL (249.3ms)[0m   [0;1mSELECT count(*) AS count_all FROM "impressions" WHERE ("impressions".listing_id = 113188) [0m
  [4;35;1mAnalyzing  Execution Time: 0.249511

[0m   [0mAggregate  (cost=12714.08..12714.09 rows=1 width=0)
   ->  Seq Scan on impressions  (cost=0.00..12714.00 rows=31 width=0)
         Filter: (listing_id = 113188)
[0m
  [4;36;1mSQL (202.6ms)[0m   [0;1mSELECT count(*) AS count_all FROM "impressions" WHERE ("impressions".listing_id = 113189) [0m
  [4;35;1mAnalyzing  Execution Time: 0.202975

[0m   [0mAggregate  (cost=12714.08..12714.09 rows=1 width=0)
   ->  Seq Scan on impressions  (cost=0.00..12714.00 rows=31 width=0)
         Filter: (listing_id = 113189)
[0m
  [4;36;1mSQL (183.4ms)[0m   [0;1mSELECT count(*) AS count_all FROM "impressions" WHERE ("impressions".listing_id = 113190) [0m
  [4;35;1mAnalyzing  Execution Time: 0.183719

[0m   [0mAggregate  (cost=12714.08..12714.09 rows=1 width=0)
   ->  Seq Scan on impressions  (cost=0.00..12714.00 rows=31 width=0)
         Filter: (listing_id = 113190)
[0m
  [4;36;1mSQL (13.8ms)[0m   [0;1mSELECT count(*) AS count_all FROM "clicks" WHERE ("clicks".listing_id = 102971) [0m
  [4;35;1mAnalyzing  Execution Time: 0.014031

[0m   [0mAggregate  (cost=814.47..814.48 rows=1 width=0)
   ->  Seq Scan on clicks  (cost=0.00..814.46 rows=2 width=0)
         Filter: (listing_id = 102971)
[0m
  [4;36;1mSQL (11.1ms)[0m   [0;1mSELECT count(*) AS count_all FROM "clicks" WHERE ("clicks".listing_id = 102972) [0m
  [4;35;1mAnalyzing  Execution Time: 0.011382

[0m   [0mAggregate  (cost=814.47..814.48 rows=1 width=0)
   ->  Seq Scan on clicks  (cost=0.00..814.46 rows=2 width=0)
         Filter: (listing_id = 102972)
[0m
  [4;36;1mSQL (9.6ms)[0m   [0;1mSELECT count(*) AS count_all FROM "clicks" WHERE ("clicks".listing_id = 102973) [0m
  [4;35;1mAnalyzing  Execution Time: 0.009866

[0m   [0mAggregate  (cost=814.47..814.48 rows=1 width=0)
   ->  Seq Scan on clicks  (cost=0.00..814.46 rows=2 width=0)
         Filter: (listing_id = 102973)
[0m
  [4;36;1mSQL (17.2ms)[0m   [0;1mSELECT count(*) AS count_all FROM "clicks" WHERE ("clicks".listing_id = 113183) [0m
  [4;35;1mAnalyzing  Execution Time: 0.017407

[0m   [0mAggregate  (cost=814.47..814.48 rows=1 width=0)
   ->  Seq Scan on clicks  (cost=0.00..814.46 rows=2 width=0)
         Filter: (listing_id = 113183)
[0m
  [4;36;1mSQL (10.3ms)[0m   [0;1mSELECT count(*) AS count_all FROM "clicks" WHERE ("clicks".listing_id = 113184) [0m
  [4;35;1mAnalyzing  Execution Time: 0.010551

[0m   [0mAggregate  (cost=814.47..814.48 rows=1 width=0)
   ->  Seq Scan on clicks  (cost=0.00..814.46 rows=2 width=0)
         Filter: (listing_id = 113184)
[0m
  [4;36;1mSQL (21.2ms)[0m   [0;1mSELECT count(*) AS count_all FROM "clicks" WHERE ("clicks".listing_id = 113185) [0m
  [4;35;1mAnalyzing  Execution Time: 0.021718

[0m   [0mAggregate  (cost=814.47..814.48 rows=1 width=0)
   ->  Seq Scan on clicks  (cost=0.00..814.46 rows=2 width=0)
         Filter: (listing_id = 113185)
[0m
  [4;36;1mSQL (9.5ms)[0m   [0;1mSELECT count(*) AS count_all FROM "clicks" WHERE ("clicks".listing_id = 113186) [0m
  [4;35;1mAnalyzing  Execution Time: 0.009743

[0m   [0mAggregate  (cost=814.47..814.48 rows=1 width=0)
   ->  Seq Scan on clicks  (cost=0.00..814.46 rows=2 width=0)
         Filter: (listing_id = 113186)
[0m
  [4;36;1mSQL (12.2ms)[0m   [0;1mSELECT count(*) AS count_all FROM "clicks" WHERE ("clicks".listing_id = 113187) [0m
  [4;35;1mAnalyzing  Execution Time: 0.012404

[0m   [0mAggregate  (cost=814.47..814.48 rows=1 width=0)
   ->  Seq Scan on clicks  (cost=0.00..814.46 rows=2 width=0)
         Filter: (listing_id = 113187)
[0m
  [4;36;1mSQL (9.2ms)[0m   [0;1mSELECT count(*) AS count_all FROM "clicks" WHERE ("clicks".listing_id = 113188) [0m
  [4;35;1mAnalyzing  Execution Time: 0.0095

[0m   [0mAggregate  (cost=814.47..814.48 rows=1 width=0)
   ->  Seq Scan on clicks  (cost=0.00..814.46 rows=2 width=0)
         Filter: (listing_id = 113188)
[0m
  [4;36;1mSQL (12.1ms)[0m   [0;1mSELECT count(*) AS count_all FROM "clicks" WHERE ("clicks".listing_id = 113189) [0m
  [4;35;1mAnalyzing  Execution Time: 0.012377

[0m   [0mAggregate  (cost=814.47..814.48 rows=1 width=0)
   ->  Seq Scan on clicks  (cost=0.00..814.46 rows=2 width=0)
         Filter: (listing_id = 113189)
[0m
  [4;36;1mSQL (10.0ms)[0m   [0;1mSELECT count(*) AS count_all FROM "clicks" WHERE ("clicks".listing_id = 113190) [0m
  [4;35;1mAnalyzing  Execution Time: 0.010275

[0m   [0mAggregate  (cost=814.47..814.48 rows=1 width=0)
   ->  Seq Scan on clicks  (cost=0.00..814.46 rows=2 width=0)
         Filter: (listing_id = 113190)
[0m
  [4;36;1mSQL (8.0ms)[0m   [0;1mSELECT count(*) AS count_all FROM "listings" WHERE ("listings".user_id = 25526) [0m
  [4;35;1mAnalyzing  Execution Time: 0.008233

[0m   [0mAggregate  (cost=1615.81..1615.82 rows=1 width=0)
   ->  Index Scan using index_listings_on_id_and_user_id_and_title on listings  (cost=0.00..1615.79 rows=4 width=0)
         Index Cond: (user_id = 25526)
[0m
  [4;36;1mListing Load (6.1ms)[0m   [0;1mSELECT * FROM "listings" WHERE ("listings".user_id = 25526) [0m
  [4;35;1mAnalyzing Listing Load Execution Time: 0.006806

[0m   [0mIndex Scan using index_listings_on_id_and_user_id_and_title on listings  (cost=0.00..1615.79 rows=4 width=1172)
   Index Cond: (user_id = 25526)
[0m
  [4;36;1mSQL (172.3ms)[0m   [0;1mSELECT count(*) AS count_all FROM "impressions" WHERE ("impressions".listing_id = 68732) [0m
  [4;35;1mAnalyzing  Execution Time: 0.172591

[0m   [0mAggregate  (cost=12714.08..12714.09 rows=1 width=0)
   ->  Seq Scan on impressions  (cost=0.00..12714.00 rows=31 width=0)
         Filter: (listing_id = 68732)
[0m
  [4;36;1mSQL (12.2ms)[0m   [0;1mSELECT count(*) AS count_all FROM "clicks" WHERE ("clicks".listing_id = 68732) [0m
  [4;35;1mAnalyzing  Execution Time: 0.012405

[0m   [0mAggregate  (cost=814.47..814.48 rows=1 width=0)
   ->  Seq Scan on clicks  (cost=0.00..814.46 rows=2 width=0)
         Filter: (listing_id = 68732)
[0m
  [4;36;1mSQL (2.5ms)[0m   [0;1mSELECT count(*) AS count_all FROM "listings" WHERE ("listings".user_id = 25528) [0m
  [4;35;1mAnalyzing  Execution Time: 0.002736

[0m   [0mAggregate  (cost=1615.81..1615.82 rows=1 width=0)
   ->  Index Scan using index_listings_on_id_and_user_id_and_title on listings  (cost=0.00..1615.79 rows=4 width=0)
         Index Cond: (user_id = 25528)
[0m
  [4;36;1mListing Load (2.5ms)[0m   [0;1mSELECT * FROM "listings" WHERE ("listings".user_id = 25528) [0m
  [4;35;1mAnalyzing Listing Load Execution Time: 0.003522

[0m   [0mIndex Scan using index_listings_on_id_and_user_id_and_title on listings  (cost=0.00..1615.79 rows=4 width=1172)
   Index Cond: (user_id = 25528)
[0m
  [4;36;1mSQL (171.0ms)[0m   [0;1mSELECT count(*) AS count_all FROM "impressions" WHERE ("impressions".listing_id = 105174) [0m
  [4;35;1mAnalyzing  Execution Time: 0.171238

[0m   [0mAggregate  (cost=12714.08..12714.09 rows=1 width=0)
   ->  Seq Scan on impressions  (cost=0.00..12714.00 rows=31 width=0)
         Filter: (listing_id = 105174)
[0m
  [4;36;1mSQL (197.3ms)[0m   [0;1mSELECT count(*) AS count_all FROM "impressions" WHERE ("impressions".listing_id = 113193) [0m
  [4;35;1mAnalyzing  Execution Time: 0.197586

[0m   [0mAggregate  (cost=12714.08..12714.09 rows=1 width=0)
   ->  Seq Scan on impressions  (cost=0.00..12714.00 rows=31 width=0)
         Filter: (listing_id = 113193)
[0m
  [4;36;1mSQL (18.7ms)[0m   [0;1mSELECT count(*) AS count_all FROM "clicks" WHERE ("clicks".listing_id = 105174) [0m
  [4;35;1mAnalyzing  Execution Time: 0.019024

[0m   [0mAggregate  (cost=814.47..814.48 rows=1 width=0)
   ->  Seq Scan on clicks  (cost=0.00..814.46 rows=2 width=0)
         Filter: (listing_id = 105174)
[0m
  [4;36;1mSQL (11.5ms)[0m   [0;1mSELECT count(*) AS count_all FROM "clicks" WHERE ("clicks".listing_id = 113193) [0m
  [4;35;1mAnalyzing  Execution Time: 0.011758

[0m   [0mAggregate  (cost=814.47..814.48 rows=1 width=0)
   ->  Seq Scan on clicks  (cost=0.00..814.46 rows=2 width=0)
         Filter: (listing_id = 113193)
[0m
  [4;36;1mSQL (2.2ms)[0m   [0;1mSELECT count(*) AS count_all FROM "listings" WHERE ("listings".user_id = 25529) [0m
  [4;35;1mAnalyzing  Execution Time: 0.002605

[0m   [0mAggregate  (cost=1615.81..1615.82 rows=1 width=0)
   ->  Index Scan using index_listings_on_id_and_user_id_and_title on listings  (cost=0.00..1615.79 rows=4 width=0)
         Index Cond: (user_id = 25529)
[0m
  [4;36;1mListing Load (10.6ms)[0m   [0;1mSELECT * FROM "listings" WHERE ("listings".user_id = 25529) [0m
  [4;35;1mAnalyzing Listing Load Execution Time: 0.015239

[0m   [0mIndex Scan using index_listings_on_id_and_user_id_and_title on listings  (cost=0.00..1615.79 rows=4 width=1172)
   Index Cond: (user_id = 25529)
[0m
  [4;36;1mSQL (208.7ms)[0m   [0;1mSELECT count(*) AS count_all FROM "impressions" WHERE ("impressions".listing_id = 113166) [0m
  [4;35;1mAnalyzing  Execution Time: 0.209017

[0m   [0mAggregate  (cost=12714.08..12714.09 rows=1 width=0)
   ->  Seq Scan on impressions  (cost=0.00..12714.00 rows=31 width=0)
         Filter: (listing_id = 113166)
[0m
  [4;36;1mSQL (290.7ms)[0m   [0;1mSELECT count(*) AS count_all FROM "impressions" WHERE ("impressions".listing_id = 113245) [0m
  [4;35;1mAnalyzing  Execution Time: 0.290962

[0m   [0mAggregate  (cost=12714.08..12714.09 rows=1 width=0)
   ->  Seq Scan on impressions  (cost=0.00..12714.00 rows=31 width=0)
         Filter: (listing_id = 113245)
[0m
  [4;36;1mSQL (330.1ms)[0m   [0;1mSELECT count(*) AS count_all FROM "impressions" WHERE ("impressions".listing_id = 113246) [0m
  [4;35;1mAnalyzing  Execution Time: 0.330441

[0m   [0mAggregate  (cost=12714.08..12714.09 rows=1 width=0)
   ->  Seq Scan on impressions  (cost=0.00..12714.00 rows=31 width=0)
         Filter: (listing_id = 113246)
[0m
  [4;36;1mSQL (326.9ms)[0m   [0;1mSELECT count(*) AS count_all FROM "impressions" WHERE ("impressions".listing_id = 113247) [0m
  [4;35;1mAnalyzing  Execution Time: 0.327156

[0m   [0mAggregate  (cost=12714.08..12714.09 rows=1 width=0)
   ->  Seq Scan on impressions  (cost=0.00..12714.00 rows=31 width=0)
         Filter: (listing_id = 113247)
[0m
  [4;36;1mSQL (343.2ms)[0m   [0;1mSELECT count(*) AS count_all FROM "impressions" WHERE ("impressions".listing_id = 113248) [0m
  [4;35;1mAnalyzing  Execution Time: 0.343522

[0m   [0mAggregate  (cost=12714.08..12714.09 rows=1 width=0)
   ->  Seq Scan on impressions  (cost=0.00..12714.00 rows=31 width=0)
         Filter: (listing_id = 113248)
[0m
  [4;36;1mSQL (265.4ms)[0m   [0;1mSELECT count(*) AS count_all FROM "impressions" WHERE ("impressions".listing_id = 113249) [0m
  [4;35;1mAnalyzing  Execution Time: 0.265993

[0m   [0mAggregate  (cost=12714.08..12714.09 rows=1 width=0)
   ->  Seq Scan on impressions  (cost=0.00..12714.00 rows=31 width=0)
         Filter: (listing_id = 113249)
[0m
  [4;36;1mSQL (234.0ms)[0m   [0;1mSELECT count(*) AS count_all FROM "impressions" WHERE ("impressions".listing_id = 113250) [0m
  [4;35;1mAnalyzing  Execution Time: 0.234867

[0m   [0mAggregate  (cost=12714.08..12714.09 rows=1 width=0)
   ->  Seq Scan on impressions  (cost=0.00..12714.00 rows=31 width=0)
         Filter: (listing_id = 113250)
[0m
  [4;36;1mSQL (261.5ms)[0m   [0;1mSELECT count(*) AS count_all FROM "impressions" WHERE ("impressions".listing_id = 113251) [0m
  [4;35;1mAnalyzing  Execution Time: 0.26181

[0m   [0mAggregate  (cost=12714.08..12714.09 rows=1 width=0)
   ->  Seq Scan on impressions  (cost=0.00..12714.00 rows=31 width=0)
         Filter: (listing_id = 113251)
[0m
  [4;36;1mSQL (176.1ms)[0m   [0;1mSELECT count(*) AS count_all FROM "impressions" WHERE ("impressions".listing_id = 113252) [0m
  [4;35;1mAnalyzing  Execution Time: 0.176381

[0m   [0mAggregate  (cost=12714.08..12714.09 rows=1 width=0)
   ->  Seq Scan on impressions  (cost=0.00..12714.00 rows=31 width=0)
         Filter: (listing_id = 113252)
[0m
  [4;36;1mSQL (152.1ms)[0m   [0;1mSELECT count(*) AS count_all FROM "impressions" WHERE ("impressions".listing_id = 113253) [0m
  [4;35;1mAnalyzing  Execution Time: 0.152352

[0m   [0mAggregate  (cost=12714.08..12714.09 rows=1 width=0)
   ->  Seq Scan on impressions  (cost=0.00..12714.00 rows=31 width=0)
         Filter: (listing_id = 113253)
[0m
  [4;36;1mSQL (162.0ms)[0m   [0;1mSELECT count(*) AS count_all FROM "impressions" WHERE ("impressions".listing_id = 113254) [0m
  [4;35;1mAnalyzing  Execution Time: 0.162314

[0m   [0mAggregate  (cost=12714.08..12714.09 rows=1 width=0)
   ->  Seq Scan on impressions  (cost=0.00..12714.00 rows=31 width=0)
         Filter: (listing_id = 113254)
[0m
  [4;36;1mSQL (19.5ms)[0m   [0;1mSELECT count(*) AS count_all FROM "clicks" WHERE ("clicks".listing_id = 113166) [0m
  [4;35;1mAnalyzing  Execution Time: 0.019754

[0m   [0mAggregate  (cost=814.47..814.48 rows=1 width=0)
   ->  Seq Scan on clicks  (cost=0.00..814.46 rows=2 width=0)
         Filter: (listing_id = 113166)
[0m
  [4;36;1mSQL (10.1ms)[0m   [0;1mSELECT count(*) AS count_all FROM "clicks" WHERE ("clicks".listing_id = 113245) [0m
  [4;35;1mAnalyzing  Execution Time: 0.010374

[0m   [0mAggregate  (cost=814.47..814.48 rows=1 width=0)
   ->  Seq Scan on clicks  (cost=0.00..814.46 rows=2 width=0)
         Filter: (listing_id = 113245)
[0m
  [4;36;1mSQL (20.0ms)[0m   [0;1mSELECT count(*) AS count_all FROM "clicks" WHERE ("clicks".listing_id = 113246) [0m
  [4;35;1mAnalyzing  Execution Time: 0.020231

[0m   [0mAggregate  (cost=814.47..814.48 rows=1 width=0)
   ->  Seq Scan on clicks  (cost=0.00..814.46 rows=2 width=0)
         Filter: (listing_id = 113246)
[0m
  [4;36;1mSQL (10.4ms)[0m   [0;1mSELECT count(*) AS count_all FROM "clicks" WHERE ("clicks".listing_id = 113247) [0m
  [4;35;1mAnalyzing  Execution Time: 0.010717

[0m   [0mAggregate  (cost=814.47..814.48 rows=1 width=0)
   ->  Seq Scan on clicks  (cost=0.00..814.46 rows=2 width=0)
         Filter: (listing_id = 113247)
[0m
  [4;36;1mSQL (19.9ms)[0m   [0;1mSELECT count(*) AS count_all FROM "clicks" WHERE ("clicks".listing_id = 113248) [0m
  [4;35;1mAnalyzing  Execution Time: 0.020165

[0m   [0mAggregate  (cost=814.47..814.48 rows=1 width=0)
   ->  Seq Scan on clicks  (cost=0.00..814.46 rows=2 width=0)
         Filter: (listing_id = 113248)
[0m
  [4;36;1mSQL (10.1ms)[0m   [0;1mSELECT count(*) AS count_all FROM "clicks" WHERE ("clicks".listing_id = 113249) [0m
  [4;35;1mAnalyzing  Execution Time: 0.010329

[0m   [0mAggregate  (cost=814.47..814.48 rows=1 width=0)
   ->  Seq Scan on clicks  (cost=0.00..814.46 rows=2 width=0)
         Filter: (listing_id = 113249)
[0m
  [4;36;1mSQL (20.3ms)[0m   [0;1mSELECT count(*) AS count_all FROM "clicks" WHERE ("clicks".listing_id = 113250) [0m
  [4;35;1mAnalyzing  Execution Time: 0.020602

[0m   [0mAggregate  (cost=814.47..814.48 rows=1 width=0)
   ->  Seq Scan on clicks  (cost=0.00..814.46 rows=2 width=0)
         Filter: (listing_id = 113250)
[0m
  [4;36;1mSQL (10.8ms)[0m   [0;1mSELECT count(*) AS count_all FROM "clicks" WHERE ("clicks".listing_id = 113251) [0m
  [4;35;1mAnalyzing  Execution Time: 0.011043

[0m   [0mAggregate  (cost=814.47..814.48 rows=1 width=0)
   ->  Seq Scan on clicks  (cost=0.00..814.46 rows=2 width=0)
         Filter: (listing_id = 113251)
[0m
  [4;36;1mSQL (20.8ms)[0m   [0;1mSELECT count(*) AS count_all FROM "clicks" WHERE ("clicks".listing_id = 113252) [0m
  [4;35;1mAnalyzing  Execution Time: 0.021274

[0m   [0mAggregate  (cost=814.47..814.48 rows=1 width=0)
   ->  Seq Scan on clicks  (cost=0.00..814.46 rows=2 width=0)
         Filter: (listing_id = 113252)
[0m
  [4;36;1mSQL (10.3ms)[0m   [0;1mSELECT count(*) AS count_all FROM "clicks" WHERE ("clicks".listing_id = 113253) [0m
  [4;35;1mAnalyzing  Execution Time: 0.010537

[0m   [0mAggregate  (cost=814.47..814.48 rows=1 width=0)
   ->  Seq Scan on clicks  (cost=0.00..814.46 rows=2 width=0)
         Filter: (listing_id = 113253)
[0m
  [4;36;1mSQL (16.7ms)[0m   [0;1mSELECT count(*) AS count_all FROM "clicks" WHERE ("clicks".listing_id = 113254) [0m
  [4;35;1mAnalyzing  Execution Time: 0.016939

[0m   [0mAggregate  (cost=814.47..814.48 rows=1 width=0)
   ->  Seq Scan on clicks  (cost=0.00..814.46 rows=2 width=0)
         Filter: (listing_id = 113254)
[0m
  [4;36;1mSQL (6.4ms)[0m   [0;1mSELECT count(*) AS count_all FROM "listings" WHERE ("listings".user_id = 25525) [0m
  [4;35;1mAnalyzing  Execution Time: 0.006826

[0m   [0mAggregate  (cost=1615.81..1615.82 rows=1 width=0)
   ->  Index Scan using index_listings_on_id_and_user_id_and_title on listings  (cost=0.00..1615.79 rows=4 width=0)
         Index Cond: (user_id = 25525)
[0m
  [4;36;1mListing Load (2.4ms)[0m   [0;1mSELECT * FROM "listings" WHERE ("listings".user_id = 25525) [0m
  [4;35;1mAnalyzing Listing Load Execution Time: 0.003974

[0m   [0mIndex Scan using index_listings_on_id_and_user_id_and_title on listings  (cost=0.00..1615.79 rows=4 width=1172)
   Index Cond: (user_id = 25525)
[0m
  [4;36;1mSQL (214.3ms)[0m   [0;1mSELECT count(*) AS count_all FROM "impressions" WHERE ("impressions".listing_id = 86472) [0m
  [4;35;1mAnalyzing  Execution Time: 0.214538

[0m   [0mAggregate  (cost=12714.08..12714.09 rows=1 width=0)
   ->  Seq Scan on impressions  (cost=0.00..12714.00 rows=31 width=0)
         Filter: (listing_id = 86472)
[0m
  [4;36;1mSQL (236.2ms)[0m   [0;1mSELECT count(*) AS count_all FROM "impressions" WHERE ("impressions".listing_id = 113194) [0m
  [4;35;1mAnalyzing  Execution Time: 0.23675

[0m   [0mAggregate  (cost=12714.08..12714.09 rows=1 width=0)
   ->  Seq Scan on impressions  (cost=0.00..12714.00 rows=31 width=0)
         Filter: (listing_id = 113194)
[0m
  [4;36;1mSQL (200.5ms)[0m   [0;1mSELECT count(*) AS count_all FROM "impressions" WHERE ("impressions".listing_id = 113195) [0m
  [4;35;1mAnalyzing  Execution Time: 0.200827

[0m   [0mAggregate  (cost=12714.08..12714.09 rows=1 width=0)
   ->  Seq Scan on impressions  (cost=0.00..12714.00 rows=31 width=0)
         Filter: (listing_id = 113195)
[0m
  [4;36;1mSQL (18.1ms)[0m   [0;1mSELECT count(*) AS count_all FROM "clicks" WHERE ("clicks".listing_id = 86472) [0m
  [4;35;1mAnalyzing  Execution Time: 0.018382

[0m   [0mAggregate  (cost=814.47..814.48 rows=1 width=0)
   ->  Seq Scan on clicks  (cost=0.00..814.46 rows=2 width=0)
         Filter: (listing_id = 86472)
[0m
  [4;36;1mSQL (9.7ms)[0m   [0;1mSELECT count(*) AS count_all FROM "clicks" WHERE ("clicks".listing_id = 113194) [0m
  [4;35;1mAnalyzing  Execution Time: 0.009912

[0m   [0mAggregate  (cost=814.47..814.48 rows=1 width=0)
   ->  Seq Scan on clicks  (cost=0.00..814.46 rows=2 width=0)
         Filter: (listing_id = 113194)
[0m
  [4;36;1mSQL (11.1ms)[0m   [0;1mSELECT count(*) AS count_all FROM "clicks" WHERE ("clicks".listing_id = 113195) [0m
  [4;35;1mAnalyzing  Execution Time: 0.011402

[0m   [0mAggregate  (cost=814.47..814.48 rows=1 width=0)
   ->  Seq Scan on clicks  (cost=0.00..814.46 rows=2 width=0)
         Filter: (listing_id = 113195)
[0m
  [4;36;1mSQL (5.2ms)[0m   [0;1mSELECT count(*) AS count_all FROM "listings" WHERE ("listings".user_id = 25505) [0m
  [4;35;1mAnalyzing  Execution Time: 0.005526

[0m   [0mAggregate  (cost=1615.81..1615.82 rows=1 width=0)
   ->  Index Scan using index_listings_on_id_and_user_id_and_title on listings  (cost=0.00..1615.79 rows=4 width=0)
         Index Cond: (user_id = 25505)
[0m
  [4;36;1mListing Load (2.7ms)[0m   [0;1mSELECT * FROM "listings" WHERE ("listings".user_id = 25505) [0m
  [4;35;1mAnalyzing Listing Load Execution Time: 0.003504

[0m   [0mIndex Scan using index_listings_on_id_and_user_id_and_title on listings  (cost=0.00..1615.79 rows=4 width=1172)
   Index Cond: (user_id = 25505)
[0m
  [4;36;1mSQL (230.4ms)[0m   [0;1mSELECT count(*) AS count_all FROM "impressions" WHERE ("impressions".listing_id = 75881) [0m
  [4;35;1mAnalyzing  Execution Time: 0.230721

[0m   [0mAggregate  (cost=12714.08..12714.09 rows=1 width=0)
   ->  Seq Scan on impressions  (cost=0.00..12714.00 rows=31 width=0)
         Filter: (listing_id = 75881)
[0m
  [4;36;1mSQL (24.8ms)[0m   [0;1mSELECT count(*) AS count_all FROM "clicks" WHERE ("clicks".listing_id = 75881) [0m
  [4;35;1mAnalyzing  Execution Time: 0.025124

[0m   [0mAggregate  (cost=814.47..814.48 rows=1 width=0)
   ->  Seq Scan on clicks  (cost=0.00..814.46 rows=2 width=0)
         Filter: (listing_id = 75881)
[0m
  [4;36;1mSQL (3.2ms)[0m   [0;1mSELECT count(*) AS count_all FROM "listings" WHERE ("listings".user_id = 25506) [0m
  [4;35;1mAnalyzing  Execution Time: 0.003532

[0m   [0mAggregate  (cost=1615.81..1615.82 rows=1 width=0)
   ->  Index Scan using index_listings_on_id_and_user_id_and_title on listings  (cost=0.00..1615.79 rows=4 width=0)
         Index Cond: (user_id = 25506)
[0m
  [4;36;1mListing Load (3.8ms)[0m   [0;1mSELECT * FROM "listings" WHERE ("listings".user_id = 25506) [0m
  [4;35;1mAnalyzing Listing Load Execution Time: 0.008956

[0m   [0mIndex Scan using index_listings_on_id_and_user_id_and_title on listings  (cost=0.00..1615.79 rows=4 width=1172)
   Index Cond: (user_id = 25506)
[0m
  [4;36;1mSQL (251.2ms)[0m   [0;1mSELECT count(*) AS count_all FROM "impressions" WHERE ("impressions".listing_id = 72363) [0m
  [4;35;1mAnalyzing  Execution Time: 0.251515

[0m   [0mAggregate  (cost=12714.08..12714.09 rows=1 width=0)
   ->  Seq Scan on impressions  (cost=0.00..12714.00 rows=31 width=0)
         Filter: (listing_id = 72363)
[0m
  [4;36;1mSQL (205.1ms)[0m   [0;1mSELECT count(*) AS count_all FROM "impressions" WHERE ("impressions".listing_id = 93337) [0m
  [4;35;1mAnalyzing  Execution Time: 0.205332

[0m   [0mAggregate  (cost=12714.08..12714.09 rows=1 width=0)
   ->  Seq Scan on impressions  (cost=0.00..12714.00 rows=31 width=0)
         Filter: (listing_id = 93337)
[0m
  [4;36;1mSQL (151.3ms)[0m   [0;1mSELECT count(*) AS count_all FROM "impressions" WHERE ("impressions".listing_id = 93338) [0m
  [4;35;1mAnalyzing  Execution Time: 0.151535

[0m   [0mAggregate  (cost=12714.08..12714.09 rows=1 width=0)
   ->  Seq Scan on impressions  (cost=0.00..12714.00 rows=31 width=0)
         Filter: (listing_id = 93338)
[0m
  [4;36;1mSQL (200.6ms)[0m   [0;1mSELECT count(*) AS count_all FROM "impressions" WHERE ("impressions".listing_id = 113196) [0m
  [4;35;1mAnalyzing  Execution Time: 0.200877

[0m   [0mAggregate  (cost=12714.08..12714.09 rows=1 width=0)
   ->  Seq Scan on impressions  (cost=0.00..12714.00 rows=31 width=0)
         Filter: (listing_id = 113196)
[0m
  [4;36;1mSQL (150.1ms)[0m   [0;1mSELECT count(*) AS count_all FROM "impressions" WHERE ("impressions".listing_id = 113197) [0m
  [4;35;1mAnalyzing  Execution Time: 0.150396

[0m   [0mAggregate  (cost=12714.08..12714.09 rows=1 width=0)
   ->  Seq Scan on impressions  (cost=0.00..12714.00 rows=31 width=0)
         Filter: (listing_id = 113197)
[0m
  [4;36;1mSQL (167.8ms)[0m   [0;1mSELECT count(*) AS count_all FROM "impressions" WHERE ("impressions".listing_id = 113198) [0m
  [4;35;1mAnalyzing  Execution Time: 0.168115

[0m   [0mAggregate  (cost=12714.08..12714.09 rows=1 width=0)
   ->  Seq Scan on impressions  (cost=0.00..12714.00 rows=31 width=0)
         Filter: (listing_id = 113198)
[0m
  [4;36;1mSQL (152.9ms)[0m   [0;1mSELECT count(*) AS count_all FROM "impressions" WHERE ("impressions".listing_id = 113199) [0m
  [4;35;1mAnalyzing  Execution Time: 0.153272

[0m   [0mAggregate  (cost=12714.08..12714.09 rows=1 width=0)
   ->  Seq Scan on impressions  (cost=0.00..12714.00 rows=31 width=0)
         Filter: (listing_id = 113199)
[0m
  [4;36;1mSQL (162.3ms)[0m   [0;1mSELECT count(*) AS count_all FROM "impressions" WHERE ("impressions".listing_id = 113200) [0m
  [4;35;1mAnalyzing  Execution Time: 0.162589

[0m   [0mAggregate  (cost=12714.08..12714.09 rows=1 width=0)
   ->  Seq Scan on impressions  (cost=0.00..12714.00 rows=31 width=0)
         Filter: (listing_id = 113200)
[0m
  [4;36;1mSQL (155.5ms)[0m   [0;1mSELECT count(*) AS count_all FROM "impressions" WHERE ("impressions".listing_id = 113201) [0m
  [4;35;1mAnalyzing  Execution Time: 0.155792

[0m   [0mAggregate  (cost=12714.08..12714.09 rows=1 width=0)
   ->  Seq Scan on impressions  (cost=0.00..12714.00 rows=31 width=0)
         Filter: (listing_id = 113201)
[0m
  [4;36;1mSQL (249.7ms)[0m   [0;1mSELECT count(*) AS count_all FROM "impressions" WHERE ("impressions".listing_id = 113202) [0m
  [4;35;1mAnalyzing  Execution Time: 0.250051

[0m   [0mAggregate  (cost=12714.08..12714.09 rows=1 width=0)
   ->  Seq Scan on impressions  (cost=0.00..12714.00 rows=31 width=0)
         Filter: (listing_id = 113202)
[0m
  [4;36;1mSQL (189.4ms)[0m   [0;1mSELECT count(*) AS count_all FROM "impressions" WHERE ("impressions".listing_id = 113203) [0m
  [4;35;1mAnalyzing  Execution Time: 0.189688

[0m   [0mAggregate  (cost=12714.08..12714.09 rows=1 width=0)
   ->  Seq Scan on impressions  (cost=0.00..12714.00 rows=31 width=0)
         Filter: (listing_id = 113203)
[0m
  [4;36;1mSQL (189.4ms)[0m   [0;1mSELECT count(*) AS count_all FROM "impressions" WHERE ("impressions".listing_id = 113204) [0m
  [4;35;1mAnalyzing  Execution Time: 0.189698

[0m   [0mAggregate  (cost=12714.08..12714.09 rows=1 width=0)
   ->  Seq Scan on impressions  (cost=0.00..12714.00 rows=31 width=0)
         Filter: (listing_id = 113204)
[0m
  [4;36;1mSQL (12.0ms)[0m   [0;1mSELECT count(*) AS count_all FROM "clicks" WHERE ("clicks".listing_id = 72363) [0m
  [4;35;1mAnalyzing  Execution Time: 0.01225

[0m   [0mAggregate  (cost=814.47..814.48 rows=1 width=0)
   ->  Seq Scan on clicks  (cost=0.00..814.46 rows=2 width=0)
         Filter: (listing_id = 72363)
[0m
  [4;36;1mSQL (21.2ms)[0m   [0;1mSELECT count(*) AS count_all FROM "clicks" WHERE ("clicks".listing_id = 93337) [0m
  [4;35;1mAnalyzing  Execution Time: 0.021434

[0m   [0mAggregate  (cost=814.47..814.48 rows=1 width=0)
   ->  Seq Scan on clicks  (cost=0.00..814.46 rows=2 width=0)
         Filter: (listing_id = 93337)
[0m
  [4;36;1mSQL (9.8ms)[0m   [0;1mSELECT count(*) AS count_all FROM "clicks" WHERE ("clicks".listing_id = 93338) [0m
  [4;35;1mAnalyzing  Execution Time: 0.010032

[0m   [0mAggregate  (cost=814.47..814.48 rows=1 width=0)
   ->  Seq Scan on clicks  (cost=0.00..814.46 rows=2 width=0)
         Filter: (listing_id = 93338)
[0m
  [4;36;1mSQL (11.0ms)[0m   [0;1mSELECT count(*) AS count_all FROM "clicks" WHERE ("clicks".listing_id = 113196) [0m
  [4;35;1mAnalyzing  Execution Time: 0.011247

[0m   [0mAggregate  (cost=814.47..814.48 rows=1 width=0)
   ->  Seq Scan on clicks  (cost=0.00..814.46 rows=2 width=0)
         Filter: (listing_id = 113196)
[0m
  [4;36;1mSQL (10.3ms)[0m   [0;1mSELECT count(*) AS count_all FROM "clicks" WHERE ("clicks".listing_id = 113197) [0m
  [4;35;1mAnalyzing  Execution Time: 0.010514

[0m   [0mAggregate  (cost=814.47..814.48 rows=1 width=0)
   ->  Seq Scan on clicks  (cost=0.00..814.46 rows=2 width=0)
         Filter: (listing_id = 113197)
[0m
  [4;36;1mSQL (8.7ms)[0m   [0;1mSELECT count(*) AS count_all FROM "clicks" WHERE ("clicks".listing_id = 113198) [0m
  [4;35;1mAnalyzing  Execution Time: 0.009025

[0m   [0mAggregate  (cost=814.47..814.48 rows=1 width=0)
   ->  Seq Scan on clicks  (cost=0.00..814.46 rows=2 width=0)
         Filter: (listing_id = 113198)
[0m
  [4;36;1mSQL (9.7ms)[0m   [0;1mSELECT count(*) AS count_all FROM "clicks" WHERE ("clicks".listing_id = 113199) [0m
  [4;35;1mAnalyzing  Execution Time: 0.009984

[0m   [0mAggregate  (cost=814.47..814.48 rows=1 width=0)
   ->  Seq Scan on clicks  (cost=0.00..814.46 rows=2 width=0)
         Filter: (listing_id = 113199)
[0m
  [4;36;1mSQL (8.6ms)[0m   [0;1mSELECT count(*) AS count_all FROM "clicks" WHERE ("clicks".listing_id = 113200) [0m
  [4;35;1mAnalyzing  Execution Time: 0.008901

[0m   [0mAggregate  (cost=814.47..814.48 rows=1 width=0)
   ->  Seq Scan on clicks  (cost=0.00..814.46 rows=2 width=0)
         Filter: (listing_id = 113200)
[0m
  [4;36;1mSQL (8.7ms)[0m   [0;1mSELECT count(*) AS count_all FROM "clicks" WHERE ("clicks".listing_id = 113201) [0m
  [4;35;1mAnalyzing  Execution Time: 0.118573

[0m   [0mAggregate  (cost=814.47..814.48 rows=1 width=0)
   ->  Seq Scan on clicks  (cost=0.00..814.46 rows=2 width=0)
         Filter: (listing_id = 113201)
[0m
  [4;36;1mSQL (8.6ms)[0m   [0;1mSELECT count(*) AS count_all FROM "clicks" WHERE ("clicks".listing_id = 113202) [0m
  [4;35;1mAnalyzing  Execution Time: 0.00885

[0m   [0mAggregate  (cost=814.47..814.48 rows=1 width=0)
   ->  Seq Scan on clicks  (cost=0.00..814.46 rows=2 width=0)
         Filter: (listing_id = 113202)
[0m
  [4;36;1mSQL (8.5ms)[0m   [0;1mSELECT count(*) AS count_all FROM "clicks" WHERE ("clicks".listing_id = 113203) [0m
  [4;35;1mAnalyzing  Execution Time: 0.008759

[0m   [0mAggregate  (cost=814.47..814.48 rows=1 width=0)
   ->  Seq Scan on clicks  (cost=0.00..814.46 rows=2 width=0)
         Filter: (listing_id = 113203)
[0m
  [4;36;1mSQL (10.3ms)[0m   [0;1mSELECT count(*) AS count_all FROM "clicks" WHERE ("clicks".listing_id = 113204) [0m
  [4;35;1mAnalyzing  Execution Time: 0.010535

[0m   [0mAggregate  (cost=814.47..814.48 rows=1 width=0)
   ->  Seq Scan on clicks  (cost=0.00..814.46 rows=2 width=0)
         Filter: (listing_id = 113204)
[0m
  [4;36;1mSQL (4.4ms)[0m   [0;1mSELECT count(*) AS count_all FROM "listings" WHERE ("listings".user_id = 25507) [0m
  [4;35;1mAnalyzing  Execution Time: 0.004644

[0m   [0mAggregate  (cost=1615.81..1615.82 rows=1 width=0)
   ->  Index Scan using index_listings_on_id_and_user_id_and_title on listings  (cost=0.00..1615.79 rows=4 width=0)
         Index Cond: (user_id = 25507)
[0m
  [4;36;1mListing Load (2.0ms)[0m   [0;1mSELECT * FROM "listings" WHERE ("listings".user_id = 25507) [0m
  [4;35;1mAnalyzing Listing Load Execution Time: 0.002739

[0m   [0mIndex Scan using index_listings_on_id_and_user_id_and_title on listings  (cost=0.00..1615.79 rows=4 width=1172)
   Index Cond: (user_id = 25507)
[0m
  [4;36;1mSQL (167.2ms)[0m   [0;1mSELECT count(*) AS count_all FROM "impressions" WHERE ("impressions".listing_id = 113153) [0m
  [4;35;1mAnalyzing  Execution Time: 0.167445

[0m   [0mAggregate  (cost=12714.08..12714.09 rows=1 width=0)
   ->  Seq Scan on impressions  (cost=0.00..12714.00 rows=31 width=0)
         Filter: (listing_id = 113153)
[0m
  [4;36;1mSQL (13.8ms)[0m   [0;1mSELECT count(*) AS count_all FROM "clicks" WHERE ("clicks".listing_id = 113153) [0m
  [4;35;1mAnalyzing  Execution Time: 0.01405

[0m   [0mAggregate  (cost=814.47..814.48 rows=1 width=0)
   ->  Seq Scan on clicks  (cost=0.00..814.46 rows=2 width=0)
         Filter: (listing_id = 113153)
[0m
  [4;36;1mSQL (2.1ms)[0m   [0;1mSELECT count(*) AS count_all FROM "listings" WHERE ("listings".user_id = 25508) [0m
  [4;35;1mAnalyzing  Execution Time: 0.002315

[0m   [0mAggregate  (cost=1615.81..1615.82 rows=1 width=0)
   ->  Index Scan using index_listings_on_id_and_user_id_and_title on listings  (cost=0.00..1615.79 rows=4 width=0)
         Index Cond: (user_id = 25508)
[0m
  [4;36;1mListing Load (2.1ms)[0m   [0;1mSELECT * FROM "listings" WHERE ("listings".user_id = 25508) [0m
  [4;35;1mAnalyzing Listing Load Execution Time: 0.002826

[0m   [0mIndex Scan using index_listings_on_id_and_user_id_and_title on listings  (cost=0.00..1615.79 rows=4 width=1172)
   Index Cond: (user_id = 25508)
[0m
  [4;36;1mSQL (158.1ms)[0m   [0;1mSELECT count(*) AS count_all FROM "impressions" WHERE ("impressions".listing_id = 113154) [0m
  [4;35;1mAnalyzing  Execution Time: 0.158357

[0m   [0mAggregate  (cost=12714.08..12714.09 rows=1 width=0)
   ->  Seq Scan on impressions  (cost=0.00..12714.00 rows=31 width=0)
         Filter: (listing_id = 113154)
[0m
  [4;36;1mSQL (9.0ms)[0m   [0;1mSELECT count(*) AS count_all FROM "clicks" WHERE ("clicks".listing_id = 113154) [0m
  [4;35;1mAnalyzing  Execution Time: 0.009303

[0m   [0mAggregate  (cost=814.47..814.48 rows=1 width=0)
   ->  Seq Scan on clicks  (cost=0.00..814.46 rows=2 width=0)
         Filter: (listing_id = 113154)
[0m
  [4;36;1mSQL (1.9ms)[0m   [0;1mSELECT count(*) AS count_all FROM "listings" WHERE ("listings".user_id = 25509) [0m
  [4;35;1mAnalyzing  Execution Time: 0.002189

[0m   [0mAggregate  (cost=1615.81..1615.82 rows=1 width=0)
   ->  Index Scan using index_listings_on_id_and_user_id_and_title on listings  (cost=0.00..1615.79 rows=4 width=0)
         Index Cond: (user_id = 25509)
[0m
  [4;36;1mListing Load (1.9ms)[0m   [0;1mSELECT * FROM "listings" WHERE ("listings".user_id = 25509) [0m
  [4;35;1mAnalyzing Listing Load Execution Time: 0.002628

[0m   [0mIndex Scan using index_listings_on_id_and_user_id_and_title on listings  (cost=0.00..1615.79 rows=4 width=1172)
   Index Cond: (user_id = 25509)
[0m
  [4;36;1mSQL (162.9ms)[0m   [0;1mSELECT count(*) AS count_all FROM "impressions" WHERE ("impressions".listing_id = 113155) [0m
  [4;35;1mAnalyzing  Execution Time: 0.163107

[0m   [0mAggregate  (cost=12714.08..12714.09 rows=1 width=0)
   ->  Seq Scan on impressions  (cost=0.00..12714.00 rows=31 width=0)
         Filter: (listing_id = 113155)
[0m
  [4;36;1mSQL (11.4ms)[0m   [0;1mSELECT count(*) AS count_all FROM "clicks" WHERE ("clicks".listing_id = 113155) [0m
  [4;35;1mAnalyzing  Execution Time: 0.01166

[0m   [0mAggregate  (cost=814.47..814.48 rows=1 width=0)
   ->  Seq Scan on clicks  (cost=0.00..814.46 rows=2 width=0)
         Filter: (listing_id = 113155)
[0m
  [4;36;1mSQL (2.2ms)[0m   [0;1mSELECT count(*) AS count_all FROM "listings" WHERE ("listings".user_id = 25510) [0m
  [4;35;1mAnalyzing  Execution Time: 0.002419

[0m   [0mAggregate  (cost=1615.81..1615.82 rows=1 width=0)
   ->  Index Scan using index_listings_on_id_and_user_id_and_title on listings  (cost=0.00..1615.79 rows=4 width=0)
         Index Cond: (user_id = 25510)
[0m
  [4;36;1mListing Load (2.0ms)[0m   [0;1mSELECT * FROM "listings" WHERE ("listings".user_id = 25510) [0m
  [4;35;1mAnalyzing Listing Load Execution Time: 0.002717

[0m   [0mIndex Scan using index_listings_on_id_and_user_id_and_title on listings  (cost=0.00..1615.79 rows=4 width=1172)
   Index Cond: (user_id = 25510)
[0m
  [4;36;1mSQL (157.4ms)[0m   [0;1mSELECT count(*) AS count_all FROM "impressions" WHERE ("impressions".listing_id = 96239) [0m
  [4;35;1mAnalyzing  Execution Time: 0.15773

[0m   [0mAggregate  (cost=12714.08..12714.09 rows=1 width=0)
   ->  Seq Scan on impressions  (cost=0.00..12714.00 rows=31 width=0)
         Filter: (listing_id = 96239)
[0m
  [4;36;1mSQL (8.7ms)[0m   [0;1mSELECT count(*) AS count_all FROM "clicks" WHERE ("clicks".listing_id = 96239) [0m
  [4;35;1mAnalyzing  Execution Time: 0.008983

[0m   [0mAggregate  (cost=814.47..814.48 rows=1 width=0)
   ->  Seq Scan on clicks  (cost=0.00..814.46 rows=2 width=0)
         Filter: (listing_id = 96239)
[0m
  [4;36;1mSQL (2.5ms)[0m   [0;1mSELECT count(*) AS count_all FROM "listings" WHERE ("listings".user_id = 25511) [0m
  [4;35;1mAnalyzing  Execution Time: 0.002763

[0m   [0mAggregate  (cost=1615.81..1615.82 rows=1 width=0)
   ->  Index Scan using index_listings_on_id_and_user_id_and_title on listings  (cost=0.00..1615.79 rows=4 width=0)
         Index Cond: (user_id = 25511)
[0m
  [4;36;1mListing Load (2.1ms)[0m   [0;1mSELECT * FROM "listings" WHERE ("listings".user_id = 25511) [0m
  [4;35;1mAnalyzing Listing Load Execution Time: 0.002842

[0m   [0mIndex Scan using index_listings_on_id_and_user_id_and_title on listings  (cost=0.00..1615.79 rows=4 width=1172)
   Index Cond: (user_id = 25511)
[0m
  [4;36;1mSQL (153.4ms)[0m   [0;1mSELECT count(*) AS count_all FROM "impressions" WHERE ("impressions".listing_id = 113156) [0m
  [4;35;1mAnalyzing  Execution Time: 0.153669

[0m   [0mAggregate  (cost=12714.08..12714.09 rows=1 width=0)
   ->  Seq Scan on impressions  (cost=0.00..12714.00 rows=31 width=0)
         Filter: (listing_id = 113156)
[0m
  [4;36;1mSQL (8.8ms)[0m   [0;1mSELECT count(*) AS count_all FROM "clicks" WHERE ("clicks".listing_id = 113156) [0m
  [4;35;1mAnalyzing  Execution Time: 0.009086

[0m   [0mAggregate  (cost=814.47..814.48 rows=1 width=0)
   ->  Seq Scan on clicks  (cost=0.00..814.46 rows=2 width=0)
         Filter: (listing_id = 113156)
[0m
  [4;36;1mSQL (2.3ms)[0m   [0;1mSELECT count(*) AS count_all FROM "listings" WHERE ("listings".user_id = 25512) [0m
  [4;35;1mAnalyzing  Execution Time: 0.002629

[0m   [0mAggregate  (cost=1615.81..1615.82 rows=1 width=0)
   ->  Index Scan using index_listings_on_id_and_user_id_and_title on listings  (cost=0.00..1615.79 rows=4 width=0)
         Index Cond: (user_id = 25512)
[0m
  [4;36;1mListing Load (2.6ms)[0m   [0;1mSELECT * FROM "listings" WHERE ("listings".user_id = 25512) [0m
  [4;35;1mAnalyzing Listing Load Execution Time: 0.003403

[0m   [0mIndex Scan using index_listings_on_id_and_user_id_and_title on listings  (cost=0.00..1615.79 rows=4 width=1172)
   Index Cond: (user_id = 25512)
[0m
  [4;36;1mSQL (156.2ms)[0m   [0;1mSELECT count(*) AS count_all FROM "impressions" WHERE ("impressions".listing_id = 113157) [0m
  [4;35;1mAnalyzing  Execution Time: 0.156533

[0m   [0mAggregate  (cost=12714.08..12714.09 rows=1 width=0)
   ->  Seq Scan on impressions  (cost=0.00..12714.00 rows=31 width=0)
         Filter: (listing_id = 113157)
[0m
  [4;36;1mSQL (12.0ms)[0m   [0;1mSELECT count(*) AS count_all FROM "clicks" WHERE ("clicks".listing_id = 113157) [0m
  [4;35;1mAnalyzing  Execution Time: 0.012275

[0m   [0mAggregate  (cost=814.47..814.48 rows=1 width=0)
   ->  Seq Scan on clicks  (cost=0.00..814.46 rows=2 width=0)
         Filter: (listing_id = 113157)
[0m
  [4;36;1mSQL (2.1ms)[0m   [0;1mSELECT count(*) AS count_all FROM "listings" WHERE ("listings".user_id = 25513) [0m
  [4;35;1mAnalyzing  Execution Time: 0.002339

[0m   [0mAggregate  (cost=1615.81..1615.82 rows=1 width=0)
   ->  Index Scan using index_listings_on_id_and_user_id_and_title on listings  (cost=0.00..1615.79 rows=4 width=0)
         Index Cond: (user_id = 25513)
[0m
  [4;36;1mListing Load (2.1ms)[0m   [0;1mSELECT * FROM "listings" WHERE ("listings".user_id = 25513) [0m
  [4;35;1mAnalyzing Listing Load Execution Time: 0.002832

[0m   [0mIndex Scan using index_listings_on_id_and_user_id_and_title on listings  (cost=0.00..1615.79 rows=4 width=1172)
   Index Cond: (user_id = 25513)
[0m
  [4;36;1mSQL (152.0ms)[0m   [0;1mSELECT count(*) AS count_all FROM "impressions" WHERE ("impressions".listing_id = 113158) [0m
  [4;35;1mAnalyzing  Execution Time: 0.152295

[0m   [0mAggregate  (cost=12714.08..12714.09 rows=1 width=0)
   ->  Seq Scan on impressions  (cost=0.00..12714.00 rows=31 width=0)
         Filter: (listing_id = 113158)
[0m
  [4;36;1mSQL (8.9ms)[0m   [0;1mSELECT count(*) AS count_all FROM "clicks" WHERE ("clicks".listing_id = 113158) [0m
  [4;35;1mAnalyzing  Execution Time: 0.009225

[0m   [0mAggregate  (cost=814.47..814.48 rows=1 width=0)
   ->  Seq Scan on clicks  (cost=0.00..814.46 rows=2 width=0)
         Filter: (listing_id = 113158)
[0m
  [4;36;1mSQL (2.0ms)[0m   [0;1mSELECT count(*) AS count_all FROM "listings" WHERE ("listings".user_id = 25514) [0m
  [4;35;1mAnalyzing  Execution Time: 0.002229

[0m   [0mAggregate  (cost=1615.81..1615.82 rows=1 width=0)
   ->  Index Scan using index_listings_on_id_and_user_id_and_title on listings  (cost=0.00..1615.79 rows=4 width=0)
         Index Cond: (user_id = 25514)
[0m
  [4;36;1mListing Load (2.0ms)[0m   [0;1mSELECT * FROM "listings" WHERE ("listings".user_id = 25514) [0m
  [4;35;1mAnalyzing Listing Load Execution Time: 0.002753

[0m   [0mIndex Scan using index_listings_on_id_and_user_id_and_title on listings  (cost=0.00..1615.79 rows=4 width=1172)
   Index Cond: (user_id = 25514)
[0m
  [4;36;1mSQL (238.9ms)[0m   [0;1mSELECT count(*) AS count_all FROM "impressions" WHERE ("impressions".listing_id = 113159) [0m
  [4;35;1mAnalyzing  Execution Time: 0.239155

[0m   [0mAggregate  (cost=12714.08..12714.09 rows=1 width=0)
   ->  Seq Scan on impressions  (cost=0.00..12714.00 rows=31 width=0)
         Filter: (listing_id = 113159)
[0m
  [4;36;1mSQL (8.8ms)[0m   [0;1mSELECT count(*) AS count_all FROM "clicks" WHERE ("clicks".listing_id = 113159) [0m
  [4;35;1mAnalyzing  Execution Time: 0.009049

[0m   [0mAggregate  (cost=814.47..814.48 rows=1 width=0)
   ->  Seq Scan on clicks  (cost=0.00..814.46 rows=2 width=0)
         Filter: (listing_id = 113159)
[0m
  [4;36;1mSQL (1.9ms)[0m   [0;1mSELECT count(*) AS count_all FROM "listings" WHERE ("listings".user_id = 25515) [0m
  [4;35;1mAnalyzing  Execution Time: 0.002162

[0m   [0mAggregate  (cost=1615.81..1615.82 rows=1 width=0)
   ->  Index Scan using index_listings_on_id_and_user_id_and_title on listings  (cost=0.00..1615.79 rows=4 width=0)
         Index Cond: (user_id = 25515)
[0m
  [4;36;1mListing Load (2.1ms)[0m   [0;1mSELECT * FROM "listings" WHERE ("listings".user_id = 25515) [0m
  [4;35;1mAnalyzing Listing Load Execution Time: 0.00276

[0m   [0mIndex Scan using index_listings_on_id_and_user_id_and_title on listings  (cost=0.00..1615.79 rows=4 width=1172)
   Index Cond: (user_id = 25515)
[0m
  [4;36;1mSQL (153.7ms)[0m   [0;1mSELECT count(*) AS count_all FROM "impressions" WHERE ("impressions".listing_id = 113160) [0m
  [4;35;1mAnalyzing  Execution Time: 0.154

[0m   [0mAggregate  (cost=12714.08..12714.09 rows=1 width=0)
   ->  Seq Scan on impressions  (cost=0.00..12714.00 rows=31 width=0)
         Filter: (listing_id = 113160)
[0m
  [4;36;1mSQL (8.7ms)[0m   [0;1mSELECT count(*) AS count_all FROM "clicks" WHERE ("clicks".listing_id = 113160) [0m
  [4;35;1mAnalyzing  Execution Time: 0.008918

[0m   [0mAggregate  (cost=814.47..814.48 rows=1 width=0)
   ->  Seq Scan on clicks  (cost=0.00..814.46 rows=2 width=0)
         Filter: (listing_id = 113160)
[0m
  [4;36;1mSQL (2.1ms)[0m   [0;1mSELECT count(*) AS count_all FROM "listings" WHERE ("listings".user_id = 25516) [0m
  [4;35;1mAnalyzing  Execution Time: 0.002368

[0m   [0mAggregate  (cost=1615.81..1615.82 rows=1 width=0)
   ->  Index Scan using index_listings_on_id_and_user_id_and_title on listings  (cost=0.00..1615.79 rows=4 width=0)
         Index Cond: (user_id = 25516)
[0m
  [4;36;1mListing Load (2.2ms)[0m   [0;1mSELECT * FROM "listings" WHERE ("listings".user_id = 25516) [0m
  [4;35;1mAnalyzing Listing Load Execution Time: 0.003329

[0m   [0mIndex Scan using index_listings_on_id_and_user_id_and_title on listings  (cost=0.00..1615.79 rows=4 width=1172)
   Index Cond: (user_id = 25516)
[0m
  [4;36;1mSQL (145.0ms)[0m   [0;1mSELECT count(*) AS count_all FROM "impressions" WHERE ("impressions".listing_id = 108245) [0m
  [4;35;1mAnalyzing  Execution Time: 0.145254

[0m   [0mAggregate  (cost=12714.08..12714.09 rows=1 width=0)
   ->  Seq Scan on impressions  (cost=0.00..12714.00 rows=31 width=0)
         Filter: (listing_id = 108245)
[0m
  [4;36;1mSQL (149.5ms)[0m   [0;1mSELECT count(*) AS count_all FROM "impressions" WHERE ("impressions".listing_id = 113161) [0m
  [4;35;1mAnalyzing  Execution Time: 0.149795

[0m   [0mAggregate  (cost=12714.08..12714.09 rows=1 width=0)
   ->  Seq Scan on impressions  (cost=0.00..12714.00 rows=31 width=0)
         Filter: (listing_id = 113161)
[0m
  [4;36;1mSQL (10.6ms)[0m   [0;1mSELECT count(*) AS count_all FROM "clicks" WHERE ("clicks".listing_id = 108245) [0m
  [4;35;1mAnalyzing  Execution Time: 0.010844

[0m   [0mAggregate  (cost=814.47..814.48 rows=1 width=0)
   ->  Seq Scan on clicks  (cost=0.00..814.46 rows=2 width=0)
         Filter: (listing_id = 108245)
[0m
  [4;36;1mSQL (9.0ms)[0m   [0;1mSELECT count(*) AS count_all FROM "clicks" WHERE ("clicks".listing_id = 113161) [0m
  [4;35;1mAnalyzing  Execution Time: 0.009198

[0m   [0mAggregate  (cost=814.47..814.48 rows=1 width=0)
   ->  Seq Scan on clicks  (cost=0.00..814.46 rows=2 width=0)
         Filter: (listing_id = 113161)
[0m
  [4;36;1mSQL (2.4ms)[0m   [0;1mSELECT count(*) AS count_all FROM "listings" WHERE ("listings".user_id = 25517) [0m
  [4;35;1mAnalyzing  Execution Time: 0.002654

[0m   [0mAggregate  (cost=1615.81..1615.82 rows=1 width=0)
   ->  Index Scan using index_listings_on_id_and_user_id_and_title on listings  (cost=0.00..1615.79 rows=4 width=0)
         Index Cond: (user_id = 25517)
[0m
  [4;36;1mListing Load (2.0ms)[0m   [0;1mSELECT * FROM "listings" WHERE ("listings".user_id = 25517) [0m
  [4;35;1mAnalyzing Listing Load Execution Time: 0.003534

[0m   [0mIndex Scan using index_listings_on_id_and_user_id_and_title on listings  (cost=0.00..1615.79 rows=4 width=1172)
   Index Cond: (user_id = 25517)
[0m
  [4;36;1mSQL (149.2ms)[0m   [0;1mSELECT count(*) AS count_all FROM "impressions" WHERE ("impressions".listing_id = 81672) [0m
  [4;35;1mAnalyzing  Execution Time: 0.149438

[0m   [0mAggregate  (cost=12714.08..12714.09 rows=1 width=0)
   ->  Seq Scan on impressions  (cost=0.00..12714.00 rows=31 width=0)
         Filter: (listing_id = 81672)
[0m
  [4;36;1mSQL (163.0ms)[0m   [0;1mSELECT count(*) AS count_all FROM "impressions" WHERE ("impressions".listing_id = 92816) [0m
  [4;35;1mAnalyzing  Execution Time: 0.16328

[0m   [0mAggregate  (cost=12714.08..12714.09 rows=1 width=0)
   ->  Seq Scan on impressions  (cost=0.00..12714.00 rows=31 width=0)
         Filter: (listing_id = 92816)
[0m
  [4;36;1mSQL (142.0ms)[0m   [0;1mSELECT count(*) AS count_all FROM "impressions" WHERE ("impressions".listing_id = 113213) [0m
  [4;35;1mAnalyzing  Execution Time: 0.142258

[0m   [0mAggregate  (cost=12714.08..12714.09 rows=1 width=0)
   ->  Seq Scan on impressions  (cost=0.00..12714.00 rows=31 width=0)
         Filter: (listing_id = 113213)
[0m
  [4;36;1mSQL (10.1ms)[0m   [0;1mSELECT count(*) AS count_all FROM "clicks" WHERE ("clicks".listing_id = 81672) [0m
  [4;35;1mAnalyzing  Execution Time: 0.010397

[0m   [0mAggregate  (cost=814.47..814.48 rows=1 width=0)
   ->  Seq Scan on clicks  (cost=0.00..814.46 rows=2 width=0)
         Filter: (listing_id = 81672)
[0m
  [4;36;1mSQL (8.5ms)[0m   [0;1mSELECT count(*) AS count_all FROM "clicks" WHERE ("clicks".listing_id = 92816) [0m
  [4;35;1mAnalyzing  Execution Time: 0.008766

[0m   [0mAggregate  (cost=814.47..814.48 rows=1 width=0)
   ->  Seq Scan on clicks  (cost=0.00..814.46 rows=2 width=0)
         Filter: (listing_id = 92816)
[0m
  [4;36;1mSQL (8.5ms)[0m   [0;1mSELECT count(*) AS count_all FROM "clicks" WHERE ("clicks".listing_id = 113213) [0m
  [4;35;1mAnalyzing  Execution Time: 0.008753

[0m   [0mAggregate  (cost=814.47..814.48 rows=1 width=0)
   ->  Seq Scan on clicks  (cost=0.00..814.46 rows=2 width=0)
         Filter: (listing_id = 113213)
[0m
  [4;36;1mSQL (1.9ms)[0m   [0;1mSELECT count(*) AS count_all FROM "listings" WHERE ("listings".user_id = 25518) [0m
  [4;35;1mAnalyzing  Execution Time: 0.002115

[0m   [0mAggregate  (cost=1615.81..1615.82 rows=1 width=0)
   ->  Index Scan using index_listings_on_id_and_user_id_and_title on listings  (cost=0.00..1615.79 rows=4 width=0)
         Index Cond: (user_id = 25518)
[0m
  [4;36;1mListing Load (2.8ms)[0m   [0;1mSELECT * FROM "listings" WHERE ("listings".user_id = 25518) [0m
  [4;35;1mAnalyzing Listing Load Execution Time: 0.003496

[0m   [0mIndex Scan using index_listings_on_id_and_user_id_and_title on listings  (cost=0.00..1615.79 rows=4 width=1172)
   Index Cond: (user_id = 25518)
[0m
  [4;36;1mSQL (145.1ms)[0m   [0;1mSELECT count(*) AS count_all FROM "impressions" WHERE ("impressions".listing_id = 113162) [0m
  [4;35;1mAnalyzing  Execution Time: 0.145333

[0m   [0mAggregate  (cost=12714.08..12714.09 rows=1 width=0)
   ->  Seq Scan on impressions  (cost=0.00..12714.00 rows=31 width=0)
         Filter: (listing_id = 113162)
[0m
  [4;36;1mSQL (8.6ms)[0m   [0;1mSELECT count(*) AS count_all FROM "clicks" WHERE ("clicks".listing_id = 113162) [0m
  [4;35;1mAnalyzing  Execution Time: 0.008876

[0m   [0mAggregate  (cost=814.47..814.48 rows=1 width=0)
   ->  Seq Scan on clicks  (cost=0.00..814.46 rows=2 width=0)
         Filter: (listing_id = 113162)
[0m
  [4;36;1mSQL (1.9ms)[0m   [0;1mSELECT count(*) AS count_all FROM "listings" WHERE ("listings".user_id = 25519) [0m
  [4;35;1mAnalyzing  Execution Time: 0.00215

[0m   [0mAggregate  (cost=1615.81..1615.82 rows=1 width=0)
   ->  Index Scan using index_listings_on_id_and_user_id_and_title on listings  (cost=0.00..1615.79 rows=4 width=0)
         Index Cond: (user_id = 25519)
[0m
  [4;36;1mListing Load (2.7ms)[0m   [0;1mSELECT * FROM "listings" WHERE ("listings".user_id = 25519) [0m
  [4;35;1mAnalyzing Listing Load Execution Time: 0.003458

[0m   [0mIndex Scan using index_listings_on_id_and_user_id_and_title on listings  (cost=0.00..1615.79 rows=4 width=1172)
   Index Cond: (user_id = 25519)
[0m
  [4;36;1mSQL (143.1ms)[0m   [0;1mSELECT count(*) AS count_all FROM "impressions" WHERE ("impressions".listing_id = 113163) [0m
  [4;35;1mAnalyzing  Execution Time: 0.143348

[0m   [0mAggregate  (cost=12714.08..12714.09 rows=1 width=0)
   ->  Seq Scan on impressions  (cost=0.00..12714.00 rows=31 width=0)
         Filter: (listing_id = 113163)
[0m
  [4;36;1mSQL (8.5ms)[0m   [0;1mSELECT count(*) AS count_all FROM "clicks" WHERE ("clicks".listing_id = 113163) [0m
  [4;35;1mAnalyzing  Execution Time: 0.008796

[0m   [0mAggregate  (cost=814.47..814.48 rows=1 width=0)
   ->  Seq Scan on clicks  (cost=0.00..814.46 rows=2 width=0)
         Filter: (listing_id = 113163)
[0m
  [4;36;1mSQL (2.2ms)[0m   [0;1mSELECT count(*) AS count_all FROM "listings" WHERE ("listings".user_id = 25520) [0m
  [4;35;1mAnalyzing  Execution Time: 0.00252

[0m   [0mAggregate  (cost=1615.81..1615.82 rows=1 width=0)
   ->  Index Scan using index_listings_on_id_and_user_id_and_title on listings  (cost=0.00..1615.79 rows=4 width=0)
         Index Cond: (user_id = 25520)
[0m
  [4;36;1mListing Load (2.8ms)[0m   [0;1mSELECT * FROM "listings" WHERE ("listings".user_id = 25520) [0m
  [4;35;1mAnalyzing Listing Load Execution Time: 0.004723

[0m   [0mIndex Scan using index_listings_on_id_and_user_id_and_title on listings  (cost=0.00..1615.79 rows=4 width=1172)
   Index Cond: (user_id = 25520)
[0m
  [4;36;1mSQL (144.3ms)[0m   [0;1mSELECT count(*) AS count_all FROM "impressions" WHERE ("impressions".listing_id = 72515) [0m
  [4;35;1mAnalyzing  Execution Time: 0.144605

[0m   [0mAggregate  (cost=12716.86..12716.87 rows=1 width=0)
   ->  Seq Scan on impressions  (cost=0.00..12714.00 rows=1142 width=0)
         Filter: (listing_id = 72515)
[0m
  [4;36;1mSQL (150.1ms)[0m   [0;1mSELECT count(*) AS count_all FROM "impressions" WHERE ("impressions".listing_id = 73376) [0m
  [4;35;1mAnalyzing  Execution Time: 0.150362

[0m   [0mAggregate  (cost=12715.85..12715.86 rows=1 width=0)
   ->  Seq Scan on impressions  (cost=0.00..12714.00 rows=738 width=0)
         Filter: (listing_id = 73376)
[0m
  [4;36;1mSQL (143.7ms)[0m   [0;1mSELECT count(*) AS count_all FROM "impressions" WHERE ("impressions".listing_id = 113209) [0m
  [4;35;1mAnalyzing  Execution Time: 0.144172

[0m   [0mAggregate  (cost=12714.08..12714.09 rows=1 width=0)
   ->  Seq Scan on impressions  (cost=0.00..12714.00 rows=31 width=0)
         Filter: (listing_id = 113209)
[0m
  [4;36;1mSQL (154.5ms)[0m   [0;1mSELECT count(*) AS count_all FROM "impressions" WHERE ("impressions".listing_id = 113210) [0m
  [4;35;1mAnalyzing  Execution Time: 0.154835

[0m   [0mAggregate  (cost=12714.08..12714.09 rows=1 width=0)
   ->  Seq Scan on impressions  (cost=0.00..12714.00 rows=31 width=0)
         Filter: (listing_id = 113210)
[0m
  [4;36;1mSQL (9.4ms)[0m   [0;1mSELECT count(*) AS count_all FROM "clicks" WHERE ("clicks".listing_id = 72515) [0m
  [4;35;1mAnalyzing  Execution Time: 0.009646

[0m   [0mAggregate  (cost=814.51..814.52 rows=1 width=0)
   ->  Seq Scan on clicks  (cost=0.00..814.46 rows=19 width=0)
         Filter: (listing_id = 72515)
[0m
  [4;36;1mSQL (14.8ms)[0m   [0;1mSELECT count(*) AS count_all FROM "clicks" WHERE ("clicks".listing_id = 73376) [0m
  [4;35;1mAnalyzing  Execution Time: 0.015046

[0m   [0mAggregate  (cost=814.51..814.52 rows=1 width=0)
   ->  Seq Scan on clicks  (cost=0.00..814.46 rows=17 width=0)
         Filter: (listing_id = 73376)
[0m
  [4;36;1mSQL (8.6ms)[0m   [0;1mSELECT count(*) AS count_all FROM "clicks" WHERE ("clicks".listing_id = 113209) [0m
  [4;35;1mAnalyzing  Execution Time: 0.008886

[0m   [0mAggregate  (cost=814.47..814.48 rows=1 width=0)
   ->  Seq Scan on clicks  (cost=0.00..814.46 rows=2 width=0)
         Filter: (listing_id = 113209)
[0m
  [4;36;1mSQL (9.7ms)[0m   [0;1mSELECT count(*) AS count_all FROM "clicks" WHERE ("clicks".listing_id = 113210) [0m
  [4;35;1mAnalyzing  Execution Time: 0.009993

[0m   [0mAggregate  (cost=814.47..814.48 rows=1 width=0)
   ->  Seq Scan on clicks  (cost=0.00..814.46 rows=2 width=0)
         Filter: (listing_id = 113210)
[0m
  [4;36;1mSQL (3.1ms)[0m   [0;1mSELECT count(*) AS count_all FROM "listings" WHERE ("listings".user_id = 25521) [0m
  [4;35;1mAnalyzing  Execution Time: 0.003348

[0m   [0mAggregate  (cost=1615.81..1615.82 rows=1 width=0)
   ->  Index Scan using index_listings_on_id_and_user_id_and_title on listings  (cost=0.00..1615.79 rows=4 width=0)
         Index Cond: (user_id = 25521)
[0m
  [4;36;1mListing Load (2.7ms)[0m   [0;1mSELECT * FROM "listings" WHERE ("listings".user_id = 25521) [0m
  [4;35;1mAnalyzing Listing Load Execution Time: 0.004004

[0m   [0mIndex Scan using index_listings_on_id_and_user_id_and_title on listings  (cost=0.00..1615.79 rows=4 width=1172)
   Index Cond: (user_id = 25521)
[0m
  [4;36;1mSQL (157.6ms)[0m   [0;1mSELECT count(*) AS count_all FROM "impressions" WHERE ("impressions".listing_id = 73586) [0m
  [4;35;1mAnalyzing  Execution Time: 0.157883

[0m   [0mAggregate  (cost=12714.08..12714.09 rows=1 width=0)
   ->  Seq Scan on impressions  (cost=0.00..12714.00 rows=31 width=0)
         Filter: (listing_id = 73586)
[0m
  [4;36;1mSQL (153.8ms)[0m   [0;1mSELECT count(*) AS count_all FROM "impressions" WHERE ("impressions".listing_id = 94514) [0m
  [4;35;1mAnalyzing  Execution Time: 0.154102

[0m   [0mAggregate  (cost=12714.08..12714.09 rows=1 width=0)
   ->  Seq Scan on impressions  (cost=0.00..12714.00 rows=31 width=0)
         Filter: (listing_id = 94514)
[0m
  [4;36;1mSQL (10.4ms)[0m   [0;1mSELECT count(*) AS count_all FROM "clicks" WHERE ("clicks".listing_id = 73586) [0m
  [4;35;1mAnalyzing  Execution Time: 0.010646

[0m   [0mAggregate  (cost=814.47..814.48 rows=1 width=0)
   ->  Seq Scan on clicks  (cost=0.00..814.46 rows=2 width=0)
         Filter: (listing_id = 73586)
[0m
  [4;36;1mSQL (9.3ms)[0m   [0;1mSELECT count(*) AS count_all FROM "clicks" WHERE ("clicks".listing_id = 94514) [0m
  [4;35;1mAnalyzing  Execution Time: 0.009587

[0m   [0mAggregate  (cost=814.47..814.48 rows=1 width=0)
   ->  Seq Scan on clicks  (cost=0.00..814.46 rows=2 width=0)
         Filter: (listing_id = 94514)
[0m
  [4;36;1mSQL (2.4ms)[0m   [0;1mSELECT count(*) AS count_all FROM "listings" WHERE ("listings".user_id = 25522) [0m
  [4;35;1mAnalyzing  Execution Time: 0.002651

[0m   [0mAggregate  (cost=1615.81..1615.82 rows=1 width=0)
   ->  Index Scan using index_listings_on_id_and_user_id_and_title on listings  (cost=0.00..1615.79 rows=4 width=0)
         Index Cond: (user_id = 25522)
[0m
  [4;36;1mListing Load (2.3ms)[0m   [0;1mSELECT * FROM "listings" WHERE ("listings".user_id = 25522) [0m
  [4;35;1mAnalyzing Listing Load Execution Time: 0.004121

[0m   [0mIndex Scan using index_listings_on_id_and_user_id_and_title on listings  (cost=0.00..1615.79 rows=4 width=1172)
   Index Cond: (user_id = 25522)
[0m
  [4;36;1mSQL (156.8ms)[0m   [0;1mSELECT count(*) AS count_all FROM "impressions" WHERE ("impressions".listing_id = 105240) [0m
  [4;35;1mAnalyzing  Execution Time: 0.157093

[0m   [0mAggregate  (cost=12714.08..12714.09 rows=1 width=0)
   ->  Seq Scan on impressions  (cost=0.00..12714.00 rows=31 width=0)
         Filter: (listing_id = 105240)
[0m
  [4;36;1mSQL (155.0ms)[0m   [0;1mSELECT count(*) AS count_all FROM "impressions" WHERE ("impressions".listing_id = 113164) [0m
  [4;35;1mAnalyzing  Execution Time: 0.155239

[0m   [0mAggregate  (cost=12716.37..12716.38 rows=1 width=0)
   ->  Seq Scan on impressions  (cost=0.00..12714.00 rows=947 width=0)
         Filter: (listing_id = 113164)
[0m
  [4;36;1mSQL (144.0ms)[0m   [0;1mSELECT count(*) AS count_all FROM "impressions" WHERE ("impressions".listing_id = 113243) [0m
  [4;35;1mAnalyzing  Execution Time: 0.144305

[0m   [0mAggregate  (cost=12714.08..12714.09 rows=1 width=0)
   ->  Seq Scan on impressions  (cost=0.00..12714.00 rows=31 width=0)
         Filter: (listing_id = 113243)
[0m
  [4;36;1mSQL (146.0ms)[0m   [0;1mSELECT count(*) AS count_all FROM "impressions" WHERE ("impressions".listing_id = 113244) [0m
  [4;35;1mAnalyzing  Execution Time: 0.146221

[0m   [0mAggregate  (cost=12715.67..12715.68 rows=1 width=0)
   ->  Seq Scan on impressions  (cost=0.00..12714.00 rows=668 width=0)
         Filter: (listing_id = 113244)
[0m
  [4;36;1mSQL (8.5ms)[0m   [0;1mSELECT count(*) AS count_all FROM "clicks" WHERE ("clicks".listing_id = 105240) [0m
  [4;35;1mAnalyzing  Execution Time: 0.008743

[0m   [0mAggregate  (cost=814.47..814.48 rows=1 width=0)
   ->  Seq Scan on clicks  (cost=0.00..814.46 rows=2 width=0)
         Filter: (listing_id = 105240)
[0m
  [4;36;1mSQL (8.6ms)[0m   [0;1mSELECT count(*) AS count_all FROM "clicks" WHERE ("clicks".listing_id = 113164) [0m
  [4;35;1mAnalyzing  Execution Time: 0.008834

[0m   [0mAggregate  (cost=814.50..814.51 rows=1 width=0)
   ->  Seq Scan on clicks  (cost=0.00..814.46 rows=13 width=0)
         Filter: (listing_id = 113164)
[0m
  [4;36;1mSQL (10.9ms)[0m   [0;1mSELECT count(*) AS count_all FROM "clicks" WHERE ("clicks".listing_id = 113243) [0m
  [4;35;1mAnalyzing  Execution Time: 0.011231

[0m   [0mAggregate  (cost=814.47..814.48 rows=1 width=0)
   ->  Seq Scan on clicks  (cost=0.00..814.46 rows=2 width=0)
         Filter: (listing_id = 113243)
[0m
  [4;36;1mSQL (8.6ms)[0m   [0;1mSELECT count(*) AS count_all FROM "clicks" WHERE ("clicks".listing_id = 113244) [0m
  [4;35;1mAnalyzing  Execution Time: 0.008876

[0m   [0mAggregate  (cost=814.50..814.51 rows=1 width=0)
   ->  Seq Scan on clicks  (cost=0.00..814.46 rows=15 width=0)
         Filter: (listing_id = 113244)
[0m
  [4;36;1mSQL (3.1ms)[0m   [0;1mSELECT count(*) AS count_all FROM "listings" WHERE ("listings".user_id = 25524) [0m
  [4;35;1mAnalyzing  Execution Time: 0.003374

[0m   [0mAggregate  (cost=1615.81..1615.82 rows=1 width=0)
   ->  Index Scan using index_listings_on_id_and_user_id_and_title on listings  (cost=0.00..1615.79 rows=4 width=0)
         Index Cond: (user_id = 25524)
[0m
  [4;36;1mListing Load (2.1ms)[0m   [0;1mSELECT * FROM "listings" WHERE ("listings".user_id = 25524) [0m
  [4;35;1mAnalyzing Listing Load Execution Time: 0.003333

[0m   [0mIndex Scan using index_listings_on_id_and_user_id_and_title on listings  (cost=0.00..1615.79 rows=4 width=1172)
   Index Cond: (user_id = 25524)
[0m
  [4;36;1mSQL (147.8ms)[0m   [0;1mSELECT count(*) AS count_all FROM "impressions" WHERE ("impressions".listing_id = 89554) [0m
  [4;35;1mAnalyzing  Execution Time: 0.148053

[0m   [0mAggregate  (cost=12714.08..12714.09 rows=1 width=0)
   ->  Seq Scan on impressions  (cost=0.00..12714.00 rows=31 width=0)
         Filter: (listing_id = 89554)
[0m
  [4;36;1mSQL (153.3ms)[0m   [0;1mSELECT count(*) AS count_all FROM "impressions" WHERE ("impressions".listing_id = 113290) [0m
  [4;35;1mAnalyzing  Execution Time: 0.153605

[0m   [0mAggregate  (cost=12714.08..12714.09 rows=1 width=0)
   ->  Seq Scan on impressions  (cost=0.00..12714.00 rows=31 width=0)
         Filter: (listing_id = 113290)
[0m
  [4;36;1mSQL (9.1ms)[0m   [0;1mSELECT count(*) AS count_all FROM "clicks" WHERE ("clicks".listing_id = 89554) [0m
  [4;35;1mAnalyzing  Execution Time: 0.009343

[0m   [0mAggregate  (cost=814.47..814.48 rows=1 width=0)
   ->  Seq Scan on clicks  (cost=0.00..814.46 rows=2 width=0)
         Filter: (listing_id = 89554)
[0m
  [4;36;1mSQL (8.5ms)[0m   [0;1mSELECT count(*) AS count_all FROM "clicks" WHERE ("clicks".listing_id = 113290) [0m
  [4;35;1mAnalyzing  Execution Time: 0.008785

[0m   [0mAggregate  (cost=814.47..814.48 rows=1 width=0)
   ->  Seq Scan on clicks  (cost=0.00..814.46 rows=2 width=0)
         Filter: (listing_id = 113290)
[0m
  [4;36;1mSQL (2.7ms)[0m   [0;1mSELECT count(*) AS count_all FROM "listings" WHERE ("listings".user_id = 25523) [0m
  [4;35;1mAnalyzing  Execution Time: 0.002953

[0m   [0mAggregate  (cost=1615.81..1615.82 rows=1 width=0)
   ->  Index Scan using index_listings_on_id_and_user_id_and_title on listings  (cost=0.00..1615.79 rows=4 width=0)
         Index Cond: (user_id = 25523)
[0m
  [4;36;1mListing Load (2.1ms)[0m   [0;1mSELECT * FROM "listings" WHERE ("listings".user_id = 25523) [0m
  [4;35;1mAnalyzing Listing Load Execution Time: 0.004768

[0m   [0mIndex Scan using index_listings_on_id_and_user_id_and_title on listings  (cost=0.00..1615.79 rows=4 width=1172)
   Index Cond: (user_id = 25523)
[0m
  [4;36;1mSQL (146.3ms)[0m   [0;1mSELECT count(*) AS count_all FROM "impressions" WHERE ("impressions".listing_id = 78004) [0m
  [4;35;1mAnalyzing  Execution Time: 0.146588

[0m   [0mAggregate  (cost=12714.08..12714.09 rows=1 width=0)
   ->  Seq Scan on impressions  (cost=0.00..12714.00 rows=31 width=0)
         Filter: (listing_id = 78004)
[0m
  [4;36;1mSQL (147.1ms)[0m   [0;1mSELECT count(*) AS count_all FROM "impressions" WHERE ("impressions".listing_id = 82645) [0m
  [4;35;1mAnalyzing  Execution Time: 0.147378

[0m   [0mAggregate  (cost=12714.08..12714.09 rows=1 width=0)
   ->  Seq Scan on impressions  (cost=0.00..12714.00 rows=31 width=0)
         Filter: (listing_id = 82645)
[0m
  [4;36;1mSQL (202.6ms)[0m   [0;1mSELECT count(*) AS count_all FROM "impressions" WHERE ("impressions".listing_id = 84401) [0m
  [4;35;1mAnalyzing  Execution Time: 0.202912

[0m   [0mAggregate  (cost=12714.08..12714.09 rows=1 width=0)
   ->  Seq Scan on impressions  (cost=0.00..12714.00 rows=31 width=0)
         Filter: (listing_id = 84401)
[0m
  [4;36;1mSQL (240.3ms)[0m   [0;1mSELECT count(*) AS count_all FROM "impressions" WHERE ("impressions".listing_id = 91984) [0m
  [4;35;1mAnalyzing  Execution Time: 0.240592

[0m   [0mAggregate  (cost=12714.08..12714.09 rows=1 width=0)
   ->  Seq Scan on impressions  (cost=0.00..12714.00 rows=31 width=0)
         Filter: (listing_id = 91984)
[0m
  [4;36;1mSQL (209.8ms)[0m   [0;1mSELECT count(*) AS count_all FROM "impressions" WHERE ("impressions".listing_id = 113165) [0m
  [4;35;1mAnalyzing  Execution Time: 0.210045

[0m   [0mAggregate  (cost=12714.08..12714.09 rows=1 width=0)
   ->  Seq Scan on impressions  (cost=0.00..12714.00 rows=31 width=0)
         Filter: (listing_id = 113165)
[0m
  [4;36;1mSQL (10.4ms)[0m   [0;1mSELECT count(*) AS count_all FROM "clicks" WHERE ("clicks".listing_id = 78004) [0m
  [4;35;1mAnalyzing  Execution Time: 0.010712

[0m   [0mAggregate  (cost=814.47..814.48 rows=1 width=0)
   ->  Seq Scan on clicks  (cost=0.00..814.46 rows=2 width=0)
         Filter: (listing_id = 78004)
[0m
  [4;36;1mSQL (9.7ms)[0m   [0;1mSELECT count(*) AS count_all FROM "clicks" WHERE ("clicks".listing_id = 82645) [0m
  [4;35;1mAnalyzing  Execution Time: 0.009912

[0m   [0mAggregate  (cost=814.47..814.48 rows=1 width=0)
   ->  Seq Scan on clicks  (cost=0.00..814.46 rows=2 width=0)
         Filter: (listing_id = 82645)
[0m
  [4;36;1mSQL (10.1ms)[0m   [0;1mSELECT count(*) AS count_all FROM "clicks" WHERE ("clicks".listing_id = 84401) [0m
  [4;35;1mAnalyzing  Execution Time: 0.010325

[0m   [0mAggregate  (cost=814.47..814.48 rows=1 width=0)
   ->  Seq Scan on clicks  (cost=0.00..814.46 rows=2 width=0)
         Filter: (listing_id = 84401)
[0m
  [4;36;1mSQL (17.4ms)[0m   [0;1mSELECT count(*) AS count_all FROM "clicks" WHERE ("clicks".listing_id = 91984) [0m
  [4;35;1mAnalyzing  Execution Time: 0.017762

[0m   [0mAggregate  (cost=814.47..814.48 rows=1 width=0)
   ->  Seq Scan on clicks  (cost=0.00..814.46 rows=2 width=0)
         Filter: (listing_id = 91984)
[0m
  [4;36;1mSQL (10.2ms)[0m   [0;1mSELECT count(*) AS count_all FROM "clicks" WHERE ("clicks".listing_id = 113165) [0m
  [4;35;1mAnalyzing  Execution Time: 0.010438

[0m   [0mAggregate  (cost=814.47..814.48 rows=1 width=0)
   ->  Seq Scan on clicks  (cost=0.00..814.46 rows=2 width=0)
         Filter: (listing_id = 113165)
[0m
  [4;36;1mSQL (17.1ms)[0m   [0;1mSELECT count(*) AS count_all FROM "listings" WHERE ("listings".user_id = 25415) [0m
  [4;35;1mAnalyzing  Execution Time: 0.017467

[0m   [0mAggregate  (cost=1615.81..1615.82 rows=1 width=0)
   ->  Index Scan using index_listings_on_id_and_user_id_and_title on listings  (cost=0.00..1615.79 rows=4 width=0)
         Index Cond: (user_id = 25415)
[0m
  [4;36;1mListing Load (2.6ms)[0m   [0;1mSELECT * FROM "listings" WHERE ("listings".user_id = 25415) [0m
  [4;35;1mAnalyzing Listing Load Execution Time: 0.003359

[0m   [0mIndex Scan using index_listings_on_id_and_user_id_and_title on listings  (cost=0.00..1615.79 rows=4 width=1172)
   Index Cond: (user_id = 25415)
[0m
  [4;36;1mSQL (191.3ms)[0m   [0;1mSELECT count(*) AS count_all FROM "impressions" WHERE ("impressions".listing_id = 113106) [0m
  [4;35;1mAnalyzing  Execution Time: 0.191556

[0m   [0mAggregate  (cost=12714.08..12714.09 rows=1 width=0)
   ->  Seq Scan on impressions  (cost=0.00..12714.00 rows=31 width=0)
         Filter: (listing_id = 113106)
[0m
  [4;36;1mSQL (10.7ms)[0m   [0;1mSELECT count(*) AS count_all FROM "clicks" WHERE ("clicks".listing_id = 113106) [0m
  [4;35;1mAnalyzing  Execution Time: 0.011047

[0m   [0mAggregate  (cost=814.47..814.48 rows=1 width=0)
   ->  Seq Scan on clicks  (cost=0.00..814.46 rows=2 width=0)
         Filter: (listing_id = 113106)
[0m
  [4;36;1mSQL (4.9ms)[0m   [0;1mSELECT count(*) AS count_all FROM "listings" WHERE ("listings".user_id = 25504) [0m
  [4;35;1mAnalyzing  Execution Time: 0.005199

[0m   [0mAggregate  (cost=1615.81..1615.82 rows=1 width=0)
   ->  Index Scan using index_listings_on_id_and_user_id_and_title on listings  (cost=0.00..1615.79 rows=4 width=0)
         Index Cond: (user_id = 25504)
[0m
  [4;36;1mListing Load (5.8ms)[0m   [0;1mSELECT * FROM "listings" WHERE ("listings".user_id = 25504) [0m
  [4;35;1mAnalyzing Listing Load Execution Time: 0.011361

[0m   [0mIndex Scan using index_listings_on_id_and_user_id_and_title on listings  (cost=0.00..1615.79 rows=4 width=1172)
   Index Cond: (user_id = 25504)
[0m
  [4;36;1mSQL (244.5ms)[0m   [0;1mSELECT count(*) AS count_all FROM "impressions" WHERE ("impressions".listing_id = 113152) [0m
  [4;35;1mAnalyzing  Execution Time: 0.244772

[0m   [0mAggregate  (cost=12714.08..12714.09 rows=1 width=0)
   ->  Seq Scan on impressions  (cost=0.00..12714.00 rows=31 width=0)
         Filter: (listing_id = 113152)
[0m
  [4;36;1mSQL (211.8ms)[0m   [0;1mSELECT count(*) AS count_all FROM "impressions" WHERE ("impressions".listing_id = 113215) [0m
  [4;35;1mAnalyzing  Execution Time: 0.212025

[0m   [0mAggregate  (cost=12714.08..12714.09 rows=1 width=0)
   ->  Seq Scan on impressions  (cost=0.00..12714.00 rows=31 width=0)
         Filter: (listing_id = 113215)
[0m
  [4;36;1mSQL (227.5ms)[0m   [0;1mSELECT count(*) AS count_all FROM "impressions" WHERE ("impressions".listing_id = 113216) [0m
  [4;35;1mAnalyzing  Execution Time: 0.227723

[0m   [0mAggregate  (cost=12714.08..12714.09 rows=1 width=0)
   ->  Seq Scan on impressions  (cost=0.00..12714.00 rows=31 width=0)
         Filter: (listing_id = 113216)
[0m
  [4;36;1mSQL (156.4ms)[0m   [0;1mSELECT count(*) AS count_all FROM "impressions" WHERE ("impressions".listing_id = 113217) [0m
  [4;35;1mAnalyzing  Execution Time: 0.156702

[0m   [0mAggregate  (cost=12714.08..12714.09 rows=1 width=0)
   ->  Seq Scan on impressions  (cost=0.00..12714.00 rows=31 width=0)
         Filter: (listing_id = 113217)
[0m
  [4;36;1mSQL (197.4ms)[0m   [0;1mSELECT count(*) AS count_all FROM "impressions" WHERE ("impressions".listing_id = 113218) [0m
  [4;35;1mAnalyzing  Execution Time: 0.197742

[0m   [0mAggregate  (cost=12714.08..12714.09 rows=1 width=0)
   ->  Seq Scan on impressions  (cost=0.00..12714.00 rows=31 width=0)
         Filter: (listing_id = 113218)
[0m
  [4;36;1mSQL (171.2ms)[0m   [0;1mSELECT count(*) AS count_all FROM "impressions" WHERE ("impressions".listing_id = 113219) [0m
  [4;35;1mAnalyzing  Execution Time: 0.171471

[0m   [0mAggregate  (cost=12714.08..12714.09 rows=1 width=0)
   ->  Seq Scan on impressions  (cost=0.00..12714.00 rows=31 width=0)
         Filter: (listing_id = 113219)
[0m
  [4;36;1mSQL (141.3ms)[0m   [0;1mSELECT count(*) AS count_all FROM "impressions" WHERE ("impressions".listing_id = 113220) [0m
  [4;35;1mAnalyzing  Execution Time: 0.141513

[0m   [0mAggregate  (cost=12714.08..12714.09 rows=1 width=0)
   ->  Seq Scan on impressions  (cost=0.00..12714.00 rows=31 width=0)
         Filter: (listing_id = 113220)
[0m
  [4;36;1mSQL (141.4ms)[0m   [0;1mSELECT count(*) AS count_all FROM "impressions" WHERE ("impressions".listing_id = 113221) [0m
  [4;35;1mAnalyzing  Execution Time: 0.141727

[0m   [0mAggregate  (cost=12714.08..12714.09 rows=1 width=0)
   ->  Seq Scan on impressions  (cost=0.00..12714.00 rows=31 width=0)
         Filter: (listing_id = 113221)
[0m
  [4;36;1mSQL (153.4ms)[0m   [0;1mSELECT count(*) AS count_all FROM "impressions" WHERE ("impressions".listing_id = 113222) [0m
  [4;35;1mAnalyzing  Execution Time: 0.15365

[0m   [0mAggregate  (cost=12714.08..12714.09 rows=1 width=0)
   ->  Seq Scan on impressions  (cost=0.00..12714.00 rows=31 width=0)
         Filter: (listing_id = 113222)
[0m
  [4;36;1mSQL (149.4ms)[0m   [0;1mSELECT count(*) AS count_all FROM "impressions" WHERE ("impressions".listing_id = 113223) [0m
  [4;35;1mAnalyzing  Execution Time: 0.14964

[0m   [0mAggregate  (cost=12714.08..12714.09 rows=1 width=0)
   ->  Seq Scan on impressions  (cost=0.00..12714.00 rows=31 width=0)
         Filter: (listing_id = 113223)
[0m
  [4;36;1mSQL (145.3ms)[0m   [0;1mSELECT count(*) AS count_all FROM "impressions" WHERE ("impressions".listing_id = 113224) [0m
  [4;35;1mAnalyzing  Execution Time: 0.145596

[0m   [0mAggregate  (cost=12714.08..12714.09 rows=1 width=0)
   ->  Seq Scan on impressions  (cost=0.00..12714.00 rows=31 width=0)
         Filter: (listing_id = 113224)
[0m
  [4;36;1mSQL (165.8ms)[0m   [0;1mSELECT count(*) AS count_all FROM "impressions" WHERE ("impressions".listing_id = 113225) [0m
  [4;35;1mAnalyzing  Execution Time: 0.166042

[0m   [0mAggregate  (cost=12714.08..12714.09 rows=1 width=0)
   ->  Seq Scan on impressions  (cost=0.00..12714.00 rows=31 width=0)
         Filter: (listing_id = 113225)
[0m
  [4;36;1mSQL (148.8ms)[0m   [0;1mSELECT count(*) AS count_all FROM "impressions" WHERE ("impressions".listing_id = 113226) [0m
  [4;35;1mAnalyzing  Execution Time: 0.149099

[0m   [0mAggregate  (cost=12714.08..12714.09 rows=1 width=0)
   ->  Seq Scan on impressions  (cost=0.00..12714.00 rows=31 width=0)
         Filter: (listing_id = 113226)
[0m
  [4;36;1mSQL (13.7ms)[0m   [0;1mSELECT count(*) AS count_all FROM "clicks" WHERE ("clicks".listing_id = 113152) [0m
  [4;35;1mAnalyzing  Execution Time: 0.014016

[0m   [0mAggregate  (cost=814.47..814.48 rows=1 width=0)
   ->  Seq Scan on clicks  (cost=0.00..814.46 rows=2 width=0)
         Filter: (listing_id = 113152)
[0m
  [4;36;1mSQL (8.6ms)[0m   [0;1mSELECT count(*) AS count_all FROM "clicks" WHERE ("clicks".listing_id = 113215) [0m
  [4;35;1mAnalyzing  Execution Time: 0.008916

[0m   [0mAggregate  (cost=814.47..814.48 rows=1 width=0)
   ->  Seq Scan on clicks  (cost=0.00..814.46 rows=2 width=0)
         Filter: (listing_id = 113215)
[0m
  [4;36;1mSQL (13.9ms)[0m   [0;1mSELECT count(*) AS count_all FROM "clicks" WHERE ("clicks".listing_id = 113216) [0m
  [4;35;1mAnalyzing  Execution Time: 0.014128

[0m   [0mAggregate  (cost=814.47..814.48 rows=1 width=0)
   ->  Seq Scan on clicks  (cost=0.00..814.46 rows=2 width=0)
         Filter: (listing_id = 113216)
[0m
  [4;36;1mSQL (8.6ms)[0m   [0;1mSELECT count(*) AS count_all FROM "clicks" WHERE ("clicks".listing_id = 113217) [0m
  [4;35;1mAnalyzing  Execution Time: 0.008808

[0m   [0mAggregate  (cost=814.47..814.48 rows=1 width=0)
   ->  Seq Scan on clicks  (cost=0.00..814.46 rows=2 width=0)
         Filter: (listing_id = 113217)
[0m
  [4;36;1mSQL (9.0ms)[0m   [0;1mSELECT count(*) AS count_all FROM "clicks" WHERE ("clicks".listing_id = 113218) [0m
  [4;35;1mAnalyzing  Execution Time: 0.009392

[0m   [0mAggregate  (cost=814.47..814.48 rows=1 width=0)
   ->  Seq Scan on clicks  (cost=0.00..814.46 rows=2 width=0)
         Filter: (listing_id = 113218)
[0m
  [4;36;1mSQL (9.5ms)[0m   [0;1mSELECT count(*) AS count_all FROM "clicks" WHERE ("clicks".listing_id = 113219) [0m
  [4;35;1mAnalyzing  Execution Time: 0.009792

[0m   [0mAggregate  (cost=814.47..814.48 rows=1 width=0)
   ->  Seq Scan on clicks  (cost=0.00..814.46 rows=2 width=0)
         Filter: (listing_id = 113219)
[0m
  [4;36;1mSQL (8.6ms)[0m   [0;1mSELECT count(*) AS count_all FROM "clicks" WHERE ("clicks".listing_id = 113220) [0m
  [4;35;1mAnalyzing  Execution Time: 0.008817

[0m   [0mAggregate  (cost=814.47..814.48 rows=1 width=0)
   ->  Seq Scan on clicks  (cost=0.00..814.46 rows=2 width=0)
         Filter: (listing_id = 113220)
[0m
  [4;36;1mSQL (9.1ms)[0m   [0;1mSELECT count(*) AS count_all FROM "clicks" WHERE ("clicks".listing_id = 113221) [0m
  [4;35;1mAnalyzing  Execution Time: 0.0094

[0m   [0mAggregate  (cost=814.47..814.48 rows=1 width=0)
   ->  Seq Scan on clicks  (cost=0.00..814.46 rows=2 width=0)
         Filter: (listing_id = 113221)
[0m
  [4;36;1mSQL (8.7ms)[0m   [0;1mSELECT count(*) AS count_all FROM "clicks" WHERE ("clicks".listing_id = 113222) [0m
  [4;35;1mAnalyzing  Execution Time: 0.008934

[0m   [0mAggregate  (cost=814.47..814.48 rows=1 width=0)
   ->  Seq Scan on clicks  (cost=0.00..814.46 rows=2 width=0)
         Filter: (listing_id = 113222)
[0m
  [4;36;1mSQL (8.6ms)[0m   [0;1mSELECT count(*) AS count_all FROM "clicks" WHERE ("clicks".listing_id = 113223) [0m
  [4;35;1mAnalyzing  Execution Time: 0.008816

[0m   [0mAggregate  (cost=814.47..814.48 rows=1 width=0)
   ->  Seq Scan on clicks  (cost=0.00..814.46 rows=2 width=0)
         Filter: (listing_id = 113223)
[0m
  [4;36;1mSQL (8.9ms)[0m   [0;1mSELECT count(*) AS count_all FROM "clicks" WHERE ("clicks".listing_id = 113224) [0m
  [4;35;1mAnalyzing  Execution Time: 0.009146

[0m   [0mAggregate  (cost=814.47..814.48 rows=1 width=0)
   ->  Seq Scan on clicks  (cost=0.00..814.46 rows=2 width=0)
         Filter: (listing_id = 113224)
[0m
  [4;36;1mSQL (9.3ms)[0m   [0;1mSELECT count(*) AS count_all FROM "clicks" WHERE ("clicks".listing_id = 113225) [0m
  [4;35;1mAnalyzing  Execution Time: 0.009573

[0m   [0mAggregate  (cost=814.47..814.48 rows=1 width=0)
   ->  Seq Scan on clicks  (cost=0.00..814.46 rows=2 width=0)
         Filter: (listing_id = 113225)
[0m
  [4;36;1mSQL (8.8ms)[0m   [0;1mSELECT count(*) AS count_all FROM "clicks" WHERE ("clicks".listing_id = 113226) [0m
  [4;35;1mAnalyzing  Execution Time: 0.009061

[0m   [0mAggregate  (cost=814.47..814.48 rows=1 width=0)
   ->  Seq Scan on clicks  (cost=0.00..814.46 rows=2 width=0)
         Filter: (listing_id = 113226)
[0m
  [4;36;1mSQL (4.4ms)[0m   [0;1mSELECT count(*) AS count_all FROM "listings" WHERE ("listings".user_id = 25503) [0m
  [4;35;1mAnalyzing  Execution Time: 0.004663

[0m   [0mAggregate  (cost=1615.81..1615.82 rows=1 width=0)
   ->  Index Scan using index_listings_on_id_and_user_id_and_title on listings  (cost=0.00..1615.79 rows=4 width=0)
         Index Cond: (user_id = 25503)
[0m
  [4;36;1mListing Load (3.7ms)[0m   [0;1mSELECT * FROM "listings" WHERE ("listings".user_id = 25503) [0m
  [4;35;1mAnalyzing Listing Load Execution Time: 0.004859

[0m   [0mIndex Scan using index_listings_on_id_and_user_id_and_title on listings  (cost=0.00..1615.79 rows=4 width=1172)
   Index Cond: (user_id = 25503)
[0m
  [4;36;1mSQL (147.4ms)[0m   [0;1mSELECT count(*) AS count_all FROM "impressions" WHERE ("impressions".listing_id = 68942) [0m
  [4;35;1mAnalyzing  Execution Time: 0.147638

[0m   [0mAggregate  (cost=12714.08..12714.09 rows=1 width=0)
   ->  Seq Scan on impressions  (cost=0.00..12714.00 rows=31 width=0)
         Filter: (listing_id = 68942)
[0m
  [4;36;1mSQL (147.9ms)[0m   [0;1mSELECT count(*) AS count_all FROM "impressions" WHERE ("impressions".listing_id = 89756) [0m
  [4;35;1mAnalyzing  Execution Time: 0.148203

[0m   [0mAggregate  (cost=12714.08..12714.09 rows=1 width=0)
   ->  Seq Scan on impressions  (cost=0.00..12714.00 rows=31 width=0)
         Filter: (listing_id = 89756)
[0m
  [4;36;1mSQL (10.3ms)[0m   [0;1mSELECT count(*) AS count_all FROM "clicks" WHERE ("clicks".listing_id = 68942) [0m
  [4;35;1mAnalyzing  Execution Time: 0.010549

[0m   [0mAggregate  (cost=814.47..814.48 rows=1 width=0)
   ->  Seq Scan on clicks  (cost=0.00..814.46 rows=2 width=0)
         Filter: (listing_id = 68942)
[0m
  [4;36;1mSQL (8.8ms)[0m   [0;1mSELECT count(*) AS count_all FROM "clicks" WHERE ("clicks".listing_id = 89756) [0m
  [4;35;1mAnalyzing  Execution Time: 0.009087

[0m   [0mAggregate  (cost=814.47..814.48 rows=1 width=0)
   ->  Seq Scan on clicks  (cost=0.00..814.46 rows=2 width=0)
         Filter: (listing_id = 89756)
[0m
  [4;36;1mSQL (2.1ms)[0m   [0;1mSELECT count(*) AS count_all FROM "listings" WHERE ("listings".user_id = 25501) [0m
  [4;35;1mAnalyzing  Execution Time: 0.002381

[0m   [0mAggregate  (cost=1615.81..1615.82 rows=1 width=0)
   ->  Index Scan using index_listings_on_id_and_user_id_and_title on listings  (cost=0.00..1615.79 rows=4 width=0)
         Index Cond: (user_id = 25501)
[0m
  [4;36;1mListing Load (3.2ms)[0m   [0;1mSELECT * FROM "listings" WHERE ("listings".user_id = 25501) [0m
  [4;35;1mAnalyzing Listing Load Execution Time: 0.004026

[0m   [0mIndex Scan using index_listings_on_id_and_user_id_and_title on listings  (cost=0.00..1615.79 rows=4 width=1172)
   Index Cond: (user_id = 25501)
[0m
  [4;36;1mSQL (151.2ms)[0m   [0;1mSELECT count(*) AS count_all FROM "impressions" WHERE ("impressions".listing_id = 113150) [0m
  [4;35;1mAnalyzing  Execution Time: 0.151438

[0m   [0mAggregate  (cost=12714.08..12714.09 rows=1 width=0)
   ->  Seq Scan on impressions  (cost=0.00..12714.00 rows=31 width=0)
         Filter: (listing_id = 113150)
[0m
  [4;36;1mSQL (9.8ms)[0m   [0;1mSELECT count(*) AS count_all FROM "clicks" WHERE ("clicks".listing_id = 113150) [0m
  [4;35;1mAnalyzing  Execution Time: 0.010125

[0m   [0mAggregate  (cost=814.47..814.48 rows=1 width=0)
   ->  Seq Scan on clicks  (cost=0.00..814.46 rows=2 width=0)
         Filter: (listing_id = 113150)
[0m
  [4;36;1mSQL (2.6ms)[0m   [0;1mSELECT count(*) AS count_all FROM "listings" WHERE ("listings".user_id = 25502) [0m
  [4;35;1mAnalyzing  Execution Time: 0.002879

[0m   [0mAggregate  (cost=1615.81..1615.82 rows=1 width=0)
   ->  Index Scan using index_listings_on_id_and_user_id_and_title on listings  (cost=0.00..1615.79 rows=4 width=0)
         Index Cond: (user_id = 25502)
[0m
  [4;36;1mListing Load (2.7ms)[0m   [0;1mSELECT * FROM "listings" WHERE ("listings".user_id = 25502) [0m
  [4;35;1mAnalyzing Listing Load Execution Time: 0.01998

[0m   [0mIndex Scan using index_listings_on_id_and_user_id_and_title on listings  (cost=0.00..1615.79 rows=4 width=1172)
   Index Cond: (user_id = 25502)
[0m
  [4;36;1mSQL (140.7ms)[0m   [0;1mSELECT count(*) AS count_all FROM "impressions" WHERE ("impressions".listing_id = 66653) [0m
  [4;35;1mAnalyzing  Execution Time: 0.140943

[0m   [0mAggregate  (cost=12714.08..12714.09 rows=1 width=0)
   ->  Seq Scan on impressions  (cost=0.00..12714.00 rows=31 width=0)
         Filter: (listing_id = 66653)
[0m
  [4;36;1mSQL (137.8ms)[0m   [0;1mSELECT count(*) AS count_all FROM "impressions" WHERE ("impressions".listing_id = 71716) [0m
  [4;35;1mAnalyzing  Execution Time: 0.138172

[0m   [0mAggregate  (cost=12714.08..12714.09 rows=1 width=0)
   ->  Seq Scan on impressions  (cost=0.00..12714.00 rows=31 width=0)
         Filter: (listing_id = 71716)
[0m
  [4;36;1mSQL (143.7ms)[0m   [0;1mSELECT count(*) AS count_all FROM "impressions" WHERE ("impressions".listing_id = 71717) [0m
  [4;35;1mAnalyzing  Execution Time: 0.144165

[0m   [0mAggregate  (cost=12714.08..12714.09 rows=1 width=0)
   ->  Seq Scan on impressions  (cost=0.00..12714.00 rows=31 width=0)
         Filter: (listing_id = 71717)
[0m
  [4;36;1mSQL (146.2ms)[0m   [0;1mSELECT count(*) AS count_all FROM "impressions" WHERE ("impressions".listing_id = 74709) [0m
  [4;35;1mAnalyzing  Execution Time: 0.146472

[0m   [0mAggregate  (cost=12714.08..12714.09 rows=1 width=0)
   ->  Seq Scan on impressions  (cost=0.00..12714.00 rows=31 width=0)
         Filter: (listing_id = 74709)
[0m
  [4;36;1mSQL (143.2ms)[0m   [0;1mSELECT count(*) AS count_all FROM "impressions" WHERE ("impressions".listing_id = 74710) [0m
  [4;35;1mAnalyzing  Execution Time: 0.143431

[0m   [0mAggregate  (cost=12714.08..12714.09 rows=1 width=0)
   ->  Seq Scan on impressions  (cost=0.00..12714.00 rows=31 width=0)
         Filter: (listing_id = 74710)
[0m
  [4;36;1mSQL (143.8ms)[0m   [0;1mSELECT count(*) AS count_all FROM "impressions" WHERE ("impressions".listing_id = 74711) [0m
  [4;35;1mAnalyzing  Execution Time: 0.144051

[0m   [0mAggregate  (cost=12714.08..12714.09 rows=1 width=0)
   ->  Seq Scan on impressions  (cost=0.00..12714.00 rows=31 width=0)
         Filter: (listing_id = 74711)
[0m
  [4;36;1mSQL (148.3ms)[0m   [0;1mSELECT count(*) AS count_all FROM "impressions" WHERE ("impressions".listing_id = 76730) [0m
  [4;35;1mAnalyzing  Execution Time: 0.148514

[0m   [0mAggregate  (cost=12714.08..12714.09 rows=1 width=0)
   ->  Seq Scan on impressions  (cost=0.00..12714.00 rows=31 width=0)
         Filter: (listing_id = 76730)
[0m
  [4;36;1mSQL (151.8ms)[0m   [0;1mSELECT count(*) AS count_all FROM "impressions" WHERE ("impressions".listing_id = 76731) [0m
  [4;35;1mAnalyzing  Execution Time: 0.15208

[0m   [0mAggregate  (cost=12714.08..12714.09 rows=1 width=0)
   ->  Seq Scan on impressions  (cost=0.00..12714.00 rows=31 width=0)
         Filter: (listing_id = 76731)
[0m
  [4;36;1mSQL (182.8ms)[0m   [0;1mSELECT count(*) AS count_all FROM "impressions" WHERE ("impressions".listing_id = 76732) [0m
  [4;35;1mAnalyzing  Execution Time: 0.183048

[0m   [0mAggregate  (cost=12714.08..12714.09 rows=1 width=0)
   ->  Seq Scan on impressions  (cost=0.00..12714.00 rows=31 width=0)
         Filter: (listing_id = 76732)
[0m
  [4;36;1mSQL (177.7ms)[0m   [0;1mSELECT count(*) AS count_all FROM "impressions" WHERE ("impressions".listing_id = 76733) [0m
  [4;35;1mAnalyzing  Execution Time: 0.177929

[0m   [0mAggregate  (cost=12714.08..12714.09 rows=1 width=0)
   ->  Seq Scan on impressions  (cost=0.00..12714.00 rows=31 width=0)
         Filter: (listing_id = 76733)
[0m
  [4;36;1mSQL (150.7ms)[0m   [0;1mSELECT count(*) AS count_all FROM "impressions" WHERE ("impressions".listing_id = 76734) [0m
  [4;35;1mAnalyzing  Execution Time: 0.150999

[0m   [0mAggregate  (cost=12714.08..12714.09 rows=1 width=0)
   ->  Seq Scan on impressions  (cost=0.00..12714.00 rows=31 width=0)
         Filter: (listing_id = 76734)
[0m
  [4;36;1mSQL (146.7ms)[0m   [0;1mSELECT count(*) AS count_all FROM "impressions" WHERE ("impressions".listing_id = 76735) [0m
  [4;35;1mAnalyzing  Execution Time: 0.146979

[0m   [0mAggregate  (cost=12714.08..12714.09 rows=1 width=0)
   ->  Seq Scan on impressions  (cost=0.00..12714.00 rows=31 width=0)
         Filter: (listing_id = 76735)
[0m
  [4;36;1mSQL (177.5ms)[0m   [0;1mSELECT count(*) AS count_all FROM "impressions" WHERE ("impressions".listing_id = 76736) [0m
  [4;35;1mAnalyzing  Execution Time: 0.177729

[0m   [0mAggregate  (cost=12714.08..12714.09 rows=1 width=0)
   ->  Seq Scan on impressions  (cost=0.00..12714.00 rows=31 width=0)
         Filter: (listing_id = 76736)
[0m
  [4;36;1mSQL (145.8ms)[0m   [0;1mSELECT count(*) AS count_all FROM "impressions" WHERE ("impressions".listing_id = 76737) [0m
  [4;35;1mAnalyzing  Execution Time: 0.146025

[0m   [0mAggregate  (cost=12714.08..12714.09 rows=1 width=0)
   ->  Seq Scan on impressions  (cost=0.00..12714.00 rows=31 width=0)
         Filter: (listing_id = 76737)
[0m
  [4;36;1mSQL (145.7ms)[0m   [0;1mSELECT count(*) AS count_all FROM "impressions" WHERE ("impressions".listing_id = 76738) [0m
  [4;35;1mAnalyzing  Execution Time: 0.146093

[0m   [0mAggregate  (cost=12714.08..12714.09 rows=1 width=0)
   ->  Seq Scan on impressions  (cost=0.00..12714.00 rows=31 width=0)
         Filter: (listing_id = 76738)
[0m
  [4;36;1mSQL (149.9ms)[0m   [0;1mSELECT count(*) AS count_all FROM "impressions" WHERE ("impressions".listing_id = 76739) [0m
  [4;35;1mAnalyzing  Execution Time: 0.150141

[0m   [0mAggregate  (cost=12714.08..12714.09 rows=1 width=0)
   ->  Seq Scan on impressions  (cost=0.00..12714.00 rows=31 width=0)
         Filter: (listing_id = 76739)
[0m
  [4;36;1mSQL (146.6ms)[0m   [0;1mSELECT count(*) AS count_all FROM "impressions" WHERE ("impressions".listing_id = 76740) [0m
  [4;35;1mAnalyzing  Execution Time: 0.146881

[0m   [0mAggregate  (cost=12714.08..12714.09 rows=1 width=0)
   ->  Seq Scan on impressions  (cost=0.00..12714.00 rows=31 width=0)
         Filter: (listing_id = 76740)
[0m
  [4;36;1mSQL (142.9ms)[0m   [0;1mSELECT count(*) AS count_all FROM "impressions" WHERE ("impressions".listing_id = 76741) [0m
  [4;35;1mAnalyzing  Execution Time: 0.143164

[0m   [0mAggregate  (cost=12714.08..12714.09 rows=1 width=0)
   ->  Seq Scan on impressions  (cost=0.00..12714.00 rows=31 width=0)
         Filter: (listing_id = 76741)
[0m
  [4;36;1mSQL (144.2ms)[0m   [0;1mSELECT count(*) AS count_all FROM "impressions" WHERE ("impressions".listing_id = 76742) [0m
  [4;35;1mAnalyzing  Execution Time: 0.144444

[0m   [0mAggregate  (cost=12714.08..12714.09 rows=1 width=0)
   ->  Seq Scan on impressions  (cost=0.00..12714.00 rows=31 width=0)
         Filter: (listing_id = 76742)
[0m
  [4;36;1mSQL (142.1ms)[0m   [0;1mSELECT count(*) AS count_all FROM "impressions" WHERE ("impressions".listing_id = 76743) [0m
  [4;35;1mAnalyzing  Execution Time: 0.142382

[0m   [0mAggregate  (cost=12714.08..12714.09 rows=1 width=0)
   ->  Seq Scan on impressions  (cost=0.00..12714.00 rows=31 width=0)
         Filter: (listing_id = 76743)
[0m
  [4;36;1mSQL (170.1ms)[0m   [0;1mSELECT count(*) AS count_all FROM "impressions" WHERE ("impressions".listing_id = 76744) [0m
  [4;35;1mAnalyzing  Execution Time: 0.170685

[0m   [0mAggregate  (cost=12714.08..12714.09 rows=1 width=0)
   ->  Seq Scan on impressions  (cost=0.00..12714.00 rows=31 width=0)
         Filter: (listing_id = 76744)
[0m
  [4;36;1mSQL (161.2ms)[0m   [0;1mSELECT count(*) AS count_all FROM "impressions" WHERE ("impressions".listing_id = 76745) [0m
  [4;35;1mAnalyzing  Execution Time: 0.161469

[0m   [0mAggregate  (cost=12714.08..12714.09 rows=1 width=0)
   ->  Seq Scan on impressions  (cost=0.00..12714.00 rows=31 width=0)
         Filter: (listing_id = 76745)
[0m
  [4;36;1mSQL (145.6ms)[0m   [0;1mSELECT count(*) AS count_all FROM "impressions" WHERE ("impressions".listing_id = 76746) [0m
  [4;35;1mAnalyzing  Execution Time: 0.145899

[0m   [0mAggregate  (cost=12714.08..12714.09 rows=1 width=0)
   ->  Seq Scan on impressions  (cost=0.00..12714.00 rows=31 width=0)
         Filter: (listing_id = 76746)
[0m
  [4;36;1mSQL (144.5ms)[0m   [0;1mSELECT count(*) AS count_all FROM "impressions" WHERE ("impressions".listing_id = 76747) [0m
  [4;35;1mAnalyzing  Execution Time: 0.144713

[0m   [0mAggregate  (cost=12714.08..12714.09 rows=1 width=0)
   ->  Seq Scan on impressions  (cost=0.00..12714.00 rows=31 width=0)
         Filter: (listing_id = 76747)
[0m
  [4;36;1mSQL (137.2ms)[0m   [0;1mSELECT count(*) AS count_all FROM "impressions" WHERE ("impressions".listing_id = 76748) [0m
  [4;35;1mAnalyzing  Execution Time: 0.137443

[0m   [0mAggregate  (cost=12714.08..12714.09 rows=1 width=0)
   ->  Seq Scan on impressions  (cost=0.00..12714.00 rows=31 width=0)
         Filter: (listing_id = 76748)
[0m
  [4;36;1mSQL (143.9ms)[0m   [0;1mSELECT count(*) AS count_all FROM "impressions" WHERE ("impressions".listing_id = 76749) [0m
  [4;35;1mAnalyzing  Execution Time: 0.144578

[0m   [0mAggregate  (cost=12714.08..12714.09 rows=1 width=0)
   ->  Seq Scan on impressions  (cost=0.00..12714.00 rows=31 width=0)
         Filter: (listing_id = 76749)
[0m
  [4;36;1mSQL (143.1ms)[0m   [0;1mSELECT count(*) AS count_all FROM "impressions" WHERE ("impressions".listing_id = 76750) [0m
  [4;35;1mAnalyzing  Execution Time: 0.277391

[0m   [0mAggregate  (cost=12714.08..12714.09 rows=1 width=0)
   ->  Seq Scan on impressions  (cost=0.00..12714.00 rows=31 width=0)
         Filter: (listing_id = 76750)
[0m
  [4;36;1mSQL (186.1ms)[0m   [0;1mSELECT count(*) AS count_all FROM "impressions" WHERE ("impressions".listing_id = 76751) [0m
  [4;35;1mAnalyzing  Execution Time: 0.186352

[0m   [0mAggregate  (cost=12714.08..12714.09 rows=1 width=0)
   ->  Seq Scan on impressions  (cost=0.00..12714.00 rows=31 width=0)
         Filter: (listing_id = 76751)
[0m
  [4;36;1mSQL (222.5ms)[0m   [0;1mSELECT count(*) AS count_all FROM "impressions" WHERE ("impressions".listing_id = 76752) [0m
  [4;35;1mAnalyzing  Execution Time: 0.222771

[0m   [0mAggregate  (cost=12714.08..12714.09 rows=1 width=0)
   ->  Seq Scan on impressions  (cost=0.00..12714.00 rows=31 width=0)
         Filter: (listing_id = 76752)
[0m
  [4;36;1mSQL (164.6ms)[0m   [0;1mSELECT count(*) AS count_all FROM "impressions" WHERE ("impressions".listing_id = 76753) [0m
  [4;35;1mAnalyzing  Execution Time: 0.165318

[0m   [0mAggregate  (cost=12714.08..12714.09 rows=1 width=0)
   ->  Seq Scan on impressions  (cost=0.00..12714.00 rows=31 width=0)
         Filter: (listing_id = 76753)
[0m
  [4;36;1mSQL (157.8ms)[0m   [0;1mSELECT count(*) AS count_all FROM "impressions" WHERE ("impressions".listing_id = 76754) [0m
  [4;35;1mAnalyzing  Execution Time: 0.158206

[0m   [0mAggregate  (cost=12714.08..12714.09 rows=1 width=0)
   ->  Seq Scan on impressions  (cost=0.00..12714.00 rows=31 width=0)
         Filter: (listing_id = 76754)
[0m
  [4;36;1mSQL (183.8ms)[0m   [0;1mSELECT count(*) AS count_all FROM "impressions" WHERE ("impressions".listing_id = 76755) [0m
  [4;35;1mAnalyzing  Execution Time: 0.184053

[0m   [0mAggregate  (cost=12714.08..12714.09 rows=1 width=0)
   ->  Seq Scan on impressions  (cost=0.00..12714.00 rows=31 width=0)
         Filter: (listing_id = 76755)
[0m
  [4;36;1mSQL (152.1ms)[0m   [0;1mSELECT count(*) AS count_all FROM "impressions" WHERE ("impressions".listing_id = 76756) [0m
  [4;35;1mAnalyzing  Execution Time: 0.152365

[0m   [0mAggregate  (cost=12714.08..12714.09 rows=1 width=0)
   ->  Seq Scan on impressions  (cost=0.00..12714.00 rows=31 width=0)
         Filter: (listing_id = 76756)
[0m
  [4;36;1mSQL (144.3ms)[0m   [0;1mSELECT count(*) AS count_all FROM "impressions" WHERE ("impressions".listing_id = 76757) [0m
  [4;35;1mAnalyzing  Execution Time: 0.14459

[0m   [0mAggregate  (cost=12714.08..12714.09 rows=1 width=0)
   ->  Seq Scan on impressions  (cost=0.00..12714.00 rows=31 width=0)
         Filter: (listing_id = 76757)
[0m
  [4;36;1mSQL (195.7ms)[0m   [0;1mSELECT count(*) AS count_all FROM "impressions" WHERE ("impressions".listing_id = 76758) [0m
  [4;35;1mAnalyzing  Execution Time: 0.19592

[0m   [0mAggregate  (cost=12714.08..12714.09 rows=1 width=0)
   ->  Seq Scan on impressions  (cost=0.00..12714.00 rows=31 width=0)
         Filter: (listing_id = 76758)
[0m
  [4;36;1mSQL (155.7ms)[0m   [0;1mSELECT count(*) AS count_all FROM "impressions" WHERE ("impressions".listing_id = 76759) [0m
  [4;35;1mAnalyzing  Execution Time: 0.156015

[0m   [0mAggregate  (cost=12714.08..12714.09 rows=1 width=0)
   ->  Seq Scan on impressions  (cost=0.00..12714.00 rows=31 width=0)
         Filter: (listing_id = 76759)
[0m
  [4;36;1mSQL (148.0ms)[0m   [0;1mSELECT count(*) AS count_all FROM "impressions" WHERE ("impressions".listing_id = 76760) [0m
  [4;35;1mAnalyzing  Execution Time: 0.148292

[0m   [0mAggregate  (cost=12714.08..12714.09 rows=1 width=0)
   ->  Seq Scan on impressions  (cost=0.00..12714.00 rows=31 width=0)
         Filter: (listing_id = 76760)
[0m
  [4;36;1mSQL (148.3ms)[0m   [0;1mSELECT count(*) AS count_all FROM "impressions" WHERE ("impressions".listing_id = 76761) [0m
  [4;35;1mAnalyzing  Execution Time: 0.148606

[0m   [0mAggregate  (cost=12714.08..12714.09 rows=1 width=0)
   ->  Seq Scan on impressions  (cost=0.00..12714.00 rows=31 width=0)
         Filter: (listing_id = 76761)
[0m
  [4;36;1mSQL (140.5ms)[0m   [0;1mSELECT count(*) AS count_all FROM "impressions" WHERE ("impressions".listing_id = 76762) [0m
  [4;35;1mAnalyzing  Execution Time: 0.140808

[0m   [0mAggregate  (cost=12714.08..12714.09 rows=1 width=0)
   ->  Seq Scan on impressions  (cost=0.00..12714.00 rows=31 width=0)
         Filter: (listing_id = 76762)
[0m
  [4;36;1mSQL (144.3ms)[0m   [0;1mSELECT count(*) AS count_all FROM "impressions" WHERE ("impressions".listing_id = 76763) [0m
  [4;35;1mAnalyzing  Execution Time: 0.144635

[0m   [0mAggregate  (cost=12714.08..12714.09 rows=1 width=0)
   ->  Seq Scan on impressions  (cost=0.00..12714.00 rows=31 width=0)
         Filter: (listing_id = 76763)
[0m
  [4;36;1mSQL (144.7ms)[0m   [0;1mSELECT count(*) AS count_all FROM "impressions" WHERE ("impressions".listing_id = 76764) [0m
  [4;35;1mAnalyzing  Execution Time: 0.144936

[0m   [0mAggregate  (cost=12714.08..12714.09 rows=1 width=0)
   ->  Seq Scan on impressions  (cost=0.00..12714.00 rows=31 width=0)
         Filter: (listing_id = 76764)
[0m
  [4;36;1mSQL (140.5ms)[0m   [0;1mSELECT count(*) AS count_all FROM "impressions" WHERE ("impressions".listing_id = 82285) [0m
  [4;35;1mAnalyzing  Execution Time: 0.140774

[0m   [0mAggregate  (cost=12714.08..12714.09 rows=1 width=0)
   ->  Seq Scan on impressions  (cost=0.00..12714.00 rows=31 width=0)
         Filter: (listing_id = 82285)
[0m
  [4;36;1mSQL (136.7ms)[0m   [0;1mSELECT count(*) AS count_all FROM "impressions" WHERE ("impressions".listing_id = 82286) [0m
  [4;35;1mAnalyzing  Execution Time: 0.137007

[0m   [0mAggregate  (cost=12714.08..12714.09 rows=1 width=0)
   ->  Seq Scan on impressions  (cost=0.00..12714.00 rows=31 width=0)
         Filter: (listing_id = 82286)
[0m
  [4;36;1mSQL (141.6ms)[0m   [0;1mSELECT count(*) AS count_all FROM "impressions" WHERE ("impressions".listing_id = 105952) [0m
  [4;35;1mAnalyzing  Execution Time: 0.141929

[0m   [0mAggregate  (cost=12714.08..12714.09 rows=1 width=0)
   ->  Seq Scan on impressions  (cost=0.00..12714.00 rows=31 width=0)
         Filter: (listing_id = 105952)
[0m
  [4;36;1mSQL (144.6ms)[0m   [0;1mSELECT count(*) AS count_all FROM "impressions" WHERE ("impressions".listing_id = 113151) [0m
  [4;35;1mAnalyzing  Execution Time: 0.144842

[0m   [0mAggregate  (cost=12714.08..12714.09 rows=1 width=0)
   ->  Seq Scan on impressions  (cost=0.00..12714.00 rows=31 width=0)
         Filter: (listing_id = 113151)
[0m
  [4;36;1mSQL (25.7ms)[0m   [0;1mSELECT count(*) AS count_all FROM "clicks" WHERE ("clicks".listing_id = 66653) [0m
  [4;35;1mAnalyzing  Execution Time: 0.025934

[0m   [0mAggregate  (cost=814.47..814.48 rows=1 width=0)
   ->  Seq Scan on clicks  (cost=0.00..814.46 rows=2 width=0)
         Filter: (listing_id = 66653)
[0m
  [4;36;1mSQL (10.1ms)[0m   [0;1mSELECT count(*) AS count_all FROM "clicks" WHERE ("clicks".listing_id = 71716) [0m
  [4;35;1mAnalyzing  Execution Time: 0.010389

[0m   [0mAggregate  (cost=814.47..814.48 rows=1 width=0)
   ->  Seq Scan on clicks  (cost=0.00..814.46 rows=2 width=0)
         Filter: (listing_id = 71716)
[0m
  [4;36;1mSQL (9.5ms)[0m   [0;1mSELECT count(*) AS count_all FROM "clicks" WHERE ("clicks".listing_id = 71717) [0m
  [4;35;1mAnalyzing  Execution Time: 0.009745

[0m   [0mAggregate  (cost=814.47..814.48 rows=1 width=0)
   ->  Seq Scan on clicks  (cost=0.00..814.46 rows=2 width=0)
         Filter: (listing_id = 71717)
[0m
  [4;36;1mSQL (9.1ms)[0m   [0;1mSELECT count(*) AS count_all FROM "clicks" WHERE ("clicks".listing_id = 74709) [0m
  [4;35;1mAnalyzing  Execution Time: 0.009354

[0m   [0mAggregate  (cost=814.47..814.48 rows=1 width=0)
   ->  Seq Scan on clicks  (cost=0.00..814.46 rows=2 width=0)
         Filter: (listing_id = 74709)
[0m
  [4;36;1mSQL (8.5ms)[0m   [0;1mSELECT count(*) AS count_all FROM "clicks" WHERE ("clicks".listing_id = 74710) [0m
  [4;35;1mAnalyzing  Execution Time: 0.008734

[0m   [0mAggregate  (cost=814.47..814.48 rows=1 width=0)
   ->  Seq Scan on clicks  (cost=0.00..814.46 rows=2 width=0)
         Filter: (listing_id = 74710)
[0m
  [4;36;1mSQL (11.0ms)[0m   [0;1mSELECT count(*) AS count_all FROM "clicks" WHERE ("clicks".listing_id = 74711) [0m
  [4;35;1mAnalyzing  Execution Time: 0.011286

[0m   [0mAggregate  (cost=814.47..814.48 rows=1 width=0)
   ->  Seq Scan on clicks  (cost=0.00..814.46 rows=2 width=0)
         Filter: (listing_id = 74711)
[0m
  [4;36;1mSQL (8.4ms)[0m   [0;1mSELECT count(*) AS count_all FROM "clicks" WHERE ("clicks".listing_id = 76730) [0m
  [4;35;1mAnalyzing  Execution Time: 0.008672

[0m   [0mAggregate  (cost=814.47..814.48 rows=1 width=0)
   ->  Seq Scan on clicks  (cost=0.00..814.46 rows=2 width=0)
         Filter: (listing_id = 76730)
[0m
  [4;36;1mSQL (8.4ms)[0m   [0;1mSELECT count(*) AS count_all FROM "clicks" WHERE ("clicks".listing_id = 76731) [0m
  [4;35;1mAnalyzing  Execution Time: 0.008678

[0m   [0mAggregate  (cost=814.47..814.48 rows=1 width=0)
   ->  Seq Scan on clicks  (cost=0.00..814.46 rows=2 width=0)
         Filter: (listing_id = 76731)
[0m
  [4;36;1mSQL (17.2ms)[0m   [0;1mSELECT count(*) AS count_all FROM "clicks" WHERE ("clicks".listing_id = 76732) [0m
  [4;35;1mAnalyzing  Execution Time: 0.017467

[0m   [0mAggregate  (cost=814.47..814.48 rows=1 width=0)
   ->  Seq Scan on clicks  (cost=0.00..814.46 rows=2 width=0)
         Filter: (listing_id = 76732)
[0m
  [4;36;1mSQL (9.9ms)[0m   [0;1mSELECT count(*) AS count_all FROM "clicks" WHERE ("clicks".listing_id = 76733) [0m
  [4;35;1mAnalyzing  Execution Time: 0.010432

[0m   [0mAggregate  (cost=814.47..814.48 rows=1 width=0)
   ->  Seq Scan on clicks  (cost=0.00..814.46 rows=2 width=0)
         Filter: (listing_id = 76733)
[0m
  [4;36;1mSQL (11.0ms)[0m   [0;1mSELECT count(*) AS count_all FROM "clicks" WHERE ("clicks".listing_id = 76734) [0m
  [4;35;1mAnalyzing  Execution Time: 0.011277

[0m   [0mAggregate  (cost=814.47..814.48 rows=1 width=0)
   ->  Seq Scan on clicks  (cost=0.00..814.46 rows=2 width=0)
         Filter: (listing_id = 76734)
[0m
  [4;36;1mSQL (8.9ms)[0m   [0;1mSELECT count(*) AS count_all FROM "clicks" WHERE ("clicks".listing_id = 76735) [0m
  [4;35;1mAnalyzing  Execution Time: 0.009183

[0m   [0mAggregate  (cost=814.47..814.48 rows=1 width=0)
   ->  Seq Scan on clicks  (cost=0.00..814.46 rows=2 width=0)
         Filter: (listing_id = 76735)
[0m
  [4;36;1mSQL (8.5ms)[0m   [0;1mSELECT count(*) AS count_all FROM "clicks" WHERE ("clicks".listing_id = 76736) [0m
  [4;35;1mAnalyzing  Execution Time: 0.008756

[0m   [0mAggregate  (cost=814.47..814.48 rows=1 width=0)
   ->  Seq Scan on clicks  (cost=0.00..814.46 rows=2 width=0)
         Filter: (listing_id = 76736)
[0m
  [4;36;1mSQL (12.5ms)[0m   [0;1mSELECT count(*) AS count_all FROM "clicks" WHERE ("clicks".listing_id = 76737) [0m
  [4;35;1mAnalyzing  Execution Time: 0.012765

[0m   [0mAggregate  (cost=814.47..814.48 rows=1 width=0)
   ->  Seq Scan on clicks  (cost=0.00..814.46 rows=2 width=0)
         Filter: (listing_id = 76737)
[0m
  [4;36;1mSQL (8.7ms)[0m   [0;1mSELECT count(*) AS count_all FROM "clicks" WHERE ("clicks".listing_id = 76738) [0m
  [4;35;1mAnalyzing  Execution Time: 0.008952

[0m   [0mAggregate  (cost=814.47..814.48 rows=1 width=0)
   ->  Seq Scan on clicks  (cost=0.00..814.46 rows=2 width=0)
         Filter: (listing_id = 76738)
[0m
  [4;36;1mSQL (8.4ms)[0m   [0;1mSELECT count(*) AS count_all FROM "clicks" WHERE ("clicks".listing_id = 76739) [0m
  [4;35;1mAnalyzing  Execution Time: 0.008629

[0m   [0mAggregate  (cost=814.47..814.48 rows=1 width=0)
   ->  Seq Scan on clicks  (cost=0.00..814.46 rows=2 width=0)
         Filter: (listing_id = 76739)
[0m
  [4;36;1mSQL (9.7ms)[0m   [0;1mSELECT count(*) AS count_all FROM "clicks" WHERE ("clicks".listing_id = 76740) [0m
  [4;35;1mAnalyzing  Execution Time: 0.009989

[0m   [0mAggregate  (cost=814.47..814.48 rows=1 width=0)
   ->  Seq Scan on clicks  (cost=0.00..814.46 rows=2 width=0)
         Filter: (listing_id = 76740)
[0m
  [4;36;1mSQL (8.4ms)[0m   [0;1mSELECT count(*) AS count_all FROM "clicks" WHERE ("clicks".listing_id = 76741) [0m
  [4;35;1mAnalyzing  Execution Time: 0.008688

[0m   [0mAggregate  (cost=814.47..814.48 rows=1 width=0)
   ->  Seq Scan on clicks  (cost=0.00..814.46 rows=2 width=0)
         Filter: (listing_id = 76741)
[0m
  [4;36;1mSQL (8.3ms)[0m   [0;1mSELECT count(*) AS count_all FROM "clicks" WHERE ("clicks".listing_id = 76742) [0m
  [4;35;1mAnalyzing  Execution Time: 0.008595

[0m   [0mAggregate  (cost=814.47..814.48 rows=1 width=0)
   ->  Seq Scan on clicks  (cost=0.00..814.46 rows=2 width=0)
         Filter: (listing_id = 76742)
[0m
  [4;36;1mSQL (9.5ms)[0m   [0;1mSELECT count(*) AS count_all FROM "clicks" WHERE ("clicks".listing_id = 76743) [0m
  [4;35;1mAnalyzing  Execution Time: 0.009837

[0m   [0mAggregate  (cost=814.47..814.48 rows=1 width=0)
   ->  Seq Scan on clicks  (cost=0.00..814.46 rows=2 width=0)
         Filter: (listing_id = 76743)
[0m
  [4;36;1mSQL (8.4ms)[0m   [0;1mSELECT count(*) AS count_all FROM "clicks" WHERE ("clicks".listing_id = 76744) [0m
  [4;35;1mAnalyzing  Execution Time: 0.008687

[0m   [0mAggregate  (cost=814.47..814.48 rows=1 width=0)
   ->  Seq Scan on clicks  (cost=0.00..814.46 rows=2 width=0)
         Filter: (listing_id = 76744)
[0m
  [4;36;1mSQL (8.4ms)[0m   [0;1mSELECT count(*) AS count_all FROM "clicks" WHERE ("clicks".listing_id = 76745) [0m
  [4;35;1mAnalyzing  Execution Time: 0.008631

[0m   [0mAggregate  (cost=814.47..814.48 rows=1 width=0)
   ->  Seq Scan on clicks  (cost=0.00..814.46 rows=2 width=0)
         Filter: (listing_id = 76745)
[0m
  [4;36;1mSQL (9.4ms)[0m   [0;1mSELECT count(*) AS count_all FROM "clicks" WHERE ("clicks".listing_id = 76746) [0m
  [4;35;1mAnalyzing  Execution Time: 0.009693

[0m   [0mAggregate  (cost=814.47..814.48 rows=1 width=0)
   ->  Seq Scan on clicks  (cost=0.00..814.46 rows=2 width=0)
         Filter: (listing_id = 76746)
[0m
  [4;36;1mSQL (8.6ms)[0m   [0;1mSELECT count(*) AS count_all FROM "clicks" WHERE ("clicks".listing_id = 76747) [0m
  [4;35;1mAnalyzing  Execution Time: 0.008834

[0m   [0mAggregate  (cost=814.47..814.48 rows=1 width=0)
   ->  Seq Scan on clicks  (cost=0.00..814.46 rows=2 width=0)
         Filter: (listing_id = 76747)
[0m
  [4;36;1mSQL (8.3ms)[0m   [0;1mSELECT count(*) AS count_all FROM "clicks" WHERE ("clicks".listing_id = 76748) [0m
  [4;35;1mAnalyzing  Execution Time: 0.008564

[0m   [0mAggregate  (cost=814.47..814.48 rows=1 width=0)
   ->  Seq Scan on clicks  (cost=0.00..814.46 rows=2 width=0)
         Filter: (listing_id = 76748)
[0m
  [4;36;1mSQL (9.6ms)[0m   [0;1mSELECT count(*) AS count_all FROM "clicks" WHERE ("clicks".listing_id = 76749) [0m
  [4;35;1mAnalyzing  Execution Time: 0.009898

[0m   [0mAggregate  (cost=814.47..814.48 rows=1 width=0)
   ->  Seq Scan on clicks  (cost=0.00..814.46 rows=2 width=0)
         Filter: (listing_id = 76749)
[0m
  [4;36;1mSQL (10.7ms)[0m   [0;1mSELECT count(*) AS count_all FROM "clicks" WHERE ("clicks".listing_id = 76750) [0m
  [4;35;1mAnalyzing  Execution Time: 0.010978

[0m   [0mAggregate  (cost=814.47..814.48 rows=1 width=0)
   ->  Seq Scan on clicks  (cost=0.00..814.46 rows=2 width=0)
         Filter: (listing_id = 76750)
[0m
  [4;36;1mSQL (11.3ms)[0m   [0;1mSELECT count(*) AS count_all FROM "clicks" WHERE ("clicks".listing_id = 76751) [0m
  [4;35;1mAnalyzing  Execution Time: 0.011564

[0m   [0mAggregate  (cost=814.47..814.48 rows=1 width=0)
   ->  Seq Scan on clicks  (cost=0.00..814.46 rows=2 width=0)
         Filter: (listing_id = 76751)
[0m
  [4;36;1mSQL (9.1ms)[0m   [0;1mSELECT count(*) AS count_all FROM "clicks" WHERE ("clicks".listing_id = 76752) [0m
  [4;35;1mAnalyzing  Execution Time: 0.009388

[0m   [0mAggregate  (cost=814.47..814.48 rows=1 width=0)
   ->  Seq Scan on clicks  (cost=0.00..814.46 rows=2 width=0)
         Filter: (listing_id = 76752)
[0m
  [4;36;1mSQL (8.4ms)[0m   [0;1mSELECT count(*) AS count_all FROM "clicks" WHERE ("clicks".listing_id = 76753) [0m
  [4;35;1mAnalyzing  Execution Time: 0.008674

[0m   [0mAggregate  (cost=814.47..814.48 rows=1 width=0)
   ->  Seq Scan on clicks  (cost=0.00..814.46 rows=2 width=0)
         Filter: (listing_id = 76753)
[0m
  [4;36;1mSQL (9.6ms)[0m   [0;1mSELECT count(*) AS count_all FROM "clicks" WHERE ("clicks".listing_id = 76754) [0m
  [4;35;1mAnalyzing  Execution Time: 0.010115

[0m   [0mAggregate  (cost=814.47..814.48 rows=1 width=0)
   ->  Seq Scan on clicks  (cost=0.00..814.46 rows=2 width=0)
         Filter: (listing_id = 76754)
[0m
  [4;36;1mSQL (10.3ms)[0m   [0;1mSELECT count(*) AS count_all FROM "clicks" WHERE ("clicks".listing_id = 76755) [0m
  [4;35;1mAnalyzing  Execution Time: 0.010527

[0m   [0mAggregate  (cost=814.47..814.48 rows=1 width=0)
   ->  Seq Scan on clicks  (cost=0.00..814.46 rows=2 width=0)
         Filter: (listing_id = 76755)
[0m
  [4;36;1mSQL (8.6ms)[0m   [0;1mSELECT count(*) AS count_all FROM "clicks" WHERE ("clicks".listing_id = 76756) [0m
  [4;35;1mAnalyzing  Execution Time: 0.008873

[0m   [0mAggregate  (cost=814.47..814.48 rows=1 width=0)
   ->  Seq Scan on clicks  (cost=0.00..814.46 rows=2 width=0)
         Filter: (listing_id = 76756)
[0m
  [4;36;1mSQL (9.8ms)[0m   [0;1mSELECT count(*) AS count_all FROM "clicks" WHERE ("clicks".listing_id = 76757) [0m
  [4;35;1mAnalyzing  Execution Time: 0.010041

[0m   [0mAggregate  (cost=814.47..814.48 rows=1 width=0)
   ->  Seq Scan on clicks  (cost=0.00..814.46 rows=2 width=0)
         Filter: (listing_id = 76757)
[0m
  [4;36;1mSQL (9.1ms)[0m   [0;1mSELECT count(*) AS count_all FROM "clicks" WHERE ("clicks".listing_id = 76758) [0m
  [4;35;1mAnalyzing  Execution Time: 0.009335

[0m   [0mAggregate  (cost=814.47..814.48 rows=1 width=0)
   ->  Seq Scan on clicks  (cost=0.00..814.46 rows=2 width=0)
         Filter: (listing_id = 76758)
[0m
  [4;36;1mSQL (8.6ms)[0m   [0;1mSELECT count(*) AS count_all FROM "clicks" WHERE ("clicks".listing_id = 76759) [0m
  [4;35;1mAnalyzing  Execution Time: 0.008817

[0m   [0mAggregate  (cost=814.47..814.48 rows=1 width=0)
   ->  Seq Scan on clicks  (cost=0.00..814.46 rows=2 width=0)
         Filter: (listing_id = 76759)
[0m
  [4;36;1mSQL (9.5ms)[0m   [0;1mSELECT count(*) AS count_all FROM "clicks" WHERE ("clicks".listing_id = 76760) [0m
  [4;35;1mAnalyzing  Execution Time: 0.009745

[0m   [0mAggregate  (cost=814.47..814.48 rows=1 width=0)
   ->  Seq Scan on clicks  (cost=0.00..814.46 rows=2 width=0)
         Filter: (listing_id = 76760)
[0m
  [4;36;1mSQL (8.7ms)[0m   [0;1mSELECT count(*) AS count_all FROM "clicks" WHERE ("clicks".listing_id = 76761) [0m
  [4;35;1mAnalyzing  Execution Time: 0.008988

[0m   [0mAggregate  (cost=814.47..814.48 rows=1 width=0)
   ->  Seq Scan on clicks  (cost=0.00..814.46 rows=2 width=0)
         Filter: (listing_id = 76761)
[0m
  [4;36;1mSQL (8.5ms)[0m   [0;1mSELECT count(*) AS count_all FROM "clicks" WHERE ("clicks".listing_id = 76762) [0m
  [4;35;1mAnalyzing  Execution Time: 0.008725

[0m   [0mAggregate  (cost=814.47..814.48 rows=1 width=0)
   ->  Seq Scan on clicks  (cost=0.00..814.46 rows=2 width=0)
         Filter: (listing_id = 76762)
[0m
  [4;36;1mSQL (9.4ms)[0m   [0;1mSELECT count(*) AS count_all FROM "clicks" WHERE ("clicks".listing_id = 76763) [0m
  [4;35;1mAnalyzing  Execution Time: 0.009695

[0m   [0mAggregate  (cost=814.47..814.48 rows=1 width=0)
   ->  Seq Scan on clicks  (cost=0.00..814.46 rows=2 width=0)
         Filter: (listing_id = 76763)
[0m
  [4;36;1mSQL (9.0ms)[0m   [0;1mSELECT count(*) AS count_all FROM "clicks" WHERE ("clicks".listing_id = 76764) [0m
  [4;35;1mAnalyzing  Execution Time: 0.009252

[0m   [0mAggregate  (cost=814.47..814.48 rows=1 width=0)
   ->  Seq Scan on clicks  (cost=0.00..814.46 rows=2 width=0)
         Filter: (listing_id = 76764)
[0m
  [4;36;1mSQL (8.7ms)[0m   [0;1mSELECT count(*) AS count_all FROM "clicks" WHERE ("clicks".listing_id = 82285) [0m
  [4;35;1mAnalyzing  Execution Time: 0.008994

[0m   [0mAggregate  (cost=814.47..814.48 rows=1 width=0)
   ->  Seq Scan on clicks  (cost=0.00..814.46 rows=2 width=0)
         Filter: (listing_id = 82285)
[0m
  [4;36;1mSQL (10.0ms)[0m   [0;1mSELECT count(*) AS count_all FROM "clicks" WHERE ("clicks".listing_id = 82286) [0m
  [4;35;1mAnalyzing  Execution Time: 0.010324

[0m   [0mAggregate  (cost=814.47..814.48 rows=1 width=0)
   ->  Seq Scan on clicks  (cost=0.00..814.46 rows=2 width=0)
         Filter: (listing_id = 82286)
[0m
  [4;36;1mSQL (9.0ms)[0m   [0;1mSELECT count(*) AS count_all FROM "clicks" WHERE ("clicks".listing_id = 105952) [0m
  [4;35;1mAnalyzing  Execution Time: 0.009235

[0m   [0mAggregate  (cost=814.47..814.48 rows=1 width=0)
   ->  Seq Scan on clicks  (cost=0.00..814.46 rows=2 width=0)
         Filter: (listing_id = 105952)
[0m
  [4;36;1mSQL (8.4ms)[0m   [0;1mSELECT count(*) AS count_all FROM "clicks" WHERE ("clicks".listing_id = 113151) [0m
  [4;35;1mAnalyzing  Execution Time: 0.00869

[0m   [0mAggregate  (cost=814.47..814.48 rows=1 width=0)
   ->  Seq Scan on clicks  (cost=0.00..814.46 rows=2 width=0)
         Filter: (listing_id = 113151)
[0m
  [4;36;1mSQL (4.1ms)[0m   [0;1mSELECT count(*) AS count_all FROM "listings" WHERE ("listings".user_id = 25500) [0m
  [4;35;1mAnalyzing  Execution Time: 0.004416

[0m   [0mAggregate  (cost=1615.81..1615.82 rows=1 width=0)
   ->  Index Scan using index_listings_on_id_and_user_id_and_title on listings  (cost=0.00..1615.79 rows=4 width=0)
         Index Cond: (user_id = 25500)
[0m
  [4;36;1mListing Load (3.4ms)[0m   [0;1mSELECT * FROM "listings" WHERE ("listings".user_id = 25500) [0m
  [4;35;1mAnalyzing Listing Load Execution Time: 0.004857

[0m   [0mIndex Scan using index_listings_on_id_and_user_id_and_title on listings  (cost=0.00..1615.79 rows=4 width=1172)
   Index Cond: (user_id = 25500)
[0m
  [4;36;1mSQL (141.9ms)[0m   [0;1mSELECT count(*) AS count_all FROM "impressions" WHERE ("impressions".listing_id = 105857) [0m
  [4;35;1mAnalyzing  Execution Time: 0.142192

[0m   [0mAggregate  (cost=12714.08..12714.09 rows=1 width=0)
   ->  Seq Scan on impressions  (cost=0.00..12714.00 rows=31 width=0)
         Filter: (listing_id = 105857)
[0m
  [4;36;1mSQL (140.8ms)[0m   [0;1mSELECT count(*) AS count_all FROM "impressions" WHERE ("impressions".listing_id = 105858) [0m
  [4;35;1mAnalyzing  Execution Time: 0.141075

[0m   [0mAggregate  (cost=12714.08..12714.09 rows=1 width=0)
   ->  Seq Scan on impressions  (cost=0.00..12714.00 rows=31 width=0)
         Filter: (listing_id = 105858)
[0m
  [4;36;1mSQL (9.6ms)[0m   [0;1mSELECT count(*) AS count_all FROM "clicks" WHERE ("clicks".listing_id = 105857) [0m
  [4;35;1mAnalyzing  Execution Time: 0.010224

[0m   [0mAggregate  (cost=814.47..814.48 rows=1 width=0)
   ->  Seq Scan on clicks  (cost=0.00..814.46 rows=2 width=0)
         Filter: (listing_id = 105857)
[0m
  [4;36;1mSQL (8.7ms)[0m   [0;1mSELECT count(*) AS count_all FROM "clicks" WHERE ("clicks".listing_id = 105858) [0m
  [4;35;1mAnalyzing  Execution Time: 0.008938

[0m   [0mAggregate  (cost=814.47..814.48 rows=1 width=0)
   ->  Seq Scan on clicks  (cost=0.00..814.46 rows=2 width=0)
         Filter: (listing_id = 105858)
[0m
  [4;36;1mSQL (2.0ms)[0m   [0;1mSELECT count(*) AS count_all FROM "listings" WHERE ("listings".user_id = 25495) [0m
  [4;35;1mAnalyzing  Execution Time: 0.002252

[0m   [0mAggregate  (cost=1615.81..1615.82 rows=1 width=0)
   ->  Index Scan using index_listings_on_id_and_user_id_and_title on listings  (cost=0.00..1615.79 rows=4 width=0)
         Index Cond: (user_id = 25495)
[0m
  [4;36;1mListing Load (2.1ms)[0m   [0;1mSELECT * FROM "listings" WHERE ("listings".user_id = 25495) [0m
  [4;35;1mAnalyzing Listing Load Execution Time: 0.002811

[0m   [0mIndex Scan using index_listings_on_id_and_user_id_and_title on listings  (cost=0.00..1615.79 rows=4 width=1172)
   Index Cond: (user_id = 25495)
[0m
  [4;36;1mSQL (151.1ms)[0m   [0;1mSELECT count(*) AS count_all FROM "impressions" WHERE ("impressions".listing_id = 110265) [0m
  [4;35;1mAnalyzing  Execution Time: 0.151421

[0m   [0mAggregate  (cost=12714.08..12714.09 rows=1 width=0)
   ->  Seq Scan on impressions  (cost=0.00..12714.00 rows=31 width=0)
         Filter: (listing_id = 110265)
[0m
  [4;36;1mSQL (8.6ms)[0m   [0;1mSELECT count(*) AS count_all FROM "clicks" WHERE ("clicks".listing_id = 110265) [0m
  [4;35;1mAnalyzing  Execution Time: 0.008853

[0m   [0mAggregate  (cost=814.47..814.48 rows=1 width=0)
   ->  Seq Scan on clicks  (cost=0.00..814.46 rows=2 width=0)
         Filter: (listing_id = 110265)
[0m
  [4;36;1mSQL (2.1ms)[0m   [0;1mSELECT count(*) AS count_all FROM "listings" WHERE ("listings".user_id = 25496) [0m
  [4;35;1mAnalyzing  Execution Time: 0.00232

[0m   [0mAggregate  (cost=1615.81..1615.82 rows=1 width=0)
   ->  Index Scan using index_listings_on_id_and_user_id_and_title on listings  (cost=0.00..1615.79 rows=4 width=0)
         Index Cond: (user_id = 25496)
[0m
  [4;36;1mListing Load (1.9ms)[0m   [0;1mSELECT * FROM "listings" WHERE ("listings".user_id = 25496) [0m
  [4;35;1mAnalyzing Listing Load Execution Time: 0.002648

[0m   [0mIndex Scan using index_listings_on_id_and_user_id_and_title on listings  (cost=0.00..1615.79 rows=4 width=1172)
   Index Cond: (user_id = 25496)
[0m
  [4;36;1mSQL (156.9ms)[0m   [0;1mSELECT count(*) AS count_all FROM "impressions" WHERE ("impressions".listing_id = 104521) [0m
  [4;35;1mAnalyzing  Execution Time: 0.157152

[0m   [0mAggregate  (cost=12714.08..12714.09 rows=1 width=0)
   ->  Seq Scan on impressions  (cost=0.00..12714.00 rows=31 width=0)
         Filter: (listing_id = 104521)
[0m
  [4;36;1mSQL (8.6ms)[0m   [0;1mSELECT count(*) AS count_all FROM "clicks" WHERE ("clicks".listing_id = 104521) [0m
  [4;35;1mAnalyzing  Execution Time: 0.008925

[0m   [0mAggregate  (cost=814.47..814.48 rows=1 width=0)
   ->  Seq Scan on clicks  (cost=0.00..814.46 rows=2 width=0)
         Filter: (listing_id = 104521)
[0m
  [4;36;1mSQL (2.8ms)[0m   [0;1mSELECT count(*) AS count_all FROM "listings" WHERE ("listings".user_id = 25497) [0m
  [4;35;1mAnalyzing  Execution Time: 0.003049

[0m   [0mAggregate  (cost=1615.81..1615.82 rows=1 width=0)
   ->  Index Scan using index_listings_on_id_and_user_id_and_title on listings  (cost=0.00..1615.79 rows=4 width=0)
         Index Cond: (user_id = 25497)
[0m
  [4;36;1mListing Load (2.0ms)[0m   [0;1mSELECT * FROM "listings" WHERE ("listings".user_id = 25497) [0m
  [4;35;1mAnalyzing Listing Load Execution Time: 0.002705

[0m   [0mIndex Scan using index_listings_on_id_and_user_id_and_title on listings  (cost=0.00..1615.79 rows=4 width=1172)
   Index Cond: (user_id = 25497)
[0m
  [4;36;1mSQL (166.5ms)[0m   [0;1mSELECT count(*) AS count_all FROM "impressions" WHERE ("impressions".listing_id = 76711) [0m
  [4;35;1mAnalyzing  Execution Time: 0.166742

[0m   [0mAggregate  (cost=12714.08..12714.09 rows=1 width=0)
   ->  Seq Scan on impressions  (cost=0.00..12714.00 rows=31 width=0)
         Filter: (listing_id = 76711)
[0m
  [4;36;1mSQL (9.8ms)[0m   [0;1mSELECT count(*) AS count_all FROM "clicks" WHERE ("clicks".listing_id = 76711) [0m
  [4;35;1mAnalyzing  Execution Time: 0.010086

[0m   [0mAggregate  (cost=814.47..814.48 rows=1 width=0)
   ->  Seq Scan on clicks  (cost=0.00..814.46 rows=2 width=0)
         Filter: (listing_id = 76711)
[0m
  [4;36;1mSQL (2.9ms)[0m   [0;1mSELECT count(*) AS count_all FROM "listings" WHERE ("listings".user_id = 25498) [0m
  [4;35;1mAnalyzing  Execution Time: 0.003169

[0m   [0mAggregate  (cost=1615.81..1615.82 rows=1 width=0)
   ->  Index Scan using index_listings_on_id_and_user_id_and_title on listings  (cost=0.00..1615.79 rows=4 width=0)
         Index Cond: (user_id = 25498)
[0m
  [4;36;1mListing Load (6.1ms)[0m   [0;1mSELECT * FROM "listings" WHERE ("listings".user_id = 25498) [0m
  [4;35;1mAnalyzing Listing Load Execution Time: 0.053504

[0m   [0mIndex Scan using index_listings_on_id_and_user_id_and_title on listings  (cost=0.00..1615.79 rows=4 width=1172)
   Index Cond: (user_id = 25498)
[0m
  [4;36;1mSQL (141.5ms)[0m   [0;1mSELECT count(*) AS count_all FROM "impressions" WHERE ("impressions".listing_id = 64852) [0m
  [4;35;1mAnalyzing  Execution Time: 0.141736

[0m   [0mAggregate  (cost=12714.08..12714.09 rows=1 width=0)
   ->  Seq Scan on impressions  (cost=0.00..12714.00 rows=31 width=0)
         Filter: (listing_id = 64852)
[0m
  [4;36;1mSQL (140.9ms)[0m   [0;1mSELECT count(*) AS count_all FROM "impressions" WHERE ("impressions".listing_id = 66139) [0m
  [4;35;1mAnalyzing  Execution Time: 0.141145

[0m   [0mAggregate  (cost=12714.08..12714.09 rows=1 width=0)
   ->  Seq Scan on impressions  (cost=0.00..12714.00 rows=31 width=0)
         Filter: (listing_id = 66139)
[0m
  [4;36;1mSQL (148.4ms)[0m   [0;1mSELECT count(*) AS count_all FROM "impressions" WHERE ("impressions".listing_id = 66213) [0m
  [4;35;1mAnalyzing  Execution Time: 0.148626

[0m   [0mAggregate  (cost=12714.08..12714.09 rows=1 width=0)
   ->  Seq Scan on impressions  (cost=0.00..12714.00 rows=31 width=0)
         Filter: (listing_id = 66213)
[0m
  [4;36;1mSQL (174.5ms)[0m   [0;1mSELECT count(*) AS count_all FROM "impressions" WHERE ("impressions".listing_id = 66645) [0m
  [4;35;1mAnalyzing  Execution Time: 0.174755

[0m   [0mAggregate  (cost=12714.08..12714.09 rows=1 width=0)
   ->  Seq Scan on impressions  (cost=0.00..12714.00 rows=31 width=0)
         Filter: (listing_id = 66645)
[0m
  [4;36;1mSQL (153.4ms)[0m   [0;1mSELECT count(*) AS count_all FROM "impressions" WHERE ("impressions".listing_id = 66646) [0m
  [4;35;1mAnalyzing  Execution Time: 0.153736

[0m   [0mAggregate  (cost=12714.08..12714.09 rows=1 width=0)
   ->  Seq Scan on impressions  (cost=0.00..12714.00 rows=31 width=0)
         Filter: (listing_id = 66646)
[0m
  [4;36;1mSQL (150.5ms)[0m   [0;1mSELECT count(*) AS count_all FROM "impressions" WHERE ("impressions".listing_id = 67739) [0m
  [4;35;1mAnalyzing  Execution Time: 0.150755

[0m   [0mAggregate  (cost=12714.08..12714.09 rows=1 width=0)
   ->  Seq Scan on impressions  (cost=0.00..12714.00 rows=31 width=0)
         Filter: (listing_id = 67739)
[0m
  [4;36;1mSQL (156.5ms)[0m   [0;1mSELECT count(*) AS count_all FROM "impressions" WHERE ("impressions".listing_id = 67740) [0m
  [4;35;1mAnalyzing  Execution Time: 0.156882

[0m   [0mAggregate  (cost=12714.08..12714.09 rows=1 width=0)
   ->  Seq Scan on impressions  (cost=0.00..12714.00 rows=31 width=0)
         Filter: (listing_id = 67740)
[0m
  [4;36;1mSQL (146.1ms)[0m   [0;1mSELECT count(*) AS count_all FROM "impressions" WHERE ("impressions".listing_id = 69903) [0m
  [4;35;1mAnalyzing  Execution Time: 0.146309

[0m   [0mAggregate  (cost=12714.08..12714.09 rows=1 width=0)
   ->  Seq Scan on impressions  (cost=0.00..12714.00 rows=31 width=0)
         Filter: (listing_id = 69903)
[0m
  [4;36;1mSQL (144.1ms)[0m   [0;1mSELECT count(*) AS count_all FROM "impressions" WHERE ("impressions".listing_id = 70097) [0m
  [4;35;1mAnalyzing  Execution Time: 0.144368

[0m   [0mAggregate  (cost=12714.08..12714.09 rows=1 width=0)
   ->  Seq Scan on impressions  (cost=0.00..12714.00 rows=31 width=0)
         Filter: (listing_id = 70097)
[0m
  [4;36;1mSQL (142.2ms)[0m   [0;1mSELECT count(*) AS count_all FROM "impressions" WHERE ("impressions".listing_id = 71596) [0m
  [4;35;1mAnalyzing  Execution Time: 0.142469

[0m   [0mAggregate  (cost=12714.08..12714.09 rows=1 width=0)
   ->  Seq Scan on impressions  (cost=0.00..12714.00 rows=31 width=0)
         Filter: (listing_id = 71596)
[0m
  [4;36;1mSQL (144.7ms)[0m   [0;1mSELECT count(*) AS count_all FROM "impressions" WHERE ("impressions".listing_id = 71597) [0m
  [4;35;1mAnalyzing  Execution Time: 0.144997

[0m   [0mAggregate  (cost=12714.08..12714.09 rows=1 width=0)
   ->  Seq Scan on impressions  (cost=0.00..12714.00 rows=31 width=0)
         Filter: (listing_id = 71597)
[0m
  [4;36;1mSQL (143.8ms)[0m   [0;1mSELECT count(*) AS count_all FROM "impressions" WHERE ("impressions".listing_id = 71598) [0m
  [4;35;1mAnalyzing  Execution Time: 0.144457

[0m   [0mAggregate  (cost=12714.08..12714.09 rows=1 width=0)
   ->  Seq Scan on impressions  (cost=0.00..12714.00 rows=31 width=0)
         Filter: (listing_id = 71598)
[0m
  [4;36;1mSQL (143.2ms)[0m   [0;1mSELECT count(*) AS count_all FROM "impressions" WHERE ("impressions".listing_id = 71599) [0m
  [4;35;1mAnalyzing  Execution Time: 0.143417

[0m   [0mAggregate  (cost=12714.08..12714.09 rows=1 width=0)
   ->  Seq Scan on impressions  (cost=0.00..12714.00 rows=31 width=0)
         Filter: (listing_id = 71599)
[0m
  [4;36;1mSQL (143.2ms)[0m   [0;1mSELECT count(*) AS count_all FROM "impressions" WHERE ("impressions".listing_id = 71600) [0m
  [4;35;1mAnalyzing  Execution Time: 0.143451

[0m   [0mAggregate  (cost=12714.08..12714.09 rows=1 width=0)
   ->  Seq Scan on impressions  (cost=0.00..12714.00 rows=31 width=0)
         Filter: (listing_id = 71600)
[0m
  [4;36;1mSQL (145.7ms)[0m   [0;1mSELECT count(*) AS count_all FROM "impressions" WHERE ("impressions".listing_id = 71601) [0m
  [4;35;1mAnalyzing  Execution Time: 0.14596

[0m   [0mAggregate  (cost=12714.08..12714.09 rows=1 width=0)
   ->  Seq Scan on impressions  (cost=0.00..12714.00 rows=31 width=0)
         Filter: (listing_id = 71601)
[0m
  [4;36;1mSQL (144.7ms)[0m   [0;1mSELECT count(*) AS count_all FROM "impressions" WHERE ("impressions".listing_id = 71602) [0m
  [4;35;1mAnalyzing  Execution Time: 0.144952

[0m   [0mAggregate  (cost=12714.08..12714.09 rows=1 width=0)
   ->  Seq Scan on impressions  (cost=0.00..12714.00 rows=31 width=0)
         Filter: (listing_id = 71602)
[0m
  [4;36;1mSQL (142.6ms)[0m   [0;1mSELECT count(*) AS count_all FROM "impressions" WHERE ("impressions".listing_id = 71603) [0m
  [4;35;1mAnalyzing  Execution Time: 0.142851

[0m   [0mAggregate  (cost=12714.08..12714.09 rows=1 width=0)
   ->  Seq Scan on impressions  (cost=0.00..12714.00 rows=31 width=0)
         Filter: (listing_id = 71603)
[0m
  [4;36;1mSQL (139.9ms)[0m   [0;1mSELECT count(*) AS count_all FROM "impressions" WHERE ("impressions".listing_id = 71604) [0m
  [4;35;1mAnalyzing  Execution Time: 0.140212

[0m   [0mAggregate  (cost=12714.08..12714.09 rows=1 width=0)
   ->  Seq Scan on impressions  (cost=0.00..12714.00 rows=31 width=0)
         Filter: (listing_id = 71604)
[0m
  [4;36;1mSQL (167.9ms)[0m   [0;1mSELECT count(*) AS count_all FROM "impressions" WHERE ("impressions".listing_id = 71605) [0m
  [4;35;1mAnalyzing  Execution Time: 0.168182

[0m   [0mAggregate  (cost=12714.08..12714.09 rows=1 width=0)
   ->  Seq Scan on impressions  (cost=0.00..12714.00 rows=31 width=0)
         Filter: (listing_id = 71605)
[0m
  [4;36;1mSQL (160.6ms)[0m   [0;1mSELECT count(*) AS count_all FROM "impressions" WHERE ("impressions".listing_id = 71606) [0m
  [4;35;1mAnalyzing  Execution Time: 0.160905

[0m   [0mAggregate  (cost=12714.08..12714.09 rows=1 width=0)
   ->  Seq Scan on impressions  (cost=0.00..12714.00 rows=31 width=0)
         Filter: (listing_id = 71606)
[0m
  [4;36;1mSQL (141.2ms)[0m   [0;1mSELECT count(*) AS count_all FROM "impressions" WHERE ("impressions".listing_id = 71607) [0m
  [4;35;1mAnalyzing  Execution Time: 0.141429

[0m   [0mAggregate  (cost=12714.08..12714.09 rows=1 width=0)
   ->  Seq Scan on impressions  (cost=0.00..12714.00 rows=31 width=0)
         Filter: (listing_id = 71607)
[0m
  [4;36;1mSQL (140.9ms)[0m   [0;1mSELECT count(*) AS count_all FROM "impressions" WHERE ("impressions".listing_id = 71608) [0m
  [4;35;1mAnalyzing  Execution Time: 0.141236

[0m   [0mAggregate  (cost=12714.08..12714.09 rows=1 width=0)
   ->  Seq Scan on impressions  (cost=0.00..12714.00 rows=31 width=0)
         Filter: (listing_id = 71608)
[0m
  [4;36;1mSQL (169.4ms)[0m   [0;1mSELECT count(*) AS count_all FROM "impressions" WHERE ("impressions".listing_id = 71609) [0m
  [4;35;1mAnalyzing  Execution Time: 0.169726

[0m   [0mAggregate  (cost=12714.08..12714.09 rows=1 width=0)
   ->  Seq Scan on impressions  (cost=0.00..12714.00 rows=31 width=0)
         Filter: (listing_id = 71609)
[0m
  [4;36;1mSQL (146.3ms)[0m   [0;1mSELECT count(*) AS count_all FROM "impressions" WHERE ("impressions".listing_id = 71611) [0m
  [4;35;1mAnalyzing  Execution Time: 0.146543

[0m   [0mAggregate  (cost=12714.08..12714.09 rows=1 width=0)
   ->  Seq Scan on impressions  (cost=0.00..12714.00 rows=31 width=0)
         Filter: (listing_id = 71611)
[0m
  [4;36;1mSQL (145.0ms)[0m   [0;1mSELECT count(*) AS count_all FROM "impressions" WHERE ("impressions".listing_id = 71612) [0m
  [4;35;1mAnalyzing  Execution Time: 0.145297

[0m   [0mAggregate  (cost=12714.08..12714.09 rows=1 width=0)
   ->  Seq Scan on impressions  (cost=0.00..12714.00 rows=31 width=0)
         Filter: (listing_id = 71612)
[0m
  [4;36;1mSQL (161.0ms)[0m   [0;1mSELECT count(*) AS count_all FROM "impressions" WHERE ("impressions".listing_id = 71613) [0m
  [4;35;1mAnalyzing  Execution Time: 0.297726

[0m   [0mAggregate  (cost=12714.08..12714.09 rows=1 width=0)
   ->  Seq Scan on impressions  (cost=0.00..12714.00 rows=31 width=0)
         Filter: (listing_id = 71613)
[0m
  [4;36;1mSQL (154.3ms)[0m   [0;1mSELECT count(*) AS count_all FROM "impressions" WHERE ("impressions".listing_id = 71614) [0m
  [4;35;1mAnalyzing  Execution Time: 0.154604

[0m   [0mAggregate  (cost=12714.08..12714.09 rows=1 width=0)
   ->  Seq Scan on impressions  (cost=0.00..12714.00 rows=31 width=0)
         Filter: (listing_id = 71614)
[0m
  [4;36;1mSQL (160.4ms)[0m   [0;1mSELECT count(*) AS count_all FROM "impressions" WHERE ("impressions".listing_id = 71615) [0m
  [4;35;1mAnalyzing  Execution Time: 0.160751

[0m   [0mAggregate  (cost=12714.08..12714.09 rows=1 width=0)
   ->  Seq Scan on impressions  (cost=0.00..12714.00 rows=31 width=0)
         Filter: (listing_id = 71615)
[0m
  [4;36;1mSQL (155.4ms)[0m   [0;1mSELECT count(*) AS count_all FROM "impressions" WHERE ("impressions".listing_id = 71616) [0m
  [4;35;1mAnalyzing  Execution Time: 0.155784

[0m   [0mAggregate  (cost=12714.08..12714.09 rows=1 width=0)
   ->  Seq Scan on impressions  (cost=0.00..12714.00 rows=31 width=0)
         Filter: (listing_id = 71616)
[0m
  [4;36;1mSQL (152.5ms)[0m   [0;1mSELECT count(*) AS count_all FROM "impressions" WHERE ("impressions".listing_id = 71617) [0m
  [4;35;1mAnalyzing  Execution Time: 0.15274

[0m   [0mAggregate  (cost=12714.08..12714.09 rows=1 width=0)
   ->  Seq Scan on impressions  (cost=0.00..12714.00 rows=31 width=0)
         Filter: (listing_id = 71617)
[0m
  [4;36;1mSQL (155.4ms)[0m   [0;1mSELECT count(*) AS count_all FROM "impressions" WHERE ("impressions".listing_id = 71618) [0m
  [4;35;1mAnalyzing  Execution Time: 0.155634

[0m   [0mAggregate  (cost=12714.08..12714.09 rows=1 width=0)
   ->  Seq Scan on impressions  (cost=0.00..12714.00 rows=31 width=0)
         Filter: (listing_id = 71618)
[0m
  [4;36;1mSQL (150.0ms)[0m   [0;1mSELECT count(*) AS count_all FROM "impressions" WHERE ("impressions".listing_id = 71619) [0m
  [4;35;1mAnalyzing  Execution Time: 0.150315

[0m   [0mAggregate  (cost=12714.08..12714.09 rows=1 width=0)
   ->  Seq Scan on impressions  (cost=0.00..12714.00 rows=31 width=0)
         Filter: (listing_id = 71619)
[0m
  [4;36;1mSQL (163.2ms)[0m   [0;1mSELECT count(*) AS count_all FROM "impressions" WHERE ("impressions".listing_id = 71620) [0m
  [4;35;1mAnalyzing  Execution Time: 0.163478

[0m   [0mAggregate  (cost=12714.08..12714.09 rows=1 width=0)
   ->  Seq Scan on impressions  (cost=0.00..12714.00 rows=31 width=0)
         Filter: (listing_id = 71620)
[0m
  [4;36;1mSQL (160.7ms)[0m   [0;1mSELECT count(*) AS count_all FROM "impressions" WHERE ("impressions".listing_id = 71621) [0m
  [4;35;1mAnalyzing  Execution Time: 0.161019

[0m   [0mAggregate  (cost=12714.08..12714.09 rows=1 width=0)
   ->  Seq Scan on impressions  (cost=0.00..12714.00 rows=31 width=0)
         Filter: (listing_id = 71621)
[0m
  [4;36;1mSQL (172.6ms)[0m   [0;1mSELECT count(*) AS count_all FROM "impressions" WHERE ("impressions".listing_id = 71622) [0m
  [4;35;1mAnalyzing  Execution Time: 0.172846

[0m   [0mAggregate  (cost=12714.08..12714.09 rows=1 width=0)
   ->  Seq Scan on impressions  (cost=0.00..12714.00 rows=31 width=0)
         Filter: (listing_id = 71622)
[0m
  [4;36;1mSQL (194.7ms)[0m   [0;1mSELECT count(*) AS count_all FROM "impressions" WHERE ("impressions".listing_id = 72476) [0m
  [4;35;1mAnalyzing  Execution Time: 0.194957

[0m   [0mAggregate  (cost=12714.08..12714.09 rows=1 width=0)
   ->  Seq Scan on impressions  (cost=0.00..12714.00 rows=31 width=0)
         Filter: (listing_id = 72476)
[0m
  [4;36;1mSQL (186.1ms)[0m   [0;1mSELECT count(*) AS count_all FROM "impressions" WHERE ("impressions".listing_id = 72477) [0m
  [4;35;1mAnalyzing  Execution Time: 0.18637

[0m   [0mAggregate  (cost=12714.08..12714.09 rows=1 width=0)
   ->  Seq Scan on impressions  (cost=0.00..12714.00 rows=31 width=0)
         Filter: (listing_id = 72477)
[0m
  [4;36;1mSQL (152.7ms)[0m   [0;1mSELECT count(*) AS count_all FROM "impressions" WHERE ("impressions".listing_id = 72478) [0m
  [4;35;1mAnalyzing  Execution Time: 0.152973

[0m   [0mAggregate  (cost=12714.08..12714.09 rows=1 width=0)
   ->  Seq Scan on impressions  (cost=0.00..12714.00 rows=31 width=0)
         Filter: (listing_id = 72478)
[0m
  [4;36;1mSQL (154.1ms)[0m   [0;1mSELECT count(*) AS count_all FROM "impressions" WHERE ("impressions".listing_id = 72479) [0m
  [4;35;1mAnalyzing  Execution Time: 0.154378

[0m   [0mAggregate  (cost=12714.08..12714.09 rows=1 width=0)
   ->  Seq Scan on impressions  (cost=0.00..12714.00 rows=31 width=0)
         Filter: (listing_id = 72479)
[0m
  [4;36;1mSQL (154.0ms)[0m   [0;1mSELECT count(*) AS count_all FROM "impressions" WHERE ("impressions".listing_id = 73123) [0m
  [4;35;1mAnalyzing  Execution Time: 0.154225

[0m   [0mAggregate  (cost=12714.08..12714.09 rows=1 width=0)
   ->  Seq Scan on impressions  (cost=0.00..12714.00 rows=31 width=0)
         Filter: (listing_id = 73123)
[0m
  [4;36;1mSQL (139.3ms)[0m   [0;1mSELECT count(*) AS count_all FROM "impressions" WHERE ("impressions".listing_id = 73125) [0m
  [4;35;1mAnalyzing  Execution Time: 0.139603

[0m   [0mAggregate  (cost=12714.08..12714.09 rows=1 width=0)
   ->  Seq Scan on impressions  (cost=0.00..12714.00 rows=31 width=0)
         Filter: (listing_id = 73125)
[0m
  [4;36;1mSQL (141.5ms)[0m   [0;1mSELECT count(*) AS count_all FROM "impressions" WHERE ("impressions".listing_id = 73244) [0m
  [4;35;1mAnalyzing  Execution Time: 0.141813

[0m   [0mAggregate  (cost=12714.08..12714.09 rows=1 width=0)
   ->  Seq Scan on impressions  (cost=0.00..12714.00 rows=31 width=0)
         Filter: (listing_id = 73244)
[0m
  [4;36;1mSQL (215.0ms)[0m   [0;1mSELECT count(*) AS count_all FROM "impressions" WHERE ("impressions".listing_id = 74582) [0m
  [4;35;1mAnalyzing  Execution Time: 0.215342

[0m   [0mAggregate  (cost=12714.08..12714.09 rows=1 width=0)
   ->  Seq Scan on impressions  (cost=0.00..12714.00 rows=31 width=0)
         Filter: (listing_id = 74582)
[0m
  [4;36;1mSQL (168.7ms)[0m   [0;1mSELECT count(*) AS count_all FROM "impressions" WHERE ("impressions".listing_id = 74583) [0m
  [4;35;1mAnalyzing  Execution Time: 0.168961

[0m   [0mAggregate  (cost=12714.08..12714.09 rows=1 width=0)
   ->  Seq Scan on impressions  (cost=0.00..12714.00 rows=31 width=0)
         Filter: (listing_id = 74583)
[0m
  [4;36;1mSQL (160.5ms)[0m   [0;1mSELECT count(*) AS count_all FROM "impressions" WHERE ("impressions".listing_id = 74584) [0m
  [4;35;1mAnalyzing  Execution Time: 0.160767

[0m   [0mAggregate  (cost=12714.08..12714.09 rows=1 width=0)
   ->  Seq Scan on impressions  (cost=0.00..12714.00 rows=31 width=0)
         Filter: (listing_id = 74584)
[0m
  [4;36;1mSQL (172.5ms)[0m   [0;1mSELECT count(*) AS count_all FROM "impressions" WHERE ("impressions".listing_id = 74585) [0m
  [4;35;1mAnalyzing  Execution Time: 0.172786

[0m   [0mAggregate  (cost=12714.08..12714.09 rows=1 width=0)
   ->  Seq Scan on impressions  (cost=0.00..12714.00 rows=31 width=0)
         Filter: (listing_id = 74585)
[0m
  [4;36;1mSQL (218.4ms)[0m   [0;1mSELECT count(*) AS count_all FROM "impressions" WHERE ("impressions".listing_id = 74586) [0m
  [4;35;1mAnalyzing  Execution Time: 0.218649

[0m   [0mAggregate  (cost=12714.08..12714.09 rows=1 width=0)
   ->  Seq Scan on impressions  (cost=0.00..12714.00 rows=31 width=0)
         Filter: (listing_id = 74586)
[0m
  [4;36;1mSQL (158.0ms)[0m   [0;1mSELECT count(*) AS count_all FROM "impressions" WHERE ("impressions".listing_id = 74587) [0m
  [4;35;1mAnalyzing  Execution Time: 0.158255

[0m   [0mAggregate  (cost=12714.08..12714.09 rows=1 width=0)
   ->  Seq Scan on impressions  (cost=0.00..12714.00 rows=31 width=0)
         Filter: (listing_id = 74587)
[0m
  [4;36;1mSQL (156.0ms)[0m   [0;1mSELECT count(*) AS count_all FROM "impressions" WHERE ("impressions".listing_id = 74588) [0m
  [4;35;1mAnalyzing  Execution Time: 0.156234

[0m   [0mAggregate  (cost=12714.08..12714.09 rows=1 width=0)
   ->  Seq Scan on impressions  (cost=0.00..12714.00 rows=31 width=0)
         Filter: (listing_id = 74588)
[0m
  [4;36;1mSQL (153.9ms)[0m   [0;1mSELECT count(*) AS count_all FROM "impressions" WHERE ("impressions".listing_id = 74589) [0m
  [4;35;1mAnalyzing  Execution Time: 0.154126

[0m   [0mAggregate  (cost=12714.08..12714.09 rows=1 width=0)
   ->  Seq Scan on impressions  (cost=0.00..12714.00 rows=31 width=0)
         Filter: (listing_id = 74589)
[0m
  [4;36;1mSQL (155.6ms)[0m   [0;1mSELECT count(*) AS count_all FROM "impressions" WHERE ("impressions".listing_id = 74590) [0m
  [4;35;1mAnalyzing  Execution Time: 0.155903

[0m   [0mAggregate  (cost=12714.08..12714.09 rows=1 width=0)
   ->  Seq Scan on impressions  (cost=0.00..12714.00 rows=31 width=0)
         Filter: (listing_id = 74590)
[0m
  [4;36;1mSQL (150.1ms)[0m   [0;1mSELECT count(*) AS count_all FROM "impressions" WHERE ("impressions".listing_id = 74592) [0m
  [4;35;1mAnalyzing  Execution Time: 0.150419

[0m   [0mAggregate  (cost=12714.08..12714.09 rows=1 width=0)
   ->  Seq Scan on impressions  (cost=0.00..12714.00 rows=31 width=0)
         Filter: (listing_id = 74592)
[0m
  [4;36;1mSQL (166.6ms)[0m   [0;1mSELECT count(*) AS count_all FROM "impressions" WHERE ("impressions".listing_id = 75931) [0m
  [4;35;1mAnalyzing  Execution Time: 0.166848

[0m   [0mAggregate  (cost=12714.08..12714.09 rows=1 width=0)
   ->  Seq Scan on impressions  (cost=0.00..12714.00 rows=31 width=0)
         Filter: (listing_id = 75931)
[0m
  [4;36;1mSQL (151.7ms)[0m   [0;1mSELECT count(*) AS count_all FROM "impressions" WHERE ("impressions".listing_id = 75932) [0m
  [4;35;1mAnalyzing  Execution Time: 0.151986

[0m   [0mAggregate  (cost=12714.08..12714.09 rows=1 width=0)
   ->  Seq Scan on impressions  (cost=0.00..12714.00 rows=31 width=0)
         Filter: (listing_id = 75932)
[0m
  [4;36;1mSQL (160.9ms)[0m   [0;1mSELECT count(*) AS count_all FROM "impressions" WHERE ("impressions".listing_id = 75933) [0m
  [4;35;1mAnalyzing  Execution Time: 0.161122

[0m   [0mAggregate  (cost=12714.08..12714.09 rows=1 width=0)
   ->  Seq Scan on impressions  (cost=0.00..12714.00 rows=31 width=0)
         Filter: (listing_id = 75933)
[0m
  [4;36;1mSQL (146.7ms)[0m   [0;1mSELECT count(*) AS count_all FROM "impressions" WHERE ("impressions".listing_id = 75934) [0m
  [4;35;1mAnalyzing  Execution Time: 0.147038

[0m   [0mAggregate  (cost=12714.08..12714.09 rows=1 width=0)
   ->  Seq Scan on impressions  (cost=0.00..12714.00 rows=31 width=0)
         Filter: (listing_id = 75934)
[0m
  [4;36;1mSQL (154.9ms)[0m   [0;1mSELECT count(*) AS count_all FROM "impressions" WHERE ("impressions".listing_id = 75935) [0m
  [4;35;1mAnalyzing  Execution Time: 0.155176

[0m   [0mAggregate  (cost=12714.08..12714.09 rows=1 width=0)
   ->  Seq Scan on impressions  (cost=0.00..12714.00 rows=31 width=0)
         Filter: (listing_id = 75935)
[0m
  [4;36;1mSQL (144.9ms)[0m   [0;1mSELECT count(*) AS count_all FROM "impressions" WHERE ("impressions".listing_id = 75936) [0m
  [4;35;1mAnalyzing  Execution Time: 0.145189

[0m   [0mAggregate  (cost=12714.08..12714.09 rows=1 width=0)
   ->  Seq Scan on impressions  (cost=0.00..12714.00 rows=31 width=0)
         Filter: (listing_id = 75936)
[0m
  [4;36;1mSQL (152.2ms)[0m   [0;1mSELECT count(*) AS count_all FROM "impressions" WHERE ("impressions".listing_id = 75937) [0m
  [4;35;1mAnalyzing  Execution Time: 0.152442

[0m   [0mAggregate  (cost=12714.08..12714.09 rows=1 width=0)
   ->  Seq Scan on impressions  (cost=0.00..12714.00 rows=31 width=0)
         Filter: (listing_id = 75937)
[0m
  [4;36;1mSQL (156.3ms)[0m   [0;1mSELECT count(*) AS count_all FROM "impressions" WHERE ("impressions".listing_id = 75938) [0m
  [4;35;1mAnalyzing  Execution Time: 0.156513

[0m   [0mAggregate  (cost=12714.08..12714.09 rows=1 width=0)
   ->  Seq Scan on impressions  (cost=0.00..12714.00 rows=31 width=0)
         Filter: (listing_id = 75938)
[0m
  [4;36;1mSQL (146.4ms)[0m   [0;1mSELECT count(*) AS count_all FROM "impressions" WHERE ("impressions".listing_id = 75939) [0m
  [4;35;1mAnalyzing  Execution Time: 0.146648

[0m   [0mAggregate  (cost=12714.08..12714.09 rows=1 width=0)
   ->  Seq Scan on impressions  (cost=0.00..12714.00 rows=31 width=0)
         Filter: (listing_id = 75939)
[0m
  [4;36;1mSQL (185.1ms)[0m   [0;1mSELECT count(*) AS count_all FROM "impressions" WHERE ("impressions".listing_id = 75940) [0m
  [4;35;1mAnalyzing  Execution Time: 0.185634

[0m   [0mAggregate  (cost=12714.08..12714.09 rows=1 width=0)
   ->  Seq Scan on impressions  (cost=0.00..12714.00 rows=31 width=0)
         Filter: (listing_id = 75940)
[0m
  [4;36;1mSQL (185.4ms)[0m   [0;1mSELECT count(*) AS count_all FROM "impressions" WHERE ("impressions".listing_id = 75941) [0m
  [4;35;1mAnalyzing  Execution Time: 0.185632

[0m   [0mAggregate  (cost=12714.08..12714.09 rows=1 width=0)
   ->  Seq Scan on impressions  (cost=0.00..12714.00 rows=31 width=0)
         Filter: (listing_id = 75941)
[0m
  [4;36;1mSQL (149.6ms)[0m   [0;1mSELECT count(*) AS count_all FROM "impressions" WHERE ("impressions".listing_id = 75942) [0m
  [4;35;1mAnalyzing  Execution Time: 0.149909

[0m   [0mAggregate  (cost=12714.08..12714.09 rows=1 width=0)
   ->  Seq Scan on impressions  (cost=0.00..12714.00 rows=31 width=0)
         Filter: (listing_id = 75942)
[0m
  [4;36;1mSQL (154.8ms)[0m   [0;1mSELECT count(*) AS count_all FROM "impressions" WHERE ("impressions".listing_id = 75943) [0m
  [4;35;1mAnalyzing  Execution Time: 0.155067

[0m   [0mAggregate  (cost=12714.08..12714.09 rows=1 width=0)
   ->  Seq Scan on impressions  (cost=0.00..12714.00 rows=31 width=0)
         Filter: (listing_id = 75943)
[0m
  [4;36;1mSQL (156.7ms)[0m   [0;1mSELECT count(*) AS count_all FROM "impressions" WHERE ("impressions".listing_id = 75944) [0m
  [4;35;1mAnalyzing  Execution Time: 0.157002

[0m   [0mAggregate  (cost=12714.08..12714.09 rows=1 width=0)
   ->  Seq Scan on impressions  (cost=0.00..12714.00 rows=31 width=0)
         Filter: (listing_id = 75944)
[0m
  [4;36;1mSQL (160.9ms)[0m   [0;1mSELECT count(*) AS count_all FROM "impressions" WHERE ("impressions".listing_id = 75945) [0m
  [4;35;1mAnalyzing  Execution Time: 0.161219

[0m   [0mAggregate  (cost=12714.08..12714.09 rows=1 width=0)
   ->  Seq Scan on impressions  (cost=0.00..12714.00 rows=31 width=0)
         Filter: (listing_id = 75945)
[0m
  [4;36;1mSQL (154.7ms)[0m   [0;1mSELECT count(*) AS count_all FROM "impressions" WHERE ("impressions".listing_id = 75946) [0m
  [4;35;1mAnalyzing  Execution Time: 0.154979

[0m   [0mAggregate  (cost=12714.08..12714.09 rows=1 width=0)
   ->  Seq Scan on impressions  (cost=0.00..12714.00 rows=31 width=0)
         Filter: (listing_id = 75946)
[0m
  [4;36;1mSQL (176.7ms)[0m   [0;1mSELECT count(*) AS count_all FROM "impressions" WHERE ("impressions".listing_id = 75947) [0m
  [4;35;1mAnalyzing  Execution Time: 0.177011

[0m   [0mAggregate  (cost=12714.08..12714.09 rows=1 width=0)
   ->  Seq Scan on impressions  (cost=0.00..12714.00 rows=31 width=0)
         Filter: (listing_id = 75947)
[0m
  [4;36;1mSQL (153.4ms)[0m   [0;1mSELECT count(*) AS count_all FROM "impressions" WHERE ("impressions".listing_id = 75948) [0m
  [4;35;1mAnalyzing  Execution Time: 0.153706

[0m   [0mAggregate  (cost=12714.08..12714.09 rows=1 width=0)
   ->  Seq Scan on impressions  (cost=0.00..12714.00 rows=31 width=0)
         Filter: (listing_id = 75948)
[0m
  [4;36;1mSQL (220.9ms)[0m   [0;1mSELECT count(*) AS count_all FROM "impressions" WHERE ("impressions".listing_id = 76467) [0m
  [4;35;1mAnalyzing  Execution Time: 0.221231

[0m   [0mAggregate  (cost=12714.08..12714.09 rows=1 width=0)
   ->  Seq Scan on impressions  (cost=0.00..12714.00 rows=31 width=0)
         Filter: (listing_id = 76467)
[0m
  [4;36;1mSQL (153.4ms)[0m   [0;1mSELECT count(*) AS count_all FROM "impressions" WHERE ("impressions".listing_id = 76704) [0m
  [4;35;1mAnalyzing  Execution Time: 0.153652

[0m   [0mAggregate  (cost=12714.08..12714.09 rows=1 width=0)
   ->  Seq Scan on impressions  (cost=0.00..12714.00 rows=31 width=0)
         Filter: (listing_id = 76704)
[0m
  [4;36;1mSQL (149.6ms)[0m   [0;1mSELECT count(*) AS count_all FROM "impressions" WHERE ("impressions".listing_id = 76705) [0m
  [4;35;1mAnalyzing  Execution Time: 0.14988

[0m   [0mAggregate  (cost=12714.08..12714.09 rows=1 width=0)
   ->  Seq Scan on impressions  (cost=0.00..12714.00 rows=31 width=0)
         Filter: (listing_id = 76705)
[0m
  [4;36;1mSQL (154.5ms)[0m   [0;1mSELECT count(*) AS count_all FROM "impressions" WHERE ("impressions".listing_id = 76707) [0m
  [4;35;1mAnalyzing  Execution Time: 0.154715

[0m   [0mAggregate  (cost=12714.08..12714.09 rows=1 width=0)
   ->  Seq Scan on impressions  (cost=0.00..12714.00 rows=31 width=0)
         Filter: (listing_id = 76707)
[0m
  [4;36;1mSQL (170.1ms)[0m   [0;1mSELECT count(*) AS count_all FROM "impressions" WHERE ("impressions".listing_id = 76708) [0m
  [4;35;1mAnalyzing  Execution Time: 0.170412

[0m   [0mAggregate  (cost=12714.08..12714.09 rows=1 width=0)
   ->  Seq Scan on impressions  (cost=0.00..12714.00 rows=31 width=0)
         Filter: (listing_id = 76708)
[0m
  [4;36;1mSQL (156.3ms)[0m   [0;1mSELECT count(*) AS count_all FROM "impressions" WHERE ("impressions".listing_id = 77314) [0m
  [4;35;1mAnalyzing  Execution Time: 0.156593

[0m   [0mAggregate  (cost=12714.08..12714.09 rows=1 width=0)
   ->  Seq Scan on impressions  (cost=0.00..12714.00 rows=31 width=0)
         Filter: (listing_id = 77314)
[0m
  [4;36;1mSQL (149.3ms)[0m   [0;1mSELECT count(*) AS count_all FROM "impressions" WHERE ("impressions".listing_id = 77315) [0m
  [4;35;1mAnalyzing  Execution Time: 0.149559

[0m   [0mAggregate  (cost=12714.08..12714.09 rows=1 width=0)
   ->  Seq Scan on impressions  (cost=0.00..12714.00 rows=31 width=0)
         Filter: (listing_id = 77315)
[0m
  [4;36;1mSQL (163.9ms)[0m   [0;1mSELECT count(*) AS count_all FROM "impressions" WHERE ("impressions".listing_id = 77316) [0m
  [4;35;1mAnalyzing  Execution Time: 0.164194

[0m   [0mAggregate  (cost=12714.08..12714.09 rows=1 width=0)
   ->  Seq Scan on impressions  (cost=0.00..12714.00 rows=31 width=0)
         Filter: (listing_id = 77316)
[0m
  [4;36;1mSQL (140.5ms)[0m   [0;1mSELECT count(*) AS count_all FROM "impressions" WHERE ("impressions".listing_id = 77317) [0m
  [4;35;1mAnalyzing  Execution Time: 0.140768

[0m   [0mAggregate  (cost=12714.08..12714.09 rows=1 width=0)
   ->  Seq Scan on impressions  (cost=0.00..12714.00 rows=31 width=0)
         Filter: (listing_id = 77317)
[0m
  [4;36;1mSQL (150.6ms)[0m   [0;1mSELECT count(*) AS count_all FROM "impressions" WHERE ("impressions".listing_id = 77319) [0m
  [4;35;1mAnalyzing  Execution Time: 0.150838

[0m   [0mAggregate  (cost=12714.08..12714.09 rows=1 width=0)
   ->  Seq Scan on impressions  (cost=0.00..12714.00 rows=31 width=0)
         Filter: (listing_id = 77319)
[0m
  [4;36;1mSQL (172.4ms)[0m   [0;1mSELECT count(*) AS count_all FROM "impressions" WHERE ("impressions".listing_id = 77320) [0m
  [4;35;1mAnalyzing  Execution Time: 0.172673

[0m   [0mAggregate  (cost=12714.08..12714.09 rows=1 width=0)
   ->  Seq Scan on impressions  (cost=0.00..12714.00 rows=31 width=0)
         Filter: (listing_id = 77320)
[0m
  [4;36;1mSQL (149.0ms)[0m   [0;1mSELECT count(*) AS count_all FROM "impressions" WHERE ("impressions".listing_id = 77869) [0m
  [4;35;1mAnalyzing  Execution Time: 0.149278

[0m   [0mAggregate  (cost=12714.08..12714.09 rows=1 width=0)
   ->  Seq Scan on impressions  (cost=0.00..12714.00 rows=31 width=0)
         Filter: (listing_id = 77869)
[0m
  [4;36;1mSQL (136.9ms)[0m   [0;1mSELECT count(*) AS count_all FROM "impressions" WHERE ("impressions".listing_id = 77870) [0m
  [4;35;1mAnalyzing  Execution Time: 0.137156

[0m   [0mAggregate  (cost=12714.08..12714.09 rows=1 width=0)
   ->  Seq Scan on impressions  (cost=0.00..12714.00 rows=31 width=0)
         Filter: (listing_id = 77870)
[0m
  [4;36;1mSQL (146.0ms)[0m   [0;1mSELECT count(*) AS count_all FROM "impressions" WHERE ("impressions".listing_id = 79597) [0m
  [4;35;1mAnalyzing  Execution Time: 0.146275

[0m   [0mAggregate  (cost=12714.08..12714.09 rows=1 width=0)
   ->  Seq Scan on impressions  (cost=0.00..12714.00 rows=31 width=0)
         Filter: (listing_id = 79597)
[0m
  [4;36;1mSQL (139.1ms)[0m   [0;1mSELECT count(*) AS count_all FROM "impressions" WHERE ("impressions".listing_id = 81093) [0m
  [4;35;1mAnalyzing  Execution Time: 0.139321

[0m   [0mAggregate  (cost=12714.08..12714.09 rows=1 width=0)
   ->  Seq Scan on impressions  (cost=0.00..12714.00 rows=31 width=0)
         Filter: (listing_id = 81093)
[0m
  [4;36;1mSQL (145.2ms)[0m   [0;1mSELECT count(*) AS count_all FROM "impressions" WHERE ("impressions".listing_id = 81094) [0m
  [4;35;1mAnalyzing  Execution Time: 0.145433

[0m   [0mAggregate  (cost=12714.08..12714.09 rows=1 width=0)
   ->  Seq Scan on impressions  (cost=0.00..12714.00 rows=31 width=0)
         Filter: (listing_id = 81094)
[0m
  [4;36;1mSQL (137.8ms)[0m   [0;1mSELECT count(*) AS count_all FROM "impressions" WHERE ("impressions".listing_id = 81095) [0m
  [4;35;1mAnalyzing  Execution Time: 0.138125

[0m   [0mAggregate  (cost=12714.08..12714.09 rows=1 width=0)
   ->  Seq Scan on impressions  (cost=0.00..12714.00 rows=31 width=0)
         Filter: (listing_id = 81095)
[0m
  [4;36;1mSQL (157.8ms)[0m   [0;1mSELECT count(*) AS count_all FROM "impressions" WHERE ("impressions".listing_id = 104250) [0m
  [4;35;1mAnalyzing  Execution Time: 0.158045

[0m   [0mAggregate  (cost=12714.08..12714.09 rows=1 width=0)
   ->  Seq Scan on impressions  (cost=0.00..12714.00 rows=31 width=0)
         Filter: (listing_id = 104250)
[0m
  [4;36;1mSQL (144.8ms)[0m   [0;1mSELECT count(*) AS count_all FROM "impressions" WHERE ("impressions".listing_id = 104251) [0m
  [4;35;1mAnalyzing  Execution Time: 0.145026

[0m   [0mAggregate  (cost=12714.08..12714.09 rows=1 width=0)
   ->  Seq Scan on impressions  (cost=0.00..12714.00 rows=31 width=0)
         Filter: (listing_id = 104251)
[0m
  [4;36;1mSQL (175.5ms)[0m   [0;1mSELECT count(*) AS count_all FROM "impressions" WHERE ("impressions".listing_id = 104252) [0m
  [4;35;1mAnalyzing  Execution Time: 0.175824

[0m   [0mAggregate  (cost=12714.08..12714.09 rows=1 width=0)
   ->  Seq Scan on impressions  (cost=0.00..12714.00 rows=31 width=0)
         Filter: (listing_id = 104252)
[0m
  [4;36;1mSQL (164.6ms)[0m   [0;1mSELECT count(*) AS count_all FROM "impressions" WHERE ("impressions".listing_id = 104253) [0m
  [4;35;1mAnalyzing  Execution Time: 0.164933

[0m   [0mAggregate  (cost=12714.08..12714.09 rows=1 width=0)
   ->  Seq Scan on impressions  (cost=0.00..12714.00 rows=31 width=0)
         Filter: (listing_id = 104253)
[0m
  [4;36;1mSQL (152.3ms)[0m   [0;1mSELECT count(*) AS count_all FROM "impressions" WHERE ("impressions".listing_id = 104254) [0m
  [4;35;1mAnalyzing  Execution Time: 0.152557

[0m   [0mAggregate  (cost=12714.08..12714.09 rows=1 width=0)
   ->  Seq Scan on impressions  (cost=0.00..12714.00 rows=31 width=0)
         Filter: (listing_id = 104254)
[0m
  [4;36;1mSQL (162.2ms)[0m   [0;1mSELECT count(*) AS count_all FROM "impressions" WHERE ("impressions".listing_id = 104255) [0m
  [4;35;1mAnalyzing  Execution Time: 0.162437

[0m   [0mAggregate  (cost=12714.08..12714.09 rows=1 width=0)
   ->  Seq Scan on impressions  (cost=0.00..12714.00 rows=31 width=0)
         Filter: (listing_id = 104255)
[0m
  [4;36;1mSQL (170.0ms)[0m   [0;1mSELECT count(*) AS count_all FROM "impressions" WHERE ("impressions".listing_id = 104256) [0m
  [4;35;1mAnalyzing  Execution Time: 0.17027

[0m   [0mAggregate  (cost=12714.08..12714.09 rows=1 width=0)
   ->  Seq Scan on impressions  (cost=0.00..12714.00 rows=31 width=0)
         Filter: (listing_id = 104256)
[0m
  [4;36;1mSQL (155.9ms)[0m   [0;1mSELECT count(*) AS count_all FROM "impressions" WHERE ("impressions".listing_id = 104257) [0m
  [4;35;1mAnalyzing  Execution Time: 0.156164

[0m   [0mAggregate  (cost=12714.08..12714.09 rows=1 width=0)
   ->  Seq Scan on impressions  (cost=0.00..12714.00 rows=31 width=0)
         Filter: (listing_id = 104257)
[0m
  [4;36;1mSQL (136.3ms)[0m   [0;1mSELECT count(*) AS count_all FROM "impressions" WHERE ("impressions".listing_id = 104259) [0m
  [4;35;1mAnalyzing  Execution Time: 0.136864

[0m   [0mAggregate  (cost=12714.08..12714.09 rows=1 width=0)
   ->  Seq Scan on impressions  (cost=0.00..12714.00 rows=31 width=0)
         Filter: (listing_id = 104259)
[0m
  [4;36;1mSQL (135.3ms)[0m   [0;1mSELECT count(*) AS count_all FROM "impressions" WHERE ("impressions".listing_id = 104260) [0m
  [4;35;1mAnalyzing  Execution Time: 0.135584

[0m   [0mAggregate  (cost=12714.08..12714.09 rows=1 width=0)
   ->  Seq Scan on impressions  (cost=0.00..12714.00 rows=31 width=0)
         Filter: (listing_id = 104260)
[0m
  [4;36;1mSQL (152.5ms)[0m   [0;1mSELECT count(*) AS count_all FROM "impressions" WHERE ("impressions".listing_id = 104261) [0m
  [4;35;1mAnalyzing  Execution Time: 0.152782

[0m   [0mAggregate  (cost=12714.08..12714.09 rows=1 width=0)
   ->  Seq Scan on impressions  (cost=0.00..12714.00 rows=31 width=0)
         Filter: (listing_id = 104261)
[0m
  [4;36;1mSQL (140.8ms)[0m   [0;1mSELECT count(*) AS count_all FROM "impressions" WHERE ("impressions".listing_id = 104262) [0m
  [4;35;1mAnalyzing  Execution Time: 0.141051

[0m   [0mAggregate  (cost=12714.08..12714.09 rows=1 width=0)
   ->  Seq Scan on impressions  (cost=0.00..12714.00 rows=31 width=0)
         Filter: (listing_id = 104262)
[0m
  [4;36;1mSQL (201.2ms)[0m   [0;1mSELECT count(*) AS count_all FROM "impressions" WHERE ("impressions".listing_id = 104263) [0m
  [4;35;1mAnalyzing  Execution Time: 0.201522

[0m   [0mAggregate  (cost=12714.08..12714.09 rows=1 width=0)
   ->  Seq Scan on impressions  (cost=0.00..12714.00 rows=31 width=0)
         Filter: (listing_id = 104263)
[0m
  [4;36;1mSQL (148.5ms)[0m   [0;1mSELECT count(*) AS count_all FROM "impressions" WHERE ("impressions".listing_id = 104264) [0m
  [4;35;1mAnalyzing  Execution Time: 0.149122

[0m   [0mAggregate  (cost=12714.08..12714.09 rows=1 width=0)
   ->  Seq Scan on impressions  (cost=0.00..12714.00 rows=31 width=0)
         Filter: (listing_id = 104264)
[0m
  [4;36;1mSQL (138.7ms)[0m   [0;1mSELECT count(*) AS count_all FROM "impressions" WHERE ("impressions".listing_id = 104265) [0m
  [4;35;1mAnalyzing  Execution Time: 0.139011

[0m   [0mAggregate  (cost=12714.08..12714.09 rows=1 width=0)
   ->  Seq Scan on impressions  (cost=0.00..12714.00 rows=31 width=0)
         Filter: (listing_id = 104265)
[0m
  [4;36;1mSQL (137.5ms)[0m   [0;1mSELECT count(*) AS count_all FROM "impressions" WHERE ("impressions".listing_id = 104266) [0m
  [4;35;1mAnalyzing  Execution Time: 0.137728

[0m   [0mAggregate  (cost=12714.08..12714.09 rows=1 width=0)
   ->  Seq Scan on impressions  (cost=0.00..12714.00 rows=31 width=0)
         Filter: (listing_id = 104266)
[0m
  [4;36;1mSQL (138.9ms)[0m   [0;1mSELECT count(*) AS count_all FROM "impressions" WHERE ("impressions".listing_id = 104267) [0m
  [4;35;1mAnalyzing  Execution Time: 0.139186

[0m   [0mAggregate  (cost=12714.08..12714.09 rows=1 width=0)
   ->  Seq Scan on impressions  (cost=0.00..12714.00 rows=31 width=0)
         Filter: (listing_id = 104267)
[0m
  [4;36;1mSQL (144.6ms)[0m   [0;1mSELECT count(*) AS count_all FROM "impressions" WHERE ("impressions".listing_id = 104269) [0m
  [4;35;1mAnalyzing  Execution Time: 0.144874

[0m   [0mAggregate  (cost=12714.08..12714.09 rows=1 width=0)
   ->  Seq Scan on impressions  (cost=0.00..12714.00 rows=31 width=0)
         Filter: (listing_id = 104269)
[0m
  [4;36;1mSQL (147.9ms)[0m   [0;1mSELECT count(*) AS count_all FROM "impressions" WHERE ("impressions".listing_id = 104274) [0m
  [4;35;1mAnalyzing  Execution Time: 0.148129

[0m   [0mAggregate  (cost=12714.08..12714.09 rows=1 width=0)
   ->  Seq Scan on impressions  (cost=0.00..12714.00 rows=31 width=0)
         Filter: (listing_id = 104274)
[0m
  [4;36;1mSQL (145.5ms)[0m   [0;1mSELECT count(*) AS count_all FROM "impressions" WHERE ("impressions".listing_id = 104275) [0m
  [4;35;1mAnalyzing  Execution Time: 0.145725

[0m   [0mAggregate  (cost=12714.08..12714.09 rows=1 width=0)
   ->  Seq Scan on impressions  (cost=0.00..12714.00 rows=31 width=0)
         Filter: (listing_id = 104275)
[0m
  [4;36;1mSQL (177.6ms)[0m   [0;1mSELECT count(*) AS count_all FROM "impressions" WHERE ("impressions".listing_id = 104276) [0m
  [4;35;1mAnalyzing  Execution Time: 0.178503

[0m   [0mAggregate  (cost=12714.08..12714.09 rows=1 width=0)
   ->  Seq Scan on impressions  (cost=0.00..12714.00 rows=31 width=0)
         Filter: (listing_id = 104276)
[0m
  [4;36;1mSQL (152.1ms)[0m   [0;1mSELECT count(*) AS count_all FROM "impressions" WHERE ("impressions".listing_id = 104278) [0m
  [4;35;1mAnalyzing  Execution Time: 0.152399

[0m   [0mAggregate  (cost=12714.08..12714.09 rows=1 width=0)
   ->  Seq Scan on impressions  (cost=0.00..12714.00 rows=31 width=0)
         Filter: (listing_id = 104278)
[0m
  [4;36;1mSQL (191.6ms)[0m   [0;1mSELECT count(*) AS count_all FROM "impressions" WHERE ("impressions".listing_id = 104279) [0m
  [4;35;1mAnalyzing  Execution Time: 0.191833

[0m   [0mAggregate  (cost=12714.08..12714.09 rows=1 width=0)
   ->  Seq Scan on impressions  (cost=0.00..12714.00 rows=31 width=0)
         Filter: (listing_id = 104279)
[0m
  [4;36;1mSQL (146.4ms)[0m   [0;1mSELECT count(*) AS count_all FROM "impressions" WHERE ("impressions".listing_id = 104281) [0m
  [4;35;1mAnalyzing  Execution Time: 0.146669

[0m   [0mAggregate  (cost=12714.08..12714.09 rows=1 width=0)
   ->  Seq Scan on impressions  (cost=0.00..12714.00 rows=31 width=0)
         Filter: (listing_id = 104281)
[0m
  [4;36;1mSQL (140.0ms)[0m   [0;1mSELECT count(*) AS count_all FROM "impressions" WHERE ("impressions".listing_id = 104291) [0m
  [4;35;1mAnalyzing  Execution Time: 0.140296

[0m   [0mAggregate  (cost=12714.08..12714.09 rows=1 width=0)
   ->  Seq Scan on impressions  (cost=0.00..12714.00 rows=31 width=0)
         Filter: (listing_id = 104291)
[0m
  [4;36;1mSQL (140.6ms)[0m   [0;1mSELECT count(*) AS count_all FROM "impressions" WHERE ("impressions".listing_id = 104292) [0m
  [4;35;1mAnalyzing  Execution Time: 0.140881

[0m   [0mAggregate  (cost=12714.08..12714.09 rows=1 width=0)
   ->  Seq Scan on impressions  (cost=0.00..12714.00 rows=31 width=0)
         Filter: (listing_id = 104292)
[0m
  [4;36;1mSQL (158.5ms)[0m   [0;1mSELECT count(*) AS count_all FROM "impressions" WHERE ("impressions".listing_id = 104294) [0m
  [4;35;1mAnalyzing  Execution Time: 0.158727

[0m   [0mAggregate  (cost=12714.08..12714.09 rows=1 width=0)
   ->  Seq Scan on impressions  (cost=0.00..12714.00 rows=31 width=0)
         Filter: (listing_id = 104294)
[0m
  [4;36;1mSQL (154.8ms)[0m   [0;1mSELECT count(*) AS count_all FROM "impressions" WHERE ("impressions".listing_id = 104295) [0m
  [4;35;1mAnalyzing  Execution Time: 0.155033

[0m   [0mAggregate  (cost=12714.08..12714.09 rows=1 width=0)
   ->  Seq Scan on impressions  (cost=0.00..12714.00 rows=31 width=0)
         Filter: (listing_id = 104295)
[0m
  [4;36;1mSQL (141.1ms)[0m   [0;1mSELECT count(*) AS count_all FROM "impressions" WHERE ("impressions".listing_id = 104296) [0m
  [4;35;1mAnalyzing  Execution Time: 0.141407

[0m   [0mAggregate  (cost=12714.08..12714.09 rows=1 width=0)
   ->  Seq Scan on impressions  (cost=0.00..12714.00 rows=31 width=0)
         Filter: (listing_id = 104296)
[0m
  [4;36;1mSQL (142.6ms)[0m   [0;1mSELECT count(*) AS count_all FROM "impressions" WHERE ("impressions".listing_id = 104297) [0m
  [4;35;1mAnalyzing  Execution Time: 0.142866

[0m   [0mAggregate  (cost=12714.08..12714.09 rows=1 width=0)
   ->  Seq Scan on impressions  (cost=0.00..12714.00 rows=31 width=0)
         Filter: (listing_id = 104297)
[0m
  [4;36;1mSQL (149.0ms)[0m   [0;1mSELECT count(*) AS count_all FROM "impressions" WHERE ("impressions".listing_id = 104298) [0m
  [4;35;1mAnalyzing  Execution Time: 0.149274

[0m   [0mAggregate  (cost=12714.08..12714.09 rows=1 width=0)
   ->  Seq Scan on impressions  (cost=0.00..12714.00 rows=31 width=0)
         Filter: (listing_id = 104298)
[0m
  [4;36;1mSQL (161.8ms)[0m   [0;1mSELECT count(*) AS count_all FROM "impressions" WHERE ("impressions".listing_id = 104299) [0m
  [4;35;1mAnalyzing  Execution Time: 0.162161

[0m   [0mAggregate  (cost=12714.08..12714.09 rows=1 width=0)
   ->  Seq Scan on impressions  (cost=0.00..12714.00 rows=31 width=0)
         Filter: (listing_id = 104299)
[0m
  [4;36;1mSQL (189.9ms)[0m   [0;1mSELECT count(*) AS count_all FROM "impressions" WHERE ("impressions".listing_id = 104300) [0m
  [4;35;1mAnalyzing  Execution Time: 0.190113

[0m   [0mAggregate  (cost=12714.08..12714.09 rows=1 width=0)
   ->  Seq Scan on impressions  (cost=0.00..12714.00 rows=31 width=0)
         Filter: (listing_id = 104300)
[0m
  [4;36;1mSQL (167.9ms)[0m   [0;1mSELECT count(*) AS count_all FROM "impressions" WHERE ("impressions".listing_id = 104305) [0m
  [4;35;1mAnalyzing  Execution Time: 0.168203

[0m   [0mAggregate  (cost=12714.08..12714.09 rows=1 width=0)
   ->  Seq Scan on impressions  (cost=0.00..12714.00 rows=31 width=0)
         Filter: (listing_id = 104305)
[0m
  [4;36;1mSQL (157.8ms)[0m   [0;1mSELECT count(*) AS count_all FROM "impressions" WHERE ("impressions".listing_id = 104306) [0m
  [4;35;1mAnalyzing  Execution Time: 0.158081

[0m   [0mAggregate  (cost=12714.08..12714.09 rows=1 width=0)
   ->  Seq Scan on impressions  (cost=0.00..12714.00 rows=31 width=0)
         Filter: (listing_id = 104306)
[0m
  [4;36;1mSQL (148.9ms)[0m   [0;1mSELECT count(*) AS count_all FROM "impressions" WHERE ("impressions".listing_id = 104307) [0m
  [4;35;1mAnalyzing  Execution Time: 0.149198

[0m   [0mAggregate  (cost=12714.08..12714.09 rows=1 width=0)
   ->  Seq Scan on impressions  (cost=0.00..12714.00 rows=31 width=0)
         Filter: (listing_id = 104307)
[0m
  [4;36;1mSQL (169.5ms)[0m   [0;1mSELECT count(*) AS count_all FROM "impressions" WHERE ("impressions".listing_id = 104308) [0m
  [4;35;1mAnalyzing  Execution Time: 0.169721

[0m   [0mAggregate  (cost=12714.08..12714.09 rows=1 width=0)
   ->  Seq Scan on impressions  (cost=0.00..12714.00 rows=31 width=0)
         Filter: (listing_id = 104308)
[0m
  [4;36;1mSQL (150.9ms)[0m   [0;1mSELECT count(*) AS count_all FROM "impressions" WHERE ("impressions".listing_id = 109388) [0m
  [4;35;1mAnalyzing  Execution Time: 0.151207

[0m   [0mAggregate  (cost=12714.08..12714.09 rows=1 width=0)
   ->  Seq Scan on impressions  (cost=0.00..12714.00 rows=31 width=0)
         Filter: (listing_id = 109388)
[0m
  [4;36;1mSQL (200.9ms)[0m   [0;1mSELECT count(*) AS count_all FROM "impressions" WHERE ("impressions".listing_id = 110653) [0m
  [4;35;1mAnalyzing  Execution Time: 0.201112

[0m   [0mAggregate  (cost=12714.08..12714.09 rows=1 width=0)
   ->  Seq Scan on impressions  (cost=0.00..12714.00 rows=31 width=0)
         Filter: (listing_id = 110653)
[0m
  [4;36;1mSQL (11.9ms)[0m   [0;1mSELECT count(*) AS count_all FROM "clicks" WHERE ("clicks".listing_id = 64852) [0m
  [4;35;1mAnalyzing  Execution Time: 0.012195

[0m   [0mAggregate  (cost=814.47..814.48 rows=1 width=0)
   ->  Seq Scan on clicks  (cost=0.00..814.46 rows=2 width=0)
         Filter: (listing_id = 64852)
[0m
  [4;36;1mSQL (9.5ms)[0m   [0;1mSELECT count(*) AS count_all FROM "clicks" WHERE ("clicks".listing_id = 66139) [0m
  [4;35;1mAnalyzing  Execution Time: 0.009775

[0m   [0mAggregate  (cost=814.47..814.48 rows=1 width=0)
   ->  Seq Scan on clicks  (cost=0.00..814.46 rows=2 width=0)
         Filter: (listing_id = 66139)
[0m
  [4;36;1mSQL (8.5ms)[0m   [0;1mSELECT count(*) AS count_all FROM "clicks" WHERE ("clicks".listing_id = 66213) [0m
  [4;35;1mAnalyzing  Execution Time: 0.008779

[0m   [0mAggregate  (cost=814.47..814.48 rows=1 width=0)
   ->  Seq Scan on clicks  (cost=0.00..814.46 rows=2 width=0)
         Filter: (listing_id = 66213)
[0m
  [4;36;1mSQL (8.5ms)[0m   [0;1mSELECT count(*) AS count_all FROM "clicks" WHERE ("clicks".listing_id = 66645) [0m
  [4;35;1mAnalyzing  Execution Time: 0.008769

[0m   [0mAggregate  (cost=814.47..814.48 rows=1 width=0)
   ->  Seq Scan on clicks  (cost=0.00..814.46 rows=2 width=0)
         Filter: (listing_id = 66645)
[0m
  [4;36;1mSQL (9.7ms)[0m   [0;1mSELECT count(*) AS count_all FROM "clicks" WHERE ("clicks".listing_id = 66646) [0m
  [4;35;1mAnalyzing  Execution Time: 0.009974

[0m   [0mAggregate  (cost=814.47..814.48 rows=1 width=0)
   ->  Seq Scan on clicks  (cost=0.00..814.46 rows=2 width=0)
         Filter: (listing_id = 66646)
[0m
  [4;36;1mSQL (8.4ms)[0m   [0;1mSELECT count(*) AS count_all FROM "clicks" WHERE ("clicks".listing_id = 67739) [0m
  [4;35;1mAnalyzing  Execution Time: 0.008683

[0m   [0mAggregate  (cost=814.47..814.48 rows=1 width=0)
   ->  Seq Scan on clicks  (cost=0.00..814.46 rows=2 width=0)
         Filter: (listing_id = 67739)
[0m
  [4;36;1mSQL (8.5ms)[0m   [0;1mSELECT count(*) AS count_all FROM "clicks" WHERE ("clicks".listing_id = 67740) [0m
  [4;35;1mAnalyzing  Execution Time: 0.00871

[0m   [0mAggregate  (cost=814.47..814.48 rows=1 width=0)
   ->  Seq Scan on clicks  (cost=0.00..814.46 rows=2 width=0)
         Filter: (listing_id = 67740)
[0m
  [4;36;1mSQL (9.9ms)[0m   [0;1mSELECT count(*) AS count_all FROM "clicks" WHERE ("clicks".listing_id = 69903) [0m
  [4;35;1mAnalyzing  Execution Time: 0.010157

[0m   [0mAggregate  (cost=814.47..814.48 rows=1 width=0)
   ->  Seq Scan on clicks  (cost=0.00..814.46 rows=2 width=0)
         Filter: (listing_id = 69903)
[0m
  [4;36;1mSQL (8.9ms)[0m   [0;1mSELECT count(*) AS count_all FROM "clicks" WHERE ("clicks".listing_id = 70097) [0m
  [4;35;1mAnalyzing  Execution Time: 0.009122

[0m   [0mAggregate  (cost=814.47..814.48 rows=1 width=0)
   ->  Seq Scan on clicks  (cost=0.00..814.46 rows=2 width=0)
         Filter: (listing_id = 70097)
[0m
  [4;36;1mSQL (8.5ms)[0m   [0;1mSELECT count(*) AS count_all FROM "clicks" WHERE ("clicks".listing_id = 71596) [0m
  [4;35;1mAnalyzing  Execution Time: 0.008757

[0m   [0mAggregate  (cost=814.47..814.48 rows=1 width=0)
   ->  Seq Scan on clicks  (cost=0.00..814.46 rows=2 width=0)
         Filter: (listing_id = 71596)
[0m
  [4;36;1mSQL (9.9ms)[0m   [0;1mSELECT count(*) AS count_all FROM "clicks" WHERE ("clicks".listing_id = 71597) [0m
  [4;35;1mAnalyzing  Execution Time: 0.010165

[0m   [0mAggregate  (cost=814.47..814.48 rows=1 width=0)
   ->  Seq Scan on clicks  (cost=0.00..814.46 rows=2 width=0)
         Filter: (listing_id = 71597)
[0m
  [4;36;1mSQL (8.8ms)[0m   [0;1mSELECT count(*) AS count_all FROM "clicks" WHERE ("clicks".listing_id = 71598) [0m
  [4;35;1mAnalyzing  Execution Time: 0.009093

[0m   [0mAggregate  (cost=814.47..814.48 rows=1 width=0)
   ->  Seq Scan on clicks  (cost=0.00..814.46 rows=2 width=0)
         Filter: (listing_id = 71598)
[0m
  [4;36;1mSQL (8.4ms)[0m   [0;1mSELECT count(*) AS count_all FROM "clicks" WHERE ("clicks".listing_id = 71599) [0m
  [4;35;1mAnalyzing  Execution Time: 0.008661

[0m   [0mAggregate  (cost=814.47..814.48 rows=1 width=0)
   ->  Seq Scan on clicks  (cost=0.00..814.46 rows=2 width=0)
         Filter: (listing_id = 71599)
[0m
  [4;36;1mSQL (9.4ms)[0m   [0;1mSELECT count(*) AS count_all FROM "clicks" WHERE ("clicks".listing_id = 71600) [0m
  [4;35;1mAnalyzing  Execution Time: 0.009731

[0m   [0mAggregate  (cost=814.47..814.48 rows=1 width=0)
   ->  Seq Scan on clicks  (cost=0.00..814.46 rows=2 width=0)
         Filter: (listing_id = 71600)
[0m
  [4;36;1mSQL (8.5ms)[0m   [0;1mSELECT count(*) AS count_all FROM "clicks" WHERE ("clicks".listing_id = 71601) [0m
  [4;35;1mAnalyzing  Execution Time: 0.008825

[0m   [0mAggregate  (cost=814.47..814.48 rows=1 width=0)
   ->  Seq Scan on clicks  (cost=0.00..814.46 rows=2 width=0)
         Filter: (listing_id = 71601)
[0m
  [4;36;1mSQL (8.6ms)[0m   [0;1mSELECT count(*) AS count_all FROM "clicks" WHERE ("clicks".listing_id = 71602) [0m
  [4;35;1mAnalyzing  Execution Time: 0.008856

[0m   [0mAggregate  (cost=814.47..814.48 rows=1 width=0)
   ->  Seq Scan on clicks  (cost=0.00..814.46 rows=2 width=0)
         Filter: (listing_id = 71602)
[0m
  [4;36;1mSQL (10.0ms)[0m   [0;1mSELECT count(*) AS count_all FROM "clicks" WHERE ("clicks".listing_id = 71603) [0m
  [4;35;1mAnalyzing  Execution Time: 0.010278

[0m   [0mAggregate  (cost=814.47..814.48 rows=1 width=0)
   ->  Seq Scan on clicks  (cost=0.00..814.46 rows=2 width=0)
         Filter: (listing_id = 71603)
[0m
  [4;36;1mSQL (8.4ms)[0m   [0;1mSELECT count(*) AS count_all FROM "clicks" WHERE ("clicks".listing_id = 71604) [0m
  [4;35;1mAnalyzing  Execution Time: 0.008624

[0m   [0mAggregate  (cost=814.47..814.48 rows=1 width=0)
   ->  Seq Scan on clicks  (cost=0.00..814.46 rows=2 width=0)
         Filter: (listing_id = 71604)
[0m
  [4;36;1mSQL (25.4ms)[0m   [0;1mSELECT count(*) AS count_all FROM "clicks" WHERE ("clicks".listing_id = 71605) [0m
  [4;35;1mAnalyzing  Execution Time: 0.025665

[0m   [0mAggregate  (cost=814.47..814.48 rows=1 width=0)
   ->  Seq Scan on clicks  (cost=0.00..814.46 rows=2 width=0)
         Filter: (listing_id = 71605)
[0m
  [4;36;1mSQL (10.1ms)[0m   [0;1mSELECT count(*) AS count_all FROM "clicks" WHERE ("clicks".listing_id = 71606) [0m
  [4;35;1mAnalyzing  Execution Time: 0.010417

[0m   [0mAggregate  (cost=814.48..814.49 rows=1 width=0)
   ->  Seq Scan on clicks  (cost=0.00..814.46 rows=7 width=0)
         Filter: (listing_id = 71606)
[0m
  [4;36;1mSQL (8.6ms)[0m   [0;1mSELECT count(*) AS count_all FROM "clicks" WHERE ("clicks".listing_id = 71607) [0m
  [4;35;1mAnalyzing  Execution Time: 0.008818

[0m   [0mAggregate  (cost=814.47..814.48 rows=1 width=0)
   ->  Seq Scan on clicks  (cost=0.00..814.46 rows=2 width=0)
         Filter: (listing_id = 71607)
[0m
  [4;36;1mSQL (8.4ms)[0m   [0;1mSELECT count(*) AS count_all FROM "clicks" WHERE ("clicks".listing_id = 71608) [0m
  [4;35;1mAnalyzing  Execution Time: 0.00863

[0m   [0mAggregate  (cost=814.47..814.48 rows=1 width=0)
   ->  Seq Scan on clicks  (cost=0.00..814.46 rows=2 width=0)
         Filter: (listing_id = 71608)
[0m
  [4;36;1mSQL (10.1ms)[0m   [0;1mSELECT count(*) AS count_all FROM "clicks" WHERE ("clicks".listing_id = 71609) [0m
  [4;35;1mAnalyzing  Execution Time: 0.010361

[0m   [0mAggregate  (cost=814.47..814.48 rows=1 width=0)
   ->  Seq Scan on clicks  (cost=0.00..814.46 rows=2 width=0)
         Filter: (listing_id = 71609)
[0m
  [4;36;1mSQL (8.4ms)[0m   [0;1mSELECT count(*) AS count_all FROM "clicks" WHERE ("clicks".listing_id = 71611) [0m
  [4;35;1mAnalyzing  Execution Time: 0.008708

[0m   [0mAggregate  (cost=814.47..814.48 rows=1 width=0)
   ->  Seq Scan on clicks  (cost=0.00..814.46 rows=2 width=0)
         Filter: (listing_id = 71611)
[0m
  [4;36;1mSQL (8.4ms)[0m   [0;1mSELECT count(*) AS count_all FROM "clicks" WHERE ("clicks".listing_id = 71612) [0m
  [4;35;1mAnalyzing  Execution Time: 0.008615

[0m   [0mAggregate  (cost=814.47..814.48 rows=1 width=0)
   ->  Seq Scan on clicks  (cost=0.00..814.46 rows=2 width=0)
         Filter: (listing_id = 71612)
[0m
  [4;36;1mSQL (10.8ms)[0m   [0;1mSELECT count(*) AS count_all FROM "clicks" WHERE ("clicks".listing_id = 71613) [0m
  [4;35;1mAnalyzing  Execution Time: 0.011126

[0m   [0mAggregate  (cost=814.47..814.48 rows=1 width=0)
   ->  Seq Scan on clicks  (cost=0.00..814.46 rows=2 width=0)
         Filter: (listing_id = 71613)
[0m
  [4;36;1mSQL (8.4ms)[0m   [0;1mSELECT count(*) AS count_all FROM "clicks" WHERE ("clicks".listing_id = 71614) [0m
  [4;35;1mAnalyzing  Execution Time: 0.008676

[0m   [0mAggregate  (cost=814.47..814.48 rows=1 width=0)
   ->  Seq Scan on clicks  (cost=0.00..814.46 rows=2 width=0)
         Filter: (listing_id = 71614)
[0m
  [4;36;1mSQL (8.3ms)[0m   [0;1mSELECT count(*) AS count_all FROM "clicks" WHERE ("clicks".listing_id = 71615) [0m
  [4;35;1mAnalyzing  Execution Time: 0.008606

[0m   [0mAggregate  (cost=814.47..814.48 rows=1 width=0)
   ->  Seq Scan on clicks  (cost=0.00..814.46 rows=2 width=0)
         Filter: (listing_id = 71615)
[0m
  [4;36;1mSQL (10.7ms)[0m   [0;1mSELECT count(*) AS count_all FROM "clicks" WHERE ("clicks".listing_id = 71616) [0m
  [4;35;1mAnalyzing  Execution Time: 0.011001

[0m   [0mAggregate  (cost=814.47..814.48 rows=1 width=0)
   ->  Seq Scan on clicks  (cost=0.00..814.46 rows=2 width=0)
         Filter: (listing_id = 71616)
[0m
  [4;36;1mSQL (8.6ms)[0m   [0;1mSELECT count(*) AS count_all FROM "clicks" WHERE ("clicks".listing_id = 71617) [0m
  [4;35;1mAnalyzing  Execution Time: 0.008815

[0m   [0mAggregate  (cost=814.47..814.48 rows=1 width=0)
   ->  Seq Scan on clicks  (cost=0.00..814.46 rows=2 width=0)
         Filter: (listing_id = 71617)
[0m
  [4;36;1mSQL (8.4ms)[0m   [0;1mSELECT count(*) AS count_all FROM "clicks" WHERE ("clicks".listing_id = 71618) [0m
  [4;35;1mAnalyzing  Execution Time: 0.008682

[0m   [0mAggregate  (cost=814.47..814.48 rows=1 width=0)
   ->  Seq Scan on clicks  (cost=0.00..814.46 rows=2 width=0)
         Filter: (listing_id = 71618)
[0m
  [4;36;1mSQL (10.3ms)[0m   [0;1mSELECT count(*) AS count_all FROM "clicks" WHERE ("clicks".listing_id = 71619) [0m
  [4;35;1mAnalyzing  Execution Time: 0.010593

[0m   [0mAggregate  (cost=814.47..814.48 rows=1 width=0)
   ->  Seq Scan on clicks  (cost=0.00..814.46 rows=2 width=0)
         Filter: (listing_id = 71619)
[0m
  [4;36;1mSQL (8.3ms)[0m   [0;1mSELECT count(*) AS count_all FROM "clicks" WHERE ("clicks".listing_id = 71620) [0m
  [4;35;1mAnalyzing  Execution Time: 0.008575

[0m   [0mAggregate  (cost=814.47..814.48 rows=1 width=0)
   ->  Seq Scan on clicks  (cost=0.00..814.46 rows=2 width=0)
         Filter: (listing_id = 71620)
[0m
  [4;36;1mSQL (8.4ms)[0m   [0;1mSELECT count(*) AS count_all FROM "clicks" WHERE ("clicks".listing_id = 71621) [0m
  [4;35;1mAnalyzing  Execution Time: 0.008666

[0m   [0mAggregate  (cost=814.47..814.48 rows=1 width=0)
   ->  Seq Scan on clicks  (cost=0.00..814.46 rows=2 width=0)
         Filter: (listing_id = 71621)
[0m
  [4;36;1mSQL (10.1ms)[0m   [0;1mSELECT count(*) AS count_all FROM "clicks" WHERE ("clicks".listing_id = 71622) [0m
  [4;35;1mAnalyzing  Execution Time: 0.010345

[0m   [0mAggregate  (cost=814.47..814.48 rows=1 width=0)
   ->  Seq Scan on clicks  (cost=0.00..814.46 rows=2 width=0)
         Filter: (listing_id = 71622)
[0m
  [4;36;1mSQL (8.3ms)[0m   [0;1mSELECT count(*) AS count_all FROM "clicks" WHERE ("clicks".listing_id = 72476) [0m
  [4;35;1mAnalyzing  Execution Time: 0.009218

[0m   [0mAggregate  (cost=814.47..814.48 rows=1 width=0)
   ->  Seq Scan on clicks  (cost=0.00..814.46 rows=2 width=0)
         Filter: (listing_id = 72476)
[0m
  [4;36;1mSQL (9.9ms)[0m   [0;1mSELECT count(*) AS count_all FROM "clicks" WHERE ("clicks".listing_id = 72477) [0m
  [4;35;1mAnalyzing  Execution Time: 0.01021

[0m   [0mAggregate  (cost=814.47..814.48 rows=1 width=0)
   ->  Seq Scan on clicks  (cost=0.00..814.46 rows=2 width=0)
         Filter: (listing_id = 72477)
[0m
  [4;36;1mSQL (12.5ms)[0m   [0;1mSELECT count(*) AS count_all FROM "clicks" WHERE ("clicks".listing_id = 72478) [0m
  [4;35;1mAnalyzing  Execution Time: 0.012761

[0m   [0mAggregate  (cost=814.47..814.48 rows=1 width=0)
   ->  Seq Scan on clicks  (cost=0.00..814.46 rows=2 width=0)
         Filter: (listing_id = 72478)
[0m
  [4;36;1mSQL (9.5ms)[0m   [0;1mSELECT count(*) AS count_all FROM "clicks" WHERE ("clicks".listing_id = 72479) [0m
  [4;35;1mAnalyzing  Execution Time: 0.009804

[0m   [0mAggregate  (cost=814.47..814.48 rows=1 width=0)
   ->  Seq Scan on clicks  (cost=0.00..814.46 rows=2 width=0)
         Filter: (listing_id = 72479)
[0m
  [4;36;1mSQL (8.5ms)[0m   [0;1mSELECT count(*) AS count_all FROM "clicks" WHERE ("clicks".listing_id = 73123) [0m
  [4;35;1mAnalyzing  Execution Time: 0.00884

[0m   [0mAggregate  (cost=814.47..814.48 rows=1 width=0)
   ->  Seq Scan on clicks  (cost=0.00..814.46 rows=2 width=0)
         Filter: (listing_id = 73123)
[0m
  [4;36;1mSQL (10.6ms)[0m   [0;1mSELECT count(*) AS count_all FROM "clicks" WHERE ("clicks".listing_id = 73125) [0m
  [4;35;1mAnalyzing  Execution Time: 0.010813

[0m   [0mAggregate  (cost=814.47..814.48 rows=1 width=0)
   ->  Seq Scan on clicks  (cost=0.00..814.46 rows=2 width=0)
         Filter: (listing_id = 73125)
[0m
  [4;36;1mSQL (9.1ms)[0m   [0;1mSELECT count(*) AS count_all FROM "clicks" WHERE ("clicks".listing_id = 73244) [0m
  [4;35;1mAnalyzing  Execution Time: 0.009325

[0m   [0mAggregate  (cost=814.47..814.48 rows=1 width=0)
   ->  Seq Scan on clicks  (cost=0.00..814.46 rows=2 width=0)
         Filter: (listing_id = 73244)
[0m
  [4;36;1mSQL (12.8ms)[0m   [0;1mSELECT count(*) AS count_all FROM "clicks" WHERE ("clicks".listing_id = 74582) [0m
  [4;35;1mAnalyzing  Execution Time: 0.01311

[0m   [0mAggregate  (cost=814.47..814.48 rows=1 width=0)
   ->  Seq Scan on clicks  (cost=0.00..814.46 rows=2 width=0)
         Filter: (listing_id = 74582)
[0m
  [4;36;1mSQL (9.1ms)[0m   [0;1mSELECT count(*) AS count_all FROM "clicks" WHERE ("clicks".listing_id = 74583) [0m
  [4;35;1mAnalyzing  Execution Time: 0.009379

[0m   [0mAggregate  (cost=814.47..814.48 rows=1 width=0)
   ->  Seq Scan on clicks  (cost=0.00..814.46 rows=2 width=0)
         Filter: (listing_id = 74583)
[0m
  [4;36;1mSQL (8.8ms)[0m   [0;1mSELECT count(*) AS count_all FROM "clicks" WHERE ("clicks".listing_id = 74584) [0m
  [4;35;1mAnalyzing  Execution Time: 0.009046

[0m   [0mAggregate  (cost=814.47..814.48 rows=1 width=0)
   ->  Seq Scan on clicks  (cost=0.00..814.46 rows=2 width=0)
         Filter: (listing_id = 74584)
[0m
  [4;36;1mSQL (10.8ms)[0m   [0;1mSELECT count(*) AS count_all FROM "clicks" WHERE ("clicks".listing_id = 74585) [0m
  [4;35;1mAnalyzing  Execution Time: 0.011116

[0m   [0mAggregate  (cost=814.47..814.48 rows=1 width=0)
   ->  Seq Scan on clicks  (cost=0.00..814.46 rows=2 width=0)
         Filter: (listing_id = 74585)
[0m
  [4;36;1mSQL (8.7ms)[0m   [0;1mSELECT count(*) AS count_all FROM "clicks" WHERE ("clicks".listing_id = 74586) [0m
  [4;35;1mAnalyzing  Execution Time: 0.008925

[0m   [0mAggregate  (cost=814.47..814.48 rows=1 width=0)
   ->  Seq Scan on clicks  (cost=0.00..814.46 rows=2 width=0)
         Filter: (listing_id = 74586)
[0m
  [4;36;1mSQL (9.4ms)[0m   [0;1mSELECT count(*) AS count_all FROM "clicks" WHERE ("clicks".listing_id = 74587) [0m
  [4;35;1mAnalyzing  Execution Time: 0.009636

[0m   [0mAggregate  (cost=814.47..814.48 rows=1 width=0)
   ->  Seq Scan on clicks  (cost=0.00..814.46 rows=2 width=0)
         Filter: (listing_id = 74587)
[0m
  [4;36;1mSQL (10.0ms)[0m   [0;1mSELECT count(*) AS count_all FROM "clicks" WHERE ("clicks".listing_id = 74588) [0m
  [4;35;1mAnalyzing  Execution Time: 0.010232

[0m   [0mAggregate  (cost=814.47..814.48 rows=1 width=0)
   ->  Seq Scan on clicks  (cost=0.00..814.46 rows=2 width=0)
         Filter: (listing_id = 74588)
[0m
  [4;36;1mSQL (8.6ms)[0m   [0;1mSELECT count(*) AS count_all FROM "clicks" WHERE ("clicks".listing_id = 74589) [0m
  [4;35;1mAnalyzing  Execution Time: 0.008819

[0m   [0mAggregate  (cost=814.47..814.48 rows=1 width=0)
   ->  Seq Scan on clicks  (cost=0.00..814.46 rows=2 width=0)
         Filter: (listing_id = 74589)
[0m
  [4;36;1mSQL (8.5ms)[0m   [0;1mSELECT count(*) AS count_all FROM "clicks" WHERE ("clicks".listing_id = 74590) [0m
  [4;35;1mAnalyzing  Execution Time: 0.008847

[0m   [0mAggregate  (cost=814.47..814.48 rows=1 width=0)
   ->  Seq Scan on clicks  (cost=0.00..814.46 rows=2 width=0)
         Filter: (listing_id = 74590)
[0m
  [4;36;1mSQL (10.0ms)[0m   [0;1mSELECT count(*) AS count_all FROM "clicks" WHERE ("clicks".listing_id = 74592) [0m
  [4;35;1mAnalyzing  Execution Time: 0.010262

[0m   [0mAggregate  (cost=814.47..814.48 rows=1 width=0)
   ->  Seq Scan on clicks  (cost=0.00..814.46 rows=2 width=0)
         Filter: (listing_id = 74592)
[0m
  [4;36;1mSQL (8.6ms)[0m   [0;1mSELECT count(*) AS count_all FROM "clicks" WHERE ("clicks".listing_id = 75931) [0m
  [4;35;1mAnalyzing  Execution Time: 0.008906

[0m   [0mAggregate  (cost=814.47..814.48 rows=1 width=0)
   ->  Seq Scan on clicks  (cost=0.00..814.46 rows=2 width=0)
         Filter: (listing_id = 75931)
[0m
  [4;36;1mSQL (10.3ms)[0m   [0;1mSELECT count(*) AS count_all FROM "clicks" WHERE ("clicks".listing_id = 75932) [0m
  [4;35;1mAnalyzing  Execution Time: 0.010701

[0m   [0mAggregate  (cost=814.47..814.48 rows=1 width=0)
   ->  Seq Scan on clicks  (cost=0.00..814.46 rows=2 width=0)
         Filter: (listing_id = 75932)
[0m
  [4;36;1mSQL (10.8ms)[0m   [0;1mSELECT count(*) AS count_all FROM "clicks" WHERE ("clicks".listing_id = 75933) [0m
  [4;35;1mAnalyzing  Execution Time: 0.011083

[0m   [0mAggregate  (cost=814.47..814.48 rows=1 width=0)
   ->  Seq Scan on clicks  (cost=0.00..814.46 rows=2 width=0)
         Filter: (listing_id = 75933)
[0m
  [4;36;1mSQL (11.3ms)[0m   [0;1mSELECT count(*) AS count_all FROM "clicks" WHERE ("clicks".listing_id = 75934) [0m
  [4;35;1mAnalyzing  Execution Time: 0.011602

[0m   [0mAggregate  (cost=814.47..814.48 rows=1 width=0)
   ->  Seq Scan on clicks  (cost=0.00..814.46 rows=2 width=0)
         Filter: (listing_id = 75934)
[0m
  [4;36;1mSQL (8.3ms)[0m   [0;1mSELECT count(*) AS count_all FROM "clicks" WHERE ("clicks".listing_id = 75935) [0m
  [4;35;1mAnalyzing  Execution Time: 0.008572

[0m   [0mAggregate  (cost=814.47..814.48 rows=1 width=0)
   ->  Seq Scan on clicks  (cost=0.00..814.46 rows=2 width=0)
         Filter: (listing_id = 75935)
[0m
  [4;36;1mSQL (10.6ms)[0m   [0;1mSELECT count(*) AS count_all FROM "clicks" WHERE ("clicks".listing_id = 75936) [0m
  [4;35;1mAnalyzing  Execution Time: 0.010984

[0m   [0mAggregate  (cost=814.47..814.48 rows=1 width=0)
   ->  Seq Scan on clicks  (cost=0.00..814.46 rows=2 width=0)
         Filter: (listing_id = 75936)
[0m
  [4;36;1mSQL (10.1ms)[0m   [0;1mSELECT count(*) AS count_all FROM "clicks" WHERE ("clicks".listing_id = 75937) [0m
  [4;35;1mAnalyzing  Execution Time: 0.010398

[0m   [0mAggregate  (cost=814.47..814.48 rows=1 width=0)
   ->  Seq Scan on clicks  (cost=0.00..814.46 rows=2 width=0)
         Filter: (listing_id = 75937)
[0m
  [4;36;1mSQL (12.7ms)[0m   [0;1mSELECT count(*) AS count_all FROM "clicks" WHERE ("clicks".listing_id = 75938) [0m
  [4;35;1mAnalyzing  Execution Time: 0.012965

[0m   [0mAggregate  (cost=814.47..814.48 rows=1 width=0)
   ->  Seq Scan on clicks  (cost=0.00..814.46 rows=2 width=0)
         Filter: (listing_id = 75938)
[0m
  [4;36;1mSQL (8.6ms)[0m   [0;1mSELECT count(*) AS count_all FROM "clicks" WHERE ("clicks".listing_id = 75939) [0m
  [4;35;1mAnalyzing  Execution Time: 0.009426

[0m   [0mAggregate  (cost=814.47..814.48 rows=1 width=0)
   ->  Seq Scan on clicks  (cost=0.00..814.46 rows=2 width=0)
         Filter: (listing_id = 75939)
[0m
  [4;36;1mSQL (8.9ms)[0m   [0;1mSELECT count(*) AS count_all FROM "clicks" WHERE ("clicks".listing_id = 75940) [0m
  [4;35;1mAnalyzing  Execution Time: 0.009138

[0m   [0mAggregate  (cost=814.47..814.48 rows=1 width=0)
   ->  Seq Scan on clicks  (cost=0.00..814.46 rows=2 width=0)
         Filter: (listing_id = 75940)
[0m
  [4;36;1mSQL (9.6ms)[0m   [0;1mSELECT count(*) AS count_all FROM "clicks" WHERE ("clicks".listing_id = 75941) [0m
  [4;35;1mAnalyzing  Execution Time: 0.010168

[0m   [0mAggregate  (cost=814.47..814.48 rows=1 width=0)
   ->  Seq Scan on clicks  (cost=0.00..814.46 rows=2 width=0)
         Filter: (listing_id = 75941)
[0m
  [4;36;1mSQL (8.6ms)[0m   [0;1mSELECT count(*) AS count_all FROM "clicks" WHERE ("clicks".listing_id = 75942) [0m
  [4;35;1mAnalyzing  Execution Time: 0.008881

[0m   [0mAggregate  (cost=814.47..814.48 rows=1 width=0)
   ->  Seq Scan on clicks  (cost=0.00..814.46 rows=2 width=0)
         Filter: (listing_id = 75942)
[0m
  [4;36;1mSQL (8.8ms)[0m   [0;1mSELECT count(*) AS count_all FROM "clicks" WHERE ("clicks".listing_id = 75943) [0m
  [4;35;1mAnalyzing  Execution Time: 0.009107

[0m   [0mAggregate  (cost=814.47..814.48 rows=1 width=0)
   ->  Seq Scan on clicks  (cost=0.00..814.46 rows=2 width=0)
         Filter: (listing_id = 75943)
[0m
  [4;36;1mSQL (18.3ms)[0m   [0;1mSELECT count(*) AS count_all FROM "clicks" WHERE ("clicks".listing_id = 75944) [0m
  [4;35;1mAnalyzing  Execution Time: 0.018657

[0m   [0mAggregate  (cost=814.47..814.48 rows=1 width=0)
   ->  Seq Scan on clicks  (cost=0.00..814.46 rows=2 width=0)
         Filter: (listing_id = 75944)
[0m
  [4;36;1mSQL (8.8ms)[0m   [0;1mSELECT count(*) AS count_all FROM "clicks" WHERE ("clicks".listing_id = 75945) [0m
  [4;35;1mAnalyzing  Execution Time: 0.009031

[0m   [0mAggregate  (cost=814.47..814.48 rows=1 width=0)
   ->  Seq Scan on clicks  (cost=0.00..814.46 rows=2 width=0)
         Filter: (listing_id = 75945)
[0m
  [4;36;1mSQL (14.0ms)[0m   [0;1mSELECT count(*) AS count_all FROM "clicks" WHERE ("clicks".listing_id = 75946) [0m
  [4;35;1mAnalyzing  Execution Time: 0.014314

[0m   [0mAggregate  (cost=814.47..814.48 rows=1 width=0)
   ->  Seq Scan on clicks  (cost=0.00..814.46 rows=2 width=0)
         Filter: (listing_id = 75946)
[0m
  [4;36;1mSQL (9.2ms)[0m   [0;1mSELECT count(*) AS count_all FROM "clicks" WHERE ("clicks".listing_id = 75947) [0m
  [4;35;1mAnalyzing  Execution Time: 0.009439

[0m   [0mAggregate  (cost=814.47..814.48 rows=1 width=0)
   ->  Seq Scan on clicks  (cost=0.00..814.46 rows=2 width=0)
         Filter: (listing_id = 75947)
[0m
  [4;36;1mSQL (8.8ms)[0m   [0;1mSELECT count(*) AS count_all FROM "clicks" WHERE ("clicks".listing_id = 75948) [0m
  [4;35;1mAnalyzing  Execution Time: 0.009147

[0m   [0mAggregate  (cost=814.47..814.48 rows=1 width=0)
   ->  Seq Scan on clicks  (cost=0.00..814.46 rows=2 width=0)
         Filter: (listing_id = 75948)
[0m
  [4;36;1mSQL (9.3ms)[0m   [0;1mSELECT count(*) AS count_all FROM "clicks" WHERE ("clicks".listing_id = 76467) [0m
  [4;35;1mAnalyzing  Execution Time: 0.009594

[0m   [0mAggregate  (cost=814.47..814.48 rows=1 width=0)
   ->  Seq Scan on clicks  (cost=0.00..814.46 rows=2 width=0)
         Filter: (listing_id = 76467)
[0m
  [4;36;1mSQL (9.0ms)[0m   [0;1mSELECT count(*) AS count_all FROM "clicks" WHERE ("clicks".listing_id = 76704) [0m
  [4;35;1mAnalyzing  Execution Time: 0.009584

[0m   [0mAggregate  (cost=814.47..814.48 rows=1 width=0)
   ->  Seq Scan on clicks  (cost=0.00..814.46 rows=2 width=0)
         Filter: (listing_id = 76704)
[0m
  [4;36;1mSQL (10.4ms)[0m   [0;1mSELECT count(*) AS count_all FROM "clicks" WHERE ("clicks".listing_id = 76705) [0m
  [4;35;1mAnalyzing  Execution Time: 0.010699

[0m   [0mAggregate  (cost=814.47..814.48 rows=1 width=0)
   ->  Seq Scan on clicks  (cost=0.00..814.46 rows=2 width=0)
         Filter: (listing_id = 76705)
[0m
  [4;36;1mSQL (11.0ms)[0m   [0;1mSELECT count(*) AS count_all FROM "clicks" WHERE ("clicks".listing_id = 76707) [0m
  [4;35;1mAnalyzing  Execution Time: 0.011301

[0m   [0mAggregate  (cost=814.47..814.48 rows=1 width=0)
   ->  Seq Scan on clicks  (cost=0.00..814.46 rows=2 width=0)
         Filter: (listing_id = 76707)
[0m
  [4;36;1mSQL (9.4ms)[0m   [0;1mSELECT count(*) AS count_all FROM "clicks" WHERE ("clicks".listing_id = 76708) [0m
  [4;35;1mAnalyzing  Execution Time: 0.009661

[0m   [0mAggregate  (cost=814.47..814.48 rows=1 width=0)
   ->  Seq Scan on clicks  (cost=0.00..814.46 rows=2 width=0)
         Filter: (listing_id = 76708)
[0m
  [4;36;1mSQL (9.6ms)[0m   [0;1mSELECT count(*) AS count_all FROM "clicks" WHERE ("clicks".listing_id = 77314) [0m
  [4;35;1mAnalyzing  Execution Time: 0.011109

[0m   [0mAggregate  (cost=814.47..814.48 rows=1 width=0)
   ->  Seq Scan on clicks  (cost=0.00..814.46 rows=2 width=0)
         Filter: (listing_id = 77314)
[0m
  [4;36;1mSQL (8.6ms)[0m   [0;1mSELECT count(*) AS count_all FROM "clicks" WHERE ("clicks".listing_id = 77315) [0m
  [4;35;1mAnalyzing  Execution Time: 0.008837

[0m   [0mAggregate  (cost=814.47..814.48 rows=1 width=0)
   ->  Seq Scan on clicks  (cost=0.00..814.46 rows=2 width=0)
         Filter: (listing_id = 77315)
[0m
  [4;36;1mSQL (8.8ms)[0m   [0;1mSELECT count(*) AS count_all FROM "clicks" WHERE ("clicks".listing_id = 77316) [0m
  [4;35;1mAnalyzing  Execution Time: 0.009011

[0m   [0mAggregate  (cost=814.47..814.48 rows=1 width=0)
   ->  Seq Scan on clicks  (cost=0.00..814.46 rows=2 width=0)
         Filter: (listing_id = 77316)
[0m
  [4;36;1mSQL (13.0ms)[0m   [0;1mSELECT count(*) AS count_all FROM "clicks" WHERE ("clicks".listing_id = 77317) [0m
  [4;35;1mAnalyzing  Execution Time: 0.01327

[0m   [0mAggregate  (cost=814.47..814.48 rows=1 width=0)
   ->  Seq Scan on clicks  (cost=0.00..814.46 rows=2 width=0)
         Filter: (listing_id = 77317)
[0m
  [4;36;1mSQL (8.8ms)[0m   [0;1mSELECT count(*) AS count_all FROM "clicks" WHERE ("clicks".listing_id = 77319) [0m
  [4;35;1mAnalyzing  Execution Time: 0.009039

[0m   [0mAggregate  (cost=814.47..814.48 rows=1 width=0)
   ->  Seq Scan on clicks  (cost=0.00..814.46 rows=2 width=0)
         Filter: (listing_id = 77319)
[0m
  [4;36;1mSQL (12.3ms)[0m   [0;1mSELECT count(*) AS count_all FROM "clicks" WHERE ("clicks".listing_id = 77320) [0m
  [4;35;1mAnalyzing  Execution Time: 0.012681

[0m   [0mAggregate  (cost=814.47..814.48 rows=1 width=0)
   ->  Seq Scan on clicks  (cost=0.00..814.46 rows=2 width=0)
         Filter: (listing_id = 77320)
[0m
  [4;36;1mSQL (12.7ms)[0m   [0;1mSELECT count(*) AS count_all FROM "clicks" WHERE ("clicks".listing_id = 77869) [0m
  [4;35;1mAnalyzing  Execution Time: 0.01374

[0m   [0mAggregate  (cost=814.47..814.48 rows=1 width=0)
   ->  Seq Scan on clicks  (cost=0.00..814.46 rows=2 width=0)
         Filter: (listing_id = 77869)
[0m
  [4;36;1mSQL (14.9ms)[0m   [0;1mSELECT count(*) AS count_all FROM "clicks" WHERE ("clicks".listing_id = 77870) [0m
  [4;35;1mAnalyzing  Execution Time: 0.015264

[0m   [0mAggregate  (cost=814.47..814.48 rows=1 width=0)
   ->  Seq Scan on clicks  (cost=0.00..814.46 rows=2 width=0)
         Filter: (listing_id = 77870)
[0m
  [4;36;1mSQL (23.7ms)[0m   [0;1mSELECT count(*) AS count_all FROM "clicks" WHERE ("clicks".listing_id = 79597) [0m
  [4;35;1mAnalyzing  Execution Time: 0.02405

[0m   [0mAggregate  (cost=814.47..814.48 rows=1 width=0)
   ->  Seq Scan on clicks  (cost=0.00..814.46 rows=2 width=0)
         Filter: (listing_id = 79597)
[0m
  [4;36;1mSQL (32.2ms)[0m   [0;1mSELECT count(*) AS count_all FROM "clicks" WHERE ("clicks".listing_id = 81093) [0m
  [4;35;1mAnalyzing  Execution Time: 0.032672

[0m   [0mAggregate  (cost=814.47..814.48 rows=1 width=0)
   ->  Seq Scan on clicks  (cost=0.00..814.46 rows=2 width=0)
         Filter: (listing_id = 81093)
[0m
  [4;36;1mSQL (74.5ms)[0m   [0;1mSELECT count(*) AS count_all FROM "clicks" WHERE ("clicks".listing_id = 81094) [0m
  [4;35;1mAnalyzing  Execution Time: 0.074949

[0m   [0mAggregate  (cost=814.47..814.48 rows=1 width=0)
   ->  Seq Scan on clicks  (cost=0.00..814.46 rows=2 width=0)
         Filter: (listing_id = 81094)
[0m
  [4;36;1mSQL (24.0ms)[0m   [0;1mSELECT count(*) AS count_all FROM "clicks" WHERE ("clicks".listing_id = 81095) [0m
  [4;35;1mAnalyzing  Execution Time: 0.024364

[0m   [0mAggregate  (cost=814.47..814.48 rows=1 width=0)
   ->  Seq Scan on clicks  (cost=0.00..814.46 rows=2 width=0)
         Filter: (listing_id = 81095)
[0m
  [4;36;1mSQL (27.0ms)[0m   [0;1mSELECT count(*) AS count_all FROM "clicks" WHERE ("clicks".listing_id = 104250) [0m
  [4;35;1mAnalyzing  Execution Time: 0.027329

[0m   [0mAggregate  (cost=814.47..814.48 rows=1 width=0)
   ->  Seq Scan on clicks  (cost=0.00..814.46 rows=2 width=0)
         Filter: (listing_id = 104250)
[0m
  [4;36;1mSQL (15.1ms)[0m   [0;1mSELECT count(*) AS count_all FROM "clicks" WHERE ("clicks".listing_id = 104251) [0m
  [4;35;1mAnalyzing  Execution Time: 0.01555

[0m   [0mAggregate  (cost=814.47..814.48 rows=1 width=0)
   ->  Seq Scan on clicks  (cost=0.00..814.46 rows=2 width=0)
         Filter: (listing_id = 104251)
[0m
  [4;36;1mSQL (20.6ms)[0m   [0;1mSELECT count(*) AS count_all FROM "clicks" WHERE ("clicks".listing_id = 104252) [0m
  [4;35;1mAnalyzing  Execution Time: 0.020861

[0m   [0mAggregate  (cost=814.47..814.48 rows=1 width=0)
   ->  Seq Scan on clicks  (cost=0.00..814.46 rows=2 width=0)
         Filter: (listing_id = 104252)
[0m
  [4;36;1mSQL (14.9ms)[0m   [0;1mSELECT count(*) AS count_all FROM "clicks" WHERE ("clicks".listing_id = 104253) [0m
  [4;35;1mAnalyzing  Execution Time: 0.015136

[0m   [0mAggregate  (cost=814.47..814.48 rows=1 width=0)
   ->  Seq Scan on clicks  (cost=0.00..814.46 rows=2 width=0)
         Filter: (listing_id = 104253)
[0m
  [4;36;1mSQL (17.7ms)[0m   [0;1mSELECT count(*) AS count_all FROM "clicks" WHERE ("clicks".listing_id = 104254) [0m
  [4;35;1mAnalyzing  Execution Time: 0.017941

[0m   [0mAggregate  (cost=814.47..814.48 rows=1 width=0)
   ->  Seq Scan on clicks  (cost=0.00..814.46 rows=2 width=0)
         Filter: (listing_id = 104254)
[0m
  [4;36;1mSQL (11.0ms)[0m   [0;1mSELECT count(*) AS count_all FROM "clicks" WHERE ("clicks".listing_id = 104255) [0m
  [4;35;1mAnalyzing  Execution Time: 0.011386

[0m   [0mAggregate  (cost=814.47..814.48 rows=1 width=0)
   ->  Seq Scan on clicks  (cost=0.00..814.46 rows=2 width=0)
         Filter: (listing_id = 104255)
[0m
  [4;36;1mSQL (9.3ms)[0m   [0;1mSELECT count(*) AS count_all FROM "clicks" WHERE ("clicks".listing_id = 104256) [0m
  [4;35;1mAnalyzing  Execution Time: 0.009607

[0m   [0mAggregate  (cost=814.47..814.48 rows=1 width=0)
   ->  Seq Scan on clicks  (cost=0.00..814.46 rows=2 width=0)
         Filter: (listing_id = 104256)
[0m
  [4;36;1mSQL (9.9ms)[0m   [0;1mSELECT count(*) AS count_all FROM "clicks" WHERE ("clicks".listing_id = 104257) [0m
  [4;35;1mAnalyzing  Execution Time: 0.010183

[0m   [0mAggregate  (cost=814.47..814.48 rows=1 width=0)
   ->  Seq Scan on clicks  (cost=0.00..814.46 rows=2 width=0)
         Filter: (listing_id = 104257)
[0m
  [4;36;1mSQL (10.9ms)[0m   [0;1mSELECT count(*) AS count_all FROM "clicks" WHERE ("clicks".listing_id = 104259) [0m
  [4;35;1mAnalyzing  Execution Time: 0.011177

[0m   [0mAggregate  (cost=814.47..814.48 rows=1 width=0)
   ->  Seq Scan on clicks  (cost=0.00..814.46 rows=2 width=0)
         Filter: (listing_id = 104259)
[0m
  [4;36;1mSQL (15.2ms)[0m   [0;1mSELECT count(*) AS count_all FROM "clicks" WHERE ("clicks".listing_id = 104260) [0m
  [4;35;1mAnalyzing  Execution Time: 0.015521

[0m   [0mAggregate  (cost=814.47..814.48 rows=1 width=0)
   ->  Seq Scan on clicks  (cost=0.00..814.46 rows=2 width=0)
         Filter: (listing_id = 104260)
[0m
  [4;36;1mSQL (10.7ms)[0m   [0;1mSELECT count(*) AS count_all FROM "clicks" WHERE ("clicks".listing_id = 104261) [0m
  [4;35;1mAnalyzing  Execution Time: 0.011008

[0m   [0mAggregate  (cost=814.47..814.48 rows=1 width=0)
   ->  Seq Scan on clicks  (cost=0.00..814.46 rows=2 width=0)
         Filter: (listing_id = 104261)
[0m
  [4;36;1mSQL (11.5ms)[0m   [0;1mSELECT count(*) AS count_all FROM "clicks" WHERE ("clicks".listing_id = 104262) [0m
  [4;35;1mAnalyzing  Execution Time: 0.011748

[0m   [0mAggregate  (cost=814.47..814.48 rows=1 width=0)
   ->  Seq Scan on clicks  (cost=0.00..814.46 rows=2 width=0)
         Filter: (listing_id = 104262)
[0m
  [4;36;1mSQL (9.3ms)[0m   [0;1mSELECT count(*) AS count_all FROM "clicks" WHERE ("clicks".listing_id = 104263) [0m
  [4;35;1mAnalyzing  Execution Time: 0.009815

[0m   [0mAggregate  (cost=814.47..814.48 rows=1 width=0)
   ->  Seq Scan on clicks  (cost=0.00..814.46 rows=2 width=0)
         Filter: (listing_id = 104263)
[0m
  [4;36;1mSQL (8.6ms)[0m   [0;1mSELECT count(*) AS count_all FROM "clicks" WHERE ("clicks".listing_id = 104264) [0m
  [4;35;1mAnalyzing  Execution Time: 0.008891

[0m   [0mAggregate  (cost=814.47..814.48 rows=1 width=0)
   ->  Seq Scan on clicks  (cost=0.00..814.46 rows=2 width=0)
         Filter: (listing_id = 104264)
[0m
  [4;36;1mSQL (9.5ms)[0m   [0;1mSELECT count(*) AS count_all FROM "clicks" WHERE ("clicks".listing_id = 104265) [0m
  [4;35;1mAnalyzing  Execution Time: 0.009878

[0m   [0mAggregate  (cost=814.47..814.48 rows=1 width=0)
   ->  Seq Scan on clicks  (cost=0.00..814.46 rows=2 width=0)
         Filter: (listing_id = 104265)
[0m
  [4;36;1mSQL (9.4ms)[0m   [0;1mSELECT count(*) AS count_all FROM "clicks" WHERE ("clicks".listing_id = 104266) [0m
  [4;35;1mAnalyzing  Execution Time: 0.009687

[0m   [0mAggregate  (cost=814.47..814.48 rows=1 width=0)
   ->  Seq Scan on clicks  (cost=0.00..814.46 rows=2 width=0)
         Filter: (listing_id = 104266)
[0m
  [4;36;1mSQL (9.2ms)[0m   [0;1mSELECT count(*) AS count_all FROM "clicks" WHERE ("clicks".listing_id = 104267) [0m
  [4;35;1mAnalyzing  Execution Time: 0.009481

[0m   [0mAggregate  (cost=814.47..814.48 rows=1 width=0)
   ->  Seq Scan on clicks  (cost=0.00..814.46 rows=2 width=0)
         Filter: (listing_id = 104267)
[0m
  [4;36;1mSQL (8.9ms)[0m   [0;1mSELECT count(*) AS count_all FROM "clicks" WHERE ("clicks".listing_id = 104269) [0m
  [4;35;1mAnalyzing  Execution Time: 0.009161

[0m   [0mAggregate  (cost=814.47..814.48 rows=1 width=0)
   ->  Seq Scan on clicks  (cost=0.00..814.46 rows=2 width=0)
         Filter: (listing_id = 104269)
[0m
  [4;36;1mSQL (9.7ms)[0m   [0;1mSELECT count(*) AS count_all FROM "clicks" WHERE ("clicks".listing_id = 104274) [0m
  [4;35;1mAnalyzing  Execution Time: 0.009934

[0m   [0mAggregate  (cost=814.47..814.48 rows=1 width=0)
   ->  Seq Scan on clicks  (cost=0.00..814.46 rows=2 width=0)
         Filter: (listing_id = 104274)
[0m
  [4;36;1mSQL (9.2ms)[0m   [0;1mSELECT count(*) AS count_all FROM "clicks" WHERE ("clicks".listing_id = 104275) [0m
  [4;35;1mAnalyzing  Execution Time: 0.009495

[0m   [0mAggregate  (cost=814.47..814.48 rows=1 width=0)
   ->  Seq Scan on clicks  (cost=0.00..814.46 rows=2 width=0)
         Filter: (listing_id = 104275)
[0m
  [4;36;1mSQL (8.8ms)[0m   [0;1mSELECT count(*) AS count_all FROM "clicks" WHERE ("clicks".listing_id = 104276) [0m
  [4;35;1mAnalyzing  Execution Time: 0.009091

[0m   [0mAggregate  (cost=814.47..814.48 rows=1 width=0)
   ->  Seq Scan on clicks  (cost=0.00..814.46 rows=2 width=0)
         Filter: (listing_id = 104276)
[0m
  [4;36;1mSQL (10.1ms)[0m   [0;1mSELECT count(*) AS count_all FROM "clicks" WHERE ("clicks".listing_id = 104278) [0m
  [4;35;1mAnalyzing  Execution Time: 0.010338

[0m   [0mAggregate  (cost=814.47..814.48 rows=1 width=0)
   ->  Seq Scan on clicks  (cost=0.00..814.46 rows=2 width=0)
         Filter: (listing_id = 104278)
[0m
  [4;36;1mSQL (9.7ms)[0m   [0;1mSELECT count(*) AS count_all FROM "clicks" WHERE ("clicks".listing_id = 104279) [0m
  [4;35;1mAnalyzing  Execution Time: 0.009906

[0m   [0mAggregate  (cost=814.47..814.48 rows=1 width=0)
   ->  Seq Scan on clicks  (cost=0.00..814.46 rows=2 width=0)
         Filter: (listing_id = 104279)
[0m
  [4;36;1mSQL (9.1ms)[0m   [0;1mSELECT count(*) AS count_all FROM "clicks" WHERE ("clicks".listing_id = 104281) [0m
  [4;35;1mAnalyzing  Execution Time: 0.009394

[0m   [0mAggregate  (cost=814.47..814.48 rows=1 width=0)
   ->  Seq Scan on clicks  (cost=0.00..814.46 rows=2 width=0)
         Filter: (listing_id = 104281)
[0m
  [4;36;1mSQL (9.1ms)[0m   [0;1mSELECT count(*) AS count_all FROM "clicks" WHERE ("clicks".listing_id = 104291) [0m
  [4;35;1mAnalyzing  Execution Time: 0.009414

[0m   [0mAggregate  (cost=814.47..814.48 rows=1 width=0)
   ->  Seq Scan on clicks  (cost=0.00..814.46 rows=2 width=0)
         Filter: (listing_id = 104291)
[0m
  [4;36;1mSQL (9.2ms)[0m   [0;1mSELECT count(*) AS count_all FROM "clicks" WHERE ("clicks".listing_id = 104292) [0m
  [4;35;1mAnalyzing  Execution Time: 0.009434

[0m   [0mAggregate  (cost=814.47..814.48 rows=1 width=0)
   ->  Seq Scan on clicks  (cost=0.00..814.46 rows=2 width=0)
         Filter: (listing_id = 104292)
[0m
  [4;36;1mSQL (9.1ms)[0m   [0;1mSELECT count(*) AS count_all FROM "clicks" WHERE ("clicks".listing_id = 104294) [0m
  [4;35;1mAnalyzing  Execution Time: 0.009439

[0m   [0mAggregate  (cost=814.47..814.48 rows=1 width=0)
   ->  Seq Scan on clicks  (cost=0.00..814.46 rows=2 width=0)
         Filter: (listing_id = 104294)
[0m
  [4;36;1mSQL (13.0ms)[0m   [0;1mSELECT count(*) AS count_all FROM "clicks" WHERE ("clicks".listing_id = 104295) [0m
  [4;35;1mAnalyzing  Execution Time: 0.013341

[0m   [0mAggregate  (cost=814.47..814.48 rows=1 width=0)
   ->  Seq Scan on clicks  (cost=0.00..814.46 rows=2 width=0)
         Filter: (listing_id = 104295)
[0m
  [4;36;1mSQL (12.1ms)[0m   [0;1mSELECT count(*) AS count_all FROM "clicks" WHERE ("clicks".listing_id = 104296) [0m
  [4;35;1mAnalyzing  Execution Time: 0.012428

[0m   [0mAggregate  (cost=814.47..814.48 rows=1 width=0)
   ->  Seq Scan on clicks  (cost=0.00..814.46 rows=2 width=0)
         Filter: (listing_id = 104296)
[0m
  [4;36;1mSQL (16.2ms)[0m   [0;1mSELECT count(*) AS count_all FROM "clicks" WHERE ("clicks".listing_id = 104297) [0m
  [4;35;1mAnalyzing  Execution Time: 0.016622

[0m   [0mAggregate  (cost=814.47..814.48 rows=1 width=0)
   ->  Seq Scan on clicks  (cost=0.00..814.46 rows=2 width=0)
         Filter: (listing_id = 104297)
[0m
  [4;36;1mSQL (12.6ms)[0m   [0;1mSELECT count(*) AS count_all FROM "clicks" WHERE ("clicks".listing_id = 104298) [0m
  [4;35;1mAnalyzing  Execution Time: 0.012935

[0m   [0mAggregate  (cost=814.47..814.48 rows=1 width=0)
   ->  Seq Scan on clicks  (cost=0.00..814.46 rows=2 width=0)
         Filter: (listing_id = 104298)
[0m
  [4;36;1mSQL (12.9ms)[0m   [0;1mSELECT count(*) AS count_all FROM "clicks" WHERE ("clicks".listing_id = 104299) [0m
  [4;35;1mAnalyzing  Execution Time: 0.01322

[0m   [0mAggregate  (cost=814.47..814.48 rows=1 width=0)
   ->  Seq Scan on clicks  (cost=0.00..814.46 rows=2 width=0)
         Filter: (listing_id = 104299)
[0m
  [4;36;1mSQL (11.1ms)[0m   [0;1mSELECT count(*) AS count_all FROM "clicks" WHERE ("clicks".listing_id = 104300) [0m
  [4;35;1mAnalyzing  Execution Time: 0.011676

[0m   [0mAggregate  (cost=814.47..814.48 rows=1 width=0)
   ->  Seq Scan on clicks  (cost=0.00..814.46 rows=2 width=0)
         Filter: (listing_id = 104300)
[0m
  [4;36;1mSQL (20.9ms)[0m   [0;1mSELECT count(*) AS count_all FROM "clicks" WHERE ("clicks".listing_id = 104305) [0m
  [4;35;1mAnalyzing  Execution Time: 0.021426

[0m   [0mAggregate  (cost=814.47..814.48 rows=1 width=0)
   ->  Seq Scan on clicks  (cost=0.00..814.46 rows=2 width=0)
         Filter: (listing_id = 104305)
[0m
  [4;36;1mSQL (11.2ms)[0m   [0;1mSELECT count(*) AS count_all FROM "clicks" WHERE ("clicks".listing_id = 104306) [0m
  [4;35;1mAnalyzing  Execution Time: 0.011481

[0m   [0mAggregate  (cost=814.47..814.48 rows=1 width=0)
   ->  Seq Scan on clicks  (cost=0.00..814.46 rows=2 width=0)
         Filter: (listing_id = 104306)
[0m
  [4;36;1mSQL (10.0ms)[0m   [0;1mSELECT count(*) AS count_all FROM "clicks" WHERE ("clicks".listing_id = 104307) [0m
  [4;35;1mAnalyzing  Execution Time: 0.0103

[0m   [0mAggregate  (cost=814.47..814.48 rows=1 width=0)
   ->  Seq Scan on clicks  (cost=0.00..814.46 rows=2 width=0)
         Filter: (listing_id = 104307)
[0m
  [4;36;1mSQL (10.2ms)[0m   [0;1mSELECT count(*) AS count_all FROM "clicks" WHERE ("clicks".listing_id = 104308) [0m
  [4;35;1mAnalyzing  Execution Time: 0.010445

[0m   [0mAggregate  (cost=814.47..814.48 rows=1 width=0)
   ->  Seq Scan on clicks  (cost=0.00..814.46 rows=2 width=0)
         Filter: (listing_id = 104308)
[0m
  [4;36;1mSQL (10.8ms)[0m   [0;1mSELECT count(*) AS count_all FROM "clicks" WHERE ("clicks".listing_id = 109388) [0m
  [4;35;1mAnalyzing  Execution Time: 0.011176

[0m   [0mAggregate  (cost=814.47..814.48 rows=1 width=0)
   ->  Seq Scan on clicks  (cost=0.00..814.46 rows=2 width=0)
         Filter: (listing_id = 109388)
[0m
  [4;36;1mSQL (11.5ms)[0m   [0;1mSELECT count(*) AS count_all FROM "clicks" WHERE ("clicks".listing_id = 110653) [0m
  [4;35;1mAnalyzing  Execution Time: 0.011758

[0m   [0mAggregate  (cost=814.47..814.48 rows=1 width=0)
   ->  Seq Scan on clicks  (cost=0.00..814.46 rows=2 width=0)
         Filter: (listing_id = 110653)
[0m
  [4;36;1mSQL (4.9ms)[0m   [0;1mSELECT count(*) AS count_all FROM "listings" WHERE ("listings".user_id = 25499) [0m
  [4;35;1mAnalyzing  Execution Time: 0.005163

[0m   [0mAggregate  (cost=1615.81..1615.82 rows=1 width=0)
   ->  Index Scan using index_listings_on_id_and_user_id_and_title on listings  (cost=0.00..1615.79 rows=4 width=0)
         Index Cond: (user_id = 25499)
[0m
  [4;36;1mListing Load (2.1ms)[0m   [0;1mSELECT * FROM "listings" WHERE ("listings".user_id = 25499) [0m
  [4;35;1mAnalyzing Listing Load Execution Time: 0.002846

[0m   [0mIndex Scan using index_listings_on_id_and_user_id_and_title on listings  (cost=0.00..1615.79 rows=4 width=1172)
   Index Cond: (user_id = 25499)
[0m
  [4;36;1mSQL (154.3ms)[0m   [0;1mSELECT count(*) AS count_all FROM "impressions" WHERE ("impressions".listing_id = 87155) [0m
  [4;35;1mAnalyzing  Execution Time: 0.154584

[0m   [0mAggregate  (cost=12714.08..12714.09 rows=1 width=0)
   ->  Seq Scan on impressions  (cost=0.00..12714.00 rows=31 width=0)
         Filter: (listing_id = 87155)
[0m
  [4;36;1mSQL (8.9ms)[0m   [0;1mSELECT count(*) AS count_all FROM "clicks" WHERE ("clicks".listing_id = 87155) [0m
  [4;35;1mAnalyzing  Execution Time: 0.009172

[0m   [0mAggregate  (cost=814.47..814.48 rows=1 width=0)
   ->  Seq Scan on clicks  (cost=0.00..814.46 rows=2 width=0)
         Filter: (listing_id = 87155)
[0m
  [4;36;1mSQL (2.1ms)[0m   [0;1mSELECT count(*) AS count_all FROM "listings" WHERE ("listings".user_id = 25483) [0m
  [4;35;1mAnalyzing  Execution Time: 0.002327

[0m   [0mAggregate  (cost=1615.81..1615.82 rows=1 width=0)
   ->  Index Scan using index_listings_on_id_and_user_id_and_title on listings  (cost=0.00..1615.79 rows=4 width=0)
         Index Cond: (user_id = 25483)
[0m
  [4;36;1mListing Load (2.4ms)[0m   [0;1mSELECT * FROM "listings" WHERE ("listings".user_id = 25483) [0m
  [4;35;1mAnalyzing Listing Load Execution Time: 0.003135

[0m   [0mIndex Scan using index_listings_on_id_and_user_id_and_title on listings  (cost=0.00..1615.79 rows=4 width=1172)
   Index Cond: (user_id = 25483)
[0m
  [4;36;1mSQL (173.6ms)[0m   [0;1mSELECT count(*) AS count_all FROM "impressions" WHERE ("impressions".listing_id = 113144) [0m
  [4;35;1mAnalyzing  Execution Time: 0.173913

[0m   [0mAggregate  (cost=12714.08..12714.09 rows=1 width=0)
   ->  Seq Scan on impressions  (cost=0.00..12714.00 rows=31 width=0)
         Filter: (listing_id = 113144)
[0m
  [4;36;1mSQL (11.8ms)[0m   [0;1mSELECT count(*) AS count_all FROM "clicks" WHERE ("clicks".listing_id = 113144) [0m
  [4;35;1mAnalyzing  Execution Time: 0.012024

[0m   [0mAggregate  (cost=814.47..814.48 rows=1 width=0)
   ->  Seq Scan on clicks  (cost=0.00..814.46 rows=2 width=0)
         Filter: (listing_id = 113144)
[0m
  [4;36;1mSQL (2.0ms)[0m   [0;1mSELECT count(*) AS count_all FROM "listings" WHERE ("listings".user_id = 25484) [0m
  [4;35;1mAnalyzing  Execution Time: 0.002309

[0m   [0mAggregate  (cost=1615.81..1615.82 rows=1 width=0)
   ->  Index Scan using index_listings_on_id_and_user_id_and_title on listings  (cost=0.00..1615.79 rows=4 width=0)
         Index Cond: (user_id = 25484)
[0m
  [4;36;1mListing Load (2.8ms)[0m   [0;1mSELECT * FROM "listings" WHERE ("listings".user_id = 25484) [0m
  [4;35;1mAnalyzing Listing Load Execution Time: 0.003583

[0m   [0mIndex Scan using index_listings_on_id_and_user_id_and_title on listings  (cost=0.00..1615.79 rows=4 width=1172)
   Index Cond: (user_id = 25484)
[0m
  [4;36;1mSQL (158.7ms)[0m   [0;1mSELECT count(*) AS count_all FROM "impressions" WHERE ("impressions".listing_id = 113145) [0m
  [4;35;1mAnalyzing  Execution Time: 0.303153

[0m   [0mAggregate  (cost=12714.08..12714.09 rows=1 width=0)
   ->  Seq Scan on impressions  (cost=0.00..12714.00 rows=31 width=0)
         Filter: (listing_id = 113145)
[0m
  [4;36;1mSQL (13.2ms)[0m   [0;1mSELECT count(*) AS count_all FROM "clicks" WHERE ("clicks".listing_id = 113145) [0m
  [4;35;1mAnalyzing  Execution Time: 0.013525

[0m   [0mAggregate  (cost=814.47..814.48 rows=1 width=0)
   ->  Seq Scan on clicks  (cost=0.00..814.46 rows=2 width=0)
         Filter: (listing_id = 113145)
[0m
  [4;36;1mSQL (2.4ms)[0m   [0;1mSELECT count(*) AS count_all FROM "listings" WHERE ("listings".user_id = 25485) [0m
  [4;35;1mAnalyzing  Execution Time: 0.002738

[0m   [0mAggregate  (cost=1615.81..1615.82 rows=1 width=0)
   ->  Index Scan using index_listings_on_id_and_user_id_and_title on listings  (cost=0.00..1615.79 rows=4 width=0)
         Index Cond: (user_id = 25485)
[0m
  [4;36;1mListing Load (3.2ms)[0m   [0;1mSELECT * FROM "listings" WHERE ("listings".user_id = 25485) [0m
  [4;35;1mAnalyzing Listing Load Execution Time: 0.007981

[0m   [0mIndex Scan using index_listings_on_id_and_user_id_and_title on listings  (cost=0.00..1615.79 rows=4 width=1172)
   Index Cond: (user_id = 25485)
[0m
  [4;36;1mSQL (247.2ms)[0m   [0;1mSELECT count(*) AS count_all FROM "impressions" WHERE ("impressions".listing_id = 67732) [0m
  [4;35;1mAnalyzing  Execution Time: 0.247462

[0m   [0mAggregate  (cost=12714.08..12714.09 rows=1 width=0)
   ->  Seq Scan on impressions  (cost=0.00..12714.00 rows=31 width=0)
         Filter: (listing_id = 67732)
[0m
  [4;36;1mSQL (231.0ms)[0m   [0;1mSELECT count(*) AS count_all FROM "impressions" WHERE ("impressions".listing_id = 67733) [0m
  [4;35;1mAnalyzing  Execution Time: 0.231249

[0m   [0mAggregate  (cost=12714.08..12714.09 rows=1 width=0)
   ->  Seq Scan on impressions  (cost=0.00..12714.00 rows=31 width=0)
         Filter: (listing_id = 67733)
[0m
  [4;36;1mSQL (266.7ms)[0m   [0;1mSELECT count(*) AS count_all FROM "impressions" WHERE ("impressions".listing_id = 71569) [0m
  [4;35;1mAnalyzing  Execution Time: 0.267058

[0m   [0mAggregate  (cost=12714.08..12714.09 rows=1 width=0)
   ->  Seq Scan on impressions  (cost=0.00..12714.00 rows=31 width=0)
         Filter: (listing_id = 71569)
[0m
  [4;36;1mSQL (186.5ms)[0m   [0;1mSELECT count(*) AS count_all FROM "impressions" WHERE ("impressions".listing_id = 71570) [0m
  [4;35;1mAnalyzing  Execution Time: 0.186763

[0m   [0mAggregate  (cost=12714.08..12714.09 rows=1 width=0)
   ->  Seq Scan on impressions  (cost=0.00..12714.00 rows=31 width=0)
         Filter: (listing_id = 71570)
[0m
  [4;36;1mSQL (206.3ms)[0m   [0;1mSELECT count(*) AS count_all FROM "impressions" WHERE ("impressions".listing_id = 75891) [0m
  [4;35;1mAnalyzing  Execution Time: 0.206578

[0m   [0mAggregate  (cost=12714.08..12714.09 rows=1 width=0)
   ->  Seq Scan on impressions  (cost=0.00..12714.00 rows=31 width=0)
         Filter: (listing_id = 75891)
[0m
  [4;36;1mSQL (215.3ms)[0m   [0;1mSELECT count(*) AS count_all FROM "impressions" WHERE ("impressions".listing_id = 75892) [0m
  [4;35;1mAnalyzing  Execution Time: 0.215638

[0m   [0mAggregate  (cost=12714.08..12714.09 rows=1 width=0)
   ->  Seq Scan on impressions  (cost=0.00..12714.00 rows=31 width=0)
         Filter: (listing_id = 75892)
[0m
  [4;36;1mSQL (209.9ms)[0m   [0;1mSELECT count(*) AS count_all FROM "impressions" WHERE ("impressions".listing_id = 75893) [0m
  [4;35;1mAnalyzing  Execution Time: 0.210168

[0m   [0mAggregate  (cost=12714.08..12714.09 rows=1 width=0)
   ->  Seq Scan on impressions  (cost=0.00..12714.00 rows=31 width=0)
         Filter: (listing_id = 75893)
[0m
  [4;36;1mSQL (173.6ms)[0m   [0;1mSELECT count(*) AS count_all FROM "impressions" WHERE ("impressions".listing_id = 79558) [0m
  [4;35;1mAnalyzing  Execution Time: 0.17391

[0m   [0mAggregate  (cost=12714.08..12714.09 rows=1 width=0)
   ->  Seq Scan on impressions  (cost=0.00..12714.00 rows=31 width=0)
         Filter: (listing_id = 79558)
[0m
  [4;36;1mSQL (158.2ms)[0m   [0;1mSELECT count(*) AS count_all FROM "impressions" WHERE ("impressions".listing_id = 79559) [0m
  [4;35;1mAnalyzing  Execution Time: 0.15847

[0m   [0mAggregate  (cost=12714.08..12714.09 rows=1 width=0)
   ->  Seq Scan on impressions  (cost=0.00..12714.00 rows=31 width=0)
         Filter: (listing_id = 79559)
[0m
  [4;36;1mSQL (348.9ms)[0m   [0;1mSELECT count(*) AS count_all FROM "impressions" WHERE ("impressions".listing_id = 103724) [0m
  [4;35;1mAnalyzing  Execution Time: 0.349176

[0m   [0mAggregate  (cost=12714.08..12714.09 rows=1 width=0)
   ->  Seq Scan on impressions  (cost=0.00..12714.00 rows=31 width=0)
         Filter: (listing_id = 103724)
[0m
  [4;36;1mSQL (12.2ms)[0m   [0;1mSELECT count(*) AS count_all FROM "clicks" WHERE ("clicks".listing_id = 67732) [0m
  [4;35;1mAnalyzing  Execution Time: 0.012574

[0m   [0mAggregate  (cost=814.47..814.48 rows=1 width=0)
   ->  Seq Scan on clicks  (cost=0.00..814.46 rows=2 width=0)
         Filter: (listing_id = 67732)
[0m
  [4;36;1mSQL (12.1ms)[0m   [0;1mSELECT count(*) AS count_all FROM "clicks" WHERE ("clicks".listing_id = 67733) [0m
  [4;35;1mAnalyzing  Execution Time: 0.012354

[0m   [0mAggregate  (cost=814.47..814.48 rows=1 width=0)
   ->  Seq Scan on clicks  (cost=0.00..814.46 rows=2 width=0)
         Filter: (listing_id = 67733)
[0m
  [4;36;1mSQL (9.8ms)[0m   [0;1mSELECT count(*) AS count_all FROM "clicks" WHERE ("clicks".listing_id = 71569) [0m
  [4;35;1mAnalyzing  Execution Time: 0.010029

[0m   [0mAggregate  (cost=814.47..814.48 rows=1 width=0)
   ->  Seq Scan on clicks  (cost=0.00..814.46 rows=2 width=0)
         Filter: (listing_id = 71569)
[0m
  [4;36;1mSQL (8.9ms)[0m   [0;1mSELECT count(*) AS count_all FROM "clicks" WHERE ("clicks".listing_id = 71570) [0m
  [4;35;1mAnalyzing  Execution Time: 0.009204

[0m   [0mAggregate  (cost=814.54..814.55 rows=1 width=0)
   ->  Seq Scan on clicks  (cost=0.00..814.46 rows=28 width=0)
         Filter: (listing_id = 71570)
[0m
  [4;36;1mSQL (11.4ms)[0m   [0;1mSELECT count(*) AS count_all FROM "clicks" WHERE ("clicks".listing_id = 75891) [0m
  [4;35;1mAnalyzing  Execution Time: 0.011644

[0m   [0mAggregate  (cost=814.47..814.48 rows=1 width=0)
   ->  Seq Scan on clicks  (cost=0.00..814.46 rows=2 width=0)
         Filter: (listing_id = 75891)
[0m
  [4;36;1mSQL (8.5ms)[0m   [0;1mSELECT count(*) AS count_all FROM "clicks" WHERE ("clicks".listing_id = 75892) [0m
  [4;35;1mAnalyzing  Execution Time: 0.00872

[0m   [0mAggregate  (cost=814.47..814.48 rows=1 width=0)
   ->  Seq Scan on clicks  (cost=0.00..814.46 rows=2 width=0)
         Filter: (listing_id = 75892)
[0m
  [4;36;1mSQL (10.0ms)[0m   [0;1mSELECT count(*) AS count_all FROM "clicks" WHERE ("clicks".listing_id = 75893) [0m
  [4;35;1mAnalyzing  Execution Time: 0.010264

[0m   [0mAggregate  (cost=814.47..814.48 rows=1 width=0)
   ->  Seq Scan on clicks  (cost=0.00..814.46 rows=2 width=0)
         Filter: (listing_id = 75893)
[0m
  [4;36;1mSQL (9.1ms)[0m   [0;1mSELECT count(*) AS count_all FROM "clicks" WHERE ("clicks".listing_id = 79558) [0m
  [4;35;1mAnalyzing  Execution Time: 0.00934

[0m   [0mAggregate  (cost=814.47..814.48 rows=1 width=0)
   ->  Seq Scan on clicks  (cost=0.00..814.46 rows=2 width=0)
         Filter: (listing_id = 79558)
[0m
  [4;36;1mSQL (8.9ms)[0m   [0;1mSELECT count(*) AS count_all FROM "clicks" WHERE ("clicks".listing_id = 79559) [0m
  [4;35;1mAnalyzing  Execution Time: 0.009127

[0m   [0mAggregate  (cost=814.47..814.48 rows=1 width=0)
   ->  Seq Scan on clicks  (cost=0.00..814.46 rows=2 width=0)
         Filter: (listing_id = 79559)
[0m
  [4;36;1mSQL (9.6ms)[0m   [0;1mSELECT count(*) AS count_all FROM "clicks" WHERE ("clicks".listing_id = 103724) [0m
  [4;35;1mAnalyzing  Execution Time: 0.009852

[0m   [0mAggregate  (cost=814.47..814.48 rows=1 width=0)
   ->  Seq Scan on clicks  (cost=0.00..814.46 rows=2 width=0)
         Filter: (listing_id = 103724)
[0m
  [4;36;1mSQL (5.0ms)[0m   [0;1mSELECT count(*) AS count_all FROM "listings" WHERE ("listings".user_id = 25486) [0m
  [4;35;1mAnalyzing  Execution Time: 0.005384

[0m   [0mAggregate  (cost=1615.81..1615.82 rows=1 width=0)
   ->  Index Scan using index_listings_on_id_and_user_id_and_title on listings  (cost=0.00..1615.79 rows=4 width=0)
         Index Cond: (user_id = 25486)
[0m
  [4;36;1mListing Load (2.1ms)[0m   [0;1mSELECT * FROM "listings" WHERE ("listings".user_id = 25486) [0m
  [4;35;1mAnalyzing Listing Load Execution Time: 0.002771

[0m   [0mIndex Scan using index_listings_on_id_and_user_id_and_title on listings  (cost=0.00..1615.79 rows=4 width=1172)
   Index Cond: (user_id = 25486)
[0m
  [4;36;1mSQL (170.7ms)[0m   [0;1mSELECT count(*) AS count_all FROM "impressions" WHERE ("impressions".listing_id = 64705) [0m
  [4;35;1mAnalyzing  Execution Time: 0.170985

[0m   [0mAggregate  (cost=12714.08..12714.09 rows=1 width=0)
   ->  Seq Scan on impressions  (cost=0.00..12714.00 rows=31 width=0)
         Filter: (listing_id = 64705)
[0m
  [4;36;1mSQL (12.2ms)[0m   [0;1mSELECT count(*) AS count_all FROM "clicks" WHERE ("clicks".listing_id = 64705) [0m
  [4;35;1mAnalyzing  Execution Time: 0.012466

[0m   [0mAggregate  (cost=814.47..814.48 rows=1 width=0)
   ->  Seq Scan on clicks  (cost=0.00..814.46 rows=2 width=0)
         Filter: (listing_id = 64705)
[0m
  [4;36;1mSQL (3.7ms)[0m   [0;1mSELECT count(*) AS count_all FROM "listings" WHERE ("listings".user_id = 25487) [0m
  [4;35;1mAnalyzing  Execution Time: 0.004432

[0m   [0mAggregate  (cost=1615.81..1615.82 rows=1 width=0)
   ->  Index Scan using index_listings_on_id_and_user_id_and_title on listings  (cost=0.00..1615.79 rows=4 width=0)
         Index Cond: (user_id = 25487)
[0m
  [4;36;1mListing Load (2.9ms)[0m   [0;1mSELECT * FROM "listings" WHERE ("listings".user_id = 25487) [0m
  [4;35;1mAnalyzing Listing Load Execution Time: 0.003668

[0m   [0mIndex Scan using index_listings_on_id_and_user_id_and_title on listings  (cost=0.00..1615.79 rows=4 width=1172)
   Index Cond: (user_id = 25487)
[0m
  [4;36;1mSQL (214.0ms)[0m   [0;1mSELECT count(*) AS count_all FROM "impressions" WHERE ("impressions".listing_id = 103692) [0m
  [4;35;1mAnalyzing  Execution Time: 0.214238

[0m   [0mAggregate  (cost=12714.08..12714.09 rows=1 width=0)
   ->  Seq Scan on impressions  (cost=0.00..12714.00 rows=31 width=0)
         Filter: (listing_id = 103692)
[0m
  [4;36;1mSQL (10.2ms)[0m   [0;1mSELECT count(*) AS count_all FROM "clicks" WHERE ("clicks".listing_id = 103692) [0m
  [4;35;1mAnalyzing  Execution Time: 0.010471

[0m   [0mAggregate  (cost=814.47..814.48 rows=1 width=0)
   ->  Seq Scan on clicks  (cost=0.00..814.46 rows=2 width=0)
         Filter: (listing_id = 103692)
[0m
  [4;36;1mSQL (2.5ms)[0m   [0;1mSELECT count(*) AS count_all FROM "listings" WHERE ("listings".user_id = 25488) [0m
  [4;35;1mAnalyzing  Execution Time: 0.002756

[0m   [0mAggregate  (cost=1615.81..1615.82 rows=1 width=0)
   ->  Index Scan using index_listings_on_id_and_user_id_and_title on listings  (cost=0.00..1615.79 rows=4 width=0)
         Index Cond: (user_id = 25488)
[0m
  [4;36;1mListing Load (4.4ms)[0m   [0;1mSELECT * FROM "listings" WHERE ("listings".user_id = 25488) [0m
  [4;35;1mAnalyzing Listing Load Execution Time: 0.005069

[0m   [0mIndex Scan using index_listings_on_id_and_user_id_and_title on listings  (cost=0.00..1615.79 rows=4 width=1172)
   Index Cond: (user_id = 25488)
[0m
  [4;36;1mSQL (195.5ms)[0m   [0;1mSELECT count(*) AS count_all FROM "impressions" WHERE ("impressions".listing_id = 113146) [0m
  [4;35;1mAnalyzing  Execution Time: 0.196058

[0m   [0mAggregate  (cost=12714.08..12714.09 rows=1 width=0)
   ->  Seq Scan on impressions  (cost=0.00..12714.00 rows=31 width=0)
         Filter: (listing_id = 113146)
[0m
  [4;36;1mSQL (11.3ms)[0m   [0;1mSELECT count(*) AS count_all FROM "clicks" WHERE ("clicks".listing_id = 113146) [0m
  [4;35;1mAnalyzing  Execution Time: 0.011628

[0m   [0mAggregate  (cost=814.47..814.48 rows=1 width=0)
   ->  Seq Scan on clicks  (cost=0.00..814.46 rows=2 width=0)
         Filter: (listing_id = 113146)
[0m
  [4;36;1mSQL (4.3ms)[0m   [0;1mSELECT count(*) AS count_all FROM "listings" WHERE ("listings".user_id = 25489) [0m
  [4;35;1mAnalyzing  Execution Time: 0.020498

[0m   [0mAggregate  (cost=1615.81..1615.82 rows=1 width=0)
   ->  Index Scan using index_listings_on_id_and_user_id_and_title on listings  (cost=0.00..1615.79 rows=4 width=0)
         Index Cond: (user_id = 25489)
[0m
  [4;36;1mListing Load (3.3ms)[0m   [0;1mSELECT * FROM "listings" WHERE ("listings".user_id = 25489) [0m
  [4;35;1mAnalyzing Listing Load Execution Time: 0.004002

[0m   [0mIndex Scan using index_listings_on_id_and_user_id_and_title on listings  (cost=0.00..1615.79 rows=4 width=1172)
   Index Cond: (user_id = 25489)
[0m
  [4;36;1mSQL (194.0ms)[0m   [0;1mSELECT count(*) AS count_all FROM "impressions" WHERE ("impressions".listing_id = 113147) [0m
  [4;35;1mAnalyzing  Execution Time: 0.194281

[0m   [0mAggregate  (cost=12714.08..12714.09 rows=1 width=0)
   ->  Seq Scan on impressions  (cost=0.00..12714.00 rows=31 width=0)
         Filter: (listing_id = 113147)
[0m
  [4;36;1mSQL (11.4ms)[0m   [0;1mSELECT count(*) AS count_all FROM "clicks" WHERE ("clicks".listing_id = 113147) [0m
  [4;35;1mAnalyzing  Execution Time: 0.011708

[0m   [0mAggregate  (cost=814.47..814.48 rows=1 width=0)
   ->  Seq Scan on clicks  (cost=0.00..814.46 rows=2 width=0)
         Filter: (listing_id = 113147)
[0m
  [4;36;1mSQL (2.5ms)[0m   [0;1mSELECT count(*) AS count_all FROM "listings" WHERE ("listings".user_id = 25490) [0m
  [4;35;1mAnalyzing  Execution Time: 0.002855

[0m   [0mAggregate  (cost=1615.81..1615.82 rows=1 width=0)
   ->  Index Scan using index_listings_on_id_and_user_id_and_title on listings  (cost=0.00..1615.79 rows=4 width=0)
         Index Cond: (user_id = 25490)
[0m
  [4;36;1mListing Load (2.8ms)[0m   [0;1mSELECT * FROM "listings" WHERE ("listings".user_id = 25490) [0m
  [4;35;1mAnalyzing Listing Load Execution Time: 0.003543

[0m   [0mIndex Scan using index_listings_on_id_and_user_id_and_title on listings  (cost=0.00..1615.79 rows=4 width=1172)
   Index Cond: (user_id = 25490)
[0m
  [4;36;1mSQL (157.0ms)[0m   [0;1mSELECT count(*) AS count_all FROM "impressions" WHERE ("impressions".listing_id = 113148) [0m
  [4;35;1mAnalyzing  Execution Time: 0.157272

[0m   [0mAggregate  (cost=12714.08..12714.09 rows=1 width=0)
   ->  Seq Scan on impressions  (cost=0.00..12714.00 rows=31 width=0)
         Filter: (listing_id = 113148)
[0m
  [4;36;1mSQL (8.9ms)[0m   [0;1mSELECT count(*) AS count_all FROM "clicks" WHERE ("clicks".listing_id = 113148) [0m
  [4;35;1mAnalyzing  Execution Time: 0.009152

[0m   [0mAggregate  (cost=814.47..814.48 rows=1 width=0)
   ->  Seq Scan on clicks  (cost=0.00..814.46 rows=2 width=0)
         Filter: (listing_id = 113148)
[0m
  [4;36;1mSQL (2.5ms)[0m   [0;1mSELECT count(*) AS count_all FROM "listings" WHERE ("listings".user_id = 25491) [0m
  [4;35;1mAnalyzing  Execution Time: 0.002777

[0m   [0mAggregate  (cost=1615.81..1615.82 rows=1 width=0)
   ->  Index Scan using index_listings_on_id_and_user_id_and_title on listings  (cost=0.00..1615.79 rows=4 width=0)
         Index Cond: (user_id = 25491)
[0m
  [4;36;1mListing Load (3.1ms)[0m   [0;1mSELECT * FROM "listings" WHERE ("listings".user_id = 25491) [0m
  [4;35;1mAnalyzing Listing Load Execution Time: 0.003847

[0m   [0mIndex Scan using index_listings_on_id_and_user_id_and_title on listings  (cost=0.00..1615.79 rows=4 width=1172)
   Index Cond: (user_id = 25491)
[0m
  [4;36;1mSQL (175.0ms)[0m   [0;1mSELECT count(*) AS count_all FROM "impressions" WHERE ("impressions".listing_id = 82224) [0m
  [4;35;1mAnalyzing  Execution Time: 0.17534

[0m   [0mAggregate  (cost=12714.08..12714.09 rows=1 width=0)
   ->  Seq Scan on impressions  (cost=0.00..12714.00 rows=31 width=0)
         Filter: (listing_id = 82224)
[0m
  [4;36;1mSQL (11.0ms)[0m   [0;1mSELECT count(*) AS count_all FROM "clicks" WHERE ("clicks".listing_id = 82224) [0m
  [4;35;1mAnalyzing  Execution Time: 0.011317

[0m   [0mAggregate  (cost=814.47..814.48 rows=1 width=0)
   ->  Seq Scan on clicks  (cost=0.00..814.46 rows=2 width=0)
         Filter: (listing_id = 82224)
[0m
  [4;36;1mSQL (2.6ms)[0m   [0;1mSELECT count(*) AS count_all FROM "listings" WHERE ("listings".user_id = 25492) [0m
  [4;35;1mAnalyzing  Execution Time: 0.003192

[0m   [0mAggregate  (cost=1615.81..1615.82 rows=1 width=0)
   ->  Index Scan using index_listings_on_id_and_user_id_and_title on listings  (cost=0.00..1615.79 rows=4 width=0)
         Index Cond: (user_id = 25492)
[0m
  [4;36;1mListing Load (3.0ms)[0m   [0;1mSELECT * FROM "listings" WHERE ("listings".user_id = 25492) [0m
  [4;35;1mAnalyzing Listing Load Execution Time: 0.005391

[0m   [0mIndex Scan using index_listings_on_id_and_user_id_and_title on listings  (cost=0.00..1615.79 rows=4 width=1172)
   Index Cond: (user_id = 25492)
[0m
  [4;36;1mSQL (171.1ms)[0m   [0;1mSELECT count(*) AS count_all FROM "impressions" WHERE ("impressions".listing_id = 75969) [0m
  [4;35;1mAnalyzing  Execution Time: 0.171339

[0m   [0mAggregate  (cost=12714.08..12714.09 rows=1 width=0)
   ->  Seq Scan on impressions  (cost=0.00..12714.00 rows=31 width=0)
         Filter: (listing_id = 75969)
[0m
  [4;36;1mSQL (12.4ms)[0m   [0;1mSELECT count(*) AS count_all FROM "clicks" WHERE ("clicks".listing_id = 75969) [0m
  [4;35;1mAnalyzing  Execution Time: 0.012696

[0m   [0mAggregate  (cost=814.47..814.48 rows=1 width=0)
   ->  Seq Scan on clicks  (cost=0.00..814.46 rows=2 width=0)
         Filter: (listing_id = 75969)
[0m
  [4;36;1mSQL (2.1ms)[0m   [0;1mSELECT count(*) AS count_all FROM "listings" WHERE ("listings".user_id = 25493) [0m
  [4;35;1mAnalyzing  Execution Time: 0.002421

[0m   [0mAggregate  (cost=1615.81..1615.82 rows=1 width=0)
   ->  Index Scan using index_listings_on_id_and_user_id_and_title on listings  (cost=0.00..1615.79 rows=4 width=0)
         Index Cond: (user_id = 25493)
[0m
  [4;36;1mListing Load (2.8ms)[0m   [0;1mSELECT * FROM "listings" WHERE ("listings".user_id = 25493) [0m
  [4;35;1mAnalyzing Listing Load Execution Time: 0.003517

[0m   [0mIndex Scan using index_listings_on_id_and_user_id_and_title on listings  (cost=0.00..1615.79 rows=4 width=1172)
   Index Cond: (user_id = 25493)
[0m
  [4;36;1mSQL (181.5ms)[0m   [0;1mSELECT count(*) AS count_all FROM "impressions" WHERE ("impressions".listing_id = 113149) [0m
  [4;35;1mAnalyzing  Execution Time: 0.182155

[0m   [0mAggregate  (cost=12714.08..12714.09 rows=1 width=0)
   ->  Seq Scan on impressions  (cost=0.00..12714.00 rows=31 width=0)
         Filter: (listing_id = 113149)
[0m
  [4;36;1mSQL (12.0ms)[0m   [0;1mSELECT count(*) AS count_all FROM "clicks" WHERE ("clicks".listing_id = 113149) [0m
  [4;35;1mAnalyzing  Execution Time: 0.0123

[0m   [0mAggregate  (cost=814.47..814.48 rows=1 width=0)
   ->  Seq Scan on clicks  (cost=0.00..814.46 rows=2 width=0)
         Filter: (listing_id = 113149)
[0m
  [4;36;1mSQL (2.6ms)[0m   [0;1mSELECT count(*) AS count_all FROM "listings" WHERE ("listings".user_id = 25494) [0m
  [4;35;1mAnalyzing  Execution Time: 0.002887

[0m   [0mAggregate  (cost=1615.81..1615.82 rows=1 width=0)
   ->  Index Scan using index_listings_on_id_and_user_id_and_title on listings  (cost=0.00..1615.79 rows=4 width=0)
         Index Cond: (user_id = 25494)
[0m
  [4;36;1mListing Load (2.4ms)[0m   [0;1mSELECT * FROM "listings" WHERE ("listings".user_id = 25494) [0m
  [4;35;1mAnalyzing Listing Load Execution Time: 0.003228

[0m   [0mIndex Scan using index_listings_on_id_and_user_id_and_title on listings  (cost=0.00..1615.79 rows=4 width=1172)
   Index Cond: (user_id = 25494)
[0m
  [4;36;1mSQL (246.7ms)[0m   [0;1mSELECT count(*) AS count_all FROM "impressions" WHERE ("impressions".listing_id = 82137) [0m
  [4;35;1mAnalyzing  Execution Time: 0.246929

[0m   [0mAggregate  (cost=12714.08..12714.09 rows=1 width=0)
   ->  Seq Scan on impressions  (cost=0.00..12714.00 rows=31 width=0)
         Filter: (listing_id = 82137)
[0m
  [4;36;1mSQL (11.4ms)[0m   [0;1mSELECT count(*) AS count_all FROM "clicks" WHERE ("clicks".listing_id = 82137) [0m
  [4;35;1mAnalyzing  Execution Time: 0.011668

[0m   [0mAggregate  (cost=814.47..814.48 rows=1 width=0)
   ->  Seq Scan on clicks  (cost=0.00..814.46 rows=2 width=0)
         Filter: (listing_id = 82137)
[0m
  [4;36;1mSQL (2.9ms)[0m   [0;1mSELECT count(*) AS count_all FROM "listings" WHERE ("listings".user_id = 25482) [0m
  [4;35;1mAnalyzing  Execution Time: 0.003176

[0m   [0mAggregate  (cost=1615.81..1615.82 rows=1 width=0)
   ->  Index Scan using index_listings_on_id_and_user_id_and_title on listings  (cost=0.00..1615.79 rows=4 width=0)
         Index Cond: (user_id = 25482)
[0m
  [4;36;1mListing Load (4.6ms)[0m   [0;1mSELECT * FROM "listings" WHERE ("listings".user_id = 25482) [0m
  [4;35;1mAnalyzing Listing Load Execution Time: 0.009495

[0m   [0mIndex Scan using index_listings_on_id_and_user_id_and_title on listings  (cost=0.00..1615.79 rows=4 width=1172)
   Index Cond: (user_id = 25482)
[0m
  [4;36;1mSQL (169.5ms)[0m   [0;1mSELECT count(*) AS count_all FROM "impressions" WHERE ("impressions".listing_id = 65992) [0m
  [4;35;1mAnalyzing  Execution Time: 0.169811

[0m   [0mAggregate  (cost=12714.08..12714.09 rows=1 width=0)
   ->  Seq Scan on impressions  (cost=0.00..12714.00 rows=31 width=0)
         Filter: (listing_id = 65992)
[0m
  [4;36;1mSQL (183.5ms)[0m   [0;1mSELECT count(*) AS count_all FROM "impressions" WHERE ("impressions".listing_id = 93623) [0m
  [4;35;1mAnalyzing  Execution Time: 0.183817

[0m   [0mAggregate  (cost=12714.08..12714.09 rows=1 width=0)
   ->  Seq Scan on impressions  (cost=0.00..12714.00 rows=31 width=0)
         Filter: (listing_id = 93623)
[0m
  [4;36;1mSQL (199.4ms)[0m   [0;1mSELECT count(*) AS count_all FROM "impressions" WHERE ("impressions".listing_id = 93624) [0m
  [4;35;1mAnalyzing  Execution Time: 0.199641

[0m   [0mAggregate  (cost=12714.08..12714.09 rows=1 width=0)
   ->  Seq Scan on impressions  (cost=0.00..12714.00 rows=31 width=0)
         Filter: (listing_id = 93624)
[0m
  [4;36;1mSQL (303.7ms)[0m   [0;1mSELECT count(*) AS count_all FROM "impressions" WHERE ("impressions".listing_id = 93625) [0m
  [4;35;1mAnalyzing  Execution Time: 0.304012

[0m   [0mAggregate  (cost=12714.08..12714.09 rows=1 width=0)
   ->  Seq Scan on impressions  (cost=0.00..12714.00 rows=31 width=0)
         Filter: (listing_id = 93625)
[0m
  [4;36;1mSQL (184.7ms)[0m   [0;1mSELECT count(*) AS count_all FROM "impressions" WHERE ("impressions".listing_id = 93632) [0m
  [4;35;1mAnalyzing  Execution Time: 0.185019

[0m   [0mAggregate  (cost=12714.08..12714.09 rows=1 width=0)
   ->  Seq Scan on impressions  (cost=0.00..12714.00 rows=31 width=0)
         Filter: (listing_id = 93632)
[0m
  [4;36;1mSQL (175.6ms)[0m   [0;1mSELECT count(*) AS count_all FROM "impressions" WHERE ("impressions".listing_id = 93643) [0m
  [4;35;1mAnalyzing  Execution Time: 0.17591

[0m   [0mAggregate  (cost=12714.08..12714.09 rows=1 width=0)
   ->  Seq Scan on impressions  (cost=0.00..12714.00 rows=31 width=0)
         Filter: (listing_id = 93643)
[0m
  [4;36;1mSQL (191.1ms)[0m   [0;1mSELECT count(*) AS count_all FROM "impressions" WHERE ("impressions".listing_id = 93645) [0m
  [4;35;1mAnalyzing  Execution Time: 0.191369

[0m   [0mAggregate  (cost=12714.08..12714.09 rows=1 width=0)
   ->  Seq Scan on impressions  (cost=0.00..12714.00 rows=31 width=0)
         Filter: (listing_id = 93645)
[0m
  [4;36;1mSQL (186.3ms)[0m   [0;1mSELECT count(*) AS count_all FROM "impressions" WHERE ("impressions".listing_id = 93647) [0m
  [4;35;1mAnalyzing  Execution Time: 0.186574

[0m   [0mAggregate  (cost=12714.08..12714.09 rows=1 width=0)
   ->  Seq Scan on impressions  (cost=0.00..12714.00 rows=31 width=0)
         Filter: (listing_id = 93647)
[0m
  [4;36;1mSQL (209.5ms)[0m   [0;1mSELECT count(*) AS count_all FROM "impressions" WHERE ("impressions".listing_id = 93648) [0m
  [4;35;1mAnalyzing  Execution Time: 0.210234

[0m   [0mAggregate  (cost=12714.08..12714.09 rows=1 width=0)
   ->  Seq Scan on impressions  (cost=0.00..12714.00 rows=31 width=0)
         Filter: (listing_id = 93648)
[0m
  [4;36;1mSQL (212.8ms)[0m   [0;1mSELECT count(*) AS count_all FROM "impressions" WHERE ("impressions".listing_id = 113180) [0m
  [4;35;1mAnalyzing  Execution Time: 0.21306

[0m   [0mAggregate  (cost=12714.08..12714.09 rows=1 width=0)
   ->  Seq Scan on impressions  (cost=0.00..12714.00 rows=31 width=0)
         Filter: (listing_id = 113180)
[0m
  [4;36;1mSQL (212.2ms)[0m   [0;1mSELECT count(*) AS count_all FROM "impressions" WHERE ("impressions".listing_id = 113181) [0m
  [4;35;1mAnalyzing  Execution Time: 0.212463

[0m   [0mAggregate  (cost=12714.08..12714.09 rows=1 width=0)
   ->  Seq Scan on impressions  (cost=0.00..12714.00 rows=31 width=0)
         Filter: (listing_id = 113181)
[0m
  [4;36;1mSQL (220.1ms)[0m   [0;1mSELECT count(*) AS count_all FROM "impressions" WHERE ("impressions".listing_id = 113182) [0m
  [4;35;1mAnalyzing  Execution Time: 0.220376

[0m   [0mAggregate  (cost=12714.08..12714.09 rows=1 width=0)
   ->  Seq Scan on impressions  (cost=0.00..12714.00 rows=31 width=0)
         Filter: (listing_id = 113182)
[0m
  [4;36;1mSQL (17.9ms)[0m   [0;1mSELECT count(*) AS count_all FROM "clicks" WHERE ("clicks".listing_id = 65992) [0m
  [4;35;1mAnalyzing  Execution Time: 0.018223

[0m   [0mAggregate  (cost=814.47..814.48 rows=1 width=0)
   ->  Seq Scan on clicks  (cost=0.00..814.46 rows=2 width=0)
         Filter: (listing_id = 65992)
[0m
  [4;36;1mSQL (11.6ms)[0m   [0;1mSELECT count(*) AS count_all FROM "clicks" WHERE ("clicks".listing_id = 93623) [0m
  [4;35;1mAnalyzing  Execution Time: 0.011844

[0m   [0mAggregate  (cost=814.47..814.48 rows=1 width=0)
   ->  Seq Scan on clicks  (cost=0.00..814.46 rows=2 width=0)
         Filter: (listing_id = 93623)
[0m
  [4;36;1mSQL (14.9ms)[0m   [0;1mSELECT count(*) AS count_all FROM "clicks" WHERE ("clicks".listing_id = 93624) [0m
  [4;35;1mAnalyzing  Execution Time: 0.015208

[0m   [0mAggregate  (cost=814.47..814.48 rows=1 width=0)
   ->  Seq Scan on clicks  (cost=0.00..814.46 rows=2 width=0)
         Filter: (listing_id = 93624)
[0m
  [4;36;1mSQL (13.2ms)[0m   [0;1mSELECT count(*) AS count_all FROM "clicks" WHERE ("clicks".listing_id = 93625) [0m
  [4;35;1mAnalyzing  Execution Time: 0.013567

[0m   [0mAggregate  (cost=814.47..814.48 rows=1 width=0)
   ->  Seq Scan on clicks  (cost=0.00..814.46 rows=2 width=0)
         Filter: (listing_id = 93625)
[0m
  [4;36;1mSQL (10.9ms)[0m   [0;1mSELECT count(*) AS count_all FROM "clicks" WHERE ("clicks".listing_id = 93632) [0m
  [4;35;1mAnalyzing  Execution Time: 0.011214

[0m   [0mAggregate  (cost=814.47..814.48 rows=1 width=0)
   ->  Seq Scan on clicks  (cost=0.00..814.46 rows=2 width=0)
         Filter: (listing_id = 93632)
[0m
  [4;36;1mSQL (12.8ms)[0m   [0;1mSELECT count(*) AS count_all FROM "clicks" WHERE ("clicks".listing_id = 93643) [0m
  [4;35;1mAnalyzing  Execution Time: 0.013108

[0m   [0mAggregate  (cost=814.47..814.48 rows=1 width=0)
   ->  Seq Scan on clicks  (cost=0.00..814.46 rows=2 width=0)
         Filter: (listing_id = 93643)
[0m
  [4;36;1mSQL (10.3ms)[0m   [0;1mSELECT count(*) AS count_all FROM "clicks" WHERE ("clicks".listing_id = 93645) [0m
  [4;35;1mAnalyzing  Execution Time: 0.010625

[0m   [0mAggregate  (cost=814.47..814.48 rows=1 width=0)
   ->  Seq Scan on clicks  (cost=0.00..814.46 rows=2 width=0)
         Filter: (listing_id = 93645)
[0m
  [4;36;1mSQL (10.0ms)[0m   [0;1mSELECT count(*) AS count_all FROM "clicks" WHERE ("clicks".listing_id = 93647) [0m
  [4;35;1mAnalyzing  Execution Time: 0.010294

[0m   [0mAggregate  (cost=814.47..814.48 rows=1 width=0)
   ->  Seq Scan on clicks  (cost=0.00..814.46 rows=2 width=0)
         Filter: (listing_id = 93647)
[0m
  [4;36;1mSQL (9.7ms)[0m   [0;1mSELECT count(*) AS count_all FROM "clicks" WHERE ("clicks".listing_id = 93648) [0m
  [4;35;1mAnalyzing  Execution Time: 0.009977

[0m   [0mAggregate  (cost=814.47..814.48 rows=1 width=0)
   ->  Seq Scan on clicks  (cost=0.00..814.46 rows=2 width=0)
         Filter: (listing_id = 93648)
[0m
  [4;36;1mSQL (9.7ms)[0m   [0;1mSELECT count(*) AS count_all FROM "clicks" WHERE ("clicks".listing_id = 113180) [0m
  [4;35;1mAnalyzing  Execution Time: 0.010033

[0m   [0mAggregate  (cost=814.47..814.48 rows=1 width=0)
   ->  Seq Scan on clicks  (cost=0.00..814.46 rows=2 width=0)
         Filter: (listing_id = 113180)
[0m
  [4;36;1mSQL (12.9ms)[0m   [0;1mSELECT count(*) AS count_all FROM "clicks" WHERE ("clicks".listing_id = 113181) [0m
  [4;35;1mAnalyzing  Execution Time: 0.013216

[0m   [0mAggregate  (cost=814.47..814.48 rows=1 width=0)
   ->  Seq Scan on clicks  (cost=0.00..814.46 rows=2 width=0)
         Filter: (listing_id = 113181)
[0m
  [4;36;1mSQL (10.5ms)[0m   [0;1mSELECT count(*) AS count_all FROM "clicks" WHERE ("clicks".listing_id = 113182) [0m
  [4;35;1mAnalyzing  Execution Time: 0.01082

[0m   [0mAggregate  (cost=814.47..814.48 rows=1 width=0)
   ->  Seq Scan on clicks  (cost=0.00..814.46 rows=2 width=0)
         Filter: (listing_id = 113182)
[0m
  [4;36;1mSQL (7.7ms)[0m   [0;1mSELECT count(*) AS count_all FROM "listings" WHERE ("listings".user_id = 25480) [0m
  [4;35;1mAnalyzing  Execution Time: 0.008023

[0m   [0mAggregate  (cost=1615.81..1615.82 rows=1 width=0)
   ->  Index Scan using index_listings_on_id_and_user_id_and_title on listings  (cost=0.00..1615.79 rows=4 width=0)
         Index Cond: (user_id = 25480)
[0m
  [4;36;1mListing Load (2.4ms)[0m   [0;1mSELECT * FROM "listings" WHERE ("listings".user_id = 25480) [0m
  [4;35;1mAnalyzing Listing Load Execution Time: 0.003472

[0m   [0mIndex Scan using index_listings_on_id_and_user_id_and_title on listings  (cost=0.00..1615.79 rows=4 width=1172)
   Index Cond: (user_id = 25480)
[0m
  [4;36;1mSQL (237.0ms)[0m   [0;1mSELECT count(*) AS count_all FROM "impressions" WHERE ("impressions".listing_id = 65906) [0m
  [4;35;1mAnalyzing  Execution Time: 0.237555

[0m   [0mAggregate  (cost=12714.08..12714.09 rows=1 width=0)
   ->  Seq Scan on impressions  (cost=0.00..12714.00 rows=31 width=0)
         Filter: (listing_id = 65906)
[0m
  [4;36;1mSQL (17.5ms)[0m   [0;1mSELECT count(*) AS count_all FROM "clicks" WHERE ("clicks".listing_id = 65906) [0m
  [4;35;1mAnalyzing  Execution Time: 0.017805

[0m   [0mAggregate  (cost=814.47..814.48 rows=1 width=0)
   ->  Seq Scan on clicks  (cost=0.00..814.46 rows=2 width=0)
         Filter: (listing_id = 65906)
[0m
  [4;36;1mSQL (3.3ms)[0m   [0;1mSELECT count(*) AS count_all FROM "listings" WHERE ("listings".user_id = 25481) [0m
  [4;35;1mAnalyzing  Execution Time: 0.003616

[0m   [0mAggregate  (cost=1615.81..1615.82 rows=1 width=0)
   ->  Index Scan using index_listings_on_id_and_user_id_and_title on listings  (cost=0.00..1615.79 rows=4 width=0)
         Index Cond: (user_id = 25481)
[0m
  [4;36;1mListing Load (2.8ms)[0m   [0;1mSELECT * FROM "listings" WHERE ("listings".user_id = 25481) [0m
  [4;35;1mAnalyzing Listing Load Execution Time: 0.003625

[0m   [0mIndex Scan using index_listings_on_id_and_user_id_and_title on listings  (cost=0.00..1615.79 rows=4 width=1172)
   Index Cond: (user_id = 25481)
[0m
  [4;36;1mSQL (242.1ms)[0m   [0;1mSELECT count(*) AS count_all FROM "impressions" WHERE ("impressions".listing_id = 113143) [0m
  [4;35;1mAnalyzing  Execution Time: 0.242632

[0m   [0mAggregate  (cost=12714.08..12714.09 rows=1 width=0)
   ->  Seq Scan on impressions  (cost=0.00..12714.00 rows=31 width=0)
         Filter: (listing_id = 113143)
[0m
  [4;36;1mSQL (24.2ms)[0m   [0;1mSELECT count(*) AS count_all FROM "clicks" WHERE ("clicks".listing_id = 113143) [0m
  [4;35;1mAnalyzing  Execution Time: 0.024441

[0m   [0mAggregate  (cost=814.47..814.48 rows=1 width=0)
   ->  Seq Scan on clicks  (cost=0.00..814.46 rows=2 width=0)
         Filter: (listing_id = 113143)
[0m
  [4;36;1mSQL (3.3ms)[0m   [0;1mSELECT count(*) AS count_all FROM "listings" WHERE ("listings".user_id = 25477) [0m
  [4;35;1mAnalyzing  Execution Time: 0.003592

[0m   [0mAggregate  (cost=1615.81..1615.82 rows=1 width=0)
   ->  Index Scan using index_listings_on_id_and_user_id_and_title on listings  (cost=0.00..1615.79 rows=4 width=0)
         Index Cond: (user_id = 25477)
[0m
  [4;36;1mListing Load (2.3ms)[0m   [0;1mSELECT * FROM "listings" WHERE ("listings".user_id = 25477) [0m
  [4;35;1mAnalyzing Listing Load Execution Time: 0.003246

[0m   [0mIndex Scan using index_listings_on_id_and_user_id_and_title on listings  (cost=0.00..1615.79 rows=4 width=1172)
   Index Cond: (user_id = 25477)
[0m
  [4;36;1mSQL (174.5ms)[0m   [0;1mSELECT count(*) AS count_all FROM "impressions" WHERE ("impressions".listing_id = 80587) [0m
  [4;35;1mAnalyzing  Execution Time: 0.174765

[0m   [0mAggregate  (cost=12714.08..12714.09 rows=1 width=0)
   ->  Seq Scan on impressions  (cost=0.00..12714.00 rows=31 width=0)
         Filter: (listing_id = 80587)
[0m
  [4;36;1mSQL (20.0ms)[0m   [0;1mSELECT count(*) AS count_all FROM "clicks" WHERE ("clicks".listing_id = 80587) [0m
  [4;35;1mAnalyzing  Execution Time: 0.020236

[0m   [0mAggregate  (cost=814.47..814.48 rows=1 width=0)
   ->  Seq Scan on clicks  (cost=0.00..814.46 rows=2 width=0)
         Filter: (listing_id = 80587)
[0m
  [4;36;1mSQL (3.2ms)[0m   [0;1mSELECT count(*) AS count_all FROM "listings" WHERE ("listings".user_id = 25478) [0m
  [4;35;1mAnalyzing  Execution Time: 0.003499

[0m   [0mAggregate  (cost=1615.81..1615.82 rows=1 width=0)
   ->  Index Scan using index_listings_on_id_and_user_id_and_title on listings  (cost=0.00..1615.79 rows=4 width=0)
         Index Cond: (user_id = 25478)
[0m
  [4;36;1mListing Load (2.4ms)[0m   [0;1mSELECT * FROM "listings" WHERE ("listings".user_id = 25478) [0m
  [4;35;1mAnalyzing Listing Load Execution Time: 0.003454

[0m   [0mIndex Scan using index_listings_on_id_and_user_id_and_title on listings  (cost=0.00..1615.79 rows=4 width=1172)
   Index Cond: (user_id = 25478)
[0m
  [4;36;1mSQL (191.9ms)[0m   [0;1mSELECT count(*) AS count_all FROM "impressions" WHERE ("impressions".listing_id = 113141) [0m
  [4;35;1mAnalyzing  Execution Time: 0.192143

[0m   [0mAggregate  (cost=12714.08..12714.09 rows=1 width=0)
   ->  Seq Scan on impressions  (cost=0.00..12714.00 rows=31 width=0)
         Filter: (listing_id = 113141)
[0m
  [4;36;1mSQL (9.3ms)[0m   [0;1mSELECT count(*) AS count_all FROM "clicks" WHERE ("clicks".listing_id = 113141) [0m
  [4;35;1mAnalyzing  Execution Time: 0.009572

[0m   [0mAggregate  (cost=814.47..814.48 rows=1 width=0)
   ->  Seq Scan on clicks  (cost=0.00..814.46 rows=2 width=0)
         Filter: (listing_id = 113141)
[0m
  [4;36;1mSQL (2.6ms)[0m   [0;1mSELECT count(*) AS count_all FROM "listings" WHERE ("listings".user_id = 25479) [0m
  [4;35;1mAnalyzing  Execution Time: 0.002939

[0m   [0mAggregate  (cost=1615.81..1615.82 rows=1 width=0)
   ->  Index Scan using index_listings_on_id_and_user_id_and_title on listings  (cost=0.00..1615.79 rows=4 width=0)
         Index Cond: (user_id = 25479)
[0m
  [4;36;1mListing Load (2.4ms)[0m   [0;1mSELECT * FROM "listings" WHERE ("listings".user_id = 25479) [0m
  [4;35;1mAnalyzing Listing Load Execution Time: 0.003366

[0m   [0mIndex Scan using index_listings_on_id_and_user_id_and_title on listings  (cost=0.00..1615.79 rows=4 width=1172)
   Index Cond: (user_id = 25479)
[0m
  [4;36;1mSQL (300.3ms)[0m   [0;1mSELECT count(*) AS count_all FROM "impressions" WHERE ("impressions".listing_id = 113142) [0m
  [4;35;1mAnalyzing  Execution Time: 0.300538

[0m   [0mAggregate  (cost=12714.08..12714.09 rows=1 width=0)
   ->  Seq Scan on impressions  (cost=0.00..12714.00 rows=31 width=0)
         Filter: (listing_id = 113142)
[0m
  [4;36;1mSQL (11.7ms)[0m   [0;1mSELECT count(*) AS count_all FROM "clicks" WHERE ("clicks".listing_id = 113142) [0m
  [4;35;1mAnalyzing  Execution Time: 0.011993

[0m   [0mAggregate  (cost=814.47..814.48 rows=1 width=0)
   ->  Seq Scan on clicks  (cost=0.00..814.46 rows=2 width=0)
         Filter: (listing_id = 113142)
[0m
  [4;36;1mSQL (2.2ms)[0m   [0;1mSELECT count(*) AS count_all FROM "listings" WHERE ("listings".user_id = 25471) [0m
  [4;35;1mAnalyzing  Execution Time: 0.002438

[0m   [0mAggregate  (cost=1615.81..1615.82 rows=1 width=0)
   ->  Index Scan using index_listings_on_id_and_user_id_and_title on listings  (cost=0.00..1615.79 rows=4 width=0)
         Index Cond: (user_id = 25471)
[0m
  [4;36;1mListing Load (3.0ms)[0m   [0;1mSELECT * FROM "listings" WHERE ("listings".user_id = 25471) [0m
  [4;35;1mAnalyzing Listing Load Execution Time: 0.003742

[0m   [0mIndex Scan using index_listings_on_id_and_user_id_and_title on listings  (cost=0.00..1615.79 rows=4 width=1172)
   Index Cond: (user_id = 25471)
[0m
  [4;36;1mSQL (291.5ms)[0m   [0;1mSELECT count(*) AS count_all FROM "impressions" WHERE ("impressions".listing_id = 113139) [0m
  [4;35;1mAnalyzing  Execution Time: 0.291793

[0m   [0mAggregate  (cost=12714.08..12714.09 rows=1 width=0)
   ->  Seq Scan on impressions  (cost=0.00..12714.00 rows=31 width=0)
         Filter: (listing_id = 113139)
[0m
  [4;36;1mSQL (12.6ms)[0m   [0;1mSELECT count(*) AS count_all FROM "clicks" WHERE ("clicks".listing_id = 113139) [0m
  [4;35;1mAnalyzing  Execution Time: 0.012847

[0m   [0mAggregate  (cost=814.47..814.48 rows=1 width=0)
   ->  Seq Scan on clicks  (cost=0.00..814.46 rows=2 width=0)
         Filter: (listing_id = 113139)
[0m
  [4;36;1mSQL (4.3ms)[0m   [0;1mSELECT count(*) AS count_all FROM "listings" WHERE ("listings".user_id = 25472) [0m
  [4;35;1mAnalyzing  Execution Time: 0.004613

[0m   [0mAggregate  (cost=1615.81..1615.82 rows=1 width=0)
   ->  Index Scan using index_listings_on_id_and_user_id_and_title on listings  (cost=0.00..1615.79 rows=4 width=0)
         Index Cond: (user_id = 25472)
[0m
  [4;36;1mListing Load (4.2ms)[0m   [0;1mSELECT * FROM "listings" WHERE ("listings".user_id = 25472) [0m
  [4;35;1mAnalyzing Listing Load Execution Time: 0.004922

[0m   [0mIndex Scan using index_listings_on_id_and_user_id_and_title on listings  (cost=0.00..1615.79 rows=4 width=1172)
   Index Cond: (user_id = 25472)
[0m
  [4;36;1mSQL (228.7ms)[0m   [0;1mSELECT count(*) AS count_all FROM "impressions" WHERE ("impressions".listing_id = 103788) [0m
  [4;35;1mAnalyzing  Execution Time: 0.228946

[0m   [0mAggregate  (cost=12714.08..12714.09 rows=1 width=0)
   ->  Seq Scan on impressions  (cost=0.00..12714.00 rows=31 width=0)
         Filter: (listing_id = 103788)
[0m
  [4;36;1mSQL (13.0ms)[0m   [0;1mSELECT count(*) AS count_all FROM "clicks" WHERE ("clicks".listing_id = 103788) [0m
  [4;35;1mAnalyzing  Execution Time: 0.013858

[0m   [0mAggregate  (cost=814.47..814.48 rows=1 width=0)
   ->  Seq Scan on clicks  (cost=0.00..814.46 rows=2 width=0)
         Filter: (listing_id = 103788)
[0m
  [4;36;1mSQL (3.2ms)[0m   [0;1mSELECT count(*) AS count_all FROM "listings" WHERE ("listings".user_id = 25473) [0m
  [4;35;1mAnalyzing  Execution Time: 0.003482

[0m   [0mAggregate  (cost=1615.81..1615.82 rows=1 width=0)
   ->  Index Scan using index_listings_on_id_and_user_id_and_title on listings  (cost=0.00..1615.79 rows=4 width=0)
         Index Cond: (user_id = 25473)
[0m
  [4;36;1mListing Load (2.9ms)[0m   [0;1mSELECT * FROM "listings" WHERE ("listings".user_id = 25473) [0m
  [4;35;1mAnalyzing Listing Load Execution Time: 0.00772

[0m   [0mIndex Scan using index_listings_on_id_and_user_id_and_title on listings  (cost=0.00..1615.79 rows=4 width=1172)
   Index Cond: (user_id = 25473)
[0m
  [4;36;1mSQL (204.7ms)[0m   [0;1mSELECT count(*) AS count_all FROM "impressions" WHERE ("impressions".listing_id = 66154) [0m
  [4;35;1mAnalyzing  Execution Time: 0.205023

[0m   [0mAggregate  (cost=12714.08..12714.09 rows=1 width=0)
   ->  Seq Scan on impressions  (cost=0.00..12714.00 rows=31 width=0)
         Filter: (listing_id = 66154)
[0m
  [4;36;1mSQL (351.9ms)[0m   [0;1mSELECT count(*) AS count_all FROM "impressions" WHERE ("impressions".listing_id = 71768) [0m
  [4;35;1mAnalyzing  Execution Time: 0.352225

[0m   [0mAggregate  (cost=12714.08..12714.09 rows=1 width=0)
   ->  Seq Scan on impressions  (cost=0.00..12714.00 rows=31 width=0)
         Filter: (listing_id = 71768)
[0m
  [4;36;1mSQL (192.6ms)[0m   [0;1mSELECT count(*) AS count_all FROM "impressions" WHERE ("impressions".listing_id = 113261) [0m
  [4;35;1mAnalyzing  Execution Time: 0.192883

[0m   [0mAggregate  (cost=12714.08..12714.09 rows=1 width=0)
   ->  Seq Scan on impressions  (cost=0.00..12714.00 rows=31 width=0)
         Filter: (listing_id = 113261)
[0m
  [4;36;1mSQL (199.5ms)[0m   [0;1mSELECT count(*) AS count_all FROM "impressions" WHERE ("impressions".listing_id = 113262) [0m
  [4;35;1mAnalyzing  Execution Time: 0.199878

[0m   [0mAggregate  (cost=12714.08..12714.09 rows=1 width=0)
   ->  Seq Scan on impressions  (cost=0.00..12714.00 rows=31 width=0)
         Filter: (listing_id = 113262)
[0m
  [4;36;1mSQL (187.4ms)[0m   [0;1mSELECT count(*) AS count_all FROM "impressions" WHERE ("impressions".listing_id = 113263) [0m
  [4;35;1mAnalyzing  Execution Time: 0.187652

[0m   [0mAggregate  (cost=12714.08..12714.09 rows=1 width=0)
   ->  Seq Scan on impressions  (cost=0.00..12714.00 rows=31 width=0)
         Filter: (listing_id = 113263)
[0m
  [4;36;1mSQL (194.6ms)[0m   [0;1mSELECT count(*) AS count_all FROM "impressions" WHERE ("impressions".listing_id = 113264) [0m
  [4;35;1mAnalyzing  Execution Time: 0.194887

[0m   [0mAggregate  (cost=12714.08..12714.09 rows=1 width=0)
   ->  Seq Scan on impressions  (cost=0.00..12714.00 rows=31 width=0)
         Filter: (listing_id = 113264)
[0m
  [4;36;1mSQL (210.7ms)[0m   [0;1mSELECT count(*) AS count_all FROM "impressions" WHERE ("impressions".listing_id = 113265) [0m
  [4;35;1mAnalyzing  Execution Time: 0.210982

[0m   [0mAggregate  (cost=12714.08..12714.09 rows=1 width=0)
   ->  Seq Scan on impressions  (cost=0.00..12714.00 rows=31 width=0)
         Filter: (listing_id = 113265)
[0m
  [4;36;1mSQL (20.8ms)[0m   [0;1mSELECT count(*) AS count_all FROM "clicks" WHERE ("clicks".listing_id = 66154) [0m
  [4;35;1mAnalyzing  Execution Time: 0.021207

[0m   [0mAggregate  (cost=814.47..814.48 rows=1 width=0)
   ->  Seq Scan on clicks  (cost=0.00..814.46 rows=2 width=0)
         Filter: (listing_id = 66154)
[0m
  [4;36;1mSQL (13.2ms)[0m   [0;1mSELECT count(*) AS count_all FROM "clicks" WHERE ("clicks".listing_id = 71768) [0m
  [4;35;1mAnalyzing  Execution Time: 0.013466

[0m   [0mAggregate  (cost=814.47..814.48 rows=1 width=0)
   ->  Seq Scan on clicks  (cost=0.00..814.46 rows=2 width=0)
         Filter: (listing_id = 71768)
[0m
  [4;36;1mSQL (10.9ms)[0m   [0;1mSELECT count(*) AS count_all FROM "clicks" WHERE ("clicks".listing_id = 113261) [0m
  [4;35;1mAnalyzing  Execution Time: 0.011196

[0m   [0mAggregate  (cost=814.47..814.48 rows=1 width=0)
   ->  Seq Scan on clicks  (cost=0.00..814.46 rows=2 width=0)
         Filter: (listing_id = 113261)
[0m
  [4;36;1mSQL (20.6ms)[0m   [0;1mSELECT count(*) AS count_all FROM "clicks" WHERE ("clicks".listing_id = 113262) [0m
  [4;35;1mAnalyzing  Execution Time: 0.020883

[0m   [0mAggregate  (cost=814.47..814.48 rows=1 width=0)
   ->  Seq Scan on clicks  (cost=0.00..814.46 rows=2 width=0)
         Filter: (listing_id = 113262)
[0m
  [4;36;1mSQL (11.1ms)[0m   [0;1mSELECT count(*) AS count_all FROM "clicks" WHERE ("clicks".listing_id = 113263) [0m
  [4;35;1mAnalyzing  Execution Time: 0.011333

[0m   [0mAggregate  (cost=814.47..814.48 rows=1 width=0)
   ->  Seq Scan on clicks  (cost=0.00..814.46 rows=2 width=0)
         Filter: (listing_id = 113263)
[0m
  [4;36;1mSQL (10.3ms)[0m   [0;1mSELECT count(*) AS count_all FROM "clicks" WHERE ("clicks".listing_id = 113264) [0m
  [4;35;1mAnalyzing  Execution Time: 0.010524

[0m   [0mAggregate  (cost=814.47..814.48 rows=1 width=0)
   ->  Seq Scan on clicks  (cost=0.00..814.46 rows=2 width=0)
         Filter: (listing_id = 113264)
[0m
  [4;36;1mSQL (14.5ms)[0m   [0;1mSELECT count(*) AS count_all FROM "clicks" WHERE ("clicks".listing_id = 113265) [0m
  [4;35;1mAnalyzing  Execution Time: 0.014744

[0m   [0mAggregate  (cost=814.49..814.50 rows=1 width=0)
   ->  Seq Scan on clicks  (cost=0.00..814.46 rows=8 width=0)
         Filter: (listing_id = 113265)
[0m
  [4;36;1mSQL (14.3ms)[0m   [0;1mSELECT count(*) AS count_all FROM "listings" WHERE ("listings".user_id = 25474) [0m
  [4;35;1mAnalyzing  Execution Time: 0.014581

[0m   [0mAggregate  (cost=1615.81..1615.82 rows=1 width=0)
   ->  Index Scan using index_listings_on_id_and_user_id_and_title on listings  (cost=0.00..1615.79 rows=4 width=0)
         Index Cond: (user_id = 25474)
[0m
  [4;36;1mListing Load (2.3ms)[0m   [0;1mSELECT * FROM "listings" WHERE ("listings".user_id = 25474) [0m
  [4;35;1mAnalyzing Listing Load Execution Time: 0.003056

[0m   [0mIndex Scan using index_listings_on_id_and_user_id_and_title on listings  (cost=0.00..1615.79 rows=4 width=1172)
   Index Cond: (user_id = 25474)
[0m
  [4;36;1mSQL (285.7ms)[0m   [0;1mSELECT count(*) AS count_all FROM "impressions" WHERE ("impressions".listing_id = 71648) [0m
  [4;35;1mAnalyzing  Execution Time: 0.286023

[0m   [0mAggregate  (cost=12714.08..12714.09 rows=1 width=0)
   ->  Seq Scan on impressions  (cost=0.00..12714.00 rows=31 width=0)
         Filter: (listing_id = 71648)
[0m
  [4;36;1mSQL (9.8ms)[0m   [0;1mSELECT count(*) AS count_all FROM "clicks" WHERE ("clicks".listing_id = 71648) [0m
  [4;35;1mAnalyzing  Execution Time: 0.010102

[0m   [0mAggregate  (cost=814.47..814.48 rows=1 width=0)
   ->  Seq Scan on clicks  (cost=0.00..814.46 rows=2 width=0)
         Filter: (listing_id = 71648)
[0m
  [4;36;1mSQL (2.3ms)[0m   [0;1mSELECT count(*) AS count_all FROM "listings" WHERE ("listings".user_id = 25475) [0m
  [4;35;1mAnalyzing  Execution Time: 0.002573

[0m   [0mAggregate  (cost=1615.81..1615.82 rows=1 width=0)
   ->  Index Scan using index_listings_on_id_and_user_id_and_title on listings  (cost=0.00..1615.79 rows=4 width=0)
         Index Cond: (user_id = 25475)
[0m
  [4;36;1mListing Load (2.2ms)[0m   [0;1mSELECT * FROM "listings" WHERE ("listings".user_id = 25475) [0m
  [4;35;1mAnalyzing Listing Load Execution Time: 0.002914

[0m   [0mIndex Scan using index_listings_on_id_and_user_id_and_title on listings  (cost=0.00..1615.79 rows=4 width=1172)
   Index Cond: (user_id = 25475)
[0m
  [4;36;1mSQL (209.6ms)[0m   [0;1mSELECT count(*) AS count_all FROM "impressions" WHERE ("impressions".listing_id = 113140) [0m
  [4;35;1mAnalyzing  Execution Time: 0.209886

[0m   [0mAggregate  (cost=12714.08..12714.09 rows=1 width=0)
   ->  Seq Scan on impressions  (cost=0.00..12714.00 rows=31 width=0)
         Filter: (listing_id = 113140)
[0m
  [4;36;1mSQL (10.3ms)[0m   [0;1mSELECT count(*) AS count_all FROM "clicks" WHERE ("clicks".listing_id = 113140) [0m
  [4;35;1mAnalyzing  Execution Time: 0.010593

[0m   [0mAggregate  (cost=814.47..814.48 rows=1 width=0)
   ->  Seq Scan on clicks  (cost=0.00..814.46 rows=2 width=0)
         Filter: (listing_id = 113140)
[0m
  [4;36;1mSQL (2.5ms)[0m   [0;1mSELECT count(*) AS count_all FROM "listings" WHERE ("listings".user_id = 25476) [0m
  [4;35;1mAnalyzing  Execution Time: 0.002849

[0m   [0mAggregate  (cost=1615.81..1615.82 rows=1 width=0)
   ->  Index Scan using index_listings_on_id_and_user_id_and_title on listings  (cost=0.00..1615.79 rows=4 width=0)
         Index Cond: (user_id = 25476)
[0m
  [4;36;1mListing Load (2.2ms)[0m   [0;1mSELECT * FROM "listings" WHERE ("listings".user_id = 25476) [0m
  [4;35;1mAnalyzing Listing Load Execution Time: 0.002926

[0m   [0mIndex Scan using index_listings_on_id_and_user_id_and_title on listings  (cost=0.00..1615.79 rows=4 width=1172)
   Index Cond: (user_id = 25476)
[0m
  [4;36;1mSQL (318.0ms)[0m   [0;1mSELECT count(*) AS count_all FROM "impressions" WHERE ("impressions".listing_id = 77154) [0m
  [4;35;1mAnalyzing  Execution Time: 0.318299

[0m   [0mAggregate  (cost=12714.08..12714.09 rows=1 width=0)
   ->  Seq Scan on impressions  (cost=0.00..12714.00 rows=31 width=0)
         Filter: (listing_id = 77154)
[0m
  [4;36;1mSQL (17.5ms)[0m   [0;1mSELECT count(*) AS count_all FROM "clicks" WHERE ("clicks".listing_id = 77154) [0m
  [4;35;1mAnalyzing  Execution Time: 0.017785

[0m   [0mAggregate  (cost=814.47..814.48 rows=1 width=0)
   ->  Seq Scan on clicks  (cost=0.00..814.46 rows=2 width=0)
         Filter: (listing_id = 77154)
[0m
  [4;36;1mSQL (2.6ms)[0m   [0;1mSELECT count(*) AS count_all FROM "listings" WHERE ("listings".user_id = 25462) [0m
  [4;35;1mAnalyzing  Execution Time: 0.002852

[0m   [0mAggregate  (cost=1615.81..1615.82 rows=1 width=0)
   ->  Index Scan using index_listings_on_id_and_user_id_and_title on listings  (cost=0.00..1615.79 rows=4 width=0)
         Index Cond: (user_id = 25462)
[0m
  [4;36;1mListing Load (2.8ms)[0m   [0;1mSELECT * FROM "listings" WHERE ("listings".user_id = 25462) [0m
  [4;35;1mAnalyzing Listing Load Execution Time: 0.003594

[0m   [0mIndex Scan using index_listings_on_id_and_user_id_and_title on listings  (cost=0.00..1615.79 rows=4 width=1172)
   Index Cond: (user_id = 25462)
[0m
  [4;36;1mSQL (479.4ms)[0m   [0;1mSELECT count(*) AS count_all FROM "impressions" WHERE ("impressions".listing_id = 85951) [0m
  [4;35;1mAnalyzing  Execution Time: 0.480022

[0m   [0mAggregate  (cost=12714.08..12714.09 rows=1 width=0)
   ->  Seq Scan on impressions  (cost=0.00..12714.00 rows=31 width=0)
         Filter: (listing_id = 85951)
[0m
  [4;36;1mSQL (11.7ms)[0m   [0;1mSELECT count(*) AS count_all FROM "clicks" WHERE ("clicks".listing_id = 85951) [0m
  [4;35;1mAnalyzing  Execution Time: 0.011965

[0m   [0mAggregate  (cost=814.47..814.48 rows=1 width=0)
   ->  Seq Scan on clicks  (cost=0.00..814.46 rows=2 width=0)
         Filter: (listing_id = 85951)
[0m
  [4;36;1mSQL (9.3ms)[0m   [0;1mSELECT count(*) AS count_all FROM "listings" WHERE ("listings".user_id = 25463) [0m
  [4;35;1mAnalyzing  Execution Time: 0.009563

[0m   [0mAggregate  (cost=1615.81..1615.82 rows=1 width=0)
   ->  Index Scan using index_listings_on_id_and_user_id_and_title on listings  (cost=0.00..1615.79 rows=4 width=0)
         Index Cond: (user_id = 25463)
[0m
  [4;36;1mListing Load (13.6ms)[0m   [0;1mSELECT * FROM "listings" WHERE ("listings".user_id = 25463) [0m
  [4;35;1mAnalyzing Listing Load Execution Time: 0.015502

[0m   [0mIndex Scan using index_listings_on_id_and_user_id_and_title on listings  (cost=0.00..1615.79 rows=4 width=1172)
   Index Cond: (user_id = 25463)
[0m
  [4;36;1mSQL (218.2ms)[0m   [0;1mSELECT count(*) AS count_all FROM "impressions" WHERE ("impressions".listing_id = 75348) [0m
  [4;35;1mAnalyzing  Execution Time: 0.21848

[0m   [0mAggregate  (cost=12714.08..12714.09 rows=1 width=0)
   ->  Seq Scan on impressions  (cost=0.00..12714.00 rows=31 width=0)
         Filter: (listing_id = 75348)
[0m
  [4;36;1mSQL (196.4ms)[0m   [0;1mSELECT count(*) AS count_all FROM "impressions" WHERE ("impressions".listing_id = 93151) [0m
  [4;35;1mAnalyzing  Execution Time: 0.196636

[0m   [0mAggregate  (cost=12714.08..12714.09 rows=1 width=0)
   ->  Seq Scan on impressions  (cost=0.00..12714.00 rows=31 width=0)
         Filter: (listing_id = 93151)
[0m
  [4;36;1mSQL (184.9ms)[0m   [0;1mSELECT count(*) AS count_all FROM "impressions" WHERE ("impressions".listing_id = 93152) [0m
  [4;35;1mAnalyzing  Execution Time: 0.185166

[0m   [0mAggregate  (cost=12714.08..12714.09 rows=1 width=0)
   ->  Seq Scan on impressions  (cost=0.00..12714.00 rows=31 width=0)
         Filter: (listing_id = 93152)
[0m
  [4;36;1mSQL (193.7ms)[0m   [0;1mSELECT count(*) AS count_all FROM "impressions" WHERE ("impressions".listing_id = 95507) [0m
  [4;35;1mAnalyzing  Execution Time: 0.19431

[0m   [0mAggregate  (cost=12714.08..12714.09 rows=1 width=0)
   ->  Seq Scan on impressions  (cost=0.00..12714.00 rows=31 width=0)
         Filter: (listing_id = 95507)
[0m
  [4;36;1mSQL (12.8ms)[0m   [0;1mSELECT count(*) AS count_all FROM "clicks" WHERE ("clicks".listing_id = 75348) [0m
  [4;35;1mAnalyzing  Execution Time: 0.01306

[0m   [0mAggregate  (cost=814.47..814.48 rows=1 width=0)
   ->  Seq Scan on clicks  (cost=0.00..814.46 rows=2 width=0)
         Filter: (listing_id = 75348)
[0m
  [4;36;1mSQL (9.1ms)[0m   [0;1mSELECT count(*) AS count_all FROM "clicks" WHERE ("clicks".listing_id = 93151) [0m
  [4;35;1mAnalyzing  Execution Time: 0.009584

[0m   [0mAggregate  (cost=814.47..814.48 rows=1 width=0)
   ->  Seq Scan on clicks  (cost=0.00..814.46 rows=2 width=0)
         Filter: (listing_id = 93151)
[0m
  [4;36;1mSQL (11.4ms)[0m   [0;1mSELECT count(*) AS count_all FROM "clicks" WHERE ("clicks".listing_id = 93152) [0m
  [4;35;1mAnalyzing  Execution Time: 0.011717

[0m   [0mAggregate  (cost=814.47..814.48 rows=1 width=0)
   ->  Seq Scan on clicks  (cost=0.00..814.46 rows=2 width=0)
         Filter: (listing_id = 93152)
[0m
  [4;36;1mSQL (11.8ms)[0m   [0;1mSELECT count(*) AS count_all FROM "clicks" WHERE ("clicks".listing_id = 95507) [0m
  [4;35;1mAnalyzing  Execution Time: 0.012102

[0m   [0mAggregate  (cost=814.47..814.48 rows=1 width=0)
   ->  Seq Scan on clicks  (cost=0.00..814.46 rows=2 width=0)
         Filter: (listing_id = 95507)
[0m
  [4;36;1mSQL (5.3ms)[0m   [0;1mSELECT count(*) AS count_all FROM "listings" WHERE ("listings".user_id = 25464) [0m
  [4;35;1mAnalyzing  Execution Time: 0.005583

[0m   [0mAggregate  (cost=1615.81..1615.82 rows=1 width=0)
   ->  Index Scan using index_listings_on_id_and_user_id_and_title on listings  (cost=0.00..1615.79 rows=4 width=0)
         Index Cond: (user_id = 25464)
[0m
  [4;36;1mListing Load (2.3ms)[0m   [0;1mSELECT * FROM "listings" WHERE ("listings".user_id = 25464) [0m
  [4;35;1mAnalyzing Listing Load Execution Time: 0.003035

[0m   [0mIndex Scan using index_listings_on_id_and_user_id_and_title on listings  (cost=0.00..1615.79 rows=4 width=1172)
   Index Cond: (user_id = 25464)
[0m
  [4;36;1mSQL (185.5ms)[0m   [0;1mSELECT count(*) AS count_all FROM "impressions" WHERE ("impressions".listing_id = 110337) [0m
  [4;35;1mAnalyzing  Execution Time: 0.185812

[0m   [0mAggregate  (cost=12714.08..12714.09 rows=1 width=0)
   ->  Seq Scan on impressions  (cost=0.00..12714.00 rows=31 width=0)
         Filter: (listing_id = 110337)
[0m
  [4;36;1mSQL (14.2ms)[0m   [0;1mSELECT count(*) AS count_all FROM "clicks" WHERE ("clicks".listing_id = 110337) [0m
  [4;35;1mAnalyzing  Execution Time: 0.014477

[0m   [0mAggregate  (cost=814.47..814.48 rows=1 width=0)
   ->  Seq Scan on clicks  (cost=0.00..814.46 rows=2 width=0)
         Filter: (listing_id = 110337)
[0m
  [4;36;1mSQL (2.3ms)[0m   [0;1mSELECT count(*) AS count_all FROM "listings" WHERE ("listings".user_id = 25465) [0m
  [4;35;1mAnalyzing  Execution Time: 0.002577

[0m   [0mAggregate  (cost=1615.81..1615.82 rows=1 width=0)
   ->  Index Scan using index_listings_on_id_and_user_id_and_title on listings  (cost=0.00..1615.79 rows=4 width=0)
         Index Cond: (user_id = 25465)
[0m
  [4;36;1mListing Load (8.1ms)[0m   [0;1mSELECT * FROM "listings" WHERE ("listings".user_id = 25465) [0m
  [4;35;1mAnalyzing Listing Load Execution Time: 0.008818

[0m   [0mIndex Scan using index_listings_on_id_and_user_id_and_title on listings  (cost=0.00..1615.79 rows=4 width=1172)
   Index Cond: (user_id = 25465)
[0m
  [4;36;1mSQL (290.0ms)[0m   [0;1mSELECT count(*) AS count_all FROM "impressions" WHERE ("impressions".listing_id = 83097) [0m
  [4;35;1mAnalyzing  Execution Time: 0.290425

[0m   [0mAggregate  (cost=12714.08..12714.09 rows=1 width=0)
   ->  Seq Scan on impressions  (cost=0.00..12714.00 rows=31 width=0)
         Filter: (listing_id = 83097)
[0m
  [4;36;1mSQL (10.5ms)[0m   [0;1mSELECT count(*) AS count_all FROM "clicks" WHERE ("clicks".listing_id = 83097) [0m
  [4;35;1mAnalyzing  Execution Time: 0.010748

[0m   [0mAggregate  (cost=814.47..814.48 rows=1 width=0)
   ->  Seq Scan on clicks  (cost=0.00..814.46 rows=2 width=0)
         Filter: (listing_id = 83097)
[0m
  [4;36;1mSQL (3.1ms)[0m   [0;1mSELECT count(*) AS count_all FROM "listings" WHERE ("listings".user_id = 25466) [0m
  [4;35;1mAnalyzing  Execution Time: 0.00344

[0m   [0mAggregate  (cost=1615.81..1615.82 rows=1 width=0)
   ->  Index Scan using index_listings_on_id_and_user_id_and_title on listings  (cost=0.00..1615.79 rows=4 width=0)
         Index Cond: (user_id = 25466)
[0m
  [4;36;1mListing Load (4.8ms)[0m   [0;1mSELECT * FROM "listings" WHERE ("listings".user_id = 25466) [0m
  [4;35;1mAnalyzing Listing Load Execution Time: 0.005485

[0m   [0mIndex Scan using index_listings_on_id_and_user_id_and_title on listings  (cost=0.00..1615.79 rows=4 width=1172)
   Index Cond: (user_id = 25466)
[0m
  [4;36;1mSQL (230.6ms)[0m   [0;1mSELECT count(*) AS count_all FROM "impressions" WHERE ("impressions".listing_id = 84962) [0m
  [4;35;1mAnalyzing  Execution Time: 0.230918

[0m   [0mAggregate  (cost=12714.08..12714.09 rows=1 width=0)
   ->  Seq Scan on impressions  (cost=0.00..12714.00 rows=31 width=0)
         Filter: (listing_id = 84962)
[0m
  [4;36;1mSQL (10.0ms)[0m   [0;1mSELECT count(*) AS count_all FROM "clicks" WHERE ("clicks".listing_id = 84962) [0m
  [4;35;1mAnalyzing  Execution Time: 0.010299

[0m   [0mAggregate  (cost=814.47..814.48 rows=1 width=0)
   ->  Seq Scan on clicks  (cost=0.00..814.46 rows=2 width=0)
         Filter: (listing_id = 84962)
[0m
  [4;36;1mSQL (2.2ms)[0m   [0;1mSELECT count(*) AS count_all FROM "listings" WHERE ("listings".user_id = 25467) [0m
  [4;35;1mAnalyzing  Execution Time: 0.002487

[0m   [0mAggregate  (cost=1615.81..1615.82 rows=1 width=0)
   ->  Index Scan using index_listings_on_id_and_user_id_and_title on listings  (cost=0.00..1615.79 rows=4 width=0)
         Index Cond: (user_id = 25467)
[0m
  [4;36;1mListing Load (3.1ms)[0m   [0;1mSELECT * FROM "listings" WHERE ("listings".user_id = 25467) [0m
  [4;35;1mAnalyzing Listing Load Execution Time: 0.004338

[0m   [0mIndex Scan using index_listings_on_id_and_user_id_and_title on listings  (cost=0.00..1615.79 rows=4 width=1172)
   Index Cond: (user_id = 25467)
[0m
  [4;36;1mSQL (223.2ms)[0m   [0;1mSELECT count(*) AS count_all FROM "impressions" WHERE ("impressions".listing_id = 87230) [0m
  [4;35;1mAnalyzing  Execution Time: 0.223465

[0m   [0mAggregate  (cost=12714.08..12714.09 rows=1 width=0)
   ->  Seq Scan on impressions  (cost=0.00..12714.00 rows=31 width=0)
         Filter: (listing_id = 87230)
[0m
  [4;36;1mSQL (12.9ms)[0m   [0;1mSELECT count(*) AS count_all FROM "clicks" WHERE ("clicks".listing_id = 87230) [0m
  [4;35;1mAnalyzing  Execution Time: 0.013873

[0m   [0mAggregate  (cost=814.47..814.48 rows=1 width=0)
   ->  Seq Scan on clicks  (cost=0.00..814.46 rows=2 width=0)
         Filter: (listing_id = 87230)
[0m
  [4;36;1mSQL (2.6ms)[0m   [0;1mSELECT count(*) AS count_all FROM "listings" WHERE ("listings".user_id = 25469) [0m
  [4;35;1mAnalyzing  Execution Time: 0.002915

[0m   [0mAggregate  (cost=1615.81..1615.82 rows=1 width=0)
   ->  Index Scan using index_listings_on_id_and_user_id_and_title on listings  (cost=0.00..1615.79 rows=4 width=0)
         Index Cond: (user_id = 25469)
[0m
  [4;36;1mListing Load (3.7ms)[0m   [0;1mSELECT * FROM "listings" WHERE ("listings".user_id = 25469) [0m
  [4;35;1mAnalyzing Listing Load Execution Time: 0.004515

[0m   [0mIndex Scan using index_listings_on_id_and_user_id_and_title on listings  (cost=0.00..1615.79 rows=4 width=1172)
   Index Cond: (user_id = 25469)
[0m
  [4;36;1mSQL (231.5ms)[0m   [0;1mSELECT count(*) AS count_all FROM "impressions" WHERE ("impressions".listing_id = 113138) [0m
  [4;35;1mAnalyzing  Execution Time: 0.231778

[0m   [0mAggregate  (cost=12714.08..12714.09 rows=1 width=0)
   ->  Seq Scan on impressions  (cost=0.00..12714.00 rows=31 width=0)
         Filter: (listing_id = 113138)
[0m
  [4;36;1mSQL (10.0ms)[0m   [0;1mSELECT count(*) AS count_all FROM "clicks" WHERE ("clicks".listing_id = 113138) [0m
  [4;35;1mAnalyzing  Execution Time: 0.010214

[0m   [0mAggregate  (cost=814.47..814.48 rows=1 width=0)
   ->  Seq Scan on clicks  (cost=0.00..814.46 rows=2 width=0)
         Filter: (listing_id = 113138)
[0m
  [4;36;1mSQL (3.8ms)[0m   [0;1mSELECT count(*) AS count_all FROM "listings" WHERE ("listings".user_id = 25470) [0m
  [4;35;1mAnalyzing  Execution Time: 0.004078

[0m   [0mAggregate  (cost=1615.81..1615.82 rows=1 width=0)
   ->  Index Scan using index_listings_on_id_and_user_id_and_title on listings  (cost=0.00..1615.79 rows=4 width=0)
         Index Cond: (user_id = 25470)
[0m
  [4;36;1mListing Load (2.4ms)[0m   [0;1mSELECT * FROM "listings" WHERE ("listings".user_id = 25470) [0m
  [4;35;1mAnalyzing Listing Load Execution Time: 0.004938

[0m   [0mIndex Scan using index_listings_on_id_and_user_id_and_title on listings  (cost=0.00..1615.79 rows=4 width=1172)
   Index Cond: (user_id = 25470)
[0m
  [4;36;1mSQL (210.6ms)[0m   [0;1mSELECT count(*) AS count_all FROM "impressions" WHERE ("impressions".listing_id = 72452) [0m
  [4;35;1mAnalyzing  Execution Time: 0.210824

[0m   [0mAggregate  (cost=12714.08..12714.09 rows=1 width=0)
   ->  Seq Scan on impressions  (cost=0.00..12714.00 rows=31 width=0)
         Filter: (listing_id = 72452)
[0m
  [4;36;1mSQL (212.0ms)[0m   [0;1mSELECT count(*) AS count_all FROM "impressions" WHERE ("impressions".listing_id = 74723) [0m
  [4;35;1mAnalyzing  Execution Time: 0.212232

[0m   [0mAggregate  (cost=12714.08..12714.09 rows=1 width=0)
   ->  Seq Scan on impressions  (cost=0.00..12714.00 rows=31 width=0)
         Filter: (listing_id = 74723)
[0m
  [4;36;1mSQL (231.3ms)[0m   [0;1mSELECT count(*) AS count_all FROM "impressions" WHERE ("impressions".listing_id = 106172) [0m
  [4;35;1mAnalyzing  Execution Time: 0.231588

[0m   [0mAggregate  (cost=12714.08..12714.09 rows=1 width=0)
   ->  Seq Scan on impressions  (cost=0.00..12714.00 rows=31 width=0)
         Filter: (listing_id = 106172)
[0m
  [4;36;1mSQL (190.3ms)[0m   [0;1mSELECT count(*) AS count_all FROM "impressions" WHERE ("impressions".listing_id = 106173) [0m
  [4;35;1mAnalyzing  Execution Time: 0.19058

[0m   [0mAggregate  (cost=12714.08..12714.09 rows=1 width=0)
   ->  Seq Scan on impressions  (cost=0.00..12714.00 rows=31 width=0)
         Filter: (listing_id = 106173)
[0m
  [4;36;1mSQL (226.5ms)[0m   [0;1mSELECT count(*) AS count_all FROM "impressions" WHERE ("impressions".listing_id = 106245) [0m
  [4;35;1mAnalyzing  Execution Time: 0.22675

[0m   [0mAggregate  (cost=12714.08..12714.09 rows=1 width=0)
   ->  Seq Scan on impressions  (cost=0.00..12714.00 rows=31 width=0)
         Filter: (listing_id = 106245)
[0m
  [4;36;1mSQL (197.4ms)[0m   [0;1mSELECT count(*) AS count_all FROM "impressions" WHERE ("impressions".listing_id = 106246) [0m
  [4;35;1mAnalyzing  Execution Time: 0.19765

[0m   [0mAggregate  (cost=12714.08..12714.09 rows=1 width=0)
   ->  Seq Scan on impressions  (cost=0.00..12714.00 rows=31 width=0)
         Filter: (listing_id = 106246)
[0m
  [4;36;1mSQL (14.1ms)[0m   [0;1mSELECT count(*) AS count_all FROM "clicks" WHERE ("clicks".listing_id = 72452) [0m
  [4;35;1mAnalyzing  Execution Time: 0.014984

[0m   [0mAggregate  (cost=814.47..814.48 rows=1 width=0)
   ->  Seq Scan on clicks  (cost=0.00..814.46 rows=2 width=0)
         Filter: (listing_id = 72452)
[0m
  [4;36;1mSQL (14.2ms)[0m   [0;1mSELECT count(*) AS count_all FROM "clicks" WHERE ("clicks".listing_id = 74723) [0m
  [4;35;1mAnalyzing  Execution Time: 0.014438

[0m   [0mAggregate  (cost=814.49..814.50 rows=1 width=0)
   ->  Seq Scan on clicks  (cost=0.00..814.46 rows=8 width=0)
         Filter: (listing_id = 74723)
[0m
  [4;36;1mSQL (9.8ms)[0m   [0;1mSELECT count(*) AS count_all FROM "clicks" WHERE ("clicks".listing_id = 106172) [0m
  [4;35;1mAnalyzing  Execution Time: 0.010019

[0m   [0mAggregate  (cost=814.47..814.48 rows=1 width=0)
   ->  Seq Scan on clicks  (cost=0.00..814.46 rows=2 width=0)
         Filter: (listing_id = 106172)
[0m
  [4;36;1mSQL (13.6ms)[0m   [0;1mSELECT count(*) AS count_all FROM "clicks" WHERE ("clicks".listing_id = 106173) [0m
  [4;35;1mAnalyzing  Execution Time: 0.013874

[0m   [0mAggregate  (cost=814.47..814.48 rows=1 width=0)
   ->  Seq Scan on clicks  (cost=0.00..814.46 rows=2 width=0)
         Filter: (listing_id = 106173)
[0m
  [4;36;1mSQL (9.7ms)[0m   [0;1mSELECT count(*) AS count_all FROM "clicks" WHERE ("clicks".listing_id = 106245) [0m
  [4;35;1mAnalyzing  Execution Time: 0.009964

[0m   [0mAggregate  (cost=814.47..814.48 rows=1 width=0)
   ->  Seq Scan on clicks  (cost=0.00..814.46 rows=2 width=0)
         Filter: (listing_id = 106245)
[0m
  [4;36;1mSQL (17.7ms)[0m   [0;1mSELECT count(*) AS count_all FROM "clicks" WHERE ("clicks".listing_id = 106246) [0m
  [4;35;1mAnalyzing  Execution Time: 0.01838

[0m   [0mAggregate  (cost=814.47..814.48 rows=1 width=0)
   ->  Seq Scan on clicks  (cost=0.00..814.46 rows=2 width=0)
         Filter: (listing_id = 106246)
[0m
  [4;36;1mSQL (7.4ms)[0m   [0;1mSELECT count(*) AS count_all FROM "listings" WHERE ("listings".user_id = 25468) [0m
  [4;35;1mAnalyzing  Execution Time: 0.007745

[0m   [0mAggregate  (cost=1615.81..1615.82 rows=1 width=0)
   ->  Index Scan using index_listings_on_id_and_user_id_and_title on listings  (cost=0.00..1615.79 rows=4 width=0)
         Index Cond: (user_id = 25468)
[0m
  [4;36;1mListing Load (3.1ms)[0m   [0;1mSELECT * FROM "listings" WHERE ("listings".user_id = 25468) [0m
  [4;35;1mAnalyzing Listing Load Execution Time: 0.004184

[0m   [0mIndex Scan using index_listings_on_id_and_user_id_and_title on listings  (cost=0.00..1615.79 rows=4 width=1172)
   Index Cond: (user_id = 25468)
[0m
  [4;36;1mSQL (179.0ms)[0m   [0;1mSELECT count(*) AS count_all FROM "impressions" WHERE ("impressions".listing_id = 72512) [0m
  [4;35;1mAnalyzing  Execution Time: 0.179533

[0m   [0mAggregate  (cost=12714.08..12714.09 rows=1 width=0)
   ->  Seq Scan on impressions  (cost=0.00..12714.00 rows=31 width=0)
         Filter: (listing_id = 72512)
[0m
  [4;36;1mSQL (199.6ms)[0m   [0;1mSELECT count(*) AS count_all FROM "impressions" WHERE ("impressions".listing_id = 113277) [0m
  [4;35;1mAnalyzing  Execution Time: 0.199902

[0m   [0mAggregate  (cost=12714.08..12714.09 rows=1 width=0)
   ->  Seq Scan on impressions  (cost=0.00..12714.00 rows=31 width=0)
         Filter: (listing_id = 113277)
[0m
  [4;36;1mSQL (12.5ms)[0m   [0;1mSELECT count(*) AS count_all FROM "clicks" WHERE ("clicks".listing_id = 72512) [0m
  [4;35;1mAnalyzing  Execution Time: 0.0128

[0m   [0mAggregate  (cost=814.47..814.48 rows=1 width=0)
   ->  Seq Scan on clicks  (cost=0.00..814.46 rows=2 width=0)
         Filter: (listing_id = 72512)
[0m
  [4;36;1mSQL (10.2ms)[0m   [0;1mSELECT count(*) AS count_all FROM "clicks" WHERE ("clicks".listing_id = 113277) [0m
  [4;35;1mAnalyzing  Execution Time: 0.01048

[0m   [0mAggregate  (cost=814.47..814.48 rows=1 width=0)
   ->  Seq Scan on clicks  (cost=0.00..814.46 rows=2 width=0)
         Filter: (listing_id = 113277)
[0m
  [4;36;1mSQL (2.9ms)[0m   [0;1mSELECT count(*) AS count_all FROM "listings" WHERE ("listings".user_id = 25445) [0m
  [4;35;1mAnalyzing  Execution Time: 0.003221

[0m   [0mAggregate  (cost=1615.81..1615.82 rows=1 width=0)
   ->  Index Scan using index_listings_on_id_and_user_id_and_title on listings  (cost=0.00..1615.79 rows=4 width=0)
         Index Cond: (user_id = 25445)
[0m
  [4;36;1mListing Load (7.8ms)[0m   [0;1mSELECT * FROM "listings" WHERE ("listings".user_id = 25445) [0m
  [4;35;1mAnalyzing Listing Load Execution Time: 0.008521

[0m   [0mIndex Scan using index_listings_on_id_and_user_id_and_title on listings  (cost=0.00..1615.79 rows=4 width=1172)
   Index Cond: (user_id = 25445)
[0m
  [4;36;1mSQL (196.3ms)[0m   [0;1mSELECT count(*) AS count_all FROM "impressions" WHERE ("impressions".listing_id = 87696) [0m
  [4;35;1mAnalyzing  Execution Time: 0.196637

[0m   [0mAggregate  (cost=12714.08..12714.09 rows=1 width=0)
   ->  Seq Scan on impressions  (cost=0.00..12714.00 rows=31 width=0)
         Filter: (listing_id = 87696)
[0m
  [4;36;1mSQL (11.6ms)[0m   [0;1mSELECT count(*) AS count_all FROM "clicks" WHERE ("clicks".listing_id = 87696) [0m
  [4;35;1mAnalyzing  Execution Time: 0.0119520000000001

[0m   [0mAggregate  (cost=814.47..814.48 rows=1 width=0)
   ->  Seq Scan on clicks  (cost=0.00..814.46 rows=2 width=0)
         Filter: (listing_id = 87696)
[0m
  [4;36;1mSQL (2.1ms)[0m   [0;1mSELECT count(*) AS count_all FROM "listings" WHERE ("listings".user_id = 25447) [0m
  [4;35;1mAnalyzing  Execution Time: 0.002372

[0m   [0mAggregate  (cost=1615.81..1615.82 rows=1 width=0)
   ->  Index Scan using index_listings_on_id_and_user_id_and_title on listings  (cost=0.00..1615.79 rows=4 width=0)
         Index Cond: (user_id = 25447)
[0m
  [4;36;1mListing Load (4.5ms)[0m   [0;1mSELECT * FROM "listings" WHERE ("listings".user_id = 25447) [0m
  [4;35;1mAnalyzing Listing Load Execution Time: 0.005216

[0m   [0mIndex Scan using index_listings_on_id_and_user_id_and_title on listings  (cost=0.00..1615.79 rows=4 width=1172)
   Index Cond: (user_id = 25447)
[0m
  [4;36;1mSQL (193.1ms)[0m   [0;1mSELECT count(*) AS count_all FROM "impressions" WHERE ("impressions".listing_id = 104897) [0m
  [4;35;1mAnalyzing  Execution Time: 0.193374

[0m   [0mAggregate  (cost=12714.08..12714.09 rows=1 width=0)
   ->  Seq Scan on impressions  (cost=0.00..12714.00 rows=31 width=0)
         Filter: (listing_id = 104897)
[0m
  [4;36;1mSQL (9.6ms)[0m   [0;1mSELECT count(*) AS count_all FROM "clicks" WHERE ("clicks".listing_id = 104897) [0m
  [4;35;1mAnalyzing  Execution Time: 0.00993

[0m   [0mAggregate  (cost=814.47..814.48 rows=1 width=0)
   ->  Seq Scan on clicks  (cost=0.00..814.46 rows=2 width=0)
         Filter: (listing_id = 104897)
[0m
  [4;36;1mSQL (4.8ms)[0m   [0;1mSELECT count(*) AS count_all FROM "listings" WHERE ("listings".user_id = 25448) [0m
  [4;35;1mAnalyzing  Execution Time: 0.005092

[0m   [0mAggregate  (cost=1615.81..1615.82 rows=1 width=0)
   ->  Index Scan using index_listings_on_id_and_user_id_and_title on listings  (cost=0.00..1615.79 rows=4 width=0)
         Index Cond: (user_id = 25448)
[0m
  [4;36;1mListing Load (3.2ms)[0m   [0;1mSELECT * FROM "listings" WHERE ("listings".user_id = 25448) [0m
  [4;35;1mAnalyzing Listing Load Execution Time: 0.003957

[0m   [0mIndex Scan using index_listings_on_id_and_user_id_and_title on listings  (cost=0.00..1615.79 rows=4 width=1172)
   Index Cond: (user_id = 25448)
[0m
  [4;36;1mSQL (193.6ms)[0m   [0;1mSELECT count(*) AS count_all FROM "impressions" WHERE ("impressions".listing_id = 67547) [0m
  [4;35;1mAnalyzing  Execution Time: 0.193912

[0m   [0mAggregate  (cost=12714.08..12714.09 rows=1 width=0)
   ->  Seq Scan on impressions  (cost=0.00..12714.00 rows=31 width=0)
         Filter: (listing_id = 67547)
[0m
  [4;36;1mSQL (20.6ms)[0m   [0;1mSELECT count(*) AS count_all FROM "clicks" WHERE ("clicks".listing_id = 67547) [0m
  [4;35;1mAnalyzing  Execution Time: 0.020885

[0m   [0mAggregate  (cost=814.47..814.48 rows=1 width=0)
   ->  Seq Scan on clicks  (cost=0.00..814.46 rows=2 width=0)
         Filter: (listing_id = 67547)
[0m
  [4;36;1mSQL (3.3ms)[0m   [0;1mSELECT count(*) AS count_all FROM "listings" WHERE ("listings".user_id = 25449) [0m
  [4;35;1mAnalyzing  Execution Time: 0.003561

[0m   [0mAggregate  (cost=1615.81..1615.82 rows=1 width=0)
   ->  Index Scan using index_listings_on_id_and_user_id_and_title on listings  (cost=0.00..1615.79 rows=4 width=0)
         Index Cond: (user_id = 25449)
[0m
  [4;36;1mListing Load (3.6ms)[0m   [0;1mSELECT * FROM "listings" WHERE ("listings".user_id = 25449) [0m
  [4;35;1mAnalyzing Listing Load Execution Time: 0.005146

[0m   [0mIndex Scan using index_listings_on_id_and_user_id_and_title on listings  (cost=0.00..1615.79 rows=4 width=1172)
   Index Cond: (user_id = 25449)
[0m
  [4;36;1mSQL (189.8ms)[0m   [0;1mSELECT count(*) AS count_all FROM "impressions" WHERE ("impressions".listing_id = 113129) [0m
  [4;35;1mAnalyzing  Execution Time: 0.190087

[0m   [0mAggregate  (cost=12714.08..12714.09 rows=1 width=0)
   ->  Seq Scan on impressions  (cost=0.00..12714.00 rows=31 width=0)
         Filter: (listing_id = 113129)
[0m
  [4;36;1mSQL (9.8ms)[0m   [0;1mSELECT count(*) AS count_all FROM "clicks" WHERE ("clicks".listing_id = 113129) [0m
  [4;35;1mAnalyzing  Execution Time: 0.010091

[0m   [0mAggregate  (cost=814.47..814.48 rows=1 width=0)
   ->  Seq Scan on clicks  (cost=0.00..814.46 rows=2 width=0)
         Filter: (listing_id = 113129)
[0m
  [4;36;1mSQL (3.0ms)[0m   [0;1mSELECT count(*) AS count_all FROM "listings" WHERE ("listings".user_id = 25450) [0m
  [4;35;1mAnalyzing  Execution Time: 0.003401

[0m   [0mAggregate  (cost=1615.81..1615.82 rows=1 width=0)
   ->  Index Scan using index_listings_on_id_and_user_id_and_title on listings  (cost=0.00..1615.79 rows=4 width=0)
         Index Cond: (user_id = 25450)
[0m
  [4;36;1mListing Load (2.7ms)[0m   [0;1mSELECT * FROM "listings" WHERE ("listings".user_id = 25450) [0m
  [4;35;1mAnalyzing Listing Load Execution Time: 0.003413

[0m   [0mIndex Scan using index_listings_on_id_and_user_id_and_title on listings  (cost=0.00..1615.79 rows=4 width=1172)
   Index Cond: (user_id = 25450)
[0m
  [4;36;1mSQL (200.4ms)[0m   [0;1mSELECT count(*) AS count_all FROM "impressions" WHERE ("impressions".listing_id = 113130) [0m
  [4;35;1mAnalyzing  Execution Time: 0.200695

[0m   [0mAggregate  (cost=12714.08..12714.09 rows=1 width=0)
   ->  Seq Scan on impressions  (cost=0.00..12714.00 rows=31 width=0)
         Filter: (listing_id = 113130)
[0m
  [4;36;1mSQL (10.1ms)[0m   [0;1mSELECT count(*) AS count_all FROM "clicks" WHERE ("clicks".listing_id = 113130) [0m
  [4;35;1mAnalyzing  Execution Time: 0.010459

[0m   [0mAggregate  (cost=814.47..814.48 rows=1 width=0)
   ->  Seq Scan on clicks  (cost=0.00..814.46 rows=2 width=0)
         Filter: (listing_id = 113130)
[0m
  [4;36;1mSQL (4.4ms)[0m   [0;1mSELECT count(*) AS count_all FROM "listings" WHERE ("listings".user_id = 25451) [0m
  [4;35;1mAnalyzing  Execution Time: 0.004666

[0m   [0mAggregate  (cost=1615.81..1615.82 rows=1 width=0)
   ->  Index Scan using index_listings_on_id_and_user_id_and_title on listings  (cost=0.00..1615.79 rows=4 width=0)
         Index Cond: (user_id = 25451)
[0m
  [4;36;1mListing Load (2.2ms)[0m   [0;1mSELECT * FROM "listings" WHERE ("listings".user_id = 25451) [0m
  [4;35;1mAnalyzing Listing Load Execution Time: 0.002899

[0m   [0mIndex Scan using index_listings_on_id_and_user_id_and_title on listings  (cost=0.00..1615.79 rows=4 width=1172)
   Index Cond: (user_id = 25451)
[0m
  [4;36;1mSQL (201.2ms)[0m   [0;1mSELECT count(*) AS count_all FROM "impressions" WHERE ("impressions".listing_id = 113131) [0m
  [4;35;1mAnalyzing  Execution Time: 0.201534

[0m   [0mAggregate  (cost=12714.08..12714.09 rows=1 width=0)
   ->  Seq Scan on impressions  (cost=0.00..12714.00 rows=31 width=0)
         Filter: (listing_id = 113131)
[0m
  [4;36;1mSQL (12.2ms)[0m   [0;1mSELECT count(*) AS count_all FROM "clicks" WHERE ("clicks".listing_id = 113131) [0m
  [4;35;1mAnalyzing  Execution Time: 0.012442

[0m   [0mAggregate  (cost=814.47..814.48 rows=1 width=0)
   ->  Seq Scan on clicks  (cost=0.00..814.46 rows=2 width=0)
         Filter: (listing_id = 113131)
[0m
  [4;36;1mSQL (2.0ms)[0m   [0;1mSELECT count(*) AS count_all FROM "listings" WHERE ("listings".user_id = 25452) [0m
  [4;35;1mAnalyzing  Execution Time: 0.002605

[0m   [0mAggregate  (cost=1615.81..1615.82 rows=1 width=0)
   ->  Index Scan using index_listings_on_id_and_user_id_and_title on listings  (cost=0.00..1615.79 rows=4 width=0)
         Index Cond: (user_id = 25452)
[0m
  [4;36;1mListing Load (3.1ms)[0m   [0;1mSELECT * FROM "listings" WHERE ("listings".user_id = 25452) [0m
  [4;35;1mAnalyzing Listing Load Execution Time: 0.003846

[0m   [0mIndex Scan using index_listings_on_id_and_user_id_and_title on listings  (cost=0.00..1615.79 rows=4 width=1172)
   Index Cond: (user_id = 25452)
[0m
  [4;36;1mSQL (195.0ms)[0m   [0;1mSELECT count(*) AS count_all FROM "impressions" WHERE ("impressions".listing_id = 113132) [0m
  [4;35;1mAnalyzing  Execution Time: 0.19523

[0m   [0mAggregate  (cost=12714.08..12714.09 rows=1 width=0)
   ->  Seq Scan on impressions  (cost=0.00..12714.00 rows=31 width=0)
         Filter: (listing_id = 113132)
[0m
  [4;36;1mSQL (17.1ms)[0m   [0;1mSELECT count(*) AS count_all FROM "clicks" WHERE ("clicks".listing_id = 113132) [0m
  [4;35;1mAnalyzing  Execution Time: 0.017405

[0m   [0mAggregate  (cost=814.47..814.48 rows=1 width=0)
   ->  Seq Scan on clicks  (cost=0.00..814.46 rows=2 width=0)
         Filter: (listing_id = 113132)
[0m
  [4;36;1mSQL (2.6ms)[0m   [0;1mSELECT count(*) AS count_all FROM "listings" WHERE ("listings".user_id = 25453) [0m
  [4;35;1mAnalyzing  Execution Time: 0.002854

[0m   [0mAggregate  (cost=1615.81..1615.82 rows=1 width=0)
   ->  Index Scan using index_listings_on_id_and_user_id_and_title on listings  (cost=0.00..1615.79 rows=4 width=0)
         Index Cond: (user_id = 25453)
[0m
  [4;36;1mListing Load (2.6ms)[0m   [0;1mSELECT * FROM "listings" WHERE ("listings".user_id = 25453) [0m
  [4;35;1mAnalyzing Listing Load Execution Time: 0.003507

[0m   [0mIndex Scan using index_listings_on_id_and_user_id_and_title on listings  (cost=0.00..1615.79 rows=4 width=1172)
   Index Cond: (user_id = 25453)
[0m
  [4;36;1mSQL (193.2ms)[0m   [0;1mSELECT count(*) AS count_all FROM "impressions" WHERE ("impressions".listing_id = 76878) [0m
  [4;35;1mAnalyzing  Execution Time: 0.193439

[0m   [0mAggregate  (cost=12714.08..12714.09 rows=1 width=0)
   ->  Seq Scan on impressions  (cost=0.00..12714.00 rows=31 width=0)
         Filter: (listing_id = 76878)
[0m
  [4;36;1mSQL (12.4ms)[0m   [0;1mSELECT count(*) AS count_all FROM "clicks" WHERE ("clicks".listing_id = 76878) [0m
  [4;35;1mAnalyzing  Execution Time: 0.012722

[0m   [0mAggregate  (cost=814.47..814.48 rows=1 width=0)
   ->  Seq Scan on clicks  (cost=0.00..814.46 rows=2 width=0)
         Filter: (listing_id = 76878)
[0m
  [4;36;1mSQL (2.8ms)[0m   [0;1mSELECT count(*) AS count_all FROM "listings" WHERE ("listings".user_id = 25454) [0m
  [4;35;1mAnalyzing  Execution Time: 0.003083

[0m   [0mAggregate  (cost=1615.81..1615.82 rows=1 width=0)
   ->  Index Scan using index_listings_on_id_and_user_id_and_title on listings  (cost=0.00..1615.79 rows=4 width=0)
         Index Cond: (user_id = 25454)
[0m
  [4;36;1mListing Load (2.3ms)[0m   [0;1mSELECT * FROM "listings" WHERE ("listings".user_id = 25454) [0m
  [4;35;1mAnalyzing Listing Load Execution Time: 0.164325

[0m   [0mIndex Scan using index_listings_on_id_and_user_id_and_title on listings  (cost=0.00..1615.79 rows=4 width=1172)
   Index Cond: (user_id = 25454)
[0m
  [4;36;1mSQL (200.7ms)[0m   [0;1mSELECT count(*) AS count_all FROM "impressions" WHERE ("impressions".listing_id = 113133) [0m
  [4;35;1mAnalyzing  Execution Time: 0.200992

[0m   [0mAggregate  (cost=12714.08..12714.09 rows=1 width=0)
   ->  Seq Scan on impressions  (cost=0.00..12714.00 rows=31 width=0)
         Filter: (listing_id = 113133)
[0m
  [4;36;1mSQL (192.1ms)[0m   [0;1mSELECT count(*) AS count_all FROM "impressions" WHERE ("impressions".listing_id = 113191) [0m
  [4;35;1mAnalyzing  Execution Time: 0.192428

[0m   [0mAggregate  (cost=12714.08..12714.09 rows=1 width=0)
   ->  Seq Scan on impressions  (cost=0.00..12714.00 rows=31 width=0)
         Filter: (listing_id = 113191)
[0m
  [4;36;1mSQL (187.3ms)[0m   [0;1mSELECT count(*) AS count_all FROM "impressions" WHERE ("impressions".listing_id = 113192) [0m
  [4;35;1mAnalyzing  Execution Time: 0.187628

[0m   [0mAggregate  (cost=12714.08..12714.09 rows=1 width=0)
   ->  Seq Scan on impressions  (cost=0.00..12714.00 rows=31 width=0)
         Filter: (listing_id = 113192)
[0m
  [4;36;1mSQL (16.5ms)[0m   [0;1mSELECT count(*) AS count_all FROM "clicks" WHERE ("clicks".listing_id = 113133) [0m
  [4;35;1mAnalyzing  Execution Time: 0.016757

[0m   [0mAggregate  (cost=814.47..814.48 rows=1 width=0)
   ->  Seq Scan on clicks  (cost=0.00..814.46 rows=2 width=0)
         Filter: (listing_id = 113133)
[0m
  [4;36;1mSQL (21.8ms)[0m   [0;1mSELECT count(*) AS count_all FROM "clicks" WHERE ("clicks".listing_id = 113191) [0m
  [4;35;1mAnalyzing  Execution Time: 0.022167

[0m   [0mAggregate  (cost=814.47..814.48 rows=1 width=0)
   ->  Seq Scan on clicks  (cost=0.00..814.46 rows=2 width=0)
         Filter: (listing_id = 113191)
[0m
  [4;36;1mSQL (16.0ms)[0m   [0;1mSELECT count(*) AS count_all FROM "clicks" WHERE ("clicks".listing_id = 113192) [0m
  [4;35;1mAnalyzing  Execution Time: 0.016293

[0m   [0mAggregate  (cost=814.47..814.48 rows=1 width=0)
   ->  Seq Scan on clicks  (cost=0.00..814.46 rows=2 width=0)
         Filter: (listing_id = 113192)
[0m
  [4;36;1mSQL (2.3ms)[0m   [0;1mSELECT count(*) AS count_all FROM "listings" WHERE ("listings".user_id = 25455) [0m
  [4;35;1mAnalyzing  Execution Time: 0.002614

[0m   [0mAggregate  (cost=1615.81..1615.82 rows=1 width=0)
   ->  Index Scan using index_listings_on_id_and_user_id_and_title on listings  (cost=0.00..1615.79 rows=4 width=0)
         Index Cond: (user_id = 25455)
[0m
  [4;36;1mListing Load (5.1ms)[0m   [0;1mSELECT * FROM "listings" WHERE ("listings".user_id = 25455) [0m
  [4;35;1mAnalyzing Listing Load Execution Time: 0.005905

[0m   [0mIndex Scan using index_listings_on_id_and_user_id_and_title on listings  (cost=0.00..1615.79 rows=4 width=1172)
   Index Cond: (user_id = 25455)
[0m
  [4;36;1mSQL (238.1ms)[0m   [0;1mSELECT count(*) AS count_all FROM "impressions" WHERE ("impressions".listing_id = 66813) [0m
  [4;35;1mAnalyzing  Execution Time: 0.23841

[0m   [0mAggregate  (cost=12714.08..12714.09 rows=1 width=0)
   ->  Seq Scan on impressions  (cost=0.00..12714.00 rows=31 width=0)
         Filter: (listing_id = 66813)
[0m
  [4;36;1mSQL (18.0ms)[0m   [0;1mSELECT count(*) AS count_all FROM "clicks" WHERE ("clicks".listing_id = 66813) [0m
  [4;35;1mAnalyzing  Execution Time: 0.01829

[0m   [0mAggregate  (cost=814.47..814.48 rows=1 width=0)
   ->  Seq Scan on clicks  (cost=0.00..814.46 rows=2 width=0)
         Filter: (listing_id = 66813)
[0m
  [4;36;1mSQL (3.1ms)[0m   [0;1mSELECT count(*) AS count_all FROM "listings" WHERE ("listings".user_id = 25456) [0m
  [4;35;1mAnalyzing  Execution Time: 0.003421

[0m   [0mAggregate  (cost=1615.81..1615.82 rows=1 width=0)
   ->  Index Scan using index_listings_on_id_and_user_id_and_title on listings  (cost=0.00..1615.79 rows=4 width=0)
         Index Cond: (user_id = 25456)
[0m
  [4;36;1mListing Load (2.2ms)[0m   [0;1mSELECT * FROM "listings" WHERE ("listings".user_id = 25456) [0m
  [4;35;1mAnalyzing Listing Load Execution Time: 0.003571

[0m   [0mIndex Scan using index_listings_on_id_and_user_id_and_title on listings  (cost=0.00..1615.79 rows=4 width=1172)
   Index Cond: (user_id = 25456)
[0m
  [4;36;1mSQL (228.0ms)[0m   [0;1mSELECT count(*) AS count_all FROM "impressions" WHERE ("impressions".listing_id = 78999) [0m
  [4;35;1mAnalyzing  Execution Time: 0.228372

[0m   [0mAggregate  (cost=12714.08..12714.09 rows=1 width=0)
   ->  Seq Scan on impressions  (cost=0.00..12714.00 rows=31 width=0)
         Filter: (listing_id = 78999)
[0m
  [4;36;1mSQL (214.1ms)[0m   [0;1mSELECT count(*) AS count_all FROM "impressions" WHERE ("impressions".listing_id = 98096) [0m
  [4;35;1mAnalyzing  Execution Time: 0.214327

[0m   [0mAggregate  (cost=12714.08..12714.09 rows=1 width=0)
   ->  Seq Scan on impressions  (cost=0.00..12714.00 rows=31 width=0)
         Filter: (listing_id = 98096)
[0m
  [4;36;1mSQL (13.0ms)[0m   [0;1mSELECT count(*) AS count_all FROM "clicks" WHERE ("clicks".listing_id = 78999) [0m
  [4;35;1mAnalyzing  Execution Time: 0.013253

[0m   [0mAggregate  (cost=814.47..814.48 rows=1 width=0)
   ->  Seq Scan on clicks  (cost=0.00..814.46 rows=2 width=0)
         Filter: (listing_id = 78999)
[0m
  [4;36;1mSQL (22.6ms)[0m   [0;1mSELECT count(*) AS count_all FROM "clicks" WHERE ("clicks".listing_id = 98096) [0m
  [4;35;1mAnalyzing  Execution Time: 0.022879

[0m   [0mAggregate  (cost=814.47..814.48 rows=1 width=0)
   ->  Seq Scan on clicks  (cost=0.00..814.46 rows=2 width=0)
         Filter: (listing_id = 98096)
[0m
  [4;36;1mSQL (3.0ms)[0m   [0;1mSELECT count(*) AS count_all FROM "listings" WHERE ("listings".user_id = 25457) [0m
  [4;35;1mAnalyzing  Execution Time: 0.003348

[0m   [0mAggregate  (cost=1615.81..1615.82 rows=1 width=0)
   ->  Index Scan using index_listings_on_id_and_user_id_and_title on listings  (cost=0.00..1615.79 rows=4 width=0)
         Index Cond: (user_id = 25457)
[0m
  [4;36;1mListing Load (2.2ms)[0m   [0;1mSELECT * FROM "listings" WHERE ("listings".user_id = 25457) [0m
  [4;35;1mAnalyzing Listing Load Execution Time: 0.002935

[0m   [0mIndex Scan using index_listings_on_id_and_user_id_and_title on listings  (cost=0.00..1615.79 rows=4 width=1172)
   Index Cond: (user_id = 25457)
[0m
  [4;36;1mSQL (221.9ms)[0m   [0;1mSELECT count(*) AS count_all FROM "impressions" WHERE ("impressions".listing_id = 113134) [0m
  [4;35;1mAnalyzing  Execution Time: 0.222209

[0m   [0mAggregate  (cost=12714.08..12714.09 rows=1 width=0)
   ->  Seq Scan on impressions  (cost=0.00..12714.00 rows=31 width=0)
         Filter: (listing_id = 113134)
[0m
  [4;36;1mSQL (17.5ms)[0m   [0;1mSELECT count(*) AS count_all FROM "clicks" WHERE ("clicks".listing_id = 113134) [0m
  [4;35;1mAnalyzing  Execution Time: 0.017714

[0m   [0mAggregate  (cost=814.47..814.48 rows=1 width=0)
   ->  Seq Scan on clicks  (cost=0.00..814.46 rows=2 width=0)
         Filter: (listing_id = 113134)
[0m
  [4;36;1mSQL (2.5ms)[0m   [0;1mSELECT count(*) AS count_all FROM "listings" WHERE ("listings".user_id = 25458) [0m
  [4;35;1mAnalyzing  Execution Time: 0.002828

[0m   [0mAggregate  (cost=1615.81..1615.82 rows=1 width=0)
   ->  Index Scan using index_listings_on_id_and_user_id_and_title on listings  (cost=0.00..1615.79 rows=4 width=0)
         Index Cond: (user_id = 25458)
[0m
  [4;36;1mListing Load (3.0ms)[0m   [0;1mSELECT * FROM "listings" WHERE ("listings".user_id = 25458) [0m
  [4;35;1mAnalyzing Listing Load Execution Time: 0.003775

[0m   [0mIndex Scan using index_listings_on_id_and_user_id_and_title on listings  (cost=0.00..1615.79 rows=4 width=1172)
   Index Cond: (user_id = 25458)
[0m
  [4;36;1mSQL (200.6ms)[0m   [0;1mSELECT count(*) AS count_all FROM "impressions" WHERE ("impressions".listing_id = 75927) [0m
  [4;35;1mAnalyzing  Execution Time: 0.200876

[0m   [0mAggregate  (cost=12714.08..12714.09 rows=1 width=0)
   ->  Seq Scan on impressions  (cost=0.00..12714.00 rows=31 width=0)
         Filter: (listing_id = 75927)
[0m
  [4;36;1mSQL (9.4ms)[0m   [0;1mSELECT count(*) AS count_all FROM "clicks" WHERE ("clicks".listing_id = 75927) [0m
  [4;35;1mAnalyzing  Execution Time: 0.009618

[0m   [0mAggregate  (cost=814.47..814.48 rows=1 width=0)
   ->  Seq Scan on clicks  (cost=0.00..814.46 rows=2 width=0)
         Filter: (listing_id = 75927)
[0m
  [4;36;1mSQL (2.5ms)[0m   [0;1mSELECT count(*) AS count_all FROM "listings" WHERE ("listings".user_id = 25459) [0m
  [4;35;1mAnalyzing  Execution Time: 0.002757

[0m   [0mAggregate  (cost=1615.81..1615.82 rows=1 width=0)
   ->  Index Scan using index_listings_on_id_and_user_id_and_title on listings  (cost=0.00..1615.79 rows=4 width=0)
         Index Cond: (user_id = 25459)
[0m
  [4;36;1mListing Load (7.0ms)[0m   [0;1mSELECT * FROM "listings" WHERE ("listings".user_id = 25459) [0m
  [4;35;1mAnalyzing Listing Load Execution Time: 0.007749

[0m   [0mIndex Scan using index_listings_on_id_and_user_id_and_title on listings  (cost=0.00..1615.79 rows=4 width=1172)
   Index Cond: (user_id = 25459)
[0m
  [4;36;1mSQL (206.2ms)[0m   [0;1mSELECT count(*) AS count_all FROM "impressions" WHERE ("impressions".listing_id = 113135) [0m
  [4;35;1mAnalyzing  Execution Time: 0.206535

[0m   [0mAggregate  (cost=12714.08..12714.09 rows=1 width=0)
   ->  Seq Scan on impressions  (cost=0.00..12714.00 rows=31 width=0)
         Filter: (listing_id = 113135)
[0m
  [4;36;1mSQL (19.4ms)[0m   [0;1mSELECT count(*) AS count_all FROM "clicks" WHERE ("clicks".listing_id = 113135) [0m
  [4;35;1mAnalyzing  Execution Time: 0.019674

[0m   [0mAggregate  (cost=814.47..814.48 rows=1 width=0)
   ->  Seq Scan on clicks  (cost=0.00..814.46 rows=2 width=0)
         Filter: (listing_id = 113135)
[0m
  [4;36;1mSQL (2.7ms)[0m   [0;1mSELECT count(*) AS count_all FROM "listings" WHERE ("listings".user_id = 25460) [0m
  [4;35;1mAnalyzing  Execution Time: 0.002982

[0m   [0mAggregate  (cost=1615.81..1615.82 rows=1 width=0)
   ->  Index Scan using index_listings_on_id_and_user_id_and_title on listings  (cost=0.00..1615.79 rows=4 width=0)
         Index Cond: (user_id = 25460)
[0m
  [4;36;1mListing Load (2.1ms)[0m   [0;1mSELECT * FROM "listings" WHERE ("listings".user_id = 25460) [0m
  [4;35;1mAnalyzing Listing Load Execution Time: 0.002845

[0m   [0mIndex Scan using index_listings_on_id_and_user_id_and_title on listings  (cost=0.00..1615.79 rows=4 width=1172)
   Index Cond: (user_id = 25460)
[0m
  [4;36;1mSQL (205.4ms)[0m   [0;1mSELECT count(*) AS count_all FROM "impressions" WHERE ("impressions".listing_id = 113136) [0m
  [4;35;1mAnalyzing  Execution Time: 0.205623

[0m   [0mAggregate  (cost=12714.08..12714.09 rows=1 width=0)
   ->  Seq Scan on impressions  (cost=0.00..12714.00 rows=31 width=0)
         Filter: (listing_id = 113136)
[0m
  [4;36;1mSQL (12.6ms)[0m   [0;1mSELECT count(*) AS count_all FROM "clicks" WHERE ("clicks".listing_id = 113136) [0m
  [4;35;1mAnalyzing  Execution Time: 0.012837

[0m   [0mAggregate  (cost=814.47..814.48 rows=1 width=0)
   ->  Seq Scan on clicks  (cost=0.00..814.46 rows=2 width=0)
         Filter: (listing_id = 113136)
[0m
  [4;36;1mSQL (2.6ms)[0m   [0;1mSELECT count(*) AS count_all FROM "listings" WHERE ("listings".user_id = 25461) [0m
  [4;35;1mAnalyzing  Execution Time: 0.002896

[0m   [0mAggregate  (cost=1615.81..1615.82 rows=1 width=0)
   ->  Index Scan using index_listings_on_id_and_user_id_and_title on listings  (cost=0.00..1615.79 rows=4 width=0)
         Index Cond: (user_id = 25461)
[0m
  [4;36;1mListing Load (4.8ms)[0m   [0;1mSELECT * FROM "listings" WHERE ("listings".user_id = 25461) [0m
  [4;35;1mAnalyzing Listing Load Execution Time: 0.005514

[0m   [0mIndex Scan using index_listings_on_id_and_user_id_and_title on listings  (cost=0.00..1615.79 rows=4 width=1172)
   Index Cond: (user_id = 25461)
[0m
  [4;36;1mSQL (193.7ms)[0m   [0;1mSELECT count(*) AS count_all FROM "impressions" WHERE ("impressions".listing_id = 113137) [0m
  [4;35;1mAnalyzing  Execution Time: 0.193998

[0m   [0mAggregate  (cost=12714.08..12714.09 rows=1 width=0)
   ->  Seq Scan on impressions  (cost=0.00..12714.00 rows=31 width=0)
         Filter: (listing_id = 113137)
[0m
  [4;36;1mSQL (10.8ms)[0m   [0;1mSELECT count(*) AS count_all FROM "clicks" WHERE ("clicks".listing_id = 113137) [0m
  [4;35;1mAnalyzing  Execution Time: 0.011067

[0m   [0mAggregate  (cost=814.47..814.48 rows=1 width=0)
   ->  Seq Scan on clicks  (cost=0.00..814.46 rows=2 width=0)
         Filter: (listing_id = 113137)
[0m
  [4;36;1mSQL (3.8ms)[0m   [0;1mSELECT count(*) AS count_all FROM "listings" WHERE ("listings".user_id = 25446) [0m
  [4;35;1mAnalyzing  Execution Time: 0.004057

[0m   [0mAggregate  (cost=1615.81..1615.82 rows=1 width=0)
   ->  Index Scan using index_listings_on_id_and_user_id_and_title on listings  (cost=0.00..1615.79 rows=4 width=0)
         Index Cond: (user_id = 25446)
[0m
  [4;36;1mListing Load (2.3ms)[0m   [0;1mSELECT * FROM "listings" WHERE ("listings".user_id = 25446) [0m
  [4;35;1mAnalyzing Listing Load Execution Time: 0.003013

[0m   [0mIndex Scan using index_listings_on_id_and_user_id_and_title on listings  (cost=0.00..1615.79 rows=4 width=1172)
   Index Cond: (user_id = 25446)
[0m
  [4;36;1mSQL (212.2ms)[0m   [0;1mSELECT count(*) AS count_all FROM "impressions" WHERE ("impressions".listing_id = 113128) [0m
  [4;35;1mAnalyzing  Execution Time: 0.212489

[0m   [0mAggregate  (cost=12714.08..12714.09 rows=1 width=0)
   ->  Seq Scan on impressions  (cost=0.00..12714.00 rows=31 width=0)
         Filter: (listing_id = 113128)
[0m
  [4;36;1mSQL (9.3ms)[0m   [0;1mSELECT count(*) AS count_all FROM "clicks" WHERE ("clicks".listing_id = 113128) [0m
  [4;35;1mAnalyzing  Execution Time: 0.009696

[0m   [0mAggregate  (cost=814.47..814.48 rows=1 width=0)
   ->  Seq Scan on clicks  (cost=0.00..814.46 rows=2 width=0)
         Filter: (listing_id = 113128)
[0m
  [4;36;1mSQL (4.1ms)[0m   [0;1mSELECT count(*) AS count_all FROM "listings" WHERE ("listings".user_id = 25389) [0m
  [4;35;1mAnalyzing  Execution Time: 0.004396

[0m   [0mAggregate  (cost=1615.81..1615.82 rows=1 width=0)
   ->  Index Scan using index_listings_on_id_and_user_id_and_title on listings  (cost=0.00..1615.79 rows=4 width=0)
         Index Cond: (user_id = 25389)
[0m
  [4;36;1mListing Load (3.0ms)[0m   [0;1mSELECT * FROM "listings" WHERE ("listings".user_id = 25389) [0m
  [4;35;1mAnalyzing Listing Load Execution Time: 0.003907

[0m   [0mIndex Scan using index_listings_on_id_and_user_id_and_title on listings  (cost=0.00..1615.79 rows=4 width=1172)
   Index Cond: (user_id = 25389)
[0m
  [4;36;1mSQL (211.1ms)[0m   [0;1mSELECT count(*) AS count_all FROM "impressions" WHERE ("impressions".listing_id = 113090) [0m
  [4;35;1mAnalyzing  Execution Time: 0.211352

[0m   [0mAggregate  (cost=12714.08..12714.09 rows=1 width=0)
   ->  Seq Scan on impressions  (cost=0.00..12714.00 rows=31 width=0)
         Filter: (listing_id = 113090)
[0m
  [4;36;1mSQL (12.5ms)[0m   [0;1mSELECT count(*) AS count_all FROM "clicks" WHERE ("clicks".listing_id = 113090) [0m
  [4;35;1mAnalyzing  Execution Time: 0.012853

[0m   [0mAggregate  (cost=814.47..814.48 rows=1 width=0)
   ->  Seq Scan on clicks  (cost=0.00..814.46 rows=2 width=0)
         Filter: (listing_id = 113090)
[0m
  [4;36;1mSQL (2.3ms)[0m   [0;1mSELECT count(*) AS count_all FROM "listings" WHERE ("listings".user_id = 25444) [0m
  [4;35;1mAnalyzing  Execution Time: 0.002525

[0m   [0mAggregate  (cost=1615.81..1615.82 rows=1 width=0)
   ->  Index Scan using index_listings_on_id_and_user_id_and_title on listings  (cost=0.00..1615.79 rows=4 width=0)
         Index Cond: (user_id = 25444)
[0m
  [4;36;1mListing Load (2.7ms)[0m   [0;1mSELECT * FROM "listings" WHERE ("listings".user_id = 25444) [0m
  [4;35;1mAnalyzing Listing Load Execution Time: 0.003415

[0m   [0mIndex Scan using index_listings_on_id_and_user_id_and_title on listings  (cost=0.00..1615.79 rows=4 width=1172)
   Index Cond: (user_id = 25444)
[0m
  [4;36;1mSQL (210.8ms)[0m   [0;1mSELECT count(*) AS count_all FROM "impressions" WHERE ("impressions".listing_id = 113127) [0m
  [4;35;1mAnalyzing  Execution Time: 0.211132

[0m   [0mAggregate  (cost=12714.08..12714.09 rows=1 width=0)
   ->  Seq Scan on impressions  (cost=0.00..12714.00 rows=31 width=0)
         Filter: (listing_id = 113127)
[0m
  [4;36;1mSQL (13.0ms)[0m   [0;1mSELECT count(*) AS count_all FROM "clicks" WHERE ("clicks".listing_id = 113127) [0m
  [4;35;1mAnalyzing  Execution Time: 0.013244

[0m   [0mAggregate  (cost=814.47..814.48 rows=1 width=0)
   ->  Seq Scan on clicks  (cost=0.00..814.46 rows=2 width=0)
         Filter: (listing_id = 113127)
[0m
  [4;36;1mSQL (2.5ms)[0m   [0;1mSELECT count(*) AS count_all FROM "listings" WHERE ("listings".user_id = 25434) [0m
  [4;35;1mAnalyzing  Execution Time: 0.002811

[0m   [0mAggregate  (cost=1615.81..1615.82 rows=1 width=0)
   ->  Index Scan using index_listings_on_id_and_user_id_and_title on listings  (cost=0.00..1615.79 rows=4 width=0)
         Index Cond: (user_id = 25434)
[0m
  [4;36;1mListing Load (2.4ms)[0m   [0;1mSELECT * FROM "listings" WHERE ("listings".user_id = 25434) [0m
  [4;35;1mAnalyzing Listing Load Execution Time: 0.004315

[0m   [0mIndex Scan using index_listings_on_id_and_user_id_and_title on listings  (cost=0.00..1615.79 rows=4 width=1172)
   Index Cond: (user_id = 25434)
[0m
  [4;36;1mSQL (205.0ms)[0m   [0;1mSELECT count(*) AS count_all FROM "impressions" WHERE ("impressions".listing_id = 76095) [0m
  [4;35;1mAnalyzing  Execution Time: 0.205344

[0m   [0mAggregate  (cost=12716.26..12716.27 rows=1 width=0)
   ->  Seq Scan on impressions  (cost=0.00..12714.00 rows=905 width=0)
         Filter: (listing_id = 76095)
[0m
  [4;36;1mSQL (193.6ms)[0m   [0;1mSELECT count(*) AS count_all FROM "impressions" WHERE ("impressions".listing_id = 82343) [0m
  [4;35;1mAnalyzing  Execution Time: 0.193857

[0m   [0mAggregate  (cost=12716.30..12716.31 rows=1 width=0)
   ->  Seq Scan on impressions  (cost=0.00..12714.00 rows=919 width=0)
         Filter: (listing_id = 82343)
[0m
  [4;36;1mSQL (234.9ms)[0m   [0;1mSELECT count(*) AS count_all FROM "impressions" WHERE ("impressions".listing_id = 113270) [0m
  [4;35;1mAnalyzing  Execution Time: 0.235176

[0m   [0mAggregate  (cost=12714.08..12714.09 rows=1 width=0)
   ->  Seq Scan on impressions  (cost=0.00..12714.00 rows=31 width=0)
         Filter: (listing_id = 113270)
[0m
  [4;36;1mSQL (181.1ms)[0m   [0;1mSELECT count(*) AS count_all FROM "impressions" WHERE ("impressions".listing_id = 113271) [0m
  [4;35;1mAnalyzing  Execution Time: 0.181455

[0m   [0mAggregate  (cost=12714.08..12714.09 rows=1 width=0)
   ->  Seq Scan on impressions  (cost=0.00..12714.00 rows=31 width=0)
         Filter: (listing_id = 113271)
[0m
  [4;36;1mSQL (9.9ms)[0m   [0;1mSELECT count(*) AS count_all FROM "clicks" WHERE ("clicks".listing_id = 76095) [0m
  [4;35;1mAnalyzing  Execution Time: 0.010184

[0m   [0mAggregate  (cost=814.50..814.51 rows=1 width=0)
   ->  Seq Scan on clicks  (cost=0.00..814.46 rows=15 width=0)
         Filter: (listing_id = 76095)
[0m
  [4;36;1mSQL (9.5ms)[0m   [0;1mSELECT count(*) AS count_all FROM "clicks" WHERE ("clicks".listing_id = 82343) [0m
  [4;35;1mAnalyzing  Execution Time: 0.009723

[0m   [0mAggregate  (cost=814.51..814.52 rows=1 width=0)
   ->  Seq Scan on clicks  (cost=0.00..814.46 rows=17 width=0)
         Filter: (listing_id = 82343)
[0m
  [4;36;1mSQL (9.8ms)[0m   [0;1mSELECT count(*) AS count_all FROM "clicks" WHERE ("clicks".listing_id = 113270) [0m
  [4;35;1mAnalyzing  Execution Time: 0.010082

[0m   [0mAggregate  (cost=814.47..814.48 rows=1 width=0)
   ->  Seq Scan on clicks  (cost=0.00..814.46 rows=2 width=0)
         Filter: (listing_id = 113270)
[0m
  [4;36;1mSQL (9.7ms)[0m   [0;1mSELECT count(*) AS count_all FROM "clicks" WHERE ("clicks".listing_id = 113271) [0m
  [4;35;1mAnalyzing  Execution Time: 0.009958

[0m   [0mAggregate  (cost=814.47..814.48 rows=1 width=0)
   ->  Seq Scan on clicks  (cost=0.00..814.46 rows=2 width=0)
         Filter: (listing_id = 113271)
[0m
  [4;36;1mSQL (2.3ms)[0m   [0;1mSELECT count(*) AS count_all FROM "listings" WHERE ("listings".user_id = 25432) [0m
  [4;35;1mAnalyzing  Execution Time: 0.00253800000000004

[0m   [0mAggregate  (cost=1615.81..1615.82 rows=1 width=0)
   ->  Index Scan using index_listings_on_id_and_user_id_and_title on listings  (cost=0.00..1615.79 rows=4 width=0)
         Index Cond: (user_id = 25432)
[0m
  [4;36;1mListing Load (2.1ms)[0m   [0;1mSELECT * FROM "listings" WHERE ("listings".user_id = 25432) [0m
  [4;35;1mAnalyzing Listing Load Execution Time: 0.002822

[0m   [0mIndex Scan using index_listings_on_id_and_user_id_and_title on listings  (cost=0.00..1615.79 rows=4 width=1172)
   Index Cond: (user_id = 25432)
[0m
  [4;36;1mSQL (162.4ms)[0m   [0;1mSELECT count(*) AS count_all FROM "impressions" WHERE ("impressions".listing_id = 113118) [0m
  [4;35;1mAnalyzing  Execution Time: 0.162676

[0m   [0mAggregate  (cost=12714.08..12714.09 rows=1 width=0)
   ->  Seq Scan on impressions  (cost=0.00..12714.00 rows=31 width=0)
         Filter: (listing_id = 113118)
[0m
  [4;36;1mSQL (9.6ms)[0m   [0;1mSELECT count(*) AS count_all FROM "clicks" WHERE ("clicks".listing_id = 113118) [0m
  [4;35;1mAnalyzing  Execution Time: 0.009853

[0m   [0mAggregate  (cost=814.47..814.48 rows=1 width=0)
   ->  Seq Scan on clicks  (cost=0.00..814.46 rows=2 width=0)
         Filter: (listing_id = 113118)
[0m
  [4;36;1mSQL (2.1ms)[0m   [0;1mSELECT count(*) AS count_all FROM "listings" WHERE ("listings".user_id = 25431) [0m
  [4;35;1mAnalyzing  Execution Time: 0.002354

[0m   [0mAggregate  (cost=1615.81..1615.82 rows=1 width=0)
   ->  Index Scan using index_listings_on_id_and_user_id_and_title on listings  (cost=0.00..1615.79 rows=4 width=0)
         Index Cond: (user_id = 25431)
[0m
  [4;36;1mListing Load (2.2ms)[0m   [0;1mSELECT * FROM "listings" WHERE ("listings".user_id = 25431) [0m
  [4;35;1mAnalyzing Listing Load Execution Time: 0.002939

[0m   [0mIndex Scan using index_listings_on_id_and_user_id_and_title on listings  (cost=0.00..1615.79 rows=4 width=1172)
   Index Cond: (user_id = 25431)
[0m
  [4;36;1mSQL (171.9ms)[0m   [0;1mSELECT count(*) AS count_all FROM "impressions" WHERE ("impressions".listing_id = 113117) [0m
  [4;35;1mAnalyzing  Execution Time: 0.172314

[0m   [0mAggregate  (cost=12714.08..12714.09 rows=1 width=0)
   ->  Seq Scan on impressions  (cost=0.00..12714.00 rows=31 width=0)
         Filter: (listing_id = 113117)
[0m
  [4;36;1mSQL (10.6ms)[0m   [0;1mSELECT count(*) AS count_all FROM "clicks" WHERE ("clicks".listing_id = 113117) [0m
  [4;35;1mAnalyzing  Execution Time: 0.010886

[0m   [0mAggregate  (cost=814.47..814.48 rows=1 width=0)
   ->  Seq Scan on clicks  (cost=0.00..814.46 rows=2 width=0)
         Filter: (listing_id = 113117)
[0m
  [4;36;1mSQL (2.3ms)[0m   [0;1mSELECT count(*) AS count_all FROM "listings" WHERE ("listings".user_id = 25345) [0m
  [4;35;1mAnalyzing  Execution Time: 0.002621

[0m   [0mAggregate  (cost=1615.81..1615.82 rows=1 width=0)
   ->  Index Scan using index_listings_on_id_and_user_id_and_title on listings  (cost=0.00..1615.79 rows=4 width=0)
         Index Cond: (user_id = 25345)
[0m
  [4;36;1mListing Load (2.2ms)[0m   [0;1mSELECT * FROM "listings" WHERE ("listings".user_id = 25345) [0m
  [4;35;1mAnalyzing Listing Load Execution Time: 0.002908

[0m   [0mIndex Scan using index_listings_on_id_and_user_id_and_title on listings  (cost=0.00..1615.79 rows=4 width=1172)
   Index Cond: (user_id = 25345)
[0m
  [4;36;1mSQL (195.4ms)[0m   [0;1mSELECT count(*) AS count_all FROM "impressions" WHERE ("impressions".listing_id = 113063) [0m
  [4;35;1mAnalyzing  Execution Time: 0.195718

[0m   [0mAggregate  (cost=12714.08..12714.09 rows=1 width=0)
   ->  Seq Scan on impressions  (cost=0.00..12714.00 rows=31 width=0)
         Filter: (listing_id = 113063)
[0m
  [4;36;1mSQL (16.9ms)[0m   [0;1mSELECT count(*) AS count_all FROM "clicks" WHERE ("clicks".listing_id = 113063) [0m
  [4;35;1mAnalyzing  Execution Time: 0.017147

[0m   [0mAggregate  (cost=814.47..814.48 rows=1 width=0)
   ->  Seq Scan on clicks  (cost=0.00..814.46 rows=2 width=0)
         Filter: (listing_id = 113063)
[0m
  [4;36;1mSQL (3.7ms)[0m   [0;1mSELECT count(*) AS count_all FROM "listings" WHERE ("listings".user_id = 25370) [0m
  [4;35;1mAnalyzing  Execution Time: 0.004

[0m   [0mAggregate  (cost=1615.81..1615.82 rows=1 width=0)
   ->  Index Scan using index_listings_on_id_and_user_id_and_title on listings  (cost=0.00..1615.79 rows=4 width=0)
         Index Cond: (user_id = 25370)
[0m
  [4;36;1mListing Load (2.6ms)[0m   [0;1mSELECT * FROM "listings" WHERE ("listings".user_id = 25370) [0m
  [4;35;1mAnalyzing Listing Load Execution Time: 0.00336

[0m   [0mIndex Scan using index_listings_on_id_and_user_id_and_title on listings  (cost=0.00..1615.79 rows=4 width=1172)
   Index Cond: (user_id = 25370)
[0m
  [4;36;1mSQL (214.6ms)[0m   [0;1mSELECT count(*) AS count_all FROM "impressions" WHERE ("impressions".listing_id = 87257) [0m
  [4;35;1mAnalyzing  Execution Time: 0.215183

[0m   [0mAggregate  (cost=12714.08..12714.09 rows=1 width=0)
   ->  Seq Scan on impressions  (cost=0.00..12714.00 rows=31 width=0)
         Filter: (listing_id = 87257)
[0m
  [4;36;1mSQL (13.2ms)[0m   [0;1mSELECT count(*) AS count_all FROM "clicks" WHERE ("clicks".listing_id = 87257) [0m
  [4;35;1mAnalyzing  Execution Time: 0.013473

[0m   [0mAggregate  (cost=814.47..814.48 rows=1 width=0)
   ->  Seq Scan on clicks  (cost=0.00..814.46 rows=2 width=0)
         Filter: (listing_id = 87257)
[0m
  [4;36;1mSQL (2.6ms)[0m   [0;1mSELECT count(*) AS count_all FROM "listings" WHERE ("listings".user_id = 25397) [0m
  [4;35;1mAnalyzing  Execution Time: 0.004074

[0m   [0mAggregate  (cost=1615.81..1615.82 rows=1 width=0)
   ->  Index Scan using index_listings_on_id_and_user_id_and_title on listings  (cost=0.00..1615.79 rows=4 width=0)
         Index Cond: (user_id = 25397)
[0m
  [4;36;1mListing Load (3.0ms)[0m   [0;1mSELECT * FROM "listings" WHERE ("listings".user_id = 25397) [0m
  [4;35;1mAnalyzing Listing Load Execution Time: 0.003787

[0m   [0mIndex Scan using index_listings_on_id_and_user_id_and_title on listings  (cost=0.00..1615.79 rows=4 width=1172)
   Index Cond: (user_id = 25397)
[0m
  [4;36;1mSQL (196.6ms)[0m   [0;1mSELECT count(*) AS count_all FROM "impressions" WHERE ("impressions".listing_id = 96211) [0m
  [4;35;1mAnalyzing  Execution Time: 0.197588

[0m   [0mAggregate  (cost=12714.08..12714.09 rows=1 width=0)
   ->  Seq Scan on impressions  (cost=0.00..12714.00 rows=31 width=0)
         Filter: (listing_id = 96211)
[0m
  [4;36;1mSQL (10.1ms)[0m   [0;1mSELECT count(*) AS count_all FROM "clicks" WHERE ("clicks".listing_id = 96211) [0m
  [4;35;1mAnalyzing  Execution Time: 0.010378

[0m   [0mAggregate  (cost=814.47..814.48 rows=1 width=0)
   ->  Seq Scan on clicks  (cost=0.00..814.46 rows=2 width=0)
         Filter: (listing_id = 96211)
[0m
  [4;36;1mSQL (6.3ms)[0m   [0;1mSELECT count(*) AS count_all FROM "listings" WHERE ("listings".user_id = 25391) [0m
  [4;35;1mAnalyzing  Execution Time: 0.006587

[0m   [0mAggregate  (cost=1615.81..1615.82 rows=1 width=0)
   ->  Index Scan using index_listings_on_id_and_user_id_and_title on listings  (cost=0.00..1615.79 rows=4 width=0)
         Index Cond: (user_id = 25391)
[0m
  [4;36;1mListing Load (5.0ms)[0m   [0;1mSELECT * FROM "listings" WHERE ("listings".user_id = 25391) [0m
  [4;35;1mAnalyzing Listing Load Execution Time: 0.007352

[0m   [0mIndex Scan using index_listings_on_id_and_user_id_and_title on listings  (cost=0.00..1615.79 rows=4 width=1172)
   Index Cond: (user_id = 25391)
[0m
  [4;36;1mSQL (166.8ms)[0m   [0;1mSELECT count(*) AS count_all FROM "impressions" WHERE ("impressions".listing_id = 68233) [0m
  [4;35;1mAnalyzing  Execution Time: 0.167102

[0m   [0mAggregate  (cost=12714.08..12714.09 rows=1 width=0)
   ->  Seq Scan on impressions  (cost=0.00..12714.00 rows=31 width=0)
         Filter: (listing_id = 68233)
[0m
  [4;36;1mSQL (162.8ms)[0m   [0;1mSELECT count(*) AS count_all FROM "impressions" WHERE ("impressions".listing_id = 72354) [0m
  [4;35;1mAnalyzing  Execution Time: 0.163015

[0m   [0mAggregate  (cost=12714.08..12714.09 rows=1 width=0)
   ->  Seq Scan on impressions  (cost=0.00..12714.00 rows=31 width=0)
         Filter: (listing_id = 72354)
[0m
  [4;36;1mSQL (165.6ms)[0m   [0;1mSELECT count(*) AS count_all FROM "impressions" WHERE ("impressions".listing_id = 72355) [0m
  [4;35;1mAnalyzing  Execution Time: 0.165907

[0m   [0mAggregate  (cost=12714.08..12714.09 rows=1 width=0)
   ->  Seq Scan on impressions  (cost=0.00..12714.00 rows=31 width=0)
         Filter: (listing_id = 72355)
[0m
  [4;36;1mSQL (170.7ms)[0m   [0;1mSELECT count(*) AS count_all FROM "impressions" WHERE ("impressions".listing_id = 77203) [0m
  [4;35;1mAnalyzing  Execution Time: 0.170977

[0m   [0mAggregate  (cost=12714.08..12714.09 rows=1 width=0)
   ->  Seq Scan on impressions  (cost=0.00..12714.00 rows=31 width=0)
         Filter: (listing_id = 77203)
[0m
  [4;36;1mSQL (170.9ms)[0m   [0;1mSELECT count(*) AS count_all FROM "impressions" WHERE ("impressions".listing_id = 80552) [0m
  [4;35;1mAnalyzing  Execution Time: 0.171167

[0m   [0mAggregate  (cost=12714.08..12714.09 rows=1 width=0)
   ->  Seq Scan on impressions  (cost=0.00..12714.00 rows=31 width=0)
         Filter: (listing_id = 80552)
[0m
  [4;36;1mSQL (19.9ms)[0m   [0;1mSELECT count(*) AS count_all FROM "clicks" WHERE ("clicks".listing_id = 68233) [0m
  [4;35;1mAnalyzing  Execution Time: 0.020191

[0m   [0mAggregate  (cost=814.47..814.48 rows=1 width=0)
   ->  Seq Scan on clicks  (cost=0.00..814.46 rows=2 width=0)
         Filter: (listing_id = 68233)
[0m
  [4;36;1mSQL (8.8ms)[0m   [0;1mSELECT count(*) AS count_all FROM "clicks" WHERE ("clicks".listing_id = 72354) [0m
  [4;35;1mAnalyzing  Execution Time: 0.009063

[0m   [0mAggregate  (cost=814.47..814.48 rows=1 width=0)
   ->  Seq Scan on clicks  (cost=0.00..814.46 rows=2 width=0)
         Filter: (listing_id = 72354)
[0m
  [4;36;1mSQL (9.9ms)[0m   [0;1mSELECT count(*) AS count_all FROM "clicks" WHERE ("clicks".listing_id = 72355) [0m
  [4;35;1mAnalyzing  Execution Time: 0.010178

[0m   [0mAggregate  (cost=814.47..814.48 rows=1 width=0)
   ->  Seq Scan on clicks  (cost=0.00..814.46 rows=2 width=0)
         Filter: (listing_id = 72355)
[0m
  [4;36;1mSQL (13.3ms)[0m   [0;1mSELECT count(*) AS count_all FROM "clicks" WHERE ("clicks".listing_id = 77203) [0m
  [4;35;1mAnalyzing  Execution Time: 0.0135540000000001

[0m   [0mAggregate  (cost=814.47..814.48 rows=1 width=0)
   ->  Seq Scan on clicks  (cost=0.00..814.46 rows=2 width=0)
         Filter: (listing_id = 77203)
[0m
  [4;36;1mSQL (9.2ms)[0m   [0;1mSELECT count(*) AS count_all FROM "clicks" WHERE ("clicks".listing_id = 80552) [0m
  [4;35;1mAnalyzing  Execution Time: 0.009461

[0m   [0mAggregate  (cost=814.47..814.48 rows=1 width=0)
   ->  Seq Scan on clicks  (cost=0.00..814.46 rows=2 width=0)
         Filter: (listing_id = 80552)
[0m
  [4;36;1mSQL (3.1ms)[0m   [0;1mSELECT count(*) AS count_all FROM "listings" WHERE ("listings".user_id = 25365) [0m
  [4;35;1mAnalyzing  Execution Time: 0.003325

[0m   [0mAggregate  (cost=1615.81..1615.82 rows=1 width=0)
   ->  Index Scan using index_listings_on_id_and_user_id_and_title on listings  (cost=0.00..1615.79 rows=4 width=0)
         Index Cond: (user_id = 25365)
[0m
  [4;36;1mListing Load (2.4ms)[0m   [0;1mSELECT * FROM "listings" WHERE ("listings".user_id = 25365) [0m
  [4;35;1mAnalyzing Listing Load Execution Time: 0.003145

[0m   [0mIndex Scan using index_listings_on_id_and_user_id_and_title on listings  (cost=0.00..1615.79 rows=4 width=1172)
   Index Cond: (user_id = 25365)
[0m
  [4;36;1mSQL (157.3ms)[0m   [0;1mSELECT count(*) AS count_all FROM "impressions" WHERE ("impressions".listing_id = 69791) [0m
  [4;35;1mAnalyzing  Execution Time: 0.157522

[0m   [0mAggregate  (cost=12714.08..12714.09 rows=1 width=0)
   ->  Seq Scan on impressions  (cost=0.00..12714.00 rows=31 width=0)
         Filter: (listing_id = 69791)
[0m
  [4;36;1mSQL (10.4ms)[0m   [0;1mSELECT count(*) AS count_all FROM "clicks" WHERE ("clicks".listing_id = 69791) [0m
  [4;35;1mAnalyzing  Execution Time: 0.010686

[0m   [0mAggregate  (cost=814.47..814.48 rows=1 width=0)
   ->  Seq Scan on clicks  (cost=0.00..814.46 rows=2 width=0)
         Filter: (listing_id = 69791)
[0m
  [4;36;1mSQL (2.1ms)[0m   [0;1mSELECT count(*) AS count_all FROM "listings" WHERE ("listings".user_id = 25441) [0m
  [4;35;1mAnalyzing  Execution Time: 0.002359

[0m   [0mAggregate  (cost=1615.81..1615.82 rows=1 width=0)
   ->  Index Scan using index_listings_on_id_and_user_id_and_title on listings  (cost=0.00..1615.79 rows=4 width=0)
         Index Cond: (user_id = 25441)
[0m
  [4;36;1mListing Load (2.0ms)[0m   [0;1mSELECT * FROM "listings" WHERE ("listings".user_id = 25441) [0m
  [4;35;1mAnalyzing Listing Load Execution Time: 0.002846

[0m   [0mIndex Scan using index_listings_on_id_and_user_id_and_title on listings  (cost=0.00..1615.79 rows=4 width=1172)
   Index Cond: (user_id = 25441)
[0m
  [4;36;1mSQL (195.5ms)[0m   [0;1mSELECT count(*) AS count_all FROM "impressions" WHERE ("impressions".listing_id = 113124) [0m
  [4;35;1mAnalyzing  Execution Time: 0.195777

[0m   [0mAggregate  (cost=12714.08..12714.09 rows=1 width=0)
   ->  Seq Scan on impressions  (cost=0.00..12714.00 rows=31 width=0)
         Filter: (listing_id = 113124)
[0m
  [4;36;1mSQL (8.9ms)[0m   [0;1mSELECT count(*) AS count_all FROM "clicks" WHERE ("clicks".listing_id = 113124) [0m
  [4;35;1mAnalyzing  Execution Time: 0.009142

[0m   [0mAggregate  (cost=814.47..814.48 rows=1 width=0)
   ->  Seq Scan on clicks  (cost=0.00..814.46 rows=2 width=0)
         Filter: (listing_id = 113124)
[0m
  [4;36;1mSQL (3.1ms)[0m   [0;1mSELECT count(*) AS count_all FROM "listings" WHERE ("listings".user_id = 25346) [0m
  [4;35;1mAnalyzing  Execution Time: 0.003463

[0m   [0mAggregate  (cost=1615.81..1615.82 rows=1 width=0)
   ->  Index Scan using index_listings_on_id_and_user_id_and_title on listings  (cost=0.00..1615.79 rows=4 width=0)
         Index Cond: (user_id = 25346)
[0m
  [4;36;1mListing Load (3.1ms)[0m   [0;1mSELECT * FROM "listings" WHERE ("listings".user_id = 25346) [0m
  [4;35;1mAnalyzing Listing Load Execution Time: 0.004976

[0m   [0mIndex Scan using index_listings_on_id_and_user_id_and_title on listings  (cost=0.00..1615.79 rows=4 width=1172)
   Index Cond: (user_id = 25346)
[0m
  [4;36;1mSQL (275.2ms)[0m   [0;1mSELECT count(*) AS count_all FROM "impressions" WHERE ("impressions".listing_id = 79649) [0m
  [4;35;1mAnalyzing  Execution Time: 0.275483

[0m   [0mAggregate  (cost=12714.08..12714.09 rows=1 width=0)
   ->  Seq Scan on impressions  (cost=0.00..12714.00 rows=31 width=0)
         Filter: (listing_id = 79649)
[0m
  [4;36;1mSQL (204.9ms)[0m   [0;1mSELECT count(*) AS count_all FROM "impressions" WHERE ("impressions".listing_id = 100382) [0m
  [4;35;1mAnalyzing  Execution Time: 0.205188

[0m   [0mAggregate  (cost=12714.08..12714.09 rows=1 width=0)
   ->  Seq Scan on impressions  (cost=0.00..12714.00 rows=31 width=0)
         Filter: (listing_id = 100382)
[0m
  [4;36;1mSQL (174.1ms)[0m   [0;1mSELECT count(*) AS count_all FROM "impressions" WHERE ("impressions".listing_id = 113064) [0m
  [4;35;1mAnalyzing  Execution Time: 0.174472

[0m   [0mAggregate  (cost=12714.08..12714.09 rows=1 width=0)
   ->  Seq Scan on impressions  (cost=0.00..12714.00 rows=31 width=0)
         Filter: (listing_id = 113064)
[0m
  [4;36;1mSQL (162.0ms)[0m   [0;1mSELECT count(*) AS count_all FROM "impressions" WHERE ("impressions".listing_id = 113066) [0m
  [4;35;1mAnalyzing  Execution Time: 0.162306

[0m   [0mAggregate  (cost=12714.08..12714.09 rows=1 width=0)
   ->  Seq Scan on impressions  (cost=0.00..12714.00 rows=31 width=0)
         Filter: (listing_id = 113066)
[0m
  [4;36;1mSQL (10.1ms)[0m   [0;1mSELECT count(*) AS count_all FROM "clicks" WHERE ("clicks".listing_id = 79649) [0m
  [4;35;1mAnalyzing  Execution Time: 0.010387

[0m   [0mAggregate  (cost=814.47..814.48 rows=1 width=0)
   ->  Seq Scan on clicks  (cost=0.00..814.46 rows=2 width=0)
         Filter: (listing_id = 79649)
[0m
  [4;36;1mSQL (10.0ms)[0m   [0;1mSELECT count(*) AS count_all FROM "clicks" WHERE ("clicks".listing_id = 100382) [0m
  [4;35;1mAnalyzing  Execution Time: 0.010256

[0m   [0mAggregate  (cost=814.47..814.48 rows=1 width=0)
   ->  Seq Scan on clicks  (cost=0.00..814.46 rows=2 width=0)
         Filter: (listing_id = 100382)
[0m
  [4;36;1mSQL (8.7ms)[0m   [0;1mSELECT count(*) AS count_all FROM "clicks" WHERE ("clicks".listing_id = 113064) [0m
  [4;35;1mAnalyzing  Execution Time: 0.008956

[0m   [0mAggregate  (cost=814.47..814.48 rows=1 width=0)
   ->  Seq Scan on clicks  (cost=0.00..814.46 rows=2 width=0)
         Filter: (listing_id = 113064)
[0m
  [4;36;1mSQL (8.8ms)[0m   [0;1mSELECT count(*) AS count_all FROM "clicks" WHERE ("clicks".listing_id = 113066) [0m
  [4;35;1mAnalyzing  Execution Time: 0.009095

[0m   [0mAggregate  (cost=814.47..814.48 rows=1 width=0)
   ->  Seq Scan on clicks  (cost=0.00..814.46 rows=2 width=0)
         Filter: (listing_id = 113066)
[0m
  [4;36;1mSQL (2.4ms)[0m   [0;1mSELECT count(*) AS count_all FROM "listings" WHERE ("listings".user_id = 25440) [0m
  [4;35;1mAnalyzing  Execution Time: 0.002657

[0m   [0mAggregate  (cost=1615.81..1615.82 rows=1 width=0)
   ->  Index Scan using index_listings_on_id_and_user_id_and_title on listings  (cost=0.00..1615.79 rows=4 width=0)
         Index Cond: (user_id = 25440)
[0m
  [4;36;1mListing Load (3.2ms)[0m   [0;1mSELECT * FROM "listings" WHERE ("listings".user_id = 25440) [0m
  [4;35;1mAnalyzing Listing Load Execution Time: 0.004869

[0m   [0mIndex Scan using index_listings_on_id_and_user_id_and_title on listings  (cost=0.00..1615.79 rows=4 width=1172)
   Index Cond: (user_id = 25440)
[0m
  [4;36;1mSQL (178.1ms)[0m   [0;1mSELECT count(*) AS count_all FROM "impressions" WHERE ("impressions".listing_id = 113123) [0m
  [4;35;1mAnalyzing  Execution Time: 0.178377

[0m   [0mAggregate  (cost=12714.08..12714.09 rows=1 width=0)
   ->  Seq Scan on impressions  (cost=0.00..12714.00 rows=31 width=0)
         Filter: (listing_id = 113123)
[0m
  [4;36;1mSQL (189.4ms)[0m   [0;1mSELECT count(*) AS count_all FROM "impressions" WHERE ("impressions".listing_id = 113258) [0m
  [4;35;1mAnalyzing  Execution Time: 0.189832

[0m   [0mAggregate  (cost=12714.08..12714.09 rows=1 width=0)
   ->  Seq Scan on impressions  (cost=0.00..12714.00 rows=31 width=0)
         Filter: (listing_id = 113258)
[0m
  [4;36;1mSQL (172.4ms)[0m   [0;1mSELECT count(*) AS count_all FROM "impressions" WHERE ("impressions".listing_id = 113259) [0m
  [4;35;1mAnalyzing  Execution Time: 0.172724

[0m   [0mAggregate  (cost=12714.08..12714.09 rows=1 width=0)
   ->  Seq Scan on impressions  (cost=0.00..12714.00 rows=31 width=0)
         Filter: (listing_id = 113259)
[0m
  [4;36;1mSQL (11.4ms)[0m   [0;1mSELECT count(*) AS count_all FROM "clicks" WHERE ("clicks".listing_id = 113123) [0m
  [4;35;1mAnalyzing  Execution Time: 0.011813

[0m   [0mAggregate  (cost=814.47..814.48 rows=1 width=0)
   ->  Seq Scan on clicks  (cost=0.00..814.46 rows=2 width=0)
         Filter: (listing_id = 113123)
[0m
  [4;36;1mSQL (8.4ms)[0m   [0;1mSELECT count(*) AS count_all FROM "clicks" WHERE ("clicks".listing_id = 113258) [0m
  [4;35;1mAnalyzing  Execution Time: 0.008676

[0m   [0mAggregate  (cost=814.47..814.48 rows=1 width=0)
   ->  Seq Scan on clicks  (cost=0.00..814.46 rows=2 width=0)
         Filter: (listing_id = 113258)
[0m
  [4;36;1mSQL (9.0ms)[0m   [0;1mSELECT count(*) AS count_all FROM "clicks" WHERE ("clicks".listing_id = 113259) [0m
  [4;35;1mAnalyzing  Execution Time: 0.009316

[0m   [0mAggregate  (cost=814.47..814.48 rows=1 width=0)
   ->  Seq Scan on clicks  (cost=0.00..814.46 rows=2 width=0)
         Filter: (listing_id = 113259)
[0m
  [4;36;1mSQL (2.2ms)[0m   [0;1mSELECT count(*) AS count_all FROM "listings" WHERE ("listings".user_id = 25426) [0m
  [4;35;1mAnalyzing  Execution Time: 0.00249

[0m   [0mAggregate  (cost=1615.81..1615.82 rows=1 width=0)
   ->  Index Scan using index_listings_on_id_and_user_id_and_title on listings  (cost=0.00..1615.79 rows=4 width=0)
         Index Cond: (user_id = 25426)
[0m
  [4;36;1mListing Load (2.0ms)[0m   [0;1mSELECT * FROM "listings" WHERE ("listings".user_id = 25426) [0m
  [4;35;1mAnalyzing Listing Load Execution Time: 0.0027

[0m   [0mIndex Scan using index_listings_on_id_and_user_id_and_title on listings  (cost=0.00..1615.79 rows=4 width=1172)
   Index Cond: (user_id = 25426)
[0m
  [4;36;1mSQL (142.3ms)[0m   [0;1mSELECT count(*) AS count_all FROM "impressions" WHERE ("impressions".listing_id = 113115) [0m
  [4;35;1mAnalyzing  Execution Time: 0.142622

[0m   [0mAggregate  (cost=12714.08..12714.09 rows=1 width=0)
   ->  Seq Scan on impressions  (cost=0.00..12714.00 rows=31 width=0)
         Filter: (listing_id = 113115)
[0m
  [4;36;1mSQL (9.4ms)[0m   [0;1mSELECT count(*) AS count_all FROM "clicks" WHERE ("clicks".listing_id = 113115) [0m
  [4;35;1mAnalyzing  Execution Time: 0.009704

[0m   [0mAggregate  (cost=814.47..814.48 rows=1 width=0)
   ->  Seq Scan on clicks  (cost=0.00..814.46 rows=2 width=0)
         Filter: (listing_id = 113115)
[0m
  [4;36;1mSQL (2.0ms)[0m   [0;1mSELECT count(*) AS count_all FROM "listings" WHERE ("listings".user_id = 25433) [0m
  [4;35;1mAnalyzing  Execution Time: 0.00232

[0m   [0mAggregate  (cost=1615.81..1615.82 rows=1 width=0)
   ->  Index Scan using index_listings_on_id_and_user_id_and_title on listings  (cost=0.00..1615.79 rows=4 width=0)
         Index Cond: (user_id = 25433)
[0m
  [4;36;1mListing Load (2.0ms)[0m   [0;1mSELECT * FROM "listings" WHERE ("listings".user_id = 25433) [0m
  [4;35;1mAnalyzing Listing Load Execution Time: 0.002953

[0m   [0mIndex Scan using index_listings_on_id_and_user_id_and_title on listings  (cost=0.00..1615.79 rows=4 width=1172)
   Index Cond: (user_id = 25433)
[0m
  [4;36;1mSQL (141.0ms)[0m   [0;1mSELECT count(*) AS count_all FROM "impressions" WHERE ("impressions".listing_id = 113119) [0m
  [4;35;1mAnalyzing  Execution Time: 0.141245

[0m   [0mAggregate  (cost=12714.08..12714.09 rows=1 width=0)
   ->  Seq Scan on impressions  (cost=0.00..12714.00 rows=31 width=0)
         Filter: (listing_id = 113119)
[0m
  [4;36;1mSQL (9.8ms)[0m   [0;1mSELECT count(*) AS count_all FROM "clicks" WHERE ("clicks".listing_id = 113119) [0m
  [4;35;1mAnalyzing  Execution Time: 0.010098

[0m   [0mAggregate  (cost=814.47..814.48 rows=1 width=0)
   ->  Seq Scan on clicks  (cost=0.00..814.46 rows=2 width=0)
         Filter: (listing_id = 113119)
[0m
  [4;36;1mSQL (2.4ms)[0m   [0;1mSELECT count(*) AS count_all FROM "listings" WHERE ("listings".user_id = 25429) [0m
  [4;35;1mAnalyzing  Execution Time: 0.002676

[0m   [0mAggregate  (cost=1615.81..1615.82 rows=1 width=0)
   ->  Index Scan using index_listings_on_id_and_user_id_and_title on listings  (cost=0.00..1615.79 rows=4 width=0)
         Index Cond: (user_id = 25429)
[0m
  [4;36;1mListing Load (2.1ms)[0m   [0;1mSELECT * FROM "listings" WHERE ("listings".user_id = 25429) [0m
  [4;35;1mAnalyzing Listing Load Execution Time: 0.002895

[0m   [0mIndex Scan using index_listings_on_id_and_user_id_and_title on listings  (cost=0.00..1615.79 rows=4 width=1172)
   Index Cond: (user_id = 25429)
[0m
  [4;36;1mSQL (141.5ms)[0m   [0;1mSELECT count(*) AS count_all FROM "impressions" WHERE ("impressions".listing_id = 91405) [0m
  [4;35;1mAnalyzing  Execution Time: 0.141775

[0m   [0mAggregate  (cost=12714.08..12714.09 rows=1 width=0)
   ->  Seq Scan on impressions  (cost=0.00..12714.00 rows=31 width=0)
         Filter: (listing_id = 91405)
[0m
  [4;36;1mSQL (8.6ms)[0m   [0;1mSELECT count(*) AS count_all FROM "clicks" WHERE ("clicks".listing_id = 91405) [0m
  [4;35;1mAnalyzing  Execution Time: 0.00888

[0m   [0mAggregate  (cost=814.47..814.48 rows=1 width=0)
   ->  Seq Scan on clicks  (cost=0.00..814.46 rows=2 width=0)
         Filter: (listing_id = 91405)
[0m
  [4;36;1mSQL (2.2ms)[0m   [0;1mSELECT count(*) AS count_all FROM "listings" WHERE ("listings".user_id = 25404) [0m
  [4;35;1mAnalyzing  Execution Time: 0.002523

[0m   [0mAggregate  (cost=1615.81..1615.82 rows=1 width=0)
   ->  Index Scan using index_listings_on_id_and_user_id_and_title on listings  (cost=0.00..1615.79 rows=4 width=0)
         Index Cond: (user_id = 25404)
[0m
  [4;36;1mListing Load (2.1ms)[0m   [0;1mSELECT * FROM "listings" WHERE ("listings".user_id = 25404) [0m
  [4;35;1mAnalyzing Listing Load Execution Time: 0.002861

[0m   [0mIndex Scan using index_listings_on_id_and_user_id_and_title on listings  (cost=0.00..1615.79 rows=4 width=1172)
   Index Cond: (user_id = 25404)
[0m
  [4;36;1mSQL (151.5ms)[0m   [0;1mSELECT count(*) AS count_all FROM "impressions" WHERE ("impressions".listing_id = 113098) [0m
  [4;35;1mAnalyzing  Execution Time: 0.15175

[0m   [0mAggregate  (cost=12714.08..12714.09 rows=1 width=0)
   ->  Seq Scan on impressions  (cost=0.00..12714.00 rows=31 width=0)
         Filter: (listing_id = 113098)
[0m
  [4;36;1mSQL (11.0ms)[0m   [0;1mSELECT count(*) AS count_all FROM "clicks" WHERE ("clicks".listing_id = 113098) [0m
  [4;35;1mAnalyzing  Execution Time: 0.011257

[0m   [0mAggregate  (cost=814.47..814.48 rows=1 width=0)
   ->  Seq Scan on clicks  (cost=0.00..814.46 rows=2 width=0)
         Filter: (listing_id = 113098)
[0m
  [4;36;1mSQL (2.9ms)[0m   [0;1mSELECT count(*) AS count_all FROM "listings" WHERE ("listings".user_id = 25425) [0m
  [4;35;1mAnalyzing  Execution Time: 0.003187

[0m   [0mAggregate  (cost=1615.81..1615.82 rows=1 width=0)
   ->  Index Scan using index_listings_on_id_and_user_id_and_title on listings  (cost=0.00..1615.79 rows=4 width=0)
         Index Cond: (user_id = 25425)
[0m
  [4;36;1mListing Load (3.0ms)[0m   [0;1mSELECT * FROM "listings" WHERE ("listings".user_id = 25425) [0m
  [4;35;1mAnalyzing Listing Load Execution Time: 0.009697

[0m   [0mIndex Scan using index_listings_on_id_and_user_id_and_title on listings  (cost=0.00..1615.79 rows=4 width=1172)
   Index Cond: (user_id = 25425)
[0m
  [4;36;1mSQL (193.4ms)[0m   [0;1mSELECT count(*) AS count_all FROM "impressions" WHERE ("impressions".listing_id = 76860) [0m
  [4;35;1mAnalyzing  Execution Time: 0.193694

[0m   [0mAggregate  (cost=12714.08..12714.09 rows=1 width=0)
   ->  Seq Scan on impressions  (cost=0.00..12714.00 rows=31 width=0)
         Filter: (listing_id = 76860)
[0m
  [4;36;1mSQL (158.1ms)[0m   [0;1mSELECT count(*) AS count_all FROM "impressions" WHERE ("impressions".listing_id = 81916) [0m
  [4;35;1mAnalyzing  Execution Time: 0.158355

[0m   [0mAggregate  (cost=12714.08..12714.09 rows=1 width=0)
   ->  Seq Scan on impressions  (cost=0.00..12714.00 rows=31 width=0)
         Filter: (listing_id = 81916)
[0m
  [4;36;1mSQL (151.1ms)[0m   [0;1mSELECT count(*) AS count_all FROM "impressions" WHERE ("impressions".listing_id = 88462) [0m
  [4;35;1mAnalyzing  Execution Time: 0.15137

[0m   [0mAggregate  (cost=12714.08..12714.09 rows=1 width=0)
   ->  Seq Scan on impressions  (cost=0.00..12714.00 rows=31 width=0)
         Filter: (listing_id = 88462)
[0m
  [4;36;1mSQL (148.1ms)[0m   [0;1mSELECT count(*) AS count_all FROM "impressions" WHERE ("impressions".listing_id = 91855) [0m
  [4;35;1mAnalyzing  Execution Time: 0.148377

[0m   [0mAggregate  (cost=12714.08..12714.09 rows=1 width=0)
   ->  Seq Scan on impressions  (cost=0.00..12714.00 rows=31 width=0)
         Filter: (listing_id = 91855)
[0m
  [4;36;1mSQL (144.6ms)[0m   [0;1mSELECT count(*) AS count_all FROM "impressions" WHERE ("impressions".listing_id = 91856) [0m
  [4;35;1mAnalyzing  Execution Time: 0.144822

[0m   [0mAggregate  (cost=12714.08..12714.09 rows=1 width=0)
   ->  Seq Scan on impressions  (cost=0.00..12714.00 rows=31 width=0)
         Filter: (listing_id = 91856)
[0m
  [4;36;1mSQL (146.0ms)[0m   [0;1mSELECT count(*) AS count_all FROM "impressions" WHERE ("impressions".listing_id = 96194) [0m
  [4;35;1mAnalyzing  Execution Time: 0.146438

[0m   [0mAggregate  (cost=12714.08..12714.09 rows=1 width=0)
   ->  Seq Scan on impressions  (cost=0.00..12714.00 rows=31 width=0)
         Filter: (listing_id = 96194)
[0m
  [4;36;1mSQL (144.4ms)[0m   [0;1mSELECT count(*) AS count_all FROM "impressions" WHERE ("impressions".listing_id = 102386) [0m
  [4;35;1mAnalyzing  Execution Time: 0.144689

[0m   [0mAggregate  (cost=12714.08..12714.09 rows=1 width=0)
   ->  Seq Scan on impressions  (cost=0.00..12714.00 rows=31 width=0)
         Filter: (listing_id = 102386)
[0m
  [4;36;1mSQL (150.4ms)[0m   [0;1mSELECT count(*) AS count_all FROM "impressions" WHERE ("impressions".listing_id = 102649) [0m
  [4;35;1mAnalyzing  Execution Time: 0.150706

[0m   [0mAggregate  (cost=12714.08..12714.09 rows=1 width=0)
   ->  Seq Scan on impressions  (cost=0.00..12714.00 rows=31 width=0)
         Filter: (listing_id = 102649)
[0m
  [4;36;1mSQL (145.0ms)[0m   [0;1mSELECT count(*) AS count_all FROM "impressions" WHERE ("impressions".listing_id = 113008) [0m
  [4;35;1mAnalyzing  Execution Time: 0.145293

[0m   [0mAggregate  (cost=12714.08..12714.09 rows=1 width=0)
   ->  Seq Scan on impressions  (cost=0.00..12714.00 rows=31 width=0)
         Filter: (listing_id = 113008)
[0m
  [4;36;1mSQL (149.9ms)[0m   [0;1mSELECT count(*) AS count_all FROM "impressions" WHERE ("impressions".listing_id = 113009) [0m
  [4;35;1mAnalyzing  Execution Time: 0.150129

[0m   [0mAggregate  (cost=12714.08..12714.09 rows=1 width=0)
   ->  Seq Scan on impressions  (cost=0.00..12714.00 rows=31 width=0)
         Filter: (listing_id = 113009)
[0m
  [4;36;1mSQL (156.0ms)[0m   [0;1mSELECT count(*) AS count_all FROM "impressions" WHERE ("impressions".listing_id = 113010) [0m
  [4;35;1mAnalyzing  Execution Time: 0.156301

[0m   [0mAggregate  (cost=12714.08..12714.09 rows=1 width=0)
   ->  Seq Scan on impressions  (cost=0.00..12714.00 rows=31 width=0)
         Filter: (listing_id = 113010)
[0m
  [4;36;1mSQL (151.9ms)[0m   [0;1mSELECT count(*) AS count_all FROM "impressions" WHERE ("impressions".listing_id = 113012) [0m
  [4;35;1mAnalyzing  Execution Time: 0.152173

[0m   [0mAggregate  (cost=12714.08..12714.09 rows=1 width=0)
   ->  Seq Scan on impressions  (cost=0.00..12714.00 rows=31 width=0)
         Filter: (listing_id = 113012)
[0m
  [4;36;1mSQL (147.8ms)[0m   [0;1mSELECT count(*) AS count_all FROM "impressions" WHERE ("impressions".listing_id = 113013) [0m
  [4;35;1mAnalyzing  Execution Time: 0.148059

[0m   [0mAggregate  (cost=12714.08..12714.09 rows=1 width=0)
   ->  Seq Scan on impressions  (cost=0.00..12714.00 rows=31 width=0)
         Filter: (listing_id = 113013)
[0m
  [4;36;1mSQL (143.5ms)[0m   [0;1mSELECT count(*) AS count_all FROM "impressions" WHERE ("impressions".listing_id = 113114) [0m
  [4;35;1mAnalyzing  Execution Time: 0.143727

[0m   [0mAggregate  (cost=12714.08..12714.09 rows=1 width=0)
   ->  Seq Scan on impressions  (cost=0.00..12714.00 rows=31 width=0)
         Filter: (listing_id = 113114)
[0m
  [4;36;1mSQL (12.4ms)[0m   [0;1mSELECT count(*) AS count_all FROM "clicks" WHERE ("clicks".listing_id = 76860) [0m
  [4;35;1mAnalyzing  Execution Time: 0.014036

[0m   [0mAggregate  (cost=814.47..814.48 rows=1 width=0)
   ->  Seq Scan on clicks  (cost=0.00..814.46 rows=2 width=0)
         Filter: (listing_id = 76860)
[0m
  [4;36;1mSQL (8.7ms)[0m   [0;1mSELECT count(*) AS count_all FROM "clicks" WHERE ("clicks".listing_id = 81916) [0m
  [4;35;1mAnalyzing  Execution Time: 0.008985

[0m   [0mAggregate  (cost=814.47..814.48 rows=1 width=0)
   ->  Seq Scan on clicks  (cost=0.00..814.46 rows=2 width=0)
         Filter: (listing_id = 81916)
[0m
  [4;36;1mSQL (8.4ms)[0m   [0;1mSELECT count(*) AS count_all FROM "clicks" WHERE ("clicks".listing_id = 88462) [0m
  [4;35;1mAnalyzing  Execution Time: 0.008643

[0m   [0mAggregate  (cost=814.47..814.48 rows=1 width=0)
   ->  Seq Scan on clicks  (cost=0.00..814.46 rows=2 width=0)
         Filter: (listing_id = 88462)
[0m
  [4;36;1mSQL (10.7ms)[0m   [0;1mSELECT count(*) AS count_all FROM "clicks" WHERE ("clicks".listing_id = 91855) [0m
  [4;35;1mAnalyzing  Execution Time: 0.010981

[0m   [0mAggregate  (cost=814.47..814.48 rows=1 width=0)
   ->  Seq Scan on clicks  (cost=0.00..814.46 rows=2 width=0)
         Filter: (listing_id = 91855)
[0m
  [4;36;1mSQL (8.4ms)[0m   [0;1mSELECT count(*) AS count_all FROM "clicks" WHERE ("clicks".listing_id = 91856) [0m
  [4;35;1mAnalyzing  Execution Time: 0.008652

[0m   [0mAggregate  (cost=814.47..814.48 rows=1 width=0)
   ->  Seq Scan on clicks  (cost=0.00..814.46 rows=2 width=0)
         Filter: (listing_id = 91856)
[0m
  [4;36;1mSQL (8.4ms)[0m   [0;1mSELECT count(*) AS count_all FROM "clicks" WHERE ("clicks".listing_id = 96194) [0m
  [4;35;1mAnalyzing  Execution Time: 0.008661

[0m   [0mAggregate  (cost=814.47..814.48 rows=1 width=0)
   ->  Seq Scan on clicks  (cost=0.00..814.46 rows=2 width=0)
         Filter: (listing_id = 96194)
[0m
  [4;36;1mSQL (10.4ms)[0m   [0;1mSELECT count(*) AS count_all FROM "clicks" WHERE ("clicks".listing_id = 102386) [0m
  [4;35;1mAnalyzing  Execution Time: 0.010626

[0m   [0mAggregate  (cost=814.47..814.48 rows=1 width=0)
   ->  Seq Scan on clicks  (cost=0.00..814.46 rows=2 width=0)
         Filter: (listing_id = 102386)
[0m
  [4;36;1mSQL (10.6ms)[0m   [0;1mSELECT count(*) AS count_all FROM "clicks" WHERE ("clicks".listing_id = 102649) [0m
  [4;35;1mAnalyzing  Execution Time: 0.010821

[0m   [0mAggregate  (cost=814.47..814.48 rows=1 width=0)
   ->  Seq Scan on clicks  (cost=0.00..814.46 rows=2 width=0)
         Filter: (listing_id = 102649)
[0m
  [4;36;1mSQL (8.5ms)[0m   [0;1mSELECT count(*) AS count_all FROM "clicks" WHERE ("clicks".listing_id = 113008) [0m
  [4;35;1mAnalyzing  Execution Time: 0.008831

[0m   [0mAggregate  (cost=814.47..814.48 rows=1 width=0)
   ->  Seq Scan on clicks  (cost=0.00..814.46 rows=2 width=0)
         Filter: (listing_id = 113008)
[0m
  [4;36;1mSQL (10.9ms)[0m   [0;1mSELECT count(*) AS count_all FROM "clicks" WHERE ("clicks".listing_id = 113009) [0m
  [4;35;1mAnalyzing  Execution Time: 0.011126

[0m   [0mAggregate  (cost=814.47..814.48 rows=1 width=0)
   ->  Seq Scan on clicks  (cost=0.00..814.46 rows=2 width=0)
         Filter: (listing_id = 113009)
[0m
  [4;36;1mSQL (8.4ms)[0m   [0;1mSELECT count(*) AS count_all FROM "clicks" WHERE ("clicks".listing_id = 113010) [0m
  [4;35;1mAnalyzing  Execution Time: 0.008616

[0m   [0mAggregate  (cost=814.47..814.48 rows=1 width=0)
   ->  Seq Scan on clicks  (cost=0.00..814.46 rows=2 width=0)
         Filter: (listing_id = 113010)
[0m
  [4;36;1mSQL (9.0ms)[0m   [0;1mSELECT count(*) AS count_all FROM "clicks" WHERE ("clicks".listing_id = 113012) [0m
  [4;35;1mAnalyzing  Execution Time: 0.009586

[0m   [0mAggregate  (cost=814.47..814.48 rows=1 width=0)
   ->  Seq Scan on clicks  (cost=0.00..814.46 rows=2 width=0)
         Filter: (listing_id = 113012)
[0m
  [4;36;1mSQL (10.3ms)[0m   [0;1mSELECT count(*) AS count_all FROM "clicks" WHERE ("clicks".listing_id = 113013) [0m
  [4;35;1mAnalyzing  Execution Time: 0.010579

[0m   [0mAggregate  (cost=814.47..814.48 rows=1 width=0)
   ->  Seq Scan on clicks  (cost=0.00..814.46 rows=2 width=0)
         Filter: (listing_id = 113013)
[0m
  [4;36;1mSQL (8.4ms)[0m   [0;1mSELECT count(*) AS count_all FROM "clicks" WHERE ("clicks".listing_id = 113114) [0m
  [4;35;1mAnalyzing  Execution Time: 0.008675

[0m   [0mAggregate  (cost=814.47..814.48 rows=1 width=0)
   ->  Seq Scan on clicks  (cost=0.00..814.46 rows=2 width=0)
         Filter: (listing_id = 113114)
[0m
  [4;36;1mSQL (4.2ms)[0m   [0;1mSELECT count(*) AS count_all FROM "listings" WHERE ("listings".user_id = 25428) [0m
  [4;35;1mAnalyzing  Execution Time: 0.004462

[0m   [0mAggregate  (cost=1615.81..1615.82 rows=1 width=0)
   ->  Index Scan using index_listings_on_id_and_user_id_and_title on listings  (cost=0.00..1615.79 rows=4 width=0)
         Index Cond: (user_id = 25428)
[0m
  [4;36;1mListing Load (2.6ms)[0m   [0;1mSELECT * FROM "listings" WHERE ("listings".user_id = 25428) [0m
  [4;35;1mAnalyzing Listing Load Execution Time: 0.005351

[0m   [0mIndex Scan using index_listings_on_id_and_user_id_and_title on listings  (cost=0.00..1615.79 rows=4 width=1172)
   Index Cond: (user_id = 25428)
[0m
  [4;36;1mSQL (148.8ms)[0m   [0;1mSELECT count(*) AS count_all FROM "impressions" WHERE ("impressions".listing_id = 66203) [0m
  [4;35;1mAnalyzing  Execution Time: 0.149046

[0m   [0mAggregate  (cost=12714.08..12714.09 rows=1 width=0)
   ->  Seq Scan on impressions  (cost=0.00..12714.00 rows=31 width=0)
         Filter: (listing_id = 66203)
[0m
  [4;36;1mSQL (141.9ms)[0m   [0;1mSELECT count(*) AS count_all FROM "impressions" WHERE ("impressions".listing_id = 68175) [0m
  [4;35;1mAnalyzing  Execution Time: 0.14272

[0m   [0mAggregate  (cost=12714.08..12714.09 rows=1 width=0)
   ->  Seq Scan on impressions  (cost=0.00..12714.00 rows=31 width=0)
         Filter: (listing_id = 68175)
[0m
  [4;36;1mSQL (144.3ms)[0m   [0;1mSELECT count(*) AS count_all FROM "impressions" WHERE ("impressions".listing_id = 71790) [0m
  [4;35;1mAnalyzing  Execution Time: 0.144571

[0m   [0mAggregate  (cost=12714.08..12714.09 rows=1 width=0)
   ->  Seq Scan on impressions  (cost=0.00..12714.00 rows=31 width=0)
         Filter: (listing_id = 71790)
[0m
  [4;36;1mSQL (157.9ms)[0m   [0;1mSELECT count(*) AS count_all FROM "impressions" WHERE ("impressions".listing_id = 72877) [0m
  [4;35;1mAnalyzing  Execution Time: 0.158177

[0m   [0mAggregate  (cost=12714.08..12714.09 rows=1 width=0)
   ->  Seq Scan on impressions  (cost=0.00..12714.00 rows=31 width=0)
         Filter: (listing_id = 72877)
[0m
  [4;36;1mSQL (151.4ms)[0m   [0;1mSELECT count(*) AS count_all FROM "impressions" WHERE ("impressions".listing_id = 92116) [0m
  [4;35;1mAnalyzing  Execution Time: 0.151688

[0m   [0mAggregate  (cost=12714.08..12714.09 rows=1 width=0)
   ->  Seq Scan on impressions  (cost=0.00..12714.00 rows=31 width=0)
         Filter: (listing_id = 92116)
[0m
  [4;36;1mSQL (145.9ms)[0m   [0;1mSELECT count(*) AS count_all FROM "impressions" WHERE ("impressions".listing_id = 97660) [0m
  [4;35;1mAnalyzing  Execution Time: 0.146187

[0m   [0mAggregate  (cost=12714.08..12714.09 rows=1 width=0)
   ->  Seq Scan on impressions  (cost=0.00..12714.00 rows=31 width=0)
         Filter: (listing_id = 97660)
[0m
  [4;36;1mSQL (8.8ms)[0m   [0;1mSELECT count(*) AS count_all FROM "clicks" WHERE ("clicks".listing_id = 66203) [0m
  [4;35;1mAnalyzing  Execution Time: 0.009029

[0m   [0mAggregate  (cost=814.47..814.48 rows=1 width=0)
   ->  Seq Scan on clicks  (cost=0.00..814.46 rows=2 width=0)
         Filter: (listing_id = 66203)
[0m
  [4;36;1mSQL (8.7ms)[0m   [0;1mSELECT count(*) AS count_all FROM "clicks" WHERE ("clicks".listing_id = 68175) [0m
  [4;35;1mAnalyzing  Execution Time: 0.008953

[0m   [0mAggregate  (cost=814.47..814.48 rows=1 width=0)
   ->  Seq Scan on clicks  (cost=0.00..814.46 rows=2 width=0)
         Filter: (listing_id = 68175)
[0m
  [4;36;1mSQL (12.4ms)[0m   [0;1mSELECT count(*) AS count_all FROM "clicks" WHERE ("clicks".listing_id = 71790) [0m
  [4;35;1mAnalyzing  Execution Time: 0.012655

[0m   [0mAggregate  (cost=814.47..814.48 rows=1 width=0)
   ->  Seq Scan on clicks  (cost=0.00..814.46 rows=2 width=0)
         Filter: (listing_id = 71790)
[0m
  [4;36;1mSQL (9.0ms)[0m   [0;1mSELECT count(*) AS count_all FROM "clicks" WHERE ("clicks".listing_id = 72877) [0m
  [4;35;1mAnalyzing  Execution Time: 0.009292

[0m   [0mAggregate  (cost=814.47..814.48 rows=1 width=0)
   ->  Seq Scan on clicks  (cost=0.00..814.46 rows=2 width=0)
         Filter: (listing_id = 72877)
[0m
  [4;36;1mSQL (8.4ms)[0m   [0;1mSELECT count(*) AS count_all FROM "clicks" WHERE ("clicks".listing_id = 92116) [0m
  [4;35;1mAnalyzing  Execution Time: 0.008661

[0m   [0mAggregate  (cost=814.47..814.48 rows=1 width=0)
   ->  Seq Scan on clicks  (cost=0.00..814.46 rows=2 width=0)
         Filter: (listing_id = 92116)
[0m
  [4;36;1mSQL (10.2ms)[0m   [0;1mSELECT count(*) AS count_all FROM "clicks" WHERE ("clicks".listing_id = 97660) [0m
  [4;35;1mAnalyzing  Execution Time: 0.010411

[0m   [0mAggregate  (cost=814.47..814.48 rows=1 width=0)
   ->  Seq Scan on clicks  (cost=0.00..814.46 rows=2 width=0)
         Filter: (listing_id = 97660)
[0m
  [4;36;1mSQL (5.1ms)[0m   [0;1mSELECT count(*) AS count_all FROM "listings" WHERE ("listings".user_id = 25427) [0m
  [4;35;1mAnalyzing  Execution Time: 0.005317

[0m   [0mAggregate  (cost=1615.81..1615.82 rows=1 width=0)
   ->  Index Scan using index_listings_on_id_and_user_id_and_title on listings  (cost=0.00..1615.79 rows=4 width=0)
         Index Cond: (user_id = 25427)
[0m
  [4;36;1mListing Load (2.0ms)[0m   [0;1mSELECT * FROM "listings" WHERE ("listings".user_id = 25427) [0m
  [4;35;1mAnalyzing Listing Load Execution Time: 0.002737

[0m   [0mIndex Scan using index_listings_on_id_and_user_id_and_title on listings  (cost=0.00..1615.79 rows=4 width=1172)
   Index Cond: (user_id = 25427)
[0m
  [4;36;1mSQL (153.5ms)[0m   [0;1mSELECT count(*) AS count_all FROM "impressions" WHERE ("impressions".listing_id = 70101) [0m
  [4;35;1mAnalyzing  Execution Time: 0.153794

[0m   [0mAggregate  (cost=12714.08..12714.09 rows=1 width=0)
   ->  Seq Scan on impressions  (cost=0.00..12714.00 rows=31 width=0)
         Filter: (listing_id = 70101)
[0m
  [4;36;1mSQL (8.5ms)[0m   [0;1mSELECT count(*) AS count_all FROM "clicks" WHERE ("clicks".listing_id = 70101) [0m
  [4;35;1mAnalyzing  Execution Time: 0.008773

[0m   [0mAggregate  (cost=814.47..814.48 rows=1 width=0)
   ->  Seq Scan on clicks  (cost=0.00..814.46 rows=2 width=0)
         Filter: (listing_id = 70101)
[0m
  [4;36;1mSQL (2.1ms)[0m   [0;1mSELECT count(*) AS count_all FROM "listings" WHERE ("listings".user_id = 25416) [0m
  [4;35;1mAnalyzing  Execution Time: 0.002338

[0m   [0mAggregate  (cost=1615.81..1615.82 rows=1 width=0)
   ->  Index Scan using index_listings_on_id_and_user_id_and_title on listings  (cost=0.00..1615.79 rows=4 width=0)
         Index Cond: (user_id = 25416)
[0m
  [4;36;1mListing Load (2.1ms)[0m   [0;1mSELECT * FROM "listings" WHERE ("listings".user_id = 25416) [0m
  [4;35;1mAnalyzing Listing Load Execution Time: 0.002795

[0m   [0mIndex Scan using index_listings_on_id_and_user_id_and_title on listings  (cost=0.00..1615.79 rows=4 width=1172)
   Index Cond: (user_id = 25416)
[0m
  [4;36;1mSQL (149.5ms)[0m   [0;1mSELECT count(*) AS count_all FROM "impressions" WHERE ("impressions".listing_id = 113107) [0m
  [4;35;1mAnalyzing  Execution Time: 0.149726

[0m   [0mAggregate  (cost=12714.08..12714.09 rows=1 width=0)
   ->  Seq Scan on impressions  (cost=0.00..12714.00 rows=31 width=0)
         Filter: (listing_id = 113107)
[0m
  [4;36;1mSQL (8.5ms)[0m   [0;1mSELECT count(*) AS count_all FROM "clicks" WHERE ("clicks".listing_id = 113107) [0m
  [4;35;1mAnalyzing  Execution Time: 0.008721

[0m   [0mAggregate  (cost=814.47..814.48 rows=1 width=0)
   ->  Seq Scan on clicks  (cost=0.00..814.46 rows=2 width=0)
         Filter: (listing_id = 113107)
[0m
  [4;36;1mSQL (2.2ms)[0m   [0;1mSELECT count(*) AS count_all FROM "listings" WHERE ("listings".user_id = 25422) [0m
  [4;35;1mAnalyzing  Execution Time: 0.002511

[0m   [0mAggregate  (cost=1615.81..1615.82 rows=1 width=0)
   ->  Index Scan using index_listings_on_id_and_user_id_and_title on listings  (cost=0.00..1615.79 rows=4 width=0)
         Index Cond: (user_id = 25422)
[0m
  [4;36;1mListing Load (3.7ms)[0m   [0;1mSELECT * FROM "listings" WHERE ("listings".user_id = 25422) [0m
  [4;35;1mAnalyzing Listing Load Execution Time: 0.004904

[0m   [0mIndex Scan using index_listings_on_id_and_user_id_and_title on listings  (cost=0.00..1615.79 rows=4 width=1172)
   Index Cond: (user_id = 25422)
[0m
  [4;36;1mSQL (146.0ms)[0m   [0;1mSELECT count(*) AS count_all FROM "impressions" WHERE ("impressions".listing_id = 113113) [0m
  [4;35;1mAnalyzing  Execution Time: 0.146274

[0m   [0mAggregate  (cost=12714.08..12714.09 rows=1 width=0)
   ->  Seq Scan on impressions  (cost=0.00..12714.00 rows=31 width=0)
         Filter: (listing_id = 113113)
[0m
  [4;36;1mSQL (9.2ms)[0m   [0;1mSELECT count(*) AS count_all FROM "clicks" WHERE ("clicks".listing_id = 113113) [0m
  [4;35;1mAnalyzing  Execution Time: 0.009737

[0m   [0mAggregate  (cost=814.47..814.48 rows=1 width=0)
   ->  Seq Scan on clicks  (cost=0.00..814.46 rows=2 width=0)
         Filter: (listing_id = 113113)
[0m
  [4;36;1mSQL (2.1ms)[0m   [0;1mSELECT count(*) AS count_all FROM "listings" WHERE ("listings".user_id = 25421) [0m
  [4;35;1mAnalyzing  Execution Time: 0.002389

[0m   [0mAggregate  (cost=1615.81..1615.82 rows=1 width=0)
   ->  Index Scan using index_listings_on_id_and_user_id_and_title on listings  (cost=0.00..1615.79 rows=4 width=0)
         Index Cond: (user_id = 25421)
[0m
  [4;36;1mListing Load (4.2ms)[0m   [0;1mSELECT * FROM "listings" WHERE ("listings".user_id = 25421) [0m
  [4;35;1mAnalyzing Listing Load Execution Time: 0.004884

[0m   [0mIndex Scan using index_listings_on_id_and_user_id_and_title on listings  (cost=0.00..1615.79 rows=4 width=1172)
   Index Cond: (user_id = 25421)
[0m
  [4;36;1mSQL (148.7ms)[0m   [0;1mSELECT count(*) AS count_all FROM "impressions" WHERE ("impressions".listing_id = 113112) [0m
  [4;35;1mAnalyzing  Execution Time: 0.149036

[0m   [0mAggregate  (cost=12714.08..12714.09 rows=1 width=0)
   ->  Seq Scan on impressions  (cost=0.00..12714.00 rows=31 width=0)
         Filter: (listing_id = 113112)
[0m
  [4;36;1mSQL (10.5ms)[0m   [0;1mSELECT count(*) AS count_all FROM "clicks" WHERE ("clicks".listing_id = 113112) [0m
  [4;35;1mAnalyzing  Execution Time: 0.010736

[0m   [0mAggregate  (cost=814.47..814.48 rows=1 width=0)
   ->  Seq Scan on clicks  (cost=0.00..814.46 rows=2 width=0)
         Filter: (listing_id = 113112)
[0m
  [4;36;1mSQL (2.0ms)[0m   [0;1mSELECT count(*) AS count_all FROM "listings" WHERE ("listings".user_id = 25347) [0m
  [4;35;1mAnalyzing  Execution Time: 0.002226

[0m   [0mAggregate  (cost=1615.81..1615.82 rows=1 width=0)
   ->  Index Scan using index_listings_on_id_and_user_id_and_title on listings  (cost=0.00..1615.79 rows=4 width=0)
         Index Cond: (user_id = 25347)
[0m
  [4;36;1mListing Load (2.3ms)[0m   [0;1mSELECT * FROM "listings" WHERE ("listings".user_id = 25347) [0m
  [4;35;1mAnalyzing Listing Load Execution Time: 0.003

[0m   [0mIndex Scan using index_listings_on_id_and_user_id_and_title on listings  (cost=0.00..1615.79 rows=4 width=1172)
   Index Cond: (user_id = 25347)
[0m
  [4;36;1mSQL (147.3ms)[0m   [0;1mSELECT count(*) AS count_all FROM "impressions" WHERE ("impressions".listing_id = 70420) [0m
  [4;35;1mAnalyzing  Execution Time: 0.147555

[0m   [0mAggregate  (cost=12714.08..12714.09 rows=1 width=0)
   ->  Seq Scan on impressions  (cost=0.00..12714.00 rows=31 width=0)
         Filter: (listing_id = 70420)
[0m
  [4;36;1mSQL (10.3ms)[0m   [0;1mSELECT count(*) AS count_all FROM "clicks" WHERE ("clicks".listing_id = 70420) [0m
  [4;35;1mAnalyzing  Execution Time: 0.010522

[0m   [0mAggregate  (cost=814.47..814.48 rows=1 width=0)
   ->  Seq Scan on clicks  (cost=0.00..814.46 rows=2 width=0)
         Filter: (listing_id = 70420)
[0m
  [4;36;1mSQL (2.1ms)[0m   [0;1mSELECT count(*) AS count_all FROM "listings" WHERE ("listings".user_id = 25414) [0m
  [4;35;1mAnalyzing  Execution Time: 0.002371

[0m   [0mAggregate  (cost=1615.81..1615.82 rows=1 width=0)
   ->  Index Scan using index_listings_on_id_and_user_id_and_title on listings  (cost=0.00..1615.79 rows=4 width=0)
         Index Cond: (user_id = 25414)
[0m
  [4;36;1mListing Load (2.1ms)[0m   [0;1mSELECT * FROM "listings" WHERE ("listings".user_id = 25414) [0m
  [4;35;1mAnalyzing Listing Load Execution Time: 0.002818

[0m   [0mIndex Scan using index_listings_on_id_and_user_id_and_title on listings  (cost=0.00..1615.79 rows=4 width=1172)
   Index Cond: (user_id = 25414)
[0m
  [4;36;1mSQL (152.2ms)[0m   [0;1mSELECT count(*) AS count_all FROM "impressions" WHERE ("impressions".listing_id = 113105) [0m
  [4;35;1mAnalyzing  Execution Time: 0.152495

[0m   [0mAggregate  (cost=12714.08..12714.09 rows=1 width=0)
   ->  Seq Scan on impressions  (cost=0.00..12714.00 rows=31 width=0)
         Filter: (listing_id = 113105)
[0m
  [4;36;1mSQL (8.5ms)[0m   [0;1mSELECT count(*) AS count_all FROM "clicks" WHERE ("clicks".listing_id = 113105) [0m
  [4;35;1mAnalyzing  Execution Time: 0.008801

[0m   [0mAggregate  (cost=814.47..814.48 rows=1 width=0)
   ->  Seq Scan on clicks  (cost=0.00..814.46 rows=2 width=0)
         Filter: (listing_id = 113105)
[0m
  [4;36;1mSQL (2.0ms)[0m   [0;1mSELECT count(*) AS count_all FROM "listings" WHERE ("listings".user_id = 25411) [0m
  [4;35;1mAnalyzing  Execution Time: 0.00227

[0m   [0mAggregate  (cost=1615.81..1615.82 rows=1 width=0)
   ->  Index Scan using index_listings_on_id_and_user_id_and_title on listings  (cost=0.00..1615.79 rows=4 width=0)
         Index Cond: (user_id = 25411)
[0m
  [4;36;1mListing Load (2.1ms)[0m   [0;1mSELECT * FROM "listings" WHERE ("listings".user_id = 25411) [0m
  [4;35;1mAnalyzing Listing Load Execution Time: 0.002876

[0m   [0mIndex Scan using index_listings_on_id_and_user_id_and_title on listings  (cost=0.00..1615.79 rows=4 width=1172)
   Index Cond: (user_id = 25411)
[0m
  [4;36;1mSQL (150.5ms)[0m   [0;1mSELECT count(*) AS count_all FROM "impressions" WHERE ("impressions".listing_id = 113103) [0m
  [4;35;1mAnalyzing  Execution Time: 0.150735

[0m   [0mAggregate  (cost=12714.08..12714.09 rows=1 width=0)
   ->  Seq Scan on impressions  (cost=0.00..12714.00 rows=31 width=0)
         Filter: (listing_id = 113103)
[0m
  [4;36;1mSQL (8.6ms)[0m   [0;1mSELECT count(*) AS count_all FROM "clicks" WHERE ("clicks".listing_id = 113103) [0m
  [4;35;1mAnalyzing  Execution Time: 0.008881

[0m   [0mAggregate  (cost=814.47..814.48 rows=1 width=0)
   ->  Seq Scan on clicks  (cost=0.00..814.46 rows=2 width=0)
         Filter: (listing_id = 113103)
[0m
  [4;36;1mSQL (2.2ms)[0m   [0;1mSELECT count(*) AS count_all FROM "listings" WHERE ("listings".user_id = 25381) [0m
  [4;35;1mAnalyzing  Execution Time: 0.002458

[0m   [0mAggregate  (cost=1615.81..1615.82 rows=1 width=0)
   ->  Index Scan using index_listings_on_id_and_user_id_and_title on listings  (cost=0.00..1615.79 rows=4 width=0)
         Index Cond: (user_id = 25381)
[0m
  [4;36;1mListing Load (2.3ms)[0m   [0;1mSELECT * FROM "listings" WHERE ("listings".user_id = 25381) [0m
  [4;35;1mAnalyzing Listing Load Execution Time: 0.003019

[0m   [0mIndex Scan using index_listings_on_id_and_user_id_and_title on listings  (cost=0.00..1615.79 rows=4 width=1172)
   Index Cond: (user_id = 25381)
[0m
  [4;36;1mSQL (149.8ms)[0m   [0;1mSELECT count(*) AS count_all FROM "impressions" WHERE ("impressions".listing_id = 113086) [0m
  [4;35;1mAnalyzing  Execution Time: 0.150075

[0m   [0mAggregate  (cost=12714.08..12714.09 rows=1 width=0)
   ->  Seq Scan on impressions  (cost=0.00..12714.00 rows=31 width=0)
         Filter: (listing_id = 113086)
[0m
  [4;36;1mSQL (8.7ms)[0m   [0;1mSELECT count(*) AS count_all FROM "clicks" WHERE ("clicks".listing_id = 113086) [0m
  [4;35;1mAnalyzing  Execution Time: 0.008967

[0m   [0mAggregate  (cost=814.47..814.48 rows=1 width=0)
   ->  Seq Scan on clicks  (cost=0.00..814.46 rows=2 width=0)
         Filter: (listing_id = 113086)
[0m
  [4;36;1mSQL (2.3ms)[0m   [0;1mSELECT count(*) AS count_all FROM "listings" WHERE ("listings".user_id = 25410) [0m
  [4;35;1mAnalyzing  Execution Time: 0.002592

[0m   [0mAggregate  (cost=1615.81..1615.82 rows=1 width=0)
   ->  Index Scan using index_listings_on_id_and_user_id_and_title on listings  (cost=0.00..1615.79 rows=4 width=0)
         Index Cond: (user_id = 25410)
[0m
  [4;36;1mListing Load (2.3ms)[0m   [0;1mSELECT * FROM "listings" WHERE ("listings".user_id = 25410) [0m
  [4;35;1mAnalyzing Listing Load Execution Time: 0.003004

[0m   [0mIndex Scan using index_listings_on_id_and_user_id_and_title on listings  (cost=0.00..1615.79 rows=4 width=1172)
   Index Cond: (user_id = 25410)
[0m
  [4;36;1mSQL (148.0ms)[0m   [0;1mSELECT count(*) AS count_all FROM "impressions" WHERE ("impressions".listing_id = 85168) [0m
  [4;35;1mAnalyzing  Execution Time: 0.148262

[0m   [0mAggregate  (cost=12714.08..12714.09 rows=1 width=0)
   ->  Seq Scan on impressions  (cost=0.00..12714.00 rows=31 width=0)
         Filter: (listing_id = 85168)
[0m
  [4;36;1mSQL (10.7ms)[0m   [0;1mSELECT count(*) AS count_all FROM "clicks" WHERE ("clicks".listing_id = 85168) [0m
  [4;35;1mAnalyzing  Execution Time: 0.010969

[0m   [0mAggregate  (cost=814.47..814.48 rows=1 width=0)
   ->  Seq Scan on clicks  (cost=0.00..814.46 rows=2 width=0)
         Filter: (listing_id = 85168)
[0m
  [4;36;1mSQL (2.4ms)[0m   [0;1mSELECT count(*) AS count_all FROM "listings" WHERE ("listings".user_id = 25419) [0m
  [4;35;1mAnalyzing  Execution Time: 0.002633

[0m   [0mAggregate  (cost=1615.81..1615.82 rows=1 width=0)
   ->  Index Scan using index_listings_on_id_and_user_id_and_title on listings  (cost=0.00..1615.79 rows=4 width=0)
         Index Cond: (user_id = 25419)
[0m
  [4;36;1mListing Load (2.0ms)[0m   [0;1mSELECT * FROM "listings" WHERE ("listings".user_id = 25419) [0m
  [4;35;1mAnalyzing Listing Load Execution Time: 0.002707

[0m   [0mIndex Scan using index_listings_on_id_and_user_id_and_title on listings  (cost=0.00..1615.79 rows=4 width=1172)
   Index Cond: (user_id = 25419)
[0m
  [4;36;1mSQL (144.5ms)[0m   [0;1mSELECT count(*) AS count_all FROM "impressions" WHERE ("impressions".listing_id = 113110) [0m
  [4;35;1mAnalyzing  Execution Time: 0.144785

[0m   [0mAggregate  (cost=12714.08..12714.09 rows=1 width=0)
   ->  Seq Scan on impressions  (cost=0.00..12714.00 rows=31 width=0)
         Filter: (listing_id = 113110)
[0m
  [4;36;1mSQL (10.0ms)[0m   [0;1mSELECT count(*) AS count_all FROM "clicks" WHERE ("clicks".listing_id = 113110) [0m
  [4;35;1mAnalyzing  Execution Time: 0.010232

[0m   [0mAggregate  (cost=814.47..814.48 rows=1 width=0)
   ->  Seq Scan on clicks  (cost=0.00..814.46 rows=2 width=0)
         Filter: (listing_id = 113110)
[0m
  [4;36;1mSQL (1.9ms)[0m   [0;1mSELECT count(*) AS count_all FROM "listings" WHERE ("listings".user_id = 25420) [0m
  [4;35;1mAnalyzing  Execution Time: 0.002209

[0m   [0mAggregate  (cost=1615.81..1615.82 rows=1 width=0)
   ->  Index Scan using index_listings_on_id_and_user_id_and_title on listings  (cost=0.00..1615.79 rows=4 width=0)
         Index Cond: (user_id = 25420)
[0m
  [4;36;1mListing Load (2.0ms)[0m   [0;1mSELECT * FROM "listings" WHERE ("listings".user_id = 25420) [0m
  [4;35;1mAnalyzing Listing Load Execution Time: 0.002743

[0m   [0mIndex Scan using index_listings_on_id_and_user_id_and_title on listings  (cost=0.00..1615.79 rows=4 width=1172)
   Index Cond: (user_id = 25420)
[0m
  [4;36;1mSQL (148.3ms)[0m   [0;1mSELECT count(*) AS count_all FROM "impressions" WHERE ("impressions".listing_id = 113111) [0m
  [4;35;1mAnalyzing  Execution Time: 0.148565

[0m   [0mAggregate  (cost=12714.08..12714.09 rows=1 width=0)
   ->  Seq Scan on impressions  (cost=0.00..12714.00 rows=31 width=0)
         Filter: (listing_id = 113111)
[0m
  [4;36;1mSQL (8.9ms)[0m   [0;1mSELECT count(*) AS count_all FROM "clicks" WHERE ("clicks".listing_id = 113111) [0m
  [4;35;1mAnalyzing  Execution Time: 0.009157

[0m   [0mAggregate  (cost=814.47..814.48 rows=1 width=0)
   ->  Seq Scan on clicks  (cost=0.00..814.46 rows=2 width=0)
         Filter: (listing_id = 113111)
[0m
  [4;36;1mSQL (1.9ms)[0m   [0;1mSELECT count(*) AS count_all FROM "listings" WHERE ("listings".user_id = 25417) [0m
  [4;35;1mAnalyzing  Execution Time: 0.002196

[0m   [0mAggregate  (cost=1615.81..1615.82 rows=1 width=0)
   ->  Index Scan using index_listings_on_id_and_user_id_and_title on listings  (cost=0.00..1615.79 rows=4 width=0)
         Index Cond: (user_id = 25417)
[0m
  [4;36;1mListing Load (1.9ms)[0m   [0;1mSELECT * FROM "listings" WHERE ("listings".user_id = 25417) [0m
  [4;35;1mAnalyzing Listing Load Execution Time: 0.002626

[0m   [0mIndex Scan using index_listings_on_id_and_user_id_and_title on listings  (cost=0.00..1615.79 rows=4 width=1172)
   Index Cond: (user_id = 25417)
[0m
  [4;36;1mSQL (150.1ms)[0m   [0;1mSELECT count(*) AS count_all FROM "impressions" WHERE ("impressions".listing_id = 113108) [0m
  [4;35;1mAnalyzing  Execution Time: 0.1504

[0m   [0mAggregate  (cost=12714.08..12714.09 rows=1 width=0)
   ->  Seq Scan on impressions  (cost=0.00..12714.00 rows=31 width=0)
         Filter: (listing_id = 113108)
[0m
  [4;36;1mSQL (8.6ms)[0m   [0;1mSELECT count(*) AS count_all FROM "clicks" WHERE ("clicks".listing_id = 113108) [0m
  [4;35;1mAnalyzing  Execution Time: 0.008876

[0m   [0mAggregate  (cost=814.47..814.48 rows=1 width=0)
   ->  Seq Scan on clicks  (cost=0.00..814.46 rows=2 width=0)
         Filter: (listing_id = 113108)
[0m
  [4;36;1mSQL (2.1ms)[0m   [0;1mSELECT count(*) AS count_all FROM "listings" WHERE ("listings".user_id = 25396) [0m
  [4;35;1mAnalyzing  Execution Time: 0.002324

[0m   [0mAggregate  (cost=1615.81..1615.82 rows=1 width=0)
   ->  Index Scan using index_listings_on_id_and_user_id_and_title on listings  (cost=0.00..1615.79 rows=4 width=0)
         Index Cond: (user_id = 25396)
[0m
  [4;36;1mListing Load (2.0ms)[0m   [0;1mSELECT * FROM "listings" WHERE ("listings".user_id = 25396) [0m
  [4;35;1mAnalyzing Listing Load Execution Time: 0.002761

[0m   [0mIndex Scan using index_listings_on_id_and_user_id_and_title on listings  (cost=0.00..1615.79 rows=4 width=1172)
   Index Cond: (user_id = 25396)
[0m
  [4;36;1mSQL (147.7ms)[0m   [0;1mSELECT count(*) AS count_all FROM "impressions" WHERE ("impressions".listing_id = 81927) [0m
  [4;35;1mAnalyzing  Execution Time: 0.147962

[0m   [0mAggregate  (cost=12714.08..12714.09 rows=1 width=0)
   ->  Seq Scan on impressions  (cost=0.00..12714.00 rows=31 width=0)
         Filter: (listing_id = 81927)
[0m
  [4;36;1mSQL (8.6ms)[0m   [0;1mSELECT count(*) AS count_all FROM "clicks" WHERE ("clicks".listing_id = 81927) [0m
  [4;35;1mAnalyzing  Execution Time: 0.008858

[0m   [0mAggregate  (cost=814.47..814.48 rows=1 width=0)
   ->  Seq Scan on clicks  (cost=0.00..814.46 rows=2 width=0)
         Filter: (listing_id = 81927)
[0m
  [4;36;1mSQL (3.4ms)[0m   [0;1mSELECT count(*) AS count_all FROM "listings" WHERE ("listings".user_id = 25395) [0m
  [4;35;1mAnalyzing  Execution Time: 0.003732

[0m   [0mAggregate  (cost=1615.81..1615.82 rows=1 width=0)
   ->  Index Scan using index_listings_on_id_and_user_id_and_title on listings  (cost=0.00..1615.79 rows=4 width=0)
         Index Cond: (user_id = 25395)
[0m
  [4;36;1mListing Load (2.1ms)[0m   [0;1mSELECT * FROM "listings" WHERE ("listings".user_id = 25395) [0m
  [4;35;1mAnalyzing Listing Load Execution Time: 0.002933

[0m   [0mIndex Scan using index_listings_on_id_and_user_id_and_title on listings  (cost=0.00..1615.79 rows=4 width=1172)
   Index Cond: (user_id = 25395)
[0m
  [4;36;1mSQL (148.6ms)[0m   [0;1mSELECT count(*) AS count_all FROM "impressions" WHERE ("impressions".listing_id = 66688) [0m
  [4;35;1mAnalyzing  Execution Time: 0.148867

[0m   [0mAggregate  (cost=12714.08..12714.09 rows=1 width=0)
   ->  Seq Scan on impressions  (cost=0.00..12714.00 rows=31 width=0)
         Filter: (listing_id = 66688)
[0m
  [4;36;1mSQL (11.0ms)[0m   [0;1mSELECT count(*) AS count_all FROM "clicks" WHERE ("clicks".listing_id = 66688) [0m
  [4;35;1mAnalyzing  Execution Time: 0.011322

[0m   [0mAggregate  (cost=814.47..814.48 rows=1 width=0)
   ->  Seq Scan on clicks  (cost=0.00..814.46 rows=2 width=0)
         Filter: (listing_id = 66688)
[0m
  [4;36;1mSQL (2.2ms)[0m   [0;1mSELECT count(*) AS count_all FROM "listings" WHERE ("listings".user_id = 25383) [0m
  [4;35;1mAnalyzing  Execution Time: 0.002438

[0m   [0mAggregate  (cost=1615.81..1615.82 rows=1 width=0)
   ->  Index Scan using index_listings_on_id_and_user_id_and_title on listings  (cost=0.00..1615.79 rows=4 width=0)
         Index Cond: (user_id = 25383)
[0m
  [4;36;1mListing Load (2.0ms)[0m   [0;1mSELECT * FROM "listings" WHERE ("listings".user_id = 25383) [0m
  [4;35;1mAnalyzing Listing Load Execution Time: 0.002742

[0m   [0mIndex Scan using index_listings_on_id_and_user_id_and_title on listings  (cost=0.00..1615.79 rows=4 width=1172)
   Index Cond: (user_id = 25383)
[0m
  [4;36;1mSQL (149.4ms)[0m   [0;1mSELECT count(*) AS count_all FROM "impressions" WHERE ("impressions".listing_id = 102221) [0m
  [4;35;1mAnalyzing  Execution Time: 0.149741

[0m   [0mAggregate  (cost=12714.08..12714.09 rows=1 width=0)
   ->  Seq Scan on impressions  (cost=0.00..12714.00 rows=31 width=0)
         Filter: (listing_id = 102221)
[0m
  [4;36;1mSQL (9.9ms)[0m   [0;1mSELECT count(*) AS count_all FROM "clicks" WHERE ("clicks".listing_id = 102221) [0m
  [4;35;1mAnalyzing  Execution Time: 0.010218

[0m   [0mAggregate  (cost=814.47..814.48 rows=1 width=0)
   ->  Seq Scan on clicks  (cost=0.00..814.46 rows=2 width=0)
         Filter: (listing_id = 102221)
[0m
  [4;36;1mSQL (2.4ms)[0m   [0;1mSELECT count(*) AS count_all FROM "listings" WHERE ("listings".user_id = 25334) [0m
  [4;35;1mAnalyzing  Execution Time: 0.002709

[0m   [0mAggregate  (cost=1615.81..1615.82 rows=1 width=0)
   ->  Index Scan using index_listings_on_id_and_user_id_and_title on listings  (cost=0.00..1615.79 rows=4 width=0)
         Index Cond: (user_id = 25334)
[0m
  [4;36;1mListing Load (2.0ms)[0m   [0;1mSELECT * FROM "listings" WHERE ("listings".user_id = 25334) [0m
  [4;35;1mAnalyzing Listing Load Execution Time: 0.002748

[0m   [0mIndex Scan using index_listings_on_id_and_user_id_and_title on listings  (cost=0.00..1615.79 rows=4 width=1172)
   Index Cond: (user_id = 25334)
[0m
  [4;36;1mSQL (150.1ms)[0m   [0;1mSELECT count(*) AS count_all FROM "impressions" WHERE ("impressions".listing_id = 113058) [0m
  [4;35;1mAnalyzing  Execution Time: 0.15041

[0m   [0mAggregate  (cost=12714.08..12714.09 rows=1 width=0)
   ->  Seq Scan on impressions  (cost=0.00..12714.00 rows=31 width=0)
         Filter: (listing_id = 113058)
[0m
  [4;36;1mSQL (8.8ms)[0m   [0;1mSELECT count(*) AS count_all FROM "clicks" WHERE ("clicks".listing_id = 113058) [0m
  [4;35;1mAnalyzing  Execution Time: 0.009051

[0m   [0mAggregate  (cost=814.47..814.48 rows=1 width=0)
   ->  Seq Scan on clicks  (cost=0.00..814.46 rows=2 width=0)
         Filter: (listing_id = 113058)
[0m
  [4;36;1mSQL (2.1ms)[0m   [0;1mSELECT count(*) AS count_all FROM "listings" WHERE ("listings".user_id = 25405) [0m
  [4;35;1mAnalyzing  Execution Time: 0.00234

[0m   [0mAggregate  (cost=1615.81..1615.82 rows=1 width=0)
   ->  Index Scan using index_listings_on_id_and_user_id_and_title on listings  (cost=0.00..1615.79 rows=4 width=0)
         Index Cond: (user_id = 25405)
[0m
  [4;36;1mListing Load (2.0ms)[0m   [0;1mSELECT * FROM "listings" WHERE ("listings".user_id = 25405) [0m
  [4;35;1mAnalyzing Listing Load Execution Time: 0.002774

[0m   [0mIndex Scan using index_listings_on_id_and_user_id_and_title on listings  (cost=0.00..1615.79 rows=4 width=1172)
   Index Cond: (user_id = 25405)
[0m
  [4;36;1mSQL (146.2ms)[0m   [0;1mSELECT count(*) AS count_all FROM "impressions" WHERE ("impressions".listing_id = 113099) [0m
  [4;35;1mAnalyzing  Execution Time: 0.14649

[0m   [0mAggregate  (cost=12714.08..12714.09 rows=1 width=0)
   ->  Seq Scan on impressions  (cost=0.00..12714.00 rows=31 width=0)
         Filter: (listing_id = 113099)
[0m
  [4;36;1mSQL (8.5ms)[0m   [0;1mSELECT count(*) AS count_all FROM "clicks" WHERE ("clicks".listing_id = 113099) [0m
  [4;35;1mAnalyzing  Execution Time: 0.008814

[0m   [0mAggregate  (cost=814.47..814.48 rows=1 width=0)
   ->  Seq Scan on clicks  (cost=0.00..814.46 rows=2 width=0)
         Filter: (listing_id = 113099)
[0m
  [4;36;1mSQL (2.0ms)[0m   [0;1mSELECT count(*) AS count_all FROM "listings" WHERE ("listings".user_id = 25402) [0m
  [4;35;1mAnalyzing  Execution Time: 0.002299

[0m   [0mAggregate  (cost=1615.81..1615.82 rows=1 width=0)
   ->  Index Scan using index_listings_on_id_and_user_id_and_title on listings  (cost=0.00..1615.79 rows=4 width=0)
         Index Cond: (user_id = 25402)
[0m
  [4;36;1mListing Load (2.1ms)[0m   [0;1mSELECT * FROM "listings" WHERE ("listings".user_id = 25402) [0m
  [4;35;1mAnalyzing Listing Load Execution Time: 0.002893

[0m   [0mIndex Scan using index_listings_on_id_and_user_id_and_title on listings  (cost=0.00..1615.79 rows=4 width=1172)
   Index Cond: (user_id = 25402)
[0m
  [4;36;1mSQL (151.2ms)[0m   [0;1mSELECT count(*) AS count_all FROM "impressions" WHERE ("impressions".listing_id = 76909) [0m
  [4;35;1mAnalyzing  Execution Time: 0.151499

[0m   [0mAggregate  (cost=12714.08..12714.09 rows=1 width=0)
   ->  Seq Scan on impressions  (cost=0.00..12714.00 rows=31 width=0)
         Filter: (listing_id = 76909)
[0m
  [4;36;1mSQL (8.4ms)[0m   [0;1mSELECT count(*) AS count_all FROM "clicks" WHERE ("clicks".listing_id = 76909) [0m
  [4;35;1mAnalyzing  Execution Time: 0.008661

[0m   [0mAggregate  (cost=814.47..814.48 rows=1 width=0)
   ->  Seq Scan on clicks  (cost=0.00..814.46 rows=2 width=0)
         Filter: (listing_id = 76909)
[0m
  [4;36;1mSQL (3.1ms)[0m   [0;1mSELECT count(*) AS count_all FROM "listings" WHERE ("listings".user_id = 25401) [0m
  [4;35;1mAnalyzing  Execution Time: 0.003669

[0m   [0mAggregate  (cost=1615.81..1615.82 rows=1 width=0)
   ->  Index Scan using index_listings_on_id_and_user_id_and_title on listings  (cost=0.00..1615.79 rows=4 width=0)
         Index Cond: (user_id = 25401)
[0m
  [4;36;1mListing Load (4.2ms)[0m   [0;1mSELECT * FROM "listings" WHERE ("listings".user_id = 25401) [0m
  [4;35;1mAnalyzing Listing Load Execution Time: 0.004994

[0m   [0mIndex Scan using index_listings_on_id_and_user_id_and_title on listings  (cost=0.00..1615.79 rows=4 width=1172)
   Index Cond: (user_id = 25401)
[0m
  [4;36;1mSQL (150.9ms)[0m   [0;1mSELECT count(*) AS count_all FROM "impressions" WHERE ("impressions".listing_id = 77512) [0m
  [4;35;1mAnalyzing  Execution Time: 0.151126

[0m   [0mAggregate  (cost=12714.08..12714.09 rows=1 width=0)
   ->  Seq Scan on impressions  (cost=0.00..12714.00 rows=31 width=0)
         Filter: (listing_id = 77512)
[0m
  [4;36;1mSQL (10.3ms)[0m   [0;1mSELECT count(*) AS count_all FROM "clicks" WHERE ("clicks".listing_id = 77512) [0m
  [4;35;1mAnalyzing  Execution Time: 0.010605

[0m   [0mAggregate  (cost=814.47..814.48 rows=1 width=0)
   ->  Seq Scan on clicks  (cost=0.00..814.46 rows=2 width=0)
         Filter: (listing_id = 77512)
[0m
  [4;36;1mSQL (2.1ms)[0m   [0;1mSELECT count(*) AS count_all FROM "listings" WHERE ("listings".user_id = 25399) [0m
  [4;35;1mAnalyzing  Execution Time: 0.00233

[0m   [0mAggregate  (cost=1615.81..1615.82 rows=1 width=0)
   ->  Index Scan using index_listings_on_id_and_user_id_and_title on listings  (cost=0.00..1615.79 rows=4 width=0)
         Index Cond: (user_id = 25399)
[0m
  [4;36;1mListing Load (2.2ms)[0m   [0;1mSELECT * FROM "listings" WHERE ("listings".user_id = 25399) [0m
  [4;35;1mAnalyzing Listing Load Execution Time: 0.002894

[0m   [0mIndex Scan using index_listings_on_id_and_user_id_and_title on listings  (cost=0.00..1615.79 rows=4 width=1172)
   Index Cond: (user_id = 25399)
[0m
  [4;36;1mSQL (150.0ms)[0m   [0;1mSELECT count(*) AS count_all FROM "impressions" WHERE ("impressions".listing_id = 103616) [0m
  [4;35;1mAnalyzing  Execution Time: 0.150251

[0m   [0mAggregate  (cost=12714.08..12714.09 rows=1 width=0)
   ->  Seq Scan on impressions  (cost=0.00..12714.00 rows=31 width=0)
         Filter: (listing_id = 103616)
[0m
  [4;36;1mSQL (9.8ms)[0m   [0;1mSELECT count(*) AS count_all FROM "clicks" WHERE ("clicks".listing_id = 103616) [0m
  [4;35;1mAnalyzing  Execution Time: 0.010088

[0m   [0mAggregate  (cost=814.47..814.48 rows=1 width=0)
   ->  Seq Scan on clicks  (cost=0.00..814.46 rows=2 width=0)
         Filter: (listing_id = 103616)
[0m
  [4;36;1mSQL (2.1ms)[0m   [0;1mSELECT count(*) AS count_all FROM "listings" WHERE ("listings".user_id = 25398) [0m
  [4;35;1mAnalyzing  Execution Time: 0.002328

[0m   [0mAggregate  (cost=1615.81..1615.82 rows=1 width=0)
   ->  Index Scan using index_listings_on_id_and_user_id_and_title on listings  (cost=0.00..1615.79 rows=4 width=0)
         Index Cond: (user_id = 25398)
[0m
  [4;36;1mListing Load (2.3ms)[0m   [0;1mSELECT * FROM "listings" WHERE ("listings".user_id = 25398) [0m
  [4;35;1mAnalyzing Listing Load Execution Time: 0.008249

[0m   [0mIndex Scan using index_listings_on_id_and_user_id_and_title on listings  (cost=0.00..1615.79 rows=4 width=1172)
   Index Cond: (user_id = 25398)
[0m
  [4;36;1mSQL (157.6ms)[0m   [0;1mSELECT count(*) AS count_all FROM "impressions" WHERE ("impressions".listing_id = 67174) [0m
  [4;35;1mAnalyzing  Execution Time: 0.157811

[0m   [0mAggregate  (cost=12714.08..12714.09 rows=1 width=0)
   ->  Seq Scan on impressions  (cost=0.00..12714.00 rows=31 width=0)
         Filter: (listing_id = 67174)
[0m
  [4;36;1mSQL (141.5ms)[0m   [0;1mSELECT count(*) AS count_all FROM "impressions" WHERE ("impressions".listing_id = 67175) [0m
  [4;35;1mAnalyzing  Execution Time: 0.141741

[0m   [0mAggregate  (cost=12714.08..12714.09 rows=1 width=0)
   ->  Seq Scan on impressions  (cost=0.00..12714.00 rows=31 width=0)
         Filter: (listing_id = 67175)
[0m
  [4;36;1mSQL (148.9ms)[0m   [0;1mSELECT count(*) AS count_all FROM "impressions" WHERE ("impressions".listing_id = 68547) [0m
  [4;35;1mAnalyzing  Execution Time: 0.149196

[0m   [0mAggregate  (cost=12714.08..12714.09 rows=1 width=0)
   ->  Seq Scan on impressions  (cost=0.00..12714.00 rows=31 width=0)
         Filter: (listing_id = 68547)
[0m
  [4;36;1mSQL (162.9ms)[0m   [0;1mSELECT count(*) AS count_all FROM "impressions" WHERE ("impressions".listing_id = 70109) [0m
  [4;35;1mAnalyzing  Execution Time: 0.163119

[0m   [0mAggregate  (cost=12714.08..12714.09 rows=1 width=0)
   ->  Seq Scan on impressions  (cost=0.00..12714.00 rows=31 width=0)
         Filter: (listing_id = 70109)
[0m
  [4;36;1mSQL (169.4ms)[0m   [0;1mSELECT count(*) AS count_all FROM "impressions" WHERE ("impressions".listing_id = 76566) [0m
  [4;35;1mAnalyzing  Execution Time: 0.169632

[0m   [0mAggregate  (cost=12714.08..12714.09 rows=1 width=0)
   ->  Seq Scan on impressions  (cost=0.00..12714.00 rows=31 width=0)
         Filter: (listing_id = 76566)
[0m
  [4;36;1mSQL (164.1ms)[0m   [0;1mSELECT count(*) AS count_all FROM "impressions" WHERE ("impressions".listing_id = 82863) [0m
  [4;35;1mAnalyzing  Execution Time: 0.164414

[0m   [0mAggregate  (cost=12714.08..12714.09 rows=1 width=0)
   ->  Seq Scan on impressions  (cost=0.00..12714.00 rows=31 width=0)
         Filter: (listing_id = 82863)
[0m
  [4;36;1mSQL (159.0ms)[0m   [0;1mSELECT count(*) AS count_all FROM "impressions" WHERE ("impressions".listing_id = 82864) [0m
  [4;35;1mAnalyzing  Execution Time: 0.159235

[0m   [0mAggregate  (cost=12714.08..12714.09 rows=1 width=0)
   ->  Seq Scan on impressions  (cost=0.00..12714.00 rows=31 width=0)
         Filter: (listing_id = 82864)
[0m
  [4;36;1mSQL (161.9ms)[0m   [0;1mSELECT count(*) AS count_all FROM "impressions" WHERE ("impressions".listing_id = 82865) [0m
  [4;35;1mAnalyzing  Execution Time: 0.1623

[0m   [0mAggregate  (cost=12714.08..12714.09 rows=1 width=0)
   ->  Seq Scan on impressions  (cost=0.00..12714.00 rows=31 width=0)
         Filter: (listing_id = 82865)
[0m
  [4;36;1mSQL (175.1ms)[0m   [0;1mSELECT count(*) AS count_all FROM "impressions" WHERE ("impressions".listing_id = 82866) [0m
  [4;35;1mAnalyzing  Execution Time: 0.175398

[0m   [0mAggregate  (cost=12714.08..12714.09 rows=1 width=0)
   ->  Seq Scan on impressions  (cost=0.00..12714.00 rows=31 width=0)
         Filter: (listing_id = 82866)
[0m
  [4;36;1mSQL (169.0ms)[0m   [0;1mSELECT count(*) AS count_all FROM "impressions" WHERE ("impressions".listing_id = 82867) [0m
  [4;35;1mAnalyzing  Execution Time: 0.169294

[0m   [0mAggregate  (cost=12714.08..12714.09 rows=1 width=0)
   ->  Seq Scan on impressions  (cost=0.00..12714.00 rows=31 width=0)
         Filter: (listing_id = 82867)
[0m
  [4;36;1mSQL (159.4ms)[0m   [0;1mSELECT count(*) AS count_all FROM "impressions" WHERE ("impressions".listing_id = 82868) [0m
  [4;35;1mAnalyzing  Execution Time: 0.159702

[0m   [0mAggregate  (cost=12714.08..12714.09 rows=1 width=0)
   ->  Seq Scan on impressions  (cost=0.00..12714.00 rows=31 width=0)
         Filter: (listing_id = 82868)
[0m
  [4;36;1mSQL (151.7ms)[0m   [0;1mSELECT count(*) AS count_all FROM "impressions" WHERE ("impressions".listing_id = 82869) [0m
  [4;35;1mAnalyzing  Execution Time: 0.151939

[0m   [0mAggregate  (cost=12714.08..12714.09 rows=1 width=0)
   ->  Seq Scan on impressions  (cost=0.00..12714.00 rows=31 width=0)
         Filter: (listing_id = 82869)
[0m
  [4;36;1mSQL (139.9ms)[0m   [0;1mSELECT count(*) AS count_all FROM "impressions" WHERE ("impressions".listing_id = 82870) [0m
  [4;35;1mAnalyzing  Execution Time: 0.140188

[0m   [0mAggregate  (cost=12714.08..12714.09 rows=1 width=0)
   ->  Seq Scan on impressions  (cost=0.00..12714.00 rows=31 width=0)
         Filter: (listing_id = 82870)
[0m
  [4;36;1mSQL (154.8ms)[0m   [0;1mSELECT count(*) AS count_all FROM "impressions" WHERE ("impressions".listing_id = 82871) [0m
  [4;35;1mAnalyzing  Execution Time: 0.155091

[0m   [0mAggregate  (cost=12714.08..12714.09 rows=1 width=0)
   ->  Seq Scan on impressions  (cost=0.00..12714.00 rows=31 width=0)
         Filter: (listing_id = 82871)
[0m
  [4;36;1mSQL (155.6ms)[0m   [0;1mSELECT count(*) AS count_all FROM "impressions" WHERE ("impressions".listing_id = 83600) [0m
  [4;35;1mAnalyzing  Execution Time: 0.155901

[0m   [0mAggregate  (cost=12714.08..12714.09 rows=1 width=0)
   ->  Seq Scan on impressions  (cost=0.00..12714.00 rows=31 width=0)
         Filter: (listing_id = 83600)
[0m
  [4;36;1mSQL (13.5ms)[0m   [0;1mSELECT count(*) AS count_all FROM "clicks" WHERE ("clicks".listing_id = 67174) [0m
  [4;35;1mAnalyzing  Execution Time: 0.013811

[0m   [0mAggregate  (cost=814.47..814.48 rows=1 width=0)
   ->  Seq Scan on clicks  (cost=0.00..814.46 rows=2 width=0)
         Filter: (listing_id = 67174)
[0m
  [4;36;1mSQL (8.6ms)[0m   [0;1mSELECT count(*) AS count_all FROM "clicks" WHERE ("clicks".listing_id = 67175) [0m
  [4;35;1mAnalyzing  Execution Time: 0.008909

[0m   [0mAggregate  (cost=814.47..814.48 rows=1 width=0)
   ->  Seq Scan on clicks  (cost=0.00..814.46 rows=2 width=0)
         Filter: (listing_id = 67175)
[0m
  [4;36;1mSQL (11.8ms)[0m   [0;1mSELECT count(*) AS count_all FROM "clicks" WHERE ("clicks".listing_id = 68547) [0m
  [4;35;1mAnalyzing  Execution Time: 0.012106

[0m   [0mAggregate  (cost=814.47..814.48 rows=1 width=0)
   ->  Seq Scan on clicks  (cost=0.00..814.46 rows=2 width=0)
         Filter: (listing_id = 68547)
[0m
  [4;36;1mSQL (10.4ms)[0m   [0;1mSELECT count(*) AS count_all FROM "clicks" WHERE ("clicks".listing_id = 70109) [0m
  [4;35;1mAnalyzing  Execution Time: 0.010634

[0m   [0mAggregate  (cost=814.47..814.48 rows=1 width=0)
   ->  Seq Scan on clicks  (cost=0.00..814.46 rows=2 width=0)
         Filter: (listing_id = 70109)
[0m
  [4;36;1mSQL (8.7ms)[0m   [0;1mSELECT count(*) AS count_all FROM "clicks" WHERE ("clicks".listing_id = 76566) [0m
  [4;35;1mAnalyzing  Execution Time: 0.008982

[0m   [0mAggregate  (cost=814.47..814.48 rows=1 width=0)
   ->  Seq Scan on clicks  (cost=0.00..814.46 rows=2 width=0)
         Filter: (listing_id = 76566)
[0m
  [4;36;1mSQL (9.9ms)[0m   [0;1mSELECT count(*) AS count_all FROM "clicks" WHERE ("clicks".listing_id = 82863) [0m
  [4;35;1mAnalyzing  Execution Time: 0.010178

[0m   [0mAggregate  (cost=814.47..814.48 rows=1 width=0)
   ->  Seq Scan on clicks  (cost=0.00..814.46 rows=2 width=0)
         Filter: (listing_id = 82863)
[0m
  [4;36;1mSQL (9.8ms)[0m   [0;1mSELECT count(*) AS count_all FROM "clicks" WHERE ("clicks".listing_id = 82864) [0m
  [4;35;1mAnalyzing  Execution Time: 0.010034

[0m   [0mAggregate  (cost=814.47..814.48 rows=1 width=0)
   ->  Seq Scan on clicks  (cost=0.00..814.46 rows=2 width=0)
         Filter: (listing_id = 82864)
[0m
  [4;36;1mSQL (9.4ms)[0m   [0;1mSELECT count(*) AS count_all FROM "clicks" WHERE ("clicks".listing_id = 82865) [0m
  [4;35;1mAnalyzing  Execution Time: 0.00971

[0m   [0mAggregate  (cost=814.47..814.48 rows=1 width=0)
   ->  Seq Scan on clicks  (cost=0.00..814.46 rows=2 width=0)
         Filter: (listing_id = 82865)
[0m
  [4;36;1mSQL (9.8ms)[0m   [0;1mSELECT count(*) AS count_all FROM "clicks" WHERE ("clicks".listing_id = 82866) [0m
  [4;35;1mAnalyzing  Execution Time: 0.010019

[0m   [0mAggregate  (cost=814.47..814.48 rows=1 width=0)
   ->  Seq Scan on clicks  (cost=0.00..814.46 rows=2 width=0)
         Filter: (listing_id = 82866)
[0m
  [4;36;1mSQL (9.4ms)[0m   [0;1mSELECT count(*) AS count_all FROM "clicks" WHERE ("clicks".listing_id = 82867) [0m
  [4;35;1mAnalyzing  Execution Time: 0.009701

[0m   [0mAggregate  (cost=814.47..814.48 rows=1 width=0)
   ->  Seq Scan on clicks  (cost=0.00..814.46 rows=2 width=0)
         Filter: (listing_id = 82867)
[0m
  [4;36;1mSQL (9.3ms)[0m   [0;1mSELECT count(*) AS count_all FROM "clicks" WHERE ("clicks".listing_id = 82868) [0m
  [4;35;1mAnalyzing  Execution Time: 0.009608

[0m   [0mAggregate  (cost=814.47..814.48 rows=1 width=0)
   ->  Seq Scan on clicks  (cost=0.00..814.46 rows=2 width=0)
         Filter: (listing_id = 82868)
[0m
  [4;36;1mSQL (9.4ms)[0m   [0;1mSELECT count(*) AS count_all FROM "clicks" WHERE ("clicks".listing_id = 82869) [0m
  [4;35;1mAnalyzing  Execution Time: 0.009682

[0m   [0mAggregate  (cost=814.47..814.48 rows=1 width=0)
   ->  Seq Scan on clicks  (cost=0.00..814.46 rows=2 width=0)
         Filter: (listing_id = 82869)
[0m
  [4;36;1mSQL (9.6ms)[0m   [0;1mSELECT count(*) AS count_all FROM "clicks" WHERE ("clicks".listing_id = 82870) [0m
  [4;35;1mAnalyzing  Execution Time: 0.009874

[0m   [0mAggregate  (cost=814.47..814.48 rows=1 width=0)
   ->  Seq Scan on clicks  (cost=0.00..814.46 rows=2 width=0)
         Filter: (listing_id = 82870)
[0m
  [4;36;1mSQL (10.9ms)[0m   [0;1mSELECT count(*) AS count_all FROM "clicks" WHERE ("clicks".listing_id = 82871) [0m
  [4;35;1mAnalyzing  Execution Time: 0.011166

[0m   [0mAggregate  (cost=814.47..814.48 rows=1 width=0)
   ->  Seq Scan on clicks  (cost=0.00..814.46 rows=2 width=0)
         Filter: (listing_id = 82871)
[0m
  [4;36;1mSQL (9.0ms)[0m   [0;1mSELECT count(*) AS count_all FROM "clicks" WHERE ("clicks".listing_id = 83600) [0m
  [4;35;1mAnalyzing  Execution Time: 0.009274

[0m   [0mAggregate  (cost=814.47..814.48 rows=1 width=0)
   ->  Seq Scan on clicks  (cost=0.00..814.46 rows=2 width=0)
         Filter: (listing_id = 83600)
[0m
  [4;36;1mSQL (5.6ms)[0m   [0;1mSELECT count(*) AS count_all FROM "listings" WHERE ("listings".user_id = 25316) [0m
  [4;35;1mAnalyzing  Execution Time: 0.005902

[0m   [0mAggregate  (cost=1615.81..1615.82 rows=1 width=0)
   ->  Index Scan using index_listings_on_id_and_user_id_and_title on listings  (cost=0.00..1615.79 rows=4 width=0)
         Index Cond: (user_id = 25316)
[0m
  [4;36;1mListing Load (2.3ms)[0m   [0;1mSELECT * FROM "listings" WHERE ("listings".user_id = 25316) [0m
  [4;35;1mAnalyzing Listing Load Execution Time: 0.003432

[0m   [0mIndex Scan using index_listings_on_id_and_user_id_and_title on listings  (cost=0.00..1615.79 rows=4 width=1172)
   Index Cond: (user_id = 25316)
[0m
  [4;36;1mSQL (148.1ms)[0m   [0;1mSELECT count(*) AS count_all FROM "impressions" WHERE ("impressions".listing_id = 72302) [0m
  [4;35;1mAnalyzing  Execution Time: 0.148361

[0m   [0mAggregate  (cost=12714.08..12714.09 rows=1 width=0)
   ->  Seq Scan on impressions  (cost=0.00..12714.00 rows=31 width=0)
         Filter: (listing_id = 72302)
[0m
  [4;36;1mSQL (147.4ms)[0m   [0;1mSELECT count(*) AS count_all FROM "impressions" WHERE ("impressions".listing_id = 89876) [0m
  [4;35;1mAnalyzing  Execution Time: 0.147726

[0m   [0mAggregate  (cost=12714.08..12714.09 rows=1 width=0)
   ->  Seq Scan on impressions  (cost=0.00..12714.00 rows=31 width=0)
         Filter: (listing_id = 89876)
[0m
  [4;36;1mSQL (9.3ms)[0m   [0;1mSELECT count(*) AS count_all FROM "clicks" WHERE ("clicks".listing_id = 72302) [0m
  [4;35;1mAnalyzing  Execution Time: 0.009593

[0m   [0mAggregate  (cost=814.47..814.48 rows=1 width=0)
   ->  Seq Scan on clicks  (cost=0.00..814.46 rows=2 width=0)
         Filter: (listing_id = 72302)
[0m
  [4;36;1mSQL (9.8ms)[0m   [0;1mSELECT count(*) AS count_all FROM "clicks" WHERE ("clicks".listing_id = 89876) [0m
  [4;35;1mAnalyzing  Execution Time: 0.010054

[0m   [0mAggregate  (cost=814.47..814.48 rows=1 width=0)
   ->  Seq Scan on clicks  (cost=0.00..814.46 rows=2 width=0)
         Filter: (listing_id = 89876)
[0m
  [4;36;1mSQL (2.1ms)[0m   [0;1mSELECT count(*) AS count_all FROM "listings" WHERE ("listings".user_id = 25377) [0m
  [4;35;1mAnalyzing  Execution Time: 0.002383

[0m   [0mAggregate  (cost=1615.81..1615.82 rows=1 width=0)
   ->  Index Scan using index_listings_on_id_and_user_id_and_title on listings  (cost=0.00..1615.79 rows=4 width=0)
         Index Cond: (user_id = 25377)
[0m
  [4;36;1mListing Load (2.2ms)[0m   [0;1mSELECT * FROM "listings" WHERE ("listings".user_id = 25377) [0m
  [4;35;1mAnalyzing Listing Load Execution Time: 0.003745

[0m   [0mIndex Scan using index_listings_on_id_and_user_id_and_title on listings  (cost=0.00..1615.79 rows=4 width=1172)
   Index Cond: (user_id = 25377)
[0m
  [4;36;1mSQL (194.1ms)[0m   [0;1mSELECT count(*) AS count_all FROM "impressions" WHERE ("impressions".listing_id = 81962) [0m
  [4;35;1mAnalyzing  Execution Time: 0.194327

[0m   [0mAggregate  (cost=12714.08..12714.09 rows=1 width=0)
   ->  Seq Scan on impressions  (cost=0.00..12714.00 rows=31 width=0)
         Filter: (listing_id = 81962)
[0m
  [4;36;1mSQL (164.7ms)[0m   [0;1mSELECT count(*) AS count_all FROM "impressions" WHERE ("impressions".listing_id = 106011) [0m
  [4;35;1mAnalyzing  Execution Time: 0.165033

[0m   [0mAggregate  (cost=12714.08..12714.09 rows=1 width=0)
   ->  Seq Scan on impressions  (cost=0.00..12714.00 rows=31 width=0)
         Filter: (listing_id = 106011)
[0m
  [4;36;1mSQL (156.1ms)[0m   [0;1mSELECT count(*) AS count_all FROM "impressions" WHERE ("impressions".listing_id = 106193) [0m
  [4;35;1mAnalyzing  Execution Time: 0.156315

[0m   [0mAggregate  (cost=12714.08..12714.09 rows=1 width=0)
   ->  Seq Scan on impressions  (cost=0.00..12714.00 rows=31 width=0)
         Filter: (listing_id = 106193)
[0m
  [4;36;1mSQL (9.7ms)[0m   [0;1mSELECT count(*) AS count_all FROM "clicks" WHERE ("clicks".listing_id = 81962) [0m
  [4;35;1mAnalyzing  Execution Time: 0.009961

[0m   [0mAggregate  (cost=814.47..814.48 rows=1 width=0)
   ->  Seq Scan on clicks  (cost=0.00..814.46 rows=2 width=0)
         Filter: (listing_id = 81962)
[0m
  [4;36;1mSQL (11.4ms)[0m   [0;1mSELECT count(*) AS count_all FROM "clicks" WHERE ("clicks".listing_id = 106011) [0m
  [4;35;1mAnalyzing  Execution Time: 0.011701

[0m   [0mAggregate  (cost=814.47..814.48 rows=1 width=0)
   ->  Seq Scan on clicks  (cost=0.00..814.46 rows=2 width=0)
         Filter: (listing_id = 106011)
[0m
  [4;36;1mSQL (9.4ms)[0m   [0;1mSELECT count(*) AS count_all FROM "clicks" WHERE ("clicks".listing_id = 106193) [0m
  [4;35;1mAnalyzing  Execution Time: 0.009631

[0m   [0mAggregate  (cost=814.47..814.48 rows=1 width=0)
   ->  Seq Scan on clicks  (cost=0.00..814.46 rows=2 width=0)
         Filter: (listing_id = 106193)
[0m
  [4;36;1mSQL (3.9ms)[0m   [0;1mSELECT count(*) AS count_all FROM "listings" WHERE ("listings".user_id = 25394) [0m
  [4;35;1mAnalyzing  Execution Time: 0.004147

[0m   [0mAggregate  (cost=1615.81..1615.82 rows=1 width=0)
   ->  Index Scan using index_listings_on_id_and_user_id_and_title on listings  (cost=0.00..1615.79 rows=4 width=0)
         Index Cond: (user_id = 25394)
[0m
  [4;36;1mListing Load (4.1ms)[0m   [0;1mSELECT * FROM "listings" WHERE ("listings".user_id = 25394) [0m
  [4;35;1mAnalyzing Listing Load Execution Time: 0.004847

[0m   [0mIndex Scan using index_listings_on_id_and_user_id_and_title on listings  (cost=0.00..1615.79 rows=4 width=1172)
   Index Cond: (user_id = 25394)
[0m
  [4;36;1mSQL (158.7ms)[0m   [0;1mSELECT count(*) AS count_all FROM "impressions" WHERE ("impressions".listing_id = 75643) [0m
  [4;35;1mAnalyzing  Execution Time: 0.159529

[0m   [0mAggregate  (cost=12714.08..12714.09 rows=1 width=0)
   ->  Seq Scan on impressions  (cost=0.00..12714.00 rows=31 width=0)
         Filter: (listing_id = 75643)
[0m
  [4;36;1mSQL (23.0ms)[0m   [0;1mSELECT count(*) AS count_all FROM "clicks" WHERE ("clicks".listing_id = 75643) [0m
  [4;35;1mAnalyzing  Execution Time: 0.023216

[0m   [0mAggregate  (cost=814.47..814.48 rows=1 width=0)
   ->  Seq Scan on clicks  (cost=0.00..814.46 rows=2 width=0)
         Filter: (listing_id = 75643)
[0m
  [4;36;1mSQL (2.2ms)[0m   [0;1mSELECT count(*) AS count_all FROM "listings" WHERE ("listings".user_id = 25348) [0m
  [4;35;1mAnalyzing  Execution Time: 0.002448

[0m   [0mAggregate  (cost=1615.81..1615.82 rows=1 width=0)
   ->  Index Scan using index_listings_on_id_and_user_id_and_title on listings  (cost=0.00..1615.79 rows=4 width=0)
         Index Cond: (user_id = 25348)
[0m
  [4;36;1mListing Load (2.4ms)[0m   [0;1mSELECT * FROM "listings" WHERE ("listings".user_id = 25348) [0m
  [4;35;1mAnalyzing Listing Load Execution Time: 0.004293

[0m   [0mIndex Scan using index_listings_on_id_and_user_id_and_title on listings  (cost=0.00..1615.79 rows=4 width=1172)
   Index Cond: (user_id = 25348)
[0m
  [4;36;1mSQL (176.5ms)[0m   [0;1mSELECT count(*) AS count_all FROM "impressions" WHERE ("impressions".listing_id = 113069) [0m
  [4;35;1mAnalyzing  Execution Time: 0.176772

[0m   [0mAggregate  (cost=12714.08..12714.09 rows=1 width=0)
   ->  Seq Scan on impressions  (cost=0.00..12714.00 rows=31 width=0)
         Filter: (listing_id = 113069)
[0m
  [4;36;1mSQL (163.4ms)[0m   [0;1mSELECT count(*) AS count_all FROM "impressions" WHERE ("impressions".listing_id = 113094) [0m
  [4;35;1mAnalyzing  Execution Time: 0.1637

[0m   [0mAggregate  (cost=12714.08..12714.09 rows=1 width=0)
   ->  Seq Scan on impressions  (cost=0.00..12714.00 rows=31 width=0)
         Filter: (listing_id = 113094)
[0m
  [4;36;1mSQL (184.0ms)[0m   [0;1mSELECT count(*) AS count_all FROM "impressions" WHERE ("impressions".listing_id = 113095) [0m
  [4;35;1mAnalyzing  Execution Time: 0.184283

[0m   [0mAggregate  (cost=12714.08..12714.09 rows=1 width=0)
   ->  Seq Scan on impressions  (cost=0.00..12714.00 rows=31 width=0)
         Filter: (listing_id = 113095)
[0m
  [4;36;1mSQL (162.5ms)[0m   [0;1mSELECT count(*) AS count_all FROM "impressions" WHERE ("impressions".listing_id = 113096) [0m
  [4;35;1mAnalyzing  Execution Time: 0.162802

[0m   [0mAggregate  (cost=12714.08..12714.09 rows=1 width=0)
   ->  Seq Scan on impressions  (cost=0.00..12714.00 rows=31 width=0)
         Filter: (listing_id = 113096)
[0m
  [4;36;1mSQL (8.5ms)[0m   [0;1mSELECT count(*) AS count_all FROM "clicks" WHERE ("clicks".listing_id = 113069) [0m
  [4;35;1mAnalyzing  Execution Time: 0.008791

[0m   [0mAggregate  (cost=814.47..814.48 rows=1 width=0)
   ->  Seq Scan on clicks  (cost=0.00..814.46 rows=2 width=0)
         Filter: (listing_id = 113069)
[0m
  [4;36;1mSQL (9.5ms)[0m   [0;1mSELECT count(*) AS count_all FROM "clicks" WHERE ("clicks".listing_id = 113094) [0m
  [4;35;1mAnalyzing  Execution Time: 0.009755

[0m   [0mAggregate  (cost=814.47..814.48 rows=1 width=0)
   ->  Seq Scan on clicks  (cost=0.00..814.46 rows=2 width=0)
         Filter: (listing_id = 113094)
[0m
  [4;36;1mSQL (10.4ms)[0m   [0;1mSELECT count(*) AS count_all FROM "clicks" WHERE ("clicks".listing_id = 113095) [0m
  [4;35;1mAnalyzing  Execution Time: 0.010701

[0m   [0mAggregate  (cost=814.47..814.48 rows=1 width=0)
   ->  Seq Scan on clicks  (cost=0.00..814.46 rows=2 width=0)
         Filter: (listing_id = 113095)
[0m
  [4;36;1mSQL (8.5ms)[0m   [0;1mSELECT count(*) AS count_all FROM "clicks" WHERE ("clicks".listing_id = 113096) [0m
  [4;35;1mAnalyzing  Execution Time: 0.008757

[0m   [0mAggregate  (cost=814.47..814.48 rows=1 width=0)
   ->  Seq Scan on clicks  (cost=0.00..814.46 rows=2 width=0)
         Filter: (listing_id = 113096)
[0m
  [4;36;1mSQL (4.8ms)[0m   [0;1mSELECT count(*) AS count_all FROM "listings" WHERE ("listings".user_id = 25392) [0m
  [4;35;1mAnalyzing  Execution Time: 0.005095

[0m   [0mAggregate  (cost=1615.81..1615.82 rows=1 width=0)
   ->  Index Scan using index_listings_on_id_and_user_id_and_title on listings  (cost=0.00..1615.79 rows=4 width=0)
         Index Cond: (user_id = 25392)
[0m
  [4;36;1mListing Load (2.8ms)[0m   [0;1mSELECT * FROM "listings" WHERE ("listings".user_id = 25392) [0m
  [4;35;1mAnalyzing Listing Load Execution Time: 0.003563

[0m   [0mIndex Scan using index_listings_on_id_and_user_id_and_title on listings  (cost=0.00..1615.79 rows=4 width=1172)
   Index Cond: (user_id = 25392)
[0m
  [4;36;1mSQL (155.6ms)[0m   [0;1mSELECT count(*) AS count_all FROM "impressions" WHERE ("impressions".listing_id = 113092) [0m
  [4;35;1mAnalyzing  Execution Time: 0.155928

[0m   [0mAggregate  (cost=12714.08..12714.09 rows=1 width=0)
   ->  Seq Scan on impressions  (cost=0.00..12714.00 rows=31 width=0)
         Filter: (listing_id = 113092)
[0m
  [4;36;1mSQL (10.1ms)[0m   [0;1mSELECT count(*) AS count_all FROM "clicks" WHERE ("clicks".listing_id = 113092) [0m
  [4;35;1mAnalyzing  Execution Time: 0.010341

[0m   [0mAggregate  (cost=814.47..814.48 rows=1 width=0)
   ->  Seq Scan on clicks  (cost=0.00..814.46 rows=2 width=0)
         Filter: (listing_id = 113092)
[0m
  [4;36;1mSQL (2.4ms)[0m   [0;1mSELECT count(*) AS count_all FROM "listings" WHERE ("listings".user_id = 25343) [0m
  [4;35;1mAnalyzing  Execution Time: 0.00264

[0m   [0mAggregate  (cost=1615.81..1615.82 rows=1 width=0)
   ->  Index Scan using index_listings_on_id_and_user_id_and_title on listings  (cost=0.00..1615.79 rows=4 width=0)
         Index Cond: (user_id = 25343)
[0m
  [4;36;1mListing Load (2.2ms)[0m   [0;1mSELECT * FROM "listings" WHERE ("listings".user_id = 25343) [0m
  [4;35;1mAnalyzing Listing Load Execution Time: 0.002887

[0m   [0mIndex Scan using index_listings_on_id_and_user_id_and_title on listings  (cost=0.00..1615.79 rows=4 width=1172)
   Index Cond: (user_id = 25343)
[0m
  [4;36;1mSQL (154.8ms)[0m   [0;1mSELECT count(*) AS count_all FROM "impressions" WHERE ("impressions".listing_id = 113062) [0m
  [4;35;1mAnalyzing  Execution Time: 0.155081

[0m   [0mAggregate  (cost=12714.08..12714.09 rows=1 width=0)
   ->  Seq Scan on impressions  (cost=0.00..12714.00 rows=31 width=0)
         Filter: (listing_id = 113062)
[0m
  [4;36;1mSQL (9.7ms)[0m   [0;1mSELECT count(*) AS count_all FROM "clicks" WHERE ("clicks".listing_id = 113062) [0m
  [4;35;1mAnalyzing  Execution Time: 0.009912

[0m   [0mAggregate  (cost=814.47..814.48 rows=1 width=0)
   ->  Seq Scan on clicks  (cost=0.00..814.46 rows=2 width=0)
         Filter: (listing_id = 113062)
[0m
  [4;36;1mSQL (2.0ms)[0m   [0;1mSELECT count(*) AS count_all FROM "listings" WHERE ("listings".user_id = 25305) [0m
  [4;35;1mAnalyzing  Execution Time: 0.002216

[0m   [0mAggregate  (cost=1615.81..1615.82 rows=1 width=0)
   ->  Index Scan using index_listings_on_id_and_user_id_and_title on listings  (cost=0.00..1615.79 rows=4 width=0)
         Index Cond: (user_id = 25305)
[0m
  [4;36;1mListing Load (2.7ms)[0m   [0;1mSELECT * FROM "listings" WHERE ("listings".user_id = 25305) [0m
  [4;35;1mAnalyzing Listing Load Execution Time: 0.00349

[0m   [0mIndex Scan using index_listings_on_id_and_user_id_and_title on listings  (cost=0.00..1615.79 rows=4 width=1172)
   Index Cond: (user_id = 25305)
[0m
  [4;36;1mSQL (157.8ms)[0m   [0;1mSELECT count(*) AS count_all FROM "impressions" WHERE ("impressions".listing_id = 68692) [0m
  [4;35;1mAnalyzing  Execution Time: 0.158095

[0m   [0mAggregate  (cost=12714.08..12714.09 rows=1 width=0)
   ->  Seq Scan on impressions  (cost=0.00..12714.00 rows=31 width=0)
         Filter: (listing_id = 68692)
[0m
  [4;36;1mSQL (9.9ms)[0m   [0;1mSELECT count(*) AS count_all FROM "clicks" WHERE ("clicks".listing_id = 68692) [0m
  [4;35;1mAnalyzing  Execution Time: 0.010129

[0m   [0mAggregate  (cost=814.47..814.48 rows=1 width=0)
   ->  Seq Scan on clicks  (cost=0.00..814.46 rows=2 width=0)
         Filter: (listing_id = 68692)
[0m
  [4;36;1mSQL (2.6ms)[0m   [0;1mSELECT count(*) AS count_all FROM "listings" WHERE ("listings".user_id = 25388) [0m
  [4;35;1mAnalyzing  Execution Time: 0.002905

[0m   [0mAggregate  (cost=1615.81..1615.82 rows=1 width=0)
   ->  Index Scan using index_listings_on_id_and_user_id_and_title on listings  (cost=0.00..1615.79 rows=4 width=0)
         Index Cond: (user_id = 25388)
[0m
  [4;36;1mListing Load (3.5ms)[0m   [0;1mSELECT * FROM "listings" WHERE ("listings".user_id = 25388) [0m
  [4;35;1mAnalyzing Listing Load Execution Time: 0.004191

[0m   [0mIndex Scan using index_listings_on_id_and_user_id_and_title on listings  (cost=0.00..1615.79 rows=4 width=1172)
   Index Cond: (user_id = 25388)
[0m
  [4;36;1mSQL (161.2ms)[0m   [0;1mSELECT count(*) AS count_all FROM "impressions" WHERE ("impressions".listing_id = 81747) [0m
  [4;35;1mAnalyzing  Execution Time: 0.161672

[0m   [0mAggregate  (cost=12714.08..12714.09 rows=1 width=0)
   ->  Seq Scan on impressions  (cost=0.00..12714.00 rows=31 width=0)
         Filter: (listing_id = 81747)
[0m
  [4;36;1mSQL (8.6ms)[0m   [0;1mSELECT count(*) AS count_all FROM "clicks" WHERE ("clicks".listing_id = 81747) [0m
  [4;35;1mAnalyzing  Execution Time: 0.008898

[0m   [0mAggregate  (cost=814.47..814.48 rows=1 width=0)
   ->  Seq Scan on clicks  (cost=0.00..814.46 rows=2 width=0)
         Filter: (listing_id = 81747)
[0m
  [4;36;1mSQL (2.2ms)[0m   [0;1mSELECT count(*) AS count_all FROM "listings" WHERE ("listings".user_id = 25380) [0m
  [4;35;1mAnalyzing  Execution Time: 0.002404

[0m   [0mAggregate  (cost=1615.81..1615.82 rows=1 width=0)
   ->  Index Scan using index_listings_on_id_and_user_id_and_title on listings  (cost=0.00..1615.79 rows=4 width=0)
         Index Cond: (user_id = 25380)
[0m
  [4;36;1mListing Load (2.0ms)[0m   [0;1mSELECT * FROM "listings" WHERE ("listings".user_id = 25380) [0m
  [4;35;1mAnalyzing Listing Load Execution Time: 0.002672

[0m   [0mIndex Scan using index_listings_on_id_and_user_id_and_title on listings  (cost=0.00..1615.79 rows=4 width=1172)
   Index Cond: (user_id = 25380)
[0m
  [4;36;1mSQL (154.4ms)[0m   [0;1mSELECT count(*) AS count_all FROM "impressions" WHERE ("impressions".listing_id = 78818) [0m
  [4;35;1mAnalyzing  Execution Time: 0.154717

[0m   [0mAggregate  (cost=12714.08..12714.09 rows=1 width=0)
   ->  Seq Scan on impressions  (cost=0.00..12714.00 rows=31 width=0)
         Filter: (listing_id = 78818)
[0m
  [4;36;1mSQL (10.3ms)[0m   [0;1mSELECT count(*) AS count_all FROM "clicks" WHERE ("clicks".listing_id = 78818) [0m
  [4;35;1mAnalyzing  Execution Time: 0.010621

[0m   [0mAggregate  (cost=814.47..814.48 rows=1 width=0)
   ->  Seq Scan on clicks  (cost=0.00..814.46 rows=2 width=0)
         Filter: (listing_id = 78818)
[0m
  [4;36;1mSQL (2.4ms)[0m   [0;1mSELECT count(*) AS count_all FROM "listings" WHERE ("listings".user_id = 25378) [0m
  [4;35;1mAnalyzing  Execution Time: 0.00265

[0m   [0mAggregate  (cost=1615.81..1615.82 rows=1 width=0)
   ->  Index Scan using index_listings_on_id_and_user_id_and_title on listings  (cost=0.00..1615.79 rows=4 width=0)
         Index Cond: (user_id = 25378)
[0m
  [4;36;1mListing Load (3.4ms)[0m   [0;1mSELECT * FROM "listings" WHERE ("listings".user_id = 25378) [0m
  [4;35;1mAnalyzing Listing Load Execution Time: 0.004582

[0m   [0mIndex Scan using index_listings_on_id_and_user_id_and_title on listings  (cost=0.00..1615.79 rows=4 width=1172)
   Index Cond: (user_id = 25378)
[0m
  [4;36;1mSQL (158.3ms)[0m   [0;1mSELECT count(*) AS count_all FROM "impressions" WHERE ("impressions".listing_id = 103060) [0m
  [4;35;1mAnalyzing  Execution Time: 0.158541

[0m   [0mAggregate  (cost=12714.08..12714.09 rows=1 width=0)
   ->  Seq Scan on impressions  (cost=0.00..12714.00 rows=31 width=0)
         Filter: (listing_id = 103060)
[0m
  [4;36;1mSQL (10.2ms)[0m   [0;1mSELECT count(*) AS count_all FROM "clicks" WHERE ("clicks".listing_id = 103060) [0m
  [4;35;1mAnalyzing  Execution Time: 0.0105

[0m   [0mAggregate  (cost=814.47..814.48 rows=1 width=0)
   ->  Seq Scan on clicks  (cost=0.00..814.46 rows=2 width=0)
         Filter: (listing_id = 103060)
[0m
  [4;36;1mSQL (2.1ms)[0m   [0;1mSELECT count(*) AS count_all FROM "listings" WHERE ("listings".user_id = 25386) [0m
  [4;35;1mAnalyzing  Execution Time: 0.002338

[0m   [0mAggregate  (cost=1615.81..1615.82 rows=1 width=0)
   ->  Index Scan using index_listings_on_id_and_user_id_and_title on listings  (cost=0.00..1615.79 rows=4 width=0)
         Index Cond: (user_id = 25386)
[0m
  [4;36;1mListing Load (2.0ms)[0m   [0;1mSELECT * FROM "listings" WHERE ("listings".user_id = 25386) [0m
  [4;35;1mAnalyzing Listing Load Execution Time: 0.002714

[0m   [0mIndex Scan using index_listings_on_id_and_user_id_and_title on listings  (cost=0.00..1615.79 rows=4 width=1172)
   Index Cond: (user_id = 25386)
[0m
  [4;36;1mSQL (167.5ms)[0m   [0;1mSELECT count(*) AS count_all FROM "impressions" WHERE ("impressions".listing_id = 113089) [0m
  [4;35;1mAnalyzing  Execution Time: 0.318694

[0m   [0mAggregate  (cost=12714.08..12714.09 rows=1 width=0)
   ->  Seq Scan on impressions  (cost=0.00..12714.00 rows=31 width=0)
         Filter: (listing_id = 113089)
[0m
  [4;36;1mSQL (8.6ms)[0m   [0;1mSELECT count(*) AS count_all FROM "clicks" WHERE ("clicks".listing_id = 113089) [0m
  [4;35;1mAnalyzing  Execution Time: 0.008917

[0m   [0mAggregate  (cost=814.47..814.48 rows=1 width=0)
   ->  Seq Scan on clicks  (cost=0.00..814.46 rows=2 width=0)
         Filter: (listing_id = 113089)
[0m
  [4;36;1mSQL (2.7ms)[0m   [0;1mSELECT count(*) AS count_all FROM "listings" WHERE ("listings".user_id = 25364) [0m
  [4;35;1mAnalyzing  Execution Time: 0.003129

[0m   [0mAggregate  (cost=1615.81..1615.82 rows=1 width=0)
   ->  Index Scan using index_listings_on_id_and_user_id_and_title on listings  (cost=0.00..1615.79 rows=4 width=0)
         Index Cond: (user_id = 25364)
[0m
  [4;36;1mListing Load (2.5ms)[0m   [0;1mSELECT * FROM "listings" WHERE ("listings".user_id = 25364) [0m
  [4;35;1mAnalyzing Listing Load Execution Time: 0.003364

[0m   [0mIndex Scan using index_listings_on_id_and_user_id_and_title on listings  (cost=0.00..1615.79 rows=4 width=1172)
   Index Cond: (user_id = 25364)
[0m
  [4;36;1mSQL (151.1ms)[0m   [0;1mSELECT count(*) AS count_all FROM "impressions" WHERE ("impressions".listing_id = 100606) [0m
  [4;35;1mAnalyzing  Execution Time: 0.151366

[0m   [0mAggregate  (cost=12714.08..12714.09 rows=1 width=0)
   ->  Seq Scan on impressions  (cost=0.00..12714.00 rows=31 width=0)
         Filter: (listing_id = 100606)
[0m
  [4;36;1mSQL (10.3ms)[0m   [0;1mSELECT count(*) AS count_all FROM "clicks" WHERE ("clicks".listing_id = 100606) [0m
  [4;35;1mAnalyzing  Execution Time: 0.010573

[0m   [0mAggregate  (cost=814.47..814.48 rows=1 width=0)
   ->  Seq Scan on clicks  (cost=0.00..814.46 rows=2 width=0)
         Filter: (listing_id = 100606)
[0m
  [4;36;1mSQL (2.9ms)[0m   [0;1mSELECT count(*) AS count_all FROM "listings" WHERE ("listings".user_id = 25366) [0m
  [4;35;1mAnalyzing  Execution Time: 0.003299

[0m   [0mAggregate  (cost=1615.81..1615.82 rows=1 width=0)
   ->  Index Scan using index_listings_on_id_and_user_id_and_title on listings  (cost=0.00..1615.79 rows=4 width=0)
         Index Cond: (user_id = 25366)
[0m
  [4;36;1mListing Load (2.2ms)[0m   [0;1mSELECT * FROM "listings" WHERE ("listings".user_id = 25366) [0m
  [4;35;1mAnalyzing Listing Load Execution Time: 0.004573

[0m   [0mIndex Scan using index_listings_on_id_and_user_id_and_title on listings  (cost=0.00..1615.79 rows=4 width=1172)
   Index Cond: (user_id = 25366)
[0m
  [4;36;1mSQL (173.0ms)[0m   [0;1mSELECT count(*) AS count_all FROM "impressions" WHERE ("impressions".listing_id = 68344) [0m
  [4;35;1mAnalyzing  Execution Time: 0.173273

[0m   [0mAggregate  (cost=12714.08..12714.09 rows=1 width=0)
   ->  Seq Scan on impressions  (cost=0.00..12714.00 rows=31 width=0)
         Filter: (listing_id = 68344)
[0m
  [4;36;1mSQL (182.9ms)[0m   [0;1mSELECT count(*) AS count_all FROM "impressions" WHERE ("impressions".listing_id = 68458) [0m
  [4;35;1mAnalyzing  Execution Time: 0.183235

[0m   [0mAggregate  (cost=12714.08..12714.09 rows=1 width=0)
   ->  Seq Scan on impressions  (cost=0.00..12714.00 rows=31 width=0)
         Filter: (listing_id = 68458)
[0m
  [4;36;1mSQL (162.0ms)[0m   [0;1mSELECT count(*) AS count_all FROM "impressions" WHERE ("impressions".listing_id = 82474) [0m
  [4;35;1mAnalyzing  Execution Time: 0.162298

[0m   [0mAggregate  (cost=12714.08..12714.09 rows=1 width=0)
   ->  Seq Scan on impressions  (cost=0.00..12714.00 rows=31 width=0)
         Filter: (listing_id = 82474)
[0m
  [4;36;1mSQL (153.1ms)[0m   [0;1mSELECT count(*) AS count_all FROM "impressions" WHERE ("impressions".listing_id = 96046) [0m
  [4;35;1mAnalyzing  Execution Time: 0.153397

[0m   [0mAggregate  (cost=12714.08..12714.09 rows=1 width=0)
   ->  Seq Scan on impressions  (cost=0.00..12714.00 rows=31 width=0)
         Filter: (listing_id = 96046)
[0m
  [4;36;1mSQL (10.0ms)[0m   [0;1mSELECT count(*) AS count_all FROM "clicks" WHERE ("clicks".listing_id = 68344) [0m
  [4;35;1mAnalyzing  Execution Time: 0.01027

[0m   [0mAggregate  (cost=814.47..814.48 rows=1 width=0)
   ->  Seq Scan on clicks  (cost=0.00..814.46 rows=2 width=0)
         Filter: (listing_id = 68344)
[0m
  [4;36;1mSQL (8.6ms)[0m   [0;1mSELECT count(*) AS count_all FROM "clicks" WHERE ("clicks".listing_id = 68458) [0m
  [4;35;1mAnalyzing  Execution Time: 0.008857

[0m   [0mAggregate  (cost=814.47..814.48 rows=1 width=0)
   ->  Seq Scan on clicks  (cost=0.00..814.46 rows=2 width=0)
         Filter: (listing_id = 68458)
[0m
  [4;36;1mSQL (9.0ms)[0m   [0;1mSELECT count(*) AS count_all FROM "clicks" WHERE ("clicks".listing_id = 82474) [0m
  [4;35;1mAnalyzing  Execution Time: 0.009404

[0m   [0mAggregate  (cost=814.47..814.48 rows=1 width=0)
   ->  Seq Scan on clicks  (cost=0.00..814.46 rows=2 width=0)
         Filter: (listing_id = 82474)
[0m
  [4;36;1mSQL (9.5ms)[0m   [0;1mSELECT count(*) AS count_all FROM "clicks" WHERE ("clicks".listing_id = 96046) [0m
  [4;35;1mAnalyzing  Execution Time: 0.009802

[0m   [0mAggregate  (cost=814.47..814.48 rows=1 width=0)
   ->  Seq Scan on clicks  (cost=0.00..814.46 rows=2 width=0)
         Filter: (listing_id = 96046)
[0m
  [4;36;1mSQL (2.6ms)[0m   [0;1mSELECT count(*) AS count_all FROM "listings" WHERE ("listings".user_id = 25376) [0m
  [4;35;1mAnalyzing  Execution Time: 0.002855

[0m   [0mAggregate  (cost=1615.81..1615.82 rows=1 width=0)
   ->  Index Scan using index_listings_on_id_and_user_id_and_title on listings  (cost=0.00..1615.79 rows=4 width=0)
         Index Cond: (user_id = 25376)
[0m
  [4;36;1mListing Load (2.0ms)[0m   [0;1mSELECT * FROM "listings" WHERE ("listings".user_id = 25376) [0m
  [4;35;1mAnalyzing Listing Load Execution Time: 0.003864

[0m   [0mIndex Scan using index_listings_on_id_and_user_id_and_title on listings  (cost=0.00..1615.79 rows=4 width=1172)
   Index Cond: (user_id = 25376)
[0m
  [4;36;1mSQL (250.8ms)[0m   [0;1mSELECT count(*) AS count_all FROM "impressions" WHERE ("impressions".listing_id = 68582) [0m
  [4;35;1mAnalyzing  Execution Time: 0.251078

[0m   [0mAggregate  (cost=12714.08..12714.09 rows=1 width=0)
   ->  Seq Scan on impressions  (cost=0.00..12714.00 rows=31 width=0)
         Filter: (listing_id = 68582)
[0m
  [4;36;1mSQL (158.0ms)[0m   [0;1mSELECT count(*) AS count_all FROM "impressions" WHERE ("impressions".listing_id = 83326) [0m
  [4;35;1mAnalyzing  Execution Time: 0.158279

[0m   [0mAggregate  (cost=12714.08..12714.09 rows=1 width=0)
   ->  Seq Scan on impressions  (cost=0.00..12714.00 rows=31 width=0)
         Filter: (listing_id = 83326)
[0m
  [4;36;1mSQL (158.6ms)[0m   [0;1mSELECT count(*) AS count_all FROM "impressions" WHERE ("impressions".listing_id = 83327) [0m
  [4;35;1mAnalyzing  Execution Time: 0.158858

[0m   [0mAggregate  (cost=12714.08..12714.09 rows=1 width=0)
   ->  Seq Scan on impressions  (cost=0.00..12714.00 rows=31 width=0)
         Filter: (listing_id = 83327)
[0m
  [4;36;1mSQL (151.4ms)[0m   [0;1mSELECT count(*) AS count_all FROM "impressions" WHERE ("impressions".listing_id = 83330) [0m
  [4;35;1mAnalyzing  Execution Time: 0.151667

[0m   [0mAggregate  (cost=12714.08..12714.09 rows=1 width=0)
   ->  Seq Scan on impressions  (cost=0.00..12714.00 rows=31 width=0)
         Filter: (listing_id = 83330)
[0m
  [4;36;1mSQL (8.8ms)[0m   [0;1mSELECT count(*) AS count_all FROM "clicks" WHERE ("clicks".listing_id = 68582) [0m
  [4;35;1mAnalyzing  Execution Time: 0.009014

[0m   [0mAggregate  (cost=814.47..814.48 rows=1 width=0)
   ->  Seq Scan on clicks  (cost=0.00..814.46 rows=2 width=0)
         Filter: (listing_id = 68582)
[0m
  [4;36;1mSQL (11.4ms)[0m   [0;1mSELECT count(*) AS count_all FROM "clicks" WHERE ("clicks".listing_id = 83326) [0m
  [4;35;1mAnalyzing  Execution Time: 0.011701

[0m   [0mAggregate  (cost=814.47..814.48 rows=1 width=0)
   ->  Seq Scan on clicks  (cost=0.00..814.46 rows=2 width=0)
         Filter: (listing_id = 83326)
[0m
  [4;36;1mSQL (8.9ms)[0m   [0;1mSELECT count(*) AS count_all FROM "clicks" WHERE ("clicks".listing_id = 83327) [0m
  [4;35;1mAnalyzing  Execution Time: 0.009142

[0m   [0mAggregate  (cost=814.47..814.48 rows=1 width=0)
   ->  Seq Scan on clicks  (cost=0.00..814.46 rows=2 width=0)
         Filter: (listing_id = 83327)
[0m
  [4;36;1mSQL (8.9ms)[0m   [0;1mSELECT count(*) AS count_all FROM "clicks" WHERE ("clicks".listing_id = 83330) [0m
  [4;35;1mAnalyzing  Execution Time: 0.009225

[0m   [0mAggregate  (cost=814.47..814.48 rows=1 width=0)
   ->  Seq Scan on clicks  (cost=0.00..814.46 rows=2 width=0)
         Filter: (listing_id = 83330)
[0m
  [4;36;1mSQL (2.3ms)[0m   [0;1mSELECT count(*) AS count_all FROM "listings" WHERE ("listings".user_id = 25368) [0m
  [4;35;1mAnalyzing  Execution Time: 0.002599

[0m   [0mAggregate  (cost=1615.81..1615.82 rows=1 width=0)
   ->  Index Scan using index_listings_on_id_and_user_id_and_title on listings  (cost=0.00..1615.79 rows=4 width=0)
         Index Cond: (user_id = 25368)
[0m
  [4;36;1mListing Load (2.2ms)[0m   [0;1mSELECT * FROM "listings" WHERE ("listings".user_id = 25368) [0m
  [4;35;1mAnalyzing Listing Load Execution Time: 0.002999

[0m   [0mIndex Scan using index_listings_on_id_and_user_id_and_title on listings  (cost=0.00..1615.79 rows=4 width=1172)
   Index Cond: (user_id = 25368)
[0m
  [4;36;1mSQL (151.1ms)[0m   [0;1mSELECT count(*) AS count_all FROM "impressions" WHERE ("impressions".listing_id = 113080) [0m
  [4;35;1mAnalyzing  Execution Time: 0.151374

[0m   [0mAggregate  (cost=12714.08..12714.09 rows=1 width=0)
   ->  Seq Scan on impressions  (cost=0.00..12714.00 rows=31 width=0)
         Filter: (listing_id = 113080)
[0m
  [4;36;1mSQL (10.2ms)[0m   [0;1mSELECT count(*) AS count_all FROM "clicks" WHERE ("clicks".listing_id = 113080) [0m
  [4;35;1mAnalyzing  Execution Time: 0.010537

[0m   [0mAggregate  (cost=814.47..814.48 rows=1 width=0)
   ->  Seq Scan on clicks  (cost=0.00..814.46 rows=2 width=0)
         Filter: (listing_id = 113080)
[0m
  [4;36;1mSQL (2.2ms)[0m   [0;1mSELECT count(*) AS count_all FROM "listings" WHERE ("listings".user_id = 25373) [0m
  [4;35;1mAnalyzing  Execution Time: 0.00244

[0m   [0mAggregate  (cost=1615.81..1615.82 rows=1 width=0)
   ->  Index Scan using index_listings_on_id_and_user_id_and_title on listings  (cost=0.00..1615.79 rows=4 width=0)
         Index Cond: (user_id = 25373)
[0m
  [4;36;1mListing Load (2.0ms)[0m   [0;1mSELECT * FROM "listings" WHERE ("listings".user_id = 25373) [0m
  [4;35;1mAnalyzing Listing Load Execution Time: 0.002676

[0m   [0mIndex Scan using index_listings_on_id_and_user_id_and_title on listings  (cost=0.00..1615.79 rows=4 width=1172)
   Index Cond: (user_id = 25373)
[0m
  [4;36;1mSQL (158.5ms)[0m   [0;1mSELECT count(*) AS count_all FROM "impressions" WHERE ("impressions".listing_id = 102780) [0m
  [4;35;1mAnalyzing  Execution Time: 0.158732

[0m   [0mAggregate  (cost=12714.08..12714.09 rows=1 width=0)
   ->  Seq Scan on impressions  (cost=0.00..12714.00 rows=31 width=0)
         Filter: (listing_id = 102780)
[0m
  [4;36;1mSQL (8.7ms)[0m   [0;1mSELECT count(*) AS count_all FROM "clicks" WHERE ("clicks".listing_id = 102780) [0m
  [4;35;1mAnalyzing  Execution Time: 0.008934

[0m   [0mAggregate  (cost=814.47..814.48 rows=1 width=0)
   ->  Seq Scan on clicks  (cost=0.00..814.46 rows=2 width=0)
         Filter: (listing_id = 102780)
[0m
  [4;36;1mSQL (2.2ms)[0m   [0;1mSELECT count(*) AS count_all FROM "listings" WHERE ("listings".user_id = 25369) [0m
  [4;35;1mAnalyzing  Execution Time: 0.00251

[0m   [0mAggregate  (cost=1615.81..1615.82 rows=1 width=0)
   ->  Index Scan using index_listings_on_id_and_user_id_and_title on listings  (cost=0.00..1615.79 rows=4 width=0)
         Index Cond: (user_id = 25369)
[0m
  [4;36;1mListing Load (2.6ms)[0m   [0;1mSELECT * FROM "listings" WHERE ("listings".user_id = 25369) [0m
  [4;35;1mAnalyzing Listing Load Execution Time: 0.00341

[0m   [0mIndex Scan using index_listings_on_id_and_user_id_and_title on listings  (cost=0.00..1615.79 rows=4 width=1172)
   Index Cond: (user_id = 25369)
[0m
  [4;36;1mSQL (151.3ms)[0m   [0;1mSELECT count(*) AS count_all FROM "impressions" WHERE ("impressions".listing_id = 113081) [0m
  [4;35;1mAnalyzing  Execution Time: 0.151577

[0m   [0mAggregate  (cost=12714.08..12714.09 rows=1 width=0)
   ->  Seq Scan on impressions  (cost=0.00..12714.00 rows=31 width=0)
         Filter: (listing_id = 113081)
[0m
  [4;36;1mSQL (9.2ms)[0m   [0;1mSELECT count(*) AS count_all FROM "clicks" WHERE ("clicks".listing_id = 113081) [0m
  [4;35;1mAnalyzing  Execution Time: 0.009509

[0m   [0mAggregate  (cost=814.51..814.52 rows=1 width=0)
   ->  Seq Scan on clicks  (cost=0.00..814.46 rows=16 width=0)
         Filter: (listing_id = 113081)
[0m
  [4;36;1mSQL (2.5ms)[0m   [0;1mSELECT count(*) AS count_all FROM "listings" WHERE ("listings".user_id = 25374) [0m
  [4;35;1mAnalyzing  Execution Time: 0.002806

[0m   [0mAggregate  (cost=1615.81..1615.82 rows=1 width=0)
   ->  Index Scan using index_listings_on_id_and_user_id_and_title on listings  (cost=0.00..1615.79 rows=4 width=0)
         Index Cond: (user_id = 25374)
[0m
  [4;36;1mListing Load (2.2ms)[0m   [0;1mSELECT * FROM "listings" WHERE ("listings".user_id = 25374) [0m
  [4;35;1mAnalyzing Listing Load Execution Time: 0.003311

[0m   [0mIndex Scan using index_listings_on_id_and_user_id_and_title on listings  (cost=0.00..1615.79 rows=4 width=1172)
   Index Cond: (user_id = 25374)
[0m
  [4;36;1mSQL (148.4ms)[0m   [0;1mSELECT count(*) AS count_all FROM "impressions" WHERE ("impressions".listing_id = 84464) [0m
  [4;35;1mAnalyzing  Execution Time: 0.148667

[0m   [0mAggregate  (cost=12714.08..12714.09 rows=1 width=0)
   ->  Seq Scan on impressions  (cost=0.00..12714.00 rows=31 width=0)
         Filter: (listing_id = 84464)
[0m
  [4;36;1mSQL (149.7ms)[0m   [0;1mSELECT count(*) AS count_all FROM "impressions" WHERE ("impressions".listing_id = 84465) [0m
  [4;35;1mAnalyzing  Execution Time: 0.149922

[0m   [0mAggregate  (cost=12714.08..12714.09 rows=1 width=0)
   ->  Seq Scan on impressions  (cost=0.00..12714.00 rows=31 width=0)
         Filter: (listing_id = 84465)
[0m
  [4;36;1mSQL (8.7ms)[0m   [0;1mSELECT count(*) AS count_all FROM "clicks" WHERE ("clicks".listing_id = 84464) [0m
  [4;35;1mAnalyzing  Execution Time: 0.008958

[0m   [0mAggregate  (cost=814.47..814.48 rows=1 width=0)
   ->  Seq Scan on clicks  (cost=0.00..814.46 rows=2 width=0)
         Filter: (listing_id = 84464)
[0m
  [4;36;1mSQL (10.8ms)[0m   [0;1mSELECT count(*) AS count_all FROM "clicks" WHERE ("clicks".listing_id = 84465) [0m
  [4;35;1mAnalyzing  Execution Time: 0.011096

[0m   [0mAggregate  (cost=814.47..814.48 rows=1 width=0)
   ->  Seq Scan on clicks  (cost=0.00..814.46 rows=2 width=0)
         Filter: (listing_id = 84465)
[0m
  [4;36;1mSQL (2.8ms)[0m   [0;1mSELECT count(*) AS count_all FROM "listings" WHERE ("listings".user_id = 25372) [0m
  [4;35;1mAnalyzing  Execution Time: 0.003085

[0m   [0mAggregate  (cost=1615.81..1615.82 rows=1 width=0)
   ->  Index Scan using index_listings_on_id_and_user_id_and_title on listings  (cost=0.00..1615.79 rows=4 width=0)
         Index Cond: (user_id = 25372)
[0m
  [4;36;1mListing Load (2.0ms)[0m   [0;1mSELECT * FROM "listings" WHERE ("listings".user_id = 25372) [0m
  [4;35;1mAnalyzing Listing Load Execution Time: 0.002681

[0m   [0mIndex Scan using index_listings_on_id_and_user_id_and_title on listings  (cost=0.00..1615.79 rows=4 width=1172)
   Index Cond: (user_id = 25372)
[0m
  [4;36;1mSQL (153.2ms)[0m   [0;1mSELECT count(*) AS count_all FROM "impressions" WHERE ("impressions".listing_id = 113083) [0m
  [4;35;1mAnalyzing  Execution Time: 0.153428

[0m   [0mAggregate  (cost=12714.08..12714.09 rows=1 width=0)
   ->  Seq Scan on impressions  (cost=0.00..12714.00 rows=31 width=0)
         Filter: (listing_id = 113083)
[0m
  [4;36;1mSQL (9.9ms)[0m   [0;1mSELECT count(*) AS count_all FROM "clicks" WHERE ("clicks".listing_id = 113083) [0m
  [4;35;1mAnalyzing  Execution Time: 0.010138

[0m   [0mAggregate  (cost=814.47..814.48 rows=1 width=0)
   ->  Seq Scan on clicks  (cost=0.00..814.46 rows=2 width=0)
         Filter: (listing_id = 113083)
[0m
  [4;36;1mSQL (2.5ms)[0m   [0;1mSELECT count(*) AS count_all FROM "listings" WHERE ("listings".user_id = 25367) [0m
  [4;35;1mAnalyzing  Execution Time: 0.002756

[0m   [0mAggregate  (cost=1615.81..1615.82 rows=1 width=0)
   ->  Index Scan using index_listings_on_id_and_user_id_and_title on listings  (cost=0.00..1615.79 rows=4 width=0)
         Index Cond: (user_id = 25367)
[0m
  [4;36;1mListing Load (2.0ms)[0m   [0;1mSELECT * FROM "listings" WHERE ("listings".user_id = 25367) [0m
  [4;35;1mAnalyzing Listing Load Execution Time: 0.003417

[0m   [0mIndex Scan using index_listings_on_id_and_user_id_and_title on listings  (cost=0.00..1615.79 rows=4 width=1172)
   Index Cond: (user_id = 25367)
[0m
  [4;36;1mSQL (145.7ms)[0m   [0;1mSELECT count(*) AS count_all FROM "impressions" WHERE ("impressions".listing_id = 112700) [0m
  [4;35;1mAnalyzing  Execution Time: 0.145983

[0m   [0mAggregate  (cost=12714.08..12714.09 rows=1 width=0)
   ->  Seq Scan on impressions  (cost=0.00..12714.00 rows=31 width=0)
         Filter: (listing_id = 112700)
[0m
  [4;36;1mSQL (144.5ms)[0m   [0;1mSELECT count(*) AS count_all FROM "impressions" WHERE ("impressions".listing_id = 113079) [0m
  [4;35;1mAnalyzing  Execution Time: 0.1448

[0m   [0mAggregate  (cost=12714.08..12714.09 rows=1 width=0)
   ->  Seq Scan on impressions  (cost=0.00..12714.00 rows=31 width=0)
         Filter: (listing_id = 113079)
[0m
  [4;36;1mSQL (220.6ms)[0m   [0;1mSELECT count(*) AS count_all FROM "impressions" WHERE ("impressions".listing_id = 113085) [0m
  [4;35;1mAnalyzing  Execution Time: 0.220873

[0m   [0mAggregate  (cost=12714.08..12714.09 rows=1 width=0)
   ->  Seq Scan on impressions  (cost=0.00..12714.00 rows=31 width=0)
         Filter: (listing_id = 113085)
[0m
  [4;36;1mSQL (9.7ms)[0m   [0;1mSELECT count(*) AS count_all FROM "clicks" WHERE ("clicks".listing_id = 112700) [0m
  [4;35;1mAnalyzing  Execution Time: 0.009947

[0m   [0mAggregate  (cost=814.47..814.48 rows=1 width=0)
   ->  Seq Scan on clicks  (cost=0.00..814.46 rows=2 width=0)
         Filter: (listing_id = 112700)
[0m
  [4;36;1mSQL (8.4ms)[0m   [0;1mSELECT count(*) AS count_all FROM "clicks" WHERE ("clicks".listing_id = 113079) [0m
  [4;35;1mAnalyzing  Execution Time: 0.008715

[0m   [0mAggregate  (cost=814.47..814.48 rows=1 width=0)
   ->  Seq Scan on clicks  (cost=0.00..814.46 rows=2 width=0)
         Filter: (listing_id = 113079)
[0m
  [4;36;1mSQL (10.0ms)[0m   [0;1mSELECT count(*) AS count_all FROM "clicks" WHERE ("clicks".listing_id = 113085) [0m
  [4;35;1mAnalyzing  Execution Time: 0.010237

[0m   [0mAggregate  (cost=814.47..814.48 rows=1 width=0)
   ->  Seq Scan on clicks  (cost=0.00..814.46 rows=2 width=0)
         Filter: (listing_id = 113085)
[0m
  [4;36;1mSQL (2.0ms)[0m   [0;1mSELECT count(*) AS count_all FROM "listings" WHERE ("listings".user_id = 25363) [0m
  [4;35;1mAnalyzing  Execution Time: 0.002294

[0m   [0mAggregate  (cost=1615.81..1615.82 rows=1 width=0)
   ->  Index Scan using index_listings_on_id_and_user_id_and_title on listings  (cost=0.00..1615.79 rows=4 width=0)
         Index Cond: (user_id = 25363)
[0m
  [4;36;1mListing Load (2.3ms)[0m   [0;1mSELECT * FROM "listings" WHERE ("listings".user_id = 25363) [0m
  [4;35;1mAnalyzing Listing Load Execution Time: 0.003766

[0m   [0mIndex Scan using index_listings_on_id_and_user_id_and_title on listings  (cost=0.00..1615.79 rows=4 width=1172)
   Index Cond: (user_id = 25363)
[0m
  [4;36;1mSQL (147.8ms)[0m   [0;1mSELECT count(*) AS count_all FROM "impressions" WHERE ("impressions".listing_id = 70319) [0m
  [4;35;1mAnalyzing  Execution Time: 0.148051

[0m   [0mAggregate  (cost=12714.08..12714.09 rows=1 width=0)
   ->  Seq Scan on impressions  (cost=0.00..12714.00 rows=31 width=0)
         Filter: (listing_id = 70319)
[0m
  [4;36;1mSQL (149.3ms)[0m   [0;1mSELECT count(*) AS count_all FROM "impressions" WHERE ("impressions".listing_id = 70320) [0m
  [4;35;1mAnalyzing  Execution Time: 0.149557

[0m   [0mAggregate  (cost=12714.08..12714.09 rows=1 width=0)
   ->  Seq Scan on impressions  (cost=0.00..12714.00 rows=31 width=0)
         Filter: (listing_id = 70320)
[0m
  [4;36;1mSQL (156.8ms)[0m   [0;1mSELECT count(*) AS count_all FROM "impressions" WHERE ("impressions".listing_id = 86802) [0m
  [4;35;1mAnalyzing  Execution Time: 0.157072

[0m   [0mAggregate  (cost=12714.08..12714.09 rows=1 width=0)
   ->  Seq Scan on impressions  (cost=0.00..12714.00 rows=31 width=0)
         Filter: (listing_id = 86802)
[0m
  [4;36;1mSQL (8.7ms)[0m   [0;1mSELECT count(*) AS count_all FROM "clicks" WHERE ("clicks".listing_id = 70319) [0m
  [4;35;1mAnalyzing  Execution Time: 0.008965

[0m   [0mAggregate  (cost=814.47..814.48 rows=1 width=0)
   ->  Seq Scan on clicks  (cost=0.00..814.46 rows=2 width=0)
         Filter: (listing_id = 70319)
[0m
  [4;36;1mSQL (10.0ms)[0m   [0;1mSELECT count(*) AS count_all FROM "clicks" WHERE ("clicks".listing_id = 70320) [0m
  [4;35;1mAnalyzing  Execution Time: 0.010289

[0m   [0mAggregate  (cost=814.47..814.48 rows=1 width=0)
   ->  Seq Scan on clicks  (cost=0.00..814.46 rows=2 width=0)
         Filter: (listing_id = 70320)
[0m
  [4;36;1mSQL (8.9ms)[0m   [0;1mSELECT count(*) AS count_all FROM "clicks" WHERE ("clicks".listing_id = 86802) [0m
  [4;35;1mAnalyzing  Execution Time: 0.009192

[0m   [0mAggregate  (cost=814.47..814.48 rows=1 width=0)
   ->  Seq Scan on clicks  (cost=0.00..814.46 rows=2 width=0)
         Filter: (listing_id = 86802)
[0m
  [4;36;1mSQL (2.4ms)[0m   [0;1mSELECT count(*) AS count_all FROM "listings" WHERE ("listings".user_id = 25335) [0m
  [4;35;1mAnalyzing  Execution Time: 0.002668

[0m   [0mAggregate  (cost=1615.81..1615.82 rows=1 width=0)
   ->  Index Scan using index_listings_on_id_and_user_id_and_title on listings  (cost=0.00..1615.79 rows=4 width=0)
         Index Cond: (user_id = 25335)
[0m
  [4;36;1mListing Load (2.0ms)[0m   [0;1mSELECT * FROM "listings" WHERE ("listings".user_id = 25335) [0m
  [4;35;1mAnalyzing Listing Load Execution Time: 0.003452

[0m   [0mIndex Scan using index_listings_on_id_and_user_id_and_title on listings  (cost=0.00..1615.79 rows=4 width=1172)
   Index Cond: (user_id = 25335)
[0m
  [4;36;1mSQL (154.6ms)[0m   [0;1mSELECT count(*) AS count_all FROM "impressions" WHERE ("impressions".listing_id = 68684) [0m
  [4;35;1mAnalyzing  Execution Time: 0.154812

[0m   [0mAggregate  (cost=12714.08..12714.09 rows=1 width=0)
   ->  Seq Scan on impressions  (cost=0.00..12714.00 rows=31 width=0)
         Filter: (listing_id = 68684)
[0m
  [4;36;1mSQL (225.2ms)[0m   [0;1mSELECT count(*) AS count_all FROM "impressions" WHERE ("impressions".listing_id = 68685) [0m
  [4;35;1mAnalyzing  Execution Time: 0.225447

[0m   [0mAggregate  (cost=12714.08..12714.09 rows=1 width=0)
   ->  Seq Scan on impressions  (cost=0.00..12714.00 rows=31 width=0)
         Filter: (listing_id = 68685)
[0m
  [4;36;1mSQL (159.7ms)[0m   [0;1mSELECT count(*) AS count_all FROM "impressions" WHERE ("impressions".listing_id = 84219) [0m
  [4;35;1mAnalyzing  Execution Time: 0.159935

[0m   [0mAggregate  (cost=12714.08..12714.09 rows=1 width=0)
   ->  Seq Scan on impressions  (cost=0.00..12714.00 rows=31 width=0)
         Filter: (listing_id = 84219)
[0m
  [4;36;1mSQL (8.9ms)[0m   [0;1mSELECT count(*) AS count_all FROM "clicks" WHERE ("clicks".listing_id = 68684) [0m
  [4;35;1mAnalyzing  Execution Time: 0.009133

[0m   [0mAggregate  (cost=814.47..814.48 rows=1 width=0)
   ->  Seq Scan on clicks  (cost=0.00..814.46 rows=2 width=0)
         Filter: (listing_id = 68684)
[0m
  [4;36;1mSQL (8.6ms)[0m   [0;1mSELECT count(*) AS count_all FROM "clicks" WHERE ("clicks".listing_id = 68685) [0m
  [4;35;1mAnalyzing  Execution Time: 0.008868

[0m   [0mAggregate  (cost=814.47..814.48 rows=1 width=0)
   ->  Seq Scan on clicks  (cost=0.00..814.46 rows=2 width=0)
         Filter: (listing_id = 68685)
[0m
  [4;36;1mSQL (25.1ms)[0m   [0;1mSELECT count(*) AS count_all FROM "clicks" WHERE ("clicks".listing_id = 84219) [0m
  [4;35;1mAnalyzing  Execution Time: 0.025387

[0m   [0mAggregate  (cost=814.47..814.48 rows=1 width=0)
   ->  Seq Scan on clicks  (cost=0.00..814.46 rows=2 width=0)
         Filter: (listing_id = 84219)
[0m
  [4;36;1mSQL (2.4ms)[0m   [0;1mSELECT count(*) AS count_all FROM "listings" WHERE ("listings".user_id = 25355) [0m
  [4;35;1mAnalyzing  Execution Time: 0.002629

[0m   [0mAggregate  (cost=1615.81..1615.82 rows=1 width=0)
   ->  Index Scan using index_listings_on_id_and_user_id_and_title on listings  (cost=0.00..1615.79 rows=4 width=0)
         Index Cond: (user_id = 25355)
[0m
  [4;36;1mListing Load (2.0ms)[0m   [0;1mSELECT * FROM "listings" WHERE ("listings".user_id = 25355) [0m
  [4;35;1mAnalyzing Listing Load Execution Time: 0.002651

[0m   [0mIndex Scan using index_listings_on_id_and_user_id_and_title on listings  (cost=0.00..1615.79 rows=4 width=1172)
   Index Cond: (user_id = 25355)
[0m
  [4;36;1mSQL (164.9ms)[0m   [0;1mSELECT count(*) AS count_all FROM "impressions" WHERE ("impressions".listing_id = 73416) [0m
  [4;35;1mAnalyzing  Execution Time: 0.165187

[0m   [0mAggregate  (cost=12714.08..12714.09 rows=1 width=0)
   ->  Seq Scan on impressions  (cost=0.00..12714.00 rows=31 width=0)
         Filter: (listing_id = 73416)
[0m
  [4;36;1mSQL (9.7ms)[0m   [0;1mSELECT count(*) AS count_all FROM "clicks" WHERE ("clicks".listing_id = 73416) [0m
  [4;35;1mAnalyzing  Execution Time: 0.00999

[0m   [0mAggregate  (cost=814.47..814.48 rows=1 width=0)
   ->  Seq Scan on clicks  (cost=0.00..814.46 rows=2 width=0)
         Filter: (listing_id = 73416)
[0m
  [4;36;1mSQL (2.4ms)[0m   [0;1mSELECT count(*) AS count_all FROM "listings" WHERE ("listings".user_id = 25357) [0m
  [4;35;1mAnalyzing  Execution Time: 0.002669

[0m   [0mAggregate  (cost=1615.81..1615.82 rows=1 width=0)
   ->  Index Scan using index_listings_on_id_and_user_id_and_title on listings  (cost=0.00..1615.79 rows=4 width=0)
         Index Cond: (user_id = 25357)
[0m
  [4;36;1mListing Load (1.9ms)[0m   [0;1mSELECT * FROM "listings" WHERE ("listings".user_id = 25357) [0m
  [4;35;1mAnalyzing Listing Load Execution Time: 0.002649

[0m   [0mIndex Scan using index_listings_on_id_and_user_id_and_title on listings  (cost=0.00..1615.79 rows=4 width=1172)
   Index Cond: (user_id = 25357)
[0m
  [4;36;1mSQL (157.2ms)[0m   [0;1mSELECT count(*) AS count_all FROM "impressions" WHERE ("impressions".listing_id = 113075) [0m
  [4;35;1mAnalyzing  Execution Time: 0.157452

[0m   [0mAggregate  (cost=12714.08..12714.09 rows=1 width=0)
   ->  Seq Scan on impressions  (cost=0.00..12714.00 rows=31 width=0)
         Filter: (listing_id = 113075)
[0m
  [4;36;1mSQL (11.1ms)[0m   [0;1mSELECT count(*) AS count_all FROM "clicks" WHERE ("clicks".listing_id = 113075) [0m
  [4;35;1mAnalyzing  Execution Time: 0.011344

[0m   [0mAggregate  (cost=814.47..814.48 rows=1 width=0)
   ->  Seq Scan on clicks  (cost=0.00..814.46 rows=2 width=0)
         Filter: (listing_id = 113075)
[0m
  [4;36;1mSQL (3.2ms)[0m   [0;1mSELECT count(*) AS count_all FROM "listings" WHERE ("listings".user_id = 25362) [0m
  [4;35;1mAnalyzing  Execution Time: 0.003554

[0m   [0mAggregate  (cost=1615.81..1615.82 rows=1 width=0)
   ->  Index Scan using index_listings_on_id_and_user_id_and_title on listings  (cost=0.00..1615.79 rows=4 width=0)
         Index Cond: (user_id = 25362)
[0m
  [4;36;1mListing Load (2.5ms)[0m   [0;1mSELECT * FROM "listings" WHERE ("listings".user_id = 25362) [0m
  [4;35;1mAnalyzing Listing Load Execution Time: 0.00402

[0m   [0mIndex Scan using index_listings_on_id_and_user_id_and_title on listings  (cost=0.00..1615.79 rows=4 width=1172)
   Index Cond: (user_id = 25362)
[0m
  [4;36;1mSQL (150.8ms)[0m   [0;1mSELECT count(*) AS count_all FROM "impressions" WHERE ("impressions".listing_id = 70191) [0m
  [4;35;1mAnalyzing  Execution Time: 0.15122

[0m   [0mAggregate  (cost=12727.55..12727.56 rows=1 width=0)
   ->  Seq Scan on impressions  (cost=0.00..12714.00 rows=5417 width=0)
         Filter: (listing_id = 70191)
[0m
  [4;36;1mSQL (163.8ms)[0m   [0;1mSELECT count(*) AS count_all FROM "impressions" WHERE ("impressions".listing_id = 72786) [0m
  [4;35;1mAnalyzing  Execution Time: 0.164065

[0m   [0mAggregate  (cost=12714.08..12714.09 rows=1 width=0)
   ->  Seq Scan on impressions  (cost=0.00..12714.00 rows=31 width=0)
         Filter: (listing_id = 72786)
[0m
  [4;36;1mSQL (160.6ms)[0m   [0;1mSELECT count(*) AS count_all FROM "impressions" WHERE ("impressions".listing_id = 76632) [0m
  [4;35;1mAnalyzing  Execution Time: 0.160858

[0m   [0mAggregate  (cost=12714.08..12714.09 rows=1 width=0)
   ->  Seq Scan on impressions  (cost=0.00..12714.00 rows=31 width=0)
         Filter: (listing_id = 76632)
[0m
  [4;36;1mSQL (8.7ms)[0m   [0;1mSELECT count(*) AS count_all FROM "clicks" WHERE ("clicks".listing_id = 70191) [0m
  [4;35;1mAnalyzing  Execution Time: 0.009066

[0m   [0mAggregate  (cost=814.49..814.50 rows=1 width=0)
   ->  Seq Scan on clicks  (cost=0.00..814.46 rows=10 width=0)
         Filter: (listing_id = 70191)
[0m
  [4;36;1mSQL (23.0ms)[0m   [0;1mSELECT count(*) AS count_all FROM "clicks" WHERE ("clicks".listing_id = 72786) [0m
  [4;35;1mAnalyzing  Execution Time: 0.023252

[0m   [0mAggregate  (cost=814.47..814.48 rows=1 width=0)
   ->  Seq Scan on clicks  (cost=0.00..814.46 rows=2 width=0)
         Filter: (listing_id = 72786)
[0m
  [4;36;1mSQL (8.9ms)[0m   [0;1mSELECT count(*) AS count_all FROM "clicks" WHERE ("clicks".listing_id = 76632) [0m
  [4;35;1mAnalyzing  Execution Time: 0.009135

[0m   [0mAggregate  (cost=814.47..814.48 rows=1 width=0)
   ->  Seq Scan on clicks  (cost=0.00..814.46 rows=2 width=0)
         Filter: (listing_id = 76632)
[0m
  [4;36;1mSQL (2.3ms)[0m   [0;1mSELECT count(*) AS count_all FROM "listings" WHERE ("listings".user_id = 25360) [0m
  [4;35;1mAnalyzing  Execution Time: 0.002607

[0m   [0mAggregate  (cost=1615.81..1615.82 rows=1 width=0)
   ->  Index Scan using index_listings_on_id_and_user_id_and_title on listings  (cost=0.00..1615.79 rows=4 width=0)
         Index Cond: (user_id = 25360)
[0m
  [4;36;1mListing Load (2.5ms)[0m   [0;1mSELECT * FROM "listings" WHERE ("listings".user_id = 25360) [0m
  [4;35;1mAnalyzing Listing Load Execution Time: 0.003453

[0m   [0mIndex Scan using index_listings_on_id_and_user_id_and_title on listings  (cost=0.00..1615.79 rows=4 width=1172)
   Index Cond: (user_id = 25360)
[0m
  [4;36;1mSQL (166.2ms)[0m   [0;1mSELECT count(*) AS count_all FROM "impressions" WHERE ("impressions".listing_id = 113077) [0m
  [4;35;1mAnalyzing  Execution Time: 0.166518

[0m   [0mAggregate  (cost=12714.08..12714.09 rows=1 width=0)
   ->  Seq Scan on impressions  (cost=0.00..12714.00 rows=31 width=0)
         Filter: (listing_id = 113077)
[0m
  [4;36;1mSQL (9.0ms)[0m   [0;1mSELECT count(*) AS count_all FROM "clicks" WHERE ("clicks".listing_id = 113077) [0m
  [4;35;1mAnalyzing  Execution Time: 0.009305

[0m   [0mAggregate  (cost=814.47..814.48 rows=1 width=0)
   ->  Seq Scan on clicks  (cost=0.00..814.46 rows=2 width=0)
         Filter: (listing_id = 113077)
[0m
  [4;36;1mSQL (2.1ms)[0m   [0;1mSELECT count(*) AS count_all FROM "listings" WHERE ("listings".user_id = 25359) [0m
  [4;35;1mAnalyzing  Execution Time: 0.002386

[0m   [0mAggregate  (cost=1615.81..1615.82 rows=1 width=0)
   ->  Index Scan using index_listings_on_id_and_user_id_and_title on listings  (cost=0.00..1615.79 rows=4 width=0)
         Index Cond: (user_id = 25359)
[0m
  [4;36;1mListing Load (2.5ms)[0m   [0;1mSELECT * FROM "listings" WHERE ("listings".user_id = 25359) [0m
  [4;35;1mAnalyzing Listing Load Execution Time: 0.003277

[0m   [0mIndex Scan using index_listings_on_id_and_user_id_and_title on listings  (cost=0.00..1615.79 rows=4 width=1172)
   Index Cond: (user_id = 25359)
[0m
  [4;36;1mSQL (150.7ms)[0m   [0;1mSELECT count(*) AS count_all FROM "impressions" WHERE ("impressions".listing_id = 78413) [0m
  [4;35;1mAnalyzing  Execution Time: 0.151001

[0m   [0mAggregate  (cost=12714.08..12714.09 rows=1 width=0)
   ->  Seq Scan on impressions  (cost=0.00..12714.00 rows=31 width=0)
         Filter: (listing_id = 78413)
[0m
  [4;36;1mSQL (8.5ms)[0m   [0;1mSELECT count(*) AS count_all FROM "clicks" WHERE ("clicks".listing_id = 78413) [0m
  [4;35;1mAnalyzing  Execution Time: 0.008732

[0m   [0mAggregate  (cost=814.47..814.48 rows=1 width=0)
   ->  Seq Scan on clicks  (cost=0.00..814.46 rows=2 width=0)
         Filter: (listing_id = 78413)
[0m
  [4;36;1mSQL (2.7ms)[0m   [0;1mSELECT count(*) AS count_all FROM "listings" WHERE ("listings".user_id = 25350) [0m
  [4;35;1mAnalyzing  Execution Time: 0.003022

[0m   [0mAggregate  (cost=1615.81..1615.82 rows=1 width=0)
   ->  Index Scan using index_listings_on_id_and_user_id_and_title on listings  (cost=0.00..1615.79 rows=4 width=0)
         Index Cond: (user_id = 25350)
[0m
  [4;36;1mListing Load (2.6ms)[0m   [0;1mSELECT * FROM "listings" WHERE ("listings".user_id = 25350) [0m
  [4;35;1mAnalyzing Listing Load Execution Time: 0.003313

[0m   [0mIndex Scan using index_listings_on_id_and_user_id_and_title on listings  (cost=0.00..1615.79 rows=4 width=1172)
   Index Cond: (user_id = 25350)
[0m
  [4;36;1mSQL (148.1ms)[0m   [0;1mSELECT count(*) AS count_all FROM "impressions" WHERE ("impressions".listing_id = 113070) [0m
  [4;35;1mAnalyzing  Execution Time: 0.148386

[0m   [0mAggregate  (cost=12714.08..12714.09 rows=1 width=0)
   ->  Seq Scan on impressions  (cost=0.00..12714.00 rows=31 width=0)
         Filter: (listing_id = 113070)
[0m
  [4;36;1mSQL (8.7ms)[0m   [0;1mSELECT count(*) AS count_all FROM "clicks" WHERE ("clicks".listing_id = 113070) [0m
  [4;35;1mAnalyzing  Execution Time: 0.00977

[0m   [0mAggregate  (cost=814.47..814.48 rows=1 width=0)
   ->  Seq Scan on clicks  (cost=0.00..814.46 rows=2 width=0)
         Filter: (listing_id = 113070)
[0m
  [4;36;1mSQL (2.4ms)[0m   [0;1mSELECT count(*) AS count_all FROM "listings" WHERE ("listings".user_id = 25302) [0m
  [4;35;1mAnalyzing  Execution Time: 0.002696

[0m   [0mAggregate  (cost=1615.81..1615.82 rows=1 width=0)
   ->  Index Scan using index_listings_on_id_and_user_id_and_title on listings  (cost=0.00..1615.79 rows=4 width=0)
         Index Cond: (user_id = 25302)
[0m
  [4;36;1mListing Load (2.2ms)[0m   [0;1mSELECT * FROM "listings" WHERE ("listings".user_id = 25302) [0m
  [4;35;1mAnalyzing Listing Load Execution Time: 0.002929

[0m   [0mIndex Scan using index_listings_on_id_and_user_id_and_title on listings  (cost=0.00..1615.79 rows=4 width=1172)
   Index Cond: (user_id = 25302)
[0m
  [4;36;1mSQL (148.7ms)[0m   [0;1mSELECT count(*) AS count_all FROM "impressions" WHERE ("impressions".listing_id = 83308) [0m
  [4;35;1mAnalyzing  Execution Time: 0.14898

[0m   [0mAggregate  (cost=12714.08..12714.09 rows=1 width=0)
   ->  Seq Scan on impressions  (cost=0.00..12714.00 rows=31 width=0)
         Filter: (listing_id = 83308)
[0m
  [4;36;1mSQL (11.3ms)[0m   [0;1mSELECT count(*) AS count_all FROM "clicks" WHERE ("clicks".listing_id = 83308) [0m
  [4;35;1mAnalyzing  Execution Time: 0.011611

[0m   [0mAggregate  (cost=814.47..814.48 rows=1 width=0)
   ->  Seq Scan on clicks  (cost=0.00..814.46 rows=2 width=0)
         Filter: (listing_id = 83308)
[0m
  [4;36;1mSQL (2.0ms)[0m   [0;1mSELECT count(*) AS count_all FROM "listings" WHERE ("listings".user_id = 25303) [0m
  [4;35;1mAnalyzing  Execution Time: 0.002258

[0m   [0mAggregate  (cost=1615.81..1615.82 rows=1 width=0)
   ->  Index Scan using index_listings_on_id_and_user_id_and_title on listings  (cost=0.00..1615.79 rows=4 width=0)
         Index Cond: (user_id = 25303)
[0m
  [4;36;1mListing Load (2.0ms)[0m   [0;1mSELECT * FROM "listings" WHERE ("listings".user_id = 25303) [0m
  [4;35;1mAnalyzing Listing Load Execution Time: 0.002658

[0m   [0mIndex Scan using index_listings_on_id_and_user_id_and_title on listings  (cost=0.00..1615.79 rows=4 width=1172)
   Index Cond: (user_id = 25303)
[0m
  [4;36;1mSQL (168.0ms)[0m   [0;1mSELECT count(*) AS count_all FROM "impressions" WHERE ("impressions".listing_id = 113042) [0m
  [4;35;1mAnalyzing  Execution Time: 0.168229

[0m   [0mAggregate  (cost=12714.08..12714.09 rows=1 width=0)
   ->  Seq Scan on impressions  (cost=0.00..12714.00 rows=31 width=0)
         Filter: (listing_id = 113042)
[0m
  [4;36;1mSQL (11.9ms)[0m   [0;1mSELECT count(*) AS count_all FROM "clicks" WHERE ("clicks".listing_id = 113042) [0m
  [4;35;1mAnalyzing  Execution Time: 0.012181

[0m   [0mAggregate  (cost=814.47..814.48 rows=1 width=0)
   ->  Seq Scan on clicks  (cost=0.00..814.46 rows=2 width=0)
         Filter: (listing_id = 113042)
[0m
  [4;36;1mSQL (3.0ms)[0m   [0;1mSELECT count(*) AS count_all FROM "listings" WHERE ("listings".user_id = 25297) [0m
  [4;35;1mAnalyzing  Execution Time: 0.003222

[0m   [0mAggregate  (cost=1615.81..1615.82 rows=1 width=0)
   ->  Index Scan using index_listings_on_id_and_user_id_and_title on listings  (cost=0.00..1615.79 rows=4 width=0)
         Index Cond: (user_id = 25297)
[0m
  [4;36;1mListing Load (2.1ms)[0m   [0;1mSELECT * FROM "listings" WHERE ("listings".user_id = 25297) [0m
  [4;35;1mAnalyzing Listing Load Execution Time: 0.002755

[0m   [0mIndex Scan using index_listings_on_id_and_user_id_and_title on listings  (cost=0.00..1615.79 rows=4 width=1172)
   Index Cond: (user_id = 25297)
[0m
  [4;36;1mSQL (148.3ms)[0m   [0;1mSELECT count(*) AS count_all FROM "impressions" WHERE ("impressions".listing_id = 82633) [0m
  [4;35;1mAnalyzing  Execution Time: 0.148688

[0m   [0mAggregate  (cost=12714.08..12714.09 rows=1 width=0)
   ->  Seq Scan on impressions  (cost=0.00..12714.00 rows=31 width=0)
         Filter: (listing_id = 82633)
[0m
  [4;36;1mSQL (9.9ms)[0m   [0;1mSELECT count(*) AS count_all FROM "clicks" WHERE ("clicks".listing_id = 82633) [0m
  [4;35;1mAnalyzing  Execution Time: 0.010109

[0m   [0mAggregate  (cost=814.47..814.48 rows=1 width=0)
   ->  Seq Scan on clicks  (cost=0.00..814.46 rows=2 width=0)
         Filter: (listing_id = 82633)
[0m
  [4;36;1mSQL (1.9ms)[0m   [0;1mSELECT count(*) AS count_all FROM "listings" WHERE ("listings".user_id = 25294) [0m
  [4;35;1mAnalyzing  Execution Time: 0.002143

[0m   [0mAggregate  (cost=1615.81..1615.82 rows=1 width=0)
   ->  Index Scan using index_listings_on_id_and_user_id_and_title on listings  (cost=0.00..1615.79 rows=4 width=0)
         Index Cond: (user_id = 25294)
[0m
  [4;36;1mListing Load (2.0ms)[0m   [0;1mSELECT * FROM "listings" WHERE ("listings".user_id = 25294) [0m
  [4;35;1mAnalyzing Listing Load Execution Time: 0.00272

[0m   [0mIndex Scan using index_listings_on_id_and_user_id_and_title on listings  (cost=0.00..1615.79 rows=4 width=1172)
   Index Cond: (user_id = 25294)
[0m
  [4;36;1mSQL (148.7ms)[0m   [0;1mSELECT count(*) AS count_all FROM "impressions" WHERE ("impressions".listing_id = 113039) [0m
  [4;35;1mAnalyzing  Execution Time: 0.149023

[0m   [0mAggregate  (cost=12714.08..12714.09 rows=1 width=0)
   ->  Seq Scan on impressions  (cost=0.00..12714.00 rows=31 width=0)
         Filter: (listing_id = 113039)
[0m
  [4;36;1mSQL (8.5ms)[0m   [0;1mSELECT count(*) AS count_all FROM "clicks" WHERE ("clicks".listing_id = 113039) [0m
  [4;35;1mAnalyzing  Execution Time: 0.008751

[0m   [0mAggregate  (cost=814.47..814.48 rows=1 width=0)
   ->  Seq Scan on clicks  (cost=0.00..814.46 rows=2 width=0)
         Filter: (listing_id = 113039)
[0m
  [4;36;1mSQL (4.8ms)[0m   [0;1mSELECT count(*) AS count_all FROM "listings" WHERE ("listings".user_id = 25293) [0m
  [4;35;1mAnalyzing  Execution Time: 0.005149

[0m   [0mAggregate  (cost=1615.81..1615.82 rows=1 width=0)
   ->  Index Scan using index_listings_on_id_and_user_id_and_title on listings  (cost=0.00..1615.79 rows=4 width=0)
         Index Cond: (user_id = 25293)
[0m
  [4;36;1mListing Load (2.4ms)[0m   [0;1mSELECT * FROM "listings" WHERE ("listings".user_id = 25293) [0m
  [4;35;1mAnalyzing Listing Load Execution Time: 0.003253

[0m   [0mIndex Scan using index_listings_on_id_and_user_id_and_title on listings  (cost=0.00..1615.79 rows=4 width=1172)
   Index Cond: (user_id = 25293)
[0m
  [4;36;1mSQL (158.9ms)[0m   [0;1mSELECT count(*) AS count_all FROM "impressions" WHERE ("impressions".listing_id = 113038) [0m
  [4;35;1mAnalyzing  Execution Time: 0.159223

[0m   [0mAggregate  (cost=12714.08..12714.09 rows=1 width=0)
   ->  Seq Scan on impressions  (cost=0.00..12714.00 rows=31 width=0)
         Filter: (listing_id = 113038)
[0m
  [4;36;1mSQL (9.1ms)[0m   [0;1mSELECT count(*) AS count_all FROM "clicks" WHERE ("clicks".listing_id = 113038) [0m
  [4;35;1mAnalyzing  Execution Time: 0.009397

[0m   [0mAggregate  (cost=814.47..814.48 rows=1 width=0)
   ->  Seq Scan on clicks  (cost=0.00..814.46 rows=2 width=0)
         Filter: (listing_id = 113038)
[0m
  [4;36;1mSQL (2.3ms)[0m   [0;1mSELECT count(*) AS count_all FROM "listings" WHERE ("listings".user_id = 25292) [0m
  [4;35;1mAnalyzing  Execution Time: 0.002565

[0m   [0mAggregate  (cost=1615.81..1615.82 rows=1 width=0)
   ->  Index Scan using index_listings_on_id_and_user_id_and_title on listings  (cost=0.00..1615.79 rows=4 width=0)
         Index Cond: (user_id = 25292)
[0m
  [4;36;1mListing Load (2.0ms)[0m   [0;1mSELECT * FROM "listings" WHERE ("listings".user_id = 25292) [0m
  [4;35;1mAnalyzing Listing Load Execution Time: 0.002689

[0m   [0mIndex Scan using index_listings_on_id_and_user_id_and_title on listings  (cost=0.00..1615.79 rows=4 width=1172)
   Index Cond: (user_id = 25292)
[0m
  [4;36;1mSQL (154.9ms)[0m   [0;1mSELECT count(*) AS count_all FROM "impressions" WHERE ("impressions".listing_id = 90101) [0m
  [4;35;1mAnalyzing  Execution Time: 0.155203

[0m   [0mAggregate  (cost=12714.08..12714.09 rows=1 width=0)
   ->  Seq Scan on impressions  (cost=0.00..12714.00 rows=31 width=0)
         Filter: (listing_id = 90101)
[0m
  [4;36;1mSQL (8.5ms)[0m   [0;1mSELECT count(*) AS count_all FROM "clicks" WHERE ("clicks".listing_id = 90101) [0m
  [4;35;1mAnalyzing  Execution Time: 0.008738

[0m   [0mAggregate  (cost=814.49..814.50 rows=1 width=0)
   ->  Seq Scan on clicks  (cost=0.00..814.46 rows=10 width=0)
         Filter: (listing_id = 90101)
[0m
  [4;36;1mSQL (2.1ms)[0m   [0;1mSELECT count(*) AS count_all FROM "listings" WHERE ("listings".user_id = 25291) [0m
  [4;35;1mAnalyzing  Execution Time: 0.002345

[0m   [0mAggregate  (cost=1615.81..1615.82 rows=1 width=0)
   ->  Index Scan using index_listings_on_id_and_user_id_and_title on listings  (cost=0.00..1615.79 rows=4 width=0)
         Index Cond: (user_id = 25291)
[0m
  [4;36;1mListing Load (2.2ms)[0m   [0;1mSELECT * FROM "listings" WHERE ("listings".user_id = 25291) [0m
  [4;35;1mAnalyzing Listing Load Execution Time: 0.002957

[0m   [0mIndex Scan using index_listings_on_id_and_user_id_and_title on listings  (cost=0.00..1615.79 rows=4 width=1172)
   Index Cond: (user_id = 25291)
[0m
  [4;36;1mSQL (153.5ms)[0m   [0;1mSELECT count(*) AS count_all FROM "impressions" WHERE ("impressions".listing_id = 66214) [0m
  [4;35;1mAnalyzing  Execution Time: 0.153755

[0m   [0mAggregate  (cost=12714.08..12714.09 rows=1 width=0)
   ->  Seq Scan on impressions  (cost=0.00..12714.00 rows=31 width=0)
         Filter: (listing_id = 66214)
[0m
  [4;36;1mSQL (11.7ms)[0m   [0;1mSELECT count(*) AS count_all FROM "clicks" WHERE ("clicks".listing_id = 66214) [0m
  [4;35;1mAnalyzing  Execution Time: 0.012013

[0m   [0mAggregate  (cost=814.47..814.48 rows=1 width=0)
   ->  Seq Scan on clicks  (cost=0.00..814.46 rows=2 width=0)
         Filter: (listing_id = 66214)
[0m
  [4;36;1mSQL (2.4ms)[0m   [0;1mSELECT count(*) AS count_all FROM "listings" WHERE ("listings".user_id = 25290) [0m
  [4;35;1mAnalyzing  Execution Time: 0.002681

[0m   [0mAggregate  (cost=1615.81..1615.82 rows=1 width=0)
   ->  Index Scan using index_listings_on_id_and_user_id_and_title on listings  (cost=0.00..1615.79 rows=4 width=0)
         Index Cond: (user_id = 25290)
[0m
  [4;36;1mListing Load (2.1ms)[0m   [0;1mSELECT * FROM "listings" WHERE ("listings".user_id = 25290) [0m
  [4;35;1mAnalyzing Listing Load Execution Time: 0.003993

[0m   [0mIndex Scan using index_listings_on_id_and_user_id_and_title on listings  (cost=0.00..1615.79 rows=4 width=1172)
   Index Cond: (user_id = 25290)
[0m
  [4;36;1mSQL (148.6ms)[0m   [0;1mSELECT count(*) AS count_all FROM "impressions" WHERE ("impressions".listing_id = 74712) [0m
  [4;35;1mAnalyzing  Execution Time: 0.148843

[0m   [0mAggregate  (cost=12714.08..12714.09 rows=1 width=0)
   ->  Seq Scan on impressions  (cost=0.00..12714.00 rows=31 width=0)
         Filter: (listing_id = 74712)
[0m
  [4;36;1mSQL (147.3ms)[0m   [0;1mSELECT count(*) AS count_all FROM "impressions" WHERE ("impressions".listing_id = 105962) [0m
  [4;35;1mAnalyzing  Execution Time: 0.147569

[0m   [0mAggregate  (cost=12714.08..12714.09 rows=1 width=0)
   ->  Seq Scan on impressions  (cost=0.00..12714.00 rows=31 width=0)
         Filter: (listing_id = 105962)
[0m
  [4;36;1mSQL (148.9ms)[0m   [0;1mSELECT count(*) AS count_all FROM "impressions" WHERE ("impressions".listing_id = 105964) [0m
  [4;35;1mAnalyzing  Execution Time: 0.149166

[0m   [0mAggregate  (cost=12714.08..12714.09 rows=1 width=0)
   ->  Seq Scan on impressions  (cost=0.00..12714.00 rows=31 width=0)
         Filter: (listing_id = 105964)
[0m
  [4;36;1mSQL (144.6ms)[0m   [0;1mSELECT count(*) AS count_all FROM "impressions" WHERE ("impressions".listing_id = 105965) [0m
  [4;35;1mAnalyzing  Execution Time: 0.144908

[0m   [0mAggregate  (cost=12714.08..12714.09 rows=1 width=0)
   ->  Seq Scan on impressions  (cost=0.00..12714.00 rows=31 width=0)
         Filter: (listing_id = 105965)
[0m
  [4;36;1mSQL (8.4ms)[0m   [0;1mSELECT count(*) AS count_all FROM "clicks" WHERE ("clicks".listing_id = 74712) [0m
  [4;35;1mAnalyzing  Execution Time: 0.008638

[0m   [0mAggregate  (cost=814.47..814.48 rows=1 width=0)
   ->  Seq Scan on clicks  (cost=0.00..814.46 rows=2 width=0)
         Filter: (listing_id = 74712)
[0m
  [4;36;1mSQL (9.7ms)[0m   [0;1mSELECT count(*) AS count_all FROM "clicks" WHERE ("clicks".listing_id = 105962) [0m
  [4;35;1mAnalyzing  Execution Time: 0.009981

[0m   [0mAggregate  (cost=814.47..814.48 rows=1 width=0)
   ->  Seq Scan on clicks  (cost=0.00..814.46 rows=2 width=0)
         Filter: (listing_id = 105962)
[0m
  [4;36;1mSQL (8.8ms)[0m   [0;1mSELECT count(*) AS count_all FROM "clicks" WHERE ("clicks".listing_id = 105964) [0m
  [4;35;1mAnalyzing  Execution Time: 0.009021

[0m   [0mAggregate  (cost=814.47..814.48 rows=1 width=0)
   ->  Seq Scan on clicks  (cost=0.00..814.46 rows=2 width=0)
         Filter: (listing_id = 105964)
[0m
  [4;36;1mSQL (8.4ms)[0m   [0;1mSELECT count(*) AS count_all FROM "clicks" WHERE ("clicks".listing_id = 105965) [0m
  [4;35;1mAnalyzing  Execution Time: 0.008686

[0m   [0mAggregate  (cost=814.47..814.48 rows=1 width=0)
   ->  Seq Scan on clicks  (cost=0.00..814.46 rows=2 width=0)
         Filter: (listing_id = 105965)
[0m
  [4;36;1mSQL (2.4ms)[0m   [0;1mSELECT count(*) AS count_all FROM "listings" WHERE ("listings".user_id = 25289) [0m
  [4;35;1mAnalyzing  Execution Time: 0.002793

[0m   [0mAggregate  (cost=1615.81..1615.82 rows=1 width=0)
   ->  Index Scan using index_listings_on_id_and_user_id_and_title on listings  (cost=0.00..1615.79 rows=4 width=0)
         Index Cond: (user_id = 25289)
[0m
  [4;36;1mListing Load (6.7ms)[0m   [0;1mSELECT * FROM "listings" WHERE ("listings".user_id = 25289) [0m
  [4;35;1mAnalyzing Listing Load Execution Time: 0.007433

[0m   [0mIndex Scan using index_listings_on_id_and_user_id_and_title on listings  (cost=0.00..1615.79 rows=4 width=1172)
   Index Cond: (user_id = 25289)
[0m
  [4;36;1mSQL (162.8ms)[0m   [0;1mSELECT count(*) AS count_all FROM "impressions" WHERE ("impressions".listing_id = 113037) [0m
  [4;35;1mAnalyzing  Execution Time: 0.163081

[0m   [0mAggregate  (cost=12717.17..12717.18 rows=1 width=0)
   ->  Seq Scan on impressions  (cost=0.00..12714.00 rows=1267 width=0)
         Filter: (listing_id = 113037)
[0m
  [4;36;1mSQL (8.9ms)[0m   [0;1mSELECT count(*) AS count_all FROM "clicks" WHERE ("clicks".listing_id = 113037) [0m
  [4;35;1mAnalyzing  Execution Time: 0.009134

[0m   [0mAggregate  (cost=814.50..814.51 rows=1 width=0)
   ->  Seq Scan on clicks  (cost=0.00..814.46 rows=13 width=0)
         Filter: (listing_id = 113037)
[0m
  [4;36;1mSQL (2.1ms)[0m   [0;1mSELECT count(*) AS count_all FROM "listings" WHERE ("listings".user_id = 25271) [0m
  [4;35;1mAnalyzing  Execution Time: 0.002531

[0m   [0mAggregate  (cost=1615.81..1615.82 rows=1 width=0)
   ->  Index Scan using index_listings_on_id_and_user_id_and_title on listings  (cost=0.00..1615.79 rows=4 width=0)
         Index Cond: (user_id = 25271)
[0m
  [4;36;1mListing Load (2.1ms)[0m   [0;1mSELECT * FROM "listings" WHERE ("listings".user_id = 25271) [0m
  [4;35;1mAnalyzing Listing Load Execution Time: 0.002859

[0m   [0mIndex Scan using index_listings_on_id_and_user_id_and_title on listings  (cost=0.00..1615.79 rows=4 width=1172)
   Index Cond: (user_id = 25271)
[0m
  [4;36;1mSQL (195.9ms)[0m   [0;1mSELECT count(*) AS count_all FROM "impressions" WHERE ("impressions".listing_id = 113022) [0m
  [4;35;1mAnalyzing  Execution Time: 0.196195

[0m   [0mAggregate  (cost=12723.85..12723.86 rows=1 width=0)
   ->  Seq Scan on impressions  (cost=0.00..12714.00 rows=3941 width=0)
         Filter: (listing_id = 113022)
[0m
  [4;36;1mSQL (14.0ms)[0m   [0;1mSELECT count(*) AS count_all FROM "clicks" WHERE ("clicks".listing_id = 113022) [0m
  [4;35;1mAnalyzing  Execution Time: 0.014505

[0m   [0mAggregate  (cost=814.60..814.61 rows=1 width=0)
   ->  Seq Scan on clicks  (cost=0.00..814.46 rows=53 width=0)
         Filter: (listing_id = 113022)
[0m
  [4;36;1mSQL (2.6ms)[0m   [0;1mSELECT count(*) AS count_all FROM "listings" WHERE ("listings".user_id = 25270) [0m
  [4;35;1mAnalyzing  Execution Time: 0.002868

[0m   [0mAggregate  (cost=1615.81..1615.82 rows=1 width=0)
   ->  Index Scan using index_listings_on_id_and_user_id_and_title on listings  (cost=0.00..1615.79 rows=4 width=0)
         Index Cond: (user_id = 25270)
[0m
  [4;36;1mListing Load (2.2ms)[0m   [0;1mSELECT * FROM "listings" WHERE ("listings".user_id = 25270) [0m
  [4;35;1mAnalyzing Listing Load Execution Time: 0.003015

[0m   [0mIndex Scan using index_listings_on_id_and_user_id_and_title on listings  (cost=0.00..1615.79 rows=4 width=1172)
   Index Cond: (user_id = 25270)
[0m
  [4;36;1mSQL (145.8ms)[0m   [0;1mSELECT count(*) AS count_all FROM "impressions" WHERE ("impressions".listing_id = 86230) [0m
  [4;35;1mAnalyzing  Execution Time: 0.146107

[0m   [0mAggregate  (cost=12723.16..12723.17 rows=1 width=0)
   ->  Seq Scan on impressions  (cost=0.00..12714.00 rows=3662 width=0)
         Filter: (listing_id = 86230)
[0m
  [4;36;1mSQL (9.1ms)[0m   [0;1mSELECT count(*) AS count_all FROM "clicks" WHERE ("clicks".listing_id = 86230) [0m
  [4;35;1mAnalyzing  Execution Time: 0.009321

[0m   [0mAggregate  (cost=814.53..814.54 rows=1 width=0)
   ->  Seq Scan on clicks  (cost=0.00..814.46 rows=27 width=0)
         Filter: (listing_id = 86230)
[0m
  [4;36;1mSQL (2.3ms)[0m   [0;1mSELECT count(*) AS count_all FROM "listings" WHERE ("listings".user_id = 25242) [0m
  [4;35;1mAnalyzing  Execution Time: 0.002557

[0m   [0mAggregate  (cost=1615.81..1615.82 rows=1 width=0)
   ->  Index Scan using index_listings_on_id_and_user_id_and_title on listings  (cost=0.00..1615.79 rows=4 width=0)
         Index Cond: (user_id = 25242)
[0m
  [4;36;1mListing Load (2.0ms)[0m   [0;1mSELECT * FROM "listings" WHERE ("listings".user_id = 25242) [0m
  [4;35;1mAnalyzing Listing Load Execution Time: 0.003184

[0m   [0mIndex Scan using index_listings_on_id_and_user_id_and_title on listings  (cost=0.00..1615.79 rows=4 width=1172)
   Index Cond: (user_id = 25242)
[0m
  [4;36;1mSQL (165.2ms)[0m   [0;1mSELECT count(*) AS count_all FROM "impressions" WHERE ("impressions".listing_id = 85480) [0m
  [4;35;1mAnalyzing  Execution Time: 0.165505

[0m   [0mAggregate  (cost=12729.74..12729.75 rows=1 width=0)
   ->  Seq Scan on impressions  (cost=0.00..12714.00 rows=6294 width=0)
         Filter: (listing_id = 85480)
[0m
  [4;36;1mSQL (150.3ms)[0m   [0;1mSELECT count(*) AS count_all FROM "impressions" WHERE ("impressions".listing_id = 85481) [0m
  [4;35;1mAnalyzing  Execution Time: 0.150535

[0m   [0mAggregate  (cost=12730.96..12730.97 rows=1 width=0)
   ->  Seq Scan on impressions  (cost=0.00..12714.00 rows=6782 width=0)
         Filter: (listing_id = 85481)
[0m
  [4;36;1mSQL (8.6ms)[0m   [0;1mSELECT count(*) AS count_all FROM "clicks" WHERE ("clicks".listing_id = 85480) [0m
  [4;35;1mAnalyzing  Execution Time: 0.008851

[0m   [0mAggregate  (cost=816.04..816.05 rows=1 width=0)
   ->  Seq Scan on clicks  (cost=0.00..814.46 rows=629 width=0)
         Filter: (listing_id = 85480)
[0m
  [4;36;1mSQL (8.9ms)[0m   [0;1mSELECT count(*) AS count_all FROM "clicks" WHERE ("clicks".listing_id = 85481) [0m
  [4;35;1mAnalyzing  Execution Time: 0.009209

[0m   [0mAggregate  (cost=814.85..814.86 rows=1 width=0)
   ->  Seq Scan on clicks  (cost=0.00..814.46 rows=154 width=0)
         Filter: (listing_id = 85481)
[0m
  [4;36;1mSQL (2.5ms)[0m   [0;1mSELECT count(*) AS count_all FROM "listings" WHERE ("listings".user_id = 25267) [0m
  [4;35;1mAnalyzing  Execution Time: 0.002793

[0m   [0mAggregate  (cost=1615.81..1615.82 rows=1 width=0)
   ->  Index Scan using index_listings_on_id_and_user_id_and_title on listings  (cost=0.00..1615.79 rows=4 width=0)
         Index Cond: (user_id = 25267)
[0m
  [4;36;1mListing Load (2.3ms)[0m   [0;1mSELECT * FROM "listings" WHERE ("listings".user_id = 25267) [0m
  [4;35;1mAnalyzing Listing Load Execution Time: 0.003034

[0m   [0mIndex Scan using index_listings_on_id_and_user_id_and_title on listings  (cost=0.00..1615.79 rows=4 width=1172)
   Index Cond: (user_id = 25267)
[0m
  [4;36;1mSQL (151.7ms)[0m   [0;1mSELECT count(*) AS count_all FROM "impressions" WHERE ("impressions".listing_id = 87237) [0m
  [4;35;1mAnalyzing  Execution Time: 0.151948

[0m   [0mAggregate  (cost=12714.08..12714.09 rows=1 width=0)
   ->  Seq Scan on impressions  (cost=0.00..12714.00 rows=31 width=0)
         Filter: (listing_id = 87237)
[0m
  [4;36;1mSQL (11.0ms)[0m   [0;1mSELECT count(*) AS count_all FROM "clicks" WHERE ("clicks".listing_id = 87237) [0m
  [4;35;1mAnalyzing  Execution Time: 0.011336

[0m   [0mAggregate  (cost=814.47..814.48 rows=1 width=0)
   ->  Seq Scan on clicks  (cost=0.00..814.46 rows=2 width=0)
         Filter: (listing_id = 87237)
[0m
  [4;36;1mSQL (2.0ms)[0m   [0;1mSELECT count(*) AS count_all FROM "listings" WHERE ("listings".user_id = 25266) [0m
  [4;35;1mAnalyzing  Execution Time: 0.002295

[0m   [0mAggregate  (cost=1615.81..1615.82 rows=1 width=0)
   ->  Index Scan using index_listings_on_id_and_user_id_and_title on listings  (cost=0.00..1615.79 rows=4 width=0)
         Index Cond: (user_id = 25266)
[0m
  [4;36;1mListing Load (2.2ms)[0m   [0;1mSELECT * FROM "listings" WHERE ("listings".user_id = 25266) [0m
  [4;35;1mAnalyzing Listing Load Execution Time: 0.003617

[0m   [0mIndex Scan using index_listings_on_id_and_user_id_and_title on listings  (cost=0.00..1615.79 rows=4 width=1172)
   Index Cond: (user_id = 25266)
[0m
  [4;36;1mSQL (156.2ms)[0m   [0;1mSELECT count(*) AS count_all FROM "impressions" WHERE ("impressions".listing_id = 113019) [0m
  [4;35;1mAnalyzing  Execution Time: 0.156498

[0m   [0mAggregate  (cost=12714.08..12714.09 rows=1 width=0)
   ->  Seq Scan on impressions  (cost=0.00..12714.00 rows=31 width=0)
         Filter: (listing_id = 113019)
[0m
  [4;36;1mSQL (154.2ms)[0m   [0;1mSELECT count(*) AS count_all FROM "impressions" WHERE ("impressions".listing_id = 113067) [0m
  [4;35;1mAnalyzing  Execution Time: 0.154516

[0m   [0mAggregate  (cost=12714.08..12714.09 rows=1 width=0)
   ->  Seq Scan on impressions  (cost=0.00..12714.00 rows=31 width=0)
         Filter: (listing_id = 113067)
[0m
  [4;36;1mSQL (139.2ms)[0m   [0;1mSELECT count(*) AS count_all FROM "impressions" WHERE ("impressions".listing_id = 113068) [0m
  [4;35;1mAnalyzing  Execution Time: 0.13965

[0m   [0mAggregate  (cost=12714.08..12714.09 rows=1 width=0)
   ->  Seq Scan on impressions  (cost=0.00..12714.00 rows=31 width=0)
         Filter: (listing_id = 113068)
[0m
  [4;36;1mSQL (10.4ms)[0m   [0;1mSELECT count(*) AS count_all FROM "clicks" WHERE ("clicks".listing_id = 113019) [0m
  [4;35;1mAnalyzing  Execution Time: 0.010714

[0m   [0mAggregate  (cost=814.47..814.48 rows=1 width=0)
   ->  Seq Scan on clicks  (cost=0.00..814.46 rows=2 width=0)
         Filter: (listing_id = 113019)
[0m
  [4;36;1mSQL (9.2ms)[0m   [0;1mSELECT count(*) AS count_all FROM "clicks" WHERE ("clicks".listing_id = 113067) [0m
  [4;35;1mAnalyzing  Execution Time: 0.00946

[0m   [0mAggregate  (cost=814.47..814.48 rows=1 width=0)
   ->  Seq Scan on clicks  (cost=0.00..814.46 rows=2 width=0)
         Filter: (listing_id = 113067)
[0m
  [4;36;1mSQL (9.8ms)[0m   [0;1mSELECT count(*) AS count_all FROM "clicks" WHERE ("clicks".listing_id = 113068) [0m
  [4;35;1mAnalyzing  Execution Time: 0.010102

[0m   [0mAggregate  (cost=814.47..814.48 rows=1 width=0)
   ->  Seq Scan on clicks  (cost=0.00..814.46 rows=2 width=0)
         Filter: (listing_id = 113068)
[0m
  [4;36;1mSQL (2.3ms)[0m   [0;1mSELECT count(*) AS count_all FROM "listings" WHERE ("listings".user_id = 25265) [0m
  [4;35;1mAnalyzing  Execution Time: 0.002528

[0m   [0mAggregate  (cost=1615.81..1615.82 rows=1 width=0)
   ->  Index Scan using index_listings_on_id_and_user_id_and_title on listings  (cost=0.00..1615.79 rows=4 width=0)
         Index Cond: (user_id = 25265)
[0m
  [4;36;1mListing Load (2.1ms)[0m   [0;1mSELECT * FROM "listings" WHERE ("listings".user_id = 25265) [0m
  [4;35;1mAnalyzing Listing Load Execution Time: 0.004305

[0m   [0mIndex Scan using index_listings_on_id_and_user_id_and_title on listings  (cost=0.00..1615.79 rows=4 width=1172)
   Index Cond: (user_id = 25265)
[0m
  [4;36;1mSQL (144.6ms)[0m   [0;1mSELECT count(*) AS count_all FROM "impressions" WHERE ("impressions".listing_id = 73326) [0m
  [4;35;1mAnalyzing  Execution Time: 0.144831

[0m   [0mAggregate  (cost=12714.08..12714.09 rows=1 width=0)
   ->  Seq Scan on impressions  (cost=0.00..12714.00 rows=31 width=0)
         Filter: (listing_id = 73326)
[0m
  [4;36;1mSQL (162.6ms)[0m   [0;1mSELECT count(*) AS count_all FROM "impressions" WHERE ("impressions".listing_id = 88124) [0m
  [4;35;1mAnalyzing  Execution Time: 0.162888

[0m   [0mAggregate  (cost=12714.08..12714.09 rows=1 width=0)
   ->  Seq Scan on impressions  (cost=0.00..12714.00 rows=31 width=0)
         Filter: (listing_id = 88124)
[0m
  [4;36;1mSQL (151.0ms)[0m   [0;1mSELECT count(*) AS count_all FROM "impressions" WHERE ("impressions".listing_id = 88125) [0m
  [4;35;1mAnalyzing  Execution Time: 0.151308

[0m   [0mAggregate  (cost=12714.08..12714.09 rows=1 width=0)
   ->  Seq Scan on impressions  (cost=0.00..12714.00 rows=31 width=0)
         Filter: (listing_id = 88125)
[0m
  [4;36;1mSQL (148.5ms)[0m   [0;1mSELECT count(*) AS count_all FROM "impressions" WHERE ("impressions".listing_id = 113017) [0m
  [4;35;1mAnalyzing  Execution Time: 0.148758

[0m   [0mAggregate  (cost=12714.08..12714.09 rows=1 width=0)
   ->  Seq Scan on impressions  (cost=0.00..12714.00 rows=31 width=0)
         Filter: (listing_id = 113017)
[0m
  [4;36;1mSQL (149.1ms)[0m   [0;1mSELECT count(*) AS count_all FROM "impressions" WHERE ("impressions".listing_id = 113018) [0m
  [4;35;1mAnalyzing  Execution Time: 0.149407

[0m   [0mAggregate  (cost=12714.08..12714.09 rows=1 width=0)
   ->  Seq Scan on impressions  (cost=0.00..12714.00 rows=31 width=0)
         Filter: (listing_id = 113018)
[0m
  [4;36;1mSQL (13.9ms)[0m   [0;1mSELECT count(*) AS count_all FROM "clicks" WHERE ("clicks".listing_id = 73326) [0m
  [4;35;1mAnalyzing  Execution Time: 0.014185

[0m   [0mAggregate  (cost=814.47..814.48 rows=1 width=0)
   ->  Seq Scan on clicks  (cost=0.00..814.46 rows=2 width=0)
         Filter: (listing_id = 73326)
[0m
  [4;36;1mSQL (9.6ms)[0m   [0;1mSELECT count(*) AS count_all FROM "clicks" WHERE ("clicks".listing_id = 88124) [0m
  [4;35;1mAnalyzing  Execution Time: 0.009858

[0m   [0mAggregate  (cost=814.47..814.48 rows=1 width=0)
   ->  Seq Scan on clicks  (cost=0.00..814.46 rows=2 width=0)
         Filter: (listing_id = 88124)
[0m
  [4;36;1mSQL (8.4ms)[0m   [0;1mSELECT count(*) AS count_all FROM "clicks" WHERE ("clicks".listing_id = 88125) [0m
  [4;35;1mAnalyzing  Execution Time: 0.008705

[0m   [0mAggregate  (cost=814.47..814.48 rows=1 width=0)
   ->  Seq Scan on clicks  (cost=0.00..814.46 rows=2 width=0)
         Filter: (listing_id = 88125)
[0m
  [4;36;1mSQL (10.2ms)[0m   [0;1mSELECT count(*) AS count_all FROM "clicks" WHERE ("clicks".listing_id = 113017) [0m
  [4;35;1mAnalyzing  Execution Time: 0.010537

[0m   [0mAggregate  (cost=814.47..814.48 rows=1 width=0)
   ->  Seq Scan on clicks  (cost=0.00..814.46 rows=2 width=0)
         Filter: (listing_id = 113017)
[0m
  [4;36;1mSQL (8.7ms)[0m   [0;1mSELECT count(*) AS count_all FROM "clicks" WHERE ("clicks".listing_id = 113018) [0m
  [4;35;1mAnalyzing  Execution Time: 0.008956

[0m   [0mAggregate  (cost=814.47..814.48 rows=1 width=0)
   ->  Seq Scan on clicks  (cost=0.00..814.46 rows=2 width=0)
         Filter: (listing_id = 113018)
[0m
  [4;36;1mSQL (3.3ms)[0m   [0;1mSELECT count(*) AS count_all FROM "listings" WHERE ("listings".user_id = 25264) [0m
  [4;35;1mAnalyzing  Execution Time: 0.003587

[0m   [0mAggregate  (cost=1615.81..1615.82 rows=1 width=0)
   ->  Index Scan using index_listings_on_id_and_user_id_and_title on listings  (cost=0.00..1615.79 rows=4 width=0)
         Index Cond: (user_id = 25264)
[0m
  [4;36;1mListing Load (2.4ms)[0m   [0;1mSELECT * FROM "listings" WHERE ("listings".user_id = 25264) [0m
  [4;35;1mAnalyzing Listing Load Execution Time: 0.003232

[0m   [0mIndex Scan using index_listings_on_id_and_user_id_and_title on listings  (cost=0.00..1615.79 rows=4 width=1172)
   Index Cond: (user_id = 25264)
[0m
  [4;36;1mSQL (154.7ms)[0m   [0;1mSELECT count(*) AS count_all FROM "impressions" WHERE ("impressions".listing_id = 81941) [0m
  [4;35;1mAnalyzing  Execution Time: 0.154959

[0m   [0mAggregate  (cost=12714.08..12714.09 rows=1 width=0)
   ->  Seq Scan on impressions  (cost=0.00..12714.00 rows=31 width=0)
         Filter: (listing_id = 81941)
[0m
  [4;36;1mSQL (8.6ms)[0m   [0;1mSELECT count(*) AS count_all FROM "clicks" WHERE ("clicks".listing_id = 81941) [0m
  [4;35;1mAnalyzing  Execution Time: 0.008919

[0m   [0mAggregate  (cost=814.49..814.50 rows=1 width=0)
   ->  Seq Scan on clicks  (cost=0.00..814.46 rows=10 width=0)
         Filter: (listing_id = 81941)
[0m
  [4;36;1mSQL (2.4ms)[0m   [0;1mSELECT count(*) AS count_all FROM "listings" WHERE ("listings".user_id = 25263) [0m
  [4;35;1mAnalyzing  Execution Time: 0.002727

[0m   [0mAggregate  (cost=1615.81..1615.82 rows=1 width=0)
   ->  Index Scan using index_listings_on_id_and_user_id_and_title on listings  (cost=0.00..1615.79 rows=4 width=0)
         Index Cond: (user_id = 25263)
[0m
  [4;36;1mListing Load (2.8ms)[0m   [0;1mSELECT * FROM "listings" WHERE ("listings".user_id = 25263) [0m
  [4;35;1mAnalyzing Listing Load Execution Time: 0.003564

[0m   [0mIndex Scan using index_listings_on_id_and_user_id_and_title on listings  (cost=0.00..1615.79 rows=4 width=1172)
   Index Cond: (user_id = 25263)
[0m
  [4;36;1mSQL (167.8ms)[0m   [0;1mSELECT count(*) AS count_all FROM "impressions" WHERE ("impressions".listing_id = 67489) [0m
  [4;35;1mAnalyzing  Execution Time: 0.168097

[0m   [0mAggregate  (cost=12714.08..12714.09 rows=1 width=0)
   ->  Seq Scan on impressions  (cost=0.00..12714.00 rows=31 width=0)
         Filter: (listing_id = 67489)
[0m
  [4;36;1mSQL (8.4ms)[0m   [0;1mSELECT count(*) AS count_all FROM "clicks" WHERE ("clicks".listing_id = 67489) [0m
  [4;35;1mAnalyzing  Execution Time: 0.008671

[0m   [0mAggregate  (cost=814.47..814.48 rows=1 width=0)
   ->  Seq Scan on clicks  (cost=0.00..814.46 rows=2 width=0)
         Filter: (listing_id = 67489)
[0m
  [4;36;1mSQL (2.1ms)[0m   [0;1mSELECT count(*) AS count_all FROM "listings" WHERE ("listings".user_id = 25262) [0m
  [4;35;1mAnalyzing  Execution Time: 0.00232

[0m   [0mAggregate  (cost=1615.81..1615.82 rows=1 width=0)
   ->  Index Scan using index_listings_on_id_and_user_id_and_title on listings  (cost=0.00..1615.79 rows=4 width=0)
         Index Cond: (user_id = 25262)
[0m
  [4;36;1mListing Load (2.2ms)[0m   [0;1mSELECT * FROM "listings" WHERE ("listings".user_id = 25262) [0m
  [4;35;1mAnalyzing Listing Load Execution Time: 0.002913

[0m   [0mIndex Scan using index_listings_on_id_and_user_id_and_title on listings  (cost=0.00..1615.79 rows=4 width=1172)
   Index Cond: (user_id = 25262)
[0m
  [4;36;1mSQL (164.0ms)[0m   [0;1mSELECT count(*) AS count_all FROM "impressions" WHERE ("impressions".listing_id = 113016) [0m
  [4;35;1mAnalyzing  Execution Time: 0.164289

[0m   [0mAggregate  (cost=12714.08..12714.09 rows=1 width=0)
   ->  Seq Scan on impressions  (cost=0.00..12714.00 rows=31 width=0)
         Filter: (listing_id = 113016)
[0m
  [4;36;1mSQL (10.3ms)[0m   [0;1mSELECT count(*) AS count_all FROM "clicks" WHERE ("clicks".listing_id = 113016) [0m
  [4;35;1mAnalyzing  Execution Time: 0.010559

[0m   [0mAggregate  (cost=814.47..814.48 rows=1 width=0)
   ->  Seq Scan on clicks  (cost=0.00..814.46 rows=2 width=0)
         Filter: (listing_id = 113016)
[0m
  [4;36;1mSQL (2.2ms)[0m   [0;1mSELECT count(*) AS count_all FROM "listings" WHERE ("listings".user_id = 25261) [0m
  [4;35;1mAnalyzing  Execution Time: 0.002417

[0m   [0mAggregate  (cost=1615.81..1615.82 rows=1 width=0)
   ->  Index Scan using index_listings_on_id_and_user_id_and_title on listings  (cost=0.00..1615.79 rows=4 width=0)
         Index Cond: (user_id = 25261)
[0m
  [4;36;1mListing Load (2.0ms)[0m   [0;1mSELECT * FROM "listings" WHERE ("listings".user_id = 25261) [0m
  [4;35;1mAnalyzing Listing Load Execution Time: 0.003138

[0m   [0mIndex Scan using index_listings_on_id_and_user_id_and_title on listings  (cost=0.00..1615.79 rows=4 width=1172)
   Index Cond: (user_id = 25261)
[0m
  [4;36;1mSQL (172.7ms)[0m   [0;1mSELECT count(*) AS count_all FROM "impressions" WHERE ("impressions".listing_id = 72333) [0m
  [4;35;1mAnalyzing  Execution Time: 0.172955

[0m   [0mAggregate  (cost=12714.08..12714.09 rows=1 width=0)
   ->  Seq Scan on impressions  (cost=0.00..12714.00 rows=31 width=0)
         Filter: (listing_id = 72333)
[0m
  [4;36;1mSQL (159.3ms)[0m   [0;1mSELECT count(*) AS count_all FROM "impressions" WHERE ("impressions".listing_id = 113021) [0m
  [4;35;1mAnalyzing  Execution Time: 0.15963

[0m   [0mAggregate  (cost=12714.08..12714.09 rows=1 width=0)
   ->  Seq Scan on impressions  (cost=0.00..12714.00 rows=31 width=0)
         Filter: (listing_id = 113021)
[0m
  [4;36;1mSQL (16.0ms)[0m   [0;1mSELECT count(*) AS count_all FROM "clicks" WHERE ("clicks".listing_id = 72333) [0m
  [4;35;1mAnalyzing  Execution Time: 0.01623

[0m   [0mAggregate  (cost=814.50..814.51 rows=1 width=0)
   ->  Seq Scan on clicks  (cost=0.00..814.46 rows=13 width=0)
         Filter: (listing_id = 72333)
[0m
  [4;36;1mSQL (9.0ms)[0m   [0;1mSELECT count(*) AS count_all FROM "clicks" WHERE ("clicks".listing_id = 113021) [0m
  [4;35;1mAnalyzing  Execution Time: 0.009222

[0m   [0mAggregate  (cost=814.47..814.48 rows=1 width=0)
   ->  Seq Scan on clicks  (cost=0.00..814.46 rows=2 width=0)
         Filter: (listing_id = 113021)
[0m
  [4;36;1mSQL (2.1ms)[0m   [0;1mSELECT count(*) AS count_all FROM "listings" WHERE ("listings".user_id = 25256) [0m
  [4;35;1mAnalyzing  Execution Time: 0.002417

[0m   [0mAggregate  (cost=1615.81..1615.82 rows=1 width=0)
   ->  Index Scan using index_listings_on_id_and_user_id_and_title on listings  (cost=0.00..1615.79 rows=4 width=0)
         Index Cond: (user_id = 25256)
[0m
  [4;36;1mListing Load (2.1ms)[0m   [0;1mSELECT * FROM "listings" WHERE ("listings".user_id = 25256) [0m
  [4;35;1mAnalyzing Listing Load Execution Time: 0.00283

[0m   [0mIndex Scan using index_listings_on_id_and_user_id_and_title on listings  (cost=0.00..1615.79 rows=4 width=1172)
   Index Cond: (user_id = 25256)
[0m
  [4;36;1mSQL (152.8ms)[0m   [0;1mSELECT count(*) AS count_all FROM "impressions" WHERE ("impressions".listing_id = 113007) [0m
  [4;35;1mAnalyzing  Execution Time: 0.153119

[0m   [0mAggregate  (cost=12714.08..12714.09 rows=1 width=0)
   ->  Seq Scan on impressions  (cost=0.00..12714.00 rows=31 width=0)
         Filter: (listing_id = 113007)
[0m
  [4;36;1mSQL (9.7ms)[0m   [0;1mSELECT count(*) AS count_all FROM "clicks" WHERE ("clicks".listing_id = 113007) [0m
  [4;35;1mAnalyzing  Execution Time: 0.009939

[0m   [0mAggregate  (cost=814.47..814.48 rows=1 width=0)
   ->  Seq Scan on clicks  (cost=0.00..814.46 rows=2 width=0)
         Filter: (listing_id = 113007)
[0m
  [4;36;1mSQL (2.0ms)[0m   [0;1mSELECT count(*) AS count_all FROM "listings" WHERE ("listings".user_id = 25342) [0m
  [4;35;1mAnalyzing  Execution Time: 0.002278

[0m   [0mAggregate  (cost=1615.81..1615.82 rows=1 width=0)
   ->  Index Scan using index_listings_on_id_and_user_id_and_title on listings  (cost=0.00..1615.79 rows=4 width=0)
         Index Cond: (user_id = 25342)
[0m
  [4;36;1mListing Load (2.2ms)[0m   [0;1mSELECT * FROM "listings" WHERE ("listings".user_id = 25342) [0m
  [4;35;1mAnalyzing Listing Load Execution Time: 0.002938

[0m   [0mIndex Scan using index_listings_on_id_and_user_id_and_title on listings  (cost=0.00..1615.79 rows=4 width=1172)
   Index Cond: (user_id = 25342)
[0m
  [4;36;1mSQL (178.6ms)[0m   [0;1mSELECT count(*) AS count_all FROM "impressions" WHERE ("impressions".listing_id = 66871) [0m
  [4;35;1mAnalyzing  Execution Time: 0.179208

[0m   [0mAggregate  (cost=12714.08..12714.09 rows=1 width=0)
   ->  Seq Scan on impressions  (cost=0.00..12714.00 rows=31 width=0)
         Filter: (listing_id = 66871)
[0m
  [4;36;1mSQL (9.1ms)[0m   [0;1mSELECT count(*) AS count_all FROM "clicks" WHERE ("clicks".listing_id = 66871) [0m
  [4;35;1mAnalyzing  Execution Time: 0.009366

[0m   [0mAggregate  (cost=814.47..814.48 rows=1 width=0)
   ->  Seq Scan on clicks  (cost=0.00..814.46 rows=2 width=0)
         Filter: (listing_id = 66871)
[0m
  [4;36;1mSQL (2.0ms)[0m   [0;1mSELECT count(*) AS count_all FROM "listings" WHERE ("listings".user_id = 25340) [0m
  [4;35;1mAnalyzing  Execution Time: 0.002302

[0m   [0mAggregate  (cost=1615.81..1615.82 rows=1 width=0)
   ->  Index Scan using index_listings_on_id_and_user_id_and_title on listings  (cost=0.00..1615.79 rows=4 width=0)
         Index Cond: (user_id = 25340)
[0m
  [4;36;1mListing Load (2.1ms)[0m   [0;1mSELECT * FROM "listings" WHERE ("listings".user_id = 25340) [0m
  [4;35;1mAnalyzing Listing Load Execution Time: 0.002805

[0m   [0mIndex Scan using index_listings_on_id_and_user_id_and_title on listings  (cost=0.00..1615.79 rows=4 width=1172)
   Index Cond: (user_id = 25340)
[0m
  [4;36;1mSQL (176.3ms)[0m   [0;1mSELECT count(*) AS count_all FROM "impressions" WHERE ("impressions".listing_id = 113060) [0m
  [4;35;1mAnalyzing  Execution Time: 0.176615

[0m   [0mAggregate  (cost=12714.08..12714.09 rows=1 width=0)
   ->  Seq Scan on impressions  (cost=0.00..12714.00 rows=31 width=0)
         Filter: (listing_id = 113060)
[0m
  [4;36;1mSQL (10.7ms)[0m   [0;1mSELECT count(*) AS count_all FROM "clicks" WHERE ("clicks".listing_id = 113060) [0m
  [4;35;1mAnalyzing  Execution Time: 0.010998

[0m   [0mAggregate  (cost=814.47..814.48 rows=1 width=0)
   ->  Seq Scan on clicks  (cost=0.00..814.46 rows=2 width=0)
         Filter: (listing_id = 113060)
[0m
  [4;36;1mSQL (2.9ms)[0m   [0;1mSELECT count(*) AS count_all FROM "listings" WHERE ("listings".user_id = 25339) [0m
  [4;35;1mAnalyzing  Execution Time: 0.003143

[0m   [0mAggregate  (cost=1615.81..1615.82 rows=1 width=0)
   ->  Index Scan using index_listings_on_id_and_user_id_and_title on listings  (cost=0.00..1615.79 rows=4 width=0)
         Index Cond: (user_id = 25339)
[0m
  [4;36;1mListing Load (3.4ms)[0m   [0;1mSELECT * FROM "listings" WHERE ("listings".user_id = 25339) [0m
  [4;35;1mAnalyzing Listing Load Execution Time: 0.004093

[0m   [0mIndex Scan using index_listings_on_id_and_user_id_and_title on listings  (cost=0.00..1615.79 rows=4 width=1172)
   Index Cond: (user_id = 25339)
[0m
  [4;36;1mSQL (175.7ms)[0m   [0;1mSELECT count(*) AS count_all FROM "impressions" WHERE ("impressions".listing_id = 80836) [0m
  [4;35;1mAnalyzing  Execution Time: 0.175949

[0m   [0mAggregate  (cost=12714.08..12714.09 rows=1 width=0)
   ->  Seq Scan on impressions  (cost=0.00..12714.00 rows=31 width=0)
         Filter: (listing_id = 80836)
[0m
  [4;36;1mSQL (9.7ms)[0m   [0;1mSELECT count(*) AS count_all FROM "clicks" WHERE ("clicks".listing_id = 80836) [0m
  [4;35;1mAnalyzing  Execution Time: 0.01015

[0m   [0mAggregate  (cost=814.47..814.48 rows=1 width=0)
   ->  Seq Scan on clicks  (cost=0.00..814.46 rows=2 width=0)
         Filter: (listing_id = 80836)
[0m
  [4;36;1mSQL (2.1ms)[0m   [0;1mSELECT count(*) AS count_all FROM "listings" WHERE ("listings".user_id = 25337) [0m
  [4;35;1mAnalyzing  Execution Time: 0.00241

[0m   [0mAggregate  (cost=1615.81..1615.82 rows=1 width=0)
   ->  Index Scan using index_listings_on_id_and_user_id_and_title on listings  (cost=0.00..1615.79 rows=4 width=0)
         Index Cond: (user_id = 25337)
[0m
  [4;36;1mListing Load (4.4ms)[0m   [0;1mSELECT * FROM "listings" WHERE ("listings".user_id = 25337) [0m
  [4;35;1mAnalyzing Listing Load Execution Time: 0.005179

[0m   [0mIndex Scan using index_listings_on_id_and_user_id_and_title on listings  (cost=0.00..1615.79 rows=4 width=1172)
   Index Cond: (user_id = 25337)
[0m
  [4;36;1mSQL (160.2ms)[0m   [0;1mSELECT count(*) AS count_all FROM "impressions" WHERE ("impressions".listing_id = 83649) [0m
  [4;35;1mAnalyzing  Execution Time: 0.160431

[0m   [0mAggregate  (cost=12714.08..12714.09 rows=1 width=0)
   ->  Seq Scan on impressions  (cost=0.00..12714.00 rows=31 width=0)
         Filter: (listing_id = 83649)
[0m
  [4;36;1mSQL (8.9ms)[0m   [0;1mSELECT count(*) AS count_all FROM "clicks" WHERE ("clicks".listing_id = 83649) [0m
  [4;35;1mAnalyzing  Execution Time: 0.009126

[0m   [0mAggregate  (cost=814.47..814.48 rows=1 width=0)
   ->  Seq Scan on clicks  (cost=0.00..814.46 rows=2 width=0)
         Filter: (listing_id = 83649)
[0m
  [4;36;1mSQL (15.5ms)[0m   [0;1mSELECT count(*) AS count_all FROM "listings" WHERE ("listings".user_id = 25336) [0m
  [4;35;1mAnalyzing  Execution Time: 0.015763

[0m   [0mAggregate  (cost=1615.81..1615.82 rows=1 width=0)
   ->  Index Scan using index_listings_on_id_and_user_id_and_title on listings  (cost=0.00..1615.79 rows=4 width=0)
         Index Cond: (user_id = 25336)
[0m
  [4;36;1mListing Load (2.0ms)[0m   [0;1mSELECT * FROM "listings" WHERE ("listings".user_id = 25336) [0m
  [4;35;1mAnalyzing Listing Load Execution Time: 0.002687

[0m   [0mIndex Scan using index_listings_on_id_and_user_id_and_title on listings  (cost=0.00..1615.79 rows=4 width=1172)
   Index Cond: (user_id = 25336)
[0m
  [4;36;1mSQL (171.1ms)[0m   [0;1mSELECT count(*) AS count_all FROM "impressions" WHERE ("impressions".listing_id = 113059) [0m
  [4;35;1mAnalyzing  Execution Time: 0.171351

[0m   [0mAggregate  (cost=12714.08..12714.09 rows=1 width=0)
   ->  Seq Scan on impressions  (cost=0.00..12714.00 rows=31 width=0)
         Filter: (listing_id = 113059)
[0m
  [4;36;1mSQL (11.8ms)[0m   [0;1mSELECT count(*) AS count_all FROM "clicks" WHERE ("clicks".listing_id = 113059) [0m
  [4;35;1mAnalyzing  Execution Time: 0.01207

[0m   [0mAggregate  (cost=814.47..814.48 rows=1 width=0)
   ->  Seq Scan on clicks  (cost=0.00..814.46 rows=2 width=0)
         Filter: (listing_id = 113059)
[0m
  [4;36;1mSQL (2.3ms)[0m   [0;1mSELECT count(*) AS count_all FROM "listings" WHERE ("listings".user_id = 25246) [0m
  [4;35;1mAnalyzing  Execution Time: 0.002672

[0m   [0mAggregate  (cost=1615.81..1615.82 rows=1 width=0)
   ->  Index Scan using index_listings_on_id_and_user_id_and_title on listings  (cost=0.00..1615.79 rows=4 width=0)
         Index Cond: (user_id = 25246)
[0m
  [4;36;1mListing Load (2.6ms)[0m   [0;1mSELECT * FROM "listings" WHERE ("listings".user_id = 25246) [0m
  [4;35;1mAnalyzing Listing Load Execution Time: 0.003712

[0m   [0mIndex Scan using index_listings_on_id_and_user_id_and_title on listings  (cost=0.00..1615.79 rows=4 width=1172)
   Index Cond: (user_id = 25246)
[0m
  [4;36;1mSQL (156.8ms)[0m   [0;1mSELECT count(*) AS count_all FROM "impressions" WHERE ("impressions".listing_id = 66449) [0m
  [4;35;1mAnalyzing  Execution Time: 0.15712

[0m   [0mAggregate  (cost=12714.08..12714.09 rows=1 width=0)
   ->  Seq Scan on impressions  (cost=0.00..12714.00 rows=31 width=0)
         Filter: (listing_id = 66449)
[0m
  [4;36;1mSQL (162.3ms)[0m   [0;1mSELECT count(*) AS count_all FROM "impressions" WHERE ("impressions".listing_id = 113005) [0m
  [4;35;1mAnalyzing  Execution Time: 0.162539

[0m   [0mAggregate  (cost=12714.08..12714.09 rows=1 width=0)
   ->  Seq Scan on impressions  (cost=0.00..12714.00 rows=31 width=0)
         Filter: (listing_id = 113005)
[0m
  [4;36;1mSQL (8.8ms)[0m   [0;1mSELECT count(*) AS count_all FROM "clicks" WHERE ("clicks".listing_id = 66449) [0m
  [4;35;1mAnalyzing  Execution Time: 0.00907

[0m   [0mAggregate  (cost=814.51..814.52 rows=1 width=0)
   ->  Seq Scan on clicks  (cost=0.00..814.46 rows=19 width=0)
         Filter: (listing_id = 66449)
[0m
  [4;36;1mSQL (8.5ms)[0m   [0;1mSELECT count(*) AS count_all FROM "clicks" WHERE ("clicks".listing_id = 113005) [0m
  [4;35;1mAnalyzing  Execution Time: 0.008776

[0m   [0mAggregate  (cost=814.47..814.48 rows=1 width=0)
   ->  Seq Scan on clicks  (cost=0.00..814.46 rows=2 width=0)
         Filter: (listing_id = 113005)
[0m
  [4;36;1mSQL (2.1ms)[0m   [0;1mSELECT count(*) AS count_all FROM "listings" WHERE ("listings".user_id = 25331) [0m
  [4;35;1mAnalyzing  Execution Time: 0.002398

[0m   [0mAggregate  (cost=1615.81..1615.82 rows=1 width=0)
   ->  Index Scan using index_listings_on_id_and_user_id_and_title on listings  (cost=0.00..1615.79 rows=4 width=0)
         Index Cond: (user_id = 25331)
[0m
  [4;36;1mListing Load (2.4ms)[0m   [0;1mSELECT * FROM "listings" WHERE ("listings".user_id = 25331) [0m
  [4;35;1mAnalyzing Listing Load Execution Time: 0.152183

[0m   [0mIndex Scan using index_listings_on_id_and_user_id_and_title on listings  (cost=0.00..1615.79 rows=4 width=1172)
   Index Cond: (user_id = 25331)
[0m
  [4;36;1mSQL (149.7ms)[0m   [0;1mSELECT count(*) AS count_all FROM "impressions" WHERE ("impressions".listing_id = 68082) [0m
  [4;35;1mAnalyzing  Execution Time: 0.149989

[0m   [0mAggregate  (cost=12714.08..12714.09 rows=1 width=0)
   ->  Seq Scan on impressions  (cost=0.00..12714.00 rows=31 width=0)
         Filter: (listing_id = 68082)
[0m
  [4;36;1mSQL (9.4ms)[0m   [0;1mSELECT count(*) AS count_all FROM "clicks" WHERE ("clicks".listing_id = 68082) [0m
  [4;35;1mAnalyzing  Execution Time: 0.009699

[0m   [0mAggregate  (cost=814.49..814.50 rows=1 width=0)
   ->  Seq Scan on clicks  (cost=0.00..814.46 rows=11 width=0)
         Filter: (listing_id = 68082)
[0m
  [4;36;1mSQL (2.4ms)[0m   [0;1mSELECT count(*) AS count_all FROM "listings" WHERE ("listings".user_id = 25330) [0m
  [4;35;1mAnalyzing  Execution Time: 0.002693

[0m   [0mAggregate  (cost=1615.81..1615.82 rows=1 width=0)
   ->  Index Scan using index_listings_on_id_and_user_id_and_title on listings  (cost=0.00..1615.79 rows=4 width=0)
         Index Cond: (user_id = 25330)
[0m
  [4;36;1mListing Load (2.1ms)[0m   [0;1mSELECT * FROM "listings" WHERE ("listings".user_id = 25330) [0m
  [4;35;1mAnalyzing Listing Load Execution Time: 0.002846

[0m   [0mIndex Scan using index_listings_on_id_and_user_id_and_title on listings  (cost=0.00..1615.79 rows=4 width=1172)
   Index Cond: (user_id = 25330)
[0m
  [4;36;1mSQL (157.6ms)[0m   [0;1mSELECT count(*) AS count_all FROM "impressions" WHERE ("impressions".listing_id = 113055) [0m
  [4;35;1mAnalyzing  Execution Time: 0.157907

[0m   [0mAggregate  (cost=12714.08..12714.09 rows=1 width=0)
   ->  Seq Scan on impressions  (cost=0.00..12714.00 rows=31 width=0)
         Filter: (listing_id = 113055)
[0m
  [4;36;1mSQL (8.4ms)[0m   [0;1mSELECT count(*) AS count_all FROM "clicks" WHERE ("clicks".listing_id = 113055) [0m
  [4;35;1mAnalyzing  Execution Time: 0.008676

[0m   [0mAggregate  (cost=814.47..814.48 rows=1 width=0)
   ->  Seq Scan on clicks  (cost=0.00..814.46 rows=2 width=0)
         Filter: (listing_id = 113055)
[0m
  [4;36;1mSQL (2.6ms)[0m   [0;1mSELECT count(*) AS count_all FROM "listings" WHERE ("listings".user_id = 25329) [0m
  [4;35;1mAnalyzing  Execution Time: 0.002944

[0m   [0mAggregate  (cost=1615.81..1615.82 rows=1 width=0)
   ->  Index Scan using index_listings_on_id_and_user_id_and_title on listings  (cost=0.00..1615.79 rows=4 width=0)
         Index Cond: (user_id = 25329)
[0m
  [4;36;1mListing Load (2.8ms)[0m   [0;1mSELECT * FROM "listings" WHERE ("listings".user_id = 25329) [0m
  [4;35;1mAnalyzing Listing Load Execution Time: 0.005232

[0m   [0mIndex Scan using index_listings_on_id_and_user_id_and_title on listings  (cost=0.00..1615.79 rows=4 width=1172)
   Index Cond: (user_id = 25329)
[0m
  [4;36;1mSQL (158.7ms)[0m   [0;1mSELECT count(*) AS count_all FROM "impressions" WHERE ("impressions".listing_id = 89656) [0m
  [4;35;1mAnalyzing  Execution Time: 0.159027

[0m   [0mAggregate  (cost=12714.08..12714.09 rows=1 width=0)
   ->  Seq Scan on impressions  (cost=0.00..12714.00 rows=31 width=0)
         Filter: (listing_id = 89656)
[0m
  [4;36;1mSQL (152.4ms)[0m   [0;1mSELECT count(*) AS count_all FROM "impressions" WHERE ("impressions".listing_id = 89657) [0m
  [4;35;1mAnalyzing  Execution Time: 0.152636

[0m   [0mAggregate  (cost=12714.08..12714.09 rows=1 width=0)
   ->  Seq Scan on impressions  (cost=0.00..12714.00 rows=31 width=0)
         Filter: (listing_id = 89657)
[0m
  [4;36;1mSQL (9.5ms)[0m   [0;1mSELECT count(*) AS count_all FROM "clicks" WHERE ("clicks".listing_id = 89656) [0m
  [4;35;1mAnalyzing  Execution Time: 0.009786

[0m   [0mAggregate  (cost=814.47..814.48 rows=1 width=0)
   ->  Seq Scan on clicks  (cost=0.00..814.46 rows=2 width=0)
         Filter: (listing_id = 89656)
[0m
  [4;36;1mSQL (9.7ms)[0m   [0;1mSELECT count(*) AS count_all FROM "clicks" WHERE ("clicks".listing_id = 89657) [0m
  [4;35;1mAnalyzing  Execution Time: 0.00993

[0m   [0mAggregate  (cost=814.47..814.48 rows=1 width=0)
   ->  Seq Scan on clicks  (cost=0.00..814.46 rows=2 width=0)
         Filter: (listing_id = 89657)
[0m
  [4;36;1mSQL (1.9ms)[0m   [0;1mSELECT count(*) AS count_all FROM "listings" WHERE ("listings".user_id = 25328) [0m
  [4;35;1mAnalyzing  Execution Time: 0.002143

[0m   [0mAggregate  (cost=1615.81..1615.82 rows=1 width=0)
   ->  Index Scan using index_listings_on_id_and_user_id_and_title on listings  (cost=0.00..1615.79 rows=4 width=0)
         Index Cond: (user_id = 25328)
[0m
  [4;36;1mListing Load (2.0ms)[0m   [0;1mSELECT * FROM "listings" WHERE ("listings".user_id = 25328) [0m
  [4;35;1mAnalyzing Listing Load Execution Time: 0.0027

[0m   [0mIndex Scan using index_listings_on_id_and_user_id_and_title on listings  (cost=0.00..1615.79 rows=4 width=1172)
   Index Cond: (user_id = 25328)
[0m
  [4;36;1mSQL (146.5ms)[0m   [0;1mSELECT count(*) AS count_all FROM "impressions" WHERE ("impressions".listing_id = 113054) [0m
  [4;35;1mAnalyzing  Execution Time: 0.146754

[0m   [0mAggregate  (cost=12714.08..12714.09 rows=1 width=0)
   ->  Seq Scan on impressions  (cost=0.00..12714.00 rows=31 width=0)
         Filter: (listing_id = 113054)
[0m
  [4;36;1mSQL (9.7ms)[0m   [0;1mSELECT count(*) AS count_all FROM "clicks" WHERE ("clicks".listing_id = 113054) [0m
  [4;35;1mAnalyzing  Execution Time: 0.009961

[0m   [0mAggregate  (cost=814.47..814.48 rows=1 width=0)
   ->  Seq Scan on clicks  (cost=0.00..814.46 rows=2 width=0)
         Filter: (listing_id = 113054)
[0m
  [4;36;1mSQL (2.0ms)[0m   [0;1mSELECT count(*) AS count_all FROM "listings" WHERE ("listings".user_id = 25327) [0m
  [4;35;1mAnalyzing  Execution Time: 0.002226

[0m   [0mAggregate  (cost=1615.81..1615.82 rows=1 width=0)
   ->  Index Scan using index_listings_on_id_and_user_id_and_title on listings  (cost=0.00..1615.79 rows=4 width=0)
         Index Cond: (user_id = 25327)
[0m
  [4;36;1mListing Load (2.1ms)[0m   [0;1mSELECT * FROM "listings" WHERE ("listings".user_id = 25327) [0m
  [4;35;1mAnalyzing Listing Load Execution Time: 0.002874

[0m   [0mIndex Scan using index_listings_on_id_and_user_id_and_title on listings  (cost=0.00..1615.79 rows=4 width=1172)
   Index Cond: (user_id = 25327)
[0m
  [4;36;1mSQL (168.6ms)[0m   [0;1mSELECT count(*) AS count_all FROM "impressions" WHERE ("impressions".listing_id = 68557) [0m
  [4;35;1mAnalyzing  Execution Time: 0.168899

[0m   [0mAggregate  (cost=12714.08..12714.09 rows=1 width=0)
   ->  Seq Scan on impressions  (cost=0.00..12714.00 rows=31 width=0)
         Filter: (listing_id = 68557)
[0m
  [4;36;1mSQL (10.7ms)[0m   [0;1mSELECT count(*) AS count_all FROM "clicks" WHERE ("clicks".listing_id = 68557) [0m
  [4;35;1mAnalyzing  Execution Time: 0.010962

[0m   [0mAggregate  (cost=814.47..814.48 rows=1 width=0)
   ->  Seq Scan on clicks  (cost=0.00..814.46 rows=2 width=0)
         Filter: (listing_id = 68557)
[0m
  [4;36;1mSQL (2.2ms)[0m   [0;1mSELECT count(*) AS count_all FROM "listings" WHERE ("listings".user_id = 25326) [0m
  [4;35;1mAnalyzing  Execution Time: 0.002467

[0m   [0mAggregate  (cost=1615.81..1615.82 rows=1 width=0)
   ->  Index Scan using index_listings_on_id_and_user_id_and_title on listings  (cost=0.00..1615.79 rows=4 width=0)
         Index Cond: (user_id = 25326)
[0m
  [4;36;1mListing Load (2.0ms)[0m   [0;1mSELECT * FROM "listings" WHERE ("listings".user_id = 25326) [0m
  [4;35;1mAnalyzing Listing Load Execution Time: 0.002768

[0m   [0mIndex Scan using index_listings_on_id_and_user_id_and_title on listings  (cost=0.00..1615.79 rows=4 width=1172)
   Index Cond: (user_id = 25326)
[0m
  [4;36;1mSQL (147.7ms)[0m   [0;1mSELECT count(*) AS count_all FROM "impressions" WHERE ("impressions".listing_id = 113053) [0m
  [4;35;1mAnalyzing  Execution Time: 0.147992

[0m   [0mAggregate  (cost=12714.08..12714.09 rows=1 width=0)
   ->  Seq Scan on impressions  (cost=0.00..12714.00 rows=31 width=0)
         Filter: (listing_id = 113053)
[0m
  [4;36;1mSQL (9.8ms)[0m   [0;1mSELECT count(*) AS count_all FROM "clicks" WHERE ("clicks".listing_id = 113053) [0m
  [4;35;1mAnalyzing  Execution Time: 0.010085

[0m   [0mAggregate  (cost=814.47..814.48 rows=1 width=0)
   ->  Seq Scan on clicks  (cost=0.00..814.46 rows=2 width=0)
         Filter: (listing_id = 113053)
[0m
  [4;36;1mSQL (2.4ms)[0m   [0;1mSELECT count(*) AS count_all FROM "listings" WHERE ("listings".user_id = 25325) [0m
  [4;35;1mAnalyzing  Execution Time: 0.00265

[0m   [0mAggregate  (cost=1615.81..1615.82 rows=1 width=0)
   ->  Index Scan using index_listings_on_id_and_user_id_and_title on listings  (cost=0.00..1615.79 rows=4 width=0)
         Index Cond: (user_id = 25325)
[0m
  [4;36;1mListing Load (2.0ms)[0m   [0;1mSELECT * FROM "listings" WHERE ("listings".user_id = 25325) [0m
  [4;35;1mAnalyzing Listing Load Execution Time: 0.002742

[0m   [0mIndex Scan using index_listings_on_id_and_user_id_and_title on listings  (cost=0.00..1615.79 rows=4 width=1172)
   Index Cond: (user_id = 25325)
[0m
  [4;36;1mSQL (147.3ms)[0m   [0;1mSELECT count(*) AS count_all FROM "impressions" WHERE ("impressions".listing_id = 78830) [0m
  [4;35;1mAnalyzing  Execution Time: 0.147525

[0m   [0mAggregate  (cost=12714.08..12714.09 rows=1 width=0)
   ->  Seq Scan on impressions  (cost=0.00..12714.00 rows=31 width=0)
         Filter: (listing_id = 78830)
[0m
  [4;36;1mSQL (8.8ms)[0m   [0;1mSELECT count(*) AS count_all FROM "clicks" WHERE ("clicks".listing_id = 78830) [0m
  [4;35;1mAnalyzing  Execution Time: 0.009022

[0m   [0mAggregate  (cost=814.47..814.48 rows=1 width=0)
   ->  Seq Scan on clicks  (cost=0.00..814.46 rows=2 width=0)
         Filter: (listing_id = 78830)
[0m
  [4;36;1mSQL (1.9ms)[0m   [0;1mSELECT count(*) AS count_all FROM "listings" WHERE ("listings".user_id = 25324) [0m
  [4;35;1mAnalyzing  Execution Time: 0.002123

[0m   [0mAggregate  (cost=1615.81..1615.82 rows=1 width=0)
   ->  Index Scan using index_listings_on_id_and_user_id_and_title on listings  (cost=0.00..1615.79 rows=4 width=0)
         Index Cond: (user_id = 25324)
[0m
  [4;36;1mListing Load (2.0ms)[0m   [0;1mSELECT * FROM "listings" WHERE ("listings".user_id = 25324) [0m
  [4;35;1mAnalyzing Listing Load Execution Time: 0.002719

[0m   [0mIndex Scan using index_listings_on_id_and_user_id_and_title on listings  (cost=0.00..1615.79 rows=4 width=1172)
   Index Cond: (user_id = 25324)
[0m
  [4;36;1mSQL (147.9ms)[0m   [0;1mSELECT count(*) AS count_all FROM "impressions" WHERE ("impressions".listing_id = 113052) [0m
  [4;35;1mAnalyzing  Execution Time: 0.1482

[0m   [0mAggregate  (cost=12714.08..12714.09 rows=1 width=0)
   ->  Seq Scan on impressions  (cost=0.00..12714.00 rows=31 width=0)
         Filter: (listing_id = 113052)
[0m
  [4;36;1mSQL (8.5ms)[0m   [0;1mSELECT count(*) AS count_all FROM "clicks" WHERE ("clicks".listing_id = 113052) [0m
  [4;35;1mAnalyzing  Execution Time: 0.00874

[0m   [0mAggregate  (cost=814.47..814.48 rows=1 width=0)
   ->  Seq Scan on clicks  (cost=0.00..814.46 rows=2 width=0)
         Filter: (listing_id = 113052)
[0m
  [4;36;1mSQL (2.0ms)[0m   [0;1mSELECT count(*) AS count_all FROM "listings" WHERE ("listings".user_id = 25323) [0m
  [4;35;1mAnalyzing  Execution Time: 0.002272

[0m   [0mAggregate  (cost=1615.81..1615.82 rows=1 width=0)
   ->  Index Scan using index_listings_on_id_and_user_id_and_title on listings  (cost=0.00..1615.79 rows=4 width=0)
         Index Cond: (user_id = 25323)
[0m
  [4;36;1mListing Load (2.1ms)[0m   [0;1mSELECT * FROM "listings" WHERE ("listings".user_id = 25323) [0m
  [4;35;1mAnalyzing Listing Load Execution Time: 0.00635

[0m   [0mIndex Scan using index_listings_on_id_and_user_id_and_title on listings  (cost=0.00..1615.79 rows=4 width=1172)
   Index Cond: (user_id = 25323)
[0m
  [4;36;1mSQL (151.8ms)[0m   [0;1mSELECT count(*) AS count_all FROM "impressions" WHERE ("impressions".listing_id = 76838) [0m
  [4;35;1mAnalyzing  Execution Time: 0.152008

[0m   [0mAggregate  (cost=12714.08..12714.09 rows=1 width=0)
   ->  Seq Scan on impressions  (cost=0.00..12714.00 rows=31 width=0)
         Filter: (listing_id = 76838)
[0m
  [4;36;1mSQL (155.3ms)[0m   [0;1mSELECT count(*) AS count_all FROM "impressions" WHERE ("impressions".listing_id = 79727) [0m
  [4;35;1mAnalyzing  Execution Time: 0.155544

[0m   [0mAggregate  (cost=12714.08..12714.09 rows=1 width=0)
   ->  Seq Scan on impressions  (cost=0.00..12714.00 rows=31 width=0)
         Filter: (listing_id = 79727)
[0m
  [4;36;1mSQL (151.3ms)[0m   [0;1mSELECT count(*) AS count_all FROM "impressions" WHERE ("impressions".listing_id = 79728) [0m
  [4;35;1mAnalyzing  Execution Time: 0.151592

[0m   [0mAggregate  (cost=12714.08..12714.09 rows=1 width=0)
   ->  Seq Scan on impressions  (cost=0.00..12714.00 rows=31 width=0)
         Filter: (listing_id = 79728)
[0m
  [4;36;1mSQL (161.6ms)[0m   [0;1mSELECT count(*) AS count_all FROM "impressions" WHERE ("impressions".listing_id = 81168) [0m
  [4;35;1mAnalyzing  Execution Time: 0.161905

[0m   [0mAggregate  (cost=12714.08..12714.09 rows=1 width=0)
   ->  Seq Scan on impressions  (cost=0.00..12714.00 rows=31 width=0)
         Filter: (listing_id = 81168)
[0m
  [4;36;1mSQL (143.2ms)[0m   [0;1mSELECT count(*) AS count_all FROM "impressions" WHERE ("impressions".listing_id = 105586) [0m
  [4;35;1mAnalyzing  Execution Time: 0.143622

[0m   [0mAggregate  (cost=12714.08..12714.09 rows=1 width=0)
   ->  Seq Scan on impressions  (cost=0.00..12714.00 rows=31 width=0)
         Filter: (listing_id = 105586)
[0m
  [4;36;1mSQL (142.5ms)[0m   [0;1mSELECT count(*) AS count_all FROM "impressions" WHERE ("impressions".listing_id = 105587) [0m
  [4;35;1mAnalyzing  Execution Time: 0.142779

[0m   [0mAggregate  (cost=12714.08..12714.09 rows=1 width=0)
   ->  Seq Scan on impressions  (cost=0.00..12714.00 rows=31 width=0)
         Filter: (listing_id = 105587)
[0m
  [4;36;1mSQL (156.0ms)[0m   [0;1mSELECT count(*) AS count_all FROM "impressions" WHERE ("impressions".listing_id = 105588) [0m
  [4;35;1mAnalyzing  Execution Time: 0.156257

[0m   [0mAggregate  (cost=12714.08..12714.09 rows=1 width=0)
   ->  Seq Scan on impressions  (cost=0.00..12714.00 rows=31 width=0)
         Filter: (listing_id = 105588)
[0m
  [4;36;1mSQL (157.6ms)[0m   [0;1mSELECT count(*) AS count_all FROM "impressions" WHERE ("impressions".listing_id = 105590) [0m
  [4;35;1mAnalyzing  Execution Time: 0.157942

[0m   [0mAggregate  (cost=12714.08..12714.09 rows=1 width=0)
   ->  Seq Scan on impressions  (cost=0.00..12714.00 rows=31 width=0)
         Filter: (listing_id = 105590)
[0m
  [4;36;1mSQL (13.0ms)[0m   [0;1mSELECT count(*) AS count_all FROM "clicks" WHERE ("clicks".listing_id = 76838) [0m
  [4;35;1mAnalyzing  Execution Time: 0.013284

[0m   [0mAggregate  (cost=814.47..814.48 rows=1 width=0)
   ->  Seq Scan on clicks  (cost=0.00..814.46 rows=2 width=0)
         Filter: (listing_id = 76838)
[0m
  [4;36;1mSQL (8.4ms)[0m   [0;1mSELECT count(*) AS count_all FROM "clicks" WHERE ("clicks".listing_id = 79727) [0m
  [4;35;1mAnalyzing  Execution Time: 0.008669

[0m   [0mAggregate  (cost=814.47..814.48 rows=1 width=0)
   ->  Seq Scan on clicks  (cost=0.00..814.46 rows=2 width=0)
         Filter: (listing_id = 79727)
[0m
  [4;36;1mSQL (10.0ms)[0m   [0;1mSELECT count(*) AS count_all FROM "clicks" WHERE ("clicks".listing_id = 79728) [0m
  [4;35;1mAnalyzing  Execution Time: 0.010253

[0m   [0mAggregate  (cost=814.47..814.48 rows=1 width=0)
   ->  Seq Scan on clicks  (cost=0.00..814.46 rows=2 width=0)
         Filter: (listing_id = 79728)
[0m
  [4;36;1mSQL (8.7ms)[0m   [0;1mSELECT count(*) AS count_all FROM "clicks" WHERE ("clicks".listing_id = 81168) [0m
  [4;35;1mAnalyzing  Execution Time: 0.008896

[0m   [0mAggregate  (cost=814.47..814.48 rows=1 width=0)
   ->  Seq Scan on clicks  (cost=0.00..814.46 rows=2 width=0)
         Filter: (listing_id = 81168)
[0m
  [4;36;1mSQL (8.4ms)[0m   [0;1mSELECT count(*) AS count_all FROM "clicks" WHERE ("clicks".listing_id = 105586) [0m
  [4;35;1mAnalyzing  Execution Time: 0.00864

[0m   [0mAggregate  (cost=814.49..814.50 rows=1 width=0)
   ->  Seq Scan on clicks  (cost=0.00..814.46 rows=10 width=0)
         Filter: (listing_id = 105586)
[0m
  [4;36;1mSQL (11.5ms)[0m   [0;1mSELECT count(*) AS count_all FROM "clicks" WHERE ("clicks".listing_id = 105587) [0m
  [4;35;1mAnalyzing  Execution Time: 0.011714

[0m   [0mAggregate  (cost=814.47..814.48 rows=1 width=0)
   ->  Seq Scan on clicks  (cost=0.00..814.46 rows=2 width=0)
         Filter: (listing_id = 105587)
[0m
  [4;36;1mSQL (8.7ms)[0m   [0;1mSELECT count(*) AS count_all FROM "clicks" WHERE ("clicks".listing_id = 105588) [0m
  [4;35;1mAnalyzing  Execution Time: 0.00898

[0m   [0mAggregate  (cost=814.47..814.48 rows=1 width=0)
   ->  Seq Scan on clicks  (cost=0.00..814.46 rows=2 width=0)
         Filter: (listing_id = 105588)
[0m
  [4;36;1mSQL (8.5ms)[0m   [0;1mSELECT count(*) AS count_all FROM "clicks" WHERE ("clicks".listing_id = 105590) [0m
  [4;35;1mAnalyzing  Execution Time: 0.008808

[0m   [0mAggregate  (cost=814.51..814.52 rows=1 width=0)
   ->  Seq Scan on clicks  (cost=0.00..814.46 rows=19 width=0)
         Filter: (listing_id = 105590)
[0m
  [4;36;1mSQL (6.2ms)[0m   [0;1mSELECT count(*) AS count_all FROM "listings" WHERE ("listings".user_id = 25322) [0m
  [4;35;1mAnalyzing  Execution Time: 0.006512

[0m   [0mAggregate  (cost=1615.81..1615.82 rows=1 width=0)
   ->  Index Scan using index_listings_on_id_and_user_id_and_title on listings  (cost=0.00..1615.79 rows=4 width=0)
         Index Cond: (user_id = 25322)
[0m
  [4;36;1mListing Load (2.2ms)[0m   [0;1mSELECT * FROM "listings" WHERE ("listings".user_id = 25322) [0m
  [4;35;1mAnalyzing Listing Load Execution Time: 0.00296

[0m   [0mIndex Scan using index_listings_on_id_and_user_id_and_title on listings  (cost=0.00..1615.79 rows=4 width=1172)
   Index Cond: (user_id = 25322)
[0m
  [4;36;1mSQL (150.8ms)[0m   [0;1mSELECT count(*) AS count_all FROM "impressions" WHERE ("impressions".listing_id = 113051) [0m
  [4;35;1mAnalyzing  Execution Time: 0.151037

[0m   [0mAggregate  (cost=12714.08..12714.09 rows=1 width=0)
   ->  Seq Scan on impressions  (cost=0.00..12714.00 rows=31 width=0)
         Filter: (listing_id = 113051)
[0m
  [4;36;1mSQL (11.3ms)[0m   [0;1mSELECT count(*) AS count_all FROM "clicks" WHERE ("clicks".listing_id = 113051) [0m
  [4;35;1mAnalyzing  Execution Time: 0.0116

[0m   [0mAggregate  (cost=814.49..814.50 rows=1 width=0)
   ->  Seq Scan on clicks  (cost=0.00..814.46 rows=8 width=0)
         Filter: (listing_id = 113051)
[0m
  [4;36;1mSQL (1.9ms)[0m   [0;1mSELECT count(*) AS count_all FROM "listings" WHERE ("listings".user_id = 25320) [0m
  [4;35;1mAnalyzing  Execution Time: 0.002152

[0m   [0mAggregate  (cost=1615.81..1615.82 rows=1 width=0)
   ->  Index Scan using index_listings_on_id_and_user_id_and_title on listings  (cost=0.00..1615.79 rows=4 width=0)
         Index Cond: (user_id = 25320)
[0m
  [4;36;1mListing Load (2.0ms)[0m   [0;1mSELECT * FROM "listings" WHERE ("listings".user_id = 25320) [0m
  [4;35;1mAnalyzing Listing Load Execution Time: 0.00268

[0m   [0mIndex Scan using index_listings_on_id_and_user_id_and_title on listings  (cost=0.00..1615.79 rows=4 width=1172)
   Index Cond: (user_id = 25320)
[0m
  [4;36;1mSQL (148.6ms)[0m   [0;1mSELECT count(*) AS count_all FROM "impressions" WHERE ("impressions".listing_id = 113049) [0m
  [4;35;1mAnalyzing  Execution Time: 0.14884

[0m   [0mAggregate  (cost=12714.08..12714.09 rows=1 width=0)
   ->  Seq Scan on impressions  (cost=0.00..12714.00 rows=31 width=0)
         Filter: (listing_id = 113049)
[0m
  [4;36;1mSQL (9.2ms)[0m   [0;1mSELECT count(*) AS count_all FROM "clicks" WHERE ("clicks".listing_id = 113049) [0m
  [4;35;1mAnalyzing  Execution Time: 0.009481

[0m   [0mAggregate  (cost=814.47..814.48 rows=1 width=0)
   ->  Seq Scan on clicks  (cost=0.00..814.46 rows=2 width=0)
         Filter: (listing_id = 113049)
[0m
  [4;36;1mSQL (2.5ms)[0m   [0;1mSELECT count(*) AS count_all FROM "listings" WHERE ("listings".user_id = 25319) [0m
  [4;35;1mAnalyzing  Execution Time: 0.002741

[0m   [0mAggregate  (cost=1615.81..1615.82 rows=1 width=0)
   ->  Index Scan using index_listings_on_id_and_user_id_and_title on listings  (cost=0.00..1615.79 rows=4 width=0)
         Index Cond: (user_id = 25319)
[0m
  [4;36;1mListing Load (2.1ms)[0m   [0;1mSELECT * FROM "listings" WHERE ("listings".user_id = 25319) [0m
  [4;35;1mAnalyzing Listing Load Execution Time: 0.003887

[0m   [0mIndex Scan using index_listings_on_id_and_user_id_and_title on listings  (cost=0.00..1615.79 rows=4 width=1172)
   Index Cond: (user_id = 25319)
[0m
  [4;36;1mSQL (161.1ms)[0m   [0;1mSELECT count(*) AS count_all FROM "impressions" WHERE ("impressions".listing_id = 77593) [0m
  [4;35;1mAnalyzing  Execution Time: 0.161346

[0m   [0mAggregate  (cost=12714.08..12714.09 rows=1 width=0)
   ->  Seq Scan on impressions  (cost=0.00..12714.00 rows=31 width=0)
         Filter: (listing_id = 77593)
[0m
  [4;36;1mSQL (160.2ms)[0m   [0;1mSELECT count(*) AS count_all FROM "impressions" WHERE ("impressions".listing_id = 81560) [0m
  [4;35;1mAnalyzing  Execution Time: 0.160453

[0m   [0mAggregate  (cost=12714.08..12714.09 rows=1 width=0)
   ->  Seq Scan on impressions  (cost=0.00..12714.00 rows=31 width=0)
         Filter: (listing_id = 81560)
[0m
  [4;36;1mSQL (164.1ms)[0m   [0;1mSELECT count(*) AS count_all FROM "impressions" WHERE ("impressions".listing_id = 88581) [0m
  [4;35;1mAnalyzing  Execution Time: 0.164334

[0m   [0mAggregate  (cost=12714.08..12714.09 rows=1 width=0)
   ->  Seq Scan on impressions  (cost=0.00..12714.00 rows=31 width=0)
         Filter: (listing_id = 88581)
[0m
  [4;36;1mSQL (160.6ms)[0m   [0;1mSELECT count(*) AS count_all FROM "impressions" WHERE ("impressions".listing_id = 95256) [0m
  [4;35;1mAnalyzing  Execution Time: 0.160902

[0m   [0mAggregate  (cost=12714.08..12714.09 rows=1 width=0)
   ->  Seq Scan on impressions  (cost=0.00..12714.00 rows=31 width=0)
         Filter: (listing_id = 95256)
[0m
  [4;36;1mSQL (8.5ms)[0m   [0;1mSELECT count(*) AS count_all FROM "clicks" WHERE ("clicks".listing_id = 77593) [0m
  [4;35;1mAnalyzing  Execution Time: 0.008816

[0m   [0mAggregate  (cost=814.47..814.48 rows=1 width=0)
   ->  Seq Scan on clicks  (cost=0.00..814.46 rows=2 width=0)
         Filter: (listing_id = 77593)
[0m
  [4;36;1mSQL (8.8ms)[0m   [0;1mSELECT count(*) AS count_all FROM "clicks" WHERE ("clicks".listing_id = 81560) [0m
  [4;35;1mAnalyzing  Execution Time: 0.009083

[0m   [0mAggregate  (cost=814.47..814.48 rows=1 width=0)
   ->  Seq Scan on clicks  (cost=0.00..814.46 rows=2 width=0)
         Filter: (listing_id = 81560)
[0m
  [4;36;1mSQL (9.7ms)[0m   [0;1mSELECT count(*) AS count_all FROM "clicks" WHERE ("clicks".listing_id = 88581) [0m
  [4;35;1mAnalyzing  Execution Time: 0.009913

[0m   [0mAggregate  (cost=814.47..814.48 rows=1 width=0)
   ->  Seq Scan on clicks  (cost=0.00..814.46 rows=2 width=0)
         Filter: (listing_id = 88581)
[0m
  [4;36;1mSQL (8.4ms)[0m   [0;1mSELECT count(*) AS count_all FROM "clicks" WHERE ("clicks".listing_id = 95256) [0m
  [4;35;1mAnalyzing  Execution Time: 0.008695

[0m   [0mAggregate  (cost=814.47..814.48 rows=1 width=0)
   ->  Seq Scan on clicks  (cost=0.00..814.46 rows=2 width=0)
         Filter: (listing_id = 95256)
[0m
  [4;36;1mSQL (2.1ms)[0m   [0;1mSELECT count(*) AS count_all FROM "listings" WHERE ("listings".user_id = 25318) [0m
  [4;35;1mAnalyzing  Execution Time: 0.002348

[0m   [0mAggregate  (cost=1615.81..1615.82 rows=1 width=0)
   ->  Index Scan using index_listings_on_id_and_user_id_and_title on listings  (cost=0.00..1615.79 rows=4 width=0)
         Index Cond: (user_id = 25318)
[0m
  [4;36;1mListing Load (2.2ms)[0m   [0;1mSELECT * FROM "listings" WHERE ("listings".user_id = 25318) [0m
  [4;35;1mAnalyzing Listing Load Execution Time: 0.003024

[0m   [0mIndex Scan using index_listings_on_id_and_user_id_and_title on listings  (cost=0.00..1615.79 rows=4 width=1172)
   Index Cond: (user_id = 25318)
[0m
  [4;36;1mSQL (156.5ms)[0m   [0;1mSELECT count(*) AS count_all FROM "impressions" WHERE ("impressions".listing_id = 113048) [0m
  [4;35;1mAnalyzing  Execution Time: 0.156725

[0m   [0mAggregate  (cost=12714.08..12714.09 rows=1 width=0)
   ->  Seq Scan on impressions  (cost=0.00..12714.00 rows=31 width=0)
         Filter: (listing_id = 113048)
[0m
  [4;36;1mSQL (9.2ms)[0m   [0;1mSELECT count(*) AS count_all FROM "clicks" WHERE ("clicks".listing_id = 113048) [0m
  [4;35;1mAnalyzing  Execution Time: 0.009469

[0m   [0mAggregate  (cost=814.47..814.48 rows=1 width=0)
   ->  Seq Scan on clicks  (cost=0.00..814.46 rows=2 width=0)
         Filter: (listing_id = 113048)
[0m
  [4;36;1mSQL (2.3ms)[0m   [0;1mSELECT count(*) AS count_all FROM "listings" WHERE ("listings".user_id = 25317) [0m
  [4;35;1mAnalyzing  Execution Time: 0.002559

[0m   [0mAggregate  (cost=1615.81..1615.82 rows=1 width=0)
   ->  Index Scan using index_listings_on_id_and_user_id_and_title on listings  (cost=0.00..1615.79 rows=4 width=0)
         Index Cond: (user_id = 25317)
[0m
  [4;36;1mListing Load (2.1ms)[0m   [0;1mSELECT * FROM "listings" WHERE ("listings".user_id = 25317) [0m
  [4;35;1mAnalyzing Listing Load Execution Time: 0.002796

[0m   [0mIndex Scan using index_listings_on_id_and_user_id_and_title on listings  (cost=0.00..1615.79 rows=4 width=1172)
   Index Cond: (user_id = 25317)
[0m
  [4;36;1mSQL (146.7ms)[0m   [0;1mSELECT count(*) AS count_all FROM "impressions" WHERE ("impressions".listing_id = 68610) [0m
  [4;35;1mAnalyzing  Execution Time: 0.146924

[0m   [0mAggregate  (cost=12714.08..12714.09 rows=1 width=0)
   ->  Seq Scan on impressions  (cost=0.00..12714.00 rows=31 width=0)
         Filter: (listing_id = 68610)
[0m
  [4;36;1mSQL (11.7ms)[0m   [0;1mSELECT count(*) AS count_all FROM "clicks" WHERE ("clicks".listing_id = 68610) [0m
  [4;35;1mAnalyzing  Execution Time: 0.011927

[0m   [0mAggregate  (cost=814.47..814.48 rows=1 width=0)
   ->  Seq Scan on clicks  (cost=0.00..814.46 rows=2 width=0)
         Filter: (listing_id = 68610)
[0m
  [4;36;1mSQL (2.1ms)[0m   [0;1mSELECT count(*) AS count_all FROM "listings" WHERE ("listings".user_id = 25314) [0m
  [4;35;1mAnalyzing  Execution Time: 0.002294

[0m   [0mAggregate  (cost=1615.81..1615.82 rows=1 width=0)
   ->  Index Scan using index_listings_on_id_and_user_id_and_title on listings  (cost=0.00..1615.79 rows=4 width=0)
         Index Cond: (user_id = 25314)
[0m
  [4;36;1mListing Load (2.2ms)[0m   [0;1mSELECT * FROM "listings" WHERE ("listings".user_id = 25314) [0m
  [4;35;1mAnalyzing Listing Load Execution Time: 0.00842

[0m   [0mIndex Scan using index_listings_on_id_and_user_id_and_title on listings  (cost=0.00..1615.79 rows=4 width=1172)
   Index Cond: (user_id = 25314)
[0m
  [4;36;1mSQL (153.8ms)[0m   [0;1mSELECT count(*) AS count_all FROM "impressions" WHERE ("impressions".listing_id = 67785) [0m
  [4;35;1mAnalyzing  Execution Time: 0.154069

[0m   [0mAggregate  (cost=12714.08..12714.09 rows=1 width=0)
   ->  Seq Scan on impressions  (cost=0.00..12714.00 rows=31 width=0)
         Filter: (listing_id = 67785)
[0m
  [4;36;1mSQL (149.2ms)[0m   [0;1mSELECT count(*) AS count_all FROM "impressions" WHERE ("impressions".listing_id = 70300) [0m
  [4;35;1mAnalyzing  Execution Time: 0.149426

[0m   [0mAggregate  (cost=12714.08..12714.09 rows=1 width=0)
   ->  Seq Scan on impressions  (cost=0.00..12714.00 rows=31 width=0)
         Filter: (listing_id = 70300)
[0m
  [4;36;1mSQL (158.2ms)[0m   [0;1mSELECT count(*) AS count_all FROM "impressions" WHERE ("impressions".listing_id = 86210) [0m
  [4;35;1mAnalyzing  Execution Time: 0.15847

[0m   [0mAggregate  (cost=12714.08..12714.09 rows=1 width=0)
   ->  Seq Scan on impressions  (cost=0.00..12714.00 rows=31 width=0)
         Filter: (listing_id = 86210)
[0m
  [4;36;1mSQL (161.1ms)[0m   [0;1mSELECT count(*) AS count_all FROM "impressions" WHERE ("impressions".listing_id = 86211) [0m
  [4;35;1mAnalyzing  Execution Time: 0.161396

[0m   [0mAggregate  (cost=12714.08..12714.09 rows=1 width=0)
   ->  Seq Scan on impressions  (cost=0.00..12714.00 rows=31 width=0)
         Filter: (listing_id = 86211)
[0m
  [4;36;1mSQL (193.4ms)[0m   [0;1mSELECT count(*) AS count_all FROM "impressions" WHERE ("impressions".listing_id = 86212) [0m
  [4;35;1mAnalyzing  Execution Time: 0.193713

[0m   [0mAggregate  (cost=12714.08..12714.09 rows=1 width=0)
   ->  Seq Scan on impressions  (cost=0.00..12714.00 rows=31 width=0)
         Filter: (listing_id = 86212)
[0m
  [4;36;1mSQL (144.4ms)[0m   [0;1mSELECT count(*) AS count_all FROM "impressions" WHERE ("impressions".listing_id = 86213) [0m
  [4;35;1mAnalyzing  Execution Time: 0.144648

[0m   [0mAggregate  (cost=12714.08..12714.09 rows=1 width=0)
   ->  Seq Scan on impressions  (cost=0.00..12714.00 rows=31 width=0)
         Filter: (listing_id = 86213)
[0m
  [4;36;1mSQL (149.7ms)[0m   [0;1mSELECT count(*) AS count_all FROM "impressions" WHERE ("impressions".listing_id = 86215) [0m
  [4;35;1mAnalyzing  Execution Time: 0.15002

[0m   [0mAggregate  (cost=12714.08..12714.09 rows=1 width=0)
   ->  Seq Scan on impressions  (cost=0.00..12714.00 rows=31 width=0)
         Filter: (listing_id = 86215)
[0m
  [4;36;1mSQL (153.8ms)[0m   [0;1mSELECT count(*) AS count_all FROM "impressions" WHERE ("impressions".listing_id = 86217) [0m
  [4;35;1mAnalyzing  Execution Time: 0.154055

[0m   [0mAggregate  (cost=12714.08..12714.09 rows=1 width=0)
   ->  Seq Scan on impressions  (cost=0.00..12714.00 rows=31 width=0)
         Filter: (listing_id = 86217)
[0m
  [4;36;1mSQL (148.4ms)[0m   [0;1mSELECT count(*) AS count_all FROM "impressions" WHERE ("impressions".listing_id = 86218) [0m
  [4;35;1mAnalyzing  Execution Time: 0.148666

[0m   [0mAggregate  (cost=12714.08..12714.09 rows=1 width=0)
   ->  Seq Scan on impressions  (cost=0.00..12714.00 rows=31 width=0)
         Filter: (listing_id = 86218)
[0m
  [4;36;1mSQL (140.5ms)[0m   [0;1mSELECT count(*) AS count_all FROM "impressions" WHERE ("impressions".listing_id = 86219) [0m
  [4;35;1mAnalyzing  Execution Time: 0.140757

[0m   [0mAggregate  (cost=12714.08..12714.09 rows=1 width=0)
   ->  Seq Scan on impressions  (cost=0.00..12714.00 rows=31 width=0)
         Filter: (listing_id = 86219)
[0m
  [4;36;1mSQL (159.6ms)[0m   [0;1mSELECT count(*) AS count_all FROM "impressions" WHERE ("impressions".listing_id = 86220) [0m
  [4;35;1mAnalyzing  Execution Time: 0.159961

[0m   [0mAggregate  (cost=12714.08..12714.09 rows=1 width=0)
   ->  Seq Scan on impressions  (cost=0.00..12714.00 rows=31 width=0)
         Filter: (listing_id = 86220)
[0m
  [4;36;1mSQL (165.1ms)[0m   [0;1mSELECT count(*) AS count_all FROM "impressions" WHERE ("impressions".listing_id = 86221) [0m
  [4;35;1mAnalyzing  Execution Time: 0.16537

[0m   [0mAggregate  (cost=12714.08..12714.09 rows=1 width=0)
   ->  Seq Scan on impressions  (cost=0.00..12714.00 rows=31 width=0)
         Filter: (listing_id = 86221)
[0m
  [4;36;1mSQL (151.1ms)[0m   [0;1mSELECT count(*) AS count_all FROM "impressions" WHERE ("impressions".listing_id = 86222) [0m
  [4;35;1mAnalyzing  Execution Time: 0.151345

[0m   [0mAggregate  (cost=12714.08..12714.09 rows=1 width=0)
   ->  Seq Scan on impressions  (cost=0.00..12714.00 rows=31 width=0)
         Filter: (listing_id = 86222)
[0m
  [4;36;1mSQL (146.7ms)[0m   [0;1mSELECT count(*) AS count_all FROM "impressions" WHERE ("impressions".listing_id = 86223) [0m
  [4;35;1mAnalyzing  Execution Time: 0.146964

[0m   [0mAggregate  (cost=12714.08..12714.09 rows=1 width=0)
   ->  Seq Scan on impressions  (cost=0.00..12714.00 rows=31 width=0)
         Filter: (listing_id = 86223)
[0m
  [4;36;1mSQL (146.0ms)[0m   [0;1mSELECT count(*) AS count_all FROM "impressions" WHERE ("impressions".listing_id = 86224) [0m
  [4;35;1mAnalyzing  Execution Time: 0.146241

[0m   [0mAggregate  (cost=12714.08..12714.09 rows=1 width=0)
   ->  Seq Scan on impressions  (cost=0.00..12714.00 rows=31 width=0)
         Filter: (listing_id = 86224)
[0m
  [4;36;1mSQL (146.4ms)[0m   [0;1mSELECT count(*) AS count_all FROM "impressions" WHERE ("impressions".listing_id = 86225) [0m
  [4;35;1mAnalyzing  Execution Time: 0.14666

[0m   [0mAggregate  (cost=12714.08..12714.09 rows=1 width=0)
   ->  Seq Scan on impressions  (cost=0.00..12714.00 rows=31 width=0)
         Filter: (listing_id = 86225)
[0m
  [4;36;1mSQL (13.0ms)[0m   [0;1mSELECT count(*) AS count_all FROM "clicks" WHERE ("clicks".listing_id = 67785) [0m
  [4;35;1mAnalyzing  Execution Time: 0.013232

[0m   [0mAggregate  (cost=814.47..814.48 rows=1 width=0)
   ->  Seq Scan on clicks  (cost=0.00..814.46 rows=2 width=0)
         Filter: (listing_id = 67785)
[0m
  [4;36;1mSQL (9.3ms)[0m   [0;1mSELECT count(*) AS count_all FROM "clicks" WHERE ("clicks".listing_id = 70300) [0m
  [4;35;1mAnalyzing  Execution Time: 0.009947

[0m   [0mAggregate  (cost=814.47..814.48 rows=1 width=0)
   ->  Seq Scan on clicks  (cost=0.00..814.46 rows=2 width=0)
         Filter: (listing_id = 70300)
[0m
  [4;36;1mSQL (8.4ms)[0m   [0;1mSELECT count(*) AS count_all FROM "clicks" WHERE ("clicks".listing_id = 86210) [0m
  [4;35;1mAnalyzing  Execution Time: 0.00864

[0m   [0mAggregate  (cost=814.47..814.48 rows=1 width=0)
   ->  Seq Scan on clicks  (cost=0.00..814.46 rows=2 width=0)
         Filter: (listing_id = 86210)
[0m
  [4;36;1mSQL (9.8ms)[0m   [0;1mSELECT count(*) AS count_all FROM "clicks" WHERE ("clicks".listing_id = 86211) [0m
  [4;35;1mAnalyzing  Execution Time: 0.010081

[0m   [0mAggregate  (cost=814.47..814.48 rows=1 width=0)
   ->  Seq Scan on clicks  (cost=0.00..814.46 rows=2 width=0)
         Filter: (listing_id = 86211)
[0m
  [4;36;1mSQL (9.0ms)[0m   [0;1mSELECT count(*) AS count_all FROM "clicks" WHERE ("clicks".listing_id = 86212) [0m
  [4;35;1mAnalyzing  Execution Time: 0.009228

[0m   [0mAggregate  (cost=814.47..814.48 rows=1 width=0)
   ->  Seq Scan on clicks  (cost=0.00..814.46 rows=2 width=0)
         Filter: (listing_id = 86212)
[0m
  [4;36;1mSQL (8.5ms)[0m   [0;1mSELECT count(*) AS count_all FROM "clicks" WHERE ("clicks".listing_id = 86213) [0m
  [4;35;1mAnalyzing  Execution Time: 0.008771

[0m   [0mAggregate  (cost=814.47..814.48 rows=1 width=0)
   ->  Seq Scan on clicks  (cost=0.00..814.46 rows=2 width=0)
         Filter: (listing_id = 86213)
[0m
  [4;36;1mSQL (9.1ms)[0m   [0;1mSELECT count(*) AS count_all FROM "clicks" WHERE ("clicks".listing_id = 86215) [0m
  [4;35;1mAnalyzing  Execution Time: 0.009404

[0m   [0mAggregate  (cost=814.47..814.48 rows=1 width=0)
   ->  Seq Scan on clicks  (cost=0.00..814.46 rows=2 width=0)
         Filter: (listing_id = 86215)
[0m
  [4;36;1mSQL (9.0ms)[0m   [0;1mSELECT count(*) AS count_all FROM "clicks" WHERE ("clicks".listing_id = 86217) [0m
  [4;35;1mAnalyzing  Execution Time: 0.009218

[0m   [0mAggregate  (cost=814.47..814.48 rows=1 width=0)
   ->  Seq Scan on clicks  (cost=0.00..814.46 rows=2 width=0)
         Filter: (listing_id = 86217)
[0m
  [4;36;1mSQL (8.6ms)[0m   [0;1mSELECT count(*) AS count_all FROM "clicks" WHERE ("clicks".listing_id = 86218) [0m
  [4;35;1mAnalyzing  Execution Time: 0.008842

[0m   [0mAggregate  (cost=814.47..814.48 rows=1 width=0)
   ->  Seq Scan on clicks  (cost=0.00..814.46 rows=2 width=0)
         Filter: (listing_id = 86218)
[0m
  [4;36;1mSQL (9.0ms)[0m   [0;1mSELECT count(*) AS count_all FROM "clicks" WHERE ("clicks".listing_id = 86219) [0m
  [4;35;1mAnalyzing  Execution Time: 0.009264

[0m   [0mAggregate  (cost=814.47..814.48 rows=1 width=0)
   ->  Seq Scan on clicks  (cost=0.00..814.46 rows=2 width=0)
         Filter: (listing_id = 86219)
[0m
  [4;36;1mSQL (9.7ms)[0m   [0;1mSELECT count(*) AS count_all FROM "clicks" WHERE ("clicks".listing_id = 86220) [0m
  [4;35;1mAnalyzing  Execution Time: 0.009973

[0m   [0mAggregate  (cost=814.47..814.48 rows=1 width=0)
   ->  Seq Scan on clicks  (cost=0.00..814.46 rows=2 width=0)
         Filter: (listing_id = 86220)
[0m
  [4;36;1mSQL (8.5ms)[0m   [0;1mSELECT count(*) AS count_all FROM "clicks" WHERE ("clicks".listing_id = 86221) [0m
  [4;35;1mAnalyzing  Execution Time: 0.008701

[0m   [0mAggregate  (cost=814.47..814.48 rows=1 width=0)
   ->  Seq Scan on clicks  (cost=0.00..814.46 rows=2 width=0)
         Filter: (listing_id = 86221)
[0m
  [4;36;1mSQL (9.7ms)[0m   [0;1mSELECT count(*) AS count_all FROM "clicks" WHERE ("clicks".listing_id = 86222) [0m
  [4;35;1mAnalyzing  Execution Time: 0.009982

[0m   [0mAggregate  (cost=814.47..814.48 rows=1 width=0)
   ->  Seq Scan on clicks  (cost=0.00..814.46 rows=2 width=0)
         Filter: (listing_id = 86222)
[0m
  [4;36;1mSQL (10.5ms)[0m   [0;1mSELECT count(*) AS count_all FROM "clicks" WHERE ("clicks".listing_id = 86223) [0m
  [4;35;1mAnalyzing  Execution Time: 0.010788

[0m   [0mAggregate  (cost=814.47..814.48 rows=1 width=0)
   ->  Seq Scan on clicks  (cost=0.00..814.46 rows=2 width=0)
         Filter: (listing_id = 86223)
[0m
  [4;36;1mSQL (8.3ms)[0m   [0;1mSELECT count(*) AS count_all FROM "clicks" WHERE ("clicks".listing_id = 86224) [0m
  [4;35;1mAnalyzing  Execution Time: 0.008553

[0m   [0mAggregate  (cost=814.47..814.48 rows=1 width=0)
   ->  Seq Scan on clicks  (cost=0.00..814.46 rows=2 width=0)
         Filter: (listing_id = 86224)
[0m
  [4;36;1mSQL (10.4ms)[0m   [0;1mSELECT count(*) AS count_all FROM "clicks" WHERE ("clicks".listing_id = 86225) [0m
  [4;35;1mAnalyzing  Execution Time: 0.010638

[0m   [0mAggregate  (cost=814.47..814.48 rows=1 width=0)
   ->  Seq Scan on clicks  (cost=0.00..814.46 rows=2 width=0)
         Filter: (listing_id = 86225)
[0m
  [4;36;1mSQL (4.5ms)[0m   [0;1mSELECT count(*) AS count_all FROM "listings" WHERE ("listings".user_id = 25313) [0m
  [4;35;1mAnalyzing  Execution Time: 0.004811

[0m   [0mAggregate  (cost=1615.81..1615.82 rows=1 width=0)
   ->  Index Scan using index_listings_on_id_and_user_id_and_title on listings  (cost=0.00..1615.79 rows=4 width=0)
         Index Cond: (user_id = 25313)
[0m
  [4;36;1mListing Load (2.0ms)[0m   [0;1mSELECT * FROM "listings" WHERE ("listings".user_id = 25313) [0m
  [4;35;1mAnalyzing Listing Load Execution Time: 0.002712

[0m   [0mIndex Scan using index_listings_on_id_and_user_id_and_title on listings  (cost=0.00..1615.79 rows=4 width=1172)
   Index Cond: (user_id = 25313)
[0m
  [4;36;1mSQL (179.5ms)[0m   [0;1mSELECT count(*) AS count_all FROM "impressions" WHERE ("impressions".listing_id = 66642) [0m
  [4;35;1mAnalyzing  Execution Time: 0.17986

[0m   [0mAggregate  (cost=12714.08..12714.09 rows=1 width=0)
   ->  Seq Scan on impressions  (cost=0.00..12714.00 rows=31 width=0)
         Filter: (listing_id = 66642)
[0m
  [4;36;1mSQL (10.4ms)[0m   [0;1mSELECT count(*) AS count_all FROM "clicks" WHERE ("clicks".listing_id = 66642) [0m
  [4;35;1mAnalyzing  Execution Time: 0.010908

[0m   [0mAggregate  (cost=814.47..814.48 rows=1 width=0)
   ->  Seq Scan on clicks  (cost=0.00..814.46 rows=2 width=0)
         Filter: (listing_id = 66642)
[0m
  [4;36;1mSQL (2.7ms)[0m   [0;1mSELECT count(*) AS count_all FROM "listings" WHERE ("listings".user_id = 25312) [0m
  [4;35;1mAnalyzing  Execution Time: 0.003068

[0m   [0mAggregate  (cost=1615.81..1615.82 rows=1 width=0)
   ->  Index Scan using index_listings_on_id_and_user_id_and_title on listings  (cost=0.00..1615.79 rows=4 width=0)
         Index Cond: (user_id = 25312)
[0m
  [4;36;1mListing Load (2.5ms)[0m   [0;1mSELECT * FROM "listings" WHERE ("listings".user_id = 25312) [0m
  [4;35;1mAnalyzing Listing Load Execution Time: 0.003342

[0m   [0mIndex Scan using index_listings_on_id_and_user_id_and_title on listings  (cost=0.00..1615.79 rows=4 width=1172)
   Index Cond: (user_id = 25312)
[0m
  [4;36;1mSQL (144.5ms)[0m   [0;1mSELECT count(*) AS count_all FROM "impressions" WHERE ("impressions".listing_id = 113047) [0m
  [4;35;1mAnalyzing  Execution Time: 0.144822

[0m   [0mAggregate  (cost=12714.08..12714.09 rows=1 width=0)
   ->  Seq Scan on impressions  (cost=0.00..12714.00 rows=31 width=0)
         Filter: (listing_id = 113047)
[0m
  [4;36;1mSQL (9.5ms)[0m   [0;1mSELECT count(*) AS count_all FROM "clicks" WHERE ("clicks".listing_id = 113047) [0m
  [4;35;1mAnalyzing  Execution Time: 0.010019

[0m   [0mAggregate  (cost=814.47..814.48 rows=1 width=0)
   ->  Seq Scan on clicks  (cost=0.00..814.46 rows=2 width=0)
         Filter: (listing_id = 113047)
[0m
  [4;36;1mSQL (2.2ms)[0m   [0;1mSELECT count(*) AS count_all FROM "listings" WHERE ("listings".user_id = 25311) [0m
  [4;35;1mAnalyzing  Execution Time: 0.002548

[0m   [0mAggregate  (cost=1615.81..1615.82 rows=1 width=0)
   ->  Index Scan using index_listings_on_id_and_user_id_and_title on listings  (cost=0.00..1615.79 rows=4 width=0)
         Index Cond: (user_id = 25311)
[0m
  [4;36;1mListing Load (2.2ms)[0m   [0;1mSELECT * FROM "listings" WHERE ("listings".user_id = 25311) [0m
  [4;35;1mAnalyzing Listing Load Execution Time: 0.002964

[0m   [0mIndex Scan using index_listings_on_id_and_user_id_and_title on listings  (cost=0.00..1615.79 rows=4 width=1172)
   Index Cond: (user_id = 25311)
[0m
  [4;36;1mSQL (144.2ms)[0m   [0;1mSELECT count(*) AS count_all FROM "impressions" WHERE ("impressions".listing_id = 71936) [0m
  [4;35;1mAnalyzing  Execution Time: 0.144501

[0m   [0mAggregate  (cost=12714.08..12714.09 rows=1 width=0)
   ->  Seq Scan on impressions  (cost=0.00..12714.00 rows=31 width=0)
         Filter: (listing_id = 71936)
[0m
  [4;36;1mSQL (10.5ms)[0m   [0;1mSELECT count(*) AS count_all FROM "clicks" WHERE ("clicks".listing_id = 71936) [0m
  [4;35;1mAnalyzing  Execution Time: 0.01127

[0m   [0mAggregate  (cost=814.49..814.50 rows=1 width=0)
   ->  Seq Scan on clicks  (cost=0.00..814.46 rows=8 width=0)
         Filter: (listing_id = 71936)
[0m
  [4;36;1mSQL (2.8ms)[0m   [0;1mSELECT count(*) AS count_all FROM "listings" WHERE ("listings".user_id = 25310) [0m
  [4;35;1mAnalyzing  Execution Time: 0.003118

[0m   [0mAggregate  (cost=1615.81..1615.82 rows=1 width=0)
   ->  Index Scan using index_listings_on_id_and_user_id_and_title on listings  (cost=0.00..1615.79 rows=4 width=0)
         Index Cond: (user_id = 25310)
[0m
  [4;36;1mListing Load (2.2ms)[0m   [0;1mSELECT * FROM "listings" WHERE ("listings".user_id = 25310) [0m
  [4;35;1mAnalyzing Listing Load Execution Time: 0.002946

[0m   [0mIndex Scan using index_listings_on_id_and_user_id_and_title on listings  (cost=0.00..1615.79 rows=4 width=1172)
   Index Cond: (user_id = 25310)
[0m
  [4;36;1mSQL (152.0ms)[0m   [0;1mSELECT count(*) AS count_all FROM "impressions" WHERE ("impressions".listing_id = 113046) [0m
  [4;35;1mAnalyzing  Execution Time: 0.152253

[0m   [0mAggregate  (cost=12714.08..12714.09 rows=1 width=0)
   ->  Seq Scan on impressions  (cost=0.00..12714.00 rows=31 width=0)
         Filter: (listing_id = 113046)
[0m
  [4;36;1mSQL (16.4ms)[0m   [0;1mSELECT count(*) AS count_all FROM "clicks" WHERE ("clicks".listing_id = 113046) [0m
  [4;35;1mAnalyzing  Execution Time: 0.016688

[0m   [0mAggregate  (cost=814.47..814.48 rows=1 width=0)
   ->  Seq Scan on clicks  (cost=0.00..814.46 rows=2 width=0)
         Filter: (listing_id = 113046)
[0m
  [4;36;1mSQL (2.0ms)[0m   [0;1mSELECT count(*) AS count_all FROM "listings" WHERE ("listings".user_id = 25308) [0m
  [4;35;1mAnalyzing  Execution Time: 0.002239

[0m   [0mAggregate  (cost=1615.81..1615.82 rows=1 width=0)
   ->  Index Scan using index_listings_on_id_and_user_id_and_title on listings  (cost=0.00..1615.79 rows=4 width=0)
         Index Cond: (user_id = 25308)
[0m
  [4;36;1mListing Load (2.1ms)[0m   [0;1mSELECT * FROM "listings" WHERE ("listings".user_id = 25308) [0m
  [4;35;1mAnalyzing Listing Load Execution Time: 0.002843

[0m   [0mIndex Scan using index_listings_on_id_and_user_id_and_title on listings  (cost=0.00..1615.79 rows=4 width=1172)
   Index Cond: (user_id = 25308)
[0m
  [4;36;1mSQL (162.3ms)[0m   [0;1mSELECT count(*) AS count_all FROM "impressions" WHERE ("impressions".listing_id = 67767) [0m
  [4;35;1mAnalyzing  Execution Time: 0.162524

[0m   [0mAggregate  (cost=12714.08..12714.09 rows=1 width=0)
   ->  Seq Scan on impressions  (cost=0.00..12714.00 rows=31 width=0)
         Filter: (listing_id = 67767)
[0m
  [4;36;1mSQL (11.2ms)[0m   [0;1mSELECT count(*) AS count_all FROM "clicks" WHERE ("clicks".listing_id = 67767) [0m
  [4;35;1mAnalyzing  Execution Time: 0.011455

[0m   [0mAggregate  (cost=814.47..814.48 rows=1 width=0)
   ->  Seq Scan on clicks  (cost=0.00..814.46 rows=2 width=0)
         Filter: (listing_id = 67767)
[0m
  [4;36;1mSQL (2.6ms)[0m   [0;1mSELECT count(*) AS count_all FROM "listings" WHERE ("listings".user_id = 25307) [0m
  [4;35;1mAnalyzing  Execution Time: 0.002907

[0m   [0mAggregate  (cost=1615.81..1615.82 rows=1 width=0)
   ->  Index Scan using index_listings_on_id_and_user_id_and_title on listings  (cost=0.00..1615.79 rows=4 width=0)
         Index Cond: (user_id = 25307)
[0m
  [4;36;1mListing Load (2.1ms)[0m   [0;1mSELECT * FROM "listings" WHERE ("listings".user_id = 25307) [0m
  [4;35;1mAnalyzing Listing Load Execution Time: 0.00303

[0m   [0mIndex Scan using index_listings_on_id_and_user_id_and_title on listings  (cost=0.00..1615.79 rows=4 width=1172)
   Index Cond: (user_id = 25307)
[0m
  [4;36;1mSQL (177.7ms)[0m   [0;1mSELECT count(*) AS count_all FROM "impressions" WHERE ("impressions".listing_id = 105083) [0m
  [4;35;1mAnalyzing  Execution Time: 0.178356

[0m   [0mAggregate  (cost=12714.08..12714.09 rows=1 width=0)
   ->  Seq Scan on impressions  (cost=0.00..12714.00 rows=31 width=0)
         Filter: (listing_id = 105083)
[0m
  [4;36;1mSQL (11.1ms)[0m   [0;1mSELECT count(*) AS count_all FROM "clicks" WHERE ("clicks".listing_id = 105083) [0m
  [4;35;1mAnalyzing  Execution Time: 0.011357

[0m   [0mAggregate  (cost=814.47..814.48 rows=1 width=0)
   ->  Seq Scan on clicks  (cost=0.00..814.46 rows=2 width=0)
         Filter: (listing_id = 105083)
[0m
  [4;36;1mSQL (1.9ms)[0m   [0;1mSELECT count(*) AS count_all FROM "listings" WHERE ("listings".user_id = 25306) [0m
  [4;35;1mAnalyzing  Execution Time: 0.002198

[0m   [0mAggregate  (cost=1615.81..1615.82 rows=1 width=0)
   ->  Index Scan using index_listings_on_id_and_user_id_and_title on listings  (cost=0.00..1615.79 rows=4 width=0)
         Index Cond: (user_id = 25306)
[0m
  [4;36;1mListing Load (2.2ms)[0m   [0;1mSELECT * FROM "listings" WHERE ("listings".user_id = 25306) [0m
  [4;35;1mAnalyzing Listing Load Execution Time: 0.002879

[0m   [0mIndex Scan using index_listings_on_id_and_user_id_and_title on listings  (cost=0.00..1615.79 rows=4 width=1172)
   Index Cond: (user_id = 25306)
[0m
  [4;36;1mSQL (277.8ms)[0m   [0;1mSELECT count(*) AS count_all FROM "impressions" WHERE ("impressions".listing_id = 113044) [0m
  [4;35;1mAnalyzing  Execution Time: 0.278138

[0m   [0mAggregate  (cost=12714.08..12714.09 rows=1 width=0)
   ->  Seq Scan on impressions  (cost=0.00..12714.00 rows=31 width=0)
         Filter: (listing_id = 113044)
[0m
  [4;36;1mSQL (24.5ms)[0m   [0;1mSELECT count(*) AS count_all FROM "clicks" WHERE ("clicks".listing_id = 113044) [0m
  [4;35;1mAnalyzing  Execution Time: 0.024796

[0m   [0mAggregate  (cost=814.47..814.48 rows=1 width=0)
   ->  Seq Scan on clicks  (cost=0.00..814.46 rows=2 width=0)
         Filter: (listing_id = 113044)
[0m
DEPRECATION WARNING: require "activerecord" is deprecated and will be removed in Rails 3. Use require "active_record" instead.. (called from /usr/local/lib/ruby/gems/1.8/gems/activerecord-2.3.5/lib/activerecord.rb:2)
DEPRECATION WARNING: require "activerecord" is deprecated and will be removed in Rails 3. Use require "active_record" instead.. (called from /usr/local/lib/ruby/gems/1.8/gems/activerecord-2.3.5/lib/activerecord.rb:2)
** has_many_polymorphs: rails environment detected
** has_many_polymorphs: loaded ok
** has_many_polymorphs: autoload hook invoked
** has_many_polymorphs: preloading parent model Block
** has_many_polymorphs: associating Block.models
  [4;36;1mSQL (0.2ms)[0m   [0;1mSET client_min_messages TO 'panic'[0m
  [4;35;1mSQL (0.1ms)[0m   [0mSET client_min_messages TO 'notice'[0m
** has_many_polymorphs: preloading parent model View
** has_many_polymorphs: associating View.models
** has_many_polymorphs: autoload hook invoked
** has_many_polymorphs: preloading parent model Block
** has_many_polymorphs: preloading parent model View
  [4;36;1mClient Load (11.3ms)[0m   [0;1mSELECT * FROM "users" WHERE ("users"."status" = E'active') AND ( ("users"."type" = 'Client' ) ) ORDER BY activated_at DESC[0m
  [4;35;1mAnalyzing Client Load Execution Time: 0.098101

[0m   [0mSort  (cost=38.11..38.77 rows=265 width=574)
   Sort Key: activated_at
   ->  Seq Scan on users  (cost=0.00..27.44 rows=265 width=574)
         Filter: (((status)::text = 'active'::text) AND ((type)::text = 'Client'::text))
[0m
  [4;36;1mSQL (3.8ms)[0m   [0;1mSELECT count(*) AS count_all FROM "listings" WHERE ("listings".user_id = 25586) [0m
  [4;35;1mAnalyzing  Execution Time: 0.004134

[0m   [0mAggregate  (cost=1615.81..1615.82 rows=1 width=0)
   ->  Index Scan using index_listings_on_id_and_user_id_and_title on listings  (cost=0.00..1615.79 rows=4 width=0)
         Index Cond: (user_id = 25586)
[0m
  [4;36;1mListing Load (2.6ms)[0m   [0;1mSELECT * FROM "listings" WHERE ("listings".user_id = 25586) [0m
  [4;35;1mAnalyzing Listing Load Execution Time: 0.003279

[0m   [0mIndex Scan using index_listings_on_id_and_user_id_and_title on listings  (cost=0.00..1615.79 rows=4 width=1172)
   Index Cond: (user_id = 25586)
[0m
  [4;36;1mSQL (158.9ms)[0m   [0;1mSELECT count(*) AS count_all FROM "impressions" WHERE ("impressions".listing_id = 113291) [0m
  [4;35;1mAnalyzing  Execution Time: 0.159212

[0m   [0mAggregate  (cost=12714.08..12714.09 rows=1 width=0)
   ->  Seq Scan on impressions  (cost=0.00..12714.00 rows=31 width=0)
         Filter: (listing_id = 113291)
[0m
  [4;36;1mSQL (10.4ms)[0m   [0;1mSELECT count(*) AS count_all FROM "clicks" WHERE ("clicks".listing_id = 113291) [0m
  [4;35;1mAnalyzing  Execution Time: 0.010698

[0m   [0mAggregate  (cost=814.47..814.48 rows=1 width=0)
   ->  Seq Scan on clicks  (cost=0.00..814.46 rows=2 width=0)
         Filter: (listing_id = 113291)
[0m
  [4;36;1mSQL (2.3ms)[0m   [0;1mSELECT count(*) AS count_all FROM "listings" WHERE ("listings".user_id = 25443) [0m
  [4;35;1mAnalyzing  Execution Time: 0.002609

[0m   [0mAggregate  (cost=1615.81..1615.82 rows=1 width=0)
   ->  Index Scan using index_listings_on_id_and_user_id_and_title on listings  (cost=0.00..1615.79 rows=4 width=0)
         Index Cond: (user_id = 25443)
[0m
  [4;36;1mListing Load (2.2ms)[0m   [0;1mSELECT * FROM "listings" WHERE ("listings".user_id = 25443) [0m
  [4;35;1mAnalyzing Listing Load Execution Time: 0.002972

[0m   [0mIndex Scan using index_listings_on_id_and_user_id_and_title on listings  (cost=0.00..1615.79 rows=4 width=1172)
   Index Cond: (user_id = 25443)
[0m
  [4;36;1mSQL (154.8ms)[0m   [0;1mSELECT count(*) AS count_all FROM "impressions" WHERE ("impressions".listing_id = 113126) [0m
  [4;35;1mAnalyzing  Execution Time: 0.155174

[0m   [0mAggregate  (cost=12714.08..12714.09 rows=1 width=0)
   ->  Seq Scan on impressions  (cost=0.00..12714.00 rows=31 width=0)
         Filter: (listing_id = 113126)
[0m
  [4;36;1mSQL (9.3ms)[0m   [0;1mSELECT count(*) AS count_all FROM "clicks" WHERE ("clicks".listing_id = 113126) [0m
  [4;35;1mAnalyzing  Execution Time: 0.009627

[0m   [0mAggregate  (cost=814.47..814.48 rows=1 width=0)
   ->  Seq Scan on clicks  (cost=0.00..814.46 rows=2 width=0)
         Filter: (listing_id = 113126)
[0m
  [4;36;1mSQL (3.0ms)[0m   [0;1mSELECT count(*) AS count_all FROM "listings" WHERE ("listings".user_id = 25584) [0m
  [4;35;1mAnalyzing  Execution Time: 0.003297

[0m   [0mAggregate  (cost=1615.81..1615.82 rows=1 width=0)
   ->  Index Scan using index_listings_on_id_and_user_id_and_title on listings  (cost=0.00..1615.79 rows=4 width=0)
         Index Cond: (user_id = 25584)
[0m
  [4;36;1mListing Load (2.0ms)[0m   [0;1mSELECT * FROM "listings" WHERE ("listings".user_id = 25584) [0m
  [4;35;1mAnalyzing Listing Load Execution Time: 0.002724

[0m   [0mIndex Scan using index_listings_on_id_and_user_id_and_title on listings  (cost=0.00..1615.79 rows=4 width=1172)
   Index Cond: (user_id = 25584)
[0m
  [4;36;1mSQL (152.5ms)[0m   [0;1mSELECT count(*) AS count_all FROM "impressions" WHERE ("impressions".listing_id = 113289) [0m
  [4;35;1mAnalyzing  Execution Time: 0.152745

[0m   [0mAggregate  (cost=12714.08..12714.09 rows=1 width=0)
   ->  Seq Scan on impressions  (cost=0.00..12714.00 rows=31 width=0)
         Filter: (listing_id = 113289)
[0m
  [4;36;1mSQL (9.4ms)[0m   [0;1mSELECT count(*) AS count_all FROM "clicks" WHERE ("clicks".listing_id = 113289) [0m
  [4;35;1mAnalyzing  Execution Time: 0.009663

[0m   [0mAggregate  (cost=814.47..814.48 rows=1 width=0)
   ->  Seq Scan on clicks  (cost=0.00..814.46 rows=2 width=0)
         Filter: (listing_id = 113289)
[0m
  [4;36;1mSQL (1.9ms)[0m   [0;1mSELECT count(*) AS count_all FROM "listings" WHERE ("listings".user_id = 25583) [0m
  [4;35;1mAnalyzing  Execution Time: 0.002194

[0m   [0mAggregate  (cost=1615.81..1615.82 rows=1 width=0)
   ->  Index Scan using index_listings_on_id_and_user_id_and_title on listings  (cost=0.00..1615.79 rows=4 width=0)
         Index Cond: (user_id = 25583)
[0m
  [4;36;1mListing Load (2.4ms)[0m   [0;1mSELECT * FROM "listings" WHERE ("listings".user_id = 25583) [0m
  [4;35;1mAnalyzing Listing Load Execution Time: 0.003215

[0m   [0mIndex Scan using index_listings_on_id_and_user_id_and_title on listings  (cost=0.00..1615.79 rows=4 width=1172)
   Index Cond: (user_id = 25583)
[0m
  [4;36;1mSQL (147.1ms)[0m   [0;1mSELECT count(*) AS count_all FROM "impressions" WHERE ("impressions".listing_id = 113288) [0m
  [4;35;1mAnalyzing  Execution Time: 0.147398

[0m   [0mAggregate  (cost=12714.08..12714.09 rows=1 width=0)
   ->  Seq Scan on impressions  (cost=0.00..12714.00 rows=31 width=0)
         Filter: (listing_id = 113288)
[0m
  [4;36;1mSQL (8.8ms)[0m   [0;1mSELECT count(*) AS count_all FROM "clicks" WHERE ("clicks".listing_id = 113288) [0m
  [4;35;1mAnalyzing  Execution Time: 0.009075

[0m   [0mAggregate  (cost=814.47..814.48 rows=1 width=0)
   ->  Seq Scan on clicks  (cost=0.00..814.46 rows=2 width=0)
         Filter: (listing_id = 113288)
[0m
  [4;36;1mSQL (2.1ms)[0m   [0;1mSELECT count(*) AS count_all FROM "listings" WHERE ("listings".user_id = 25582) [0m
  [4;35;1mAnalyzing  Execution Time: 0.002476

[0m   [0mAggregate  (cost=1615.81..1615.82 rows=1 width=0)
   ->  Index Scan using index_listings_on_id_and_user_id_and_title on listings  (cost=0.00..1615.79 rows=4 width=0)
         Index Cond: (user_id = 25582)
[0m
  [4;36;1mListing Load (3.0ms)[0m   [0;1mSELECT * FROM "listings" WHERE ("listings".user_id = 25582) [0m
  [4;35;1mAnalyzing Listing Load Execution Time: 0.003811

[0m   [0mIndex Scan using index_listings_on_id_and_user_id_and_title on listings  (cost=0.00..1615.79 rows=4 width=1172)
   Index Cond: (user_id = 25582)
[0m
  [4;36;1mSQL (155.2ms)[0m   [0;1mSELECT count(*) AS count_all FROM "impressions" WHERE ("impressions".listing_id = 113286) [0m
  [4;35;1mAnalyzing  Execution Time: 0.155472

[0m   [0mAggregate  (cost=12714.08..12714.09 rows=1 width=0)
   ->  Seq Scan on impressions  (cost=0.00..12714.00 rows=31 width=0)
         Filter: (listing_id = 113286)
[0m
  [4;36;1mSQL (11.3ms)[0m   [0;1mSELECT count(*) AS count_all FROM "clicks" WHERE ("clicks".listing_id = 113286) [0m
  [4;35;1mAnalyzing  Execution Time: 0.011645

[0m   [0mAggregate  (cost=814.47..814.48 rows=1 width=0)
   ->  Seq Scan on clicks  (cost=0.00..814.46 rows=2 width=0)
         Filter: (listing_id = 113286)
[0m
  [4;36;1mSQL (2.8ms)[0m   [0;1mSELECT count(*) AS count_all FROM "listings" WHERE ("listings".user_id = 25565) [0m
  [4;35;1mAnalyzing  Execution Time: 0.003285

[0m   [0mAggregate  (cost=1615.81..1615.82 rows=1 width=0)
   ->  Index Scan using index_listings_on_id_and_user_id_and_title on listings  (cost=0.00..1615.79 rows=4 width=0)
         Index Cond: (user_id = 25565)
[0m
  [4;36;1mListing Load (2.0ms)[0m   [0;1mSELECT * FROM "listings" WHERE ("listings".user_id = 25565) [0m
  [4;35;1mAnalyzing Listing Load Execution Time: 0.003867

[0m   [0mIndex Scan using index_listings_on_id_and_user_id_and_title on listings  (cost=0.00..1615.79 rows=4 width=1172)
   Index Cond: (user_id = 25565)
[0m
  [4;36;1mSQL (162.9ms)[0m   [0;1mSELECT count(*) AS count_all FROM "impressions" WHERE ("impressions".listing_id = 77303) [0m
  [4;35;1mAnalyzing  Execution Time: 0.163141

[0m   [0mAggregate  (cost=12714.08..12714.09 rows=1 width=0)
   ->  Seq Scan on impressions  (cost=0.00..12714.00 rows=31 width=0)
         Filter: (listing_id = 77303)
[0m
  [4;36;1mSQL (159.9ms)[0m   [0;1mSELECT count(*) AS count_all FROM "impressions" WHERE ("impressions".listing_id = 79433) [0m
  [4;35;1mAnalyzing  Execution Time: 0.160186

[0m   [0mAggregate  (cost=12714.08..12714.09 rows=1 width=0)
   ->  Seq Scan on impressions  (cost=0.00..12714.00 rows=31 width=0)
         Filter: (listing_id = 79433)
[0m
  [4;36;1mSQL (153.8ms)[0m   [0;1mSELECT count(*) AS count_all FROM "impressions" WHERE ("impressions".listing_id = 102437) [0m
  [4;35;1mAnalyzing  Execution Time: 0.154052

[0m   [0mAggregate  (cost=12714.08..12714.09 rows=1 width=0)
   ->  Seq Scan on impressions  (cost=0.00..12714.00 rows=31 width=0)
         Filter: (listing_id = 102437)
[0m
  [4;36;1mSQL (171.7ms)[0m   [0;1mSELECT count(*) AS count_all FROM "impressions" WHERE ("impressions".listing_id = 113285) [0m
  [4;35;1mAnalyzing  Execution Time: 0.172058

[0m   [0mAggregate  (cost=12714.08..12714.09 rows=1 width=0)
   ->  Seq Scan on impressions  (cost=0.00..12714.00 rows=31 width=0)
         Filter: (listing_id = 113285)
[0m
  [4;36;1mSQL (9.4ms)[0m   [0;1mSELECT count(*) AS count_all FROM "clicks" WHERE ("clicks".listing_id = 77303) [0m
  [4;35;1mAnalyzing  Execution Time: 0.009662

[0m   [0mAggregate  (cost=814.47..814.48 rows=1 width=0)
   ->  Seq Scan on clicks  (cost=0.00..814.46 rows=2 width=0)
         Filter: (listing_id = 77303)
[0m
  [4;36;1mSQL (10.9ms)[0m   [0;1mSELECT count(*) AS count_all FROM "clicks" WHERE ("clicks".listing_id = 79433) [0m
  [4;35;1mAnalyzing  Execution Time: 0.01124

[0m   [0mAggregate  (cost=814.47..814.48 rows=1 width=0)
   ->  Seq Scan on clicks  (cost=0.00..814.46 rows=2 width=0)
         Filter: (listing_id = 79433)
[0m
  [4;36;1mSQL (9.6ms)[0m   [0;1mSELECT count(*) AS count_all FROM "clicks" WHERE ("clicks".listing_id = 102437) [0m
  [4;35;1mAnalyzing  Execution Time: 0.009861

[0m   [0mAggregate  (cost=814.47..814.48 rows=1 width=0)
   ->  Seq Scan on clicks  (cost=0.00..814.46 rows=2 width=0)
         Filter: (listing_id = 102437)
[0m
  [4;36;1mSQL (10.4ms)[0m   [0;1mSELECT count(*) AS count_all FROM "clicks" WHERE ("clicks".listing_id = 113285) [0m
  [4;35;1mAnalyzing  Execution Time: 0.010637

[0m   [0mAggregate  (cost=814.47..814.48 rows=1 width=0)
   ->  Seq Scan on clicks  (cost=0.00..814.46 rows=2 width=0)
         Filter: (listing_id = 113285)
[0m
  [4;36;1mSQL (2.3ms)[0m   [0;1mSELECT count(*) AS count_all FROM "listings" WHERE ("listings".user_id = 25579) [0m
  [4;35;1mAnalyzing  Execution Time: 0.002939

[0m   [0mAggregate  (cost=1615.81..1615.82 rows=1 width=0)
   ->  Index Scan using index_listings_on_id_and_user_id_and_title on listings  (cost=0.00..1615.79 rows=4 width=0)
         Index Cond: (user_id = 25579)
[0m
  [4;36;1mListing Load (3.8ms)[0m   [0;1mSELECT * FROM "listings" WHERE ("listings".user_id = 25579) [0m
  [4;35;1mAnalyzing Listing Load Execution Time: 0.005221

[0m   [0mIndex Scan using index_listings_on_id_and_user_id_and_title on listings  (cost=0.00..1615.79 rows=4 width=1172)
   Index Cond: (user_id = 25579)
[0m
  [4;36;1mSQL (148.7ms)[0m   [0;1mSELECT count(*) AS count_all FROM "impressions" WHERE ("impressions".listing_id = 77258) [0m
  [4;35;1mAnalyzing  Execution Time: 0.149033

[0m   [0mAggregate  (cost=12714.08..12714.09 rows=1 width=0)
   ->  Seq Scan on impressions  (cost=0.00..12714.00 rows=31 width=0)
         Filter: (listing_id = 77258)
[0m
  [4;36;1mSQL (9.4ms)[0m   [0;1mSELECT count(*) AS count_all FROM "clicks" WHERE ("clicks".listing_id = 77258) [0m
  [4;35;1mAnalyzing  Execution Time: 0.009692

[0m   [0mAggregate  (cost=814.47..814.48 rows=1 width=0)
   ->  Seq Scan on clicks  (cost=0.00..814.46 rows=2 width=0)
         Filter: (listing_id = 77258)
[0m
  [4;36;1mSQL (2.1ms)[0m   [0;1mSELECT count(*) AS count_all FROM "listings" WHERE ("listings".user_id = 25581) [0m
  [4;35;1mAnalyzing  Execution Time: 0.002379

[0m   [0mAggregate  (cost=1615.81..1615.82 rows=1 width=0)
   ->  Index Scan using index_listings_on_id_and_user_id_and_title on listings  (cost=0.00..1615.79 rows=4 width=0)
         Index Cond: (user_id = 25581)
[0m
  [4;36;1mListing Load (2.1ms)[0m   [0;1mSELECT * FROM "listings" WHERE ("listings".user_id = 25581) [0m
  [4;35;1mAnalyzing Listing Load Execution Time: 0.002804

[0m   [0mIndex Scan using index_listings_on_id_and_user_id_and_title on listings  (cost=0.00..1615.79 rows=4 width=1172)
   Index Cond: (user_id = 25581)
[0m
  [4;36;1mSQL (156.2ms)[0m   [0;1mSELECT count(*) AS count_all FROM "impressions" WHERE ("impressions".listing_id = 113284) [0m
  [4;35;1mAnalyzing  Execution Time: 0.156446

[0m   [0mAggregate  (cost=12714.08..12714.09 rows=1 width=0)
   ->  Seq Scan on impressions  (cost=0.00..12714.00 rows=31 width=0)
         Filter: (listing_id = 113284)
[0m
  [4;36;1mSQL (9.4ms)[0m   [0;1mSELECT count(*) AS count_all FROM "clicks" WHERE ("clicks".listing_id = 113284) [0m
  [4;35;1mAnalyzing  Execution Time: 0.009671

[0m   [0mAggregate  (cost=814.47..814.48 rows=1 width=0)
   ->  Seq Scan on clicks  (cost=0.00..814.46 rows=2 width=0)
         Filter: (listing_id = 113284)
[0m
  [4;36;1mSQL (2.0ms)[0m   [0;1mSELECT count(*) AS count_all FROM "listings" WHERE ("listings".user_id = 25580) [0m
  [4;35;1mAnalyzing  Execution Time: 0.002212

[0m   [0mAggregate  (cost=1615.81..1615.82 rows=1 width=0)
   ->  Index Scan using index_listings_on_id_and_user_id_and_title on listings  (cost=0.00..1615.79 rows=4 width=0)
         Index Cond: (user_id = 25580)
[0m
  [4;36;1mListing Load (2.1ms)[0m   [0;1mSELECT * FROM "listings" WHERE ("listings".user_id = 25580) [0m
  [4;35;1mAnalyzing Listing Load Execution Time: 0.002945

[0m   [0mIndex Scan using index_listings_on_id_and_user_id_and_title on listings  (cost=0.00..1615.79 rows=4 width=1172)
   Index Cond: (user_id = 25580)
[0m
  [4;36;1mSQL (155.1ms)[0m   [0;1mSELECT count(*) AS count_all FROM "impressions" WHERE ("impressions".listing_id = 67567) [0m
  [4;35;1mAnalyzing  Execution Time: 0.155404

[0m   [0mAggregate  (cost=12714.08..12714.09 rows=1 width=0)
   ->  Seq Scan on impressions  (cost=0.00..12714.00 rows=31 width=0)
         Filter: (listing_id = 67567)
[0m
  [4;36;1mSQL (8.6ms)[0m   [0;1mSELECT count(*) AS count_all FROM "clicks" WHERE ("clicks".listing_id = 67567) [0m
  [4;35;1mAnalyzing  Execution Time: 0.008931

[0m   [0mAggregate  (cost=814.47..814.48 rows=1 width=0)
   ->  Seq Scan on clicks  (cost=0.00..814.46 rows=2 width=0)
         Filter: (listing_id = 67567)
[0m
  [4;36;1mSQL (3.4ms)[0m   [0;1mSELECT count(*) AS count_all FROM "listings" WHERE ("listings".user_id = 25577) [0m
  [4;35;1mAnalyzing  Execution Time: 0.003667

[0m   [0mAggregate  (cost=1615.81..1615.82 rows=1 width=0)
   ->  Index Scan using index_listings_on_id_and_user_id_and_title on listings  (cost=0.00..1615.79 rows=4 width=0)
         Index Cond: (user_id = 25577)
[0m
  [4;36;1mListing Load (2.9ms)[0m   [0;1mSELECT * FROM "listings" WHERE ("listings".user_id = 25577) [0m
  [4;35;1mAnalyzing Listing Load Execution Time: 0.00368

[0m   [0mIndex Scan using index_listings_on_id_and_user_id_and_title on listings  (cost=0.00..1615.79 rows=4 width=1172)
   Index Cond: (user_id = 25577)
[0m
  [4;36;1mSQL (167.2ms)[0m   [0;1mSELECT count(*) AS count_all FROM "impressions" WHERE ("impressions".listing_id = 89693) [0m
  [4;35;1mAnalyzing  Execution Time: 0.167496

[0m   [0mAggregate  (cost=12714.08..12714.09 rows=1 width=0)
   ->  Seq Scan on impressions  (cost=0.00..12714.00 rows=31 width=0)
         Filter: (listing_id = 89693)
[0m
  [4;36;1mSQL (9.0ms)[0m   [0;1mSELECT count(*) AS count_all FROM "clicks" WHERE ("clicks".listing_id = 89693) [0m
  [4;35;1mAnalyzing  Execution Time: 0.009312

[0m   [0mAggregate  (cost=814.47..814.48 rows=1 width=0)
   ->  Seq Scan on clicks  (cost=0.00..814.46 rows=2 width=0)
         Filter: (listing_id = 89693)
[0m
  [4;36;1mSQL (2.8ms)[0m   [0;1mSELECT count(*) AS count_all FROM "listings" WHERE ("listings".user_id = 25570) [0m
  [4;35;1mAnalyzing  Execution Time: 0.003127

[0m   [0mAggregate  (cost=1615.81..1615.82 rows=1 width=0)
   ->  Index Scan using index_listings_on_id_and_user_id_and_title on listings  (cost=0.00..1615.79 rows=4 width=0)
         Index Cond: (user_id = 25570)
[0m
  [4;36;1mListing Load (2.6ms)[0m   [0;1mSELECT * FROM "listings" WHERE ("listings".user_id = 25570) [0m
  [4;35;1mAnalyzing Listing Load Execution Time: 0.003354

[0m   [0mIndex Scan using index_listings_on_id_and_user_id_and_title on listings  (cost=0.00..1615.79 rows=4 width=1172)
   Index Cond: (user_id = 25570)
[0m
  [4;36;1mSQL (153.7ms)[0m   [0;1mSELECT count(*) AS count_all FROM "impressions" WHERE ("impressions".listing_id = 113275) [0m
  [4;35;1mAnalyzing  Execution Time: 0.153993

[0m   [0mAggregate  (cost=12714.08..12714.09 rows=1 width=0)
   ->  Seq Scan on impressions  (cost=0.00..12714.00 rows=31 width=0)
         Filter: (listing_id = 113275)
[0m
  [4;36;1mSQL (10.0ms)[0m   [0;1mSELECT count(*) AS count_all FROM "clicks" WHERE ("clicks".listing_id = 113275) [0m
  [4;35;1mAnalyzing  Execution Time: 0.010362

[0m   [0mAggregate  (cost=814.47..814.48 rows=1 width=0)
   ->  Seq Scan on clicks  (cost=0.00..814.46 rows=2 width=0)
         Filter: (listing_id = 113275)
[0m
  [4;36;1mSQL (2.3ms)[0m   [0;1mSELECT count(*) AS count_all FROM "listings" WHERE ("listings".user_id = 25442) [0m
  [4;35;1mAnalyzing  Execution Time: 0.002624

[0m   [0mAggregate  (cost=1615.81..1615.82 rows=1 width=0)
   ->  Index Scan using index_listings_on_id_and_user_id_and_title on listings  (cost=0.00..1615.79 rows=4 width=0)
         Index Cond: (user_id = 25442)
[0m
  [4;36;1mListing Load (2.6ms)[0m   [0;1mSELECT * FROM "listings" WHERE ("listings".user_id = 25442) [0m
  [4;35;1mAnalyzing Listing Load Execution Time: 0.003357

[0m   [0mIndex Scan using index_listings_on_id_and_user_id_and_title on listings  (cost=0.00..1615.79 rows=4 width=1172)
   Index Cond: (user_id = 25442)
[0m
  [4;36;1mSQL (151.0ms)[0m   [0;1mSELECT count(*) AS count_all FROM "impressions" WHERE ("impressions".listing_id = 113125) [0m
  [4;35;1mAnalyzing  Execution Time: 0.151279

[0m   [0mAggregate  (cost=12714.08..12714.09 rows=1 width=0)
   ->  Seq Scan on impressions  (cost=0.00..12714.00 rows=31 width=0)
         Filter: (listing_id = 113125)
[0m
  [4;36;1mSQL (8.9ms)[0m   [0;1mSELECT count(*) AS count_all FROM "clicks" WHERE ("clicks".listing_id = 113125) [0m
  [4;35;1mAnalyzing  Execution Time: 0.009198

[0m   [0mAggregate  (cost=814.47..814.48 rows=1 width=0)
   ->  Seq Scan on clicks  (cost=0.00..814.46 rows=2 width=0)
         Filter: (listing_id = 113125)
[0m
  [4;36;1mSQL (2.0ms)[0m   [0;1mSELECT count(*) AS count_all FROM "listings" WHERE ("listings".user_id = 25438) [0m
  [4;35;1mAnalyzing  Execution Time: 0.002243

[0m   [0mAggregate  (cost=1615.81..1615.82 rows=1 width=0)
   ->  Index Scan using index_listings_on_id_and_user_id_and_title on listings  (cost=0.00..1615.79 rows=4 width=0)
         Index Cond: (user_id = 25438)
[0m
  [4;36;1mListing Load (2.1ms)[0m   [0;1mSELECT * FROM "listings" WHERE ("listings".user_id = 25438) [0m
  [4;35;1mAnalyzing Listing Load Execution Time: 0.002831

[0m   [0mIndex Scan using index_listings_on_id_and_user_id_and_title on listings  (cost=0.00..1615.79 rows=4 width=1172)
   Index Cond: (user_id = 25438)
[0m
  [4;36;1mSQL (156.7ms)[0m   [0;1mSELECT count(*) AS count_all FROM "impressions" WHERE ("impressions".listing_id = 113122) [0m
  [4;35;1mAnalyzing  Execution Time: 0.156981

[0m   [0mAggregate  (cost=12714.08..12714.09 rows=1 width=0)
   ->  Seq Scan on impressions  (cost=0.00..12714.00 rows=31 width=0)
         Filter: (listing_id = 113122)
[0m
  [4;36;1mSQL (9.1ms)[0m   [0;1mSELECT count(*) AS count_all FROM "clicks" WHERE ("clicks".listing_id = 113122) [0m
  [4;35;1mAnalyzing  Execution Time: 0.009341

[0m   [0mAggregate  (cost=814.47..814.48 rows=1 width=0)
   ->  Seq Scan on clicks  (cost=0.00..814.46 rows=2 width=0)
         Filter: (listing_id = 113122)
[0m
  [4;36;1mSQL (2.6ms)[0m   [0;1mSELECT count(*) AS count_all FROM "listings" WHERE ("listings".user_id = 25551) [0m
  [4;35;1mAnalyzing  Execution Time: 0.003006

[0m   [0mAggregate  (cost=1615.81..1615.82 rows=1 width=0)
   ->  Index Scan using index_listings_on_id_and_user_id_and_title on listings  (cost=0.00..1615.79 rows=4 width=0)
         Index Cond: (user_id = 25551)
[0m
  [4;36;1mListing Load (3.3ms)[0m   [0;1mSELECT * FROM "listings" WHERE ("listings".user_id = 25551) [0m
  [4;35;1mAnalyzing Listing Load Execution Time: 0.004039

[0m   [0mIndex Scan using index_listings_on_id_and_user_id_and_title on listings  (cost=0.00..1615.79 rows=4 width=1172)
   Index Cond: (user_id = 25551)
[0m
  [4;36;1mSQL (141.4ms)[0m   [0;1mSELECT count(*) AS count_all FROM "impressions" WHERE ("impressions".listing_id = 113214) [0m
  [4;35;1mAnalyzing  Execution Time: 0.141721

[0m   [0mAggregate  (cost=12714.08..12714.09 rows=1 width=0)
   ->  Seq Scan on impressions  (cost=0.00..12714.00 rows=31 width=0)
         Filter: (listing_id = 113214)
[0m
  [4;36;1mSQL (8.6ms)[0m   [0;1mSELECT count(*) AS count_all FROM "clicks" WHERE ("clicks".listing_id = 113214) [0m
  [4;35;1mAnalyzing  Execution Time: 0.008846

[0m   [0mAggregate  (cost=814.47..814.48 rows=1 width=0)
   ->  Seq Scan on clicks  (cost=0.00..814.46 rows=2 width=0)
         Filter: (listing_id = 113214)
[0m
  [4;36;1mSQL (2.8ms)[0m   [0;1mSELECT count(*) AS count_all FROM "listings" WHERE ("listings".user_id = 25554) [0m
  [4;35;1mAnalyzing  Execution Time: 0.003117

[0m   [0mAggregate  (cost=1615.81..1615.82 rows=1 width=0)
   ->  Index Scan using index_listings_on_id_and_user_id_and_title on listings  (cost=0.00..1615.79 rows=4 width=0)
         Index Cond: (user_id = 25554)
[0m
  [4;36;1mListing Load (4.0ms)[0m   [0;1mSELECT * FROM "listings" WHERE ("listings".user_id = 25554) [0m
  [4;35;1mAnalyzing Listing Load Execution Time: 0.006319

[0m   [0mIndex Scan using index_listings_on_id_and_user_id_and_title on listings  (cost=0.00..1615.79 rows=4 width=1172)
   Index Cond: (user_id = 25554)
[0m
  [4;36;1mSQL (167.0ms)[0m   [0;1mSELECT count(*) AS count_all FROM "impressions" WHERE ("impressions".listing_id = 67065) [0m
  [4;35;1mAnalyzing  Execution Time: 0.167259

[0m   [0mAggregate  (cost=12714.08..12714.09 rows=1 width=0)
   ->  Seq Scan on impressions  (cost=0.00..12714.00 rows=31 width=0)
         Filter: (listing_id = 67065)
[0m
  [4;36;1mSQL (157.2ms)[0m   [0;1mSELECT count(*) AS count_all FROM "impressions" WHERE ("impressions".listing_id = 67066) [0m
  [4;35;1mAnalyzing  Execution Time: 0.157534

[0m   [0mAggregate  (cost=12714.08..12714.09 rows=1 width=0)
   ->  Seq Scan on impressions  (cost=0.00..12714.00 rows=31 width=0)
         Filter: (listing_id = 67066)
[0m
  [4;36;1mSQL (158.2ms)[0m   [0;1mSELECT count(*) AS count_all FROM "impressions" WHERE ("impressions".listing_id = 67067) [0m
  [4;35;1mAnalyzing  Execution Time: 0.158496

[0m   [0mAggregate  (cost=12714.08..12714.09 rows=1 width=0)
   ->  Seq Scan on impressions  (cost=0.00..12714.00 rows=31 width=0)
         Filter: (listing_id = 67067)
[0m
  [4;36;1mSQL (155.0ms)[0m   [0;1mSELECT count(*) AS count_all FROM "impressions" WHERE ("impressions".listing_id = 103789) [0m
  [4;35;1mAnalyzing  Execution Time: 0.155299

[0m   [0mAggregate  (cost=12714.08..12714.09 rows=1 width=0)
   ->  Seq Scan on impressions  (cost=0.00..12714.00 rows=31 width=0)
         Filter: (listing_id = 103789)
[0m
  [4;36;1mSQL (11.6ms)[0m   [0;1mSELECT count(*) AS count_all FROM "clicks" WHERE ("clicks".listing_id = 67065) [0m
  [4;35;1mAnalyzing  Execution Time: 0.01191

[0m   [0mAggregate  (cost=814.47..814.48 rows=1 width=0)
   ->  Seq Scan on clicks  (cost=0.00..814.46 rows=2 width=0)
         Filter: (listing_id = 67065)
[0m
  [4;36;1mSQL (9.5ms)[0m   [0;1mSELECT count(*) AS count_all FROM "clicks" WHERE ("clicks".listing_id = 67066) [0m
  [4;35;1mAnalyzing  Execution Time: 0.009802

[0m   [0mAggregate  (cost=814.47..814.48 rows=1 width=0)
   ->  Seq Scan on clicks  (cost=0.00..814.46 rows=2 width=0)
         Filter: (listing_id = 67066)
[0m
  [4;36;1mSQL (8.8ms)[0m   [0;1mSELECT count(*) AS count_all FROM "clicks" WHERE ("clicks".listing_id = 67067) [0m
  [4;35;1mAnalyzing  Execution Time: 0.009118

[0m   [0mAggregate  (cost=814.47..814.48 rows=1 width=0)
   ->  Seq Scan on clicks  (cost=0.00..814.46 rows=2 width=0)
         Filter: (listing_id = 67067)
[0m
  [4;36;1mSQL (11.1ms)[0m   [0;1mSELECT count(*) AS count_all FROM "clicks" WHERE ("clicks".listing_id = 103789) [0m
  [4;35;1mAnalyzing  Execution Time: 0.011354

[0m   [0mAggregate  (cost=814.47..814.48 rows=1 width=0)
   ->  Seq Scan on clicks  (cost=0.00..814.46 rows=2 width=0)
         Filter: (listing_id = 103789)
[0m
  [4;36;1mSQL (2.4ms)[0m   [0;1mSELECT count(*) AS count_all FROM "listings" WHERE ("listings".user_id = 25575) [0m
  [4;35;1mAnalyzing  Execution Time: 0.00266

[0m   [0mAggregate  (cost=1615.81..1615.82 rows=1 width=0)
   ->  Index Scan using index_listings_on_id_and_user_id_and_title on listings  (cost=0.00..1615.79 rows=4 width=0)
         Index Cond: (user_id = 25575)
[0m
  [4;36;1mListing Load (2.0ms)[0m   [0;1mSELECT * FROM "listings" WHERE ("listings".user_id = 25575) [0m
  [4;35;1mAnalyzing Listing Load Execution Time: 0.0028

[0m   [0mIndex Scan using index_listings_on_id_and_user_id_and_title on listings  (cost=0.00..1615.79 rows=4 width=1172)
   Index Cond: (user_id = 25575)
[0m
  [4;36;1mSQL (163.1ms)[0m   [0;1mSELECT count(*) AS count_all FROM "impressions" WHERE ("impressions".listing_id = 113278) [0m
  [4;35;1mAnalyzing  Execution Time: 0.16337

[0m   [0mAggregate  (cost=12714.08..12714.09 rows=1 width=0)
   ->  Seq Scan on impressions  (cost=0.00..12714.00 rows=31 width=0)
         Filter: (listing_id = 113278)
[0m
  [4;36;1mSQL (9.6ms)[0m   [0;1mSELECT count(*) AS count_all FROM "clicks" WHERE ("clicks".listing_id = 113278) [0m
  [4;35;1mAnalyzing  Execution Time: 0.009892

[0m   [0mAggregate  (cost=814.47..814.48 rows=1 width=0)
   ->  Seq Scan on clicks  (cost=0.00..814.46 rows=2 width=0)
         Filter: (listing_id = 113278)
[0m
  [4;36;1mSQL (2.9ms)[0m   [0;1mSELECT count(*) AS count_all FROM "listings" WHERE ("listings".user_id = 25356) [0m
  [4;35;1mAnalyzing  Execution Time: 0.003384

[0m   [0mAggregate  (cost=1615.81..1615.82 rows=1 width=0)
   ->  Index Scan using index_listings_on_id_and_user_id_and_title on listings  (cost=0.00..1615.79 rows=4 width=0)
         Index Cond: (user_id = 25356)
[0m
  [4;36;1mListing Load (2.1ms)[0m   [0;1mSELECT * FROM "listings" WHERE ("listings".user_id = 25356) [0m
  [4;35;1mAnalyzing Listing Load Execution Time: 0.002835

[0m   [0mIndex Scan using index_listings_on_id_and_user_id_and_title on listings  (cost=0.00..1615.79 rows=4 width=1172)
   Index Cond: (user_id = 25356)
[0m
  [4;36;1mSQL (147.9ms)[0m   [0;1mSELECT count(*) AS count_all FROM "impressions" WHERE ("impressions".listing_id = 113074) [0m
  [4;35;1mAnalyzing  Execution Time: 0.148233

[0m   [0mAggregate  (cost=12714.08..12714.09 rows=1 width=0)
   ->  Seq Scan on impressions  (cost=0.00..12714.00 rows=31 width=0)
         Filter: (listing_id = 113074)
[0m
  [4;36;1mSQL (9.2ms)[0m   [0;1mSELECT count(*) AS count_all FROM "clicks" WHERE ("clicks".listing_id = 113074) [0m
  [4;35;1mAnalyzing  Execution Time: 0.009523

[0m   [0mAggregate  (cost=814.47..814.48 rows=1 width=0)
   ->  Seq Scan on clicks  (cost=0.00..814.46 rows=2 width=0)
         Filter: (listing_id = 113074)
[0m
  [4;36;1mSQL (2.2ms)[0m   [0;1mSELECT count(*) AS count_all FROM "listings" WHERE ("listings".user_id = 25382) [0m
  [4;35;1mAnalyzing  Execution Time: 0.002524

[0m   [0mAggregate  (cost=1615.81..1615.82 rows=1 width=0)
   ->  Index Scan using index_listings_on_id_and_user_id_and_title on listings  (cost=0.00..1615.79 rows=4 width=0)
         Index Cond: (user_id = 25382)
[0m
  [4;36;1mListing Load (2.0ms)[0m   [0;1mSELECT * FROM "listings" WHERE ("listings".user_id = 25382) [0m
  [4;35;1mAnalyzing Listing Load Execution Time: 0.00271

[0m   [0mIndex Scan using index_listings_on_id_and_user_id_and_title on listings  (cost=0.00..1615.79 rows=4 width=1172)
   Index Cond: (user_id = 25382)
[0m
  [4;36;1mSQL (150.9ms)[0m   [0;1mSELECT count(*) AS count_all FROM "impressions" WHERE ("impressions".listing_id = 75075) [0m
  [4;35;1mAnalyzing  Execution Time: 0.151244

[0m   [0mAggregate  (cost=12714.08..12714.09 rows=1 width=0)
   ->  Seq Scan on impressions  (cost=0.00..12714.00 rows=31 width=0)
         Filter: (listing_id = 75075)
[0m
  [4;36;1mSQL (8.8ms)[0m   [0;1mSELECT count(*) AS count_all FROM "clicks" WHERE ("clicks".listing_id = 75075) [0m
  [4;35;1mAnalyzing  Execution Time: 0.009061

[0m   [0mAggregate  (cost=814.47..814.48 rows=1 width=0)
   ->  Seq Scan on clicks  (cost=0.00..814.46 rows=2 width=0)
         Filter: (listing_id = 75075)
[0m
  [4;36;1mSQL (2.1ms)[0m   [0;1mSELECT count(*) AS count_all FROM "listings" WHERE ("listings".user_id = 25573) [0m
  [4;35;1mAnalyzing  Execution Time: 0.002378

[0m   [0mAggregate  (cost=1615.81..1615.82 rows=1 width=0)
   ->  Index Scan using index_listings_on_id_and_user_id_and_title on listings  (cost=0.00..1615.79 rows=4 width=0)
         Index Cond: (user_id = 25573)
[0m
  [4;36;1mListing Load (2.2ms)[0m   [0;1mSELECT * FROM "listings" WHERE ("listings".user_id = 25573) [0m
  [4;35;1mAnalyzing Listing Load Execution Time: 0.003785

[0m   [0mIndex Scan using index_listings_on_id_and_user_id_and_title on listings  (cost=0.00..1615.79 rows=4 width=1172)
   Index Cond: (user_id = 25573)
[0m
  [4;36;1mSQL (155.4ms)[0m   [0;1mSELECT count(*) AS count_all FROM "impressions" WHERE ("impressions".listing_id = 81455) [0m
  [4;35;1mAnalyzing  Execution Time: 0.155697

[0m   [0mAggregate  (cost=12714.08..12714.09 rows=1 width=0)
   ->  Seq Scan on impressions  (cost=0.00..12714.00 rows=31 width=0)
         Filter: (listing_id = 81455)
[0m
  [4;36;1mSQL (162.0ms)[0m   [0;1mSELECT count(*) AS count_all FROM "impressions" WHERE ("impressions".listing_id = 81690) [0m
  [4;35;1mAnalyzing  Execution Time: 0.162332

[0m   [0mAggregate  (cost=12714.08..12714.09 rows=1 width=0)
   ->  Seq Scan on impressions  (cost=0.00..12714.00 rows=31 width=0)
         Filter: (listing_id = 81690)
[0m
  [4;36;1mSQL (161.7ms)[0m   [0;1mSELECT count(*) AS count_all FROM "impressions" WHERE ("impressions".listing_id = 113276) [0m
  [4;35;1mAnalyzing  Execution Time: 0.161998

[0m   [0mAggregate  (cost=12714.08..12714.09 rows=1 width=0)
   ->  Seq Scan on impressions  (cost=0.00..12714.00 rows=31 width=0)
         Filter: (listing_id = 113276)
[0m
  [4;36;1mSQL (8.9ms)[0m   [0;1mSELECT count(*) AS count_all FROM "clicks" WHERE ("clicks".listing_id = 81455) [0m
  [4;35;1mAnalyzing  Execution Time: 0.009121

[0m   [0mAggregate  (cost=814.47..814.48 rows=1 width=0)
   ->  Seq Scan on clicks  (cost=0.00..814.46 rows=2 width=0)
         Filter: (listing_id = 81455)
[0m
  [4;36;1mSQL (11.3ms)[0m   [0;1mSELECT count(*) AS count_all FROM "clicks" WHERE ("clicks".listing_id = 81690) [0m
  [4;35;1mAnalyzing  Execution Time: 0.011628

[0m   [0mAggregate  (cost=814.47..814.48 rows=1 width=0)
   ->  Seq Scan on clicks  (cost=0.00..814.46 rows=2 width=0)
         Filter: (listing_id = 81690)
[0m
  [4;36;1mSQL (9.2ms)[0m   [0;1mSELECT count(*) AS count_all FROM "clicks" WHERE ("clicks".listing_id = 113276) [0m
  [4;35;1mAnalyzing  Execution Time: 0.009488

[0m   [0mAggregate  (cost=814.47..814.48 rows=1 width=0)
   ->  Seq Scan on clicks  (cost=0.00..814.46 rows=2 width=0)
         Filter: (listing_id = 113276)
[0m
  [4;36;1mSQL (1.9ms)[0m   [0;1mSELECT count(*) AS count_all FROM "listings" WHERE ("listings".user_id = 25571) [0m
  [4;35;1mAnalyzing  Execution Time: 0.002232

[0m   [0mAggregate  (cost=1615.81..1615.82 rows=1 width=0)
   ->  Index Scan using index_listings_on_id_and_user_id_and_title on listings  (cost=0.00..1615.79 rows=4 width=0)
         Index Cond: (user_id = 25571)
[0m
  [4;36;1mListing Load (2.0ms)[0m   [0;1mSELECT * FROM "listings" WHERE ("listings".user_id = 25571) [0m
  [4;35;1mAnalyzing Listing Load Execution Time: 0.002744

[0m   [0mIndex Scan using index_listings_on_id_and_user_id_and_title on listings  (cost=0.00..1615.79 rows=4 width=1172)
   Index Cond: (user_id = 25571)
[0m
  [4;36;1mSQL (152.5ms)[0m   [0;1mSELECT count(*) AS count_all FROM "impressions" WHERE ("impressions".listing_id = 66869) [0m
  [4;35;1mAnalyzing  Execution Time: 0.152774

[0m   [0mAggregate  (cost=12714.08..12714.09 rows=1 width=0)
   ->  Seq Scan on impressions  (cost=0.00..12714.00 rows=31 width=0)
         Filter: (listing_id = 66869)
[0m
  [4;36;1mSQL (8.9ms)[0m   [0;1mSELECT count(*) AS count_all FROM "clicks" WHERE ("clicks".listing_id = 66869) [0m
  [4;35;1mAnalyzing  Execution Time: 0.009213

[0m   [0mAggregate  (cost=814.47..814.48 rows=1 width=0)
   ->  Seq Scan on clicks  (cost=0.00..814.46 rows=2 width=0)
         Filter: (listing_id = 66869)
[0m
  [4;36;1mSQL (2.2ms)[0m   [0;1mSELECT count(*) AS count_all FROM "listings" WHERE ("listings".user_id = 25341) [0m
  [4;35;1mAnalyzing  Execution Time: 0.002463

[0m   [0mAggregate  (cost=1615.81..1615.82 rows=1 width=0)
   ->  Index Scan using index_listings_on_id_and_user_id_and_title on listings  (cost=0.00..1615.79 rows=4 width=0)
         Index Cond: (user_id = 25341)
[0m
  [4;36;1mListing Load (4.1ms)[0m   [0;1mSELECT * FROM "listings" WHERE ("listings".user_id = 25341) [0m
  [4;35;1mAnalyzing Listing Load Execution Time: 0.006515

[0m   [0mIndex Scan using index_listings_on_id_and_user_id_and_title on listings  (cost=0.00..1615.79 rows=4 width=1172)
   Index Cond: (user_id = 25341)
[0m
  [4;36;1mSQL (151.8ms)[0m   [0;1mSELECT count(*) AS count_all FROM "impressions" WHERE ("impressions".listing_id = 84194) [0m
  [4;35;1mAnalyzing  Execution Time: 0.152172

[0m   [0mAggregate  (cost=12714.08..12714.09 rows=1 width=0)
   ->  Seq Scan on impressions  (cost=0.00..12714.00 rows=31 width=0)
         Filter: (listing_id = 84194)
[0m
  [4;36;1mSQL (153.1ms)[0m   [0;1mSELECT count(*) AS count_all FROM "impressions" WHERE ("impressions".listing_id = 84195) [0m
  [4;35;1mAnalyzing  Execution Time: 0.15334

[0m   [0mAggregate  (cost=12714.08..12714.09 rows=1 width=0)
   ->  Seq Scan on impressions  (cost=0.00..12714.00 rows=31 width=0)
         Filter: (listing_id = 84195)
[0m
  [4;36;1mSQL (164.1ms)[0m   [0;1mSELECT count(*) AS count_all FROM "impressions" WHERE ("impressions".listing_id = 84196) [0m
  [4;35;1mAnalyzing  Execution Time: 0.164402

[0m   [0mAggregate  (cost=12714.08..12714.09 rows=1 width=0)
   ->  Seq Scan on impressions  (cost=0.00..12714.00 rows=31 width=0)
         Filter: (listing_id = 84196)
[0m
  [4;36;1mSQL (164.2ms)[0m   [0;1mSELECT count(*) AS count_all FROM "impressions" WHERE ("impressions".listing_id = 113061) [0m
  [4;35;1mAnalyzing  Execution Time: 0.164491

[0m   [0mAggregate  (cost=12714.08..12714.09 rows=1 width=0)
   ->  Seq Scan on impressions  (cost=0.00..12714.00 rows=31 width=0)
         Filter: (listing_id = 113061)
[0m
  [4;36;1mSQL (9.2ms)[0m   [0;1mSELECT count(*) AS count_all FROM "clicks" WHERE ("clicks".listing_id = 84194) [0m
  [4;35;1mAnalyzing  Execution Time: 0.00952

[0m   [0mAggregate  (cost=814.47..814.48 rows=1 width=0)
   ->  Seq Scan on clicks  (cost=0.00..814.46 rows=2 width=0)
         Filter: (listing_id = 84194)
[0m
  [4;36;1mSQL (10.4ms)[0m   [0;1mSELECT count(*) AS count_all FROM "clicks" WHERE ("clicks".listing_id = 84195) [0m
  [4;35;1mAnalyzing  Execution Time: 0.01063

[0m   [0mAggregate  (cost=814.47..814.48 rows=1 width=0)
   ->  Seq Scan on clicks  (cost=0.00..814.46 rows=2 width=0)
         Filter: (listing_id = 84195)
[0m
  [4;36;1mSQL (9.4ms)[0m   [0;1mSELECT count(*) AS count_all FROM "clicks" WHERE ("clicks".listing_id = 84196) [0m
  [4;35;1mAnalyzing  Execution Time: 0.009635

[0m   [0mAggregate  (cost=814.47..814.48 rows=1 width=0)
   ->  Seq Scan on clicks  (cost=0.00..814.46 rows=2 width=0)
         Filter: (listing_id = 84196)
[0m
  [4;36;1mSQL (8.7ms)[0m   [0;1mSELECT count(*) AS count_all FROM "clicks" WHERE ("clicks".listing_id = 113061) [0m
  [4;35;1mAnalyzing  Execution Time: 0.008934

[0m   [0mAggregate  (cost=814.47..814.48 rows=1 width=0)
   ->  Seq Scan on clicks  (cost=0.00..814.46 rows=2 width=0)
         Filter: (listing_id = 113061)
[0m
  [4;36;1mSQL (4.6ms)[0m   [0;1mSELECT count(*) AS count_all FROM "listings" WHERE ("listings".user_id = 25437) [0m
  [4;35;1mAnalyzing  Execution Time: 0.004902

[0m   [0mAggregate  (cost=1615.81..1615.82 rows=1 width=0)
   ->  Index Scan using index_listings_on_id_and_user_id_and_title on listings  (cost=0.00..1615.79 rows=4 width=0)
         Index Cond: (user_id = 25437)
[0m
  [4;36;1mListing Load (2.5ms)[0m   [0;1mSELECT * FROM "listings" WHERE ("listings".user_id = 25437) [0m
  [4;35;1mAnalyzing Listing Load Execution Time: 0.003637

[0m   [0mIndex Scan using index_listings_on_id_and_user_id_and_title on listings  (cost=0.00..1615.79 rows=4 width=1172)
   Index Cond: (user_id = 25437)
[0m
  [4;36;1mSQL (164.5ms)[0m   [0;1mSELECT count(*) AS count_all FROM "impressions" WHERE ("impressions".listing_id = 83719) [0m
  [4;35;1mAnalyzing  Execution Time: 0.164792

[0m   [0mAggregate  (cost=12714.08..12714.09 rows=1 width=0)
   ->  Seq Scan on impressions  (cost=0.00..12714.00 rows=31 width=0)
         Filter: (listing_id = 83719)
[0m
  [4;36;1mSQL (164.6ms)[0m   [0;1mSELECT count(*) AS count_all FROM "impressions" WHERE ("impressions".listing_id = 113121) [0m
  [4;35;1mAnalyzing  Execution Time: 0.164932

[0m   [0mAggregate  (cost=12714.08..12714.09 rows=1 width=0)
   ->  Seq Scan on impressions  (cost=0.00..12714.00 rows=31 width=0)
         Filter: (listing_id = 113121)
[0m
  [4;36;1mSQL (9.9ms)[0m   [0;1mSELECT count(*) AS count_all FROM "clicks" WHERE ("clicks".listing_id = 83719) [0m
  [4;35;1mAnalyzing  Execution Time: 0.010213

[0m   [0mAggregate  (cost=814.47..814.48 rows=1 width=0)
   ->  Seq Scan on clicks  (cost=0.00..814.46 rows=2 width=0)
         Filter: (listing_id = 83719)
[0m
  [4;36;1mSQL (8.8ms)[0m   [0;1mSELECT count(*) AS count_all FROM "clicks" WHERE ("clicks".listing_id = 113121) [0m
  [4;35;1mAnalyzing  Execution Time: 0.009129

[0m   [0mAggregate  (cost=814.47..814.48 rows=1 width=0)
   ->  Seq Scan on clicks  (cost=0.00..814.46 rows=2 width=0)
         Filter: (listing_id = 113121)
[0m
  [4;36;1mSQL (2.5ms)[0m   [0;1mSELECT count(*) AS count_all FROM "listings" WHERE ("listings".user_id = 25385) [0m
  [4;35;1mAnalyzing  Execution Time: 0.002781

[0m   [0mAggregate  (cost=1615.81..1615.82 rows=1 width=0)
   ->  Index Scan using index_listings_on_id_and_user_id_and_title on listings  (cost=0.00..1615.79 rows=4 width=0)
         Index Cond: (user_id = 25385)
[0m
  [4;36;1mListing Load (2.5ms)[0m   [0;1mSELECT * FROM "listings" WHERE ("listings".user_id = 25385) [0m
  [4;35;1mAnalyzing Listing Load Execution Time: 0.0033

[0m   [0mIndex Scan using index_listings_on_id_and_user_id_and_title on listings  (cost=0.00..1615.79 rows=4 width=1172)
   Index Cond: (user_id = 25385)
[0m
  [4;36;1mSQL (160.2ms)[0m   [0;1mSELECT count(*) AS count_all FROM "impressions" WHERE ("impressions".listing_id = 113088) [0m
  [4;35;1mAnalyzing  Execution Time: 0.160451

[0m   [0mAggregate  (cost=12714.08..12714.09 rows=1 width=0)
   ->  Seq Scan on impressions  (cost=0.00..12714.00 rows=31 width=0)
         Filter: (listing_id = 113088)
[0m
  [4;36;1mSQL (9.9ms)[0m   [0;1mSELECT count(*) AS count_all FROM "clicks" WHERE ("clicks".listing_id = 113088) [0m
  [4;35;1mAnalyzing  Execution Time: 0.010173

[0m   [0mAggregate  (cost=814.47..814.48 rows=1 width=0)
   ->  Seq Scan on clicks  (cost=0.00..814.46 rows=2 width=0)
         Filter: (listing_id = 113088)
[0m
  [4;36;1mSQL (2.2ms)[0m   [0;1mSELECT count(*) AS count_all FROM "listings" WHERE ("listings".user_id = 25379) [0m
  [4;35;1mAnalyzing  Execution Time: 0.002466

[0m   [0mAggregate  (cost=1615.81..1615.82 rows=1 width=0)
   ->  Index Scan using index_listings_on_id_and_user_id_and_title on listings  (cost=0.00..1615.79 rows=4 width=0)
         Index Cond: (user_id = 25379)
[0m
  [4;36;1mListing Load (2.1ms)[0m   [0;1mSELECT * FROM "listings" WHERE ("listings".user_id = 25379) [0m
  [4;35;1mAnalyzing Listing Load Execution Time: 0.002778

[0m   [0mIndex Scan using index_listings_on_id_and_user_id_and_title on listings  (cost=0.00..1615.79 rows=4 width=1172)
   Index Cond: (user_id = 25379)
[0m
  [4;36;1mSQL (153.3ms)[0m   [0;1mSELECT count(*) AS count_all FROM "impressions" WHERE ("impressions".listing_id = 78660) [0m
  [4;35;1mAnalyzing  Execution Time: 0.153574

[0m   [0mAggregate  (cost=12714.08..12714.09 rows=1 width=0)
   ->  Seq Scan on impressions  (cost=0.00..12714.00 rows=31 width=0)
         Filter: (listing_id = 78660)
[0m
  [4;36;1mSQL (10.1ms)[0m   [0;1mSELECT count(*) AS count_all FROM "clicks" WHERE ("clicks".listing_id = 78660) [0m
  [4;35;1mAnalyzing  Execution Time: 0.010423

[0m   [0mAggregate  (cost=814.47..814.48 rows=1 width=0)
   ->  Seq Scan on clicks  (cost=0.00..814.46 rows=2 width=0)
         Filter: (listing_id = 78660)
[0m
  [4;36;1mSQL (2.4ms)[0m   [0;1mSELECT count(*) AS count_all FROM "listings" WHERE ("listings".user_id = 25562) [0m
  [4;35;1mAnalyzing  Execution Time: 0.00265

[0m   [0mAggregate  (cost=1615.81..1615.82 rows=1 width=0)
   ->  Index Scan using index_listings_on_id_and_user_id_and_title on listings  (cost=0.00..1615.79 rows=4 width=0)
         Index Cond: (user_id = 25562)
[0m
  [4;36;1mListing Load (2.2ms)[0m   [0;1mSELECT * FROM "listings" WHERE ("listings".user_id = 25562) [0m
  [4;35;1mAnalyzing Listing Load Execution Time: 0.002993

[0m   [0mIndex Scan using index_listings_on_id_and_user_id_and_title on listings  (cost=0.00..1615.79 rows=4 width=1172)
   Index Cond: (user_id = 25562)
[0m
  [4;36;1mSQL (174.6ms)[0m   [0;1mSELECT count(*) AS count_all FROM "impressions" WHERE ("impressions".listing_id = 113269) [0m
  [4;35;1mAnalyzing  Execution Time: 0.174894

[0m   [0mAggregate  (cost=12714.08..12714.09 rows=1 width=0)
   ->  Seq Scan on impressions  (cost=0.00..12714.00 rows=31 width=0)
         Filter: (listing_id = 113269)
[0m
  [4;36;1mSQL (9.9ms)[0m   [0;1mSELECT count(*) AS count_all FROM "clicks" WHERE ("clicks".listing_id = 113269) [0m
  [4;35;1mAnalyzing  Execution Time: 0.010187

[0m   [0mAggregate  (cost=814.47..814.48 rows=1 width=0)
   ->  Seq Scan on clicks  (cost=0.00..814.46 rows=2 width=0)
         Filter: (listing_id = 113269)
[0m
  [4;36;1mSQL (2.0ms)[0m   [0;1mSELECT count(*) AS count_all FROM "listings" WHERE ("listings".user_id = 25555) [0m
  [4;35;1mAnalyzing  Execution Time: 0.002279

[0m   [0mAggregate  (cost=1615.81..1615.82 rows=1 width=0)
   ->  Index Scan using index_listings_on_id_and_user_id_and_title on listings  (cost=0.00..1615.79 rows=4 width=0)
         Index Cond: (user_id = 25555)
[0m
  [4;36;1mListing Load (2.2ms)[0m   [0;1mSELECT * FROM "listings" WHERE ("listings".user_id = 25555) [0m
  [4;35;1mAnalyzing Listing Load Execution Time: 0.002945

[0m   [0mIndex Scan using index_listings_on_id_and_user_id_and_title on listings  (cost=0.00..1615.79 rows=4 width=1172)
   Index Cond: (user_id = 25555)
[0m
  [4;36;1mSQL (151.8ms)[0m   [0;1mSELECT count(*) AS count_all FROM "impressions" WHERE ("impressions".listing_id = 113257) [0m
  [4;35;1mAnalyzing  Execution Time: 0.15211

[0m   [0mAggregate  (cost=12714.08..12714.09 rows=1 width=0)
   ->  Seq Scan on impressions  (cost=0.00..12714.00 rows=31 width=0)
         Filter: (listing_id = 113257)
[0m
  [4;36;1mSQL (9.3ms)[0m   [0;1mSELECT count(*) AS count_all FROM "clicks" WHERE ("clicks".listing_id = 113257) [0m
  [4;35;1mAnalyzing  Execution Time: 0.009608

[0m   [0mAggregate  (cost=814.47..814.48 rows=1 width=0)
   ->  Seq Scan on clicks  (cost=0.00..814.46 rows=2 width=0)
         Filter: (listing_id = 113257)
[0m
  [4;36;1mSQL (2.0ms)[0m   [0;1mSELECT count(*) AS count_all FROM "listings" WHERE ("listings".user_id = 25552) [0m
  [4;35;1mAnalyzing  Execution Time: 0.002204

[0m   [0mAggregate  (cost=1615.81..1615.82 rows=1 width=0)
   ->  Index Scan using index_listings_on_id_and_user_id_and_title on listings  (cost=0.00..1615.79 rows=4 width=0)
         Index Cond: (user_id = 25552)
[0m
  [4;36;1mListing Load (2.0ms)[0m   [0;1mSELECT * FROM "listings" WHERE ("listings".user_id = 25552) [0m
  [4;35;1mAnalyzing Listing Load Execution Time: 0.002758

[0m   [0mIndex Scan using index_listings_on_id_and_user_id_and_title on listings  (cost=0.00..1615.79 rows=4 width=1172)
   Index Cond: (user_id = 25552)
[0m
  [4;36;1mSQL (159.4ms)[0m   [0;1mSELECT count(*) AS count_all FROM "impressions" WHERE ("impressions".listing_id = 75057) [0m
  [4;35;1mAnalyzing  Execution Time: 0.159621

[0m   [0mAggregate  (cost=12714.08..12714.09 rows=1 width=0)
   ->  Seq Scan on impressions  (cost=0.00..12714.00 rows=31 width=0)
         Filter: (listing_id = 75057)
[0m
  [4;36;1mSQL (8.7ms)[0m   [0;1mSELECT count(*) AS count_all FROM "clicks" WHERE ("clicks".listing_id = 75057) [0m
  [4;35;1mAnalyzing  Execution Time: 0.008984

[0m   [0mAggregate  (cost=814.47..814.48 rows=1 width=0)
   ->  Seq Scan on clicks  (cost=0.00..814.46 rows=2 width=0)
         Filter: (listing_id = 75057)
[0m
  [4;36;1mSQL (3.3ms)[0m   [0;1mSELECT count(*) AS count_all FROM "listings" WHERE ("listings".user_id = 25390) [0m
  [4;35;1mAnalyzing  Execution Time: 0.003897

[0m   [0mAggregate  (cost=1615.81..1615.82 rows=1 width=0)
   ->  Index Scan using index_listings_on_id_and_user_id_and_title on listings  (cost=0.00..1615.79 rows=4 width=0)
         Index Cond: (user_id = 25390)
[0m
  [4;36;1mListing Load (2.3ms)[0m   [0;1mSELECT * FROM "listings" WHERE ("listings".user_id = 25390) [0m
  [4;35;1mAnalyzing Listing Load Execution Time: 0.003099

[0m   [0mIndex Scan using index_listings_on_id_and_user_id_and_title on listings  (cost=0.00..1615.79 rows=4 width=1172)
   Index Cond: (user_id = 25390)
[0m
  [4;36;1mSQL (165.8ms)[0m   [0;1mSELECT count(*) AS count_all FROM "impressions" WHERE ("impressions".listing_id = 101070) [0m
  [4;35;1mAnalyzing  Execution Time: 0.166114

[0m   [0mAggregate  (cost=12714.08..12714.09 rows=1 width=0)
   ->  Seq Scan on impressions  (cost=0.00..12714.00 rows=31 width=0)
         Filter: (listing_id = 101070)
[0m
  [4;36;1mSQL (8.4ms)[0m   [0;1mSELECT count(*) AS count_all FROM "clicks" WHERE ("clicks".listing_id = 101070) [0m
  [4;35;1mAnalyzing  Execution Time: 0.008702

[0m   [0mAggregate  (cost=814.47..814.48 rows=1 width=0)
   ->  Seq Scan on clicks  (cost=0.00..814.46 rows=2 width=0)
         Filter: (listing_id = 101070)
[0m
  [4;36;1mSQL (2.1ms)[0m   [0;1mSELECT count(*) AS count_all FROM "listings" WHERE ("listings".user_id = 25409) [0m
  [4;35;1mAnalyzing  Execution Time: 0.002344

[0m   [0mAggregate  (cost=1615.81..1615.82 rows=1 width=0)
   ->  Index Scan using index_listings_on_id_and_user_id_and_title on listings  (cost=0.00..1615.79 rows=4 width=0)
         Index Cond: (user_id = 25409)
[0m
  [4;36;1mListing Load (2.4ms)[0m   [0;1mSELECT * FROM "listings" WHERE ("listings".user_id = 25409) [0m
  [4;35;1mAnalyzing Listing Load Execution Time: 0.003987

[0m   [0mIndex Scan using index_listings_on_id_and_user_id_and_title on listings  (cost=0.00..1615.79 rows=4 width=1172)
   Index Cond: (user_id = 25409)
[0m
  [4;36;1mSQL (145.7ms)[0m   [0;1mSELECT count(*) AS count_all FROM "impressions" WHERE ("impressions".listing_id = 81725) [0m
  [4;35;1mAnalyzing  Execution Time: 0.145978

[0m   [0mAggregate  (cost=12714.08..12714.09 rows=1 width=0)
   ->  Seq Scan on impressions  (cost=0.00..12714.00 rows=31 width=0)
         Filter: (listing_id = 81725)
[0m
  [4;36;1mSQL (8.7ms)[0m   [0;1mSELECT count(*) AS count_all FROM "clicks" WHERE ("clicks".listing_id = 81725) [0m
  [4;35;1mAnalyzing  Execution Time: 0.008971

[0m   [0mAggregate  (cost=814.47..814.48 rows=1 width=0)
   ->  Seq Scan on clicks  (cost=0.00..814.46 rows=2 width=0)
         Filter: (listing_id = 81725)
[0m
  [4;36;1mSQL (2.1ms)[0m   [0;1mSELECT count(*) AS count_all FROM "listings" WHERE ("listings".user_id = 25567) [0m
  [4;35;1mAnalyzing  Execution Time: 0.002582

[0m   [0mAggregate  (cost=1615.81..1615.82 rows=1 width=0)
   ->  Index Scan using index_listings_on_id_and_user_id_and_title on listings  (cost=0.00..1615.79 rows=4 width=0)
         Index Cond: (user_id = 25567)
[0m
  [4;36;1mListing Load (2.4ms)[0m   [0;1mSELECT * FROM "listings" WHERE ("listings".user_id = 25567) [0m
  [4;35;1mAnalyzing Listing Load Execution Time: 0.003202

[0m   [0mIndex Scan using index_listings_on_id_and_user_id_and_title on listings  (cost=0.00..1615.79 rows=4 width=1172)
   Index Cond: (user_id = 25567)
[0m
  [4;36;1mSQL (146.4ms)[0m   [0;1mSELECT count(*) AS count_all FROM "impressions" WHERE ("impressions".listing_id = 113272) [0m
  [4;35;1mAnalyzing  Execution Time: 0.146696

[0m   [0mAggregate  (cost=12714.08..12714.09 rows=1 width=0)
   ->  Seq Scan on impressions  (cost=0.00..12714.00 rows=31 width=0)
         Filter: (listing_id = 113272)
[0m
  [4;36;1mSQL (8.5ms)[0m   [0;1mSELECT count(*) AS count_all FROM "clicks" WHERE ("clicks".listing_id = 113272) [0m
  [4;35;1mAnalyzing  Execution Time: 0.008787

[0m   [0mAggregate  (cost=814.47..814.48 rows=1 width=0)
   ->  Seq Scan on clicks  (cost=0.00..814.46 rows=2 width=0)
         Filter: (listing_id = 113272)
[0m
  [4;36;1mSQL (2.7ms)[0m   [0;1mSELECT count(*) AS count_all FROM "listings" WHERE ("listings".user_id = 25564) [0m
  [4;35;1mAnalyzing  Execution Time: 0.002974

[0m   [0mAggregate  (cost=1615.81..1615.82 rows=1 width=0)
   ->  Index Scan using index_listings_on_id_and_user_id_and_title on listings  (cost=0.00..1615.79 rows=4 width=0)
         Index Cond: (user_id = 25564)
[0m
  [4;36;1mListing Load (2.8ms)[0m   [0;1mSELECT * FROM "listings" WHERE ("listings".user_id = 25564) [0m
  [4;35;1mAnalyzing Listing Load Execution Time: 0.003688

[0m   [0mIndex Scan using index_listings_on_id_and_user_id_and_title on listings  (cost=0.00..1615.79 rows=4 width=1172)
   Index Cond: (user_id = 25564)
[0m
  [4;36;1mSQL (148.4ms)[0m   [0;1mSELECT count(*) AS count_all FROM "impressions" WHERE ("impressions".listing_id = 105378) [0m
  [4;35;1mAnalyzing  Execution Time: 0.148712

[0m   [0mAggregate  (cost=12714.08..12714.09 rows=1 width=0)
   ->  Seq Scan on impressions  (cost=0.00..12714.00 rows=31 width=0)
         Filter: (listing_id = 105378)
[0m
  [4;36;1mSQL (9.8ms)[0m   [0;1mSELECT count(*) AS count_all FROM "clicks" WHERE ("clicks".listing_id = 105378) [0m
  [4;35;1mAnalyzing  Execution Time: 0.010041

[0m   [0mAggregate  (cost=814.47..814.48 rows=1 width=0)
   ->  Seq Scan on clicks  (cost=0.00..814.46 rows=2 width=0)
         Filter: (listing_id = 105378)
[0m
  [4;36;1mSQL (2.8ms)[0m   [0;1mSELECT count(*) AS count_all FROM "listings" WHERE ("listings".user_id = 25563) [0m
  [4;35;1mAnalyzing  Execution Time: 0.003045

[0m   [0mAggregate  (cost=1615.81..1615.82 rows=1 width=0)
   ->  Index Scan using index_listings_on_id_and_user_id_and_title on listings  (cost=0.00..1615.79 rows=4 width=0)
         Index Cond: (user_id = 25563)
[0m
  [4;36;1mListing Load (2.1ms)[0m   [0;1mSELECT * FROM "listings" WHERE ("listings".user_id = 25563) [0m
  [4;35;1mAnalyzing Listing Load Execution Time: 0.002786

[0m   [0mIndex Scan using index_listings_on_id_and_user_id_and_title on listings  (cost=0.00..1615.79 rows=4 width=1172)
   Index Cond: (user_id = 25563)
[0m
  [4;36;1mSQL (148.9ms)[0m   [0;1mSELECT count(*) AS count_all FROM "impressions" WHERE ("impressions".listing_id = 101030) [0m
  [4;35;1mAnalyzing  Execution Time: 0.14924

[0m   [0mAggregate  (cost=12714.08..12714.09 rows=1 width=0)
   ->  Seq Scan on impressions  (cost=0.00..12714.00 rows=31 width=0)
         Filter: (listing_id = 101030)
[0m
  [4;36;1mSQL (9.5ms)[0m   [0;1mSELECT count(*) AS count_all FROM "clicks" WHERE ("clicks".listing_id = 101030) [0m
  [4;35;1mAnalyzing  Execution Time: 0.009766

[0m   [0mAggregate  (cost=814.47..814.48 rows=1 width=0)
   ->  Seq Scan on clicks  (cost=0.00..814.46 rows=2 width=0)
         Filter: (listing_id = 101030)
[0m
  [4;36;1mSQL (2.1ms)[0m   [0;1mSELECT count(*) AS count_all FROM "listings" WHERE ("listings".user_id = 25560) [0m
  [4;35;1mAnalyzing  Execution Time: 0.0024

[0m   [0mAggregate  (cost=1615.81..1615.82 rows=1 width=0)
   ->  Index Scan using index_listings_on_id_and_user_id_and_title on listings  (cost=0.00..1615.79 rows=4 width=0)
         Index Cond: (user_id = 25560)
[0m
  [4;36;1mListing Load (2.0ms)[0m   [0;1mSELECT * FROM "listings" WHERE ("listings".user_id = 25560) [0m
  [4;35;1mAnalyzing Listing Load Execution Time: 0.00275

[0m   [0mIndex Scan using index_listings_on_id_and_user_id_and_title on listings  (cost=0.00..1615.79 rows=4 width=1172)
   Index Cond: (user_id = 25560)
[0m
  [4;36;1mSQL (150.5ms)[0m   [0;1mSELECT count(*) AS count_all FROM "impressions" WHERE ("impressions".listing_id = 113267) [0m
  [4;35;1mAnalyzing  Execution Time: 0.15077

[0m   [0mAggregate  (cost=12714.08..12714.09 rows=1 width=0)
   ->  Seq Scan on impressions  (cost=0.00..12714.00 rows=31 width=0)
         Filter: (listing_id = 113267)
[0m
  [4;36;1mSQL (8.7ms)[0m   [0;1mSELECT count(*) AS count_all FROM "clicks" WHERE ("clicks".listing_id = 113267) [0m
  [4;35;1mAnalyzing  Execution Time: 0.008994

[0m   [0mAggregate  (cost=814.47..814.48 rows=1 width=0)
   ->  Seq Scan on clicks  (cost=0.00..814.46 rows=2 width=0)
         Filter: (listing_id = 113267)
[0m
  [4;36;1mSQL (2.1ms)[0m   [0;1mSELECT count(*) AS count_all FROM "listings" WHERE ("listings".user_id = 25436) [0m
  [4;35;1mAnalyzing  Execution Time: 0.002324

[0m   [0mAggregate  (cost=1615.81..1615.82 rows=1 width=0)
   ->  Index Scan using index_listings_on_id_and_user_id_and_title on listings  (cost=0.00..1615.79 rows=4 width=0)
         Index Cond: (user_id = 25436)
[0m
  [4;36;1mListing Load (1.9ms)[0m   [0;1mSELECT * FROM "listings" WHERE ("listings".user_id = 25436) [0m
  [4;35;1mAnalyzing Listing Load Execution Time: 0.002643

[0m   [0mIndex Scan using index_listings_on_id_and_user_id_and_title on listings  (cost=0.00..1615.79 rows=4 width=1172)
   Index Cond: (user_id = 25436)
[0m
  [4;36;1mSQL (148.6ms)[0m   [0;1mSELECT count(*) AS count_all FROM "impressions" WHERE ("impressions".listing_id = 82582) [0m
  [4;35;1mAnalyzing  Execution Time: 0.148883

[0m   [0mAggregate  (cost=12714.08..12714.09 rows=1 width=0)
   ->  Seq Scan on impressions  (cost=0.00..12714.00 rows=31 width=0)
         Filter: (listing_id = 82582)
[0m
  [4;36;1mSQL (8.4ms)[0m   [0;1mSELECT count(*) AS count_all FROM "clicks" WHERE ("clicks".listing_id = 82582) [0m
  [4;35;1mAnalyzing  Execution Time: 0.0087

[0m   [0mAggregate  (cost=814.47..814.48 rows=1 width=0)
   ->  Seq Scan on clicks  (cost=0.00..814.46 rows=2 width=0)
         Filter: (listing_id = 82582)
[0m
  [4;36;1mSQL (2.0ms)[0m   [0;1mSELECT count(*) AS count_all FROM "listings" WHERE ("listings".user_id = 25559) [0m
  [4;35;1mAnalyzing  Execution Time: 0.002278

[0m   [0mAggregate  (cost=1615.81..1615.82 rows=1 width=0)
   ->  Index Scan using index_listings_on_id_and_user_id_and_title on listings  (cost=0.00..1615.79 rows=4 width=0)
         Index Cond: (user_id = 25559)
[0m
  [4;36;1mListing Load (2.2ms)[0m   [0;1mSELECT * FROM "listings" WHERE ("listings".user_id = 25559) [0m
  [4;35;1mAnalyzing Listing Load Execution Time: 0.003021

[0m   [0mIndex Scan using index_listings_on_id_and_user_id_and_title on listings  (cost=0.00..1615.79 rows=4 width=1172)
   Index Cond: (user_id = 25559)
[0m
  [4;36;1mSQL (152.8ms)[0m   [0;1mSELECT count(*) AS count_all FROM "impressions" WHERE ("impressions".listing_id = 81581) [0m
  [4;35;1mAnalyzing  Execution Time: 0.153124

[0m   [0mAggregate  (cost=12714.08..12714.09 rows=1 width=0)
   ->  Seq Scan on impressions  (cost=0.00..12714.00 rows=31 width=0)
         Filter: (listing_id = 81581)
[0m
  [4;36;1mSQL (8.8ms)[0m   [0;1mSELECT count(*) AS count_all FROM "clicks" WHERE ("clicks".listing_id = 81581) [0m
  [4;35;1mAnalyzing  Execution Time: 0.009123

[0m   [0mAggregate  (cost=814.47..814.48 rows=1 width=0)
   ->  Seq Scan on clicks  (cost=0.00..814.46 rows=2 width=0)
         Filter: (listing_id = 81581)
[0m
  [4;36;1mSQL (2.9ms)[0m   [0;1mSELECT count(*) AS count_all FROM "listings" WHERE ("listings".user_id = 25558) [0m
  [4;35;1mAnalyzing  Execution Time: 0.003167

[0m   [0mAggregate  (cost=1615.81..1615.82 rows=1 width=0)
   ->  Index Scan using index_listings_on_id_and_user_id_and_title on listings  (cost=0.00..1615.79 rows=4 width=0)
         Index Cond: (user_id = 25558)
[0m
  [4;36;1mListing Load (2.7ms)[0m   [0;1mSELECT * FROM "listings" WHERE ("listings".user_id = 25558) [0m
  [4;35;1mAnalyzing Listing Load Execution Time: 0.003472

[0m   [0mIndex Scan using index_listings_on_id_and_user_id_and_title on listings  (cost=0.00..1615.79 rows=4 width=1172)
   Index Cond: (user_id = 25558)
[0m
  [4;36;1mSQL (146.4ms)[0m   [0;1mSELECT count(*) AS count_all FROM "impressions" WHERE ("impressions".listing_id = 113266) [0m
  [4;35;1mAnalyzing  Execution Time: 0.146718

[0m   [0mAggregate  (cost=12714.08..12714.09 rows=1 width=0)
   ->  Seq Scan on impressions  (cost=0.00..12714.00 rows=31 width=0)
         Filter: (listing_id = 113266)
[0m
  [4;36;1mSQL (10.2ms)[0m   [0;1mSELECT count(*) AS count_all FROM "clicks" WHERE ("clicks".listing_id = 113266) [0m
  [4;35;1mAnalyzing  Execution Time: 0.010511

[0m   [0mAggregate  (cost=814.47..814.48 rows=1 width=0)
   ->  Seq Scan on clicks  (cost=0.00..814.46 rows=2 width=0)
         Filter: (listing_id = 113266)
[0m
  [4;36;1mSQL (2.4ms)[0m   [0;1mSELECT count(*) AS count_all FROM "listings" WHERE ("listings".user_id = 25418) [0m
  [4;35;1mAnalyzing  Execution Time: 0.002695

[0m   [0mAggregate  (cost=1615.81..1615.82 rows=1 width=0)
   ->  Index Scan using index_listings_on_id_and_user_id_and_title on listings  (cost=0.00..1615.79 rows=4 width=0)
         Index Cond: (user_id = 25418)
[0m
  [4;36;1mListing Load (2.1ms)[0m   [0;1mSELECT * FROM "listings" WHERE ("listings".user_id = 25418) [0m
  [4;35;1mAnalyzing Listing Load Execution Time: 0.002777

[0m   [0mIndex Scan using index_listings_on_id_and_user_id_and_title on listings  (cost=0.00..1615.79 rows=4 width=1172)
   Index Cond: (user_id = 25418)
[0m
  [4;36;1mSQL (151.2ms)[0m   [0;1mSELECT count(*) AS count_all FROM "impressions" WHERE ("impressions".listing_id = 113109) [0m
  [4;35;1mAnalyzing  Execution Time: 0.151492

[0m   [0mAggregate  (cost=12714.08..12714.09 rows=1 width=0)
   ->  Seq Scan on impressions  (cost=0.00..12714.00 rows=31 width=0)
         Filter: (listing_id = 113109)
[0m
  [4;36;1mSQL (10.3ms)[0m   [0;1mSELECT count(*) AS count_all FROM "clicks" WHERE ("clicks".listing_id = 113109) [0m
  [4;35;1mAnalyzing  Execution Time: 0.010595

[0m   [0mAggregate  (cost=814.47..814.48 rows=1 width=0)
   ->  Seq Scan on clicks  (cost=0.00..814.46 rows=2 width=0)
         Filter: (listing_id = 113109)
[0m
  [4;36;1mSQL (2.1ms)[0m   [0;1mSELECT count(*) AS count_all FROM "listings" WHERE ("listings".user_id = 25557) [0m
  [4;35;1mAnalyzing  Execution Time: 0.002384

[0m   [0mAggregate  (cost=1615.81..1615.82 rows=1 width=0)
   ->  Index Scan using index_listings_on_id_and_user_id_and_title on listings  (cost=0.00..1615.79 rows=4 width=0)
         Index Cond: (user_id = 25557)
[0m
  [4;36;1mListing Load (2.0ms)[0m   [0;1mSELECT * FROM "listings" WHERE ("listings".user_id = 25557) [0m
  [4;35;1mAnalyzing Listing Load Execution Time: 0.002684

[0m   [0mIndex Scan using index_listings_on_id_and_user_id_and_title on listings  (cost=0.00..1615.79 rows=4 width=1172)
   Index Cond: (user_id = 25557)
[0m
  [4;36;1mSQL (156.3ms)[0m   [0;1mSELECT count(*) AS count_all FROM "impressions" WHERE ("impressions".listing_id = 81261) [0m
  [4;35;1mAnalyzing  Execution Time: 0.156533

[0m   [0mAggregate  (cost=12714.08..12714.09 rows=1 width=0)
   ->  Seq Scan on impressions  (cost=0.00..12714.00 rows=31 width=0)
         Filter: (listing_id = 81261)
[0m
  [4;36;1mSQL (8.7ms)[0m   [0;1mSELECT count(*) AS count_all FROM "clicks" WHERE ("clicks".listing_id = 81261) [0m
  [4;35;1mAnalyzing  Execution Time: 0.008989

[0m   [0mAggregate  (cost=814.47..814.48 rows=1 width=0)
   ->  Seq Scan on clicks  (cost=0.00..814.46 rows=2 width=0)
         Filter: (listing_id = 81261)
[0m
  [4;36;1mSQL (2.0ms)[0m   [0;1mSELECT count(*) AS count_all FROM "listings" WHERE ("listings".user_id = 25553) [0m
  [4;35;1mAnalyzing  Execution Time: 0.002285

[0m   [0mAggregate  (cost=1615.81..1615.82 rows=1 width=0)
   ->  Index Scan using index_listings_on_id_and_user_id_and_title on listings  (cost=0.00..1615.79 rows=4 width=0)
         Index Cond: (user_id = 25553)
[0m
  [4;36;1mListing Load (3.7ms)[0m   [0;1mSELECT * FROM "listings" WHERE ("listings".user_id = 25553) [0m
  [4;35;1mAnalyzing Listing Load Execution Time: 0.004864

[0m   [0mIndex Scan using index_listings_on_id_and_user_id_and_title on listings  (cost=0.00..1615.79 rows=4 width=1172)
   Index Cond: (user_id = 25553)
[0m
  [4;36;1mSQL (185.1ms)[0m   [0;1mSELECT count(*) AS count_all FROM "impressions" WHERE ("impressions".listing_id = 113256) [0m
  [4;35;1mAnalyzing  Execution Time: 0.185372

[0m   [0mAggregate  (cost=12714.08..12714.09 rows=1 width=0)
   ->  Seq Scan on impressions  (cost=0.00..12714.00 rows=31 width=0)
         Filter: (listing_id = 113256)
[0m
  [4;36;1mSQL (10.7ms)[0m   [0;1mSELECT count(*) AS count_all FROM "clicks" WHERE ("clicks".listing_id = 113256) [0m
  [4;35;1mAnalyzing  Execution Time: 0.011279

[0m   [0mAggregate  (cost=814.47..814.48 rows=1 width=0)
   ->  Seq Scan on clicks  (cost=0.00..814.46 rows=2 width=0)
         Filter: (listing_id = 113256)
[0m
  [4;36;1mSQL (3.3ms)[0m   [0;1mSELECT count(*) AS count_all FROM "listings" WHERE ("listings".user_id = 25358) [0m
  [4;35;1mAnalyzing  Execution Time: 0.003569

[0m   [0mAggregate  (cost=1615.81..1615.82 rows=1 width=0)
   ->  Index Scan using index_listings_on_id_and_user_id_and_title on listings  (cost=0.00..1615.79 rows=4 width=0)
         Index Cond: (user_id = 25358)
[0m
  [4;36;1mListing Load (2.0ms)[0m   [0;1mSELECT * FROM "listings" WHERE ("listings".user_id = 25358) [0m
  [4;35;1mAnalyzing Listing Load Execution Time: 0.002667

[0m   [0mIndex Scan using index_listings_on_id_and_user_id_and_title on listings  (cost=0.00..1615.79 rows=4 width=1172)
   Index Cond: (user_id = 25358)
[0m
  [4;36;1mSQL (144.1ms)[0m   [0;1mSELECT count(*) AS count_all FROM "impressions" WHERE ("impressions".listing_id = 113076) [0m
  [4;35;1mAnalyzing  Execution Time: 0.144328

[0m   [0mAggregate  (cost=12714.08..12714.09 rows=1 width=0)
   ->  Seq Scan on impressions  (cost=0.00..12714.00 rows=31 width=0)
         Filter: (listing_id = 113076)
[0m
  [4;36;1mSQL (9.9ms)[0m   [0;1mSELECT count(*) AS count_all FROM "clicks" WHERE ("clicks".listing_id = 113076) [0m
  [4;35;1mAnalyzing  Execution Time: 0.010156

[0m   [0mAggregate  (cost=814.47..814.48 rows=1 width=0)
   ->  Seq Scan on clicks  (cost=0.00..814.46 rows=2 width=0)
         Filter: (listing_id = 113076)
[0m
  [4;36;1mSQL (2.6ms)[0m   [0;1mSELECT count(*) AS count_all FROM "listings" WHERE ("listings".user_id = 25351) [0m
  [4;35;1mAnalyzing  Execution Time: 0.002865

[0m   [0mAggregate  (cost=1615.81..1615.82 rows=1 width=0)
   ->  Index Scan using index_listings_on_id_and_user_id_and_title on listings  (cost=0.00..1615.79 rows=4 width=0)
         Index Cond: (user_id = 25351)
[0m
  [4;36;1mListing Load (1.9ms)[0m   [0;1mSELECT * FROM "listings" WHERE ("listings".user_id = 25351) [0m
  [4;35;1mAnalyzing Listing Load Execution Time: 0.002624

[0m   [0mIndex Scan using index_listings_on_id_and_user_id_and_title on listings  (cost=0.00..1615.79 rows=4 width=1172)
   Index Cond: (user_id = 25351)
[0m
  [4;36;1mSQL (145.8ms)[0m   [0;1mSELECT count(*) AS count_all FROM "impressions" WHERE ("impressions".listing_id = 113071) [0m
  [4;35;1mAnalyzing  Execution Time: 0.146045

[0m   [0mAggregate  (cost=12714.08..12714.09 rows=1 width=0)
   ->  Seq Scan on impressions  (cost=0.00..12714.00 rows=31 width=0)
         Filter: (listing_id = 113071)
[0m
  [4;36;1mSQL (9.6ms)[0m   [0;1mSELECT count(*) AS count_all FROM "clicks" WHERE ("clicks".listing_id = 113071) [0m
  [4;35;1mAnalyzing  Execution Time: 0.00982

[0m   [0mAggregate  (cost=814.47..814.48 rows=1 width=0)
   ->  Seq Scan on clicks  (cost=0.00..814.46 rows=2 width=0)
         Filter: (listing_id = 113071)
[0m
  [4;36;1mSQL (2.1ms)[0m   [0;1mSELECT count(*) AS count_all FROM "listings" WHERE ("listings".user_id = 25548) [0m
  [4;35;1mAnalyzing  Execution Time: 0.002339

[0m   [0mAggregate  (cost=1615.81..1615.82 rows=1 width=0)
   ->  Index Scan using index_listings_on_id_and_user_id_and_title on listings  (cost=0.00..1615.79 rows=4 width=0)
         Index Cond: (user_id = 25548)
[0m
  [4;36;1mListing Load (1.9ms)[0m   [0;1mSELECT * FROM "listings" WHERE ("listings".user_id = 25548) [0m
  [4;35;1mAnalyzing Listing Load Execution Time: 0.00263

[0m   [0mIndex Scan using index_listings_on_id_and_user_id_and_title on listings  (cost=0.00..1615.79 rows=4 width=1172)
   Index Cond: (user_id = 25548)
[0m
  [4;36;1mSQL (143.9ms)[0m   [0;1mSELECT count(*) AS count_all FROM "impressions" WHERE ("impressions".listing_id = 113174) [0m
  [4;35;1mAnalyzing  Execution Time: 0.144194

[0m   [0mAggregate  (cost=12714.08..12714.09 rows=1 width=0)
   ->  Seq Scan on impressions  (cost=0.00..12714.00 rows=31 width=0)
         Filter: (listing_id = 113174)
[0m
  [4;36;1mSQL (9.2ms)[0m   [0;1mSELECT count(*) AS count_all FROM "clicks" WHERE ("clicks".listing_id = 113174) [0m
  [4;35;1mAnalyzing  Execution Time: 0.00945

[0m   [0mAggregate  (cost=814.47..814.48 rows=1 width=0)
   ->  Seq Scan on clicks  (cost=0.00..814.46 rows=2 width=0)
         Filter: (listing_id = 113174)
[0m
  [4;36;1mSQL (2.4ms)[0m   [0;1mSELECT count(*) AS count_all FROM "listings" WHERE ("listings".user_id = 25550) [0m
  [4;35;1mAnalyzing  Execution Time: 0.002628

[0m   [0mAggregate  (cost=1615.81..1615.82 rows=1 width=0)
   ->  Index Scan using index_listings_on_id_and_user_id_and_title on listings  (cost=0.00..1615.79 rows=4 width=0)
         Index Cond: (user_id = 25550)
[0m
  [4;36;1mListing Load (2.4ms)[0m   [0;1mSELECT * FROM "listings" WHERE ("listings".user_id = 25550) [0m
  [4;35;1mAnalyzing Listing Load Execution Time: 0.0155

[0m   [0mIndex Scan using index_listings_on_id_and_user_id_and_title on listings  (cost=0.00..1615.79 rows=4 width=1172)
   Index Cond: (user_id = 25550)
[0m
  [4;36;1mSQL (143.3ms)[0m   [0;1mSELECT count(*) AS count_all FROM "impressions" WHERE ("impressions".listing_id = 64827) [0m
  [4;35;1mAnalyzing  Execution Time: 0.143573

[0m   [0mAggregate  (cost=12714.08..12714.09 rows=1 width=0)
   ->  Seq Scan on impressions  (cost=0.00..12714.00 rows=31 width=0)
         Filter: (listing_id = 64827)
[0m
  [4;36;1mSQL (152.8ms)[0m   [0;1mSELECT count(*) AS count_all FROM "impressions" WHERE ("impressions".listing_id = 67737) [0m
  [4;35;1mAnalyzing  Execution Time: 0.15306

[0m   [0mAggregate  (cost=12714.08..12714.09 rows=1 width=0)
   ->  Seq Scan on impressions  (cost=0.00..12714.00 rows=31 width=0)
         Filter: (listing_id = 67737)
[0m
  [4;36;1mSQL (158.7ms)[0m   [0;1mSELECT count(*) AS count_all FROM "impressions" WHERE ("impressions".listing_id = 67738) [0m
  [4;35;1mAnalyzing  Execution Time: 0.158937

[0m   [0mAggregate  (cost=12714.08..12714.09 rows=1 width=0)
   ->  Seq Scan on impressions  (cost=0.00..12714.00 rows=31 width=0)
         Filter: (listing_id = 67738)
[0m
  [4;36;1mSQL (156.2ms)[0m   [0;1mSELECT count(*) AS count_all FROM "impressions" WHERE ("impressions".listing_id = 68832) [0m
  [4;35;1mAnalyzing  Execution Time: 0.15647

[0m   [0mAggregate  (cost=12714.08..12714.09 rows=1 width=0)
   ->  Seq Scan on impressions  (cost=0.00..12714.00 rows=31 width=0)
         Filter: (listing_id = 68832)
[0m
  [4;36;1mSQL (159.4ms)[0m   [0;1mSELECT count(*) AS count_all FROM "impressions" WHERE ("impressions".listing_id = 71586) [0m
  [4;35;1mAnalyzing  Execution Time: 0.159606

[0m   [0mAggregate  (cost=12714.08..12714.09 rows=1 width=0)
   ->  Seq Scan on impressions  (cost=0.00..12714.00 rows=31 width=0)
         Filter: (listing_id = 71586)
[0m
  [4;36;1mSQL (155.4ms)[0m   [0;1mSELECT count(*) AS count_all FROM "impressions" WHERE ("impressions".listing_id = 78646) [0m
  [4;35;1mAnalyzing  Execution Time: 0.155683

[0m   [0mAggregate  (cost=12714.08..12714.09 rows=1 width=0)
   ->  Seq Scan on impressions  (cost=0.00..12714.00 rows=31 width=0)
         Filter: (listing_id = 78646)
[0m
  [4;36;1mSQL (151.8ms)[0m   [0;1mSELECT count(*) AS count_all FROM "impressions" WHERE ("impressions".listing_id = 79836) [0m
  [4;35;1mAnalyzing  Execution Time: 0.152102

[0m   [0mAggregate  (cost=12714.08..12714.09 rows=1 width=0)
   ->  Seq Scan on impressions  (cost=0.00..12714.00 rows=31 width=0)
         Filter: (listing_id = 79836)
[0m
  [4;36;1mSQL (154.5ms)[0m   [0;1mSELECT count(*) AS count_all FROM "impressions" WHERE ("impressions".listing_id = 80033) [0m
  [4;35;1mAnalyzing  Execution Time: 0.154785

[0m   [0mAggregate  (cost=12714.08..12714.09 rows=1 width=0)
   ->  Seq Scan on impressions  (cost=0.00..12714.00 rows=31 width=0)
         Filter: (listing_id = 80033)
[0m
  [4;36;1mSQL (151.6ms)[0m   [0;1mSELECT count(*) AS count_all FROM "impressions" WHERE ("impressions".listing_id = 80181) [0m
  [4;35;1mAnalyzing  Execution Time: 0.151864

[0m   [0mAggregate  (cost=12714.08..12714.09 rows=1 width=0)
   ->  Seq Scan on impressions  (cost=0.00..12714.00 rows=31 width=0)
         Filter: (listing_id = 80181)
[0m
  [4;36;1mSQL (151.9ms)[0m   [0;1mSELECT count(*) AS count_all FROM "impressions" WHERE ("impressions".listing_id = 80230) [0m
  [4;35;1mAnalyzing  Execution Time: 0.152134

[0m   [0mAggregate  (cost=12714.08..12714.09 rows=1 width=0)
   ->  Seq Scan on impressions  (cost=0.00..12714.00 rows=31 width=0)
         Filter: (listing_id = 80230)
[0m
  [4;36;1mSQL (156.4ms)[0m   [0;1mSELECT count(*) AS count_all FROM "impressions" WHERE ("impressions".listing_id = 80246) [0m
  [4;35;1mAnalyzing  Execution Time: 0.156689

[0m   [0mAggregate  (cost=12714.08..12714.09 rows=1 width=0)
   ->  Seq Scan on impressions  (cost=0.00..12714.00 rows=31 width=0)
         Filter: (listing_id = 80246)
[0m
  [4;36;1mSQL (209.0ms)[0m   [0;1mSELECT count(*) AS count_all FROM "impressions" WHERE ("impressions".listing_id = 80568) [0m
  [4;35;1mAnalyzing  Execution Time: 0.209334

[0m   [0mAggregate  (cost=12714.08..12714.09 rows=1 width=0)
   ->  Seq Scan on impressions  (cost=0.00..12714.00 rows=31 width=0)
         Filter: (listing_id = 80568)
[0m
  [4;36;1mSQL (210.0ms)[0m   [0;1mSELECT count(*) AS count_all FROM "impressions" WHERE ("impressions".listing_id = 81081) [0m
  [4;35;1mAnalyzing  Execution Time: 0.210264

[0m   [0mAggregate  (cost=12714.08..12714.09 rows=1 width=0)
   ->  Seq Scan on impressions  (cost=0.00..12714.00 rows=31 width=0)
         Filter: (listing_id = 81081)
[0m
  [4;36;1mSQL (161.7ms)[0m   [0;1mSELECT count(*) AS count_all FROM "impressions" WHERE ("impressions".listing_id = 81258) [0m
  [4;35;1mAnalyzing  Execution Time: 0.161923

[0m   [0mAggregate  (cost=12714.08..12714.09 rows=1 width=0)
   ->  Seq Scan on impressions  (cost=0.00..12714.00 rows=31 width=0)
         Filter: (listing_id = 81258)
[0m
  [4;36;1mSQL (152.6ms)[0m   [0;1mSELECT count(*) AS count_all FROM "impressions" WHERE ("impressions".listing_id = 81905) [0m
  [4;35;1mAnalyzing  Execution Time: 0.152874

[0m   [0mAggregate  (cost=12714.08..12714.09 rows=1 width=0)
   ->  Seq Scan on impressions  (cost=0.00..12714.00 rows=31 width=0)
         Filter: (listing_id = 81905)
[0m
  [4;36;1mSQL (154.0ms)[0m   [0;1mSELECT count(*) AS count_all FROM "impressions" WHERE ("impressions".listing_id = 81906) [0m
  [4;35;1mAnalyzing  Execution Time: 0.154206

[0m   [0mAggregate  (cost=12714.08..12714.09 rows=1 width=0)
   ->  Seq Scan on impressions  (cost=0.00..12714.00 rows=31 width=0)
         Filter: (listing_id = 81906)
[0m
  [4;36;1mSQL (151.4ms)[0m   [0;1mSELECT count(*) AS count_all FROM "impressions" WHERE ("impressions".listing_id = 82173) [0m
  [4;35;1mAnalyzing  Execution Time: 0.151685

[0m   [0mAggregate  (cost=12714.08..12714.09 rows=1 width=0)
   ->  Seq Scan on impressions  (cost=0.00..12714.00 rows=31 width=0)
         Filter: (listing_id = 82173)
[0m
  [4;36;1mSQL (157.6ms)[0m   [0;1mSELECT count(*) AS count_all FROM "impressions" WHERE ("impressions".listing_id = 82215) [0m
  [4;35;1mAnalyzing  Execution Time: 0.157813

[0m   [0mAggregate  (cost=12714.08..12714.09 rows=1 width=0)
   ->  Seq Scan on impressions  (cost=0.00..12714.00 rows=31 width=0)
         Filter: (listing_id = 82215)
[0m
  [4;36;1mSQL (158.2ms)[0m   [0;1mSELECT count(*) AS count_all FROM "impressions" WHERE ("impressions".listing_id = 90379) [0m
  [4;35;1mAnalyzing  Execution Time: 0.158507

[0m   [0mAggregate  (cost=12714.08..12714.09 rows=1 width=0)
   ->  Seq Scan on impressions  (cost=0.00..12714.00 rows=31 width=0)
         Filter: (listing_id = 90379)
[0m
  [4;36;1mSQL (150.2ms)[0m   [0;1mSELECT count(*) AS count_all FROM "impressions" WHERE ("impressions".listing_id = 90612) [0m
  [4;35;1mAnalyzing  Execution Time: 0.150433

[0m   [0mAggregate  (cost=12714.08..12714.09 rows=1 width=0)
   ->  Seq Scan on impressions  (cost=0.00..12714.00 rows=31 width=0)
         Filter: (listing_id = 90612)
[0m
  [4;36;1mSQL (146.9ms)[0m   [0;1mSELECT count(*) AS count_all FROM "impressions" WHERE ("impressions".listing_id = 92908) [0m
  [4;35;1mAnalyzing  Execution Time: 0.147203

[0m   [0mAggregate  (cost=12714.08..12714.09 rows=1 width=0)
   ->  Seq Scan on impressions  (cost=0.00..12714.00 rows=31 width=0)
         Filter: (listing_id = 92908)
[0m
  [4;36;1mSQL (146.2ms)[0m   [0;1mSELECT count(*) AS count_all FROM "impressions" WHERE ("impressions".listing_id = 98752) [0m
  [4;35;1mAnalyzing  Execution Time: 0.146508

[0m   [0mAggregate  (cost=12714.08..12714.09 rows=1 width=0)
   ->  Seq Scan on impressions  (cost=0.00..12714.00 rows=31 width=0)
         Filter: (listing_id = 98752)
[0m
  [4;36;1mSQL (145.0ms)[0m   [0;1mSELECT count(*) AS count_all FROM "impressions" WHERE ("impressions".listing_id = 113175) [0m
  [4;35;1mAnalyzing  Execution Time: 0.14523

[0m   [0mAggregate  (cost=12714.08..12714.09 rows=1 width=0)
   ->  Seq Scan on impressions  (cost=0.00..12714.00 rows=31 width=0)
         Filter: (listing_id = 113175)
[0m
  [4;36;1mSQL (198.9ms)[0m   [0;1mSELECT count(*) AS count_all FROM "impressions" WHERE ("impressions".listing_id = 113205) [0m
  [4;35;1mAnalyzing  Execution Time: 0.199206

[0m   [0mAggregate  (cost=12714.08..12714.09 rows=1 width=0)
   ->  Seq Scan on impressions  (cost=0.00..12714.00 rows=31 width=0)
         Filter: (listing_id = 113205)
[0m
  [4;36;1mSQL (154.0ms)[0m   [0;1mSELECT count(*) AS count_all FROM "impressions" WHERE ("impressions".listing_id = 113206) [0m
  [4;35;1mAnalyzing  Execution Time: 0.154227

[0m   [0mAggregate  (cost=12714.08..12714.09 rows=1 width=0)
   ->  Seq Scan on impressions  (cost=0.00..12714.00 rows=31 width=0)
         Filter: (listing_id = 113206)
[0m
  [4;36;1mSQL (150.2ms)[0m   [0;1mSELECT count(*) AS count_all FROM "impressions" WHERE ("impressions".listing_id = 113207) [0m
  [4;35;1mAnalyzing  Execution Time: 0.15049

[0m   [0mAggregate  (cost=12714.08..12714.09 rows=1 width=0)
   ->  Seq Scan on impressions  (cost=0.00..12714.00 rows=31 width=0)
         Filter: (listing_id = 113207)
[0m
  [4;36;1mSQL (149.7ms)[0m   [0;1mSELECT count(*) AS count_all FROM "impressions" WHERE ("impressions".listing_id = 113208) [0m
  [4;35;1mAnalyzing  Execution Time: 0.149937

[0m   [0mAggregate  (cost=12714.08..12714.09 rows=1 width=0)
   ->  Seq Scan on impressions  (cost=0.00..12714.00 rows=31 width=0)
         Filter: (listing_id = 113208)
[0m
  [4;36;1mSQL (153.3ms)[0m   [0;1mSELECT count(*) AS count_all FROM "impressions" WHERE ("impressions".listing_id = 113211) [0m
  [4;35;1mAnalyzing  Execution Time: 0.153572

[0m   [0mAggregate  (cost=12714.08..12714.09 rows=1 width=0)
   ->  Seq Scan on impressions  (cost=0.00..12714.00 rows=31 width=0)
         Filter: (listing_id = 113211)
[0m
  [4;36;1mSQL (146.4ms)[0m   [0;1mSELECT count(*) AS count_all FROM "impressions" WHERE ("impressions".listing_id = 113212) [0m
  [4;35;1mAnalyzing  Execution Time: 0.146692

[0m   [0mAggregate  (cost=12714.08..12714.09 rows=1 width=0)
   ->  Seq Scan on impressions  (cost=0.00..12714.00 rows=31 width=0)
         Filter: (listing_id = 113212)
[0m
  [4;36;1mSQL (149.6ms)[0m   [0;1mSELECT count(*) AS count_all FROM "impressions" WHERE ("impressions".listing_id = 113227) [0m
  [4;35;1mAnalyzing  Execution Time: 0.149873

[0m   [0mAggregate  (cost=12714.08..12714.09 rows=1 width=0)
   ->  Seq Scan on impressions  (cost=0.00..12714.00 rows=31 width=0)
         Filter: (listing_id = 113227)
[0m
  [4;36;1mSQL (164.8ms)[0m   [0;1mSELECT count(*) AS count_all FROM "impressions" WHERE ("impressions".listing_id = 113228) [0m
  [4;35;1mAnalyzing  Execution Time: 0.165051

[0m   [0mAggregate  (cost=12714.08..12714.09 rows=1 width=0)
   ->  Seq Scan on impressions  (cost=0.00..12714.00 rows=31 width=0)
         Filter: (listing_id = 113228)
[0m
  [4;36;1mSQL (163.7ms)[0m   [0;1mSELECT count(*) AS count_all FROM "impressions" WHERE ("impressions".listing_id = 113230) [0m
  [4;35;1mAnalyzing  Execution Time: 0.164016

[0m   [0mAggregate  (cost=12714.08..12714.09 rows=1 width=0)
   ->  Seq Scan on impressions  (cost=0.00..12714.00 rows=31 width=0)
         Filter: (listing_id = 113230)
[0m
  [4;36;1mSQL (157.5ms)[0m   [0;1mSELECT count(*) AS count_all FROM "impressions" WHERE ("impressions".listing_id = 113231) [0m
  [4;35;1mAnalyzing  Execution Time: 0.157752

[0m   [0mAggregate  (cost=12714.08..12714.09 rows=1 width=0)
   ->  Seq Scan on impressions  (cost=0.00..12714.00 rows=31 width=0)
         Filter: (listing_id = 113231)
[0m
  [4;36;1mSQL (15.7ms)[0m   [0;1mSELECT count(*) AS count_all FROM "clicks" WHERE ("clicks".listing_id = 64827) [0m
  [4;35;1mAnalyzing  Execution Time: 0.015981

[0m   [0mAggregate  (cost=814.47..814.48 rows=1 width=0)
   ->  Seq Scan on clicks  (cost=0.00..814.46 rows=2 width=0)
         Filter: (listing_id = 64827)
[0m
  [4;36;1mSQL (10.3ms)[0m   [0;1mSELECT count(*) AS count_all FROM "clicks" WHERE ("clicks".listing_id = 67737) [0m
  [4;35;1mAnalyzing  Execution Time: 0.010546

[0m   [0mAggregate  (cost=814.47..814.48 rows=1 width=0)
   ->  Seq Scan on clicks  (cost=0.00..814.46 rows=2 width=0)
         Filter: (listing_id = 67737)
[0m
  [4;36;1mSQL (9.5ms)[0m   [0;1mSELECT count(*) AS count_all FROM "clicks" WHERE ("clicks".listing_id = 67738) [0m
  [4;35;1mAnalyzing  Execution Time: 0.009741

[0m   [0mAggregate  (cost=814.47..814.48 rows=1 width=0)
   ->  Seq Scan on clicks  (cost=0.00..814.46 rows=2 width=0)
         Filter: (listing_id = 67738)
[0m
  [4;36;1mSQL (9.9ms)[0m   [0;1mSELECT count(*) AS count_all FROM "clicks" WHERE ("clicks".listing_id = 68832) [0m
  [4;35;1mAnalyzing  Execution Time: 0.010187

[0m   [0mAggregate  (cost=814.47..814.48 rows=1 width=0)
   ->  Seq Scan on clicks  (cost=0.00..814.46 rows=2 width=0)
         Filter: (listing_id = 68832)
[0m
  [4;36;1mSQL (8.6ms)[0m   [0;1mSELECT count(*) AS count_all FROM "clicks" WHERE ("clicks".listing_id = 71586) [0m
  [4;35;1mAnalyzing  Execution Time: 0.156646

[0m   [0mAggregate  (cost=814.47..814.48 rows=1 width=0)
   ->  Seq Scan on clicks  (cost=0.00..814.46 rows=2 width=0)
         Filter: (listing_id = 71586)
[0m
  [4;36;1mSQL (8.8ms)[0m   [0;1mSELECT count(*) AS count_all FROM "clicks" WHERE ("clicks".listing_id = 78646) [0m
  [4;35;1mAnalyzing  Execution Time: 0.009122

[0m   [0mAggregate  (cost=814.47..814.48 rows=1 width=0)
   ->  Seq Scan on clicks  (cost=0.00..814.46 rows=2 width=0)
         Filter: (listing_id = 78646)
[0m
  [4;36;1mSQL (9.1ms)[0m   [0;1mSELECT count(*) AS count_all FROM "clicks" WHERE ("clicks".listing_id = 79836) [0m
  [4;35;1mAnalyzing  Execution Time: 0.009346

[0m   [0mAggregate  (cost=814.47..814.48 rows=1 width=0)
   ->  Seq Scan on clicks  (cost=0.00..814.46 rows=2 width=0)
         Filter: (listing_id = 79836)
[0m
  [4;36;1mSQL (9.0ms)[0m   [0;1mSELECT count(*) AS count_all FROM "clicks" WHERE ("clicks".listing_id = 80033) [0m
  [4;35;1mAnalyzing  Execution Time: 0.009324

[0m   [0mAggregate  (cost=814.47..814.48 rows=1 width=0)
   ->  Seq Scan on clicks  (cost=0.00..814.46 rows=2 width=0)
         Filter: (listing_id = 80033)
[0m
  [4;36;1mSQL (9.1ms)[0m   [0;1mSELECT count(*) AS count_all FROM "clicks" WHERE ("clicks".listing_id = 80181) [0m
  [4;35;1mAnalyzing  Execution Time: 0.009786

[0m   [0mAggregate  (cost=814.47..814.48 rows=1 width=0)
   ->  Seq Scan on clicks  (cost=0.00..814.46 rows=2 width=0)
         Filter: (listing_id = 80181)
[0m
  [4;36;1mSQL (8.5ms)[0m   [0;1mSELECT count(*) AS count_all FROM "clicks" WHERE ("clicks".listing_id = 80230) [0m
  [4;35;1mAnalyzing  Execution Time: 0.008718

[0m   [0mAggregate  (cost=814.47..814.48 rows=1 width=0)
   ->  Seq Scan on clicks  (cost=0.00..814.46 rows=2 width=0)
         Filter: (listing_id = 80230)
[0m
  [4;36;1mSQL (8.8ms)[0m   [0;1mSELECT count(*) AS count_all FROM "clicks" WHERE ("clicks".listing_id = 80246) [0m
  [4;35;1mAnalyzing  Execution Time: 0.009298

[0m   [0mAggregate  (cost=814.47..814.48 rows=1 width=0)
   ->  Seq Scan on clicks  (cost=0.00..814.46 rows=2 width=0)
         Filter: (listing_id = 80246)
[0m
  [4;36;1mSQL (9.0ms)[0m   [0;1mSELECT count(*) AS count_all FROM "clicks" WHERE ("clicks".listing_id = 80568) [0m
  [4;35;1mAnalyzing  Execution Time: 0.009272

[0m   [0mAggregate  (cost=814.47..814.48 rows=1 width=0)
   ->  Seq Scan on clicks  (cost=0.00..814.46 rows=2 width=0)
         Filter: (listing_id = 80568)
[0m
  [4;36;1mSQL (8.5ms)[0m   [0;1mSELECT count(*) AS count_all FROM "clicks" WHERE ("clicks".listing_id = 81081) [0m
  [4;35;1mAnalyzing  Execution Time: 0.008731

[0m   [0mAggregate  (cost=814.47..814.48 rows=1 width=0)
   ->  Seq Scan on clicks  (cost=0.00..814.46 rows=2 width=0)
         Filter: (listing_id = 81081)
[0m
  [4;36;1mSQL (10.9ms)[0m   [0;1mSELECT count(*) AS count_all FROM "clicks" WHERE ("clicks".listing_id = 81258) [0m
  [4;35;1mAnalyzing  Execution Time: 0.011167

[0m   [0mAggregate  (cost=814.47..814.48 rows=1 width=0)
   ->  Seq Scan on clicks  (cost=0.00..814.46 rows=2 width=0)
         Filter: (listing_id = 81258)
[0m
  [4;36;1mSQL (9.1ms)[0m   [0;1mSELECT count(*) AS count_all FROM "clicks" WHERE ("clicks".listing_id = 81905) [0m
  [4;35;1mAnalyzing  Execution Time: 0.009353

[0m   [0mAggregate  (cost=814.47..814.48 rows=1 width=0)
   ->  Seq Scan on clicks  (cost=0.00..814.46 rows=2 width=0)
         Filter: (listing_id = 81905)
[0m
  [4;36;1mSQL (8.9ms)[0m   [0;1mSELECT count(*) AS count_all FROM "clicks" WHERE ("clicks".listing_id = 81906) [0m
  [4;35;1mAnalyzing  Execution Time: 0.009192

[0m   [0mAggregate  (cost=814.47..814.48 rows=1 width=0)
   ->  Seq Scan on clicks  (cost=0.00..814.46 rows=2 width=0)
         Filter: (listing_id = 81906)
[0m
  [4;36;1mSQL (11.1ms)[0m   [0;1mSELECT count(*) AS count_all FROM "clicks" WHERE ("clicks".listing_id = 82173) [0m
  [4;35;1mAnalyzing  Execution Time: 0.01146

[0m   [0mAggregate  (cost=814.47..814.48 rows=1 width=0)
   ->  Seq Scan on clicks  (cost=0.00..814.46 rows=2 width=0)
         Filter: (listing_id = 82173)
[0m
  [4;36;1mSQL (8.5ms)[0m   [0;1mSELECT count(*) AS count_all FROM "clicks" WHERE ("clicks".listing_id = 82215) [0m
  [4;35;1mAnalyzing  Execution Time: 0.008884

[0m   [0mAggregate  (cost=814.47..814.48 rows=1 width=0)
   ->  Seq Scan on clicks  (cost=0.00..814.46 rows=2 width=0)
         Filter: (listing_id = 82215)
[0m
  [4;36;1mSQL (9.6ms)[0m   [0;1mSELECT count(*) AS count_all FROM "clicks" WHERE ("clicks".listing_id = 90379) [0m
  [4;35;1mAnalyzing  Execution Time: 0.010811

[0m   [0mAggregate  (cost=814.47..814.48 rows=1 width=0)
   ->  Seq Scan on clicks  (cost=0.00..814.46 rows=2 width=0)
         Filter: (listing_id = 90379)
[0m
  [4;36;1mSQL (10.0ms)[0m   [0;1mSELECT count(*) AS count_all FROM "clicks" WHERE ("clicks".listing_id = 90612) [0m
  [4;35;1mAnalyzing  Execution Time: 0.010221

[0m   [0mAggregate  (cost=814.47..814.48 rows=1 width=0)
   ->  Seq Scan on clicks  (cost=0.00..814.46 rows=2 width=0)
         Filter: (listing_id = 90612)
[0m
  [4;36;1mSQL (8.5ms)[0m   [0;1mSELECT count(*) AS count_all FROM "clicks" WHERE ("clicks".listing_id = 92908) [0m
  [4;35;1mAnalyzing  Execution Time: 0.008729

[0m   [0mAggregate  (cost=814.47..814.48 rows=1 width=0)
   ->  Seq Scan on clicks  (cost=0.00..814.46 rows=2 width=0)
         Filter: (listing_id = 92908)
[0m
  [4;36;1mSQL (11.6ms)[0m   [0;1mSELECT count(*) AS count_all FROM "clicks" WHERE ("clicks".listing_id = 98752) [0m
  [4;35;1mAnalyzing  Execution Time: 0.011871

[0m   [0mAggregate  (cost=814.47..814.48 rows=1 width=0)
   ->  Seq Scan on clicks  (cost=0.00..814.46 rows=2 width=0)
         Filter: (listing_id = 98752)
[0m
  [4;36;1mSQL (9.0ms)[0m   [0;1mSELECT count(*) AS count_all FROM "clicks" WHERE ("clicks".listing_id = 113175) [0m
  [4;35;1mAnalyzing  Execution Time: 0.00925

[0m   [0mAggregate  (cost=814.47..814.48 rows=1 width=0)
   ->  Seq Scan on clicks  (cost=0.00..814.46 rows=2 width=0)
         Filter: (listing_id = 113175)
[0m
  [4;36;1mSQL (8.9ms)[0m   [0;1mSELECT count(*) AS count_all FROM "clicks" WHERE ("clicks".listing_id = 113205) [0m
  [4;35;1mAnalyzing  Execution Time: 0.009214

[0m   [0mAggregate  (cost=814.47..814.48 rows=1 width=0)
   ->  Seq Scan on clicks  (cost=0.00..814.46 rows=2 width=0)
         Filter: (listing_id = 113205)
[0m
  [4;36;1mSQL (9.3ms)[0m   [0;1mSELECT count(*) AS count_all FROM "clicks" WHERE ("clicks".listing_id = 113206) [0m
  [4;35;1mAnalyzing  Execution Time: 0.009526

[0m   [0mAggregate  (cost=814.47..814.48 rows=1 width=0)
   ->  Seq Scan on clicks  (cost=0.00..814.46 rows=2 width=0)
         Filter: (listing_id = 113206)
[0m
  [4;36;1mSQL (9.1ms)[0m   [0;1mSELECT count(*) AS count_all FROM "clicks" WHERE ("clicks".listing_id = 113207) [0m
  [4;35;1mAnalyzing  Execution Time: 0.009386

[0m   [0mAggregate  (cost=814.47..814.48 rows=1 width=0)
   ->  Seq Scan on clicks  (cost=0.00..814.46 rows=2 width=0)
         Filter: (listing_id = 113207)
[0m
  [4;36;1mSQL (9.3ms)[0m   [0;1mSELECT count(*) AS count_all FROM "clicks" WHERE ("clicks".listing_id = 113208) [0m
  [4;35;1mAnalyzing  Execution Time: 0.009574

[0m   [0mAggregate  (cost=814.47..814.48 rows=1 width=0)
   ->  Seq Scan on clicks  (cost=0.00..814.46 rows=2 width=0)
         Filter: (listing_id = 113208)
[0m
  [4;36;1mSQL (9.8ms)[0m   [0;1mSELECT count(*) AS count_all FROM "clicks" WHERE ("clicks".listing_id = 113211) [0m
  [4;35;1mAnalyzing  Execution Time: 0.010058

[0m   [0mAggregate  (cost=814.47..814.48 rows=1 width=0)
   ->  Seq Scan on clicks  (cost=0.00..814.46 rows=2 width=0)
         Filter: (listing_id = 113211)
[0m
  [4;36;1mSQL (9.0ms)[0m   [0;1mSELECT count(*) AS count_all FROM "clicks" WHERE ("clicks".listing_id = 113212) [0m
  [4;35;1mAnalyzing  Execution Time: 0.009268

[0m   [0mAggregate  (cost=814.47..814.48 rows=1 width=0)
   ->  Seq Scan on clicks  (cost=0.00..814.46 rows=2 width=0)
         Filter: (listing_id = 113212)
[0m
  [4;36;1mSQL (8.5ms)[0m   [0;1mSELECT count(*) AS count_all FROM "clicks" WHERE ("clicks".listing_id = 113227) [0m
  [4;35;1mAnalyzing  Execution Time: 0.008741

[0m   [0mAggregate  (cost=814.47..814.48 rows=1 width=0)
   ->  Seq Scan on clicks  (cost=0.00..814.46 rows=2 width=0)
         Filter: (listing_id = 113227)
[0m
  [4;36;1mSQL (11.4ms)[0m   [0;1mSELECT count(*) AS count_all FROM "clicks" WHERE ("clicks".listing_id = 113228) [0m
  [4;35;1mAnalyzing  Execution Time: 0.011721

[0m   [0mAggregate  (cost=814.47..814.48 rows=1 width=0)
   ->  Seq Scan on clicks  (cost=0.00..814.46 rows=2 width=0)
         Filter: (listing_id = 113228)
[0m
  [4;36;1mSQL (9.6ms)[0m   [0;1mSELECT count(*) AS count_all FROM "clicks" WHERE ("clicks".listing_id = 113230) [0m
  [4;35;1mAnalyzing  Execution Time: 0.009889

[0m   [0mAggregate  (cost=814.47..814.48 rows=1 width=0)
   ->  Seq Scan on clicks  (cost=0.00..814.46 rows=2 width=0)
         Filter: (listing_id = 113230)
[0m
  [4;36;1mSQL (8.5ms)[0m   [0;1mSELECT count(*) AS count_all FROM "clicks" WHERE ("clicks".listing_id = 113231) [0m
  [4;35;1mAnalyzing  Execution Time: 0.008764

[0m   [0mAggregate  (cost=814.47..814.48 rows=1 width=0)
   ->  Seq Scan on clicks  (cost=0.00..814.46 rows=2 width=0)
         Filter: (listing_id = 113231)
[0m
  [4;36;1mSQL (5.2ms)[0m   [0;1mSELECT count(*) AS count_all FROM "listings" WHERE ("listings".user_id = 25407) [0m
  [4;35;1mAnalyzing  Execution Time: 0.005698

[0m   [0mAggregate  (cost=1615.81..1615.82 rows=1 width=0)
   ->  Index Scan using index_listings_on_id_and_user_id_and_title on listings  (cost=0.00..1615.79 rows=4 width=0)
         Index Cond: (user_id = 25407)
[0m
  [4;36;1mListing Load (2.2ms)[0m   [0;1mSELECT * FROM "listings" WHERE ("listings".user_id = 25407) [0m
  [4;35;1mAnalyzing Listing Load Execution Time: 0.002953

[0m   [0mIndex Scan using index_listings_on_id_and_user_id_and_title on listings  (cost=0.00..1615.79 rows=4 width=1172)
   Index Cond: (user_id = 25407)
[0m
  [4;36;1mSQL (152.1ms)[0m   [0;1mSELECT count(*) AS count_all FROM "impressions" WHERE ("impressions".listing_id = 113101) [0m
  [4;35;1mAnalyzing  Execution Time: 0.152401

[0m   [0mAggregate  (cost=12714.08..12714.09 rows=1 width=0)
   ->  Seq Scan on impressions  (cost=0.00..12714.00 rows=31 width=0)
         Filter: (listing_id = 113101)
[0m
  [4;36;1mSQL (9.1ms)[0m   [0;1mSELECT count(*) AS count_all FROM "clicks" WHERE ("clicks".listing_id = 113101) [0m
  [4;35;1mAnalyzing  Execution Time: 0.009364

[0m   [0mAggregate  (cost=814.47..814.48 rows=1 width=0)
   ->  Seq Scan on clicks  (cost=0.00..814.46 rows=2 width=0)
         Filter: (listing_id = 113101)
[0m
  [4;36;1mSQL (2.8ms)[0m   [0;1mSELECT count(*) AS count_all FROM "listings" WHERE ("listings".user_id = 25547) [0m
  [4;35;1mAnalyzing  Execution Time: 0.003061

[0m   [0mAggregate  (cost=1615.81..1615.82 rows=1 width=0)
   ->  Index Scan using index_listings_on_id_and_user_id_and_title on listings  (cost=0.00..1615.79 rows=4 width=0)
         Index Cond: (user_id = 25547)
[0m
  [4;36;1mListing Load (2.0ms)[0m   [0;1mSELECT * FROM "listings" WHERE ("listings".user_id = 25547) [0m
  [4;35;1mAnalyzing Listing Load Execution Time: 0.002735

[0m   [0mIndex Scan using index_listings_on_id_and_user_id_and_title on listings  (cost=0.00..1615.79 rows=4 width=1172)
   Index Cond: (user_id = 25547)
[0m
  [4;36;1mSQL (152.0ms)[0m   [0;1mSELECT count(*) AS count_all FROM "impressions" WHERE ("impressions".listing_id = 113173) [0m
  [4;35;1mAnalyzing  Execution Time: 0.152309

[0m   [0mAggregate  (cost=12714.08..12714.09 rows=1 width=0)
   ->  Seq Scan on impressions  (cost=0.00..12714.00 rows=31 width=0)
         Filter: (listing_id = 113173)
[0m
  [4;36;1mSQL (10.9ms)[0m   [0;1mSELECT count(*) AS count_all FROM "clicks" WHERE ("clicks".listing_id = 113173) [0m
  [4;35;1mAnalyzing  Execution Time: 0.011174

[0m   [0mAggregate  (cost=814.47..814.48 rows=1 width=0)
   ->  Seq Scan on clicks  (cost=0.00..814.46 rows=2 width=0)
         Filter: (listing_id = 113173)
[0m
  [4;36;1mSQL (2.1ms)[0m   [0;1mSELECT count(*) AS count_all FROM "listings" WHERE ("listings".user_id = 25371) [0m
  [4;35;1mAnalyzing  Execution Time: 0.002519

[0m   [0mAggregate  (cost=1615.81..1615.82 rows=1 width=0)
   ->  Index Scan using index_listings_on_id_and_user_id_and_title on listings  (cost=0.00..1615.79 rows=4 width=0)
         Index Cond: (user_id = 25371)
[0m
  [4;36;1mListing Load (2.7ms)[0m   [0;1mSELECT * FROM "listings" WHERE ("listings".user_id = 25371) [0m
  [4;35;1mAnalyzing Listing Load Execution Time: 0.003948

[0m   [0mIndex Scan using index_listings_on_id_and_user_id_and_title on listings  (cost=0.00..1615.79 rows=4 width=1172)
   Index Cond: (user_id = 25371)
[0m
  [4;36;1mSQL (155.9ms)[0m   [0;1mSELECT count(*) AS count_all FROM "impressions" WHERE ("impressions".listing_id = 96062) [0m
  [4;35;1mAnalyzing  Execution Time: 0.156206

[0m   [0mAggregate  (cost=12714.08..12714.09 rows=1 width=0)
   ->  Seq Scan on impressions  (cost=0.00..12714.00 rows=31 width=0)
         Filter: (listing_id = 96062)
[0m
  [4;36;1mSQL (164.7ms)[0m   [0;1mSELECT count(*) AS count_all FROM "impressions" WHERE ("impressions".listing_id = 113082) [0m
  [4;35;1mAnalyzing  Execution Time: 0.164976

[0m   [0mAggregate  (cost=12714.08..12714.09 rows=1 width=0)
   ->  Seq Scan on impressions  (cost=0.00..12714.00 rows=31 width=0)
         Filter: (listing_id = 113082)
[0m
  [4;36;1mSQL (10.3ms)[0m   [0;1mSELECT count(*) AS count_all FROM "clicks" WHERE ("clicks".listing_id = 96062) [0m
  [4;35;1mAnalyzing  Execution Time: 0.01057

[0m   [0mAggregate  (cost=814.47..814.48 rows=1 width=0)
   ->  Seq Scan on clicks  (cost=0.00..814.46 rows=2 width=0)
         Filter: (listing_id = 96062)
[0m
  [4;36;1mSQL (8.5ms)[0m   [0;1mSELECT count(*) AS count_all FROM "clicks" WHERE ("clicks".listing_id = 113082) [0m
  [4;35;1mAnalyzing  Execution Time: 0.008783

[0m   [0mAggregate  (cost=814.47..814.48 rows=1 width=0)
   ->  Seq Scan on clicks  (cost=0.00..814.46 rows=2 width=0)
         Filter: (listing_id = 113082)
[0m
  [4;36;1mSQL (2.4ms)[0m   [0;1mSELECT count(*) AS count_all FROM "listings" WHERE ("listings".user_id = 25338) [0m
  [4;35;1mAnalyzing  Execution Time: 0.002637

[0m   [0mAggregate  (cost=1615.81..1615.82 rows=1 width=0)
   ->  Index Scan using index_listings_on_id_and_user_id_and_title on listings  (cost=0.00..1615.79 rows=4 width=0)
         Index Cond: (user_id = 25338)
[0m
  [4;36;1mListing Load (2.3ms)[0m   [0;1mSELECT * FROM "listings" WHERE ("listings".user_id = 25338) [0m
  [4;35;1mAnalyzing Listing Load Execution Time: 0.003168

[0m   [0mIndex Scan using index_listings_on_id_and_user_id_and_title on listings  (cost=0.00..1615.79 rows=4 width=1172)
   Index Cond: (user_id = 25338)
[0m
  [4;36;1mSQL (192.3ms)[0m   [0;1mSELECT count(*) AS count_all FROM "impressions" WHERE ("impressions".listing_id = 70734) [0m
  [4;35;1mAnalyzing  Execution Time: 0.192589

[0m   [0mAggregate  (cost=12714.08..12714.09 rows=1 width=0)
   ->  Seq Scan on impressions  (cost=0.00..12714.00 rows=31 width=0)
         Filter: (listing_id = 70734)
[0m
  [4;36;1mSQL (10.2ms)[0m   [0;1mSELECT count(*) AS count_all FROM "clicks" WHERE ("clicks".listing_id = 70734) [0m
  [4;35;1mAnalyzing  Execution Time: 0.010435

[0m   [0mAggregate  (cost=814.47..814.48 rows=1 width=0)
   ->  Seq Scan on clicks  (cost=0.00..814.46 rows=2 width=0)
         Filter: (listing_id = 70734)
[0m
  [4;36;1mSQL (2.3ms)[0m   [0;1mSELECT count(*) AS count_all FROM "listings" WHERE ("listings".user_id = 25527) [0m
  [4;35;1mAnalyzing  Execution Time: 0.00259

[0m   [0mAggregate  (cost=1615.81..1615.82 rows=1 width=0)
   ->  Index Scan using index_listings_on_id_and_user_id_and_title on listings  (cost=0.00..1615.79 rows=4 width=0)
         Index Cond: (user_id = 25527)
[0m
  [4;36;1mListing Load (2.9ms)[0m   [0;1mSELECT * FROM "listings" WHERE ("listings".user_id = 25527) [0m
  [4;35;1mAnalyzing Listing Load Execution Time: 0.003729

[0m   [0mIndex Scan using index_listings_on_id_and_user_id_and_title on listings  (cost=0.00..1615.79 rows=4 width=1172)
   Index Cond: (user_id = 25527)
[0m
  [4;36;1mSQL (156.2ms)[0m   [0;1mSELECT count(*) AS count_all FROM "impressions" WHERE ("impressions".listing_id = 78035) [0m
  [4;35;1mAnalyzing  Execution Time: 0.156462

[0m   [0mAggregate  (cost=12714.08..12714.09 rows=1 width=0)
   ->  Seq Scan on impressions  (cost=0.00..12714.00 rows=31 width=0)
         Filter: (listing_id = 78035)
[0m
  [4;36;1mSQL (9.8ms)[0m   [0;1mSELECT count(*) AS count_all FROM "clicks" WHERE ("clicks".listing_id = 78035) [0m
  [4;35;1mAnalyzing  Execution Time: 0.010131

[0m   [0mAggregate  (cost=814.47..814.48 rows=1 width=0)
   ->  Seq Scan on clicks  (cost=0.00..814.46 rows=2 width=0)
         Filter: (listing_id = 78035)
[0m
  [4;36;1mSQL (2.4ms)[0m   [0;1mSELECT count(*) AS count_all FROM "listings" WHERE ("listings".user_id = 25530) [0m
  [4;35;1mAnalyzing  Execution Time: 0.00262

[0m   [0mAggregate  (cost=1615.81..1615.82 rows=1 width=0)
   ->  Index Scan using index_listings_on_id_and_user_id_and_title on listings  (cost=0.00..1615.79 rows=4 width=0)
         Index Cond: (user_id = 25530)
[0m
  [4;36;1mListing Load (2.1ms)[0m   [0;1mSELECT * FROM "listings" WHERE ("listings".user_id = 25530) [0m
  [4;35;1mAnalyzing Listing Load Execution Time: 0.002779

[0m   [0mIndex Scan using index_listings_on_id_and_user_id_and_title on listings  (cost=0.00..1615.79 rows=4 width=1172)
   Index Cond: (user_id = 25530)
[0m
  [4;36;1mSQL (160.3ms)[0m   [0;1mSELECT count(*) AS count_all FROM "impressions" WHERE ("impressions".listing_id = 66462) [0m
  [4;35;1mAnalyzing  Execution Time: 0.160522

[0m   [0mAggregate  (cost=12714.08..12714.09 rows=1 width=0)
   ->  Seq Scan on impressions  (cost=0.00..12714.00 rows=31 width=0)
         Filter: (listing_id = 66462)
[0m
  [4;36;1mSQL (8.8ms)[0m   [0;1mSELECT count(*) AS count_all FROM "clicks" WHERE ("clicks".listing_id = 66462) [0m
  [4;35;1mAnalyzing  Execution Time: 0.009085

[0m   [0mAggregate  (cost=814.47..814.48 rows=1 width=0)
   ->  Seq Scan on clicks  (cost=0.00..814.46 rows=2 width=0)
         Filter: (listing_id = 66462)
[0m
  [4;36;1mSQL (2.6ms)[0m   [0;1mSELECT count(*) AS count_all FROM "listings" WHERE ("listings".user_id = 25531) [0m
  [4;35;1mAnalyzing  Execution Time: 0.002914

[0m   [0mAggregate  (cost=1615.81..1615.82 rows=1 width=0)
   ->  Index Scan using index_listings_on_id_and_user_id_and_title on listings  (cost=0.00..1615.79 rows=4 width=0)
         Index Cond: (user_id = 25531)
[0m
  [4;36;1mListing Load (2.3ms)[0m   [0;1mSELECT * FROM "listings" WHERE ("listings".user_id = 25531) [0m
  [4;35;1mAnalyzing Listing Load Execution Time: 0.003054

[0m   [0mIndex Scan using index_listings_on_id_and_user_id_and_title on listings  (cost=0.00..1615.79 rows=4 width=1172)
   Index Cond: (user_id = 25531)
[0m
  [4;36;1mSQL (154.6ms)[0m   [0;1mSELECT count(*) AS count_all FROM "impressions" WHERE ("impressions".listing_id = 113167) [0m
  [4;35;1mAnalyzing  Execution Time: 0.154827

[0m   [0mAggregate  (cost=12714.08..12714.09 rows=1 width=0)
   ->  Seq Scan on impressions  (cost=0.00..12714.00 rows=31 width=0)
         Filter: (listing_id = 113167)
[0m
  [4;36;1mSQL (10.3ms)[0m   [0;1mSELECT count(*) AS count_all FROM "clicks" WHERE ("clicks".listing_id = 113167) [0m
  [4;35;1mAnalyzing  Execution Time: 0.010604

[0m   [0mAggregate  (cost=814.47..814.48 rows=1 width=0)
   ->  Seq Scan on clicks  (cost=0.00..814.46 rows=2 width=0)
         Filter: (listing_id = 113167)
[0m
  [4;36;1mSQL (2.2ms)[0m   [0;1mSELECT count(*) AS count_all FROM "listings" WHERE ("listings".user_id = 25532) [0m
  [4;35;1mAnalyzing  Execution Time: 0.00249

[0m   [0mAggregate  (cost=1615.81..1615.82 rows=1 width=0)
   ->  Index Scan using index_listings_on_id_and_user_id_and_title on listings  (cost=0.00..1615.79 rows=4 width=0)
         Index Cond: (user_id = 25532)
[0m
  [4;36;1mListing Load (2.1ms)[0m   [0;1mSELECT * FROM "listings" WHERE ("listings".user_id = 25532) [0m
  [4;35;1mAnalyzing Listing Load Execution Time: 0.002788

[0m   [0mIndex Scan using index_listings_on_id_and_user_id_and_title on listings  (cost=0.00..1615.79 rows=4 width=1172)
   Index Cond: (user_id = 25532)
[0m
  [4;36;1mSQL (150.1ms)[0m   [0;1mSELECT count(*) AS count_all FROM "impressions" WHERE ("impressions".listing_id = 82235) [0m
  [4;35;1mAnalyzing  Execution Time: 0.150384

[0m   [0mAggregate  (cost=12714.08..12714.09 rows=1 width=0)
   ->  Seq Scan on impressions  (cost=0.00..12714.00 rows=31 width=0)
         Filter: (listing_id = 82235)
[0m
  [4;36;1mSQL (8.6ms)[0m   [0;1mSELECT count(*) AS count_all FROM "clicks" WHERE ("clicks".listing_id = 82235) [0m
  [4;35;1mAnalyzing  Execution Time: 0.008888

[0m   [0mAggregate  (cost=814.47..814.48 rows=1 width=0)
   ->  Seq Scan on clicks  (cost=0.00..814.46 rows=2 width=0)
         Filter: (listing_id = 82235)
[0m
  [4;36;1mSQL (2.1ms)[0m   [0;1mSELECT count(*) AS count_all FROM "listings" WHERE ("listings".user_id = 25533) [0m
  [4;35;1mAnalyzing  Execution Time: 0.002379

[0m   [0mAggregate  (cost=1615.81..1615.82 rows=1 width=0)
   ->  Index Scan using index_listings_on_id_and_user_id_and_title on listings  (cost=0.00..1615.79 rows=4 width=0)
         Index Cond: (user_id = 25533)
[0m
  [4;36;1mListing Load (3.2ms)[0m   [0;1mSELECT * FROM "listings" WHERE ("listings".user_id = 25533) [0m
  [4;35;1mAnalyzing Listing Load Execution Time: 0.004004

[0m   [0mIndex Scan using index_listings_on_id_and_user_id_and_title on listings  (cost=0.00..1615.79 rows=4 width=1172)
   Index Cond: (user_id = 25533)
[0m
  [4;36;1mSQL (152.4ms)[0m   [0;1mSELECT count(*) AS count_all FROM "impressions" WHERE ("impressions".listing_id = 81334) [0m
  [4;35;1mAnalyzing  Execution Time: 0.152738

[0m   [0mAggregate  (cost=12714.08..12714.09 rows=1 width=0)
   ->  Seq Scan on impressions  (cost=0.00..12714.00 rows=31 width=0)
         Filter: (listing_id = 81334)
[0m
  [4;36;1mSQL (10.1ms)[0m   [0;1mSELECT count(*) AS count_all FROM "clicks" WHERE ("clicks".listing_id = 81334) [0m
  [4;35;1mAnalyzing  Execution Time: 0.01043

[0m   [0mAggregate  (cost=814.47..814.48 rows=1 width=0)
   ->  Seq Scan on clicks  (cost=0.00..814.46 rows=2 width=0)
         Filter: (listing_id = 81334)
[0m
  [4;36;1mSQL (2.4ms)[0m   [0;1mSELECT count(*) AS count_all FROM "listings" WHERE ("listings".user_id = 25534) [0m
  [4;35;1mAnalyzing  Execution Time: 0.002717

[0m   [0mAggregate  (cost=1615.81..1615.82 rows=1 width=0)
   ->  Index Scan using index_listings_on_id_and_user_id_and_title on listings  (cost=0.00..1615.79 rows=4 width=0)
         Index Cond: (user_id = 25534)
[0m
  [4;36;1mListing Load (2.8ms)[0m   [0;1mSELECT * FROM "listings" WHERE ("listings".user_id = 25534) [0m
  [4;35;1mAnalyzing Listing Load Execution Time: 0.003867

[0m   [0mIndex Scan using index_listings_on_id_and_user_id_and_title on listings  (cost=0.00..1615.79 rows=4 width=1172)
   Index Cond: (user_id = 25534)
[0m
  [4;36;1mSQL (227.8ms)[0m   [0;1mSELECT count(*) AS count_all FROM "impressions" WHERE ("impressions".listing_id = 87687) [0m
  [4;35;1mAnalyzing  Execution Time: 0.237154

[0m   [0mAggregate  (cost=12714.08..12714.09 rows=1 width=0)
   ->  Seq Scan on impressions  (cost=0.00..12714.00 rows=31 width=0)
         Filter: (listing_id = 87687)
[0m
  [4;36;1mSQL (297.8ms)[0m   [0;1mSELECT count(*) AS count_all FROM "impressions" WHERE ("impressions".listing_id = 95215) [0m
  [4;35;1mAnalyzing  Execution Time: 0.298075

[0m   [0mAggregate  (cost=12714.08..12714.09 rows=1 width=0)
   ->  Seq Scan on impressions  (cost=0.00..12714.00 rows=31 width=0)
         Filter: (listing_id = 95215)
[0m
  [4;36;1mSQL (10.2ms)[0m   [0;1mSELECT count(*) AS count_all FROM "clicks" WHERE ("clicks".listing_id = 87687) [0m
  [4;35;1mAnalyzing  Execution Time: 0.0105320000000001

[0m   [0mAggregate  (cost=814.47..814.48 rows=1 width=0)
   ->  Seq Scan on clicks  (cost=0.00..814.46 rows=2 width=0)
         Filter: (listing_id = 87687)
[0m
  [4;36;1mSQL (12.8ms)[0m   [0;1mSELECT count(*) AS count_all FROM "clicks" WHERE ("clicks".listing_id = 95215) [0m
  [4;35;1mAnalyzing  Execution Time: 0.013027

[0m   [0mAggregate  (cost=814.47..814.48 rows=1 width=0)
   ->  Seq Scan on clicks  (cost=0.00..814.46 rows=2 width=0)
         Filter: (listing_id = 95215)
[0m
  [4;36;1mSQL (2.2ms)[0m   [0;1mSELECT count(*) AS count_all FROM "listings" WHERE ("listings".user_id = 25535) [0m
  [4;35;1mAnalyzing  Execution Time: 0.002499

[0m   [0mAggregate  (cost=1615.81..1615.82 rows=1 width=0)
   ->  Index Scan using index_listings_on_id_and_user_id_and_title on listings  (cost=0.00..1615.79 rows=4 width=0)
         Index Cond: (user_id = 25535)
[0m
  [4;36;1mListing Load (2.4ms)[0m   [0;1mSELECT * FROM "listings" WHERE ("listings".user_id = 25535) [0m
  [4;35;1mAnalyzing Listing Load Execution Time: 0.003198

[0m   [0mIndex Scan using index_listings_on_id_and_user_id_and_title on listings  (cost=0.00..1615.79 rows=4 width=1172)
   Index Cond: (user_id = 25535)
[0m
  [4;36;1mSQL (266.5ms)[0m   [0;1mSELECT count(*) AS count_all FROM "impressions" WHERE ("impressions".listing_id = 113168) [0m
  [4;35;1mAnalyzing  Execution Time: 0.266762

[0m   [0mAggregate  (cost=12714.08..12714.09 rows=1 width=0)
   ->  Seq Scan on impressions  (cost=0.00..12714.00 rows=31 width=0)
         Filter: (listing_id = 113168)
[0m
  [4;36;1mSQL (17.0ms)[0m   [0;1mSELECT count(*) AS count_all FROM "clicks" WHERE ("clicks".listing_id = 113168) [0m
  [4;35;1mAnalyzing  Execution Time: 0.01723

[0m   [0mAggregate  (cost=814.47..814.48 rows=1 width=0)
   ->  Seq Scan on clicks  (cost=0.00..814.46 rows=2 width=0)
         Filter: (listing_id = 113168)
[0m
  [4;36;1mSQL (3.2ms)[0m   [0;1mSELECT count(*) AS count_all FROM "listings" WHERE ("listings".user_id = 25536) [0m
  [4;35;1mAnalyzing  Execution Time: 0.004245

[0m   [0mAggregate  (cost=1615.81..1615.82 rows=1 width=0)
   ->  Index Scan using index_listings_on_id_and_user_id_and_title on listings  (cost=0.00..1615.79 rows=4 width=0)
         Index Cond: (user_id = 25536)
[0m
  [4;36;1mListing Load (2.1ms)[0m   [0;1mSELECT * FROM "listings" WHERE ("listings".user_id = 25536) [0m
  [4;35;1mAnalyzing Listing Load Execution Time: 0.002795

[0m   [0mIndex Scan using index_listings_on_id_and_user_id_and_title on listings  (cost=0.00..1615.79 rows=4 width=1172)
   Index Cond: (user_id = 25536)
[0m
  [4;36;1mSQL (338.6ms)[0m   [0;1mSELECT count(*) AS count_all FROM "impressions" WHERE ("impressions".listing_id = 105351) [0m
  [4;35;1mAnalyzing  Execution Time: 0.338839

[0m   [0mAggregate  (cost=12714.08..12714.09 rows=1 width=0)
   ->  Seq Scan on impressions  (cost=0.00..12714.00 rows=31 width=0)
         Filter: (listing_id = 105351)
[0m
  [4;36;1mSQL (8.9ms)[0m   [0;1mSELECT count(*) AS count_all FROM "clicks" WHERE ("clicks".listing_id = 105351) [0m
  [4;35;1mAnalyzing  Execution Time: 0.009106

[0m   [0mAggregate  (cost=814.47..814.48 rows=1 width=0)
   ->  Seq Scan on clicks  (cost=0.00..814.46 rows=2 width=0)
         Filter: (listing_id = 105351)
[0m
  [4;36;1mSQL (4.3ms)[0m   [0;1mSELECT count(*) AS count_all FROM "listings" WHERE ("listings".user_id = 25538) [0m
  [4;35;1mAnalyzing  Execution Time: 0.00454

[0m   [0mAggregate  (cost=1615.81..1615.82 rows=1 width=0)
   ->  Index Scan using index_listings_on_id_and_user_id_and_title on listings  (cost=0.00..1615.79 rows=4 width=0)
         Index Cond: (user_id = 25538)
[0m
  [4;36;1mListing Load (3.8ms)[0m   [0;1mSELECT * FROM "listings" WHERE ("listings".user_id = 25538) [0m
  [4;35;1mAnalyzing Listing Load Execution Time: 0.018698

[0m   [0mIndex Scan using index_listings_on_id_and_user_id_and_title on listings  (cost=0.00..1615.79 rows=4 width=1172)
   Index Cond: (user_id = 25538)
[0m
  [4;36;1mSQL (299.7ms)[0m   [0;1mSELECT count(*) AS count_all FROM "impressions" WHERE ("impressions".listing_id = 64823) [0m
  [4;35;1mAnalyzing  Execution Time: 0.299944

[0m   [0mAggregate  (cost=12714.08..12714.09 rows=1 width=0)
   ->  Seq Scan on impressions  (cost=0.00..12714.00 rows=31 width=0)
         Filter: (listing_id = 64823)
[0m
  [4;36;1mSQL (309.7ms)[0m   [0;1mSELECT count(*) AS count_all FROM "impressions" WHERE ("impressions".listing_id = 68305) [0m
  [4;35;1mAnalyzing  Execution Time: 0.310007

[0m   [0mAggregate  (cost=12724.34..12724.35 rows=1 width=0)
   ->  Seq Scan on impressions  (cost=0.00..12714.00 rows=4136 width=0)
         Filter: (listing_id = 68305)
[0m
  [4;36;1mSQL (156.1ms)[0m   [0;1mSELECT count(*) AS count_all FROM "impressions" WHERE ("impressions".listing_id = 69902) [0m
  [4;35;1mAnalyzing  Execution Time: 0.156402

[0m   [0mAggregate  (cost=12714.08..12714.09 rows=1 width=0)
   ->  Seq Scan on impressions  (cost=0.00..12714.00 rows=31 width=0)
         Filter: (listing_id = 69902)
[0m
  [4;36;1mSQL (153.9ms)[0m   [0;1mSELECT count(*) AS count_all FROM "impressions" WHERE ("impressions".listing_id = 70264) [0m
  [4;35;1mAnalyzing  Execution Time: 0.154184

[0m   [0mAggregate  (cost=12714.08..12714.09 rows=1 width=0)
   ->  Seq Scan on impressions  (cost=0.00..12714.00 rows=31 width=0)
         Filter: (listing_id = 70264)
[0m
  [4;36;1mSQL (159.9ms)[0m   [0;1mSELECT count(*) AS count_all FROM "impressions" WHERE ("impressions".listing_id = 70440) [0m
  [4;35;1mAnalyzing  Execution Time: 0.160135

[0m   [0mAggregate  (cost=12714.08..12714.09 rows=1 width=0)
   ->  Seq Scan on impressions  (cost=0.00..12714.00 rows=31 width=0)
         Filter: (listing_id = 70440)
[0m
  [4;36;1mSQL (164.3ms)[0m   [0;1mSELECT count(*) AS count_all FROM "impressions" WHERE ("impressions".listing_id = 70442) [0m
  [4;35;1mAnalyzing  Execution Time: 0.164546

[0m   [0mAggregate  (cost=12714.08..12714.09 rows=1 width=0)
   ->  Seq Scan on impressions  (cost=0.00..12714.00 rows=31 width=0)
         Filter: (listing_id = 70442)
[0m
  [4;36;1mSQL (146.3ms)[0m   [0;1mSELECT count(*) AS count_all FROM "impressions" WHERE ("impressions".listing_id = 70715) [0m
  [4;35;1mAnalyzing  Execution Time: 0.146539

[0m   [0mAggregate  (cost=12714.08..12714.09 rows=1 width=0)
   ->  Seq Scan on impressions  (cost=0.00..12714.00 rows=31 width=0)
         Filter: (listing_id = 70715)
[0m
  [4;36;1mSQL (158.3ms)[0m   [0;1mSELECT count(*) AS count_all FROM "impressions" WHERE ("impressions".listing_id = 72072) [0m
  [4;35;1mAnalyzing  Execution Time: 0.158532

[0m   [0mAggregate  (cost=12714.08..12714.09 rows=1 width=0)
   ->  Seq Scan on impressions  (cost=0.00..12714.00 rows=31 width=0)
         Filter: (listing_id = 72072)
[0m
  [4;36;1mSQL (161.7ms)[0m   [0;1mSELECT count(*) AS count_all FROM "impressions" WHERE ("impressions".listing_id = 72794) [0m
  [4;35;1mAnalyzing  Execution Time: 0.161948

[0m   [0mAggregate  (cost=12714.08..12714.09 rows=1 width=0)
   ->  Seq Scan on impressions  (cost=0.00..12714.00 rows=31 width=0)
         Filter: (listing_id = 72794)
[0m
  [4;36;1mSQL (157.0ms)[0m   [0;1mSELECT count(*) AS count_all FROM "impressions" WHERE ("impressions".listing_id = 73465) [0m
  [4;35;1mAnalyzing  Execution Time: 0.1573

[0m   [0mAggregate  (cost=12714.08..12714.09 rows=1 width=0)
   ->  Seq Scan on impressions  (cost=0.00..12714.00 rows=31 width=0)
         Filter: (listing_id = 73465)
[0m
  [4;36;1mSQL (157.9ms)[0m   [0;1mSELECT count(*) AS count_all FROM "impressions" WHERE ("impressions".listing_id = 74553) [0m
  [4;35;1mAnalyzing  Execution Time: 0.15814

[0m   [0mAggregate  (cost=12714.08..12714.09 rows=1 width=0)
   ->  Seq Scan on impressions  (cost=0.00..12714.00 rows=31 width=0)
         Filter: (listing_id = 74553)
[0m
  [4;36;1mSQL (165.7ms)[0m   [0;1mSELECT count(*) AS count_all FROM "impressions" WHERE ("impressions".listing_id = 75288) [0m
  [4;35;1mAnalyzing  Execution Time: 0.166274

[0m   [0mAggregate  (cost=12714.08..12714.09 rows=1 width=0)
   ->  Seq Scan on impressions  (cost=0.00..12714.00 rows=31 width=0)
         Filter: (listing_id = 75288)
[0m
  [4;36;1mSQL (162.1ms)[0m   [0;1mSELECT count(*) AS count_all FROM "impressions" WHERE ("impressions".listing_id = 76516) [0m
  [4;35;1mAnalyzing  Execution Time: 0.162949

[0m   [0mAggregate  (cost=12714.08..12714.09 rows=1 width=0)
   ->  Seq Scan on impressions  (cost=0.00..12714.00 rows=31 width=0)
         Filter: (listing_id = 76516)
[0m
  [4;36;1mSQL (155.1ms)[0m   [0;1mSELECT count(*) AS count_all FROM "impressions" WHERE ("impressions".listing_id = 80065) [0m
  [4;35;1mAnalyzing  Execution Time: 0.155396

[0m   [0mAggregate  (cost=12714.08..12714.09 rows=1 width=0)
   ->  Seq Scan on impressions  (cost=0.00..12714.00 rows=31 width=0)
         Filter: (listing_id = 80065)
[0m
  [4;36;1mSQL (152.2ms)[0m   [0;1mSELECT count(*) AS count_all FROM "impressions" WHERE ("impressions".listing_id = 82112) [0m
  [4;35;1mAnalyzing  Execution Time: 0.152522

[0m   [0mAggregate  (cost=12714.08..12714.09 rows=1 width=0)
   ->  Seq Scan on impressions  (cost=0.00..12714.00 rows=31 width=0)
         Filter: (listing_id = 82112)
[0m
  [4;36;1mSQL (163.6ms)[0m   [0;1mSELECT count(*) AS count_all FROM "impressions" WHERE ("impressions".listing_id = 92421) [0m
  [4;35;1mAnalyzing  Execution Time: 0.163898

[0m   [0mAggregate  (cost=12714.08..12714.09 rows=1 width=0)
   ->  Seq Scan on impressions  (cost=0.00..12714.00 rows=31 width=0)
         Filter: (listing_id = 92421)
[0m
  [4;36;1mSQL (155.4ms)[0m   [0;1mSELECT count(*) AS count_all FROM "impressions" WHERE ("impressions".listing_id = 92424) [0m
  [4;35;1mAnalyzing  Execution Time: 0.155838

[0m   [0mAggregate  (cost=12714.08..12714.09 rows=1 width=0)
   ->  Seq Scan on impressions  (cost=0.00..12714.00 rows=31 width=0)
         Filter: (listing_id = 92424)
[0m
  [4;36;1mSQL (156.6ms)[0m   [0;1mSELECT count(*) AS count_all FROM "impressions" WHERE ("impressions".listing_id = 92426) [0m
  [4;35;1mAnalyzing  Execution Time: 0.15726

[0m   [0mAggregate  (cost=12714.08..12714.09 rows=1 width=0)
   ->  Seq Scan on impressions  (cost=0.00..12714.00 rows=31 width=0)
         Filter: (listing_id = 92426)
[0m
  [4;36;1mSQL (148.5ms)[0m   [0;1mSELECT count(*) AS count_all FROM "impressions" WHERE ("impressions".listing_id = 106142) [0m
  [4;35;1mAnalyzing  Execution Time: 0.148743

[0m   [0mAggregate  (cost=12714.08..12714.09 rows=1 width=0)
   ->  Seq Scan on impressions  (cost=0.00..12714.00 rows=31 width=0)
         Filter: (listing_id = 106142)
[0m
  [4;36;1mSQL (157.0ms)[0m   [0;1mSELECT count(*) AS count_all FROM "impressions" WHERE ("impressions".listing_id = 106143) [0m
  [4;35;1mAnalyzing  Execution Time: 0.15724

[0m   [0mAggregate  (cost=12714.08..12714.09 rows=1 width=0)
   ->  Seq Scan on impressions  (cost=0.00..12714.00 rows=31 width=0)
         Filter: (listing_id = 106143)
[0m
  [4;36;1mSQL (156.8ms)[0m   [0;1mSELECT count(*) AS count_all FROM "impressions" WHERE ("impressions".listing_id = 106144) [0m
  [4;35;1mAnalyzing  Execution Time: 0.157066

[0m   [0mAggregate  (cost=12714.08..12714.09 rows=1 width=0)
   ->  Seq Scan on impressions  (cost=0.00..12714.00 rows=31 width=0)
         Filter: (listing_id = 106144)
[0m
  [4;36;1mSQL (155.5ms)[0m   [0;1mSELECT count(*) AS count_all FROM "impressions" WHERE ("impressions".listing_id = 106145) [0m
  [4;35;1mAnalyzing  Execution Time: 0.155716

[0m   [0mAggregate  (cost=12714.08..12714.09 rows=1 width=0)
   ->  Seq Scan on impressions  (cost=0.00..12714.00 rows=31 width=0)
         Filter: (listing_id = 106145)
[0m
  [4;36;1mSQL (148.8ms)[0m   [0;1mSELECT count(*) AS count_all FROM "impressions" WHERE ("impressions".listing_id = 106610) [0m
  [4;35;1mAnalyzing  Execution Time: 0.14911

[0m   [0mAggregate  (cost=12714.08..12714.09 rows=1 width=0)
   ->  Seq Scan on impressions  (cost=0.00..12714.00 rows=31 width=0)
         Filter: (listing_id = 106610)
[0m
  [4;36;1mSQL (150.9ms)[0m   [0;1mSELECT count(*) AS count_all FROM "impressions" WHERE ("impressions".listing_id = 113229) [0m
  [4;35;1mAnalyzing  Execution Time: 0.151215

[0m   [0mAggregate  (cost=12714.08..12714.09 rows=1 width=0)
   ->  Seq Scan on impressions  (cost=0.00..12714.00 rows=31 width=0)
         Filter: (listing_id = 113229)
[0m
  [4;36;1mSQL (180.3ms)[0m   [0;1mSELECT count(*) AS count_all FROM "impressions" WHERE ("impressions".listing_id = 113232) [0m
  [4;35;1mAnalyzing  Execution Time: 0.180593

[0m   [0mAggregate  (cost=12714.08..12714.09 rows=1 width=0)
   ->  Seq Scan on impressions  (cost=0.00..12714.00 rows=31 width=0)
         Filter: (listing_id = 113232)
[0m
  [4;36;1mSQL (152.1ms)[0m   [0;1mSELECT count(*) AS count_all FROM "impressions" WHERE ("impressions".listing_id = 113233) [0m
  [4;35;1mAnalyzing  Execution Time: 0.152479

[0m   [0mAggregate  (cost=12714.08..12714.09 rows=1 width=0)
   ->  Seq Scan on impressions  (cost=0.00..12714.00 rows=31 width=0)
         Filter: (listing_id = 113233)
[0m
  [4;36;1mSQL (148.1ms)[0m   [0;1mSELECT count(*) AS count_all FROM "impressions" WHERE ("impressions".listing_id = 113234) [0m
  [4;35;1mAnalyzing  Execution Time: 0.148372

[0m   [0mAggregate  (cost=12714.08..12714.09 rows=1 width=0)
   ->  Seq Scan on impressions  (cost=0.00..12714.00 rows=31 width=0)
         Filter: (listing_id = 113234)
[0m
  [4;36;1mSQL (153.2ms)[0m   [0;1mSELECT count(*) AS count_all FROM "impressions" WHERE ("impressions".listing_id = 113235) [0m
  [4;35;1mAnalyzing  Execution Time: 0.153468

[0m   [0mAggregate  (cost=12714.08..12714.09 rows=1 width=0)
   ->  Seq Scan on impressions  (cost=0.00..12714.00 rows=31 width=0)
         Filter: (listing_id = 113235)
[0m
  [4;36;1mSQL (151.9ms)[0m   [0;1mSELECT count(*) AS count_all FROM "impressions" WHERE ("impressions".listing_id = 113236) [0m
  [4;35;1mAnalyzing  Execution Time: 0.152187

[0m   [0mAggregate  (cost=12714.08..12714.09 rows=1 width=0)
   ->  Seq Scan on impressions  (cost=0.00..12714.00 rows=31 width=0)
         Filter: (listing_id = 113236)
[0m
  [4;36;1mSQL (154.4ms)[0m   [0;1mSELECT count(*) AS count_all FROM "impressions" WHERE ("impressions".listing_id = 113237) [0m
  [4;35;1mAnalyzing  Execution Time: 0.154712

[0m   [0mAggregate  (cost=12714.08..12714.09 rows=1 width=0)
   ->  Seq Scan on impressions  (cost=0.00..12714.00 rows=31 width=0)
         Filter: (listing_id = 113237)
[0m
  [4;36;1mSQL (140.2ms)[0m   [0;1mSELECT count(*) AS count_all FROM "impressions" WHERE ("impressions".listing_id = 113238) [0m
  [4;35;1mAnalyzing  Execution Time: 0.14053

[0m   [0mAggregate  (cost=12714.08..12714.09 rows=1 width=0)
   ->  Seq Scan on impressions  (cost=0.00..12714.00 rows=31 width=0)
         Filter: (listing_id = 113238)
[0m
  [4;36;1mSQL (148.1ms)[0m   [0;1mSELECT count(*) AS count_all FROM "impressions" WHERE ("impressions".listing_id = 113239) [0m
  [4;35;1mAnalyzing  Execution Time: 0.148417

[0m   [0mAggregate  (cost=12714.08..12714.09 rows=1 width=0)
   ->  Seq Scan on impressions  (cost=0.00..12714.00 rows=31 width=0)
         Filter: (listing_id = 113239)
[0m
  [4;36;1mSQL (144.5ms)[0m   [0;1mSELECT count(*) AS count_all FROM "impressions" WHERE ("impressions".listing_id = 113240) [0m
  [4;35;1mAnalyzing  Execution Time: 0.144892

[0m   [0mAggregate  (cost=12714.08..12714.09 rows=1 width=0)
   ->  Seq Scan on impressions  (cost=0.00..12714.00 rows=31 width=0)
         Filter: (listing_id = 113240)
[0m
  [4;36;1mSQL (147.6ms)[0m   [0;1mSELECT count(*) AS count_all FROM "impressions" WHERE ("impressions".listing_id = 113241) [0m
  [4;35;1mAnalyzing  Execution Time: 0.14792

[0m   [0mAggregate  (cost=12714.08..12714.09 rows=1 width=0)
   ->  Seq Scan on impressions  (cost=0.00..12714.00 rows=31 width=0)
         Filter: (listing_id = 113241)
[0m
  [4;36;1mSQL (144.2ms)[0m   [0;1mSELECT count(*) AS count_all FROM "impressions" WHERE ("impressions".listing_id = 113242) [0m
  [4;35;1mAnalyzing  Execution Time: 0.144521

[0m   [0mAggregate  (cost=12714.08..12714.09 rows=1 width=0)
   ->  Seq Scan on impressions  (cost=0.00..12714.00 rows=31 width=0)
         Filter: (listing_id = 113242)
[0m
  [4;36;1mSQL (23.7ms)[0m   [0;1mSELECT count(*) AS count_all FROM "clicks" WHERE ("clicks".listing_id = 64823) [0m
  [4;35;1mAnalyzing  Execution Time: 0.02402

[0m   [0mAggregate  (cost=814.47..814.48 rows=1 width=0)
   ->  Seq Scan on clicks  (cost=0.00..814.46 rows=2 width=0)
         Filter: (listing_id = 64823)
[0m
  [4;36;1mSQL (10.4ms)[0m   [0;1mSELECT count(*) AS count_all FROM "clicks" WHERE ("clicks".listing_id = 68305) [0m
  [4;35;1mAnalyzing  Execution Time: 0.010687

[0m   [0mAggregate  (cost=814.47..814.48 rows=1 width=0)
   ->  Seq Scan on clicks  (cost=0.00..814.46 rows=2 width=0)
         Filter: (listing_id = 68305)
[0m
  [4;36;1mSQL (10.4ms)[0m   [0;1mSELECT count(*) AS count_all FROM "clicks" WHERE ("clicks".listing_id = 69902) [0m
  [4;35;1mAnalyzing  Execution Time: 0.010662

[0m   [0mAggregate  (cost=814.47..814.48 rows=1 width=0)
   ->  Seq Scan on clicks  (cost=0.00..814.46 rows=2 width=0)
         Filter: (listing_id = 69902)
[0m
  [4;36;1mSQL (21.7ms)[0m   [0;1mSELECT count(*) AS count_all FROM "clicks" WHERE ("clicks".listing_id = 70264) [0m
  [4;35;1mAnalyzing  Execution Time: 0.021938

[0m   [0mAggregate  (cost=814.47..814.48 rows=1 width=0)
   ->  Seq Scan on clicks  (cost=0.00..814.46 rows=2 width=0)
         Filter: (listing_id = 70264)
[0m
  [4;36;1mSQL (9.5ms)[0m   [0;1mSELECT count(*) AS count_all FROM "clicks" WHERE ("clicks".listing_id = 70440) [0m
  [4;35;1mAnalyzing  Execution Time: 0.009727

[0m   [0mAggregate  (cost=814.47..814.48 rows=1 width=0)
   ->  Seq Scan on clicks  (cost=0.00..814.46 rows=2 width=0)
         Filter: (listing_id = 70440)
[0m
  [4;36;1mSQL (21.0ms)[0m   [0;1mSELECT count(*) AS count_all FROM "clicks" WHERE ("clicks".listing_id = 70442) [0m
  [4;35;1mAnalyzing  Execution Time: 0.02126

[0m   [0mAggregate  (cost=814.47..814.48 rows=1 width=0)
   ->  Seq Scan on clicks  (cost=0.00..814.46 rows=2 width=0)
         Filter: (listing_id = 70442)
[0m
  [4;36;1mSQL (16.4ms)[0m   [0;1mSELECT count(*) AS count_all FROM "clicks" WHERE ("clicks".listing_id = 70715) [0m
  [4;35;1mAnalyzing  Execution Time: 0.01668

[0m   [0mAggregate  (cost=814.47..814.48 rows=1 width=0)
   ->  Seq Scan on clicks  (cost=0.00..814.46 rows=2 width=0)
         Filter: (listing_id = 70715)
[0m
  [4;36;1mSQL (20.4ms)[0m   [0;1mSELECT count(*) AS count_all FROM "clicks" WHERE ("clicks".listing_id = 72072) [0m
  [4;35;1mAnalyzing  Execution Time: 0.020705

[0m   [0mAggregate  (cost=814.47..814.48 rows=1 width=0)
   ->  Seq Scan on clicks  (cost=0.00..814.46 rows=2 width=0)
         Filter: (listing_id = 72072)
[0m
  [4;36;1mSQL (18.7ms)[0m   [0;1mSELECT count(*) AS count_all FROM "clicks" WHERE ("clicks".listing_id = 72794) [0m
  [4;35;1mAnalyzing  Execution Time: 0.018985

[0m   [0mAggregate  (cost=814.47..814.48 rows=1 width=0)
   ->  Seq Scan on clicks  (cost=0.00..814.46 rows=2 width=0)
         Filter: (listing_id = 72794)
[0m
  [4;36;1mSQL (22.4ms)[0m   [0;1mSELECT count(*) AS count_all FROM "clicks" WHERE ("clicks".listing_id = 73465) [0m
  [4;35;1mAnalyzing  Execution Time: 0.022692

[0m   [0mAggregate  (cost=814.47..814.48 rows=1 width=0)
   ->  Seq Scan on clicks  (cost=0.00..814.46 rows=2 width=0)
         Filter: (listing_id = 73465)
[0m
  [4;36;1mSQL (22.8ms)[0m   [0;1mSELECT count(*) AS count_all FROM "clicks" WHERE ("clicks".listing_id = 74553) [0m
  [4;35;1mAnalyzing  Execution Time: 0.023053

[0m   [0mAggregate  (cost=814.47..814.48 rows=1 width=0)
   ->  Seq Scan on clicks  (cost=0.00..814.46 rows=2 width=0)
         Filter: (listing_id = 74553)
[0m
  [4;36;1mSQL (13.0ms)[0m   [0;1mSELECT count(*) AS count_all FROM "clicks" WHERE ("clicks".listing_id = 75288) [0m
  [4;35;1mAnalyzing  Execution Time: 0.013522

[0m   [0mAggregate  (cost=814.47..814.48 rows=1 width=0)
   ->  Seq Scan on clicks  (cost=0.00..814.46 rows=2 width=0)
         Filter: (listing_id = 75288)
[0m
  [4;36;1mSQL (12.4ms)[0m   [0;1mSELECT count(*) AS count_all FROM "clicks" WHERE ("clicks".listing_id = 76516) [0m
  [4;35;1mAnalyzing  Execution Time: 0.012651

[0m   [0mAggregate  (cost=814.47..814.48 rows=1 width=0)
   ->  Seq Scan on clicks  (cost=0.00..814.46 rows=2 width=0)
         Filter: (listing_id = 76516)
[0m
  [4;36;1mSQL (10.1ms)[0m   [0;1mSELECT count(*) AS count_all FROM "clicks" WHERE ("clicks".listing_id = 80065) [0m
  [4;35;1mAnalyzing  Execution Time: 0.010327

[0m   [0mAggregate  (cost=814.47..814.48 rows=1 width=0)
   ->  Seq Scan on clicks  (cost=0.00..814.46 rows=2 width=0)
         Filter: (listing_id = 80065)
[0m
  [4;36;1mSQL (9.3ms)[0m   [0;1mSELECT count(*) AS count_all FROM "clicks" WHERE ("clicks".listing_id = 82112) [0m
  [4;35;1mAnalyzing  Execution Time: 0.009586

[0m   [0mAggregate  (cost=814.47..814.48 rows=1 width=0)
   ->  Seq Scan on clicks  (cost=0.00..814.46 rows=2 width=0)
         Filter: (listing_id = 82112)
[0m
  [4;36;1mSQL (8.5ms)[0m   [0;1mSELECT count(*) AS count_all FROM "clicks" WHERE ("clicks".listing_id = 92421) [0m
  [4;35;1mAnalyzing  Execution Time: 0.009699

[0m   [0mAggregate  (cost=814.47..814.48 rows=1 width=0)
   ->  Seq Scan on clicks  (cost=0.00..814.46 rows=2 width=0)
         Filter: (listing_id = 92421)
[0m
  [4;36;1mSQL (9.8ms)[0m   [0;1mSELECT count(*) AS count_all FROM "clicks" WHERE ("clicks".listing_id = 92424) [0m
  [4;35;1mAnalyzing  Execution Time: 0.010383

[0m   [0mAggregate  (cost=814.47..814.48 rows=1 width=0)
   ->  Seq Scan on clicks  (cost=0.00..814.46 rows=2 width=0)
         Filter: (listing_id = 92424)
[0m
  [4;36;1mSQL (8.8ms)[0m   [0;1mSELECT count(*) AS count_all FROM "clicks" WHERE ("clicks".listing_id = 92426) [0m
  [4;35;1mAnalyzing  Execution Time: 0.009047

[0m   [0mAggregate  (cost=814.47..814.48 rows=1 width=0)
   ->  Seq Scan on clicks  (cost=0.00..814.46 rows=2 width=0)
         Filter: (listing_id = 92426)
[0m
  [4;36;1mSQL (10.2ms)[0m   [0;1mSELECT count(*) AS count_all FROM "clicks" WHERE ("clicks".listing_id = 106142) [0m
  [4;35;1mAnalyzing  Execution Time: 0.0105310000000001

[0m   [0mAggregate  (cost=814.47..814.48 rows=1 width=0)
   ->  Seq Scan on clicks  (cost=0.00..814.46 rows=2 width=0)
         Filter: (listing_id = 106142)
[0m
  [4;36;1mSQL (12.2ms)[0m   [0;1mSELECT count(*) AS count_all FROM "clicks" WHERE ("clicks".listing_id = 106143) [0m
  [4;35;1mAnalyzing  Execution Time: 0.012493

[0m   [0mAggregate  (cost=814.47..814.48 rows=1 width=0)
   ->  Seq Scan on clicks  (cost=0.00..814.46 rows=2 width=0)
         Filter: (listing_id = 106143)
[0m
  [4;36;1mSQL (9.1ms)[0m   [0;1mSELECT count(*) AS count_all FROM "clicks" WHERE ("clicks".listing_id = 106144) [0m
  [4;35;1mAnalyzing  Execution Time: 0.009362

[0m   [0mAggregate  (cost=814.47..814.48 rows=1 width=0)
   ->  Seq Scan on clicks  (cost=0.00..814.46 rows=2 width=0)
         Filter: (listing_id = 106144)
[0m
  [4;36;1mSQL (9.4ms)[0m   [0;1mSELECT count(*) AS count_all FROM "clicks" WHERE ("clicks".listing_id = 106145) [0m
  [4;35;1mAnalyzing  Execution Time: 0.009732

[0m   [0mAggregate  (cost=814.47..814.48 rows=1 width=0)
   ->  Seq Scan on clicks  (cost=0.00..814.46 rows=2 width=0)
         Filter: (listing_id = 106145)
[0m
  [4;36;1mSQL (9.8ms)[0m   [0;1mSELECT count(*) AS count_all FROM "clicks" WHERE ("clicks".listing_id = 106610) [0m
  [4;35;1mAnalyzing  Execution Time: 0.01012

[0m   [0mAggregate  (cost=814.47..814.48 rows=1 width=0)
   ->  Seq Scan on clicks  (cost=0.00..814.46 rows=2 width=0)
         Filter: (listing_id = 106610)
[0m
  [4;36;1mSQL (8.8ms)[0m   [0;1mSELECT count(*) AS count_all FROM "clicks" WHERE ("clicks".listing_id = 113229) [0m
  [4;35;1mAnalyzing  Execution Time: 0.009033

[0m   [0mAggregate  (cost=814.47..814.48 rows=1 width=0)
   ->  Seq Scan on clicks  (cost=0.00..814.46 rows=2 width=0)
         Filter: (listing_id = 113229)
[0m
  [4;36;1mSQL (9.2ms)[0m   [0;1mSELECT count(*) AS count_all FROM "clicks" WHERE ("clicks".listing_id = 113232) [0m
  [4;35;1mAnalyzing  Execution Time: 0.009464

[0m   [0mAggregate  (cost=814.47..814.48 rows=1 width=0)
   ->  Seq Scan on clicks  (cost=0.00..814.46 rows=2 width=0)
         Filter: (listing_id = 113232)
[0m
  [4;36;1mSQL (10.1ms)[0m   [0;1mSELECT count(*) AS count_all FROM "clicks" WHERE ("clicks".listing_id = 113233) [0m
  [4;35;1mAnalyzing  Execution Time: 0.010407

[0m   [0mAggregate  (cost=814.47..814.48 rows=1 width=0)
   ->  Seq Scan on clicks  (cost=0.00..814.46 rows=2 width=0)
         Filter: (listing_id = 113233)
[0m
  [4;36;1mSQL (8.6ms)[0m   [0;1mSELECT count(*) AS count_all FROM "clicks" WHERE ("clicks".listing_id = 113234) [0m
  [4;35;1mAnalyzing  Execution Time: 0.008855

[0m   [0mAggregate  (cost=814.47..814.48 rows=1 width=0)
   ->  Seq Scan on clicks  (cost=0.00..814.46 rows=2 width=0)
         Filter: (listing_id = 113234)
[0m
  [4;36;1mSQL (10.8ms)[0m   [0;1mSELECT count(*) AS count_all FROM "clicks" WHERE ("clicks".listing_id = 113235) [0m
  [4;35;1mAnalyzing  Execution Time: 0.011036

[0m   [0mAggregate  (cost=814.47..814.48 rows=1 width=0)
   ->  Seq Scan on clicks  (cost=0.00..814.46 rows=2 width=0)
         Filter: (listing_id = 113235)
[0m
  [4;36;1mSQL (8.9ms)[0m   [0;1mSELECT count(*) AS count_all FROM "clicks" WHERE ("clicks".listing_id = 113236) [0m
  [4;35;1mAnalyzing  Execution Time: 0.009147

[0m   [0mAggregate  (cost=814.47..814.48 rows=1 width=0)
   ->  Seq Scan on clicks  (cost=0.00..814.46 rows=2 width=0)
         Filter: (listing_id = 113236)
[0m
  [4;36;1mSQL (8.5ms)[0m   [0;1mSELECT count(*) AS count_all FROM "clicks" WHERE ("clicks".listing_id = 113237) [0m
  [4;35;1mAnalyzing  Execution Time: 0.00873

[0m   [0mAggregate  (cost=814.47..814.48 rows=1 width=0)
   ->  Seq Scan on clicks  (cost=0.00..814.46 rows=2 width=0)
         Filter: (listing_id = 113237)
[0m
  [4;36;1mSQL (12.5ms)[0m   [0;1mSELECT count(*) AS count_all FROM "clicks" WHERE ("clicks".listing_id = 113238) [0m
  [4;35;1mAnalyzing  Execution Time: 0.012738

[0m   [0mAggregate  (cost=814.47..814.48 rows=1 width=0)
   ->  Seq Scan on clicks  (cost=0.00..814.46 rows=2 width=0)
         Filter: (listing_id = 113238)
[0m
  [4;36;1mSQL (10.5ms)[0m   [0;1mSELECT count(*) AS count_all FROM "clicks" WHERE ("clicks".listing_id = 113239) [0m
  [4;35;1mAnalyzing  Execution Time: 0.010781

[0m   [0mAggregate  (cost=814.47..814.48 rows=1 width=0)
   ->  Seq Scan on clicks  (cost=0.00..814.46 rows=2 width=0)
         Filter: (listing_id = 113239)
[0m
  [4;36;1mSQL (9.1ms)[0m   [0;1mSELECT count(*) AS count_all FROM "clicks" WHERE ("clicks".listing_id = 113240) [0m
  [4;35;1mAnalyzing  Execution Time: 0.009476

[0m   [0mAggregate  (cost=814.47..814.48 rows=1 width=0)
   ->  Seq Scan on clicks  (cost=0.00..814.46 rows=2 width=0)
         Filter: (listing_id = 113240)
[0m
  [4;36;1mSQL (9.4ms)[0m   [0;1mSELECT count(*) AS count_all FROM "clicks" WHERE ("clicks".listing_id = 113241) [0m
  [4;35;1mAnalyzing  Execution Time: 0.00968

[0m   [0mAggregate  (cost=814.47..814.48 rows=1 width=0)
   ->  Seq Scan on clicks  (cost=0.00..814.46 rows=2 width=0)
         Filter: (listing_id = 113241)
[0m
  [4;36;1mSQL (9.5ms)[0m   [0;1mSELECT count(*) AS count_all FROM "clicks" WHERE ("clicks".listing_id = 113242) [0m
  [4;35;1mAnalyzing  Execution Time: 0.009784

[0m   [0mAggregate  (cost=814.47..814.48 rows=1 width=0)
   ->  Seq Scan on clicks  (cost=0.00..814.46 rows=2 width=0)
         Filter: (listing_id = 113242)
[0m
  [4;36;1mSQL (4.3ms)[0m   [0;1mSELECT count(*) AS count_all FROM "listings" WHERE ("listings".user_id = 25539) [0m
  [4;35;1mAnalyzing  Execution Time: 0.004591

[0m   [0mAggregate  (cost=1615.81..1615.82 rows=1 width=0)
   ->  Index Scan using index_listings_on_id_and_user_id_and_title on listings  (cost=0.00..1615.79 rows=4 width=0)
         Index Cond: (user_id = 25539)
[0m
  [4;36;1mListing Load (2.2ms)[0m   [0;1mSELECT * FROM "listings" WHERE ("listings".user_id = 25539) [0m
  [4;35;1mAnalyzing Listing Load Execution Time: 0.003095

[0m   [0mIndex Scan using index_listings_on_id_and_user_id_and_title on listings  (cost=0.00..1615.79 rows=4 width=1172)
   Index Cond: (user_id = 25539)
[0m
  [4;36;1mSQL (155.9ms)[0m   [0;1mSELECT count(*) AS count_all FROM "impressions" WHERE ("impressions".listing_id = 113169) [0m
  [4;35;1mAnalyzing  Execution Time: 0.156126

[0m   [0mAggregate  (cost=12714.08..12714.09 rows=1 width=0)
   ->  Seq Scan on impressions  (cost=0.00..12714.00 rows=31 width=0)
         Filter: (listing_id = 113169)
[0m
  [4;36;1mSQL (9.9ms)[0m   [0;1mSELECT count(*) AS count_all FROM "clicks" WHERE ("clicks".listing_id = 113169) [0m
  [4;35;1mAnalyzing  Execution Time: 0.010221

[0m   [0mAggregate  (cost=814.47..814.48 rows=1 width=0)
   ->  Seq Scan on clicks  (cost=0.00..814.46 rows=2 width=0)
         Filter: (listing_id = 113169)
[0m
  [4;36;1mSQL (2.7ms)[0m   [0;1mSELECT count(*) AS count_all FROM "listings" WHERE ("listings".user_id = 25540) [0m
  [4;35;1mAnalyzing  Execution Time: 0.003004

[0m   [0mAggregate  (cost=1615.81..1615.82 rows=1 width=0)
   ->  Index Scan using index_listings_on_id_and_user_id_and_title on listings  (cost=0.00..1615.79 rows=4 width=0)
         Index Cond: (user_id = 25540)
[0m
  [4;36;1mListing Load (2.2ms)[0m   [0;1mSELECT * FROM "listings" WHERE ("listings".user_id = 25540) [0m
  [4;35;1mAnalyzing Listing Load Execution Time: 0.002971

[0m   [0mIndex Scan using index_listings_on_id_and_user_id_and_title on listings  (cost=0.00..1615.79 rows=4 width=1172)
   Index Cond: (user_id = 25540)
[0m
  [4;36;1mSQL (152.5ms)[0m   [0;1mSELECT count(*) AS count_all FROM "impressions" WHERE ("impressions".listing_id = 113170) [0m
  [4;35;1mAnalyzing  Execution Time: 0.152772

[0m   [0mAggregate  (cost=12714.08..12714.09 rows=1 width=0)
   ->  Seq Scan on impressions  (cost=0.00..12714.00 rows=31 width=0)
         Filter: (listing_id = 113170)
[0m
  [4;36;1mSQL (10.8ms)[0m   [0;1mSELECT count(*) AS count_all FROM "clicks" WHERE ("clicks".listing_id = 113170) [0m
  [4;35;1mAnalyzing  Execution Time: 0.011144

[0m   [0mAggregate  (cost=814.47..814.48 rows=1 width=0)
   ->  Seq Scan on clicks  (cost=0.00..814.46 rows=2 width=0)
         Filter: (listing_id = 113170)
[0m
  [4;36;1mSQL (2.1ms)[0m   [0;1mSELECT count(*) AS count_all FROM "listings" WHERE ("listings".user_id = 25541) [0m
  [4;35;1mAnalyzing  Execution Time: 0.002391

[0m   [0mAggregate  (cost=1615.81..1615.82 rows=1 width=0)
   ->  Index Scan using index_listings_on_id_and_user_id_and_title on listings  (cost=0.00..1615.79 rows=4 width=0)
         Index Cond: (user_id = 25541)
[0m
  [4;36;1mListing Load (1.9ms)[0m   [0;1mSELECT * FROM "listings" WHERE ("listings".user_id = 25541) [0m
  [4;35;1mAnalyzing Listing Load Execution Time: 0.002611

[0m   [0mIndex Scan using index_listings_on_id_and_user_id_and_title on listings  (cost=0.00..1615.79 rows=4 width=1172)
   Index Cond: (user_id = 25541)
[0m
  [4;36;1mSQL (162.8ms)[0m   [0;1mSELECT count(*) AS count_all FROM "impressions" WHERE ("impressions".listing_id = 113171) [0m
  [4;35;1mAnalyzing  Execution Time: 0.163011

[0m   [0mAggregate  (cost=12714.08..12714.09 rows=1 width=0)
   ->  Seq Scan on impressions  (cost=0.00..12714.00 rows=31 width=0)
         Filter: (listing_id = 113171)
[0m
  [4;36;1mSQL (9.3ms)[0m   [0;1mSELECT count(*) AS count_all FROM "clicks" WHERE ("clicks".listing_id = 113171) [0m
  [4;35;1mAnalyzing  Execution Time: 0.009616

[0m   [0mAggregate  (cost=814.47..814.48 rows=1 width=0)
   ->  Seq Scan on clicks  (cost=0.00..814.46 rows=2 width=0)
         Filter: (listing_id = 113171)
[0m
  [4;36;1mSQL (2.8ms)[0m   [0;1mSELECT count(*) AS count_all FROM "listings" WHERE ("listings".user_id = 25542) [0m
  [4;35;1mAnalyzing  Execution Time: 0.003068

[0m   [0mAggregate  (cost=1615.81..1615.82 rows=1 width=0)
   ->  Index Scan using index_listings_on_id_and_user_id_and_title on listings  (cost=0.00..1615.79 rows=4 width=0)
         Index Cond: (user_id = 25542)
[0m
  [4;36;1mListing Load (2.5ms)[0m   [0;1mSELECT * FROM "listings" WHERE ("listings".user_id = 25542) [0m
  [4;35;1mAnalyzing Listing Load Execution Time: 0.003176

[0m   [0mIndex Scan using index_listings_on_id_and_user_id_and_title on listings  (cost=0.00..1615.79 rows=4 width=1172)
   Index Cond: (user_id = 25542)
[0m
  [4;36;1mSQL (209.7ms)[0m   [0;1mSELECT count(*) AS count_all FROM "impressions" WHERE ("impressions".listing_id = 74507) [0m
  [4;35;1mAnalyzing  Execution Time: 0.209931

[0m   [0mAggregate  (cost=12714.08..12714.09 rows=1 width=0)
   ->  Seq Scan on impressions  (cost=0.00..12714.00 rows=31 width=0)
         Filter: (listing_id = 74507)
[0m
  [4;36;1mSQL (10.0ms)[0m   [0;1mSELECT count(*) AS count_all FROM "clicks" WHERE ("clicks".listing_id = 74507) [0m
  [4;35;1mAnalyzing  Execution Time: 0.010225

[0m   [0mAggregate  (cost=814.47..814.48 rows=1 width=0)
   ->  Seq Scan on clicks  (cost=0.00..814.46 rows=2 width=0)
         Filter: (listing_id = 74507)
[0m
  [4;36;1mSQL (1.9ms)[0m   [0;1mSELECT count(*) AS count_all FROM "listings" WHERE ("listings".user_id = 25543) [0m
  [4;35;1mAnalyzing  Execution Time: 0.002119

[0m   [0mAggregate  (cost=1615.81..1615.82 rows=1 width=0)
   ->  Index Scan using index_listings_on_id_and_user_id_and_title on listings  (cost=0.00..1615.79 rows=4 width=0)
         Index Cond: (user_id = 25543)
[0m
  [4;36;1mListing Load (2.1ms)[0m   [0;1mSELECT * FROM "listings" WHERE ("listings".user_id = 25543) [0m
  [4;35;1mAnalyzing Listing Load Execution Time: 0.002853

[0m   [0mIndex Scan using index_listings_on_id_and_user_id_and_title on listings  (cost=0.00..1615.79 rows=4 width=1172)
   Index Cond: (user_id = 25543)
[0m
  [4;36;1mSQL (152.2ms)[0m   [0;1mSELECT count(*) AS count_all FROM "impressions" WHERE ("impressions".listing_id = 113172) [0m
  [4;35;1mAnalyzing  Execution Time: 0.152505

[0m   [0mAggregate  (cost=12714.08..12714.09 rows=1 width=0)
   ->  Seq Scan on impressions  (cost=0.00..12714.00 rows=31 width=0)
         Filter: (listing_id = 113172)
[0m
  [4;36;1mSQL (8.5ms)[0m   [0;1mSELECT count(*) AS count_all FROM "clicks" WHERE ("clicks".listing_id = 113172) [0m
  [4;35;1mAnalyzing  Execution Time: 0.008744

[0m   [0mAggregate  (cost=814.47..814.48 rows=1 width=0)
   ->  Seq Scan on clicks  (cost=0.00..814.46 rows=2 width=0)
         Filter: (listing_id = 113172)
[0m
  [4;36;1mSQL (2.2ms)[0m   [0;1mSELECT count(*) AS count_all FROM "listings" WHERE ("listings".user_id = 25544) [0m
  [4;35;1mAnalyzing  Execution Time: 0.002537

[0m   [0mAggregate  (cost=1615.81..1615.82 rows=1 width=0)
   ->  Index Scan using index_listings_on_id_and_user_id_and_title on listings  (cost=0.00..1615.79 rows=4 width=0)
         Index Cond: (user_id = 25544)
[0m
  [4;36;1mListing Load (3.1ms)[0m   [0;1mSELECT * FROM "listings" WHERE ("listings".user_id = 25544) [0m
  [4;35;1mAnalyzing Listing Load Execution Time: 0.004588

[0m   [0mIndex Scan using index_listings_on_id_and_user_id_and_title on listings  (cost=0.00..1615.79 rows=4 width=1172)
   Index Cond: (user_id = 25544)
[0m
  [4;36;1mSQL (151.2ms)[0m   [0;1mSELECT count(*) AS count_all FROM "impressions" WHERE ("impressions".listing_id = 91334) [0m
  [4;35;1mAnalyzing  Execution Time: 0.151499

[0m   [0mAggregate  (cost=12714.08..12714.09 rows=1 width=0)
   ->  Seq Scan on impressions  (cost=0.00..12714.00 rows=31 width=0)
         Filter: (listing_id = 91334)
[0m
  [4;36;1mSQL (153.9ms)[0m   [0;1mSELECT count(*) AS count_all FROM "impressions" WHERE ("impressions".listing_id = 91335) [0m
  [4;35;1mAnalyzing  Execution Time: 0.154165

[0m   [0mAggregate  (cost=12714.08..12714.09 rows=1 width=0)
   ->  Seq Scan on impressions  (cost=0.00..12714.00 rows=31 width=0)
         Filter: (listing_id = 91335)
[0m
  [4;36;1mSQL (360.2ms)[0m   [0;1mSELECT count(*) AS count_all FROM "impressions" WHERE ("impressions".listing_id = 91336) [0m
  [4;35;1mAnalyzing  Execution Time: 0.360671

[0m   [0mAggregate  (cost=12714.08..12714.09 rows=1 width=0)
   ->  Seq Scan on impressions  (cost=0.00..12714.00 rows=31 width=0)
         Filter: (listing_id = 91336)
[0m
  [4;36;1mSQL (8.5ms)[0m   [0;1mSELECT count(*) AS count_all FROM "clicks" WHERE ("clicks".listing_id = 91334) [0m
  [4;35;1mAnalyzing  Execution Time: 0.00883

[0m   [0mAggregate  (cost=814.47..814.48 rows=1 width=0)
   ->  Seq Scan on clicks  (cost=0.00..814.46 rows=2 width=0)
         Filter: (listing_id = 91334)
[0m
  [4;36;1mSQL (9.3ms)[0m   [0;1mSELECT count(*) AS count_all FROM "clicks" WHERE ("clicks".listing_id = 91335) [0m
  [4;35;1mAnalyzing  Execution Time: 0.009662

[0m   [0mAggregate  (cost=814.47..814.48 rows=1 width=0)
   ->  Seq Scan on clicks  (cost=0.00..814.46 rows=2 width=0)
         Filter: (listing_id = 91335)
[0m
  [4;36;1mSQL (9.5ms)[0m   [0;1mSELECT count(*) AS count_all FROM "clicks" WHERE ("clicks".listing_id = 91336) [0m
  [4;35;1mAnalyzing  Execution Time: 0.009742

[0m   [0mAggregate  (cost=814.47..814.48 rows=1 width=0)
   ->  Seq Scan on clicks  (cost=0.00..814.46 rows=2 width=0)
         Filter: (listing_id = 91336)
[0m
  [4;36;1mSQL (2.1ms)[0m   [0;1mSELECT count(*) AS count_all FROM "listings" WHERE ("listings".user_id = 25545) [0m
  [4;35;1mAnalyzing  Execution Time: 0.002304

[0m   [0mAggregate  (cost=1615.81..1615.82 rows=1 width=0)
   ->  Index Scan using index_listings_on_id_and_user_id_and_title on listings  (cost=0.00..1615.79 rows=4 width=0)
         Index Cond: (user_id = 25545)
[0m
  [4;36;1mListing Load (2.2ms)[0m   [0;1mSELECT * FROM "listings" WHERE ("listings".user_id = 25545) [0m
  [4;35;1mAnalyzing Listing Load Execution Time: 0.003017

[0m   [0mIndex Scan using index_listings_on_id_and_user_id_and_title on listings  (cost=0.00..1615.79 rows=4 width=1172)
   Index Cond: (user_id = 25545)
[0m
  [4;36;1mSQL (152.3ms)[0m   [0;1mSELECT count(*) AS count_all FROM "impressions" WHERE ("impressions".listing_id = 76964) [0m
  [4;35;1mAnalyzing  Execution Time: 0.152569

[0m   [0mAggregate  (cost=12714.08..12714.09 rows=1 width=0)
   ->  Seq Scan on impressions  (cost=0.00..12714.00 rows=31 width=0)
         Filter: (listing_id = 76964)
[0m
  [4;36;1mSQL (9.1ms)[0m   [0;1mSELECT count(*) AS count_all FROM "clicks" WHERE ("clicks".listing_id = 76964) [0m
  [4;35;1mAnalyzing  Execution Time: 0.009346

[0m   [0mAggregate  (cost=814.47..814.48 rows=1 width=0)
   ->  Seq Scan on clicks  (cost=0.00..814.46 rows=2 width=0)
         Filter: (listing_id = 76964)
[0m
  [4;36;1mSQL (2.2ms)[0m   [0;1mSELECT count(*) AS count_all FROM "listings" WHERE ("listings".user_id = 25546) [0m
  [4;35;1mAnalyzing  Execution Time: 0.002457

[0m   [0mAggregate  (cost=1615.81..1615.82 rows=1 width=0)
   ->  Index Scan using index_listings_on_id_and_user_id_and_title on listings  (cost=0.00..1615.79 rows=4 width=0)
         Index Cond: (user_id = 25546)
[0m
  [4;36;1mListing Load (2.4ms)[0m   [0;1mSELECT * FROM "listings" WHERE ("listings".user_id = 25546) [0m
  [4;35;1mAnalyzing Listing Load Execution Time: 0.003099

[0m   [0mIndex Scan using index_listings_on_id_and_user_id_and_title on listings  (cost=0.00..1615.79 rows=4 width=1172)
   Index Cond: (user_id = 25546)
[0m
  [4;36;1mSQL (169.0ms)[0m   [0;1mSELECT count(*) AS count_all FROM "impressions" WHERE ("impressions".listing_id = 106828) [0m
  [4;35;1mAnalyzing  Execution Time: 0.16931

[0m   [0mAggregate  (cost=12714.08..12714.09 rows=1 width=0)
   ->  Seq Scan on impressions  (cost=0.00..12714.00 rows=31 width=0)
         Filter: (listing_id = 106828)
[0m
  [4;36;1mSQL (10.8ms)[0m   [0;1mSELECT count(*) AS count_all FROM "clicks" WHERE ("clicks".listing_id = 106828) [0m
  [4;35;1mAnalyzing  Execution Time: 0.011023

[0m   [0mAggregate  (cost=814.47..814.48 rows=1 width=0)
   ->  Seq Scan on clicks  (cost=0.00..814.46 rows=2 width=0)
         Filter: (listing_id = 106828)
[0m
  [4;36;1mSQL (2.3ms)[0m   [0;1mSELECT count(*) AS count_all FROM "listings" WHERE ("listings".user_id = 25537) [0m
  [4;35;1mAnalyzing  Execution Time: 0.00255

[0m   [0mAggregate  (cost=1615.81..1615.82 rows=1 width=0)
   ->  Index Scan using index_listings_on_id_and_user_id_and_title on listings  (cost=0.00..1615.79 rows=4 width=0)
         Index Cond: (user_id = 25537)
[0m
  [4;36;1mListing Load (2.2ms)[0m   [0;1mSELECT * FROM "listings" WHERE ("listings".user_id = 25537) [0m
  [4;35;1mAnalyzing Listing Load Execution Time: 0.006775

[0m   [0mIndex Scan using index_listings_on_id_and_user_id_and_title on listings  (cost=0.00..1615.79 rows=4 width=1172)
   Index Cond: (user_id = 25537)
[0m
  [4;36;1mSQL (145.6ms)[0m   [0;1mSELECT count(*) AS count_all FROM "impressions" WHERE ("impressions".listing_id = 102971) [0m
  [4;35;1mAnalyzing  Execution Time: 0.145865

[0m   [0mAggregate  (cost=12714.08..12714.09 rows=1 width=0)
   ->  Seq Scan on impressions  (cost=0.00..12714.00 rows=31 width=0)
         Filter: (listing_id = 102971)
[0m
  [4;36;1mSQL (154.4ms)[0m   [0;1mSELECT count(*) AS count_all FROM "impressions" WHERE ("impressions".listing_id = 102972) [0m
  [4;35;1mAnalyzing  Execution Time: 0.154751

[0m   [0mAggregate  (cost=12714.08..12714.09 rows=1 width=0)
   ->  Seq Scan on impressions  (cost=0.00..12714.00 rows=31 width=0)
         Filter: (listing_id = 102972)
[0m
  [4;36;1mSQL (223.0ms)[0m   [0;1mSELECT count(*) AS count_all FROM "impressions" WHERE ("impressions".listing_id = 102973) [0m
  [4;35;1mAnalyzing  Execution Time: 0.223326

[0m   [0mAggregate  (cost=12714.08..12714.09 rows=1 width=0)
   ->  Seq Scan on impressions  (cost=0.00..12714.00 rows=31 width=0)
         Filter: (listing_id = 102973)
[0m
  [4;36;1mSQL (167.7ms)[0m   [0;1mSELECT count(*) AS count_all FROM "impressions" WHERE ("impressions".listing_id = 113183) [0m
  [4;35;1mAnalyzing  Execution Time: 0.168049

[0m   [0mAggregate  (cost=12714.08..12714.09 rows=1 width=0)
   ->  Seq Scan on impressions  (cost=0.00..12714.00 rows=31 width=0)
         Filter: (listing_id = 113183)
[0m
  [4;36;1mSQL (267.1ms)[0m   [0;1mSELECT count(*) AS count_all FROM "impressions" WHERE ("impressions".listing_id = 113184) [0m
  [4;35;1mAnalyzing  Execution Time: 0.267468

[0m   [0mAggregate  (cost=12714.08..12714.09 rows=1 width=0)
   ->  Seq Scan on impressions  (cost=0.00..12714.00 rows=31 width=0)
         Filter: (listing_id = 113184)
[0m
  [4;36;1mSQL (201.0ms)[0m   [0;1mSELECT count(*) AS count_all FROM "impressions" WHERE ("impressions".listing_id = 113185) [0m
  [4;35;1mAnalyzing  Execution Time: 0.201307

[0m   [0mAggregate  (cost=12714.08..12714.09 rows=1 width=0)
   ->  Seq Scan on impressions  (cost=0.00..12714.00 rows=31 width=0)
         Filter: (listing_id = 113185)
[0m
  [4;36;1mSQL (153.8ms)[0m   [0;1mSELECT count(*) AS count_all FROM "impressions" WHERE ("impressions".listing_id = 113186) [0m
  [4;35;1mAnalyzing  Execution Time: 0.154141

[0m   [0mAggregate  (cost=12714.08..12714.09 rows=1 width=0)
   ->  Seq Scan on impressions  (cost=0.00..12714.00 rows=31 width=0)
         Filter: (listing_id = 113186)
[0m
  [4;36;1mSQL (153.0ms)[0m   [0;1mSELECT count(*) AS count_all FROM "impressions" WHERE ("impressions".listing_id = 113187) [0m
  [4;35;1mAnalyzing  Execution Time: 0.153309

[0m   [0mAggregate  (cost=12714.08..12714.09 rows=1 width=0)
   ->  Seq Scan on impressions  (cost=0.00..12714.00 rows=31 width=0)
         Filter: (listing_id = 113187)
[0m
  [4;36;1mSQL (157.9ms)[0m   [0;1mSELECT count(*) AS count_all FROM "impressions" WHERE ("impressions".listing_id = 113188) [0m
  [4;35;1mAnalyzing  Execution Time: 0.158207

[0m   [0mAggregate  (cost=12714.08..12714.09 rows=1 width=0)
   ->  Seq Scan on impressions  (cost=0.00..12714.00 rows=31 width=0)
         Filter: (listing_id = 113188)
[0m
  [4;36;1mSQL (166.1ms)[0m   [0;1mSELECT count(*) AS count_all FROM "impressions" WHERE ("impressions".listing_id = 113189) [0m
  [4;35;1mAnalyzing  Execution Time: 0.166383

[0m   [0mAggregate  (cost=12714.08..12714.09 rows=1 width=0)
   ->  Seq Scan on impressions  (cost=0.00..12714.00 rows=31 width=0)
         Filter: (listing_id = 113189)
[0m
  [4;36;1mSQL (240.6ms)[0m   [0;1mSELECT count(*) AS count_all FROM "impressions" WHERE ("impressions".listing_id = 113190) [0m
  [4;35;1mAnalyzing  Execution Time: 0.240853

[0m   [0mAggregate  (cost=12714.08..12714.09 rows=1 width=0)
   ->  Seq Scan on impressions  (cost=0.00..12714.00 rows=31 width=0)
         Filter: (listing_id = 113190)
[0m
  [4;36;1mSQL (12.7ms)[0m   [0;1mSELECT count(*) AS count_all FROM "clicks" WHERE ("clicks".listing_id = 102971) [0m
  [4;35;1mAnalyzing  Execution Time: 0.012967

[0m   [0mAggregate  (cost=814.47..814.48 rows=1 width=0)
   ->  Seq Scan on clicks  (cost=0.00..814.46 rows=2 width=0)
         Filter: (listing_id = 102971)
[0m
  [4;36;1mSQL (9.6ms)[0m   [0;1mSELECT count(*) AS count_all FROM "clicks" WHERE ("clicks".listing_id = 102972) [0m
  [4;35;1mAnalyzing  Execution Time: 0.009856

[0m   [0mAggregate  (cost=814.47..814.48 rows=1 width=0)
   ->  Seq Scan on clicks  (cost=0.00..814.46 rows=2 width=0)
         Filter: (listing_id = 102972)
[0m
  [4;36;1mSQL (8.5ms)[0m   [0;1mSELECT count(*) AS count_all FROM "clicks" WHERE ("clicks".listing_id = 102973) [0m
  [4;35;1mAnalyzing  Execution Time: 0.008763

[0m   [0mAggregate  (cost=814.47..814.48 rows=1 width=0)
   ->  Seq Scan on clicks  (cost=0.00..814.46 rows=2 width=0)
         Filter: (listing_id = 102973)
[0m
  [4;36;1mSQL (10.2ms)[0m   [0;1mSELECT count(*) AS count_all FROM "clicks" WHERE ("clicks".listing_id = 113183) [0m
  [4;35;1mAnalyzing  Execution Time: 0.010436

[0m   [0mAggregate  (cost=814.47..814.48 rows=1 width=0)
   ->  Seq Scan on clicks  (cost=0.00..814.46 rows=2 width=0)
         Filter: (listing_id = 113183)
[0m
  [4;36;1mSQL (9.6ms)[0m   [0;1mSELECT count(*) AS count_all FROM "clicks" WHERE ("clicks".listing_id = 113184) [0m
  [4;35;1mAnalyzing  Execution Time: 0.009874

[0m   [0mAggregate  (cost=814.47..814.48 rows=1 width=0)
   ->  Seq Scan on clicks  (cost=0.00..814.46 rows=2 width=0)
         Filter: (listing_id = 113184)
[0m
  [4;36;1mSQL (9.2ms)[0m   [0;1mSELECT count(*) AS count_all FROM "clicks" WHERE ("clicks".listing_id = 113185) [0m
  [4;35;1mAnalyzing  Execution Time: 0.009454

[0m   [0mAggregate  (cost=814.47..814.48 rows=1 width=0)
   ->  Seq Scan on clicks  (cost=0.00..814.46 rows=2 width=0)
         Filter: (listing_id = 113185)
[0m
  [4;36;1mSQL (10.3ms)[0m   [0;1mSELECT count(*) AS count_all FROM "clicks" WHERE ("clicks".listing_id = 113186) [0m
  [4;35;1mAnalyzing  Execution Time: 0.010579

[0m   [0mAggregate  (cost=814.47..814.48 rows=1 width=0)
   ->  Seq Scan on clicks  (cost=0.00..814.46 rows=2 width=0)
         Filter: (listing_id = 113186)
[0m
  [4;36;1mSQL (9.1ms)[0m   [0;1mSELECT count(*) AS count_all FROM "clicks" WHERE ("clicks".listing_id = 113187) [0m
  [4;35;1mAnalyzing  Execution Time: 0.009353

[0m   [0mAggregate  (cost=814.47..814.48 rows=1 width=0)
   ->  Seq Scan on clicks  (cost=0.00..814.46 rows=2 width=0)
         Filter: (listing_id = 113187)
[0m
  [4;36;1mSQL (8.9ms)[0m   [0;1mSELECT count(*) AS count_all FROM "clicks" WHERE ("clicks".listing_id = 113188) [0m
  [4;35;1mAnalyzing  Execution Time: 0.009194

[0m   [0mAggregate  (cost=814.47..814.48 rows=1 width=0)
   ->  Seq Scan on clicks  (cost=0.00..814.46 rows=2 width=0)
         Filter: (listing_id = 113188)
[0m
  [4;36;1mSQL (9.6ms)[0m   [0;1mSELECT count(*) AS count_all FROM "clicks" WHERE ("clicks".listing_id = 113189) [0m
  [4;35;1mAnalyzing  Execution Time: 0.009855

[0m   [0mAggregate  (cost=814.47..814.48 rows=1 width=0)
   ->  Seq Scan on clicks  (cost=0.00..814.46 rows=2 width=0)
         Filter: (listing_id = 113189)
[0m
  [4;36;1mSQL (9.4ms)[0m   [0;1mSELECT count(*) AS count_all FROM "clicks" WHERE ("clicks".listing_id = 113190) [0m
  [4;35;1mAnalyzing  Execution Time: 0.009693

[0m   [0mAggregate  (cost=814.47..814.48 rows=1 width=0)
   ->  Seq Scan on clicks  (cost=0.00..814.46 rows=2 width=0)
         Filter: (listing_id = 113190)
[0m
  [4;36;1mSQL (5.1ms)[0m   [0;1mSELECT count(*) AS count_all FROM "listings" WHERE ("listings".user_id = 25526) [0m
  [4;35;1mAnalyzing  Execution Time: 0.005387

[0m   [0mAggregate  (cost=1615.81..1615.82 rows=1 width=0)
   ->  Index Scan using index_listings_on_id_and_user_id_and_title on listings  (cost=0.00..1615.79 rows=4 width=0)
         Index Cond: (user_id = 25526)
[0m
  [4;36;1mListing Load (2.3ms)[0m   [0;1mSELECT * FROM "listings" WHERE ("listings".user_id = 25526) [0m
  [4;35;1mAnalyzing Listing Load Execution Time: 0.003822

[0m   [0mIndex Scan using index_listings_on_id_and_user_id_and_title on listings  (cost=0.00..1615.79 rows=4 width=1172)
   Index Cond: (user_id = 25526)
[0m
  [4;36;1mSQL (155.9ms)[0m   [0;1mSELECT count(*) AS count_all FROM "impressions" WHERE ("impressions".listing_id = 68732) [0m
  [4;35;1mAnalyzing  Execution Time: 0.156131

[0m   [0mAggregate  (cost=12714.08..12714.09 rows=1 width=0)
   ->  Seq Scan on impressions  (cost=0.00..12714.00 rows=31 width=0)
         Filter: (listing_id = 68732)
[0m
  [4;36;1mSQL (10.2ms)[0m   [0;1mSELECT count(*) AS count_all FROM "clicks" WHERE ("clicks".listing_id = 68732) [0m
  [4;35;1mAnalyzing  Execution Time: 0.010433

[0m   [0mAggregate  (cost=814.47..814.48 rows=1 width=0)
   ->  Seq Scan on clicks  (cost=0.00..814.46 rows=2 width=0)
         Filter: (listing_id = 68732)
[0m
  [4;36;1mSQL (2.4ms)[0m   [0;1mSELECT count(*) AS count_all FROM "listings" WHERE ("listings".user_id = 25528) [0m
  [4;35;1mAnalyzing  Execution Time: 0.002659

[0m   [0mAggregate  (cost=1615.81..1615.82 rows=1 width=0)
   ->  Index Scan using index_listings_on_id_and_user_id_and_title on listings  (cost=0.00..1615.79 rows=4 width=0)
         Index Cond: (user_id = 25528)
[0m
  [4;36;1mListing Load (2.2ms)[0m   [0;1mSELECT * FROM "listings" WHERE ("listings".user_id = 25528) [0m
  [4;35;1mAnalyzing Listing Load Execution Time: 0.003283

[0m   [0mIndex Scan using index_listings_on_id_and_user_id_and_title on listings  (cost=0.00..1615.79 rows=4 width=1172)
   Index Cond: (user_id = 25528)
[0m
  [4;36;1mSQL (148.4ms)[0m   [0;1mSELECT count(*) AS count_all FROM "impressions" WHERE ("impressions".listing_id = 105174) [0m
  [4;35;1mAnalyzing  Execution Time: 0.148768

[0m   [0mAggregate  (cost=12714.08..12714.09 rows=1 width=0)
   ->  Seq Scan on impressions  (cost=0.00..12714.00 rows=31 width=0)
         Filter: (listing_id = 105174)
[0m
  [4;36;1mSQL (151.8ms)[0m   [0;1mSELECT count(*) AS count_all FROM "impressions" WHERE ("impressions".listing_id = 113193) [0m
  [4;35;1mAnalyzing  Execution Time: 0.152098

[0m   [0mAggregate  (cost=12714.08..12714.09 rows=1 width=0)
   ->  Seq Scan on impressions  (cost=0.00..12714.00 rows=31 width=0)
         Filter: (listing_id = 113193)
[0m
  [4;36;1mSQL (8.6ms)[0m   [0;1mSELECT count(*) AS count_all FROM "clicks" WHERE ("clicks".listing_id = 105174) [0m
  [4;35;1mAnalyzing  Execution Time: 0.00889

[0m   [0mAggregate  (cost=814.47..814.48 rows=1 width=0)
   ->  Seq Scan on clicks  (cost=0.00..814.46 rows=2 width=0)
         Filter: (listing_id = 105174)
[0m
  [4;36;1mSQL (10.4ms)[0m   [0;1mSELECT count(*) AS count_all FROM "clicks" WHERE ("clicks".listing_id = 113193) [0m
  [4;35;1mAnalyzing  Execution Time: 0.010695

[0m   [0mAggregate  (cost=814.47..814.48 rows=1 width=0)
   ->  Seq Scan on clicks  (cost=0.00..814.46 rows=2 width=0)
         Filter: (listing_id = 113193)
[0m
  [4;36;1mSQL (2.2ms)[0m   [0;1mSELECT count(*) AS count_all FROM "listings" WHERE ("listings".user_id = 25529) [0m
  [4;35;1mAnalyzing  Execution Time: 0.002447

[0m   [0mAggregate  (cost=1615.81..1615.82 rows=1 width=0)
   ->  Index Scan using index_listings_on_id_and_user_id_and_title on listings  (cost=0.00..1615.79 rows=4 width=0)
         Index Cond: (user_id = 25529)
[0m
  [4;36;1mListing Load (2.2ms)[0m   [0;1mSELECT * FROM "listings" WHERE ("listings".user_id = 25529) [0m
  [4;35;1mAnalyzing Listing Load Execution Time: 0.00657

[0m   [0mIndex Scan using index_listings_on_id_and_user_id_and_title on listings  (cost=0.00..1615.79 rows=4 width=1172)
   Index Cond: (user_id = 25529)
[0m
  [4;36;1mSQL (147.0ms)[0m   [0;1mSELECT count(*) AS count_all FROM "impressions" WHERE ("impressions".listing_id = 113166) [0m
  [4;35;1mAnalyzing  Execution Time: 0.14722

[0m   [0mAggregate  (cost=12714.08..12714.09 rows=1 width=0)
   ->  Seq Scan on impressions  (cost=0.00..12714.00 rows=31 width=0)
         Filter: (listing_id = 113166)
[0m
  [4;36;1mSQL (147.3ms)[0m   [0;1mSELECT count(*) AS count_all FROM "impressions" WHERE ("impressions".listing_id = 113245) [0m
  [4;35;1mAnalyzing  Execution Time: 0.147562

[0m   [0mAggregate  (cost=12714.08..12714.09 rows=1 width=0)
   ->  Seq Scan on impressions  (cost=0.00..12714.00 rows=31 width=0)
         Filter: (listing_id = 113245)
[0m
  [4;36;1mSQL (155.9ms)[0m   [0;1mSELECT count(*) AS count_all FROM "impressions" WHERE ("impressions".listing_id = 113246) [0m
  [4;35;1mAnalyzing  Execution Time: 0.15617

[0m   [0mAggregate  (cost=12714.08..12714.09 rows=1 width=0)
   ->  Seq Scan on impressions  (cost=0.00..12714.00 rows=31 width=0)
         Filter: (listing_id = 113246)
[0m
  [4;36;1mSQL (155.7ms)[0m   [0;1mSELECT count(*) AS count_all FROM "impressions" WHERE ("impressions".listing_id = 113247) [0m
  [4;35;1mAnalyzing  Execution Time: 0.156052

[0m   [0mAggregate  (cost=12714.08..12714.09 rows=1 width=0)
   ->  Seq Scan on impressions  (cost=0.00..12714.00 rows=31 width=0)
         Filter: (listing_id = 113247)
[0m
  [4;36;1mSQL (150.4ms)[0m   [0;1mSELECT count(*) AS count_all FROM "impressions" WHERE ("impressions".listing_id = 113248) [0m
  [4;35;1mAnalyzing  Execution Time: 0.150633

[0m   [0mAggregate  (cost=12714.08..12714.09 rows=1 width=0)
   ->  Seq Scan on impressions  (cost=0.00..12714.00 rows=31 width=0)
         Filter: (listing_id = 113248)
[0m
  [4;36;1mSQL (155.3ms)[0m   [0;1mSELECT count(*) AS count_all FROM "impressions" WHERE ("impressions".listing_id = 113249) [0m
  [4;35;1mAnalyzing  Execution Time: 0.155806

[0m   [0mAggregate  (cost=12714.08..12714.09 rows=1 width=0)
   ->  Seq Scan on impressions  (cost=0.00..12714.00 rows=31 width=0)
         Filter: (listing_id = 113249)
[0m
  [4;36;1mSQL (151.4ms)[0m   [0;1mSELECT count(*) AS count_all FROM "impressions" WHERE ("impressions".listing_id = 113250) [0m
  [4;35;1mAnalyzing  Execution Time: 0.15168

[0m   [0mAggregate  (cost=12714.08..12714.09 rows=1 width=0)
   ->  Seq Scan on impressions  (cost=0.00..12714.00 rows=31 width=0)
         Filter: (listing_id = 113250)
[0m
  [4;36;1mSQL (151.0ms)[0m   [0;1mSELECT count(*) AS count_all FROM "impressions" WHERE ("impressions".listing_id = 113251) [0m
  [4;35;1mAnalyzing  Execution Time: 0.151231

[0m   [0mAggregate  (cost=12714.08..12714.09 rows=1 width=0)
   ->  Seq Scan on impressions  (cost=0.00..12714.00 rows=31 width=0)
         Filter: (listing_id = 113251)
[0m
  [4;36;1mSQL (145.1ms)[0m   [0;1mSELECT count(*) AS count_all FROM "impressions" WHERE ("impressions".listing_id = 113252) [0m
  [4;35;1mAnalyzing  Execution Time: 0.145414

[0m   [0mAggregate  (cost=12714.08..12714.09 rows=1 width=0)
   ->  Seq Scan on impressions  (cost=0.00..12714.00 rows=31 width=0)
         Filter: (listing_id = 113252)
[0m
  [4;36;1mSQL (159.4ms)[0m   [0;1mSELECT count(*) AS count_all FROM "impressions" WHERE ("impressions".listing_id = 113253) [0m
  [4;35;1mAnalyzing  Execution Time: 0.159694

[0m   [0mAggregate  (cost=12714.08..12714.09 rows=1 width=0)
   ->  Seq Scan on impressions  (cost=0.00..12714.00 rows=31 width=0)
         Filter: (listing_id = 113253)
[0m
  [4;36;1mSQL (208.3ms)[0m   [0;1mSELECT count(*) AS count_all FROM "impressions" WHERE ("impressions".listing_id = 113254) [0m
  [4;35;1mAnalyzing  Execution Time: 0.208549

[0m   [0mAggregate  (cost=12714.08..12714.09 rows=1 width=0)
   ->  Seq Scan on impressions  (cost=0.00..12714.00 rows=31 width=0)
         Filter: (listing_id = 113254)
[0m
  [4;36;1mSQL (8.8ms)[0m   [0;1mSELECT count(*) AS count_all FROM "clicks" WHERE ("clicks".listing_id = 113166) [0m
  [4;35;1mAnalyzing  Execution Time: 0.009075

[0m   [0mAggregate  (cost=814.47..814.48 rows=1 width=0)
   ->  Seq Scan on clicks  (cost=0.00..814.46 rows=2 width=0)
         Filter: (listing_id = 113166)
[0m
  [4;36;1mSQL (8.9ms)[0m   [0;1mSELECT count(*) AS count_all FROM "clicks" WHERE ("clicks".listing_id = 113245) [0m
  [4;35;1mAnalyzing  Execution Time: 0.009211

[0m   [0mAggregate  (cost=814.47..814.48 rows=1 width=0)
   ->  Seq Scan on clicks  (cost=0.00..814.46 rows=2 width=0)
         Filter: (listing_id = 113245)
[0m
  [4;36;1mSQL (11.2ms)[0m   [0;1mSELECT count(*) AS count_all FROM "clicks" WHERE ("clicks".listing_id = 113246) [0m
  [4;35;1mAnalyzing  Execution Time: 0.011452

[0m   [0mAggregate  (cost=814.47..814.48 rows=1 width=0)
   ->  Seq Scan on clicks  (cost=0.00..814.46 rows=2 width=0)
         Filter: (listing_id = 113246)
[0m
  [4;36;1mSQL (8.9ms)[0m   [0;1mSELECT count(*) AS count_all FROM "clicks" WHERE ("clicks".listing_id = 113247) [0m
  [4;35;1mAnalyzing  Execution Time: 0.009118

[0m   [0mAggregate  (cost=814.47..814.48 rows=1 width=0)
   ->  Seq Scan on clicks  (cost=0.00..814.46 rows=2 width=0)
         Filter: (listing_id = 113247)
[0m
  [4;36;1mSQL (9.3ms)[0m   [0;1mSELECT count(*) AS count_all FROM "clicks" WHERE ("clicks".listing_id = 113248) [0m
  [4;35;1mAnalyzing  Execution Time: 0.009536

[0m   [0mAggregate  (cost=814.47..814.48 rows=1 width=0)
   ->  Seq Scan on clicks  (cost=0.00..814.46 rows=2 width=0)
         Filter: (listing_id = 113248)
[0m
  [4;36;1mSQL (9.3ms)[0m   [0;1mSELECT count(*) AS count_all FROM "clicks" WHERE ("clicks".listing_id = 113249) [0m
  [4;35;1mAnalyzing  Execution Time: 0.009557

[0m   [0mAggregate  (cost=814.47..814.48 rows=1 width=0)
   ->  Seq Scan on clicks  (cost=0.00..814.46 rows=2 width=0)
         Filter: (listing_id = 113249)
[0m
  [4;36;1mSQL (8.7ms)[0m   [0;1mSELECT count(*) AS count_all FROM "clicks" WHERE ("clicks".listing_id = 113250) [0m
  [4;35;1mAnalyzing  Execution Time: 0.008977

[0m   [0mAggregate  (cost=814.47..814.48 rows=1 width=0)
   ->  Seq Scan on clicks  (cost=0.00..814.46 rows=2 width=0)
         Filter: (listing_id = 113250)
[0m
  [4;36;1mSQL (10.2ms)[0m   [0;1mSELECT count(*) AS count_all FROM "clicks" WHERE ("clicks".listing_id = 113251) [0m
  [4;35;1mAnalyzing  Execution Time: 0.01048

[0m   [0mAggregate  (cost=814.47..814.48 rows=1 width=0)
   ->  Seq Scan on clicks  (cost=0.00..814.46 rows=2 width=0)
         Filter: (listing_id = 113251)
[0m
  [4;36;1mSQL (10.3ms)[0m   [0;1mSELECT count(*) AS count_all FROM "clicks" WHERE ("clicks".listing_id = 113252) [0m
  [4;35;1mAnalyzing  Execution Time: 0.010529

[0m   [0mAggregate  (cost=814.47..814.48 rows=1 width=0)
   ->  Seq Scan on clicks  (cost=0.00..814.46 rows=2 width=0)
         Filter: (listing_id = 113252)
[0m
  [4;36;1mSQL (8.5ms)[0m   [0;1mSELECT count(*) AS count_all FROM "clicks" WHERE ("clicks".listing_id = 113253) [0m
  [4;35;1mAnalyzing  Execution Time: 0.008794

[0m   [0mAggregate  (cost=814.47..814.48 rows=1 width=0)
   ->  Seq Scan on clicks  (cost=0.00..814.46 rows=2 width=0)
         Filter: (listing_id = 113253)
[0m
  [4;36;1mSQL (10.1ms)[0m   [0;1mSELECT count(*) AS count_all FROM "clicks" WHERE ("clicks".listing_id = 113254) [0m
  [4;35;1mAnalyzing  Execution Time: 0.0104390000000001

[0m   [0mAggregate  (cost=814.47..814.48 rows=1 width=0)
   ->  Seq Scan on clicks  (cost=0.00..814.46 rows=2 width=0)
         Filter: (listing_id = 113254)
[0m
  [4;36;1mSQL (5.8ms)[0m   [0;1mSELECT count(*) AS count_all FROM "listings" WHERE ("listings".user_id = 25525) [0m
  [4;35;1mAnalyzing  Execution Time: 0.006091

[0m   [0mAggregate  (cost=1615.81..1615.82 rows=1 width=0)
   ->  Index Scan using index_listings_on_id_and_user_id_and_title on listings  (cost=0.00..1615.79 rows=4 width=0)
         Index Cond: (user_id = 25525)
[0m
  [4;36;1mListing Load (3.9ms)[0m   [0;1mSELECT * FROM "listings" WHERE ("listings".user_id = 25525) [0m
  [4;35;1mAnalyzing Listing Load Execution Time: 0.005395

[0m   [0mIndex Scan using index_listings_on_id_and_user_id_and_title on listings  (cost=0.00..1615.79 rows=4 width=1172)
   Index Cond: (user_id = 25525)
[0m
  [4;36;1mSQL (214.0ms)[0m   [0;1mSELECT count(*) AS count_all FROM "impressions" WHERE ("impressions".listing_id = 86472) [0m
  [4;35;1mAnalyzing  Execution Time: 0.214266

[0m   [0mAggregate  (cost=12714.08..12714.09 rows=1 width=0)
   ->  Seq Scan on impressions  (cost=0.00..12714.00 rows=31 width=0)
         Filter: (listing_id = 86472)
[0m
  [4;36;1mSQL (152.5ms)[0m   [0;1mSELECT count(*) AS count_all FROM "impressions" WHERE ("impressions".listing_id = 113194) [0m
  [4;35;1mAnalyzing  Execution Time: 0.152737

[0m   [0mAggregate  (cost=12714.08..12714.09 rows=1 width=0)
   ->  Seq Scan on impressions  (cost=0.00..12714.00 rows=31 width=0)
         Filter: (listing_id = 113194)
[0m
  [4;36;1mSQL (150.4ms)[0m   [0;1mSELECT count(*) AS count_all FROM "impressions" WHERE ("impressions".listing_id = 113195) [0m
  [4;35;1mAnalyzing  Execution Time: 0.150698

[0m   [0mAggregate  (cost=12714.08..12714.09 rows=1 width=0)
   ->  Seq Scan on impressions  (cost=0.00..12714.00 rows=31 width=0)
         Filter: (listing_id = 113195)
[0m
  [4;36;1mSQL (8.6ms)[0m   [0;1mSELECT count(*) AS count_all FROM "clicks" WHERE ("clicks".listing_id = 86472) [0m
  [4;35;1mAnalyzing  Execution Time: 0.00889

[0m   [0mAggregate  (cost=814.47..814.48 rows=1 width=0)
   ->  Seq Scan on clicks  (cost=0.00..814.46 rows=2 width=0)
         Filter: (listing_id = 86472)
[0m
  [4;36;1mSQL (9.2ms)[0m   [0;1mSELECT count(*) AS count_all FROM "clicks" WHERE ("clicks".listing_id = 113194) [0m
  [4;35;1mAnalyzing  Execution Time: 0.009489

[0m   [0mAggregate  (cost=814.47..814.48 rows=1 width=0)
   ->  Seq Scan on clicks  (cost=0.00..814.46 rows=2 width=0)
         Filter: (listing_id = 113194)
[0m
  [4;36;1mSQL (9.4ms)[0m   [0;1mSELECT count(*) AS count_all FROM "clicks" WHERE ("clicks".listing_id = 113195) [0m
  [4;35;1mAnalyzing  Execution Time: 0.009694

[0m   [0mAggregate  (cost=814.47..814.48 rows=1 width=0)
   ->  Seq Scan on clicks  (cost=0.00..814.46 rows=2 width=0)
         Filter: (listing_id = 113195)
[0m
  [4;36;1mSQL (4.4ms)[0m   [0;1mSELECT count(*) AS count_all FROM "listings" WHERE ("listings".user_id = 25505) [0m
  [4;35;1mAnalyzing  Execution Time: 0.004696

[0m   [0mAggregate  (cost=1615.81..1615.82 rows=1 width=0)
   ->  Index Scan using index_listings_on_id_and_user_id_and_title on listings  (cost=0.00..1615.79 rows=4 width=0)
         Index Cond: (user_id = 25505)
[0m
  [4;36;1mListing Load (2.0ms)[0m   [0;1mSELECT * FROM "listings" WHERE ("listings".user_id = 25505) [0m
  [4;35;1mAnalyzing Listing Load Execution Time: 0.002666

[0m   [0mIndex Scan using index_listings_on_id_and_user_id_and_title on listings  (cost=0.00..1615.79 rows=4 width=1172)
   Index Cond: (user_id = 25505)
[0m
  [4;36;1mSQL (149.0ms)[0m   [0;1mSELECT count(*) AS count_all FROM "impressions" WHERE ("impressions".listing_id = 75881) [0m
  [4;35;1mAnalyzing  Execution Time: 0.14934

[0m   [0mAggregate  (cost=12714.08..12714.09 rows=1 width=0)
   ->  Seq Scan on impressions  (cost=0.00..12714.00 rows=31 width=0)
         Filter: (listing_id = 75881)
[0m
  [4;36;1mSQL (8.6ms)[0m   [0;1mSELECT count(*) AS count_all FROM "clicks" WHERE ("clicks".listing_id = 75881) [0m
  [4;35;1mAnalyzing  Execution Time: 0.008852

[0m   [0mAggregate  (cost=814.47..814.48 rows=1 width=0)
   ->  Seq Scan on clicks  (cost=0.00..814.46 rows=2 width=0)
         Filter: (listing_id = 75881)
[0m
  [4;36;1mSQL (2.2ms)[0m   [0;1mSELECT count(*) AS count_all FROM "listings" WHERE ("listings".user_id = 25506) [0m
  [4;35;1mAnalyzing  Execution Time: 0.002456

[0m   [0mAggregate  (cost=1615.81..1615.82 rows=1 width=0)
   ->  Index Scan using index_listings_on_id_and_user_id_and_title on listings  (cost=0.00..1615.79 rows=4 width=0)
         Index Cond: (user_id = 25506)
[0m
  [4;36;1mListing Load (2.2ms)[0m   [0;1mSELECT * FROM "listings" WHERE ("listings".user_id = 25506) [0m
  [4;35;1mAnalyzing Listing Load Execution Time: 0.008016

[0m   [0mIndex Scan using index_listings_on_id_and_user_id_and_title on listings  (cost=0.00..1615.79 rows=4 width=1172)
   Index Cond: (user_id = 25506)
[0m
  [4;36;1mSQL (145.3ms)[0m   [0;1mSELECT count(*) AS count_all FROM "impressions" WHERE ("impressions".listing_id = 72363) [0m
  [4;35;1mAnalyzing  Execution Time: 0.145614

[0m   [0mAggregate  (cost=12714.08..12714.09 rows=1 width=0)
   ->  Seq Scan on impressions  (cost=0.00..12714.00 rows=31 width=0)
         Filter: (listing_id = 72363)
[0m
  [4;36;1mSQL (155.0ms)[0m   [0;1mSELECT count(*) AS count_all FROM "impressions" WHERE ("impressions".listing_id = 93337) [0m
  [4;35;1mAnalyzing  Execution Time: 0.155251

[0m   [0mAggregate  (cost=12714.08..12714.09 rows=1 width=0)
   ->  Seq Scan on impressions  (cost=0.00..12714.00 rows=31 width=0)
         Filter: (listing_id = 93337)
[0m
  [4;36;1mSQL (153.0ms)[0m   [0;1mSELECT count(*) AS count_all FROM "impressions" WHERE ("impressions".listing_id = 93338) [0m
  [4;35;1mAnalyzing  Execution Time: 0.153219

[0m   [0mAggregate  (cost=12714.08..12714.09 rows=1 width=0)
   ->  Seq Scan on impressions  (cost=0.00..12714.00 rows=31 width=0)
         Filter: (listing_id = 93338)
[0m
  [4;36;1mSQL (163.2ms)[0m   [0;1mSELECT count(*) AS count_all FROM "impressions" WHERE ("impressions".listing_id = 113196) [0m
  [4;35;1mAnalyzing  Execution Time: 0.163492

[0m   [0mAggregate  (cost=12714.08..12714.09 rows=1 width=0)
   ->  Seq Scan on impressions  (cost=0.00..12714.00 rows=31 width=0)
         Filter: (listing_id = 113196)
[0m
  [4;36;1mSQL (248.8ms)[0m   [0;1mSELECT count(*) AS count_all FROM "impressions" WHERE ("impressions".listing_id = 113197) [0m
  [4;35;1mAnalyzing  Execution Time: 0.249062

[0m   [0mAggregate  (cost=12714.08..12714.09 rows=1 width=0)
   ->  Seq Scan on impressions  (cost=0.00..12714.00 rows=31 width=0)
         Filter: (listing_id = 113197)
[0m
  [4;36;1mSQL (150.2ms)[0m   [0;1mSELECT count(*) AS count_all FROM "impressions" WHERE ("impressions".listing_id = 113198) [0m
  [4;35;1mAnalyzing  Execution Time: 0.150467

[0m   [0mAggregate  (cost=12714.08..12714.09 rows=1 width=0)
   ->  Seq Scan on impressions  (cost=0.00..12714.00 rows=31 width=0)
         Filter: (listing_id = 113198)
[0m
  [4;36;1mSQL (160.6ms)[0m   [0;1mSELECT count(*) AS count_all FROM "impressions" WHERE ("impressions".listing_id = 113199) [0m
  [4;35;1mAnalyzing  Execution Time: 0.195488

[0m   [0mAggregate  (cost=12714.08..12714.09 rows=1 width=0)
   ->  Seq Scan on impressions  (cost=0.00..12714.00 rows=31 width=0)
         Filter: (listing_id = 113199)
[0m
  [4;36;1mSQL (148.0ms)[0m   [0;1mSELECT count(*) AS count_all FROM "impressions" WHERE ("impressions".listing_id = 113200) [0m
  [4;35;1mAnalyzing  Execution Time: 0.148236

[0m   [0mAggregate  (cost=12714.08..12714.09 rows=1 width=0)
   ->  Seq Scan on impressions  (cost=0.00..12714.00 rows=31 width=0)
         Filter: (listing_id = 113200)
[0m
  [4;36;1mSQL (150.1ms)[0m   [0;1mSELECT count(*) AS count_all FROM "impressions" WHERE ("impressions".listing_id = 113201) [0m
  [4;35;1mAnalyzing  Execution Time: 0.150335

[0m   [0mAggregate  (cost=12714.08..12714.09 rows=1 width=0)
   ->  Seq Scan on impressions  (cost=0.00..12714.00 rows=31 width=0)
         Filter: (listing_id = 113201)
[0m
  [4;36;1mSQL (147.9ms)[0m   [0;1mSELECT count(*) AS count_all FROM "impressions" WHERE ("impressions".listing_id = 113202) [0m
  [4;35;1mAnalyzing  Execution Time: 0.148129

[0m   [0mAggregate  (cost=12714.08..12714.09 rows=1 width=0)
   ->  Seq Scan on impressions  (cost=0.00..12714.00 rows=31 width=0)
         Filter: (listing_id = 113202)
[0m
  [4;36;1mSQL (147.2ms)[0m   [0;1mSELECT count(*) AS count_all FROM "impressions" WHERE ("impressions".listing_id = 113203) [0m
  [4;35;1mAnalyzing  Execution Time: 0.147669

[0m   [0mAggregate  (cost=12714.08..12714.09 rows=1 width=0)
   ->  Seq Scan on impressions  (cost=0.00..12714.00 rows=31 width=0)
         Filter: (listing_id = 113203)
[0m
  [4;36;1mSQL (151.2ms)[0m   [0;1mSELECT count(*) AS count_all FROM "impressions" WHERE ("impressions".listing_id = 113204) [0m
  [4;35;1mAnalyzing  Execution Time: 0.151462

[0m   [0mAggregate  (cost=12714.08..12714.09 rows=1 width=0)
   ->  Seq Scan on impressions  (cost=0.00..12714.00 rows=31 width=0)
         Filter: (listing_id = 113204)
[0m
  [4;36;1mSQL (8.7ms)[0m   [0;1mSELECT count(*) AS count_all FROM "clicks" WHERE ("clicks".listing_id = 72363) [0m
  [4;35;1mAnalyzing  Execution Time: 0.008926

[0m   [0mAggregate  (cost=814.47..814.48 rows=1 width=0)
   ->  Seq Scan on clicks  (cost=0.00..814.46 rows=2 width=0)
         Filter: (listing_id = 72363)
[0m
  [4;36;1mSQL (9.5ms)[0m   [0;1mSELECT count(*) AS count_all FROM "clicks" WHERE ("clicks".listing_id = 93337) [0m
  [4;35;1mAnalyzing  Execution Time: 0.009806

[0m   [0mAggregate  (cost=814.47..814.48 rows=1 width=0)
   ->  Seq Scan on clicks  (cost=0.00..814.46 rows=2 width=0)
         Filter: (listing_id = 93337)
[0m
  [4;36;1mSQL (9.8ms)[0m   [0;1mSELECT count(*) AS count_all FROM "clicks" WHERE ("clicks".listing_id = 93338) [0m
  [4;35;1mAnalyzing  Execution Time: 0.010041

[0m   [0mAggregate  (cost=814.47..814.48 rows=1 width=0)
   ->  Seq Scan on clicks  (cost=0.00..814.46 rows=2 width=0)
         Filter: (listing_id = 93338)
[0m
  [4;36;1mSQL (8.5ms)[0m   [0;1mSELECT count(*) AS count_all FROM "clicks" WHERE ("clicks".listing_id = 113196) [0m
  [4;35;1mAnalyzing  Execution Time: 0.008739

[0m   [0mAggregate  (cost=814.47..814.48 rows=1 width=0)
   ->  Seq Scan on clicks  (cost=0.00..814.46 rows=2 width=0)
         Filter: (listing_id = 113196)
[0m
  [4;36;1mSQL (10.2ms)[0m   [0;1mSELECT count(*) AS count_all FROM "clicks" WHERE ("clicks".listing_id = 113197) [0m
  [4;35;1mAnalyzing  Execution Time: 0.010452

[0m   [0mAggregate  (cost=814.47..814.48 rows=1 width=0)
   ->  Seq Scan on clicks  (cost=0.00..814.46 rows=2 width=0)
         Filter: (listing_id = 113197)
[0m
  [4;36;1mSQL (10.9ms)[0m   [0;1mSELECT count(*) AS count_all FROM "clicks" WHERE ("clicks".listing_id = 113198) [0m
  [4;35;1mAnalyzing  Execution Time: 0.011132

[0m   [0mAggregate  (cost=814.47..814.48 rows=1 width=0)
   ->  Seq Scan on clicks  (cost=0.00..814.46 rows=2 width=0)
         Filter: (listing_id = 113198)
[0m
  [4;36;1mSQL (8.4ms)[0m   [0;1mSELECT count(*) AS count_all FROM "clicks" WHERE ("clicks".listing_id = 113199) [0m
  [4;35;1mAnalyzing  Execution Time: 0.008706

[0m   [0mAggregate  (cost=814.47..814.48 rows=1 width=0)
   ->  Seq Scan on clicks  (cost=0.00..814.46 rows=2 width=0)
         Filter: (listing_id = 113199)
[0m
  [4;36;1mSQL (10.4ms)[0m   [0;1mSELECT count(*) AS count_all FROM "clicks" WHERE ("clicks".listing_id = 113200) [0m
  [4;35;1mAnalyzing  Execution Time: 0.010717

[0m   [0mAggregate  (cost=814.47..814.48 rows=1 width=0)
   ->  Seq Scan on clicks  (cost=0.00..814.46 rows=2 width=0)
         Filter: (listing_id = 113200)
[0m
  [4;36;1mSQL (8.7ms)[0m   [0;1mSELECT count(*) AS count_all FROM "clicks" WHERE ("clicks".listing_id = 113201) [0m
  [4;35;1mAnalyzing  Execution Time: 0.00898

[0m   [0mAggregate  (cost=814.47..814.48 rows=1 width=0)
   ->  Seq Scan on clicks  (cost=0.00..814.46 rows=2 width=0)
         Filter: (listing_id = 113201)
[0m
  [4;36;1mSQL (9.4ms)[0m   [0;1mSELECT count(*) AS count_all FROM "clicks" WHERE ("clicks".listing_id = 113202) [0m
  [4;35;1mAnalyzing  Execution Time: 0.009648

[0m   [0mAggregate  (cost=814.47..814.48 rows=1 width=0)
   ->  Seq Scan on clicks  (cost=0.00..814.46 rows=2 width=0)
         Filter: (listing_id = 113202)
[0m
  [4;36;1mSQL (10.8ms)[0m   [0;1mSELECT count(*) AS count_all FROM "clicks" WHERE ("clicks".listing_id = 113203) [0m
  [4;35;1mAnalyzing  Execution Time: 0.011091

[0m   [0mAggregate  (cost=814.47..814.48 rows=1 width=0)
   ->  Seq Scan on clicks  (cost=0.00..814.46 rows=2 width=0)
         Filter: (listing_id = 113203)
[0m
  [4;36;1mSQL (9.0ms)[0m   [0;1mSELECT count(*) AS count_all FROM "clicks" WHERE ("clicks".listing_id = 113204) [0m
  [4;35;1mAnalyzing  Execution Time: 0.009217

[0m   [0mAggregate  (cost=814.47..814.48 rows=1 width=0)
   ->  Seq Scan on clicks  (cost=0.00..814.46 rows=2 width=0)
         Filter: (listing_id = 113204)
[0m
  [4;36;1mSQL (5.3ms)[0m   [0;1mSELECT count(*) AS count_all FROM "listings" WHERE ("listings".user_id = 25507) [0m
  [4;35;1mAnalyzing  Execution Time: 0.005601

[0m   [0mAggregate  (cost=1615.81..1615.82 rows=1 width=0)
   ->  Index Scan using index_listings_on_id_and_user_id_and_title on listings  (cost=0.00..1615.79 rows=4 width=0)
         Index Cond: (user_id = 25507)
[0m
  [4;36;1mListing Load (2.4ms)[0m   [0;1mSELECT * FROM "listings" WHERE ("listings".user_id = 25507) [0m
  [4;35;1mAnalyzing Listing Load Execution Time: 0.003195

[0m   [0mIndex Scan using index_listings_on_id_and_user_id_and_title on listings  (cost=0.00..1615.79 rows=4 width=1172)
   Index Cond: (user_id = 25507)
[0m
  [4;36;1mSQL (159.7ms)[0m   [0;1mSELECT count(*) AS count_all FROM "impressions" WHERE ("impressions".listing_id = 113153) [0m
  [4;35;1mAnalyzing  Execution Time: 0.159991

[0m   [0mAggregate  (cost=12714.08..12714.09 rows=1 width=0)
   ->  Seq Scan on impressions  (cost=0.00..12714.00 rows=31 width=0)
         Filter: (listing_id = 113153)
[0m
  [4;36;1mSQL (10.0ms)[0m   [0;1mSELECT count(*) AS count_all FROM "clicks" WHERE ("clicks".listing_id = 113153) [0m
  [4;35;1mAnalyzing  Execution Time: 0.010311

[0m   [0mAggregate  (cost=814.47..814.48 rows=1 width=0)
   ->  Seq Scan on clicks  (cost=0.00..814.46 rows=2 width=0)
         Filter: (listing_id = 113153)
[0m
  [4;36;1mSQL (2.2ms)[0m   [0;1mSELECT count(*) AS count_all FROM "listings" WHERE ("listings".user_id = 25508) [0m
  [4;35;1mAnalyzing  Execution Time: 0.002492

[0m   [0mAggregate  (cost=1615.81..1615.82 rows=1 width=0)
   ->  Index Scan using index_listings_on_id_and_user_id_and_title on listings  (cost=0.00..1615.79 rows=4 width=0)
         Index Cond: (user_id = 25508)
[0m
  [4;36;1mListing Load (2.0ms)[0m   [0;1mSELECT * FROM "listings" WHERE ("listings".user_id = 25508) [0m
  [4;35;1mAnalyzing Listing Load Execution Time: 0.002713

[0m   [0mIndex Scan using index_listings_on_id_and_user_id_and_title on listings  (cost=0.00..1615.79 rows=4 width=1172)
   Index Cond: (user_id = 25508)
[0m
  [4;36;1mSQL (149.3ms)[0m   [0;1mSELECT count(*) AS count_all FROM "impressions" WHERE ("impressions".listing_id = 113154) [0m
  [4;35;1mAnalyzing  Execution Time: 0.149589

[0m   [0mAggregate  (cost=12714.08..12714.09 rows=1 width=0)
   ->  Seq Scan on impressions  (cost=0.00..12714.00 rows=31 width=0)
         Filter: (listing_id = 113154)
[0m
  [4;36;1mSQL (9.7ms)[0m   [0;1mSELECT count(*) AS count_all FROM "clicks" WHERE ("clicks".listing_id = 113154) [0m
  [4;35;1mAnalyzing  Execution Time: 0.009978

[0m   [0mAggregate  (cost=814.47..814.48 rows=1 width=0)
   ->  Seq Scan on clicks  (cost=0.00..814.46 rows=2 width=0)
         Filter: (listing_id = 113154)
[0m
  [4;36;1mSQL (2.0ms)[0m   [0;1mSELECT count(*) AS count_all FROM "listings" WHERE ("listings".user_id = 25509) [0m
  [4;35;1mAnalyzing  Execution Time: 0.002305

[0m   [0mAggregate  (cost=1615.81..1615.82 rows=1 width=0)
   ->  Index Scan using index_listings_on_id_and_user_id_and_title on listings  (cost=0.00..1615.79 rows=4 width=0)
         Index Cond: (user_id = 25509)
[0m
  [4;36;1mListing Load (2.0ms)[0m   [0;1mSELECT * FROM "listings" WHERE ("listings".user_id = 25509) [0m
  [4;35;1mAnalyzing Listing Load Execution Time: 0.00268

[0m   [0mIndex Scan using index_listings_on_id_and_user_id_and_title on listings  (cost=0.00..1615.79 rows=4 width=1172)
   Index Cond: (user_id = 25509)
[0m
  [4;36;1mSQL (151.5ms)[0m   [0;1mSELECT count(*) AS count_all FROM "impressions" WHERE ("impressions".listing_id = 113155) [0m
  [4;35;1mAnalyzing  Execution Time: 0.151851

[0m   [0mAggregate  (cost=12714.08..12714.09 rows=1 width=0)
   ->  Seq Scan on impressions  (cost=0.00..12714.00 rows=31 width=0)
         Filter: (listing_id = 113155)
[0m
  [4;36;1mSQL (8.8ms)[0m   [0;1mSELECT count(*) AS count_all FROM "clicks" WHERE ("clicks".listing_id = 113155) [0m
  [4;35;1mAnalyzing  Execution Time: 0.009029

[0m   [0mAggregate  (cost=814.47..814.48 rows=1 width=0)
   ->  Seq Scan on clicks  (cost=0.00..814.46 rows=2 width=0)
         Filter: (listing_id = 113155)
[0m
  [4;36;1mSQL (2.1ms)[0m   [0;1mSELECT count(*) AS count_all FROM "listings" WHERE ("listings".user_id = 25510) [0m
  [4;35;1mAnalyzing  Execution Time: 0.002383

[0m   [0mAggregate  (cost=1615.81..1615.82 rows=1 width=0)
   ->  Index Scan using index_listings_on_id_and_user_id_and_title on listings  (cost=0.00..1615.79 rows=4 width=0)
         Index Cond: (user_id = 25510)
[0m
  [4;36;1mListing Load (2.1ms)[0m   [0;1mSELECT * FROM "listings" WHERE ("listings".user_id = 25510) [0m
  [4;35;1mAnalyzing Listing Load Execution Time: 0.003049

[0m   [0mIndex Scan using index_listings_on_id_and_user_id_and_title on listings  (cost=0.00..1615.79 rows=4 width=1172)
   Index Cond: (user_id = 25510)
[0m
  [4;36;1mSQL (150.4ms)[0m   [0;1mSELECT count(*) AS count_all FROM "impressions" WHERE ("impressions".listing_id = 96239) [0m
  [4;35;1mAnalyzing  Execution Time: 0.150785

[0m   [0mAggregate  (cost=12714.08..12714.09 rows=1 width=0)
   ->  Seq Scan on impressions  (cost=0.00..12714.00 rows=31 width=0)
         Filter: (listing_id = 96239)
[0m
  [4;36;1mSQL (8.5ms)[0m   [0;1mSELECT count(*) AS count_all FROM "clicks" WHERE ("clicks".listing_id = 96239) [0m
  [4;35;1mAnalyzing  Execution Time: 0.008759

[0m   [0mAggregate  (cost=814.47..814.48 rows=1 width=0)
   ->  Seq Scan on clicks  (cost=0.00..814.46 rows=2 width=0)
         Filter: (listing_id = 96239)
[0m
  [4;36;1mSQL (3.3ms)[0m   [0;1mSELECT count(*) AS count_all FROM "listings" WHERE ("listings".user_id = 25511) [0m
  [4;35;1mAnalyzing  Execution Time: 0.003733

[0m   [0mAggregate  (cost=1615.81..1615.82 rows=1 width=0)
   ->  Index Scan using index_listings_on_id_and_user_id_and_title on listings  (cost=0.00..1615.79 rows=4 width=0)
         Index Cond: (user_id = 25511)
[0m
  [4;36;1mListing Load (2.2ms)[0m   [0;1mSELECT * FROM "listings" WHERE ("listings".user_id = 25511) [0m
  [4;35;1mAnalyzing Listing Load Execution Time: 0.003289

[0m   [0mIndex Scan using index_listings_on_id_and_user_id_and_title on listings  (cost=0.00..1615.79 rows=4 width=1172)
   Index Cond: (user_id = 25511)
[0m
  [4;36;1mSQL (147.5ms)[0m   [0;1mSELECT count(*) AS count_all FROM "impressions" WHERE ("impressions".listing_id = 113156) [0m
  [4;35;1mAnalyzing  Execution Time: 0.14781

[0m   [0mAggregate  (cost=12714.08..12714.09 rows=1 width=0)
   ->  Seq Scan on impressions  (cost=0.00..12714.00 rows=31 width=0)
         Filter: (listing_id = 113156)
[0m
  [4;36;1mSQL (10.1ms)[0m   [0;1mSELECT count(*) AS count_all FROM "clicks" WHERE ("clicks".listing_id = 113156) [0m
  [4;35;1mAnalyzing  Execution Time: 0.010426

[0m   [0mAggregate  (cost=814.47..814.48 rows=1 width=0)
   ->  Seq Scan on clicks  (cost=0.00..814.46 rows=2 width=0)
         Filter: (listing_id = 113156)
[0m
  [4;36;1mSQL (2.2ms)[0m   [0;1mSELECT count(*) AS count_all FROM "listings" WHERE ("listings".user_id = 25512) [0m
  [4;35;1mAnalyzing  Execution Time: 0.00244

[0m   [0mAggregate  (cost=1615.81..1615.82 rows=1 width=0)
   ->  Index Scan using index_listings_on_id_and_user_id_and_title on listings  (cost=0.00..1615.79 rows=4 width=0)
         Index Cond: (user_id = 25512)
[0m
  [4;36;1mListing Load (2.2ms)[0m   [0;1mSELECT * FROM "listings" WHERE ("listings".user_id = 25512) [0m
  [4;35;1mAnalyzing Listing Load Execution Time: 0.002971

[0m   [0mIndex Scan using index_listings_on_id_and_user_id_and_title on listings  (cost=0.00..1615.79 rows=4 width=1172)
   Index Cond: (user_id = 25512)
[0m
  [4;36;1mSQL (147.9ms)[0m   [0;1mSELECT count(*) AS count_all FROM "impressions" WHERE ("impressions".listing_id = 113157) [0m
  [4;35;1mAnalyzing  Execution Time: 0.148183

[0m   [0mAggregate  (cost=12714.08..12714.09 rows=1 width=0)
   ->  Seq Scan on impressions  (cost=0.00..12714.00 rows=31 width=0)
         Filter: (listing_id = 113157)
[0m
  [4;36;1mSQL (11.6ms)[0m   [0;1mSELECT count(*) AS count_all FROM "clicks" WHERE ("clicks".listing_id = 113157) [0m
  [4;35;1mAnalyzing  Execution Time: 0.012153

[0m   [0mAggregate  (cost=814.47..814.48 rows=1 width=0)
   ->  Seq Scan on clicks  (cost=0.00..814.46 rows=2 width=0)
         Filter: (listing_id = 113157)
[0m
  [4;36;1mSQL (1.9ms)[0m   [0;1mSELECT count(*) AS count_all FROM "listings" WHERE ("listings".user_id = 25513) [0m
  [4;35;1mAnalyzing  Execution Time: 0.002202

[0m   [0mAggregate  (cost=1615.81..1615.82 rows=1 width=0)
   ->  Index Scan using index_listings_on_id_and_user_id_and_title on listings  (cost=0.00..1615.79 rows=4 width=0)
         Index Cond: (user_id = 25513)
[0m
  [4;36;1mListing Load (1.9ms)[0m   [0;1mSELECT * FROM "listings" WHERE ("listings".user_id = 25513) [0m
  [4;35;1mAnalyzing Listing Load Execution Time: 0.002622

[0m   [0mIndex Scan using index_listings_on_id_and_user_id_and_title on listings  (cost=0.00..1615.79 rows=4 width=1172)
   Index Cond: (user_id = 25513)
[0m
  [4;36;1mSQL (155.5ms)[0m   [0;1mSELECT count(*) AS count_all FROM "impressions" WHERE ("impressions".listing_id = 113158) [0m
  [4;35;1mAnalyzing  Execution Time: 0.155801

[0m   [0mAggregate  (cost=12714.08..12714.09 rows=1 width=0)
   ->  Seq Scan on impressions  (cost=0.00..12714.00 rows=31 width=0)
         Filter: (listing_id = 113158)
[0m
  [4;36;1mSQL (8.6ms)[0m   [0;1mSELECT count(*) AS count_all FROM "clicks" WHERE ("clicks".listing_id = 113158) [0m
  [4;35;1mAnalyzing  Execution Time: 0.008856

[0m   [0mAggregate  (cost=814.47..814.48 rows=1 width=0)
   ->  Seq Scan on clicks  (cost=0.00..814.46 rows=2 width=0)
         Filter: (listing_id = 113158)
[0m
  [4;36;1mSQL (1.9ms)[0m   [0;1mSELECT count(*) AS count_all FROM "listings" WHERE ("listings".user_id = 25514) [0m
  [4;35;1mAnalyzing  Execution Time: 0.002156

[0m   [0mAggregate  (cost=1615.81..1615.82 rows=1 width=0)
   ->  Index Scan using index_listings_on_id_and_user_id_and_title on listings  (cost=0.00..1615.79 rows=4 width=0)
         Index Cond: (user_id = 25514)
[0m
  [4;36;1mListing Load (2.4ms)[0m   [0;1mSELECT * FROM "listings" WHERE ("listings".user_id = 25514) [0m
  [4;35;1mAnalyzing Listing Load Execution Time: 0.003147

[0m   [0mIndex Scan using index_listings_on_id_and_user_id_and_title on listings  (cost=0.00..1615.79 rows=4 width=1172)
   Index Cond: (user_id = 25514)
[0m
  [4;36;1mSQL (154.1ms)[0m   [0;1mSELECT count(*) AS count_all FROM "impressions" WHERE ("impressions".listing_id = 113159) [0m
  [4;35;1mAnalyzing  Execution Time: 0.15431

[0m   [0mAggregate  (cost=12714.08..12714.09 rows=1 width=0)
   ->  Seq Scan on impressions  (cost=0.00..12714.00 rows=31 width=0)
         Filter: (listing_id = 113159)
[0m
  [4;36;1mSQL (8.6ms)[0m   [0;1mSELECT count(*) AS count_all FROM "clicks" WHERE ("clicks".listing_id = 113159) [0m
  [4;35;1mAnalyzing  Execution Time: 0.008898

[0m   [0mAggregate  (cost=814.47..814.48 rows=1 width=0)
   ->  Seq Scan on clicks  (cost=0.00..814.46 rows=2 width=0)
         Filter: (listing_id = 113159)
[0m
  [4;36;1mSQL (2.3ms)[0m   [0;1mSELECT count(*) AS count_all FROM "listings" WHERE ("listings".user_id = 25515) [0m
  [4;35;1mAnalyzing  Execution Time: 0.002559

[0m   [0mAggregate  (cost=1615.81..1615.82 rows=1 width=0)
   ->  Index Scan using index_listings_on_id_and_user_id_and_title on listings  (cost=0.00..1615.79 rows=4 width=0)
         Index Cond: (user_id = 25515)
[0m
  [4;36;1mListing Load (2.3ms)[0m   [0;1mSELECT * FROM "listings" WHERE ("listings".user_id = 25515) [0m
  [4;35;1mAnalyzing Listing Load Execution Time: 0.003047

[0m   [0mIndex Scan using index_listings_on_id_and_user_id_and_title on listings  (cost=0.00..1615.79 rows=4 width=1172)
   Index Cond: (user_id = 25515)
[0m
  [4;36;1mSQL (161.3ms)[0m   [0;1mSELECT count(*) AS count_all FROM "impressions" WHERE ("impressions".listing_id = 113160) [0m
  [4;35;1mAnalyzing  Execution Time: 0.161549

[0m   [0mAggregate  (cost=12714.08..12714.09 rows=1 width=0)
   ->  Seq Scan on impressions  (cost=0.00..12714.00 rows=31 width=0)
         Filter: (listing_id = 113160)
[0m
  [4;36;1mSQL (14.9ms)[0m   [0;1mSELECT count(*) AS count_all FROM "clicks" WHERE ("clicks".listing_id = 113160) [0m
  [4;35;1mAnalyzing  Execution Time: 0.015264

[0m   [0mAggregate  (cost=814.47..814.48 rows=1 width=0)
   ->  Seq Scan on clicks  (cost=0.00..814.46 rows=2 width=0)
         Filter: (listing_id = 113160)
[0m
  [4;36;1mSQL (2.5ms)[0m   [0;1mSELECT count(*) AS count_all FROM "listings" WHERE ("listings".user_id = 25516) [0m
  [4;35;1mAnalyzing  Execution Time: 0.002711

[0m   [0mAggregate  (cost=1615.81..1615.82 rows=1 width=0)
   ->  Index Scan using index_listings_on_id_and_user_id_and_title on listings  (cost=0.00..1615.79 rows=4 width=0)
         Index Cond: (user_id = 25516)
[0m
  [4;36;1mListing Load (2.6ms)[0m   [0;1mSELECT * FROM "listings" WHERE ("listings".user_id = 25516) [0m
  [4;35;1mAnalyzing Listing Load Execution Time: 0.003817

[0m   [0mIndex Scan using index_listings_on_id_and_user_id_and_title on listings  (cost=0.00..1615.79 rows=4 width=1172)
   Index Cond: (user_id = 25516)
[0m
  [4;36;1mSQL (151.6ms)[0m   [0;1mSELECT count(*) AS count_all FROM "impressions" WHERE ("impressions".listing_id = 108245) [0m
  [4;35;1mAnalyzing  Execution Time: 0.151876

[0m   [0mAggregate  (cost=12714.08..12714.09 rows=1 width=0)
   ->  Seq Scan on impressions  (cost=0.00..12714.00 rows=31 width=0)
         Filter: (listing_id = 108245)
[0m
  [4;36;1mSQL (151.1ms)[0m   [0;1mSELECT count(*) AS count_all FROM "impressions" WHERE ("impressions".listing_id = 113161) [0m
  [4;35;1mAnalyzing  Execution Time: 0.151361

[0m   [0mAggregate  (cost=12714.08..12714.09 rows=1 width=0)
   ->  Seq Scan on impressions  (cost=0.00..12714.00 rows=31 width=0)
         Filter: (listing_id = 113161)
[0m
  [4;36;1mSQL (8.9ms)[0m   [0;1mSELECT count(*) AS count_all FROM "clicks" WHERE ("clicks".listing_id = 108245) [0m
  [4;35;1mAnalyzing  Execution Time: 0.009197

[0m   [0mAggregate  (cost=814.47..814.48 rows=1 width=0)
   ->  Seq Scan on clicks  (cost=0.00..814.46 rows=2 width=0)
         Filter: (listing_id = 108245)
[0m
  [4;36;1mSQL (8.4ms)[0m   [0;1mSELECT count(*) AS count_all FROM "clicks" WHERE ("clicks".listing_id = 113161) [0m
  [4;35;1mAnalyzing  Execution Time: 0.008709

[0m   [0mAggregate  (cost=814.47..814.48 rows=1 width=0)
   ->  Seq Scan on clicks  (cost=0.00..814.46 rows=2 width=0)
         Filter: (listing_id = 113161)
[0m
  [4;36;1mSQL (2.5ms)[0m   [0;1mSELECT count(*) AS count_all FROM "listings" WHERE ("listings".user_id = 25517) [0m
  [4;35;1mAnalyzing  Execution Time: 0.002763

[0m   [0mAggregate  (cost=1615.81..1615.82 rows=1 width=0)
   ->  Index Scan using index_listings_on_id_and_user_id_and_title on listings  (cost=0.00..1615.79 rows=4 width=0)
         Index Cond: (user_id = 25517)
[0m
  [4;36;1mListing Load (2.9ms)[0m   [0;1mSELECT * FROM "listings" WHERE ("listings".user_id = 25517) [0m
  [4;35;1mAnalyzing Listing Load Execution Time: 0.004318

[0m   [0mIndex Scan using index_listings_on_id_and_user_id_and_title on listings  (cost=0.00..1615.79 rows=4 width=1172)
   Index Cond: (user_id = 25517)
[0m
  [4;36;1mSQL (149.9ms)[0m   [0;1mSELECT count(*) AS count_all FROM "impressions" WHERE ("impressions".listing_id = 81672) [0m
  [4;35;1mAnalyzing  Execution Time: 0.150145

[0m   [0mAggregate  (cost=12714.08..12714.09 rows=1 width=0)
   ->  Seq Scan on impressions  (cost=0.00..12714.00 rows=31 width=0)
         Filter: (listing_id = 81672)
[0m
  [4;36;1mSQL (153.6ms)[0m   [0;1mSELECT count(*) AS count_all FROM "impressions" WHERE ("impressions".listing_id = 92816) [0m
  [4;35;1mAnalyzing  Execution Time: 0.153823

[0m   [0mAggregate  (cost=12714.08..12714.09 rows=1 width=0)
   ->  Seq Scan on impressions  (cost=0.00..12714.00 rows=31 width=0)
         Filter: (listing_id = 92816)
[0m
  [4;36;1mSQL (155.7ms)[0m   [0;1mSELECT count(*) AS count_all FROM "impressions" WHERE ("impressions".listing_id = 113213) [0m
  [4;35;1mAnalyzing  Execution Time: 0.155964

[0m   [0mAggregate  (cost=12714.08..12714.09 rows=1 width=0)
   ->  Seq Scan on impressions  (cost=0.00..12714.00 rows=31 width=0)
         Filter: (listing_id = 113213)
[0m
  [4;36;1mSQL (8.9ms)[0m   [0;1mSELECT count(*) AS count_all FROM "clicks" WHERE ("clicks".listing_id = 81672) [0m
  [4;35;1mAnalyzing  Execution Time: 0.009163

[0m   [0mAggregate  (cost=814.47..814.48 rows=1 width=0)
   ->  Seq Scan on clicks  (cost=0.00..814.46 rows=2 width=0)
         Filter: (listing_id = 81672)
[0m
  [4;36;1mSQL (8.5ms)[0m   [0;1mSELECT count(*) AS count_all FROM "clicks" WHERE ("clicks".listing_id = 92816) [0m
  [4;35;1mAnalyzing  Execution Time: 0.008727

[0m   [0mAggregate  (cost=814.47..814.48 rows=1 width=0)
   ->  Seq Scan on clicks  (cost=0.00..814.46 rows=2 width=0)
         Filter: (listing_id = 92816)
[0m
  [4;36;1mSQL (11.6ms)[0m   [0;1mSELECT count(*) AS count_all FROM "clicks" WHERE ("clicks".listing_id = 113213) [0m
  [4;35;1mAnalyzing  Execution Time: 0.01186

[0m   [0mAggregate  (cost=814.47..814.48 rows=1 width=0)
   ->  Seq Scan on clicks  (cost=0.00..814.46 rows=2 width=0)
         Filter: (listing_id = 113213)
[0m
  [4;36;1mSQL (2.1ms)[0m   [0;1mSELECT count(*) AS count_all FROM "listings" WHERE ("listings".user_id = 25518) [0m
  [4;35;1mAnalyzing  Execution Time: 0.002592

[0m   [0mAggregate  (cost=1615.81..1615.82 rows=1 width=0)
   ->  Index Scan using index_listings_on_id_and_user_id_and_title on listings  (cost=0.00..1615.79 rows=4 width=0)
         Index Cond: (user_id = 25518)
[0m
  [4;36;1mListing Load (2.0ms)[0m   [0;1mSELECT * FROM "listings" WHERE ("listings".user_id = 25518) [0m
  [4;35;1mAnalyzing Listing Load Execution Time: 0.002712

[0m   [0mIndex Scan using index_listings_on_id_and_user_id_and_title on listings  (cost=0.00..1615.79 rows=4 width=1172)
   Index Cond: (user_id = 25518)
[0m
  [4;36;1mSQL (157.7ms)[0m   [0;1mSELECT count(*) AS count_all FROM "impressions" WHERE ("impressions".listing_id = 113162) [0m
  [4;35;1mAnalyzing  Execution Time: 0.157924

[0m   [0mAggregate  (cost=12714.08..12714.09 rows=1 width=0)
   ->  Seq Scan on impressions  (cost=0.00..12714.00 rows=31 width=0)
         Filter: (listing_id = 113162)
[0m
  [4;36;1mSQL (8.5ms)[0m   [0;1mSELECT count(*) AS count_all FROM "clicks" WHERE ("clicks".listing_id = 113162) [0m
  [4;35;1mAnalyzing  Execution Time: 0.008728

[0m   [0mAggregate  (cost=814.47..814.48 rows=1 width=0)
   ->  Seq Scan on clicks  (cost=0.00..814.46 rows=2 width=0)
         Filter: (listing_id = 113162)
[0m
  [4;36;1mSQL (1.9ms)[0m   [0;1mSELECT count(*) AS count_all FROM "listings" WHERE ("listings".user_id = 25519) [0m
  [4;35;1mAnalyzing  Execution Time: 0.002196

[0m   [0mAggregate  (cost=1615.81..1615.82 rows=1 width=0)
   ->  Index Scan using index_listings_on_id_and_user_id_and_title on listings  (cost=0.00..1615.79 rows=4 width=0)
         Index Cond: (user_id = 25519)
[0m
  [4;36;1mListing Load (2.0ms)[0m   [0;1mSELECT * FROM "listings" WHERE ("listings".user_id = 25519) [0m
  [4;35;1mAnalyzing Listing Load Execution Time: 0.002671

[0m   [0mIndex Scan using index_listings_on_id_and_user_id_and_title on listings  (cost=0.00..1615.79 rows=4 width=1172)
   Index Cond: (user_id = 25519)
[0m
  [4;36;1mSQL (148.7ms)[0m   [0;1mSELECT count(*) AS count_all FROM "impressions" WHERE ("impressions".listing_id = 113163) [0m
  [4;35;1mAnalyzing  Execution Time: 0.149015

[0m   [0mAggregate  (cost=12714.08..12714.09 rows=1 width=0)
   ->  Seq Scan on impressions  (cost=0.00..12714.00 rows=31 width=0)
         Filter: (listing_id = 113163)
[0m
  [4;36;1mSQL (9.1ms)[0m   [0;1mSELECT count(*) AS count_all FROM "clicks" WHERE ("clicks".listing_id = 113163) [0m
  [4;35;1mAnalyzing  Execution Time: 0.00939

[0m   [0mAggregate  (cost=814.47..814.48 rows=1 width=0)
   ->  Seq Scan on clicks  (cost=0.00..814.46 rows=2 width=0)
         Filter: (listing_id = 113163)
[0m
  [4;36;1mSQL (2.1ms)[0m   [0;1mSELECT count(*) AS count_all FROM "listings" WHERE ("listings".user_id = 25520) [0m
  [4;35;1mAnalyzing  Execution Time: 0.002323

[0m   [0mAggregate  (cost=1615.81..1615.82 rows=1 width=0)
   ->  Index Scan using index_listings_on_id_and_user_id_and_title on listings  (cost=0.00..1615.79 rows=4 width=0)
         Index Cond: (user_id = 25520)
[0m
  [4;36;1mListing Load (2.4ms)[0m   [0;1mSELECT * FROM "listings" WHERE ("listings".user_id = 25520) [0m
  [4;35;1mAnalyzing Listing Load Execution Time: 0.004295

[0m   [0mIndex Scan using index_listings_on_id_and_user_id_and_title on listings  (cost=0.00..1615.79 rows=4 width=1172)
   Index Cond: (user_id = 25520)
[0m
  [4;36;1mSQL (150.4ms)[0m   [0;1mSELECT count(*) AS count_all FROM "impressions" WHERE ("impressions".listing_id = 72515) [0m
  [4;35;1mAnalyzing  Execution Time: 0.150673

[0m   [0mAggregate  (cost=12716.86..12716.87 rows=1 width=0)
   ->  Seq Scan on impressions  (cost=0.00..12714.00 rows=1142 width=0)
         Filter: (listing_id = 72515)
[0m
  [4;36;1mSQL (144.8ms)[0m   [0;1mSELECT count(*) AS count_all FROM "impressions" WHERE ("impressions".listing_id = 73376) [0m
  [4;35;1mAnalyzing  Execution Time: 0.145159

[0m   [0mAggregate  (cost=12715.85..12715.86 rows=1 width=0)
   ->  Seq Scan on impressions  (cost=0.00..12714.00 rows=738 width=0)
         Filter: (listing_id = 73376)
[0m
  [4;36;1mSQL (174.9ms)[0m   [0;1mSELECT count(*) AS count_all FROM "impressions" WHERE ("impressions".listing_id = 113209) [0m
  [4;35;1mAnalyzing  Execution Time: 0.175235

[0m   [0mAggregate  (cost=12714.08..12714.09 rows=1 width=0)
   ->  Seq Scan on impressions  (cost=0.00..12714.00 rows=31 width=0)
         Filter: (listing_id = 113209)
[0m
  [4;36;1mSQL (302.5ms)[0m   [0;1mSELECT count(*) AS count_all FROM "impressions" WHERE ("impressions".listing_id = 113210) [0m
  [4;35;1mAnalyzing  Execution Time: 0.302823

[0m   [0mAggregate  (cost=12714.08..12714.09 rows=1 width=0)
   ->  Seq Scan on impressions  (cost=0.00..12714.00 rows=31 width=0)
         Filter: (listing_id = 113210)
[0m
  [4;36;1mSQL (20.5ms)[0m   [0;1mSELECT count(*) AS count_all FROM "clicks" WHERE ("clicks".listing_id = 72515) [0m
  [4;35;1mAnalyzing  Execution Time: 0.021162

[0m   [0mAggregate  (cost=814.51..814.52 rows=1 width=0)
   ->  Seq Scan on clicks  (cost=0.00..814.46 rows=19 width=0)
         Filter: (listing_id = 72515)
[0m
  [4;36;1mSQL (9.4ms)[0m   [0;1mSELECT count(*) AS count_all FROM "clicks" WHERE ("clicks".listing_id = 73376) [0m
  [4;35;1mAnalyzing  Execution Time: 0.009628

[0m   [0mAggregate  (cost=814.51..814.52 rows=1 width=0)
   ->  Seq Scan on clicks  (cost=0.00..814.46 rows=17 width=0)
         Filter: (listing_id = 73376)
[0m
  [4;36;1mSQL (11.4ms)[0m   [0;1mSELECT count(*) AS count_all FROM "clicks" WHERE ("clicks".listing_id = 113209) [0m
  [4;35;1mAnalyzing  Execution Time: 0.011683

[0m   [0mAggregate  (cost=814.47..814.48 rows=1 width=0)
   ->  Seq Scan on clicks  (cost=0.00..814.46 rows=2 width=0)
         Filter: (listing_id = 113209)
[0m
  [4;36;1mSQL (10.0ms)[0m   [0;1mSELECT count(*) AS count_all FROM "clicks" WHERE ("clicks".listing_id = 113210) [0m
  [4;35;1mAnalyzing  Execution Time: 0.010285

[0m   [0mAggregate  (cost=814.47..814.48 rows=1 width=0)
   ->  Seq Scan on clicks  (cost=0.00..814.46 rows=2 width=0)
         Filter: (listing_id = 113210)
[0m
  [4;36;1mSQL (2.0ms)[0m   [0;1mSELECT count(*) AS count_all FROM "listings" WHERE ("listings".user_id = 25521) [0m
  [4;35;1mAnalyzing  Execution Time: 0.002259

[0m   [0mAggregate  (cost=1615.81..1615.82 rows=1 width=0)
   ->  Index Scan using index_listings_on_id_and_user_id_and_title on listings  (cost=0.00..1615.79 rows=4 width=0)
         Index Cond: (user_id = 25521)
[0m
  [4;36;1mListing Load (2.0ms)[0m   [0;1mSELECT * FROM "listings" WHERE ("listings".user_id = 25521) [0m
  [4;35;1mAnalyzing Listing Load Execution Time: 0.003073

[0m   [0mIndex Scan using index_listings_on_id_and_user_id_and_title on listings  (cost=0.00..1615.79 rows=4 width=1172)
   Index Cond: (user_id = 25521)
[0m
  [4;36;1mSQL (155.4ms)[0m   [0;1mSELECT count(*) AS count_all FROM "impressions" WHERE ("impressions".listing_id = 73586) [0m
  [4;35;1mAnalyzing  Execution Time: 0.155666

[0m   [0mAggregate  (cost=12714.08..12714.09 rows=1 width=0)
   ->  Seq Scan on impressions  (cost=0.00..12714.00 rows=31 width=0)
         Filter: (listing_id = 73586)
[0m
  [4;36;1mSQL (168.0ms)[0m   [0;1mSELECT count(*) AS count_all FROM "impressions" WHERE ("impressions".listing_id = 94514) [0m
  [4;35;1mAnalyzing  Execution Time: 0.168285

[0m   [0mAggregate  (cost=12714.08..12714.09 rows=1 width=0)
   ->  Seq Scan on impressions  (cost=0.00..12714.00 rows=31 width=0)
         Filter: (listing_id = 94514)
[0m
  [4;36;1mSQL (10.5ms)[0m   [0;1mSELECT count(*) AS count_all FROM "clicks" WHERE ("clicks".listing_id = 73586) [0m
  [4;35;1mAnalyzing  Execution Time: 0.010773

[0m   [0mAggregate  (cost=814.47..814.48 rows=1 width=0)
   ->  Seq Scan on clicks  (cost=0.00..814.46 rows=2 width=0)
         Filter: (listing_id = 73586)
[0m
  [4;36;1mSQL (10.7ms)[0m   [0;1mSELECT count(*) AS count_all FROM "clicks" WHERE ("clicks".listing_id = 94514) [0m
  [4;35;1mAnalyzing  Execution Time: 0.011035

[0m   [0mAggregate  (cost=814.47..814.48 rows=1 width=0)
   ->  Seq Scan on clicks  (cost=0.00..814.46 rows=2 width=0)
         Filter: (listing_id = 94514)
[0m
  [4;36;1mSQL (3.3ms)[0m   [0;1mSELECT count(*) AS count_all FROM "listings" WHERE ("listings".user_id = 25522) [0m
  [4;35;1mAnalyzing  Execution Time: 0.003661

[0m   [0mAggregate  (cost=1615.81..1615.82 rows=1 width=0)
   ->  Index Scan using index_listings_on_id_and_user_id_and_title on listings  (cost=0.00..1615.79 rows=4 width=0)
         Index Cond: (user_id = 25522)
[0m
  [4;36;1mListing Load (2.4ms)[0m   [0;1mSELECT * FROM "listings" WHERE ("listings".user_id = 25522) [0m
  [4;35;1mAnalyzing Listing Load Execution Time: 0.004417

[0m   [0mIndex Scan using index_listings_on_id_and_user_id_and_title on listings  (cost=0.00..1615.79 rows=4 width=1172)
   Index Cond: (user_id = 25522)
[0m
  [4;36;1mSQL (156.6ms)[0m   [0;1mSELECT count(*) AS count_all FROM "impressions" WHERE ("impressions".listing_id = 105240) [0m
  [4;35;1mAnalyzing  Execution Time: 0.156853

[0m   [0mAggregate  (cost=12714.08..12714.09 rows=1 width=0)
   ->  Seq Scan on impressions  (cost=0.00..12714.00 rows=31 width=0)
         Filter: (listing_id = 105240)
[0m
  [4;36;1mSQL (147.9ms)[0m   [0;1mSELECT count(*) AS count_all FROM "impressions" WHERE ("impressions".listing_id = 113164) [0m
  [4;35;1mAnalyzing  Execution Time: 0.148186

[0m   [0mAggregate  (cost=12716.37..12716.38 rows=1 width=0)
   ->  Seq Scan on impressions  (cost=0.00..12714.00 rows=947 width=0)
         Filter: (listing_id = 113164)
[0m
  [4;36;1mSQL (192.1ms)[0m   [0;1mSELECT count(*) AS count_all FROM "impressions" WHERE ("impressions".listing_id = 113243) [0m
  [4;35;1mAnalyzing  Execution Time: 0.192374

[0m   [0mAggregate  (cost=12714.08..12714.09 rows=1 width=0)
   ->  Seq Scan on impressions  (cost=0.00..12714.00 rows=31 width=0)
         Filter: (listing_id = 113243)
[0m
  [4;36;1mSQL (158.2ms)[0m   [0;1mSELECT count(*) AS count_all FROM "impressions" WHERE ("impressions".listing_id = 113244) [0m
  [4;35;1mAnalyzing  Execution Time: 0.158501

[0m   [0mAggregate  (cost=12715.67..12715.68 rows=1 width=0)
   ->  Seq Scan on impressions  (cost=0.00..12714.00 rows=668 width=0)
         Filter: (listing_id = 113244)
[0m
  [4;36;1mSQL (13.1ms)[0m   [0;1mSELECT count(*) AS count_all FROM "clicks" WHERE ("clicks".listing_id = 105240) [0m
  [4;35;1mAnalyzing  Execution Time: 0.013355

[0m   [0mAggregate  (cost=814.47..814.48 rows=1 width=0)
   ->  Seq Scan on clicks  (cost=0.00..814.46 rows=2 width=0)
         Filter: (listing_id = 105240)
[0m
  [4;36;1mSQL (9.3ms)[0m   [0;1mSELECT count(*) AS count_all FROM "clicks" WHERE ("clicks".listing_id = 113164) [0m
  [4;35;1mAnalyzing  Execution Time: 0.009609

[0m   [0mAggregate  (cost=814.50..814.51 rows=1 width=0)
   ->  Seq Scan on clicks  (cost=0.00..814.46 rows=13 width=0)
         Filter: (listing_id = 113164)
[0m
  [4;36;1mSQL (9.2ms)[0m   [0;1mSELECT count(*) AS count_all FROM "clicks" WHERE ("clicks".listing_id = 113243) [0m
  [4;35;1mAnalyzing  Execution Time: 0.009492

[0m   [0mAggregate  (cost=814.47..814.48 rows=1 width=0)
   ->  Seq Scan on clicks  (cost=0.00..814.46 rows=2 width=0)
         Filter: (listing_id = 113243)
[0m
  [4;36;1mSQL (10.5ms)[0m   [0;1mSELECT count(*) AS count_all FROM "clicks" WHERE ("clicks".listing_id = 113244) [0m
  [4;35;1mAnalyzing  Execution Time: 0.010712

[0m   [0mAggregate  (cost=814.50..814.51 rows=1 width=0)
   ->  Seq Scan on clicks  (cost=0.00..814.46 rows=15 width=0)
         Filter: (listing_id = 113244)
[0m
  [4;36;1mSQL (3.8ms)[0m   [0;1mSELECT count(*) AS count_all FROM "listings" WHERE ("listings".user_id = 25524) [0m
  [4;35;1mAnalyzing  Execution Time: 0.004087

[0m   [0mAggregate  (cost=1615.81..1615.82 rows=1 width=0)
   ->  Index Scan using index_listings_on_id_and_user_id_and_title on listings  (cost=0.00..1615.79 rows=4 width=0)
         Index Cond: (user_id = 25524)
[0m
  [4;36;1mListing Load (2.1ms)[0m   [0;1mSELECT * FROM "listings" WHERE ("listings".user_id = 25524) [0m
  [4;35;1mAnalyzing Listing Load Execution Time: 0.003165

[0m   [0mIndex Scan using index_listings_on_id_and_user_id_and_title on listings  (cost=0.00..1615.79 rows=4 width=1172)
   Index Cond: (user_id = 25524)
[0m
  [4;36;1mSQL (153.0ms)[0m   [0;1mSELECT count(*) AS count_all FROM "impressions" WHERE ("impressions".listing_id = 89554) [0m
  [4;35;1mAnalyzing  Execution Time: 0.153231

[0m   [0mAggregate  (cost=12714.08..12714.09 rows=1 width=0)
   ->  Seq Scan on impressions  (cost=0.00..12714.00 rows=31 width=0)
         Filter: (listing_id = 89554)
[0m
  [4;36;1mSQL (149.7ms)[0m   [0;1mSELECT count(*) AS count_all FROM "impressions" WHERE ("impressions".listing_id = 113290) [0m
  [4;35;1mAnalyzing  Execution Time: 0.150004

[0m   [0mAggregate  (cost=12714.08..12714.09 rows=1 width=0)
   ->  Seq Scan on impressions  (cost=0.00..12714.00 rows=31 width=0)
         Filter: (listing_id = 113290)
[0m
  [4;36;1mSQL (10.8ms)[0m   [0;1mSELECT count(*) AS count_all FROM "clicks" WHERE ("clicks".listing_id = 89554) [0m
  [4;35;1mAnalyzing  Execution Time: 0.01111

[0m   [0mAggregate  (cost=814.47..814.48 rows=1 width=0)
   ->  Seq Scan on clicks  (cost=0.00..814.46 rows=2 width=0)
         Filter: (listing_id = 89554)
[0m
  [4;36;1mSQL (8.4ms)[0m   [0;1mSELECT count(*) AS count_all FROM "clicks" WHERE ("clicks".listing_id = 113290) [0m
  [4;35;1mAnalyzing  Execution Time: 0.008683

[0m   [0mAggregate  (cost=814.47..814.48 rows=1 width=0)
   ->  Seq Scan on clicks  (cost=0.00..814.46 rows=2 width=0)
         Filter: (listing_id = 113290)
[0m
  [4;36;1mSQL (2.7ms)[0m   [0;1mSELECT count(*) AS count_all FROM "listings" WHERE ("listings".user_id = 25523) [0m
  [4;35;1mAnalyzing  Execution Time: 0.00296

[0m   [0mAggregate  (cost=1615.81..1615.82 rows=1 width=0)
   ->  Index Scan using index_listings_on_id_and_user_id_and_title on listings  (cost=0.00..1615.79 rows=4 width=0)
         Index Cond: (user_id = 25523)
[0m
  [4;36;1mListing Load (2.1ms)[0m   [0;1mSELECT * FROM "listings" WHERE ("listings".user_id = 25523) [0m
  [4;35;1mAnalyzing Listing Load Execution Time: 0.005143

[0m   [0mIndex Scan using index_listings_on_id_and_user_id_and_title on listings  (cost=0.00..1615.79 rows=4 width=1172)
   Index Cond: (user_id = 25523)
[0m
  [4;36;1mSQL (153.5ms)[0m   [0;1mSELECT count(*) AS count_all FROM "impressions" WHERE ("impressions".listing_id = 78004) [0m
  [4;35;1mAnalyzing  Execution Time: 0.153795

[0m   [0mAggregate  (cost=12714.08..12714.09 rows=1 width=0)
   ->  Seq Scan on impressions  (cost=0.00..12714.00 rows=31 width=0)
         Filter: (listing_id = 78004)
[0m
  [4;36;1mSQL (155.1ms)[0m   [0;1mSELECT count(*) AS count_all FROM "impressions" WHERE ("impressions".listing_id = 82645) [0m
  [4;35;1mAnalyzing  Execution Time: 0.155347

[0m   [0mAggregate  (cost=12714.08..12714.09 rows=1 width=0)
   ->  Seq Scan on impressions  (cost=0.00..12714.00 rows=31 width=0)
         Filter: (listing_id = 82645)
[0m
  [4;36;1mSQL (306.6ms)[0m   [0;1mSELECT count(*) AS count_all FROM "impressions" WHERE ("impressions".listing_id = 84401) [0m
  [4;35;1mAnalyzing  Execution Time: 0.306886

[0m   [0mAggregate  (cost=12714.08..12714.09 rows=1 width=0)
   ->  Seq Scan on impressions  (cost=0.00..12714.00 rows=31 width=0)
         Filter: (listing_id = 84401)
[0m
  [4;36;1mSQL (150.4ms)[0m   [0;1mSELECT count(*) AS count_all FROM "impressions" WHERE ("impressions".listing_id = 91984) [0m
  [4;35;1mAnalyzing  Execution Time: 0.150678

[0m   [0mAggregate  (cost=12714.08..12714.09 rows=1 width=0)
   ->  Seq Scan on impressions  (cost=0.00..12714.00 rows=31 width=0)
         Filter: (listing_id = 91984)
[0m
  [4;36;1mSQL (152.2ms)[0m   [0;1mSELECT count(*) AS count_all FROM "impressions" WHERE ("impressions".listing_id = 113165) [0m
  [4;35;1mAnalyzing  Execution Time: 0.152584

[0m   [0mAggregate  (cost=12714.08..12714.09 rows=1 width=0)
   ->  Seq Scan on impressions  (cost=0.00..12714.00 rows=31 width=0)
         Filter: (listing_id = 113165)
[0m
  [4;36;1mSQL (9.5ms)[0m   [0;1mSELECT count(*) AS count_all FROM "clicks" WHERE ("clicks".listing_id = 78004) [0m
  [4;35;1mAnalyzing  Execution Time: 0.00976

[0m   [0mAggregate  (cost=814.47..814.48 rows=1 width=0)
   ->  Seq Scan on clicks  (cost=0.00..814.46 rows=2 width=0)
         Filter: (listing_id = 78004)
[0m
  [4;36;1mSQL (9.3ms)[0m   [0;1mSELECT count(*) AS count_all FROM "clicks" WHERE ("clicks".listing_id = 82645) [0m
  [4;35;1mAnalyzing  Execution Time: 0.00953

[0m   [0mAggregate  (cost=814.47..814.48 rows=1 width=0)
   ->  Seq Scan on clicks  (cost=0.00..814.46 rows=2 width=0)
         Filter: (listing_id = 82645)
[0m
  [4;36;1mSQL (8.9ms)[0m   [0;1mSELECT count(*) AS count_all FROM "clicks" WHERE ("clicks".listing_id = 84401) [0m
  [4;35;1mAnalyzing  Execution Time: 0.009163

[0m   [0mAggregate  (cost=814.47..814.48 rows=1 width=0)
   ->  Seq Scan on clicks  (cost=0.00..814.46 rows=2 width=0)
         Filter: (listing_id = 84401)
[0m
  [4;36;1mSQL (10.4ms)[0m   [0;1mSELECT count(*) AS count_all FROM "clicks" WHERE ("clicks".listing_id = 91984) [0m
  [4;35;1mAnalyzing  Execution Time: 0.010728

[0m   [0mAggregate  (cost=814.47..814.48 rows=1 width=0)
   ->  Seq Scan on clicks  (cost=0.00..814.46 rows=2 width=0)
         Filter: (listing_id = 91984)
[0m
  [4;36;1mSQL (8.7ms)[0m   [0;1mSELECT count(*) AS count_all FROM "clicks" WHERE ("clicks".listing_id = 113165) [0m
  [4;35;1mAnalyzing  Execution Time: 0.008951

[0m   [0mAggregate  (cost=814.47..814.48 rows=1 width=0)
   ->  Seq Scan on clicks  (cost=0.00..814.46 rows=2 width=0)
         Filter: (listing_id = 113165)
[0m
  [4;36;1mSQL (4.8ms)[0m   [0;1mSELECT count(*) AS count_all FROM "listings" WHERE ("listings".user_id = 25415) [0m
  [4;35;1mAnalyzing  Execution Time: 0.005041

[0m   [0mAggregate  (cost=1615.81..1615.82 rows=1 width=0)
   ->  Index Scan using index_listings_on_id_and_user_id_and_title on listings  (cost=0.00..1615.79 rows=4 width=0)
         Index Cond: (user_id = 25415)
[0m
  [4;36;1mListing Load (2.6ms)[0m   [0;1mSELECT * FROM "listings" WHERE ("listings".user_id = 25415) [0m
  [4;35;1mAnalyzing Listing Load Execution Time: 0.003343

[0m   [0mIndex Scan using index_listings_on_id_and_user_id_and_title on listings  (cost=0.00..1615.79 rows=4 width=1172)
   Index Cond: (user_id = 25415)
[0m
  [4;36;1mSQL (184.5ms)[0m   [0;1mSELECT count(*) AS count_all FROM "impressions" WHERE ("impressions".listing_id = 113106) [0m
  [4;35;1mAnalyzing  Execution Time: 0.184766

[0m   [0mAggregate  (cost=12714.08..12714.09 rows=1 width=0)
   ->  Seq Scan on impressions  (cost=0.00..12714.00 rows=31 width=0)
         Filter: (listing_id = 113106)
[0m
  [4;36;1mSQL (9.1ms)[0m   [0;1mSELECT count(*) AS count_all FROM "clicks" WHERE ("clicks".listing_id = 113106) [0m
  [4;35;1mAnalyzing  Execution Time: 0.009356

[0m   [0mAggregate  (cost=814.47..814.48 rows=1 width=0)
   ->  Seq Scan on clicks  (cost=0.00..814.46 rows=2 width=0)
         Filter: (listing_id = 113106)
[0m
  [4;36;1mSQL (3.4ms)[0m   [0;1mSELECT count(*) AS count_all FROM "listings" WHERE ("listings".user_id = 25504) [0m
  [4;35;1mAnalyzing  Execution Time: 0.00368

[0m   [0mAggregate  (cost=1615.81..1615.82 rows=1 width=0)
   ->  Index Scan using index_listings_on_id_and_user_id_and_title on listings  (cost=0.00..1615.79 rows=4 width=0)
         Index Cond: (user_id = 25504)
[0m
  [4;36;1mListing Load (3.3ms)[0m   [0;1mSELECT * FROM "listings" WHERE ("listings".user_id = 25504) [0m
  [4;35;1mAnalyzing Listing Load Execution Time: 0.009534

[0m   [0mIndex Scan using index_listings_on_id_and_user_id_and_title on listings  (cost=0.00..1615.79 rows=4 width=1172)
   Index Cond: (user_id = 25504)
[0m
  [4;36;1mSQL (240.1ms)[0m   [0;1mSELECT count(*) AS count_all FROM "impressions" WHERE ("impressions".listing_id = 113152) [0m
  [4;35;1mAnalyzing  Execution Time: 0.240362

[0m   [0mAggregate  (cost=12714.08..12714.09 rows=1 width=0)
   ->  Seq Scan on impressions  (cost=0.00..12714.00 rows=31 width=0)
         Filter: (listing_id = 113152)
[0m
  [4;36;1mSQL (149.1ms)[0m   [0;1mSELECT count(*) AS count_all FROM "impressions" WHERE ("impressions".listing_id = 113215) [0m
  [4;35;1mAnalyzing  Execution Time: 0.149411

[0m   [0mAggregate  (cost=12714.08..12714.09 rows=1 width=0)
   ->  Seq Scan on impressions  (cost=0.00..12714.00 rows=31 width=0)
         Filter: (listing_id = 113215)
[0m
  [4;36;1mSQL (151.4ms)[0m   [0;1mSELECT count(*) AS count_all FROM "impressions" WHERE ("impressions".listing_id = 113216) [0m
  [4;35;1mAnalyzing  Execution Time: 0.151671

[0m   [0mAggregate  (cost=12714.08..12714.09 rows=1 width=0)
   ->  Seq Scan on impressions  (cost=0.00..12714.00 rows=31 width=0)
         Filter: (listing_id = 113216)
[0m
  [4;36;1mSQL (151.8ms)[0m   [0;1mSELECT count(*) AS count_all FROM "impressions" WHERE ("impressions".listing_id = 113217) [0m
  [4;35;1mAnalyzing  Execution Time: 0.152081

[0m   [0mAggregate  (cost=12714.08..12714.09 rows=1 width=0)
   ->  Seq Scan on impressions  (cost=0.00..12714.00 rows=31 width=0)
         Filter: (listing_id = 113217)
[0m
  [4;36;1mSQL (149.3ms)[0m   [0;1mSELECT count(*) AS count_all FROM "impressions" WHERE ("impressions".listing_id = 113218) [0m
  [4;35;1mAnalyzing  Execution Time: 0.149571

[0m   [0mAggregate  (cost=12714.08..12714.09 rows=1 width=0)
   ->  Seq Scan on impressions  (cost=0.00..12714.00 rows=31 width=0)
         Filter: (listing_id = 113218)
[0m
  [4;36;1mSQL (148.5ms)[0m   [0;1mSELECT count(*) AS count_all FROM "impressions" WHERE ("impressions".listing_id = 113219) [0m
  [4;35;1mAnalyzing  Execution Time: 0.148987

[0m   [0mAggregate  (cost=12714.08..12714.09 rows=1 width=0)
   ->  Seq Scan on impressions  (cost=0.00..12714.00 rows=31 width=0)
         Filter: (listing_id = 113219)
[0m
  [4;36;1mSQL (146.4ms)[0m   [0;1mSELECT count(*) AS count_all FROM "impressions" WHERE ("impressions".listing_id = 113220) [0m
  [4;35;1mAnalyzing  Execution Time: 0.146704

[0m   [0mAggregate  (cost=12714.08..12714.09 rows=1 width=0)
   ->  Seq Scan on impressions  (cost=0.00..12714.00 rows=31 width=0)
         Filter: (listing_id = 113220)
[0m
  [4;36;1mSQL (145.9ms)[0m   [0;1mSELECT count(*) AS count_all FROM "impressions" WHERE ("impressions".listing_id = 113221) [0m
  [4;35;1mAnalyzing  Execution Time: 0.14616

[0m   [0mAggregate  (cost=12714.08..12714.09 rows=1 width=0)
   ->  Seq Scan on impressions  (cost=0.00..12714.00 rows=31 width=0)
         Filter: (listing_id = 113221)
[0m
  [4;36;1mSQL (151.3ms)[0m   [0;1mSELECT count(*) AS count_all FROM "impressions" WHERE ("impressions".listing_id = 113222) [0m
  [4;35;1mAnalyzing  Execution Time: 0.151594

[0m   [0mAggregate  (cost=12714.08..12714.09 rows=1 width=0)
   ->  Seq Scan on impressions  (cost=0.00..12714.00 rows=31 width=0)
         Filter: (listing_id = 113222)
[0m
  [4;36;1mSQL (149.6ms)[0m   [0;1mSELECT count(*) AS count_all FROM "impressions" WHERE ("impressions".listing_id = 113223) [0m
  [4;35;1mAnalyzing  Execution Time: 0.149915

[0m   [0mAggregate  (cost=12714.08..12714.09 rows=1 width=0)
   ->  Seq Scan on impressions  (cost=0.00..12714.00 rows=31 width=0)
         Filter: (listing_id = 113223)
[0m
  [4;36;1mSQL (154.8ms)[0m   [0;1mSELECT count(*) AS count_all FROM "impressions" WHERE ("impressions".listing_id = 113224) [0m
  [4;35;1mAnalyzing  Execution Time: 0.155028

[0m   [0mAggregate  (cost=12714.08..12714.09 rows=1 width=0)
   ->  Seq Scan on impressions  (cost=0.00..12714.00 rows=31 width=0)
         Filter: (listing_id = 113224)
[0m
  [4;36;1mSQL (149.0ms)[0m   [0;1mSELECT count(*) AS count_all FROM "impressions" WHERE ("impressions".listing_id = 113225) [0m
  [4;35;1mAnalyzing  Execution Time: 0.149219

[0m   [0mAggregate  (cost=12714.08..12714.09 rows=1 width=0)
   ->  Seq Scan on impressions  (cost=0.00..12714.00 rows=31 width=0)
         Filter: (listing_id = 113225)
[0m
  [4;36;1mSQL (145.6ms)[0m   [0;1mSELECT count(*) AS count_all FROM "impressions" WHERE ("impressions".listing_id = 113226) [0m
  [4;35;1mAnalyzing  Execution Time: 0.145908

[0m   [0mAggregate  (cost=12714.08..12714.09 rows=1 width=0)
   ->  Seq Scan on impressions  (cost=0.00..12714.00 rows=31 width=0)
         Filter: (listing_id = 113226)
[0m
  [4;36;1mSQL (12.7ms)[0m   [0;1mSELECT count(*) AS count_all FROM "clicks" WHERE ("clicks".listing_id = 113152) [0m
  [4;35;1mAnalyzing  Execution Time: 0.013066

[0m   [0mAggregate  (cost=814.47..814.48 rows=1 width=0)
   ->  Seq Scan on clicks  (cost=0.00..814.46 rows=2 width=0)
         Filter: (listing_id = 113152)
[0m
  [4;36;1mSQL (9.7ms)[0m   [0;1mSELECT count(*) AS count_all FROM "clicks" WHERE ("clicks".listing_id = 113215) [0m
  [4;35;1mAnalyzing  Execution Time: 0.009974

[0m   [0mAggregate  (cost=814.47..814.48 rows=1 width=0)
   ->  Seq Scan on clicks  (cost=0.00..814.46 rows=2 width=0)
         Filter: (listing_id = 113215)
[0m
  [4;36;1mSQL (8.5ms)[0m   [0;1mSELECT count(*) AS count_all FROM "clicks" WHERE ("clicks".listing_id = 113216) [0m
  [4;35;1mAnalyzing  Execution Time: 0.00872

[0m   [0mAggregate  (cost=814.47..814.48 rows=1 width=0)
   ->  Seq Scan on clicks  (cost=0.00..814.46 rows=2 width=0)
         Filter: (listing_id = 113216)
[0m
  [4;36;1mSQL (9.8ms)[0m   [0;1mSELECT count(*) AS count_all FROM "clicks" WHERE ("clicks".listing_id = 113217) [0m
  [4;35;1mAnalyzing  Execution Time: 0.010037

[0m   [0mAggregate  (cost=814.47..814.48 rows=1 width=0)
   ->  Seq Scan on clicks  (cost=0.00..814.46 rows=2 width=0)
         Filter: (listing_id = 113217)
[0m
  [4;36;1mSQL (11.1ms)[0m   [0;1mSELECT count(*) AS count_all FROM "clicks" WHERE ("clicks".listing_id = 113218) [0m
  [4;35;1mAnalyzing  Execution Time: 0.011363

[0m   [0mAggregate  (cost=814.47..814.48 rows=1 width=0)
   ->  Seq Scan on clicks  (cost=0.00..814.46 rows=2 width=0)
         Filter: (listing_id = 113218)
[0m
  [4;36;1mSQL (8.4ms)[0m   [0;1mSELECT count(*) AS count_all FROM "clicks" WHERE ("clicks".listing_id = 113219) [0m
  [4;35;1mAnalyzing  Execution Time: 0.008677

[0m   [0mAggregate  (cost=814.47..814.48 rows=1 width=0)
   ->  Seq Scan on clicks  (cost=0.00..814.46 rows=2 width=0)
         Filter: (listing_id = 113219)
[0m
  [4;36;1mSQL (9.1ms)[0m   [0;1mSELECT count(*) AS count_all FROM "clicks" WHERE ("clicks".listing_id = 113220) [0m
  [4;35;1mAnalyzing  Execution Time: 0.009453

[0m   [0mAggregate  (cost=814.47..814.48 rows=1 width=0)
   ->  Seq Scan on clicks  (cost=0.00..814.46 rows=2 width=0)
         Filter: (listing_id = 113220)
[0m
  [4;36;1mSQL (10.3ms)[0m   [0;1mSELECT count(*) AS count_all FROM "clicks" WHERE ("clicks".listing_id = 113221) [0m
  [4;35;1mAnalyzing  Execution Time: 0.010558

[0m   [0mAggregate  (cost=814.47..814.48 rows=1 width=0)
   ->  Seq Scan on clicks  (cost=0.00..814.46 rows=2 width=0)
         Filter: (listing_id = 113221)
[0m
  [4;36;1mSQL (8.4ms)[0m   [0;1mSELECT count(*) AS count_all FROM "clicks" WHERE ("clicks".listing_id = 113222) [0m
  [4;35;1mAnalyzing  Execution Time: 0.008698

[0m   [0mAggregate  (cost=814.47..814.48 rows=1 width=0)
   ->  Seq Scan on clicks  (cost=0.00..814.46 rows=2 width=0)
         Filter: (listing_id = 113222)
[0m
  [4;36;1mSQL (12.5ms)[0m   [0;1mSELECT count(*) AS count_all FROM "clicks" WHERE ("clicks".listing_id = 113223) [0m
  [4;35;1mAnalyzing  Execution Time: 0.012748

[0m   [0mAggregate  (cost=814.47..814.48 rows=1 width=0)
   ->  Seq Scan on clicks  (cost=0.00..814.46 rows=2 width=0)
         Filter: (listing_id = 113223)
[0m
  [4;36;1mSQL (8.9ms)[0m   [0;1mSELECT count(*) AS count_all FROM "clicks" WHERE ("clicks".listing_id = 113224) [0m
  [4;35;1mAnalyzing  Execution Time: 0.009122

[0m   [0mAggregate  (cost=814.47..814.48 rows=1 width=0)
   ->  Seq Scan on clicks  (cost=0.00..814.46 rows=2 width=0)
         Filter: (listing_id = 113224)
[0m
  [4;36;1mSQL (8.5ms)[0m   [0;1mSELECT count(*) AS count_all FROM "clicks" WHERE ("clicks".listing_id = 113225) [0m
  [4;35;1mAnalyzing  Execution Time: 0.008773

[0m   [0mAggregate  (cost=814.47..814.48 rows=1 width=0)
   ->  Seq Scan on clicks  (cost=0.00..814.46 rows=2 width=0)
         Filter: (listing_id = 113225)
[0m
  [4;36;1mSQL (10.1ms)[0m   [0;1mSELECT count(*) AS count_all FROM "clicks" WHERE ("clicks".listing_id = 113226) [0m
  [4;35;1mAnalyzing  Execution Time: 0.010345

[0m   [0mAggregate  (cost=814.47..814.48 rows=1 width=0)
   ->  Seq Scan on clicks  (cost=0.00..814.46 rows=2 width=0)
         Filter: (listing_id = 113226)
[0m
  [4;36;1mSQL (4.7ms)[0m   [0;1mSELECT count(*) AS count_all FROM "listings" WHERE ("listings".user_id = 25503) [0m
  [4;35;1mAnalyzing  Execution Time: 0.005006

[0m   [0mAggregate  (cost=1615.81..1615.82 rows=1 width=0)
   ->  Index Scan using index_listings_on_id_and_user_id_and_title on listings  (cost=0.00..1615.79 rows=4 width=0)
         Index Cond: (user_id = 25503)
[0m
  [4;36;1mListing Load (2.1ms)[0m   [0;1mSELECT * FROM "listings" WHERE ("listings".user_id = 25503) [0m
  [4;35;1mAnalyzing Listing Load Execution Time: 0.003144

[0m   [0mIndex Scan using index_listings_on_id_and_user_id_and_title on listings  (cost=0.00..1615.79 rows=4 width=1172)
   Index Cond: (user_id = 25503)
[0m
  [4;36;1mSQL (151.3ms)[0m   [0;1mSELECT count(*) AS count_all FROM "impressions" WHERE ("impressions".listing_id = 68942) [0m
  [4;35;1mAnalyzing  Execution Time: 0.151556

[0m   [0mAggregate  (cost=12714.08..12714.09 rows=1 width=0)
   ->  Seq Scan on impressions  (cost=0.00..12714.00 rows=31 width=0)
         Filter: (listing_id = 68942)
[0m
  [4;36;1mSQL (151.3ms)[0m   [0;1mSELECT count(*) AS count_all FROM "impressions" WHERE ("impressions".listing_id = 89756) [0m
  [4;35;1mAnalyzing  Execution Time: 0.151618

[0m   [0mAggregate  (cost=12714.08..12714.09 rows=1 width=0)
   ->  Seq Scan on impressions  (cost=0.00..12714.00 rows=31 width=0)
         Filter: (listing_id = 89756)
[0m
  [4;36;1mSQL (9.5ms)[0m   [0;1mSELECT count(*) AS count_all FROM "clicks" WHERE ("clicks".listing_id = 68942) [0m
  [4;35;1mAnalyzing  Execution Time: 0.009783

[0m   [0mAggregate  (cost=814.47..814.48 rows=1 width=0)
   ->  Seq Scan on clicks  (cost=0.00..814.46 rows=2 width=0)
         Filter: (listing_id = 68942)
[0m
  [4;36;1mSQL (9.2ms)[0m   [0;1mSELECT count(*) AS count_all FROM "clicks" WHERE ("clicks".listing_id = 89756) [0m
  [4;35;1mAnalyzing  Execution Time: 0.009424

[0m   [0mAggregate  (cost=814.47..814.48 rows=1 width=0)
   ->  Seq Scan on clicks  (cost=0.00..814.46 rows=2 width=0)
         Filter: (listing_id = 89756)
[0m
  [4;36;1mSQL (1.9ms)[0m   [0;1mSELECT count(*) AS count_all FROM "listings" WHERE ("listings".user_id = 25501) [0m
  [4;35;1mAnalyzing  Execution Time: 0.002151

[0m   [0mAggregate  (cost=1615.81..1615.82 rows=1 width=0)
   ->  Index Scan using index_listings_on_id_and_user_id_and_title on listings  (cost=0.00..1615.79 rows=4 width=0)
         Index Cond: (user_id = 25501)
[0m
  [4;36;1mListing Load (2.0ms)[0m   [0;1mSELECT * FROM "listings" WHERE ("listings".user_id = 25501) [0m
  [4;35;1mAnalyzing Listing Load Execution Time: 0.00267

[0m   [0mIndex Scan using index_listings_on_id_and_user_id_and_title on listings  (cost=0.00..1615.79 rows=4 width=1172)
   Index Cond: (user_id = 25501)
[0m
  [4;36;1mSQL (299.2ms)[0m   [0;1mSELECT count(*) AS count_all FROM "impressions" WHERE ("impressions".listing_id = 113150) [0m
  [4;35;1mAnalyzing  Execution Time: 0.299433

[0m   [0mAggregate  (cost=12714.08..12714.09 rows=1 width=0)
   ->  Seq Scan on impressions  (cost=0.00..12714.00 rows=31 width=0)
         Filter: (listing_id = 113150)
[0m
  [4;36;1mSQL (11.2ms)[0m   [0;1mSELECT count(*) AS count_all FROM "clicks" WHERE ("clicks".listing_id = 113150) [0m
  [4;35;1mAnalyzing  Execution Time: 0.011504

[0m   [0mAggregate  (cost=814.47..814.48 rows=1 width=0)
   ->  Seq Scan on clicks  (cost=0.00..814.46 rows=2 width=0)
         Filter: (listing_id = 113150)
[0m
  [4;36;1mSQL (2.4ms)[0m   [0;1mSELECT count(*) AS count_all FROM "listings" WHERE ("listings".user_id = 25502) [0m
  [4;35;1mAnalyzing  Execution Time: 0.002671

[0m   [0mAggregate  (cost=1615.81..1615.82 rows=1 width=0)
   ->  Index Scan using index_listings_on_id_and_user_id_and_title on listings  (cost=0.00..1615.79 rows=4 width=0)
         Index Cond: (user_id = 25502)
[0m
  [4;36;1mListing Load (2.7ms)[0m   [0;1mSELECT * FROM "listings" WHERE ("listings".user_id = 25502) [0m
  [4;35;1mAnalyzing Listing Load Execution Time: 0.019678

[0m   [0mIndex Scan using index_listings_on_id_and_user_id_and_title on listings  (cost=0.00..1615.79 rows=4 width=1172)
   Index Cond: (user_id = 25502)
[0m
  [4;36;1mSQL (151.6ms)[0m   [0;1mSELECT count(*) AS count_all FROM "impressions" WHERE ("impressions".listing_id = 66653) [0m
  [4;35;1mAnalyzing  Execution Time: 0.151824

[0m   [0mAggregate  (cost=12714.08..12714.09 rows=1 width=0)
   ->  Seq Scan on impressions  (cost=0.00..12714.00 rows=31 width=0)
         Filter: (listing_id = 66653)
[0m
  [4;36;1mSQL (153.2ms)[0m   [0;1mSELECT count(*) AS count_all FROM "impressions" WHERE ("impressions".listing_id = 71716) [0m
  [4;35;1mAnalyzing  Execution Time: 0.153441

[0m   [0mAggregate  (cost=12714.08..12714.09 rows=1 width=0)
   ->  Seq Scan on impressions  (cost=0.00..12714.00 rows=31 width=0)
         Filter: (listing_id = 71716)
[0m
  [4;36;1mSQL (144.2ms)[0m   [0;1mSELECT count(*) AS count_all FROM "impressions" WHERE ("impressions".listing_id = 71717) [0m
  [4;35;1mAnalyzing  Execution Time: 0.144436

[0m   [0mAggregate  (cost=12714.08..12714.09 rows=1 width=0)
   ->  Seq Scan on impressions  (cost=0.00..12714.00 rows=31 width=0)
         Filter: (listing_id = 71717)
[0m
  [4;36;1mSQL (172.3ms)[0m   [0;1mSELECT count(*) AS count_all FROM "impressions" WHERE ("impressions".listing_id = 74709) [0m
  [4;35;1mAnalyzing  Execution Time: 0.172577

[0m   [0mAggregate  (cost=12714.08..12714.09 rows=1 width=0)
   ->  Seq Scan on impressions  (cost=0.00..12714.00 rows=31 width=0)
         Filter: (listing_id = 74709)
[0m
  [4;36;1mSQL (263.1ms)[0m   [0;1mSELECT count(*) AS count_all FROM "impressions" WHERE ("impressions".listing_id = 74710) [0m
  [4;35;1mAnalyzing  Execution Time: 0.263388

[0m   [0mAggregate  (cost=12714.08..12714.09 rows=1 width=0)
   ->  Seq Scan on impressions  (cost=0.00..12714.00 rows=31 width=0)
         Filter: (listing_id = 74710)
[0m
  [4;36;1mSQL (252.6ms)[0m   [0;1mSELECT count(*) AS count_all FROM "impressions" WHERE ("impressions".listing_id = 74711) [0m
  [4;35;1mAnalyzing  Execution Time: 0.252812

[0m   [0mAggregate  (cost=12714.08..12714.09 rows=1 width=0)
   ->  Seq Scan on impressions  (cost=0.00..12714.00 rows=31 width=0)
         Filter: (listing_id = 74711)
[0m
  [4;36;1mSQL (165.5ms)[0m   [0;1mSELECT count(*) AS count_all FROM "impressions" WHERE ("impressions".listing_id = 76730) [0m
  [4;35;1mAnalyzing  Execution Time: 0.1658

[0m   [0mAggregate  (cost=12714.08..12714.09 rows=1 width=0)
   ->  Seq Scan on impressions  (cost=0.00..12714.00 rows=31 width=0)
         Filter: (listing_id = 76730)
[0m
  [4;36;1mSQL (155.0ms)[0m   [0;1mSELECT count(*) AS count_all FROM "impressions" WHERE ("impressions".listing_id = 76731) [0m
  [4;35;1mAnalyzing  Execution Time: 0.155298

[0m   [0mAggregate  (cost=12714.08..12714.09 rows=1 width=0)
   ->  Seq Scan on impressions  (cost=0.00..12714.00 rows=31 width=0)
         Filter: (listing_id = 76731)
[0m
  [4;36;1mSQL (304.0ms)[0m   [0;1mSELECT count(*) AS count_all FROM "impressions" WHERE ("impressions".listing_id = 76732) [0m
  [4;35;1mAnalyzing  Execution Time: 0.304312

[0m   [0mAggregate  (cost=12714.08..12714.09 rows=1 width=0)
   ->  Seq Scan on impressions  (cost=0.00..12714.00 rows=31 width=0)
         Filter: (listing_id = 76732)
[0m
  [4;36;1mSQL (213.1ms)[0m   [0;1mSELECT count(*) AS count_all FROM "impressions" WHERE ("impressions".listing_id = 76733) [0m
  [4;35;1mAnalyzing  Execution Time: 0.213545

[0m   [0mAggregate  (cost=12714.08..12714.09 rows=1 width=0)
   ->  Seq Scan on impressions  (cost=0.00..12714.00 rows=31 width=0)
         Filter: (listing_id = 76733)
[0m
  [4;36;1mSQL (210.0ms)[0m   [0;1mSELECT count(*) AS count_all FROM "impressions" WHERE ("impressions".listing_id = 76734) [0m
  [4;35;1mAnalyzing  Execution Time: 0.210287

[0m   [0mAggregate  (cost=12714.08..12714.09 rows=1 width=0)
   ->  Seq Scan on impressions  (cost=0.00..12714.00 rows=31 width=0)
         Filter: (listing_id = 76734)
[0m
  [4;36;1mSQL (166.2ms)[0m   [0;1mSELECT count(*) AS count_all FROM "impressions" WHERE ("impressions".listing_id = 76735) [0m
  [4;35;1mAnalyzing  Execution Time: 0.166474

[0m   [0mAggregate  (cost=12714.08..12714.09 rows=1 width=0)
   ->  Seq Scan on impressions  (cost=0.00..12714.00 rows=31 width=0)
         Filter: (listing_id = 76735)
[0m
  [4;36;1mSQL (254.1ms)[0m   [0;1mSELECT count(*) AS count_all FROM "impressions" WHERE ("impressions".listing_id = 76736) [0m
  [4;35;1mAnalyzing  Execution Time: 0.254364

[0m   [0mAggregate  (cost=12714.08..12714.09 rows=1 width=0)
   ->  Seq Scan on impressions  (cost=0.00..12714.00 rows=31 width=0)
         Filter: (listing_id = 76736)
[0m
  [4;36;1mSQL (150.8ms)[0m   [0;1mSELECT count(*) AS count_all FROM "impressions" WHERE ("impressions".listing_id = 76737) [0m
  [4;35;1mAnalyzing  Execution Time: 0.151064

[0m   [0mAggregate  (cost=12714.08..12714.09 rows=1 width=0)
   ->  Seq Scan on impressions  (cost=0.00..12714.00 rows=31 width=0)
         Filter: (listing_id = 76737)
[0m
  [4;36;1mSQL (179.9ms)[0m   [0;1mSELECT count(*) AS count_all FROM "impressions" WHERE ("impressions".listing_id = 76738) [0m
  [4;35;1mAnalyzing  Execution Time: 0.180145

[0m   [0mAggregate  (cost=12714.08..12714.09 rows=1 width=0)
   ->  Seq Scan on impressions  (cost=0.00..12714.00 rows=31 width=0)
         Filter: (listing_id = 76738)
[0m
  [4;36;1mSQL (142.7ms)[0m   [0;1mSELECT count(*) AS count_all FROM "impressions" WHERE ("impressions".listing_id = 76739) [0m
  [4;35;1mAnalyzing  Execution Time: 0.14305

[0m   [0mAggregate  (cost=12714.08..12714.09 rows=1 width=0)
   ->  Seq Scan on impressions  (cost=0.00..12714.00 rows=31 width=0)
         Filter: (listing_id = 76739)
[0m
  [4;36;1mSQL (156.6ms)[0m   [0;1mSELECT count(*) AS count_all FROM "impressions" WHERE ("impressions".listing_id = 76740) [0m
  [4;35;1mAnalyzing  Execution Time: 0.156861

[0m   [0mAggregate  (cost=12714.08..12714.09 rows=1 width=0)
   ->  Seq Scan on impressions  (cost=0.00..12714.00 rows=31 width=0)
         Filter: (listing_id = 76740)
[0m
  [4;36;1mSQL (152.9ms)[0m   [0;1mSELECT count(*) AS count_all FROM "impressions" WHERE ("impressions".listing_id = 76741) [0m
  [4;35;1mAnalyzing  Execution Time: 0.1532

[0m   [0mAggregate  (cost=12714.08..12714.09 rows=1 width=0)
   ->  Seq Scan on impressions  (cost=0.00..12714.00 rows=31 width=0)
         Filter: (listing_id = 76741)
[0m
  [4;36;1mSQL (152.3ms)[0m   [0;1mSELECT count(*) AS count_all FROM "impressions" WHERE ("impressions".listing_id = 76742) [0m
  [4;35;1mAnalyzing  Execution Time: 0.152587

[0m   [0mAggregate  (cost=12714.08..12714.09 rows=1 width=0)
   ->  Seq Scan on impressions  (cost=0.00..12714.00 rows=31 width=0)
         Filter: (listing_id = 76742)
[0m
  [4;36;1mSQL (148.5ms)[0m   [0;1mSELECT count(*) AS count_all FROM "impressions" WHERE ("impressions".listing_id = 76743) [0m
  [4;35;1mAnalyzing  Execution Time: 0.1488

[0m   [0mAggregate  (cost=12714.08..12714.09 rows=1 width=0)
   ->  Seq Scan on impressions  (cost=0.00..12714.00 rows=31 width=0)
         Filter: (listing_id = 76743)
[0m
  [4;36;1mSQL (152.4ms)[0m   [0;1mSELECT count(*) AS count_all FROM "impressions" WHERE ("impressions".listing_id = 76744) [0m
  [4;35;1mAnalyzing  Execution Time: 0.152648

[0m   [0mAggregate  (cost=12714.08..12714.09 rows=1 width=0)
   ->  Seq Scan on impressions  (cost=0.00..12714.00 rows=31 width=0)
         Filter: (listing_id = 76744)
[0m
  [4;36;1mSQL (149.6ms)[0m   [0;1mSELECT count(*) AS count_all FROM "impressions" WHERE ("impressions".listing_id = 76745) [0m
  [4;35;1mAnalyzing  Execution Time: 0.149842

[0m   [0mAggregate  (cost=12714.08..12714.09 rows=1 width=0)
   ->  Seq Scan on impressions  (cost=0.00..12714.00 rows=31 width=0)
         Filter: (listing_id = 76745)
[0m
  [4;36;1mSQL (149.5ms)[0m   [0;1mSELECT count(*) AS count_all FROM "impressions" WHERE ("impressions".listing_id = 76746) [0m
  [4;35;1mAnalyzing  Execution Time: 0.14981

[0m   [0mAggregate  (cost=12714.08..12714.09 rows=1 width=0)
   ->  Seq Scan on impressions  (cost=0.00..12714.00 rows=31 width=0)
         Filter: (listing_id = 76746)
[0m
  [4;36;1mSQL (153.1ms)[0m   [0;1mSELECT count(*) AS count_all FROM "impressions" WHERE ("impressions".listing_id = 76747) [0m
  [4;35;1mAnalyzing  Execution Time: 0.153393

[0m   [0mAggregate  (cost=12714.08..12714.09 rows=1 width=0)
   ->  Seq Scan on impressions  (cost=0.00..12714.00 rows=31 width=0)
         Filter: (listing_id = 76747)
[0m
  [4;36;1mSQL (151.4ms)[0m   [0;1mSELECT count(*) AS count_all FROM "impressions" WHERE ("impressions".listing_id = 76748) [0m
  [4;35;1mAnalyzing  Execution Time: 0.15169

[0m   [0mAggregate  (cost=12714.08..12714.09 rows=1 width=0)
   ->  Seq Scan on impressions  (cost=0.00..12714.00 rows=31 width=0)
         Filter: (listing_id = 76748)
[0m
  [4;36;1mSQL (145.7ms)[0m   [0;1mSELECT count(*) AS count_all FROM "impressions" WHERE ("impressions".listing_id = 76749) [0m
  [4;35;1mAnalyzing  Execution Time: 0.146039

[0m   [0mAggregate  (cost=12714.08..12714.09 rows=1 width=0)
   ->  Seq Scan on impressions  (cost=0.00..12714.00 rows=31 width=0)
         Filter: (listing_id = 76749)
[0m
  [4;36;1mSQL (148.2ms)[0m   [0;1mSELECT count(*) AS count_all FROM "impressions" WHERE ("impressions".listing_id = 76750) [0m
  [4;35;1mAnalyzing  Execution Time: 0.288245

[0m   [0mAggregate  (cost=12714.08..12714.09 rows=1 width=0)
   ->  Seq Scan on impressions  (cost=0.00..12714.00 rows=31 width=0)
         Filter: (listing_id = 76750)
[0m
  [4;36;1mSQL (141.4ms)[0m   [0;1mSELECT count(*) AS count_all FROM "impressions" WHERE ("impressions".listing_id = 76751) [0m
  [4;35;1mAnalyzing  Execution Time: 0.141642

[0m   [0mAggregate  (cost=12714.08..12714.09 rows=1 width=0)
   ->  Seq Scan on impressions  (cost=0.00..12714.00 rows=31 width=0)
         Filter: (listing_id = 76751)
[0m
  [4;36;1mSQL (141.2ms)[0m   [0;1mSELECT count(*) AS count_all FROM "impressions" WHERE ("impressions".listing_id = 76752) [0m
  [4;35;1mAnalyzing  Execution Time: 0.14155

[0m   [0mAggregate  (cost=12714.08..12714.09 rows=1 width=0)
   ->  Seq Scan on impressions  (cost=0.00..12714.00 rows=31 width=0)
         Filter: (listing_id = 76752)
[0m
  [4;36;1mSQL (197.4ms)[0m   [0;1mSELECT count(*) AS count_all FROM "impressions" WHERE ("impressions".listing_id = 76753) [0m
  [4;35;1mAnalyzing  Execution Time: 0.197867

[0m   [0mAggregate  (cost=12714.08..12714.09 rows=1 width=0)
   ->  Seq Scan on impressions  (cost=0.00..12714.00 rows=31 width=0)
         Filter: (listing_id = 76753)
[0m
  [4;36;1mSQL (163.9ms)[0m   [0;1mSELECT count(*) AS count_all FROM "impressions" WHERE ("impressions".listing_id = 76754) [0m
  [4;35;1mAnalyzing  Execution Time: 0.164346

[0m   [0mAggregate  (cost=12714.08..12714.09 rows=1 width=0)
   ->  Seq Scan on impressions  (cost=0.00..12714.00 rows=31 width=0)
         Filter: (listing_id = 76754)
[0m
  [4;36;1mSQL (146.0ms)[0m   [0;1mSELECT count(*) AS count_all FROM "impressions" WHERE ("impressions".listing_id = 76755) [0m
  [4;35;1mAnalyzing  Execution Time: 0.146307

[0m   [0mAggregate  (cost=12714.08..12714.09 rows=1 width=0)
   ->  Seq Scan on impressions  (cost=0.00..12714.00 rows=31 width=0)
         Filter: (listing_id = 76755)
[0m
  [4;36;1mSQL (146.2ms)[0m   [0;1mSELECT count(*) AS count_all FROM "impressions" WHERE ("impressions".listing_id = 76756) [0m
  [4;35;1mAnalyzing  Execution Time: 0.146439

[0m   [0mAggregate  (cost=12714.08..12714.09 rows=1 width=0)
   ->  Seq Scan on impressions  (cost=0.00..12714.00 rows=31 width=0)
         Filter: (listing_id = 76756)
[0m
  [4;36;1mSQL (147.0ms)[0m   [0;1mSELECT count(*) AS count_all FROM "impressions" WHERE ("impressions".listing_id = 76757) [0m
  [4;35;1mAnalyzing  Execution Time: 0.147245

[0m   [0mAggregate  (cost=12714.08..12714.09 rows=1 width=0)
   ->  Seq Scan on impressions  (cost=0.00..12714.00 rows=31 width=0)
         Filter: (listing_id = 76757)
[0m
  [4;36;1mSQL (154.0ms)[0m   [0;1mSELECT count(*) AS count_all FROM "impressions" WHERE ("impressions".listing_id = 76758) [0m
  [4;35;1mAnalyzing  Execution Time: 0.154334

[0m   [0mAggregate  (cost=12714.08..12714.09 rows=1 width=0)
   ->  Seq Scan on impressions  (cost=0.00..12714.00 rows=31 width=0)
         Filter: (listing_id = 76758)
[0m
  [4;36;1mSQL (157.9ms)[0m   [0;1mSELECT count(*) AS count_all FROM "impressions" WHERE ("impressions".listing_id = 76759) [0m
  [4;35;1mAnalyzing  Execution Time: 0.158205

[0m   [0mAggregate  (cost=12714.08..12714.09 rows=1 width=0)
   ->  Seq Scan on impressions  (cost=0.00..12714.00 rows=31 width=0)
         Filter: (listing_id = 76759)
[0m
  [4;36;1mSQL (157.0ms)[0m   [0;1mSELECT count(*) AS count_all FROM "impressions" WHERE ("impressions".listing_id = 76760) [0m
  [4;35;1mAnalyzing  Execution Time: 0.157242

[0m   [0mAggregate  (cost=12714.08..12714.09 rows=1 width=0)
   ->  Seq Scan on impressions  (cost=0.00..12714.00 rows=31 width=0)
         Filter: (listing_id = 76760)
[0m
  [4;36;1mSQL (149.4ms)[0m   [0;1mSELECT count(*) AS count_all FROM "impressions" WHERE ("impressions".listing_id = 76761) [0m
  [4;35;1mAnalyzing  Execution Time: 0.14965

[0m   [0mAggregate  (cost=12714.08..12714.09 rows=1 width=0)
   ->  Seq Scan on impressions  (cost=0.00..12714.00 rows=31 width=0)
         Filter: (listing_id = 76761)
[0m
  [4;36;1mSQL (157.3ms)[0m   [0;1mSELECT count(*) AS count_all FROM "impressions" WHERE ("impressions".listing_id = 76762) [0m
  [4;35;1mAnalyzing  Execution Time: 0.157662

[0m   [0mAggregate  (cost=12714.08..12714.09 rows=1 width=0)
   ->  Seq Scan on impressions  (cost=0.00..12714.00 rows=31 width=0)
         Filter: (listing_id = 76762)
[0m
  [4;36;1mSQL (146.2ms)[0m   [0;1mSELECT count(*) AS count_all FROM "impressions" WHERE ("impressions".listing_id = 76763) [0m
  [4;35;1mAnalyzing  Execution Time: 0.146537

[0m   [0mAggregate  (cost=12714.08..12714.09 rows=1 width=0)
   ->  Seq Scan on impressions  (cost=0.00..12714.00 rows=31 width=0)
         Filter: (listing_id = 76763)
[0m
  [4;36;1mSQL (146.0ms)[0m   [0;1mSELECT count(*) AS count_all FROM "impressions" WHERE ("impressions".listing_id = 76764) [0m
  [4;35;1mAnalyzing  Execution Time: 0.146234

[0m   [0mAggregate  (cost=12714.08..12714.09 rows=1 width=0)
   ->  Seq Scan on impressions  (cost=0.00..12714.00 rows=31 width=0)
         Filter: (listing_id = 76764)
[0m
  [4;36;1mSQL (138.9ms)[0m   [0;1mSELECT count(*) AS count_all FROM "impressions" WHERE ("impressions".listing_id = 82285) [0m
  [4;35;1mAnalyzing  Execution Time: 0.139595

[0m   [0mAggregate  (cost=12714.08..12714.09 rows=1 width=0)
   ->  Seq Scan on impressions  (cost=0.00..12714.00 rows=31 width=0)
         Filter: (listing_id = 82285)
[0m
  [4;36;1mSQL (179.2ms)[0m   [0;1mSELECT count(*) AS count_all FROM "impressions" WHERE ("impressions".listing_id = 82286) [0m
  [4;35;1mAnalyzing  Execution Time: 0.179593

[0m   [0mAggregate  (cost=12714.08..12714.09 rows=1 width=0)
   ->  Seq Scan on impressions  (cost=0.00..12714.00 rows=31 width=0)
         Filter: (listing_id = 82286)
[0m
  [4;36;1mSQL (174.6ms)[0m   [0;1mSELECT count(*) AS count_all FROM "impressions" WHERE ("impressions".listing_id = 105952) [0m
  [4;35;1mAnalyzing  Execution Time: 0.174902

[0m   [0mAggregate  (cost=12714.08..12714.09 rows=1 width=0)
   ->  Seq Scan on impressions  (cost=0.00..12714.00 rows=31 width=0)
         Filter: (listing_id = 105952)
[0m
  [4;36;1mSQL (143.6ms)[0m   [0;1mSELECT count(*) AS count_all FROM "impressions" WHERE ("impressions".listing_id = 113151) [0m
  [4;35;1mAnalyzing  Execution Time: 0.143913

[0m   [0mAggregate  (cost=12714.08..12714.09 rows=1 width=0)
   ->  Seq Scan on impressions  (cost=0.00..12714.00 rows=31 width=0)
         Filter: (listing_id = 113151)
[0m
  [4;36;1mSQL (12.1ms)[0m   [0;1mSELECT count(*) AS count_all FROM "clicks" WHERE ("clicks".listing_id = 66653) [0m
  [4;35;1mAnalyzing  Execution Time: 0.012358

[0m   [0mAggregate  (cost=814.47..814.48 rows=1 width=0)
   ->  Seq Scan on clicks  (cost=0.00..814.46 rows=2 width=0)
         Filter: (listing_id = 66653)
[0m
  [4;36;1mSQL (10.1ms)[0m   [0;1mSELECT count(*) AS count_all FROM "clicks" WHERE ("clicks".listing_id = 71716) [0m
  [4;35;1mAnalyzing  Execution Time: 0.010406

[0m   [0mAggregate  (cost=814.47..814.48 rows=1 width=0)
   ->  Seq Scan on clicks  (cost=0.00..814.46 rows=2 width=0)
         Filter: (listing_id = 71716)
[0m
  [4;36;1mSQL (8.8ms)[0m   [0;1mSELECT count(*) AS count_all FROM "clicks" WHERE ("clicks".listing_id = 71717) [0m
  [4;35;1mAnalyzing  Execution Time: 0.009107

[0m   [0mAggregate  (cost=814.47..814.48 rows=1 width=0)
   ->  Seq Scan on clicks  (cost=0.00..814.46 rows=2 width=0)
         Filter: (listing_id = 71717)
[0m
  [4;36;1mSQL (8.6ms)[0m   [0;1mSELECT count(*) AS count_all FROM "clicks" WHERE ("clicks".listing_id = 74709) [0m
  [4;35;1mAnalyzing  Execution Time: 0.00887

[0m   [0mAggregate  (cost=814.47..814.48 rows=1 width=0)
   ->  Seq Scan on clicks  (cost=0.00..814.46 rows=2 width=0)
         Filter: (listing_id = 74709)
[0m
  [4;36;1mSQL (9.7ms)[0m   [0;1mSELECT count(*) AS count_all FROM "clicks" WHERE ("clicks".listing_id = 74710) [0m
  [4;35;1mAnalyzing  Execution Time: 0.009947

[0m   [0mAggregate  (cost=814.47..814.48 rows=1 width=0)
   ->  Seq Scan on clicks  (cost=0.00..814.46 rows=2 width=0)
         Filter: (listing_id = 74710)
[0m
  [4;36;1mSQL (9.8ms)[0m   [0;1mSELECT count(*) AS count_all FROM "clicks" WHERE ("clicks".listing_id = 74711) [0m
  [4;35;1mAnalyzing  Execution Time: 0.010018

[0m   [0mAggregate  (cost=814.47..814.48 rows=1 width=0)
   ->  Seq Scan on clicks  (cost=0.00..814.46 rows=2 width=0)
         Filter: (listing_id = 74711)
[0m
  [4;36;1mSQL (8.4ms)[0m   [0;1mSELECT count(*) AS count_all FROM "clicks" WHERE ("clicks".listing_id = 76730) [0m
  [4;35;1mAnalyzing  Execution Time: 0.008634

[0m   [0mAggregate  (cost=814.47..814.48 rows=1 width=0)
   ->  Seq Scan on clicks  (cost=0.00..814.46 rows=2 width=0)
         Filter: (listing_id = 76730)
[0m
  [4;36;1mSQL (10.6ms)[0m   [0;1mSELECT count(*) AS count_all FROM "clicks" WHERE ("clicks".listing_id = 76731) [0m
  [4;35;1mAnalyzing  Execution Time: 0.010915

[0m   [0mAggregate  (cost=814.47..814.48 rows=1 width=0)
   ->  Seq Scan on clicks  (cost=0.00..814.46 rows=2 width=0)
         Filter: (listing_id = 76731)
[0m
  [4;36;1mSQL (8.8ms)[0m   [0;1mSELECT count(*) AS count_all FROM "clicks" WHERE ("clicks".listing_id = 76732) [0m
  [4;35;1mAnalyzing  Execution Time: 0.009073

[0m   [0mAggregate  (cost=814.47..814.48 rows=1 width=0)
   ->  Seq Scan on clicks  (cost=0.00..814.46 rows=2 width=0)
         Filter: (listing_id = 76732)
[0m
  [4;36;1mSQL (8.4ms)[0m   [0;1mSELECT count(*) AS count_all FROM "clicks" WHERE ("clicks".listing_id = 76733) [0m
  [4;35;1mAnalyzing  Execution Time: 0.008638

[0m   [0mAggregate  (cost=814.47..814.48 rows=1 width=0)
   ->  Seq Scan on clicks  (cost=0.00..814.46 rows=2 width=0)
         Filter: (listing_id = 76733)
[0m
  [4;36;1mSQL (9.1ms)[0m   [0;1mSELECT count(*) AS count_all FROM "clicks" WHERE ("clicks".listing_id = 76734) [0m
  [4;35;1mAnalyzing  Execution Time: 0.009358

[0m   [0mAggregate  (cost=814.47..814.48 rows=1 width=0)
   ->  Seq Scan on clicks  (cost=0.00..814.46 rows=2 width=0)
         Filter: (listing_id = 76734)
[0m
  [4;36;1mSQL (8.9ms)[0m   [0;1mSELECT count(*) AS count_all FROM "clicks" WHERE ("clicks".listing_id = 76735) [0m
  [4;35;1mAnalyzing  Execution Time: 0.009156

[0m   [0mAggregate  (cost=814.47..814.48 rows=1 width=0)
   ->  Seq Scan on clicks  (cost=0.00..814.46 rows=2 width=0)
         Filter: (listing_id = 76735)
[0m
  [4;36;1mSQL (8.9ms)[0m   [0;1mSELECT count(*) AS count_all FROM "clicks" WHERE ("clicks".listing_id = 76736) [0m
  [4;35;1mAnalyzing  Execution Time: 0.009204

[0m   [0mAggregate  (cost=814.47..814.48 rows=1 width=0)
   ->  Seq Scan on clicks  (cost=0.00..814.46 rows=2 width=0)
         Filter: (listing_id = 76736)
[0m
  [4;36;1mSQL (9.9ms)[0m   [0;1mSELECT count(*) AS count_all FROM "clicks" WHERE ("clicks".listing_id = 76737) [0m
  [4;35;1mAnalyzing  Execution Time: 0.010191

[0m   [0mAggregate  (cost=814.47..814.48 rows=1 width=0)
   ->  Seq Scan on clicks  (cost=0.00..814.46 rows=2 width=0)
         Filter: (listing_id = 76737)
[0m
  [4;36;1mSQL (9.1ms)[0m   [0;1mSELECT count(*) AS count_all FROM "clicks" WHERE ("clicks".listing_id = 76738) [0m
  [4;35;1mAnalyzing  Execution Time: 0.009365

[0m   [0mAggregate  (cost=814.47..814.48 rows=1 width=0)
   ->  Seq Scan on clicks  (cost=0.00..814.46 rows=2 width=0)
         Filter: (listing_id = 76738)
[0m
  [4;36;1mSQL (8.6ms)[0m   [0;1mSELECT count(*) AS count_all FROM "clicks" WHERE ("clicks".listing_id = 76739) [0m
  [4;35;1mAnalyzing  Execution Time: 0.00889

[0m   [0mAggregate  (cost=814.47..814.48 rows=1 width=0)
   ->  Seq Scan on clicks  (cost=0.00..814.46 rows=2 width=0)
         Filter: (listing_id = 76739)
[0m
  [4;36;1mSQL (10.2ms)[0m   [0;1mSELECT count(*) AS count_all FROM "clicks" WHERE ("clicks".listing_id = 76740) [0m
  [4;35;1mAnalyzing  Execution Time: 0.010467

[0m   [0mAggregate  (cost=814.47..814.48 rows=1 width=0)
   ->  Seq Scan on clicks  (cost=0.00..814.46 rows=2 width=0)
         Filter: (listing_id = 76740)
[0m
  [4;36;1mSQL (8.9ms)[0m   [0;1mSELECT count(*) AS count_all FROM "clicks" WHERE ("clicks".listing_id = 76741) [0m
  [4;35;1mAnalyzing  Execution Time: 0.009199

[0m   [0mAggregate  (cost=814.47..814.48 rows=1 width=0)
   ->  Seq Scan on clicks  (cost=0.00..814.46 rows=2 width=0)
         Filter: (listing_id = 76741)
[0m
  [4;36;1mSQL (8.5ms)[0m   [0;1mSELECT count(*) AS count_all FROM "clicks" WHERE ("clicks".listing_id = 76742) [0m
  [4;35;1mAnalyzing  Execution Time: 0.008725

[0m   [0mAggregate  (cost=814.47..814.48 rows=1 width=0)
   ->  Seq Scan on clicks  (cost=0.00..814.46 rows=2 width=0)
         Filter: (listing_id = 76742)
[0m
  [4;36;1mSQL (10.4ms)[0m   [0;1mSELECT count(*) AS count_all FROM "clicks" WHERE ("clicks".listing_id = 76743) [0m
  [4;35;1mAnalyzing  Execution Time: 0.010678

[0m   [0mAggregate  (cost=814.47..814.48 rows=1 width=0)
   ->  Seq Scan on clicks  (cost=0.00..814.46 rows=2 width=0)
         Filter: (listing_id = 76743)
[0m
  [4;36;1mSQL (8.9ms)[0m   [0;1mSELECT count(*) AS count_all FROM "clicks" WHERE ("clicks".listing_id = 76744) [0m
  [4;35;1mAnalyzing  Execution Time: 0.009145

[0m   [0mAggregate  (cost=814.47..814.48 rows=1 width=0)
   ->  Seq Scan on clicks  (cost=0.00..814.46 rows=2 width=0)
         Filter: (listing_id = 76744)
[0m
  [4;36;1mSQL (8.4ms)[0m   [0;1mSELECT count(*) AS count_all FROM "clicks" WHERE ("clicks".listing_id = 76745) [0m
  [4;35;1mAnalyzing  Execution Time: 0.008673

[0m   [0mAggregate  (cost=814.47..814.48 rows=1 width=0)
   ->  Seq Scan on clicks  (cost=0.00..814.46 rows=2 width=0)
         Filter: (listing_id = 76745)
[0m
  [4;36;1mSQL (10.1ms)[0m   [0;1mSELECT count(*) AS count_all FROM "clicks" WHERE ("clicks".listing_id = 76746) [0m
  [4;35;1mAnalyzing  Execution Time: 0.010365

[0m   [0mAggregate  (cost=814.47..814.48 rows=1 width=0)
   ->  Seq Scan on clicks  (cost=0.00..814.46 rows=2 width=0)
         Filter: (listing_id = 76746)
[0m
  [4;36;1mSQL (9.2ms)[0m   [0;1mSELECT count(*) AS count_all FROM "clicks" WHERE ("clicks".listing_id = 76747) [0m
  [4;35;1mAnalyzing  Execution Time: 0.009502

[0m   [0mAggregate  (cost=814.47..814.48 rows=1 width=0)
   ->  Seq Scan on clicks  (cost=0.00..814.46 rows=2 width=0)
         Filter: (listing_id = 76747)
[0m
  [4;36;1mSQL (8.9ms)[0m   [0;1mSELECT count(*) AS count_all FROM "clicks" WHERE ("clicks".listing_id = 76748) [0m
  [4;35;1mAnalyzing  Execution Time: 0.009158

[0m   [0mAggregate  (cost=814.47..814.48 rows=1 width=0)
   ->  Seq Scan on clicks  (cost=0.00..814.46 rows=2 width=0)
         Filter: (listing_id = 76748)
[0m
  [4;36;1mSQL (10.7ms)[0m   [0;1mSELECT count(*) AS count_all FROM "clicks" WHERE ("clicks".listing_id = 76749) [0m
  [4;35;1mAnalyzing  Execution Time: 0.010937

[0m   [0mAggregate  (cost=814.47..814.48 rows=1 width=0)
   ->  Seq Scan on clicks  (cost=0.00..814.46 rows=2 width=0)
         Filter: (listing_id = 76749)
[0m
  [4;36;1mSQL (9.6ms)[0m   [0;1mSELECT count(*) AS count_all FROM "clicks" WHERE ("clicks".listing_id = 76750) [0m
  [4;35;1mAnalyzing  Execution Time: 0.009852

[0m   [0mAggregate  (cost=814.47..814.48 rows=1 width=0)
   ->  Seq Scan on clicks  (cost=0.00..814.46 rows=2 width=0)
         Filter: (listing_id = 76750)
[0m
  [4;36;1mSQL (8.3ms)[0m   [0;1mSELECT count(*) AS count_all FROM "clicks" WHERE ("clicks".listing_id = 76751) [0m
  [4;35;1mAnalyzing  Execution Time: 0.008588

[0m   [0mAggregate  (cost=814.47..814.48 rows=1 width=0)
   ->  Seq Scan on clicks  (cost=0.00..814.46 rows=2 width=0)
         Filter: (listing_id = 76751)
[0m
  [4;36;1mSQL (9.7ms)[0m   [0;1mSELECT count(*) AS count_all FROM "clicks" WHERE ("clicks".listing_id = 76752) [0m
  [4;35;1mAnalyzing  Execution Time: 0.010004

[0m   [0mAggregate  (cost=814.47..814.48 rows=1 width=0)
   ->  Seq Scan on clicks  (cost=0.00..814.46 rows=2 width=0)
         Filter: (listing_id = 76752)
[0m
  [4;36;1mSQL (9.3ms)[0m   [0;1mSELECT count(*) AS count_all FROM "clicks" WHERE ("clicks".listing_id = 76753) [0m
  [4;35;1mAnalyzing  Execution Time: 0.009587

[0m   [0mAggregate  (cost=814.47..814.48 rows=1 width=0)
   ->  Seq Scan on clicks  (cost=0.00..814.46 rows=2 width=0)
         Filter: (listing_id = 76753)
[0m
  [4;36;1mSQL (8.3ms)[0m   [0;1mSELECT count(*) AS count_all FROM "clicks" WHERE ("clicks".listing_id = 76754) [0m
  [4;35;1mAnalyzing  Execution Time: 0.008583

[0m   [0mAggregate  (cost=814.47..814.48 rows=1 width=0)
   ->  Seq Scan on clicks  (cost=0.00..814.46 rows=2 width=0)
         Filter: (listing_id = 76754)
[0m
  [4;36;1mSQL (8.9ms)[0m   [0;1mSELECT count(*) AS count_all FROM "clicks" WHERE ("clicks".listing_id = 76755) [0m
  [4;35;1mAnalyzing  Execution Time: 0.00917

[0m   [0mAggregate  (cost=814.47..814.48 rows=1 width=0)
   ->  Seq Scan on clicks  (cost=0.00..814.46 rows=2 width=0)
         Filter: (listing_id = 76755)
[0m
  [4;36;1mSQL (9.1ms)[0m   [0;1mSELECT count(*) AS count_all FROM "clicks" WHERE ("clicks".listing_id = 76756) [0m
  [4;35;1mAnalyzing  Execution Time: 0.009359

[0m   [0mAggregate  (cost=814.47..814.48 rows=1 width=0)
   ->  Seq Scan on clicks  (cost=0.00..814.46 rows=2 width=0)
         Filter: (listing_id = 76756)
[0m
  [4;36;1mSQL (8.4ms)[0m   [0;1mSELECT count(*) AS count_all FROM "clicks" WHERE ("clicks".listing_id = 76757) [0m
  [4;35;1mAnalyzing  Execution Time: 0.00867

[0m   [0mAggregate  (cost=814.47..814.48 rows=1 width=0)
   ->  Seq Scan on clicks  (cost=0.00..814.46 rows=2 width=0)
         Filter: (listing_id = 76757)
[0m
  [4;36;1mSQL (11.0ms)[0m   [0;1mSELECT count(*) AS count_all FROM "clicks" WHERE ("clicks".listing_id = 76758) [0m
  [4;35;1mAnalyzing  Execution Time: 0.01126

[0m   [0mAggregate  (cost=814.47..814.48 rows=1 width=0)
   ->  Seq Scan on clicks  (cost=0.00..814.46 rows=2 width=0)
         Filter: (listing_id = 76758)
[0m
  [4;36;1mSQL (8.6ms)[0m   [0;1mSELECT count(*) AS count_all FROM "clicks" WHERE ("clicks".listing_id = 76759) [0m
  [4;35;1mAnalyzing  Execution Time: 0.008853

[0m   [0mAggregate  (cost=814.47..814.48 rows=1 width=0)
   ->  Seq Scan on clicks  (cost=0.00..814.46 rows=2 width=0)
         Filter: (listing_id = 76759)
[0m
  [4;36;1mSQL (8.5ms)[0m   [0;1mSELECT count(*) AS count_all FROM "clicks" WHERE ("clicks".listing_id = 76760) [0m
  [4;35;1mAnalyzing  Execution Time: 0.008793

[0m   [0mAggregate  (cost=814.47..814.48 rows=1 width=0)
   ->  Seq Scan on clicks  (cost=0.00..814.46 rows=2 width=0)
         Filter: (listing_id = 76760)
[0m
  [4;36;1mSQL (11.4ms)[0m   [0;1mSELECT count(*) AS count_all FROM "clicks" WHERE ("clicks".listing_id = 76761) [0m
  [4;35;1mAnalyzing  Execution Time: 0.011678

[0m   [0mAggregate  (cost=814.47..814.48 rows=1 width=0)
   ->  Seq Scan on clicks  (cost=0.00..814.46 rows=2 width=0)
         Filter: (listing_id = 76761)
[0m
  [4;36;1mSQL (8.9ms)[0m   [0;1mSELECT count(*) AS count_all FROM "clicks" WHERE ("clicks".listing_id = 76762) [0m
  [4;35;1mAnalyzing  Execution Time: 0.009132

[0m   [0mAggregate  (cost=814.47..814.48 rows=1 width=0)
   ->  Seq Scan on clicks  (cost=0.00..814.46 rows=2 width=0)
         Filter: (listing_id = 76762)
[0m
  [4;36;1mSQL (8.6ms)[0m   [0;1mSELECT count(*) AS count_all FROM "clicks" WHERE ("clicks".listing_id = 76763) [0m
  [4;35;1mAnalyzing  Execution Time: 0.008907

[0m   [0mAggregate  (cost=814.47..814.48 rows=1 width=0)
   ->  Seq Scan on clicks  (cost=0.00..814.46 rows=2 width=0)
         Filter: (listing_id = 76763)
[0m
  [4;36;1mSQL (10.5ms)[0m   [0;1mSELECT count(*) AS count_all FROM "clicks" WHERE ("clicks".listing_id = 76764) [0m
  [4;35;1mAnalyzing  Execution Time: 0.010771

[0m   [0mAggregate  (cost=814.47..814.48 rows=1 width=0)
   ->  Seq Scan on clicks  (cost=0.00..814.46 rows=2 width=0)
         Filter: (listing_id = 76764)
[0m
  [4;36;1mSQL (8.5ms)[0m   [0;1mSELECT count(*) AS count_all FROM "clicks" WHERE ("clicks".listing_id = 82285) [0m
  [4;35;1mAnalyzing  Execution Time: 0.00876

[0m   [0mAggregate  (cost=814.47..814.48 rows=1 width=0)
   ->  Seq Scan on clicks  (cost=0.00..814.46 rows=2 width=0)
         Filter: (listing_id = 82285)
[0m
  [4;36;1mSQL (8.5ms)[0m   [0;1mSELECT count(*) AS count_all FROM "clicks" WHERE ("clicks".listing_id = 82286) [0m
  [4;35;1mAnalyzing  Execution Time: 0.008785

[0m   [0mAggregate  (cost=814.47..814.48 rows=1 width=0)
   ->  Seq Scan on clicks  (cost=0.00..814.46 rows=2 width=0)
         Filter: (listing_id = 82286)
[0m
  [4;36;1mSQL (10.4ms)[0m   [0;1mSELECT count(*) AS count_all FROM "clicks" WHERE ("clicks".listing_id = 105952) [0m
  [4;35;1mAnalyzing  Execution Time: 0.010718

[0m   [0mAggregate  (cost=814.47..814.48 rows=1 width=0)
   ->  Seq Scan on clicks  (cost=0.00..814.46 rows=2 width=0)
         Filter: (listing_id = 105952)
[0m
  [4;36;1mSQL (8.5ms)[0m   [0;1mSELECT count(*) AS count_all FROM "clicks" WHERE ("clicks".listing_id = 113151) [0m
  [4;35;1mAnalyzing  Execution Time: 0.008715

[0m   [0mAggregate  (cost=814.47..814.48 rows=1 width=0)
   ->  Seq Scan on clicks  (cost=0.00..814.46 rows=2 width=0)
         Filter: (listing_id = 113151)
[0m
  [4;36;1mSQL (10.6ms)[0m   [0;1mSELECT count(*) AS count_all FROM "listings" WHERE ("listings".user_id = 25500) [0m
  [4;35;1mAnalyzing  Execution Time: 0.010835

[0m   [0mAggregate  (cost=1615.81..1615.82 rows=1 width=0)
   ->  Index Scan using index_listings_on_id_and_user_id_and_title on listings  (cost=0.00..1615.79 rows=4 width=0)
         Index Cond: (user_id = 25500)
[0m
  [4;36;1mListing Load (2.4ms)[0m   [0;1mSELECT * FROM "listings" WHERE ("listings".user_id = 25500) [0m
  [4;35;1mAnalyzing Listing Load Execution Time: 0.00447

[0m   [0mIndex Scan using index_listings_on_id_and_user_id_and_title on listings  (cost=0.00..1615.79 rows=4 width=1172)
   Index Cond: (user_id = 25500)
[0m
  [4;36;1mSQL (160.6ms)[0m   [0;1mSELECT count(*) AS count_all FROM "impressions" WHERE ("impressions".listing_id = 105857) [0m
  [4;35;1mAnalyzing  Execution Time: 0.160871

[0m   [0mAggregate  (cost=12714.08..12714.09 rows=1 width=0)
   ->  Seq Scan on impressions  (cost=0.00..12714.00 rows=31 width=0)
         Filter: (listing_id = 105857)
[0m
  [4;36;1mSQL (139.9ms)[0m   [0;1mSELECT count(*) AS count_all FROM "impressions" WHERE ("impressions".listing_id = 105858) [0m
  [4;35;1mAnalyzing  Execution Time: 0.140115

[0m   [0mAggregate  (cost=12714.08..12714.09 rows=1 width=0)
   ->  Seq Scan on impressions  (cost=0.00..12714.00 rows=31 width=0)
         Filter: (listing_id = 105858)
[0m
  [4;36;1mSQL (10.0ms)[0m   [0;1mSELECT count(*) AS count_all FROM "clicks" WHERE ("clicks".listing_id = 105857) [0m
  [4;35;1mAnalyzing  Execution Time: 0.010284

[0m   [0mAggregate  (cost=814.47..814.48 rows=1 width=0)
   ->  Seq Scan on clicks  (cost=0.00..814.46 rows=2 width=0)
         Filter: (listing_id = 105857)
[0m
  [4;36;1mSQL (9.5ms)[0m   [0;1mSELECT count(*) AS count_all FROM "clicks" WHERE ("clicks".listing_id = 105858) [0m
  [4;35;1mAnalyzing  Execution Time: 0.009846

[0m   [0mAggregate  (cost=814.47..814.48 rows=1 width=0)
   ->  Seq Scan on clicks  (cost=0.00..814.46 rows=2 width=0)
         Filter: (listing_id = 105858)
[0m
  [4;36;1mSQL (2.1ms)[0m   [0;1mSELECT count(*) AS count_all FROM "listings" WHERE ("listings".user_id = 25495) [0m
  [4;35;1mAnalyzing  Execution Time: 0.002455

[0m   [0mAggregate  (cost=1615.81..1615.82 rows=1 width=0)
   ->  Index Scan using index_listings_on_id_and_user_id_and_title on listings  (cost=0.00..1615.79 rows=4 width=0)
         Index Cond: (user_id = 25495)
[0m
  [4;36;1mListing Load (2.1ms)[0m   [0;1mSELECT * FROM "listings" WHERE ("listings".user_id = 25495) [0m
  [4;35;1mAnalyzing Listing Load Execution Time: 0.00276

[0m   [0mIndex Scan using index_listings_on_id_and_user_id_and_title on listings  (cost=0.00..1615.79 rows=4 width=1172)
   Index Cond: (user_id = 25495)
[0m
  [4;36;1mSQL (144.7ms)[0m   [0;1mSELECT count(*) AS count_all FROM "impressions" WHERE ("impressions".listing_id = 110265) [0m
  [4;35;1mAnalyzing  Execution Time: 0.145105

[0m   [0mAggregate  (cost=12714.08..12714.09 rows=1 width=0)
   ->  Seq Scan on impressions  (cost=0.00..12714.00 rows=31 width=0)
         Filter: (listing_id = 110265)
[0m
  [4;36;1mSQL (9.1ms)[0m   [0;1mSELECT count(*) AS count_all FROM "clicks" WHERE ("clicks".listing_id = 110265) [0m
  [4;35;1mAnalyzing  Execution Time: 0.009417

[0m   [0mAggregate  (cost=814.47..814.48 rows=1 width=0)
   ->  Seq Scan on clicks  (cost=0.00..814.46 rows=2 width=0)
         Filter: (listing_id = 110265)
[0m
  [4;36;1mSQL (2.6ms)[0m   [0;1mSELECT count(*) AS count_all FROM "listings" WHERE ("listings".user_id = 25496) [0m
  [4;35;1mAnalyzing  Execution Time: 0.003032

[0m   [0mAggregate  (cost=1615.81..1615.82 rows=1 width=0)
   ->  Index Scan using index_listings_on_id_and_user_id_and_title on listings  (cost=0.00..1615.79 rows=4 width=0)
         Index Cond: (user_id = 25496)
[0m
  [4;36;1mListing Load (2.0ms)[0m   [0;1mSELECT * FROM "listings" WHERE ("listings".user_id = 25496) [0m
  [4;35;1mAnalyzing Listing Load Execution Time: 0.002675

[0m   [0mIndex Scan using index_listings_on_id_and_user_id_and_title on listings  (cost=0.00..1615.79 rows=4 width=1172)
   Index Cond: (user_id = 25496)
[0m
  [4;36;1mSQL (152.9ms)[0m   [0;1mSELECT count(*) AS count_all FROM "impressions" WHERE ("impressions".listing_id = 104521) [0m
  [4;35;1mAnalyzing  Execution Time: 0.153166

[0m   [0mAggregate  (cost=12714.08..12714.09 rows=1 width=0)
   ->  Seq Scan on impressions  (cost=0.00..12714.00 rows=31 width=0)
         Filter: (listing_id = 104521)
[0m
  [4;36;1mSQL (8.5ms)[0m   [0;1mSELECT count(*) AS count_all FROM "clicks" WHERE ("clicks".listing_id = 104521) [0m
  [4;35;1mAnalyzing  Execution Time: 0.008713

[0m   [0mAggregate  (cost=814.47..814.48 rows=1 width=0)
   ->  Seq Scan on clicks  (cost=0.00..814.46 rows=2 width=0)
         Filter: (listing_id = 104521)
[0m
  [4;36;1mSQL (2.0ms)[0m   [0;1mSELECT count(*) AS count_all FROM "listings" WHERE ("listings".user_id = 25497) [0m
  [4;35;1mAnalyzing  Execution Time: 0.002228

[0m   [0mAggregate  (cost=1615.81..1615.82 rows=1 width=0)
   ->  Index Scan using index_listings_on_id_and_user_id_and_title on listings  (cost=0.00..1615.79 rows=4 width=0)
         Index Cond: (user_id = 25497)
[0m
  [4;36;1mListing Load (3.0ms)[0m   [0;1mSELECT * FROM "listings" WHERE ("listings".user_id = 25497) [0m
  [4;35;1mAnalyzing Listing Load Execution Time: 0.003809

[0m   [0mIndex Scan using index_listings_on_id_and_user_id_and_title on listings  (cost=0.00..1615.79 rows=4 width=1172)
   Index Cond: (user_id = 25497)
[0m
  [4;36;1mSQL (149.4ms)[0m   [0;1mSELECT count(*) AS count_all FROM "impressions" WHERE ("impressions".listing_id = 76711) [0m
  [4;35;1mAnalyzing  Execution Time: 0.149706

[0m   [0mAggregate  (cost=12714.08..12714.09 rows=1 width=0)
   ->  Seq Scan on impressions  (cost=0.00..12714.00 rows=31 width=0)
         Filter: (listing_id = 76711)
[0m
  [4;36;1mSQL (8.4ms)[0m   [0;1mSELECT count(*) AS count_all FROM "clicks" WHERE ("clicks".listing_id = 76711) [0m
  [4;35;1mAnalyzing  Execution Time: 0.00877

[0m   [0mAggregate  (cost=814.47..814.48 rows=1 width=0)
   ->  Seq Scan on clicks  (cost=0.00..814.46 rows=2 width=0)
         Filter: (listing_id = 76711)
[0m
  [4;36;1mSQL (3.0ms)[0m   [0;1mSELECT count(*) AS count_all FROM "listings" WHERE ("listings".user_id = 25498) [0m
  [4;35;1mAnalyzing  Execution Time: 0.00333

[0m   [0mAggregate  (cost=1615.81..1615.82 rows=1 width=0)
   ->  Index Scan using index_listings_on_id_and_user_id_and_title on listings  (cost=0.00..1615.79 rows=4 width=0)
         Index Cond: (user_id = 25498)
[0m
  [4;36;1mListing Load (4.8ms)[0m   [0;1mSELECT * FROM "listings" WHERE ("listings".user_id = 25498) [0m
  [4;35;1mAnalyzing Listing Load Execution Time: 0.052677

[0m   [0mIndex Scan using index_listings_on_id_and_user_id_and_title on listings  (cost=0.00..1615.79 rows=4 width=1172)
   Index Cond: (user_id = 25498)
[0m
  [4;36;1mSQL (161.3ms)[0m   [0;1mSELECT count(*) AS count_all FROM "impressions" WHERE ("impressions".listing_id = 64852) [0m
  [4;35;1mAnalyzing  Execution Time: 0.161588

[0m   [0mAggregate  (cost=12714.08..12714.09 rows=1 width=0)
   ->  Seq Scan on impressions  (cost=0.00..12714.00 rows=31 width=0)
         Filter: (listing_id = 64852)
[0m
  [4;36;1mSQL (158.3ms)[0m   [0;1mSELECT count(*) AS count_all FROM "impressions" WHERE ("impressions".listing_id = 66139) [0m
  [4;35;1mAnalyzing  Execution Time: 0.158518

[0m   [0mAggregate  (cost=12714.08..12714.09 rows=1 width=0)
   ->  Seq Scan on impressions  (cost=0.00..12714.00 rows=31 width=0)
         Filter: (listing_id = 66139)
[0m
  [4;36;1mSQL (147.2ms)[0m   [0;1mSELECT count(*) AS count_all FROM "impressions" WHERE ("impressions".listing_id = 66213) [0m
  [4;35;1mAnalyzing  Execution Time: 0.14751

[0m   [0mAggregate  (cost=12714.08..12714.09 rows=1 width=0)
   ->  Seq Scan on impressions  (cost=0.00..12714.00 rows=31 width=0)
         Filter: (listing_id = 66213)
[0m
  [4;36;1mSQL (150.3ms)[0m   [0;1mSELECT count(*) AS count_all FROM "impressions" WHERE ("impressions".listing_id = 66645) [0m
  [4;35;1mAnalyzing  Execution Time: 0.150609

[0m   [0mAggregate  (cost=12714.08..12714.09 rows=1 width=0)
   ->  Seq Scan on impressions  (cost=0.00..12714.00 rows=31 width=0)
         Filter: (listing_id = 66645)
[0m
  [4;36;1mSQL (151.5ms)[0m   [0;1mSELECT count(*) AS count_all FROM "impressions" WHERE ("impressions".listing_id = 66646) [0m
  [4;35;1mAnalyzing  Execution Time: 0.151774

[0m   [0mAggregate  (cost=12714.08..12714.09 rows=1 width=0)
   ->  Seq Scan on impressions  (cost=0.00..12714.00 rows=31 width=0)
         Filter: (listing_id = 66646)
[0m
  [4;36;1mSQL (151.1ms)[0m   [0;1mSELECT count(*) AS count_all FROM "impressions" WHERE ("impressions".listing_id = 67739) [0m
  [4;35;1mAnalyzing  Execution Time: 0.151384

[0m   [0mAggregate  (cost=12714.08..12714.09 rows=1 width=0)
   ->  Seq Scan on impressions  (cost=0.00..12714.00 rows=31 width=0)
         Filter: (listing_id = 67739)
[0m
  [4;36;1mSQL (157.0ms)[0m   [0;1mSELECT count(*) AS count_all FROM "impressions" WHERE ("impressions".listing_id = 67740) [0m
  [4;35;1mAnalyzing  Execution Time: 0.15721

[0m   [0mAggregate  (cost=12714.08..12714.09 rows=1 width=0)
   ->  Seq Scan on impressions  (cost=0.00..12714.00 rows=31 width=0)
         Filter: (listing_id = 67740)
[0m
  [4;36;1mSQL (150.9ms)[0m   [0;1mSELECT count(*) AS count_all FROM "impressions" WHERE ("impressions".listing_id = 69903) [0m
  [4;35;1mAnalyzing  Execution Time: 0.151119

[0m   [0mAggregate  (cost=12714.08..12714.09 rows=1 width=0)
   ->  Seq Scan on impressions  (cost=0.00..12714.00 rows=31 width=0)
         Filter: (listing_id = 69903)
[0m
  [4;36;1mSQL (150.7ms)[0m   [0;1mSELECT count(*) AS count_all FROM "impressions" WHERE ("impressions".listing_id = 70097) [0m
  [4;35;1mAnalyzing  Execution Time: 0.150981

[0m   [0mAggregate  (cost=12714.08..12714.09 rows=1 width=0)
   ->  Seq Scan on impressions  (cost=0.00..12714.00 rows=31 width=0)
         Filter: (listing_id = 70097)
[0m
  [4;36;1mSQL (171.5ms)[0m   [0;1mSELECT count(*) AS count_all FROM "impressions" WHERE ("impressions".listing_id = 71596) [0m
  [4;35;1mAnalyzing  Execution Time: 0.171883

[0m   [0mAggregate  (cost=12714.08..12714.09 rows=1 width=0)
   ->  Seq Scan on impressions  (cost=0.00..12714.00 rows=31 width=0)
         Filter: (listing_id = 71596)
[0m
  [4;36;1mSQL (153.6ms)[0m   [0;1mSELECT count(*) AS count_all FROM "impressions" WHERE ("impressions".listing_id = 71597) [0m
  [4;35;1mAnalyzing  Execution Time: 0.153907

[0m   [0mAggregate  (cost=12714.08..12714.09 rows=1 width=0)
   ->  Seq Scan on impressions  (cost=0.00..12714.00 rows=31 width=0)
         Filter: (listing_id = 71597)
[0m
  [4;36;1mSQL (145.9ms)[0m   [0;1mSELECT count(*) AS count_all FROM "impressions" WHERE ("impressions".listing_id = 71598) [0m
  [4;35;1mAnalyzing  Execution Time: 0.146184

[0m   [0mAggregate  (cost=12714.08..12714.09 rows=1 width=0)
   ->  Seq Scan on impressions  (cost=0.00..12714.00 rows=31 width=0)
         Filter: (listing_id = 71598)
[0m
  [4;36;1mSQL (146.8ms)[0m   [0;1mSELECT count(*) AS count_all FROM "impressions" WHERE ("impressions".listing_id = 71599) [0m
  [4;35;1mAnalyzing  Execution Time: 0.147048

[0m   [0mAggregate  (cost=12714.08..12714.09 rows=1 width=0)
   ->  Seq Scan on impressions  (cost=0.00..12714.00 rows=31 width=0)
         Filter: (listing_id = 71599)
[0m
  [4;36;1mSQL (149.5ms)[0m   [0;1mSELECT count(*) AS count_all FROM "impressions" WHERE ("impressions".listing_id = 71600) [0m
  [4;35;1mAnalyzing  Execution Time: 0.14979

[0m   [0mAggregate  (cost=12714.08..12714.09 rows=1 width=0)
   ->  Seq Scan on impressions  (cost=0.00..12714.00 rows=31 width=0)
         Filter: (listing_id = 71600)
[0m
  [4;36;1mSQL (147.1ms)[0m   [0;1mSELECT count(*) AS count_all FROM "impressions" WHERE ("impressions".listing_id = 71601) [0m
  [4;35;1mAnalyzing  Execution Time: 0.147349

[0m   [0mAggregate  (cost=12714.08..12714.09 rows=1 width=0)
   ->  Seq Scan on impressions  (cost=0.00..12714.00 rows=31 width=0)
         Filter: (listing_id = 71601)
[0m
  [4;36;1mSQL (147.1ms)[0m   [0;1mSELECT count(*) AS count_all FROM "impressions" WHERE ("impressions".listing_id = 71602) [0m
  [4;35;1mAnalyzing  Execution Time: 0.147339

[0m   [0mAggregate  (cost=12714.08..12714.09 rows=1 width=0)
   ->  Seq Scan on impressions  (cost=0.00..12714.00 rows=31 width=0)
         Filter: (listing_id = 71602)
[0m
  [4;36;1mSQL (157.4ms)[0m   [0;1mSELECT count(*) AS count_all FROM "impressions" WHERE ("impressions".listing_id = 71603) [0m
  [4;35;1mAnalyzing  Execution Time: 0.157665

[0m   [0mAggregate  (cost=12714.08..12714.09 rows=1 width=0)
   ->  Seq Scan on impressions  (cost=0.00..12714.00 rows=31 width=0)
         Filter: (listing_id = 71603)
[0m
  [4;36;1mSQL (151.7ms)[0m   [0;1mSELECT count(*) AS count_all FROM "impressions" WHERE ("impressions".listing_id = 71604) [0m
  [4;35;1mAnalyzing  Execution Time: 0.152

[0m   [0mAggregate  (cost=12714.08..12714.09 rows=1 width=0)
   ->  Seq Scan on impressions  (cost=0.00..12714.00 rows=31 width=0)
         Filter: (listing_id = 71604)
[0m
  [4;36;1mSQL (150.2ms)[0m   [0;1mSELECT count(*) AS count_all FROM "impressions" WHERE ("impressions".listing_id = 71605) [0m
  [4;35;1mAnalyzing  Execution Time: 0.150519

[0m   [0mAggregate  (cost=12714.08..12714.09 rows=1 width=0)
   ->  Seq Scan on impressions  (cost=0.00..12714.00 rows=31 width=0)
         Filter: (listing_id = 71605)
[0m
  [4;36;1mSQL (276.9ms)[0m   [0;1mSELECT count(*) AS count_all FROM "impressions" WHERE ("impressions".listing_id = 71606) [0m
  [4;35;1mAnalyzing  Execution Time: 0.277241

[0m   [0mAggregate  (cost=12714.08..12714.09 rows=1 width=0)
   ->  Seq Scan on impressions  (cost=0.00..12714.00 rows=31 width=0)
         Filter: (listing_id = 71606)
[0m
  [4;36;1mSQL (169.0ms)[0m   [0;1mSELECT count(*) AS count_all FROM "impressions" WHERE ("impressions".listing_id = 71607) [0m
  [4;35;1mAnalyzing  Execution Time: 0.169297

[0m   [0mAggregate  (cost=12714.08..12714.09 rows=1 width=0)
   ->  Seq Scan on impressions  (cost=0.00..12714.00 rows=31 width=0)
         Filter: (listing_id = 71607)
[0m
  [4;36;1mSQL (140.0ms)[0m   [0;1mSELECT count(*) AS count_all FROM "impressions" WHERE ("impressions".listing_id = 71608) [0m
  [4;35;1mAnalyzing  Execution Time: 0.14026

[0m   [0mAggregate  (cost=12714.08..12714.09 rows=1 width=0)
   ->  Seq Scan on impressions  (cost=0.00..12714.00 rows=31 width=0)
         Filter: (listing_id = 71608)
[0m
  [4;36;1mSQL (152.1ms)[0m   [0;1mSELECT count(*) AS count_all FROM "impressions" WHERE ("impressions".listing_id = 71609) [0m
  [4;35;1mAnalyzing  Execution Time: 0.152437

[0m   [0mAggregate  (cost=12714.08..12714.09 rows=1 width=0)
   ->  Seq Scan on impressions  (cost=0.00..12714.00 rows=31 width=0)
         Filter: (listing_id = 71609)
[0m
  [4;36;1mSQL (147.7ms)[0m   [0;1mSELECT count(*) AS count_all FROM "impressions" WHERE ("impressions".listing_id = 71611) [0m
  [4;35;1mAnalyzing  Execution Time: 0.148001

[0m   [0mAggregate  (cost=12714.08..12714.09 rows=1 width=0)
   ->  Seq Scan on impressions  (cost=0.00..12714.00 rows=31 width=0)
         Filter: (listing_id = 71611)
[0m
  [4;36;1mSQL (158.7ms)[0m   [0;1mSELECT count(*) AS count_all FROM "impressions" WHERE ("impressions".listing_id = 71612) [0m
  [4;35;1mAnalyzing  Execution Time: 0.158957

[0m   [0mAggregate  (cost=12714.08..12714.09 rows=1 width=0)
   ->  Seq Scan on impressions  (cost=0.00..12714.00 rows=31 width=0)
         Filter: (listing_id = 71612)
[0m
  [4;36;1mSQL (146.5ms)[0m   [0;1mSELECT count(*) AS count_all FROM "impressions" WHERE ("impressions".listing_id = 71613) [0m
  [4;35;1mAnalyzing  Execution Time: 0.369518

[0m   [0mAggregate  (cost=12714.08..12714.09 rows=1 width=0)
   ->  Seq Scan on impressions  (cost=0.00..12714.00 rows=31 width=0)
         Filter: (listing_id = 71613)
[0m
  [4;36;1mSQL (146.4ms)[0m   [0;1mSELECT count(*) AS count_all FROM "impressions" WHERE ("impressions".listing_id = 71614) [0m
  [4;35;1mAnalyzing  Execution Time: 0.146702

[0m   [0mAggregate  (cost=12714.08..12714.09 rows=1 width=0)
   ->  Seq Scan on impressions  (cost=0.00..12714.00 rows=31 width=0)
         Filter: (listing_id = 71614)
[0m
  [4;36;1mSQL (209.6ms)[0m   [0;1mSELECT count(*) AS count_all FROM "impressions" WHERE ("impressions".listing_id = 71615) [0m
  [4;35;1mAnalyzing  Execution Time: 0.209864

[0m   [0mAggregate  (cost=12714.08..12714.09 rows=1 width=0)
   ->  Seq Scan on impressions  (cost=0.00..12714.00 rows=31 width=0)
         Filter: (listing_id = 71615)
[0m
  [4;36;1mSQL (165.3ms)[0m   [0;1mSELECT count(*) AS count_all FROM "impressions" WHERE ("impressions".listing_id = 71616) [0m
  [4;35;1mAnalyzing  Execution Time: 0.165589

[0m   [0mAggregate  (cost=12714.08..12714.09 rows=1 width=0)
   ->  Seq Scan on impressions  (cost=0.00..12714.00 rows=31 width=0)
         Filter: (listing_id = 71616)
[0m
  [4;36;1mSQL (212.5ms)[0m   [0;1mSELECT count(*) AS count_all FROM "impressions" WHERE ("impressions".listing_id = 71617) [0m
  [4;35;1mAnalyzing  Execution Time: 0.212823

[0m   [0mAggregate  (cost=12714.08..12714.09 rows=1 width=0)
   ->  Seq Scan on impressions  (cost=0.00..12714.00 rows=31 width=0)
         Filter: (listing_id = 71617)
[0m
  [4;36;1mSQL (289.2ms)[0m   [0;1mSELECT count(*) AS count_all FROM "impressions" WHERE ("impressions".listing_id = 71618) [0m
  [4;35;1mAnalyzing  Execution Time: 0.289476

[0m   [0mAggregate  (cost=12714.08..12714.09 rows=1 width=0)
   ->  Seq Scan on impressions  (cost=0.00..12714.00 rows=31 width=0)
         Filter: (listing_id = 71618)
[0m
  [4;36;1mSQL (413.8ms)[0m   [0;1mSELECT count(*) AS count_all FROM "impressions" WHERE ("impressions".listing_id = 71619) [0m
  [4;35;1mAnalyzing  Execution Time: 0.414313

[0m   [0mAggregate  (cost=12714.08..12714.09 rows=1 width=0)
   ->  Seq Scan on impressions  (cost=0.00..12714.00 rows=31 width=0)
         Filter: (listing_id = 71619)
[0m
  [4;36;1mSQL (187.6ms)[0m   [0;1mSELECT count(*) AS count_all FROM "impressions" WHERE ("impressions".listing_id = 71620) [0m
  [4;35;1mAnalyzing  Execution Time: 0.187885

[0m   [0mAggregate  (cost=12714.08..12714.09 rows=1 width=0)
   ->  Seq Scan on impressions  (cost=0.00..12714.00 rows=31 width=0)
         Filter: (listing_id = 71620)
[0m
  [4;36;1mSQL (169.1ms)[0m   [0;1mSELECT count(*) AS count_all FROM "impressions" WHERE ("impressions".listing_id = 71621) [0m
  [4;35;1mAnalyzing  Execution Time: 0.169385

[0m   [0mAggregate  (cost=12714.08..12714.09 rows=1 width=0)
   ->  Seq Scan on impressions  (cost=0.00..12714.00 rows=31 width=0)
         Filter: (listing_id = 71621)
[0m
  [4;36;1mSQL (173.3ms)[0m   [0;1mSELECT count(*) AS count_all FROM "impressions" WHERE ("impressions".listing_id = 71622) [0m
  [4;35;1mAnalyzing  Execution Time: 0.173613

[0m   [0mAggregate  (cost=12714.08..12714.09 rows=1 width=0)
   ->  Seq Scan on impressions  (cost=0.00..12714.00 rows=31 width=0)
         Filter: (listing_id = 71622)
[0m
  [4;36;1mSQL (184.2ms)[0m   [0;1mSELECT count(*) AS count_all FROM "impressions" WHERE ("impressions".listing_id = 72476) [0m
  [4;35;1mAnalyzing  Execution Time: 0.184571

[0m   [0mAggregate  (cost=12714.08..12714.09 rows=1 width=0)
   ->  Seq Scan on impressions  (cost=0.00..12714.00 rows=31 width=0)
         Filter: (listing_id = 72476)
[0m
  [4;36;1mSQL (183.7ms)[0m   [0;1mSELECT count(*) AS count_all FROM "impressions" WHERE ("impressions".listing_id = 72477) [0m
  [4;35;1mAnalyzing  Execution Time: 0.183998

[0m   [0mAggregate  (cost=12714.08..12714.09 rows=1 width=0)
   ->  Seq Scan on impressions  (cost=0.00..12714.00 rows=31 width=0)
         Filter: (listing_id = 72477)
[0m
  [4;36;1mSQL (172.8ms)[0m   [0;1mSELECT count(*) AS count_all FROM "impressions" WHERE ("impressions".listing_id = 72478) [0m
  [4;35;1mAnalyzing  Execution Time: 0.173062

[0m   [0mAggregate  (cost=12714.08..12714.09 rows=1 width=0)
   ->  Seq Scan on impressions  (cost=0.00..12714.00 rows=31 width=0)
         Filter: (listing_id = 72478)
[0m
  [4;36;1mSQL (179.3ms)[0m   [0;1mSELECT count(*) AS count_all FROM "impressions" WHERE ("impressions".listing_id = 72479) [0m
  [4;35;1mAnalyzing  Execution Time: 0.179643

[0m   [0mAggregate  (cost=12714.08..12714.09 rows=1 width=0)
   ->  Seq Scan on impressions  (cost=0.00..12714.00 rows=31 width=0)
         Filter: (listing_id = 72479)
[0m
  [4;36;1mSQL (188.1ms)[0m   [0;1mSELECT count(*) AS count_all FROM "impressions" WHERE ("impressions".listing_id = 73123) [0m
  [4;35;1mAnalyzing  Execution Time: 0.188404

[0m   [0mAggregate  (cost=12714.08..12714.09 rows=1 width=0)
   ->  Seq Scan on impressions  (cost=0.00..12714.00 rows=31 width=0)
         Filter: (listing_id = 73123)
[0m
  [4;36;1mSQL (181.4ms)[0m   [0;1mSELECT count(*) AS count_all FROM "impressions" WHERE ("impressions".listing_id = 73125) [0m
  [4;35;1mAnalyzing  Execution Time: 0.181682

[0m   [0mAggregate  (cost=12714.08..12714.09 rows=1 width=0)
   ->  Seq Scan on impressions  (cost=0.00..12714.00 rows=31 width=0)
         Filter: (listing_id = 73125)
[0m
  [4;36;1mSQL (173.5ms)[0m   [0;1mSELECT count(*) AS count_all FROM "impressions" WHERE ("impressions".listing_id = 73244) [0m
  [4;35;1mAnalyzing  Execution Time: 0.173803

[0m   [0mAggregate  (cost=12714.08..12714.09 rows=1 width=0)
   ->  Seq Scan on impressions  (cost=0.00..12714.00 rows=31 width=0)
         Filter: (listing_id = 73244)
[0m
  [4;36;1mSQL (166.4ms)[0m   [0;1mSELECT count(*) AS count_all FROM "impressions" WHERE ("impressions".listing_id = 74582) [0m
  [4;35;1mAnalyzing  Execution Time: 0.166687

[0m   [0mAggregate  (cost=12714.08..12714.09 rows=1 width=0)
   ->  Seq Scan on impressions  (cost=0.00..12714.00 rows=31 width=0)
         Filter: (listing_id = 74582)
[0m
  [4;36;1mSQL (165.1ms)[0m   [0;1mSELECT count(*) AS count_all FROM "impressions" WHERE ("impressions".listing_id = 74583) [0m
  [4;35;1mAnalyzing  Execution Time: 0.165341

[0m   [0mAggregate  (cost=12714.08..12714.09 rows=1 width=0)
   ->  Seq Scan on impressions  (cost=0.00..12714.00 rows=31 width=0)
         Filter: (listing_id = 74583)
[0m
  [4;36;1mSQL (173.3ms)[0m   [0;1mSELECT count(*) AS count_all FROM "impressions" WHERE ("impressions".listing_id = 74584) [0m
  [4;35;1mAnalyzing  Execution Time: 0.173521

[0m   [0mAggregate  (cost=12714.08..12714.09 rows=1 width=0)
   ->  Seq Scan on impressions  (cost=0.00..12714.00 rows=31 width=0)
         Filter: (listing_id = 74584)
[0m
  [4;36;1mSQL (197.8ms)[0m   [0;1mSELECT count(*) AS count_all FROM "impressions" WHERE ("impressions".listing_id = 74585) [0m
  [4;35;1mAnalyzing  Execution Time: 0.198132

[0m   [0mAggregate  (cost=12714.08..12714.09 rows=1 width=0)
   ->  Seq Scan on impressions  (cost=0.00..12714.00 rows=31 width=0)
         Filter: (listing_id = 74585)
[0m
  [4;36;1mSQL (189.4ms)[0m   [0;1mSELECT count(*) AS count_all FROM "impressions" WHERE ("impressions".listing_id = 74586) [0m
  [4;35;1mAnalyzing  Execution Time: 0.189639

[0m   [0mAggregate  (cost=12714.08..12714.09 rows=1 width=0)
   ->  Seq Scan on impressions  (cost=0.00..12714.00 rows=31 width=0)
         Filter: (listing_id = 74586)
[0m
  [4;36;1mSQL (170.7ms)[0m   [0;1mSELECT count(*) AS count_all FROM "impressions" WHERE ("impressions".listing_id = 74587) [0m
  [4;35;1mAnalyzing  Execution Time: 0.171049

[0m   [0mAggregate  (cost=12714.08..12714.09 rows=1 width=0)
   ->  Seq Scan on impressions  (cost=0.00..12714.00 rows=31 width=0)
         Filter: (listing_id = 74587)
[0m
  [4;36;1mSQL (256.0ms)[0m   [0;1mSELECT count(*) AS count_all FROM "impressions" WHERE ("impressions".listing_id = 74588) [0m
  [4;35;1mAnalyzing  Execution Time: 0.256303

[0m   [0mAggregate  (cost=12714.08..12714.09 rows=1 width=0)
   ->  Seq Scan on impressions  (cost=0.00..12714.00 rows=31 width=0)
         Filter: (listing_id = 74588)
[0m
  [4;36;1mSQL (199.6ms)[0m   [0;1mSELECT count(*) AS count_all FROM "impressions" WHERE ("impressions".listing_id = 74589) [0m
  [4;35;1mAnalyzing  Execution Time: 0.199965

[0m   [0mAggregate  (cost=12714.08..12714.09 rows=1 width=0)
   ->  Seq Scan on impressions  (cost=0.00..12714.00 rows=31 width=0)
         Filter: (listing_id = 74589)
[0m
  [4;36;1mSQL (175.7ms)[0m   [0;1mSELECT count(*) AS count_all FROM "impressions" WHERE ("impressions".listing_id = 74590) [0m
  [4;35;1mAnalyzing  Execution Time: 0.175992

[0m   [0mAggregate  (cost=12714.08..12714.09 rows=1 width=0)
   ->  Seq Scan on impressions  (cost=0.00..12714.00 rows=31 width=0)
         Filter: (listing_id = 74590)
[0m
  [4;36;1mSQL (158.3ms)[0m   [0;1mSELECT count(*) AS count_all FROM "impressions" WHERE ("impressions".listing_id = 74592) [0m
  [4;35;1mAnalyzing  Execution Time: 0.158741

[0m   [0mAggregate  (cost=12714.08..12714.09 rows=1 width=0)
   ->  Seq Scan on impressions  (cost=0.00..12714.00 rows=31 width=0)
         Filter: (listing_id = 74592)
[0m
  [4;36;1mSQL (160.6ms)[0m   [0;1mSELECT count(*) AS count_all FROM "impressions" WHERE ("impressions".listing_id = 75931) [0m
  [4;35;1mAnalyzing  Execution Time: 0.160897

[0m   [0mAggregate  (cost=12714.08..12714.09 rows=1 width=0)
   ->  Seq Scan on impressions  (cost=0.00..12714.00 rows=31 width=0)
         Filter: (listing_id = 75931)
[0m
  [4;36;1mSQL (185.5ms)[0m   [0;1mSELECT count(*) AS count_all FROM "impressions" WHERE ("impressions".listing_id = 75932) [0m
  [4;35;1mAnalyzing  Execution Time: 0.185777

[0m   [0mAggregate  (cost=12714.08..12714.09 rows=1 width=0)
   ->  Seq Scan on impressions  (cost=0.00..12714.00 rows=31 width=0)
         Filter: (listing_id = 75932)
[0m
  [4;36;1mSQL (174.7ms)[0m   [0;1mSELECT count(*) AS count_all FROM "impressions" WHERE ("impressions".listing_id = 75933) [0m
  [4;35;1mAnalyzing  Execution Time: 0.174997

[0m   [0mAggregate  (cost=12714.08..12714.09 rows=1 width=0)
   ->  Seq Scan on impressions  (cost=0.00..12714.00 rows=31 width=0)
         Filter: (listing_id = 75933)
[0m
  [4;36;1mSQL (172.0ms)[0m   [0;1mSELECT count(*) AS count_all FROM "impressions" WHERE ("impressions".listing_id = 75934) [0m
  [4;35;1mAnalyzing  Execution Time: 0.172306

[0m   [0mAggregate  (cost=12714.08..12714.09 rows=1 width=0)
   ->  Seq Scan on impressions  (cost=0.00..12714.00 rows=31 width=0)
         Filter: (listing_id = 75934)
[0m
  [4;36;1mSQL (244.8ms)[0m   [0;1mSELECT count(*) AS count_all FROM "impressions" WHERE ("impressions".listing_id = 75935) [0m
  [4;35;1mAnalyzing  Execution Time: 0.245118

[0m   [0mAggregate  (cost=12714.08..12714.09 rows=1 width=0)
   ->  Seq Scan on impressions  (cost=0.00..12714.00 rows=31 width=0)
         Filter: (listing_id = 75935)
[0m
  [4;36;1mSQL (275.0ms)[0m   [0;1mSELECT count(*) AS count_all FROM "impressions" WHERE ("impressions".listing_id = 75936) [0m
  [4;35;1mAnalyzing  Execution Time: 0.275241

[0m   [0mAggregate  (cost=12714.08..12714.09 rows=1 width=0)
   ->  Seq Scan on impressions  (cost=0.00..12714.00 rows=31 width=0)
         Filter: (listing_id = 75936)
[0m
  [4;36;1mSQL (161.1ms)[0m   [0;1mSELECT count(*) AS count_all FROM "impressions" WHERE ("impressions".listing_id = 75937) [0m
  [4;35;1mAnalyzing  Execution Time: 0.161704

[0m   [0mAggregate  (cost=12714.08..12714.09 rows=1 width=0)
   ->  Seq Scan on impressions  (cost=0.00..12714.00 rows=31 width=0)
         Filter: (listing_id = 75937)
[0m
  [4;36;1mSQL (160.6ms)[0m   [0;1mSELECT count(*) AS count_all FROM "impressions" WHERE ("impressions".listing_id = 75938) [0m
  [4;35;1mAnalyzing  Execution Time: 0.160864

[0m   [0mAggregate  (cost=12714.08..12714.09 rows=1 width=0)
   ->  Seq Scan on impressions  (cost=0.00..12714.00 rows=31 width=0)
         Filter: (listing_id = 75938)
[0m
  [4;36;1mSQL (149.0ms)[0m   [0;1mSELECT count(*) AS count_all FROM "impressions" WHERE ("impressions".listing_id = 75939) [0m
  [4;35;1mAnalyzing  Execution Time: 0.149271

[0m   [0mAggregate  (cost=12714.08..12714.09 rows=1 width=0)
   ->  Seq Scan on impressions  (cost=0.00..12714.00 rows=31 width=0)
         Filter: (listing_id = 75939)
[0m
  [4;36;1mSQL (145.8ms)[0m   [0;1mSELECT count(*) AS count_all FROM "impressions" WHERE ("impressions".listing_id = 75940) [0m
  [4;35;1mAnalyzing  Execution Time: 0.146025

[0m   [0mAggregate  (cost=12714.08..12714.09 rows=1 width=0)
   ->  Seq Scan on impressions  (cost=0.00..12714.00 rows=31 width=0)
         Filter: (listing_id = 75940)
[0m
  [4;36;1mSQL (166.5ms)[0m   [0;1mSELECT count(*) AS count_all FROM "impressions" WHERE ("impressions".listing_id = 75941) [0m
  [4;35;1mAnalyzing  Execution Time: 0.166772

[0m   [0mAggregate  (cost=12714.08..12714.09 rows=1 width=0)
   ->  Seq Scan on impressions  (cost=0.00..12714.00 rows=31 width=0)
         Filter: (listing_id = 75941)
[0m
  [4;36;1mSQL (183.1ms)[0m   [0;1mSELECT count(*) AS count_all FROM "impressions" WHERE ("impressions".listing_id = 75942) [0m
  [4;35;1mAnalyzing  Execution Time: 0.183372

[0m   [0mAggregate  (cost=12714.08..12714.09 rows=1 width=0)
   ->  Seq Scan on impressions  (cost=0.00..12714.00 rows=31 width=0)
         Filter: (listing_id = 75942)
[0m
  [4;36;1mSQL (166.2ms)[0m   [0;1mSELECT count(*) AS count_all FROM "impressions" WHERE ("impressions".listing_id = 75943) [0m
  [4;35;1mAnalyzing  Execution Time: 0.166521

[0m   [0mAggregate  (cost=12714.08..12714.09 rows=1 width=0)
   ->  Seq Scan on impressions  (cost=0.00..12714.00 rows=31 width=0)
         Filter: (listing_id = 75943)
[0m
  [4;36;1mSQL (227.5ms)[0m   [0;1mSELECT count(*) AS count_all FROM "impressions" WHERE ("impressions".listing_id = 75944) [0m
  [4;35;1mAnalyzing  Execution Time: 0.227748

[0m   [0mAggregate  (cost=12714.08..12714.09 rows=1 width=0)
   ->  Seq Scan on impressions  (cost=0.00..12714.00 rows=31 width=0)
         Filter: (listing_id = 75944)
[0m
  [4;36;1mSQL (165.7ms)[0m   [0;1mSELECT count(*) AS count_all FROM "impressions" WHERE ("impressions".listing_id = 75945) [0m
  [4;35;1mAnalyzing  Execution Time: 0.165967

[0m   [0mAggregate  (cost=12714.08..12714.09 rows=1 width=0)
   ->  Seq Scan on impressions  (cost=0.00..12714.00 rows=31 width=0)
         Filter: (listing_id = 75945)
[0m
  [4;36;1mSQL (185.0ms)[0m   [0;1mSELECT count(*) AS count_all FROM "impressions" WHERE ("impressions".listing_id = 75946) [0m
  [4;35;1mAnalyzing  Execution Time: 0.18556

[0m   [0mAggregate  (cost=12714.08..12714.09 rows=1 width=0)
   ->  Seq Scan on impressions  (cost=0.00..12714.00 rows=31 width=0)
         Filter: (listing_id = 75946)
[0m
  [4;36;1mSQL (195.5ms)[0m   [0;1mSELECT count(*) AS count_all FROM "impressions" WHERE ("impressions".listing_id = 75947) [0m
  [4;35;1mAnalyzing  Execution Time: 0.195803

[0m   [0mAggregate  (cost=12714.08..12714.09 rows=1 width=0)
   ->  Seq Scan on impressions  (cost=0.00..12714.00 rows=31 width=0)
         Filter: (listing_id = 75947)
[0m
  [4;36;1mSQL (166.4ms)[0m   [0;1mSELECT count(*) AS count_all FROM "impressions" WHERE ("impressions".listing_id = 75948) [0m
  [4;35;1mAnalyzing  Execution Time: 0.166642

[0m   [0mAggregate  (cost=12714.08..12714.09 rows=1 width=0)
   ->  Seq Scan on impressions  (cost=0.00..12714.00 rows=31 width=0)
         Filter: (listing_id = 75948)
[0m
  [4;36;1mSQL (164.5ms)[0m   [0;1mSELECT count(*) AS count_all FROM "impressions" WHERE ("impressions".listing_id = 76467) [0m
  [4;35;1mAnalyzing  Execution Time: 0.164799

[0m   [0mAggregate  (cost=12714.08..12714.09 rows=1 width=0)
   ->  Seq Scan on impressions  (cost=0.00..12714.00 rows=31 width=0)
         Filter: (listing_id = 76467)
[0m
  [4;36;1mSQL (184.8ms)[0m   [0;1mSELECT count(*) AS count_all FROM "impressions" WHERE ("impressions".listing_id = 76704) [0m
  [4;35;1mAnalyzing  Execution Time: 0.185066

[0m   [0mAggregate  (cost=12714.08..12714.09 rows=1 width=0)
   ->  Seq Scan on impressions  (cost=0.00..12714.00 rows=31 width=0)
         Filter: (listing_id = 76704)
[0m
  [4;36;1mSQL (171.8ms)[0m   [0;1mSELECT count(*) AS count_all FROM "impressions" WHERE ("impressions".listing_id = 76705) [0m
  [4;35;1mAnalyzing  Execution Time: 0.172044

[0m   [0mAggregate  (cost=12714.08..12714.09 rows=1 width=0)
   ->  Seq Scan on impressions  (cost=0.00..12714.00 rows=31 width=0)
         Filter: (listing_id = 76705)
[0m
  [4;36;1mSQL (184.9ms)[0m   [0;1mSELECT count(*) AS count_all FROM "impressions" WHERE ("impressions".listing_id = 76707) [0m
  [4;35;1mAnalyzing  Execution Time: 0.185237

[0m   [0mAggregate  (cost=12714.08..12714.09 rows=1 width=0)
   ->  Seq Scan on impressions  (cost=0.00..12714.00 rows=31 width=0)
         Filter: (listing_id = 76707)
[0m
  [4;36;1mSQL (164.2ms)[0m   [0;1mSELECT count(*) AS count_all FROM "impressions" WHERE ("impressions".listing_id = 76708) [0m
  [4;35;1mAnalyzing  Execution Time: 0.164529

[0m   [0mAggregate  (cost=12714.08..12714.09 rows=1 width=0)
   ->  Seq Scan on impressions  (cost=0.00..12714.00 rows=31 width=0)
         Filter: (listing_id = 76708)
[0m
  [4;36;1mSQL (164.4ms)[0m   [0;1mSELECT count(*) AS count_all FROM "impressions" WHERE ("impressions".listing_id = 77314) [0m
  [4;35;1mAnalyzing  Execution Time: 0.164653

[0m   [0mAggregate  (cost=12714.08..12714.09 rows=1 width=0)
   ->  Seq Scan on impressions  (cost=0.00..12714.00 rows=31 width=0)
         Filter: (listing_id = 77314)
[0m
  [4;36;1mSQL (183.1ms)[0m   [0;1mSELECT count(*) AS count_all FROM "impressions" WHERE ("impressions".listing_id = 77315) [0m
  [4;35;1mAnalyzing  Execution Time: 0.183519

[0m   [0mAggregate  (cost=12714.08..12714.09 rows=1 width=0)
   ->  Seq Scan on impressions  (cost=0.00..12714.00 rows=31 width=0)
         Filter: (listing_id = 77315)
[0m
  [4;36;1mSQL (182.9ms)[0m   [0;1mSELECT count(*) AS count_all FROM "impressions" WHERE ("impressions".listing_id = 77316) [0m
  [4;35;1mAnalyzing  Execution Time: 0.183138

[0m   [0mAggregate  (cost=12714.08..12714.09 rows=1 width=0)
   ->  Seq Scan on impressions  (cost=0.00..12714.00 rows=31 width=0)
         Filter: (listing_id = 77316)
[0m
  [4;36;1mSQL (174.9ms)[0m   [0;1mSELECT count(*) AS count_all FROM "impressions" WHERE ("impressions".listing_id = 77317) [0m
  [4;35;1mAnalyzing  Execution Time: 0.17521

[0m   [0mAggregate  (cost=12714.08..12714.09 rows=1 width=0)
   ->  Seq Scan on impressions  (cost=0.00..12714.00 rows=31 width=0)
         Filter: (listing_id = 77317)
[0m
  [4;36;1mSQL (192.2ms)[0m   [0;1mSELECT count(*) AS count_all FROM "impressions" WHERE ("impressions".listing_id = 77319) [0m
  [4;35;1mAnalyzing  Execution Time: 0.192488

[0m   [0mAggregate  (cost=12714.08..12714.09 rows=1 width=0)
   ->  Seq Scan on impressions  (cost=0.00..12714.00 rows=31 width=0)
         Filter: (listing_id = 77319)
[0m
  [4;36;1mSQL (187.2ms)[0m   [0;1mSELECT count(*) AS count_all FROM "impressions" WHERE ("impressions".listing_id = 77320) [0m
  [4;35;1mAnalyzing  Execution Time: 0.187457

[0m   [0mAggregate  (cost=12714.08..12714.09 rows=1 width=0)
   ->  Seq Scan on impressions  (cost=0.00..12714.00 rows=31 width=0)
         Filter: (listing_id = 77320)
[0m
  [4;36;1mSQL (190.4ms)[0m   [0;1mSELECT count(*) AS count_all FROM "impressions" WHERE ("impressions".listing_id = 77869) [0m
  [4;35;1mAnalyzing  Execution Time: 0.190704

[0m   [0mAggregate  (cost=12714.08..12714.09 rows=1 width=0)
   ->  Seq Scan on impressions  (cost=0.00..12714.00 rows=31 width=0)
         Filter: (listing_id = 77869)
[0m
  [4;36;1mSQL (216.1ms)[0m   [0;1mSELECT count(*) AS count_all FROM "impressions" WHERE ("impressions".listing_id = 77870) [0m
  [4;35;1mAnalyzing  Execution Time: 0.216367

[0m   [0mAggregate  (cost=12714.08..12714.09 rows=1 width=0)
   ->  Seq Scan on impressions  (cost=0.00..12714.00 rows=31 width=0)
         Filter: (listing_id = 77870)
[0m
  [4;36;1mSQL (204.9ms)[0m   [0;1mSELECT count(*) AS count_all FROM "impressions" WHERE ("impressions".listing_id = 79597) [0m
  [4;35;1mAnalyzing  Execution Time: 0.205136

[0m   [0mAggregate  (cost=12714.08..12714.09 rows=1 width=0)
   ->  Seq Scan on impressions  (cost=0.00..12714.00 rows=31 width=0)
         Filter: (listing_id = 79597)
[0m
  [4;36;1mSQL (165.3ms)[0m   [0;1mSELECT count(*) AS count_all FROM "impressions" WHERE ("impressions".listing_id = 81093) [0m
  [4;35;1mAnalyzing  Execution Time: 0.165512

[0m   [0mAggregate  (cost=12714.08..12714.09 rows=1 width=0)
   ->  Seq Scan on impressions  (cost=0.00..12714.00 rows=31 width=0)
         Filter: (listing_id = 81093)
[0m
  [4;36;1mSQL (186.1ms)[0m   [0;1mSELECT count(*) AS count_all FROM "impressions" WHERE ("impressions".listing_id = 81094) [0m
  [4;35;1mAnalyzing  Execution Time: 0.186338

[0m   [0mAggregate  (cost=12714.08..12714.09 rows=1 width=0)
   ->  Seq Scan on impressions  (cost=0.00..12714.00 rows=31 width=0)
         Filter: (listing_id = 81094)
[0m
  [4;36;1mSQL (163.7ms)[0m   [0;1mSELECT count(*) AS count_all FROM "impressions" WHERE ("impressions".listing_id = 81095) [0m
  [4;35;1mAnalyzing  Execution Time: 0.163924

[0m   [0mAggregate  (cost=12714.08..12714.09 rows=1 width=0)
   ->  Seq Scan on impressions  (cost=0.00..12714.00 rows=31 width=0)
         Filter: (listing_id = 81095)
[0m
  [4;36;1mSQL (189.7ms)[0m   [0;1mSELECT count(*) AS count_all FROM "impressions" WHERE ("impressions".listing_id = 104250) [0m
  [4;35;1mAnalyzing  Execution Time: 0.18998

[0m   [0mAggregate  (cost=12714.08..12714.09 rows=1 width=0)
   ->  Seq Scan on impressions  (cost=0.00..12714.00 rows=31 width=0)
         Filter: (listing_id = 104250)
[0m
  [4;36;1mSQL (199.8ms)[0m   [0;1mSELECT count(*) AS count_all FROM "impressions" WHERE ("impressions".listing_id = 104251) [0m
  [4;35;1mAnalyzing  Execution Time: 0.200088

[0m   [0mAggregate  (cost=12714.08..12714.09 rows=1 width=0)
   ->  Seq Scan on impressions  (cost=0.00..12714.00 rows=31 width=0)
         Filter: (listing_id = 104251)
[0m
  [4;36;1mSQL (363.9ms)[0m   [0;1mSELECT count(*) AS count_all FROM "impressions" WHERE ("impressions".listing_id = 104252) [0m
  [4;35;1mAnalyzing  Execution Time: 0.364187

[0m   [0mAggregate  (cost=12714.08..12714.09 rows=1 width=0)
   ->  Seq Scan on impressions  (cost=0.00..12714.00 rows=31 width=0)
         Filter: (listing_id = 104252)
[0m
  [4;36;1mSQL (367.8ms)[0m   [0;1mSELECT count(*) AS count_all FROM "impressions" WHERE ("impressions".listing_id = 104253) [0m
  [4;35;1mAnalyzing  Execution Time: 0.368139

[0m   [0mAggregate  (cost=12714.08..12714.09 rows=1 width=0)
   ->  Seq Scan on impressions  (cost=0.00..12714.00 rows=31 width=0)
         Filter: (listing_id = 104253)
[0m
  [4;36;1mSQL (328.8ms)[0m   [0;1mSELECT count(*) AS count_all FROM "impressions" WHERE ("impressions".listing_id = 104254) [0m
  [4;35;1mAnalyzing  Execution Time: 0.329076

[0m   [0mAggregate  (cost=12714.08..12714.09 rows=1 width=0)
   ->  Seq Scan on impressions  (cost=0.00..12714.00 rows=31 width=0)
         Filter: (listing_id = 104254)
[0m
  [4;36;1mSQL (402.9ms)[0m   [0;1mSELECT count(*) AS count_all FROM "impressions" WHERE ("impressions".listing_id = 104255) [0m
  [4;35;1mAnalyzing  Execution Time: 0.403208

[0m   [0mAggregate  (cost=12714.08..12714.09 rows=1 width=0)
   ->  Seq Scan on impressions  (cost=0.00..12714.00 rows=31 width=0)
         Filter: (listing_id = 104255)
[0m
  [4;36;1mSQL (290.8ms)[0m   [0;1mSELECT count(*) AS count_all FROM "impressions" WHERE ("impressions".listing_id = 104256) [0m
  [4;35;1mAnalyzing  Execution Time: 0.291106

[0m   [0mAggregate  (cost=12714.08..12714.09 rows=1 width=0)
   ->  Seq Scan on impressions  (cost=0.00..12714.00 rows=31 width=0)
         Filter: (listing_id = 104256)
[0m
  [4;36;1mSQL (288.8ms)[0m   [0;1mSELECT count(*) AS count_all FROM "impressions" WHERE ("impressions".listing_id = 104257) [0m
  [4;35;1mAnalyzing  Execution Time: 0.289061

[0m   [0mAggregate  (cost=12714.08..12714.09 rows=1 width=0)
   ->  Seq Scan on impressions  (cost=0.00..12714.00 rows=31 width=0)
         Filter: (listing_id = 104257)
[0m
  [4;36;1mSQL (302.4ms)[0m   [0;1mSELECT count(*) AS count_all FROM "impressions" WHERE ("impressions".listing_id = 104259) [0m
  [4;35;1mAnalyzing  Execution Time: 0.302856

[0m   [0mAggregate  (cost=12714.08..12714.09 rows=1 width=0)
   ->  Seq Scan on impressions  (cost=0.00..12714.00 rows=31 width=0)
         Filter: (listing_id = 104259)
[0m
  [4;36;1mSQL (285.9ms)[0m   [0;1mSELECT count(*) AS count_all FROM "impressions" WHERE ("impressions".listing_id = 104260) [0m
  [4;35;1mAnalyzing  Execution Time: 0.286311

[0m   [0mAggregate  (cost=12714.08..12714.09 rows=1 width=0)
   ->  Seq Scan on impressions  (cost=0.00..12714.00 rows=31 width=0)
         Filter: (listing_id = 104260)
[0m
  [4;36;1mSQL (276.5ms)[0m   [0;1mSELECT count(*) AS count_all FROM "impressions" WHERE ("impressions".listing_id = 104261) [0m
  [4;35;1mAnalyzing  Execution Time: 0.276827

[0m   [0mAggregate  (cost=12714.08..12714.09 rows=1 width=0)
   ->  Seq Scan on impressions  (cost=0.00..12714.00 rows=31 width=0)
         Filter: (listing_id = 104261)
[0m
  [4;36;1mSQL (308.1ms)[0m   [0;1mSELECT count(*) AS count_all FROM "impressions" WHERE ("impressions".listing_id = 104262) [0m
  [4;35;1mAnalyzing  Execution Time: 0.308363

[0m   [0mAggregate  (cost=12714.08..12714.09 rows=1 width=0)
   ->  Seq Scan on impressions  (cost=0.00..12714.00 rows=31 width=0)
         Filter: (listing_id = 104262)
[0m
  [4;36;1mSQL (281.5ms)[0m   [0;1mSELECT count(*) AS count_all FROM "impressions" WHERE ("impressions".listing_id = 104263) [0m
  [4;35;1mAnalyzing  Execution Time: 0.281753

[0m   [0mAggregate  (cost=12714.08..12714.09 rows=1 width=0)
   ->  Seq Scan on impressions  (cost=0.00..12714.00 rows=31 width=0)
         Filter: (listing_id = 104263)
[0m
  [4;36;1mSQL (321.6ms)[0m   [0;1mSELECT count(*) AS count_all FROM "impressions" WHERE ("impressions".listing_id = 104264) [0m
  [4;35;1mAnalyzing  Execution Time: 0.321882

[0m   [0mAggregate  (cost=12714.08..12714.09 rows=1 width=0)
   ->  Seq Scan on impressions  (cost=0.00..12714.00 rows=31 width=0)
         Filter: (listing_id = 104264)
[0m
  [4;36;1mSQL (314.0ms)[0m   [0;1mSELECT count(*) AS count_all FROM "impressions" WHERE ("impressions".listing_id = 104265) [0m
  [4;35;1mAnalyzing  Execution Time: 0.314348

[0m   [0mAggregate  (cost=12714.08..12714.09 rows=1 width=0)
   ->  Seq Scan on impressions  (cost=0.00..12714.00 rows=31 width=0)
         Filter: (listing_id = 104265)
[0m
  [4;36;1mSQL (304.5ms)[0m   [0;1mSELECT count(*) AS count_all FROM "impressions" WHERE ("impressions".listing_id = 104266) [0m
  [4;35;1mAnalyzing  Execution Time: 0.304802

[0m   [0mAggregate  (cost=12714.08..12714.09 rows=1 width=0)
   ->  Seq Scan on impressions  (cost=0.00..12714.00 rows=31 width=0)
         Filter: (listing_id = 104266)
[0m
  [4;36;1mSQL (309.7ms)[0m   [0;1mSELECT count(*) AS count_all FROM "impressions" WHERE ("impressions".listing_id = 104267) [0m
  [4;35;1mAnalyzing  Execution Time: 0.310017

[0m   [0mAggregate  (cost=12714.08..12714.09 rows=1 width=0)
   ->  Seq Scan on impressions  (cost=0.00..12714.00 rows=31 width=0)
         Filter: (listing_id = 104267)
[0m
  [4;36;1mSQL (344.9ms)[0m   [0;1mSELECT count(*) AS count_all FROM "impressions" WHERE ("impressions".listing_id = 104269) [0m
  [4;35;1mAnalyzing  Execution Time: 0.345207

[0m   [0mAggregate  (cost=12714.08..12714.09 rows=1 width=0)
   ->  Seq Scan on impressions  (cost=0.00..12714.00 rows=31 width=0)
         Filter: (listing_id = 104269)
[0m
  [4;36;1mSQL (507.6ms)[0m   [0;1mSELECT count(*) AS count_all FROM "impressions" WHERE ("impressions".listing_id = 104274) [0m
  [4;35;1mAnalyzing  Execution Time: 0.507875

[0m   [0mAggregate  (cost=12714.08..12714.09 rows=1 width=0)
   ->  Seq Scan on impressions  (cost=0.00..12714.00 rows=31 width=0)
         Filter: (listing_id = 104274)
[0m
  [4;36;1mSQL (399.1ms)[0m   [0;1mSELECT count(*) AS count_all FROM "impressions" WHERE ("impressions".listing_id = 104275) [0m
  [4;35;1mAnalyzing  Execution Time: 0.399383

[0m   [0mAggregate  (cost=12714.08..12714.09 rows=1 width=0)
   ->  Seq Scan on impressions  (cost=0.00..12714.00 rows=31 width=0)
         Filter: (listing_id = 104275)
[0m
  [4;36;1mSQL (319.4ms)[0m   [0;1mSELECT count(*) AS count_all FROM "impressions" WHERE ("impressions".listing_id = 104276) [0m
  [4;35;1mAnalyzing  Execution Time: 0.319648

[0m   [0mAggregate  (cost=12714.08..12714.09 rows=1 width=0)
   ->  Seq Scan on impressions  (cost=0.00..12714.00 rows=31 width=0)
         Filter: (listing_id = 104276)
[0m
  [4;36;1mSQL (346.5ms)[0m   [0;1mSELECT count(*) AS count_all FROM "impressions" WHERE ("impressions".listing_id = 104278) [0m
  [4;35;1mAnalyzing  Execution Time: 0.346783

[0m   [0mAggregate  (cost=12714.08..12714.09 rows=1 width=0)
   ->  Seq Scan on impressions  (cost=0.00..12714.00 rows=31 width=0)
         Filter: (listing_id = 104278)
[0m
  [4;36;1mSQL (474.4ms)[0m   [0;1mSELECT count(*) AS count_all FROM "impressions" WHERE ("impressions".listing_id = 104279) [0m
  [4;35;1mAnalyzing  Execution Time: 0.474722

[0m   [0mAggregate  (cost=12714.08..12714.09 rows=1 width=0)
   ->  Seq Scan on impressions  (cost=0.00..12714.00 rows=31 width=0)
         Filter: (listing_id = 104279)
[0m
  [4;36;1mSQL (337.5ms)[0m   [0;1mSELECT count(*) AS count_all FROM "impressions" WHERE ("impressions".listing_id = 104281) [0m
  [4;35;1mAnalyzing  Execution Time: 0.33774

[0m   [0mAggregate  (cost=12714.08..12714.09 rows=1 width=0)
   ->  Seq Scan on impressions  (cost=0.00..12714.00 rows=31 width=0)
         Filter: (listing_id = 104281)
[0m
  [4;36;1mSQL (262.5ms)[0m   [0;1mSELECT count(*) AS count_all FROM "impressions" WHERE ("impressions".listing_id = 104291) [0m
  [4;35;1mAnalyzing  Execution Time: 0.263162

[0m   [0mAggregate  (cost=12714.08..12714.09 rows=1 width=0)
   ->  Seq Scan on impressions  (cost=0.00..12714.00 rows=31 width=0)
         Filter: (listing_id = 104291)
[0m
  [4;36;1mSQL (228.6ms)[0m   [0;1mSELECT count(*) AS count_all FROM "impressions" WHERE ("impressions".listing_id = 104292) [0m
  [4;35;1mAnalyzing  Execution Time: 0.228833

[0m   [0mAggregate  (cost=12714.08..12714.09 rows=1 width=0)
   ->  Seq Scan on impressions  (cost=0.00..12714.00 rows=31 width=0)
         Filter: (listing_id = 104292)
[0m
  [4;36;1mSQL (294.5ms)[0m   [0;1mSELECT count(*) AS count_all FROM "impressions" WHERE ("impressions".listing_id = 104294) [0m
  [4;35;1mAnalyzing  Execution Time: 0.294777

[0m   [0mAggregate  (cost=12714.08..12714.09 rows=1 width=0)
   ->  Seq Scan on impressions  (cost=0.00..12714.00 rows=31 width=0)
         Filter: (listing_id = 104294)
[0m
  [4;36;1mSQL (276.4ms)[0m   [0;1mSELECT count(*) AS count_all FROM "impressions" WHERE ("impressions".listing_id = 104295) [0m
  [4;35;1mAnalyzing  Execution Time: 0.27672

[0m   [0mAggregate  (cost=12714.08..12714.09 rows=1 width=0)
   ->  Seq Scan on impressions  (cost=0.00..12714.00 rows=31 width=0)
         Filter: (listing_id = 104295)
[0m
  [4;36;1mSQL (277.5ms)[0m   [0;1mSELECT count(*) AS count_all FROM "impressions" WHERE ("impressions".listing_id = 104296) [0m
  [4;35;1mAnalyzing  Execution Time: 0.277866

[0m   [0mAggregate  (cost=12714.08..12714.09 rows=1 width=0)
   ->  Seq Scan on impressions  (cost=0.00..12714.00 rows=31 width=0)
         Filter: (listing_id = 104296)
[0m
  [4;36;1mSQL (285.6ms)[0m   [0;1mSELECT count(*) AS count_all FROM "impressions" WHERE ("impressions".listing_id = 104297) [0m
  [4;35;1mAnalyzing  Execution Time: 0.285962

[0m   [0mAggregate  (cost=12714.08..12714.09 rows=1 width=0)
   ->  Seq Scan on impressions  (cost=0.00..12714.00 rows=31 width=0)
         Filter: (listing_id = 104297)
[0m
  [4;36;1mSQL (262.1ms)[0m   [0;1mSELECT count(*) AS count_all FROM "impressions" WHERE ("impressions".listing_id = 104298) [0m
  [4;35;1mAnalyzing  Execution Time: 0.262384

[0m   [0mAggregate  (cost=12714.08..12714.09 rows=1 width=0)
   ->  Seq Scan on impressions  (cost=0.00..12714.00 rows=31 width=0)
         Filter: (listing_id = 104298)
[0m
  [4;36;1mSQL (177.8ms)[0m   [0;1mSELECT count(*) AS count_all FROM "impressions" WHERE ("impressions".listing_id = 104299) [0m
  [4;35;1mAnalyzing  Execution Time: 0.178162

[0m   [0mAggregate  (cost=12714.08..12714.09 rows=1 width=0)
   ->  Seq Scan on impressions  (cost=0.00..12714.00 rows=31 width=0)
         Filter: (listing_id = 104299)
[0m
  [4;36;1mSQL (214.1ms)[0m   [0;1mSELECT count(*) AS count_all FROM "impressions" WHERE ("impressions".listing_id = 104300) [0m
  [4;35;1mAnalyzing  Execution Time: 0.214411

[0m   [0mAggregate  (cost=12714.08..12714.09 rows=1 width=0)
   ->  Seq Scan on impressions  (cost=0.00..12714.00 rows=31 width=0)
         Filter: (listing_id = 104300)
[0m
  [4;36;1mSQL (716.0ms)[0m   [0;1mSELECT count(*) AS count_all FROM "impressions" WHERE ("impressions".listing_id = 104305) [0m
  [4;35;1mAnalyzing  Execution Time: 0.716286

[0m   [0mAggregate  (cost=12714.08..12714.09 rows=1 width=0)
   ->  Seq Scan on impressions  (cost=0.00..12714.00 rows=31 width=0)
         Filter: (listing_id = 104305)
[0m
  [4;36;1mSQL (435.2ms)[0m   [0;1mSELECT count(*) AS count_all FROM "impressions" WHERE ("impressions".listing_id = 104306) [0m
  [4;35;1mAnalyzing  Execution Time: 0.435493

[0m   [0mAggregate  (cost=12714.08..12714.09 rows=1 width=0)
   ->  Seq Scan on impressions  (cost=0.00..12714.00 rows=31 width=0)
         Filter: (listing_id = 104306)
[0m
  [4;36;1mSQL (426.3ms)[0m   [0;1mSELECT count(*) AS count_all FROM "impressions" WHERE ("impressions".listing_id = 104307) [0m
  [4;35;1mAnalyzing  Execution Time: 0.426575

[0m   [0mAggregate  (cost=12714.08..12714.09 rows=1 width=0)
   ->  Seq Scan on impressions  (cost=0.00..12714.00 rows=31 width=0)
         Filter: (listing_id = 104307)
[0m
  [4;36;1mSQL (400.8ms)[0m   [0;1mSELECT count(*) AS count_all FROM "impressions" WHERE ("impressions".listing_id = 104308) [0m
  [4;35;1mAnalyzing  Execution Time: 0.401061

[0m   [0mAggregate  (cost=12714.08..12714.09 rows=1 width=0)
   ->  Seq Scan on impressions  (cost=0.00..12714.00 rows=31 width=0)
         Filter: (listing_id = 104308)
[0m
  [4;36;1mSQL (423.4ms)[0m   [0;1mSELECT count(*) AS count_all FROM "impressions" WHERE ("impressions".listing_id = 109388) [0m
  [4;35;1mAnalyzing  Execution Time: 0.423612

[0m   [0mAggregate  (cost=12714.08..12714.09 rows=1 width=0)
   ->  Seq Scan on impressions  (cost=0.00..12714.00 rows=31 width=0)
         Filter: (listing_id = 109388)
[0m
  [4;36;1mSQL (385.3ms)[0m   [0;1mSELECT count(*) AS count_all FROM "impressions" WHERE ("impressions".listing_id = 110653) [0m
  [4;35;1mAnalyzing  Execution Time: 0.385561

[0m   [0mAggregate  (cost=12714.08..12714.09 rows=1 width=0)
   ->  Seq Scan on impressions  (cost=0.00..12714.00 rows=31 width=0)
         Filter: (listing_id = 110653)
[0m
  [4;36;1mSQL (25.5ms)[0m   [0;1mSELECT count(*) AS count_all FROM "clicks" WHERE ("clicks".listing_id = 64852) [0m
  [4;35;1mAnalyzing  Execution Time: 0.025796

[0m   [0mAggregate  (cost=814.47..814.48 rows=1 width=0)
   ->  Seq Scan on clicks  (cost=0.00..814.46 rows=2 width=0)
         Filter: (listing_id = 64852)
[0m
  [4;36;1mSQL (10.4ms)[0m   [0;1mSELECT count(*) AS count_all FROM "clicks" WHERE ("clicks".listing_id = 66139) [0m
  [4;35;1mAnalyzing  Execution Time: 0.010717

[0m   [0mAggregate  (cost=814.47..814.48 rows=1 width=0)
   ->  Seq Scan on clicks  (cost=0.00..814.46 rows=2 width=0)
         Filter: (listing_id = 66139)
[0m
  [4;36;1mSQL (10.3ms)[0m   [0;1mSELECT count(*) AS count_all FROM "clicks" WHERE ("clicks".listing_id = 66213) [0m
  [4;35;1mAnalyzing  Execution Time: 0.010554

[0m   [0mAggregate  (cost=814.47..814.48 rows=1 width=0)
   ->  Seq Scan on clicks  (cost=0.00..814.46 rows=2 width=0)
         Filter: (listing_id = 66213)
[0m
  [4;36;1mSQL (14.1ms)[0m   [0;1mSELECT count(*) AS count_all FROM "clicks" WHERE ("clicks".listing_id = 66645) [0m
  [4;35;1mAnalyzing  Execution Time: 0.014334

[0m   [0mAggregate  (cost=814.47..814.48 rows=1 width=0)
   ->  Seq Scan on clicks  (cost=0.00..814.46 rows=2 width=0)
         Filter: (listing_id = 66645)
[0m
  [4;36;1mSQL (16.2ms)[0m   [0;1mSELECT count(*) AS count_all FROM "clicks" WHERE ("clicks".listing_id = 66646) [0m
  [4;35;1mAnalyzing  Execution Time: 0.016481

[0m   [0mAggregate  (cost=814.47..814.48 rows=1 width=0)
   ->  Seq Scan on clicks  (cost=0.00..814.46 rows=2 width=0)
         Filter: (listing_id = 66646)
[0m
  [4;36;1mSQL (15.5ms)[0m   [0;1mSELECT count(*) AS count_all FROM "clicks" WHERE ("clicks".listing_id = 67739) [0m
  [4;35;1mAnalyzing  Execution Time: 0.015796

[0m   [0mAggregate  (cost=814.47..814.48 rows=1 width=0)
   ->  Seq Scan on clicks  (cost=0.00..814.46 rows=2 width=0)
         Filter: (listing_id = 67739)
[0m
  [4;36;1mSQL (70.1ms)[0m   [0;1mSELECT count(*) AS count_all FROM "clicks" WHERE ("clicks".listing_id = 67740) [0m
  [4;35;1mAnalyzing  Execution Time: 0.070545

[0m   [0mAggregate  (cost=814.47..814.48 rows=1 width=0)
   ->  Seq Scan on clicks  (cost=0.00..814.46 rows=2 width=0)
         Filter: (listing_id = 67740)
[0m
  [4;36;1mSQL (13.4ms)[0m   [0;1mSELECT count(*) AS count_all FROM "clicks" WHERE ("clicks".listing_id = 69903) [0m
  [4;35;1mAnalyzing  Execution Time: 0.013674

[0m   [0mAggregate  (cost=814.47..814.48 rows=1 width=0)
   ->  Seq Scan on clicks  (cost=0.00..814.46 rows=2 width=0)
         Filter: (listing_id = 69903)
[0m
  [4;36;1mSQL (13.5ms)[0m   [0;1mSELECT count(*) AS count_all FROM "clicks" WHERE ("clicks".listing_id = 70097) [0m
  [4;35;1mAnalyzing  Execution Time: 0.013929

[0m   [0mAggregate  (cost=814.47..814.48 rows=1 width=0)
   ->  Seq Scan on clicks  (cost=0.00..814.46 rows=2 width=0)
         Filter: (listing_id = 70097)
[0m
  [4;36;1mSQL (14.7ms)[0m   [0;1mSELECT count(*) AS count_all FROM "clicks" WHERE ("clicks".listing_id = 71596) [0m
  [4;35;1mAnalyzing  Execution Time: 0.015062

[0m   [0mAggregate  (cost=814.47..814.48 rows=1 width=0)
   ->  Seq Scan on clicks  (cost=0.00..814.46 rows=2 width=0)
         Filter: (listing_id = 71596)
[0m
  [4;36;1mSQL (12.5ms)[0m   [0;1mSELECT count(*) AS count_all FROM "clicks" WHERE ("clicks".listing_id = 71597) [0m
  [4;35;1mAnalyzing  Execution Time: 0.012772

[0m   [0mAggregate  (cost=814.47..814.48 rows=1 width=0)
   ->  Seq Scan on clicks  (cost=0.00..814.46 rows=2 width=0)
         Filter: (listing_id = 71597)
[0m
  [4;36;1mSQL (9.6ms)[0m   [0;1mSELECT count(*) AS count_all FROM "clicks" WHERE ("clicks".listing_id = 71598) [0m
  [4;35;1mAnalyzing  Execution Time: 0.009865

[0m   [0mAggregate  (cost=814.47..814.48 rows=1 width=0)
   ->  Seq Scan on clicks  (cost=0.00..814.46 rows=2 width=0)
         Filter: (listing_id = 71598)
[0m
  [4;36;1mSQL (9.1ms)[0m   [0;1mSELECT count(*) AS count_all FROM "clicks" WHERE ("clicks".listing_id = 71599) [0m
  [4;35;1mAnalyzing  Execution Time: 0.009439

[0m   [0mAggregate  (cost=814.47..814.48 rows=1 width=0)
   ->  Seq Scan on clicks  (cost=0.00..814.46 rows=2 width=0)
         Filter: (listing_id = 71599)
[0m
  [4;36;1mSQL (9.3ms)[0m   [0;1mSELECT count(*) AS count_all FROM "clicks" WHERE ("clicks".listing_id = 71600) [0m
  [4;35;1mAnalyzing  Execution Time: 0.009574

[0m   [0mAggregate  (cost=814.47..814.48 rows=1 width=0)
   ->  Seq Scan on clicks  (cost=0.00..814.46 rows=2 width=0)
         Filter: (listing_id = 71600)
[0m
  [4;36;1mSQL (8.9ms)[0m   [0;1mSELECT count(*) AS count_all FROM "clicks" WHERE ("clicks".listing_id = 71601) [0m
  [4;35;1mAnalyzing  Execution Time: 0.00916

[0m   [0mAggregate  (cost=814.47..814.48 rows=1 width=0)
   ->  Seq Scan on clicks  (cost=0.00..814.46 rows=2 width=0)
         Filter: (listing_id = 71601)
[0m
  [4;36;1mSQL (10.9ms)[0m   [0;1mSELECT count(*) AS count_all FROM "clicks" WHERE ("clicks".listing_id = 71602) [0m
  [4;35;1mAnalyzing  Execution Time: 0.01143

[0m   [0mAggregate  (cost=814.47..814.48 rows=1 width=0)
   ->  Seq Scan on clicks  (cost=0.00..814.46 rows=2 width=0)
         Filter: (listing_id = 71602)
[0m
  [4;36;1mSQL (78.0ms)[0m   [0;1mSELECT count(*) AS count_all FROM "clicks" WHERE ("clicks".listing_id = 71603) [0m
  [4;35;1mAnalyzing  Execution Time: 0.078359

[0m   [0mAggregate  (cost=814.47..814.48 rows=1 width=0)
   ->  Seq Scan on clicks  (cost=0.00..814.46 rows=2 width=0)
         Filter: (listing_id = 71603)
[0m
  [4;36;1mSQL (9.6ms)[0m   [0;1mSELECT count(*) AS count_all FROM "clicks" WHERE ("clicks".listing_id = 71604) [0m
  [4;35;1mAnalyzing  Execution Time: 0.009889

[0m   [0mAggregate  (cost=814.47..814.48 rows=1 width=0)
   ->  Seq Scan on clicks  (cost=0.00..814.46 rows=2 width=0)
         Filter: (listing_id = 71604)
[0m
  [4;36;1mSQL (10.6ms)[0m   [0;1mSELECT count(*) AS count_all FROM "clicks" WHERE ("clicks".listing_id = 71605) [0m
  [4;35;1mAnalyzing  Execution Time: 0.010899

[0m   [0mAggregate  (cost=814.47..814.48 rows=1 width=0)
   ->  Seq Scan on clicks  (cost=0.00..814.46 rows=2 width=0)
         Filter: (listing_id = 71605)
[0m
  [4;36;1mSQL (22.7ms)[0m   [0;1mSELECT count(*) AS count_all FROM "clicks" WHERE ("clicks".listing_id = 71606) [0m
  [4;35;1mAnalyzing  Execution Time: 0.023062

[0m   [0mAggregate  (cost=814.48..814.49 rows=1 width=0)
   ->  Seq Scan on clicks  (cost=0.00..814.46 rows=7 width=0)
         Filter: (listing_id = 71606)
[0m
  [4;36;1mSQL (9.7ms)[0m   [0;1mSELECT count(*) AS count_all FROM "clicks" WHERE ("clicks".listing_id = 71607) [0m
  [4;35;1mAnalyzing  Execution Time: 0.009986

[0m   [0mAggregate  (cost=814.47..814.48 rows=1 width=0)
   ->  Seq Scan on clicks  (cost=0.00..814.46 rows=2 width=0)
         Filter: (listing_id = 71607)
[0m
  [4;36;1mSQL (16.0ms)[0m   [0;1mSELECT count(*) AS count_all FROM "clicks" WHERE ("clicks".listing_id = 71608) [0m
  [4;35;1mAnalyzing  Execution Time: 0.016269

[0m   [0mAggregate  (cost=814.47..814.48 rows=1 width=0)
   ->  Seq Scan on clicks  (cost=0.00..814.46 rows=2 width=0)
         Filter: (listing_id = 71608)
[0m
  [4;36;1mSQL (9.6ms)[0m   [0;1mSELECT count(*) AS count_all FROM "clicks" WHERE ("clicks".listing_id = 71609) [0m
  [4;35;1mAnalyzing  Execution Time: 0.009935

[0m   [0mAggregate  (cost=814.47..814.48 rows=1 width=0)
   ->  Seq Scan on clicks  (cost=0.00..814.46 rows=2 width=0)
         Filter: (listing_id = 71609)
[0m
  [4;36;1mSQL (9.4ms)[0m   [0;1mSELECT count(*) AS count_all FROM "clicks" WHERE ("clicks".listing_id = 71611) [0m
  [4;35;1mAnalyzing  Execution Time: 0.009698

[0m   [0mAggregate  (cost=814.47..814.48 rows=1 width=0)
   ->  Seq Scan on clicks  (cost=0.00..814.46 rows=2 width=0)
         Filter: (listing_id = 71611)
[0m
  [4;36;1mSQL (10.2ms)[0m   [0;1mSELECT count(*) AS count_all FROM "clicks" WHERE ("clicks".listing_id = 71612) [0m
  [4;35;1mAnalyzing  Execution Time: 0.010715

[0m   [0mAggregate  (cost=814.47..814.48 rows=1 width=0)
   ->  Seq Scan on clicks  (cost=0.00..814.46 rows=2 width=0)
         Filter: (listing_id = 71612)
[0m
  [4;36;1mSQL (9.3ms)[0m   [0;1mSELECT count(*) AS count_all FROM "clicks" WHERE ("clicks".listing_id = 71613) [0m
  [4;35;1mAnalyzing  Execution Time: 0.009537

[0m   [0mAggregate  (cost=814.47..814.48 rows=1 width=0)
   ->  Seq Scan on clicks  (cost=0.00..814.46 rows=2 width=0)
         Filter: (listing_id = 71613)
[0m
  [4;36;1mSQL (11.0ms)[0m   [0;1mSELECT count(*) AS count_all FROM "clicks" WHERE ("clicks".listing_id = 71614) [0m
  [4;35;1mAnalyzing  Execution Time: 0.011286

[0m   [0mAggregate  (cost=814.47..814.48 rows=1 width=0)
   ->  Seq Scan on clicks  (cost=0.00..814.46 rows=2 width=0)
         Filter: (listing_id = 71614)
[0m
  [4;36;1mSQL (9.7ms)[0m   [0;1mSELECT count(*) AS count_all FROM "clicks" WHERE ("clicks".listing_id = 71615) [0m
  [4;35;1mAnalyzing  Execution Time: 0.009999

[0m   [0mAggregate  (cost=814.47..814.48 rows=1 width=0)
   ->  Seq Scan on clicks  (cost=0.00..814.46 rows=2 width=0)
         Filter: (listing_id = 71615)
[0m
  [4;36;1mSQL (83.6ms)[0m   [0;1mSELECT count(*) AS count_all FROM "clicks" WHERE ("clicks".listing_id = 71616) [0m
  [4;35;1mAnalyzing  Execution Time: 0.083872

[0m   [0mAggregate  (cost=814.47..814.48 rows=1 width=0)
   ->  Seq Scan on clicks  (cost=0.00..814.46 rows=2 width=0)
         Filter: (listing_id = 71616)
[0m
  [4;36;1mSQL (22.3ms)[0m   [0;1mSELECT count(*) AS count_all FROM "clicks" WHERE ("clicks".listing_id = 71617) [0m
  [4;35;1mAnalyzing  Execution Time: 0.022683

[0m   [0mAggregate  (cost=814.47..814.48 rows=1 width=0)
   ->  Seq Scan on clicks  (cost=0.00..814.46 rows=2 width=0)
         Filter: (listing_id = 71617)
[0m
  [4;36;1mSQL (10.0ms)[0m   [0;1mSELECT count(*) AS count_all FROM "clicks" WHERE ("clicks".listing_id = 71618) [0m
  [4;35;1mAnalyzing  Execution Time: 0.01032

[0m   [0mAggregate  (cost=814.47..814.48 rows=1 width=0)
   ->  Seq Scan on clicks  (cost=0.00..814.46 rows=2 width=0)
         Filter: (listing_id = 71618)
[0m
  [4;36;1mSQL (63.9ms)[0m   [0;1mSELECT count(*) AS count_all FROM "clicks" WHERE ("clicks".listing_id = 71619) [0m
  [4;35;1mAnalyzing  Execution Time: 0.065247

[0m   [0mAggregate  (cost=814.47..814.48 rows=1 width=0)
   ->  Seq Scan on clicks  (cost=0.00..814.46 rows=2 width=0)
         Filter: (listing_id = 71619)
[0m
  [4;36;1mSQL (11.0ms)[0m   [0;1mSELECT count(*) AS count_all FROM "clicks" WHERE ("clicks".listing_id = 71620) [0m
  [4;35;1mAnalyzing  Execution Time: 0.011339

[0m   [0mAggregate  (cost=814.47..814.48 rows=1 width=0)
   ->  Seq Scan on clicks  (cost=0.00..814.46 rows=2 width=0)
         Filter: (listing_id = 71620)
[0m
  [4;36;1mSQL (14.2ms)[0m   [0;1mSELECT count(*) AS count_all FROM "clicks" WHERE ("clicks".listing_id = 71621) [0m
  [4;35;1mAnalyzing  Execution Time: 0.014518

[0m   [0mAggregate  (cost=814.47..814.48 rows=1 width=0)
   ->  Seq Scan on clicks  (cost=0.00..814.46 rows=2 width=0)
         Filter: (listing_id = 71621)
[0m
  [4;36;1mSQL (9.2ms)[0m   [0;1mSELECT count(*) AS count_all FROM "clicks" WHERE ("clicks".listing_id = 71622) [0m
  [4;35;1mAnalyzing  Execution Time: 0.009458

[0m   [0mAggregate  (cost=814.47..814.48 rows=1 width=0)
   ->  Seq Scan on clicks  (cost=0.00..814.46 rows=2 width=0)
         Filter: (listing_id = 71622)
[0m
  [4;36;1mSQL (9.5ms)[0m   [0;1mSELECT count(*) AS count_all FROM "clicks" WHERE ("clicks".listing_id = 72476) [0m
  [4;35;1mAnalyzing  Execution Time: 0.009763

[0m   [0mAggregate  (cost=814.47..814.48 rows=1 width=0)
   ->  Seq Scan on clicks  (cost=0.00..814.46 rows=2 width=0)
         Filter: (listing_id = 72476)
[0m
  [4;36;1mSQL (13.0ms)[0m   [0;1mSELECT count(*) AS count_all FROM "clicks" WHERE ("clicks".listing_id = 72477) [0m
  [4;35;1mAnalyzing  Execution Time: 0.013305

[0m   [0mAggregate  (cost=814.47..814.48 rows=1 width=0)
   ->  Seq Scan on clicks  (cost=0.00..814.46 rows=2 width=0)
         Filter: (listing_id = 72477)
[0m
  [4;36;1mSQL (9.6ms)[0m   [0;1mSELECT count(*) AS count_all FROM "clicks" WHERE ("clicks".listing_id = 72478) [0m
  [4;35;1mAnalyzing  Execution Time: 0.009924

[0m   [0mAggregate  (cost=814.47..814.48 rows=1 width=0)
   ->  Seq Scan on clicks  (cost=0.00..814.46 rows=2 width=0)
         Filter: (listing_id = 72478)
[0m
  [4;36;1mSQL (56.3ms)[0m   [0;1mSELECT count(*) AS count_all FROM "clicks" WHERE ("clicks".listing_id = 72479) [0m
  [4;35;1mAnalyzing  Execution Time: 0.056555

[0m   [0mAggregate  (cost=814.47..814.48 rows=1 width=0)
   ->  Seq Scan on clicks  (cost=0.00..814.46 rows=2 width=0)
         Filter: (listing_id = 72479)
[0m
  [4;36;1mSQL (10.4ms)[0m   [0;1mSELECT count(*) AS count_all FROM "clicks" WHERE ("clicks".listing_id = 73123) [0m
  [4;35;1mAnalyzing  Execution Time: 0.010637

[0m   [0mAggregate  (cost=814.47..814.48 rows=1 width=0)
   ->  Seq Scan on clicks  (cost=0.00..814.46 rows=2 width=0)
         Filter: (listing_id = 73123)
[0m
  [4;36;1mSQL (9.6ms)[0m   [0;1mSELECT count(*) AS count_all FROM "clicks" WHERE ("clicks".listing_id = 73125) [0m
  [4;35;1mAnalyzing  Execution Time: 0.009825

[0m   [0mAggregate  (cost=814.47..814.48 rows=1 width=0)
   ->  Seq Scan on clicks  (cost=0.00..814.46 rows=2 width=0)
         Filter: (listing_id = 73125)
[0m
  [4;36;1mSQL (10.9ms)[0m   [0;1mSELECT count(*) AS count_all FROM "clicks" WHERE ("clicks".listing_id = 73244) [0m
  [4;35;1mAnalyzing  Execution Time: 0.011242

[0m   [0mAggregate  (cost=814.47..814.48 rows=1 width=0)
   ->  Seq Scan on clicks  (cost=0.00..814.46 rows=2 width=0)
         Filter: (listing_id = 73244)
[0m
  [4;36;1mSQL (16.0ms)[0m   [0;1mSELECT count(*) AS count_all FROM "clicks" WHERE ("clicks".listing_id = 74582) [0m
  [4;35;1mAnalyzing  Execution Time: 0.016241

[0m   [0mAggregate  (cost=814.47..814.48 rows=1 width=0)
   ->  Seq Scan on clicks  (cost=0.00..814.46 rows=2 width=0)
         Filter: (listing_id = 74582)
[0m
  [4;36;1mSQL (12.1ms)[0m   [0;1mSELECT count(*) AS count_all FROM "clicks" WHERE ("clicks".listing_id = 74583) [0m
  [4;35;1mAnalyzing  Execution Time: 0.012341

[0m   [0mAggregate  (cost=814.47..814.48 rows=1 width=0)
   ->  Seq Scan on clicks  (cost=0.00..814.46 rows=2 width=0)
         Filter: (listing_id = 74583)
[0m
  [4;36;1mSQL (26.5ms)[0m   [0;1mSELECT count(*) AS count_all FROM "clicks" WHERE ("clicks".listing_id = 74584) [0m
  [4;35;1mAnalyzing  Execution Time: 0.026816

[0m   [0mAggregate  (cost=814.47..814.48 rows=1 width=0)
   ->  Seq Scan on clicks  (cost=0.00..814.46 rows=2 width=0)
         Filter: (listing_id = 74584)
[0m
  [4;36;1mSQL (16.3ms)[0m   [0;1mSELECT count(*) AS count_all FROM "clicks" WHERE ("clicks".listing_id = 74585) [0m
  [4;35;1mAnalyzing  Execution Time: 0.016555

[0m   [0mAggregate  (cost=814.47..814.48 rows=1 width=0)
   ->  Seq Scan on clicks  (cost=0.00..814.46 rows=2 width=0)
         Filter: (listing_id = 74585)
[0m
  [4;36;1mSQL (13.2ms)[0m   [0;1mSELECT count(*) AS count_all FROM "clicks" WHERE ("clicks".listing_id = 74586) [0m
  [4;35;1mAnalyzing  Execution Time: 0.013467

[0m   [0mAggregate  (cost=814.47..814.48 rows=1 width=0)
   ->  Seq Scan on clicks  (cost=0.00..814.46 rows=2 width=0)
         Filter: (listing_id = 74586)
[0m
  [4;36;1mSQL (20.8ms)[0m   [0;1mSELECT count(*) AS count_all FROM "clicks" WHERE ("clicks".listing_id = 74587) [0m
  [4;35;1mAnalyzing  Execution Time: 0.021071

[0m   [0mAggregate  (cost=814.47..814.48 rows=1 width=0)
   ->  Seq Scan on clicks  (cost=0.00..814.46 rows=2 width=0)
         Filter: (listing_id = 74587)
[0m
  [4;36;1mSQL (10.7ms)[0m   [0;1mSELECT count(*) AS count_all FROM "clicks" WHERE ("clicks".listing_id = 74588) [0m
  [4;35;1mAnalyzing  Execution Time: 0.0111

[0m   [0mAggregate  (cost=814.47..814.48 rows=1 width=0)
   ->  Seq Scan on clicks  (cost=0.00..814.46 rows=2 width=0)
         Filter: (listing_id = 74588)
[0m
  [4;36;1mSQL (30.7ms)[0m   [0;1mSELECT count(*) AS count_all FROM "clicks" WHERE ("clicks".listing_id = 74589) [0m
  [4;35;1mAnalyzing  Execution Time: 0.030955

[0m   [0mAggregate  (cost=814.47..814.48 rows=1 width=0)
   ->  Seq Scan on clicks  (cost=0.00..814.46 rows=2 width=0)
         Filter: (listing_id = 74589)
[0m
  [4;36;1mSQL (10.6ms)[0m   [0;1mSELECT count(*) AS count_all FROM "clicks" WHERE ("clicks".listing_id = 74590) [0m
  [4;35;1mAnalyzing  Execution Time: 0.010865

[0m   [0mAggregate  (cost=814.47..814.48 rows=1 width=0)
   ->  Seq Scan on clicks  (cost=0.00..814.46 rows=2 width=0)
         Filter: (listing_id = 74590)
[0m
  [4;36;1mSQL (9.3ms)[0m   [0;1mSELECT count(*) AS count_all FROM "clicks" WHERE ("clicks".listing_id = 74592) [0m
  [4;35;1mAnalyzing  Execution Time: 0.009575

[0m   [0mAggregate  (cost=814.47..814.48 rows=1 width=0)
   ->  Seq Scan on clicks  (cost=0.00..814.46 rows=2 width=0)
         Filter: (listing_id = 74592)
[0m
  [4;36;1mSQL (15.6ms)[0m   [0;1mSELECT count(*) AS count_all FROM "clicks" WHERE ("clicks".listing_id = 75931) [0m
  [4;35;1mAnalyzing  Execution Time: 0.015996

[0m   [0mAggregate  (cost=814.47..814.48 rows=1 width=0)
   ->  Seq Scan on clicks  (cost=0.00..814.46 rows=2 width=0)
         Filter: (listing_id = 75931)
[0m
  [4;36;1mSQL (36.3ms)[0m   [0;1mSELECT count(*) AS count_all FROM "clicks" WHERE ("clicks".listing_id = 75932) [0m
  [4;35;1mAnalyzing  Execution Time: 0.0365350000000001

[0m   [0mAggregate  (cost=814.47..814.48 rows=1 width=0)
   ->  Seq Scan on clicks  (cost=0.00..814.46 rows=2 width=0)
         Filter: (listing_id = 75932)
[0m
  [4;36;1mSQL (23.8ms)[0m   [0;1mSELECT count(*) AS count_all FROM "clicks" WHERE ("clicks".listing_id = 75933) [0m
  [4;35;1mAnalyzing  Execution Time: 0.024127

[0m   [0mAggregate  (cost=814.47..814.48 rows=1 width=0)
   ->  Seq Scan on clicks  (cost=0.00..814.46 rows=2 width=0)
         Filter: (listing_id = 75933)
[0m
  [4;36;1mSQL (11.8ms)[0m   [0;1mSELECT count(*) AS count_all FROM "clicks" WHERE ("clicks".listing_id = 75934) [0m
  [4;35;1mAnalyzing  Execution Time: 0.012066

[0m   [0mAggregate  (cost=814.47..814.48 rows=1 width=0)
   ->  Seq Scan on clicks  (cost=0.00..814.46 rows=2 width=0)
         Filter: (listing_id = 75934)
[0m
  [4;36;1mSQL (10.4ms)[0m   [0;1mSELECT count(*) AS count_all FROM "clicks" WHERE ("clicks".listing_id = 75935) [0m
  [4;35;1mAnalyzing  Execution Time: 0.010638

[0m   [0mAggregate  (cost=814.47..814.48 rows=1 width=0)
   ->  Seq Scan on clicks  (cost=0.00..814.46 rows=2 width=0)
         Filter: (listing_id = 75935)
[0m
  [4;36;1mSQL (9.3ms)[0m   [0;1mSELECT count(*) AS count_all FROM "clicks" WHERE ("clicks".listing_id = 75936) [0m
  [4;35;1mAnalyzing  Execution Time: 0.009583

[0m   [0mAggregate  (cost=814.47..814.48 rows=1 width=0)
   ->  Seq Scan on clicks  (cost=0.00..814.46 rows=2 width=0)
         Filter: (listing_id = 75936)
[0m
  [4;36;1mSQL (10.5ms)[0m   [0;1mSELECT count(*) AS count_all FROM "clicks" WHERE ("clicks".listing_id = 75937) [0m
  [4;35;1mAnalyzing  Execution Time: 0.010722

[0m   [0mAggregate  (cost=814.47..814.48 rows=1 width=0)
   ->  Seq Scan on clicks  (cost=0.00..814.46 rows=2 width=0)
         Filter: (listing_id = 75937)
[0m
  [4;36;1mSQL (30.1ms)[0m   [0;1mSELECT count(*) AS count_all FROM "clicks" WHERE ("clicks".listing_id = 75938) [0m
  [4;35;1mAnalyzing  Execution Time: 0.030354

[0m   [0mAggregate  (cost=814.47..814.48 rows=1 width=0)
   ->  Seq Scan on clicks  (cost=0.00..814.46 rows=2 width=0)
         Filter: (listing_id = 75938)
[0m
  [4;36;1mSQL (36.7ms)[0m   [0;1mSELECT count(*) AS count_all FROM "clicks" WHERE ("clicks".listing_id = 75939) [0m
  [4;35;1mAnalyzing  Execution Time: 0.037018

[0m   [0mAggregate  (cost=814.47..814.48 rows=1 width=0)
   ->  Seq Scan on clicks  (cost=0.00..814.46 rows=2 width=0)
         Filter: (listing_id = 75939)
[0m
  [4;36;1mSQL (10.7ms)[0m   [0;1mSELECT count(*) AS count_all FROM "clicks" WHERE ("clicks".listing_id = 75940) [0m
  [4;35;1mAnalyzing  Execution Time: 0.010969

[0m   [0mAggregate  (cost=814.47..814.48 rows=1 width=0)
   ->  Seq Scan on clicks  (cost=0.00..814.46 rows=2 width=0)
         Filter: (listing_id = 75940)
[0m
  [4;36;1mSQL (17.7ms)[0m   [0;1mSELECT count(*) AS count_all FROM "clicks" WHERE ("clicks".listing_id = 75941) [0m
  [4;35;1mAnalyzing  Execution Time: 0.018127

[0m   [0mAggregate  (cost=814.47..814.48 rows=1 width=0)
   ->  Seq Scan on clicks  (cost=0.00..814.46 rows=2 width=0)
         Filter: (listing_id = 75941)
[0m
  [4;36;1mSQL (35.3ms)[0m   [0;1mSELECT count(*) AS count_all FROM "clicks" WHERE ("clicks".listing_id = 75942) [0m
  [4;35;1mAnalyzing  Execution Time: 0.035559

[0m   [0mAggregate  (cost=814.47..814.48 rows=1 width=0)
   ->  Seq Scan on clicks  (cost=0.00..814.46 rows=2 width=0)
         Filter: (listing_id = 75942)
[0m
  [4;36;1mSQL (10.8ms)[0m   [0;1mSELECT count(*) AS count_all FROM "clicks" WHERE ("clicks".listing_id = 75943) [0m
  [4;35;1mAnalyzing  Execution Time: 0.011031

[0m   [0mAggregate  (cost=814.47..814.48 rows=1 width=0)
   ->  Seq Scan on clicks  (cost=0.00..814.46 rows=2 width=0)
         Filter: (listing_id = 75943)
[0m
  [4;36;1mSQL (9.9ms)[0m   [0;1mSELECT count(*) AS count_all FROM "clicks" WHERE ("clicks".listing_id = 75944) [0m
  [4;35;1mAnalyzing  Execution Time: 0.010518

[0m   [0mAggregate  (cost=814.47..814.48 rows=1 width=0)
   ->  Seq Scan on clicks  (cost=0.00..814.46 rows=2 width=0)
         Filter: (listing_id = 75944)
[0m
  [4;36;1mSQL (10.5ms)[0m   [0;1mSELECT count(*) AS count_all FROM "clicks" WHERE ("clicks".listing_id = 75945) [0m
  [4;35;1mAnalyzing  Execution Time: 0.010814

[0m   [0mAggregate  (cost=814.47..814.48 rows=1 width=0)
   ->  Seq Scan on clicks  (cost=0.00..814.46 rows=2 width=0)
         Filter: (listing_id = 75945)
[0m
  [4;36;1mSQL (19.0ms)[0m   [0;1mSELECT count(*) AS count_all FROM "clicks" WHERE ("clicks".listing_id = 75946) [0m
  [4;35;1mAnalyzing  Execution Time: 0.019264

[0m   [0mAggregate  (cost=814.47..814.48 rows=1 width=0)
   ->  Seq Scan on clicks  (cost=0.00..814.46 rows=2 width=0)
         Filter: (listing_id = 75946)
[0m
  [4;36;1mSQL (13.0ms)[0m   [0;1mSELECT count(*) AS count_all FROM "clicks" WHERE ("clicks".listing_id = 75947) [0m
  [4;35;1mAnalyzing  Execution Time: 0.013323

[0m   [0mAggregate  (cost=814.47..814.48 rows=1 width=0)
   ->  Seq Scan on clicks  (cost=0.00..814.46 rows=2 width=0)
         Filter: (listing_id = 75947)
[0m
  [4;36;1mSQL (8.7ms)[0m   [0;1mSELECT count(*) AS count_all FROM "clicks" WHERE ("clicks".listing_id = 75948) [0m
  [4;35;1mAnalyzing  Execution Time: 0.009002

[0m   [0mAggregate  (cost=814.47..814.48 rows=1 width=0)
   ->  Seq Scan on clicks  (cost=0.00..814.46 rows=2 width=0)
         Filter: (listing_id = 75948)
[0m
  [4;36;1mSQL (9.8ms)[0m   [0;1mSELECT count(*) AS count_all FROM "clicks" WHERE ("clicks".listing_id = 76467) [0m
  [4;35;1mAnalyzing  Execution Time: 0.010068

[0m   [0mAggregate  (cost=814.47..814.48 rows=1 width=0)
   ->  Seq Scan on clicks  (cost=0.00..814.46 rows=2 width=0)
         Filter: (listing_id = 76467)
[0m
  [4;36;1mSQL (13.9ms)[0m   [0;1mSELECT count(*) AS count_all FROM "clicks" WHERE ("clicks".listing_id = 76704) [0m
  [4;35;1mAnalyzing  Execution Time: 0.014224

[0m   [0mAggregate  (cost=814.47..814.48 rows=1 width=0)
   ->  Seq Scan on clicks  (cost=0.00..814.46 rows=2 width=0)
         Filter: (listing_id = 76704)
[0m
  [4;36;1mSQL (12.5ms)[0m   [0;1mSELECT count(*) AS count_all FROM "clicks" WHERE ("clicks".listing_id = 76705) [0m
  [4;35;1mAnalyzing  Execution Time: 0.012756

[0m   [0mAggregate  (cost=814.47..814.48 rows=1 width=0)
   ->  Seq Scan on clicks  (cost=0.00..814.46 rows=2 width=0)
         Filter: (listing_id = 76705)
[0m
  [4;36;1mSQL (10.4ms)[0m   [0;1mSELECT count(*) AS count_all FROM "clicks" WHERE ("clicks".listing_id = 76707) [0m
  [4;35;1mAnalyzing  Execution Time: 0.010693

[0m   [0mAggregate  (cost=814.47..814.48 rows=1 width=0)
   ->  Seq Scan on clicks  (cost=0.00..814.46 rows=2 width=0)
         Filter: (listing_id = 76707)
[0m
  [4;36;1mSQL (9.3ms)[0m   [0;1mSELECT count(*) AS count_all FROM "clicks" WHERE ("clicks".listing_id = 76708) [0m
  [4;35;1mAnalyzing  Execution Time: 0.009574

[0m   [0mAggregate  (cost=814.47..814.48 rows=1 width=0)
   ->  Seq Scan on clicks  (cost=0.00..814.46 rows=2 width=0)
         Filter: (listing_id = 76708)
[0m
  [4;36;1mSQL (12.8ms)[0m   [0;1mSELECT count(*) AS count_all FROM "clicks" WHERE ("clicks".listing_id = 77314) [0m
  [4;35;1mAnalyzing  Execution Time: 0.013139

[0m   [0mAggregate  (cost=814.47..814.48 rows=1 width=0)
   ->  Seq Scan on clicks  (cost=0.00..814.46 rows=2 width=0)
         Filter: (listing_id = 77314)
[0m
  [4;36;1mSQL (10.2ms)[0m   [0;1mSELECT count(*) AS count_all FROM "clicks" WHERE ("clicks".listing_id = 77315) [0m
  [4;35;1mAnalyzing  Execution Time: 0.010494

[0m   [0mAggregate  (cost=814.47..814.48 rows=1 width=0)
   ->  Seq Scan on clicks  (cost=0.00..814.46 rows=2 width=0)
         Filter: (listing_id = 77315)
[0m
  [4;36;1mSQL (10.1ms)[0m   [0;1mSELECT count(*) AS count_all FROM "clicks" WHERE ("clicks".listing_id = 77316) [0m
  [4;35;1mAnalyzing  Execution Time: 0.010351

[0m   [0mAggregate  (cost=814.47..814.48 rows=1 width=0)
   ->  Seq Scan on clicks  (cost=0.00..814.46 rows=2 width=0)
         Filter: (listing_id = 77316)
[0m
  [4;36;1mSQL (19.2ms)[0m   [0;1mSELECT count(*) AS count_all FROM "clicks" WHERE ("clicks".listing_id = 77317) [0m
  [4;35;1mAnalyzing  Execution Time: 0.019491

[0m   [0mAggregate  (cost=814.47..814.48 rows=1 width=0)
   ->  Seq Scan on clicks  (cost=0.00..814.46 rows=2 width=0)
         Filter: (listing_id = 77317)
[0m
  [4;36;1mSQL (39.8ms)[0m   [0;1mSELECT count(*) AS count_all FROM "clicks" WHERE ("clicks".listing_id = 77319) [0m
  [4;35;1mAnalyzing  Execution Time: 0.040266

[0m   [0mAggregate  (cost=814.47..814.48 rows=1 width=0)
   ->  Seq Scan on clicks  (cost=0.00..814.46 rows=2 width=0)
         Filter: (listing_id = 77319)
[0m
  [4;36;1mSQL (11.7ms)[0m   [0;1mSELECT count(*) AS count_all FROM "clicks" WHERE ("clicks".listing_id = 77320) [0m
  [4;35;1mAnalyzing  Execution Time: 0.01203

[0m   [0mAggregate  (cost=814.47..814.48 rows=1 width=0)
   ->  Seq Scan on clicks  (cost=0.00..814.46 rows=2 width=0)
         Filter: (listing_id = 77320)
[0m
  [4;36;1mSQL (25.8ms)[0m   [0;1mSELECT count(*) AS count_all FROM "clicks" WHERE ("clicks".listing_id = 77869) [0m
  [4;35;1mAnalyzing  Execution Time: 0.026314

[0m   [0mAggregate  (cost=814.47..814.48 rows=1 width=0)
   ->  Seq Scan on clicks  (cost=0.00..814.46 rows=2 width=0)
         Filter: (listing_id = 77869)
[0m
  [4;36;1mSQL (27.1ms)[0m   [0;1mSELECT count(*) AS count_all FROM "clicks" WHERE ("clicks".listing_id = 77870) [0m
  [4;35;1mAnalyzing  Execution Time: 0.027372

[0m   [0mAggregate  (cost=814.47..814.48 rows=1 width=0)
   ->  Seq Scan on clicks  (cost=0.00..814.46 rows=2 width=0)
         Filter: (listing_id = 77870)
[0m
  [4;36;1mSQL (46.9ms)[0m   [0;1mSELECT count(*) AS count_all FROM "clicks" WHERE ("clicks".listing_id = 79597) [0m
  [4;35;1mAnalyzing  Execution Time: 0.047202

[0m   [0mAggregate  (cost=814.47..814.48 rows=1 width=0)
   ->  Seq Scan on clicks  (cost=0.00..814.46 rows=2 width=0)
         Filter: (listing_id = 79597)
[0m
  [4;36;1mSQL (12.9ms)[0m   [0;1mSELECT count(*) AS count_all FROM "clicks" WHERE ("clicks".listing_id = 81093) [0m
  [4;35;1mAnalyzing  Execution Time: 0.013224

[0m   [0mAggregate  (cost=814.47..814.48 rows=1 width=0)
   ->  Seq Scan on clicks  (cost=0.00..814.46 rows=2 width=0)
         Filter: (listing_id = 81093)
[0m
  [4;36;1mSQL (10.5ms)[0m   [0;1mSELECT count(*) AS count_all FROM "clicks" WHERE ("clicks".listing_id = 81094) [0m
  [4;35;1mAnalyzing  Execution Time: 0.010772

[0m   [0mAggregate  (cost=814.47..814.48 rows=1 width=0)
   ->  Seq Scan on clicks  (cost=0.00..814.46 rows=2 width=0)
         Filter: (listing_id = 81094)
[0m
  [4;36;1mSQL (19.4ms)[0m   [0;1mSELECT count(*) AS count_all FROM "clicks" WHERE ("clicks".listing_id = 81095) [0m
  [4;35;1mAnalyzing  Execution Time: 0.019775

[0m   [0mAggregate  (cost=814.47..814.48 rows=1 width=0)
   ->  Seq Scan on clicks  (cost=0.00..814.46 rows=2 width=0)
         Filter: (listing_id = 81095)
[0m
  [4;36;1mSQL (12.2ms)[0m   [0;1mSELECT count(*) AS count_all FROM "clicks" WHERE ("clicks".listing_id = 104250) [0m
  [4;35;1mAnalyzing  Execution Time: 0.01252

[0m   [0mAggregate  (cost=814.47..814.48 rows=1 width=0)
   ->  Seq Scan on clicks  (cost=0.00..814.46 rows=2 width=0)
         Filter: (listing_id = 104250)
[0m
  [4;36;1mSQL (74.9ms)[0m   [0;1mSELECT count(*) AS count_all FROM "clicks" WHERE ("clicks".listing_id = 104251) [0m
  [4;35;1mAnalyzing  Execution Time: 0.075239

[0m   [0mAggregate  (cost=814.47..814.48 rows=1 width=0)
   ->  Seq Scan on clicks  (cost=0.00..814.46 rows=2 width=0)
         Filter: (listing_id = 104251)
[0m
  [4;36;1mSQL (19.4ms)[0m   [0;1mSELECT count(*) AS count_all FROM "clicks" WHERE ("clicks".listing_id = 104252) [0m
  [4;35;1mAnalyzing  Execution Time: 0.019754

[0m   [0mAggregate  (cost=814.47..814.48 rows=1 width=0)
   ->  Seq Scan on clicks  (cost=0.00..814.46 rows=2 width=0)
         Filter: (listing_id = 104252)
[0m
  [4;36;1mSQL (11.3ms)[0m   [0;1mSELECT count(*) AS count_all FROM "clicks" WHERE ("clicks".listing_id = 104253) [0m
  [4;35;1mAnalyzing  Execution Time: 0.011597

[0m   [0mAggregate  (cost=814.47..814.48 rows=1 width=0)
   ->  Seq Scan on clicks  (cost=0.00..814.46 rows=2 width=0)
         Filter: (listing_id = 104253)
[0m
  [4;36;1mSQL (14.1ms)[0m   [0;1mSELECT count(*) AS count_all FROM "clicks" WHERE ("clicks".listing_id = 104254) [0m
  [4;35;1mAnalyzing  Execution Time: 0.014367

[0m   [0mAggregate  (cost=814.47..814.48 rows=1 width=0)
   ->  Seq Scan on clicks  (cost=0.00..814.46 rows=2 width=0)
         Filter: (listing_id = 104254)
[0m
  [4;36;1mSQL (24.3ms)[0m   [0;1mSELECT count(*) AS count_all FROM "clicks" WHERE ("clicks".listing_id = 104255) [0m
  [4;35;1mAnalyzing  Execution Time: 0.024504

[0m   [0mAggregate  (cost=814.47..814.48 rows=1 width=0)
   ->  Seq Scan on clicks  (cost=0.00..814.46 rows=2 width=0)
         Filter: (listing_id = 104255)
[0m
  [4;36;1mSQL (9.3ms)[0m   [0;1mSELECT count(*) AS count_all FROM "clicks" WHERE ("clicks".listing_id = 104256) [0m
  [4;35;1mAnalyzing  Execution Time: 0.009613

[0m   [0mAggregate  (cost=814.47..814.48 rows=1 width=0)
   ->  Seq Scan on clicks  (cost=0.00..814.46 rows=2 width=0)
         Filter: (listing_id = 104256)
[0m
  [4;36;1mSQL (9.3ms)[0m   [0;1mSELECT count(*) AS count_all FROM "clicks" WHERE ("clicks".listing_id = 104257) [0m
  [4;35;1mAnalyzing  Execution Time: 0.009556

[0m   [0mAggregate  (cost=814.47..814.48 rows=1 width=0)
   ->  Seq Scan on clicks  (cost=0.00..814.46 rows=2 width=0)
         Filter: (listing_id = 104257)
[0m
  [4;36;1mSQL (9.7ms)[0m   [0;1mSELECT count(*) AS count_all FROM "clicks" WHERE ("clicks".listing_id = 104259) [0m
  [4;35;1mAnalyzing  Execution Time: 0.009988

[0m   [0mAggregate  (cost=814.47..814.48 rows=1 width=0)
   ->  Seq Scan on clicks  (cost=0.00..814.46 rows=2 width=0)
         Filter: (listing_id = 104259)
[0m
  [4;36;1mSQL (11.1ms)[0m   [0;1mSELECT count(*) AS count_all FROM "clicks" WHERE ("clicks".listing_id = 104260) [0m
  [4;35;1mAnalyzing  Execution Time: 0.011378

[0m   [0mAggregate  (cost=814.47..814.48 rows=1 width=0)
   ->  Seq Scan on clicks  (cost=0.00..814.46 rows=2 width=0)
         Filter: (listing_id = 104260)
[0m
  [4;36;1mSQL (18.2ms)[0m   [0;1mSELECT count(*) AS count_all FROM "clicks" WHERE ("clicks".listing_id = 104261) [0m
  [4;35;1mAnalyzing  Execution Time: 0.018551

[0m   [0mAggregate  (cost=814.47..814.48 rows=1 width=0)
   ->  Seq Scan on clicks  (cost=0.00..814.46 rows=2 width=0)
         Filter: (listing_id = 104261)
[0m
  [4;36;1mSQL (15.4ms)[0m   [0;1mSELECT count(*) AS count_all FROM "clicks" WHERE ("clicks".listing_id = 104262) [0m
  [4;35;1mAnalyzing  Execution Time: 0.015626

[0m   [0mAggregate  (cost=814.47..814.48 rows=1 width=0)
   ->  Seq Scan on clicks  (cost=0.00..814.46 rows=2 width=0)
         Filter: (listing_id = 104262)
[0m
  [4;36;1mSQL (13.6ms)[0m   [0;1mSELECT count(*) AS count_all FROM "clicks" WHERE ("clicks".listing_id = 104263) [0m
  [4;35;1mAnalyzing  Execution Time: 0.013821

[0m   [0mAggregate  (cost=814.47..814.48 rows=1 width=0)
   ->  Seq Scan on clicks  (cost=0.00..814.46 rows=2 width=0)
         Filter: (listing_id = 104263)
[0m
  [4;36;1mSQL (9.4ms)[0m   [0;1mSELECT count(*) AS count_all FROM "clicks" WHERE ("clicks".listing_id = 104264) [0m
  [4;35;1mAnalyzing  Execution Time: 0.010619

[0m   [0mAggregate  (cost=814.47..814.48 rows=1 width=0)
   ->  Seq Scan on clicks  (cost=0.00..814.46 rows=2 width=0)
         Filter: (listing_id = 104264)
[0m
  [4;36;1mSQL (12.8ms)[0m   [0;1mSELECT count(*) AS count_all FROM "clicks" WHERE ("clicks".listing_id = 104265) [0m
  [4;35;1mAnalyzing  Execution Time: 0.013075

[0m   [0mAggregate  (cost=814.47..814.48 rows=1 width=0)
   ->  Seq Scan on clicks  (cost=0.00..814.46 rows=2 width=0)
         Filter: (listing_id = 104265)
[0m
  [4;36;1mSQL (9.1ms)[0m   [0;1mSELECT count(*) AS count_all FROM "clicks" WHERE ("clicks".listing_id = 104266) [0m
  [4;35;1mAnalyzing  Execution Time: 0.009374

[0m   [0mAggregate  (cost=814.47..814.48 rows=1 width=0)
   ->  Seq Scan on clicks  (cost=0.00..814.46 rows=2 width=0)
         Filter: (listing_id = 104266)
[0m
  [4;36;1mSQL (9.8ms)[0m   [0;1mSELECT count(*) AS count_all FROM "clicks" WHERE ("clicks".listing_id = 104267) [0m
  [4;35;1mAnalyzing  Execution Time: 0.010112

[0m   [0mAggregate  (cost=814.47..814.48 rows=1 width=0)
   ->  Seq Scan on clicks  (cost=0.00..814.46 rows=2 width=0)
         Filter: (listing_id = 104267)
[0m
  [4;36;1mSQL (16.8ms)[0m   [0;1mSELECT count(*) AS count_all FROM "clicks" WHERE ("clicks".listing_id = 104269) [0m
  [4;35;1mAnalyzing  Execution Time: 0.017067

[0m   [0mAggregate  (cost=814.47..814.48 rows=1 width=0)
   ->  Seq Scan on clicks  (cost=0.00..814.46 rows=2 width=0)
         Filter: (listing_id = 104269)
[0m
  [4;36;1mSQL (10.4ms)[0m   [0;1mSELECT count(*) AS count_all FROM "clicks" WHERE ("clicks".listing_id = 104274) [0m
  [4;35;1mAnalyzing  Execution Time: 0.010709

[0m   [0mAggregate  (cost=814.47..814.48 rows=1 width=0)
   ->  Seq Scan on clicks  (cost=0.00..814.46 rows=2 width=0)
         Filter: (listing_id = 104274)
[0m
  [4;36;1mSQL (12.4ms)[0m   [0;1mSELECT count(*) AS count_all FROM "clicks" WHERE ("clicks".listing_id = 104275) [0m
  [4;35;1mAnalyzing  Execution Time: 0.012775

[0m   [0mAggregate  (cost=814.47..814.48 rows=1 width=0)
   ->  Seq Scan on clicks  (cost=0.00..814.46 rows=2 width=0)
         Filter: (listing_id = 104275)
[0m
  [4;36;1mSQL (13.9ms)[0m   [0;1mSELECT count(*) AS count_all FROM "clicks" WHERE ("clicks".listing_id = 104276) [0m
  [4;35;1mAnalyzing  Execution Time: 0.014208

[0m   [0mAggregate  (cost=814.47..814.48 rows=1 width=0)
   ->  Seq Scan on clicks  (cost=0.00..814.46 rows=2 width=0)
         Filter: (listing_id = 104276)
[0m
  [4;36;1mSQL (9.0ms)[0m   [0;1mSELECT count(*) AS count_all FROM "clicks" WHERE ("clicks".listing_id = 104278) [0m
  [4;35;1mAnalyzing  Execution Time: 0.009244

[0m   [0mAggregate  (cost=814.47..814.48 rows=1 width=0)
   ->  Seq Scan on clicks  (cost=0.00..814.46 rows=2 width=0)
         Filter: (listing_id = 104278)
[0m
  [4;36;1mSQL (9.6ms)[0m   [0;1mSELECT count(*) AS count_all FROM "clicks" WHERE ("clicks".listing_id = 104279) [0m
  [4;35;1mAnalyzing  Execution Time: 0.00988

[0m   [0mAggregate  (cost=814.47..814.48 rows=1 width=0)
   ->  Seq Scan on clicks  (cost=0.00..814.46 rows=2 width=0)
         Filter: (listing_id = 104279)
[0m
  [4;36;1mSQL (10.2ms)[0m   [0;1mSELECT count(*) AS count_all FROM "clicks" WHERE ("clicks".listing_id = 104281) [0m
  [4;35;1mAnalyzing  Execution Time: 0.010456

[0m   [0mAggregate  (cost=814.47..814.48 rows=1 width=0)
   ->  Seq Scan on clicks  (cost=0.00..814.46 rows=2 width=0)
         Filter: (listing_id = 104281)
[0m
  [4;36;1mSQL (9.9ms)[0m   [0;1mSELECT count(*) AS count_all FROM "clicks" WHERE ("clicks".listing_id = 104291) [0m
  [4;35;1mAnalyzing  Execution Time: 0.010228

[0m   [0mAggregate  (cost=814.47..814.48 rows=1 width=0)
   ->  Seq Scan on clicks  (cost=0.00..814.46 rows=2 width=0)
         Filter: (listing_id = 104291)
[0m
  [4;36;1mSQL (24.8ms)[0m   [0;1mSELECT count(*) AS count_all FROM "clicks" WHERE ("clicks".listing_id = 104292) [0m
  [4;35;1mAnalyzing  Execution Time: 0.025013

[0m   [0mAggregate  (cost=814.47..814.48 rows=1 width=0)
   ->  Seq Scan on clicks  (cost=0.00..814.46 rows=2 width=0)
         Filter: (listing_id = 104292)
[0m
  [4;36;1mSQL (12.9ms)[0m   [0;1mSELECT count(*) AS count_all FROM "clicks" WHERE ("clicks".listing_id = 104294) [0m
  [4;35;1mAnalyzing  Execution Time: 0.013204

[0m   [0mAggregate  (cost=814.47..814.48 rows=1 width=0)
   ->  Seq Scan on clicks  (cost=0.00..814.46 rows=2 width=0)
         Filter: (listing_id = 104294)
[0m
  [4;36;1mSQL (9.0ms)[0m   [0;1mSELECT count(*) AS count_all FROM "clicks" WHERE ("clicks".listing_id = 104295) [0m
  [4;35;1mAnalyzing  Execution Time: 0.009191

[0m   [0mAggregate  (cost=814.47..814.48 rows=1 width=0)
   ->  Seq Scan on clicks  (cost=0.00..814.46 rows=2 width=0)
         Filter: (listing_id = 104295)
[0m
  [4;36;1mSQL (18.9ms)[0m   [0;1mSELECT count(*) AS count_all FROM "clicks" WHERE ("clicks".listing_id = 104296) [0m
  [4;35;1mAnalyzing  Execution Time: 0.019234

[0m   [0mAggregate  (cost=814.47..814.48 rows=1 width=0)
   ->  Seq Scan on clicks  (cost=0.00..814.46 rows=2 width=0)
         Filter: (listing_id = 104296)
[0m
  [4;36;1mSQL (32.2ms)[0m   [0;1mSELECT count(*) AS count_all FROM "clicks" WHERE ("clicks".listing_id = 104297) [0m
  [4;35;1mAnalyzing  Execution Time: 0.032475

[0m   [0mAggregate  (cost=814.47..814.48 rows=1 width=0)
   ->  Seq Scan on clicks  (cost=0.00..814.46 rows=2 width=0)
         Filter: (listing_id = 104297)
[0m
  [4;36;1mSQL (10.1ms)[0m   [0;1mSELECT count(*) AS count_all FROM "clicks" WHERE ("clicks".listing_id = 104298) [0m
  [4;35;1mAnalyzing  Execution Time: 0.010341

[0m   [0mAggregate  (cost=814.47..814.48 rows=1 width=0)
   ->  Seq Scan on clicks  (cost=0.00..814.46 rows=2 width=0)
         Filter: (listing_id = 104298)
[0m
  [4;36;1mSQL (17.7ms)[0m   [0;1mSELECT count(*) AS count_all FROM "clicks" WHERE ("clicks".listing_id = 104299) [0m
  [4;35;1mAnalyzing  Execution Time: 0.017949

[0m   [0mAggregate  (cost=814.47..814.48 rows=1 width=0)
   ->  Seq Scan on clicks  (cost=0.00..814.46 rows=2 width=0)
         Filter: (listing_id = 104299)
[0m
  [4;36;1mSQL (10.6ms)[0m   [0;1mSELECT count(*) AS count_all FROM "clicks" WHERE ("clicks".listing_id = 104300) [0m
  [4;35;1mAnalyzing  Execution Time: 0.011115

[0m   [0mAggregate  (cost=814.47..814.48 rows=1 width=0)
   ->  Seq Scan on clicks  (cost=0.00..814.46 rows=2 width=0)
         Filter: (listing_id = 104300)
[0m
  [4;36;1mSQL (9.7ms)[0m   [0;1mSELECT count(*) AS count_all FROM "clicks" WHERE ("clicks".listing_id = 104305) [0m
  [4;35;1mAnalyzing  Execution Time: 0.00997

[0m   [0mAggregate  (cost=814.47..814.48 rows=1 width=0)
   ->  Seq Scan on clicks  (cost=0.00..814.46 rows=2 width=0)
         Filter: (listing_id = 104305)
[0m
  [4;36;1mSQL (21.6ms)[0m   [0;1mSELECT count(*) AS count_all FROM "clicks" WHERE ("clicks".listing_id = 104306) [0m
  [4;35;1mAnalyzing  Execution Time: 0.021915

[0m   [0mAggregate  (cost=814.47..814.48 rows=1 width=0)
   ->  Seq Scan on clicks  (cost=0.00..814.46 rows=2 width=0)
         Filter: (listing_id = 104306)
[0m
  [4;36;1mSQL (12.2ms)[0m   [0;1mSELECT count(*) AS count_all FROM "clicks" WHERE ("clicks".listing_id = 104307) [0m
  [4;35;1mAnalyzing  Execution Time: 0.012459

[0m   [0mAggregate  (cost=814.47..814.48 rows=1 width=0)
   ->  Seq Scan on clicks  (cost=0.00..814.46 rows=2 width=0)
         Filter: (listing_id = 104307)
[0m
  [4;36;1mSQL (15.3ms)[0m   [0;1mSELECT count(*) AS count_all FROM "clicks" WHERE ("clicks".listing_id = 104308) [0m
  [4;35;1mAnalyzing  Execution Time: 0.022247

[0m   [0mAggregate  (cost=814.47..814.48 rows=1 width=0)
   ->  Seq Scan on clicks  (cost=0.00..814.46 rows=2 width=0)
         Filter: (listing_id = 104308)
[0m
  [4;36;1mSQL (15.2ms)[0m   [0;1mSELECT count(*) AS count_all FROM "clicks" WHERE ("clicks".listing_id = 109388) [0m
  [4;35;1mAnalyzing  Execution Time: 0.015665

[0m   [0mAggregate  (cost=814.47..814.48 rows=1 width=0)
   ->  Seq Scan on clicks  (cost=0.00..814.46 rows=2 width=0)
         Filter: (listing_id = 109388)
[0m
  [4;36;1mSQL (11.2ms)[0m   [0;1mSELECT count(*) AS count_all FROM "clicks" WHERE ("clicks".listing_id = 110653) [0m
  [4;35;1mAnalyzing  Execution Time: 0.011696

[0m   [0mAggregate  (cost=814.47..814.48 rows=1 width=0)
   ->  Seq Scan on clicks  (cost=0.00..814.46 rows=2 width=0)
         Filter: (listing_id = 110653)
[0m
  [4;36;1mSQL (2.3ms)[0m   [0;1mSELECT count(*) AS count_all FROM "listings" WHERE ("listings".user_id = 25499) [0m
  [4;35;1mAnalyzing  Execution Time: 0.002631

[0m   [0mAggregate  (cost=1615.81..1615.82 rows=1 width=0)
   ->  Index Scan using index_listings_on_id_and_user_id_and_title on listings  (cost=0.00..1615.79 rows=4 width=0)
         Index Cond: (user_id = 25499)
[0m
  [4;36;1mListing Load (15.6ms)[0m   [0;1mSELECT * FROM "listings" WHERE ("listings".user_id = 25499) [0m
  [4;35;1mAnalyzing Listing Load Execution Time: 0.016303

[0m   [0mIndex Scan using index_listings_on_id_and_user_id_and_title on listings  (cost=0.00..1615.79 rows=4 width=1172)
   Index Cond: (user_id = 25499)
[0m
  [4;36;1mSQL (228.4ms)[0m   [0;1mSELECT count(*) AS count_all FROM "impressions" WHERE ("impressions".listing_id = 87155) [0m
  [4;35;1mAnalyzing  Execution Time: 0.228736

[0m   [0mAggregate  (cost=12714.08..12714.09 rows=1 width=0)
   ->  Seq Scan on impressions  (cost=0.00..12714.00 rows=31 width=0)
         Filter: (listing_id = 87155)
[0m
  [4;36;1mSQL (9.6ms)[0m   [0;1mSELECT count(*) AS count_all FROM "clicks" WHERE ("clicks".listing_id = 87155) [0m
  [4;35;1mAnalyzing  Execution Time: 0.009831

[0m   [0mAggregate  (cost=814.47..814.48 rows=1 width=0)
   ->  Seq Scan on clicks  (cost=0.00..814.46 rows=2 width=0)
         Filter: (listing_id = 87155)
[0m
  [4;36;1mSQL (2.4ms)[0m   [0;1mSELECT count(*) AS count_all FROM "listings" WHERE ("listings".user_id = 25483) [0m
  [4;35;1mAnalyzing  Execution Time: 0.00278

[0m   [0mAggregate  (cost=1615.81..1615.82 rows=1 width=0)
   ->  Index Scan using index_listings_on_id_and_user_id_and_title on listings  (cost=0.00..1615.79 rows=4 width=0)
         Index Cond: (user_id = 25483)
[0m
  [4;36;1mListing Load (2.6ms)[0m   [0;1mSELECT * FROM "listings" WHERE ("listings".user_id = 25483) [0m
  [4;35;1mAnalyzing Listing Load Execution Time: 0.003271

[0m   [0mIndex Scan using index_listings_on_id_and_user_id_and_title on listings  (cost=0.00..1615.79 rows=4 width=1172)
   Index Cond: (user_id = 25483)
[0m
  [4;36;1mSQL (232.6ms)[0m   [0;1mSELECT count(*) AS count_all FROM "impressions" WHERE ("impressions".listing_id = 113144) [0m
  [4;35;1mAnalyzing  Execution Time: 0.232892

[0m   [0mAggregate  (cost=12714.08..12714.09 rows=1 width=0)
   ->  Seq Scan on impressions  (cost=0.00..12714.00 rows=31 width=0)
         Filter: (listing_id = 113144)
[0m
  [4;36;1mSQL (16.5ms)[0m   [0;1mSELECT count(*) AS count_all FROM "clicks" WHERE ("clicks".listing_id = 113144) [0m
  [4;35;1mAnalyzing  Execution Time: 0.016794

[0m   [0mAggregate  (cost=814.47..814.48 rows=1 width=0)
   ->  Seq Scan on clicks  (cost=0.00..814.46 rows=2 width=0)
         Filter: (listing_id = 113144)
[0m
  [4;36;1mSQL (2.2ms)[0m   [0;1mSELECT count(*) AS count_all FROM "listings" WHERE ("listings".user_id = 25484) [0m
  [4;35;1mAnalyzing  Execution Time: 0.002546

[0m   [0mAggregate  (cost=1615.81..1615.82 rows=1 width=0)
   ->  Index Scan using index_listings_on_id_and_user_id_and_title on listings  (cost=0.00..1615.79 rows=4 width=0)
         Index Cond: (user_id = 25484)
[0m
  [4;36;1mListing Load (8.5ms)[0m   [0;1mSELECT * FROM "listings" WHERE ("listings".user_id = 25484) [0m
  [4;35;1mAnalyzing Listing Load Execution Time: 0.009358

[0m   [0mIndex Scan using index_listings_on_id_and_user_id_and_title on listings  (cost=0.00..1615.79 rows=4 width=1172)
   Index Cond: (user_id = 25484)
[0m
  [4;36;1mSQL (222.8ms)[0m   [0;1mSELECT count(*) AS count_all FROM "impressions" WHERE ("impressions".listing_id = 113145) [0m
  [4;35;1mAnalyzing  Execution Time: 0.229396

[0m   [0mAggregate  (cost=12714.08..12714.09 rows=1 width=0)
   ->  Seq Scan on impressions  (cost=0.00..12714.00 rows=31 width=0)
         Filter: (listing_id = 113145)
[0m
  [4;36;1mSQL (10.8ms)[0m   [0;1mSELECT count(*) AS count_all FROM "clicks" WHERE ("clicks".listing_id = 113145) [0m
  [4;35;1mAnalyzing  Execution Time: 0.011144

[0m   [0mAggregate  (cost=814.47..814.48 rows=1 width=0)
   ->  Seq Scan on clicks  (cost=0.00..814.46 rows=2 width=0)
         Filter: (listing_id = 113145)
[0m
  [4;36;1mSQL (2.3ms)[0m   [0;1mSELECT count(*) AS count_all FROM "listings" WHERE ("listings".user_id = 25485) [0m
  [4;35;1mAnalyzing  Execution Time: 0.002693

[0m   [0mAggregate  (cost=1615.81..1615.82 rows=1 width=0)
   ->  Index Scan using index_listings_on_id_and_user_id_and_title on listings  (cost=0.00..1615.79 rows=4 width=0)
         Index Cond: (user_id = 25485)
[0m
  [4;36;1mListing Load (2.3ms)[0m   [0;1mSELECT * FROM "listings" WHERE ("listings".user_id = 25485) [0m
  [4;35;1mAnalyzing Listing Load Execution Time: 0.006595

[0m   [0mIndex Scan using index_listings_on_id_and_user_id_and_title on listings  (cost=0.00..1615.79 rows=4 width=1172)
   Index Cond: (user_id = 25485)
[0m
  [4;36;1mSQL (159.8ms)[0m   [0;1mSELECT count(*) AS count_all FROM "impressions" WHERE ("impressions".listing_id = 67732) [0m
  [4;35;1mAnalyzing  Execution Time: 0.160067

[0m   [0mAggregate  (cost=12714.08..12714.09 rows=1 width=0)
   ->  Seq Scan on impressions  (cost=0.00..12714.00 rows=31 width=0)
         Filter: (listing_id = 67732)
[0m
  [4;36;1mSQL (263.0ms)[0m   [0;1mSELECT count(*) AS count_all FROM "impressions" WHERE ("impressions".listing_id = 67733) [0m
  [4;35;1mAnalyzing  Execution Time: 0.263254

[0m   [0mAggregate  (cost=12714.08..12714.09 rows=1 width=0)
   ->  Seq Scan on impressions  (cost=0.00..12714.00 rows=31 width=0)
         Filter: (listing_id = 67733)
[0m
  [4;36;1mSQL (143.4ms)[0m   [0;1mSELECT count(*) AS count_all FROM "impressions" WHERE ("impressions".listing_id = 71569) [0m
  [4;35;1mAnalyzing  Execution Time: 0.143628

[0m   [0mAggregate  (cost=12714.08..12714.09 rows=1 width=0)
   ->  Seq Scan on impressions  (cost=0.00..12714.00 rows=31 width=0)
         Filter: (listing_id = 71569)
[0m
  [4;36;1mSQL (150.8ms)[0m   [0;1mSELECT count(*) AS count_all FROM "impressions" WHERE ("impressions".listing_id = 71570) [0m
  [4;35;1mAnalyzing  Execution Time: 0.151109

[0m   [0mAggregate  (cost=12714.08..12714.09 rows=1 width=0)
   ->  Seq Scan on impressions  (cost=0.00..12714.00 rows=31 width=0)
         Filter: (listing_id = 71570)
[0m
  [4;36;1mSQL (153.1ms)[0m   [0;1mSELECT count(*) AS count_all FROM "impressions" WHERE ("impressions".listing_id = 75891) [0m
  [4;35;1mAnalyzing  Execution Time: 0.153394

[0m   [0mAggregate  (cost=12714.08..12714.09 rows=1 width=0)
   ->  Seq Scan on impressions  (cost=0.00..12714.00 rows=31 width=0)
         Filter: (listing_id = 75891)
[0m
  [4;36;1mSQL (150.1ms)[0m   [0;1mSELECT count(*) AS count_all FROM "impressions" WHERE ("impressions".listing_id = 75892) [0m
  [4;35;1mAnalyzing  Execution Time: 0.150393

[0m   [0mAggregate  (cost=12714.08..12714.09 rows=1 width=0)
   ->  Seq Scan on impressions  (cost=0.00..12714.00 rows=31 width=0)
         Filter: (listing_id = 75892)
[0m
  [4;36;1mSQL (202.7ms)[0m   [0;1mSELECT count(*) AS count_all FROM "impressions" WHERE ("impressions".listing_id = 75893) [0m
  [4;35;1mAnalyzing  Execution Time: 0.203013

[0m   [0mAggregate  (cost=12714.08..12714.09 rows=1 width=0)
   ->  Seq Scan on impressions  (cost=0.00..12714.00 rows=31 width=0)
         Filter: (listing_id = 75893)
[0m
  [4;36;1mSQL (145.4ms)[0m   [0;1mSELECT count(*) AS count_all FROM "impressions" WHERE ("impressions".listing_id = 79558) [0m
  [4;35;1mAnalyzing  Execution Time: 0.14568

[0m   [0mAggregate  (cost=12714.08..12714.09 rows=1 width=0)
   ->  Seq Scan on impressions  (cost=0.00..12714.00 rows=31 width=0)
         Filter: (listing_id = 79558)
[0m
  [4;36;1mSQL (152.5ms)[0m   [0;1mSELECT count(*) AS count_all FROM "impressions" WHERE ("impressions".listing_id = 79559) [0m
  [4;35;1mAnalyzing  Execution Time: 0.152816

[0m   [0mAggregate  (cost=12714.08..12714.09 rows=1 width=0)
   ->  Seq Scan on impressions  (cost=0.00..12714.00 rows=31 width=0)
         Filter: (listing_id = 79559)
[0m
  [4;36;1mSQL (158.6ms)[0m   [0;1mSELECT count(*) AS count_all FROM "impressions" WHERE ("impressions".listing_id = 103724) [0m
  [4;35;1mAnalyzing  Execution Time: 0.158946

[0m   [0mAggregate  (cost=12714.08..12714.09 rows=1 width=0)
   ->  Seq Scan on impressions  (cost=0.00..12714.00 rows=31 width=0)
         Filter: (listing_id = 103724)
[0m
  [4;36;1mSQL (13.8ms)[0m   [0;1mSELECT count(*) AS count_all FROM "clicks" WHERE ("clicks".listing_id = 67732) [0m
  [4;35;1mAnalyzing  Execution Time: 0.014045

[0m   [0mAggregate  (cost=814.47..814.48 rows=1 width=0)
   ->  Seq Scan on clicks  (cost=0.00..814.46 rows=2 width=0)
         Filter: (listing_id = 67732)
[0m
  [4;36;1mSQL (9.3ms)[0m   [0;1mSELECT count(*) AS count_all FROM "clicks" WHERE ("clicks".listing_id = 67733) [0m
  [4;35;1mAnalyzing  Execution Time: 0.00958

[0m   [0mAggregate  (cost=814.47..814.48 rows=1 width=0)
   ->  Seq Scan on clicks  (cost=0.00..814.46 rows=2 width=0)
         Filter: (listing_id = 67733)
[0m
  [4;36;1mSQL (8.6ms)[0m   [0;1mSELECT count(*) AS count_all FROM "clicks" WHERE ("clicks".listing_id = 71569) [0m
  [4;35;1mAnalyzing  Execution Time: 0.008877

[0m   [0mAggregate  (cost=814.47..814.48 rows=1 width=0)
   ->  Seq Scan on clicks  (cost=0.00..814.46 rows=2 width=0)
         Filter: (listing_id = 71569)
[0m
  [4;36;1mSQL (9.8ms)[0m   [0;1mSELECT count(*) AS count_all FROM "clicks" WHERE ("clicks".listing_id = 71570) [0m
  [4;35;1mAnalyzing  Execution Time: 0.010088

[0m   [0mAggregate  (cost=814.54..814.55 rows=1 width=0)
   ->  Seq Scan on clicks  (cost=0.00..814.46 rows=28 width=0)
         Filter: (listing_id = 71570)
[0m
  [4;36;1mSQL (9.4ms)[0m   [0;1mSELECT count(*) AS count_all FROM "clicks" WHERE ("clicks".listing_id = 75891) [0m
  [4;35;1mAnalyzing  Execution Time: 0.009621

[0m   [0mAggregate  (cost=814.47..814.48 rows=1 width=0)
   ->  Seq Scan on clicks  (cost=0.00..814.46 rows=2 width=0)
         Filter: (listing_id = 75891)
[0m
  [4;36;1mSQL (8.5ms)[0m   [0;1mSELECT count(*) AS count_all FROM "clicks" WHERE ("clicks".listing_id = 75892) [0m
  [4;35;1mAnalyzing  Execution Time: 0.008741

[0m   [0mAggregate  (cost=814.47..814.48 rows=1 width=0)
   ->  Seq Scan on clicks  (cost=0.00..814.46 rows=2 width=0)
         Filter: (listing_id = 75892)
[0m
  [4;36;1mSQL (9.5ms)[0m   [0;1mSELECT count(*) AS count_all FROM "clicks" WHERE ("clicks".listing_id = 75893) [0m
  [4;35;1mAnalyzing  Execution Time: 0.009795

[0m   [0mAggregate  (cost=814.47..814.48 rows=1 width=0)
   ->  Seq Scan on clicks  (cost=0.00..814.46 rows=2 width=0)
         Filter: (listing_id = 75893)
[0m
  [4;36;1mSQL (8.8ms)[0m   [0;1mSELECT count(*) AS count_all FROM "clicks" WHERE ("clicks".listing_id = 79558) [0m
  [4;35;1mAnalyzing  Execution Time: 0.009047

[0m   [0mAggregate  (cost=814.47..814.48 rows=1 width=0)
   ->  Seq Scan on clicks  (cost=0.00..814.46 rows=2 width=0)
         Filter: (listing_id = 79558)
[0m
  [4;36;1mSQL (8.7ms)[0m   [0;1mSELECT count(*) AS count_all FROM "clicks" WHERE ("clicks".listing_id = 79559) [0m
  [4;35;1mAnalyzing  Execution Time: 0.008957

[0m   [0mAggregate  (cost=814.47..814.48 rows=1 width=0)
   ->  Seq Scan on clicks  (cost=0.00..814.46 rows=2 width=0)
         Filter: (listing_id = 79559)
[0m
  [4;36;1mSQL (9.3ms)[0m   [0;1mSELECT count(*) AS count_all FROM "clicks" WHERE ("clicks".listing_id = 103724) [0m
  [4;35;1mAnalyzing  Execution Time: 0.009565

[0m   [0mAggregate  (cost=814.47..814.48 rows=1 width=0)
   ->  Seq Scan on clicks  (cost=0.00..814.46 rows=2 width=0)
         Filter: (listing_id = 103724)
[0m
  [4;36;1mSQL (4.8ms)[0m   [0;1mSELECT count(*) AS count_all FROM "listings" WHERE ("listings".user_id = 25486) [0m
  [4;35;1mAnalyzing  Execution Time: 0.005107

[0m   [0mAggregate  (cost=1615.81..1615.82 rows=1 width=0)
   ->  Index Scan using index_listings_on_id_and_user_id_and_title on listings  (cost=0.00..1615.79 rows=4 width=0)
         Index Cond: (user_id = 25486)
[0m
  [4;36;1mListing Load (1.9ms)[0m   [0;1mSELECT * FROM "listings" WHERE ("listings".user_id = 25486) [0m
  [4;35;1mAnalyzing Listing Load Execution Time: 0.002669

[0m   [0mIndex Scan using index_listings_on_id_and_user_id_and_title on listings  (cost=0.00..1615.79 rows=4 width=1172)
   Index Cond: (user_id = 25486)
[0m
  [4;36;1mSQL (149.1ms)[0m   [0;1mSELECT count(*) AS count_all FROM "impressions" WHERE ("impressions".listing_id = 64705) [0m
  [4;35;1mAnalyzing  Execution Time: 0.149378

[0m   [0mAggregate  (cost=12714.08..12714.09 rows=1 width=0)
   ->  Seq Scan on impressions  (cost=0.00..12714.00 rows=31 width=0)
         Filter: (listing_id = 64705)
[0m
  [4;36;1mSQL (8.6ms)[0m   [0;1mSELECT count(*) AS count_all FROM "clicks" WHERE ("clicks".listing_id = 64705) [0m
  [4;35;1mAnalyzing  Execution Time: 0.008851

[0m   [0mAggregate  (cost=814.47..814.48 rows=1 width=0)
   ->  Seq Scan on clicks  (cost=0.00..814.46 rows=2 width=0)
         Filter: (listing_id = 64705)
[0m
  [4;36;1mSQL (2.2ms)[0m   [0;1mSELECT count(*) AS count_all FROM "listings" WHERE ("listings".user_id = 25487) [0m
  [4;35;1mAnalyzing  Execution Time: 0.002501

[0m   [0mAggregate  (cost=1615.81..1615.82 rows=1 width=0)
   ->  Index Scan using index_listings_on_id_and_user_id_and_title on listings  (cost=0.00..1615.79 rows=4 width=0)
         Index Cond: (user_id = 25487)
[0m
  [4;36;1mListing Load (2.2ms)[0m   [0;1mSELECT * FROM "listings" WHERE ("listings".user_id = 25487) [0m
  [4;35;1mAnalyzing Listing Load Execution Time: 0.003268

[0m   [0mIndex Scan using index_listings_on_id_and_user_id_and_title on listings  (cost=0.00..1615.79 rows=4 width=1172)
   Index Cond: (user_id = 25487)
[0m
  [4;36;1mSQL (147.1ms)[0m   [0;1mSELECT count(*) AS count_all FROM "impressions" WHERE ("impressions".listing_id = 103692) [0m
  [4;35;1mAnalyzing  Execution Time: 0.147344

[0m   [0mAggregate  (cost=12714.08..12714.09 rows=1 width=0)
   ->  Seq Scan on impressions  (cost=0.00..12714.00 rows=31 width=0)
         Filter: (listing_id = 103692)
[0m
  [4;36;1mSQL (8.3ms)[0m   [0;1mSELECT count(*) AS count_all FROM "clicks" WHERE ("clicks".listing_id = 103692) [0m
  [4;35;1mAnalyzing  Execution Time: 0.008587

[0m   [0mAggregate  (cost=814.47..814.48 rows=1 width=0)
   ->  Seq Scan on clicks  (cost=0.00..814.46 rows=2 width=0)
         Filter: (listing_id = 103692)
[0m
  [4;36;1mSQL (2.1ms)[0m   [0;1mSELECT count(*) AS count_all FROM "listings" WHERE ("listings".user_id = 25488) [0m
  [4;35;1mAnalyzing  Execution Time: 0.002306

[0m   [0mAggregate  (cost=1615.81..1615.82 rows=1 width=0)
   ->  Index Scan using index_listings_on_id_and_user_id_and_title on listings  (cost=0.00..1615.79 rows=4 width=0)
         Index Cond: (user_id = 25488)
[0m
  [4;36;1mListing Load (2.6ms)[0m   [0;1mSELECT * FROM "listings" WHERE ("listings".user_id = 25488) [0m
  [4;35;1mAnalyzing Listing Load Execution Time: 0.003328

[0m   [0mIndex Scan using index_listings_on_id_and_user_id_and_title on listings  (cost=0.00..1615.79 rows=4 width=1172)
   Index Cond: (user_id = 25488)
[0m
  [4;36;1mSQL (164.9ms)[0m   [0;1mSELECT count(*) AS count_all FROM "impressions" WHERE ("impressions".listing_id = 113146) [0m
  [4;35;1mAnalyzing  Execution Time: 0.165487

[0m   [0mAggregate  (cost=12714.08..12714.09 rows=1 width=0)
   ->  Seq Scan on impressions  (cost=0.00..12714.00 rows=31 width=0)
         Filter: (listing_id = 113146)
[0m
  [4;36;1mSQL (10.5ms)[0m   [0;1mSELECT count(*) AS count_all FROM "clicks" WHERE ("clicks".listing_id = 113146) [0m
  [4;35;1mAnalyzing  Execution Time: 0.010818

[0m   [0mAggregate  (cost=814.47..814.48 rows=1 width=0)
   ->  Seq Scan on clicks  (cost=0.00..814.46 rows=2 width=0)
         Filter: (listing_id = 113146)
[0m
  [4;36;1mSQL (1.9ms)[0m   [0;1mSELECT count(*) AS count_all FROM "listings" WHERE ("listings".user_id = 25489) [0m
  [4;35;1mAnalyzing  Execution Time: 0.002165

[0m   [0mAggregate  (cost=1615.81..1615.82 rows=1 width=0)
   ->  Index Scan using index_listings_on_id_and_user_id_and_title on listings  (cost=0.00..1615.79 rows=4 width=0)
         Index Cond: (user_id = 25489)
[0m
  [4;36;1mListing Load (2.0ms)[0m   [0;1mSELECT * FROM "listings" WHERE ("listings".user_id = 25489) [0m
  [4;35;1mAnalyzing Listing Load Execution Time: 0.002758

[0m   [0mIndex Scan using index_listings_on_id_and_user_id_and_title on listings  (cost=0.00..1615.79 rows=4 width=1172)
   Index Cond: (user_id = 25489)
[0m
  [4;36;1mSQL (161.5ms)[0m   [0;1mSELECT count(*) AS count_all FROM "impressions" WHERE ("impressions".listing_id = 113147) [0m
  [4;35;1mAnalyzing  Execution Time: 0.161744

[0m   [0mAggregate  (cost=12714.08..12714.09 rows=1 width=0)
   ->  Seq Scan on impressions  (cost=0.00..12714.00 rows=31 width=0)
         Filter: (listing_id = 113147)
[0m
  [4;36;1mSQL (9.6ms)[0m   [0;1mSELECT count(*) AS count_all FROM "clicks" WHERE ("clicks".listing_id = 113147) [0m
  [4;35;1mAnalyzing  Execution Time: 0.009856

[0m   [0mAggregate  (cost=814.47..814.48 rows=1 width=0)
   ->  Seq Scan on clicks  (cost=0.00..814.46 rows=2 width=0)
         Filter: (listing_id = 113147)
[0m
  [4;36;1mSQL (2.2ms)[0m   [0;1mSELECT count(*) AS count_all FROM "listings" WHERE ("listings".user_id = 25490) [0m
  [4;35;1mAnalyzing  Execution Time: 0.002467

[0m   [0mAggregate  (cost=1615.81..1615.82 rows=1 width=0)
   ->  Index Scan using index_listings_on_id_and_user_id_and_title on listings  (cost=0.00..1615.79 rows=4 width=0)
         Index Cond: (user_id = 25490)
[0m
  [4;36;1mListing Load (2.2ms)[0m   [0;1mSELECT * FROM "listings" WHERE ("listings".user_id = 25490) [0m
  [4;35;1mAnalyzing Listing Load Execution Time: 0.003311

[0m   [0mIndex Scan using index_listings_on_id_and_user_id_and_title on listings  (cost=0.00..1615.79 rows=4 width=1172)
   Index Cond: (user_id = 25490)
[0m
  [4;36;1mSQL (171.0ms)[0m   [0;1mSELECT count(*) AS count_all FROM "impressions" WHERE ("impressions".listing_id = 113148) [0m
  [4;35;1mAnalyzing  Execution Time: 0.171293

[0m   [0mAggregate  (cost=12714.08..12714.09 rows=1 width=0)
   ->  Seq Scan on impressions  (cost=0.00..12714.00 rows=31 width=0)
         Filter: (listing_id = 113148)
[0m
  [4;36;1mSQL (8.4ms)[0m   [0;1mSELECT count(*) AS count_all FROM "clicks" WHERE ("clicks".listing_id = 113148) [0m
  [4;35;1mAnalyzing  Execution Time: 0.008726

[0m   [0mAggregate  (cost=814.47..814.48 rows=1 width=0)
   ->  Seq Scan on clicks  (cost=0.00..814.46 rows=2 width=0)
         Filter: (listing_id = 113148)
[0m
  [4;36;1mSQL (3.3ms)[0m   [0;1mSELECT count(*) AS count_all FROM "listings" WHERE ("listings".user_id = 25491) [0m
  [4;35;1mAnalyzing  Execution Time: 0.003571

[0m   [0mAggregate  (cost=1615.81..1615.82 rows=1 width=0)
   ->  Index Scan using index_listings_on_id_and_user_id_and_title on listings  (cost=0.00..1615.79 rows=4 width=0)
         Index Cond: (user_id = 25491)
[0m
  [4;36;1mListing Load (2.2ms)[0m   [0;1mSELECT * FROM "listings" WHERE ("listings".user_id = 25491) [0m
  [4;35;1mAnalyzing Listing Load Execution Time: 0.002944

[0m   [0mIndex Scan using index_listings_on_id_and_user_id_and_title on listings  (cost=0.00..1615.79 rows=4 width=1172)
   Index Cond: (user_id = 25491)
[0m
  [4;36;1mSQL (168.4ms)[0m   [0;1mSELECT count(*) AS count_all FROM "impressions" WHERE ("impressions".listing_id = 82224) [0m
  [4;35;1mAnalyzing  Execution Time: 0.168734

[0m   [0mAggregate  (cost=12714.08..12714.09 rows=1 width=0)
   ->  Seq Scan on impressions  (cost=0.00..12714.00 rows=31 width=0)
         Filter: (listing_id = 82224)
[0m
  [4;36;1mSQL (8.7ms)[0m   [0;1mSELECT count(*) AS count_all FROM "clicks" WHERE ("clicks".listing_id = 82224) [0m
  [4;35;1mAnalyzing  Execution Time: 0.008903

[0m   [0mAggregate  (cost=814.47..814.48 rows=1 width=0)
   ->  Seq Scan on clicks  (cost=0.00..814.46 rows=2 width=0)
         Filter: (listing_id = 82224)
[0m
  [4;36;1mSQL (2.0ms)[0m   [0;1mSELECT count(*) AS count_all FROM "listings" WHERE ("listings".user_id = 25492) [0m
  [4;35;1mAnalyzing  Execution Time: 0.002229

[0m   [0mAggregate  (cost=1615.81..1615.82 rows=1 width=0)
   ->  Index Scan using index_listings_on_id_and_user_id_and_title on listings  (cost=0.00..1615.79 rows=4 width=0)
         Index Cond: (user_id = 25492)
[0m
  [4;36;1mListing Load (2.0ms)[0m   [0;1mSELECT * FROM "listings" WHERE ("listings".user_id = 25492) [0m
  [4;35;1mAnalyzing Listing Load Execution Time: 0.002737

[0m   [0mIndex Scan using index_listings_on_id_and_user_id_and_title on listings  (cost=0.00..1615.79 rows=4 width=1172)
   Index Cond: (user_id = 25492)
[0m
  [4;36;1mSQL (158.9ms)[0m   [0;1mSELECT count(*) AS count_all FROM "impressions" WHERE ("impressions".listing_id = 75969) [0m
  [4;35;1mAnalyzing  Execution Time: 0.15919

[0m   [0mAggregate  (cost=12714.08..12714.09 rows=1 width=0)
   ->  Seq Scan on impressions  (cost=0.00..12714.00 rows=31 width=0)
         Filter: (listing_id = 75969)
[0m
  [4;36;1mSQL (10.0ms)[0m   [0;1mSELECT count(*) AS count_all FROM "clicks" WHERE ("clicks".listing_id = 75969) [0m
  [4;35;1mAnalyzing  Execution Time: 0.010274

[0m   [0mAggregate  (cost=814.47..814.48 rows=1 width=0)
   ->  Seq Scan on clicks  (cost=0.00..814.46 rows=2 width=0)
         Filter: (listing_id = 75969)
[0m
  [4;36;1mSQL (2.8ms)[0m   [0;1mSELECT count(*) AS count_all FROM "listings" WHERE ("listings".user_id = 25493) [0m
  [4;35;1mAnalyzing  Execution Time: 0.003125

[0m   [0mAggregate  (cost=1615.81..1615.82 rows=1 width=0)
   ->  Index Scan using index_listings_on_id_and_user_id_and_title on listings  (cost=0.00..1615.79 rows=4 width=0)
         Index Cond: (user_id = 25493)
[0m
  [4;36;1mListing Load (2.3ms)[0m   [0;1mSELECT * FROM "listings" WHERE ("listings".user_id = 25493) [0m
  [4;35;1mAnalyzing Listing Load Execution Time: 0.003096

[0m   [0mIndex Scan using index_listings_on_id_and_user_id_and_title on listings  (cost=0.00..1615.79 rows=4 width=1172)
   Index Cond: (user_id = 25493)
[0m
  [4;36;1mSQL (155.5ms)[0m   [0;1mSELECT count(*) AS count_all FROM "impressions" WHERE ("impressions".listing_id = 113149) [0m
  [4;35;1mAnalyzing  Execution Time: 0.155733

[0m   [0mAggregate  (cost=12714.08..12714.09 rows=1 width=0)
   ->  Seq Scan on impressions  (cost=0.00..12714.00 rows=31 width=0)
         Filter: (listing_id = 113149)
[0m
  [4;36;1mSQL (14.3ms)[0m   [0;1mSELECT count(*) AS count_all FROM "clicks" WHERE ("clicks".listing_id = 113149) [0m
  [4;35;1mAnalyzing  Execution Time: 0.014585

[0m   [0mAggregate  (cost=814.47..814.48 rows=1 width=0)
   ->  Seq Scan on clicks  (cost=0.00..814.46 rows=2 width=0)
         Filter: (listing_id = 113149)
[0m
  [4;36;1mSQL (2.1ms)[0m   [0;1mSELECT count(*) AS count_all FROM "listings" WHERE ("listings".user_id = 25494) [0m
  [4;35;1mAnalyzing  Execution Time: 0.0024

[0m   [0mAggregate  (cost=1615.81..1615.82 rows=1 width=0)
   ->  Index Scan using index_listings_on_id_and_user_id_and_title on listings  (cost=0.00..1615.79 rows=4 width=0)
         Index Cond: (user_id = 25494)
[0m
  [4;36;1mListing Load (2.1ms)[0m   [0;1mSELECT * FROM "listings" WHERE ("listings".user_id = 25494) [0m
  [4;35;1mAnalyzing Listing Load Execution Time: 0.003308

[0m   [0mIndex Scan using index_listings_on_id_and_user_id_and_title on listings  (cost=0.00..1615.79 rows=4 width=1172)
   Index Cond: (user_id = 25494)
[0m
  [4;36;1mSQL (154.9ms)[0m   [0;1mSELECT count(*) AS count_all FROM "impressions" WHERE ("impressions".listing_id = 82137) [0m
  [4;35;1mAnalyzing  Execution Time: 0.155188

[0m   [0mAggregate  (cost=12714.08..12714.09 rows=1 width=0)
   ->  Seq Scan on impressions  (cost=0.00..12714.00 rows=31 width=0)
         Filter: (listing_id = 82137)
[0m
  [4;36;1mSQL (9.5ms)[0m   [0;1mSELECT count(*) AS count_all FROM "clicks" WHERE ("clicks".listing_id = 82137) [0m
  [4;35;1mAnalyzing  Execution Time: 0.009843

[0m   [0mAggregate  (cost=814.47..814.48 rows=1 width=0)
   ->  Seq Scan on clicks  (cost=0.00..814.46 rows=2 width=0)
         Filter: (listing_id = 82137)
[0m
  [4;36;1mSQL (2.9ms)[0m   [0;1mSELECT count(*) AS count_all FROM "listings" WHERE ("listings".user_id = 25482) [0m
  [4;35;1mAnalyzing  Execution Time: 0.003248

[0m   [0mAggregate  (cost=1615.81..1615.82 rows=1 width=0)
   ->  Index Scan using index_listings_on_id_and_user_id_and_title on listings  (cost=0.00..1615.79 rows=4 width=0)
         Index Cond: (user_id = 25482)
[0m
  [4;36;1mListing Load (3.2ms)[0m   [0;1mSELECT * FROM "listings" WHERE ("listings".user_id = 25482) [0m
  [4;35;1mAnalyzing Listing Load Execution Time: 0.008346

[0m   [0mIndex Scan using index_listings_on_id_and_user_id_and_title on listings  (cost=0.00..1615.79 rows=4 width=1172)
   Index Cond: (user_id = 25482)
[0m
  [4;36;1mSQL (153.8ms)[0m   [0;1mSELECT count(*) AS count_all FROM "impressions" WHERE ("impressions".listing_id = 65992) [0m
  [4;35;1mAnalyzing  Execution Time: 0.154096

[0m   [0mAggregate  (cost=12714.08..12714.09 rows=1 width=0)
   ->  Seq Scan on impressions  (cost=0.00..12714.00 rows=31 width=0)
         Filter: (listing_id = 65992)
[0m
  [4;36;1mSQL (154.6ms)[0m   [0;1mSELECT count(*) AS count_all FROM "impressions" WHERE ("impressions".listing_id = 93623) [0m
  [4;35;1mAnalyzing  Execution Time: 0.155099

[0m   [0mAggregate  (cost=12714.08..12714.09 rows=1 width=0)
   ->  Seq Scan on impressions  (cost=0.00..12714.00 rows=31 width=0)
         Filter: (listing_id = 93623)
[0m
  [4;36;1mSQL (153.4ms)[0m   [0;1mSELECT count(*) AS count_all FROM "impressions" WHERE ("impressions".listing_id = 93624) [0m
  [4;35;1mAnalyzing  Execution Time: 0.153618

[0m   [0mAggregate  (cost=12714.08..12714.09 rows=1 width=0)
   ->  Seq Scan on impressions  (cost=0.00..12714.00 rows=31 width=0)
         Filter: (listing_id = 93624)
[0m
  [4;36;1mSQL (154.6ms)[0m   [0;1mSELECT count(*) AS count_all FROM "impressions" WHERE ("impressions".listing_id = 93625) [0m
  [4;35;1mAnalyzing  Execution Time: 0.15487

[0m   [0mAggregate  (cost=12714.08..12714.09 rows=1 width=0)
   ->  Seq Scan on impressions  (cost=0.00..12714.00 rows=31 width=0)
         Filter: (listing_id = 93625)
[0m
  [4;36;1mSQL (149.4ms)[0m   [0;1mSELECT count(*) AS count_all FROM "impressions" WHERE ("impressions".listing_id = 93632) [0m
  [4;35;1mAnalyzing  Execution Time: 0.14962

[0m   [0mAggregate  (cost=12714.08..12714.09 rows=1 width=0)
   ->  Seq Scan on impressions  (cost=0.00..12714.00 rows=31 width=0)
         Filter: (listing_id = 93632)
[0m
  [4;36;1mSQL (228.8ms)[0m   [0;1mSELECT count(*) AS count_all FROM "impressions" WHERE ("impressions".listing_id = 93643) [0m
  [4;35;1mAnalyzing  Execution Time: 0.22907

[0m   [0mAggregate  (cost=12714.08..12714.09 rows=1 width=0)
   ->  Seq Scan on impressions  (cost=0.00..12714.00 rows=31 width=0)
         Filter: (listing_id = 93643)
[0m
  [4;36;1mSQL (173.0ms)[0m   [0;1mSELECT count(*) AS count_all FROM "impressions" WHERE ("impressions".listing_id = 93645) [0m
  [4;35;1mAnalyzing  Execution Time: 0.173241

[0m   [0mAggregate  (cost=12714.08..12714.09 rows=1 width=0)
   ->  Seq Scan on impressions  (cost=0.00..12714.00 rows=31 width=0)
         Filter: (listing_id = 93645)
[0m
  [4;36;1mSQL (151.2ms)[0m   [0;1mSELECT count(*) AS count_all FROM "impressions" WHERE ("impressions".listing_id = 93647) [0m
  [4;35;1mAnalyzing  Execution Time: 0.151484

[0m   [0mAggregate  (cost=12714.08..12714.09 rows=1 width=0)
   ->  Seq Scan on impressions  (cost=0.00..12714.00 rows=31 width=0)
         Filter: (listing_id = 93647)
[0m
  [4;36;1mSQL (149.7ms)[0m   [0;1mSELECT count(*) AS count_all FROM "impressions" WHERE ("impressions".listing_id = 93648) [0m
  [4;35;1mAnalyzing  Execution Time: 0.149978

[0m   [0mAggregate  (cost=12714.08..12714.09 rows=1 width=0)
   ->  Seq Scan on impressions  (cost=0.00..12714.00 rows=31 width=0)
         Filter: (listing_id = 93648)
[0m
  [4;36;1mSQL (150.7ms)[0m   [0;1mSELECT count(*) AS count_all FROM "impressions" WHERE ("impressions".listing_id = 113180) [0m
  [4;35;1mAnalyzing  Execution Time: 0.151028

[0m   [0mAggregate  (cost=12714.08..12714.09 rows=1 width=0)
   ->  Seq Scan on impressions  (cost=0.00..12714.00 rows=31 width=0)
         Filter: (listing_id = 113180)
[0m
  [4;36;1mSQL (149.5ms)[0m   [0;1mSELECT count(*) AS count_all FROM "impressions" WHERE ("impressions".listing_id = 113181) [0m
  [4;35;1mAnalyzing  Execution Time: 0.149738

[0m   [0mAggregate  (cost=12714.08..12714.09 rows=1 width=0)
   ->  Seq Scan on impressions  (cost=0.00..12714.00 rows=31 width=0)
         Filter: (listing_id = 113181)
[0m
  [4;36;1mSQL (150.9ms)[0m   [0;1mSELECT count(*) AS count_all FROM "impressions" WHERE ("impressions".listing_id = 113182) [0m
  [4;35;1mAnalyzing  Execution Time: 0.15127

[0m   [0mAggregate  (cost=12714.08..12714.09 rows=1 width=0)
   ->  Seq Scan on impressions  (cost=0.00..12714.00 rows=31 width=0)
         Filter: (listing_id = 113182)
[0m
  [4;36;1mSQL (13.2ms)[0m   [0;1mSELECT count(*) AS count_all FROM "clicks" WHERE ("clicks".listing_id = 65992) [0m
  [4;35;1mAnalyzing  Execution Time: 0.013464

[0m   [0mAggregate  (cost=814.47..814.48 rows=1 width=0)
   ->  Seq Scan on clicks  (cost=0.00..814.46 rows=2 width=0)
         Filter: (listing_id = 65992)
[0m
  [4;36;1mSQL (8.5ms)[0m   [0;1mSELECT count(*) AS count_all FROM "clicks" WHERE ("clicks".listing_id = 93623) [0m
  [4;35;1mAnalyzing  Execution Time: 0.008724

[0m   [0mAggregate  (cost=814.47..814.48 rows=1 width=0)
   ->  Seq Scan on clicks  (cost=0.00..814.46 rows=2 width=0)
         Filter: (listing_id = 93623)
[0m
  [4;36;1mSQL (9.0ms)[0m   [0;1mSELECT count(*) AS count_all FROM "clicks" WHERE ("clicks".listing_id = 93624) [0m
  [4;35;1mAnalyzing  Execution Time: 0.009578

[0m   [0mAggregate  (cost=814.47..814.48 rows=1 width=0)
   ->  Seq Scan on clicks  (cost=0.00..814.46 rows=2 width=0)
         Filter: (listing_id = 93624)
[0m
  [4;36;1mSQL (9.3ms)[0m   [0;1mSELECT count(*) AS count_all FROM "clicks" WHERE ("clicks".listing_id = 93625) [0m
  [4;35;1mAnalyzing  Execution Time: 0.009574

[0m   [0mAggregate  (cost=814.47..814.48 rows=1 width=0)
   ->  Seq Scan on clicks  (cost=0.00..814.46 rows=2 width=0)
         Filter: (listing_id = 93625)
[0m
  [4;36;1mSQL (8.4ms)[0m   [0;1mSELECT count(*) AS count_all FROM "clicks" WHERE ("clicks".listing_id = 93632) [0m
  [4;35;1mAnalyzing  Execution Time: 0.008618

[0m   [0mAggregate  (cost=814.47..814.48 rows=1 width=0)
   ->  Seq Scan on clicks  (cost=0.00..814.46 rows=2 width=0)
         Filter: (listing_id = 93632)
[0m
  [4;36;1mSQL (8.9ms)[0m   [0;1mSELECT count(*) AS count_all FROM "clicks" WHERE ("clicks".listing_id = 93643) [0m
  [4;35;1mAnalyzing  Execution Time: 0.009194

[0m   [0mAggregate  (cost=814.47..814.48 rows=1 width=0)
   ->  Seq Scan on clicks  (cost=0.00..814.46 rows=2 width=0)
         Filter: (listing_id = 93643)
[0m
  [4;36;1mSQL (10.8ms)[0m   [0;1mSELECT count(*) AS count_all FROM "clicks" WHERE ("clicks".listing_id = 93645) [0m
  [4;35;1mAnalyzing  Execution Time: 0.011061

[0m   [0mAggregate  (cost=814.47..814.48 rows=1 width=0)
   ->  Seq Scan on clicks  (cost=0.00..814.46 rows=2 width=0)
         Filter: (listing_id = 93645)
[0m
  [4;36;1mSQL (8.4ms)[0m   [0;1mSELECT count(*) AS count_all FROM "clicks" WHERE ("clicks".listing_id = 93647) [0m
  [4;35;1mAnalyzing  Execution Time: 0.008645

[0m   [0mAggregate  (cost=814.47..814.48 rows=1 width=0)
   ->  Seq Scan on clicks  (cost=0.00..814.46 rows=2 width=0)
         Filter: (listing_id = 93647)
[0m
  [4;36;1mSQL (8.7ms)[0m   [0;1mSELECT count(*) AS count_all FROM "clicks" WHERE ("clicks".listing_id = 93648) [0m
  [4;35;1mAnalyzing  Execution Time: 0.008991

[0m   [0mAggregate  (cost=814.47..814.48 rows=1 width=0)
   ->  Seq Scan on clicks  (cost=0.00..814.46 rows=2 width=0)
         Filter: (listing_id = 93648)
[0m
  [4;36;1mSQL (9.4ms)[0m   [0;1mSELECT count(*) AS count_all FROM "clicks" WHERE ("clicks".listing_id = 113180) [0m
  [4;35;1mAnalyzing  Execution Time: 0.009781

[0m   [0mAggregate  (cost=814.47..814.48 rows=1 width=0)
   ->  Seq Scan on clicks  (cost=0.00..814.46 rows=2 width=0)
         Filter: (listing_id = 113180)
[0m
  [4;36;1mSQL (8.6ms)[0m   [0;1mSELECT count(*) AS count_all FROM "clicks" WHERE ("clicks".listing_id = 113181) [0m
  [4;35;1mAnalyzing  Execution Time: 0.008896

[0m   [0mAggregate  (cost=814.47..814.48 rows=1 width=0)
   ->  Seq Scan on clicks  (cost=0.00..814.46 rows=2 width=0)
         Filter: (listing_id = 113181)
[0m
  [4;36;1mSQL (8.6ms)[0m   [0;1mSELECT count(*) AS count_all FROM "clicks" WHERE ("clicks".listing_id = 113182) [0m
  [4;35;1mAnalyzing  Execution Time: 0.008949

[0m   [0mAggregate  (cost=814.47..814.48 rows=1 width=0)
   ->  Seq Scan on clicks  (cost=0.00..814.46 rows=2 width=0)
         Filter: (listing_id = 113182)
[0m
  [4;36;1mSQL (4.5ms)[0m   [0;1mSELECT count(*) AS count_all FROM "listings" WHERE ("listings".user_id = 25480) [0m
  [4;35;1mAnalyzing  Execution Time: 0.004755

[0m   [0mAggregate  (cost=1615.81..1615.82 rows=1 width=0)
   ->  Index Scan using index_listings_on_id_and_user_id_and_title on listings  (cost=0.00..1615.79 rows=4 width=0)
         Index Cond: (user_id = 25480)
[0m
  [4;36;1mListing Load (2.0ms)[0m   [0;1mSELECT * FROM "listings" WHERE ("listings".user_id = 25480) [0m
  [4;35;1mAnalyzing Listing Load Execution Time: 0.002715

[0m   [0mIndex Scan using index_listings_on_id_and_user_id_and_title on listings  (cost=0.00..1615.79 rows=4 width=1172)
   Index Cond: (user_id = 25480)
[0m
  [4;36;1mSQL (150.1ms)[0m   [0;1mSELECT count(*) AS count_all FROM "impressions" WHERE ("impressions".listing_id = 65906) [0m
  [4;35;1mAnalyzing  Execution Time: 0.150397

[0m   [0mAggregate  (cost=12714.08..12714.09 rows=1 width=0)
   ->  Seq Scan on impressions  (cost=0.00..12714.00 rows=31 width=0)
         Filter: (listing_id = 65906)
[0m
  [4;36;1mSQL (10.0ms)[0m   [0;1mSELECT count(*) AS count_all FROM "clicks" WHERE ("clicks".listing_id = 65906) [0m
  [4;35;1mAnalyzing  Execution Time: 0.010263

[0m   [0mAggregate  (cost=814.47..814.48 rows=1 width=0)
   ->  Seq Scan on clicks  (cost=0.00..814.46 rows=2 width=0)
         Filter: (listing_id = 65906)
[0m
  [4;36;1mSQL (2.2ms)[0m   [0;1mSELECT count(*) AS count_all FROM "listings" WHERE ("listings".user_id = 25481) [0m
  [4;35;1mAnalyzing  Execution Time: 0.002466

[0m   [0mAggregate  (cost=1615.81..1615.82 rows=1 width=0)
   ->  Index Scan using index_listings_on_id_and_user_id_and_title on listings  (cost=0.00..1615.79 rows=4 width=0)
         Index Cond: (user_id = 25481)
[0m
  [4;36;1mListing Load (2.3ms)[0m   [0;1mSELECT * FROM "listings" WHERE ("listings".user_id = 25481) [0m
  [4;35;1mAnalyzing Listing Load Execution Time: 0.002954

[0m   [0mIndex Scan using index_listings_on_id_and_user_id_and_title on listings  (cost=0.00..1615.79 rows=4 width=1172)
   Index Cond: (user_id = 25481)
[0m
  [4;36;1mSQL (150.5ms)[0m   [0;1mSELECT count(*) AS count_all FROM "impressions" WHERE ("impressions".listing_id = 113143) [0m
  [4;35;1mAnalyzing  Execution Time: 0.150794

[0m   [0mAggregate  (cost=12714.08..12714.09 rows=1 width=0)
   ->  Seq Scan on impressions  (cost=0.00..12714.00 rows=31 width=0)
         Filter: (listing_id = 113143)
[0m
  [4;36;1mSQL (8.9ms)[0m   [0;1mSELECT count(*) AS count_all FROM "clicks" WHERE ("clicks".listing_id = 113143) [0m
  [4;35;1mAnalyzing  Execution Time: 0.009187

[0m   [0mAggregate  (cost=814.47..814.48 rows=1 width=0)
   ->  Seq Scan on clicks  (cost=0.00..814.46 rows=2 width=0)
         Filter: (listing_id = 113143)
[0m
  [4;36;1mSQL (2.1ms)[0m   [0;1mSELECT count(*) AS count_all FROM "listings" WHERE ("listings".user_id = 25477) [0m
  [4;35;1mAnalyzing  Execution Time: 0.00244

[0m   [0mAggregate  (cost=1615.81..1615.82 rows=1 width=0)
   ->  Index Scan using index_listings_on_id_and_user_id_and_title on listings  (cost=0.00..1615.79 rows=4 width=0)
         Index Cond: (user_id = 25477)
[0m
  [4;36;1mListing Load (2.2ms)[0m   [0;1mSELECT * FROM "listings" WHERE ("listings".user_id = 25477) [0m
  [4;35;1mAnalyzing Listing Load Execution Time: 0.002877

[0m   [0mIndex Scan using index_listings_on_id_and_user_id_and_title on listings  (cost=0.00..1615.79 rows=4 width=1172)
   Index Cond: (user_id = 25477)
[0m
  [4;36;1mSQL (219.8ms)[0m   [0;1mSELECT count(*) AS count_all FROM "impressions" WHERE ("impressions".listing_id = 80587) [0m
  [4;35;1mAnalyzing  Execution Time: 0.220126

[0m   [0mAggregate  (cost=12714.08..12714.09 rows=1 width=0)
   ->  Seq Scan on impressions  (cost=0.00..12714.00 rows=31 width=0)
         Filter: (listing_id = 80587)
[0m
  [4;36;1mSQL (18.9ms)[0m   [0;1mSELECT count(*) AS count_all FROM "clicks" WHERE ("clicks".listing_id = 80587) [0m
  [4;35;1mAnalyzing  Execution Time: 0.019234

[0m   [0mAggregate  (cost=814.47..814.48 rows=1 width=0)
   ->  Seq Scan on clicks  (cost=0.00..814.46 rows=2 width=0)
         Filter: (listing_id = 80587)
[0m
  [4;36;1mSQL (10.3ms)[0m   [0;1mSELECT count(*) AS count_all FROM "listings" WHERE ("listings".user_id = 25478) [0m
  [4;35;1mAnalyzing  Execution Time: 0.010643

[0m   [0mAggregate  (cost=1615.81..1615.82 rows=1 width=0)
   ->  Index Scan using index_listings_on_id_and_user_id_and_title on listings  (cost=0.00..1615.79 rows=4 width=0)
         Index Cond: (user_id = 25478)
[0m
  [4;36;1mListing Load (2.2ms)[0m   [0;1mSELECT * FROM "listings" WHERE ("listings".user_id = 25478) [0m
  [4;35;1mAnalyzing Listing Load Execution Time: 0.002854

[0m   [0mIndex Scan using index_listings_on_id_and_user_id_and_title on listings  (cost=0.00..1615.79 rows=4 width=1172)
   Index Cond: (user_id = 25478)
[0m
  [4;36;1mSQL (151.4ms)[0m   [0;1mSELECT count(*) AS count_all FROM "impressions" WHERE ("impressions".listing_id = 113141) [0m
  [4;35;1mAnalyzing  Execution Time: 0.151699

[0m   [0mAggregate  (cost=12714.08..12714.09 rows=1 width=0)
   ->  Seq Scan on impressions  (cost=0.00..12714.00 rows=31 width=0)
         Filter: (listing_id = 113141)
[0m
  [4;36;1mSQL (8.4ms)[0m   [0;1mSELECT count(*) AS count_all FROM "clicks" WHERE ("clicks".listing_id = 113141) [0m
  [4;35;1mAnalyzing  Execution Time: 0.008676

[0m   [0mAggregate  (cost=814.47..814.48 rows=1 width=0)
   ->  Seq Scan on clicks  (cost=0.00..814.46 rows=2 width=0)
         Filter: (listing_id = 113141)
[0m
  [4;36;1mSQL (1.9ms)[0m   [0;1mSELECT count(*) AS count_all FROM "listings" WHERE ("listings".user_id = 25479) [0m
  [4;35;1mAnalyzing  Execution Time: 0.002143

[0m   [0mAggregate  (cost=1615.81..1615.82 rows=1 width=0)
   ->  Index Scan using index_listings_on_id_and_user_id_and_title on listings  (cost=0.00..1615.79 rows=4 width=0)
         Index Cond: (user_id = 25479)
[0m
  [4;36;1mListing Load (2.6ms)[0m   [0;1mSELECT * FROM "listings" WHERE ("listings".user_id = 25479) [0m
  [4;35;1mAnalyzing Listing Load Execution Time: 0.003401

[0m   [0mIndex Scan using index_listings_on_id_and_user_id_and_title on listings  (cost=0.00..1615.79 rows=4 width=1172)
   Index Cond: (user_id = 25479)
[0m
  [4;36;1mSQL (152.2ms)[0m   [0;1mSELECT count(*) AS count_all FROM "impressions" WHERE ("impressions".listing_id = 113142) [0m
  [4;35;1mAnalyzing  Execution Time: 0.152436

[0m   [0mAggregate  (cost=12714.08..12714.09 rows=1 width=0)
   ->  Seq Scan on impressions  (cost=0.00..12714.00 rows=31 width=0)
         Filter: (listing_id = 113142)
[0m
  [4;36;1mSQL (8.7ms)[0m   [0;1mSELECT count(*) AS count_all FROM "clicks" WHERE ("clicks".listing_id = 113142) [0m
  [4;35;1mAnalyzing  Execution Time: 0.009011

[0m   [0mAggregate  (cost=814.47..814.48 rows=1 width=0)
   ->  Seq Scan on clicks  (cost=0.00..814.46 rows=2 width=0)
         Filter: (listing_id = 113142)
[0m
  [4;36;1mSQL (2.1ms)[0m   [0;1mSELECT count(*) AS count_all FROM "listings" WHERE ("listings".user_id = 25471) [0m
  [4;35;1mAnalyzing  Execution Time: 0.002341

[0m   [0mAggregate  (cost=1615.81..1615.82 rows=1 width=0)
   ->  Index Scan using index_listings_on_id_and_user_id_and_title on listings  (cost=0.00..1615.79 rows=4 width=0)
         Index Cond: (user_id = 25471)
[0m
  [4;36;1mListing Load (2.2ms)[0m   [0;1mSELECT * FROM "listings" WHERE ("listings".user_id = 25471) [0m
  [4;35;1mAnalyzing Listing Load Execution Time: 0.002971

[0m   [0mIndex Scan using index_listings_on_id_and_user_id_and_title on listings  (cost=0.00..1615.79 rows=4 width=1172)
   Index Cond: (user_id = 25471)
[0m
  [4;36;1mSQL (152.1ms)[0m   [0;1mSELECT count(*) AS count_all FROM "impressions" WHERE ("impressions".listing_id = 113139) [0m
  [4;35;1mAnalyzing  Execution Time: 0.152391

[0m   [0mAggregate  (cost=12714.08..12714.09 rows=1 width=0)
   ->  Seq Scan on impressions  (cost=0.00..12714.00 rows=31 width=0)
         Filter: (listing_id = 113139)
[0m
  [4;36;1mSQL (10.5ms)[0m   [0;1mSELECT count(*) AS count_all FROM "clicks" WHERE ("clicks".listing_id = 113139) [0m
  [4;35;1mAnalyzing  Execution Time: 0.010779

[0m   [0mAggregate  (cost=814.47..814.48 rows=1 width=0)
   ->  Seq Scan on clicks  (cost=0.00..814.46 rows=2 width=0)
         Filter: (listing_id = 113139)
[0m
  [4;36;1mSQL (2.1ms)[0m   [0;1mSELECT count(*) AS count_all FROM "listings" WHERE ("listings".user_id = 25472) [0m
  [4;35;1mAnalyzing  Execution Time: 0.002332

[0m   [0mAggregate  (cost=1615.81..1615.82 rows=1 width=0)
   ->  Index Scan using index_listings_on_id_and_user_id_and_title on listings  (cost=0.00..1615.79 rows=4 width=0)
         Index Cond: (user_id = 25472)
[0m
  [4;36;1mListing Load (2.1ms)[0m   [0;1mSELECT * FROM "listings" WHERE ("listings".user_id = 25472) [0m
  [4;35;1mAnalyzing Listing Load Execution Time: 0.002787

[0m   [0mIndex Scan using index_listings_on_id_and_user_id_and_title on listings  (cost=0.00..1615.79 rows=4 width=1172)
   Index Cond: (user_id = 25472)
[0m
  [4;36;1mSQL (152.7ms)[0m   [0;1mSELECT count(*) AS count_all FROM "impressions" WHERE ("impressions".listing_id = 103788) [0m
  [4;35;1mAnalyzing  Execution Time: 0.152981

[0m   [0mAggregate  (cost=12714.08..12714.09 rows=1 width=0)
   ->  Seq Scan on impressions  (cost=0.00..12714.00 rows=31 width=0)
         Filter: (listing_id = 103788)
[0m
  [4;36;1mSQL (9.3ms)[0m   [0;1mSELECT count(*) AS count_all FROM "clicks" WHERE ("clicks".listing_id = 103788) [0m
  [4;35;1mAnalyzing  Execution Time: 0.00953

[0m   [0mAggregate  (cost=814.47..814.48 rows=1 width=0)
   ->  Seq Scan on clicks  (cost=0.00..814.46 rows=2 width=0)
         Filter: (listing_id = 103788)
[0m
  [4;36;1mSQL (2.1ms)[0m   [0;1mSELECT count(*) AS count_all FROM "listings" WHERE ("listings".user_id = 25473) [0m
  [4;35;1mAnalyzing  Execution Time: 0.002367

[0m   [0mAggregate  (cost=1615.81..1615.82 rows=1 width=0)
   ->  Index Scan using index_listings_on_id_and_user_id_and_title on listings  (cost=0.00..1615.79 rows=4 width=0)
         Index Cond: (user_id = 25473)
[0m
  [4;36;1mListing Load (2.4ms)[0m   [0;1mSELECT * FROM "listings" WHERE ("listings".user_id = 25473) [0m
  [4;35;1mAnalyzing Listing Load Execution Time: 0.00622

[0m   [0mIndex Scan using index_listings_on_id_and_user_id_and_title on listings  (cost=0.00..1615.79 rows=4 width=1172)
   Index Cond: (user_id = 25473)
[0m
  [4;36;1mSQL (145.8ms)[0m   [0;1mSELECT count(*) AS count_all FROM "impressions" WHERE ("impressions".listing_id = 66154) [0m
  [4;35;1mAnalyzing  Execution Time: 0.146104

[0m   [0mAggregate  (cost=12714.08..12714.09 rows=1 width=0)
   ->  Seq Scan on impressions  (cost=0.00..12714.00 rows=31 width=0)
         Filter: (listing_id = 66154)
[0m
  [4;36;1mSQL (147.9ms)[0m   [0;1mSELECT count(*) AS count_all FROM "impressions" WHERE ("impressions".listing_id = 71768) [0m
  [4;35;1mAnalyzing  Execution Time: 0.148258

[0m   [0mAggregate  (cost=12714.08..12714.09 rows=1 width=0)
   ->  Seq Scan on impressions  (cost=0.00..12714.00 rows=31 width=0)
         Filter: (listing_id = 71768)
[0m
  [4;36;1mSQL (145.9ms)[0m   [0;1mSELECT count(*) AS count_all FROM "impressions" WHERE ("impressions".listing_id = 113261) [0m
  [4;35;1mAnalyzing  Execution Time: 0.146164

[0m   [0mAggregate  (cost=12714.08..12714.09 rows=1 width=0)
   ->  Seq Scan on impressions  (cost=0.00..12714.00 rows=31 width=0)
         Filter: (listing_id = 113261)
[0m
  [4;36;1mSQL (157.0ms)[0m   [0;1mSELECT count(*) AS count_all FROM "impressions" WHERE ("impressions".listing_id = 113262) [0m
  [4;35;1mAnalyzing  Execution Time: 0.157284

[0m   [0mAggregate  (cost=12714.08..12714.09 rows=1 width=0)
   ->  Seq Scan on impressions  (cost=0.00..12714.00 rows=31 width=0)
         Filter: (listing_id = 113262)
[0m
  [4;36;1mSQL (152.4ms)[0m   [0;1mSELECT count(*) AS count_all FROM "impressions" WHERE ("impressions".listing_id = 113263) [0m
  [4;35;1mAnalyzing  Execution Time: 0.152674

[0m   [0mAggregate  (cost=12714.08..12714.09 rows=1 width=0)
   ->  Seq Scan on impressions  (cost=0.00..12714.00 rows=31 width=0)
         Filter: (listing_id = 113263)
[0m
  [4;36;1mSQL (173.8ms)[0m   [0;1mSELECT count(*) AS count_all FROM "impressions" WHERE ("impressions".listing_id = 113264) [0m
  [4;35;1mAnalyzing  Execution Time: 0.174065

[0m   [0mAggregate  (cost=12714.08..12714.09 rows=1 width=0)
   ->  Seq Scan on impressions  (cost=0.00..12714.00 rows=31 width=0)
         Filter: (listing_id = 113264)
[0m
  [4;36;1mSQL (173.2ms)[0m   [0;1mSELECT count(*) AS count_all FROM "impressions" WHERE ("impressions".listing_id = 113265) [0m
  [4;35;1mAnalyzing  Execution Time: 0.173455

[0m   [0mAggregate  (cost=12714.08..12714.09 rows=1 width=0)
   ->  Seq Scan on impressions  (cost=0.00..12714.00 rows=31 width=0)
         Filter: (listing_id = 113265)
[0m
  [4;36;1mSQL (12.8ms)[0m   [0;1mSELECT count(*) AS count_all FROM "clicks" WHERE ("clicks".listing_id = 66154) [0m
  [4;35;1mAnalyzing  Execution Time: 0.013076

[0m   [0mAggregate  (cost=814.47..814.48 rows=1 width=0)
   ->  Seq Scan on clicks  (cost=0.00..814.46 rows=2 width=0)
         Filter: (listing_id = 66154)
[0m
  [4;36;1mSQL (8.9ms)[0m   [0;1mSELECT count(*) AS count_all FROM "clicks" WHERE ("clicks".listing_id = 71768) [0m
  [4;35;1mAnalyzing  Execution Time: 0.00912

[0m   [0mAggregate  (cost=814.47..814.48 rows=1 width=0)
   ->  Seq Scan on clicks  (cost=0.00..814.46 rows=2 width=0)
         Filter: (listing_id = 71768)
[0m
  [4;36;1mSQL (8.8ms)[0m   [0;1mSELECT count(*) AS count_all FROM "clicks" WHERE ("clicks".listing_id = 113261) [0m
  [4;35;1mAnalyzing  Execution Time: 0.009091

[0m   [0mAggregate  (cost=814.47..814.48 rows=1 width=0)
   ->  Seq Scan on clicks  (cost=0.00..814.46 rows=2 width=0)
         Filter: (listing_id = 113261)
[0m
  [4;36;1mSQL (11.6ms)[0m   [0;1mSELECT count(*) AS count_all FROM "clicks" WHERE ("clicks".listing_id = 113262) [0m
  [4;35;1mAnalyzing  Execution Time: 0.012005

[0m   [0mAggregate  (cost=814.47..814.48 rows=1 width=0)
   ->  Seq Scan on clicks  (cost=0.00..814.46 rows=2 width=0)
         Filter: (listing_id = 113262)
[0m
  [4;36;1mSQL (8.4ms)[0m   [0;1mSELECT count(*) AS count_all FROM "clicks" WHERE ("clicks".listing_id = 113263) [0m
  [4;35;1mAnalyzing  Execution Time: 0.008724

[0m   [0mAggregate  (cost=814.47..814.48 rows=1 width=0)
   ->  Seq Scan on clicks  (cost=0.00..814.46 rows=2 width=0)
         Filter: (listing_id = 113263)
[0m
  [4;36;1mSQL (9.3ms)[0m   [0;1mSELECT count(*) AS count_all FROM "clicks" WHERE ("clicks".listing_id = 113264) [0m
  [4;35;1mAnalyzing  Execution Time: 0.00963

[0m   [0mAggregate  (cost=814.47..814.48 rows=1 width=0)
   ->  Seq Scan on clicks  (cost=0.00..814.46 rows=2 width=0)
         Filter: (listing_id = 113264)
[0m
  [4;36;1mSQL (10.4ms)[0m   [0;1mSELECT count(*) AS count_all FROM "clicks" WHERE ("clicks".listing_id = 113265) [0m
  [4;35;1mAnalyzing  Execution Time: 0.010791

[0m   [0mAggregate  (cost=814.49..814.50 rows=1 width=0)
   ->  Seq Scan on clicks  (cost=0.00..814.46 rows=8 width=0)
         Filter: (listing_id = 113265)
[0m
  [4;36;1mSQL (4.4ms)[0m   [0;1mSELECT count(*) AS count_all FROM "listings" WHERE ("listings".user_id = 25474) [0m
  [4;35;1mAnalyzing  Execution Time: 0.004693

[0m   [0mAggregate  (cost=1615.81..1615.82 rows=1 width=0)
   ->  Index Scan using index_listings_on_id_and_user_id_and_title on listings  (cost=0.00..1615.79 rows=4 width=0)
         Index Cond: (user_id = 25474)
[0m
  [4;36;1mListing Load (2.0ms)[0m   [0;1mSELECT * FROM "listings" WHERE ("listings".user_id = 25474) [0m
  [4;35;1mAnalyzing Listing Load Execution Time: 0.00281

[0m   [0mIndex Scan using index_listings_on_id_and_user_id_and_title on listings  (cost=0.00..1615.79 rows=4 width=1172)
   Index Cond: (user_id = 25474)
[0m
  [4;36;1mSQL (147.9ms)[0m   [0;1mSELECT count(*) AS count_all FROM "impressions" WHERE ("impressions".listing_id = 71648) [0m
  [4;35;1mAnalyzing  Execution Time: 0.148195

[0m   [0mAggregate  (cost=12714.08..12714.09 rows=1 width=0)
   ->  Seq Scan on impressions  (cost=0.00..12714.00 rows=31 width=0)
         Filter: (listing_id = 71648)
[0m
  [4;36;1mSQL (8.9ms)[0m   [0;1mSELECT count(*) AS count_all FROM "clicks" WHERE ("clicks".listing_id = 71648) [0m
  [4;35;1mAnalyzing  Execution Time: 0.00918800000000008

[0m   [0mAggregate  (cost=814.47..814.48 rows=1 width=0)
   ->  Seq Scan on clicks  (cost=0.00..814.46 rows=2 width=0)
         Filter: (listing_id = 71648)
[0m
  [4;36;1mSQL (2.0ms)[0m   [0;1mSELECT count(*) AS count_all FROM "listings" WHERE ("listings".user_id = 25475) [0m
  [4;35;1mAnalyzing  Execution Time: 0.002273

[0m   [0mAggregate  (cost=1615.81..1615.82 rows=1 width=0)
   ->  Index Scan using index_listings_on_id_and_user_id_and_title on listings  (cost=0.00..1615.79 rows=4 width=0)
         Index Cond: (user_id = 25475)
[0m
  [4;36;1mListing Load (2.2ms)[0m   [0;1mSELECT * FROM "listings" WHERE ("listings".user_id = 25475) [0m
  [4;35;1mAnalyzing Listing Load Execution Time: 0.00291

[0m   [0mIndex Scan using index_listings_on_id_and_user_id_and_title on listings  (cost=0.00..1615.79 rows=4 width=1172)
   Index Cond: (user_id = 25475)
[0m
  [4;36;1mSQL (151.6ms)[0m   [0;1mSELECT count(*) AS count_all FROM "impressions" WHERE ("impressions".listing_id = 113140) [0m
  [4;35;1mAnalyzing  Execution Time: 0.151897

[0m   [0mAggregate  (cost=12714.08..12714.09 rows=1 width=0)
   ->  Seq Scan on impressions  (cost=0.00..12714.00 rows=31 width=0)
         Filter: (listing_id = 113140)
[0m
  [4;36;1mSQL (8.4ms)[0m   [0;1mSELECT count(*) AS count_all FROM "clicks" WHERE ("clicks".listing_id = 113140) [0m
  [4;35;1mAnalyzing  Execution Time: 0.008607

[0m   [0mAggregate  (cost=814.47..814.48 rows=1 width=0)
   ->  Seq Scan on clicks  (cost=0.00..814.46 rows=2 width=0)
         Filter: (listing_id = 113140)
[0m
  [4;36;1mSQL (2.0ms)[0m   [0;1mSELECT count(*) AS count_all FROM "listings" WHERE ("listings".user_id = 25476) [0m
  [4;35;1mAnalyzing  Execution Time: 0.002245

[0m   [0mAggregate  (cost=1615.81..1615.82 rows=1 width=0)
   ->  Index Scan using index_listings_on_id_and_user_id_and_title on listings  (cost=0.00..1615.79 rows=4 width=0)
         Index Cond: (user_id = 25476)
[0m
  [4;36;1mListing Load (2.6ms)[0m   [0;1mSELECT * FROM "listings" WHERE ("listings".user_id = 25476) [0m
  [4;35;1mAnalyzing Listing Load Execution Time: 0.003338

[0m   [0mIndex Scan using index_listings_on_id_and_user_id_and_title on listings  (cost=0.00..1615.79 rows=4 width=1172)
   Index Cond: (user_id = 25476)
[0m
  [4;36;1mSQL (154.6ms)[0m   [0;1mSELECT count(*) AS count_all FROM "impressions" WHERE ("impressions".listing_id = 77154) [0m
  [4;35;1mAnalyzing  Execution Time: 0.154855

[0m   [0mAggregate  (cost=12714.08..12714.09 rows=1 width=0)
   ->  Seq Scan on impressions  (cost=0.00..12714.00 rows=31 width=0)
         Filter: (listing_id = 77154)
[0m
  [4;36;1mSQL (9.9ms)[0m   [0;1mSELECT count(*) AS count_all FROM "clicks" WHERE ("clicks".listing_id = 77154) [0m
  [4;35;1mAnalyzing  Execution Time: 0.010298

[0m   [0mAggregate  (cost=814.47..814.48 rows=1 width=0)
   ->  Seq Scan on clicks  (cost=0.00..814.46 rows=2 width=0)
         Filter: (listing_id = 77154)
[0m
  [4;36;1mSQL (2.6ms)[0m   [0;1mSELECT count(*) AS count_all FROM "listings" WHERE ("listings".user_id = 25462) [0m
  [4;35;1mAnalyzing  Execution Time: 0.002873

[0m   [0mAggregate  (cost=1615.81..1615.82 rows=1 width=0)
   ->  Index Scan using index_listings_on_id_and_user_id_and_title on listings  (cost=0.00..1615.79 rows=4 width=0)
         Index Cond: (user_id = 25462)
[0m
  [4;36;1mListing Load (2.9ms)[0m   [0;1mSELECT * FROM "listings" WHERE ("listings".user_id = 25462) [0m
  [4;35;1mAnalyzing Listing Load Execution Time: 0.003716

[0m   [0mIndex Scan using index_listings_on_id_and_user_id_and_title on listings  (cost=0.00..1615.79 rows=4 width=1172)
   Index Cond: (user_id = 25462)
[0m
  [4;36;1mSQL (149.6ms)[0m   [0;1mSELECT count(*) AS count_all FROM "impressions" WHERE ("impressions".listing_id = 85951) [0m
  [4;35;1mAnalyzing  Execution Time: 0.14992

[0m   [0mAggregate  (cost=12714.08..12714.09 rows=1 width=0)
   ->  Seq Scan on impressions  (cost=0.00..12714.00 rows=31 width=0)
         Filter: (listing_id = 85951)
[0m
  [4;36;1mSQL (9.5ms)[0m   [0;1mSELECT count(*) AS count_all FROM "clicks" WHERE ("clicks".listing_id = 85951) [0m
  [4;35;1mAnalyzing  Execution Time: 0.009824

[0m   [0mAggregate  (cost=814.47..814.48 rows=1 width=0)
   ->  Seq Scan on clicks  (cost=0.00..814.46 rows=2 width=0)
         Filter: (listing_id = 85951)
[0m
  [4;36;1mSQL (2.1ms)[0m   [0;1mSELECT count(*) AS count_all FROM "listings" WHERE ("listings".user_id = 25463) [0m
  [4;35;1mAnalyzing  Execution Time: 0.002355

[0m   [0mAggregate  (cost=1615.81..1615.82 rows=1 width=0)
   ->  Index Scan using index_listings_on_id_and_user_id_and_title on listings  (cost=0.00..1615.79 rows=4 width=0)
         Index Cond: (user_id = 25463)
[0m
  [4;36;1mListing Load (2.1ms)[0m   [0;1mSELECT * FROM "listings" WHERE ("listings".user_id = 25463) [0m
  [4;35;1mAnalyzing Listing Load Execution Time: 0.003931

[0m   [0mIndex Scan using index_listings_on_id_and_user_id_and_title on listings  (cost=0.00..1615.79 rows=4 width=1172)
   Index Cond: (user_id = 25463)
[0m
  [4;36;1mSQL (150.1ms)[0m   [0;1mSELECT count(*) AS count_all FROM "impressions" WHERE ("impressions".listing_id = 75348) [0m
  [4;35;1mAnalyzing  Execution Time: 0.150643

[0m   [0mAggregate  (cost=12714.08..12714.09 rows=1 width=0)
   ->  Seq Scan on impressions  (cost=0.00..12714.00 rows=31 width=0)
         Filter: (listing_id = 75348)
[0m
  [4;36;1mSQL (153.4ms)[0m   [0;1mSELECT count(*) AS count_all FROM "impressions" WHERE ("impressions".listing_id = 93151) [0m
  [4;35;1mAnalyzing  Execution Time: 0.153727

[0m   [0mAggregate  (cost=12714.08..12714.09 rows=1 width=0)
   ->  Seq Scan on impressions  (cost=0.00..12714.00 rows=31 width=0)
         Filter: (listing_id = 93151)
[0m
  [4;36;1mSQL (150.2ms)[0m   [0;1mSELECT count(*) AS count_all FROM "impressions" WHERE ("impressions".listing_id = 93152) [0m
  [4;35;1mAnalyzing  Execution Time: 0.150543

[0m   [0mAggregate  (cost=12714.08..12714.09 rows=1 width=0)
   ->  Seq Scan on impressions  (cost=0.00..12714.00 rows=31 width=0)
         Filter: (listing_id = 93152)
[0m
  [4;36;1mSQL (157.3ms)[0m   [0;1mSELECT count(*) AS count_all FROM "impressions" WHERE ("impressions".listing_id = 95507) [0m
  [4;35;1mAnalyzing  Execution Time: 0.157572

[0m   [0mAggregate  (cost=12714.08..12714.09 rows=1 width=0)
   ->  Seq Scan on impressions  (cost=0.00..12714.00 rows=31 width=0)
         Filter: (listing_id = 95507)
[0m
  [4;36;1mSQL (8.8ms)[0m   [0;1mSELECT count(*) AS count_all FROM "clicks" WHERE ("clicks".listing_id = 75348) [0m
  [4;35;1mAnalyzing  Execution Time: 0.009111

[0m   [0mAggregate  (cost=814.47..814.48 rows=1 width=0)
   ->  Seq Scan on clicks  (cost=0.00..814.46 rows=2 width=0)
         Filter: (listing_id = 75348)
[0m
  [4;36;1mSQL (8.5ms)[0m   [0;1mSELECT count(*) AS count_all FROM "clicks" WHERE ("clicks".listing_id = 93151) [0m
  [4;35;1mAnalyzing  Execution Time: 0.008816

[0m   [0mAggregate  (cost=814.47..814.48 rows=1 width=0)
   ->  Seq Scan on clicks  (cost=0.00..814.46 rows=2 width=0)
         Filter: (listing_id = 93151)
[0m
  [4;36;1mSQL (10.3ms)[0m   [0;1mSELECT count(*) AS count_all FROM "clicks" WHERE ("clicks".listing_id = 93152) [0m
  [4;35;1mAnalyzing  Execution Time: 0.010618

[0m   [0mAggregate  (cost=814.47..814.48 rows=1 width=0)
   ->  Seq Scan on clicks  (cost=0.00..814.46 rows=2 width=0)
         Filter: (listing_id = 93152)
[0m
  [4;36;1mSQL (8.8ms)[0m   [0;1mSELECT count(*) AS count_all FROM "clicks" WHERE ("clicks".listing_id = 95507) [0m
  [4;35;1mAnalyzing  Execution Time: 0.009049

[0m   [0mAggregate  (cost=814.47..814.48 rows=1 width=0)
   ->  Seq Scan on clicks  (cost=0.00..814.46 rows=2 width=0)
         Filter: (listing_id = 95507)
[0m
  [4;36;1mSQL (2.0ms)[0m   [0;1mSELECT count(*) AS count_all FROM "listings" WHERE ("listings".user_id = 25464) [0m
  [4;35;1mAnalyzing  Execution Time: 0.002282

[0m   [0mAggregate  (cost=1615.81..1615.82 rows=1 width=0)
   ->  Index Scan using index_listings_on_id_and_user_id_and_title on listings  (cost=0.00..1615.79 rows=4 width=0)
         Index Cond: (user_id = 25464)
[0m
  [4;36;1mListing Load (2.6ms)[0m   [0;1mSELECT * FROM "listings" WHERE ("listings".user_id = 25464) [0m
  [4;35;1mAnalyzing Listing Load Execution Time: 0.003335

[0m   [0mIndex Scan using index_listings_on_id_and_user_id_and_title on listings  (cost=0.00..1615.79 rows=4 width=1172)
   Index Cond: (user_id = 25464)
[0m
  [4;36;1mSQL (155.6ms)[0m   [0;1mSELECT count(*) AS count_all FROM "impressions" WHERE ("impressions".listing_id = 110337) [0m
  [4;35;1mAnalyzing  Execution Time: 0.156254

[0m   [0mAggregate  (cost=12714.08..12714.09 rows=1 width=0)
   ->  Seq Scan on impressions  (cost=0.00..12714.00 rows=31 width=0)
         Filter: (listing_id = 110337)
[0m
  [4;36;1mSQL (9.6ms)[0m   [0;1mSELECT count(*) AS count_all FROM "clicks" WHERE ("clicks".listing_id = 110337) [0m
  [4;35;1mAnalyzing  Execution Time: 0.009862

[0m   [0mAggregate  (cost=814.47..814.48 rows=1 width=0)
   ->  Seq Scan on clicks  (cost=0.00..814.46 rows=2 width=0)
         Filter: (listing_id = 110337)
[0m
  [4;36;1mSQL (2.6ms)[0m   [0;1mSELECT count(*) AS count_all FROM "listings" WHERE ("listings".user_id = 25465) [0m
  [4;35;1mAnalyzing  Execution Time: 0.002878

[0m   [0mAggregate  (cost=1615.81..1615.82 rows=1 width=0)
   ->  Index Scan using index_listings_on_id_and_user_id_and_title on listings  (cost=0.00..1615.79 rows=4 width=0)
         Index Cond: (user_id = 25465)
[0m
  [4;36;1mListing Load (2.5ms)[0m   [0;1mSELECT * FROM "listings" WHERE ("listings".user_id = 25465) [0m
  [4;35;1mAnalyzing Listing Load Execution Time: 0.003244

[0m   [0mIndex Scan using index_listings_on_id_and_user_id_and_title on listings  (cost=0.00..1615.79 rows=4 width=1172)
   Index Cond: (user_id = 25465)
[0m
  [4;36;1mSQL (155.8ms)[0m   [0;1mSELECT count(*) AS count_all FROM "impressions" WHERE ("impressions".listing_id = 83097) [0m
  [4;35;1mAnalyzing  Execution Time: 0.156081

[0m   [0mAggregate  (cost=12714.08..12714.09 rows=1 width=0)
   ->  Seq Scan on impressions  (cost=0.00..12714.00 rows=31 width=0)
         Filter: (listing_id = 83097)
[0m
  [4;36;1mSQL (9.5ms)[0m   [0;1mSELECT count(*) AS count_all FROM "clicks" WHERE ("clicks".listing_id = 83097) [0m
  [4;35;1mAnalyzing  Execution Time: 0.00973

[0m   [0mAggregate  (cost=814.47..814.48 rows=1 width=0)
   ->  Seq Scan on clicks  (cost=0.00..814.46 rows=2 width=0)
         Filter: (listing_id = 83097)
[0m
  [4;36;1mSQL (2.1ms)[0m   [0;1mSELECT count(*) AS count_all FROM "listings" WHERE ("listings".user_id = 25466) [0m
  [4;35;1mAnalyzing  Execution Time: 0.002435

[0m   [0mAggregate  (cost=1615.81..1615.82 rows=1 width=0)
   ->  Index Scan using index_listings_on_id_and_user_id_and_title on listings  (cost=0.00..1615.79 rows=4 width=0)
         Index Cond: (user_id = 25466)
[0m
  [4;36;1mListing Load (2.0ms)[0m   [0;1mSELECT * FROM "listings" WHERE ("listings".user_id = 25466) [0m
  [4;35;1mAnalyzing Listing Load Execution Time: 0.002721

[0m   [0mIndex Scan using index_listings_on_id_and_user_id_and_title on listings  (cost=0.00..1615.79 rows=4 width=1172)
   Index Cond: (user_id = 25466)
[0m
  [4;36;1mSQL (153.5ms)[0m   [0;1mSELECT count(*) AS count_all FROM "impressions" WHERE ("impressions".listing_id = 84962) [0m
  [4;35;1mAnalyzing  Execution Time: 0.153779

[0m   [0mAggregate  (cost=12714.08..12714.09 rows=1 width=0)
   ->  Seq Scan on impressions  (cost=0.00..12714.00 rows=31 width=0)
         Filter: (listing_id = 84962)
[0m
  [4;36;1mSQL (8.5ms)[0m   [0;1mSELECT count(*) AS count_all FROM "clicks" WHERE ("clicks".listing_id = 84962) [0m
  [4;35;1mAnalyzing  Execution Time: 0.008723

[0m   [0mAggregate  (cost=814.47..814.48 rows=1 width=0)
   ->  Seq Scan on clicks  (cost=0.00..814.46 rows=2 width=0)
         Filter: (listing_id = 84962)
[0m
  [4;36;1mSQL (7.5ms)[0m   [0;1mSELECT count(*) AS count_all FROM "listings" WHERE ("listings".user_id = 25467) [0m
  [4;35;1mAnalyzing  Execution Time: 0.007896

[0m   [0mAggregate  (cost=1615.81..1615.82 rows=1 width=0)
   ->  Index Scan using index_listings_on_id_and_user_id_and_title on listings  (cost=0.00..1615.79 rows=4 width=0)
         Index Cond: (user_id = 25467)
[0m
  [4;36;1mListing Load (2.8ms)[0m   [0;1mSELECT * FROM "listings" WHERE ("listings".user_id = 25467) [0m
  [4;35;1mAnalyzing Listing Load Execution Time: 0.003523

[0m   [0mIndex Scan using index_listings_on_id_and_user_id_and_title on listings  (cost=0.00..1615.79 rows=4 width=1172)
   Index Cond: (user_id = 25467)
[0m
  [4;36;1mSQL (157.8ms)[0m   [0;1mSELECT count(*) AS count_all FROM "impressions" WHERE ("impressions".listing_id = 87230) [0m
  [4;35;1mAnalyzing  Execution Time: 0.158055

[0m   [0mAggregate  (cost=12714.08..12714.09 rows=1 width=0)
   ->  Seq Scan on impressions  (cost=0.00..12714.00 rows=31 width=0)
         Filter: (listing_id = 87230)
[0m
  [4;36;1mSQL (10.0ms)[0m   [0;1mSELECT count(*) AS count_all FROM "clicks" WHERE ("clicks".listing_id = 87230) [0m
  [4;35;1mAnalyzing  Execution Time: 0.010234

[0m   [0mAggregate  (cost=814.47..814.48 rows=1 width=0)
   ->  Seq Scan on clicks  (cost=0.00..814.46 rows=2 width=0)
         Filter: (listing_id = 87230)
[0m
  [4;36;1mSQL (2.3ms)[0m   [0;1mSELECT count(*) AS count_all FROM "listings" WHERE ("listings".user_id = 25469) [0m
  [4;35;1mAnalyzing  Execution Time: 0.002533

[0m   [0mAggregate  (cost=1615.81..1615.82 rows=1 width=0)
   ->  Index Scan using index_listings_on_id_and_user_id_and_title on listings  (cost=0.00..1615.79 rows=4 width=0)
         Index Cond: (user_id = 25469)
[0m
  [4;36;1mListing Load (2.0ms)[0m   [0;1mSELECT * FROM "listings" WHERE ("listings".user_id = 25469) [0m
  [4;35;1mAnalyzing Listing Load Execution Time: 0.002671

[0m   [0mIndex Scan using index_listings_on_id_and_user_id_and_title on listings  (cost=0.00..1615.79 rows=4 width=1172)
   Index Cond: (user_id = 25469)
[0m
  [4;36;1mSQL (155.3ms)[0m   [0;1mSELECT count(*) AS count_all FROM "impressions" WHERE ("impressions".listing_id = 113138) [0m
  [4;35;1mAnalyzing  Execution Time: 0.155561

[0m   [0mAggregate  (cost=12714.08..12714.09 rows=1 width=0)
   ->  Seq Scan on impressions  (cost=0.00..12714.00 rows=31 width=0)
         Filter: (listing_id = 113138)
[0m
  [4;36;1mSQL (8.4ms)[0m   [0;1mSELECT count(*) AS count_all FROM "clicks" WHERE ("clicks".listing_id = 113138) [0m
  [4;35;1mAnalyzing  Execution Time: 0.008691

[0m   [0mAggregate  (cost=814.47..814.48 rows=1 width=0)
   ->  Seq Scan on clicks  (cost=0.00..814.46 rows=2 width=0)
         Filter: (listing_id = 113138)
[0m
  [4;36;1mSQL (2.1ms)[0m   [0;1mSELECT count(*) AS count_all FROM "listings" WHERE ("listings".user_id = 25470) [0m
  [4;35;1mAnalyzing  Execution Time: 0.002445

[0m   [0mAggregate  (cost=1615.81..1615.82 rows=1 width=0)
   ->  Index Scan using index_listings_on_id_and_user_id_and_title on listings  (cost=0.00..1615.79 rows=4 width=0)
         Index Cond: (user_id = 25470)
[0m
  [4;36;1mListing Load (2.5ms)[0m   [0;1mSELECT * FROM "listings" WHERE ("listings".user_id = 25470) [0m
  [4;35;1mAnalyzing Listing Load Execution Time: 0.005576

[0m   [0mIndex Scan using index_listings_on_id_and_user_id_and_title on listings  (cost=0.00..1615.79 rows=4 width=1172)
   Index Cond: (user_id = 25470)
[0m
  [4;36;1mSQL (152.5ms)[0m   [0;1mSELECT count(*) AS count_all FROM "impressions" WHERE ("impressions".listing_id = 72452) [0m
  [4;35;1mAnalyzing  Execution Time: 0.152768

[0m   [0mAggregate  (cost=12714.08..12714.09 rows=1 width=0)
   ->  Seq Scan on impressions  (cost=0.00..12714.00 rows=31 width=0)
         Filter: (listing_id = 72452)
[0m
  [4;36;1mSQL (157.7ms)[0m   [0;1mSELECT count(*) AS count_all FROM "impressions" WHERE ("impressions".listing_id = 74723) [0m
  [4;35;1mAnalyzing  Execution Time: 0.157926

[0m   [0mAggregate  (cost=12714.08..12714.09 rows=1 width=0)
   ->  Seq Scan on impressions  (cost=0.00..12714.00 rows=31 width=0)
         Filter: (listing_id = 74723)
[0m
  [4;36;1mSQL (164.3ms)[0m   [0;1mSELECT count(*) AS count_all FROM "impressions" WHERE ("impressions".listing_id = 106172) [0m
  [4;35;1mAnalyzing  Execution Time: 0.164534

[0m   [0mAggregate  (cost=12714.08..12714.09 rows=1 width=0)
   ->  Seq Scan on impressions  (cost=0.00..12714.00 rows=31 width=0)
         Filter: (listing_id = 106172)
[0m
  [4;36;1mSQL (145.0ms)[0m   [0;1mSELECT count(*) AS count_all FROM "impressions" WHERE ("impressions".listing_id = 106173) [0m
  [4;35;1mAnalyzing  Execution Time: 0.145315

[0m   [0mAggregate  (cost=12714.08..12714.09 rows=1 width=0)
   ->  Seq Scan on impressions  (cost=0.00..12714.00 rows=31 width=0)
         Filter: (listing_id = 106173)
[0m
  [4;36;1mSQL (153.7ms)[0m   [0;1mSELECT count(*) AS count_all FROM "impressions" WHERE ("impressions".listing_id = 106245) [0m
  [4;35;1mAnalyzing  Execution Time: 0.153937

[0m   [0mAggregate  (cost=12714.08..12714.09 rows=1 width=0)
   ->  Seq Scan on impressions  (cost=0.00..12714.00 rows=31 width=0)
         Filter: (listing_id = 106245)
[0m
  [4;36;1mSQL (146.8ms)[0m   [0;1mSELECT count(*) AS count_all FROM "impressions" WHERE ("impressions".listing_id = 106246) [0m
  [4;35;1mAnalyzing  Execution Time: 0.14705

[0m   [0mAggregate  (cost=12714.08..12714.09 rows=1 width=0)
   ->  Seq Scan on impressions  (cost=0.00..12714.00 rows=31 width=0)
         Filter: (listing_id = 106246)
[0m
  [4;36;1mSQL (12.4ms)[0m   [0;1mSELECT count(*) AS count_all FROM "clicks" WHERE ("clicks".listing_id = 72452) [0m
  [4;35;1mAnalyzing  Execution Time: 0.012743

[0m   [0mAggregate  (cost=814.47..814.48 rows=1 width=0)
   ->  Seq Scan on clicks  (cost=0.00..814.46 rows=2 width=0)
         Filter: (listing_id = 72452)
[0m
  [4;36;1mSQL (9.6ms)[0m   [0;1mSELECT count(*) AS count_all FROM "clicks" WHERE ("clicks".listing_id = 74723) [0m
  [4;35;1mAnalyzing  Execution Time: 0.010151

[0m   [0mAggregate  (cost=814.49..814.50 rows=1 width=0)
   ->  Seq Scan on clicks  (cost=0.00..814.46 rows=8 width=0)
         Filter: (listing_id = 74723)
[0m
  [4;36;1mSQL (10.1ms)[0m   [0;1mSELECT count(*) AS count_all FROM "clicks" WHERE ("clicks".listing_id = 106172) [0m
  [4;35;1mAnalyzing  Execution Time: 0.010316

[0m   [0mAggregate  (cost=814.47..814.48 rows=1 width=0)
   ->  Seq Scan on clicks  (cost=0.00..814.46 rows=2 width=0)
         Filter: (listing_id = 106172)
[0m
  [4;36;1mSQL (8.5ms)[0m   [0;1mSELECT count(*) AS count_all FROM "clicks" WHERE ("clicks".listing_id = 106173) [0m
  [4;35;1mAnalyzing  Execution Time: 0.008793

[0m   [0mAggregate  (cost=814.47..814.48 rows=1 width=0)
   ->  Seq Scan on clicks  (cost=0.00..814.46 rows=2 width=0)
         Filter: (listing_id = 106173)
[0m
  [4;36;1mSQL (8.5ms)[0m   [0;1mSELECT count(*) AS count_all FROM "clicks" WHERE ("clicks".listing_id = 106245) [0m
  [4;35;1mAnalyzing  Execution Time: 0.008774

[0m   [0mAggregate  (cost=814.47..814.48 rows=1 width=0)
   ->  Seq Scan on clicks  (cost=0.00..814.46 rows=2 width=0)
         Filter: (listing_id = 106245)
[0m
  [4;36;1mSQL (9.9ms)[0m   [0;1mSELECT count(*) AS count_all FROM "clicks" WHERE ("clicks".listing_id = 106246) [0m
  [4;35;1mAnalyzing  Execution Time: 0.010212

[0m   [0mAggregate  (cost=814.47..814.48 rows=1 width=0)
   ->  Seq Scan on clicks  (cost=0.00..814.46 rows=2 width=0)
         Filter: (listing_id = 106246)
[0m
  [4;36;1mSQL (4.6ms)[0m   [0;1mSELECT count(*) AS count_all FROM "listings" WHERE ("listings".user_id = 25468) [0m
  [4;35;1mAnalyzing  Execution Time: 0.004838

[0m   [0mAggregate  (cost=1615.81..1615.82 rows=1 width=0)
   ->  Index Scan using index_listings_on_id_and_user_id_and_title on listings  (cost=0.00..1615.79 rows=4 width=0)
         Index Cond: (user_id = 25468)
[0m
  [4;36;1mListing Load (2.0ms)[0m   [0;1mSELECT * FROM "listings" WHERE ("listings".user_id = 25468) [0m
  [4;35;1mAnalyzing Listing Load Execution Time: 0.00312

[0m   [0mIndex Scan using index_listings_on_id_and_user_id_and_title on listings  (cost=0.00..1615.79 rows=4 width=1172)
   Index Cond: (user_id = 25468)
[0m
  [4;36;1mSQL (159.9ms)[0m   [0;1mSELECT count(*) AS count_all FROM "impressions" WHERE ("impressions".listing_id = 72512) [0m
  [4;35;1mAnalyzing  Execution Time: 0.160167

[0m   [0mAggregate  (cost=12714.08..12714.09 rows=1 width=0)
   ->  Seq Scan on impressions  (cost=0.00..12714.00 rows=31 width=0)
         Filter: (listing_id = 72512)
[0m
  [4;36;1mSQL (160.9ms)[0m   [0;1mSELECT count(*) AS count_all FROM "impressions" WHERE ("impressions".listing_id = 113277) [0m
  [4;35;1mAnalyzing  Execution Time: 0.161152

[0m   [0mAggregate  (cost=12714.08..12714.09 rows=1 width=0)
   ->  Seq Scan on impressions  (cost=0.00..12714.00 rows=31 width=0)
         Filter: (listing_id = 113277)
[0m
  [4;36;1mSQL (9.3ms)[0m   [0;1mSELECT count(*) AS count_all FROM "clicks" WHERE ("clicks".listing_id = 72512) [0m
  [4;35;1mAnalyzing  Execution Time: 0.009585

[0m   [0mAggregate  (cost=814.47..814.48 rows=1 width=0)
   ->  Seq Scan on clicks  (cost=0.00..814.46 rows=2 width=0)
         Filter: (listing_id = 72512)
[0m
  [4;36;1mSQL (9.2ms)[0m   [0;1mSELECT count(*) AS count_all FROM "clicks" WHERE ("clicks".listing_id = 113277) [0m
  [4;35;1mAnalyzing  Execution Time: 0.009481

[0m   [0mAggregate  (cost=814.47..814.48 rows=1 width=0)
   ->  Seq Scan on clicks  (cost=0.00..814.46 rows=2 width=0)
         Filter: (listing_id = 113277)
[0m
  [4;36;1mSQL (2.3ms)[0m   [0;1mSELECT count(*) AS count_all FROM "listings" WHERE ("listings".user_id = 25445) [0m
  [4;35;1mAnalyzing  Execution Time: 0.002585

[0m   [0mAggregate  (cost=1615.81..1615.82 rows=1 width=0)
   ->  Index Scan using index_listings_on_id_and_user_id_and_title on listings  (cost=0.00..1615.79 rows=4 width=0)
         Index Cond: (user_id = 25445)
[0m
  [4;36;1mListing Load (2.4ms)[0m   [0;1mSELECT * FROM "listings" WHERE ("listings".user_id = 25445) [0m
  [4;35;1mAnalyzing Listing Load Execution Time: 0.003068

[0m   [0mIndex Scan using index_listings_on_id_and_user_id_and_title on listings  (cost=0.00..1615.79 rows=4 width=1172)
   Index Cond: (user_id = 25445)
[0m
  [4;36;1mSQL (147.6ms)[0m   [0;1mSELECT count(*) AS count_all FROM "impressions" WHERE ("impressions".listing_id = 87696) [0m
  [4;35;1mAnalyzing  Execution Time: 0.147926

[0m   [0mAggregate  (cost=12714.08..12714.09 rows=1 width=0)
   ->  Seq Scan on impressions  (cost=0.00..12714.00 rows=31 width=0)
         Filter: (listing_id = 87696)
[0m
  [4;36;1mSQL (10.7ms)[0m   [0;1mSELECT count(*) AS count_all FROM "clicks" WHERE ("clicks".listing_id = 87696) [0m
  [4;35;1mAnalyzing  Execution Time: 0.010934

[0m   [0mAggregate  (cost=814.47..814.48 rows=1 width=0)
   ->  Seq Scan on clicks  (cost=0.00..814.46 rows=2 width=0)
         Filter: (listing_id = 87696)
[0m
  [4;36;1mSQL (2.1ms)[0m   [0;1mSELECT count(*) AS count_all FROM "listings" WHERE ("listings".user_id = 25447) [0m
  [4;35;1mAnalyzing  Execution Time: 0.002316

[0m   [0mAggregate  (cost=1615.81..1615.82 rows=1 width=0)
   ->  Index Scan using index_listings_on_id_and_user_id_and_title on listings  (cost=0.00..1615.79 rows=4 width=0)
         Index Cond: (user_id = 25447)
[0m
  [4;36;1mListing Load (2.2ms)[0m   [0;1mSELECT * FROM "listings" WHERE ("listings".user_id = 25447) [0m
  [4;35;1mAnalyzing Listing Load Execution Time: 0.002966

[0m   [0mIndex Scan using index_listings_on_id_and_user_id_and_title on listings  (cost=0.00..1615.79 rows=4 width=1172)
   Index Cond: (user_id = 25447)
[0m
  [4;36;1mSQL (152.4ms)[0m   [0;1mSELECT count(*) AS count_all FROM "impressions" WHERE ("impressions".listing_id = 104897) [0m
  [4;35;1mAnalyzing  Execution Time: 0.152655

[0m   [0mAggregate  (cost=12714.08..12714.09 rows=1 width=0)
   ->  Seq Scan on impressions  (cost=0.00..12714.00 rows=31 width=0)
         Filter: (listing_id = 104897)
[0m
  [4;36;1mSQL (8.7ms)[0m   [0;1mSELECT count(*) AS count_all FROM "clicks" WHERE ("clicks".listing_id = 104897) [0m
  [4;35;1mAnalyzing  Execution Time: 0.008981

[0m   [0mAggregate  (cost=814.47..814.48 rows=1 width=0)
   ->  Seq Scan on clicks  (cost=0.00..814.46 rows=2 width=0)
         Filter: (listing_id = 104897)
[0m
  [4;36;1mSQL (2.1ms)[0m   [0;1mSELECT count(*) AS count_all FROM "listings" WHERE ("listings".user_id = 25448) [0m
  [4;35;1mAnalyzing  Execution Time: 0.002328

[0m   [0mAggregate  (cost=1615.81..1615.82 rows=1 width=0)
   ->  Index Scan using index_listings_on_id_and_user_id_and_title on listings  (cost=0.00..1615.79 rows=4 width=0)
         Index Cond: (user_id = 25448)
[0m
  [4;36;1mListing Load (2.0ms)[0m   [0;1mSELECT * FROM "listings" WHERE ("listings".user_id = 25448) [0m
  [4;35;1mAnalyzing Listing Load Execution Time: 0.002653

[0m   [0mIndex Scan using index_listings_on_id_and_user_id_and_title on listings  (cost=0.00..1615.79 rows=4 width=1172)
   Index Cond: (user_id = 25448)
[0m
  [4;36;1mSQL (150.0ms)[0m   [0;1mSELECT count(*) AS count_all FROM "impressions" WHERE ("impressions".listing_id = 67547) [0m
  [4;35;1mAnalyzing  Execution Time: 0.150265

[0m   [0mAggregate  (cost=12714.08..12714.09 rows=1 width=0)
   ->  Seq Scan on impressions  (cost=0.00..12714.00 rows=31 width=0)
         Filter: (listing_id = 67547)
[0m
  [4;36;1mSQL (8.4ms)[0m   [0;1mSELECT count(*) AS count_all FROM "clicks" WHERE ("clicks".listing_id = 67547) [0m
  [4;35;1mAnalyzing  Execution Time: 0.00871600000000006

[0m   [0mAggregate  (cost=814.47..814.48 rows=1 width=0)
   ->  Seq Scan on clicks  (cost=0.00..814.46 rows=2 width=0)
         Filter: (listing_id = 67547)
[0m
  [4;36;1mSQL (2.0ms)[0m   [0;1mSELECT count(*) AS count_all FROM "listings" WHERE ("listings".user_id = 25449) [0m
  [4;35;1mAnalyzing  Execution Time: 0.002299

[0m   [0mAggregate  (cost=1615.81..1615.82 rows=1 width=0)
   ->  Index Scan using index_listings_on_id_and_user_id_and_title on listings  (cost=0.00..1615.79 rows=4 width=0)
         Index Cond: (user_id = 25449)
[0m
  [4;36;1mListing Load (2.3ms)[0m   [0;1mSELECT * FROM "listings" WHERE ("listings".user_id = 25449) [0m
  [4;35;1mAnalyzing Listing Load Execution Time: 0.003046

[0m   [0mIndex Scan using index_listings_on_id_and_user_id_and_title on listings  (cost=0.00..1615.79 rows=4 width=1172)
   Index Cond: (user_id = 25449)
[0m
  [4;36;1mSQL (150.9ms)[0m   [0;1mSELECT count(*) AS count_all FROM "impressions" WHERE ("impressions".listing_id = 113129) [0m
  [4;35;1mAnalyzing  Execution Time: 0.151128

[0m   [0mAggregate  (cost=12714.08..12714.09 rows=1 width=0)
   ->  Seq Scan on impressions  (cost=0.00..12714.00 rows=31 width=0)
         Filter: (listing_id = 113129)
[0m
  [4;36;1mSQL (9.9ms)[0m   [0;1mSELECT count(*) AS count_all FROM "clicks" WHERE ("clicks".listing_id = 113129) [0m
  [4;35;1mAnalyzing  Execution Time: 0.010204

[0m   [0mAggregate  (cost=814.47..814.48 rows=1 width=0)
   ->  Seq Scan on clicks  (cost=0.00..814.46 rows=2 width=0)
         Filter: (listing_id = 113129)
[0m
  [4;36;1mSQL (2.9ms)[0m   [0;1mSELECT count(*) AS count_all FROM "listings" WHERE ("listings".user_id = 25450) [0m
  [4;35;1mAnalyzing  Execution Time: 0.003179

[0m   [0mAggregate  (cost=1615.81..1615.82 rows=1 width=0)
   ->  Index Scan using index_listings_on_id_and_user_id_and_title on listings  (cost=0.00..1615.79 rows=4 width=0)
         Index Cond: (user_id = 25450)
[0m
  [4;36;1mListing Load (2.2ms)[0m   [0;1mSELECT * FROM "listings" WHERE ("listings".user_id = 25450) [0m
  [4;35;1mAnalyzing Listing Load Execution Time: 0.002937

[0m   [0mIndex Scan using index_listings_on_id_and_user_id_and_title on listings  (cost=0.00..1615.79 rows=4 width=1172)
   Index Cond: (user_id = 25450)
[0m
  [4;36;1mSQL (156.4ms)[0m   [0;1mSELECT count(*) AS count_all FROM "impressions" WHERE ("impressions".listing_id = 113130) [0m
  [4;35;1mAnalyzing  Execution Time: 0.156697

[0m   [0mAggregate  (cost=12714.08..12714.09 rows=1 width=0)
   ->  Seq Scan on impressions  (cost=0.00..12714.00 rows=31 width=0)
         Filter: (listing_id = 113130)
[0m
  [4;36;1mSQL (10.5ms)[0m   [0;1mSELECT count(*) AS count_all FROM "clicks" WHERE ("clicks".listing_id = 113130) [0m
  [4;35;1mAnalyzing  Execution Time: 0.01077

[0m   [0mAggregate  (cost=814.47..814.48 rows=1 width=0)
   ->  Seq Scan on clicks  (cost=0.00..814.46 rows=2 width=0)
         Filter: (listing_id = 113130)
[0m
  [4;36;1mSQL (1.9ms)[0m   [0;1mSELECT count(*) AS count_all FROM "listings" WHERE ("listings".user_id = 25451) [0m
  [4;35;1mAnalyzing  Execution Time: 0.002189

[0m   [0mAggregate  (cost=1615.81..1615.82 rows=1 width=0)
   ->  Index Scan using index_listings_on_id_and_user_id_and_title on listings  (cost=0.00..1615.79 rows=4 width=0)
         Index Cond: (user_id = 25451)
[0m
  [4;36;1mListing Load (2.0ms)[0m   [0;1mSELECT * FROM "listings" WHERE ("listings".user_id = 25451) [0m
  [4;35;1mAnalyzing Listing Load Execution Time: 0.002863

[0m   [0mIndex Scan using index_listings_on_id_and_user_id_and_title on listings  (cost=0.00..1615.79 rows=4 width=1172)
   Index Cond: (user_id = 25451)
[0m
  [4;36;1mSQL (192.0ms)[0m   [0;1mSELECT count(*) AS count_all FROM "impressions" WHERE ("impressions".listing_id = 113131) [0m
  [4;35;1mAnalyzing  Execution Time: 0.192364

[0m   [0mAggregate  (cost=12714.08..12714.09 rows=1 width=0)
   ->  Seq Scan on impressions  (cost=0.00..12714.00 rows=31 width=0)
         Filter: (listing_id = 113131)
[0m
  [4;36;1mSQL (31.2ms)[0m   [0;1mSELECT count(*) AS count_all FROM "clicks" WHERE ("clicks".listing_id = 113131) [0m
  [4;35;1mAnalyzing  Execution Time: 0.031516

[0m   [0mAggregate  (cost=814.47..814.48 rows=1 width=0)
   ->  Seq Scan on clicks  (cost=0.00..814.46 rows=2 width=0)
         Filter: (listing_id = 113131)
[0m
  [4;36;1mSQL (3.4ms)[0m   [0;1mSELECT count(*) AS count_all FROM "listings" WHERE ("listings".user_id = 25452) [0m
  [4;35;1mAnalyzing  Execution Time: 0.004052

[0m   [0mAggregate  (cost=1615.81..1615.82 rows=1 width=0)
   ->  Index Scan using index_listings_on_id_and_user_id_and_title on listings  (cost=0.00..1615.79 rows=4 width=0)
         Index Cond: (user_id = 25452)
[0m
  [4;36;1mListing Load (13.7ms)[0m   [0;1mSELECT * FROM "listings" WHERE ("listings".user_id = 25452) [0m
  [4;35;1mAnalyzing Listing Load Execution Time: 0.014601

[0m   [0mIndex Scan using index_listings_on_id_and_user_id_and_title on listings  (cost=0.00..1615.79 rows=4 width=1172)
   Index Cond: (user_id = 25452)
[0m
  [4;36;1mSQL (161.3ms)[0m   [0;1mSELECT count(*) AS count_all FROM "impressions" WHERE ("impressions".listing_id = 113132) [0m
  [4;35;1mAnalyzing  Execution Time: 0.161514

[0m   [0mAggregate  (cost=12714.08..12714.09 rows=1 width=0)
   ->  Seq Scan on impressions  (cost=0.00..12714.00 rows=31 width=0)
         Filter: (listing_id = 113132)
[0m
  [4;36;1mSQL (8.4ms)[0m   [0;1mSELECT count(*) AS count_all FROM "clicks" WHERE ("clicks".listing_id = 113132) [0m
  [4;35;1mAnalyzing  Execution Time: 0.0087

[0m   [0mAggregate  (cost=814.47..814.48 rows=1 width=0)
   ->  Seq Scan on clicks  (cost=0.00..814.46 rows=2 width=0)
         Filter: (listing_id = 113132)
[0m
  [4;36;1mSQL (3.3ms)[0m   [0;1mSELECT count(*) AS count_all FROM "listings" WHERE ("listings".user_id = 25453) [0m
  [4;35;1mAnalyzing  Execution Time: 0.003673

[0m   [0mAggregate  (cost=1615.81..1615.82 rows=1 width=0)
   ->  Index Scan using index_listings_on_id_and_user_id_and_title on listings  (cost=0.00..1615.79 rows=4 width=0)
         Index Cond: (user_id = 25453)
[0m
  [4;36;1mListing Load (2.4ms)[0m   [0;1mSELECT * FROM "listings" WHERE ("listings".user_id = 25453) [0m
  [4;35;1mAnalyzing Listing Load Execution Time: 0.003349

[0m   [0mIndex Scan using index_listings_on_id_and_user_id_and_title on listings  (cost=0.00..1615.79 rows=4 width=1172)
   Index Cond: (user_id = 25453)
[0m
  [4;36;1mSQL (149.5ms)[0m   [0;1mSELECT count(*) AS count_all FROM "impressions" WHERE ("impressions".listing_id = 76878) [0m
  [4;35;1mAnalyzing  Execution Time: 0.149756

[0m   [0mAggregate  (cost=12714.08..12714.09 rows=1 width=0)
   ->  Seq Scan on impressions  (cost=0.00..12714.00 rows=31 width=0)
         Filter: (listing_id = 76878)
[0m
  [4;36;1mSQL (9.8ms)[0m   [0;1mSELECT count(*) AS count_all FROM "clicks" WHERE ("clicks".listing_id = 76878) [0m
  [4;35;1mAnalyzing  Execution Time: 0.010128

[0m   [0mAggregate  (cost=814.47..814.48 rows=1 width=0)
   ->  Seq Scan on clicks  (cost=0.00..814.46 rows=2 width=0)
         Filter: (listing_id = 76878)
[0m
  [4;36;1mSQL (2.4ms)[0m   [0;1mSELECT count(*) AS count_all FROM "listings" WHERE ("listings".user_id = 25454) [0m
  [4;35;1mAnalyzing  Execution Time: 0.002729

[0m   [0mAggregate  (cost=1615.81..1615.82 rows=1 width=0)
   ->  Index Scan using index_listings_on_id_and_user_id_and_title on listings  (cost=0.00..1615.79 rows=4 width=0)
         Index Cond: (user_id = 25454)
[0m
  [4;36;1mListing Load (3.3ms)[0m   [0;1mSELECT * FROM "listings" WHERE ("listings".user_id = 25454) [0m
  [4;35;1mAnalyzing Listing Load Execution Time: 0.143953

[0m   [0mIndex Scan using index_listings_on_id_and_user_id_and_title on listings  (cost=0.00..1615.79 rows=4 width=1172)
   Index Cond: (user_id = 25454)
[0m
  [4;36;1mSQL (153.0ms)[0m   [0;1mSELECT count(*) AS count_all FROM "impressions" WHERE ("impressions".listing_id = 113133) [0m
  [4;35;1mAnalyzing  Execution Time: 0.153333

[0m   [0mAggregate  (cost=12714.08..12714.09 rows=1 width=0)
   ->  Seq Scan on impressions  (cost=0.00..12714.00 rows=31 width=0)
         Filter: (listing_id = 113133)
[0m
  [4;36;1mSQL (155.1ms)[0m   [0;1mSELECT count(*) AS count_all FROM "impressions" WHERE ("impressions".listing_id = 113191) [0m
  [4;35;1mAnalyzing  Execution Time: 0.155471

[0m   [0mAggregate  (cost=12714.08..12714.09 rows=1 width=0)
   ->  Seq Scan on impressions  (cost=0.00..12714.00 rows=31 width=0)
         Filter: (listing_id = 113191)
[0m
  [4;36;1mSQL (149.6ms)[0m   [0;1mSELECT count(*) AS count_all FROM "impressions" WHERE ("impressions".listing_id = 113192) [0m
  [4;35;1mAnalyzing  Execution Time: 0.149914

[0m   [0mAggregate  (cost=12714.08..12714.09 rows=1 width=0)
   ->  Seq Scan on impressions  (cost=0.00..12714.00 rows=31 width=0)
         Filter: (listing_id = 113192)
[0m
  [4;36;1mSQL (8.4ms)[0m   [0;1mSELECT count(*) AS count_all FROM "clicks" WHERE ("clicks".listing_id = 113133) [0m
  [4;35;1mAnalyzing  Execution Time: 0.008635

[0m   [0mAggregate  (cost=814.47..814.48 rows=1 width=0)
   ->  Seq Scan on clicks  (cost=0.00..814.46 rows=2 width=0)
         Filter: (listing_id = 113133)
[0m
  [4;36;1mSQL (11.1ms)[0m   [0;1mSELECT count(*) AS count_all FROM "clicks" WHERE ("clicks".listing_id = 113191) [0m
  [4;35;1mAnalyzing  Execution Time: 0.011414

[0m   [0mAggregate  (cost=814.47..814.48 rows=1 width=0)
   ->  Seq Scan on clicks  (cost=0.00..814.46 rows=2 width=0)
         Filter: (listing_id = 113191)
[0m
  [4;36;1mSQL (8.5ms)[0m   [0;1mSELECT count(*) AS count_all FROM "clicks" WHERE ("clicks".listing_id = 113192) [0m
  [4;35;1mAnalyzing  Execution Time: 0.008899

[0m   [0mAggregate  (cost=814.47..814.48 rows=1 width=0)
   ->  Seq Scan on clicks  (cost=0.00..814.46 rows=2 width=0)
         Filter: (listing_id = 113192)
[0m
  [4;36;1mSQL (2.0ms)[0m   [0;1mSELECT count(*) AS count_all FROM "listings" WHERE ("listings".user_id = 25455) [0m
  [4;35;1mAnalyzing  Execution Time: 0.002229

[0m   [0mAggregate  (cost=1615.81..1615.82 rows=1 width=0)
   ->  Index Scan using index_listings_on_id_and_user_id_and_title on listings  (cost=0.00..1615.79 rows=4 width=0)
         Index Cond: (user_id = 25455)
[0m
  [4;36;1mListing Load (3.2ms)[0m   [0;1mSELECT * FROM "listings" WHERE ("listings".user_id = 25455) [0m
  [4;35;1mAnalyzing Listing Load Execution Time: 0.004075

[0m   [0mIndex Scan using index_listings_on_id_and_user_id_and_title on listings  (cost=0.00..1615.79 rows=4 width=1172)
   Index Cond: (user_id = 25455)
[0m
  [4;36;1mSQL (151.0ms)[0m   [0;1mSELECT count(*) AS count_all FROM "impressions" WHERE ("impressions".listing_id = 66813) [0m
  [4;35;1mAnalyzing  Execution Time: 0.15129

[0m   [0mAggregate  (cost=12714.08..12714.09 rows=1 width=0)
   ->  Seq Scan on impressions  (cost=0.00..12714.00 rows=31 width=0)
         Filter: (listing_id = 66813)
[0m
  [4;36;1mSQL (8.6ms)[0m   [0;1mSELECT count(*) AS count_all FROM "clicks" WHERE ("clicks".listing_id = 66813) [0m
  [4;35;1mAnalyzing  Execution Time: 0.008934

[0m   [0mAggregate  (cost=814.47..814.48 rows=1 width=0)
   ->  Seq Scan on clicks  (cost=0.00..814.46 rows=2 width=0)
         Filter: (listing_id = 66813)
[0m
  [4;36;1mSQL (2.9ms)[0m   [0;1mSELECT count(*) AS count_all FROM "listings" WHERE ("listings".user_id = 25456) [0m
  [4;35;1mAnalyzing  Execution Time: 0.003181

[0m   [0mAggregate  (cost=1615.81..1615.82 rows=1 width=0)
   ->  Index Scan using index_listings_on_id_and_user_id_and_title on listings  (cost=0.00..1615.79 rows=4 width=0)
         Index Cond: (user_id = 25456)
[0m
  [4;36;1mListing Load (2.5ms)[0m   [0;1mSELECT * FROM "listings" WHERE ("listings".user_id = 25456) [0m
  [4;35;1mAnalyzing Listing Load Execution Time: 0.008612

[0m   [0mIndex Scan using index_listings_on_id_and_user_id_and_title on listings  (cost=0.00..1615.79 rows=4 width=1172)
   Index Cond: (user_id = 25456)
[0m
  [4;36;1mSQL (152.8ms)[0m   [0;1mSELECT count(*) AS count_all FROM "impressions" WHERE ("impressions".listing_id = 78999) [0m
  [4;35;1mAnalyzing  Execution Time: 0.153119

[0m   [0mAggregate  (cost=12714.08..12714.09 rows=1 width=0)
   ->  Seq Scan on impressions  (cost=0.00..12714.00 rows=31 width=0)
         Filter: (listing_id = 78999)
[0m
  [4;36;1mSQL (155.3ms)[0m   [0;1mSELECT count(*) AS count_all FROM "impressions" WHERE ("impressions".listing_id = 98096) [0m
  [4;35;1mAnalyzing  Execution Time: 0.155566

[0m   [0mAggregate  (cost=12714.08..12714.09 rows=1 width=0)
   ->  Seq Scan on impressions  (cost=0.00..12714.00 rows=31 width=0)
         Filter: (listing_id = 98096)
[0m
  [4;36;1mSQL (9.1ms)[0m   [0;1mSELECT count(*) AS count_all FROM "clicks" WHERE ("clicks".listing_id = 78999) [0m
  [4;35;1mAnalyzing  Execution Time: 0.009346

[0m   [0mAggregate  (cost=814.47..814.48 rows=1 width=0)
   ->  Seq Scan on clicks  (cost=0.00..814.46 rows=2 width=0)
         Filter: (listing_id = 78999)
[0m
  [4;36;1mSQL (12.0ms)[0m   [0;1mSELECT count(*) AS count_all FROM "clicks" WHERE ("clicks".listing_id = 98096) [0m
  [4;35;1mAnalyzing  Execution Time: 0.012221

[0m   [0mAggregate  (cost=814.47..814.48 rows=1 width=0)
   ->  Seq Scan on clicks  (cost=0.00..814.46 rows=2 width=0)
         Filter: (listing_id = 98096)
[0m
  [4;36;1mSQL (2.1ms)[0m   [0;1mSELECT count(*) AS count_all FROM "listings" WHERE ("listings".user_id = 25457) [0m
  [4;35;1mAnalyzing  Execution Time: 0.002324

[0m   [0mAggregate  (cost=1615.81..1615.82 rows=1 width=0)
   ->  Index Scan using index_listings_on_id_and_user_id_and_title on listings  (cost=0.00..1615.79 rows=4 width=0)
         Index Cond: (user_id = 25457)
[0m
  [4;36;1mListing Load (1.9ms)[0m   [0;1mSELECT * FROM "listings" WHERE ("listings".user_id = 25457) [0m
  [4;35;1mAnalyzing Listing Load Execution Time: 0.002708

[0m   [0mIndex Scan using index_listings_on_id_and_user_id_and_title on listings  (cost=0.00..1615.79 rows=4 width=1172)
   Index Cond: (user_id = 25457)
[0m
  [4;36;1mSQL (160.0ms)[0m   [0;1mSELECT count(*) AS count_all FROM "impressions" WHERE ("impressions".listing_id = 113134) [0m
  [4;35;1mAnalyzing  Execution Time: 0.160241

[0m   [0mAggregate  (cost=12714.08..12714.09 rows=1 width=0)
   ->  Seq Scan on impressions  (cost=0.00..12714.00 rows=31 width=0)
         Filter: (listing_id = 113134)
[0m
  [4;36;1mSQL (9.2ms)[0m   [0;1mSELECT count(*) AS count_all FROM "clicks" WHERE ("clicks".listing_id = 113134) [0m
  [4;35;1mAnalyzing  Execution Time: 0.009524

[0m   [0mAggregate  (cost=814.47..814.48 rows=1 width=0)
   ->  Seq Scan on clicks  (cost=0.00..814.46 rows=2 width=0)
         Filter: (listing_id = 113134)
[0m
  [4;36;1mSQL (2.3ms)[0m   [0;1mSELECT count(*) AS count_all FROM "listings" WHERE ("listings".user_id = 25458) [0m
  [4;35;1mAnalyzing  Execution Time: 0.002556

[0m   [0mAggregate  (cost=1615.81..1615.82 rows=1 width=0)
   ->  Index Scan using index_listings_on_id_and_user_id_and_title on listings  (cost=0.00..1615.79 rows=4 width=0)
         Index Cond: (user_id = 25458)
[0m
  [4;36;1mListing Load (2.2ms)[0m   [0;1mSELECT * FROM "listings" WHERE ("listings".user_id = 25458) [0m
  [4;35;1mAnalyzing Listing Load Execution Time: 0.002987

[0m   [0mIndex Scan using index_listings_on_id_and_user_id_and_title on listings  (cost=0.00..1615.79 rows=4 width=1172)
   Index Cond: (user_id = 25458)
[0m
  [4;36;1mSQL (153.3ms)[0m   [0;1mSELECT count(*) AS count_all FROM "impressions" WHERE ("impressions".listing_id = 75927) [0m
  [4;35;1mAnalyzing  Execution Time: 0.153624

[0m   [0mAggregate  (cost=12714.08..12714.09 rows=1 width=0)
   ->  Seq Scan on impressions  (cost=0.00..12714.00 rows=31 width=0)
         Filter: (listing_id = 75927)
[0m
  [4;36;1mSQL (12.5ms)[0m   [0;1mSELECT count(*) AS count_all FROM "clicks" WHERE ("clicks".listing_id = 75927) [0m
  [4;35;1mAnalyzing  Execution Time: 0.012763

[0m   [0mAggregate  (cost=814.47..814.48 rows=1 width=0)
   ->  Seq Scan on clicks  (cost=0.00..814.46 rows=2 width=0)
         Filter: (listing_id = 75927)
[0m
  [4;36;1mSQL (1.9ms)[0m   [0;1mSELECT count(*) AS count_all FROM "listings" WHERE ("listings".user_id = 25459) [0m
  [4;35;1mAnalyzing  Execution Time: 0.002184

[0m   [0mAggregate  (cost=1615.81..1615.82 rows=1 width=0)
   ->  Index Scan using index_listings_on_id_and_user_id_and_title on listings  (cost=0.00..1615.79 rows=4 width=0)
         Index Cond: (user_id = 25459)
[0m
  [4;36;1mListing Load (2.1ms)[0m   [0;1mSELECT * FROM "listings" WHERE ("listings".user_id = 25459) [0m
  [4;35;1mAnalyzing Listing Load Execution Time: 0.002787

[0m   [0mIndex Scan using index_listings_on_id_and_user_id_and_title on listings  (cost=0.00..1615.79 rows=4 width=1172)
   Index Cond: (user_id = 25459)
[0m
  [4;36;1mSQL (151.4ms)[0m   [0;1mSELECT count(*) AS count_all FROM "impressions" WHERE ("impressions".listing_id = 113135) [0m
  [4;35;1mAnalyzing  Execution Time: 0.151701

[0m   [0mAggregate  (cost=12714.08..12714.09 rows=1 width=0)
   ->  Seq Scan on impressions  (cost=0.00..12714.00 rows=31 width=0)
         Filter: (listing_id = 113135)
[0m
  [4;36;1mSQL (8.7ms)[0m   [0;1mSELECT count(*) AS count_all FROM "clicks" WHERE ("clicks".listing_id = 113135) [0m
  [4;35;1mAnalyzing  Execution Time: 0.008966

[0m   [0mAggregate  (cost=814.47..814.48 rows=1 width=0)
   ->  Seq Scan on clicks  (cost=0.00..814.46 rows=2 width=0)
         Filter: (listing_id = 113135)
[0m
  [4;36;1mSQL (1.9ms)[0m   [0;1mSELECT count(*) AS count_all FROM "listings" WHERE ("listings".user_id = 25460) [0m
  [4;35;1mAnalyzing  Execution Time: 0.002184

[0m   [0mAggregate  (cost=1615.81..1615.82 rows=1 width=0)
   ->  Index Scan using index_listings_on_id_and_user_id_and_title on listings  (cost=0.00..1615.79 rows=4 width=0)
         Index Cond: (user_id = 25460)
[0m
  [4;36;1mListing Load (2.1ms)[0m   [0;1mSELECT * FROM "listings" WHERE ("listings".user_id = 25460) [0m
  [4;35;1mAnalyzing Listing Load Execution Time: 0.003232

[0m   [0mIndex Scan using index_listings_on_id_and_user_id_and_title on listings  (cost=0.00..1615.79 rows=4 width=1172)
   Index Cond: (user_id = 25460)
[0m
  [4;36;1mSQL (152.5ms)[0m   [0;1mSELECT count(*) AS count_all FROM "impressions" WHERE ("impressions".listing_id = 113136) [0m
  [4;35;1mAnalyzing  Execution Time: 0.152793

[0m   [0mAggregate  (cost=12714.08..12714.09 rows=1 width=0)
   ->  Seq Scan on impressions  (cost=0.00..12714.00 rows=31 width=0)
         Filter: (listing_id = 113136)
[0m
  [4;36;1mSQL (8.6ms)[0m   [0;1mSELECT count(*) AS count_all FROM "clicks" WHERE ("clicks".listing_id = 113136) [0m
  [4;35;1mAnalyzing  Execution Time: 0.008886

[0m   [0mAggregate  (cost=814.47..814.48 rows=1 width=0)
   ->  Seq Scan on clicks  (cost=0.00..814.46 rows=2 width=0)
         Filter: (listing_id = 113136)
[0m
  [4;36;1mSQL (2.3ms)[0m   [0;1mSELECT count(*) AS count_all FROM "listings" WHERE ("listings".user_id = 25461) [0m
  [4;35;1mAnalyzing  Execution Time: 0.002651

[0m   [0mAggregate  (cost=1615.81..1615.82 rows=1 width=0)
   ->  Index Scan using index_listings_on_id_and_user_id_and_title on listings  (cost=0.00..1615.79 rows=4 width=0)
         Index Cond: (user_id = 25461)
[0m
  [4;36;1mListing Load (2.5ms)[0m   [0;1mSELECT * FROM "listings" WHERE ("listings".user_id = 25461) [0m
  [4;35;1mAnalyzing Listing Load Execution Time: 0.003277

[0m   [0mIndex Scan using index_listings_on_id_and_user_id_and_title on listings  (cost=0.00..1615.79 rows=4 width=1172)
   Index Cond: (user_id = 25461)
[0m
  [4;36;1mSQL (157.3ms)[0m   [0;1mSELECT count(*) AS count_all FROM "impressions" WHERE ("impressions".listing_id = 113137) [0m
  [4;35;1mAnalyzing  Execution Time: 0.157624

[0m   [0mAggregate  (cost=12714.08..12714.09 rows=1 width=0)
   ->  Seq Scan on impressions  (cost=0.00..12714.00 rows=31 width=0)
         Filter: (listing_id = 113137)
[0m
  [4;36;1mSQL (9.6ms)[0m   [0;1mSELECT count(*) AS count_all FROM "clicks" WHERE ("clicks".listing_id = 113137) [0m
  [4;35;1mAnalyzing  Execution Time: 0.009903

[0m   [0mAggregate  (cost=814.47..814.48 rows=1 width=0)
   ->  Seq Scan on clicks  (cost=0.00..814.46 rows=2 width=0)
         Filter: (listing_id = 113137)
[0m
  [4;36;1mSQL (2.3ms)[0m   [0;1mSELECT count(*) AS count_all FROM "listings" WHERE ("listings".user_id = 25446) [0m
  [4;35;1mAnalyzing  Execution Time: 0.002598

[0m   [0mAggregate  (cost=1615.81..1615.82 rows=1 width=0)
   ->  Index Scan using index_listings_on_id_and_user_id_and_title on listings  (cost=0.00..1615.79 rows=4 width=0)
         Index Cond: (user_id = 25446)
[0m
  [4;36;1mListing Load (1.9ms)[0m   [0;1mSELECT * FROM "listings" WHERE ("listings".user_id = 25446) [0m
  [4;35;1mAnalyzing Listing Load Execution Time: 0.00267

[0m   [0mIndex Scan using index_listings_on_id_and_user_id_and_title on listings  (cost=0.00..1615.79 rows=4 width=1172)
   Index Cond: (user_id = 25446)
[0m
  [4;36;1mSQL (151.5ms)[0m   [0;1mSELECT count(*) AS count_all FROM "impressions" WHERE ("impressions".listing_id = 113128) [0m
  [4;35;1mAnalyzing  Execution Time: 0.151996

[0m   [0mAggregate  (cost=12714.08..12714.09 rows=1 width=0)
   ->  Seq Scan on impressions  (cost=0.00..12714.00 rows=31 width=0)
         Filter: (listing_id = 113128)
[0m
  [4;36;1mSQL (10.5ms)[0m   [0;1mSELECT count(*) AS count_all FROM "clicks" WHERE ("clicks".listing_id = 113128) [0m
  [4;35;1mAnalyzing  Execution Time: 0.010759

[0m   [0mAggregate  (cost=814.47..814.48 rows=1 width=0)
   ->  Seq Scan on clicks  (cost=0.00..814.46 rows=2 width=0)
         Filter: (listing_id = 113128)
[0m
  [4;36;1mSQL (2.0ms)[0m   [0;1mSELECT count(*) AS count_all FROM "listings" WHERE ("listings".user_id = 25389) [0m
  [4;35;1mAnalyzing  Execution Time: 0.00226

[0m   [0mAggregate  (cost=1615.81..1615.82 rows=1 width=0)
   ->  Index Scan using index_listings_on_id_and_user_id_and_title on listings  (cost=0.00..1615.79 rows=4 width=0)
         Index Cond: (user_id = 25389)
[0m
  [4;36;1mListing Load (2.1ms)[0m   [0;1mSELECT * FROM "listings" WHERE ("listings".user_id = 25389) [0m
  [4;35;1mAnalyzing Listing Load Execution Time: 0.002895

[0m   [0mIndex Scan using index_listings_on_id_and_user_id_and_title on listings  (cost=0.00..1615.79 rows=4 width=1172)
   Index Cond: (user_id = 25389)
[0m
  [4;36;1mSQL (153.7ms)[0m   [0;1mSELECT count(*) AS count_all FROM "impressions" WHERE ("impressions".listing_id = 113090) [0m
  [4;35;1mAnalyzing  Execution Time: 0.153992

[0m   [0mAggregate  (cost=12714.08..12714.09 rows=1 width=0)
   ->  Seq Scan on impressions  (cost=0.00..12714.00 rows=31 width=0)
         Filter: (listing_id = 113090)
[0m
  [4;36;1mSQL (9.0ms)[0m   [0;1mSELECT count(*) AS count_all FROM "clicks" WHERE ("clicks".listing_id = 113090) [0m
  [4;35;1mAnalyzing  Execution Time: 0.009275

[0m   [0mAggregate  (cost=814.47..814.48 rows=1 width=0)
   ->  Seq Scan on clicks  (cost=0.00..814.46 rows=2 width=0)
         Filter: (listing_id = 113090)
[0m
  [4;36;1mSQL (3.3ms)[0m   [0;1mSELECT count(*) AS count_all FROM "listings" WHERE ("listings".user_id = 25444) [0m
  [4;35;1mAnalyzing  Execution Time: 0.003566

[0m   [0mAggregate  (cost=1615.81..1615.82 rows=1 width=0)
   ->  Index Scan using index_listings_on_id_and_user_id_and_title on listings  (cost=0.00..1615.79 rows=4 width=0)
         Index Cond: (user_id = 25444)
[0m
  [4;36;1mListing Load (2.7ms)[0m   [0;1mSELECT * FROM "listings" WHERE ("listings".user_id = 25444) [0m
  [4;35;1mAnalyzing Listing Load Execution Time: 0.003438

[0m   [0mIndex Scan using index_listings_on_id_and_user_id_and_title on listings  (cost=0.00..1615.79 rows=4 width=1172)
   Index Cond: (user_id = 25444)
[0m
  [4;36;1mSQL (149.4ms)[0m   [0;1mSELECT count(*) AS count_all FROM "impressions" WHERE ("impressions".listing_id = 113127) [0m
  [4;35;1mAnalyzing  Execution Time: 0.149696

[0m   [0mAggregate  (cost=12714.08..12714.09 rows=1 width=0)
   ->  Seq Scan on impressions  (cost=0.00..12714.00 rows=31 width=0)
         Filter: (listing_id = 113127)
[0m
  [4;36;1mSQL (9.7ms)[0m   [0;1mSELECT count(*) AS count_all FROM "clicks" WHERE ("clicks".listing_id = 113127) [0m
  [4;35;1mAnalyzing  Execution Time: 0.009992

[0m   [0mAggregate  (cost=814.47..814.48 rows=1 width=0)
   ->  Seq Scan on clicks  (cost=0.00..814.46 rows=2 width=0)
         Filter: (listing_id = 113127)
[0m
  [4;36;1mSQL (2.5ms)[0m   [0;1mSELECT count(*) AS count_all FROM "listings" WHERE ("listings".user_id = 25434) [0m
  [4;35;1mAnalyzing  Execution Time: 0.002733

[0m   [0mAggregate  (cost=1615.81..1615.82 rows=1 width=0)
   ->  Index Scan using index_listings_on_id_and_user_id_and_title on listings  (cost=0.00..1615.79 rows=4 width=0)
         Index Cond: (user_id = 25434)
[0m
  [4;36;1mListing Load (2.1ms)[0m   [0;1mSELECT * FROM "listings" WHERE ("listings".user_id = 25434) [0m
  [4;35;1mAnalyzing Listing Load Execution Time: 0.003894

[0m   [0mIndex Scan using index_listings_on_id_and_user_id_and_title on listings  (cost=0.00..1615.79 rows=4 width=1172)
   Index Cond: (user_id = 25434)
[0m
  [4;36;1mSQL (156.8ms)[0m   [0;1mSELECT count(*) AS count_all FROM "impressions" WHERE ("impressions".listing_id = 76095) [0m
  [4;35;1mAnalyzing  Execution Time: 0.157037

[0m   [0mAggregate  (cost=12716.26..12716.27 rows=1 width=0)
   ->  Seq Scan on impressions  (cost=0.00..12714.00 rows=905 width=0)
         Filter: (listing_id = 76095)
[0m
  [4;36;1mSQL (165.9ms)[0m   [0;1mSELECT count(*) AS count_all FROM "impressions" WHERE ("impressions".listing_id = 82343) [0m
  [4;35;1mAnalyzing  Execution Time: 0.166194

[0m   [0mAggregate  (cost=12716.30..12716.31 rows=1 width=0)
   ->  Seq Scan on impressions  (cost=0.00..12714.00 rows=919 width=0)
         Filter: (listing_id = 82343)
[0m
  [4;36;1mSQL (148.3ms)[0m   [0;1mSELECT count(*) AS count_all FROM "impressions" WHERE ("impressions".listing_id = 113270) [0m
  [4;35;1mAnalyzing  Execution Time: 0.148577

[0m   [0mAggregate  (cost=12714.08..12714.09 rows=1 width=0)
   ->  Seq Scan on impressions  (cost=0.00..12714.00 rows=31 width=0)
         Filter: (listing_id = 113270)
[0m
  [4;36;1mSQL (153.0ms)[0m   [0;1mSELECT count(*) AS count_all FROM "impressions" WHERE ("impressions".listing_id = 113271) [0m
  [4;35;1mAnalyzing  Execution Time: 0.153246

[0m   [0mAggregate  (cost=12714.08..12714.09 rows=1 width=0)
   ->  Seq Scan on impressions  (cost=0.00..12714.00 rows=31 width=0)
         Filter: (listing_id = 113271)
[0m
  [4;36;1mSQL (8.9ms)[0m   [0;1mSELECT count(*) AS count_all FROM "clicks" WHERE ("clicks".listing_id = 76095) [0m
  [4;35;1mAnalyzing  Execution Time: 0.009113

[0m   [0mAggregate  (cost=814.50..814.51 rows=1 width=0)
   ->  Seq Scan on clicks  (cost=0.00..814.46 rows=15 width=0)
         Filter: (listing_id = 76095)
[0m
  [4;36;1mSQL (10.7ms)[0m   [0;1mSELECT count(*) AS count_all FROM "clicks" WHERE ("clicks".listing_id = 82343) [0m
  [4;35;1mAnalyzing  Execution Time: 0.010972

[0m   [0mAggregate  (cost=814.51..814.52 rows=1 width=0)
   ->  Seq Scan on clicks  (cost=0.00..814.46 rows=17 width=0)
         Filter: (listing_id = 82343)
[0m
  [4;36;1mSQL (9.3ms)[0m   [0;1mSELECT count(*) AS count_all FROM "clicks" WHERE ("clicks".listing_id = 113270) [0m
  [4;35;1mAnalyzing  Execution Time: 0.009634

[0m   [0mAggregate  (cost=814.47..814.48 rows=1 width=0)
   ->  Seq Scan on clicks  (cost=0.00..814.46 rows=2 width=0)
         Filter: (listing_id = 113270)
[0m
  [4;36;1mSQL (9.5ms)[0m   [0;1mSELECT count(*) AS count_all FROM "clicks" WHERE ("clicks".listing_id = 113271) [0m
  [4;35;1mAnalyzing  Execution Time: 0.00984

[0m   [0mAggregate  (cost=814.47..814.48 rows=1 width=0)
   ->  Seq Scan on clicks  (cost=0.00..814.46 rows=2 width=0)
         Filter: (listing_id = 113271)
[0m
  [4;36;1mSQL (2.5ms)[0m   [0;1mSELECT count(*) AS count_all FROM "listings" WHERE ("listings".user_id = 25432) [0m
  [4;35;1mAnalyzing  Execution Time: 0.00273

[0m   [0mAggregate  (cost=1615.81..1615.82 rows=1 width=0)
   ->  Index Scan using index_listings_on_id_and_user_id_and_title on listings  (cost=0.00..1615.79 rows=4 width=0)
         Index Cond: (user_id = 25432)
[0m
  [4;36;1mListing Load (2.3ms)[0m   [0;1mSELECT * FROM "listings" WHERE ("listings".user_id = 25432) [0m
  [4;35;1mAnalyzing Listing Load Execution Time: 0.00306

[0m   [0mIndex Scan using index_listings_on_id_and_user_id_and_title on listings  (cost=0.00..1615.79 rows=4 width=1172)
   Index Cond: (user_id = 25432)
[0m
  [4;36;1mSQL (152.2ms)[0m   [0;1mSELECT count(*) AS count_all FROM "impressions" WHERE ("impressions".listing_id = 113118) [0m
  [4;35;1mAnalyzing  Execution Time: 0.15243

[0m   [0mAggregate  (cost=12714.08..12714.09 rows=1 width=0)
   ->  Seq Scan on impressions  (cost=0.00..12714.00 rows=31 width=0)
         Filter: (listing_id = 113118)
[0m
  [4;36;1mSQL (10.9ms)[0m   [0;1mSELECT count(*) AS count_all FROM "clicks" WHERE ("clicks".listing_id = 113118) [0m
  [4;35;1mAnalyzing  Execution Time: 0.01116

[0m   [0mAggregate  (cost=814.47..814.48 rows=1 width=0)
   ->  Seq Scan on clicks  (cost=0.00..814.46 rows=2 width=0)
         Filter: (listing_id = 113118)
[0m
  [4;36;1mSQL (4.7ms)[0m   [0;1mSELECT count(*) AS count_all FROM "listings" WHERE ("listings".user_id = 25431) [0m
  [4;35;1mAnalyzing  Execution Time: 0.005034

[0m   [0mAggregate  (cost=1615.81..1615.82 rows=1 width=0)
   ->  Index Scan using index_listings_on_id_and_user_id_and_title on listings  (cost=0.00..1615.79 rows=4 width=0)
         Index Cond: (user_id = 25431)
[0m
  [4;36;1mListing Load (2.1ms)[0m   [0;1mSELECT * FROM "listings" WHERE ("listings".user_id = 25431) [0m
  [4;35;1mAnalyzing Listing Load Execution Time: 0.002769

[0m   [0mIndex Scan using index_listings_on_id_and_user_id_and_title on listings  (cost=0.00..1615.79 rows=4 width=1172)
   Index Cond: (user_id = 25431)
[0m
  [4;36;1mSQL (156.6ms)[0m   [0;1mSELECT count(*) AS count_all FROM "impressions" WHERE ("impressions".listing_id = 113117) [0m
  [4;35;1mAnalyzing  Execution Time: 0.156856

[0m   [0mAggregate  (cost=12714.08..12714.09 rows=1 width=0)
   ->  Seq Scan on impressions  (cost=0.00..12714.00 rows=31 width=0)
         Filter: (listing_id = 113117)
[0m
  [4;36;1mSQL (9.5ms)[0m   [0;1mSELECT count(*) AS count_all FROM "clicks" WHERE ("clicks".listing_id = 113117) [0m
  [4;35;1mAnalyzing  Execution Time: 0.009795

[0m   [0mAggregate  (cost=814.47..814.48 rows=1 width=0)
   ->  Seq Scan on clicks  (cost=0.00..814.46 rows=2 width=0)
         Filter: (listing_id = 113117)
[0m
  [4;36;1mSQL (2.3ms)[0m   [0;1mSELECT count(*) AS count_all FROM "listings" WHERE ("listings".user_id = 25345) [0m
  [4;35;1mAnalyzing  Execution Time: 0.002667

[0m   [0mAggregate  (cost=1615.81..1615.82 rows=1 width=0)
   ->  Index Scan using index_listings_on_id_and_user_id_and_title on listings  (cost=0.00..1615.79 rows=4 width=0)
         Index Cond: (user_id = 25345)
[0m
  [4;36;1mListing Load (2.3ms)[0m   [0;1mSELECT * FROM "listings" WHERE ("listings".user_id = 25345) [0m
  [4;35;1mAnalyzing Listing Load Execution Time: 0.003139

[0m   [0mIndex Scan using index_listings_on_id_and_user_id_and_title on listings  (cost=0.00..1615.79 rows=4 width=1172)
   Index Cond: (user_id = 25345)
[0m
  [4;36;1mSQL (151.9ms)[0m   [0;1mSELECT count(*) AS count_all FROM "impressions" WHERE ("impressions".listing_id = 113063) [0m
  [4;35;1mAnalyzing  Execution Time: 0.152207

[0m   [0mAggregate  (cost=12714.08..12714.09 rows=1 width=0)
   ->  Seq Scan on impressions  (cost=0.00..12714.00 rows=31 width=0)
         Filter: (listing_id = 113063)
[0m
  [4;36;1mSQL (9.1ms)[0m   [0;1mSELECT count(*) AS count_all FROM "clicks" WHERE ("clicks".listing_id = 113063) [0m
  [4;35;1mAnalyzing  Execution Time: 0.00941

[0m   [0mAggregate  (cost=814.47..814.48 rows=1 width=0)
   ->  Seq Scan on clicks  (cost=0.00..814.46 rows=2 width=0)
         Filter: (listing_id = 113063)
[0m
  [4;36;1mSQL (2.2ms)[0m   [0;1mSELECT count(*) AS count_all FROM "listings" WHERE ("listings".user_id = 25370) [0m
  [4;35;1mAnalyzing  Execution Time: 0.002472

[0m   [0mAggregate  (cost=1615.81..1615.82 rows=1 width=0)
   ->  Index Scan using index_listings_on_id_and_user_id_and_title on listings  (cost=0.00..1615.79 rows=4 width=0)
         Index Cond: (user_id = 25370)
[0m
  [4;36;1mListing Load (3.2ms)[0m   [0;1mSELECT * FROM "listings" WHERE ("listings".user_id = 25370) [0m
  [4;35;1mAnalyzing Listing Load Execution Time: 0.003967

[0m   [0mIndex Scan using index_listings_on_id_and_user_id_and_title on listings  (cost=0.00..1615.79 rows=4 width=1172)
   Index Cond: (user_id = 25370)
[0m
  [4;36;1mSQL (151.6ms)[0m   [0;1mSELECT count(*) AS count_all FROM "impressions" WHERE ("impressions".listing_id = 87257) [0m
  [4;35;1mAnalyzing  Execution Time: 0.151905

[0m   [0mAggregate  (cost=12714.08..12714.09 rows=1 width=0)
   ->  Seq Scan on impressions  (cost=0.00..12714.00 rows=31 width=0)
         Filter: (listing_id = 87257)
[0m
  [4;36;1mSQL (10.6ms)[0m   [0;1mSELECT count(*) AS count_all FROM "clicks" WHERE ("clicks".listing_id = 87257) [0m
  [4;35;1mAnalyzing  Execution Time: 0.010901

[0m   [0mAggregate  (cost=814.47..814.48 rows=1 width=0)
   ->  Seq Scan on clicks  (cost=0.00..814.46 rows=2 width=0)
         Filter: (listing_id = 87257)
[0m
  [4;36;1mSQL (2.0ms)[0m   [0;1mSELECT count(*) AS count_all FROM "listings" WHERE ("listings".user_id = 25397) [0m
  [4;35;1mAnalyzing  Execution Time: 0.002304

[0m   [0mAggregate  (cost=1615.81..1615.82 rows=1 width=0)
   ->  Index Scan using index_listings_on_id_and_user_id_and_title on listings  (cost=0.00..1615.79 rows=4 width=0)
         Index Cond: (user_id = 25397)
[0m
  [4;36;1mListing Load (2.1ms)[0m   [0;1mSELECT * FROM "listings" WHERE ("listings".user_id = 25397) [0m
  [4;35;1mAnalyzing Listing Load Execution Time: 0.00289

[0m   [0mIndex Scan using index_listings_on_id_and_user_id_and_title on listings  (cost=0.00..1615.79 rows=4 width=1172)
   Index Cond: (user_id = 25397)
[0m
  [4;36;1mSQL (156.7ms)[0m   [0;1mSELECT count(*) AS count_all FROM "impressions" WHERE ("impressions".listing_id = 96211) [0m
  [4;35;1mAnalyzing  Execution Time: 0.156964

[0m   [0mAggregate  (cost=12714.08..12714.09 rows=1 width=0)
   ->  Seq Scan on impressions  (cost=0.00..12714.00 rows=31 width=0)
         Filter: (listing_id = 96211)
[0m
  [4;36;1mSQL (8.6ms)[0m   [0;1mSELECT count(*) AS count_all FROM "clicks" WHERE ("clicks".listing_id = 96211) [0m
  [4;35;1mAnalyzing  Execution Time: 0.008811

[0m   [0mAggregate  (cost=814.47..814.48 rows=1 width=0)
   ->  Seq Scan on clicks  (cost=0.00..814.46 rows=2 width=0)
         Filter: (listing_id = 96211)
[0m
  [4;36;1mSQL (2.4ms)[0m   [0;1mSELECT count(*) AS count_all FROM "listings" WHERE ("listings".user_id = 25391) [0m
  [4;35;1mAnalyzing  Execution Time: 0.002639

[0m   [0mAggregate  (cost=1615.81..1615.82 rows=1 width=0)
   ->  Index Scan using index_listings_on_id_and_user_id_and_title on listings  (cost=0.00..1615.79 rows=4 width=0)
         Index Cond: (user_id = 25391)
[0m
  [4;36;1mListing Load (3.1ms)[0m   [0;1mSELECT * FROM "listings" WHERE ("listings".user_id = 25391) [0m
  [4;35;1mAnalyzing Listing Load Execution Time: 0.006464

[0m   [0mIndex Scan using index_listings_on_id_and_user_id_and_title on listings  (cost=0.00..1615.79 rows=4 width=1172)
   Index Cond: (user_id = 25391)
[0m
  [4;36;1mSQL (155.6ms)[0m   [0;1mSELECT count(*) AS count_all FROM "impressions" WHERE ("impressions".listing_id = 68233) [0m
  [4;35;1mAnalyzing  Execution Time: 0.155859

[0m   [0mAggregate  (cost=12714.08..12714.09 rows=1 width=0)
   ->  Seq Scan on impressions  (cost=0.00..12714.00 rows=31 width=0)
         Filter: (listing_id = 68233)
[0m
  [4;36;1mSQL (153.1ms)[0m   [0;1mSELECT count(*) AS count_all FROM "impressions" WHERE ("impressions".listing_id = 72354) [0m
  [4;35;1mAnalyzing  Execution Time: 0.153321

[0m   [0mAggregate  (cost=12714.08..12714.09 rows=1 width=0)
   ->  Seq Scan on impressions  (cost=0.00..12714.00 rows=31 width=0)
         Filter: (listing_id = 72354)
[0m
  [4;36;1mSQL (154.1ms)[0m   [0;1mSELECT count(*) AS count_all FROM "impressions" WHERE ("impressions".listing_id = 72355) [0m
  [4;35;1mAnalyzing  Execution Time: 0.154343

[0m   [0mAggregate  (cost=12714.08..12714.09 rows=1 width=0)
   ->  Seq Scan on impressions  (cost=0.00..12714.00 rows=31 width=0)
         Filter: (listing_id = 72355)
[0m
  [4;36;1mSQL (150.1ms)[0m   [0;1mSELECT count(*) AS count_all FROM "impressions" WHERE ("impressions".listing_id = 77203) [0m
  [4;35;1mAnalyzing  Execution Time: 0.150437

[0m   [0mAggregate  (cost=12714.08..12714.09 rows=1 width=0)
   ->  Seq Scan on impressions  (cost=0.00..12714.00 rows=31 width=0)
         Filter: (listing_id = 77203)
[0m
  [4;36;1mSQL (149.4ms)[0m   [0;1mSELECT count(*) AS count_all FROM "impressions" WHERE ("impressions".listing_id = 80552) [0m
  [4;35;1mAnalyzing  Execution Time: 0.149697

[0m   [0mAggregate  (cost=12714.08..12714.09 rows=1 width=0)
   ->  Seq Scan on impressions  (cost=0.00..12714.00 rows=31 width=0)
         Filter: (listing_id = 80552)
[0m
  [4;36;1mSQL (8.5ms)[0m   [0;1mSELECT count(*) AS count_all FROM "clicks" WHERE ("clicks".listing_id = 68233) [0m
  [4;35;1mAnalyzing  Execution Time: 0.008703

[0m   [0mAggregate  (cost=814.47..814.48 rows=1 width=0)
   ->  Seq Scan on clicks  (cost=0.00..814.46 rows=2 width=0)
         Filter: (listing_id = 68233)
[0m
  [4;36;1mSQL (10.0ms)[0m   [0;1mSELECT count(*) AS count_all FROM "clicks" WHERE ("clicks".listing_id = 72354) [0m
  [4;35;1mAnalyzing  Execution Time: 0.010265

[0m   [0mAggregate  (cost=814.47..814.48 rows=1 width=0)
   ->  Seq Scan on clicks  (cost=0.00..814.46 rows=2 width=0)
         Filter: (listing_id = 72354)
[0m
  [4;36;1mSQL (9.4ms)[0m   [0;1mSELECT count(*) AS count_all FROM "clicks" WHERE ("clicks".listing_id = 72355) [0m
  [4;35;1mAnalyzing  Execution Time: 0.009691

[0m   [0mAggregate  (cost=814.47..814.48 rows=1 width=0)
   ->  Seq Scan on clicks  (cost=0.00..814.46 rows=2 width=0)
         Filter: (listing_id = 72355)
[0m
  [4;36;1mSQL (8.4ms)[0m   [0;1mSELECT count(*) AS count_all FROM "clicks" WHERE ("clicks".listing_id = 77203) [0m
  [4;35;1mAnalyzing  Execution Time: 0.008671

[0m   [0mAggregate  (cost=814.47..814.48 rows=1 width=0)
   ->  Seq Scan on clicks  (cost=0.00..814.46 rows=2 width=0)
         Filter: (listing_id = 77203)
[0m
  [4;36;1mSQL (9.8ms)[0m   [0;1mSELECT count(*) AS count_all FROM "clicks" WHERE ("clicks".listing_id = 80552) [0m
  [4;35;1mAnalyzing  Execution Time: 0.010025

[0m   [0mAggregate  (cost=814.47..814.48 rows=1 width=0)
   ->  Seq Scan on clicks  (cost=0.00..814.46 rows=2 width=0)
         Filter: (listing_id = 80552)
[0m
  [4;36;1mSQL (3.1ms)[0m   [0;1mSELECT count(*) AS count_all FROM "listings" WHERE ("listings".user_id = 25365) [0m
  [4;35;1mAnalyzing  Execution Time: 0.003648

[0m   [0mAggregate  (cost=1615.81..1615.82 rows=1 width=0)
   ->  Index Scan using index_listings_on_id_and_user_id_and_title on listings  (cost=0.00..1615.79 rows=4 width=0)
         Index Cond: (user_id = 25365)
[0m
  [4;36;1mListing Load (2.1ms)[0m   [0;1mSELECT * FROM "listings" WHERE ("listings".user_id = 25365) [0m
  [4;35;1mAnalyzing Listing Load Execution Time: 0.002804

[0m   [0mIndex Scan using index_listings_on_id_and_user_id_and_title on listings  (cost=0.00..1615.79 rows=4 width=1172)
   Index Cond: (user_id = 25365)
[0m
  [4;36;1mSQL (146.7ms)[0m   [0;1mSELECT count(*) AS count_all FROM "impressions" WHERE ("impressions".listing_id = 69791) [0m
  [4;35;1mAnalyzing  Execution Time: 0.146993

[0m   [0mAggregate  (cost=12714.08..12714.09 rows=1 width=0)
   ->  Seq Scan on impressions  (cost=0.00..12714.00 rows=31 width=0)
         Filter: (listing_id = 69791)
[0m
  [4;36;1mSQL (9.8ms)[0m   [0;1mSELECT count(*) AS count_all FROM "clicks" WHERE ("clicks".listing_id = 69791) [0m
  [4;35;1mAnalyzing  Execution Time: 0.010053

[0m   [0mAggregate  (cost=814.47..814.48 rows=1 width=0)
   ->  Seq Scan on clicks  (cost=0.00..814.46 rows=2 width=0)
         Filter: (listing_id = 69791)
[0m
  [4;36;1mSQL (2.4ms)[0m   [0;1mSELECT count(*) AS count_all FROM "listings" WHERE ("listings".user_id = 25441) [0m
  [4;35;1mAnalyzing  Execution Time: 0.00263

[0m   [0mAggregate  (cost=1615.81..1615.82 rows=1 width=0)
   ->  Index Scan using index_listings_on_id_and_user_id_and_title on listings  (cost=0.00..1615.79 rows=4 width=0)
         Index Cond: (user_id = 25441)
[0m
  [4;36;1mListing Load (2.1ms)[0m   [0;1mSELECT * FROM "listings" WHERE ("listings".user_id = 25441) [0m
  [4;35;1mAnalyzing Listing Load Execution Time: 0.002775

[0m   [0mIndex Scan using index_listings_on_id_and_user_id_and_title on listings  (cost=0.00..1615.79 rows=4 width=1172)
   Index Cond: (user_id = 25441)
[0m
  [4;36;1mSQL (152.1ms)[0m   [0;1mSELECT count(*) AS count_all FROM "impressions" WHERE ("impressions".listing_id = 113124) [0m
  [4;35;1mAnalyzing  Execution Time: 0.1524

[0m   [0mAggregate  (cost=12714.08..12714.09 rows=1 width=0)
   ->  Seq Scan on impressions  (cost=0.00..12714.00 rows=31 width=0)
         Filter: (listing_id = 113124)
[0m
  [4;36;1mSQL (9.1ms)[0m   [0;1mSELECT count(*) AS count_all FROM "clicks" WHERE ("clicks".listing_id = 113124) [0m
  [4;35;1mAnalyzing  Execution Time: 0.009365

[0m   [0mAggregate  (cost=814.47..814.48 rows=1 width=0)
   ->  Seq Scan on clicks  (cost=0.00..814.46 rows=2 width=0)
         Filter: (listing_id = 113124)
[0m
  [4;36;1mSQL (2.1ms)[0m   [0;1mSELECT count(*) AS count_all FROM "listings" WHERE ("listings".user_id = 25346) [0m
  [4;35;1mAnalyzing  Execution Time: 0.002368

[0m   [0mAggregate  (cost=1615.81..1615.82 rows=1 width=0)
   ->  Index Scan using index_listings_on_id_and_user_id_and_title on listings  (cost=0.00..1615.79 rows=4 width=0)
         Index Cond: (user_id = 25346)
[0m
  [4;36;1mListing Load (2.1ms)[0m   [0;1mSELECT * FROM "listings" WHERE ("listings".user_id = 25346) [0m
  [4;35;1mAnalyzing Listing Load Execution Time: 0.003874

[0m   [0mIndex Scan using index_listings_on_id_and_user_id_and_title on listings  (cost=0.00..1615.79 rows=4 width=1172)
   Index Cond: (user_id = 25346)
[0m
  [4;36;1mSQL (153.0ms)[0m   [0;1mSELECT count(*) AS count_all FROM "impressions" WHERE ("impressions".listing_id = 79649) [0m
  [4;35;1mAnalyzing  Execution Time: 0.153255

[0m   [0mAggregate  (cost=12714.08..12714.09 rows=1 width=0)
   ->  Seq Scan on impressions  (cost=0.00..12714.00 rows=31 width=0)
         Filter: (listing_id = 79649)
[0m
  [4;36;1mSQL (147.2ms)[0m   [0;1mSELECT count(*) AS count_all FROM "impressions" WHERE ("impressions".listing_id = 100382) [0m
  [4;35;1mAnalyzing  Execution Time: 0.147473

[0m   [0mAggregate  (cost=12714.08..12714.09 rows=1 width=0)
   ->  Seq Scan on impressions  (cost=0.00..12714.00 rows=31 width=0)
         Filter: (listing_id = 100382)
[0m
  [4;36;1mSQL (150.2ms)[0m   [0;1mSELECT count(*) AS count_all FROM "impressions" WHERE ("impressions".listing_id = 113064) [0m
  [4;35;1mAnalyzing  Execution Time: 0.150443

[0m   [0mAggregate  (cost=12714.08..12714.09 rows=1 width=0)
   ->  Seq Scan on impressions  (cost=0.00..12714.00 rows=31 width=0)
         Filter: (listing_id = 113064)
[0m
  [4;36;1mSQL (152.0ms)[0m   [0;1mSELECT count(*) AS count_all FROM "impressions" WHERE ("impressions".listing_id = 113066) [0m
  [4;35;1mAnalyzing  Execution Time: 0.152275

[0m   [0mAggregate  (cost=12714.08..12714.09 rows=1 width=0)
   ->  Seq Scan on impressions  (cost=0.00..12714.00 rows=31 width=0)
         Filter: (listing_id = 113066)
[0m
  [4;36;1mSQL (9.7ms)[0m   [0;1mSELECT count(*) AS count_all FROM "clicks" WHERE ("clicks".listing_id = 79649) [0m
  [4;35;1mAnalyzing  Execution Time: 0.00995000000000001

[0m   [0mAggregate  (cost=814.47..814.48 rows=1 width=0)
   ->  Seq Scan on clicks  (cost=0.00..814.46 rows=2 width=0)
         Filter: (listing_id = 79649)
[0m
  [4;36;1mSQL (8.5ms)[0m   [0;1mSELECT count(*) AS count_all FROM "clicks" WHERE ("clicks".listing_id = 100382) [0m
  [4;35;1mAnalyzing  Execution Time: 0.00879

[0m   [0mAggregate  (cost=814.47..814.48 rows=1 width=0)
   ->  Seq Scan on clicks  (cost=0.00..814.46 rows=2 width=0)
         Filter: (listing_id = 100382)
[0m
  [4;36;1mSQL (9.2ms)[0m   [0;1mSELECT count(*) AS count_all FROM "clicks" WHERE ("clicks".listing_id = 113064) [0m
  [4;35;1mAnalyzing  Execution Time: 0.009504

[0m   [0mAggregate  (cost=814.47..814.48 rows=1 width=0)
   ->  Seq Scan on clicks  (cost=0.00..814.46 rows=2 width=0)
         Filter: (listing_id = 113064)
[0m
  [4;36;1mSQL (9.3ms)[0m   [0;1mSELECT count(*) AS count_all FROM "clicks" WHERE ("clicks".listing_id = 113066) [0m
  [4;35;1mAnalyzing  Execution Time: 0.009621

[0m   [0mAggregate  (cost=814.47..814.48 rows=1 width=0)
   ->  Seq Scan on clicks  (cost=0.00..814.46 rows=2 width=0)
         Filter: (listing_id = 113066)
[0m
  [4;36;1mSQL (2.6ms)[0m   [0;1mSELECT count(*) AS count_all FROM "listings" WHERE ("listings".user_id = 25440) [0m
  [4;35;1mAnalyzing  Execution Time: 0.002841

[0m   [0mAggregate  (cost=1615.81..1615.82 rows=1 width=0)
   ->  Index Scan using index_listings_on_id_and_user_id_and_title on listings  (cost=0.00..1615.79 rows=4 width=0)
         Index Cond: (user_id = 25440)
[0m
  [4;36;1mListing Load (2.3ms)[0m   [0;1mSELECT * FROM "listings" WHERE ("listings".user_id = 25440) [0m
  [4;35;1mAnalyzing Listing Load Execution Time: 0.003798

[0m   [0mIndex Scan using index_listings_on_id_and_user_id_and_title on listings  (cost=0.00..1615.79 rows=4 width=1172)
   Index Cond: (user_id = 25440)
[0m
  [4;36;1mSQL (150.5ms)[0m   [0;1mSELECT count(*) AS count_all FROM "impressions" WHERE ("impressions".listing_id = 113123) [0m
  [4;35;1mAnalyzing  Execution Time: 0.150769

[0m   [0mAggregate  (cost=12714.08..12714.09 rows=1 width=0)
   ->  Seq Scan on impressions  (cost=0.00..12714.00 rows=31 width=0)
         Filter: (listing_id = 113123)
[0m
  [4;36;1mSQL (149.0ms)[0m   [0;1mSELECT count(*) AS count_all FROM "impressions" WHERE ("impressions".listing_id = 113258) [0m
  [4;35;1mAnalyzing  Execution Time: 0.149297

[0m   [0mAggregate  (cost=12714.08..12714.09 rows=1 width=0)
   ->  Seq Scan on impressions  (cost=0.00..12714.00 rows=31 width=0)
         Filter: (listing_id = 113258)
[0m
  [4;36;1mSQL (149.6ms)[0m   [0;1mSELECT count(*) AS count_all FROM "impressions" WHERE ("impressions".listing_id = 113259) [0m
  [4;35;1mAnalyzing  Execution Time: 0.149881

[0m   [0mAggregate  (cost=12714.08..12714.09 rows=1 width=0)
   ->  Seq Scan on impressions  (cost=0.00..12714.00 rows=31 width=0)
         Filter: (listing_id = 113259)
[0m
  [4;36;1mSQL (8.7ms)[0m   [0;1mSELECT count(*) AS count_all FROM "clicks" WHERE ("clicks".listing_id = 113123) [0m
  [4;35;1mAnalyzing  Execution Time: 0.008933

[0m   [0mAggregate  (cost=814.47..814.48 rows=1 width=0)
   ->  Seq Scan on clicks  (cost=0.00..814.46 rows=2 width=0)
         Filter: (listing_id = 113123)
[0m
  [4;36;1mSQL (10.3ms)[0m   [0;1mSELECT count(*) AS count_all FROM "clicks" WHERE ("clicks".listing_id = 113258) [0m
  [4;35;1mAnalyzing  Execution Time: 0.010602

[0m   [0mAggregate  (cost=814.47..814.48 rows=1 width=0)
   ->  Seq Scan on clicks  (cost=0.00..814.46 rows=2 width=0)
         Filter: (listing_id = 113258)
[0m
  [4;36;1mSQL (9.2ms)[0m   [0;1mSELECT count(*) AS count_all FROM "clicks" WHERE ("clicks".listing_id = 113259) [0m
  [4;35;1mAnalyzing  Execution Time: 0.009647

[0m   [0mAggregate  (cost=814.47..814.48 rows=1 width=0)
   ->  Seq Scan on clicks  (cost=0.00..814.46 rows=2 width=0)
         Filter: (listing_id = 113259)
[0m
  [4;36;1mSQL (2.2ms)[0m   [0;1mSELECT count(*) AS count_all FROM "listings" WHERE ("listings".user_id = 25426) [0m
  [4;35;1mAnalyzing  Execution Time: 0.002501

[0m   [0mAggregate  (cost=1615.81..1615.82 rows=1 width=0)
   ->  Index Scan using index_listings_on_id_and_user_id_and_title on listings  (cost=0.00..1615.79 rows=4 width=0)
         Index Cond: (user_id = 25426)
[0m
  [4;36;1mListing Load (2.5ms)[0m   [0;1mSELECT * FROM "listings" WHERE ("listings".user_id = 25426) [0m
  [4;35;1mAnalyzing Listing Load Execution Time: 0.003282

[0m   [0mIndex Scan using index_listings_on_id_and_user_id_and_title on listings  (cost=0.00..1615.79 rows=4 width=1172)
   Index Cond: (user_id = 25426)
[0m
  [4;36;1mSQL (148.7ms)[0m   [0;1mSELECT count(*) AS count_all FROM "impressions" WHERE ("impressions".listing_id = 113115) [0m
  [4;35;1mAnalyzing  Execution Time: 0.148943

[0m   [0mAggregate  (cost=12714.08..12714.09 rows=1 width=0)
   ->  Seq Scan on impressions  (cost=0.00..12714.00 rows=31 width=0)
         Filter: (listing_id = 113115)
[0m
  [4;36;1mSQL (13.5ms)[0m   [0;1mSELECT count(*) AS count_all FROM "clicks" WHERE ("clicks".listing_id = 113115) [0m
  [4;35;1mAnalyzing  Execution Time: 0.0138

[0m   [0mAggregate  (cost=814.47..814.48 rows=1 width=0)
   ->  Seq Scan on clicks  (cost=0.00..814.46 rows=2 width=0)
         Filter: (listing_id = 113115)
[0m
  [4;36;1mSQL (2.0ms)[0m   [0;1mSELECT count(*) AS count_all FROM "listings" WHERE ("listings".user_id = 25433) [0m
  [4;35;1mAnalyzing  Execution Time: 0.002223

[0m   [0mAggregate  (cost=1615.81..1615.82 rows=1 width=0)
   ->  Index Scan using index_listings_on_id_and_user_id_and_title on listings  (cost=0.00..1615.79 rows=4 width=0)
         Index Cond: (user_id = 25433)
[0m
  [4;36;1mListing Load (2.0ms)[0m   [0;1mSELECT * FROM "listings" WHERE ("listings".user_id = 25433) [0m
  [4;35;1mAnalyzing Listing Load Execution Time: 0.002741

[0m   [0mIndex Scan using index_listings_on_id_and_user_id_and_title on listings  (cost=0.00..1615.79 rows=4 width=1172)
   Index Cond: (user_id = 25433)
[0m
  [4;36;1mSQL (150.0ms)[0m   [0;1mSELECT count(*) AS count_all FROM "impressions" WHERE ("impressions".listing_id = 113119) [0m
  [4;35;1mAnalyzing  Execution Time: 0.150351

[0m   [0mAggregate  (cost=12714.08..12714.09 rows=1 width=0)
   ->  Seq Scan on impressions  (cost=0.00..12714.00 rows=31 width=0)
         Filter: (listing_id = 113119)
[0m
  [4;36;1mSQL (9.5ms)[0m   [0;1mSELECT count(*) AS count_all FROM "clicks" WHERE ("clicks".listing_id = 113119) [0m
  [4;35;1mAnalyzing  Execution Time: 0.009747

[0m   [0mAggregate  (cost=814.47..814.48 rows=1 width=0)
   ->  Seq Scan on clicks  (cost=0.00..814.46 rows=2 width=0)
         Filter: (listing_id = 113119)
[0m
  [4;36;1mSQL (2.3ms)[0m   [0;1mSELECT count(*) AS count_all FROM "listings" WHERE ("listings".user_id = 25429) [0m
  [4;35;1mAnalyzing  Execution Time: 0.002603

[0m   [0mAggregate  (cost=1615.81..1615.82 rows=1 width=0)
   ->  Index Scan using index_listings_on_id_and_user_id_and_title on listings  (cost=0.00..1615.79 rows=4 width=0)
         Index Cond: (user_id = 25429)
[0m
  [4;36;1mListing Load (2.2ms)[0m   [0;1mSELECT * FROM "listings" WHERE ("listings".user_id = 25429) [0m
  [4;35;1mAnalyzing Listing Load Execution Time: 0.002973

[0m   [0mIndex Scan using index_listings_on_id_and_user_id_and_title on listings  (cost=0.00..1615.79 rows=4 width=1172)
   Index Cond: (user_id = 25429)
[0m
  [4;36;1mSQL (146.1ms)[0m   [0;1mSELECT count(*) AS count_all FROM "impressions" WHERE ("impressions".listing_id = 91405) [0m
  [4;35;1mAnalyzing  Execution Time: 0.146417

[0m   [0mAggregate  (cost=12714.08..12714.09 rows=1 width=0)
   ->  Seq Scan on impressions  (cost=0.00..12714.00 rows=31 width=0)
         Filter: (listing_id = 91405)
[0m
  [4;36;1mSQL (8.4ms)[0m   [0;1mSELECT count(*) AS count_all FROM "clicks" WHERE ("clicks".listing_id = 91405) [0m
  [4;35;1mAnalyzing  Execution Time: 0.008681

[0m   [0mAggregate  (cost=814.47..814.48 rows=1 width=0)
   ->  Seq Scan on clicks  (cost=0.00..814.46 rows=2 width=0)
         Filter: (listing_id = 91405)
[0m
  [4;36;1mSQL (2.1ms)[0m   [0;1mSELECT count(*) AS count_all FROM "listings" WHERE ("listings".user_id = 25404) [0m
  [4;35;1mAnalyzing  Execution Time: 0.002419

[0m   [0mAggregate  (cost=1615.81..1615.82 rows=1 width=0)
   ->  Index Scan using index_listings_on_id_and_user_id_and_title on listings  (cost=0.00..1615.79 rows=4 width=0)
         Index Cond: (user_id = 25404)
[0m
  [4;36;1mListing Load (2.4ms)[0m   [0;1mSELECT * FROM "listings" WHERE ("listings".user_id = 25404) [0m
  [4;35;1mAnalyzing Listing Load Execution Time: 0.003443

[0m   [0mIndex Scan using index_listings_on_id_and_user_id_and_title on listings  (cost=0.00..1615.79 rows=4 width=1172)
   Index Cond: (user_id = 25404)
[0m
  [4;36;1mSQL (151.5ms)[0m   [0;1mSELECT count(*) AS count_all FROM "impressions" WHERE ("impressions".listing_id = 113098) [0m
  [4;35;1mAnalyzing  Execution Time: 0.15175

[0m   [0mAggregate  (cost=12714.08..12714.09 rows=1 width=0)
   ->  Seq Scan on impressions  (cost=0.00..12714.00 rows=31 width=0)
         Filter: (listing_id = 113098)
[0m
  [4;36;1mSQL (8.6ms)[0m   [0;1mSELECT count(*) AS count_all FROM "clicks" WHERE ("clicks".listing_id = 113098) [0m
  [4;35;1mAnalyzing  Execution Time: 0.008937

[0m   [0mAggregate  (cost=814.47..814.48 rows=1 width=0)
   ->  Seq Scan on clicks  (cost=0.00..814.46 rows=2 width=0)
         Filter: (listing_id = 113098)
[0m
  [4;36;1mSQL (2.8ms)[0m   [0;1mSELECT count(*) AS count_all FROM "listings" WHERE ("listings".user_id = 25425) [0m
  [4;35;1mAnalyzing  Execution Time: 0.003113

[0m   [0mAggregate  (cost=1615.81..1615.82 rows=1 width=0)
   ->  Index Scan using index_listings_on_id_and_user_id_and_title on listings  (cost=0.00..1615.79 rows=4 width=0)
         Index Cond: (user_id = 25425)
[0m
  [4;36;1mListing Load (2.6ms)[0m   [0;1mSELECT * FROM "listings" WHERE ("listings".user_id = 25425) [0m
  [4;35;1mAnalyzing Listing Load Execution Time: 0.008554

[0m   [0mIndex Scan using index_listings_on_id_and_user_id_and_title on listings  (cost=0.00..1615.79 rows=4 width=1172)
   Index Cond: (user_id = 25425)
[0m
  [4;36;1mSQL (153.6ms)[0m   [0;1mSELECT count(*) AS count_all FROM "impressions" WHERE ("impressions".listing_id = 76860) [0m
  [4;35;1mAnalyzing  Execution Time: 0.153856

[0m   [0mAggregate  (cost=12714.08..12714.09 rows=1 width=0)
   ->  Seq Scan on impressions  (cost=0.00..12714.00 rows=31 width=0)
         Filter: (listing_id = 76860)
[0m
  [4;36;1mSQL (203.7ms)[0m   [0;1mSELECT count(*) AS count_all FROM "impressions" WHERE ("impressions".listing_id = 81916) [0m
  [4;35;1mAnalyzing  Execution Time: 0.204061

[0m   [0mAggregate  (cost=12714.08..12714.09 rows=1 width=0)
   ->  Seq Scan on impressions  (cost=0.00..12714.00 rows=31 width=0)
         Filter: (listing_id = 81916)
[0m
  [4;36;1mSQL (156.0ms)[0m   [0;1mSELECT count(*) AS count_all FROM "impressions" WHERE ("impressions".listing_id = 88462) [0m
  [4;35;1mAnalyzing  Execution Time: 0.15629

[0m   [0mAggregate  (cost=12714.08..12714.09 rows=1 width=0)
   ->  Seq Scan on impressions  (cost=0.00..12714.00 rows=31 width=0)
         Filter: (listing_id = 88462)
[0m
  [4;36;1mSQL (148.9ms)[0m   [0;1mSELECT count(*) AS count_all FROM "impressions" WHERE ("impressions".listing_id = 91855) [0m
  [4;35;1mAnalyzing  Execution Time: 0.149195

[0m   [0mAggregate  (cost=12714.08..12714.09 rows=1 width=0)
   ->  Seq Scan on impressions  (cost=0.00..12714.00 rows=31 width=0)
         Filter: (listing_id = 91855)
[0m
  [4;36;1mSQL (149.2ms)[0m   [0;1mSELECT count(*) AS count_all FROM "impressions" WHERE ("impressions".listing_id = 91856) [0m
  [4;35;1mAnalyzing  Execution Time: 0.149509

[0m   [0mAggregate  (cost=12714.08..12714.09 rows=1 width=0)
   ->  Seq Scan on impressions  (cost=0.00..12714.00 rows=31 width=0)
         Filter: (listing_id = 91856)
[0m
  [4;36;1mSQL (153.7ms)[0m   [0;1mSELECT count(*) AS count_all FROM "impressions" WHERE ("impressions".listing_id = 96194) [0m
  [4;35;1mAnalyzing  Execution Time: 0.153963

[0m   [0mAggregate  (cost=12714.08..12714.09 rows=1 width=0)
   ->  Seq Scan on impressions  (cost=0.00..12714.00 rows=31 width=0)
         Filter: (listing_id = 96194)
[0m
  [4;36;1mSQL (147.7ms)[0m   [0;1mSELECT count(*) AS count_all FROM "impressions" WHERE ("impressions".listing_id = 102386) [0m
  [4;35;1mAnalyzing  Execution Time: 0.147982

[0m   [0mAggregate  (cost=12714.08..12714.09 rows=1 width=0)
   ->  Seq Scan on impressions  (cost=0.00..12714.00 rows=31 width=0)
         Filter: (listing_id = 102386)
[0m
  [4;36;1mSQL (150.5ms)[0m   [0;1mSELECT count(*) AS count_all FROM "impressions" WHERE ("impressions".listing_id = 102649) [0m
  [4;35;1mAnalyzing  Execution Time: 0.150753

[0m   [0mAggregate  (cost=12714.08..12714.09 rows=1 width=0)
   ->  Seq Scan on impressions  (cost=0.00..12714.00 rows=31 width=0)
         Filter: (listing_id = 102649)
[0m
  [4;36;1mSQL (153.5ms)[0m   [0;1mSELECT count(*) AS count_all FROM "impressions" WHERE ("impressions".listing_id = 113008) [0m
  [4;35;1mAnalyzing  Execution Time: 0.153812

[0m   [0mAggregate  (cost=12714.08..12714.09 rows=1 width=0)
   ->  Seq Scan on impressions  (cost=0.00..12714.00 rows=31 width=0)
         Filter: (listing_id = 113008)
[0m
  [4;36;1mSQL (157.6ms)[0m   [0;1mSELECT count(*) AS count_all FROM "impressions" WHERE ("impressions".listing_id = 113009) [0m
  [4;35;1mAnalyzing  Execution Time: 0.157878

[0m   [0mAggregate  (cost=12714.08..12714.09 rows=1 width=0)
   ->  Seq Scan on impressions  (cost=0.00..12714.00 rows=31 width=0)
         Filter: (listing_id = 113009)
[0m
  [4;36;1mSQL (142.0ms)[0m   [0;1mSELECT count(*) AS count_all FROM "impressions" WHERE ("impressions".listing_id = 113010) [0m
  [4;35;1mAnalyzing  Execution Time: 0.142301

[0m   [0mAggregate  (cost=12714.08..12714.09 rows=1 width=0)
   ->  Seq Scan on impressions  (cost=0.00..12714.00 rows=31 width=0)
         Filter: (listing_id = 113010)
[0m
  [4;36;1mSQL (148.2ms)[0m   [0;1mSELECT count(*) AS count_all FROM "impressions" WHERE ("impressions".listing_id = 113012) [0m
  [4;35;1mAnalyzing  Execution Time: 0.148512

[0m   [0mAggregate  (cost=12714.08..12714.09 rows=1 width=0)
   ->  Seq Scan on impressions  (cost=0.00..12714.00 rows=31 width=0)
         Filter: (listing_id = 113012)
[0m
  [4;36;1mSQL (146.1ms)[0m   [0;1mSELECT count(*) AS count_all FROM "impressions" WHERE ("impressions".listing_id = 113013) [0m
  [4;35;1mAnalyzing  Execution Time: 0.146372

[0m   [0mAggregate  (cost=12714.08..12714.09 rows=1 width=0)
   ->  Seq Scan on impressions  (cost=0.00..12714.00 rows=31 width=0)
         Filter: (listing_id = 113013)
[0m
  [4;36;1mSQL (156.9ms)[0m   [0;1mSELECT count(*) AS count_all FROM "impressions" WHERE ("impressions".listing_id = 113114) [0m
  [4;35;1mAnalyzing  Execution Time: 0.157125

[0m   [0mAggregate  (cost=12714.08..12714.09 rows=1 width=0)
   ->  Seq Scan on impressions  (cost=0.00..12714.00 rows=31 width=0)
         Filter: (listing_id = 113114)
[0m
  [4;36;1mSQL (11.8ms)[0m   [0;1mSELECT count(*) AS count_all FROM "clicks" WHERE ("clicks".listing_id = 76860) [0m
  [4;35;1mAnalyzing  Execution Time: 0.012066

[0m   [0mAggregate  (cost=814.47..814.48 rows=1 width=0)
   ->  Seq Scan on clicks  (cost=0.00..814.46 rows=2 width=0)
         Filter: (listing_id = 76860)
[0m
  [4;36;1mSQL (9.2ms)[0m   [0;1mSELECT count(*) AS count_all FROM "clicks" WHERE ("clicks".listing_id = 81916) [0m
  [4;35;1mAnalyzing  Execution Time: 0.009538

[0m   [0mAggregate  (cost=814.47..814.48 rows=1 width=0)
   ->  Seq Scan on clicks  (cost=0.00..814.46 rows=2 width=0)
         Filter: (listing_id = 81916)
[0m
  [4;36;1mSQL (9.0ms)[0m   [0;1mSELECT count(*) AS count_all FROM "clicks" WHERE ("clicks".listing_id = 88462) [0m
  [4;35;1mAnalyzing  Execution Time: 0.009243

[0m   [0mAggregate  (cost=814.47..814.48 rows=1 width=0)
   ->  Seq Scan on clicks  (cost=0.00..814.46 rows=2 width=0)
         Filter: (listing_id = 88462)
[0m
  [4;36;1mSQL (8.5ms)[0m   [0;1mSELECT count(*) AS count_all FROM "clicks" WHERE ("clicks".listing_id = 91855) [0m
  [4;35;1mAnalyzing  Execution Time: 0.008785

[0m   [0mAggregate  (cost=814.47..814.48 rows=1 width=0)
   ->  Seq Scan on clicks  (cost=0.00..814.46 rows=2 width=0)
         Filter: (listing_id = 91855)
[0m
  [4;36;1mSQL (9.9ms)[0m   [0;1mSELECT count(*) AS count_all FROM "clicks" WHERE ("clicks".listing_id = 91856) [0m
  [4;35;1mAnalyzing  Execution Time: 0.010181

[0m   [0mAggregate  (cost=814.47..814.48 rows=1 width=0)
   ->  Seq Scan on clicks  (cost=0.00..814.46 rows=2 width=0)
         Filter: (listing_id = 91856)
[0m
  [4;36;1mSQL (10.2ms)[0m   [0;1mSELECT count(*) AS count_all FROM "clicks" WHERE ("clicks".listing_id = 96194) [0m
  [4;35;1mAnalyzing  Execution Time: 0.010452

[0m   [0mAggregate  (cost=814.47..814.48 rows=1 width=0)
   ->  Seq Scan on clicks  (cost=0.00..814.46 rows=2 width=0)
         Filter: (listing_id = 96194)
[0m
  [4;36;1mSQL (8.4ms)[0m   [0;1mSELECT count(*) AS count_all FROM "clicks" WHERE ("clicks".listing_id = 102386) [0m
  [4;35;1mAnalyzing  Execution Time: 0.008683

[0m   [0mAggregate  (cost=814.47..814.48 rows=1 width=0)
   ->  Seq Scan on clicks  (cost=0.00..814.46 rows=2 width=0)
         Filter: (listing_id = 102386)
[0m
  [4;36;1mSQL (10.4ms)[0m   [0;1mSELECT count(*) AS count_all FROM "clicks" WHERE ("clicks".listing_id = 102649) [0m
  [4;35;1mAnalyzing  Execution Time: 0.010715

[0m   [0mAggregate  (cost=814.47..814.48 rows=1 width=0)
   ->  Seq Scan on clicks  (cost=0.00..814.46 rows=2 width=0)
         Filter: (listing_id = 102649)
[0m
  [4;36;1mSQL (8.9ms)[0m   [0;1mSELECT count(*) AS count_all FROM "clicks" WHERE ("clicks".listing_id = 113008) [0m
  [4;35;1mAnalyzing  Execution Time: 0.009135

[0m   [0mAggregate  (cost=814.47..814.48 rows=1 width=0)
   ->  Seq Scan on clicks  (cost=0.00..814.46 rows=2 width=0)
         Filter: (listing_id = 113008)
[0m
  [4;36;1mSQL (8.4ms)[0m   [0;1mSELECT count(*) AS count_all FROM "clicks" WHERE ("clicks".listing_id = 113009) [0m
  [4;35;1mAnalyzing  Execution Time: 0.00863

[0m   [0mAggregate  (cost=814.47..814.48 rows=1 width=0)
   ->  Seq Scan on clicks  (cost=0.00..814.46 rows=2 width=0)
         Filter: (listing_id = 113009)
[0m
  [4;36;1mSQL (10.1ms)[0m   [0;1mSELECT count(*) AS count_all FROM "clicks" WHERE ("clicks".listing_id = 113010) [0m
  [4;35;1mAnalyzing  Execution Time: 0.010368

[0m   [0mAggregate  (cost=814.47..814.48 rows=1 width=0)
   ->  Seq Scan on clicks  (cost=0.00..814.46 rows=2 width=0)
         Filter: (listing_id = 113010)
[0m
  [4;36;1mSQL (13.6ms)[0m   [0;1mSELECT count(*) AS count_all FROM "clicks" WHERE ("clicks".listing_id = 113012) [0m
  [4;35;1mAnalyzing  Execution Time: 0.013836

[0m   [0mAggregate  (cost=814.47..814.48 rows=1 width=0)
   ->  Seq Scan on clicks  (cost=0.00..814.46 rows=2 width=0)
         Filter: (listing_id = 113012)
[0m
  [4;36;1mSQL (10.8ms)[0m   [0;1mSELECT count(*) AS count_all FROM "clicks" WHERE ("clicks".listing_id = 113013) [0m
  [4;35;1mAnalyzing  Execution Time: 0.011082

[0m   [0mAggregate  (cost=814.47..814.48 rows=1 width=0)
   ->  Seq Scan on clicks  (cost=0.00..814.46 rows=2 width=0)
         Filter: (listing_id = 113013)
[0m
  [4;36;1mSQL (9.7ms)[0m   [0;1mSELECT count(*) AS count_all FROM "clicks" WHERE ("clicks".listing_id = 113114) [0m
  [4;35;1mAnalyzing  Execution Time: 0.010159

[0m   [0mAggregate  (cost=814.47..814.48 rows=1 width=0)
   ->  Seq Scan on clicks  (cost=0.00..814.46 rows=2 width=0)
         Filter: (listing_id = 113114)
[0m
  [4;36;1mSQL (5.1ms)[0m   [0;1mSELECT count(*) AS count_all FROM "listings" WHERE ("listings".user_id = 25428) [0m
  [4;35;1mAnalyzing  Execution Time: 0.00538

[0m   [0mAggregate  (cost=1615.81..1615.82 rows=1 width=0)
   ->  Index Scan using index_listings_on_id_and_user_id_and_title on listings  (cost=0.00..1615.79 rows=4 width=0)
         Index Cond: (user_id = 25428)
[0m
  [4;36;1mListing Load (2.1ms)[0m   [0;1mSELECT * FROM "listings" WHERE ("listings".user_id = 25428) [0m
  [4;35;1mAnalyzing Listing Load Execution Time: 0.00465

[0m   [0mIndex Scan using index_listings_on_id_and_user_id_and_title on listings  (cost=0.00..1615.79 rows=4 width=1172)
   Index Cond: (user_id = 25428)
[0m
  [4;36;1mSQL (161.2ms)[0m   [0;1mSELECT count(*) AS count_all FROM "impressions" WHERE ("impressions".listing_id = 66203) [0m
  [4;35;1mAnalyzing  Execution Time: 0.161468

[0m   [0mAggregate  (cost=12714.08..12714.09 rows=1 width=0)
   ->  Seq Scan on impressions  (cost=0.00..12714.00 rows=31 width=0)
         Filter: (listing_id = 66203)
[0m
  [4;36;1mSQL (166.2ms)[0m   [0;1mSELECT count(*) AS count_all FROM "impressions" WHERE ("impressions".listing_id = 68175) [0m
  [4;35;1mAnalyzing  Execution Time: 0.166458

[0m   [0mAggregate  (cost=12714.08..12714.09 rows=1 width=0)
   ->  Seq Scan on impressions  (cost=0.00..12714.00 rows=31 width=0)
         Filter: (listing_id = 68175)
[0m
  [4;36;1mSQL (169.1ms)[0m   [0;1mSELECT count(*) AS count_all FROM "impressions" WHERE ("impressions".listing_id = 71790) [0m
  [4;35;1mAnalyzing  Execution Time: 0.169457

[0m   [0mAggregate  (cost=12714.08..12714.09 rows=1 width=0)
   ->  Seq Scan on impressions  (cost=0.00..12714.00 rows=31 width=0)
         Filter: (listing_id = 71790)
[0m
  [4;36;1mSQL (178.2ms)[0m   [0;1mSELECT count(*) AS count_all FROM "impressions" WHERE ("impressions".listing_id = 72877) [0m
  [4;35;1mAnalyzing  Execution Time: 0.178438

[0m   [0mAggregate  (cost=12714.08..12714.09 rows=1 width=0)
   ->  Seq Scan on impressions  (cost=0.00..12714.00 rows=31 width=0)
         Filter: (listing_id = 72877)
[0m
  [4;36;1mSQL (191.6ms)[0m   [0;1mSELECT count(*) AS count_all FROM "impressions" WHERE ("impressions".listing_id = 92116) [0m
  [4;35;1mAnalyzing  Execution Time: 0.191916

[0m   [0mAggregate  (cost=12714.08..12714.09 rows=1 width=0)
   ->  Seq Scan on impressions  (cost=0.00..12714.00 rows=31 width=0)
         Filter: (listing_id = 92116)
[0m
  [4;36;1mSQL (241.9ms)[0m   [0;1mSELECT count(*) AS count_all FROM "impressions" WHERE ("impressions".listing_id = 97660) [0m
  [4;35;1mAnalyzing  Execution Time: 0.242198

[0m   [0mAggregate  (cost=12714.08..12714.09 rows=1 width=0)
   ->  Seq Scan on impressions  (cost=0.00..12714.00 rows=31 width=0)
         Filter: (listing_id = 97660)
[0m
  [4;36;1mSQL (11.0ms)[0m   [0;1mSELECT count(*) AS count_all FROM "clicks" WHERE ("clicks".listing_id = 66203) [0m
  [4;35;1mAnalyzing  Execution Time: 0.011352

[0m   [0mAggregate  (cost=814.47..814.48 rows=1 width=0)
   ->  Seq Scan on clicks  (cost=0.00..814.46 rows=2 width=0)
         Filter: (listing_id = 66203)
[0m
  [4;36;1mSQL (18.8ms)[0m   [0;1mSELECT count(*) AS count_all FROM "clicks" WHERE ("clicks".listing_id = 68175) [0m
  [4;35;1mAnalyzing  Execution Time: 0.019079

[0m   [0mAggregate  (cost=814.47..814.48 rows=1 width=0)
   ->  Seq Scan on clicks  (cost=0.00..814.46 rows=2 width=0)
         Filter: (listing_id = 68175)
[0m
  [4;36;1mSQL (18.4ms)[0m   [0;1mSELECT count(*) AS count_all FROM "clicks" WHERE ("clicks".listing_id = 71790) [0m
  [4;35;1mAnalyzing  Execution Time: 0.018652

[0m   [0mAggregate  (cost=814.47..814.48 rows=1 width=0)
   ->  Seq Scan on clicks  (cost=0.00..814.46 rows=2 width=0)
         Filter: (listing_id = 71790)
[0m
  [4;36;1mSQL (9.5ms)[0m   [0;1mSELECT count(*) AS count_all FROM "clicks" WHERE ("clicks".listing_id = 72877) [0m
  [4;35;1mAnalyzing  Execution Time: 0.009722

[0m   [0mAggregate  (cost=814.47..814.48 rows=1 width=0)
   ->  Seq Scan on clicks  (cost=0.00..814.46 rows=2 width=0)
         Filter: (listing_id = 72877)
[0m
  [4;36;1mSQL (8.4ms)[0m   [0;1mSELECT count(*) AS count_all FROM "clicks" WHERE ("clicks".listing_id = 92116) [0m
  [4;35;1mAnalyzing  Execution Time: 0.008648

[0m   [0mAggregate  (cost=814.47..814.48 rows=1 width=0)
   ->  Seq Scan on clicks  (cost=0.00..814.46 rows=2 width=0)
         Filter: (listing_id = 92116)
[0m
  [4;36;1mSQL (10.6ms)[0m   [0;1mSELECT count(*) AS count_all FROM "clicks" WHERE ("clicks".listing_id = 97660) [0m
  [4;35;1mAnalyzing  Execution Time: 0.010891

[0m   [0mAggregate  (cost=814.47..814.48 rows=1 width=0)
   ->  Seq Scan on clicks  (cost=0.00..814.46 rows=2 width=0)
         Filter: (listing_id = 97660)
[0m
  [4;36;1mSQL (5.1ms)[0m   [0;1mSELECT count(*) AS count_all FROM "listings" WHERE ("listings".user_id = 25427) [0m
  [4;35;1mAnalyzing  Execution Time: 0.00536800000000004

[0m   [0mAggregate  (cost=1615.81..1615.82 rows=1 width=0)
   ->  Index Scan using index_listings_on_id_and_user_id_and_title on listings  (cost=0.00..1615.79 rows=4 width=0)
         Index Cond: (user_id = 25427)
[0m
  [4;36;1mListing Load (2.0ms)[0m   [0;1mSELECT * FROM "listings" WHERE ("listings".user_id = 25427) [0m
  [4;35;1mAnalyzing Listing Load Execution Time: 0.002709

[0m   [0mIndex Scan using index_listings_on_id_and_user_id_and_title on listings  (cost=0.00..1615.79 rows=4 width=1172)
   Index Cond: (user_id = 25427)
[0m
  [4;36;1mSQL (161.3ms)[0m   [0;1mSELECT count(*) AS count_all FROM "impressions" WHERE ("impressions".listing_id = 70101) [0m
  [4;35;1mAnalyzing  Execution Time: 0.161564

[0m   [0mAggregate  (cost=12714.08..12714.09 rows=1 width=0)
   ->  Seq Scan on impressions  (cost=0.00..12714.00 rows=31 width=0)
         Filter: (listing_id = 70101)
[0m
  [4;36;1mSQL (8.4ms)[0m   [0;1mSELECT count(*) AS count_all FROM "clicks" WHERE ("clicks".listing_id = 70101) [0m
  [4;35;1mAnalyzing  Execution Time: 0.008676

[0m   [0mAggregate  (cost=814.47..814.48 rows=1 width=0)
   ->  Seq Scan on clicks  (cost=0.00..814.46 rows=2 width=0)
         Filter: (listing_id = 70101)
[0m
  [4;36;1mSQL (2.6ms)[0m   [0;1mSELECT count(*) AS count_all FROM "listings" WHERE ("listings".user_id = 25416) [0m
  [4;35;1mAnalyzing  Execution Time: 0.002896

[0m   [0mAggregate  (cost=1615.81..1615.82 rows=1 width=0)
   ->  Index Scan using index_listings_on_id_and_user_id_and_title on listings  (cost=0.00..1615.79 rows=4 width=0)
         Index Cond: (user_id = 25416)
[0m
  [4;36;1mListing Load (2.4ms)[0m   [0;1mSELECT * FROM "listings" WHERE ("listings".user_id = 25416) [0m
  [4;35;1mAnalyzing Listing Load Execution Time: 0.003174

[0m   [0mIndex Scan using index_listings_on_id_and_user_id_and_title on listings  (cost=0.00..1615.79 rows=4 width=1172)
   Index Cond: (user_id = 25416)
[0m
  [4;36;1mSQL (163.4ms)[0m   [0;1mSELECT count(*) AS count_all FROM "impressions" WHERE ("impressions".listing_id = 113107) [0m
  [4;35;1mAnalyzing  Execution Time: 0.164333

[0m   [0mAggregate  (cost=12714.08..12714.09 rows=1 width=0)
   ->  Seq Scan on impressions  (cost=0.00..12714.00 rows=31 width=0)
         Filter: (listing_id = 113107)
[0m
  [4;36;1mSQL (10.8ms)[0m   [0;1mSELECT count(*) AS count_all FROM "clicks" WHERE ("clicks".listing_id = 113107) [0m
  [4;35;1mAnalyzing  Execution Time: 0.011064

[0m   [0mAggregate  (cost=814.47..814.48 rows=1 width=0)
   ->  Seq Scan on clicks  (cost=0.00..814.46 rows=2 width=0)
         Filter: (listing_id = 113107)
[0m
  [4;36;1mSQL (3.1ms)[0m   [0;1mSELECT count(*) AS count_all FROM "listings" WHERE ("listings".user_id = 25422) [0m
  [4;35;1mAnalyzing  Execution Time: 0.003424

[0m   [0mAggregate  (cost=1615.81..1615.82 rows=1 width=0)
   ->  Index Scan using index_listings_on_id_and_user_id_and_title on listings  (cost=0.00..1615.79 rows=4 width=0)
         Index Cond: (user_id = 25422)
[0m
  [4;36;1mListing Load (2.1ms)[0m   [0;1mSELECT * FROM "listings" WHERE ("listings".user_id = 25422) [0m
  [4;35;1mAnalyzing Listing Load Execution Time: 0.002784

[0m   [0mIndex Scan using index_listings_on_id_and_user_id_and_title on listings  (cost=0.00..1615.79 rows=4 width=1172)
   Index Cond: (user_id = 25422)
[0m
  [4;36;1mSQL (149.5ms)[0m   [0;1mSELECT count(*) AS count_all FROM "impressions" WHERE ("impressions".listing_id = 113113) [0m
  [4;35;1mAnalyzing  Execution Time: 0.149808

[0m   [0mAggregate  (cost=12714.08..12714.09 rows=1 width=0)
   ->  Seq Scan on impressions  (cost=0.00..12714.00 rows=31 width=0)
         Filter: (listing_id = 113113)
[0m
  [4;36;1mSQL (8.5ms)[0m   [0;1mSELECT count(*) AS count_all FROM "clicks" WHERE ("clicks".listing_id = 113113) [0m
  [4;35;1mAnalyzing  Execution Time: 0.00875

[0m   [0mAggregate  (cost=814.47..814.48 rows=1 width=0)
   ->  Seq Scan on clicks  (cost=0.00..814.46 rows=2 width=0)
         Filter: (listing_id = 113113)
[0m
  [4;36;1mSQL (2.7ms)[0m   [0;1mSELECT count(*) AS count_all FROM "listings" WHERE ("listings".user_id = 25421) [0m
  [4;35;1mAnalyzing  Execution Time: 0.002936

[0m   [0mAggregate  (cost=1615.81..1615.82 rows=1 width=0)
   ->  Index Scan using index_listings_on_id_and_user_id_and_title on listings  (cost=0.00..1615.79 rows=4 width=0)
         Index Cond: (user_id = 25421)
[0m
  [4;36;1mListing Load (7.9ms)[0m   [0;1mSELECT * FROM "listings" WHERE ("listings".user_id = 25421) [0m
  [4;35;1mAnalyzing Listing Load Execution Time: 0.008847

[0m   [0mIndex Scan using index_listings_on_id_and_user_id_and_title on listings  (cost=0.00..1615.79 rows=4 width=1172)
   Index Cond: (user_id = 25421)
[0m
  [4;36;1mSQL (146.0ms)[0m   [0;1mSELECT count(*) AS count_all FROM "impressions" WHERE ("impressions".listing_id = 113112) [0m
  [4;35;1mAnalyzing  Execution Time: 0.146245

[0m   [0mAggregate  (cost=12714.08..12714.09 rows=1 width=0)
   ->  Seq Scan on impressions  (cost=0.00..12714.00 rows=31 width=0)
         Filter: (listing_id = 113112)
[0m
  [4;36;1mSQL (10.7ms)[0m   [0;1mSELECT count(*) AS count_all FROM "clicks" WHERE ("clicks".listing_id = 113112) [0m
  [4;35;1mAnalyzing  Execution Time: 0.010984

[0m   [0mAggregate  (cost=814.47..814.48 rows=1 width=0)
   ->  Seq Scan on clicks  (cost=0.00..814.46 rows=2 width=0)
         Filter: (listing_id = 113112)
[0m
  [4;36;1mSQL (2.6ms)[0m   [0;1mSELECT count(*) AS count_all FROM "listings" WHERE ("listings".user_id = 25347) [0m
  [4;35;1mAnalyzing  Execution Time: 0.002835

[0m   [0mAggregate  (cost=1615.81..1615.82 rows=1 width=0)
   ->  Index Scan using index_listings_on_id_and_user_id_and_title on listings  (cost=0.00..1615.79 rows=4 width=0)
         Index Cond: (user_id = 25347)
[0m
  [4;36;1mListing Load (2.2ms)[0m   [0;1mSELECT * FROM "listings" WHERE ("listings".user_id = 25347) [0m
  [4;35;1mAnalyzing Listing Load Execution Time: 0.002915

[0m   [0mIndex Scan using index_listings_on_id_and_user_id_and_title on listings  (cost=0.00..1615.79 rows=4 width=1172)
   Index Cond: (user_id = 25347)
[0m
  [4;36;1mSQL (157.1ms)[0m   [0;1mSELECT count(*) AS count_all FROM "impressions" WHERE ("impressions".listing_id = 70420) [0m
  [4;35;1mAnalyzing  Execution Time: 0.157449

[0m   [0mAggregate  (cost=12714.08..12714.09 rows=1 width=0)
   ->  Seq Scan on impressions  (cost=0.00..12714.00 rows=31 width=0)
         Filter: (listing_id = 70420)
[0m
  [4;36;1mSQL (8.7ms)[0m   [0;1mSELECT count(*) AS count_all FROM "clicks" WHERE ("clicks".listing_id = 70420) [0m
  [4;35;1mAnalyzing  Execution Time: 0.008994

[0m   [0mAggregate  (cost=814.47..814.48 rows=1 width=0)
   ->  Seq Scan on clicks  (cost=0.00..814.46 rows=2 width=0)
         Filter: (listing_id = 70420)
[0m
  [4;36;1mSQL (2.0ms)[0m   [0;1mSELECT count(*) AS count_all FROM "listings" WHERE ("listings".user_id = 25414) [0m
  [4;35;1mAnalyzing  Execution Time: 0.002256

[0m   [0mAggregate  (cost=1615.81..1615.82 rows=1 width=0)
   ->  Index Scan using index_listings_on_id_and_user_id_and_title on listings  (cost=0.00..1615.79 rows=4 width=0)
         Index Cond: (user_id = 25414)
[0m
  [4;36;1mListing Load (2.1ms)[0m   [0;1mSELECT * FROM "listings" WHERE ("listings".user_id = 25414) [0m
  [4;35;1mAnalyzing Listing Load Execution Time: 0.002795

[0m   [0mIndex Scan using index_listings_on_id_and_user_id_and_title on listings  (cost=0.00..1615.79 rows=4 width=1172)
   Index Cond: (user_id = 25414)
[0m
  [4;36;1mSQL (154.5ms)[0m   [0;1mSELECT count(*) AS count_all FROM "impressions" WHERE ("impressions".listing_id = 113105) [0m
  [4;35;1mAnalyzing  Execution Time: 0.154787

[0m   [0mAggregate  (cost=12714.08..12714.09 rows=1 width=0)
   ->  Seq Scan on impressions  (cost=0.00..12714.00 rows=31 width=0)
         Filter: (listing_id = 113105)
[0m
  [4;36;1mSQL (9.0ms)[0m   [0;1mSELECT count(*) AS count_all FROM "clicks" WHERE ("clicks".listing_id = 113105) [0m
  [4;35;1mAnalyzing  Execution Time: 0.009246

[0m   [0mAggregate  (cost=814.47..814.48 rows=1 width=0)
   ->  Seq Scan on clicks  (cost=0.00..814.46 rows=2 width=0)
         Filter: (listing_id = 113105)
[0m
  [4;36;1mSQL (2.3ms)[0m   [0;1mSELECT count(*) AS count_all FROM "listings" WHERE ("listings".user_id = 25411) [0m
  [4;35;1mAnalyzing  Execution Time: 0.002622

[0m   [0mAggregate  (cost=1615.81..1615.82 rows=1 width=0)
   ->  Index Scan using index_listings_on_id_and_user_id_and_title on listings  (cost=0.00..1615.79 rows=4 width=0)
         Index Cond: (user_id = 25411)
[0m
  [4;36;1mListing Load (2.4ms)[0m   [0;1mSELECT * FROM "listings" WHERE ("listings".user_id = 25411) [0m
  [4;35;1mAnalyzing Listing Load Execution Time: 0.00324

[0m   [0mIndex Scan using index_listings_on_id_and_user_id_and_title on listings  (cost=0.00..1615.79 rows=4 width=1172)
   Index Cond: (user_id = 25411)
[0m
  [4;36;1mSQL (150.4ms)[0m   [0;1mSELECT count(*) AS count_all FROM "impressions" WHERE ("impressions".listing_id = 113103) [0m
  [4;35;1mAnalyzing  Execution Time: 0.150622

[0m   [0mAggregate  (cost=12714.08..12714.09 rows=1 width=0)
   ->  Seq Scan on impressions  (cost=0.00..12714.00 rows=31 width=0)
         Filter: (listing_id = 113103)
[0m
  [4;36;1mSQL (10.0ms)[0m   [0;1mSELECT count(*) AS count_all FROM "clicks" WHERE ("clicks".listing_id = 113103) [0m
  [4;35;1mAnalyzing  Execution Time: 0.010275

[0m   [0mAggregate  (cost=814.47..814.48 rows=1 width=0)
   ->  Seq Scan on clicks  (cost=0.00..814.46 rows=2 width=0)
         Filter: (listing_id = 113103)
[0m
  [4;36;1mSQL (3.2ms)[0m   [0;1mSELECT count(*) AS count_all FROM "listings" WHERE ("listings".user_id = 25381) [0m
  [4;35;1mAnalyzing  Execution Time: 0.003534

[0m   [0mAggregate  (cost=1615.81..1615.82 rows=1 width=0)
   ->  Index Scan using index_listings_on_id_and_user_id_and_title on listings  (cost=0.00..1615.79 rows=4 width=0)
         Index Cond: (user_id = 25381)
[0m
  [4;36;1mListing Load (2.2ms)[0m   [0;1mSELECT * FROM "listings" WHERE ("listings".user_id = 25381) [0m
  [4;35;1mAnalyzing Listing Load Execution Time: 0.002927

[0m   [0mIndex Scan using index_listings_on_id_and_user_id_and_title on listings  (cost=0.00..1615.79 rows=4 width=1172)
   Index Cond: (user_id = 25381)
[0m
  [4;36;1mSQL (149.1ms)[0m   [0;1mSELECT count(*) AS count_all FROM "impressions" WHERE ("impressions".listing_id = 113086) [0m
  [4;35;1mAnalyzing  Execution Time: 0.149341

[0m   [0mAggregate  (cost=12714.08..12714.09 rows=1 width=0)
   ->  Seq Scan on impressions  (cost=0.00..12714.00 rows=31 width=0)
         Filter: (listing_id = 113086)
[0m
  [4;36;1mSQL (9.4ms)[0m   [0;1mSELECT count(*) AS count_all FROM "clicks" WHERE ("clicks".listing_id = 113086) [0m
  [4;35;1mAnalyzing  Execution Time: 0.009676

[0m   [0mAggregate  (cost=814.47..814.48 rows=1 width=0)
   ->  Seq Scan on clicks  (cost=0.00..814.46 rows=2 width=0)
         Filter: (listing_id = 113086)
[0m
  [4;36;1mSQL (2.3ms)[0m   [0;1mSELECT count(*) AS count_all FROM "listings" WHERE ("listings".user_id = 25410) [0m
  [4;35;1mAnalyzing  Execution Time: 0.002594

[0m   [0mAggregate  (cost=1615.81..1615.82 rows=1 width=0)
   ->  Index Scan using index_listings_on_id_and_user_id_and_title on listings  (cost=0.00..1615.79 rows=4 width=0)
         Index Cond: (user_id = 25410)
[0m
  [4;36;1mListing Load (1.9ms)[0m   [0;1mSELECT * FROM "listings" WHERE ("listings".user_id = 25410) [0m
  [4;35;1mAnalyzing Listing Load Execution Time: 0.002617

[0m   [0mIndex Scan using index_listings_on_id_and_user_id_and_title on listings  (cost=0.00..1615.79 rows=4 width=1172)
   Index Cond: (user_id = 25410)
[0m
  [4;36;1mSQL (160.9ms)[0m   [0;1mSELECT count(*) AS count_all FROM "impressions" WHERE ("impressions".listing_id = 85168) [0m
  [4;35;1mAnalyzing  Execution Time: 0.161122

[0m   [0mAggregate  (cost=12714.08..12714.09 rows=1 width=0)
   ->  Seq Scan on impressions  (cost=0.00..12714.00 rows=31 width=0)
         Filter: (listing_id = 85168)
[0m
  [4;36;1mSQL (9.2ms)[0m   [0;1mSELECT count(*) AS count_all FROM "clicks" WHERE ("clicks".listing_id = 85168) [0m
  [4;35;1mAnalyzing  Execution Time: 0.009517

[0m   [0mAggregate  (cost=814.47..814.48 rows=1 width=0)
   ->  Seq Scan on clicks  (cost=0.00..814.46 rows=2 width=0)
         Filter: (listing_id = 85168)
[0m
  [4;36;1mSQL (2.5ms)[0m   [0;1mSELECT count(*) AS count_all FROM "listings" WHERE ("listings".user_id = 25419) [0m
  [4;35;1mAnalyzing  Execution Time: 0.002814

[0m   [0mAggregate  (cost=1615.81..1615.82 rows=1 width=0)
   ->  Index Scan using index_listings_on_id_and_user_id_and_title on listings  (cost=0.00..1615.79 rows=4 width=0)
         Index Cond: (user_id = 25419)
[0m
  [4;36;1mListing Load (2.3ms)[0m   [0;1mSELECT * FROM "listings" WHERE ("listings".user_id = 25419) [0m
  [4;35;1mAnalyzing Listing Load Execution Time: 0.00305

[0m   [0mIndex Scan using index_listings_on_id_and_user_id_and_title on listings  (cost=0.00..1615.79 rows=4 width=1172)
   Index Cond: (user_id = 25419)
[0m
  [4;36;1mSQL (243.6ms)[0m   [0;1mSELECT count(*) AS count_all FROM "impressions" WHERE ("impressions".listing_id = 113110) [0m
  [4;35;1mAnalyzing  Execution Time: 0.243879

[0m   [0mAggregate  (cost=12714.08..12714.09 rows=1 width=0)
   ->  Seq Scan on impressions  (cost=0.00..12714.00 rows=31 width=0)
         Filter: (listing_id = 113110)
[0m
  [4;36;1mSQL (8.5ms)[0m   [0;1mSELECT count(*) AS count_all FROM "clicks" WHERE ("clicks".listing_id = 113110) [0m
  [4;35;1mAnalyzing  Execution Time: 0.008803

[0m   [0mAggregate  (cost=814.47..814.48 rows=1 width=0)
   ->  Seq Scan on clicks  (cost=0.00..814.46 rows=2 width=0)
         Filter: (listing_id = 113110)
[0m
  [4;36;1mSQL (2.2ms)[0m   [0;1mSELECT count(*) AS count_all FROM "listings" WHERE ("listings".user_id = 25420) [0m
  [4;35;1mAnalyzing  Execution Time: 0.002434

[0m   [0mAggregate  (cost=1615.81..1615.82 rows=1 width=0)
   ->  Index Scan using index_listings_on_id_and_user_id_and_title on listings  (cost=0.00..1615.79 rows=4 width=0)
         Index Cond: (user_id = 25420)
[0m
  [4;36;1mListing Load (2.1ms)[0m   [0;1mSELECT * FROM "listings" WHERE ("listings".user_id = 25420) [0m
  [4;35;1mAnalyzing Listing Load Execution Time: 0.002866

[0m   [0mIndex Scan using index_listings_on_id_and_user_id_and_title on listings  (cost=0.00..1615.79 rows=4 width=1172)
   Index Cond: (user_id = 25420)
[0m
  [4;36;1mSQL (147.6ms)[0m   [0;1mSELECT count(*) AS count_all FROM "impressions" WHERE ("impressions".listing_id = 113111) [0m
  [4;35;1mAnalyzing  Execution Time: 0.147839

[0m   [0mAggregate  (cost=12714.08..12714.09 rows=1 width=0)
   ->  Seq Scan on impressions  (cost=0.00..12714.00 rows=31 width=0)
         Filter: (listing_id = 113111)
[0m
  [4;36;1mSQL (9.8ms)[0m   [0;1mSELECT count(*) AS count_all FROM "clicks" WHERE ("clicks".listing_id = 113111) [0m
  [4;35;1mAnalyzing  Execution Time: 0.010049

[0m   [0mAggregate  (cost=814.47..814.48 rows=1 width=0)
   ->  Seq Scan on clicks  (cost=0.00..814.46 rows=2 width=0)
         Filter: (listing_id = 113111)
[0m
  [4;36;1mSQL (2.4ms)[0m   [0;1mSELECT count(*) AS count_all FROM "listings" WHERE ("listings".user_id = 25417) [0m
  [4;35;1mAnalyzing  Execution Time: 0.002676

[0m   [0mAggregate  (cost=1615.81..1615.82 rows=1 width=0)
   ->  Index Scan using index_listings_on_id_and_user_id_and_title on listings  (cost=0.00..1615.79 rows=4 width=0)
         Index Cond: (user_id = 25417)
[0m
  [4;36;1mListing Load (2.5ms)[0m   [0;1mSELECT * FROM "listings" WHERE ("listings".user_id = 25417) [0m
  [4;35;1mAnalyzing Listing Load Execution Time: 0.003205

[0m   [0mIndex Scan using index_listings_on_id_and_user_id_and_title on listings  (cost=0.00..1615.79 rows=4 width=1172)
   Index Cond: (user_id = 25417)
[0m
  [4;36;1mSQL (145.1ms)[0m   [0;1mSELECT count(*) AS count_all FROM "impressions" WHERE ("impressions".listing_id = 113108) [0m
  [4;35;1mAnalyzing  Execution Time: 0.145332

[0m   [0mAggregate  (cost=12714.08..12714.09 rows=1 width=0)
   ->  Seq Scan on impressions  (cost=0.00..12714.00 rows=31 width=0)
         Filter: (listing_id = 113108)
[0m
  [4;36;1mSQL (12.5ms)[0m   [0;1mSELECT count(*) AS count_all FROM "clicks" WHERE ("clicks".listing_id = 113108) [0m
  [4;35;1mAnalyzing  Execution Time: 0.012795

[0m   [0mAggregate  (cost=814.47..814.48 rows=1 width=0)
   ->  Seq Scan on clicks  (cost=0.00..814.46 rows=2 width=0)
         Filter: (listing_id = 113108)
[0m
  [4;36;1mSQL (3.1ms)[0m   [0;1mSELECT count(*) AS count_all FROM "listings" WHERE ("listings".user_id = 25396) [0m
  [4;35;1mAnalyzing  Execution Time: 0.003404

[0m   [0mAggregate  (cost=1615.81..1615.82 rows=1 width=0)
   ->  Index Scan using index_listings_on_id_and_user_id_and_title on listings  (cost=0.00..1615.79 rows=4 width=0)
         Index Cond: (user_id = 25396)
[0m
  [4;36;1mListing Load (2.8ms)[0m   [0;1mSELECT * FROM "listings" WHERE ("listings".user_id = 25396) [0m
  [4;35;1mAnalyzing Listing Load Execution Time: 0.00346

[0m   [0mIndex Scan using index_listings_on_id_and_user_id_and_title on listings  (cost=0.00..1615.79 rows=4 width=1172)
   Index Cond: (user_id = 25396)
[0m
  [4;36;1mSQL (152.4ms)[0m   [0;1mSELECT count(*) AS count_all FROM "impressions" WHERE ("impressions".listing_id = 81927) [0m
  [4;35;1mAnalyzing  Execution Time: 0.152669

[0m   [0mAggregate  (cost=12714.08..12714.09 rows=1 width=0)
   ->  Seq Scan on impressions  (cost=0.00..12714.00 rows=31 width=0)
         Filter: (listing_id = 81927)
[0m
  [4;36;1mSQL (9.3ms)[0m   [0;1mSELECT count(*) AS count_all FROM "clicks" WHERE ("clicks".listing_id = 81927) [0m
  [4;35;1mAnalyzing  Execution Time: 0.009619

[0m   [0mAggregate  (cost=814.47..814.48 rows=1 width=0)
   ->  Seq Scan on clicks  (cost=0.00..814.46 rows=2 width=0)
         Filter: (listing_id = 81927)
[0m
  [4;36;1mSQL (2.6ms)[0m   [0;1mSELECT count(*) AS count_all FROM "listings" WHERE ("listings".user_id = 25395) [0m
  [4;35;1mAnalyzing  Execution Time: 0.002911

[0m   [0mAggregate  (cost=1615.81..1615.82 rows=1 width=0)
   ->  Index Scan using index_listings_on_id_and_user_id_and_title on listings  (cost=0.00..1615.79 rows=4 width=0)
         Index Cond: (user_id = 25395)
[0m
  [4;36;1mListing Load (2.2ms)[0m   [0;1mSELECT * FROM "listings" WHERE ("listings".user_id = 25395) [0m
  [4;35;1mAnalyzing Listing Load Execution Time: 0.003226

[0m   [0mIndex Scan using index_listings_on_id_and_user_id_and_title on listings  (cost=0.00..1615.79 rows=4 width=1172)
   Index Cond: (user_id = 25395)
[0m
  [4;36;1mSQL (148.8ms)[0m   [0;1mSELECT count(*) AS count_all FROM "impressions" WHERE ("impressions".listing_id = 66688) [0m
  [4;35;1mAnalyzing  Execution Time: 0.149043

[0m   [0mAggregate  (cost=12714.08..12714.09 rows=1 width=0)
   ->  Seq Scan on impressions  (cost=0.00..12714.00 rows=31 width=0)
         Filter: (listing_id = 66688)
[0m
  [4;36;1mSQL (11.1ms)[0m   [0;1mSELECT count(*) AS count_all FROM "clicks" WHERE ("clicks".listing_id = 66688) [0m
  [4;35;1mAnalyzing  Execution Time: 0.011515

[0m   [0mAggregate  (cost=814.47..814.48 rows=1 width=0)
   ->  Seq Scan on clicks  (cost=0.00..814.46 rows=2 width=0)
         Filter: (listing_id = 66688)
[0m
  [4;36;1mSQL (3.6ms)[0m   [0;1mSELECT count(*) AS count_all FROM "listings" WHERE ("listings".user_id = 25383) [0m
  [4;35;1mAnalyzing  Execution Time: 0.003847

[0m   [0mAggregate  (cost=1615.81..1615.82 rows=1 width=0)
   ->  Index Scan using index_listings_on_id_and_user_id_and_title on listings  (cost=0.00..1615.79 rows=4 width=0)
         Index Cond: (user_id = 25383)
[0m
  [4;36;1mListing Load (2.5ms)[0m   [0;1mSELECT * FROM "listings" WHERE ("listings".user_id = 25383) [0m
  [4;35;1mAnalyzing Listing Load Execution Time: 0.00328

[0m   [0mIndex Scan using index_listings_on_id_and_user_id_and_title on listings  (cost=0.00..1615.79 rows=4 width=1172)
   Index Cond: (user_id = 25383)
[0m
  [4;36;1mSQL (144.9ms)[0m   [0;1mSELECT count(*) AS count_all FROM "impressions" WHERE ("impressions".listing_id = 102221) [0m
  [4;35;1mAnalyzing  Execution Time: 0.145209

[0m   [0mAggregate  (cost=12714.08..12714.09 rows=1 width=0)
   ->  Seq Scan on impressions  (cost=0.00..12714.00 rows=31 width=0)
         Filter: (listing_id = 102221)
[0m
  [4;36;1mSQL (9.3ms)[0m   [0;1mSELECT count(*) AS count_all FROM "clicks" WHERE ("clicks".listing_id = 102221) [0m
  [4;35;1mAnalyzing  Execution Time: 0.009663

[0m   [0mAggregate  (cost=814.47..814.48 rows=1 width=0)
   ->  Seq Scan on clicks  (cost=0.00..814.46 rows=2 width=0)
         Filter: (listing_id = 102221)
[0m
  [4;36;1mSQL (2.2ms)[0m   [0;1mSELECT count(*) AS count_all FROM "listings" WHERE ("listings".user_id = 25334) [0m
  [4;35;1mAnalyzing  Execution Time: 0.002457

[0m   [0mAggregate  (cost=1615.81..1615.82 rows=1 width=0)
   ->  Index Scan using index_listings_on_id_and_user_id_and_title on listings  (cost=0.00..1615.79 rows=4 width=0)
         Index Cond: (user_id = 25334)
[0m
  [4;36;1mListing Load (2.0ms)[0m   [0;1mSELECT * FROM "listings" WHERE ("listings".user_id = 25334) [0m
  [4;35;1mAnalyzing Listing Load Execution Time: 0.002695

[0m   [0mIndex Scan using index_listings_on_id_and_user_id_and_title on listings  (cost=0.00..1615.79 rows=4 width=1172)
   Index Cond: (user_id = 25334)
[0m
  [4;36;1mSQL (150.9ms)[0m   [0;1mSELECT count(*) AS count_all FROM "impressions" WHERE ("impressions".listing_id = 113058) [0m
  [4;35;1mAnalyzing  Execution Time: 0.151177

[0m   [0mAggregate  (cost=12714.08..12714.09 rows=1 width=0)
   ->  Seq Scan on impressions  (cost=0.00..12714.00 rows=31 width=0)
         Filter: (listing_id = 113058)
[0m
  [4;36;1mSQL (9.3ms)[0m   [0;1mSELECT count(*) AS count_all FROM "clicks" WHERE ("clicks".listing_id = 113058) [0m
  [4;35;1mAnalyzing  Execution Time: 0.009666

[0m   [0mAggregate  (cost=814.47..814.48 rows=1 width=0)
   ->  Seq Scan on clicks  (cost=0.00..814.46 rows=2 width=0)
         Filter: (listing_id = 113058)
[0m
  [4;36;1mSQL (2.1ms)[0m   [0;1mSELECT count(*) AS count_all FROM "listings" WHERE ("listings".user_id = 25405) [0m
  [4;35;1mAnalyzing  Execution Time: 0.002369

[0m   [0mAggregate  (cost=1615.81..1615.82 rows=1 width=0)
   ->  Index Scan using index_listings_on_id_and_user_id_and_title on listings  (cost=0.00..1615.79 rows=4 width=0)
         Index Cond: (user_id = 25405)
[0m
  [4;36;1mListing Load (2.0ms)[0m   [0;1mSELECT * FROM "listings" WHERE ("listings".user_id = 25405) [0m
  [4;35;1mAnalyzing Listing Load Execution Time: 0.002736

[0m   [0mIndex Scan using index_listings_on_id_and_user_id_and_title on listings  (cost=0.00..1615.79 rows=4 width=1172)
   Index Cond: (user_id = 25405)
[0m
  [4;36;1mSQL (152.7ms)[0m   [0;1mSELECT count(*) AS count_all FROM "impressions" WHERE ("impressions".listing_id = 113099) [0m
  [4;35;1mAnalyzing  Execution Time: 0.15295

[0m   [0mAggregate  (cost=12714.08..12714.09 rows=1 width=0)
   ->  Seq Scan on impressions  (cost=0.00..12714.00 rows=31 width=0)
         Filter: (listing_id = 113099)
[0m
  [4;36;1mSQL (8.4ms)[0m   [0;1mSELECT count(*) AS count_all FROM "clicks" WHERE ("clicks".listing_id = 113099) [0m
  [4;35;1mAnalyzing  Execution Time: 0.008636

[0m   [0mAggregate  (cost=814.47..814.48 rows=1 width=0)
   ->  Seq Scan on clicks  (cost=0.00..814.46 rows=2 width=0)
         Filter: (listing_id = 113099)
[0m
  [4;36;1mSQL (2.1ms)[0m   [0;1mSELECT count(*) AS count_all FROM "listings" WHERE ("listings".user_id = 25402) [0m
  [4;35;1mAnalyzing  Execution Time: 0.002347

[0m   [0mAggregate  (cost=1615.81..1615.82 rows=1 width=0)
   ->  Index Scan using index_listings_on_id_and_user_id_and_title on listings  (cost=0.00..1615.79 rows=4 width=0)
         Index Cond: (user_id = 25402)
[0m
  [4;36;1mListing Load (2.5ms)[0m   [0;1mSELECT * FROM "listings" WHERE ("listings".user_id = 25402) [0m
  [4;35;1mAnalyzing Listing Load Execution Time: 0.003526

[0m   [0mIndex Scan using index_listings_on_id_and_user_id_and_title on listings  (cost=0.00..1615.79 rows=4 width=1172)
   Index Cond: (user_id = 25402)
[0m
  [4;36;1mSQL (150.8ms)[0m   [0;1mSELECT count(*) AS count_all FROM "impressions" WHERE ("impressions".listing_id = 76909) [0m
  [4;35;1mAnalyzing  Execution Time: 0.151023

[0m   [0mAggregate  (cost=12714.08..12714.09 rows=1 width=0)
   ->  Seq Scan on impressions  (cost=0.00..12714.00 rows=31 width=0)
         Filter: (listing_id = 76909)
[0m
  [4;36;1mSQL (9.6ms)[0m   [0;1mSELECT count(*) AS count_all FROM "clicks" WHERE ("clicks".listing_id = 76909) [0m
  [4;35;1mAnalyzing  Execution Time: 0.009905

[0m   [0mAggregate  (cost=814.47..814.48 rows=1 width=0)
   ->  Seq Scan on clicks  (cost=0.00..814.46 rows=2 width=0)
         Filter: (listing_id = 76909)
[0m
  [4;36;1mSQL (5.3ms)[0m   [0;1mSELECT count(*) AS count_all FROM "listings" WHERE ("listings".user_id = 25401) [0m
  [4;35;1mAnalyzing  Execution Time: 0.005641

[0m   [0mAggregate  (cost=1615.81..1615.82 rows=1 width=0)
   ->  Index Scan using index_listings_on_id_and_user_id_and_title on listings  (cost=0.00..1615.79 rows=4 width=0)
         Index Cond: (user_id = 25401)
[0m
  [4;36;1mListing Load (2.3ms)[0m   [0;1mSELECT * FROM "listings" WHERE ("listings".user_id = 25401) [0m
  [4;35;1mAnalyzing Listing Load Execution Time: 0.003212

[0m   [0mIndex Scan using index_listings_on_id_and_user_id_and_title on listings  (cost=0.00..1615.79 rows=4 width=1172)
   Index Cond: (user_id = 25401)
[0m
  [4;36;1mSQL (204.3ms)[0m   [0;1mSELECT count(*) AS count_all FROM "impressions" WHERE ("impressions".listing_id = 77512) [0m
  [4;35;1mAnalyzing  Execution Time: 0.204557

[0m   [0mAggregate  (cost=12714.08..12714.09 rows=1 width=0)
   ->  Seq Scan on impressions  (cost=0.00..12714.00 rows=31 width=0)
         Filter: (listing_id = 77512)
[0m
  [4;36;1mSQL (8.5ms)[0m   [0;1mSELECT count(*) AS count_all FROM "clicks" WHERE ("clicks".listing_id = 77512) [0m
  [4;35;1mAnalyzing  Execution Time: 0.008825

[0m   [0mAggregate  (cost=814.47..814.48 rows=1 width=0)
   ->  Seq Scan on clicks  (cost=0.00..814.46 rows=2 width=0)
         Filter: (listing_id = 77512)
[0m
  [4;36;1mSQL (3.1ms)[0m   [0;1mSELECT count(*) AS count_all FROM "listings" WHERE ("listings".user_id = 25399) [0m
  [4;35;1mAnalyzing  Execution Time: 0.003382

[0m   [0mAggregate  (cost=1615.81..1615.82 rows=1 width=0)
   ->  Index Scan using index_listings_on_id_and_user_id_and_title on listings  (cost=0.00..1615.79 rows=4 width=0)
         Index Cond: (user_id = 25399)
[0m
  [4;36;1mListing Load (2.4ms)[0m   [0;1mSELECT * FROM "listings" WHERE ("listings".user_id = 25399) [0m
  [4;35;1mAnalyzing Listing Load Execution Time: 0.003125

[0m   [0mIndex Scan using index_listings_on_id_and_user_id_and_title on listings  (cost=0.00..1615.79 rows=4 width=1172)
   Index Cond: (user_id = 25399)
[0m
  [4;36;1mSQL (148.0ms)[0m   [0;1mSELECT count(*) AS count_all FROM "impressions" WHERE ("impressions".listing_id = 103616) [0m
  [4;35;1mAnalyzing  Execution Time: 0.148291

[0m   [0mAggregate  (cost=12714.08..12714.09 rows=1 width=0)
   ->  Seq Scan on impressions  (cost=0.00..12714.00 rows=31 width=0)
         Filter: (listing_id = 103616)
[0m
  [4;36;1mSQL (14.4ms)[0m   [0;1mSELECT count(*) AS count_all FROM "clicks" WHERE ("clicks".listing_id = 103616) [0m
  [4;35;1mAnalyzing  Execution Time: 0.014731

[0m   [0mAggregate  (cost=814.47..814.48 rows=1 width=0)
   ->  Seq Scan on clicks  (cost=0.00..814.46 rows=2 width=0)
         Filter: (listing_id = 103616)
[0m
  [4;36;1mSQL (2.3ms)[0m   [0;1mSELECT count(*) AS count_all FROM "listings" WHERE ("listings".user_id = 25398) [0m
  [4;35;1mAnalyzing  Execution Time: 0.002635

[0m   [0mAggregate  (cost=1615.81..1615.82 rows=1 width=0)
   ->  Index Scan using index_listings_on_id_and_user_id_and_title on listings  (cost=0.00..1615.79 rows=4 width=0)
         Index Cond: (user_id = 25398)
[0m
  [4;36;1mListing Load (2.2ms)[0m   [0;1mSELECT * FROM "listings" WHERE ("listings".user_id = 25398) [0m
  [4;35;1mAnalyzing Listing Load Execution Time: 0.008311

[0m   [0mIndex Scan using index_listings_on_id_and_user_id_and_title on listings  (cost=0.00..1615.79 rows=4 width=1172)
   Index Cond: (user_id = 25398)
[0m
  [4;36;1mSQL (150.7ms)[0m   [0;1mSELECT count(*) AS count_all FROM "impressions" WHERE ("impressions".listing_id = 67174) [0m
  [4;35;1mAnalyzing  Execution Time: 0.150948

[0m   [0mAggregate  (cost=12714.08..12714.09 rows=1 width=0)
   ->  Seq Scan on impressions  (cost=0.00..12714.00 rows=31 width=0)
         Filter: (listing_id = 67174)
[0m
  [4;36;1mSQL (145.7ms)[0m   [0;1mSELECT count(*) AS count_all FROM "impressions" WHERE ("impressions".listing_id = 67175) [0m
  [4;35;1mAnalyzing  Execution Time: 0.145927

[0m   [0mAggregate  (cost=12714.08..12714.09 rows=1 width=0)
   ->  Seq Scan on impressions  (cost=0.00..12714.00 rows=31 width=0)
         Filter: (listing_id = 67175)
[0m
  [4;36;1mSQL (144.6ms)[0m   [0;1mSELECT count(*) AS count_all FROM "impressions" WHERE ("impressions".listing_id = 68547) [0m
  [4;35;1mAnalyzing  Execution Time: 0.144855

[0m   [0mAggregate  (cost=12714.08..12714.09 rows=1 width=0)
   ->  Seq Scan on impressions  (cost=0.00..12714.00 rows=31 width=0)
         Filter: (listing_id = 68547)
[0m
  [4;36;1mSQL (147.6ms)[0m   [0;1mSELECT count(*) AS count_all FROM "impressions" WHERE ("impressions".listing_id = 70109) [0m
  [4;35;1mAnalyzing  Execution Time: 0.147914

[0m   [0mAggregate  (cost=12714.08..12714.09 rows=1 width=0)
   ->  Seq Scan on impressions  (cost=0.00..12714.00 rows=31 width=0)
         Filter: (listing_id = 70109)
[0m
  [4;36;1mSQL (151.5ms)[0m   [0;1mSELECT count(*) AS count_all FROM "impressions" WHERE ("impressions".listing_id = 76566) [0m
  [4;35;1mAnalyzing  Execution Time: 0.151808

[0m   [0mAggregate  (cost=12714.08..12714.09 rows=1 width=0)
   ->  Seq Scan on impressions  (cost=0.00..12714.00 rows=31 width=0)
         Filter: (listing_id = 76566)
[0m
  [4;36;1mSQL (153.9ms)[0m   [0;1mSELECT count(*) AS count_all FROM "impressions" WHERE ("impressions".listing_id = 82863) [0m
  [4;35;1mAnalyzing  Execution Time: 0.154252

[0m   [0mAggregate  (cost=12714.08..12714.09 rows=1 width=0)
   ->  Seq Scan on impressions  (cost=0.00..12714.00 rows=31 width=0)
         Filter: (listing_id = 82863)
[0m
  [4;36;1mSQL (152.2ms)[0m   [0;1mSELECT count(*) AS count_all FROM "impressions" WHERE ("impressions".listing_id = 82864) [0m
  [4;35;1mAnalyzing  Execution Time: 0.152423

[0m   [0mAggregate  (cost=12714.08..12714.09 rows=1 width=0)
   ->  Seq Scan on impressions  (cost=0.00..12714.00 rows=31 width=0)
         Filter: (listing_id = 82864)
[0m
  [4;36;1mSQL (149.7ms)[0m   [0;1mSELECT count(*) AS count_all FROM "impressions" WHERE ("impressions".listing_id = 82865) [0m
  [4;35;1mAnalyzing  Execution Time: 0.150009

[0m   [0mAggregate  (cost=12714.08..12714.09 rows=1 width=0)
   ->  Seq Scan on impressions  (cost=0.00..12714.00 rows=31 width=0)
         Filter: (listing_id = 82865)
[0m
  [4;36;1mSQL (151.7ms)[0m   [0;1mSELECT count(*) AS count_all FROM "impressions" WHERE ("impressions".listing_id = 82866) [0m
  [4;35;1mAnalyzing  Execution Time: 0.151971

[0m   [0mAggregate  (cost=12714.08..12714.09 rows=1 width=0)
   ->  Seq Scan on impressions  (cost=0.00..12714.00 rows=31 width=0)
         Filter: (listing_id = 82866)
[0m
  [4;36;1mSQL (155.6ms)[0m   [0;1mSELECT count(*) AS count_all FROM "impressions" WHERE ("impressions".listing_id = 82867) [0m
  [4;35;1mAnalyzing  Execution Time: 0.155896

[0m   [0mAggregate  (cost=12714.08..12714.09 rows=1 width=0)
   ->  Seq Scan on impressions  (cost=0.00..12714.00 rows=31 width=0)
         Filter: (listing_id = 82867)
[0m
  [4;36;1mSQL (153.4ms)[0m   [0;1mSELECT count(*) AS count_all FROM "impressions" WHERE ("impressions".listing_id = 82868) [0m
  [4;35;1mAnalyzing  Execution Time: 0.153732

[0m   [0mAggregate  (cost=12714.08..12714.09 rows=1 width=0)
   ->  Seq Scan on impressions  (cost=0.00..12714.00 rows=31 width=0)
         Filter: (listing_id = 82868)
[0m
  [4;36;1mSQL (148.5ms)[0m   [0;1mSELECT count(*) AS count_all FROM "impressions" WHERE ("impressions".listing_id = 82869) [0m
  [4;35;1mAnalyzing  Execution Time: 0.148788

[0m   [0mAggregate  (cost=12714.08..12714.09 rows=1 width=0)
   ->  Seq Scan on impressions  (cost=0.00..12714.00 rows=31 width=0)
         Filter: (listing_id = 82869)
[0m
  [4;36;1mSQL (160.0ms)[0m   [0;1mSELECT count(*) AS count_all FROM "impressions" WHERE ("impressions".listing_id = 82870) [0m
  [4;35;1mAnalyzing  Execution Time: 0.160268

[0m   [0mAggregate  (cost=12714.08..12714.09 rows=1 width=0)
   ->  Seq Scan on impressions  (cost=0.00..12714.00 rows=31 width=0)
         Filter: (listing_id = 82870)
[0m
  [4;36;1mSQL (150.9ms)[0m   [0;1mSELECT count(*) AS count_all FROM "impressions" WHERE ("impressions".listing_id = 82871) [0m
  [4;35;1mAnalyzing  Execution Time: 0.151122

[0m   [0mAggregate  (cost=12714.08..12714.09 rows=1 width=0)
   ->  Seq Scan on impressions  (cost=0.00..12714.00 rows=31 width=0)
         Filter: (listing_id = 82871)
[0m
  [4;36;1mSQL (153.7ms)[0m   [0;1mSELECT count(*) AS count_all FROM "impressions" WHERE ("impressions".listing_id = 83600) [0m
  [4;35;1mAnalyzing  Execution Time: 0.153971

[0m   [0mAggregate  (cost=12714.08..12714.09 rows=1 width=0)
   ->  Seq Scan on impressions  (cost=0.00..12714.00 rows=31 width=0)
         Filter: (listing_id = 83600)
[0m
  [4;36;1mSQL (13.8ms)[0m   [0;1mSELECT count(*) AS count_all FROM "clicks" WHERE ("clicks".listing_id = 67174) [0m
  [4;35;1mAnalyzing  Execution Time: 0.014102

[0m   [0mAggregate  (cost=814.47..814.48 rows=1 width=0)
   ->  Seq Scan on clicks  (cost=0.00..814.46 rows=2 width=0)
         Filter: (listing_id = 67174)
[0m
  [4;36;1mSQL (8.7ms)[0m   [0;1mSELECT count(*) AS count_all FROM "clicks" WHERE ("clicks".listing_id = 67175) [0m
  [4;35;1mAnalyzing  Execution Time: 0.008948

[0m   [0mAggregate  (cost=814.47..814.48 rows=1 width=0)
   ->  Seq Scan on clicks  (cost=0.00..814.46 rows=2 width=0)
         Filter: (listing_id = 67175)
[0m
  [4;36;1mSQL (8.7ms)[0m   [0;1mSELECT count(*) AS count_all FROM "clicks" WHERE ("clicks".listing_id = 68547) [0m
  [4;35;1mAnalyzing  Execution Time: 0.009034

[0m   [0mAggregate  (cost=814.47..814.48 rows=1 width=0)
   ->  Seq Scan on clicks  (cost=0.00..814.46 rows=2 width=0)
         Filter: (listing_id = 68547)
[0m
  [4;36;1mSQL (11.7ms)[0m   [0;1mSELECT count(*) AS count_all FROM "clicks" WHERE ("clicks".listing_id = 70109) [0m
  [4;35;1mAnalyzing  Execution Time: 0.011929

[0m   [0mAggregate  (cost=814.47..814.48 rows=1 width=0)
   ->  Seq Scan on clicks  (cost=0.00..814.46 rows=2 width=0)
         Filter: (listing_id = 70109)
[0m
  [4;36;1mSQL (8.7ms)[0m   [0;1mSELECT count(*) AS count_all FROM "clicks" WHERE ("clicks".listing_id = 76566) [0m
  [4;35;1mAnalyzing  Execution Time: 0.009013

[0m   [0mAggregate  (cost=814.47..814.48 rows=1 width=0)
   ->  Seq Scan on clicks  (cost=0.00..814.46 rows=2 width=0)
         Filter: (listing_id = 76566)
[0m
  [4;36;1mSQL (9.0ms)[0m   [0;1mSELECT count(*) AS count_all FROM "clicks" WHERE ("clicks".listing_id = 82863) [0m
  [4;35;1mAnalyzing  Execution Time: 0.0093

[0m   [0mAggregate  (cost=814.47..814.48 rows=1 width=0)
   ->  Seq Scan on clicks  (cost=0.00..814.46 rows=2 width=0)
         Filter: (listing_id = 82863)
[0m
  [4;36;1mSQL (11.4ms)[0m   [0;1mSELECT count(*) AS count_all FROM "clicks" WHERE ("clicks".listing_id = 82864) [0m
  [4;35;1mAnalyzing  Execution Time: 0.011694

[0m   [0mAggregate  (cost=814.47..814.48 rows=1 width=0)
   ->  Seq Scan on clicks  (cost=0.00..814.46 rows=2 width=0)
         Filter: (listing_id = 82864)
[0m
  [4;36;1mSQL (8.7ms)[0m   [0;1mSELECT count(*) AS count_all FROM "clicks" WHERE ("clicks".listing_id = 82865) [0m
  [4;35;1mAnalyzing  Execution Time: 0.008907

[0m   [0mAggregate  (cost=814.47..814.48 rows=1 width=0)
   ->  Seq Scan on clicks  (cost=0.00..814.46 rows=2 width=0)
         Filter: (listing_id = 82865)
[0m
  [4;36;1mSQL (10.6ms)[0m   [0;1mSELECT count(*) AS count_all FROM "clicks" WHERE ("clicks".listing_id = 82866) [0m
  [4;35;1mAnalyzing  Execution Time: 0.010831

[0m   [0mAggregate  (cost=814.47..814.48 rows=1 width=0)
   ->  Seq Scan on clicks  (cost=0.00..814.46 rows=2 width=0)
         Filter: (listing_id = 82866)
[0m
  [4;36;1mSQL (10.0ms)[0m   [0;1mSELECT count(*) AS count_all FROM "clicks" WHERE ("clicks".listing_id = 82867) [0m
  [4;35;1mAnalyzing  Execution Time: 0.010266

[0m   [0mAggregate  (cost=814.47..814.48 rows=1 width=0)
   ->  Seq Scan on clicks  (cost=0.00..814.46 rows=2 width=0)
         Filter: (listing_id = 82867)
[0m
  [4;36;1mSQL (8.6ms)[0m   [0;1mSELECT count(*) AS count_all FROM "clicks" WHERE ("clicks".listing_id = 82868) [0m
  [4;35;1mAnalyzing  Execution Time: 0.008863

[0m   [0mAggregate  (cost=814.47..814.48 rows=1 width=0)
   ->  Seq Scan on clicks  (cost=0.00..814.46 rows=2 width=0)
         Filter: (listing_id = 82868)
[0m
  [4;36;1mSQL (9.8ms)[0m   [0;1mSELECT count(*) AS count_all FROM "clicks" WHERE ("clicks".listing_id = 82869) [0m
  [4;35;1mAnalyzing  Execution Time: 0.010081

[0m   [0mAggregate  (cost=814.47..814.48 rows=1 width=0)
   ->  Seq Scan on clicks  (cost=0.00..814.46 rows=2 width=0)
         Filter: (listing_id = 82869)
[0m
  [4;36;1mSQL (9.6ms)[0m   [0;1mSELECT count(*) AS count_all FROM "clicks" WHERE ("clicks".listing_id = 82870) [0m
  [4;35;1mAnalyzing  Execution Time: 0.009867

[0m   [0mAggregate  (cost=814.47..814.48 rows=1 width=0)
   ->  Seq Scan on clicks  (cost=0.00..814.46 rows=2 width=0)
         Filter: (listing_id = 82870)
[0m
  [4;36;1mSQL (8.8ms)[0m   [0;1mSELECT count(*) AS count_all FROM "clicks" WHERE ("clicks".listing_id = 82871) [0m
  [4;35;1mAnalyzing  Execution Time: 0.009015

[0m   [0mAggregate  (cost=814.47..814.48 rows=1 width=0)
   ->  Seq Scan on clicks  (cost=0.00..814.46 rows=2 width=0)
         Filter: (listing_id = 82871)
[0m
  [4;36;1mSQL (10.4ms)[0m   [0;1mSELECT count(*) AS count_all FROM "clicks" WHERE ("clicks".listing_id = 83600) [0m
  [4;35;1mAnalyzing  Execution Time: 0.010668

[0m   [0mAggregate  (cost=814.47..814.48 rows=1 width=0)
   ->  Seq Scan on clicks  (cost=0.00..814.46 rows=2 width=0)
         Filter: (listing_id = 83600)
[0m
  [4;36;1mSQL (6.0ms)[0m   [0;1mSELECT count(*) AS count_all FROM "listings" WHERE ("listings".user_id = 25316) [0m
  [4;35;1mAnalyzing  Execution Time: 0.00629

[0m   [0mAggregate  (cost=1615.81..1615.82 rows=1 width=0)
   ->  Index Scan using index_listings_on_id_and_user_id_and_title on listings  (cost=0.00..1615.79 rows=4 width=0)
         Index Cond: (user_id = 25316)
[0m
  [4;36;1mListing Load (2.5ms)[0m   [0;1mSELECT * FROM "listings" WHERE ("listings".user_id = 25316) [0m
  [4;35;1mAnalyzing Listing Load Execution Time: 0.003549

[0m   [0mIndex Scan using index_listings_on_id_and_user_id_and_title on listings  (cost=0.00..1615.79 rows=4 width=1172)
   Index Cond: (user_id = 25316)
[0m
  [4;36;1mSQL (164.2ms)[0m   [0;1mSELECT count(*) AS count_all FROM "impressions" WHERE ("impressions".listing_id = 72302) [0m
  [4;35;1mAnalyzing  Execution Time: 0.16445

[0m   [0mAggregate  (cost=12714.08..12714.09 rows=1 width=0)
   ->  Seq Scan on impressions  (cost=0.00..12714.00 rows=31 width=0)
         Filter: (listing_id = 72302)
[0m
  [4;36;1mSQL (192.9ms)[0m   [0;1mSELECT count(*) AS count_all FROM "impressions" WHERE ("impressions".listing_id = 89876) [0m
  [4;35;1mAnalyzing  Execution Time: 0.19313

[0m   [0mAggregate  (cost=12714.08..12714.09 rows=1 width=0)
   ->  Seq Scan on impressions  (cost=0.00..12714.00 rows=31 width=0)
         Filter: (listing_id = 89876)
[0m
  [4;36;1mSQL (8.5ms)[0m   [0;1mSELECT count(*) AS count_all FROM "clicks" WHERE ("clicks".listing_id = 72302) [0m
  [4;35;1mAnalyzing  Execution Time: 0.008753

[0m   [0mAggregate  (cost=814.47..814.48 rows=1 width=0)
   ->  Seq Scan on clicks  (cost=0.00..814.46 rows=2 width=0)
         Filter: (listing_id = 72302)
[0m
  [4;36;1mSQL (10.1ms)[0m   [0;1mSELECT count(*) AS count_all FROM "clicks" WHERE ("clicks".listing_id = 89876) [0m
  [4;35;1mAnalyzing  Execution Time: 0.010376

[0m   [0mAggregate  (cost=814.47..814.48 rows=1 width=0)
   ->  Seq Scan on clicks  (cost=0.00..814.46 rows=2 width=0)
         Filter: (listing_id = 89876)
[0m
  [4;36;1mSQL (2.3ms)[0m   [0;1mSELECT count(*) AS count_all FROM "listings" WHERE ("listings".user_id = 25377) [0m
  [4;35;1mAnalyzing  Execution Time: 0.002608

[0m   [0mAggregate  (cost=1615.81..1615.82 rows=1 width=0)
   ->  Index Scan using index_listings_on_id_and_user_id_and_title on listings  (cost=0.00..1615.79 rows=4 width=0)
         Index Cond: (user_id = 25377)
[0m
  [4;36;1mListing Load (2.6ms)[0m   [0;1mSELECT * FROM "listings" WHERE ("listings".user_id = 25377) [0m
  [4;35;1mAnalyzing Listing Load Execution Time: 0.004032

[0m   [0mIndex Scan using index_listings_on_id_and_user_id_and_title on listings  (cost=0.00..1615.79 rows=4 width=1172)
   Index Cond: (user_id = 25377)
[0m
  [4;36;1mSQL (158.4ms)[0m   [0;1mSELECT count(*) AS count_all FROM "impressions" WHERE ("impressions".listing_id = 81962) [0m
  [4;35;1mAnalyzing  Execution Time: 0.158715

[0m   [0mAggregate  (cost=12714.08..12714.09 rows=1 width=0)
   ->  Seq Scan on impressions  (cost=0.00..12714.00 rows=31 width=0)
         Filter: (listing_id = 81962)
[0m
  [4;36;1mSQL (152.2ms)[0m   [0;1mSELECT count(*) AS count_all FROM "impressions" WHERE ("impressions".listing_id = 106011) [0m
  [4;35;1mAnalyzing  Execution Time: 0.152508

[0m   [0mAggregate  (cost=12714.08..12714.09 rows=1 width=0)
   ->  Seq Scan on impressions  (cost=0.00..12714.00 rows=31 width=0)
         Filter: (listing_id = 106011)
[0m
  [4;36;1mSQL (153.8ms)[0m   [0;1mSELECT count(*) AS count_all FROM "impressions" WHERE ("impressions".listing_id = 106193) [0m
  [4;35;1mAnalyzing  Execution Time: 0.154064

[0m   [0mAggregate  (cost=12714.08..12714.09 rows=1 width=0)
   ->  Seq Scan on impressions  (cost=0.00..12714.00 rows=31 width=0)
         Filter: (listing_id = 106193)
[0m
  [4;36;1mSQL (9.0ms)[0m   [0;1mSELECT count(*) AS count_all FROM "clicks" WHERE ("clicks".listing_id = 81962) [0m
  [4;35;1mAnalyzing  Execution Time: 0.009276

[0m   [0mAggregate  (cost=814.47..814.48 rows=1 width=0)
   ->  Seq Scan on clicks  (cost=0.00..814.46 rows=2 width=0)
         Filter: (listing_id = 81962)
[0m
  [4;36;1mSQL (9.4ms)[0m   [0;1mSELECT count(*) AS count_all FROM "clicks" WHERE ("clicks".listing_id = 106011) [0m
  [4;35;1mAnalyzing  Execution Time: 0.009712

[0m   [0mAggregate  (cost=814.47..814.48 rows=1 width=0)
   ->  Seq Scan on clicks  (cost=0.00..814.46 rows=2 width=0)
         Filter: (listing_id = 106011)
[0m
  [4;36;1mSQL (9.2ms)[0m   [0;1mSELECT count(*) AS count_all FROM "clicks" WHERE ("clicks".listing_id = 106193) [0m
  [4;35;1mAnalyzing  Execution Time: 0.009444

[0m   [0mAggregate  (cost=814.47..814.48 rows=1 width=0)
   ->  Seq Scan on clicks  (cost=0.00..814.46 rows=2 width=0)
         Filter: (listing_id = 106193)
[0m
  [4;36;1mSQL (4.4ms)[0m   [0;1mSELECT count(*) AS count_all FROM "listings" WHERE ("listings".user_id = 25394) [0m
  [4;35;1mAnalyzing  Execution Time: 0.004675

[0m   [0mAggregate  (cost=1615.81..1615.82 rows=1 width=0)
   ->  Index Scan using index_listings_on_id_and_user_id_and_title on listings  (cost=0.00..1615.79 rows=4 width=0)
         Index Cond: (user_id = 25394)
[0m
  [4;36;1mListing Load (2.9ms)[0m   [0;1mSELECT * FROM "listings" WHERE ("listings".user_id = 25394) [0m
  [4;35;1mAnalyzing Listing Load Execution Time: 0.003658

[0m   [0mIndex Scan using index_listings_on_id_and_user_id_and_title on listings  (cost=0.00..1615.79 rows=4 width=1172)
   Index Cond: (user_id = 25394)
[0m
  [4;36;1mSQL (150.8ms)[0m   [0;1mSELECT count(*) AS count_all FROM "impressions" WHERE ("impressions".listing_id = 75643) [0m
  [4;35;1mAnalyzing  Execution Time: 0.151036

[0m   [0mAggregate  (cost=12714.08..12714.09 rows=1 width=0)
   ->  Seq Scan on impressions  (cost=0.00..12714.00 rows=31 width=0)
         Filter: (listing_id = 75643)
[0m
  [4;36;1mSQL (9.4ms)[0m   [0;1mSELECT count(*) AS count_all FROM "clicks" WHERE ("clicks".listing_id = 75643) [0m
  [4;35;1mAnalyzing  Execution Time: 0.009716

[0m   [0mAggregate  (cost=814.47..814.48 rows=1 width=0)
   ->  Seq Scan on clicks  (cost=0.00..814.46 rows=2 width=0)
         Filter: (listing_id = 75643)
[0m
  [4;36;1mSQL (2.2ms)[0m   [0;1mSELECT count(*) AS count_all FROM "listings" WHERE ("listings".user_id = 25348) [0m
  [4;35;1mAnalyzing  Execution Time: 0.002517

[0m   [0mAggregate  (cost=1615.81..1615.82 rows=1 width=0)
   ->  Index Scan using index_listings_on_id_and_user_id_and_title on listings  (cost=0.00..1615.79 rows=4 width=0)
         Index Cond: (user_id = 25348)
[0m
  [4;36;1mListing Load (3.0ms)[0m   [0;1mSELECT * FROM "listings" WHERE ("listings".user_id = 25348) [0m
  [4;35;1mAnalyzing Listing Load Execution Time: 0.004778

[0m   [0mIndex Scan using index_listings_on_id_and_user_id_and_title on listings  (cost=0.00..1615.79 rows=4 width=1172)
   Index Cond: (user_id = 25348)
[0m
  [4;36;1mSQL (151.3ms)[0m   [0;1mSELECT count(*) AS count_all FROM "impressions" WHERE ("impressions".listing_id = 113069) [0m
  [4;35;1mAnalyzing  Execution Time: 0.151592

[0m   [0mAggregate  (cost=12714.08..12714.09 rows=1 width=0)
   ->  Seq Scan on impressions  (cost=0.00..12714.00 rows=31 width=0)
         Filter: (listing_id = 113069)
[0m
  [4;36;1mSQL (147.1ms)[0m   [0;1mSELECT count(*) AS count_all FROM "impressions" WHERE ("impressions".listing_id = 113094) [0m
  [4;35;1mAnalyzing  Execution Time: 0.147377

[0m   [0mAggregate  (cost=12714.08..12714.09 rows=1 width=0)
   ->  Seq Scan on impressions  (cost=0.00..12714.00 rows=31 width=0)
         Filter: (listing_id = 113094)
[0m
  [4;36;1mSQL (145.9ms)[0m   [0;1mSELECT count(*) AS count_all FROM "impressions" WHERE ("impressions".listing_id = 113095) [0m
  [4;35;1mAnalyzing  Execution Time: 0.146132

[0m   [0mAggregate  (cost=12714.08..12714.09 rows=1 width=0)
   ->  Seq Scan on impressions  (cost=0.00..12714.00 rows=31 width=0)
         Filter: (listing_id = 113095)
[0m
  [4;36;1mSQL (145.2ms)[0m   [0;1mSELECT count(*) AS count_all FROM "impressions" WHERE ("impressions".listing_id = 113096) [0m
  [4;35;1mAnalyzing  Execution Time: 0.145434

[0m   [0mAggregate  (cost=12714.08..12714.09 rows=1 width=0)
   ->  Seq Scan on impressions  (cost=0.00..12714.00 rows=31 width=0)
         Filter: (listing_id = 113096)
[0m
  [4;36;1mSQL (8.7ms)[0m   [0;1mSELECT count(*) AS count_all FROM "clicks" WHERE ("clicks".listing_id = 113069) [0m
  [4;35;1mAnalyzing  Execution Time: 0.008964

[0m   [0mAggregate  (cost=814.47..814.48 rows=1 width=0)
   ->  Seq Scan on clicks  (cost=0.00..814.46 rows=2 width=0)
         Filter: (listing_id = 113069)
[0m
  [4;36;1mSQL (10.6ms)[0m   [0;1mSELECT count(*) AS count_all FROM "clicks" WHERE ("clicks".listing_id = 113094) [0m
  [4;35;1mAnalyzing  Execution Time: 0.010835

[0m   [0mAggregate  (cost=814.47..814.48 rows=1 width=0)
   ->  Seq Scan on clicks  (cost=0.00..814.46 rows=2 width=0)
         Filter: (listing_id = 113094)
[0m
  [4;36;1mSQL (9.5ms)[0m   [0;1mSELECT count(*) AS count_all FROM "clicks" WHERE ("clicks".listing_id = 113095) [0m
  [4;35;1mAnalyzing  Execution Time: 0.009714

[0m   [0mAggregate  (cost=814.47..814.48 rows=1 width=0)
   ->  Seq Scan on clicks  (cost=0.00..814.46 rows=2 width=0)
         Filter: (listing_id = 113095)
[0m
  [4;36;1mSQL (8.7ms)[0m   [0;1mSELECT count(*) AS count_all FROM "clicks" WHERE ("clicks".listing_id = 113096) [0m
  [4;35;1mAnalyzing  Execution Time: 0.008966

[0m   [0mAggregate  (cost=814.47..814.48 rows=1 width=0)
   ->  Seq Scan on clicks  (cost=0.00..814.46 rows=2 width=0)
         Filter: (listing_id = 113096)
[0m
  [4;36;1mSQL (4.5ms)[0m   [0;1mSELECT count(*) AS count_all FROM "listings" WHERE ("listings".user_id = 25392) [0m
  [4;35;1mAnalyzing  Execution Time: 0.004767

[0m   [0mAggregate  (cost=1615.81..1615.82 rows=1 width=0)
   ->  Index Scan using index_listings_on_id_and_user_id_and_title on listings  (cost=0.00..1615.79 rows=4 width=0)
         Index Cond: (user_id = 25392)
[0m
  [4;36;1mListing Load (3.3ms)[0m   [0;1mSELECT * FROM "listings" WHERE ("listings".user_id = 25392) [0m
  [4;35;1mAnalyzing Listing Load Execution Time: 0.004454

[0m   [0mIndex Scan using index_listings_on_id_and_user_id_and_title on listings  (cost=0.00..1615.79 rows=4 width=1172)
   Index Cond: (user_id = 25392)
[0m
  [4;36;1mSQL (148.3ms)[0m   [0;1mSELECT count(*) AS count_all FROM "impressions" WHERE ("impressions".listing_id = 113092) [0m
  [4;35;1mAnalyzing  Execution Time: 0.148543

[0m   [0mAggregate  (cost=12714.08..12714.09 rows=1 width=0)
   ->  Seq Scan on impressions  (cost=0.00..12714.00 rows=31 width=0)
         Filter: (listing_id = 113092)
[0m
  [4;36;1mSQL (9.5ms)[0m   [0;1mSELECT count(*) AS count_all FROM "clicks" WHERE ("clicks".listing_id = 113092) [0m
  [4;35;1mAnalyzing  Execution Time: 0.009773

[0m   [0mAggregate  (cost=814.47..814.48 rows=1 width=0)
   ->  Seq Scan on clicks  (cost=0.00..814.46 rows=2 width=0)
         Filter: (listing_id = 113092)
[0m
  [4;36;1mSQL (10.8ms)[0m   [0;1mSELECT count(*) AS count_all FROM "listings" WHERE ("listings".user_id = 25343) [0m
  [4;35;1mAnalyzing  Execution Time: 0.011073

[0m   [0mAggregate  (cost=1615.81..1615.82 rows=1 width=0)
   ->  Index Scan using index_listings_on_id_and_user_id_and_title on listings  (cost=0.00..1615.79 rows=4 width=0)
         Index Cond: (user_id = 25343)
[0m
  [4;36;1mListing Load (3.2ms)[0m   [0;1mSELECT * FROM "listings" WHERE ("listings".user_id = 25343) [0m
  [4;35;1mAnalyzing Listing Load Execution Time: 0.004105

[0m   [0mIndex Scan using index_listings_on_id_and_user_id_and_title on listings  (cost=0.00..1615.79 rows=4 width=1172)
   Index Cond: (user_id = 25343)
[0m
  [4;36;1mSQL (154.5ms)[0m   [0;1mSELECT count(*) AS count_all FROM "impressions" WHERE ("impressions".listing_id = 113062) [0m
  [4;35;1mAnalyzing  Execution Time: 0.154802

[0m   [0mAggregate  (cost=12714.08..12714.09 rows=1 width=0)
   ->  Seq Scan on impressions  (cost=0.00..12714.00 rows=31 width=0)
         Filter: (listing_id = 113062)
[0m
  [4;36;1mSQL (8.7ms)[0m   [0;1mSELECT count(*) AS count_all FROM "clicks" WHERE ("clicks".listing_id = 113062) [0m
  [4;35;1mAnalyzing  Execution Time: 0.008938

[0m   [0mAggregate  (cost=814.47..814.48 rows=1 width=0)
   ->  Seq Scan on clicks  (cost=0.00..814.46 rows=2 width=0)
         Filter: (listing_id = 113062)
[0m
  [4;36;1mSQL (2.4ms)[0m   [0;1mSELECT count(*) AS count_all FROM "listings" WHERE ("listings".user_id = 25305) [0m
  [4;35;1mAnalyzing  Execution Time: 0.002731

[0m   [0mAggregate  (cost=1615.81..1615.82 rows=1 width=0)
   ->  Index Scan using index_listings_on_id_and_user_id_and_title on listings  (cost=0.00..1615.79 rows=4 width=0)
         Index Cond: (user_id = 25305)
[0m
  [4;36;1mListing Load (2.5ms)[0m   [0;1mSELECT * FROM "listings" WHERE ("listings".user_id = 25305) [0m
  [4;35;1mAnalyzing Listing Load Execution Time: 0.003234

[0m   [0mIndex Scan using index_listings_on_id_and_user_id_and_title on listings  (cost=0.00..1615.79 rows=4 width=1172)
   Index Cond: (user_id = 25305)
[0m
  [4;36;1mSQL (202.1ms)[0m   [0;1mSELECT count(*) AS count_all FROM "impressions" WHERE ("impressions".listing_id = 68692) [0m
  [4;35;1mAnalyzing  Execution Time: 0.204585

[0m   [0mAggregate  (cost=12714.08..12714.09 rows=1 width=0)
   ->  Seq Scan on impressions  (cost=0.00..12714.00 rows=31 width=0)
         Filter: (listing_id = 68692)
[0m
  [4;36;1mSQL (12.9ms)[0m   [0;1mSELECT count(*) AS count_all FROM "clicks" WHERE ("clicks".listing_id = 68692) [0m
  [4;35;1mAnalyzing  Execution Time: 0.013227

[0m   [0mAggregate  (cost=814.47..814.48 rows=1 width=0)
   ->  Seq Scan on clicks  (cost=0.00..814.46 rows=2 width=0)
         Filter: (listing_id = 68692)
[0m
  [4;36;1mSQL (2.7ms)[0m   [0;1mSELECT count(*) AS count_all FROM "listings" WHERE ("listings".user_id = 25388) [0m
  [4;35;1mAnalyzing  Execution Time: 0.00297

[0m   [0mAggregate  (cost=1615.81..1615.82 rows=1 width=0)
   ->  Index Scan using index_listings_on_id_and_user_id_and_title on listings  (cost=0.00..1615.79 rows=4 width=0)
         Index Cond: (user_id = 25388)
[0m
  [4;36;1mListing Load (2.4ms)[0m   [0;1mSELECT * FROM "listings" WHERE ("listings".user_id = 25388) [0m
  [4;35;1mAnalyzing Listing Load Execution Time: 0.003256

[0m   [0mIndex Scan using index_listings_on_id_and_user_id_and_title on listings  (cost=0.00..1615.79 rows=4 width=1172)
   Index Cond: (user_id = 25388)
[0m
  [4;36;1mSQL (155.5ms)[0m   [0;1mSELECT count(*) AS count_all FROM "impressions" WHERE ("impressions".listing_id = 81747) [0m
  [4;35;1mAnalyzing  Execution Time: 0.155759

[0m   [0mAggregate  (cost=12714.08..12714.09 rows=1 width=0)
   ->  Seq Scan on impressions  (cost=0.00..12714.00 rows=31 width=0)
         Filter: (listing_id = 81747)
[0m
  [4;36;1mSQL (10.8ms)[0m   [0;1mSELECT count(*) AS count_all FROM "clicks" WHERE ("clicks".listing_id = 81747) [0m
  [4;35;1mAnalyzing  Execution Time: 0.011068

[0m   [0mAggregate  (cost=814.47..814.48 rows=1 width=0)
   ->  Seq Scan on clicks  (cost=0.00..814.46 rows=2 width=0)
         Filter: (listing_id = 81747)
[0m
  [4;36;1mSQL (2.2ms)[0m   [0;1mSELECT count(*) AS count_all FROM "listings" WHERE ("listings".user_id = 25380) [0m
  [4;35;1mAnalyzing  Execution Time: 0.002497

[0m   [0mAggregate  (cost=1615.81..1615.82 rows=1 width=0)
   ->  Index Scan using index_listings_on_id_and_user_id_and_title on listings  (cost=0.00..1615.79 rows=4 width=0)
         Index Cond: (user_id = 25380)
[0m
  [4;36;1mListing Load (2.5ms)[0m   [0;1mSELECT * FROM "listings" WHERE ("listings".user_id = 25380) [0m
  [4;35;1mAnalyzing Listing Load Execution Time: 0.003182

[0m   [0mIndex Scan using index_listings_on_id_and_user_id_and_title on listings  (cost=0.00..1615.79 rows=4 width=1172)
   Index Cond: (user_id = 25380)
[0m
  [4;36;1mSQL (150.5ms)[0m   [0;1mSELECT count(*) AS count_all FROM "impressions" WHERE ("impressions".listing_id = 78818) [0m
  [4;35;1mAnalyzing  Execution Time: 0.150839

[0m   [0mAggregate  (cost=12714.08..12714.09 rows=1 width=0)
   ->  Seq Scan on impressions  (cost=0.00..12714.00 rows=31 width=0)
         Filter: (listing_id = 78818)
[0m
  [4;36;1mSQL (10.5ms)[0m   [0;1mSELECT count(*) AS count_all FROM "clicks" WHERE ("clicks".listing_id = 78818) [0m
  [4;35;1mAnalyzing  Execution Time: 0.010722

[0m   [0mAggregate  (cost=814.47..814.48 rows=1 width=0)
   ->  Seq Scan on clicks  (cost=0.00..814.46 rows=2 width=0)
         Filter: (listing_id = 78818)
[0m
  [4;36;1mSQL (2.3ms)[0m   [0;1mSELECT count(*) AS count_all FROM "listings" WHERE ("listings".user_id = 25378) [0m
  [4;35;1mAnalyzing  Execution Time: 0.002604

[0m   [0mAggregate  (cost=1615.81..1615.82 rows=1 width=0)
   ->  Index Scan using index_listings_on_id_and_user_id_and_title on listings  (cost=0.00..1615.79 rows=4 width=0)
         Index Cond: (user_id = 25378)
[0m
  [4;36;1mListing Load (1.9ms)[0m   [0;1mSELECT * FROM "listings" WHERE ("listings".user_id = 25378) [0m
  [4;35;1mAnalyzing Listing Load Execution Time: 0.002633

[0m   [0mIndex Scan using index_listings_on_id_and_user_id_and_title on listings  (cost=0.00..1615.79 rows=4 width=1172)
   Index Cond: (user_id = 25378)
[0m
  [4;36;1mSQL (155.5ms)[0m   [0;1mSELECT count(*) AS count_all FROM "impressions" WHERE ("impressions".listing_id = 103060) [0m
  [4;35;1mAnalyzing  Execution Time: 0.155793

[0m   [0mAggregate  (cost=12714.08..12714.09 rows=1 width=0)
   ->  Seq Scan on impressions  (cost=0.00..12714.00 rows=31 width=0)
         Filter: (listing_id = 103060)
[0m
  [4;36;1mSQL (8.5ms)[0m   [0;1mSELECT count(*) AS count_all FROM "clicks" WHERE ("clicks".listing_id = 103060) [0m
  [4;35;1mAnalyzing  Execution Time: 0.008752

[0m   [0mAggregate  (cost=814.47..814.48 rows=1 width=0)
   ->  Seq Scan on clicks  (cost=0.00..814.46 rows=2 width=0)
         Filter: (listing_id = 103060)
[0m
  [4;36;1mSQL (2.2ms)[0m   [0;1mSELECT count(*) AS count_all FROM "listings" WHERE ("listings".user_id = 25386) [0m
  [4;35;1mAnalyzing  Execution Time: 0.00249

[0m   [0mAggregate  (cost=1615.81..1615.82 rows=1 width=0)
   ->  Index Scan using index_listings_on_id_and_user_id_and_title on listings  (cost=0.00..1615.79 rows=4 width=0)
         Index Cond: (user_id = 25386)
[0m
  [4;36;1mListing Load (2.7ms)[0m   [0;1mSELECT * FROM "listings" WHERE ("listings".user_id = 25386) [0m
  [4;35;1mAnalyzing Listing Load Execution Time: 0.003422

[0m   [0mIndex Scan using index_listings_on_id_and_user_id_and_title on listings  (cost=0.00..1615.79 rows=4 width=1172)
   Index Cond: (user_id = 25386)
[0m
  [4;36;1mSQL (155.0ms)[0m   [0;1mSELECT count(*) AS count_all FROM "impressions" WHERE ("impressions".listing_id = 113089) [0m
  [4;35;1mAnalyzing  Execution Time: 0.300408

[0m   [0mAggregate  (cost=12714.08..12714.09 rows=1 width=0)
   ->  Seq Scan on impressions  (cost=0.00..12714.00 rows=31 width=0)
         Filter: (listing_id = 113089)
[0m
  [4;36;1mSQL (9.0ms)[0m   [0;1mSELECT count(*) AS count_all FROM "clicks" WHERE ("clicks".listing_id = 113089) [0m
  [4;35;1mAnalyzing  Execution Time: 0.009335

[0m   [0mAggregate  (cost=814.47..814.48 rows=1 width=0)
   ->  Seq Scan on clicks  (cost=0.00..814.46 rows=2 width=0)
         Filter: (listing_id = 113089)
[0m
  [4;36;1mSQL (2.2ms)[0m   [0;1mSELECT count(*) AS count_all FROM "listings" WHERE ("listings".user_id = 25364) [0m
  [4;35;1mAnalyzing  Execution Time: 0.002479

[0m   [0mAggregate  (cost=1615.81..1615.82 rows=1 width=0)
   ->  Index Scan using index_listings_on_id_and_user_id_and_title on listings  (cost=0.00..1615.79 rows=4 width=0)
         Index Cond: (user_id = 25364)
[0m
  [4;36;1mListing Load (2.0ms)[0m   [0;1mSELECT * FROM "listings" WHERE ("listings".user_id = 25364) [0m
  [4;35;1mAnalyzing Listing Load Execution Time: 0.002708

[0m   [0mIndex Scan using index_listings_on_id_and_user_id_and_title on listings  (cost=0.00..1615.79 rows=4 width=1172)
   Index Cond: (user_id = 25364)
[0m
  [4;36;1mSQL (151.4ms)[0m   [0;1mSELECT count(*) AS count_all FROM "impressions" WHERE ("impressions".listing_id = 100606) [0m
  [4;35;1mAnalyzing  Execution Time: 0.151658

[0m   [0mAggregate  (cost=12714.08..12714.09 rows=1 width=0)
   ->  Seq Scan on impressions  (cost=0.00..12714.00 rows=31 width=0)
         Filter: (listing_id = 100606)
[0m
  [4;36;1mSQL (9.1ms)[0m   [0;1mSELECT count(*) AS count_all FROM "clicks" WHERE ("clicks".listing_id = 100606) [0m
  [4;35;1mAnalyzing  Execution Time: 0.009396

[0m   [0mAggregate  (cost=814.47..814.48 rows=1 width=0)
   ->  Seq Scan on clicks  (cost=0.00..814.46 rows=2 width=0)
         Filter: (listing_id = 100606)
[0m
  [4;36;1mSQL (2.1ms)[0m   [0;1mSELECT count(*) AS count_all FROM "listings" WHERE ("listings".user_id = 25366) [0m
  [4;35;1mAnalyzing  Execution Time: 0.002401

[0m   [0mAggregate  (cost=1615.81..1615.82 rows=1 width=0)
   ->  Index Scan using index_listings_on_id_and_user_id_and_title on listings  (cost=0.00..1615.79 rows=4 width=0)
         Index Cond: (user_id = 25366)
[0m
  [4;36;1mListing Load (3.2ms)[0m   [0;1mSELECT * FROM "listings" WHERE ("listings".user_id = 25366) [0m
  [4;35;1mAnalyzing Listing Load Execution Time: 0.005488

[0m   [0mIndex Scan using index_listings_on_id_and_user_id_and_title on listings  (cost=0.00..1615.79 rows=4 width=1172)
   Index Cond: (user_id = 25366)
[0m
  [4;36;1mSQL (153.6ms)[0m   [0;1mSELECT count(*) AS count_all FROM "impressions" WHERE ("impressions".listing_id = 68344) [0m
  [4;35;1mAnalyzing  Execution Time: 0.153889

[0m   [0mAggregate  (cost=12714.08..12714.09 rows=1 width=0)
   ->  Seq Scan on impressions  (cost=0.00..12714.00 rows=31 width=0)
         Filter: (listing_id = 68344)
[0m
  [4;36;1mSQL (154.8ms)[0m   [0;1mSELECT count(*) AS count_all FROM "impressions" WHERE ("impressions".listing_id = 68458) [0m
  [4;35;1mAnalyzing  Execution Time: 0.155025

[0m   [0mAggregate  (cost=12714.08..12714.09 rows=1 width=0)
   ->  Seq Scan on impressions  (cost=0.00..12714.00 rows=31 width=0)
         Filter: (listing_id = 68458)
[0m
  [4;36;1mSQL (162.5ms)[0m   [0;1mSELECT count(*) AS count_all FROM "impressions" WHERE ("impressions".listing_id = 82474) [0m
  [4;35;1mAnalyzing  Execution Time: 0.162808

[0m   [0mAggregate  (cost=12714.08..12714.09 rows=1 width=0)
   ->  Seq Scan on impressions  (cost=0.00..12714.00 rows=31 width=0)
         Filter: (listing_id = 82474)
[0m
  [4;36;1mSQL (151.7ms)[0m   [0;1mSELECT count(*) AS count_all FROM "impressions" WHERE ("impressions".listing_id = 96046) [0m
  [4;35;1mAnalyzing  Execution Time: 0.151979

[0m   [0mAggregate  (cost=12714.08..12714.09 rows=1 width=0)
   ->  Seq Scan on impressions  (cost=0.00..12714.00 rows=31 width=0)
         Filter: (listing_id = 96046)
[0m
  [4;36;1mSQL (9.4ms)[0m   [0;1mSELECT count(*) AS count_all FROM "clicks" WHERE ("clicks".listing_id = 68344) [0m
  [4;35;1mAnalyzing  Execution Time: 0.009688

[0m   [0mAggregate  (cost=814.47..814.48 rows=1 width=0)
   ->  Seq Scan on clicks  (cost=0.00..814.46 rows=2 width=0)
         Filter: (listing_id = 68344)
[0m
  [4;36;1mSQL (8.8ms)[0m   [0;1mSELECT count(*) AS count_all FROM "clicks" WHERE ("clicks".listing_id = 68458) [0m
  [4;35;1mAnalyzing  Execution Time: 0.009026

[0m   [0mAggregate  (cost=814.47..814.48 rows=1 width=0)
   ->  Seq Scan on clicks  (cost=0.00..814.46 rows=2 width=0)
         Filter: (listing_id = 68458)
[0m
  [4;36;1mSQL (8.6ms)[0m   [0;1mSELECT count(*) AS count_all FROM "clicks" WHERE ("clicks".listing_id = 82474) [0m
  [4;35;1mAnalyzing  Execution Time: 0.008903

[0m   [0mAggregate  (cost=814.47..814.48 rows=1 width=0)
   ->  Seq Scan on clicks  (cost=0.00..814.46 rows=2 width=0)
         Filter: (listing_id = 82474)
[0m
  [4;36;1mSQL (9.8ms)[0m   [0;1mSELECT count(*) AS count_all FROM "clicks" WHERE ("clicks".listing_id = 96046) [0m
  [4;35;1mAnalyzing  Execution Time: 0.014679

[0m   [0mAggregate  (cost=814.47..814.48 rows=1 width=0)
   ->  Seq Scan on clicks  (cost=0.00..814.46 rows=2 width=0)
         Filter: (listing_id = 96046)
[0m
  [4;36;1mSQL (2.2ms)[0m   [0;1mSELECT count(*) AS count_all FROM "listings" WHERE ("listings".user_id = 25376) [0m
  [4;35;1mAnalyzing  Execution Time: 0.00249

[0m   [0mAggregate  (cost=1615.81..1615.82 rows=1 width=0)
   ->  Index Scan using index_listings_on_id_and_user_id_and_title on listings  (cost=0.00..1615.79 rows=4 width=0)
         Index Cond: (user_id = 25376)
[0m
  [4;36;1mListing Load (2.1ms)[0m   [0;1mSELECT * FROM "listings" WHERE ("listings".user_id = 25376) [0m
  [4;35;1mAnalyzing Listing Load Execution Time: 0.003936

[0m   [0mIndex Scan using index_listings_on_id_and_user_id_and_title on listings  (cost=0.00..1615.79 rows=4 width=1172)
   Index Cond: (user_id = 25376)
[0m
  [4;36;1mSQL (150.1ms)[0m   [0;1mSELECT count(*) AS count_all FROM "impressions" WHERE ("impressions".listing_id = 68582) [0m
  [4;35;1mAnalyzing  Execution Time: 0.150421

[0m   [0mAggregate  (cost=12714.08..12714.09 rows=1 width=0)
   ->  Seq Scan on impressions  (cost=0.00..12714.00 rows=31 width=0)
         Filter: (listing_id = 68582)
[0m
  [4;36;1mSQL (156.8ms)[0m   [0;1mSELECT count(*) AS count_all FROM "impressions" WHERE ("impressions".listing_id = 83326) [0m
  [4;35;1mAnalyzing  Execution Time: 0.15712

[0m   [0mAggregate  (cost=12714.08..12714.09 rows=1 width=0)
   ->  Seq Scan on impressions  (cost=0.00..12714.00 rows=31 width=0)
         Filter: (listing_id = 83326)
[0m
  [4;36;1mSQL (152.3ms)[0m   [0;1mSELECT count(*) AS count_all FROM "impressions" WHERE ("impressions".listing_id = 83327) [0m
  [4;35;1mAnalyzing  Execution Time: 0.152548

[0m   [0mAggregate  (cost=12714.08..12714.09 rows=1 width=0)
   ->  Seq Scan on impressions  (cost=0.00..12714.00 rows=31 width=0)
         Filter: (listing_id = 83327)
[0m
  [4;36;1mSQL (161.2ms)[0m   [0;1mSELECT count(*) AS count_all FROM "impressions" WHERE ("impressions".listing_id = 83330) [0m
  [4;35;1mAnalyzing  Execution Time: 0.161492

[0m   [0mAggregate  (cost=12714.08..12714.09 rows=1 width=0)
   ->  Seq Scan on impressions  (cost=0.00..12714.00 rows=31 width=0)
         Filter: (listing_id = 83330)
[0m
  [4;36;1mSQL (8.6ms)[0m   [0;1mSELECT count(*) AS count_all FROM "clicks" WHERE ("clicks".listing_id = 68582) [0m
  [4;35;1mAnalyzing  Execution Time: 0.008912

[0m   [0mAggregate  (cost=814.47..814.48 rows=1 width=0)
   ->  Seq Scan on clicks  (cost=0.00..814.46 rows=2 width=0)
         Filter: (listing_id = 68582)
[0m
  [4;36;1mSQL (10.0ms)[0m   [0;1mSELECT count(*) AS count_all FROM "clicks" WHERE ("clicks".listing_id = 83326) [0m
  [4;35;1mAnalyzing  Execution Time: 0.010268

[0m   [0mAggregate  (cost=814.47..814.48 rows=1 width=0)
   ->  Seq Scan on clicks  (cost=0.00..814.46 rows=2 width=0)
         Filter: (listing_id = 83326)
[0m
  [4;36;1mSQL (8.5ms)[0m   [0;1mSELECT count(*) AS count_all FROM "clicks" WHERE ("clicks".listing_id = 83327) [0m
  [4;35;1mAnalyzing  Execution Time: 0.008737

[0m   [0mAggregate  (cost=814.47..814.48 rows=1 width=0)
   ->  Seq Scan on clicks  (cost=0.00..814.46 rows=2 width=0)
         Filter: (listing_id = 83327)
[0m
  [4;36;1mSQL (9.6ms)[0m   [0;1mSELECT count(*) AS count_all FROM "clicks" WHERE ("clicks".listing_id = 83330) [0m
  [4;35;1mAnalyzing  Execution Time: 0.009869

[0m   [0mAggregate  (cost=814.47..814.48 rows=1 width=0)
   ->  Seq Scan on clicks  (cost=0.00..814.46 rows=2 width=0)
         Filter: (listing_id = 83330)
[0m
  [4;36;1mSQL (5.2ms)[0m   [0;1mSELECT count(*) AS count_all FROM "listings" WHERE ("listings".user_id = 25368) [0m
  [4;35;1mAnalyzing  Execution Time: 0.00553

[0m   [0mAggregate  (cost=1615.81..1615.82 rows=1 width=0)
   ->  Index Scan using index_listings_on_id_and_user_id_and_title on listings  (cost=0.00..1615.79 rows=4 width=0)
         Index Cond: (user_id = 25368)
[0m
  [4;36;1mListing Load (2.4ms)[0m   [0;1mSELECT * FROM "listings" WHERE ("listings".user_id = 25368) [0m
  [4;35;1mAnalyzing Listing Load Execution Time: 0.003196

[0m   [0mIndex Scan using index_listings_on_id_and_user_id_and_title on listings  (cost=0.00..1615.79 rows=4 width=1172)
   Index Cond: (user_id = 25368)
[0m
  [4;36;1mSQL (152.9ms)[0m   [0;1mSELECT count(*) AS count_all FROM "impressions" WHERE ("impressions".listing_id = 113080) [0m
  [4;35;1mAnalyzing  Execution Time: 0.153217

[0m   [0mAggregate  (cost=12714.08..12714.09 rows=1 width=0)
   ->  Seq Scan on impressions  (cost=0.00..12714.00 rows=31 width=0)
         Filter: (listing_id = 113080)
[0m
  [4;36;1mSQL (9.8ms)[0m   [0;1mSELECT count(*) AS count_all FROM "clicks" WHERE ("clicks".listing_id = 113080) [0m
  [4;35;1mAnalyzing  Execution Time: 0.010018

[0m   [0mAggregate  (cost=814.47..814.48 rows=1 width=0)
   ->  Seq Scan on clicks  (cost=0.00..814.46 rows=2 width=0)
         Filter: (listing_id = 113080)
[0m
  [4;36;1mSQL (2.2ms)[0m   [0;1mSELECT count(*) AS count_all FROM "listings" WHERE ("listings".user_id = 25373) [0m
  [4;35;1mAnalyzing  Execution Time: 0.002406

[0m   [0mAggregate  (cost=1615.81..1615.82 rows=1 width=0)
   ->  Index Scan using index_listings_on_id_and_user_id_and_title on listings  (cost=0.00..1615.79 rows=4 width=0)
         Index Cond: (user_id = 25373)
[0m
  [4;36;1mListing Load (2.2ms)[0m   [0;1mSELECT * FROM "listings" WHERE ("listings".user_id = 25373) [0m
  [4;35;1mAnalyzing Listing Load Execution Time: 0.002907

[0m   [0mIndex Scan using index_listings_on_id_and_user_id_and_title on listings  (cost=0.00..1615.79 rows=4 width=1172)
   Index Cond: (user_id = 25373)
[0m
  [4;36;1mSQL (157.3ms)[0m   [0;1mSELECT count(*) AS count_all FROM "impressions" WHERE ("impressions".listing_id = 102780) [0m
  [4;35;1mAnalyzing  Execution Time: 0.157576

[0m   [0mAggregate  (cost=12714.08..12714.09 rows=1 width=0)
   ->  Seq Scan on impressions  (cost=0.00..12714.00 rows=31 width=0)
         Filter: (listing_id = 102780)
[0m
  [4;36;1mSQL (8.5ms)[0m   [0;1mSELECT count(*) AS count_all FROM "clicks" WHERE ("clicks".listing_id = 102780) [0m
  [4;35;1mAnalyzing  Execution Time: 0.008716

[0m   [0mAggregate  (cost=814.47..814.48 rows=1 width=0)
   ->  Seq Scan on clicks  (cost=0.00..814.46 rows=2 width=0)
         Filter: (listing_id = 102780)
[0m
  [4;36;1mSQL (2.5ms)[0m   [0;1mSELECT count(*) AS count_all FROM "listings" WHERE ("listings".user_id = 25369) [0m
  [4;35;1mAnalyzing  Execution Time: 0.002779

[0m   [0mAggregate  (cost=1615.81..1615.82 rows=1 width=0)
   ->  Index Scan using index_listings_on_id_and_user_id_and_title on listings  (cost=0.00..1615.79 rows=4 width=0)
         Index Cond: (user_id = 25369)
[0m
  [4;36;1mListing Load (2.8ms)[0m   [0;1mSELECT * FROM "listings" WHERE ("listings".user_id = 25369) [0m
  [4;35;1mAnalyzing Listing Load Execution Time: 0.003646

[0m   [0mIndex Scan using index_listings_on_id_and_user_id_and_title on listings  (cost=0.00..1615.79 rows=4 width=1172)
   Index Cond: (user_id = 25369)
[0m
  [4;36;1mSQL (155.8ms)[0m   [0;1mSELECT count(*) AS count_all FROM "impressions" WHERE ("impressions".listing_id = 113081) [0m
  [4;35;1mAnalyzing  Execution Time: 0.156033

[0m   [0mAggregate  (cost=12714.08..12714.09 rows=1 width=0)
   ->  Seq Scan on impressions  (cost=0.00..12714.00 rows=31 width=0)
         Filter: (listing_id = 113081)
[0m
  [4;36;1mSQL (10.3ms)[0m   [0;1mSELECT count(*) AS count_all FROM "clicks" WHERE ("clicks".listing_id = 113081) [0m
  [4;35;1mAnalyzing  Execution Time: 0.010611

[0m   [0mAggregate  (cost=814.51..814.52 rows=1 width=0)
   ->  Seq Scan on clicks  (cost=0.00..814.46 rows=16 width=0)
         Filter: (listing_id = 113081)
[0m
  [4;36;1mSQL (2.2ms)[0m   [0;1mSELECT count(*) AS count_all FROM "listings" WHERE ("listings".user_id = 25374) [0m
  [4;35;1mAnalyzing  Execution Time: 0.002439

[0m   [0mAggregate  (cost=1615.81..1615.82 rows=1 width=0)
   ->  Index Scan using index_listings_on_id_and_user_id_and_title on listings  (cost=0.00..1615.79 rows=4 width=0)
         Index Cond: (user_id = 25374)
[0m
  [4;36;1mListing Load (2.2ms)[0m   [0;1mSELECT * FROM "listings" WHERE ("listings".user_id = 25374) [0m
  [4;35;1mAnalyzing Listing Load Execution Time: 0.003559

[0m   [0mIndex Scan using index_listings_on_id_and_user_id_and_title on listings  (cost=0.00..1615.79 rows=4 width=1172)
   Index Cond: (user_id = 25374)
[0m
  [4;36;1mSQL (165.3ms)[0m   [0;1mSELECT count(*) AS count_all FROM "impressions" WHERE ("impressions".listing_id = 84464) [0m
  [4;35;1mAnalyzing  Execution Time: 0.165591

[0m   [0mAggregate  (cost=12714.08..12714.09 rows=1 width=0)
   ->  Seq Scan on impressions  (cost=0.00..12714.00 rows=31 width=0)
         Filter: (listing_id = 84464)
[0m
  [4;36;1mSQL (149.5ms)[0m   [0;1mSELECT count(*) AS count_all FROM "impressions" WHERE ("impressions".listing_id = 84465) [0m
  [4;35;1mAnalyzing  Execution Time: 0.149774

[0m   [0mAggregate  (cost=12714.08..12714.09 rows=1 width=0)
   ->  Seq Scan on impressions  (cost=0.00..12714.00 rows=31 width=0)
         Filter: (listing_id = 84465)
[0m
  [4;36;1mSQL (9.0ms)[0m   [0;1mSELECT count(*) AS count_all FROM "clicks" WHERE ("clicks".listing_id = 84464) [0m
  [4;35;1mAnalyzing  Execution Time: 0.009249

[0m   [0mAggregate  (cost=814.47..814.48 rows=1 width=0)
   ->  Seq Scan on clicks  (cost=0.00..814.46 rows=2 width=0)
         Filter: (listing_id = 84464)
[0m
  [4;36;1mSQL (8.4ms)[0m   [0;1mSELECT count(*) AS count_all FROM "clicks" WHERE ("clicks".listing_id = 84465) [0m
  [4;35;1mAnalyzing  Execution Time: 0.008656

[0m   [0mAggregate  (cost=814.47..814.48 rows=1 width=0)
   ->  Seq Scan on clicks  (cost=0.00..814.46 rows=2 width=0)
         Filter: (listing_id = 84465)
[0m
  [4;36;1mSQL (2.0ms)[0m   [0;1mSELECT count(*) AS count_all FROM "listings" WHERE ("listings".user_id = 25372) [0m
  [4;35;1mAnalyzing  Execution Time: 0.002272

[0m   [0mAggregate  (cost=1615.81..1615.82 rows=1 width=0)
   ->  Index Scan using index_listings_on_id_and_user_id_and_title on listings  (cost=0.00..1615.79 rows=4 width=0)
         Index Cond: (user_id = 25372)
[0m
  [4;36;1mListing Load (4.2ms)[0m   [0;1mSELECT * FROM "listings" WHERE ("listings".user_id = 25372) [0m
  [4;35;1mAnalyzing Listing Load Execution Time: 0.004931

[0m   [0mIndex Scan using index_listings_on_id_and_user_id_and_title on listings  (cost=0.00..1615.79 rows=4 width=1172)
   Index Cond: (user_id = 25372)
[0m
  [4;36;1mSQL (148.3ms)[0m   [0;1mSELECT count(*) AS count_all FROM "impressions" WHERE ("impressions".listing_id = 113083) [0m
  [4;35;1mAnalyzing  Execution Time: 0.148525

[0m   [0mAggregate  (cost=12714.08..12714.09 rows=1 width=0)
   ->  Seq Scan on impressions  (cost=0.00..12714.00 rows=31 width=0)
         Filter: (listing_id = 113083)
[0m
  [4;36;1mSQL (8.7ms)[0m   [0;1mSELECT count(*) AS count_all FROM "clicks" WHERE ("clicks".listing_id = 113083) [0m
  [4;35;1mAnalyzing  Execution Time: 0.010271

[0m   [0mAggregate  (cost=814.47..814.48 rows=1 width=0)
   ->  Seq Scan on clicks  (cost=0.00..814.46 rows=2 width=0)
         Filter: (listing_id = 113083)
[0m
  [4;36;1mSQL (3.5ms)[0m   [0;1mSELECT count(*) AS count_all FROM "listings" WHERE ("listings".user_id = 25367) [0m
  [4;35;1mAnalyzing  Execution Time: 0.004236

[0m   [0mAggregate  (cost=1615.81..1615.82 rows=1 width=0)
   ->  Index Scan using index_listings_on_id_and_user_id_and_title on listings  (cost=0.00..1615.79 rows=4 width=0)
         Index Cond: (user_id = 25367)
[0m
  [4;36;1mListing Load (2.1ms)[0m   [0;1mSELECT * FROM "listings" WHERE ("listings".user_id = 25367) [0m
  [4;35;1mAnalyzing Listing Load Execution Time: 0.003519

[0m   [0mIndex Scan using index_listings_on_id_and_user_id_and_title on listings  (cost=0.00..1615.79 rows=4 width=1172)
   Index Cond: (user_id = 25367)
[0m
  [4;36;1mSQL (150.7ms)[0m   [0;1mSELECT count(*) AS count_all FROM "impressions" WHERE ("impressions".listing_id = 112700) [0m
  [4;35;1mAnalyzing  Execution Time: 0.150971

[0m   [0mAggregate  (cost=12714.08..12714.09 rows=1 width=0)
   ->  Seq Scan on impressions  (cost=0.00..12714.00 rows=31 width=0)
         Filter: (listing_id = 112700)
[0m
  [4;36;1mSQL (156.2ms)[0m   [0;1mSELECT count(*) AS count_all FROM "impressions" WHERE ("impressions".listing_id = 113079) [0m
  [4;35;1mAnalyzing  Execution Time: 0.15648

[0m   [0mAggregate  (cost=12714.08..12714.09 rows=1 width=0)
   ->  Seq Scan on impressions  (cost=0.00..12714.00 rows=31 width=0)
         Filter: (listing_id = 113079)
[0m
  [4;36;1mSQL (177.5ms)[0m   [0;1mSELECT count(*) AS count_all FROM "impressions" WHERE ("impressions".listing_id = 113085) [0m
  [4;35;1mAnalyzing  Execution Time: 0.177804

[0m   [0mAggregate  (cost=12714.08..12714.09 rows=1 width=0)
   ->  Seq Scan on impressions  (cost=0.00..12714.00 rows=31 width=0)
         Filter: (listing_id = 113085)
[0m
  [4;36;1mSQL (9.8ms)[0m   [0;1mSELECT count(*) AS count_all FROM "clicks" WHERE ("clicks".listing_id = 112700) [0m
  [4;35;1mAnalyzing  Execution Time: 0.010028

[0m   [0mAggregate  (cost=814.47..814.48 rows=1 width=0)
   ->  Seq Scan on clicks  (cost=0.00..814.46 rows=2 width=0)
         Filter: (listing_id = 112700)
[0m
  [4;36;1mSQL (8.4ms)[0m   [0;1mSELECT count(*) AS count_all FROM "clicks" WHERE ("clicks".listing_id = 113079) [0m
  [4;35;1mAnalyzing  Execution Time: 0.008692

[0m   [0mAggregate  (cost=814.47..814.48 rows=1 width=0)
   ->  Seq Scan on clicks  (cost=0.00..814.46 rows=2 width=0)
         Filter: (listing_id = 113079)
[0m
  [4;36;1mSQL (10.2ms)[0m   [0;1mSELECT count(*) AS count_all FROM "clicks" WHERE ("clicks".listing_id = 113085) [0m
  [4;35;1mAnalyzing  Execution Time: 0.010456

[0m   [0mAggregate  (cost=814.47..814.48 rows=1 width=0)
   ->  Seq Scan on clicks  (cost=0.00..814.46 rows=2 width=0)
         Filter: (listing_id = 113085)
[0m
  [4;36;1mSQL (2.6ms)[0m   [0;1mSELECT count(*) AS count_all FROM "listings" WHERE ("listings".user_id = 25363) [0m
  [4;35;1mAnalyzing  Execution Time: 0.002963

[0m   [0mAggregate  (cost=1615.81..1615.82 rows=1 width=0)
   ->  Index Scan using index_listings_on_id_and_user_id_and_title on listings  (cost=0.00..1615.79 rows=4 width=0)
         Index Cond: (user_id = 25363)
[0m
  [4;36;1mListing Load (2.2ms)[0m   [0;1mSELECT * FROM "listings" WHERE ("listings".user_id = 25363) [0m
  [4;35;1mAnalyzing Listing Load Execution Time: 0.003763

[0m   [0mIndex Scan using index_listings_on_id_and_user_id_and_title on listings  (cost=0.00..1615.79 rows=4 width=1172)
   Index Cond: (user_id = 25363)
[0m
  [4;36;1mSQL (163.1ms)[0m   [0;1mSELECT count(*) AS count_all FROM "impressions" WHERE ("impressions".listing_id = 70319) [0m
  [4;35;1mAnalyzing  Execution Time: 0.163356

[0m   [0mAggregate  (cost=12714.08..12714.09 rows=1 width=0)
   ->  Seq Scan on impressions  (cost=0.00..12714.00 rows=31 width=0)
         Filter: (listing_id = 70319)
[0m
  [4;36;1mSQL (173.5ms)[0m   [0;1mSELECT count(*) AS count_all FROM "impressions" WHERE ("impressions".listing_id = 70320) [0m
  [4;35;1mAnalyzing  Execution Time: 0.173708

[0m   [0mAggregate  (cost=12714.08..12714.09 rows=1 width=0)
   ->  Seq Scan on impressions  (cost=0.00..12714.00 rows=31 width=0)
         Filter: (listing_id = 70320)
[0m
  [4;36;1mSQL (165.6ms)[0m   [0;1mSELECT count(*) AS count_all FROM "impressions" WHERE ("impressions".listing_id = 86802) [0m
  [4;35;1mAnalyzing  Execution Time: 0.16586

[0m   [0mAggregate  (cost=12714.08..12714.09 rows=1 width=0)
   ->  Seq Scan on impressions  (cost=0.00..12714.00 rows=31 width=0)
         Filter: (listing_id = 86802)
[0m
  [4;36;1mSQL (9.5ms)[0m   [0;1mSELECT count(*) AS count_all FROM "clicks" WHERE ("clicks".listing_id = 70319) [0m
  [4;35;1mAnalyzing  Execution Time: 0.009816

[0m   [0mAggregate  (cost=814.47..814.48 rows=1 width=0)
   ->  Seq Scan on clicks  (cost=0.00..814.46 rows=2 width=0)
         Filter: (listing_id = 70319)
[0m
  [4;36;1mSQL (9.6ms)[0m   [0;1mSELECT count(*) AS count_all FROM "clicks" WHERE ("clicks".listing_id = 70320) [0m
  [4;35;1mAnalyzing  Execution Time: 0.00987

[0m   [0mAggregate  (cost=814.47..814.48 rows=1 width=0)
   ->  Seq Scan on clicks  (cost=0.00..814.46 rows=2 width=0)
         Filter: (listing_id = 70320)
[0m
  [4;36;1mSQL (8.9ms)[0m   [0;1mSELECT count(*) AS count_all FROM "clicks" WHERE ("clicks".listing_id = 86802) [0m
  [4;35;1mAnalyzing  Execution Time: 0.009178

[0m   [0mAggregate  (cost=814.47..814.48 rows=1 width=0)
   ->  Seq Scan on clicks  (cost=0.00..814.46 rows=2 width=0)
         Filter: (listing_id = 86802)
[0m
  [4;36;1mSQL (2.2ms)[0m   [0;1mSELECT count(*) AS count_all FROM "listings" WHERE ("listings".user_id = 25335) [0m
  [4;35;1mAnalyzing  Execution Time: 0.002451

[0m   [0mAggregate  (cost=1615.81..1615.82 rows=1 width=0)
   ->  Index Scan using index_listings_on_id_and_user_id_and_title on listings  (cost=0.00..1615.79 rows=4 width=0)
         Index Cond: (user_id = 25335)
[0m
  [4;36;1mListing Load (2.7ms)[0m   [0;1mSELECT * FROM "listings" WHERE ("listings".user_id = 25335) [0m
  [4;35;1mAnalyzing Listing Load Execution Time: 0.004121

[0m   [0mIndex Scan using index_listings_on_id_and_user_id_and_title on listings  (cost=0.00..1615.79 rows=4 width=1172)
   Index Cond: (user_id = 25335)
[0m
  [4;36;1mSQL (160.3ms)[0m   [0;1mSELECT count(*) AS count_all FROM "impressions" WHERE ("impressions".listing_id = 68684) [0m
  [4;35;1mAnalyzing  Execution Time: 0.160597

[0m   [0mAggregate  (cost=12714.08..12714.09 rows=1 width=0)
   ->  Seq Scan on impressions  (cost=0.00..12714.00 rows=31 width=0)
         Filter: (listing_id = 68684)
[0m
  [4;36;1mSQL (163.7ms)[0m   [0;1mSELECT count(*) AS count_all FROM "impressions" WHERE ("impressions".listing_id = 68685) [0m
  [4;35;1mAnalyzing  Execution Time: 0.164031

[0m   [0mAggregate  (cost=12714.08..12714.09 rows=1 width=0)
   ->  Seq Scan on impressions  (cost=0.00..12714.00 rows=31 width=0)
         Filter: (listing_id = 68685)
[0m
  [4;36;1mSQL (158.1ms)[0m   [0;1mSELECT count(*) AS count_all FROM "impressions" WHERE ("impressions".listing_id = 84219) [0m
  [4;35;1mAnalyzing  Execution Time: 0.158369

[0m   [0mAggregate  (cost=12714.08..12714.09 rows=1 width=0)
   ->  Seq Scan on impressions  (cost=0.00..12714.00 rows=31 width=0)
         Filter: (listing_id = 84219)
[0m
  [4;36;1mSQL (12.7ms)[0m   [0;1mSELECT count(*) AS count_all FROM "clicks" WHERE ("clicks".listing_id = 68684) [0m
  [4;35;1mAnalyzing  Execution Time: 0.012996

[0m   [0mAggregate  (cost=814.47..814.48 rows=1 width=0)
   ->  Seq Scan on clicks  (cost=0.00..814.46 rows=2 width=0)
         Filter: (listing_id = 68684)
[0m
  [4;36;1mSQL (8.5ms)[0m   [0;1mSELECT count(*) AS count_all FROM "clicks" WHERE ("clicks".listing_id = 68685) [0m
  [4;35;1mAnalyzing  Execution Time: 0.009038

[0m   [0mAggregate  (cost=814.47..814.48 rows=1 width=0)
   ->  Seq Scan on clicks  (cost=0.00..814.46 rows=2 width=0)
         Filter: (listing_id = 68685)
[0m
  [4;36;1mSQL (9.0ms)[0m   [0;1mSELECT count(*) AS count_all FROM "clicks" WHERE ("clicks".listing_id = 84219) [0m
  [4;35;1mAnalyzing  Execution Time: 0.009318

[0m   [0mAggregate  (cost=814.47..814.48 rows=1 width=0)
   ->  Seq Scan on clicks  (cost=0.00..814.46 rows=2 width=0)
         Filter: (listing_id = 84219)
[0m
  [4;36;1mSQL (2.2ms)[0m   [0;1mSELECT count(*) AS count_all FROM "listings" WHERE ("listings".user_id = 25355) [0m
  [4;35;1mAnalyzing  Execution Time: 0.002692

[0m   [0mAggregate  (cost=1615.81..1615.82 rows=1 width=0)
   ->  Index Scan using index_listings_on_id_and_user_id_and_title on listings  (cost=0.00..1615.79 rows=4 width=0)
         Index Cond: (user_id = 25355)
[0m
  [4;36;1mListing Load (7.4ms)[0m   [0;1mSELECT * FROM "listings" WHERE ("listings".user_id = 25355) [0m
  [4;35;1mAnalyzing Listing Load Execution Time: 0.008153

[0m   [0mIndex Scan using index_listings_on_id_and_user_id_and_title on listings  (cost=0.00..1615.79 rows=4 width=1172)
   Index Cond: (user_id = 25355)
[0m
  [4;36;1mSQL (155.7ms)[0m   [0;1mSELECT count(*) AS count_all FROM "impressions" WHERE ("impressions".listing_id = 73416) [0m
  [4;35;1mAnalyzing  Execution Time: 0.156036

[0m   [0mAggregate  (cost=12714.08..12714.09 rows=1 width=0)
   ->  Seq Scan on impressions  (cost=0.00..12714.00 rows=31 width=0)
         Filter: (listing_id = 73416)
[0m
  [4;36;1mSQL (9.3ms)[0m   [0;1mSELECT count(*) AS count_all FROM "clicks" WHERE ("clicks".listing_id = 73416) [0m
  [4;35;1mAnalyzing  Execution Time: 0.009534

[0m   [0mAggregate  (cost=814.47..814.48 rows=1 width=0)
   ->  Seq Scan on clicks  (cost=0.00..814.46 rows=2 width=0)
         Filter: (listing_id = 73416)
[0m
  [4;36;1mSQL (2.1ms)[0m   [0;1mSELECT count(*) AS count_all FROM "listings" WHERE ("listings".user_id = 25357) [0m
  [4;35;1mAnalyzing  Execution Time: 0.002348

[0m   [0mAggregate  (cost=1615.81..1615.82 rows=1 width=0)
   ->  Index Scan using index_listings_on_id_and_user_id_and_title on listings  (cost=0.00..1615.79 rows=4 width=0)
         Index Cond: (user_id = 25357)
[0m
  [4;36;1mListing Load (2.0ms)[0m   [0;1mSELECT * FROM "listings" WHERE ("listings".user_id = 25357) [0m
  [4;35;1mAnalyzing Listing Load Execution Time: 0.002707

[0m   [0mIndex Scan using index_listings_on_id_and_user_id_and_title on listings  (cost=0.00..1615.79 rows=4 width=1172)
   Index Cond: (user_id = 25357)
[0m
  [4;36;1mSQL (161.9ms)[0m   [0;1mSELECT count(*) AS count_all FROM "impressions" WHERE ("impressions".listing_id = 113075) [0m
  [4;35;1mAnalyzing  Execution Time: 0.162148

[0m   [0mAggregate  (cost=12714.08..12714.09 rows=1 width=0)
   ->  Seq Scan on impressions  (cost=0.00..12714.00 rows=31 width=0)
         Filter: (listing_id = 113075)
[0m
  [4;36;1mSQL (9.0ms)[0m   [0;1mSELECT count(*) AS count_all FROM "clicks" WHERE ("clicks".listing_id = 113075) [0m
  [4;35;1mAnalyzing  Execution Time: 0.009304

[0m   [0mAggregate  (cost=814.47..814.48 rows=1 width=0)
   ->  Seq Scan on clicks  (cost=0.00..814.46 rows=2 width=0)
         Filter: (listing_id = 113075)
[0m
  [4;36;1mSQL (2.3ms)[0m   [0;1mSELECT count(*) AS count_all FROM "listings" WHERE ("listings".user_id = 25362) [0m
  [4;35;1mAnalyzing  Execution Time: 0.002585

[0m   [0mAggregate  (cost=1615.81..1615.82 rows=1 width=0)
   ->  Index Scan using index_listings_on_id_and_user_id_and_title on listings  (cost=0.00..1615.79 rows=4 width=0)
         Index Cond: (user_id = 25362)
[0m
  [4;36;1mListing Load (2.3ms)[0m   [0;1mSELECT * FROM "listings" WHERE ("listings".user_id = 25362) [0m
  [4;35;1mAnalyzing Listing Load Execution Time: 0.003843

[0m   [0mIndex Scan using index_listings_on_id_and_user_id_and_title on listings  (cost=0.00..1615.79 rows=4 width=1172)
   Index Cond: (user_id = 25362)
[0m
  [4;36;1mSQL (163.3ms)[0m   [0;1mSELECT count(*) AS count_all FROM "impressions" WHERE ("impressions".listing_id = 70191) [0m
  [4;35;1mAnalyzing  Execution Time: 0.163583

[0m   [0mAggregate  (cost=12727.55..12727.56 rows=1 width=0)
   ->  Seq Scan on impressions  (cost=0.00..12714.00 rows=5417 width=0)
         Filter: (listing_id = 70191)
[0m
  [4;36;1mSQL (154.4ms)[0m   [0;1mSELECT count(*) AS count_all FROM "impressions" WHERE ("impressions".listing_id = 72786) [0m
  [4;35;1mAnalyzing  Execution Time: 0.154636

[0m   [0mAggregate  (cost=12714.08..12714.09 rows=1 width=0)
   ->  Seq Scan on impressions  (cost=0.00..12714.00 rows=31 width=0)
         Filter: (listing_id = 72786)
[0m
  [4;36;1mSQL (148.1ms)[0m   [0;1mSELECT count(*) AS count_all FROM "impressions" WHERE ("impressions".listing_id = 76632) [0m
  [4;35;1mAnalyzing  Execution Time: 0.14835

[0m   [0mAggregate  (cost=12714.08..12714.09 rows=1 width=0)
   ->  Seq Scan on impressions  (cost=0.00..12714.00 rows=31 width=0)
         Filter: (listing_id = 76632)
[0m
  [4;36;1mSQL (8.3ms)[0m   [0;1mSELECT count(*) AS count_all FROM "clicks" WHERE ("clicks".listing_id = 70191) [0m
  [4;35;1mAnalyzing  Execution Time: 0.008588

[0m   [0mAggregate  (cost=814.49..814.50 rows=1 width=0)
   ->  Seq Scan on clicks  (cost=0.00..814.46 rows=10 width=0)
         Filter: (listing_id = 70191)
[0m
  [4;36;1mSQL (12.1ms)[0m   [0;1mSELECT count(*) AS count_all FROM "clicks" WHERE ("clicks".listing_id = 72786) [0m
  [4;35;1mAnalyzing  Execution Time: 0.012331

[0m   [0mAggregate  (cost=814.47..814.48 rows=1 width=0)
   ->  Seq Scan on clicks  (cost=0.00..814.46 rows=2 width=0)
         Filter: (listing_id = 72786)
[0m
  [4;36;1mSQL (8.5ms)[0m   [0;1mSELECT count(*) AS count_all FROM "clicks" WHERE ("clicks".listing_id = 76632) [0m
  [4;35;1mAnalyzing  Execution Time: 0.008765

[0m   [0mAggregate  (cost=814.47..814.48 rows=1 width=0)
   ->  Seq Scan on clicks  (cost=0.00..814.46 rows=2 width=0)
         Filter: (listing_id = 76632)
[0m
  [4;36;1mSQL (2.1ms)[0m   [0;1mSELECT count(*) AS count_all FROM "listings" WHERE ("listings".user_id = 25360) [0m
  [4;35;1mAnalyzing  Execution Time: 0.002308

[0m   [0mAggregate  (cost=1615.81..1615.82 rows=1 width=0)
   ->  Index Scan using index_listings_on_id_and_user_id_and_title on listings  (cost=0.00..1615.79 rows=4 width=0)
         Index Cond: (user_id = 25360)
[0m
  [4;36;1mListing Load (2.0ms)[0m   [0;1mSELECT * FROM "listings" WHERE ("listings".user_id = 25360) [0m
  [4;35;1mAnalyzing Listing Load Execution Time: 0.002731

[0m   [0mIndex Scan using index_listings_on_id_and_user_id_and_title on listings  (cost=0.00..1615.79 rows=4 width=1172)
   Index Cond: (user_id = 25360)
[0m
  [4;36;1mSQL (156.8ms)[0m   [0;1mSELECT count(*) AS count_all FROM "impressions" WHERE ("impressions".listing_id = 113077) [0m
  [4;35;1mAnalyzing  Execution Time: 0.157025

[0m   [0mAggregate  (cost=12714.08..12714.09 rows=1 width=0)
   ->  Seq Scan on impressions  (cost=0.00..12714.00 rows=31 width=0)
         Filter: (listing_id = 113077)
[0m
  [4;36;1mSQL (9.4ms)[0m   [0;1mSELECT count(*) AS count_all FROM "clicks" WHERE ("clicks".listing_id = 113077) [0m
  [4;35;1mAnalyzing  Execution Time: 0.010091

[0m   [0mAggregate  (cost=814.47..814.48 rows=1 width=0)
   ->  Seq Scan on clicks  (cost=0.00..814.46 rows=2 width=0)
         Filter: (listing_id = 113077)
[0m
  [4;36;1mSQL (2.5ms)[0m   [0;1mSELECT count(*) AS count_all FROM "listings" WHERE ("listings".user_id = 25359) [0m
  [4;35;1mAnalyzing  Execution Time: 0.00284

[0m   [0mAggregate  (cost=1615.81..1615.82 rows=1 width=0)
   ->  Index Scan using index_listings_on_id_and_user_id_and_title on listings  (cost=0.00..1615.79 rows=4 width=0)
         Index Cond: (user_id = 25359)
[0m
  [4;36;1mListing Load (2.3ms)[0m   [0;1mSELECT * FROM "listings" WHERE ("listings".user_id = 25359) [0m
  [4;35;1mAnalyzing Listing Load Execution Time: 0.003123

[0m   [0mIndex Scan using index_listings_on_id_and_user_id_and_title on listings  (cost=0.00..1615.79 rows=4 width=1172)
   Index Cond: (user_id = 25359)
[0m
  [4;36;1mSQL (148.3ms)[0m   [0;1mSELECT count(*) AS count_all FROM "impressions" WHERE ("impressions".listing_id = 78413) [0m
  [4;35;1mAnalyzing  Execution Time: 0.148508

[0m   [0mAggregate  (cost=12714.08..12714.09 rows=1 width=0)
   ->  Seq Scan on impressions  (cost=0.00..12714.00 rows=31 width=0)
         Filter: (listing_id = 78413)
[0m
  [4;36;1mSQL (11.3ms)[0m   [0;1mSELECT count(*) AS count_all FROM "clicks" WHERE ("clicks".listing_id = 78413) [0m
  [4;35;1mAnalyzing  Execution Time: 0.011526

[0m   [0mAggregate  (cost=814.47..814.48 rows=1 width=0)
   ->  Seq Scan on clicks  (cost=0.00..814.46 rows=2 width=0)
         Filter: (listing_id = 78413)
[0m
  [4;36;1mSQL (2.2ms)[0m   [0;1mSELECT count(*) AS count_all FROM "listings" WHERE ("listings".user_id = 25350) [0m
  [4;35;1mAnalyzing  Execution Time: 0.002461

[0m   [0mAggregate  (cost=1615.81..1615.82 rows=1 width=0)
   ->  Index Scan using index_listings_on_id_and_user_id_and_title on listings  (cost=0.00..1615.79 rows=4 width=0)
         Index Cond: (user_id = 25350)
[0m
  [4;36;1mListing Load (2.2ms)[0m   [0;1mSELECT * FROM "listings" WHERE ("listings".user_id = 25350) [0m
  [4;35;1mAnalyzing Listing Load Execution Time: 0.002904

[0m   [0mIndex Scan using index_listings_on_id_and_user_id_and_title on listings  (cost=0.00..1615.79 rows=4 width=1172)
   Index Cond: (user_id = 25350)
[0m
  [4;36;1mSQL (151.1ms)[0m   [0;1mSELECT count(*) AS count_all FROM "impressions" WHERE ("impressions".listing_id = 113070) [0m
  [4;35;1mAnalyzing  Execution Time: 0.151333

[0m   [0mAggregate  (cost=12714.08..12714.09 rows=1 width=0)
   ->  Seq Scan on impressions  (cost=0.00..12714.00 rows=31 width=0)
         Filter: (listing_id = 113070)
[0m
  [4;36;1mSQL (10.1ms)[0m   [0;1mSELECT count(*) AS count_all FROM "clicks" WHERE ("clicks".listing_id = 113070) [0m
  [4;35;1mAnalyzing  Execution Time: 0.010309

[0m   [0mAggregate  (cost=814.47..814.48 rows=1 width=0)
   ->  Seq Scan on clicks  (cost=0.00..814.46 rows=2 width=0)
         Filter: (listing_id = 113070)
[0m
  [4;36;1mSQL (2.0ms)[0m   [0;1mSELECT count(*) AS count_all FROM "listings" WHERE ("listings".user_id = 25302) [0m
  [4;35;1mAnalyzing  Execution Time: 0.002263

[0m   [0mAggregate  (cost=1615.81..1615.82 rows=1 width=0)
   ->  Index Scan using index_listings_on_id_and_user_id_and_title on listings  (cost=0.00..1615.79 rows=4 width=0)
         Index Cond: (user_id = 25302)
[0m
  [4;36;1mListing Load (2.0ms)[0m   [0;1mSELECT * FROM "listings" WHERE ("listings".user_id = 25302) [0m
  [4;35;1mAnalyzing Listing Load Execution Time: 0.002646

[0m   [0mIndex Scan using index_listings_on_id_and_user_id_and_title on listings  (cost=0.00..1615.79 rows=4 width=1172)
   Index Cond: (user_id = 25302)
[0m
  [4;36;1mSQL (150.7ms)[0m   [0;1mSELECT count(*) AS count_all FROM "impressions" WHERE ("impressions".listing_id = 83308) [0m
  [4;35;1mAnalyzing  Execution Time: 0.151019

[0m   [0mAggregate  (cost=12714.08..12714.09 rows=1 width=0)
   ->  Seq Scan on impressions  (cost=0.00..12714.00 rows=31 width=0)
         Filter: (listing_id = 83308)
[0m
  [4;36;1mSQL (8.7ms)[0m   [0;1mSELECT count(*) AS count_all FROM "clicks" WHERE ("clicks".listing_id = 83308) [0m
  [4;35;1mAnalyzing  Execution Time: 0.008923

[0m   [0mAggregate  (cost=814.47..814.48 rows=1 width=0)
   ->  Seq Scan on clicks  (cost=0.00..814.46 rows=2 width=0)
         Filter: (listing_id = 83308)
[0m
  [4;36;1mSQL (2.0ms)[0m   [0;1mSELECT count(*) AS count_all FROM "listings" WHERE ("listings".user_id = 25303) [0m
  [4;35;1mAnalyzing  Execution Time: 0.002253

[0m   [0mAggregate  (cost=1615.81..1615.82 rows=1 width=0)
   ->  Index Scan using index_listings_on_id_and_user_id_and_title on listings  (cost=0.00..1615.79 rows=4 width=0)
         Index Cond: (user_id = 25303)
[0m
  [4;36;1mListing Load (2.3ms)[0m   [0;1mSELECT * FROM "listings" WHERE ("listings".user_id = 25303) [0m
  [4;35;1mAnalyzing Listing Load Execution Time: 0.003125

[0m   [0mIndex Scan using index_listings_on_id_and_user_id_and_title on listings  (cost=0.00..1615.79 rows=4 width=1172)
   Index Cond: (user_id = 25303)
[0m
  [4;36;1mSQL (157.7ms)[0m   [0;1mSELECT count(*) AS count_all FROM "impressions" WHERE ("impressions".listing_id = 113042) [0m
  [4;35;1mAnalyzing  Execution Time: 0.158025

[0m   [0mAggregate  (cost=12714.08..12714.09 rows=1 width=0)
   ->  Seq Scan on impressions  (cost=0.00..12714.00 rows=31 width=0)
         Filter: (listing_id = 113042)
[0m
  [4;36;1mSQL (8.7ms)[0m   [0;1mSELECT count(*) AS count_all FROM "clicks" WHERE ("clicks".listing_id = 113042) [0m
  [4;35;1mAnalyzing  Execution Time: 0.008999

[0m   [0mAggregate  (cost=814.47..814.48 rows=1 width=0)
   ->  Seq Scan on clicks  (cost=0.00..814.46 rows=2 width=0)
         Filter: (listing_id = 113042)
[0m
  [4;36;1mSQL (2.5ms)[0m   [0;1mSELECT count(*) AS count_all FROM "listings" WHERE ("listings".user_id = 25297) [0m
  [4;35;1mAnalyzing  Execution Time: 0.002766

[0m   [0mAggregate  (cost=1615.81..1615.82 rows=1 width=0)
   ->  Index Scan using index_listings_on_id_and_user_id_and_title on listings  (cost=0.00..1615.79 rows=4 width=0)
         Index Cond: (user_id = 25297)
[0m
  [4;36;1mListing Load (2.2ms)[0m   [0;1mSELECT * FROM "listings" WHERE ("listings".user_id = 25297) [0m
  [4;35;1mAnalyzing Listing Load Execution Time: 0.003204

[0m   [0mIndex Scan using index_listings_on_id_and_user_id_and_title on listings  (cost=0.00..1615.79 rows=4 width=1172)
   Index Cond: (user_id = 25297)
[0m
  [4;36;1mSQL (142.9ms)[0m   [0;1mSELECT count(*) AS count_all FROM "impressions" WHERE ("impressions".listing_id = 82633) [0m
  [4;35;1mAnalyzing  Execution Time: 0.143163

[0m   [0mAggregate  (cost=12714.08..12714.09 rows=1 width=0)
   ->  Seq Scan on impressions  (cost=0.00..12714.00 rows=31 width=0)
         Filter: (listing_id = 82633)
[0m
  [4;36;1mSQL (9.3ms)[0m   [0;1mSELECT count(*) AS count_all FROM "clicks" WHERE ("clicks".listing_id = 82633) [0m
  [4;35;1mAnalyzing  Execution Time: 0.00957

[0m   [0mAggregate  (cost=814.47..814.48 rows=1 width=0)
   ->  Seq Scan on clicks  (cost=0.00..814.46 rows=2 width=0)
         Filter: (listing_id = 82633)
[0m
  [4;36;1mSQL (2.2ms)[0m   [0;1mSELECT count(*) AS count_all FROM "listings" WHERE ("listings".user_id = 25294) [0m
  [4;35;1mAnalyzing  Execution Time: 0.002462

[0m   [0mAggregate  (cost=1615.81..1615.82 rows=1 width=0)
   ->  Index Scan using index_listings_on_id_and_user_id_and_title on listings  (cost=0.00..1615.79 rows=4 width=0)
         Index Cond: (user_id = 25294)
[0m
  [4;36;1mListing Load (2.3ms)[0m   [0;1mSELECT * FROM "listings" WHERE ("listings".user_id = 25294) [0m
  [4;35;1mAnalyzing Listing Load Execution Time: 0.002976

[0m   [0mIndex Scan using index_listings_on_id_and_user_id_and_title on listings  (cost=0.00..1615.79 rows=4 width=1172)
   Index Cond: (user_id = 25294)
[0m
  [4;36;1mSQL (153.6ms)[0m   [0;1mSELECT count(*) AS count_all FROM "impressions" WHERE ("impressions".listing_id = 113039) [0m
  [4;35;1mAnalyzing  Execution Time: 0.153861

[0m   [0mAggregate  (cost=12714.08..12714.09 rows=1 width=0)
   ->  Seq Scan on impressions  (cost=0.00..12714.00 rows=31 width=0)
         Filter: (listing_id = 113039)
[0m
  [4;36;1mSQL (8.6ms)[0m   [0;1mSELECT count(*) AS count_all FROM "clicks" WHERE ("clicks".listing_id = 113039) [0m
  [4;35;1mAnalyzing  Execution Time: 0.00896

[0m   [0mAggregate  (cost=814.47..814.48 rows=1 width=0)
   ->  Seq Scan on clicks  (cost=0.00..814.46 rows=2 width=0)
         Filter: (listing_id = 113039)
[0m
  [4;36;1mSQL (3.7ms)[0m   [0;1mSELECT count(*) AS count_all FROM "listings" WHERE ("listings".user_id = 25293) [0m
  [4;35;1mAnalyzing  Execution Time: 0.003985

[0m   [0mAggregate  (cost=1615.81..1615.82 rows=1 width=0)
   ->  Index Scan using index_listings_on_id_and_user_id_and_title on listings  (cost=0.00..1615.79 rows=4 width=0)
         Index Cond: (user_id = 25293)
[0m
  [4;36;1mListing Load (2.4ms)[0m   [0;1mSELECT * FROM "listings" WHERE ("listings".user_id = 25293) [0m
  [4;35;1mAnalyzing Listing Load Execution Time: 0.003202

[0m   [0mIndex Scan using index_listings_on_id_and_user_id_and_title on listings  (cost=0.00..1615.79 rows=4 width=1172)
   Index Cond: (user_id = 25293)
[0m
  [4;36;1mSQL (148.5ms)[0m   [0;1mSELECT count(*) AS count_all FROM "impressions" WHERE ("impressions".listing_id = 113038) [0m
  [4;35;1mAnalyzing  Execution Time: 0.148824

[0m   [0mAggregate  (cost=12714.08..12714.09 rows=1 width=0)
   ->  Seq Scan on impressions  (cost=0.00..12714.00 rows=31 width=0)
         Filter: (listing_id = 113038)
[0m
  [4;36;1mSQL (9.8ms)[0m   [0;1mSELECT count(*) AS count_all FROM "clicks" WHERE ("clicks".listing_id = 113038) [0m
  [4;35;1mAnalyzing  Execution Time: 0.010154

[0m   [0mAggregate  (cost=814.47..814.48 rows=1 width=0)
   ->  Seq Scan on clicks  (cost=0.00..814.46 rows=2 width=0)
         Filter: (listing_id = 113038)
[0m
  [4;36;1mSQL (2.3ms)[0m   [0;1mSELECT count(*) AS count_all FROM "listings" WHERE ("listings".user_id = 25292) [0m
  [4;35;1mAnalyzing  Execution Time: 0.002598

[0m   [0mAggregate  (cost=1615.81..1615.82 rows=1 width=0)
   ->  Index Scan using index_listings_on_id_and_user_id_and_title on listings  (cost=0.00..1615.79 rows=4 width=0)
         Index Cond: (user_id = 25292)
[0m
  [4;36;1mListing Load (2.0ms)[0m   [0;1mSELECT * FROM "listings" WHERE ("listings".user_id = 25292) [0m
  [4;35;1mAnalyzing Listing Load Execution Time: 0.002739

[0m   [0mIndex Scan using index_listings_on_id_and_user_id_and_title on listings  (cost=0.00..1615.79 rows=4 width=1172)
   Index Cond: (user_id = 25292)
[0m
  [4;36;1mSQL (149.9ms)[0m   [0;1mSELECT count(*) AS count_all FROM "impressions" WHERE ("impressions".listing_id = 90101) [0m
  [4;35;1mAnalyzing  Execution Time: 0.150142

[0m   [0mAggregate  (cost=12714.08..12714.09 rows=1 width=0)
   ->  Seq Scan on impressions  (cost=0.00..12714.00 rows=31 width=0)
         Filter: (listing_id = 90101)
[0m
  [4;36;1mSQL (9.2ms)[0m   [0;1mSELECT count(*) AS count_all FROM "clicks" WHERE ("clicks".listing_id = 90101) [0m
  [4;35;1mAnalyzing  Execution Time: 0.009536

[0m   [0mAggregate  (cost=814.49..814.50 rows=1 width=0)
   ->  Seq Scan on clicks  (cost=0.00..814.46 rows=10 width=0)
         Filter: (listing_id = 90101)
[0m
  [4;36;1mSQL (2.4ms)[0m   [0;1mSELECT count(*) AS count_all FROM "listings" WHERE ("listings".user_id = 25291) [0m
  [4;35;1mAnalyzing  Execution Time: 0.002623

[0m   [0mAggregate  (cost=1615.81..1615.82 rows=1 width=0)
   ->  Index Scan using index_listings_on_id_and_user_id_and_title on listings  (cost=0.00..1615.79 rows=4 width=0)
         Index Cond: (user_id = 25291)
[0m
  [4;36;1mListing Load (2.0ms)[0m   [0;1mSELECT * FROM "listings" WHERE ("listings".user_id = 25291) [0m
  [4;35;1mAnalyzing Listing Load Execution Time: 0.00276

[0m   [0mIndex Scan using index_listings_on_id_and_user_id_and_title on listings  (cost=0.00..1615.79 rows=4 width=1172)
   Index Cond: (user_id = 25291)
[0m
  [4;36;1mSQL (145.8ms)[0m   [0;1mSELECT count(*) AS count_all FROM "impressions" WHERE ("impressions".listing_id = 66214) [0m
  [4;35;1mAnalyzing  Execution Time: 0.146088

[0m   [0mAggregate  (cost=12714.08..12714.09 rows=1 width=0)
   ->  Seq Scan on impressions  (cost=0.00..12714.00 rows=31 width=0)
         Filter: (listing_id = 66214)
[0m
  [4;36;1mSQL (9.4ms)[0m   [0;1mSELECT count(*) AS count_all FROM "clicks" WHERE ("clicks".listing_id = 66214) [0m
  [4;35;1mAnalyzing  Execution Time: 0.009664

[0m   [0mAggregate  (cost=814.47..814.48 rows=1 width=0)
   ->  Seq Scan on clicks  (cost=0.00..814.46 rows=2 width=0)
         Filter: (listing_id = 66214)
[0m
  [4;36;1mSQL (2.1ms)[0m   [0;1mSELECT count(*) AS count_all FROM "listings" WHERE ("listings".user_id = 25290) [0m
  [4;35;1mAnalyzing  Execution Time: 0.002347

[0m   [0mAggregate  (cost=1615.81..1615.82 rows=1 width=0)
   ->  Index Scan using index_listings_on_id_and_user_id_and_title on listings  (cost=0.00..1615.79 rows=4 width=0)
         Index Cond: (user_id = 25290)
[0m
  [4;36;1mListing Load (2.0ms)[0m   [0;1mSELECT * FROM "listings" WHERE ("listings".user_id = 25290) [0m
  [4;35;1mAnalyzing Listing Load Execution Time: 0.003889

[0m   [0mIndex Scan using index_listings_on_id_and_user_id_and_title on listings  (cost=0.00..1615.79 rows=4 width=1172)
   Index Cond: (user_id = 25290)
[0m
  [4;36;1mSQL (219.7ms)[0m   [0;1mSELECT count(*) AS count_all FROM "impressions" WHERE ("impressions".listing_id = 74712) [0m
  [4;35;1mAnalyzing  Execution Time: 0.220017

[0m   [0mAggregate  (cost=12714.08..12714.09 rows=1 width=0)
   ->  Seq Scan on impressions  (cost=0.00..12714.00 rows=31 width=0)
         Filter: (listing_id = 74712)
[0m
  [4;36;1mSQL (148.9ms)[0m   [0;1mSELECT count(*) AS count_all FROM "impressions" WHERE ("impressions".listing_id = 105962) [0m
  [4;35;1mAnalyzing  Execution Time: 0.149198

[0m   [0mAggregate  (cost=12714.08..12714.09 rows=1 width=0)
   ->  Seq Scan on impressions  (cost=0.00..12714.00 rows=31 width=0)
         Filter: (listing_id = 105962)
[0m
  [4;36;1mSQL (153.1ms)[0m   [0;1mSELECT count(*) AS count_all FROM "impressions" WHERE ("impressions".listing_id = 105964) [0m
  [4;35;1mAnalyzing  Execution Time: 0.153361

[0m   [0mAggregate  (cost=12714.08..12714.09 rows=1 width=0)
   ->  Seq Scan on impressions  (cost=0.00..12714.00 rows=31 width=0)
         Filter: (listing_id = 105964)
[0m
  [4;36;1mSQL (152.4ms)[0m   [0;1mSELECT count(*) AS count_all FROM "impressions" WHERE ("impressions".listing_id = 105965) [0m
  [4;35;1mAnalyzing  Execution Time: 0.152675

[0m   [0mAggregate  (cost=12714.08..12714.09 rows=1 width=0)
   ->  Seq Scan on impressions  (cost=0.00..12714.00 rows=31 width=0)
         Filter: (listing_id = 105965)
[0m
  [4;36;1mSQL (9.1ms)[0m   [0;1mSELECT count(*) AS count_all FROM "clicks" WHERE ("clicks".listing_id = 74712) [0m
  [4;35;1mAnalyzing  Execution Time: 0.00944

[0m   [0mAggregate  (cost=814.47..814.48 rows=1 width=0)
   ->  Seq Scan on clicks  (cost=0.00..814.46 rows=2 width=0)
         Filter: (listing_id = 74712)
[0m
  [4;36;1mSQL (9.4ms)[0m   [0;1mSELECT count(*) AS count_all FROM "clicks" WHERE ("clicks".listing_id = 105962) [0m
  [4;35;1mAnalyzing  Execution Time: 0.009683

[0m   [0mAggregate  (cost=814.47..814.48 rows=1 width=0)
   ->  Seq Scan on clicks  (cost=0.00..814.46 rows=2 width=0)
         Filter: (listing_id = 105962)
[0m
  [4;36;1mSQL (10.6ms)[0m   [0;1mSELECT count(*) AS count_all FROM "clicks" WHERE ("clicks".listing_id = 105964) [0m
  [4;35;1mAnalyzing  Execution Time: 0.010856

[0m   [0mAggregate  (cost=814.47..814.48 rows=1 width=0)
   ->  Seq Scan on clicks  (cost=0.00..814.46 rows=2 width=0)
         Filter: (listing_id = 105964)
[0m
  [4;36;1mSQL (8.7ms)[0m   [0;1mSELECT count(*) AS count_all FROM "clicks" WHERE ("clicks".listing_id = 105965) [0m
  [4;35;1mAnalyzing  Execution Time: 0.008992

[0m   [0mAggregate  (cost=814.47..814.48 rows=1 width=0)
   ->  Seq Scan on clicks  (cost=0.00..814.46 rows=2 width=0)
         Filter: (listing_id = 105965)
[0m
  [4;36;1mSQL (2.1ms)[0m   [0;1mSELECT count(*) AS count_all FROM "listings" WHERE ("listings".user_id = 25289) [0m
  [4;35;1mAnalyzing  Execution Time: 0.002324

[0m   [0mAggregate  (cost=1615.81..1615.82 rows=1 width=0)
   ->  Index Scan using index_listings_on_id_and_user_id_and_title on listings  (cost=0.00..1615.79 rows=4 width=0)
         Index Cond: (user_id = 25289)
[0m
  [4;36;1mListing Load (2.5ms)[0m   [0;1mSELECT * FROM "listings" WHERE ("listings".user_id = 25289) [0m
  [4;35;1mAnalyzing Listing Load Execution Time: 0.006385

[0m   [0mIndex Scan using index_listings_on_id_and_user_id_and_title on listings  (cost=0.00..1615.79 rows=4 width=1172)
   Index Cond: (user_id = 25289)
[0m
  [4;36;1mSQL (147.8ms)[0m   [0;1mSELECT count(*) AS count_all FROM "impressions" WHERE ("impressions".listing_id = 113037) [0m
  [4;35;1mAnalyzing  Execution Time: 0.148105

[0m   [0mAggregate  (cost=12717.17..12717.18 rows=1 width=0)
   ->  Seq Scan on impressions  (cost=0.00..12714.00 rows=1267 width=0)
         Filter: (listing_id = 113037)
[0m
  [4;36;1mSQL (8.6ms)[0m   [0;1mSELECT count(*) AS count_all FROM "clicks" WHERE ("clicks".listing_id = 113037) [0m
  [4;35;1mAnalyzing  Execution Time: 0.008931

[0m   [0mAggregate  (cost=814.50..814.51 rows=1 width=0)
   ->  Seq Scan on clicks  (cost=0.00..814.46 rows=13 width=0)
         Filter: (listing_id = 113037)
[0m
  [4;36;1mSQL (2.6ms)[0m   [0;1mSELECT count(*) AS count_all FROM "listings" WHERE ("listings".user_id = 25271) [0m
  [4;35;1mAnalyzing  Execution Time: 0.002863

[0m   [0mAggregate  (cost=1615.81..1615.82 rows=1 width=0)
   ->  Index Scan using index_listings_on_id_and_user_id_and_title on listings  (cost=0.00..1615.79 rows=4 width=0)
         Index Cond: (user_id = 25271)
[0m
  [4;36;1mListing Load (2.1ms)[0m   [0;1mSELECT * FROM "listings" WHERE ("listings".user_id = 25271) [0m
  [4;35;1mAnalyzing Listing Load Execution Time: 0.002834

[0m   [0mIndex Scan using index_listings_on_id_and_user_id_and_title on listings  (cost=0.00..1615.79 rows=4 width=1172)
   Index Cond: (user_id = 25271)
[0m
  [4;36;1mSQL (154.2ms)[0m   [0;1mSELECT count(*) AS count_all FROM "impressions" WHERE ("impressions".listing_id = 113022) [0m
  [4;35;1mAnalyzing  Execution Time: 0.154476

[0m   [0mAggregate  (cost=12723.85..12723.86 rows=1 width=0)
   ->  Seq Scan on impressions  (cost=0.00..12714.00 rows=3941 width=0)
         Filter: (listing_id = 113022)
[0m
  [4;36;1mSQL (11.0ms)[0m   [0;1mSELECT count(*) AS count_all FROM "clicks" WHERE ("clicks".listing_id = 113022) [0m
  [4;35;1mAnalyzing  Execution Time: 0.011213

[0m   [0mAggregate  (cost=814.60..814.61 rows=1 width=0)
   ->  Seq Scan on clicks  (cost=0.00..814.46 rows=53 width=0)
         Filter: (listing_id = 113022)
[0m
  [4;36;1mSQL (2.1ms)[0m   [0;1mSELECT count(*) AS count_all FROM "listings" WHERE ("listings".user_id = 25270) [0m
  [4;35;1mAnalyzing  Execution Time: 0.002341

[0m   [0mAggregate  (cost=1615.81..1615.82 rows=1 width=0)
   ->  Index Scan using index_listings_on_id_and_user_id_and_title on listings  (cost=0.00..1615.79 rows=4 width=0)
         Index Cond: (user_id = 25270)
[0m
  [4;36;1mListing Load (2.0ms)[0m   [0;1mSELECT * FROM "listings" WHERE ("listings".user_id = 25270) [0m
  [4;35;1mAnalyzing Listing Load Execution Time: 0.002679

[0m   [0mIndex Scan using index_listings_on_id_and_user_id_and_title on listings  (cost=0.00..1615.79 rows=4 width=1172)
   Index Cond: (user_id = 25270)
[0m
  [4;36;1mSQL (145.3ms)[0m   [0;1mSELECT count(*) AS count_all FROM "impressions" WHERE ("impressions".listing_id = 86230) [0m
  [4;35;1mAnalyzing  Execution Time: 0.145676

[0m   [0mAggregate  (cost=12723.16..12723.17 rows=1 width=0)
   ->  Seq Scan on impressions  (cost=0.00..12714.00 rows=3662 width=0)
         Filter: (listing_id = 86230)
[0m
  [4;36;1mSQL (10.0ms)[0m   [0;1mSELECT count(*) AS count_all FROM "clicks" WHERE ("clicks".listing_id = 86230) [0m
  [4;35;1mAnalyzing  Execution Time: 0.010243

[0m   [0mAggregate  (cost=814.53..814.54 rows=1 width=0)
   ->  Seq Scan on clicks  (cost=0.00..814.46 rows=27 width=0)
         Filter: (listing_id = 86230)
[0m
  [4;36;1mSQL (2.9ms)[0m   [0;1mSELECT count(*) AS count_all FROM "listings" WHERE ("listings".user_id = 25242) [0m
  [4;35;1mAnalyzing  Execution Time: 0.003187

[0m   [0mAggregate  (cost=1615.81..1615.82 rows=1 width=0)
   ->  Index Scan using index_listings_on_id_and_user_id_and_title on listings  (cost=0.00..1615.79 rows=4 width=0)
         Index Cond: (user_id = 25242)
[0m
  [4;36;1mListing Load (2.2ms)[0m   [0;1mSELECT * FROM "listings" WHERE ("listings".user_id = 25242) [0m
  [4;35;1mAnalyzing Listing Load Execution Time: 0.003262

[0m   [0mIndex Scan using index_listings_on_id_and_user_id_and_title on listings  (cost=0.00..1615.79 rows=4 width=1172)
   Index Cond: (user_id = 25242)
[0m
  [4;36;1mSQL (151.2ms)[0m   [0;1mSELECT count(*) AS count_all FROM "impressions" WHERE ("impressions".listing_id = 85480) [0m
  [4;35;1mAnalyzing  Execution Time: 0.151429

[0m   [0mAggregate  (cost=12729.74..12729.75 rows=1 width=0)
   ->  Seq Scan on impressions  (cost=0.00..12714.00 rows=6294 width=0)
         Filter: (listing_id = 85480)
[0m
  [4;36;1mSQL (161.6ms)[0m   [0;1mSELECT count(*) AS count_all FROM "impressions" WHERE ("impressions".listing_id = 85481) [0m
  [4;35;1mAnalyzing  Execution Time: 0.161885

[0m   [0mAggregate  (cost=12730.96..12730.97 rows=1 width=0)
   ->  Seq Scan on impressions  (cost=0.00..12714.00 rows=6782 width=0)
         Filter: (listing_id = 85481)
[0m
  [4;36;1mSQL (9.4ms)[0m   [0;1mSELECT count(*) AS count_all FROM "clicks" WHERE ("clicks".listing_id = 85480) [0m
  [4;35;1mAnalyzing  Execution Time: 0.009738

[0m   [0mAggregate  (cost=816.04..816.05 rows=1 width=0)
   ->  Seq Scan on clicks  (cost=0.00..814.46 rows=629 width=0)
         Filter: (listing_id = 85480)
[0m
  [4;36;1mSQL (8.4ms)[0m   [0;1mSELECT count(*) AS count_all FROM "clicks" WHERE ("clicks".listing_id = 85481) [0m
  [4;35;1mAnalyzing  Execution Time: 0.008669

[0m   [0mAggregate  (cost=814.85..814.86 rows=1 width=0)
   ->  Seq Scan on clicks  (cost=0.00..814.46 rows=154 width=0)
         Filter: (listing_id = 85481)
[0m
  [4;36;1mSQL (3.6ms)[0m   [0;1mSELECT count(*) AS count_all FROM "listings" WHERE ("listings".user_id = 25267) [0m
  [4;35;1mAnalyzing  Execution Time: 0.003889

[0m   [0mAggregate  (cost=1615.81..1615.82 rows=1 width=0)
   ->  Index Scan using index_listings_on_id_and_user_id_and_title on listings  (cost=0.00..1615.79 rows=4 width=0)
         Index Cond: (user_id = 25267)
[0m
  [4;36;1mListing Load (2.3ms)[0m   [0;1mSELECT * FROM "listings" WHERE ("listings".user_id = 25267) [0m
  [4;35;1mAnalyzing Listing Load Execution Time: 0.003051

[0m   [0mIndex Scan using index_listings_on_id_and_user_id_and_title on listings  (cost=0.00..1615.79 rows=4 width=1172)
   Index Cond: (user_id = 25267)
[0m
  [4;36;1mSQL (164.3ms)[0m   [0;1mSELECT count(*) AS count_all FROM "impressions" WHERE ("impressions".listing_id = 87237) [0m
  [4;35;1mAnalyzing  Execution Time: 0.164579

[0m   [0mAggregate  (cost=12714.08..12714.09 rows=1 width=0)
   ->  Seq Scan on impressions  (cost=0.00..12714.00 rows=31 width=0)
         Filter: (listing_id = 87237)
[0m
  [4;36;1mSQL (8.8ms)[0m   [0;1mSELECT count(*) AS count_all FROM "clicks" WHERE ("clicks".listing_id = 87237) [0m
  [4;35;1mAnalyzing  Execution Time: 0.009082

[0m   [0mAggregate  (cost=814.47..814.48 rows=1 width=0)
   ->  Seq Scan on clicks  (cost=0.00..814.46 rows=2 width=0)
         Filter: (listing_id = 87237)
[0m
  [4;36;1mSQL (2.1ms)[0m   [0;1mSELECT count(*) AS count_all FROM "listings" WHERE ("listings".user_id = 25266) [0m
  [4;35;1mAnalyzing  Execution Time: 0.002322

[0m   [0mAggregate  (cost=1615.81..1615.82 rows=1 width=0)
   ->  Index Scan using index_listings_on_id_and_user_id_and_title on listings  (cost=0.00..1615.79 rows=4 width=0)
         Index Cond: (user_id = 25266)
[0m
  [4;36;1mListing Load (2.0ms)[0m   [0;1mSELECT * FROM "listings" WHERE ("listings".user_id = 25266) [0m
  [4;35;1mAnalyzing Listing Load Execution Time: 0.003432

[0m   [0mIndex Scan using index_listings_on_id_and_user_id_and_title on listings  (cost=0.00..1615.79 rows=4 width=1172)
   Index Cond: (user_id = 25266)
[0m
  [4;36;1mSQL (158.9ms)[0m   [0;1mSELECT count(*) AS count_all FROM "impressions" WHERE ("impressions".listing_id = 113019) [0m
  [4;35;1mAnalyzing  Execution Time: 0.159158

[0m   [0mAggregate  (cost=12714.08..12714.09 rows=1 width=0)
   ->  Seq Scan on impressions  (cost=0.00..12714.00 rows=31 width=0)
         Filter: (listing_id = 113019)
[0m
  [4;36;1mSQL (147.9ms)[0m   [0;1mSELECT count(*) AS count_all FROM "impressions" WHERE ("impressions".listing_id = 113067) [0m
  [4;35;1mAnalyzing  Execution Time: 0.148121

[0m   [0mAggregate  (cost=12714.08..12714.09 rows=1 width=0)
   ->  Seq Scan on impressions  (cost=0.00..12714.00 rows=31 width=0)
         Filter: (listing_id = 113067)
[0m
  [4;36;1mSQL (157.6ms)[0m   [0;1mSELECT count(*) AS count_all FROM "impressions" WHERE ("impressions".listing_id = 113068) [0m
  [4;35;1mAnalyzing  Execution Time: 0.157862

[0m   [0mAggregate  (cost=12714.08..12714.09 rows=1 width=0)
   ->  Seq Scan on impressions  (cost=0.00..12714.00 rows=31 width=0)
         Filter: (listing_id = 113068)
[0m
  [4;36;1mSQL (9.6ms)[0m   [0;1mSELECT count(*) AS count_all FROM "clicks" WHERE ("clicks".listing_id = 113019) [0m
  [4;35;1mAnalyzing  Execution Time: 0.009986

[0m   [0mAggregate  (cost=814.47..814.48 rows=1 width=0)
   ->  Seq Scan on clicks  (cost=0.00..814.46 rows=2 width=0)
         Filter: (listing_id = 113019)
[0m
  [4;36;1mSQL (8.5ms)[0m   [0;1mSELECT count(*) AS count_all FROM "clicks" WHERE ("clicks".listing_id = 113067) [0m
  [4;35;1mAnalyzing  Execution Time: 0.008779

[0m   [0mAggregate  (cost=814.47..814.48 rows=1 width=0)
   ->  Seq Scan on clicks  (cost=0.00..814.46 rows=2 width=0)
         Filter: (listing_id = 113067)
[0m
  [4;36;1mSQL (8.9ms)[0m   [0;1mSELECT count(*) AS count_all FROM "clicks" WHERE ("clicks".listing_id = 113068) [0m
  [4;35;1mAnalyzing  Execution Time: 0.009163

[0m   [0mAggregate  (cost=814.47..814.48 rows=1 width=0)
   ->  Seq Scan on clicks  (cost=0.00..814.46 rows=2 width=0)
         Filter: (listing_id = 113068)
[0m
  [4;36;1mSQL (2.5ms)[0m   [0;1mSELECT count(*) AS count_all FROM "listings" WHERE ("listings".user_id = 25265) [0m
  [4;35;1mAnalyzing  Execution Time: 0.00279

[0m   [0mAggregate  (cost=1615.81..1615.82 rows=1 width=0)
   ->  Index Scan using index_listings_on_id_and_user_id_and_title on listings  (cost=0.00..1615.79 rows=4 width=0)
         Index Cond: (user_id = 25265)
[0m
  [4;36;1mListing Load (2.4ms)[0m   [0;1mSELECT * FROM "listings" WHERE ("listings".user_id = 25265) [0m
  [4;35;1mAnalyzing Listing Load Execution Time: 0.004637

[0m   [0mIndex Scan using index_listings_on_id_and_user_id_and_title on listings  (cost=0.00..1615.79 rows=4 width=1172)
   Index Cond: (user_id = 25265)
[0m
  [4;36;1mSQL (161.5ms)[0m   [0;1mSELECT count(*) AS count_all FROM "impressions" WHERE ("impressions".listing_id = 73326) [0m
  [4;35;1mAnalyzing  Execution Time: 0.161742

[0m   [0mAggregate  (cost=12714.08..12714.09 rows=1 width=0)
   ->  Seq Scan on impressions  (cost=0.00..12714.00 rows=31 width=0)
         Filter: (listing_id = 73326)
[0m
  [4;36;1mSQL (150.0ms)[0m   [0;1mSELECT count(*) AS count_all FROM "impressions" WHERE ("impressions".listing_id = 88124) [0m
  [4;35;1mAnalyzing  Execution Time: 0.150233

[0m   [0mAggregate  (cost=12714.08..12714.09 rows=1 width=0)
   ->  Seq Scan on impressions  (cost=0.00..12714.00 rows=31 width=0)
         Filter: (listing_id = 88124)
[0m
  [4;36;1mSQL (168.2ms)[0m   [0;1mSELECT count(*) AS count_all FROM "impressions" WHERE ("impressions".listing_id = 88125) [0m
  [4;35;1mAnalyzing  Execution Time: 0.168435

[0m   [0mAggregate  (cost=12714.08..12714.09 rows=1 width=0)
   ->  Seq Scan on impressions  (cost=0.00..12714.00 rows=31 width=0)
         Filter: (listing_id = 88125)
[0m
  [4;36;1mSQL (156.5ms)[0m   [0;1mSELECT count(*) AS count_all FROM "impressions" WHERE ("impressions".listing_id = 113017) [0m
  [4;35;1mAnalyzing  Execution Time: 0.156731

[0m   [0mAggregate  (cost=12714.08..12714.09 rows=1 width=0)
   ->  Seq Scan on impressions  (cost=0.00..12714.00 rows=31 width=0)
         Filter: (listing_id = 113017)
[0m
  [4;36;1mSQL (155.5ms)[0m   [0;1mSELECT count(*) AS count_all FROM "impressions" WHERE ("impressions".listing_id = 113018) [0m
  [4;35;1mAnalyzing  Execution Time: 0.155742

[0m   [0mAggregate  (cost=12714.08..12714.09 rows=1 width=0)
   ->  Seq Scan on impressions  (cost=0.00..12714.00 rows=31 width=0)
         Filter: (listing_id = 113018)
[0m
  [4;36;1mSQL (8.4ms)[0m   [0;1mSELECT count(*) AS count_all FROM "clicks" WHERE ("clicks".listing_id = 73326) [0m
  [4;35;1mAnalyzing  Execution Time: 0.008695

[0m   [0mAggregate  (cost=814.47..814.48 rows=1 width=0)
   ->  Seq Scan on clicks  (cost=0.00..814.46 rows=2 width=0)
         Filter: (listing_id = 73326)
[0m
  [4;36;1mSQL (9.6ms)[0m   [0;1mSELECT count(*) AS count_all FROM "clicks" WHERE ("clicks".listing_id = 88124) [0m
  [4;35;1mAnalyzing  Execution Time: 0.009899

[0m   [0mAggregate  (cost=814.47..814.48 rows=1 width=0)
   ->  Seq Scan on clicks  (cost=0.00..814.46 rows=2 width=0)
         Filter: (listing_id = 88124)
[0m
  [4;36;1mSQL (9.7ms)[0m   [0;1mSELECT count(*) AS count_all FROM "clicks" WHERE ("clicks".listing_id = 88125) [0m
  [4;35;1mAnalyzing  Execution Time: 0.010008

[0m   [0mAggregate  (cost=814.47..814.48 rows=1 width=0)
   ->  Seq Scan on clicks  (cost=0.00..814.46 rows=2 width=0)
         Filter: (listing_id = 88125)
[0m
  [4;36;1mSQL (8.9ms)[0m   [0;1mSELECT count(*) AS count_all FROM "clicks" WHERE ("clicks".listing_id = 113017) [0m
  [4;35;1mAnalyzing  Execution Time: 0.009175

[0m   [0mAggregate  (cost=814.47..814.48 rows=1 width=0)
   ->  Seq Scan on clicks  (cost=0.00..814.46 rows=2 width=0)
         Filter: (listing_id = 113017)
[0m
  [4;36;1mSQL (9.0ms)[0m   [0;1mSELECT count(*) AS count_all FROM "clicks" WHERE ("clicks".listing_id = 113018) [0m
  [4;35;1mAnalyzing  Execution Time: 0.00923

[0m   [0mAggregate  (cost=814.47..814.48 rows=1 width=0)
   ->  Seq Scan on clicks  (cost=0.00..814.46 rows=2 width=0)
         Filter: (listing_id = 113018)
[0m
  [4;36;1mSQL (3.7ms)[0m   [0;1mSELECT count(*) AS count_all FROM "listings" WHERE ("listings".user_id = 25264) [0m
  [4;35;1mAnalyzing  Execution Time: 0.003972

[0m   [0mAggregate  (cost=1615.81..1615.82 rows=1 width=0)
   ->  Index Scan using index_listings_on_id_and_user_id_and_title on listings  (cost=0.00..1615.79 rows=4 width=0)
         Index Cond: (user_id = 25264)
[0m
  [4;36;1mListing Load (2.0ms)[0m   [0;1mSELECT * FROM "listings" WHERE ("listings".user_id = 25264) [0m
  [4;35;1mAnalyzing Listing Load Execution Time: 0.002809

[0m   [0mIndex Scan using index_listings_on_id_and_user_id_and_title on listings  (cost=0.00..1615.79 rows=4 width=1172)
   Index Cond: (user_id = 25264)
[0m
  [4;36;1mSQL (161.0ms)[0m   [0;1mSELECT count(*) AS count_all FROM "impressions" WHERE ("impressions".listing_id = 81941) [0m
  [4;35;1mAnalyzing  Execution Time: 0.161266

[0m   [0mAggregate  (cost=12714.08..12714.09 rows=1 width=0)
   ->  Seq Scan on impressions  (cost=0.00..12714.00 rows=31 width=0)
         Filter: (listing_id = 81941)
[0m
  [4;36;1mSQL (8.6ms)[0m   [0;1mSELECT count(*) AS count_all FROM "clicks" WHERE ("clicks".listing_id = 81941) [0m
  [4;35;1mAnalyzing  Execution Time: 0.008906

[0m   [0mAggregate  (cost=814.49..814.50 rows=1 width=0)
   ->  Seq Scan on clicks  (cost=0.00..814.46 rows=10 width=0)
         Filter: (listing_id = 81941)
[0m
  [4;36;1mSQL (2.0ms)[0m   [0;1mSELECT count(*) AS count_all FROM "listings" WHERE ("listings".user_id = 25263) [0m
  [4;35;1mAnalyzing  Execution Time: 0.002262

[0m   [0mAggregate  (cost=1615.81..1615.82 rows=1 width=0)
   ->  Index Scan using index_listings_on_id_and_user_id_and_title on listings  (cost=0.00..1615.79 rows=4 width=0)
         Index Cond: (user_id = 25263)
[0m
  [4;36;1mListing Load (2.5ms)[0m   [0;1mSELECT * FROM "listings" WHERE ("listings".user_id = 25263) [0m
  [4;35;1mAnalyzing Listing Load Execution Time: 0.003285

[0m   [0mIndex Scan using index_listings_on_id_and_user_id_and_title on listings  (cost=0.00..1615.79 rows=4 width=1172)
   Index Cond: (user_id = 25263)
[0m
  [4;36;1mSQL (155.5ms)[0m   [0;1mSELECT count(*) AS count_all FROM "impressions" WHERE ("impressions".listing_id = 67489) [0m
  [4;35;1mAnalyzing  Execution Time: 0.155761

[0m   [0mAggregate  (cost=12714.08..12714.09 rows=1 width=0)
   ->  Seq Scan on impressions  (cost=0.00..12714.00 rows=31 width=0)
         Filter: (listing_id = 67489)
[0m
  [4;36;1mSQL (9.9ms)[0m   [0;1mSELECT count(*) AS count_all FROM "clicks" WHERE ("clicks".listing_id = 67489) [0m
  [4;35;1mAnalyzing  Execution Time: 0.010189

[0m   [0mAggregate  (cost=814.47..814.48 rows=1 width=0)
   ->  Seq Scan on clicks  (cost=0.00..814.46 rows=2 width=0)
         Filter: (listing_id = 67489)
[0m
  [4;36;1mSQL (3.9ms)[0m   [0;1mSELECT count(*) AS count_all FROM "listings" WHERE ("listings".user_id = 25262) [0m
  [4;35;1mAnalyzing  Execution Time: 0.004205

[0m   [0mAggregate  (cost=1615.81..1615.82 rows=1 width=0)
   ->  Index Scan using index_listings_on_id_and_user_id_and_title on listings  (cost=0.00..1615.79 rows=4 width=0)
         Index Cond: (user_id = 25262)
[0m
  [4;36;1mListing Load (2.1ms)[0m   [0;1mSELECT * FROM "listings" WHERE ("listings".user_id = 25262) [0m
  [4;35;1mAnalyzing Listing Load Execution Time: 0.002801

[0m   [0mIndex Scan using index_listings_on_id_and_user_id_and_title on listings  (cost=0.00..1615.79 rows=4 width=1172)
   Index Cond: (user_id = 25262)
[0m
  [4;36;1mSQL (160.0ms)[0m   [0;1mSELECT count(*) AS count_all FROM "impressions" WHERE ("impressions".listing_id = 113016) [0m
  [4;35;1mAnalyzing  Execution Time: 0.160297

[0m   [0mAggregate  (cost=12714.08..12714.09 rows=1 width=0)
   ->  Seq Scan on impressions  (cost=0.00..12714.00 rows=31 width=0)
         Filter: (listing_id = 113016)
[0m
  [4;36;1mSQL (8.6ms)[0m   [0;1mSELECT count(*) AS count_all FROM "clicks" WHERE ("clicks".listing_id = 113016) [0m
  [4;35;1mAnalyzing  Execution Time: 0.008894

[0m   [0mAggregate  (cost=814.47..814.48 rows=1 width=0)
   ->  Seq Scan on clicks  (cost=0.00..814.46 rows=2 width=0)
         Filter: (listing_id = 113016)
[0m
  [4;36;1mSQL (1.9ms)[0m   [0;1mSELECT count(*) AS count_all FROM "listings" WHERE ("listings".user_id = 25261) [0m
  [4;35;1mAnalyzing  Execution Time: 0.002166

[0m   [0mAggregate  (cost=1615.81..1615.82 rows=1 width=0)
   ->  Index Scan using index_listings_on_id_and_user_id_and_title on listings  (cost=0.00..1615.79 rows=4 width=0)
         Index Cond: (user_id = 25261)
[0m
  [4;36;1mListing Load (4.2ms)[0m   [0;1mSELECT * FROM "listings" WHERE ("listings".user_id = 25261) [0m
  [4;35;1mAnalyzing Listing Load Execution Time: 0.00541

[0m   [0mIndex Scan using index_listings_on_id_and_user_id_and_title on listings  (cost=0.00..1615.79 rows=4 width=1172)
   Index Cond: (user_id = 25261)
[0m
  [4;36;1mSQL (153.6ms)[0m   [0;1mSELECT count(*) AS count_all FROM "impressions" WHERE ("impressions".listing_id = 72333) [0m
  [4;35;1mAnalyzing  Execution Time: 0.153837

[0m   [0mAggregate  (cost=12714.08..12714.09 rows=1 width=0)
   ->  Seq Scan on impressions  (cost=0.00..12714.00 rows=31 width=0)
         Filter: (listing_id = 72333)
[0m
  [4;36;1mSQL (141.7ms)[0m   [0;1mSELECT count(*) AS count_all FROM "impressions" WHERE ("impressions".listing_id = 113021) [0m
  [4;35;1mAnalyzing  Execution Time: 0.141997

[0m   [0mAggregate  (cost=12714.08..12714.09 rows=1 width=0)
   ->  Seq Scan on impressions  (cost=0.00..12714.00 rows=31 width=0)
         Filter: (listing_id = 113021)
[0m
  [4;36;1mSQL (12.9ms)[0m   [0;1mSELECT count(*) AS count_all FROM "clicks" WHERE ("clicks".listing_id = 72333) [0m
  [4;35;1mAnalyzing  Execution Time: 0.013184

[0m   [0mAggregate  (cost=814.50..814.51 rows=1 width=0)
   ->  Seq Scan on clicks  (cost=0.00..814.46 rows=13 width=0)
         Filter: (listing_id = 72333)
[0m
  [4;36;1mSQL (8.5ms)[0m   [0;1mSELECT count(*) AS count_all FROM "clicks" WHERE ("clicks".listing_id = 113021) [0m
  [4;35;1mAnalyzing  Execution Time: 0.008779

[0m   [0mAggregate  (cost=814.47..814.48 rows=1 width=0)
   ->  Seq Scan on clicks  (cost=0.00..814.46 rows=2 width=0)
         Filter: (listing_id = 113021)
[0m
  [4;36;1mSQL (3.3ms)[0m   [0;1mSELECT count(*) AS count_all FROM "listings" WHERE ("listings".user_id = 25256) [0m
  [4;35;1mAnalyzing  Execution Time: 0.003583

[0m   [0mAggregate  (cost=1615.81..1615.82 rows=1 width=0)
   ->  Index Scan using index_listings_on_id_and_user_id_and_title on listings  (cost=0.00..1615.79 rows=4 width=0)
         Index Cond: (user_id = 25256)
[0m
  [4;36;1mListing Load (3.0ms)[0m   [0;1mSELECT * FROM "listings" WHERE ("listings".user_id = 25256) [0m
  [4;35;1mAnalyzing Listing Load Execution Time: 0.003727

[0m   [0mIndex Scan using index_listings_on_id_and_user_id_and_title on listings  (cost=0.00..1615.79 rows=4 width=1172)
   Index Cond: (user_id = 25256)
[0m
  [4;36;1mSQL (161.0ms)[0m   [0;1mSELECT count(*) AS count_all FROM "impressions" WHERE ("impressions".listing_id = 113007) [0m
  [4;35;1mAnalyzing  Execution Time: 0.161309

[0m   [0mAggregate  (cost=12714.08..12714.09 rows=1 width=0)
   ->  Seq Scan on impressions  (cost=0.00..12714.00 rows=31 width=0)
         Filter: (listing_id = 113007)
[0m
  [4;36;1mSQL (9.2ms)[0m   [0;1mSELECT count(*) AS count_all FROM "clicks" WHERE ("clicks".listing_id = 113007) [0m
  [4;35;1mAnalyzing  Execution Time: 0.009466

[0m   [0mAggregate  (cost=814.47..814.48 rows=1 width=0)
   ->  Seq Scan on clicks  (cost=0.00..814.46 rows=2 width=0)
         Filter: (listing_id = 113007)
[0m
  [4;36;1mSQL (2.0ms)[0m   [0;1mSELECT count(*) AS count_all FROM "listings" WHERE ("listings".user_id = 25342) [0m
  [4;35;1mAnalyzing  Execution Time: 0.002221

[0m   [0mAggregate  (cost=1615.81..1615.82 rows=1 width=0)
   ->  Index Scan using index_listings_on_id_and_user_id_and_title on listings  (cost=0.00..1615.79 rows=4 width=0)
         Index Cond: (user_id = 25342)
[0m
  [4;36;1mListing Load (2.0ms)[0m   [0;1mSELECT * FROM "listings" WHERE ("listings".user_id = 25342) [0m
  [4;35;1mAnalyzing Listing Load Execution Time: 0.002789

[0m   [0mIndex Scan using index_listings_on_id_and_user_id_and_title on listings  (cost=0.00..1615.79 rows=4 width=1172)
   Index Cond: (user_id = 25342)
[0m
  [4;36;1mSQL (153.9ms)[0m   [0;1mSELECT count(*) AS count_all FROM "impressions" WHERE ("impressions".listing_id = 66871) [0m
  [4;35;1mAnalyzing  Execution Time: 0.154126

[0m   [0mAggregate  (cost=12714.08..12714.09 rows=1 width=0)
   ->  Seq Scan on impressions  (cost=0.00..12714.00 rows=31 width=0)
         Filter: (listing_id = 66871)
[0m
  [4;36;1mSQL (9.7ms)[0m   [0;1mSELECT count(*) AS count_all FROM "clicks" WHERE ("clicks".listing_id = 66871) [0m
  [4;35;1mAnalyzing  Execution Time: 0.009948

[0m   [0mAggregate  (cost=814.47..814.48 rows=1 width=0)
   ->  Seq Scan on clicks  (cost=0.00..814.46 rows=2 width=0)
         Filter: (listing_id = 66871)
[0m
  [4;36;1mSQL (3.0ms)[0m   [0;1mSELECT count(*) AS count_all FROM "listings" WHERE ("listings".user_id = 25340) [0m
  [4;35;1mAnalyzing  Execution Time: 0.003957

[0m   [0mAggregate  (cost=1615.81..1615.82 rows=1 width=0)
   ->  Index Scan using index_listings_on_id_and_user_id_and_title on listings  (cost=0.00..1615.79 rows=4 width=0)
         Index Cond: (user_id = 25340)
[0m
  [4;36;1mListing Load (2.3ms)[0m   [0;1mSELECT * FROM "listings" WHERE ("listings".user_id = 25340) [0m
  [4;35;1mAnalyzing Listing Load Execution Time: 0.003327

[0m   [0mIndex Scan using index_listings_on_id_and_user_id_and_title on listings  (cost=0.00..1615.79 rows=4 width=1172)
   Index Cond: (user_id = 25340)
[0m
  [4;36;1mSQL (161.3ms)[0m   [0;1mSELECT count(*) AS count_all FROM "impressions" WHERE ("impressions".listing_id = 113060) [0m
  [4;35;1mAnalyzing  Execution Time: 0.161541

[0m   [0mAggregate  (cost=12714.08..12714.09 rows=1 width=0)
   ->  Seq Scan on impressions  (cost=0.00..12714.00 rows=31 width=0)
         Filter: (listing_id = 113060)
[0m
  [4;36;1mSQL (8.7ms)[0m   [0;1mSELECT count(*) AS count_all FROM "clicks" WHERE ("clicks".listing_id = 113060) [0m
  [4;35;1mAnalyzing  Execution Time: 0.009017

[0m   [0mAggregate  (cost=814.47..814.48 rows=1 width=0)
   ->  Seq Scan on clicks  (cost=0.00..814.46 rows=2 width=0)
         Filter: (listing_id = 113060)
[0m
  [4;36;1mSQL (2.0ms)[0m   [0;1mSELECT count(*) AS count_all FROM "listings" WHERE ("listings".user_id = 25339) [0m
  [4;35;1mAnalyzing  Execution Time: 0.002304

[0m   [0mAggregate  (cost=1615.81..1615.82 rows=1 width=0)
   ->  Index Scan using index_listings_on_id_and_user_id_and_title on listings  (cost=0.00..1615.79 rows=4 width=0)
         Index Cond: (user_id = 25339)
[0m
  [4;36;1mListing Load (2.1ms)[0m   [0;1mSELECT * FROM "listings" WHERE ("listings".user_id = 25339) [0m
  [4;35;1mAnalyzing Listing Load Execution Time: 0.002756

[0m   [0mIndex Scan using index_listings_on_id_and_user_id_and_title on listings  (cost=0.00..1615.79 rows=4 width=1172)
   Index Cond: (user_id = 25339)
[0m
  [4;36;1mSQL (163.4ms)[0m   [0;1mSELECT count(*) AS count_all FROM "impressions" WHERE ("impressions".listing_id = 80836) [0m
  [4;35;1mAnalyzing  Execution Time: 0.163651

[0m   [0mAggregate  (cost=12714.08..12714.09 rows=1 width=0)
   ->  Seq Scan on impressions  (cost=0.00..12714.00 rows=31 width=0)
         Filter: (listing_id = 80836)
[0m
  [4;36;1mSQL (10.3ms)[0m   [0;1mSELECT count(*) AS count_all FROM "clicks" WHERE ("clicks".listing_id = 80836) [0m
  [4;35;1mAnalyzing  Execution Time: 0.010635

[0m   [0mAggregate  (cost=814.47..814.48 rows=1 width=0)
   ->  Seq Scan on clicks  (cost=0.00..814.46 rows=2 width=0)
         Filter: (listing_id = 80836)
[0m
  [4;36;1mSQL (2.5ms)[0m   [0;1mSELECT count(*) AS count_all FROM "listings" WHERE ("listings".user_id = 25337) [0m
  [4;35;1mAnalyzing  Execution Time: 0.002821

[0m   [0mAggregate  (cost=1615.81..1615.82 rows=1 width=0)
   ->  Index Scan using index_listings_on_id_and_user_id_and_title on listings  (cost=0.00..1615.79 rows=4 width=0)
         Index Cond: (user_id = 25337)
[0m
  [4;36;1mListing Load (2.5ms)[0m   [0;1mSELECT * FROM "listings" WHERE ("listings".user_id = 25337) [0m
  [4;35;1mAnalyzing Listing Load Execution Time: 0.003203

[0m   [0mIndex Scan using index_listings_on_id_and_user_id_and_title on listings  (cost=0.00..1615.79 rows=4 width=1172)
   Index Cond: (user_id = 25337)
[0m
  [4;36;1mSQL (166.6ms)[0m   [0;1mSELECT count(*) AS count_all FROM "impressions" WHERE ("impressions".listing_id = 83649) [0m
  [4;35;1mAnalyzing  Execution Time: 0.166817

[0m   [0mAggregate  (cost=12714.08..12714.09 rows=1 width=0)
   ->  Seq Scan on impressions  (cost=0.00..12714.00 rows=31 width=0)
         Filter: (listing_id = 83649)
[0m
  [4;36;1mSQL (8.4ms)[0m   [0;1mSELECT count(*) AS count_all FROM "clicks" WHERE ("clicks".listing_id = 83649) [0m
  [4;35;1mAnalyzing  Execution Time: 0.008632

[0m   [0mAggregate  (cost=814.47..814.48 rows=1 width=0)
   ->  Seq Scan on clicks  (cost=0.00..814.46 rows=2 width=0)
         Filter: (listing_id = 83649)
[0m
  [4;36;1mSQL (2.6ms)[0m   [0;1mSELECT count(*) AS count_all FROM "listings" WHERE ("listings".user_id = 25336) [0m
  [4;35;1mAnalyzing  Execution Time: 0.002892

[0m   [0mAggregate  (cost=1615.81..1615.82 rows=1 width=0)
   ->  Index Scan using index_listings_on_id_and_user_id_and_title on listings  (cost=0.00..1615.79 rows=4 width=0)
         Index Cond: (user_id = 25336)
[0m
  [4;36;1mListing Load (2.2ms)[0m   [0;1mSELECT * FROM "listings" WHERE ("listings".user_id = 25336) [0m
  [4;35;1mAnalyzing Listing Load Execution Time: 0.003038

[0m   [0mIndex Scan using index_listings_on_id_and_user_id_and_title on listings  (cost=0.00..1615.79 rows=4 width=1172)
   Index Cond: (user_id = 25336)
[0m
  [4;36;1mSQL (196.8ms)[0m   [0;1mSELECT count(*) AS count_all FROM "impressions" WHERE ("impressions".listing_id = 113059) [0m
  [4;35;1mAnalyzing  Execution Time: 0.201855

[0m   [0mAggregate  (cost=12714.08..12714.09 rows=1 width=0)
   ->  Seq Scan on impressions  (cost=0.00..12714.00 rows=31 width=0)
         Filter: (listing_id = 113059)
[0m
  [4;36;1mSQL (10.7ms)[0m   [0;1mSELECT count(*) AS count_all FROM "clicks" WHERE ("clicks".listing_id = 113059) [0m
  [4;35;1mAnalyzing  Execution Time: 0.011034

[0m   [0mAggregate  (cost=814.47..814.48 rows=1 width=0)
   ->  Seq Scan on clicks  (cost=0.00..814.46 rows=2 width=0)
         Filter: (listing_id = 113059)
[0m
  [4;36;1mSQL (3.9ms)[0m   [0;1mSELECT count(*) AS count_all FROM "listings" WHERE ("listings".user_id = 25246) [0m
  [4;35;1mAnalyzing  Execution Time: 0.00418

[0m   [0mAggregate  (cost=1615.81..1615.82 rows=1 width=0)
   ->  Index Scan using index_listings_on_id_and_user_id_and_title on listings  (cost=0.00..1615.79 rows=4 width=0)
         Index Cond: (user_id = 25246)
[0m
  [4;36;1mListing Load (2.7ms)[0m   [0;1mSELECT * FROM "listings" WHERE ("listings".user_id = 25246) [0m
  [4;35;1mAnalyzing Listing Load Execution Time: 0.003851

[0m   [0mIndex Scan using index_listings_on_id_and_user_id_and_title on listings  (cost=0.00..1615.79 rows=4 width=1172)
   Index Cond: (user_id = 25246)
[0m
  [4;36;1mSQL (154.3ms)[0m   [0;1mSELECT count(*) AS count_all FROM "impressions" WHERE ("impressions".listing_id = 66449) [0m
  [4;35;1mAnalyzing  Execution Time: 0.154597

[0m   [0mAggregate  (cost=12714.08..12714.09 rows=1 width=0)
   ->  Seq Scan on impressions  (cost=0.00..12714.00 rows=31 width=0)
         Filter: (listing_id = 66449)
[0m
  [4;36;1mSQL (158.1ms)[0m   [0;1mSELECT count(*) AS count_all FROM "impressions" WHERE ("impressions".listing_id = 113005) [0m
  [4;35;1mAnalyzing  Execution Time: 0.158386

[0m   [0mAggregate  (cost=12714.08..12714.09 rows=1 width=0)
   ->  Seq Scan on impressions  (cost=0.00..12714.00 rows=31 width=0)
         Filter: (listing_id = 113005)
[0m
  [4;36;1mSQL (8.4ms)[0m   [0;1mSELECT count(*) AS count_all FROM "clicks" WHERE ("clicks".listing_id = 66449) [0m
  [4;35;1mAnalyzing  Execution Time: 0.008633

[0m   [0mAggregate  (cost=814.51..814.52 rows=1 width=0)
   ->  Seq Scan on clicks  (cost=0.00..814.46 rows=19 width=0)
         Filter: (listing_id = 66449)
[0m
  [4;36;1mSQL (11.6ms)[0m   [0;1mSELECT count(*) AS count_all FROM "clicks" WHERE ("clicks".listing_id = 113005) [0m
  [4;35;1mAnalyzing  Execution Time: 0.011927

[0m   [0mAggregate  (cost=814.47..814.48 rows=1 width=0)
   ->  Seq Scan on clicks  (cost=0.00..814.46 rows=2 width=0)
         Filter: (listing_id = 113005)
[0m
  [4;36;1mSQL (2.5ms)[0m   [0;1mSELECT count(*) AS count_all FROM "listings" WHERE ("listings".user_id = 25331) [0m
  [4;35;1mAnalyzing  Execution Time: 0.002761

[0m   [0mAggregate  (cost=1615.81..1615.82 rows=1 width=0)
   ->  Index Scan using index_listings_on_id_and_user_id_and_title on listings  (cost=0.00..1615.79 rows=4 width=0)
         Index Cond: (user_id = 25331)
[0m
  [4;36;1mListing Load (2.6ms)[0m   [0;1mSELECT * FROM "listings" WHERE ("listings".user_id = 25331) [0m
  [4;35;1mAnalyzing Listing Load Execution Time: 0.150276

[0m   [0mIndex Scan using index_listings_on_id_and_user_id_and_title on listings  (cost=0.00..1615.79 rows=4 width=1172)
   Index Cond: (user_id = 25331)
[0m
  [4;36;1mSQL (149.3ms)[0m   [0;1mSELECT count(*) AS count_all FROM "impressions" WHERE ("impressions".listing_id = 68082) [0m
  [4;35;1mAnalyzing  Execution Time: 0.149587

[0m   [0mAggregate  (cost=12714.08..12714.09 rows=1 width=0)
   ->  Seq Scan on impressions  (cost=0.00..12714.00 rows=31 width=0)
         Filter: (listing_id = 68082)
[0m
  [4;36;1mSQL (8.5ms)[0m   [0;1mSELECT count(*) AS count_all FROM "clicks" WHERE ("clicks".listing_id = 68082) [0m
  [4;35;1mAnalyzing  Execution Time: 0.008896

[0m   [0mAggregate  (cost=814.49..814.50 rows=1 width=0)
   ->  Seq Scan on clicks  (cost=0.00..814.46 rows=11 width=0)
         Filter: (listing_id = 68082)
[0m
  [4;36;1mSQL (3.5ms)[0m   [0;1mSELECT count(*) AS count_all FROM "listings" WHERE ("listings".user_id = 25330) [0m
  [4;35;1mAnalyzing  Execution Time: 0.003813

[0m   [0mAggregate  (cost=1615.81..1615.82 rows=1 width=0)
   ->  Index Scan using index_listings_on_id_and_user_id_and_title on listings  (cost=0.00..1615.79 rows=4 width=0)
         Index Cond: (user_id = 25330)
[0m
  [4;36;1mListing Load (2.4ms)[0m   [0;1mSELECT * FROM "listings" WHERE ("listings".user_id = 25330) [0m
  [4;35;1mAnalyzing Listing Load Execution Time: 0.003329

[0m   [0mIndex Scan using index_listings_on_id_and_user_id_and_title on listings  (cost=0.00..1615.79 rows=4 width=1172)
   Index Cond: (user_id = 25330)
[0m
  [4;36;1mSQL (148.8ms)[0m   [0;1mSELECT count(*) AS count_all FROM "impressions" WHERE ("impressions".listing_id = 113055) [0m
  [4;35;1mAnalyzing  Execution Time: 0.149137

[0m   [0mAggregate  (cost=12714.08..12714.09 rows=1 width=0)
   ->  Seq Scan on impressions  (cost=0.00..12714.00 rows=31 width=0)
         Filter: (listing_id = 113055)
[0m
  [4;36;1mSQL (11.0ms)[0m   [0;1mSELECT count(*) AS count_all FROM "clicks" WHERE ("clicks".listing_id = 113055) [0m
  [4;35;1mAnalyzing  Execution Time: 0.011311

[0m   [0mAggregate  (cost=814.47..814.48 rows=1 width=0)
   ->  Seq Scan on clicks  (cost=0.00..814.46 rows=2 width=0)
         Filter: (listing_id = 113055)
[0m
  [4;36;1mSQL (2.1ms)[0m   [0;1mSELECT count(*) AS count_all FROM "listings" WHERE ("listings".user_id = 25329) [0m
  [4;35;1mAnalyzing  Execution Time: 0.002448

[0m   [0mAggregate  (cost=1615.81..1615.82 rows=1 width=0)
   ->  Index Scan using index_listings_on_id_and_user_id_and_title on listings  (cost=0.00..1615.79 rows=4 width=0)
         Index Cond: (user_id = 25329)
[0m
  [4;36;1mListing Load (2.0ms)[0m   [0;1mSELECT * FROM "listings" WHERE ("listings".user_id = 25329) [0m
  [4;35;1mAnalyzing Listing Load Execution Time: 0.003137

[0m   [0mIndex Scan using index_listings_on_id_and_user_id_and_title on listings  (cost=0.00..1615.79 rows=4 width=1172)
   Index Cond: (user_id = 25329)
[0m
  [4;36;1mSQL (157.7ms)[0m   [0;1mSELECT count(*) AS count_all FROM "impressions" WHERE ("impressions".listing_id = 89656) [0m
  [4;35;1mAnalyzing  Execution Time: 0.158129

[0m   [0mAggregate  (cost=12714.08..12714.09 rows=1 width=0)
   ->  Seq Scan on impressions  (cost=0.00..12714.00 rows=31 width=0)
         Filter: (listing_id = 89656)
[0m
  [4;36;1mSQL (147.4ms)[0m   [0;1mSELECT count(*) AS count_all FROM "impressions" WHERE ("impressions".listing_id = 89657) [0m
  [4;35;1mAnalyzing  Execution Time: 0.147706

[0m   [0mAggregate  (cost=12714.08..12714.09 rows=1 width=0)
   ->  Seq Scan on impressions  (cost=0.00..12714.00 rows=31 width=0)
         Filter: (listing_id = 89657)
[0m
  [4;36;1mSQL (9.6ms)[0m   [0;1mSELECT count(*) AS count_all FROM "clicks" WHERE ("clicks".listing_id = 89656) [0m
  [4;35;1mAnalyzing  Execution Time: 0.009953

[0m   [0mAggregate  (cost=814.47..814.48 rows=1 width=0)
   ->  Seq Scan on clicks  (cost=0.00..814.46 rows=2 width=0)
         Filter: (listing_id = 89656)
[0m
  [4;36;1mSQL (9.9ms)[0m   [0;1mSELECT count(*) AS count_all FROM "clicks" WHERE ("clicks".listing_id = 89657) [0m
  [4;35;1mAnalyzing  Execution Time: 0.0101650000000001

[0m   [0mAggregate  (cost=814.47..814.48 rows=1 width=0)
   ->  Seq Scan on clicks  (cost=0.00..814.46 rows=2 width=0)
         Filter: (listing_id = 89657)
[0m
  [4;36;1mSQL (2.2ms)[0m   [0;1mSELECT count(*) AS count_all FROM "listings" WHERE ("listings".user_id = 25328) [0m
  [4;35;1mAnalyzing  Execution Time: 0.002481

[0m   [0mAggregate  (cost=1615.81..1615.82 rows=1 width=0)
   ->  Index Scan using index_listings_on_id_and_user_id_and_title on listings  (cost=0.00..1615.79 rows=4 width=0)
         Index Cond: (user_id = 25328)
[0m
  [4;36;1mListing Load (1.9ms)[0m   [0;1mSELECT * FROM "listings" WHERE ("listings".user_id = 25328) [0m
  [4;35;1mAnalyzing Listing Load Execution Time: 0.002644

[0m   [0mIndex Scan using index_listings_on_id_and_user_id_and_title on listings  (cost=0.00..1615.79 rows=4 width=1172)
   Index Cond: (user_id = 25328)
[0m
  [4;36;1mSQL (152.2ms)[0m   [0;1mSELECT count(*) AS count_all FROM "impressions" WHERE ("impressions".listing_id = 113054) [0m
  [4;35;1mAnalyzing  Execution Time: 0.15252

[0m   [0mAggregate  (cost=12714.08..12714.09 rows=1 width=0)
   ->  Seq Scan on impressions  (cost=0.00..12714.00 rows=31 width=0)
         Filter: (listing_id = 113054)
[0m
  [4;36;1mSQL (8.4ms)[0m   [0;1mSELECT count(*) AS count_all FROM "clicks" WHERE ("clicks".listing_id = 113054) [0m
  [4;35;1mAnalyzing  Execution Time: 0.008679

[0m   [0mAggregate  (cost=814.47..814.48 rows=1 width=0)
   ->  Seq Scan on clicks  (cost=0.00..814.46 rows=2 width=0)
         Filter: (listing_id = 113054)
[0m
  [4;36;1mSQL (2.3ms)[0m   [0;1mSELECT count(*) AS count_all FROM "listings" WHERE ("listings".user_id = 25327) [0m
  [4;35;1mAnalyzing  Execution Time: 0.002639

[0m   [0mAggregate  (cost=1615.81..1615.82 rows=1 width=0)
   ->  Index Scan using index_listings_on_id_and_user_id_and_title on listings  (cost=0.00..1615.79 rows=4 width=0)
         Index Cond: (user_id = 25327)
[0m
  [4;36;1mListing Load (2.6ms)[0m   [0;1mSELECT * FROM "listings" WHERE ("listings".user_id = 25327) [0m
  [4;35;1mAnalyzing Listing Load Execution Time: 0.003341

[0m   [0mIndex Scan using index_listings_on_id_and_user_id_and_title on listings  (cost=0.00..1615.79 rows=4 width=1172)
   Index Cond: (user_id = 25327)
[0m
  [4;36;1mSQL (152.1ms)[0m   [0;1mSELECT count(*) AS count_all FROM "impressions" WHERE ("impressions".listing_id = 68557) [0m
  [4;35;1mAnalyzing  Execution Time: 0.152386

[0m   [0mAggregate  (cost=12714.08..12714.09 rows=1 width=0)
   ->  Seq Scan on impressions  (cost=0.00..12714.00 rows=31 width=0)
         Filter: (listing_id = 68557)
[0m
  [4;36;1mSQL (9.9ms)[0m   [0;1mSELECT count(*) AS count_all FROM "clicks" WHERE ("clicks".listing_id = 68557) [0m
  [4;35;1mAnalyzing  Execution Time: 0.010672

[0m   [0mAggregate  (cost=814.47..814.48 rows=1 width=0)
   ->  Seq Scan on clicks  (cost=0.00..814.46 rows=2 width=0)
         Filter: (listing_id = 68557)
[0m
  [4;36;1mSQL (2.2ms)[0m   [0;1mSELECT count(*) AS count_all FROM "listings" WHERE ("listings".user_id = 25326) [0m
  [4;35;1mAnalyzing  Execution Time: 0.002959

[0m   [0mAggregate  (cost=1615.81..1615.82 rows=1 width=0)
   ->  Index Scan using index_listings_on_id_and_user_id_and_title on listings  (cost=0.00..1615.79 rows=4 width=0)
         Index Cond: (user_id = 25326)
[0m
  [4;36;1mListing Load (2.0ms)[0m   [0;1mSELECT * FROM "listings" WHERE ("listings".user_id = 25326) [0m
  [4;35;1mAnalyzing Listing Load Execution Time: 0.002797

[0m   [0mIndex Scan using index_listings_on_id_and_user_id_and_title on listings  (cost=0.00..1615.79 rows=4 width=1172)
   Index Cond: (user_id = 25326)
[0m
  [4;36;1mSQL (156.3ms)[0m   [0;1mSELECT count(*) AS count_all FROM "impressions" WHERE ("impressions".listing_id = 113053) [0m
  [4;35;1mAnalyzing  Execution Time: 0.156648

[0m   [0mAggregate  (cost=12714.08..12714.09 rows=1 width=0)
   ->  Seq Scan on impressions  (cost=0.00..12714.00 rows=31 width=0)
         Filter: (listing_id = 113053)
[0m
  [4;36;1mSQL (9.8ms)[0m   [0;1mSELECT count(*) AS count_all FROM "clicks" WHERE ("clicks".listing_id = 113053) [0m
  [4;35;1mAnalyzing  Execution Time: 0.010099

[0m   [0mAggregate  (cost=814.47..814.48 rows=1 width=0)
   ->  Seq Scan on clicks  (cost=0.00..814.46 rows=2 width=0)
         Filter: (listing_id = 113053)
[0m
  [4;36;1mSQL (2.0ms)[0m   [0;1mSELECT count(*) AS count_all FROM "listings" WHERE ("listings".user_id = 25325) [0m
  [4;35;1mAnalyzing  Execution Time: 0.002272

[0m   [0mAggregate  (cost=1615.81..1615.82 rows=1 width=0)
   ->  Index Scan using index_listings_on_id_and_user_id_and_title on listings  (cost=0.00..1615.79 rows=4 width=0)
         Index Cond: (user_id = 25325)
[0m
  [4;36;1mListing Load (2.0ms)[0m   [0;1mSELECT * FROM "listings" WHERE ("listings".user_id = 25325) [0m
  [4;35;1mAnalyzing Listing Load Execution Time: 0.002654

[0m   [0mIndex Scan using index_listings_on_id_and_user_id_and_title on listings  (cost=0.00..1615.79 rows=4 width=1172)
   Index Cond: (user_id = 25325)
[0m
  [4;36;1mSQL (193.0ms)[0m   [0;1mSELECT count(*) AS count_all FROM "impressions" WHERE ("impressions".listing_id = 78830) [0m
  [4;35;1mAnalyzing  Execution Time: 0.19324

[0m   [0mAggregate  (cost=12714.08..12714.09 rows=1 width=0)
   ->  Seq Scan on impressions  (cost=0.00..12714.00 rows=31 width=0)
         Filter: (listing_id = 78830)
[0m
  [4;36;1mSQL (9.7ms)[0m   [0;1mSELECT count(*) AS count_all FROM "clicks" WHERE ("clicks".listing_id = 78830) [0m
  [4;35;1mAnalyzing  Execution Time: 0.00997

[0m   [0mAggregate  (cost=814.47..814.48 rows=1 width=0)
   ->  Seq Scan on clicks  (cost=0.00..814.46 rows=2 width=0)
         Filter: (listing_id = 78830)
[0m
  [4;36;1mSQL (2.2ms)[0m   [0;1mSELECT count(*) AS count_all FROM "listings" WHERE ("listings".user_id = 25324) [0m
  [4;35;1mAnalyzing  Execution Time: 0.002506

[0m   [0mAggregate  (cost=1615.81..1615.82 rows=1 width=0)
   ->  Index Scan using index_listings_on_id_and_user_id_and_title on listings  (cost=0.00..1615.79 rows=4 width=0)
         Index Cond: (user_id = 25324)
[0m
  [4;36;1mListing Load (2.2ms)[0m   [0;1mSELECT * FROM "listings" WHERE ("listings".user_id = 25324) [0m
  [4;35;1mAnalyzing Listing Load Execution Time: 0.002983

[0m   [0mIndex Scan using index_listings_on_id_and_user_id_and_title on listings  (cost=0.00..1615.79 rows=4 width=1172)
   Index Cond: (user_id = 25324)
[0m
  [4;36;1mSQL (151.1ms)[0m   [0;1mSELECT count(*) AS count_all FROM "impressions" WHERE ("impressions".listing_id = 113052) [0m
  [4;35;1mAnalyzing  Execution Time: 0.15136

[0m   [0mAggregate  (cost=12714.08..12714.09 rows=1 width=0)
   ->  Seq Scan on impressions  (cost=0.00..12714.00 rows=31 width=0)
         Filter: (listing_id = 113052)
[0m
  [4;36;1mSQL (10.2ms)[0m   [0;1mSELECT count(*) AS count_all FROM "clicks" WHERE ("clicks".listing_id = 113052) [0m
  [4;35;1mAnalyzing  Execution Time: 0.010415

[0m   [0mAggregate  (cost=814.47..814.48 rows=1 width=0)
   ->  Seq Scan on clicks  (cost=0.00..814.46 rows=2 width=0)
         Filter: (listing_id = 113052)
[0m
  [4;36;1mSQL (2.1ms)[0m   [0;1mSELECT count(*) AS count_all FROM "listings" WHERE ("listings".user_id = 25323) [0m
  [4;35;1mAnalyzing  Execution Time: 0.002386

[0m   [0mAggregate  (cost=1615.81..1615.82 rows=1 width=0)
   ->  Index Scan using index_listings_on_id_and_user_id_and_title on listings  (cost=0.00..1615.79 rows=4 width=0)
         Index Cond: (user_id = 25323)
[0m
  [4;36;1mListing Load (2.2ms)[0m   [0;1mSELECT * FROM "listings" WHERE ("listings".user_id = 25323) [0m
  [4;35;1mAnalyzing Listing Load Execution Time: 0.005458

[0m   [0mIndex Scan using index_listings_on_id_and_user_id_and_title on listings  (cost=0.00..1615.79 rows=4 width=1172)
   Index Cond: (user_id = 25323)
[0m
  [4;36;1mSQL (150.3ms)[0m   [0;1mSELECT count(*) AS count_all FROM "impressions" WHERE ("impressions".listing_id = 76838) [0m
  [4;35;1mAnalyzing  Execution Time: 0.150525

[0m   [0mAggregate  (cost=12714.08..12714.09 rows=1 width=0)
   ->  Seq Scan on impressions  (cost=0.00..12714.00 rows=31 width=0)
         Filter: (listing_id = 76838)
[0m
  [4;36;1mSQL (146.4ms)[0m   [0;1mSELECT count(*) AS count_all FROM "impressions" WHERE ("impressions".listing_id = 79727) [0m
  [4;35;1mAnalyzing  Execution Time: 0.146688

[0m   [0mAggregate  (cost=12714.08..12714.09 rows=1 width=0)
   ->  Seq Scan on impressions  (cost=0.00..12714.00 rows=31 width=0)
         Filter: (listing_id = 79727)
[0m
  [4;36;1mSQL (149.5ms)[0m   [0;1mSELECT count(*) AS count_all FROM "impressions" WHERE ("impressions".listing_id = 79728) [0m
  [4;35;1mAnalyzing  Execution Time: 0.149799

[0m   [0mAggregate  (cost=12714.08..12714.09 rows=1 width=0)
   ->  Seq Scan on impressions  (cost=0.00..12714.00 rows=31 width=0)
         Filter: (listing_id = 79728)
[0m
  [4;36;1mSQL (147.3ms)[0m   [0;1mSELECT count(*) AS count_all FROM "impressions" WHERE ("impressions".listing_id = 81168) [0m
  [4;35;1mAnalyzing  Execution Time: 0.147578

[0m   [0mAggregate  (cost=12714.08..12714.09 rows=1 width=0)
   ->  Seq Scan on impressions  (cost=0.00..12714.00 rows=31 width=0)
         Filter: (listing_id = 81168)
[0m
  [4;36;1mSQL (152.2ms)[0m   [0;1mSELECT count(*) AS count_all FROM "impressions" WHERE ("impressions".listing_id = 105586) [0m
  [4;35;1mAnalyzing  Execution Time: 0.152464

[0m   [0mAggregate  (cost=12714.08..12714.09 rows=1 width=0)
   ->  Seq Scan on impressions  (cost=0.00..12714.00 rows=31 width=0)
         Filter: (listing_id = 105586)
[0m
  [4;36;1mSQL (147.1ms)[0m   [0;1mSELECT count(*) AS count_all FROM "impressions" WHERE ("impressions".listing_id = 105587) [0m
  [4;35;1mAnalyzing  Execution Time: 0.147316

[0m   [0mAggregate  (cost=12714.08..12714.09 rows=1 width=0)
   ->  Seq Scan on impressions  (cost=0.00..12714.00 rows=31 width=0)
         Filter: (listing_id = 105587)
[0m
  [4;36;1mSQL (145.8ms)[0m   [0;1mSELECT count(*) AS count_all FROM "impressions" WHERE ("impressions".listing_id = 105588) [0m
  [4;35;1mAnalyzing  Execution Time: 0.14606

[0m   [0mAggregate  (cost=12714.08..12714.09 rows=1 width=0)
   ->  Seq Scan on impressions  (cost=0.00..12714.00 rows=31 width=0)
         Filter: (listing_id = 105588)
[0m
  [4;36;1mSQL (142.0ms)[0m   [0;1mSELECT count(*) AS count_all FROM "impressions" WHERE ("impressions".listing_id = 105590) [0m
  [4;35;1mAnalyzing  Execution Time: 0.142239

[0m   [0mAggregate  (cost=12714.08..12714.09 rows=1 width=0)
   ->  Seq Scan on impressions  (cost=0.00..12714.00 rows=31 width=0)
         Filter: (listing_id = 105590)
[0m
  [4;36;1mSQL (12.4ms)[0m   [0;1mSELECT count(*) AS count_all FROM "clicks" WHERE ("clicks".listing_id = 76838) [0m
  [4;35;1mAnalyzing  Execution Time: 0.012694

[0m   [0mAggregate  (cost=814.47..814.48 rows=1 width=0)
   ->  Seq Scan on clicks  (cost=0.00..814.46 rows=2 width=0)
         Filter: (listing_id = 76838)
[0m
  [4;36;1mSQL (10.1ms)[0m   [0;1mSELECT count(*) AS count_all FROM "clicks" WHERE ("clicks".listing_id = 79727) [0m
  [4;35;1mAnalyzing  Execution Time: 0.010378

[0m   [0mAggregate  (cost=814.47..814.48 rows=1 width=0)
   ->  Seq Scan on clicks  (cost=0.00..814.46 rows=2 width=0)
         Filter: (listing_id = 79727)
[0m
  [4;36;1mSQL (8.4ms)[0m   [0;1mSELECT count(*) AS count_all FROM "clicks" WHERE ("clicks".listing_id = 79728) [0m
  [4;35;1mAnalyzing  Execution Time: 0.008683

[0m   [0mAggregate  (cost=814.47..814.48 rows=1 width=0)
   ->  Seq Scan on clicks  (cost=0.00..814.46 rows=2 width=0)
         Filter: (listing_id = 79728)
[0m
  [4;36;1mSQL (8.7ms)[0m   [0;1mSELECT count(*) AS count_all FROM "clicks" WHERE ("clicks".listing_id = 81168) [0m
  [4;35;1mAnalyzing  Execution Time: 0.009007

[0m   [0mAggregate  (cost=814.47..814.48 rows=1 width=0)
   ->  Seq Scan on clicks  (cost=0.00..814.46 rows=2 width=0)
         Filter: (listing_id = 81168)
[0m
  [4;36;1mSQL (8.9ms)[0m   [0;1mSELECT count(*) AS count_all FROM "clicks" WHERE ("clicks".listing_id = 105586) [0m
  [4;35;1mAnalyzing  Execution Time: 0.009137

[0m   [0mAggregate  (cost=814.49..814.50 rows=1 width=0)
   ->  Seq Scan on clicks  (cost=0.00..814.46 rows=10 width=0)
         Filter: (listing_id = 105586)
[0m
  [4;36;1mSQL (8.4ms)[0m   [0;1mSELECT count(*) AS count_all FROM "clicks" WHERE ("clicks".listing_id = 105587) [0m
  [4;35;1mAnalyzing  Execution Time: 0.00869

[0m   [0mAggregate  (cost=814.47..814.48 rows=1 width=0)
   ->  Seq Scan on clicks  (cost=0.00..814.46 rows=2 width=0)
         Filter: (listing_id = 105587)
[0m
  [4;36;1mSQL (10.4ms)[0m   [0;1mSELECT count(*) AS count_all FROM "clicks" WHERE ("clicks".listing_id = 105588) [0m
  [4;35;1mAnalyzing  Execution Time: 0.010636

[0m   [0mAggregate  (cost=814.47..814.48 rows=1 width=0)
   ->  Seq Scan on clicks  (cost=0.00..814.46 rows=2 width=0)
         Filter: (listing_id = 105588)
[0m
  [4;36;1mSQL (9.1ms)[0m   [0;1mSELECT count(*) AS count_all FROM "clicks" WHERE ("clicks".listing_id = 105590) [0m
  [4;35;1mAnalyzing  Execution Time: 0.009376

[0m   [0mAggregate  (cost=814.51..814.52 rows=1 width=0)
   ->  Seq Scan on clicks  (cost=0.00..814.46 rows=19 width=0)
         Filter: (listing_id = 105590)
[0m
  [4;36;1mSQL (4.3ms)[0m   [0;1mSELECT count(*) AS count_all FROM "listings" WHERE ("listings".user_id = 25322) [0m
  [4;35;1mAnalyzing  Execution Time: 0.004582

[0m   [0mAggregate  (cost=1615.81..1615.82 rows=1 width=0)
   ->  Index Scan using index_listings_on_id_and_user_id_and_title on listings  (cost=0.00..1615.79 rows=4 width=0)
         Index Cond: (user_id = 25322)
[0m
  [4;36;1mListing Load (2.0ms)[0m   [0;1mSELECT * FROM "listings" WHERE ("listings".user_id = 25322) [0m
  [4;35;1mAnalyzing Listing Load Execution Time: 0.002719

[0m   [0mIndex Scan using index_listings_on_id_and_user_id_and_title on listings  (cost=0.00..1615.79 rows=4 width=1172)
   Index Cond: (user_id = 25322)
[0m
  [4;36;1mSQL (153.1ms)[0m   [0;1mSELECT count(*) AS count_all FROM "impressions" WHERE ("impressions".listing_id = 113051) [0m
  [4;35;1mAnalyzing  Execution Time: 0.153399

[0m   [0mAggregate  (cost=12714.08..12714.09 rows=1 width=0)
   ->  Seq Scan on impressions  (cost=0.00..12714.00 rows=31 width=0)
         Filter: (listing_id = 113051)
[0m
  [4;36;1mSQL (8.6ms)[0m   [0;1mSELECT count(*) AS count_all FROM "clicks" WHERE ("clicks".listing_id = 113051) [0m
  [4;35;1mAnalyzing  Execution Time: 0.008803

[0m   [0mAggregate  (cost=814.49..814.50 rows=1 width=0)
   ->  Seq Scan on clicks  (cost=0.00..814.46 rows=8 width=0)
         Filter: (listing_id = 113051)
[0m
  [4;36;1mSQL (2.4ms)[0m   [0;1mSELECT count(*) AS count_all FROM "listings" WHERE ("listings".user_id = 25320) [0m
  [4;35;1mAnalyzing  Execution Time: 0.002735

[0m   [0mAggregate  (cost=1615.81..1615.82 rows=1 width=0)
   ->  Index Scan using index_listings_on_id_and_user_id_and_title on listings  (cost=0.00..1615.79 rows=4 width=0)
         Index Cond: (user_id = 25320)
[0m
  [4;36;1mListing Load (2.3ms)[0m   [0;1mSELECT * FROM "listings" WHERE ("listings".user_id = 25320) [0m
  [4;35;1mAnalyzing Listing Load Execution Time: 0.003498

[0m   [0mIndex Scan using index_listings_on_id_and_user_id_and_title on listings  (cost=0.00..1615.79 rows=4 width=1172)
   Index Cond: (user_id = 25320)
[0m
  [4;36;1mSQL (154.7ms)[0m   [0;1mSELECT count(*) AS count_all FROM "impressions" WHERE ("impressions".listing_id = 113049) [0m
  [4;35;1mAnalyzing  Execution Time: 0.155007

[0m   [0mAggregate  (cost=12714.08..12714.09 rows=1 width=0)
   ->  Seq Scan on impressions  (cost=0.00..12714.00 rows=31 width=0)
         Filter: (listing_id = 113049)
[0m
  [4;36;1mSQL (9.9ms)[0m   [0;1mSELECT count(*) AS count_all FROM "clicks" WHERE ("clicks".listing_id = 113049) [0m
  [4;35;1mAnalyzing  Execution Time: 0.010191

[0m   [0mAggregate  (cost=814.47..814.48 rows=1 width=0)
   ->  Seq Scan on clicks  (cost=0.00..814.46 rows=2 width=0)
         Filter: (listing_id = 113049)
[0m
  [4;36;1mSQL (2.4ms)[0m   [0;1mSELECT count(*) AS count_all FROM "listings" WHERE ("listings".user_id = 25319) [0m
  [4;35;1mAnalyzing  Execution Time: 0.002672

[0m   [0mAggregate  (cost=1615.81..1615.82 rows=1 width=0)
   ->  Index Scan using index_listings_on_id_and_user_id_and_title on listings  (cost=0.00..1615.79 rows=4 width=0)
         Index Cond: (user_id = 25319)
[0m
  [4;36;1mListing Load (2.2ms)[0m   [0;1mSELECT * FROM "listings" WHERE ("listings".user_id = 25319) [0m
  [4;35;1mAnalyzing Listing Load Execution Time: 0.003999

[0m   [0mIndex Scan using index_listings_on_id_and_user_id_and_title on listings  (cost=0.00..1615.79 rows=4 width=1172)
   Index Cond: (user_id = 25319)
[0m
  [4;36;1mSQL (150.1ms)[0m   [0;1mSELECT count(*) AS count_all FROM "impressions" WHERE ("impressions".listing_id = 77593) [0m
  [4;35;1mAnalyzing  Execution Time: 0.150407

[0m   [0mAggregate  (cost=12714.08..12714.09 rows=1 width=0)
   ->  Seq Scan on impressions  (cost=0.00..12714.00 rows=31 width=0)
         Filter: (listing_id = 77593)
[0m
  [4;36;1mSQL (155.7ms)[0m   [0;1mSELECT count(*) AS count_all FROM "impressions" WHERE ("impressions".listing_id = 81560) [0m
  [4;35;1mAnalyzing  Execution Time: 0.156011

[0m   [0mAggregate  (cost=12714.08..12714.09 rows=1 width=0)
   ->  Seq Scan on impressions  (cost=0.00..12714.00 rows=31 width=0)
         Filter: (listing_id = 81560)
[0m
  [4;36;1mSQL (155.0ms)[0m   [0;1mSELECT count(*) AS count_all FROM "impressions" WHERE ("impressions".listing_id = 88581) [0m
  [4;35;1mAnalyzing  Execution Time: 0.155251

[0m   [0mAggregate  (cost=12714.08..12714.09 rows=1 width=0)
   ->  Seq Scan on impressions  (cost=0.00..12714.00 rows=31 width=0)
         Filter: (listing_id = 88581)
[0m
  [4;36;1mSQL (152.8ms)[0m   [0;1mSELECT count(*) AS count_all FROM "impressions" WHERE ("impressions".listing_id = 95256) [0m
  [4;35;1mAnalyzing  Execution Time: 0.153061

[0m   [0mAggregate  (cost=12714.08..12714.09 rows=1 width=0)
   ->  Seq Scan on impressions  (cost=0.00..12714.00 rows=31 width=0)
         Filter: (listing_id = 95256)
[0m
  [4;36;1mSQL (9.5ms)[0m   [0;1mSELECT count(*) AS count_all FROM "clicks" WHERE ("clicks".listing_id = 77593) [0m
  [4;35;1mAnalyzing  Execution Time: 0.009807

[0m   [0mAggregate  (cost=814.47..814.48 rows=1 width=0)
   ->  Seq Scan on clicks  (cost=0.00..814.46 rows=2 width=0)
         Filter: (listing_id = 77593)
[0m
  [4;36;1mSQL (8.5ms)[0m   [0;1mSELECT count(*) AS count_all FROM "clicks" WHERE ("clicks".listing_id = 81560) [0m
  [4;35;1mAnalyzing  Execution Time: 0.008769

[0m   [0mAggregate  (cost=814.47..814.48 rows=1 width=0)
   ->  Seq Scan on clicks  (cost=0.00..814.46 rows=2 width=0)
         Filter: (listing_id = 81560)
[0m
  [4;36;1mSQL (9.9ms)[0m   [0;1mSELECT count(*) AS count_all FROM "clicks" WHERE ("clicks".listing_id = 88581) [0m
  [4;35;1mAnalyzing  Execution Time: 0.010259

[0m   [0mAggregate  (cost=814.47..814.48 rows=1 width=0)
   ->  Seq Scan on clicks  (cost=0.00..814.46 rows=2 width=0)
         Filter: (listing_id = 88581)
[0m
  [4;36;1mSQL (9.6ms)[0m   [0;1mSELECT count(*) AS count_all FROM "clicks" WHERE ("clicks".listing_id = 95256) [0m
  [4;35;1mAnalyzing  Execution Time: 0.009848

[0m   [0mAggregate  (cost=814.47..814.48 rows=1 width=0)
   ->  Seq Scan on clicks  (cost=0.00..814.46 rows=2 width=0)
         Filter: (listing_id = 95256)
[0m
  [4;36;1mSQL (2.1ms)[0m   [0;1mSELECT count(*) AS count_all FROM "listings" WHERE ("listings".user_id = 25318) [0m
  [4;35;1mAnalyzing  Execution Time: 0.002323

[0m   [0mAggregate  (cost=1615.81..1615.82 rows=1 width=0)
   ->  Index Scan using index_listings_on_id_and_user_id_and_title on listings  (cost=0.00..1615.79 rows=4 width=0)
         Index Cond: (user_id = 25318)
[0m
  [4;36;1mListing Load (2.0ms)[0m   [0;1mSELECT * FROM "listings" WHERE ("listings".user_id = 25318) [0m
  [4;35;1mAnalyzing Listing Load Execution Time: 0.002755

[0m   [0mIndex Scan using index_listings_on_id_and_user_id_and_title on listings  (cost=0.00..1615.79 rows=4 width=1172)
   Index Cond: (user_id = 25318)
[0m
  [4;36;1mSQL (152.0ms)[0m   [0;1mSELECT count(*) AS count_all FROM "impressions" WHERE ("impressions".listing_id = 113048) [0m
  [4;35;1mAnalyzing  Execution Time: 0.152247

[0m   [0mAggregate  (cost=12714.08..12714.09 rows=1 width=0)
   ->  Seq Scan on impressions  (cost=0.00..12714.00 rows=31 width=0)
         Filter: (listing_id = 113048)
[0m
  [4;36;1mSQL (8.5ms)[0m   [0;1mSELECT count(*) AS count_all FROM "clicks" WHERE ("clicks".listing_id = 113048) [0m
  [4;35;1mAnalyzing  Execution Time: 0.008771

[0m   [0mAggregate  (cost=814.47..814.48 rows=1 width=0)
   ->  Seq Scan on clicks  (cost=0.00..814.46 rows=2 width=0)
         Filter: (listing_id = 113048)
[0m
  [4;36;1mSQL (2.2ms)[0m   [0;1mSELECT count(*) AS count_all FROM "listings" WHERE ("listings".user_id = 25317) [0m
  [4;35;1mAnalyzing  Execution Time: 0.002485

[0m   [0mAggregate  (cost=1615.81..1615.82 rows=1 width=0)
   ->  Index Scan using index_listings_on_id_and_user_id_and_title on listings  (cost=0.00..1615.79 rows=4 width=0)
         Index Cond: (user_id = 25317)
[0m
  [4;36;1mListing Load (2.1ms)[0m   [0;1mSELECT * FROM "listings" WHERE ("listings".user_id = 25317) [0m
  [4;35;1mAnalyzing Listing Load Execution Time: 0.003006

[0m   [0mIndex Scan using index_listings_on_id_and_user_id_and_title on listings  (cost=0.00..1615.79 rows=4 width=1172)
   Index Cond: (user_id = 25317)
[0m
  [4;36;1mSQL (211.9ms)[0m   [0;1mSELECT count(*) AS count_all FROM "impressions" WHERE ("impressions".listing_id = 68610) [0m
  [4;35;1mAnalyzing  Execution Time: 0.212174

[0m   [0mAggregate  (cost=12714.08..12714.09 rows=1 width=0)
   ->  Seq Scan on impressions  (cost=0.00..12714.00 rows=31 width=0)
         Filter: (listing_id = 68610)
[0m
  [4;36;1mSQL (8.4ms)[0m   [0;1mSELECT count(*) AS count_all FROM "clicks" WHERE ("clicks".listing_id = 68610) [0m
  [4;35;1mAnalyzing  Execution Time: 0.008697

[0m   [0mAggregate  (cost=814.47..814.48 rows=1 width=0)
   ->  Seq Scan on clicks  (cost=0.00..814.46 rows=2 width=0)
         Filter: (listing_id = 68610)
[0m
  [4;36;1mSQL (2.2ms)[0m   [0;1mSELECT count(*) AS count_all FROM "listings" WHERE ("listings".user_id = 25314) [0m
  [4;35;1mAnalyzing  Execution Time: 0.002466

[0m   [0mAggregate  (cost=1615.81..1615.82 rows=1 width=0)
   ->  Index Scan using index_listings_on_id_and_user_id_and_title on listings  (cost=0.00..1615.79 rows=4 width=0)
         Index Cond: (user_id = 25314)
[0m
  [4;36;1mListing Load (3.1ms)[0m   [0;1mSELECT * FROM "listings" WHERE ("listings".user_id = 25314) [0m
  [4;35;1mAnalyzing Listing Load Execution Time: 0.009381

[0m   [0mIndex Scan using index_listings_on_id_and_user_id_and_title on listings  (cost=0.00..1615.79 rows=4 width=1172)
   Index Cond: (user_id = 25314)
[0m
  [4;36;1mSQL (149.9ms)[0m   [0;1mSELECT count(*) AS count_all FROM "impressions" WHERE ("impressions".listing_id = 67785) [0m
  [4;35;1mAnalyzing  Execution Time: 0.150195

[0m   [0mAggregate  (cost=12714.08..12714.09 rows=1 width=0)
   ->  Seq Scan on impressions  (cost=0.00..12714.00 rows=31 width=0)
         Filter: (listing_id = 67785)
[0m
  [4;36;1mSQL (163.8ms)[0m   [0;1mSELECT count(*) AS count_all FROM "impressions" WHERE ("impressions".listing_id = 70300) [0m
  [4;35;1mAnalyzing  Execution Time: 0.164019

[0m   [0mAggregate  (cost=12714.08..12714.09 rows=1 width=0)
   ->  Seq Scan on impressions  (cost=0.00..12714.00 rows=31 width=0)
         Filter: (listing_id = 70300)
[0m
  [4;36;1mSQL (162.4ms)[0m   [0;1mSELECT count(*) AS count_all FROM "impressions" WHERE ("impressions".listing_id = 86210) [0m
  [4;35;1mAnalyzing  Execution Time: 0.162695

[0m   [0mAggregate  (cost=12714.08..12714.09 rows=1 width=0)
   ->  Seq Scan on impressions  (cost=0.00..12714.00 rows=31 width=0)
         Filter: (listing_id = 86210)
[0m
  [4;36;1mSQL (194.7ms)[0m   [0;1mSELECT count(*) AS count_all FROM "impressions" WHERE ("impressions".listing_id = 86211) [0m
  [4;35;1mAnalyzing  Execution Time: 0.194984

[0m   [0mAggregate  (cost=12714.08..12714.09 rows=1 width=0)
   ->  Seq Scan on impressions  (cost=0.00..12714.00 rows=31 width=0)
         Filter: (listing_id = 86211)
[0m
  [4;36;1mSQL (159.2ms)[0m   [0;1mSELECT count(*) AS count_all FROM "impressions" WHERE ("impressions".listing_id = 86212) [0m
  [4;35;1mAnalyzing  Execution Time: 0.159477

[0m   [0mAggregate  (cost=12714.08..12714.09 rows=1 width=0)
   ->  Seq Scan on impressions  (cost=0.00..12714.00 rows=31 width=0)
         Filter: (listing_id = 86212)
[0m
  [4;36;1mSQL (154.3ms)[0m   [0;1mSELECT count(*) AS count_all FROM "impressions" WHERE ("impressions".listing_id = 86213) [0m
  [4;35;1mAnalyzing  Execution Time: 0.154621

[0m   [0mAggregate  (cost=12714.08..12714.09 rows=1 width=0)
   ->  Seq Scan on impressions  (cost=0.00..12714.00 rows=31 width=0)
         Filter: (listing_id = 86213)
[0m
  [4;36;1mSQL (164.1ms)[0m   [0;1mSELECT count(*) AS count_all FROM "impressions" WHERE ("impressions".listing_id = 86215) [0m
  [4;35;1mAnalyzing  Execution Time: 0.164405

[0m   [0mAggregate  (cost=12714.08..12714.09 rows=1 width=0)
   ->  Seq Scan on impressions  (cost=0.00..12714.00 rows=31 width=0)
         Filter: (listing_id = 86215)
[0m
  [4;36;1mSQL (147.8ms)[0m   [0;1mSELECT count(*) AS count_all FROM "impressions" WHERE ("impressions".listing_id = 86217) [0m
  [4;35;1mAnalyzing  Execution Time: 0.148045

[0m   [0mAggregate  (cost=12714.08..12714.09 rows=1 width=0)
   ->  Seq Scan on impressions  (cost=0.00..12714.00 rows=31 width=0)
         Filter: (listing_id = 86217)
[0m
  [4;36;1mSQL (151.9ms)[0m   [0;1mSELECT count(*) AS count_all FROM "impressions" WHERE ("impressions".listing_id = 86218) [0m
  [4;35;1mAnalyzing  Execution Time: 0.152208

[0m   [0mAggregate  (cost=12714.08..12714.09 rows=1 width=0)
   ->  Seq Scan on impressions  (cost=0.00..12714.00 rows=31 width=0)
         Filter: (listing_id = 86218)
[0m
  [4;36;1mSQL (154.6ms)[0m   [0;1mSELECT count(*) AS count_all FROM "impressions" WHERE ("impressions".listing_id = 86219) [0m
  [4;35;1mAnalyzing  Execution Time: 0.154929

[0m   [0mAggregate  (cost=12714.08..12714.09 rows=1 width=0)
   ->  Seq Scan on impressions  (cost=0.00..12714.00 rows=31 width=0)
         Filter: (listing_id = 86219)
[0m
  [4;36;1mSQL (152.4ms)[0m   [0;1mSELECT count(*) AS count_all FROM "impressions" WHERE ("impressions".listing_id = 86220) [0m
  [4;35;1mAnalyzing  Execution Time: 0.152695

[0m   [0mAggregate  (cost=12714.08..12714.09 rows=1 width=0)
   ->  Seq Scan on impressions  (cost=0.00..12714.00 rows=31 width=0)
         Filter: (listing_id = 86220)
[0m
  [4;36;1mSQL (235.9ms)[0m   [0;1mSELECT count(*) AS count_all FROM "impressions" WHERE ("impressions".listing_id = 86221) [0m
  [4;35;1mAnalyzing  Execution Time: 0.236148

[0m   [0mAggregate  (cost=12714.08..12714.09 rows=1 width=0)
   ->  Seq Scan on impressions  (cost=0.00..12714.00 rows=31 width=0)
         Filter: (listing_id = 86221)
[0m
  [4;36;1mSQL (147.9ms)[0m   [0;1mSELECT count(*) AS count_all FROM "impressions" WHERE ("impressions".listing_id = 86222) [0m
  [4;35;1mAnalyzing  Execution Time: 0.148123

[0m   [0mAggregate  (cost=12714.08..12714.09 rows=1 width=0)
   ->  Seq Scan on impressions  (cost=0.00..12714.00 rows=31 width=0)
         Filter: (listing_id = 86222)
[0m
  [4;36;1mSQL (144.6ms)[0m   [0;1mSELECT count(*) AS count_all FROM "impressions" WHERE ("impressions".listing_id = 86223) [0m
  [4;35;1mAnalyzing  Execution Time: 0.144912

[0m   [0mAggregate  (cost=12714.08..12714.09 rows=1 width=0)
   ->  Seq Scan on impressions  (cost=0.00..12714.00 rows=31 width=0)
         Filter: (listing_id = 86223)
[0m
  [4;36;1mSQL (146.3ms)[0m   [0;1mSELECT count(*) AS count_all FROM "impressions" WHERE ("impressions".listing_id = 86224) [0m
  [4;35;1mAnalyzing  Execution Time: 0.146591

[0m   [0mAggregate  (cost=12714.08..12714.09 rows=1 width=0)
   ->  Seq Scan on impressions  (cost=0.00..12714.00 rows=31 width=0)
         Filter: (listing_id = 86224)
[0m
  [4;36;1mSQL (149.0ms)[0m   [0;1mSELECT count(*) AS count_all FROM "impressions" WHERE ("impressions".listing_id = 86225) [0m
  [4;35;1mAnalyzing  Execution Time: 0.14923

[0m   [0mAggregate  (cost=12714.08..12714.09 rows=1 width=0)
   ->  Seq Scan on impressions  (cost=0.00..12714.00 rows=31 width=0)
         Filter: (listing_id = 86225)
[0m
  [4;36;1mSQL (12.4ms)[0m   [0;1mSELECT count(*) AS count_all FROM "clicks" WHERE ("clicks".listing_id = 67785) [0m
  [4;35;1mAnalyzing  Execution Time: 0.012652

[0m   [0mAggregate  (cost=814.47..814.48 rows=1 width=0)
   ->  Seq Scan on clicks  (cost=0.00..814.46 rows=2 width=0)
         Filter: (listing_id = 67785)
[0m
  [4;36;1mSQL (10.1ms)[0m   [0;1mSELECT count(*) AS count_all FROM "clicks" WHERE ("clicks".listing_id = 70300) [0m
  [4;35;1mAnalyzing  Execution Time: 0.010373

[0m   [0mAggregate  (cost=814.47..814.48 rows=1 width=0)
   ->  Seq Scan on clicks  (cost=0.00..814.46 rows=2 width=0)
         Filter: (listing_id = 70300)
[0m
  [4;36;1mSQL (8.9ms)[0m   [0;1mSELECT count(*) AS count_all FROM "clicks" WHERE ("clicks".listing_id = 86210) [0m
  [4;35;1mAnalyzing  Execution Time: 0.009128

[0m   [0mAggregate  (cost=814.47..814.48 rows=1 width=0)
   ->  Seq Scan on clicks  (cost=0.00..814.46 rows=2 width=0)
         Filter: (listing_id = 86210)
[0m
  [4;36;1mSQL (9.5ms)[0m   [0;1mSELECT count(*) AS count_all FROM "clicks" WHERE ("clicks".listing_id = 86211) [0m
  [4;35;1mAnalyzing  Execution Time: 0.009816

[0m   [0mAggregate  (cost=814.47..814.48 rows=1 width=0)
   ->  Seq Scan on clicks  (cost=0.00..814.46 rows=2 width=0)
         Filter: (listing_id = 86211)
[0m
  [4;36;1mSQL (9.5ms)[0m   [0;1mSELECT count(*) AS count_all FROM "clicks" WHERE ("clicks".listing_id = 86212) [0m
  [4;35;1mAnalyzing  Execution Time: 0.009798

[0m   [0mAggregate  (cost=814.47..814.48 rows=1 width=0)
   ->  Seq Scan on clicks  (cost=0.00..814.46 rows=2 width=0)
         Filter: (listing_id = 86212)
[0m
  [4;36;1mSQL (8.4ms)[0m   [0;1mSELECT count(*) AS count_all FROM "clicks" WHERE ("clicks".listing_id = 86213) [0m
  [4;35;1mAnalyzing  Execution Time: 0.008643

[0m   [0mAggregate  (cost=814.47..814.48 rows=1 width=0)
   ->  Seq Scan on clicks  (cost=0.00..814.46 rows=2 width=0)
         Filter: (listing_id = 86213)
[0m
  [4;36;1mSQL (10.0ms)[0m   [0;1mSELECT count(*) AS count_all FROM "clicks" WHERE ("clicks".listing_id = 86215) [0m
  [4;35;1mAnalyzing  Execution Time: 0.01024

[0m   [0mAggregate  (cost=814.47..814.48 rows=1 width=0)
   ->  Seq Scan on clicks  (cost=0.00..814.46 rows=2 width=0)
         Filter: (listing_id = 86215)
[0m
  [4;36;1mSQL (10.5ms)[0m   [0;1mSELECT count(*) AS count_all FROM "clicks" WHERE ("clicks".listing_id = 86217) [0m
  [4;35;1mAnalyzing  Execution Time: 0.010745

[0m   [0mAggregate  (cost=814.47..814.48 rows=1 width=0)
   ->  Seq Scan on clicks  (cost=0.00..814.46 rows=2 width=0)
         Filter: (listing_id = 86217)
[0m
  [4;36;1mSQL (8.4ms)[0m   [0;1mSELECT count(*) AS count_all FROM "clicks" WHERE ("clicks".listing_id = 86218) [0m
  [4;35;1mAnalyzing  Execution Time: 0.008672

[0m   [0mAggregate  (cost=814.47..814.48 rows=1 width=0)
   ->  Seq Scan on clicks  (cost=0.00..814.46 rows=2 width=0)
         Filter: (listing_id = 86218)
[0m
  [4;36;1mSQL (9.4ms)[0m   [0;1mSELECT count(*) AS count_all FROM "clicks" WHERE ("clicks".listing_id = 86219) [0m
  [4;35;1mAnalyzing  Execution Time: 0.009646

[0m   [0mAggregate  (cost=814.47..814.48 rows=1 width=0)
   ->  Seq Scan on clicks  (cost=0.00..814.46 rows=2 width=0)
         Filter: (listing_id = 86219)
[0m
  [4;36;1mSQL (9.1ms)[0m   [0;1mSELECT count(*) AS count_all FROM "clicks" WHERE ("clicks".listing_id = 86220) [0m
  [4;35;1mAnalyzing  Execution Time: 0.009316

[0m   [0mAggregate  (cost=814.47..814.48 rows=1 width=0)
   ->  Seq Scan on clicks  (cost=0.00..814.46 rows=2 width=0)
         Filter: (listing_id = 86220)
[0m
  [4;36;1mSQL (8.3ms)[0m   [0;1mSELECT count(*) AS count_all FROM "clicks" WHERE ("clicks".listing_id = 86221) [0m
  [4;35;1mAnalyzing  Execution Time: 0.008584

[0m   [0mAggregate  (cost=814.47..814.48 rows=1 width=0)
   ->  Seq Scan on clicks  (cost=0.00..814.46 rows=2 width=0)
         Filter: (listing_id = 86221)
[0m
  [4;36;1mSQL (8.7ms)[0m   [0;1mSELECT count(*) AS count_all FROM "clicks" WHERE ("clicks".listing_id = 86222) [0m
  [4;35;1mAnalyzing  Execution Time: 0.009031

[0m   [0mAggregate  (cost=814.47..814.48 rows=1 width=0)
   ->  Seq Scan on clicks  (cost=0.00..814.46 rows=2 width=0)
         Filter: (listing_id = 86222)
[0m
  [4;36;1mSQL (9.9ms)[0m   [0;1mSELECT count(*) AS count_all FROM "clicks" WHERE ("clicks".listing_id = 86223) [0m
  [4;35;1mAnalyzing  Execution Time: 0.010274

[0m   [0mAggregate  (cost=814.47..814.48 rows=1 width=0)
   ->  Seq Scan on clicks  (cost=0.00..814.46 rows=2 width=0)
         Filter: (listing_id = 86223)
[0m
  [4;36;1mSQL (8.4ms)[0m   [0;1mSELECT count(*) AS count_all FROM "clicks" WHERE ("clicks".listing_id = 86224) [0m
  [4;35;1mAnalyzing  Execution Time: 0.008663

[0m   [0mAggregate  (cost=814.47..814.48 rows=1 width=0)
   ->  Seq Scan on clicks  (cost=0.00..814.46 rows=2 width=0)
         Filter: (listing_id = 86224)
[0m
  [4;36;1mSQL (8.8ms)[0m   [0;1mSELECT count(*) AS count_all FROM "clicks" WHERE ("clicks".listing_id = 86225) [0m
  [4;35;1mAnalyzing  Execution Time: 0.009315

[0m   [0mAggregate  (cost=814.47..814.48 rows=1 width=0)
   ->  Seq Scan on clicks  (cost=0.00..814.46 rows=2 width=0)
         Filter: (listing_id = 86225)
[0m
  [4;36;1mSQL (5.2ms)[0m   [0;1mSELECT count(*) AS count_all FROM "listings" WHERE ("listings".user_id = 25313) [0m
  [4;35;1mAnalyzing  Execution Time: 0.005559

[0m   [0mAggregate  (cost=1615.81..1615.82 rows=1 width=0)
   ->  Index Scan using index_listings_on_id_and_user_id_and_title on listings  (cost=0.00..1615.79 rows=4 width=0)
         Index Cond: (user_id = 25313)
[0m
  [4;36;1mListing Load (2.7ms)[0m   [0;1mSELECT * FROM "listings" WHERE ("listings".user_id = 25313) [0m
  [4;35;1mAnalyzing Listing Load Execution Time: 0.003465

[0m   [0mIndex Scan using index_listings_on_id_and_user_id_and_title on listings  (cost=0.00..1615.79 rows=4 width=1172)
   Index Cond: (user_id = 25313)
[0m
  [4;36;1mSQL (144.2ms)[0m   [0;1mSELECT count(*) AS count_all FROM "impressions" WHERE ("impressions".listing_id = 66642) [0m
  [4;35;1mAnalyzing  Execution Time: 0.144502

[0m   [0mAggregate  (cost=12714.08..12714.09 rows=1 width=0)
   ->  Seq Scan on impressions  (cost=0.00..12714.00 rows=31 width=0)
         Filter: (listing_id = 66642)
[0m
  [4;36;1mSQL (10.5ms)[0m   [0;1mSELECT count(*) AS count_all FROM "clicks" WHERE ("clicks".listing_id = 66642) [0m
  [4;35;1mAnalyzing  Execution Time: 0.011303

[0m   [0mAggregate  (cost=814.47..814.48 rows=1 width=0)
   ->  Seq Scan on clicks  (cost=0.00..814.46 rows=2 width=0)
         Filter: (listing_id = 66642)
[0m
  [4;36;1mSQL (2.3ms)[0m   [0;1mSELECT count(*) AS count_all FROM "listings" WHERE ("listings".user_id = 25312) [0m
  [4;35;1mAnalyzing  Execution Time: 0.002632

[0m   [0mAggregate  (cost=1615.81..1615.82 rows=1 width=0)
   ->  Index Scan using index_listings_on_id_and_user_id_and_title on listings  (cost=0.00..1615.79 rows=4 width=0)
         Index Cond: (user_id = 25312)
[0m
  [4;36;1mListing Load (2.7ms)[0m   [0;1mSELECT * FROM "listings" WHERE ("listings".user_id = 25312) [0m
  [4;35;1mAnalyzing Listing Load Execution Time: 0.003452

[0m   [0mIndex Scan using index_listings_on_id_and_user_id_and_title on listings  (cost=0.00..1615.79 rows=4 width=1172)
   Index Cond: (user_id = 25312)
[0m
  [4;36;1mSQL (146.4ms)[0m   [0;1mSELECT count(*) AS count_all FROM "impressions" WHERE ("impressions".listing_id = 113047) [0m
  [4;35;1mAnalyzing  Execution Time: 0.146795

[0m   [0mAggregate  (cost=12714.08..12714.09 rows=1 width=0)
   ->  Seq Scan on impressions  (cost=0.00..12714.00 rows=31 width=0)
         Filter: (listing_id = 113047)
[0m
  [4;36;1mSQL (8.8ms)[0m   [0;1mSELECT count(*) AS count_all FROM "clicks" WHERE ("clicks".listing_id = 113047) [0m
  [4;35;1mAnalyzing  Execution Time: 0.009091

[0m   [0mAggregate  (cost=814.47..814.48 rows=1 width=0)
   ->  Seq Scan on clicks  (cost=0.00..814.46 rows=2 width=0)
         Filter: (listing_id = 113047)
[0m
  [4;36;1mSQL (2.3ms)[0m   [0;1mSELECT count(*) AS count_all FROM "listings" WHERE ("listings".user_id = 25311) [0m
  [4;35;1mAnalyzing  Execution Time: 0.002643

[0m   [0mAggregate  (cost=1615.81..1615.82 rows=1 width=0)
   ->  Index Scan using index_listings_on_id_and_user_id_and_title on listings  (cost=0.00..1615.79 rows=4 width=0)
         Index Cond: (user_id = 25311)
[0m
  [4;36;1mListing Load (4.2ms)[0m   [0;1mSELECT * FROM "listings" WHERE ("listings".user_id = 25311) [0m
  [4;35;1mAnalyzing Listing Load Execution Time: 0.00497

[0m   [0mIndex Scan using index_listings_on_id_and_user_id_and_title on listings  (cost=0.00..1615.79 rows=4 width=1172)
   Index Cond: (user_id = 25311)
[0m
  [4;36;1mSQL (145.6ms)[0m   [0;1mSELECT count(*) AS count_all FROM "impressions" WHERE ("impressions".listing_id = 71936) [0m
  [4;35;1mAnalyzing  Execution Time: 0.145895

[0m   [0mAggregate  (cost=12714.08..12714.09 rows=1 width=0)
   ->  Seq Scan on impressions  (cost=0.00..12714.00 rows=31 width=0)
         Filter: (listing_id = 71936)
[0m
  [4;36;1mSQL (10.1ms)[0m   [0;1mSELECT count(*) AS count_all FROM "clicks" WHERE ("clicks".listing_id = 71936) [0m
  [4;35;1mAnalyzing  Execution Time: 0.010359

[0m   [0mAggregate  (cost=814.49..814.50 rows=1 width=0)
   ->  Seq Scan on clicks  (cost=0.00..814.46 rows=8 width=0)
         Filter: (listing_id = 71936)
[0m
  [4;36;1mSQL (2.3ms)[0m   [0;1mSELECT count(*) AS count_all FROM "listings" WHERE ("listings".user_id = 25310) [0m
  [4;35;1mAnalyzing  Execution Time: 0.002649

[0m   [0mAggregate  (cost=1615.81..1615.82 rows=1 width=0)
   ->  Index Scan using index_listings_on_id_and_user_id_and_title on listings  (cost=0.00..1615.79 rows=4 width=0)
         Index Cond: (user_id = 25310)
[0m
  [4;36;1mListing Load (2.1ms)[0m   [0;1mSELECT * FROM "listings" WHERE ("listings".user_id = 25310) [0m
  [4;35;1mAnalyzing Listing Load Execution Time: 0.002904

[0m   [0mIndex Scan using index_listings_on_id_and_user_id_and_title on listings  (cost=0.00..1615.79 rows=4 width=1172)
   Index Cond: (user_id = 25310)
[0m
  [4;36;1mSQL (151.0ms)[0m   [0;1mSELECT count(*) AS count_all FROM "impressions" WHERE ("impressions".listing_id = 113046) [0m
  [4;35;1mAnalyzing  Execution Time: 0.151319

[0m   [0mAggregate  (cost=12714.08..12714.09 rows=1 width=0)
   ->  Seq Scan on impressions  (cost=0.00..12714.00 rows=31 width=0)
         Filter: (listing_id = 113046)
[0m
  [4;36;1mSQL (9.1ms)[0m   [0;1mSELECT count(*) AS count_all FROM "clicks" WHERE ("clicks".listing_id = 113046) [0m
  [4;35;1mAnalyzing  Execution Time: 0.009401

[0m   [0mAggregate  (cost=814.47..814.48 rows=1 width=0)
   ->  Seq Scan on clicks  (cost=0.00..814.46 rows=2 width=0)
         Filter: (listing_id = 113046)
[0m
  [4;36;1mSQL (2.3ms)[0m   [0;1mSELECT count(*) AS count_all FROM "listings" WHERE ("listings".user_id = 25308) [0m
  [4;35;1mAnalyzing  Execution Time: 0.00255

[0m   [0mAggregate  (cost=1615.81..1615.82 rows=1 width=0)
   ->  Index Scan using index_listings_on_id_and_user_id_and_title on listings  (cost=0.00..1615.79 rows=4 width=0)
         Index Cond: (user_id = 25308)
[0m
  [4;36;1mListing Load (2.0ms)[0m   [0;1mSELECT * FROM "listings" WHERE ("listings".user_id = 25308) [0m
  [4;35;1mAnalyzing Listing Load Execution Time: 0.002701

[0m   [0mIndex Scan using index_listings_on_id_and_user_id_and_title on listings  (cost=0.00..1615.79 rows=4 width=1172)
   Index Cond: (user_id = 25308)
[0m
  [4;36;1mSQL (149.4ms)[0m   [0;1mSELECT count(*) AS count_all FROM "impressions" WHERE ("impressions".listing_id = 67767) [0m
  [4;35;1mAnalyzing  Execution Time: 0.149655

[0m   [0mAggregate  (cost=12714.08..12714.09 rows=1 width=0)
   ->  Seq Scan on impressions  (cost=0.00..12714.00 rows=31 width=0)
         Filter: (listing_id = 67767)
[0m
  [4;36;1mSQL (10.9ms)[0m   [0;1mSELECT count(*) AS count_all FROM "clicks" WHERE ("clicks".listing_id = 67767) [0m
  [4;35;1mAnalyzing  Execution Time: 0.011154

[0m   [0mAggregate  (cost=814.47..814.48 rows=1 width=0)
   ->  Seq Scan on clicks  (cost=0.00..814.46 rows=2 width=0)
         Filter: (listing_id = 67767)
[0m
  [4;36;1mSQL (2.0ms)[0m   [0;1mSELECT count(*) AS count_all FROM "listings" WHERE ("listings".user_id = 25307) [0m
  [4;35;1mAnalyzing  Execution Time: 0.002289

[0m   [0mAggregate  (cost=1615.81..1615.82 rows=1 width=0)
   ->  Index Scan using index_listings_on_id_and_user_id_and_title on listings  (cost=0.00..1615.79 rows=4 width=0)
         Index Cond: (user_id = 25307)
[0m
  [4;36;1mListing Load (2.5ms)[0m   [0;1mSELECT * FROM "listings" WHERE ("listings".user_id = 25307) [0m
  [4;35;1mAnalyzing Listing Load Execution Time: 0.003269

[0m   [0mIndex Scan using index_listings_on_id_and_user_id_and_title on listings  (cost=0.00..1615.79 rows=4 width=1172)
   Index Cond: (user_id = 25307)
[0m
  [4;36;1mSQL (153.8ms)[0m   [0;1mSELECT count(*) AS count_all FROM "impressions" WHERE ("impressions".listing_id = 105083) [0m
  [4;35;1mAnalyzing  Execution Time: 0.154032

[0m   [0mAggregate  (cost=12714.08..12714.09 rows=1 width=0)
   ->  Seq Scan on impressions  (cost=0.00..12714.00 rows=31 width=0)
         Filter: (listing_id = 105083)
[0m
  [4;36;1mSQL (9.0ms)[0m   [0;1mSELECT count(*) AS count_all FROM "clicks" WHERE ("clicks".listing_id = 105083) [0m
  [4;35;1mAnalyzing  Execution Time: 0.009386

[0m   [0mAggregate  (cost=814.47..814.48 rows=1 width=0)
   ->  Seq Scan on clicks  (cost=0.00..814.46 rows=2 width=0)
         Filter: (listing_id = 105083)
[0m
  [4;36;1mSQL (2.1ms)[0m   [0;1mSELECT count(*) AS count_all FROM "listings" WHERE ("listings".user_id = 25306) [0m
  [4;35;1mAnalyzing  Execution Time: 0.002418

[0m   [0mAggregate  (cost=1615.81..1615.82 rows=1 width=0)
   ->  Index Scan using index_listings_on_id_and_user_id_and_title on listings  (cost=0.00..1615.79 rows=4 width=0)
         Index Cond: (user_id = 25306)
[0m
  [4;36;1mListing Load (2.4ms)[0m   [0;1mSELECT * FROM "listings" WHERE ("listings".user_id = 25306) [0m
  [4;35;1mAnalyzing Listing Load Execution Time: 0.003178

[0m   [0mIndex Scan using index_listings_on_id_and_user_id_and_title on listings  (cost=0.00..1615.79 rows=4 width=1172)
   Index Cond: (user_id = 25306)
[0m
  [4;36;1mSQL (153.2ms)[0m   [0;1mSELECT count(*) AS count_all FROM "impressions" WHERE ("impressions".listing_id = 113044) [0m
  [4;35;1mAnalyzing  Execution Time: 0.153478

[0m   [0mAggregate  (cost=12714.08..12714.09 rows=1 width=0)
   ->  Seq Scan on impressions  (cost=0.00..12714.00 rows=31 width=0)
         Filter: (listing_id = 113044)
[0m
  [4;36;1mSQL (11.0ms)[0m   [0;1mSELECT count(*) AS count_all FROM "clicks" WHERE ("clicks".listing_id = 113044) [0m
  [4;35;1mAnalyzing  Execution Time: 0.011332

[0m   [0mAggregate  (cost=814.47..814.48 rows=1 width=0)
   ->  Seq Scan on clicks  (cost=0.00..814.46 rows=2 width=0)
         Filter: (listing_id = 113044)
[0m
DEPRECATION WARNING: require "activerecord" is deprecated and will be removed in Rails 3. Use require "active_record" instead.. (called from /usr/local/lib/ruby/gems/1.8/gems/activerecord-2.3.5/lib/activerecord.rb:2)
** has_many_polymorphs: rails environment detected
** has_many_polymorphs: loaded ok
** has_many_polymorphs: autoload hook invoked
** has_many_polymorphs: preloading parent model Block
** has_many_polymorphs: associating Block.models
  [4;36;1mSQL (0.2ms)[0m   [0;1mSET client_min_messages TO 'panic'[0m
  [4;35;1mSQL (0.1ms)[0m   [0mSET client_min_messages TO 'notice'[0m
** has_many_polymorphs: preloading parent model View
** has_many_polymorphs: associating View.models
** has_many_polymorphs: autoload hook invoked
** has_many_polymorphs: preloading parent model Block
** has_many_polymorphs: preloading parent model View
  [4;36;1mClient Load (6.6ms)[0m   [0;1mSELECT * FROM "users" WHERE (created_at > '2011-02-26 19:12:19.090856') AND ("users"."status" = E'active') AND ( ("users"."type" = 'Client' ) ) ORDER BY created_at DESC, activated_at DESC[0m
  [4;35;1mAnalyzing Client Load Execution Time: 0.077213

[0m   [0mSort  (cost=35.73..36.23 rows=198 width=574)
   Sort Key: created_at, activated_at
   ->  Seq Scan on users  (cost=0.00..28.18 rows=198 width=574)
         Filter: ((created_at > '2011-02-26 19:12:19.090856'::timestamp without time zone) AND ((status)::text = 'active'::text) AND ((type)::text = 'Client'::text))
[0m
  [4;36;1mSQL (3.5ms)[0m   [0;1mSELECT count(*) AS count_all FROM "listings" WHERE ("listings".user_id = 25586) [0m
  [4;35;1mAnalyzing  Execution Time: 0.00382

[0m   [0mAggregate  (cost=1615.81..1615.82 rows=1 width=0)
   ->  Index Scan using index_listings_on_id_and_user_id_and_title on listings  (cost=0.00..1615.79 rows=4 width=0)
         Index Cond: (user_id = 25586)
[0m
  [4;36;1mListing Load (2.6ms)[0m   [0;1mSELECT * FROM "listings" WHERE ("listings".user_id = 25586) [0m
  [4;35;1mAnalyzing Listing Load Execution Time: 0.003293

[0m   [0mIndex Scan using index_listings_on_id_and_user_id_and_title on listings  (cost=0.00..1615.79 rows=4 width=1172)
   Index Cond: (user_id = 25586)
[0m
  [4;36;1mSQL (158.0ms)[0m   [0;1mSELECT count(*) AS count_all FROM "impressions" WHERE ("impressions".listing_id = 113291) [0m
  [4;35;1mAnalyzing  Execution Time: 0.158241

[0m   [0mAggregate  (cost=12714.08..12714.09 rows=1 width=0)
   ->  Seq Scan on impressions  (cost=0.00..12714.00 rows=31 width=0)
         Filter: (listing_id = 113291)
[0m
  [4;36;1mSQL (11.0ms)[0m   [0;1mSELECT count(*) AS count_all FROM "clicks" WHERE ("clicks".listing_id = 113291) [0m
  [4;35;1mAnalyzing  Execution Time: 0.011378

[0m   [0mAggregate  (cost=814.47..814.48 rows=1 width=0)
   ->  Seq Scan on clicks  (cost=0.00..814.46 rows=2 width=0)
         Filter: (listing_id = 113291)
[0m
  [4;36;1mSQL (2.3ms)[0m   [0;1mSELECT count(*) AS count_all FROM "listings" WHERE ("listings".user_id = 25584) [0m
  [4;35;1mAnalyzing  Execution Time: 0.002577

[0m   [0mAggregate  (cost=1615.81..1615.82 rows=1 width=0)
   ->  Index Scan using index_listings_on_id_and_user_id_and_title on listings  (cost=0.00..1615.79 rows=4 width=0)
         Index Cond: (user_id = 25584)
[0m
  [4;36;1mListing Load (2.6ms)[0m   [0;1mSELECT * FROM "listings" WHERE ("listings".user_id = 25584) [0m
  [4;35;1mAnalyzing Listing Load Execution Time: 0.003574

[0m   [0mIndex Scan using index_listings_on_id_and_user_id_and_title on listings  (cost=0.00..1615.79 rows=4 width=1172)
   Index Cond: (user_id = 25584)
[0m
  [4;36;1mSQL (165.4ms)[0m   [0;1mSELECT count(*) AS count_all FROM "impressions" WHERE ("impressions".listing_id = 113289) [0m
  [4;35;1mAnalyzing  Execution Time: 0.165705

[0m   [0mAggregate  (cost=12714.08..12714.09 rows=1 width=0)
   ->  Seq Scan on impressions  (cost=0.00..12714.00 rows=31 width=0)
         Filter: (listing_id = 113289)
[0m
  [4;36;1mSQL (9.3ms)[0m   [0;1mSELECT count(*) AS count_all FROM "clicks" WHERE ("clicks".listing_id = 113289) [0m
  [4;35;1mAnalyzing  Execution Time: 0.009661

[0m   [0mAggregate  (cost=814.47..814.48 rows=1 width=0)
   ->  Seq Scan on clicks  (cost=0.00..814.46 rows=2 width=0)
         Filter: (listing_id = 113289)
[0m
  [4;36;1mSQL (3.1ms)[0m   [0;1mSELECT count(*) AS count_all FROM "listings" WHERE ("listings".user_id = 25583) [0m
  [4;35;1mAnalyzing  Execution Time: 0.004085

[0m   [0mAggregate  (cost=1615.81..1615.82 rows=1 width=0)
   ->  Index Scan using index_listings_on_id_and_user_id_and_title on listings  (cost=0.00..1615.79 rows=4 width=0)
         Index Cond: (user_id = 25583)
[0m
  [4;36;1mListing Load (2.6ms)[0m   [0;1mSELECT * FROM "listings" WHERE ("listings".user_id = 25583) [0m
  [4;35;1mAnalyzing Listing Load Execution Time: 0.003387

[0m   [0mIndex Scan using index_listings_on_id_and_user_id_and_title on listings  (cost=0.00..1615.79 rows=4 width=1172)
   Index Cond: (user_id = 25583)
[0m
  [4;36;1mSQL (363.2ms)[0m   [0;1mSELECT count(*) AS count_all FROM "impressions" WHERE ("impressions".listing_id = 113288) [0m
  [4;35;1mAnalyzing  Execution Time: 0.365343

[0m   [0mAggregate  (cost=12714.08..12714.09 rows=1 width=0)
   ->  Seq Scan on impressions  (cost=0.00..12714.00 rows=31 width=0)
         Filter: (listing_id = 113288)
[0m
  [4;36;1mSQL (21.3ms)[0m   [0;1mSELECT count(*) AS count_all FROM "clicks" WHERE ("clicks".listing_id = 113288) [0m
  [4;35;1mAnalyzing  Execution Time: 0.021627

[0m   [0mAggregate  (cost=814.47..814.48 rows=1 width=0)
   ->  Seq Scan on clicks  (cost=0.00..814.46 rows=2 width=0)
         Filter: (listing_id = 113288)
[0m
  [4;36;1mSQL (2.3ms)[0m   [0;1mSELECT count(*) AS count_all FROM "listings" WHERE ("listings".user_id = 25582) [0m
  [4;35;1mAnalyzing  Execution Time: 0.002628

[0m   [0mAggregate  (cost=1615.81..1615.82 rows=1 width=0)
   ->  Index Scan using index_listings_on_id_and_user_id_and_title on listings  (cost=0.00..1615.79 rows=4 width=0)
         Index Cond: (user_id = 25582)
[0m
  [4;36;1mListing Load (11.3ms)[0m   [0;1mSELECT * FROM "listings" WHERE ("listings".user_id = 25582) [0m
  [4;35;1mAnalyzing Listing Load Execution Time: 0.012156

[0m   [0mIndex Scan using index_listings_on_id_and_user_id_and_title on listings  (cost=0.00..1615.79 rows=4 width=1172)
   Index Cond: (user_id = 25582)
[0m
  [4;36;1mSQL (328.6ms)[0m   [0;1mSELECT count(*) AS count_all FROM "impressions" WHERE ("impressions".listing_id = 113286) [0m
  [4;35;1mAnalyzing  Execution Time: 0.328865

[0m   [0mAggregate  (cost=12714.08..12714.09 rows=1 width=0)
   ->  Seq Scan on impressions  (cost=0.00..12714.00 rows=31 width=0)
         Filter: (listing_id = 113286)
[0m
  [4;36;1mSQL (11.9ms)[0m   [0;1mSELECT count(*) AS count_all FROM "clicks" WHERE ("clicks".listing_id = 113286) [0m
  [4;35;1mAnalyzing  Execution Time: 0.012174

[0m   [0mAggregate  (cost=814.47..814.48 rows=1 width=0)
   ->  Seq Scan on clicks  (cost=0.00..814.46 rows=2 width=0)
         Filter: (listing_id = 113286)
[0m
  [4;36;1mSQL (2.2ms)[0m   [0;1mSELECT count(*) AS count_all FROM "listings" WHERE ("listings".user_id = 25581) [0m
  [4;35;1mAnalyzing  Execution Time: 0.002505

[0m   [0mAggregate  (cost=1615.81..1615.82 rows=1 width=0)
   ->  Index Scan using index_listings_on_id_and_user_id_and_title on listings  (cost=0.00..1615.79 rows=4 width=0)
         Index Cond: (user_id = 25581)
[0m
  [4;36;1mListing Load (3.0ms)[0m   [0;1mSELECT * FROM "listings" WHERE ("listings".user_id = 25581) [0m
  [4;35;1mAnalyzing Listing Load Execution Time: 0.003825

[0m   [0mIndex Scan using index_listings_on_id_and_user_id_and_title on listings  (cost=0.00..1615.79 rows=4 width=1172)
   Index Cond: (user_id = 25581)
[0m
  [4;36;1mSQL (307.2ms)[0m   [0;1mSELECT count(*) AS count_all FROM "impressions" WHERE ("impressions".listing_id = 113284) [0m
  [4;35;1mAnalyzing  Execution Time: 0.307579

[0m   [0mAggregate  (cost=12714.08..12714.09 rows=1 width=0)
   ->  Seq Scan on impressions  (cost=0.00..12714.00 rows=31 width=0)
         Filter: (listing_id = 113284)
[0m
  [4;36;1mSQL (42.6ms)[0m   [0;1mSELECT count(*) AS count_all FROM "clicks" WHERE ("clicks".listing_id = 113284) [0m
  [4;35;1mAnalyzing  Execution Time: 0.042957

[0m   [0mAggregate  (cost=814.47..814.48 rows=1 width=0)
   ->  Seq Scan on clicks  (cost=0.00..814.46 rows=2 width=0)
         Filter: (listing_id = 113284)
[0m
  [4;36;1mSQL (10.7ms)[0m   [0;1mSELECT count(*) AS count_all FROM "listings" WHERE ("listings".user_id = 25580) [0m
  [4;35;1mAnalyzing  Execution Time: 0.010966

[0m   [0mAggregate  (cost=1615.81..1615.82 rows=1 width=0)
   ->  Index Scan using index_listings_on_id_and_user_id_and_title on listings  (cost=0.00..1615.79 rows=4 width=0)
         Index Cond: (user_id = 25580)
[0m
  [4;36;1mListing Load (6.7ms)[0m   [0;1mSELECT * FROM "listings" WHERE ("listings".user_id = 25580) [0m
  [4;35;1mAnalyzing Listing Load Execution Time: 0.007513

[0m   [0mIndex Scan using index_listings_on_id_and_user_id_and_title on listings  (cost=0.00..1615.79 rows=4 width=1172)
   Index Cond: (user_id = 25580)
[0m
  [4;36;1mSQL (321.8ms)[0m   [0;1mSELECT count(*) AS count_all FROM "impressions" WHERE ("impressions".listing_id = 67567) [0m
  [4;35;1mAnalyzing  Execution Time: 0.322092

[0m   [0mAggregate  (cost=12714.08..12714.09 rows=1 width=0)
   ->  Seq Scan on impressions  (cost=0.00..12714.00 rows=31 width=0)
         Filter: (listing_id = 67567)
[0m
  [4;36;1mSQL (19.9ms)[0m   [0;1mSELECT count(*) AS count_all FROM "clicks" WHERE ("clicks".listing_id = 67567) [0m
  [4;35;1mAnalyzing  Execution Time: 0.020146

[0m   [0mAggregate  (cost=814.47..814.48 rows=1 width=0)
   ->  Seq Scan on clicks  (cost=0.00..814.46 rows=2 width=0)
         Filter: (listing_id = 67567)
[0m
  [4;36;1mSQL (10.4ms)[0m   [0;1mSELECT count(*) AS count_all FROM "listings" WHERE ("listings".user_id = 25579) [0m
  [4;35;1mAnalyzing  Execution Time: 0.01081

[0m   [0mAggregate  (cost=1615.81..1615.82 rows=1 width=0)
   ->  Index Scan using index_listings_on_id_and_user_id_and_title on listings  (cost=0.00..1615.79 rows=4 width=0)
         Index Cond: (user_id = 25579)
[0m
  [4;36;1mListing Load (2.4ms)[0m   [0;1mSELECT * FROM "listings" WHERE ("listings".user_id = 25579) [0m
  [4;35;1mAnalyzing Listing Load Execution Time: 0.003832

[0m   [0mIndex Scan using index_listings_on_id_and_user_id_and_title on listings  (cost=0.00..1615.79 rows=4 width=1172)
   Index Cond: (user_id = 25579)
[0m
  [4;36;1mSQL (190.4ms)[0m   [0;1mSELECT count(*) AS count_all FROM "impressions" WHERE ("impressions".listing_id = 77258) [0m
  [4;35;1mAnalyzing  Execution Time: 0.190877

[0m   [0mAggregate  (cost=12714.08..12714.09 rows=1 width=0)
   ->  Seq Scan on impressions  (cost=0.00..12714.00 rows=31 width=0)
         Filter: (listing_id = 77258)
[0m
  [4;36;1mSQL (34.7ms)[0m   [0;1mSELECT count(*) AS count_all FROM "clicks" WHERE ("clicks".listing_id = 77258) [0m
  [4;35;1mAnalyzing  Execution Time: 0.035038

[0m   [0mAggregate  (cost=814.47..814.48 rows=1 width=0)
   ->  Seq Scan on clicks  (cost=0.00..814.46 rows=2 width=0)
         Filter: (listing_id = 77258)
[0m
  [4;36;1mSQL (3.4ms)[0m   [0;1mSELECT count(*) AS count_all FROM "listings" WHERE ("listings".user_id = 25577) [0m
  [4;35;1mAnalyzing  Execution Time: 0.003738

[0m   [0mAggregate  (cost=1615.81..1615.82 rows=1 width=0)
   ->  Index Scan using index_listings_on_id_and_user_id_and_title on listings  (cost=0.00..1615.79 rows=4 width=0)
         Index Cond: (user_id = 25577)
[0m
  [4;36;1mListing Load (2.5ms)[0m   [0;1mSELECT * FROM "listings" WHERE ("listings".user_id = 25577) [0m
  [4;35;1mAnalyzing Listing Load Execution Time: 0.003313

[0m   [0mIndex Scan using index_listings_on_id_and_user_id_and_title on listings  (cost=0.00..1615.79 rows=4 width=1172)
   Index Cond: (user_id = 25577)
[0m
  [4;36;1mSQL (270.2ms)[0m   [0;1mSELECT count(*) AS count_all FROM "impressions" WHERE ("impressions".listing_id = 89693) [0m
  [4;35;1mAnalyzing  Execution Time: 0.270549

[0m   [0mAggregate  (cost=12714.08..12714.09 rows=1 width=0)
   ->  Seq Scan on impressions  (cost=0.00..12714.00 rows=31 width=0)
         Filter: (listing_id = 89693)
[0m
  [4;36;1mSQL (23.0ms)[0m   [0;1mSELECT count(*) AS count_all FROM "clicks" WHERE ("clicks".listing_id = 89693) [0m
  [4;35;1mAnalyzing  Execution Time: 0.023273

[0m   [0mAggregate  (cost=814.47..814.48 rows=1 width=0)
   ->  Seq Scan on clicks  (cost=0.00..814.46 rows=2 width=0)
         Filter: (listing_id = 89693)
[0m
  [4;36;1mSQL (2.5ms)[0m   [0;1mSELECT count(*) AS count_all FROM "listings" WHERE ("listings".user_id = 25575) [0m
  [4;35;1mAnalyzing  Execution Time: 0.003104

[0m   [0mAggregate  (cost=1615.81..1615.82 rows=1 width=0)
   ->  Index Scan using index_listings_on_id_and_user_id_and_title on listings  (cost=0.00..1615.79 rows=4 width=0)
         Index Cond: (user_id = 25575)
[0m
  [4;36;1mListing Load (2.2ms)[0m   [0;1mSELECT * FROM "listings" WHERE ("listings".user_id = 25575) [0m
  [4;35;1mAnalyzing Listing Load Execution Time: 0.004652

[0m   [0mIndex Scan using index_listings_on_id_and_user_id_and_title on listings  (cost=0.00..1615.79 rows=4 width=1172)
   Index Cond: (user_id = 25575)
[0m
  [4;36;1mSQL (174.4ms)[0m   [0;1mSELECT count(*) AS count_all FROM "impressions" WHERE ("impressions".listing_id = 113278) [0m
  [4;35;1mAnalyzing  Execution Time: 0.174695

[0m   [0mAggregate  (cost=12714.08..12714.09 rows=1 width=0)
   ->  Seq Scan on impressions  (cost=0.00..12714.00 rows=31 width=0)
         Filter: (listing_id = 113278)
[0m
  [4;36;1mSQL (10.5ms)[0m   [0;1mSELECT count(*) AS count_all FROM "clicks" WHERE ("clicks".listing_id = 113278) [0m
  [4;35;1mAnalyzing  Execution Time: 0.010807

[0m   [0mAggregate  (cost=814.47..814.48 rows=1 width=0)
   ->  Seq Scan on clicks  (cost=0.00..814.46 rows=2 width=0)
         Filter: (listing_id = 113278)
[0m
  [4;36;1mSQL (1.9ms)[0m   [0;1mSELECT count(*) AS count_all FROM "listings" WHERE ("listings".user_id = 25573) [0m
  [4;35;1mAnalyzing  Execution Time: 0.002102

[0m   [0mAggregate  (cost=1615.81..1615.82 rows=1 width=0)
   ->  Index Scan using index_listings_on_id_and_user_id_and_title on listings  (cost=0.00..1615.79 rows=4 width=0)
         Index Cond: (user_id = 25573)
[0m
  [4;36;1mListing Load (2.1ms)[0m   [0;1mSELECT * FROM "listings" WHERE ("listings".user_id = 25573) [0m
  [4;35;1mAnalyzing Listing Load Execution Time: 0.003629

[0m   [0mIndex Scan using index_listings_on_id_and_user_id_and_title on listings  (cost=0.00..1615.79 rows=4 width=1172)
   Index Cond: (user_id = 25573)
[0m
  [4;36;1mSQL (169.2ms)[0m   [0;1mSELECT count(*) AS count_all FROM "impressions" WHERE ("impressions".listing_id = 81455) [0m
  [4;35;1mAnalyzing  Execution Time: 0.169463

[0m   [0mAggregate  (cost=12714.08..12714.09 rows=1 width=0)
   ->  Seq Scan on impressions  (cost=0.00..12714.00 rows=31 width=0)
         Filter: (listing_id = 81455)
[0m
  [4;36;1mSQL (159.5ms)[0m   [0;1mSELECT count(*) AS count_all FROM "impressions" WHERE ("impressions".listing_id = 81690) [0m
  [4;35;1mAnalyzing  Execution Time: 0.159794

[0m   [0mAggregate  (cost=12714.08..12714.09 rows=1 width=0)
   ->  Seq Scan on impressions  (cost=0.00..12714.00 rows=31 width=0)
         Filter: (listing_id = 81690)
[0m
  [4;36;1mSQL (387.6ms)[0m   [0;1mSELECT count(*) AS count_all FROM "impressions" WHERE ("impressions".listing_id = 113276) [0m
  [4;35;1mAnalyzing  Execution Time: 0.387956

[0m   [0mAggregate  (cost=12714.08..12714.09 rows=1 width=0)
   ->  Seq Scan on impressions  (cost=0.00..12714.00 rows=31 width=0)
         Filter: (listing_id = 113276)
[0m
  [4;36;1mSQL (13.6ms)[0m   [0;1mSELECT count(*) AS count_all FROM "clicks" WHERE ("clicks".listing_id = 81455) [0m
  [4;35;1mAnalyzing  Execution Time: 0.014017

[0m   [0mAggregate  (cost=814.47..814.48 rows=1 width=0)
   ->  Seq Scan on clicks  (cost=0.00..814.46 rows=2 width=0)
         Filter: (listing_id = 81455)
[0m
  [4;36;1mSQL (15.3ms)[0m   [0;1mSELECT count(*) AS count_all FROM "clicks" WHERE ("clicks".listing_id = 81690) [0m
  [4;35;1mAnalyzing  Execution Time: 0.015597

[0m   [0mAggregate  (cost=814.47..814.48 rows=1 width=0)
   ->  Seq Scan on clicks  (cost=0.00..814.46 rows=2 width=0)
         Filter: (listing_id = 81690)
[0m
  [4;36;1mSQL (10.1ms)[0m   [0;1mSELECT count(*) AS count_all FROM "clicks" WHERE ("clicks".listing_id = 113276) [0m
  [4;35;1mAnalyzing  Execution Time: 0.010388

[0m   [0mAggregate  (cost=814.47..814.48 rows=1 width=0)
   ->  Seq Scan on clicks  (cost=0.00..814.46 rows=2 width=0)
         Filter: (listing_id = 113276)
[0m
  [4;36;1mSQL (2.3ms)[0m   [0;1mSELECT count(*) AS count_all FROM "listings" WHERE ("listings".user_id = 25571) [0m
  [4;35;1mAnalyzing  Execution Time: 0.002561

[0m   [0mAggregate  (cost=1615.81..1615.82 rows=1 width=0)
   ->  Index Scan using index_listings_on_id_and_user_id_and_title on listings  (cost=0.00..1615.79 rows=4 width=0)
         Index Cond: (user_id = 25571)
[0m
  [4;36;1mListing Load (2.6ms)[0m   [0;1mSELECT * FROM "listings" WHERE ("listings".user_id = 25571) [0m
  [4;35;1mAnalyzing Listing Load Execution Time: 0.003311

[0m   [0mIndex Scan using index_listings_on_id_and_user_id_and_title on listings  (cost=0.00..1615.79 rows=4 width=1172)
   Index Cond: (user_id = 25571)
[0m
  [4;36;1mSQL (170.4ms)[0m   [0;1mSELECT count(*) AS count_all FROM "impressions" WHERE ("impressions".listing_id = 66869) [0m
  [4;35;1mAnalyzing  Execution Time: 0.170686

[0m   [0mAggregate  (cost=12714.08..12714.09 rows=1 width=0)
   ->  Seq Scan on impressions  (cost=0.00..12714.00 rows=31 width=0)
         Filter: (listing_id = 66869)
[0m
  [4;36;1mSQL (8.4ms)[0m   [0;1mSELECT count(*) AS count_all FROM "clicks" WHERE ("clicks".listing_id = 66869) [0m
  [4;35;1mAnalyzing  Execution Time: 0.008722

[0m   [0mAggregate  (cost=814.47..814.48 rows=1 width=0)
   ->  Seq Scan on clicks  (cost=0.00..814.46 rows=2 width=0)
         Filter: (listing_id = 66869)
[0m
  [4;36;1mSQL (2.3ms)[0m   [0;1mSELECT count(*) AS count_all FROM "listings" WHERE ("listings".user_id = 25570) [0m
  [4;35;1mAnalyzing  Execution Time: 0.002584

[0m   [0mAggregate  (cost=1615.81..1615.82 rows=1 width=0)
   ->  Index Scan using index_listings_on_id_and_user_id_and_title on listings  (cost=0.00..1615.79 rows=4 width=0)
         Index Cond: (user_id = 25570)
[0m
  [4;36;1mListing Load (2.4ms)[0m   [0;1mSELECT * FROM "listings" WHERE ("listings".user_id = 25570) [0m
  [4;35;1mAnalyzing Listing Load Execution Time: 0.003216

[0m   [0mIndex Scan using index_listings_on_id_and_user_id_and_title on listings  (cost=0.00..1615.79 rows=4 width=1172)
   Index Cond: (user_id = 25570)
[0m
  [4;36;1mSQL (161.4ms)[0m   [0;1mSELECT count(*) AS count_all FROM "impressions" WHERE ("impressions".listing_id = 113275) [0m
  [4;35;1mAnalyzing  Execution Time: 0.161685

[0m   [0mAggregate  (cost=12714.08..12714.09 rows=1 width=0)
   ->  Seq Scan on impressions  (cost=0.00..12714.00 rows=31 width=0)
         Filter: (listing_id = 113275)
[0m
  [4;36;1mSQL (9.1ms)[0m   [0;1mSELECT count(*) AS count_all FROM "clicks" WHERE ("clicks".listing_id = 113275) [0m
  [4;35;1mAnalyzing  Execution Time: 0.009469

[0m   [0mAggregate  (cost=814.47..814.48 rows=1 width=0)
   ->  Seq Scan on clicks  (cost=0.00..814.46 rows=2 width=0)
         Filter: (listing_id = 113275)
[0m
  [4;36;1mSQL (2.2ms)[0m   [0;1mSELECT count(*) AS count_all FROM "listings" WHERE ("listings".user_id = 25567) [0m
  [4;35;1mAnalyzing  Execution Time: 0.002459

[0m   [0mAggregate  (cost=1615.81..1615.82 rows=1 width=0)
   ->  Index Scan using index_listings_on_id_and_user_id_and_title on listings  (cost=0.00..1615.79 rows=4 width=0)
         Index Cond: (user_id = 25567)
[0m
  [4;36;1mListing Load (1.9ms)[0m   [0;1mSELECT * FROM "listings" WHERE ("listings".user_id = 25567) [0m
  [4;35;1mAnalyzing Listing Load Execution Time: 0.002649

[0m   [0mIndex Scan using index_listings_on_id_and_user_id_and_title on listings  (cost=0.00..1615.79 rows=4 width=1172)
   Index Cond: (user_id = 25567)
[0m
  [4;36;1mSQL (163.7ms)[0m   [0;1mSELECT count(*) AS count_all FROM "impressions" WHERE ("impressions".listing_id = 113272) [0m
  [4;35;1mAnalyzing  Execution Time: 0.163958

[0m   [0mAggregate  (cost=12714.08..12714.09 rows=1 width=0)
   ->  Seq Scan on impressions  (cost=0.00..12714.00 rows=31 width=0)
         Filter: (listing_id = 113272)
[0m
  [4;36;1mSQL (8.8ms)[0m   [0;1mSELECT count(*) AS count_all FROM "clicks" WHERE ("clicks".listing_id = 113272) [0m
  [4;35;1mAnalyzing  Execution Time: 0.009289

[0m   [0mAggregate  (cost=814.47..814.48 rows=1 width=0)
   ->  Seq Scan on clicks  (cost=0.00..814.46 rows=2 width=0)
         Filter: (listing_id = 113272)
[0m
  [4;36;1mSQL (2.2ms)[0m   [0;1mSELECT count(*) AS count_all FROM "listings" WHERE ("listings".user_id = 25565) [0m
  [4;35;1mAnalyzing  Execution Time: 0.002457

[0m   [0mAggregate  (cost=1615.81..1615.82 rows=1 width=0)
   ->  Index Scan using index_listings_on_id_and_user_id_and_title on listings  (cost=0.00..1615.79 rows=4 width=0)
         Index Cond: (user_id = 25565)
[0m
  [4;36;1mListing Load (2.7ms)[0m   [0;1mSELECT * FROM "listings" WHERE ("listings".user_id = 25565) [0m
  [4;35;1mAnalyzing Listing Load Execution Time: 0.004569

[0m   [0mIndex Scan using index_listings_on_id_and_user_id_and_title on listings  (cost=0.00..1615.79 rows=4 width=1172)
   Index Cond: (user_id = 25565)
[0m
  [4;36;1mSQL (172.8ms)[0m   [0;1mSELECT count(*) AS count_all FROM "impressions" WHERE ("impressions".listing_id = 77303) [0m
  [4;35;1mAnalyzing  Execution Time: 0.173064

[0m   [0mAggregate  (cost=12714.08..12714.09 rows=1 width=0)
   ->  Seq Scan on impressions  (cost=0.00..12714.00 rows=31 width=0)
         Filter: (listing_id = 77303)
[0m
  [4;36;1mSQL (172.5ms)[0m   [0;1mSELECT count(*) AS count_all FROM "impressions" WHERE ("impressions".listing_id = 79433) [0m
  [4;35;1mAnalyzing  Execution Time: 0.172838

[0m   [0mAggregate  (cost=12714.08..12714.09 rows=1 width=0)
   ->  Seq Scan on impressions  (cost=0.00..12714.00 rows=31 width=0)
         Filter: (listing_id = 79433)
[0m
  [4;36;1mSQL (179.7ms)[0m   [0;1mSELECT count(*) AS count_all FROM "impressions" WHERE ("impressions".listing_id = 102437) [0m
  [4;35;1mAnalyzing  Execution Time: 0.18

[0m   [0mAggregate  (cost=12714.08..12714.09 rows=1 width=0)
   ->  Seq Scan on impressions  (cost=0.00..12714.00 rows=31 width=0)
         Filter: (listing_id = 102437)
[0m
  [4;36;1mSQL (172.5ms)[0m   [0;1mSELECT count(*) AS count_all FROM "impressions" WHERE ("impressions".listing_id = 113285) [0m
  [4;35;1mAnalyzing  Execution Time: 0.172812

[0m   [0mAggregate  (cost=12714.08..12714.09 rows=1 width=0)
   ->  Seq Scan on impressions  (cost=0.00..12714.00 rows=31 width=0)
         Filter: (listing_id = 113285)
[0m
  [4;36;1mSQL (8.4ms)[0m   [0;1mSELECT count(*) AS count_all FROM "clicks" WHERE ("clicks".listing_id = 77303) [0m
  [4;35;1mAnalyzing  Execution Time: 0.008707

[0m   [0mAggregate  (cost=814.47..814.48 rows=1 width=0)
   ->  Seq Scan on clicks  (cost=0.00..814.46 rows=2 width=0)
         Filter: (listing_id = 77303)
[0m
  [4;36;1mSQL (10.2ms)[0m   [0;1mSELECT count(*) AS count_all FROM "clicks" WHERE ("clicks".listing_id = 79433) [0m
  [4;35;1mAnalyzing  Execution Time: 0.010493

[0m   [0mAggregate  (cost=814.47..814.48 rows=1 width=0)
   ->  Seq Scan on clicks  (cost=0.00..814.46 rows=2 width=0)
         Filter: (listing_id = 79433)
[0m
  [4;36;1mSQL (8.6ms)[0m   [0;1mSELECT count(*) AS count_all FROM "clicks" WHERE ("clicks".listing_id = 102437) [0m
  [4;35;1mAnalyzing  Execution Time: 0.008834

[0m   [0mAggregate  (cost=814.47..814.48 rows=1 width=0)
   ->  Seq Scan on clicks  (cost=0.00..814.46 rows=2 width=0)
         Filter: (listing_id = 102437)
[0m
  [4;36;1mSQL (9.8ms)[0m   [0;1mSELECT count(*) AS count_all FROM "clicks" WHERE ("clicks".listing_id = 113285) [0m
  [4;35;1mAnalyzing  Execution Time: 0.010167

[0m   [0mAggregate  (cost=814.47..814.48 rows=1 width=0)
   ->  Seq Scan on clicks  (cost=0.00..814.46 rows=2 width=0)
         Filter: (listing_id = 113285)
[0m
  [4;36;1mSQL (2.4ms)[0m   [0;1mSELECT count(*) AS count_all FROM "listings" WHERE ("listings".user_id = 25564) [0m
  [4;35;1mAnalyzing  Execution Time: 0.002688

[0m   [0mAggregate  (cost=1615.81..1615.82 rows=1 width=0)
   ->  Index Scan using index_listings_on_id_and_user_id_and_title on listings  (cost=0.00..1615.79 rows=4 width=0)
         Index Cond: (user_id = 25564)
[0m
  [4;36;1mListing Load (2.4ms)[0m   [0;1mSELECT * FROM "listings" WHERE ("listings".user_id = 25564) [0m
  [4;35;1mAnalyzing Listing Load Execution Time: 0.003158

[0m   [0mIndex Scan using index_listings_on_id_and_user_id_and_title on listings  (cost=0.00..1615.79 rows=4 width=1172)
   Index Cond: (user_id = 25564)
[0m
  [4;36;1mSQL (159.0ms)[0m   [0;1mSELECT count(*) AS count_all FROM "impressions" WHERE ("impressions".listing_id = 105378) [0m
  [4;35;1mAnalyzing  Execution Time: 0.159313

[0m   [0mAggregate  (cost=12714.08..12714.09 rows=1 width=0)
   ->  Seq Scan on impressions  (cost=0.00..12714.00 rows=31 width=0)
         Filter: (listing_id = 105378)
[0m
  [4;36;1mSQL (10.0ms)[0m   [0;1mSELECT count(*) AS count_all FROM "clicks" WHERE ("clicks".listing_id = 105378) [0m
  [4;35;1mAnalyzing  Execution Time: 0.010334

[0m   [0mAggregate  (cost=814.47..814.48 rows=1 width=0)
   ->  Seq Scan on clicks  (cost=0.00..814.46 rows=2 width=0)
         Filter: (listing_id = 105378)
[0m
  [4;36;1mSQL (1.9ms)[0m   [0;1mSELECT count(*) AS count_all FROM "listings" WHERE ("listings".user_id = 25563) [0m
  [4;35;1mAnalyzing  Execution Time: 0.002202

[0m   [0mAggregate  (cost=1615.81..1615.82 rows=1 width=0)
   ->  Index Scan using index_listings_on_id_and_user_id_and_title on listings  (cost=0.00..1615.79 rows=4 width=0)
         Index Cond: (user_id = 25563)
[0m
  [4;36;1mListing Load (2.3ms)[0m   [0;1mSELECT * FROM "listings" WHERE ("listings".user_id = 25563) [0m
  [4;35;1mAnalyzing Listing Load Execution Time: 0.003314

[0m   [0mIndex Scan using index_listings_on_id_and_user_id_and_title on listings  (cost=0.00..1615.79 rows=4 width=1172)
   Index Cond: (user_id = 25563)
[0m
  [4;36;1mSQL (230.9ms)[0m   [0;1mSELECT count(*) AS count_all FROM "impressions" WHERE ("impressions".listing_id = 101030) [0m
  [4;35;1mAnalyzing  Execution Time: 0.231242

[0m   [0mAggregate  (cost=12714.08..12714.09 rows=1 width=0)
   ->  Seq Scan on impressions  (cost=0.00..12714.00 rows=31 width=0)
         Filter: (listing_id = 101030)
[0m
  [4;36;1mSQL (86.1ms)[0m   [0;1mSELECT count(*) AS count_all FROM "clicks" WHERE ("clicks".listing_id = 101030) [0m
  [4;35;1mAnalyzing  Execution Time: 0.086432

[0m   [0mAggregate  (cost=814.47..814.48 rows=1 width=0)
   ->  Seq Scan on clicks  (cost=0.00..814.46 rows=2 width=0)
         Filter: (listing_id = 101030)
[0m
  [4;36;1mSQL (7.2ms)[0m   [0;1mSELECT count(*) AS count_all FROM "listings" WHERE ("listings".user_id = 25562) [0m
  [4;35;1mAnalyzing  Execution Time: 0.007497

[0m   [0mAggregate  (cost=1615.81..1615.82 rows=1 width=0)
   ->  Index Scan using index_listings_on_id_and_user_id_and_title on listings  (cost=0.00..1615.79 rows=4 width=0)
         Index Cond: (user_id = 25562)
[0m
  [4;36;1mListing Load (3.9ms)[0m   [0;1mSELECT * FROM "listings" WHERE ("listings".user_id = 25562) [0m
  [4;35;1mAnalyzing Listing Load Execution Time: 0.00468

[0m   [0mIndex Scan using index_listings_on_id_and_user_id_and_title on listings  (cost=0.00..1615.79 rows=4 width=1172)
   Index Cond: (user_id = 25562)
[0m
  [4;36;1mSQL (255.3ms)[0m   [0;1mSELECT count(*) AS count_all FROM "impressions" WHERE ("impressions".listing_id = 113269) [0m
  [4;35;1mAnalyzing  Execution Time: 0.255573

[0m   [0mAggregate  (cost=12714.08..12714.09 rows=1 width=0)
   ->  Seq Scan on impressions  (cost=0.00..12714.00 rows=31 width=0)
         Filter: (listing_id = 113269)
[0m
  [4;36;1mSQL (10.1ms)[0m   [0;1mSELECT count(*) AS count_all FROM "clicks" WHERE ("clicks".listing_id = 113269) [0m
  [4;35;1mAnalyzing  Execution Time: 0.010372

[0m   [0mAggregate  (cost=814.47..814.48 rows=1 width=0)
   ->  Seq Scan on clicks  (cost=0.00..814.46 rows=2 width=0)
         Filter: (listing_id = 113269)
[0m
  [4;36;1mSQL (2.6ms)[0m   [0;1mSELECT count(*) AS count_all FROM "listings" WHERE ("listings".user_id = 25560) [0m
  [4;35;1mAnalyzing  Execution Time: 0.002892

[0m   [0mAggregate  (cost=1615.81..1615.82 rows=1 width=0)
   ->  Index Scan using index_listings_on_id_and_user_id_and_title on listings  (cost=0.00..1615.79 rows=4 width=0)
         Index Cond: (user_id = 25560)
[0m
  [4;36;1mListing Load (2.3ms)[0m   [0;1mSELECT * FROM "listings" WHERE ("listings".user_id = 25560) [0m
  [4;35;1mAnalyzing Listing Load Execution Time: 0.003056

[0m   [0mIndex Scan using index_listings_on_id_and_user_id_and_title on listings  (cost=0.00..1615.79 rows=4 width=1172)
   Index Cond: (user_id = 25560)
[0m
  [4;36;1mSQL (198.7ms)[0m   [0;1mSELECT count(*) AS count_all FROM "impressions" WHERE ("impressions".listing_id = 113267) [0m
  [4;35;1mAnalyzing  Execution Time: 0.198979

[0m   [0mAggregate  (cost=12714.08..12714.09 rows=1 width=0)
   ->  Seq Scan on impressions  (cost=0.00..12714.00 rows=31 width=0)
         Filter: (listing_id = 113267)
[0m
  [4;36;1mSQL (8.7ms)[0m   [0;1mSELECT count(*) AS count_all FROM "clicks" WHERE ("clicks".listing_id = 113267) [0m
  [4;35;1mAnalyzing  Execution Time: 0.008992

[0m   [0mAggregate  (cost=814.47..814.48 rows=1 width=0)
   ->  Seq Scan on clicks  (cost=0.00..814.46 rows=2 width=0)
         Filter: (listing_id = 113267)
[0m
  [4;36;1mSQL (1.8ms)[0m   [0;1mSELECT count(*) AS count_all FROM "listings" WHERE ("listings".user_id = 25559) [0m
  [4;35;1mAnalyzing  Execution Time: 0.002096

[0m   [0mAggregate  (cost=1615.81..1615.82 rows=1 width=0)
   ->  Index Scan using index_listings_on_id_and_user_id_and_title on listings  (cost=0.00..1615.79 rows=4 width=0)
         Index Cond: (user_id = 25559)
[0m
  [4;36;1mListing Load (7.8ms)[0m   [0;1mSELECT * FROM "listings" WHERE ("listings".user_id = 25559) [0m
  [4;35;1mAnalyzing Listing Load Execution Time: 0.008549

[0m   [0mIndex Scan using index_listings_on_id_and_user_id_and_title on listings  (cost=0.00..1615.79 rows=4 width=1172)
   Index Cond: (user_id = 25559)
[0m
  [4;36;1mSQL (159.4ms)[0m   [0;1mSELECT count(*) AS count_all FROM "impressions" WHERE ("impressions".listing_id = 81581) [0m
  [4;35;1mAnalyzing  Execution Time: 0.159927

[0m   [0mAggregate  (cost=12714.08..12714.09 rows=1 width=0)
   ->  Seq Scan on impressions  (cost=0.00..12714.00 rows=31 width=0)
         Filter: (listing_id = 81581)
[0m
  [4;36;1mSQL (9.2ms)[0m   [0;1mSELECT count(*) AS count_all FROM "clicks" WHERE ("clicks".listing_id = 81581) [0m
  [4;35;1mAnalyzing  Execution Time: 0.009505

[0m   [0mAggregate  (cost=814.47..814.48 rows=1 width=0)
   ->  Seq Scan on clicks  (cost=0.00..814.46 rows=2 width=0)
         Filter: (listing_id = 81581)
[0m
  [4;36;1mSQL (1.8ms)[0m   [0;1mSELECT count(*) AS count_all FROM "listings" WHERE ("listings".user_id = 25558) [0m
  [4;35;1mAnalyzing  Execution Time: 0.002082

[0m   [0mAggregate  (cost=1615.81..1615.82 rows=1 width=0)
   ->  Index Scan using index_listings_on_id_and_user_id_and_title on listings  (cost=0.00..1615.79 rows=4 width=0)
         Index Cond: (user_id = 25558)
[0m
  [4;36;1mListing Load (2.1ms)[0m   [0;1mSELECT * FROM "listings" WHERE ("listings".user_id = 25558) [0m
  [4;35;1mAnalyzing Listing Load Execution Time: 0.002811

[0m   [0mIndex Scan using index_listings_on_id_and_user_id_and_title on listings  (cost=0.00..1615.79 rows=4 width=1172)
   Index Cond: (user_id = 25558)
[0m
  [4;36;1mSQL (166.2ms)[0m   [0;1mSELECT count(*) AS count_all FROM "impressions" WHERE ("impressions".listing_id = 113266) [0m
  [4;35;1mAnalyzing  Execution Time: 0.166476

[0m   [0mAggregate  (cost=12714.08..12714.09 rows=1 width=0)
   ->  Seq Scan on impressions  (cost=0.00..12714.00 rows=31 width=0)
         Filter: (listing_id = 113266)
[0m
  [4;36;1mSQL (11.0ms)[0m   [0;1mSELECT count(*) AS count_all FROM "clicks" WHERE ("clicks".listing_id = 113266) [0m
  [4;35;1mAnalyzing  Execution Time: 0.011343

[0m   [0mAggregate  (cost=814.47..814.48 rows=1 width=0)
   ->  Seq Scan on clicks  (cost=0.00..814.46 rows=2 width=0)
         Filter: (listing_id = 113266)
[0m
  [4;36;1mSQL (2.8ms)[0m   [0;1mSELECT count(*) AS count_all FROM "listings" WHERE ("listings".user_id = 25557) [0m
  [4;35;1mAnalyzing  Execution Time: 0.003033

[0m   [0mAggregate  (cost=1615.81..1615.82 rows=1 width=0)
   ->  Index Scan using index_listings_on_id_and_user_id_and_title on listings  (cost=0.00..1615.79 rows=4 width=0)
         Index Cond: (user_id = 25557)
[0m
  [4;36;1mListing Load (2.5ms)[0m   [0;1mSELECT * FROM "listings" WHERE ("listings".user_id = 25557) [0m
  [4;35;1mAnalyzing Listing Load Execution Time: 0.003287

[0m   [0mIndex Scan using index_listings_on_id_and_user_id_and_title on listings  (cost=0.00..1615.79 rows=4 width=1172)
   Index Cond: (user_id = 25557)
[0m
  [4;36;1mSQL (170.4ms)[0m   [0;1mSELECT count(*) AS count_all FROM "impressions" WHERE ("impressions".listing_id = 81261) [0m
  [4;35;1mAnalyzing  Execution Time: 0.170709

[0m   [0mAggregate  (cost=12714.08..12714.09 rows=1 width=0)
   ->  Seq Scan on impressions  (cost=0.00..12714.00 rows=31 width=0)
         Filter: (listing_id = 81261)
[0m
  [4;36;1mSQL (8.8ms)[0m   [0;1mSELECT count(*) AS count_all FROM "clicks" WHERE ("clicks".listing_id = 81261) [0m
  [4;35;1mAnalyzing  Execution Time: 0.0091

[0m   [0mAggregate  (cost=814.47..814.48 rows=1 width=0)
   ->  Seq Scan on clicks  (cost=0.00..814.46 rows=2 width=0)
         Filter: (listing_id = 81261)
[0m
  [4;36;1mSQL (2.9ms)[0m   [0;1mSELECT count(*) AS count_all FROM "listings" WHERE ("listings".user_id = 25555) [0m
  [4;35;1mAnalyzing  Execution Time: 0.003218

[0m   [0mAggregate  (cost=1615.81..1615.82 rows=1 width=0)
   ->  Index Scan using index_listings_on_id_and_user_id_and_title on listings  (cost=0.00..1615.79 rows=4 width=0)
         Index Cond: (user_id = 25555)
[0m
  [4;36;1mListing Load (2.6ms)[0m   [0;1mSELECT * FROM "listings" WHERE ("listings".user_id = 25555) [0m
  [4;35;1mAnalyzing Listing Load Execution Time: 0.003383

[0m   [0mIndex Scan using index_listings_on_id_and_user_id_and_title on listings  (cost=0.00..1615.79 rows=4 width=1172)
   Index Cond: (user_id = 25555)
[0m
  [4;36;1mSQL (172.6ms)[0m   [0;1mSELECT count(*) AS count_all FROM "impressions" WHERE ("impressions".listing_id = 113257) [0m
  [4;35;1mAnalyzing  Execution Time: 0.172871

[0m   [0mAggregate  (cost=12714.08..12714.09 rows=1 width=0)
   ->  Seq Scan on impressions  (cost=0.00..12714.00 rows=31 width=0)
         Filter: (listing_id = 113257)
[0m
  [4;36;1mSQL (8.5ms)[0m   [0;1mSELECT count(*) AS count_all FROM "clicks" WHERE ("clicks".listing_id = 113257) [0m
  [4;35;1mAnalyzing  Execution Time: 0.008759

[0m   [0mAggregate  (cost=814.47..814.48 rows=1 width=0)
   ->  Seq Scan on clicks  (cost=0.00..814.46 rows=2 width=0)
         Filter: (listing_id = 113257)
[0m
  [4;36;1mSQL (3.1ms)[0m   [0;1mSELECT count(*) AS count_all FROM "listings" WHERE ("listings".user_id = 25554) [0m
  [4;35;1mAnalyzing  Execution Time: 0.003404

[0m   [0mAggregate  (cost=1615.81..1615.82 rows=1 width=0)
   ->  Index Scan using index_listings_on_id_and_user_id_and_title on listings  (cost=0.00..1615.79 rows=4 width=0)
         Index Cond: (user_id = 25554)
[0m
  [4;36;1mListing Load (2.5ms)[0m   [0;1mSELECT * FROM "listings" WHERE ("listings".user_id = 25554) [0m
  [4;35;1mAnalyzing Listing Load Execution Time: 0.004478

[0m   [0mIndex Scan using index_listings_on_id_and_user_id_and_title on listings  (cost=0.00..1615.79 rows=4 width=1172)
   Index Cond: (user_id = 25554)
[0m
  [4;36;1mSQL (170.2ms)[0m   [0;1mSELECT count(*) AS count_all FROM "impressions" WHERE ("impressions".listing_id = 67065) [0m
  [4;35;1mAnalyzing  Execution Time: 0.170483

[0m   [0mAggregate  (cost=12714.08..12714.09 rows=1 width=0)
   ->  Seq Scan on impressions  (cost=0.00..12714.00 rows=31 width=0)
         Filter: (listing_id = 67065)
[0m
  [4;36;1mSQL (151.2ms)[0m   [0;1mSELECT count(*) AS count_all FROM "impressions" WHERE ("impressions".listing_id = 67066) [0m
  [4;35;1mAnalyzing  Execution Time: 0.151497

[0m   [0mAggregate  (cost=12714.08..12714.09 rows=1 width=0)
   ->  Seq Scan on impressions  (cost=0.00..12714.00 rows=31 width=0)
         Filter: (listing_id = 67066)
[0m
  [4;36;1mSQL (168.6ms)[0m   [0;1mSELECT count(*) AS count_all FROM "impressions" WHERE ("impressions".listing_id = 67067) [0m
  [4;35;1mAnalyzing  Execution Time: 0.168935

[0m   [0mAggregate  (cost=12714.08..12714.09 rows=1 width=0)
   ->  Seq Scan on impressions  (cost=0.00..12714.00 rows=31 width=0)
         Filter: (listing_id = 67067)
[0m
  [4;36;1mSQL (176.1ms)[0m   [0;1mSELECT count(*) AS count_all FROM "impressions" WHERE ("impressions".listing_id = 103789) [0m
  [4;35;1mAnalyzing  Execution Time: 0.17638

[0m   [0mAggregate  (cost=12714.08..12714.09 rows=1 width=0)
   ->  Seq Scan on impressions  (cost=0.00..12714.00 rows=31 width=0)
         Filter: (listing_id = 103789)
[0m
  [4;36;1mSQL (8.7ms)[0m   [0;1mSELECT count(*) AS count_all FROM "clicks" WHERE ("clicks".listing_id = 67065) [0m
  [4;35;1mAnalyzing  Execution Time: 0.008934

[0m   [0mAggregate  (cost=814.47..814.48 rows=1 width=0)
   ->  Seq Scan on clicks  (cost=0.00..814.46 rows=2 width=0)
         Filter: (listing_id = 67065)
[0m
  [4;36;1mSQL (11.2ms)[0m   [0;1mSELECT count(*) AS count_all FROM "clicks" WHERE ("clicks".listing_id = 67066) [0m
  [4;35;1mAnalyzing  Execution Time: 0.011506

[0m   [0mAggregate  (cost=814.47..814.48 rows=1 width=0)
   ->  Seq Scan on clicks  (cost=0.00..814.46 rows=2 width=0)
         Filter: (listing_id = 67066)
[0m
  [4;36;1mSQL (10.6ms)[0m   [0;1mSELECT count(*) AS count_all FROM "clicks" WHERE ("clicks".listing_id = 67067) [0m
  [4;35;1mAnalyzing  Execution Time: 0.01091

[0m   [0mAggregate  (cost=814.47..814.48 rows=1 width=0)
   ->  Seq Scan on clicks  (cost=0.00..814.46 rows=2 width=0)
         Filter: (listing_id = 67067)
[0m
  [4;36;1mSQL (8.6ms)[0m   [0;1mSELECT count(*) AS count_all FROM "clicks" WHERE ("clicks".listing_id = 103789) [0m
  [4;35;1mAnalyzing  Execution Time: 0.008951

[0m   [0mAggregate  (cost=814.47..814.48 rows=1 width=0)
   ->  Seq Scan on clicks  (cost=0.00..814.46 rows=2 width=0)
         Filter: (listing_id = 103789)
[0m
  [4;36;1mSQL (2.3ms)[0m   [0;1mSELECT count(*) AS count_all FROM "listings" WHERE ("listings".user_id = 25553) [0m
  [4;35;1mAnalyzing  Execution Time: 0.002623

[0m   [0mAggregate  (cost=1615.81..1615.82 rows=1 width=0)
   ->  Index Scan using index_listings_on_id_and_user_id_and_title on listings  (cost=0.00..1615.79 rows=4 width=0)
         Index Cond: (user_id = 25553)
[0m
  [4;36;1mListing Load (2.3ms)[0m   [0;1mSELECT * FROM "listings" WHERE ("listings".user_id = 25553) [0m
  [4;35;1mAnalyzing Listing Load Execution Time: 0.003051

[0m   [0mIndex Scan using index_listings_on_id_and_user_id_and_title on listings  (cost=0.00..1615.79 rows=4 width=1172)
   Index Cond: (user_id = 25553)
[0m
  [4;36;1mSQL (158.7ms)[0m   [0;1mSELECT count(*) AS count_all FROM "impressions" WHERE ("impressions".listing_id = 113256) [0m
  [4;35;1mAnalyzing  Execution Time: 0.159125

[0m   [0mAggregate  (cost=12714.08..12714.09 rows=1 width=0)
   ->  Seq Scan on impressions  (cost=0.00..12714.00 rows=31 width=0)
         Filter: (listing_id = 113256)
[0m
  [4;36;1mSQL (10.2ms)[0m   [0;1mSELECT count(*) AS count_all FROM "clicks" WHERE ("clicks".listing_id = 113256) [0m
  [4;35;1mAnalyzing  Execution Time: 0.010493

[0m   [0mAggregate  (cost=814.47..814.48 rows=1 width=0)
   ->  Seq Scan on clicks  (cost=0.00..814.46 rows=2 width=0)
         Filter: (listing_id = 113256)
[0m
  [4;36;1mSQL (2.0ms)[0m   [0;1mSELECT count(*) AS count_all FROM "listings" WHERE ("listings".user_id = 25552) [0m
  [4;35;1mAnalyzing  Execution Time: 0.002297

[0m   [0mAggregate  (cost=1615.81..1615.82 rows=1 width=0)
   ->  Index Scan using index_listings_on_id_and_user_id_and_title on listings  (cost=0.00..1615.79 rows=4 width=0)
         Index Cond: (user_id = 25552)
[0m
  [4;36;1mListing Load (2.7ms)[0m   [0;1mSELECT * FROM "listings" WHERE ("listings".user_id = 25552) [0m
  [4;35;1mAnalyzing Listing Load Execution Time: 0.160588

[0m   [0mIndex Scan using index_listings_on_id_and_user_id_and_title on listings  (cost=0.00..1615.79 rows=4 width=1172)
   Index Cond: (user_id = 25552)
[0m
  [4;36;1mSQL (162.1ms)[0m   [0;1mSELECT count(*) AS count_all FROM "impressions" WHERE ("impressions".listing_id = 75057) [0m
  [4;35;1mAnalyzing  Execution Time: 0.162412

[0m   [0mAggregate  (cost=12714.08..12714.09 rows=1 width=0)
   ->  Seq Scan on impressions  (cost=0.00..12714.00 rows=31 width=0)
         Filter: (listing_id = 75057)
[0m
  [4;36;1mSQL (8.5ms)[0m   [0;1mSELECT count(*) AS count_all FROM "clicks" WHERE ("clicks".listing_id = 75057) [0m
  [4;35;1mAnalyzing  Execution Time: 0.008821

[0m   [0mAggregate  (cost=814.47..814.48 rows=1 width=0)
   ->  Seq Scan on clicks  (cost=0.00..814.46 rows=2 width=0)
         Filter: (listing_id = 75057)
[0m
  [4;36;1mSQL (2.0ms)[0m   [0;1mSELECT count(*) AS count_all FROM "listings" WHERE ("listings".user_id = 25551) [0m
  [4;35;1mAnalyzing  Execution Time: 0.002253

[0m   [0mAggregate  (cost=1615.81..1615.82 rows=1 width=0)
   ->  Index Scan using index_listings_on_id_and_user_id_and_title on listings  (cost=0.00..1615.79 rows=4 width=0)
         Index Cond: (user_id = 25551)
[0m
  [4;36;1mListing Load (2.6ms)[0m   [0;1mSELECT * FROM "listings" WHERE ("listings".user_id = 25551) [0m
  [4;35;1mAnalyzing Listing Load Execution Time: 0.003469

[0m   [0mIndex Scan using index_listings_on_id_and_user_id_and_title on listings  (cost=0.00..1615.79 rows=4 width=1172)
   Index Cond: (user_id = 25551)
[0m
  [4;36;1mSQL (167.4ms)[0m   [0;1mSELECT count(*) AS count_all FROM "impressions" WHERE ("impressions".listing_id = 113214) [0m
  [4;35;1mAnalyzing  Execution Time: 0.167679

[0m   [0mAggregate  (cost=12714.08..12714.09 rows=1 width=0)
   ->  Seq Scan on impressions  (cost=0.00..12714.00 rows=31 width=0)
         Filter: (listing_id = 113214)
[0m
  [4;36;1mSQL (12.6ms)[0m   [0;1mSELECT count(*) AS count_all FROM "clicks" WHERE ("clicks".listing_id = 113214) [0m
  [4;35;1mAnalyzing  Execution Time: 0.012888

[0m   [0mAggregate  (cost=814.47..814.48 rows=1 width=0)
   ->  Seq Scan on clicks  (cost=0.00..814.46 rows=2 width=0)
         Filter: (listing_id = 113214)
[0m
  [4;36;1mSQL (2.2ms)[0m   [0;1mSELECT count(*) AS count_all FROM "listings" WHERE ("listings".user_id = 25550) [0m
  [4;35;1mAnalyzing  Execution Time: 0.002426

[0m   [0mAggregate  (cost=1615.81..1615.82 rows=1 width=0)
   ->  Index Scan using index_listings_on_id_and_user_id_and_title on listings  (cost=0.00..1615.79 rows=4 width=0)
         Index Cond: (user_id = 25550)
[0m
  [4;36;1mListing Load (3.5ms)[0m   [0;1mSELECT * FROM "listings" WHERE ("listings".user_id = 25550) [0m
  [4;35;1mAnalyzing Listing Load Execution Time: 0.019849

[0m   [0mIndex Scan using index_listings_on_id_and_user_id_and_title on listings  (cost=0.00..1615.79 rows=4 width=1172)
   Index Cond: (user_id = 25550)
[0m
  [4;36;1mSQL (172.5ms)[0m   [0;1mSELECT count(*) AS count_all FROM "impressions" WHERE ("impressions".listing_id = 64827) [0m
  [4;35;1mAnalyzing  Execution Time: 0.172814

[0m   [0mAggregate  (cost=12714.08..12714.09 rows=1 width=0)
   ->  Seq Scan on impressions  (cost=0.00..12714.00 rows=31 width=0)
         Filter: (listing_id = 64827)
[0m
  [4;36;1mSQL (159.4ms)[0m   [0;1mSELECT count(*) AS count_all FROM "impressions" WHERE ("impressions".listing_id = 67737) [0m
  [4;35;1mAnalyzing  Execution Time: 0.159641

[0m   [0mAggregate  (cost=12714.08..12714.09 rows=1 width=0)
   ->  Seq Scan on impressions  (cost=0.00..12714.00 rows=31 width=0)
         Filter: (listing_id = 67737)
[0m
  [4;36;1mSQL (162.5ms)[0m   [0;1mSELECT count(*) AS count_all FROM "impressions" WHERE ("impressions".listing_id = 67738) [0m
  [4;35;1mAnalyzing  Execution Time: 0.16274

[0m   [0mAggregate  (cost=12714.08..12714.09 rows=1 width=0)
   ->  Seq Scan on impressions  (cost=0.00..12714.00 rows=31 width=0)
         Filter: (listing_id = 67738)
[0m
  [4;36;1mSQL (162.1ms)[0m   [0;1mSELECT count(*) AS count_all FROM "impressions" WHERE ("impressions".listing_id = 68832) [0m
  [4;35;1mAnalyzing  Execution Time: 0.162336

[0m   [0mAggregate  (cost=12714.08..12714.09 rows=1 width=0)
   ->  Seq Scan on impressions  (cost=0.00..12714.00 rows=31 width=0)
         Filter: (listing_id = 68832)
[0m
  [4;36;1mSQL (164.0ms)[0m   [0;1mSELECT count(*) AS count_all FROM "impressions" WHERE ("impressions".listing_id = 71586) [0m
  [4;35;1mAnalyzing  Execution Time: 0.164268

[0m   [0mAggregate  (cost=12714.08..12714.09 rows=1 width=0)
   ->  Seq Scan on impressions  (cost=0.00..12714.00 rows=31 width=0)
         Filter: (listing_id = 71586)
[0m
  [4;36;1mSQL (158.6ms)[0m   [0;1mSELECT count(*) AS count_all FROM "impressions" WHERE ("impressions".listing_id = 78646) [0m
  [4;35;1mAnalyzing  Execution Time: 0.158851

[0m   [0mAggregate  (cost=12714.08..12714.09 rows=1 width=0)
   ->  Seq Scan on impressions  (cost=0.00..12714.00 rows=31 width=0)
         Filter: (listing_id = 78646)
[0m
  [4;36;1mSQL (156.4ms)[0m   [0;1mSELECT count(*) AS count_all FROM "impressions" WHERE ("impressions".listing_id = 79836) [0m
  [4;35;1mAnalyzing  Execution Time: 0.156718

[0m   [0mAggregate  (cost=12714.08..12714.09 rows=1 width=0)
   ->  Seq Scan on impressions  (cost=0.00..12714.00 rows=31 width=0)
         Filter: (listing_id = 79836)
[0m
  [4;36;1mSQL (167.1ms)[0m   [0;1mSELECT count(*) AS count_all FROM "impressions" WHERE ("impressions".listing_id = 80033) [0m
  [4;35;1mAnalyzing  Execution Time: 0.167366

[0m   [0mAggregate  (cost=12714.08..12714.09 rows=1 width=0)
   ->  Seq Scan on impressions  (cost=0.00..12714.00 rows=31 width=0)
         Filter: (listing_id = 80033)
[0m
  [4;36;1mSQL (159.2ms)[0m   [0;1mSELECT count(*) AS count_all FROM "impressions" WHERE ("impressions".listing_id = 80181) [0m
  [4;35;1mAnalyzing  Execution Time: 0.159506

[0m   [0mAggregate  (cost=12714.08..12714.09 rows=1 width=0)
   ->  Seq Scan on impressions  (cost=0.00..12714.00 rows=31 width=0)
         Filter: (listing_id = 80181)
[0m
  [4;36;1mSQL (161.6ms)[0m   [0;1mSELECT count(*) AS count_all FROM "impressions" WHERE ("impressions".listing_id = 80230) [0m
  [4;35;1mAnalyzing  Execution Time: 0.161928

[0m   [0mAggregate  (cost=12714.08..12714.09 rows=1 width=0)
   ->  Seq Scan on impressions  (cost=0.00..12714.00 rows=31 width=0)
         Filter: (listing_id = 80230)
[0m
  [4;36;1mSQL (171.9ms)[0m   [0;1mSELECT count(*) AS count_all FROM "impressions" WHERE ("impressions".listing_id = 80246) [0m
  [4;35;1mAnalyzing  Execution Time: 0.172175

[0m   [0mAggregate  (cost=12714.08..12714.09 rows=1 width=0)
   ->  Seq Scan on impressions  (cost=0.00..12714.00 rows=31 width=0)
         Filter: (listing_id = 80246)
[0m
  [4;36;1mSQL (163.0ms)[0m   [0;1mSELECT count(*) AS count_all FROM "impressions" WHERE ("impressions".listing_id = 80568) [0m
  [4;35;1mAnalyzing  Execution Time: 0.16335

[0m   [0mAggregate  (cost=12714.08..12714.09 rows=1 width=0)
   ->  Seq Scan on impressions  (cost=0.00..12714.00 rows=31 width=0)
         Filter: (listing_id = 80568)
[0m
  [4;36;1mSQL (166.4ms)[0m   [0;1mSELECT count(*) AS count_all FROM "impressions" WHERE ("impressions".listing_id = 81081) [0m
  [4;35;1mAnalyzing  Execution Time: 0.166758

[0m   [0mAggregate  (cost=12714.08..12714.09 rows=1 width=0)
   ->  Seq Scan on impressions  (cost=0.00..12714.00 rows=31 width=0)
         Filter: (listing_id = 81081)
[0m
  [4;36;1mSQL (202.8ms)[0m   [0;1mSELECT count(*) AS count_all FROM "impressions" WHERE ("impressions".listing_id = 81258) [0m
  [4;35;1mAnalyzing  Execution Time: 0.203314

[0m   [0mAggregate  (cost=12714.08..12714.09 rows=1 width=0)
   ->  Seq Scan on impressions  (cost=0.00..12714.00 rows=31 width=0)
         Filter: (listing_id = 81258)
[0m
  [4;36;1mSQL (238.6ms)[0m   [0;1mSELECT count(*) AS count_all FROM "impressions" WHERE ("impressions".listing_id = 81905) [0m
  [4;35;1mAnalyzing  Execution Time: 0.238862

[0m   [0mAggregate  (cost=12714.08..12714.09 rows=1 width=0)
   ->  Seq Scan on impressions  (cost=0.00..12714.00 rows=31 width=0)
         Filter: (listing_id = 81905)
[0m
  [4;36;1mSQL (174.5ms)[0m   [0;1mSELECT count(*) AS count_all FROM "impressions" WHERE ("impressions".listing_id = 81906) [0m
  [4;35;1mAnalyzing  Execution Time: 0.174748

[0m   [0mAggregate  (cost=12714.08..12714.09 rows=1 width=0)
   ->  Seq Scan on impressions  (cost=0.00..12714.00 rows=31 width=0)
         Filter: (listing_id = 81906)
[0m
  [4;36;1mSQL (163.2ms)[0m   [0;1mSELECT count(*) AS count_all FROM "impressions" WHERE ("impressions".listing_id = 82173) [0m
  [4;35;1mAnalyzing  Execution Time: 0.163486

[0m   [0mAggregate  (cost=12714.08..12714.09 rows=1 width=0)
   ->  Seq Scan on impressions  (cost=0.00..12714.00 rows=31 width=0)
         Filter: (listing_id = 82173)
[0m
  [4;36;1mSQL (159.8ms)[0m   [0;1mSELECT count(*) AS count_all FROM "impressions" WHERE ("impressions".listing_id = 82215) [0m
  [4;35;1mAnalyzing  Execution Time: 0.160067

[0m   [0mAggregate  (cost=12714.08..12714.09 rows=1 width=0)
   ->  Seq Scan on impressions  (cost=0.00..12714.00 rows=31 width=0)
         Filter: (listing_id = 82215)
[0m
  [4;36;1mSQL (164.9ms)[0m   [0;1mSELECT count(*) AS count_all FROM "impressions" WHERE ("impressions".listing_id = 90379) [0m
  [4;35;1mAnalyzing  Execution Time: 0.165168

[0m   [0mAggregate  (cost=12714.08..12714.09 rows=1 width=0)
   ->  Seq Scan on impressions  (cost=0.00..12714.00 rows=31 width=0)
         Filter: (listing_id = 90379)
[0m
  [4;36;1mSQL (164.5ms)[0m   [0;1mSELECT count(*) AS count_all FROM "impressions" WHERE ("impressions".listing_id = 90612) [0m
  [4;35;1mAnalyzing  Execution Time: 0.164796

[0m   [0mAggregate  (cost=12714.08..12714.09 rows=1 width=0)
   ->  Seq Scan on impressions  (cost=0.00..12714.00 rows=31 width=0)
         Filter: (listing_id = 90612)
[0m
  [4;36;1mSQL (158.0ms)[0m   [0;1mSELECT count(*) AS count_all FROM "impressions" WHERE ("impressions".listing_id = 92908) [0m
  [4;35;1mAnalyzing  Execution Time: 0.158256

[0m   [0mAggregate  (cost=12714.08..12714.09 rows=1 width=0)
   ->  Seq Scan on impressions  (cost=0.00..12714.00 rows=31 width=0)
         Filter: (listing_id = 92908)
[0m
  [4;36;1mSQL (155.4ms)[0m   [0;1mSELECT count(*) AS count_all FROM "impressions" WHERE ("impressions".listing_id = 98752) [0m
  [4;35;1mAnalyzing  Execution Time: 0.155646

[0m   [0mAggregate  (cost=12714.08..12714.09 rows=1 width=0)
   ->  Seq Scan on impressions  (cost=0.00..12714.00 rows=31 width=0)
         Filter: (listing_id = 98752)
[0m
  [4;36;1mSQL (152.0ms)[0m   [0;1mSELECT count(*) AS count_all FROM "impressions" WHERE ("impressions".listing_id = 113175) [0m
  [4;35;1mAnalyzing  Execution Time: 0.152274

[0m   [0mAggregate  (cost=12714.08..12714.09 rows=1 width=0)
   ->  Seq Scan on impressions  (cost=0.00..12714.00 rows=31 width=0)
         Filter: (listing_id = 113175)
[0m
  [4;36;1mSQL (153.6ms)[0m   [0;1mSELECT count(*) AS count_all FROM "impressions" WHERE ("impressions".listing_id = 113205) [0m
  [4;35;1mAnalyzing  Execution Time: 0.153855

[0m   [0mAggregate  (cost=12714.08..12714.09 rows=1 width=0)
   ->  Seq Scan on impressions  (cost=0.00..12714.00 rows=31 width=0)
         Filter: (listing_id = 113205)
[0m
  [4;36;1mSQL (151.2ms)[0m   [0;1mSELECT count(*) AS count_all FROM "impressions" WHERE ("impressions".listing_id = 113206) [0m
  [4;35;1mAnalyzing  Execution Time: 0.151477

[0m   [0mAggregate  (cost=12714.08..12714.09 rows=1 width=0)
   ->  Seq Scan on impressions  (cost=0.00..12714.00 rows=31 width=0)
         Filter: (listing_id = 113206)
[0m
  [4;36;1mSQL (216.1ms)[0m   [0;1mSELECT count(*) AS count_all FROM "impressions" WHERE ("impressions".listing_id = 113207) [0m
  [4;35;1mAnalyzing  Execution Time: 0.216399

[0m   [0mAggregate  (cost=12714.08..12714.09 rows=1 width=0)
   ->  Seq Scan on impressions  (cost=0.00..12714.00 rows=31 width=0)
         Filter: (listing_id = 113207)
[0m
  [4;36;1mSQL (159.2ms)[0m   [0;1mSELECT count(*) AS count_all FROM "impressions" WHERE ("impressions".listing_id = 113208) [0m
  [4;35;1mAnalyzing  Execution Time: 0.159462

[0m   [0mAggregate  (cost=12714.08..12714.09 rows=1 width=0)
   ->  Seq Scan on impressions  (cost=0.00..12714.00 rows=31 width=0)
         Filter: (listing_id = 113208)
[0m
  [4;36;1mSQL (153.1ms)[0m   [0;1mSELECT count(*) AS count_all FROM "impressions" WHERE ("impressions".listing_id = 113211) [0m
  [4;35;1mAnalyzing  Execution Time: 0.15338

[0m   [0mAggregate  (cost=12714.08..12714.09 rows=1 width=0)
   ->  Seq Scan on impressions  (cost=0.00..12714.00 rows=31 width=0)
         Filter: (listing_id = 113211)
[0m
  [4;36;1mSQL (154.7ms)[0m   [0;1mSELECT count(*) AS count_all FROM "impressions" WHERE ("impressions".listing_id = 113212) [0m
  [4;35;1mAnalyzing  Execution Time: 0.15497

[0m   [0mAggregate  (cost=12714.08..12714.09 rows=1 width=0)
   ->  Seq Scan on impressions  (cost=0.00..12714.00 rows=31 width=0)
         Filter: (listing_id = 113212)
[0m
  [4;36;1mSQL (158.0ms)[0m   [0;1mSELECT count(*) AS count_all FROM "impressions" WHERE ("impressions".listing_id = 113227) [0m
  [4;35;1mAnalyzing  Execution Time: 0.158209

[0m   [0mAggregate  (cost=12714.08..12714.09 rows=1 width=0)
   ->  Seq Scan on impressions  (cost=0.00..12714.00 rows=31 width=0)
         Filter: (listing_id = 113227)
[0m
  [4;36;1mSQL (153.4ms)[0m   [0;1mSELECT count(*) AS count_all FROM "impressions" WHERE ("impressions".listing_id = 113228) [0m
  [4;35;1mAnalyzing  Execution Time: 0.153719

[0m   [0mAggregate  (cost=12714.08..12714.09 rows=1 width=0)
   ->  Seq Scan on impressions  (cost=0.00..12714.00 rows=31 width=0)
         Filter: (listing_id = 113228)
[0m
  [4;36;1mSQL (158.7ms)[0m   [0;1mSELECT count(*) AS count_all FROM "impressions" WHERE ("impressions".listing_id = 113230) [0m
  [4;35;1mAnalyzing  Execution Time: 0.15897

[0m   [0mAggregate  (cost=12714.08..12714.09 rows=1 width=0)
   ->  Seq Scan on impressions  (cost=0.00..12714.00 rows=31 width=0)
         Filter: (listing_id = 113230)
[0m
  [4;36;1mSQL (179.3ms)[0m   [0;1mSELECT count(*) AS count_all FROM "impressions" WHERE ("impressions".listing_id = 113231) [0m
  [4;35;1mAnalyzing  Execution Time: 0.179598

[0m   [0mAggregate  (cost=12714.08..12714.09 rows=1 width=0)
   ->  Seq Scan on impressions  (cost=0.00..12714.00 rows=31 width=0)
         Filter: (listing_id = 113231)
[0m
  [4;36;1mSQL (9.5ms)[0m   [0;1mSELECT count(*) AS count_all FROM "clicks" WHERE ("clicks".listing_id = 64827) [0m
  [4;35;1mAnalyzing  Execution Time: 0.009745

[0m   [0mAggregate  (cost=814.47..814.48 rows=1 width=0)
   ->  Seq Scan on clicks  (cost=0.00..814.46 rows=2 width=0)
         Filter: (listing_id = 64827)
[0m
  [4;36;1mSQL (11.4ms)[0m   [0;1mSELECT count(*) AS count_all FROM "clicks" WHERE ("clicks".listing_id = 67737) [0m
  [4;35;1mAnalyzing  Execution Time: 0.011719

[0m   [0mAggregate  (cost=814.47..814.48 rows=1 width=0)
   ->  Seq Scan on clicks  (cost=0.00..814.46 rows=2 width=0)
         Filter: (listing_id = 67737)
[0m
  [4;36;1mSQL (10.6ms)[0m   [0;1mSELECT count(*) AS count_all FROM "clicks" WHERE ("clicks".listing_id = 67738) [0m
  [4;35;1mAnalyzing  Execution Time: 0.011277

[0m   [0mAggregate  (cost=814.47..814.48 rows=1 width=0)
   ->  Seq Scan on clicks  (cost=0.00..814.46 rows=2 width=0)
         Filter: (listing_id = 67738)
[0m
  [4;36;1mSQL (9.6ms)[0m   [0;1mSELECT count(*) AS count_all FROM "clicks" WHERE ("clicks".listing_id = 68832) [0m
  [4;35;1mAnalyzing  Execution Time: 0.009847

[0m   [0mAggregate  (cost=814.47..814.48 rows=1 width=0)
   ->  Seq Scan on clicks  (cost=0.00..814.46 rows=2 width=0)
         Filter: (listing_id = 68832)
[0m
  [4;36;1mSQL (13.2ms)[0m   [0;1mSELECT count(*) AS count_all FROM "clicks" WHERE ("clicks".listing_id = 71586) [0m
  [4;35;1mAnalyzing  Execution Time: 0.013508

[0m   [0mAggregate  (cost=814.47..814.48 rows=1 width=0)
   ->  Seq Scan on clicks  (cost=0.00..814.46 rows=2 width=0)
         Filter: (listing_id = 71586)
[0m
  [4;36;1mSQL (10.4ms)[0m   [0;1mSELECT count(*) AS count_all FROM "clicks" WHERE ("clicks".listing_id = 78646) [0m
  [4;35;1mAnalyzing  Execution Time: 0.010709

[0m   [0mAggregate  (cost=814.47..814.48 rows=1 width=0)
   ->  Seq Scan on clicks  (cost=0.00..814.46 rows=2 width=0)
         Filter: (listing_id = 78646)
[0m
  [4;36;1mSQL (14.5ms)[0m   [0;1mSELECT count(*) AS count_all FROM "clicks" WHERE ("clicks".listing_id = 79836) [0m
  [4;35;1mAnalyzing  Execution Time: 0.01482

[0m   [0mAggregate  (cost=814.47..814.48 rows=1 width=0)
   ->  Seq Scan on clicks  (cost=0.00..814.46 rows=2 width=0)
         Filter: (listing_id = 79836)
[0m
  [4;36;1mSQL (8.9ms)[0m   [0;1mSELECT count(*) AS count_all FROM "clicks" WHERE ("clicks".listing_id = 80033) [0m
  [4;35;1mAnalyzing  Execution Time: 0.009255

[0m   [0mAggregate  (cost=814.47..814.48 rows=1 width=0)
   ->  Seq Scan on clicks  (cost=0.00..814.46 rows=2 width=0)
         Filter: (listing_id = 80033)
[0m
  [4;36;1mSQL (10.4ms)[0m   [0;1mSELECT count(*) AS count_all FROM "clicks" WHERE ("clicks".listing_id = 80181) [0m
  [4;35;1mAnalyzing  Execution Time: 0.010693

[0m   [0mAggregate  (cost=814.47..814.48 rows=1 width=0)
   ->  Seq Scan on clicks  (cost=0.00..814.46 rows=2 width=0)
         Filter: (listing_id = 80181)
[0m
  [4;36;1mSQL (12.4ms)[0m   [0;1mSELECT count(*) AS count_all FROM "clicks" WHERE ("clicks".listing_id = 80230) [0m
  [4;35;1mAnalyzing  Execution Time: 0.012732

[0m   [0mAggregate  (cost=814.47..814.48 rows=1 width=0)
   ->  Seq Scan on clicks  (cost=0.00..814.46 rows=2 width=0)
         Filter: (listing_id = 80230)
[0m
  [4;36;1mSQL (12.3ms)[0m   [0;1mSELECT count(*) AS count_all FROM "clicks" WHERE ("clicks".listing_id = 80246) [0m
  [4;35;1mAnalyzing  Execution Time: 0.012558

[0m   [0mAggregate  (cost=814.47..814.48 rows=1 width=0)
   ->  Seq Scan on clicks  (cost=0.00..814.46 rows=2 width=0)
         Filter: (listing_id = 80246)
[0m
  [4;36;1mSQL (10.6ms)[0m   [0;1mSELECT count(*) AS count_all FROM "clicks" WHERE ("clicks".listing_id = 80568) [0m
  [4;35;1mAnalyzing  Execution Time: 0.010917

[0m   [0mAggregate  (cost=814.47..814.48 rows=1 width=0)
   ->  Seq Scan on clicks  (cost=0.00..814.46 rows=2 width=0)
         Filter: (listing_id = 80568)
[0m
  [4;36;1mSQL (8.9ms)[0m   [0;1mSELECT count(*) AS count_all FROM "clicks" WHERE ("clicks".listing_id = 81081) [0m
  [4;35;1mAnalyzing  Execution Time: 0.009189

[0m   [0mAggregate  (cost=814.47..814.48 rows=1 width=0)
   ->  Seq Scan on clicks  (cost=0.00..814.46 rows=2 width=0)
         Filter: (listing_id = 81081)
[0m
  [4;36;1mSQL (9.3ms)[0m   [0;1mSELECT count(*) AS count_all FROM "clicks" WHERE ("clicks".listing_id = 81258) [0m
  [4;35;1mAnalyzing  Execution Time: 0.009602

[0m   [0mAggregate  (cost=814.47..814.48 rows=1 width=0)
   ->  Seq Scan on clicks  (cost=0.00..814.46 rows=2 width=0)
         Filter: (listing_id = 81258)
[0m
  [4;36;1mSQL (10.5ms)[0m   [0;1mSELECT count(*) AS count_all FROM "clicks" WHERE ("clicks".listing_id = 81905) [0m
  [4;35;1mAnalyzing  Execution Time: 0.010734

[0m   [0mAggregate  (cost=814.47..814.48 rows=1 width=0)
   ->  Seq Scan on clicks  (cost=0.00..814.46 rows=2 width=0)
         Filter: (listing_id = 81905)
[0m
  [4;36;1mSQL (8.8ms)[0m   [0;1mSELECT count(*) AS count_all FROM "clicks" WHERE ("clicks".listing_id = 81906) [0m
  [4;35;1mAnalyzing  Execution Time: 0.009114

[0m   [0mAggregate  (cost=814.47..814.48 rows=1 width=0)
   ->  Seq Scan on clicks  (cost=0.00..814.46 rows=2 width=0)
         Filter: (listing_id = 81906)
[0m
  [4;36;1mSQL (9.4ms)[0m   [0;1mSELECT count(*) AS count_all FROM "clicks" WHERE ("clicks".listing_id = 82173) [0m
  [4;35;1mAnalyzing  Execution Time: 0.009649

[0m   [0mAggregate  (cost=814.47..814.48 rows=1 width=0)
   ->  Seq Scan on clicks  (cost=0.00..814.46 rows=2 width=0)
         Filter: (listing_id = 82173)
[0m
  [4;36;1mSQL (11.4ms)[0m   [0;1mSELECT count(*) AS count_all FROM "clicks" WHERE ("clicks".listing_id = 82215) [0m
  [4;35;1mAnalyzing  Execution Time: 0.011786

[0m   [0mAggregate  (cost=814.47..814.48 rows=1 width=0)
   ->  Seq Scan on clicks  (cost=0.00..814.46 rows=2 width=0)
         Filter: (listing_id = 82215)
[0m
  [4;36;1mSQL (9.7ms)[0m   [0;1mSELECT count(*) AS count_all FROM "clicks" WHERE ("clicks".listing_id = 90379) [0m
  [4;35;1mAnalyzing  Execution Time: 0.010023

[0m   [0mAggregate  (cost=814.47..814.48 rows=1 width=0)
   ->  Seq Scan on clicks  (cost=0.00..814.46 rows=2 width=0)
         Filter: (listing_id = 90379)
[0m
  [4;36;1mSQL (10.9ms)[0m   [0;1mSELECT count(*) AS count_all FROM "clicks" WHERE ("clicks".listing_id = 90612) [0m
  [4;35;1mAnalyzing  Execution Time: 0.011155

[0m   [0mAggregate  (cost=814.47..814.48 rows=1 width=0)
   ->  Seq Scan on clicks  (cost=0.00..814.46 rows=2 width=0)
         Filter: (listing_id = 90612)
[0m
  [4;36;1mSQL (9.1ms)[0m   [0;1mSELECT count(*) AS count_all FROM "clicks" WHERE ("clicks".listing_id = 92908) [0m
  [4;35;1mAnalyzing  Execution Time: 0.009335

[0m   [0mAggregate  (cost=814.47..814.48 rows=1 width=0)
   ->  Seq Scan on clicks  (cost=0.00..814.46 rows=2 width=0)
         Filter: (listing_id = 92908)
[0m
  [4;36;1mSQL (8.6ms)[0m   [0;1mSELECT count(*) AS count_all FROM "clicks" WHERE ("clicks".listing_id = 98752) [0m
  [4;35;1mAnalyzing  Execution Time: 0.008828

[0m   [0mAggregate  (cost=814.47..814.48 rows=1 width=0)
   ->  Seq Scan on clicks  (cost=0.00..814.46 rows=2 width=0)
         Filter: (listing_id = 98752)
[0m
  [4;36;1mSQL (12.4ms)[0m   [0;1mSELECT count(*) AS count_all FROM "clicks" WHERE ("clicks".listing_id = 113175) [0m
  [4;35;1mAnalyzing  Execution Time: 0.0127

[0m   [0mAggregate  (cost=814.47..814.48 rows=1 width=0)
   ->  Seq Scan on clicks  (cost=0.00..814.46 rows=2 width=0)
         Filter: (listing_id = 113175)
[0m
  [4;36;1mSQL (8.9ms)[0m   [0;1mSELECT count(*) AS count_all FROM "clicks" WHERE ("clicks".listing_id = 113205) [0m
  [4;35;1mAnalyzing  Execution Time: 0.009172

[0m   [0mAggregate  (cost=814.47..814.48 rows=1 width=0)
   ->  Seq Scan on clicks  (cost=0.00..814.46 rows=2 width=0)
         Filter: (listing_id = 113205)
[0m
  [4;36;1mSQL (8.6ms)[0m   [0;1mSELECT count(*) AS count_all FROM "clicks" WHERE ("clicks".listing_id = 113206) [0m
  [4;35;1mAnalyzing  Execution Time: 0.008876

[0m   [0mAggregate  (cost=814.47..814.48 rows=1 width=0)
   ->  Seq Scan on clicks  (cost=0.00..814.46 rows=2 width=0)
         Filter: (listing_id = 113206)
[0m
  [4;36;1mSQL (12.3ms)[0m   [0;1mSELECT count(*) AS count_all FROM "clicks" WHERE ("clicks".listing_id = 113207) [0m
  [4;35;1mAnalyzing  Execution Time: 0.012993

[0m   [0mAggregate  (cost=814.47..814.48 rows=1 width=0)
   ->  Seq Scan on clicks  (cost=0.00..814.46 rows=2 width=0)
         Filter: (listing_id = 113207)
[0m
  [4;36;1mSQL (9.9ms)[0m   [0;1mSELECT count(*) AS count_all FROM "clicks" WHERE ("clicks".listing_id = 113208) [0m
  [4;35;1mAnalyzing  Execution Time: 0.010183

[0m   [0mAggregate  (cost=814.47..814.48 rows=1 width=0)
   ->  Seq Scan on clicks  (cost=0.00..814.46 rows=2 width=0)
         Filter: (listing_id = 113208)
[0m
  [4;36;1mSQL (10.6ms)[0m   [0;1mSELECT count(*) AS count_all FROM "clicks" WHERE ("clicks".listing_id = 113211) [0m
  [4;35;1mAnalyzing  Execution Time: 0.010818

[0m   [0mAggregate  (cost=814.47..814.48 rows=1 width=0)
   ->  Seq Scan on clicks  (cost=0.00..814.46 rows=2 width=0)
         Filter: (listing_id = 113211)
[0m
  [4;36;1mSQL (9.4ms)[0m   [0;1mSELECT count(*) AS count_all FROM "clicks" WHERE ("clicks".listing_id = 113212) [0m
  [4;35;1mAnalyzing  Execution Time: 0.009729

[0m   [0mAggregate  (cost=814.47..814.48 rows=1 width=0)
   ->  Seq Scan on clicks  (cost=0.00..814.46 rows=2 width=0)
         Filter: (listing_id = 113212)
[0m
  [4;36;1mSQL (9.7ms)[0m   [0;1mSELECT count(*) AS count_all FROM "clicks" WHERE ("clicks".listing_id = 113227) [0m
  [4;35;1mAnalyzing  Execution Time: 0.010012

[0m   [0mAggregate  (cost=814.47..814.48 rows=1 width=0)
   ->  Seq Scan on clicks  (cost=0.00..814.46 rows=2 width=0)
         Filter: (listing_id = 113227)
[0m
  [4;36;1mSQL (12.6ms)[0m   [0;1mSELECT count(*) AS count_all FROM "clicks" WHERE ("clicks".listing_id = 113228) [0m
  [4;35;1mAnalyzing  Execution Time: 0.012874

[0m   [0mAggregate  (cost=814.47..814.48 rows=1 width=0)
   ->  Seq Scan on clicks  (cost=0.00..814.46 rows=2 width=0)
         Filter: (listing_id = 113228)
[0m
  [4;36;1mSQL (9.0ms)[0m   [0;1mSELECT count(*) AS count_all FROM "clicks" WHERE ("clicks".listing_id = 113230) [0m
  [4;35;1mAnalyzing  Execution Time: 0.009431

[0m   [0mAggregate  (cost=814.47..814.48 rows=1 width=0)
   ->  Seq Scan on clicks  (cost=0.00..814.46 rows=2 width=0)
         Filter: (listing_id = 113230)
[0m
  [4;36;1mSQL (11.8ms)[0m   [0;1mSELECT count(*) AS count_all FROM "clicks" WHERE ("clicks".listing_id = 113231) [0m
  [4;35;1mAnalyzing  Execution Time: 0.01206

[0m   [0mAggregate  (cost=814.47..814.48 rows=1 width=0)
   ->  Seq Scan on clicks  (cost=0.00..814.46 rows=2 width=0)
         Filter: (listing_id = 113231)
[0m
  [4;36;1mSQL (2.6ms)[0m   [0;1mSELECT count(*) AS count_all FROM "listings" WHERE ("listings".user_id = 25548) [0m
  [4;35;1mAnalyzing  Execution Time: 0.002891

[0m   [0mAggregate  (cost=1615.81..1615.82 rows=1 width=0)
   ->  Index Scan using index_listings_on_id_and_user_id_and_title on listings  (cost=0.00..1615.79 rows=4 width=0)
         Index Cond: (user_id = 25548)
[0m
  [4;36;1mListing Load (2.3ms)[0m   [0;1mSELECT * FROM "listings" WHERE ("listings".user_id = 25548) [0m
  [4;35;1mAnalyzing Listing Load Execution Time: 0.002996

[0m   [0mIndex Scan using index_listings_on_id_and_user_id_and_title on listings  (cost=0.00..1615.79 rows=4 width=1172)
   Index Cond: (user_id = 25548)
[0m
  [4;36;1mSQL (165.9ms)[0m   [0;1mSELECT count(*) AS count_all FROM "impressions" WHERE ("impressions".listing_id = 113174) [0m
  [4;35;1mAnalyzing  Execution Time: 0.166188

[0m   [0mAggregate  (cost=12714.08..12714.09 rows=1 width=0)
   ->  Seq Scan on impressions  (cost=0.00..12714.00 rows=31 width=0)
         Filter: (listing_id = 113174)
[0m
  [4;36;1mSQL (9.9ms)[0m   [0;1mSELECT count(*) AS count_all FROM "clicks" WHERE ("clicks".listing_id = 113174) [0m
  [4;35;1mAnalyzing  Execution Time: 0.010164

[0m   [0mAggregate  (cost=814.47..814.48 rows=1 width=0)
   ->  Seq Scan on clicks  (cost=0.00..814.46 rows=2 width=0)
         Filter: (listing_id = 113174)
[0m
  [4;36;1mSQL (2.0ms)[0m   [0;1mSELECT count(*) AS count_all FROM "listings" WHERE ("listings".user_id = 25547) [0m
  [4;35;1mAnalyzing  Execution Time: 0.002324

[0m   [0mAggregate  (cost=1615.81..1615.82 rows=1 width=0)
   ->  Index Scan using index_listings_on_id_and_user_id_and_title on listings  (cost=0.00..1615.79 rows=4 width=0)
         Index Cond: (user_id = 25547)
[0m
  [4;36;1mListing Load (2.5ms)[0m   [0;1mSELECT * FROM "listings" WHERE ("listings".user_id = 25547) [0m
  [4;35;1mAnalyzing Listing Load Execution Time: 0.003209

[0m   [0mIndex Scan using index_listings_on_id_and_user_id_and_title on listings  (cost=0.00..1615.79 rows=4 width=1172)
   Index Cond: (user_id = 25547)
[0m
  [4;36;1mSQL (164.8ms)[0m   [0;1mSELECT count(*) AS count_all FROM "impressions" WHERE ("impressions".listing_id = 113173) [0m
  [4;35;1mAnalyzing  Execution Time: 0.16519

[0m   [0mAggregate  (cost=12714.08..12714.09 rows=1 width=0)
   ->  Seq Scan on impressions  (cost=0.00..12714.00 rows=31 width=0)
         Filter: (listing_id = 113173)
[0m
  [4;36;1mSQL (9.7ms)[0m   [0;1mSELECT count(*) AS count_all FROM "clicks" WHERE ("clicks".listing_id = 113173) [0m
  [4;35;1mAnalyzing  Execution Time: 0.009946

[0m   [0mAggregate  (cost=814.47..814.48 rows=1 width=0)
   ->  Seq Scan on clicks  (cost=0.00..814.46 rows=2 width=0)
         Filter: (listing_id = 113173)
[0m
  [4;36;1mSQL (2.2ms)[0m   [0;1mSELECT count(*) AS count_all FROM "listings" WHERE ("listings".user_id = 25546) [0m
  [4;35;1mAnalyzing  Execution Time: 0.002491

[0m   [0mAggregate  (cost=1615.81..1615.82 rows=1 width=0)
   ->  Index Scan using index_listings_on_id_and_user_id_and_title on listings  (cost=0.00..1615.79 rows=4 width=0)
         Index Cond: (user_id = 25546)
[0m
  [4;36;1mListing Load (2.0ms)[0m   [0;1mSELECT * FROM "listings" WHERE ("listings".user_id = 25546) [0m
  [4;35;1mAnalyzing Listing Load Execution Time: 0.002656

[0m   [0mIndex Scan using index_listings_on_id_and_user_id_and_title on listings  (cost=0.00..1615.79 rows=4 width=1172)
   Index Cond: (user_id = 25546)
[0m
  [4;36;1mSQL (160.5ms)[0m   [0;1mSELECT count(*) AS count_all FROM "impressions" WHERE ("impressions".listing_id = 106828) [0m
  [4;35;1mAnalyzing  Execution Time: 0.160797

[0m   [0mAggregate  (cost=12714.08..12714.09 rows=1 width=0)
   ->  Seq Scan on impressions  (cost=0.00..12714.00 rows=31 width=0)
         Filter: (listing_id = 106828)
[0m
  [4;36;1mSQL (8.9ms)[0m   [0;1mSELECT count(*) AS count_all FROM "clicks" WHERE ("clicks".listing_id = 106828) [0m
  [4;35;1mAnalyzing  Execution Time: 0.009219

[0m   [0mAggregate  (cost=814.47..814.48 rows=1 width=0)
   ->  Seq Scan on clicks  (cost=0.00..814.46 rows=2 width=0)
         Filter: (listing_id = 106828)
[0m
  [4;36;1mSQL (2.3ms)[0m   [0;1mSELECT count(*) AS count_all FROM "listings" WHERE ("listings".user_id = 25545) [0m
  [4;35;1mAnalyzing  Execution Time: 0.002609

[0m   [0mAggregate  (cost=1615.81..1615.82 rows=1 width=0)
   ->  Index Scan using index_listings_on_id_and_user_id_and_title on listings  (cost=0.00..1615.79 rows=4 width=0)
         Index Cond: (user_id = 25545)
[0m
  [4;36;1mListing Load (2.6ms)[0m   [0;1mSELECT * FROM "listings" WHERE ("listings".user_id = 25545) [0m
  [4;35;1mAnalyzing Listing Load Execution Time: 0.003715

[0m   [0mIndex Scan using index_listings_on_id_and_user_id_and_title on listings  (cost=0.00..1615.79 rows=4 width=1172)
   Index Cond: (user_id = 25545)
[0m
  [4;36;1mSQL (148.4ms)[0m   [0;1mSELECT count(*) AS count_all FROM "impressions" WHERE ("impressions".listing_id = 76964) [0m
  [4;35;1mAnalyzing  Execution Time: 0.148728

[0m   [0mAggregate  (cost=12714.08..12714.09 rows=1 width=0)
   ->  Seq Scan on impressions  (cost=0.00..12714.00 rows=31 width=0)
         Filter: (listing_id = 76964)
[0m
  [4;36;1mSQL (9.5ms)[0m   [0;1mSELECT count(*) AS count_all FROM "clicks" WHERE ("clicks".listing_id = 76964) [0m
  [4;35;1mAnalyzing  Execution Time: 0.009777

[0m   [0mAggregate  (cost=814.47..814.48 rows=1 width=0)
   ->  Seq Scan on clicks  (cost=0.00..814.46 rows=2 width=0)
         Filter: (listing_id = 76964)
[0m
  [4;36;1mSQL (3.4ms)[0m   [0;1mSELECT count(*) AS count_all FROM "listings" WHERE ("listings".user_id = 25544) [0m
  [4;35;1mAnalyzing  Execution Time: 0.003612

[0m   [0mAggregate  (cost=1615.81..1615.82 rows=1 width=0)
   ->  Index Scan using index_listings_on_id_and_user_id_and_title on listings  (cost=0.00..1615.79 rows=4 width=0)
         Index Cond: (user_id = 25544)
[0m
  [4;36;1mListing Load (2.1ms)[0m   [0;1mSELECT * FROM "listings" WHERE ("listings".user_id = 25544) [0m
  [4;35;1mAnalyzing Listing Load Execution Time: 0.003705

[0m   [0mIndex Scan using index_listings_on_id_and_user_id_and_title on listings  (cost=0.00..1615.79 rows=4 width=1172)
   Index Cond: (user_id = 25544)
[0m
  [4;36;1mSQL (149.9ms)[0m   [0;1mSELECT count(*) AS count_all FROM "impressions" WHERE ("impressions".listing_id = 91334) [0m
  [4;35;1mAnalyzing  Execution Time: 0.150158

[0m   [0mAggregate  (cost=12714.08..12714.09 rows=1 width=0)
   ->  Seq Scan on impressions  (cost=0.00..12714.00 rows=31 width=0)
         Filter: (listing_id = 91334)
[0m
  [4;36;1mSQL (153.8ms)[0m   [0;1mSELECT count(*) AS count_all FROM "impressions" WHERE ("impressions".listing_id = 91335) [0m
  [4;35;1mAnalyzing  Execution Time: 0.154071

[0m   [0mAggregate  (cost=12714.08..12714.09 rows=1 width=0)
   ->  Seq Scan on impressions  (cost=0.00..12714.00 rows=31 width=0)
         Filter: (listing_id = 91335)
[0m
  [4;36;1mSQL (152.7ms)[0m   [0;1mSELECT count(*) AS count_all FROM "impressions" WHERE ("impressions".listing_id = 91336) [0m
  [4;35;1mAnalyzing  Execution Time: 0.152998

[0m   [0mAggregate  (cost=12714.08..12714.09 rows=1 width=0)
   ->  Seq Scan on impressions  (cost=0.00..12714.00 rows=31 width=0)
         Filter: (listing_id = 91336)
[0m
  [4;36;1mSQL (9.8ms)[0m   [0;1mSELECT count(*) AS count_all FROM "clicks" WHERE ("clicks".listing_id = 91334) [0m
  [4;35;1mAnalyzing  Execution Time: 0.010087

[0m   [0mAggregate  (cost=814.47..814.48 rows=1 width=0)
   ->  Seq Scan on clicks  (cost=0.00..814.46 rows=2 width=0)
         Filter: (listing_id = 91334)
[0m
  [4;36;1mSQL (9.9ms)[0m   [0;1mSELECT count(*) AS count_all FROM "clicks" WHERE ("clicks".listing_id = 91335) [0m
  [4;35;1mAnalyzing  Execution Time: 0.010167

[0m   [0mAggregate  (cost=814.47..814.48 rows=1 width=0)
   ->  Seq Scan on clicks  (cost=0.00..814.46 rows=2 width=0)
         Filter: (listing_id = 91335)
[0m
  [4;36;1mSQL (9.2ms)[0m   [0;1mSELECT count(*) AS count_all FROM "clicks" WHERE ("clicks".listing_id = 91336) [0m
  [4;35;1mAnalyzing  Execution Time: 0.009406

[0m   [0mAggregate  (cost=814.47..814.48 rows=1 width=0)
   ->  Seq Scan on clicks  (cost=0.00..814.46 rows=2 width=0)
         Filter: (listing_id = 91336)
[0m
  [4;36;1mSQL (2.1ms)[0m   [0;1mSELECT count(*) AS count_all FROM "listings" WHERE ("listings".user_id = 25543) [0m
  [4;35;1mAnalyzing  Execution Time: 0.002369

[0m   [0mAggregate  (cost=1615.81..1615.82 rows=1 width=0)
   ->  Index Scan using index_listings_on_id_and_user_id_and_title on listings  (cost=0.00..1615.79 rows=4 width=0)
         Index Cond: (user_id = 25543)
[0m
  [4;36;1mListing Load (2.2ms)[0m   [0;1mSELECT * FROM "listings" WHERE ("listings".user_id = 25543) [0m
  [4;35;1mAnalyzing Listing Load Execution Time: 0.002888

[0m   [0mIndex Scan using index_listings_on_id_and_user_id_and_title on listings  (cost=0.00..1615.79 rows=4 width=1172)
   Index Cond: (user_id = 25543)
[0m
  [4;36;1mSQL (160.1ms)[0m   [0;1mSELECT count(*) AS count_all FROM "impressions" WHERE ("impressions".listing_id = 113172) [0m
  [4;35;1mAnalyzing  Execution Time: 0.160447

[0m   [0mAggregate  (cost=12714.08..12714.09 rows=1 width=0)
   ->  Seq Scan on impressions  (cost=0.00..12714.00 rows=31 width=0)
         Filter: (listing_id = 113172)
[0m
  [4;36;1mSQL (11.9ms)[0m   [0;1mSELECT count(*) AS count_all FROM "clicks" WHERE ("clicks".listing_id = 113172) [0m
  [4;35;1mAnalyzing  Execution Time: 0.012135

[0m   [0mAggregate  (cost=814.47..814.48 rows=1 width=0)
   ->  Seq Scan on clicks  (cost=0.00..814.46 rows=2 width=0)
         Filter: (listing_id = 113172)
[0m
  [4;36;1mSQL (3.0ms)[0m   [0;1mSELECT count(*) AS count_all FROM "listings" WHERE ("listings".user_id = 25542) [0m
  [4;35;1mAnalyzing  Execution Time: 0.003255

[0m   [0mAggregate  (cost=1615.81..1615.82 rows=1 width=0)
   ->  Index Scan using index_listings_on_id_and_user_id_and_title on listings  (cost=0.00..1615.79 rows=4 width=0)
         Index Cond: (user_id = 25542)
[0m
  [4;36;1mListing Load (2.1ms)[0m   [0;1mSELECT * FROM "listings" WHERE ("listings".user_id = 25542) [0m
  [4;35;1mAnalyzing Listing Load Execution Time: 0.002788

[0m   [0mIndex Scan using index_listings_on_id_and_user_id_and_title on listings  (cost=0.00..1615.79 rows=4 width=1172)
   Index Cond: (user_id = 25542)
[0m
  [4;36;1mSQL (148.1ms)[0m   [0;1mSELECT count(*) AS count_all FROM "impressions" WHERE ("impressions".listing_id = 74507) [0m
  [4;35;1mAnalyzing  Execution Time: 0.148475

[0m   [0mAggregate  (cost=12714.08..12714.09 rows=1 width=0)
   ->  Seq Scan on impressions  (cost=0.00..12714.00 rows=31 width=0)
         Filter: (listing_id = 74507)
[0m
  [4;36;1mSQL (11.2ms)[0m   [0;1mSELECT count(*) AS count_all FROM "clicks" WHERE ("clicks".listing_id = 74507) [0m
  [4;35;1mAnalyzing  Execution Time: 0.011454

[0m   [0mAggregate  (cost=814.47..814.48 rows=1 width=0)
   ->  Seq Scan on clicks  (cost=0.00..814.46 rows=2 width=0)
         Filter: (listing_id = 74507)
[0m
  [4;36;1mSQL (1.9ms)[0m   [0;1mSELECT count(*) AS count_all FROM "listings" WHERE ("listings".user_id = 25541) [0m
  [4;35;1mAnalyzing  Execution Time: 0.002102

[0m   [0mAggregate  (cost=1615.81..1615.82 rows=1 width=0)
   ->  Index Scan using index_listings_on_id_and_user_id_and_title on listings  (cost=0.00..1615.79 rows=4 width=0)
         Index Cond: (user_id = 25541)
[0m
  [4;36;1mListing Load (2.0ms)[0m   [0;1mSELECT * FROM "listings" WHERE ("listings".user_id = 25541) [0m
  [4;35;1mAnalyzing Listing Load Execution Time: 0.002643

[0m   [0mIndex Scan using index_listings_on_id_and_user_id_and_title on listings  (cost=0.00..1615.79 rows=4 width=1172)
   Index Cond: (user_id = 25541)
[0m
  [4;36;1mSQL (151.7ms)[0m   [0;1mSELECT count(*) AS count_all FROM "impressions" WHERE ("impressions".listing_id = 113171) [0m
  [4;35;1mAnalyzing  Execution Time: 0.151964

[0m   [0mAggregate  (cost=12714.08..12714.09 rows=1 width=0)
   ->  Seq Scan on impressions  (cost=0.00..12714.00 rows=31 width=0)
         Filter: (listing_id = 113171)
[0m
  [4;36;1mSQL (8.9ms)[0m   [0;1mSELECT count(*) AS count_all FROM "clicks" WHERE ("clicks".listing_id = 113171) [0m
  [4;35;1mAnalyzing  Execution Time: 0.009125

[0m   [0mAggregate  (cost=814.47..814.48 rows=1 width=0)
   ->  Seq Scan on clicks  (cost=0.00..814.46 rows=2 width=0)
         Filter: (listing_id = 113171)
[0m
  [4;36;1mSQL (1.8ms)[0m   [0;1mSELECT count(*) AS count_all FROM "listings" WHERE ("listings".user_id = 25540) [0m
  [4;35;1mAnalyzing  Execution Time: 0.002089

[0m   [0mAggregate  (cost=1615.81..1615.82 rows=1 width=0)
   ->  Index Scan using index_listings_on_id_and_user_id_and_title on listings  (cost=0.00..1615.79 rows=4 width=0)
         Index Cond: (user_id = 25540)
[0m
  [4;36;1mListing Load (2.0ms)[0m   [0;1mSELECT * FROM "listings" WHERE ("listings".user_id = 25540) [0m
  [4;35;1mAnalyzing Listing Load Execution Time: 0.00283

[0m   [0mIndex Scan using index_listings_on_id_and_user_id_and_title on listings  (cost=0.00..1615.79 rows=4 width=1172)
   Index Cond: (user_id = 25540)
[0m
  [4;36;1mSQL (155.0ms)[0m   [0;1mSELECT count(*) AS count_all FROM "impressions" WHERE ("impressions".listing_id = 113170) [0m
  [4;35;1mAnalyzing  Execution Time: 0.1553

[0m   [0mAggregate  (cost=12714.08..12714.09 rows=1 width=0)
   ->  Seq Scan on impressions  (cost=0.00..12714.00 rows=31 width=0)
         Filter: (listing_id = 113170)
[0m
  [4;36;1mSQL (8.6ms)[0m   [0;1mSELECT count(*) AS count_all FROM "clicks" WHERE ("clicks".listing_id = 113170) [0m
  [4;35;1mAnalyzing  Execution Time: 0.008887

[0m   [0mAggregate  (cost=814.47..814.48 rows=1 width=0)
   ->  Seq Scan on clicks  (cost=0.00..814.46 rows=2 width=0)
         Filter: (listing_id = 113170)
[0m
  [4;36;1mSQL (2.7ms)[0m   [0;1mSELECT count(*) AS count_all FROM "listings" WHERE ("listings".user_id = 25539) [0m
  [4;35;1mAnalyzing  Execution Time: 0.002932

[0m   [0mAggregate  (cost=1615.81..1615.82 rows=1 width=0)
   ->  Index Scan using index_listings_on_id_and_user_id_and_title on listings  (cost=0.00..1615.79 rows=4 width=0)
         Index Cond: (user_id = 25539)
[0m
  [4;36;1mListing Load (2.8ms)[0m   [0;1mSELECT * FROM "listings" WHERE ("listings".user_id = 25539) [0m
  [4;35;1mAnalyzing Listing Load Execution Time: 0.003562

[0m   [0mIndex Scan using index_listings_on_id_and_user_id_and_title on listings  (cost=0.00..1615.79 rows=4 width=1172)
   Index Cond: (user_id = 25539)
[0m
  [4;36;1mSQL (145.8ms)[0m   [0;1mSELECT count(*) AS count_all FROM "impressions" WHERE ("impressions".listing_id = 113169) [0m
  [4;35;1mAnalyzing  Execution Time: 0.146027

[0m   [0mAggregate  (cost=12714.08..12714.09 rows=1 width=0)
   ->  Seq Scan on impressions  (cost=0.00..12714.00 rows=31 width=0)
         Filter: (listing_id = 113169)
[0m
  [4;36;1mSQL (9.4ms)[0m   [0;1mSELECT count(*) AS count_all FROM "clicks" WHERE ("clicks".listing_id = 113169) [0m
  [4;35;1mAnalyzing  Execution Time: 0.009635

[0m   [0mAggregate  (cost=814.47..814.48 rows=1 width=0)
   ->  Seq Scan on clicks  (cost=0.00..814.46 rows=2 width=0)
         Filter: (listing_id = 113169)
[0m
  [4;36;1mSQL (2.4ms)[0m   [0;1mSELECT count(*) AS count_all FROM "listings" WHERE ("listings".user_id = 25538) [0m
  [4;35;1mAnalyzing  Execution Time: 0.002606

[0m   [0mAggregate  (cost=1615.81..1615.82 rows=1 width=0)
   ->  Index Scan using index_listings_on_id_and_user_id_and_title on listings  (cost=0.00..1615.79 rows=4 width=0)
         Index Cond: (user_id = 25538)
[0m
  [4;36;1mListing Load (2.5ms)[0m   [0;1mSELECT * FROM "listings" WHERE ("listings".user_id = 25538) [0m
  [4;35;1mAnalyzing Listing Load Execution Time: 0.017082

[0m   [0mIndex Scan using index_listings_on_id_and_user_id_and_title on listings  (cost=0.00..1615.79 rows=4 width=1172)
   Index Cond: (user_id = 25538)
[0m
  [4;36;1mSQL (143.5ms)[0m   [0;1mSELECT count(*) AS count_all FROM "impressions" WHERE ("impressions".listing_id = 64823) [0m
  [4;35;1mAnalyzing  Execution Time: 0.143749

[0m   [0mAggregate  (cost=12714.08..12714.09 rows=1 width=0)
   ->  Seq Scan on impressions  (cost=0.00..12714.00 rows=31 width=0)
         Filter: (listing_id = 64823)
[0m
  [4;36;1mSQL (180.5ms)[0m   [0;1mSELECT count(*) AS count_all FROM "impressions" WHERE ("impressions".listing_id = 68305) [0m
  [4;35;1mAnalyzing  Execution Time: 0.180778

[0m   [0mAggregate  (cost=12724.34..12724.35 rows=1 width=0)
   ->  Seq Scan on impressions  (cost=0.00..12714.00 rows=4136 width=0)
         Filter: (listing_id = 68305)
[0m
  [4;36;1mSQL (161.8ms)[0m   [0;1mSELECT count(*) AS count_all FROM "impressions" WHERE ("impressions".listing_id = 69902) [0m
  [4;35;1mAnalyzing  Execution Time: 0.162074

[0m   [0mAggregate  (cost=12714.08..12714.09 rows=1 width=0)
   ->  Seq Scan on impressions  (cost=0.00..12714.00 rows=31 width=0)
         Filter: (listing_id = 69902)
[0m
  [4;36;1mSQL (150.2ms)[0m   [0;1mSELECT count(*) AS count_all FROM "impressions" WHERE ("impressions".listing_id = 70264) [0m
  [4;35;1mAnalyzing  Execution Time: 0.150524

[0m   [0mAggregate  (cost=12714.08..12714.09 rows=1 width=0)
   ->  Seq Scan on impressions  (cost=0.00..12714.00 rows=31 width=0)
         Filter: (listing_id = 70264)
[0m
  [4;36;1mSQL (148.9ms)[0m   [0;1mSELECT count(*) AS count_all FROM "impressions" WHERE ("impressions".listing_id = 70440) [0m
  [4;35;1mAnalyzing  Execution Time: 0.149185

[0m   [0mAggregate  (cost=12714.08..12714.09 rows=1 width=0)
   ->  Seq Scan on impressions  (cost=0.00..12714.00 rows=31 width=0)
         Filter: (listing_id = 70440)
[0m
  [4;36;1mSQL (158.0ms)[0m   [0;1mSELECT count(*) AS count_all FROM "impressions" WHERE ("impressions".listing_id = 70442) [0m
  [4;35;1mAnalyzing  Execution Time: 0.158296

[0m   [0mAggregate  (cost=12714.08..12714.09 rows=1 width=0)
   ->  Seq Scan on impressions  (cost=0.00..12714.00 rows=31 width=0)
         Filter: (listing_id = 70442)
[0m
  [4;36;1mSQL (161.0ms)[0m   [0;1mSELECT count(*) AS count_all FROM "impressions" WHERE ("impressions".listing_id = 70715) [0m
  [4;35;1mAnalyzing  Execution Time: 0.161261

[0m   [0mAggregate  (cost=12714.08..12714.09 rows=1 width=0)
   ->  Seq Scan on impressions  (cost=0.00..12714.00 rows=31 width=0)
         Filter: (listing_id = 70715)
[0m
  [4;36;1mSQL (164.0ms)[0m   [0;1mSELECT count(*) AS count_all FROM "impressions" WHERE ("impressions".listing_id = 72072) [0m
  [4;35;1mAnalyzing  Execution Time: 0.164296

[0m   [0mAggregate  (cost=12714.08..12714.09 rows=1 width=0)
   ->  Seq Scan on impressions  (cost=0.00..12714.00 rows=31 width=0)
         Filter: (listing_id = 72072)
[0m
  [4;36;1mSQL (181.1ms)[0m   [0;1mSELECT count(*) AS count_all FROM "impressions" WHERE ("impressions".listing_id = 72794) [0m
  [4;35;1mAnalyzing  Execution Time: 0.181352

[0m   [0mAggregate  (cost=12714.08..12714.09 rows=1 width=0)
   ->  Seq Scan on impressions  (cost=0.00..12714.00 rows=31 width=0)
         Filter: (listing_id = 72794)
[0m
  [4;36;1mSQL (365.6ms)[0m   [0;1mSELECT count(*) AS count_all FROM "impressions" WHERE ("impressions".listing_id = 73465) [0m
  [4;35;1mAnalyzing  Execution Time: 0.36592

[0m   [0mAggregate  (cost=12714.08..12714.09 rows=1 width=0)
   ->  Seq Scan on impressions  (cost=0.00..12714.00 rows=31 width=0)
         Filter: (listing_id = 73465)
[0m
  [4;36;1mSQL (157.0ms)[0m   [0;1mSELECT count(*) AS count_all FROM "impressions" WHERE ("impressions".listing_id = 74553) [0m
  [4;35;1mAnalyzing  Execution Time: 0.157231

[0m   [0mAggregate  (cost=12714.08..12714.09 rows=1 width=0)
   ->  Seq Scan on impressions  (cost=0.00..12714.00 rows=31 width=0)
         Filter: (listing_id = 74553)
[0m
  [4;36;1mSQL (152.4ms)[0m   [0;1mSELECT count(*) AS count_all FROM "impressions" WHERE ("impressions".listing_id = 75288) [0m
  [4;35;1mAnalyzing  Execution Time: 0.152625

[0m   [0mAggregate  (cost=12714.08..12714.09 rows=1 width=0)
   ->  Seq Scan on impressions  (cost=0.00..12714.00 rows=31 width=0)
         Filter: (listing_id = 75288)
[0m
  [4;36;1mSQL (142.5ms)[0m   [0;1mSELECT count(*) AS count_all FROM "impressions" WHERE ("impressions".listing_id = 76516) [0m
  [4;35;1mAnalyzing  Execution Time: 0.142801

[0m   [0mAggregate  (cost=12714.08..12714.09 rows=1 width=0)
   ->  Seq Scan on impressions  (cost=0.00..12714.00 rows=31 width=0)
         Filter: (listing_id = 76516)
[0m
  [4;36;1mSQL (152.2ms)[0m   [0;1mSELECT count(*) AS count_all FROM "impressions" WHERE ("impressions".listing_id = 80065) [0m
  [4;35;1mAnalyzing  Execution Time: 0.152441

[0m   [0mAggregate  (cost=12714.08..12714.09 rows=1 width=0)
   ->  Seq Scan on impressions  (cost=0.00..12714.00 rows=31 width=0)
         Filter: (listing_id = 80065)
[0m
  [4;36;1mSQL (144.5ms)[0m   [0;1mSELECT count(*) AS count_all FROM "impressions" WHERE ("impressions".listing_id = 82112) [0m
  [4;35;1mAnalyzing  Execution Time: 0.144811

[0m   [0mAggregate  (cost=12714.08..12714.09 rows=1 width=0)
   ->  Seq Scan on impressions  (cost=0.00..12714.00 rows=31 width=0)
         Filter: (listing_id = 82112)
[0m
  [4;36;1mSQL (163.0ms)[0m   [0;1mSELECT count(*) AS count_all FROM "impressions" WHERE ("impressions".listing_id = 92421) [0m
  [4;35;1mAnalyzing  Execution Time: 0.163271

[0m   [0mAggregate  (cost=12714.08..12714.09 rows=1 width=0)
   ->  Seq Scan on impressions  (cost=0.00..12714.00 rows=31 width=0)
         Filter: (listing_id = 92421)
[0m
  [4;36;1mSQL (155.2ms)[0m   [0;1mSELECT count(*) AS count_all FROM "impressions" WHERE ("impressions".listing_id = 92424) [0m
  [4;35;1mAnalyzing  Execution Time: 0.155462

[0m   [0mAggregate  (cost=12714.08..12714.09 rows=1 width=0)
   ->  Seq Scan on impressions  (cost=0.00..12714.00 rows=31 width=0)
         Filter: (listing_id = 92424)
[0m
  [4;36;1mSQL (168.3ms)[0m   [0;1mSELECT count(*) AS count_all FROM "impressions" WHERE ("impressions".listing_id = 92426) [0m
  [4;35;1mAnalyzing  Execution Time: 0.168603

[0m   [0mAggregate  (cost=12714.08..12714.09 rows=1 width=0)
   ->  Seq Scan on impressions  (cost=0.00..12714.00 rows=31 width=0)
         Filter: (listing_id = 92426)
[0m
  [4;36;1mSQL (152.8ms)[0m   [0;1mSELECT count(*) AS count_all FROM "impressions" WHERE ("impressions".listing_id = 106142) [0m
  [4;35;1mAnalyzing  Execution Time: 0.153082

[0m   [0mAggregate  (cost=12714.08..12714.09 rows=1 width=0)
   ->  Seq Scan on impressions  (cost=0.00..12714.00 rows=31 width=0)
         Filter: (listing_id = 106142)
[0m
  [4;36;1mSQL (156.9ms)[0m   [0;1mSELECT count(*) AS count_all FROM "impressions" WHERE ("impressions".listing_id = 106143) [0m
  [4;35;1mAnalyzing  Execution Time: 0.157197

[0m   [0mAggregate  (cost=12714.08..12714.09 rows=1 width=0)
   ->  Seq Scan on impressions  (cost=0.00..12714.00 rows=31 width=0)
         Filter: (listing_id = 106143)
[0m
  [4;36;1mSQL (154.2ms)[0m   [0;1mSELECT count(*) AS count_all FROM "impressions" WHERE ("impressions".listing_id = 106144) [0m
  [4;35;1mAnalyzing  Execution Time: 0.154442

[0m   [0mAggregate  (cost=12714.08..12714.09 rows=1 width=0)
   ->  Seq Scan on impressions  (cost=0.00..12714.00 rows=31 width=0)
         Filter: (listing_id = 106144)
[0m
  [4;36;1mSQL (153.5ms)[0m   [0;1mSELECT count(*) AS count_all FROM "impressions" WHERE ("impressions".listing_id = 106145) [0m
  [4;35;1mAnalyzing  Execution Time: 0.15378

[0m   [0mAggregate  (cost=12714.08..12714.09 rows=1 width=0)
   ->  Seq Scan on impressions  (cost=0.00..12714.00 rows=31 width=0)
         Filter: (listing_id = 106145)
[0m
  [4;36;1mSQL (151.5ms)[0m   [0;1mSELECT count(*) AS count_all FROM "impressions" WHERE ("impressions".listing_id = 106610) [0m
  [4;35;1mAnalyzing  Execution Time: 0.151832

[0m   [0mAggregate  (cost=12714.08..12714.09 rows=1 width=0)
   ->  Seq Scan on impressions  (cost=0.00..12714.00 rows=31 width=0)
         Filter: (listing_id = 106610)
[0m
  [4;36;1mSQL (143.1ms)[0m   [0;1mSELECT count(*) AS count_all FROM "impressions" WHERE ("impressions".listing_id = 113229) [0m
  [4;35;1mAnalyzing  Execution Time: 0.14338

[0m   [0mAggregate  (cost=12714.08..12714.09 rows=1 width=0)
   ->  Seq Scan on impressions  (cost=0.00..12714.00 rows=31 width=0)
         Filter: (listing_id = 113229)
[0m
  [4;36;1mSQL (159.5ms)[0m   [0;1mSELECT count(*) AS count_all FROM "impressions" WHERE ("impressions".listing_id = 113232) [0m
  [4;35;1mAnalyzing  Execution Time: 0.159745

[0m   [0mAggregate  (cost=12714.08..12714.09 rows=1 width=0)
   ->  Seq Scan on impressions  (cost=0.00..12714.00 rows=31 width=0)
         Filter: (listing_id = 113232)
[0m
  [4;36;1mSQL (151.0ms)[0m   [0;1mSELECT count(*) AS count_all FROM "impressions" WHERE ("impressions".listing_id = 113233) [0m
  [4;35;1mAnalyzing  Execution Time: 0.151341

[0m   [0mAggregate  (cost=12714.08..12714.09 rows=1 width=0)
   ->  Seq Scan on impressions  (cost=0.00..12714.00 rows=31 width=0)
         Filter: (listing_id = 113233)
[0m
  [4;36;1mSQL (158.8ms)[0m   [0;1mSELECT count(*) AS count_all FROM "impressions" WHERE ("impressions".listing_id = 113234) [0m
  [4;35;1mAnalyzing  Execution Time: 0.159091

[0m   [0mAggregate  (cost=12714.08..12714.09 rows=1 width=0)
   ->  Seq Scan on impressions  (cost=0.00..12714.00 rows=31 width=0)
         Filter: (listing_id = 113234)
[0m
  [4;36;1mSQL (157.1ms)[0m   [0;1mSELECT count(*) AS count_all FROM "impressions" WHERE ("impressions".listing_id = 113235) [0m
  [4;35;1mAnalyzing  Execution Time: 0.157332

[0m   [0mAggregate  (cost=12714.08..12714.09 rows=1 width=0)
   ->  Seq Scan on impressions  (cost=0.00..12714.00 rows=31 width=0)
         Filter: (listing_id = 113235)
[0m
  [4;36;1mSQL (147.7ms)[0m   [0;1mSELECT count(*) AS count_all FROM "impressions" WHERE ("impressions".listing_id = 113236) [0m
  [4;35;1mAnalyzing  Execution Time: 0.147997

[0m   [0mAggregate  (cost=12714.08..12714.09 rows=1 width=0)
   ->  Seq Scan on impressions  (cost=0.00..12714.00 rows=31 width=0)
         Filter: (listing_id = 113236)
[0m
  [4;36;1mSQL (150.4ms)[0m   [0;1mSELECT count(*) AS count_all FROM "impressions" WHERE ("impressions".listing_id = 113237) [0m
  [4;35;1mAnalyzing  Execution Time: 0.150702

[0m   [0mAggregate  (cost=12714.08..12714.09 rows=1 width=0)
   ->  Seq Scan on impressions  (cost=0.00..12714.00 rows=31 width=0)
         Filter: (listing_id = 113237)
[0m
  [4;36;1mSQL (156.5ms)[0m   [0;1mSELECT count(*) AS count_all FROM "impressions" WHERE ("impressions".listing_id = 113238) [0m
  [4;35;1mAnalyzing  Execution Time: 0.156746

[0m   [0mAggregate  (cost=12714.08..12714.09 rows=1 width=0)
   ->  Seq Scan on impressions  (cost=0.00..12714.00 rows=31 width=0)
         Filter: (listing_id = 113238)
[0m
  [4;36;1mSQL (144.8ms)[0m   [0;1mSELECT count(*) AS count_all FROM "impressions" WHERE ("impressions".listing_id = 113239) [0m
  [4;35;1mAnalyzing  Execution Time: 0.145115

[0m   [0mAggregate  (cost=12714.08..12714.09 rows=1 width=0)
   ->  Seq Scan on impressions  (cost=0.00..12714.00 rows=31 width=0)
         Filter: (listing_id = 113239)
[0m
  [4;36;1mSQL (148.0ms)[0m   [0;1mSELECT count(*) AS count_all FROM "impressions" WHERE ("impressions".listing_id = 113240) [0m
  [4;35;1mAnalyzing  Execution Time: 0.148288

[0m   [0mAggregate  (cost=12714.08..12714.09 rows=1 width=0)
   ->  Seq Scan on impressions  (cost=0.00..12714.00 rows=31 width=0)
         Filter: (listing_id = 113240)
[0m
  [4;36;1mSQL (146.1ms)[0m   [0;1mSELECT count(*) AS count_all FROM "impressions" WHERE ("impressions".listing_id = 113241) [0m
  [4;35;1mAnalyzing  Execution Time: 0.146406

[0m   [0mAggregate  (cost=12714.08..12714.09 rows=1 width=0)
   ->  Seq Scan on impressions  (cost=0.00..12714.00 rows=31 width=0)
         Filter: (listing_id = 113241)
[0m
  [4;36;1mSQL (143.3ms)[0m   [0;1mSELECT count(*) AS count_all FROM "impressions" WHERE ("impressions".listing_id = 113242) [0m
  [4;35;1mAnalyzing  Execution Time: 0.143517

[0m   [0mAggregate  (cost=12714.08..12714.09 rows=1 width=0)
   ->  Seq Scan on impressions  (cost=0.00..12714.00 rows=31 width=0)
         Filter: (listing_id = 113242)
[0m
  [4;36;1mSQL (14.0ms)[0m   [0;1mSELECT count(*) AS count_all FROM "clicks" WHERE ("clicks".listing_id = 64823) [0m
  [4;35;1mAnalyzing  Execution Time: 0.014264

[0m   [0mAggregate  (cost=814.47..814.48 rows=1 width=0)
   ->  Seq Scan on clicks  (cost=0.00..814.46 rows=2 width=0)
         Filter: (listing_id = 64823)
[0m
  [4;36;1mSQL (8.9ms)[0m   [0;1mSELECT count(*) AS count_all FROM "clicks" WHERE ("clicks".listing_id = 68305) [0m
  [4;35;1mAnalyzing  Execution Time: 0.009176

[0m   [0mAggregate  (cost=814.47..814.48 rows=1 width=0)
   ->  Seq Scan on clicks  (cost=0.00..814.46 rows=2 width=0)
         Filter: (listing_id = 68305)
[0m
  [4;36;1mSQL (8.6ms)[0m   [0;1mSELECT count(*) AS count_all FROM "clicks" WHERE ("clicks".listing_id = 69902) [0m
  [4;35;1mAnalyzing  Execution Time: 0.009139

[0m   [0mAggregate  (cost=814.47..814.48 rows=1 width=0)
   ->  Seq Scan on clicks  (cost=0.00..814.46 rows=2 width=0)
         Filter: (listing_id = 69902)
[0m
  [4;36;1mSQL (10.1ms)[0m   [0;1mSELECT count(*) AS count_all FROM "clicks" WHERE ("clicks".listing_id = 70264) [0m
  [4;35;1mAnalyzing  Execution Time: 0.010724

[0m   [0mAggregate  (cost=814.47..814.48 rows=1 width=0)
   ->  Seq Scan on clicks  (cost=0.00..814.46 rows=2 width=0)
         Filter: (listing_id = 70264)
[0m
  [4;36;1mSQL (8.8ms)[0m   [0;1mSELECT count(*) AS count_all FROM "clicks" WHERE ("clicks".listing_id = 70440) [0m
  [4;35;1mAnalyzing  Execution Time: 0.009088

[0m   [0mAggregate  (cost=814.47..814.48 rows=1 width=0)
   ->  Seq Scan on clicks  (cost=0.00..814.46 rows=2 width=0)
         Filter: (listing_id = 70440)
[0m
  [4;36;1mSQL (10.2ms)[0m   [0;1mSELECT count(*) AS count_all FROM "clicks" WHERE ("clicks".listing_id = 70442) [0m
  [4;35;1mAnalyzing  Execution Time: 0.010447

[0m   [0mAggregate  (cost=814.47..814.48 rows=1 width=0)
   ->  Seq Scan on clicks  (cost=0.00..814.46 rows=2 width=0)
         Filter: (listing_id = 70442)
[0m
  [4;36;1mSQL (10.5ms)[0m   [0;1mSELECT count(*) AS count_all FROM "clicks" WHERE ("clicks".listing_id = 70715) [0m
  [4;35;1mAnalyzing  Execution Time: 0.010828

[0m   [0mAggregate  (cost=814.47..814.48 rows=1 width=0)
   ->  Seq Scan on clicks  (cost=0.00..814.46 rows=2 width=0)
         Filter: (listing_id = 70715)
[0m
  [4;36;1mSQL (8.5ms)[0m   [0;1mSELECT count(*) AS count_all FROM "clicks" WHERE ("clicks".listing_id = 72072) [0m
  [4;35;1mAnalyzing  Execution Time: 0.008718

[0m   [0mAggregate  (cost=814.47..814.48 rows=1 width=0)
   ->  Seq Scan on clicks  (cost=0.00..814.46 rows=2 width=0)
         Filter: (listing_id = 72072)
[0m
  [4;36;1mSQL (10.6ms)[0m   [0;1mSELECT count(*) AS count_all FROM "clicks" WHERE ("clicks".listing_id = 72794) [0m
  [4;35;1mAnalyzing  Execution Time: 0.010903

[0m   [0mAggregate  (cost=814.47..814.48 rows=1 width=0)
   ->  Seq Scan on clicks  (cost=0.00..814.46 rows=2 width=0)
         Filter: (listing_id = 72794)
[0m
  [4;36;1mSQL (9.9ms)[0m   [0;1mSELECT count(*) AS count_all FROM "clicks" WHERE ("clicks".listing_id = 73465) [0m
  [4;35;1mAnalyzing  Execution Time: 0.010125

[0m   [0mAggregate  (cost=814.47..814.48 rows=1 width=0)
   ->  Seq Scan on clicks  (cost=0.00..814.46 rows=2 width=0)
         Filter: (listing_id = 73465)
[0m
  [4;36;1mSQL (8.4ms)[0m   [0;1mSELECT count(*) AS count_all FROM "clicks" WHERE ("clicks".listing_id = 74553) [0m
  [4;35;1mAnalyzing  Execution Time: 0.008706

[0m   [0mAggregate  (cost=814.47..814.48 rows=1 width=0)
   ->  Seq Scan on clicks  (cost=0.00..814.46 rows=2 width=0)
         Filter: (listing_id = 74553)
[0m
  [4;36;1mSQL (10.3ms)[0m   [0;1mSELECT count(*) AS count_all FROM "clicks" WHERE ("clicks".listing_id = 75288) [0m
  [4;35;1mAnalyzing  Execution Time: 0.010609

[0m   [0mAggregate  (cost=814.47..814.48 rows=1 width=0)
   ->  Seq Scan on clicks  (cost=0.00..814.46 rows=2 width=0)
         Filter: (listing_id = 75288)
[0m
  [4;36;1mSQL (9.6ms)[0m   [0;1mSELECT count(*) AS count_all FROM "clicks" WHERE ("clicks".listing_id = 76516) [0m
  [4;35;1mAnalyzing  Execution Time: 0.009893

[0m   [0mAggregate  (cost=814.47..814.48 rows=1 width=0)
   ->  Seq Scan on clicks  (cost=0.00..814.46 rows=2 width=0)
         Filter: (listing_id = 76516)
[0m
  [4;36;1mSQL (8.9ms)[0m   [0;1mSELECT count(*) AS count_all FROM "clicks" WHERE ("clicks".listing_id = 80065) [0m
  [4;35;1mAnalyzing  Execution Time: 0.00919

[0m   [0mAggregate  (cost=814.47..814.48 rows=1 width=0)
   ->  Seq Scan on clicks  (cost=0.00..814.46 rows=2 width=0)
         Filter: (listing_id = 80065)
[0m
  [4;36;1mSQL (9.3ms)[0m   [0;1mSELECT count(*) AS count_all FROM "clicks" WHERE ("clicks".listing_id = 82112) [0m
  [4;35;1mAnalyzing  Execution Time: 0.009863

[0m   [0mAggregate  (cost=814.47..814.48 rows=1 width=0)
   ->  Seq Scan on clicks  (cost=0.00..814.46 rows=2 width=0)
         Filter: (listing_id = 82112)
[0m
  [4;36;1mSQL (9.2ms)[0m   [0;1mSELECT count(*) AS count_all FROM "clicks" WHERE ("clicks".listing_id = 92421) [0m
  [4;35;1mAnalyzing  Execution Time: 0.009459

[0m   [0mAggregate  (cost=814.47..814.48 rows=1 width=0)
   ->  Seq Scan on clicks  (cost=0.00..814.46 rows=2 width=0)
         Filter: (listing_id = 92421)
[0m
  [4;36;1mSQL (8.4ms)[0m   [0;1mSELECT count(*) AS count_all FROM "clicks" WHERE ("clicks".listing_id = 92424) [0m
  [4;35;1mAnalyzing  Execution Time: 0.008692

[0m   [0mAggregate  (cost=814.47..814.48 rows=1 width=0)
   ->  Seq Scan on clicks  (cost=0.00..814.46 rows=2 width=0)
         Filter: (listing_id = 92424)
[0m
  [4;36;1mSQL (10.4ms)[0m   [0;1mSELECT count(*) AS count_all FROM "clicks" WHERE ("clicks".listing_id = 92426) [0m
  [4;35;1mAnalyzing  Execution Time: 0.010714

[0m   [0mAggregate  (cost=814.47..814.48 rows=1 width=0)
   ->  Seq Scan on clicks  (cost=0.00..814.46 rows=2 width=0)
         Filter: (listing_id = 92426)
[0m
  [4;36;1mSQL (9.2ms)[0m   [0;1mSELECT count(*) AS count_all FROM "clicks" WHERE ("clicks".listing_id = 106142) [0m
  [4;35;1mAnalyzing  Execution Time: 0.009491

[0m   [0mAggregate  (cost=814.47..814.48 rows=1 width=0)
   ->  Seq Scan on clicks  (cost=0.00..814.46 rows=2 width=0)
         Filter: (listing_id = 106142)
[0m
  [4;36;1mSQL (8.7ms)[0m   [0;1mSELECT count(*) AS count_all FROM "clicks" WHERE ("clicks".listing_id = 106143) [0m
  [4;35;1mAnalyzing  Execution Time: 0.008975

[0m   [0mAggregate  (cost=814.47..814.48 rows=1 width=0)
   ->  Seq Scan on clicks  (cost=0.00..814.46 rows=2 width=0)
         Filter: (listing_id = 106143)
[0m
  [4;36;1mSQL (12.0ms)[0m   [0;1mSELECT count(*) AS count_all FROM "clicks" WHERE ("clicks".listing_id = 106144) [0m
  [4;35;1mAnalyzing  Execution Time: 0.0123

[0m   [0mAggregate  (cost=814.47..814.48 rows=1 width=0)
   ->  Seq Scan on clicks  (cost=0.00..814.46 rows=2 width=0)
         Filter: (listing_id = 106144)
[0m
  [4;36;1mSQL (8.9ms)[0m   [0;1mSELECT count(*) AS count_all FROM "clicks" WHERE ("clicks".listing_id = 106145) [0m
  [4;35;1mAnalyzing  Execution Time: 0.009136

[0m   [0mAggregate  (cost=814.47..814.48 rows=1 width=0)
   ->  Seq Scan on clicks  (cost=0.00..814.46 rows=2 width=0)
         Filter: (listing_id = 106145)
[0m
  [4;36;1mSQL (8.6ms)[0m   [0;1mSELECT count(*) AS count_all FROM "clicks" WHERE ("clicks".listing_id = 106610) [0m
  [4;35;1mAnalyzing  Execution Time: 0.008945

[0m   [0mAggregate  (cost=814.47..814.48 rows=1 width=0)
   ->  Seq Scan on clicks  (cost=0.00..814.46 rows=2 width=0)
         Filter: (listing_id = 106610)
[0m
  [4;36;1mSQL (10.4ms)[0m   [0;1mSELECT count(*) AS count_all FROM "clicks" WHERE ("clicks".listing_id = 113229) [0m
  [4;35;1mAnalyzing  Execution Time: 0.010718

[0m   [0mAggregate  (cost=814.47..814.48 rows=1 width=0)
   ->  Seq Scan on clicks  (cost=0.00..814.46 rows=2 width=0)
         Filter: (listing_id = 113229)
[0m
  [4;36;1mSQL (8.5ms)[0m   [0;1mSELECT count(*) AS count_all FROM "clicks" WHERE ("clicks".listing_id = 113232) [0m
  [4;35;1mAnalyzing  Execution Time: 0.008762

[0m   [0mAggregate  (cost=814.47..814.48 rows=1 width=0)
   ->  Seq Scan on clicks  (cost=0.00..814.46 rows=2 width=0)
         Filter: (listing_id = 113232)
[0m
  [4;36;1mSQL (8.6ms)[0m   [0;1mSELECT count(*) AS count_all FROM "clicks" WHERE ("clicks".listing_id = 113233) [0m
  [4;35;1mAnalyzing  Execution Time: 0.008883

[0m   [0mAggregate  (cost=814.47..814.48 rows=1 width=0)
   ->  Seq Scan on clicks  (cost=0.00..814.46 rows=2 width=0)
         Filter: (listing_id = 113233)
[0m
  [4;36;1mSQL (9.7ms)[0m   [0;1mSELECT count(*) AS count_all FROM "clicks" WHERE ("clicks".listing_id = 113234) [0m
  [4;35;1mAnalyzing  Execution Time: 0.009945

[0m   [0mAggregate  (cost=814.47..814.48 rows=1 width=0)
   ->  Seq Scan on clicks  (cost=0.00..814.46 rows=2 width=0)
         Filter: (listing_id = 113234)
[0m
  [4;36;1mSQL (8.5ms)[0m   [0;1mSELECT count(*) AS count_all FROM "clicks" WHERE ("clicks".listing_id = 113235) [0m
  [4;35;1mAnalyzing  Execution Time: 0.00872600000000001

[0m   [0mAggregate  (cost=814.47..814.48 rows=1 width=0)
   ->  Seq Scan on clicks  (cost=0.00..814.46 rows=2 width=0)
         Filter: (listing_id = 113235)
[0m
  [4;36;1mSQL (9.7ms)[0m   [0;1mSELECT count(*) AS count_all FROM "clicks" WHERE ("clicks".listing_id = 113236) [0m
  [4;35;1mAnalyzing  Execution Time: 0.009995

[0m   [0mAggregate  (cost=814.47..814.48 rows=1 width=0)
   ->  Seq Scan on clicks  (cost=0.00..814.46 rows=2 width=0)
         Filter: (listing_id = 113236)
[0m
  [4;36;1mSQL (10.0ms)[0m   [0;1mSELECT count(*) AS count_all FROM "clicks" WHERE ("clicks".listing_id = 113237) [0m
  [4;35;1mAnalyzing  Execution Time: 0.010246

[0m   [0mAggregate  (cost=814.47..814.48 rows=1 width=0)
   ->  Seq Scan on clicks  (cost=0.00..814.46 rows=2 width=0)
         Filter: (listing_id = 113237)
[0m
  [4;36;1mSQL (8.9ms)[0m   [0;1mSELECT count(*) AS count_all FROM "clicks" WHERE ("clicks".listing_id = 113238) [0m
  [4;35;1mAnalyzing  Execution Time: 0.00914

[0m   [0mAggregate  (cost=814.47..814.48 rows=1 width=0)
   ->  Seq Scan on clicks  (cost=0.00..814.46 rows=2 width=0)
         Filter: (listing_id = 113238)
[0m
  [4;36;1mSQL (9.3ms)[0m   [0;1mSELECT count(*) AS count_all FROM "clicks" WHERE ("clicks".listing_id = 113239) [0m
  [4;35;1mAnalyzing  Execution Time: 0.009551

[0m   [0mAggregate  (cost=814.47..814.48 rows=1 width=0)
   ->  Seq Scan on clicks  (cost=0.00..814.46 rows=2 width=0)
         Filter: (listing_id = 113239)
[0m
  [4;36;1mSQL (9.4ms)[0m   [0;1mSELECT count(*) AS count_all FROM "clicks" WHERE ("clicks".listing_id = 113240) [0m
  [4;35;1mAnalyzing  Execution Time: 0.009689

[0m   [0mAggregate  (cost=814.47..814.48 rows=1 width=0)
   ->  Seq Scan on clicks  (cost=0.00..814.46 rows=2 width=0)
         Filter: (listing_id = 113240)
[0m
  [4;36;1mSQL (8.6ms)[0m   [0;1mSELECT count(*) AS count_all FROM "clicks" WHERE ("clicks".listing_id = 113241) [0m
  [4;35;1mAnalyzing  Execution Time: 0.00889

[0m   [0mAggregate  (cost=814.47..814.48 rows=1 width=0)
   ->  Seq Scan on clicks  (cost=0.00..814.46 rows=2 width=0)
         Filter: (listing_id = 113241)
[0m
  [4;36;1mSQL (9.2ms)[0m   [0;1mSELECT count(*) AS count_all FROM "clicks" WHERE ("clicks".listing_id = 113242) [0m
  [4;35;1mAnalyzing  Execution Time: 0.009444

[0m   [0mAggregate  (cost=814.47..814.48 rows=1 width=0)
   ->  Seq Scan on clicks  (cost=0.00..814.46 rows=2 width=0)
         Filter: (listing_id = 113242)
[0m
  [4;36;1mSQL (5.6ms)[0m   [0;1mSELECT count(*) AS count_all FROM "listings" WHERE ("listings".user_id = 25537) [0m
  [4;35;1mAnalyzing  Execution Time: 0.005909

[0m   [0mAggregate  (cost=1615.81..1615.82 rows=1 width=0)
   ->  Index Scan using index_listings_on_id_and_user_id_and_title on listings  (cost=0.00..1615.79 rows=4 width=0)
         Index Cond: (user_id = 25537)
[0m
  [4;36;1mListing Load (5.8ms)[0m   [0;1mSELECT * FROM "listings" WHERE ("listings".user_id = 25537) [0m
  [4;35;1mAnalyzing Listing Load Execution Time: 0.017264

[0m   [0mIndex Scan using index_listings_on_id_and_user_id_and_title on listings  (cost=0.00..1615.79 rows=4 width=1172)
   Index Cond: (user_id = 25537)
[0m
  [4;36;1mSQL (150.5ms)[0m   [0;1mSELECT count(*) AS count_all FROM "impressions" WHERE ("impressions".listing_id = 102971) [0m
  [4;35;1mAnalyzing  Execution Time: 0.150728

[0m   [0mAggregate  (cost=12714.08..12714.09 rows=1 width=0)
   ->  Seq Scan on impressions  (cost=0.00..12714.00 rows=31 width=0)
         Filter: (listing_id = 102971)
[0m
  [4;36;1mSQL (161.4ms)[0m   [0;1mSELECT count(*) AS count_all FROM "impressions" WHERE ("impressions".listing_id = 102972) [0m
  [4;35;1mAnalyzing  Execution Time: 0.16166

[0m   [0mAggregate  (cost=12714.08..12714.09 rows=1 width=0)
   ->  Seq Scan on impressions  (cost=0.00..12714.00 rows=31 width=0)
         Filter: (listing_id = 102972)
[0m
  [4;36;1mSQL (154.6ms)[0m   [0;1mSELECT count(*) AS count_all FROM "impressions" WHERE ("impressions".listing_id = 102973) [0m
  [4;35;1mAnalyzing  Execution Time: 0.154907

[0m   [0mAggregate  (cost=12714.08..12714.09 rows=1 width=0)
   ->  Seq Scan on impressions  (cost=0.00..12714.00 rows=31 width=0)
         Filter: (listing_id = 102973)
[0m
  [4;36;1mSQL (152.3ms)[0m   [0;1mSELECT count(*) AS count_all FROM "impressions" WHERE ("impressions".listing_id = 113183) [0m
  [4;35;1mAnalyzing  Execution Time: 0.152537

[0m   [0mAggregate  (cost=12714.08..12714.09 rows=1 width=0)
   ->  Seq Scan on impressions  (cost=0.00..12714.00 rows=31 width=0)
         Filter: (listing_id = 113183)
[0m
  [4;36;1mSQL (158.3ms)[0m   [0;1mSELECT count(*) AS count_all FROM "impressions" WHERE ("impressions".listing_id = 113184) [0m
  [4;35;1mAnalyzing  Execution Time: 0.158563

[0m   [0mAggregate  (cost=12714.08..12714.09 rows=1 width=0)
   ->  Seq Scan on impressions  (cost=0.00..12714.00 rows=31 width=0)
         Filter: (listing_id = 113184)
[0m
  [4;36;1mSQL (149.0ms)[0m   [0;1mSELECT count(*) AS count_all FROM "impressions" WHERE ("impressions".listing_id = 113185) [0m
  [4;35;1mAnalyzing  Execution Time: 0.149256

[0m   [0mAggregate  (cost=12714.08..12714.09 rows=1 width=0)
   ->  Seq Scan on impressions  (cost=0.00..12714.00 rows=31 width=0)
         Filter: (listing_id = 113185)
[0m
  [4;36;1mSQL (154.0ms)[0m   [0;1mSELECT count(*) AS count_all FROM "impressions" WHERE ("impressions".listing_id = 113186) [0m
  [4;35;1mAnalyzing  Execution Time: 0.154299

[0m   [0mAggregate  (cost=12714.08..12714.09 rows=1 width=0)
   ->  Seq Scan on impressions  (cost=0.00..12714.00 rows=31 width=0)
         Filter: (listing_id = 113186)
[0m
  [4;36;1mSQL (153.3ms)[0m   [0;1mSELECT count(*) AS count_all FROM "impressions" WHERE ("impressions".listing_id = 113187) [0m
  [4;35;1mAnalyzing  Execution Time: 0.153542

[0m   [0mAggregate  (cost=12714.08..12714.09 rows=1 width=0)
   ->  Seq Scan on impressions  (cost=0.00..12714.00 rows=31 width=0)
         Filter: (listing_id = 113187)
[0m
  [4;36;1mSQL (159.7ms)[0m   [0;1mSELECT count(*) AS count_all FROM "impressions" WHERE ("impressions".listing_id = 113188) [0m
  [4;35;1mAnalyzing  Execution Time: 0.160305

[0m   [0mAggregate  (cost=12714.08..12714.09 rows=1 width=0)
   ->  Seq Scan on impressions  (cost=0.00..12714.00 rows=31 width=0)
         Filter: (listing_id = 113188)
[0m
  [4;36;1mSQL (151.9ms)[0m   [0;1mSELECT count(*) AS count_all FROM "impressions" WHERE ("impressions".listing_id = 113189) [0m
  [4;35;1mAnalyzing  Execution Time: 0.152127

[0m   [0mAggregate  (cost=12714.08..12714.09 rows=1 width=0)
   ->  Seq Scan on impressions  (cost=0.00..12714.00 rows=31 width=0)
         Filter: (listing_id = 113189)
[0m
  [4;36;1mSQL (151.5ms)[0m   [0;1mSELECT count(*) AS count_all FROM "impressions" WHERE ("impressions".listing_id = 113190) [0m
  [4;35;1mAnalyzing  Execution Time: 0.151715

[0m   [0mAggregate  (cost=12714.08..12714.09 rows=1 width=0)
   ->  Seq Scan on impressions  (cost=0.00..12714.00 rows=31 width=0)
         Filter: (listing_id = 113190)
[0m
  [4;36;1mSQL (10.0ms)[0m   [0;1mSELECT count(*) AS count_all FROM "clicks" WHERE ("clicks".listing_id = 102971) [0m
  [4;35;1mAnalyzing  Execution Time: 0.010332

[0m   [0mAggregate  (cost=814.47..814.48 rows=1 width=0)
   ->  Seq Scan on clicks  (cost=0.00..814.46 rows=2 width=0)
         Filter: (listing_id = 102971)
[0m
  [4;36;1mSQL (9.8ms)[0m   [0;1mSELECT count(*) AS count_all FROM "clicks" WHERE ("clicks".listing_id = 102972) [0m
  [4;35;1mAnalyzing  Execution Time: 0.01008

[0m   [0mAggregate  (cost=814.47..814.48 rows=1 width=0)
   ->  Seq Scan on clicks  (cost=0.00..814.46 rows=2 width=0)
         Filter: (listing_id = 102972)
[0m
  [4;36;1mSQL (8.4ms)[0m   [0;1mSELECT count(*) AS count_all FROM "clicks" WHERE ("clicks".listing_id = 102973) [0m
  [4;35;1mAnalyzing  Execution Time: 0.008686

[0m   [0mAggregate  (cost=814.47..814.48 rows=1 width=0)
   ->  Seq Scan on clicks  (cost=0.00..814.46 rows=2 width=0)
         Filter: (listing_id = 102973)
[0m
  [4;36;1mSQL (9.5ms)[0m   [0;1mSELECT count(*) AS count_all FROM "clicks" WHERE ("clicks".listing_id = 113183) [0m
  [4;35;1mAnalyzing  Execution Time: 0.010191

[0m   [0mAggregate  (cost=814.47..814.48 rows=1 width=0)
   ->  Seq Scan on clicks  (cost=0.00..814.46 rows=2 width=0)
         Filter: (listing_id = 113183)
[0m
  [4;36;1mSQL (9.9ms)[0m   [0;1mSELECT count(*) AS count_all FROM "clicks" WHERE ("clicks".listing_id = 113184) [0m
  [4;35;1mAnalyzing  Execution Time: 0.010171

[0m   [0mAggregate  (cost=814.47..814.48 rows=1 width=0)
   ->  Seq Scan on clicks  (cost=0.00..814.46 rows=2 width=0)
         Filter: (listing_id = 113184)
[0m
  [4;36;1mSQL (8.9ms)[0m   [0;1mSELECT count(*) AS count_all FROM "clicks" WHERE ("clicks".listing_id = 113185) [0m
  [4;35;1mAnalyzing  Execution Time: 0.009103

[0m   [0mAggregate  (cost=814.47..814.48 rows=1 width=0)
   ->  Seq Scan on clicks  (cost=0.00..814.46 rows=2 width=0)
         Filter: (listing_id = 113185)
[0m
  [4;36;1mSQL (10.1ms)[0m   [0;1mSELECT count(*) AS count_all FROM "clicks" WHERE ("clicks".listing_id = 113186) [0m
  [4;35;1mAnalyzing  Execution Time: 0.010338

[0m   [0mAggregate  (cost=814.47..814.48 rows=1 width=0)
   ->  Seq Scan on clicks  (cost=0.00..814.46 rows=2 width=0)
         Filter: (listing_id = 113186)
[0m
  [4;36;1mSQL (10.5ms)[0m   [0;1mSELECT count(*) AS count_all FROM "clicks" WHERE ("clicks".listing_id = 113187) [0m
  [4;35;1mAnalyzing  Execution Time: 0.010909

[0m   [0mAggregate  (cost=814.47..814.48 rows=1 width=0)
   ->  Seq Scan on clicks  (cost=0.00..814.46 rows=2 width=0)
         Filter: (listing_id = 113187)
[0m
  [4;36;1mSQL (8.5ms)[0m   [0;1mSELECT count(*) AS count_all FROM "clicks" WHERE ("clicks".listing_id = 113188) [0m
  [4;35;1mAnalyzing  Execution Time: 0.008758

[0m   [0mAggregate  (cost=814.47..814.48 rows=1 width=0)
   ->  Seq Scan on clicks  (cost=0.00..814.46 rows=2 width=0)
         Filter: (listing_id = 113188)
[0m
  [4;36;1mSQL (10.7ms)[0m   [0;1mSELECT count(*) AS count_all FROM "clicks" WHERE ("clicks".listing_id = 113189) [0m
  [4;35;1mAnalyzing  Execution Time: 0.010975

[0m   [0mAggregate  (cost=814.47..814.48 rows=1 width=0)
   ->  Seq Scan on clicks  (cost=0.00..814.46 rows=2 width=0)
         Filter: (listing_id = 113189)
[0m
  [4;36;1mSQL (9.0ms)[0m   [0;1mSELECT count(*) AS count_all FROM "clicks" WHERE ("clicks".listing_id = 113190) [0m
  [4;35;1mAnalyzing  Execution Time: 0.00922

[0m   [0mAggregate  (cost=814.47..814.48 rows=1 width=0)
   ->  Seq Scan on clicks  (cost=0.00..814.46 rows=2 width=0)
         Filter: (listing_id = 113190)
[0m
  [4;36;1mSQL (4.5ms)[0m   [0;1mSELECT count(*) AS count_all FROM "listings" WHERE ("listings".user_id = 25536) [0m
  [4;35;1mAnalyzing  Execution Time: 0.004734

[0m   [0mAggregate  (cost=1615.81..1615.82 rows=1 width=0)
   ->  Index Scan using index_listings_on_id_and_user_id_and_title on listings  (cost=0.00..1615.79 rows=4 width=0)
         Index Cond: (user_id = 25536)
[0m
  [4;36;1mListing Load (2.0ms)[0m   [0;1mSELECT * FROM "listings" WHERE ("listings".user_id = 25536) [0m
  [4;35;1mAnalyzing Listing Load Execution Time: 0.00272

[0m   [0mIndex Scan using index_listings_on_id_and_user_id_and_title on listings  (cost=0.00..1615.79 rows=4 width=1172)
   Index Cond: (user_id = 25536)
[0m
  [4;36;1mSQL (156.7ms)[0m   [0;1mSELECT count(*) AS count_all FROM "impressions" WHERE ("impressions".listing_id = 105351) [0m
  [4;35;1mAnalyzing  Execution Time: 0.156918

[0m   [0mAggregate  (cost=12714.08..12714.09 rows=1 width=0)
   ->  Seq Scan on impressions  (cost=0.00..12714.00 rows=31 width=0)
         Filter: (listing_id = 105351)
[0m
  [4;36;1mSQL (8.9ms)[0m   [0;1mSELECT count(*) AS count_all FROM "clicks" WHERE ("clicks".listing_id = 105351) [0m
  [4;35;1mAnalyzing  Execution Time: 0.00923

[0m   [0mAggregate  (cost=814.47..814.48 rows=1 width=0)
   ->  Seq Scan on clicks  (cost=0.00..814.46 rows=2 width=0)
         Filter: (listing_id = 105351)
[0m
  [4;36;1mSQL (2.3ms)[0m   [0;1mSELECT count(*) AS count_all FROM "listings" WHERE ("listings".user_id = 25535) [0m
  [4;35;1mAnalyzing  Execution Time: 0.002633

[0m   [0mAggregate  (cost=1615.81..1615.82 rows=1 width=0)
   ->  Index Scan using index_listings_on_id_and_user_id_and_title on listings  (cost=0.00..1615.79 rows=4 width=0)
         Index Cond: (user_id = 25535)
[0m
  [4;36;1mListing Load (2.2ms)[0m   [0;1mSELECT * FROM "listings" WHERE ("listings".user_id = 25535) [0m
  [4;35;1mAnalyzing Listing Load Execution Time: 0.002921

[0m   [0mIndex Scan using index_listings_on_id_and_user_id_and_title on listings  (cost=0.00..1615.79 rows=4 width=1172)
   Index Cond: (user_id = 25535)
[0m
  [4;36;1mSQL (149.5ms)[0m   [0;1mSELECT count(*) AS count_all FROM "impressions" WHERE ("impressions".listing_id = 113168) [0m
  [4;35;1mAnalyzing  Execution Time: 0.149796

[0m   [0mAggregate  (cost=12714.08..12714.09 rows=1 width=0)
   ->  Seq Scan on impressions  (cost=0.00..12714.00 rows=31 width=0)
         Filter: (listing_id = 113168)
[0m
  [4;36;1mSQL (17.0ms)[0m   [0;1mSELECT count(*) AS count_all FROM "clicks" WHERE ("clicks".listing_id = 113168) [0m
  [4;35;1mAnalyzing  Execution Time: 0.017712

[0m   [0mAggregate  (cost=814.47..814.48 rows=1 width=0)
   ->  Seq Scan on clicks  (cost=0.00..814.46 rows=2 width=0)
         Filter: (listing_id = 113168)
[0m
  [4;36;1mSQL (2.2ms)[0m   [0;1mSELECT count(*) AS count_all FROM "listings" WHERE ("listings".user_id = 25534) [0m
  [4;35;1mAnalyzing  Execution Time: 0.002446

[0m   [0mAggregate  (cost=1615.81..1615.82 rows=1 width=0)
   ->  Index Scan using index_listings_on_id_and_user_id_and_title on listings  (cost=0.00..1615.79 rows=4 width=0)
         Index Cond: (user_id = 25534)
[0m
  [4;36;1mListing Load (2.0ms)[0m   [0;1mSELECT * FROM "listings" WHERE ("listings".user_id = 25534) [0m
  [4;35;1mAnalyzing Listing Load Execution Time: 0.003033

[0m   [0mIndex Scan using index_listings_on_id_and_user_id_and_title on listings  (cost=0.00..1615.79 rows=4 width=1172)
   Index Cond: (user_id = 25534)
[0m
  [4;36;1mSQL (159.7ms)[0m   [0;1mSELECT count(*) AS count_all FROM "impressions" WHERE ("impressions".listing_id = 87687) [0m
  [4;35;1mAnalyzing  Execution Time: 0.159978

[0m   [0mAggregate  (cost=12714.08..12714.09 rows=1 width=0)
   ->  Seq Scan on impressions  (cost=0.00..12714.00 rows=31 width=0)
         Filter: (listing_id = 87687)
[0m
  [4;36;1mSQL (173.8ms)[0m   [0;1mSELECT count(*) AS count_all FROM "impressions" WHERE ("impressions".listing_id = 95215) [0m
  [4;35;1mAnalyzing  Execution Time: 0.174048

[0m   [0mAggregate  (cost=12714.08..12714.09 rows=1 width=0)
   ->  Seq Scan on impressions  (cost=0.00..12714.00 rows=31 width=0)
         Filter: (listing_id = 95215)
[0m
  [4;36;1mSQL (10.2ms)[0m   [0;1mSELECT count(*) AS count_all FROM "clicks" WHERE ("clicks".listing_id = 87687) [0m
  [4;35;1mAnalyzing  Execution Time: 0.010465

[0m   [0mAggregate  (cost=814.47..814.48 rows=1 width=0)
   ->  Seq Scan on clicks  (cost=0.00..814.46 rows=2 width=0)
         Filter: (listing_id = 87687)
[0m
  [4;36;1mSQL (9.2ms)[0m   [0;1mSELECT count(*) AS count_all FROM "clicks" WHERE ("clicks".listing_id = 95215) [0m
  [4;35;1mAnalyzing  Execution Time: 0.009415

[0m   [0mAggregate  (cost=814.47..814.48 rows=1 width=0)
   ->  Seq Scan on clicks  (cost=0.00..814.46 rows=2 width=0)
         Filter: (listing_id = 95215)
[0m
  [4;36;1mSQL (2.0ms)[0m   [0;1mSELECT count(*) AS count_all FROM "listings" WHERE ("listings".user_id = 25533) [0m
  [4;35;1mAnalyzing  Execution Time: 0.002263

[0m   [0mAggregate  (cost=1615.81..1615.82 rows=1 width=0)
   ->  Index Scan using index_listings_on_id_and_user_id_and_title on listings  (cost=0.00..1615.79 rows=4 width=0)
         Index Cond: (user_id = 25533)
[0m
  [4;36;1mListing Load (2.1ms)[0m   [0;1mSELECT * FROM "listings" WHERE ("listings".user_id = 25533) [0m
  [4;35;1mAnalyzing Listing Load Execution Time: 0.002764

[0m   [0mIndex Scan using index_listings_on_id_and_user_id_and_title on listings  (cost=0.00..1615.79 rows=4 width=1172)
   Index Cond: (user_id = 25533)
[0m
  [4;36;1mSQL (155.1ms)[0m   [0;1mSELECT count(*) AS count_all FROM "impressions" WHERE ("impressions".listing_id = 81334) [0m
  [4;35;1mAnalyzing  Execution Time: 0.155412

[0m   [0mAggregate  (cost=12714.08..12714.09 rows=1 width=0)
   ->  Seq Scan on impressions  (cost=0.00..12714.00 rows=31 width=0)
         Filter: (listing_id = 81334)
[0m
  [4;36;1mSQL (8.4ms)[0m   [0;1mSELECT count(*) AS count_all FROM "clicks" WHERE ("clicks".listing_id = 81334) [0m
  [4;35;1mAnalyzing  Execution Time: 0.0087

[0m   [0mAggregate  (cost=814.47..814.48 rows=1 width=0)
   ->  Seq Scan on clicks  (cost=0.00..814.46 rows=2 width=0)
         Filter: (listing_id = 81334)
[0m
  [4;36;1mSQL (2.7ms)[0m   [0;1mSELECT count(*) AS count_all FROM "listings" WHERE ("listings".user_id = 25532) [0m
  [4;35;1mAnalyzing  Execution Time: 0.002982

[0m   [0mAggregate  (cost=1615.81..1615.82 rows=1 width=0)
   ->  Index Scan using index_listings_on_id_and_user_id_and_title on listings  (cost=0.00..1615.79 rows=4 width=0)
         Index Cond: (user_id = 25532)
[0m
  [4;36;1mListing Load (2.3ms)[0m   [0;1mSELECT * FROM "listings" WHERE ("listings".user_id = 25532) [0m
  [4;35;1mAnalyzing Listing Load Execution Time: 0.00309

[0m   [0mIndex Scan using index_listings_on_id_and_user_id_and_title on listings  (cost=0.00..1615.79 rows=4 width=1172)
   Index Cond: (user_id = 25532)
[0m
  [4;36;1mSQL (162.3ms)[0m   [0;1mSELECT count(*) AS count_all FROM "impressions" WHERE ("impressions".listing_id = 82235) [0m
  [4;35;1mAnalyzing  Execution Time: 0.162564

[0m   [0mAggregate  (cost=12714.08..12714.09 rows=1 width=0)
   ->  Seq Scan on impressions  (cost=0.00..12714.00 rows=31 width=0)
         Filter: (listing_id = 82235)
[0m
  [4;36;1mSQL (8.5ms)[0m   [0;1mSELECT count(*) AS count_all FROM "clicks" WHERE ("clicks".listing_id = 82235) [0m
  [4;35;1mAnalyzing  Execution Time: 0.008722

[0m   [0mAggregate  (cost=814.47..814.48 rows=1 width=0)
   ->  Seq Scan on clicks  (cost=0.00..814.46 rows=2 width=0)
         Filter: (listing_id = 82235)
[0m
  [4;36;1mSQL (2.3ms)[0m   [0;1mSELECT count(*) AS count_all FROM "listings" WHERE ("listings".user_id = 25531) [0m
  [4;35;1mAnalyzing  Execution Time: 0.002531

[0m   [0mAggregate  (cost=1615.81..1615.82 rows=1 width=0)
   ->  Index Scan using index_listings_on_id_and_user_id_and_title on listings  (cost=0.00..1615.79 rows=4 width=0)
         Index Cond: (user_id = 25531)
[0m
  [4;36;1mListing Load (2.1ms)[0m   [0;1mSELECT * FROM "listings" WHERE ("listings".user_id = 25531) [0m
  [4;35;1mAnalyzing Listing Load Execution Time: 0.002912

[0m   [0mIndex Scan using index_listings_on_id_and_user_id_and_title on listings  (cost=0.00..1615.79 rows=4 width=1172)
   Index Cond: (user_id = 25531)
[0m
  [4;36;1mSQL (157.7ms)[0m   [0;1mSELECT count(*) AS count_all FROM "impressions" WHERE ("impressions".listing_id = 113167) [0m
  [4;35;1mAnalyzing  Execution Time: 0.157995

[0m   [0mAggregate  (cost=12714.08..12714.09 rows=1 width=0)
   ->  Seq Scan on impressions  (cost=0.00..12714.00 rows=31 width=0)
         Filter: (listing_id = 113167)
[0m
  [4;36;1mSQL (10.5ms)[0m   [0;1mSELECT count(*) AS count_all FROM "clicks" WHERE ("clicks".listing_id = 113167) [0m
  [4;35;1mAnalyzing  Execution Time: 0.01078

[0m   [0mAggregate  (cost=814.47..814.48 rows=1 width=0)
   ->  Seq Scan on clicks  (cost=0.00..814.46 rows=2 width=0)
         Filter: (listing_id = 113167)
[0m
  [4;36;1mSQL (2.3ms)[0m   [0;1mSELECT count(*) AS count_all FROM "listings" WHERE ("listings".user_id = 25530) [0m
  [4;35;1mAnalyzing  Execution Time: 0.002612

[0m   [0mAggregate  (cost=1615.81..1615.82 rows=1 width=0)
   ->  Index Scan using index_listings_on_id_and_user_id_and_title on listings  (cost=0.00..1615.79 rows=4 width=0)
         Index Cond: (user_id = 25530)
[0m
  [4;36;1mListing Load (2.0ms)[0m   [0;1mSELECT * FROM "listings" WHERE ("listings".user_id = 25530) [0m
  [4;35;1mAnalyzing Listing Load Execution Time: 0.002788

[0m   [0mIndex Scan using index_listings_on_id_and_user_id_and_title on listings  (cost=0.00..1615.79 rows=4 width=1172)
   Index Cond: (user_id = 25530)
[0m
  [4;36;1mSQL (162.3ms)[0m   [0;1mSELECT count(*) AS count_all FROM "impressions" WHERE ("impressions".listing_id = 66462) [0m
  [4;35;1mAnalyzing  Execution Time: 0.162561

[0m   [0mAggregate  (cost=12714.08..12714.09 rows=1 width=0)
   ->  Seq Scan on impressions  (cost=0.00..12714.00 rows=31 width=0)
         Filter: (listing_id = 66462)
[0m
  [4;36;1mSQL (8.6ms)[0m   [0;1mSELECT count(*) AS count_all FROM "clicks" WHERE ("clicks".listing_id = 66462) [0m
  [4;35;1mAnalyzing  Execution Time: 0.008827

[0m   [0mAggregate  (cost=814.47..814.48 rows=1 width=0)
   ->  Seq Scan on clicks  (cost=0.00..814.46 rows=2 width=0)
         Filter: (listing_id = 66462)
[0m
  [4;36;1mSQL (2.1ms)[0m   [0;1mSELECT count(*) AS count_all FROM "listings" WHERE ("listings".user_id = 25529) [0m
  [4;35;1mAnalyzing  Execution Time: 0.002349

[0m   [0mAggregate  (cost=1615.81..1615.82 rows=1 width=0)
   ->  Index Scan using index_listings_on_id_and_user_id_and_title on listings  (cost=0.00..1615.79 rows=4 width=0)
         Index Cond: (user_id = 25529)
[0m
  [4;36;1mListing Load (3.7ms)[0m   [0;1mSELECT * FROM "listings" WHERE ("listings".user_id = 25529) [0m
  [4;35;1mAnalyzing Listing Load Execution Time: 0.008241

[0m   [0mIndex Scan using index_listings_on_id_and_user_id_and_title on listings  (cost=0.00..1615.79 rows=4 width=1172)
   Index Cond: (user_id = 25529)
[0m
  [4;36;1mSQL (169.8ms)[0m   [0;1mSELECT count(*) AS count_all FROM "impressions" WHERE ("impressions".listing_id = 113166) [0m
  [4;35;1mAnalyzing  Execution Time: 0.170125

[0m   [0mAggregate  (cost=12714.08..12714.09 rows=1 width=0)
   ->  Seq Scan on impressions  (cost=0.00..12714.00 rows=31 width=0)
         Filter: (listing_id = 113166)
[0m
  [4;36;1mSQL (151.0ms)[0m   [0;1mSELECT count(*) AS count_all FROM "impressions" WHERE ("impressions".listing_id = 113245) [0m
  [4;35;1mAnalyzing  Execution Time: 0.151318

[0m   [0mAggregate  (cost=12714.08..12714.09 rows=1 width=0)
   ->  Seq Scan on impressions  (cost=0.00..12714.00 rows=31 width=0)
         Filter: (listing_id = 113245)
[0m
  [4;36;1mSQL (152.1ms)[0m   [0;1mSELECT count(*) AS count_all FROM "impressions" WHERE ("impressions".listing_id = 113246) [0m
  [4;35;1mAnalyzing  Execution Time: 0.152391

[0m   [0mAggregate  (cost=12714.08..12714.09 rows=1 width=0)
   ->  Seq Scan on impressions  (cost=0.00..12714.00 rows=31 width=0)
         Filter: (listing_id = 113246)
[0m
  [4;36;1mSQL (161.0ms)[0m   [0;1mSELECT count(*) AS count_all FROM "impressions" WHERE ("impressions".listing_id = 113247) [0m
  [4;35;1mAnalyzing  Execution Time: 0.161237

[0m   [0mAggregate  (cost=12714.08..12714.09 rows=1 width=0)
   ->  Seq Scan on impressions  (cost=0.00..12714.00 rows=31 width=0)
         Filter: (listing_id = 113247)
[0m
  [4;36;1mSQL (152.6ms)[0m   [0;1mSELECT count(*) AS count_all FROM "impressions" WHERE ("impressions".listing_id = 113248) [0m
  [4;35;1mAnalyzing  Execution Time: 0.152928

[0m   [0mAggregate  (cost=12714.08..12714.09 rows=1 width=0)
   ->  Seq Scan on impressions  (cost=0.00..12714.00 rows=31 width=0)
         Filter: (listing_id = 113248)
[0m
  [4;36;1mSQL (147.7ms)[0m   [0;1mSELECT count(*) AS count_all FROM "impressions" WHERE ("impressions".listing_id = 113249) [0m
  [4;35;1mAnalyzing  Execution Time: 0.148246

[0m   [0mAggregate  (cost=12714.08..12714.09 rows=1 width=0)
   ->  Seq Scan on impressions  (cost=0.00..12714.00 rows=31 width=0)
         Filter: (listing_id = 113249)
[0m
  [4;36;1mSQL (148.4ms)[0m   [0;1mSELECT count(*) AS count_all FROM "impressions" WHERE ("impressions".listing_id = 113250) [0m
  [4;35;1mAnalyzing  Execution Time: 0.148687

[0m   [0mAggregate  (cost=12714.08..12714.09 rows=1 width=0)
   ->  Seq Scan on impressions  (cost=0.00..12714.00 rows=31 width=0)
         Filter: (listing_id = 113250)
[0m
  [4;36;1mSQL (147.3ms)[0m   [0;1mSELECT count(*) AS count_all FROM "impressions" WHERE ("impressions".listing_id = 113251) [0m
  [4;35;1mAnalyzing  Execution Time: 0.147791

[0m   [0mAggregate  (cost=12714.08..12714.09 rows=1 width=0)
   ->  Seq Scan on impressions  (cost=0.00..12714.00 rows=31 width=0)
         Filter: (listing_id = 113251)
[0m
  [4;36;1mSQL (150.2ms)[0m   [0;1mSELECT count(*) AS count_all FROM "impressions" WHERE ("impressions".listing_id = 113252) [0m
  [4;35;1mAnalyzing  Execution Time: 0.150453

[0m   [0mAggregate  (cost=12714.08..12714.09 rows=1 width=0)
   ->  Seq Scan on impressions  (cost=0.00..12714.00 rows=31 width=0)
         Filter: (listing_id = 113252)
[0m
  [4;36;1mSQL (152.3ms)[0m   [0;1mSELECT count(*) AS count_all FROM "impressions" WHERE ("impressions".listing_id = 113253) [0m
  [4;35;1mAnalyzing  Execution Time: 0.152598

[0m   [0mAggregate  (cost=12714.08..12714.09 rows=1 width=0)
   ->  Seq Scan on impressions  (cost=0.00..12714.00 rows=31 width=0)
         Filter: (listing_id = 113253)
[0m
  [4;36;1mSQL (151.7ms)[0m   [0;1mSELECT count(*) AS count_all FROM "impressions" WHERE ("impressions".listing_id = 113254) [0m
  [4;35;1mAnalyzing  Execution Time: 0.151989

[0m   [0mAggregate  (cost=12714.08..12714.09 rows=1 width=0)
   ->  Seq Scan on impressions  (cost=0.00..12714.00 rows=31 width=0)
         Filter: (listing_id = 113254)
[0m
  [4;36;1mSQL (11.8ms)[0m   [0;1mSELECT count(*) AS count_all FROM "clicks" WHERE ("clicks".listing_id = 113166) [0m
  [4;35;1mAnalyzing  Execution Time: 0.012136

[0m   [0mAggregate  (cost=814.47..814.48 rows=1 width=0)
   ->  Seq Scan on clicks  (cost=0.00..814.46 rows=2 width=0)
         Filter: (listing_id = 113166)
[0m
  [4;36;1mSQL (11.0ms)[0m   [0;1mSELECT count(*) AS count_all FROM "clicks" WHERE ("clicks".listing_id = 113245) [0m
  [4;35;1mAnalyzing  Execution Time: 0.011239

[0m   [0mAggregate  (cost=814.47..814.48 rows=1 width=0)
   ->  Seq Scan on clicks  (cost=0.00..814.46 rows=2 width=0)
         Filter: (listing_id = 113245)
[0m
  [4;36;1mSQL (9.0ms)[0m   [0;1mSELECT count(*) AS count_all FROM "clicks" WHERE ("clicks".listing_id = 113246) [0m
  [4;35;1mAnalyzing  Execution Time: 0.009291

[0m   [0mAggregate  (cost=814.47..814.48 rows=1 width=0)
   ->  Seq Scan on clicks  (cost=0.00..814.46 rows=2 width=0)
         Filter: (listing_id = 113246)
[0m
  [4;36;1mSQL (9.3ms)[0m   [0;1mSELECT count(*) AS count_all FROM "clicks" WHERE ("clicks".listing_id = 113247) [0m
  [4;35;1mAnalyzing  Execution Time: 0.009601

[0m   [0mAggregate  (cost=814.47..814.48 rows=1 width=0)
   ->  Seq Scan on clicks  (cost=0.00..814.46 rows=2 width=0)
         Filter: (listing_id = 113247)
[0m
  [4;36;1mSQL (10.4ms)[0m   [0;1mSELECT count(*) AS count_all FROM "clicks" WHERE ("clicks".listing_id = 113248) [0m
  [4;35;1mAnalyzing  Execution Time: 0.010695

[0m   [0mAggregate  (cost=814.47..814.48 rows=1 width=0)
   ->  Seq Scan on clicks  (cost=0.00..814.46 rows=2 width=0)
         Filter: (listing_id = 113248)
[0m
  [4;36;1mSQL (8.6ms)[0m   [0;1mSELECT count(*) AS count_all FROM "clicks" WHERE ("clicks".listing_id = 113249) [0m
  [4;35;1mAnalyzing  Execution Time: 0.009031

[0m   [0mAggregate  (cost=814.47..814.48 rows=1 width=0)
   ->  Seq Scan on clicks  (cost=0.00..814.46 rows=2 width=0)
         Filter: (listing_id = 113249)
[0m
  [4;36;1mSQL (9.7ms)[0m   [0;1mSELECT count(*) AS count_all FROM "clicks" WHERE ("clicks".listing_id = 113250) [0m
  [4;35;1mAnalyzing  Execution Time: 0.009971

[0m   [0mAggregate  (cost=814.47..814.48 rows=1 width=0)
   ->  Seq Scan on clicks  (cost=0.00..814.46 rows=2 width=0)
         Filter: (listing_id = 113250)
[0m
  [4;36;1mSQL (10.3ms)[0m   [0;1mSELECT count(*) AS count_all FROM "clicks" WHERE ("clicks".listing_id = 113251) [0m
  [4;35;1mAnalyzing  Execution Time: 0.01056

[0m   [0mAggregate  (cost=814.47..814.48 rows=1 width=0)
   ->  Seq Scan on clicks  (cost=0.00..814.46 rows=2 width=0)
         Filter: (listing_id = 113251)
[0m
  [4;36;1mSQL (8.5ms)[0m   [0;1mSELECT count(*) AS count_all FROM "clicks" WHERE ("clicks".listing_id = 113252) [0m
  [4;35;1mAnalyzing  Execution Time: 0.008823

[0m   [0mAggregate  (cost=814.47..814.48 rows=1 width=0)
   ->  Seq Scan on clicks  (cost=0.00..814.46 rows=2 width=0)
         Filter: (listing_id = 113252)
[0m
  [4;36;1mSQL (10.8ms)[0m   [0;1mSELECT count(*) AS count_all FROM "clicks" WHERE ("clicks".listing_id = 113253) [0m
  [4;35;1mAnalyzing  Execution Time: 0.011083

[0m   [0mAggregate  (cost=814.47..814.48 rows=1 width=0)
   ->  Seq Scan on clicks  (cost=0.00..814.46 rows=2 width=0)
         Filter: (listing_id = 113253)
[0m
  [4;36;1mSQL (9.4ms)[0m   [0;1mSELECT count(*) AS count_all FROM "clicks" WHERE ("clicks".listing_id = 113254) [0m
  [4;35;1mAnalyzing  Execution Time: 0.009691

[0m   [0mAggregate  (cost=814.47..814.48 rows=1 width=0)
   ->  Seq Scan on clicks  (cost=0.00..814.46 rows=2 width=0)
         Filter: (listing_id = 113254)
[0m
  [4;36;1mSQL (2.8ms)[0m   [0;1mSELECT count(*) AS count_all FROM "listings" WHERE ("listings".user_id = 25528) [0m
  [4;35;1mAnalyzing  Execution Time: 0.003349

[0m   [0mAggregate  (cost=1615.81..1615.82 rows=1 width=0)
   ->  Index Scan using index_listings_on_id_and_user_id_and_title on listings  (cost=0.00..1615.79 rows=4 width=0)
         Index Cond: (user_id = 25528)
[0m
  [4;36;1mListing Load (3.6ms)[0m   [0;1mSELECT * FROM "listings" WHERE ("listings".user_id = 25528) [0m
  [4;35;1mAnalyzing Listing Load Execution Time: 0.004676

[0m   [0mIndex Scan using index_listings_on_id_and_user_id_and_title on listings  (cost=0.00..1615.79 rows=4 width=1172)
   Index Cond: (user_id = 25528)
[0m
  [4;36;1mSQL (157.2ms)[0m   [0;1mSELECT count(*) AS count_all FROM "impressions" WHERE ("impressions".listing_id = 105174) [0m
  [4;35;1mAnalyzing  Execution Time: 0.157472

[0m   [0mAggregate  (cost=12714.08..12714.09 rows=1 width=0)
   ->  Seq Scan on impressions  (cost=0.00..12714.00 rows=31 width=0)
         Filter: (listing_id = 105174)
[0m
  [4;36;1mSQL (160.7ms)[0m   [0;1mSELECT count(*) AS count_all FROM "impressions" WHERE ("impressions".listing_id = 113193) [0m
  [4;35;1mAnalyzing  Execution Time: 0.161001

[0m   [0mAggregate  (cost=12714.08..12714.09 rows=1 width=0)
   ->  Seq Scan on impressions  (cost=0.00..12714.00 rows=31 width=0)
         Filter: (listing_id = 113193)
[0m
  [4;36;1mSQL (8.4ms)[0m   [0;1mSELECT count(*) AS count_all FROM "clicks" WHERE ("clicks".listing_id = 105174) [0m
  [4;35;1mAnalyzing  Execution Time: 0.008699

[0m   [0mAggregate  (cost=814.47..814.48 rows=1 width=0)
   ->  Seq Scan on clicks  (cost=0.00..814.46 rows=2 width=0)
         Filter: (listing_id = 105174)
[0m
  [4;36;1mSQL (10.9ms)[0m   [0;1mSELECT count(*) AS count_all FROM "clicks" WHERE ("clicks".listing_id = 113193) [0m
  [4;35;1mAnalyzing  Execution Time: 0.011171

[0m   [0mAggregate  (cost=814.47..814.48 rows=1 width=0)
   ->  Seq Scan on clicks  (cost=0.00..814.46 rows=2 width=0)
         Filter: (listing_id = 113193)
[0m
  [4;36;1mSQL (4.6ms)[0m   [0;1mSELECT count(*) AS count_all FROM "listings" WHERE ("listings".user_id = 25527) [0m
  [4;35;1mAnalyzing  Execution Time: 0.004925

[0m   [0mAggregate  (cost=1615.81..1615.82 rows=1 width=0)
   ->  Index Scan using index_listings_on_id_and_user_id_and_title on listings  (cost=0.00..1615.79 rows=4 width=0)
         Index Cond: (user_id = 25527)
[0m
  [4;36;1mListing Load (2.0ms)[0m   [0;1mSELECT * FROM "listings" WHERE ("listings".user_id = 25527) [0m
  [4;35;1mAnalyzing Listing Load Execution Time: 0.002719

[0m   [0mIndex Scan using index_listings_on_id_and_user_id_and_title on listings  (cost=0.00..1615.79 rows=4 width=1172)
   Index Cond: (user_id = 25527)
[0m
  [4;36;1mSQL (155.5ms)[0m   [0;1mSELECT count(*) AS count_all FROM "impressions" WHERE ("impressions".listing_id = 78035) [0m
  [4;35;1mAnalyzing  Execution Time: 0.15576

[0m   [0mAggregate  (cost=12714.08..12714.09 rows=1 width=0)
   ->  Seq Scan on impressions  (cost=0.00..12714.00 rows=31 width=0)
         Filter: (listing_id = 78035)
[0m
  [4;36;1mSQL (8.9ms)[0m   [0;1mSELECT count(*) AS count_all FROM "clicks" WHERE ("clicks".listing_id = 78035) [0m
  [4;35;1mAnalyzing  Execution Time: 0.00923

[0m   [0mAggregate  (cost=814.47..814.48 rows=1 width=0)
   ->  Seq Scan on clicks  (cost=0.00..814.46 rows=2 width=0)
         Filter: (listing_id = 78035)
[0m
  [4;36;1mSQL (2.0ms)[0m   [0;1mSELECT count(*) AS count_all FROM "listings" WHERE ("listings".user_id = 25526) [0m
  [4;35;1mAnalyzing  Execution Time: 0.002283

[0m   [0mAggregate  (cost=1615.81..1615.82 rows=1 width=0)
   ->  Index Scan using index_listings_on_id_and_user_id_and_title on listings  (cost=0.00..1615.79 rows=4 width=0)
         Index Cond: (user_id = 25526)
[0m
  [4;36;1mListing Load (2.0ms)[0m   [0;1mSELECT * FROM "listings" WHERE ("listings".user_id = 25526) [0m
  [4;35;1mAnalyzing Listing Load Execution Time: 0.002763

[0m   [0mIndex Scan using index_listings_on_id_and_user_id_and_title on listings  (cost=0.00..1615.79 rows=4 width=1172)
   Index Cond: (user_id = 25526)
[0m
  [4;36;1mSQL (154.8ms)[0m   [0;1mSELECT count(*) AS count_all FROM "impressions" WHERE ("impressions".listing_id = 68732) [0m
  [4;35;1mAnalyzing  Execution Time: 0.155102

[0m   [0mAggregate  (cost=12714.08..12714.09 rows=1 width=0)
   ->  Seq Scan on impressions  (cost=0.00..12714.00 rows=31 width=0)
         Filter: (listing_id = 68732)
[0m
  [4;36;1mSQL (9.9ms)[0m   [0;1mSELECT count(*) AS count_all FROM "clicks" WHERE ("clicks".listing_id = 68732) [0m
  [4;35;1mAnalyzing  Execution Time: 0.010224

[0m   [0mAggregate  (cost=814.47..814.48 rows=1 width=0)
   ->  Seq Scan on clicks  (cost=0.00..814.46 rows=2 width=0)
         Filter: (listing_id = 68732)
[0m
  [4;36;1mSQL (2.4ms)[0m   [0;1mSELECT count(*) AS count_all FROM "listings" WHERE ("listings".user_id = 25525) [0m
  [4;35;1mAnalyzing  Execution Time: 0.002692

[0m   [0mAggregate  (cost=1615.81..1615.82 rows=1 width=0)
   ->  Index Scan using index_listings_on_id_and_user_id_and_title on listings  (cost=0.00..1615.79 rows=4 width=0)
         Index Cond: (user_id = 25525)
[0m
  [4;36;1mListing Load (2.3ms)[0m   [0;1mSELECT * FROM "listings" WHERE ("listings".user_id = 25525) [0m
  [4;35;1mAnalyzing Listing Load Execution Time: 0.004256

[0m   [0mIndex Scan using index_listings_on_id_and_user_id_and_title on listings  (cost=0.00..1615.79 rows=4 width=1172)
   Index Cond: (user_id = 25525)
[0m
  [4;36;1mSQL (154.1ms)[0m   [0;1mSELECT count(*) AS count_all FROM "impressions" WHERE ("impressions".listing_id = 86472) [0m
  [4;35;1mAnalyzing  Execution Time: 0.154351

[0m   [0mAggregate  (cost=12714.08..12714.09 rows=1 width=0)
   ->  Seq Scan on impressions  (cost=0.00..12714.00 rows=31 width=0)
         Filter: (listing_id = 86472)
[0m
  [4;36;1mSQL (155.3ms)[0m   [0;1mSELECT count(*) AS count_all FROM "impressions" WHERE ("impressions".listing_id = 113194) [0m
  [4;35;1mAnalyzing  Execution Time: 0.155597

[0m   [0mAggregate  (cost=12714.08..12714.09 rows=1 width=0)
   ->  Seq Scan on impressions  (cost=0.00..12714.00 rows=31 width=0)
         Filter: (listing_id = 113194)
[0m
  [4;36;1mSQL (158.1ms)[0m   [0;1mSELECT count(*) AS count_all FROM "impressions" WHERE ("impressions".listing_id = 113195) [0m
  [4;35;1mAnalyzing  Execution Time: 0.158321

[0m   [0mAggregate  (cost=12714.08..12714.09 rows=1 width=0)
   ->  Seq Scan on impressions  (cost=0.00..12714.00 rows=31 width=0)
         Filter: (listing_id = 113195)
[0m
  [4;36;1mSQL (9.2ms)[0m   [0;1mSELECT count(*) AS count_all FROM "clicks" WHERE ("clicks".listing_id = 86472) [0m
  [4;35;1mAnalyzing  Execution Time: 0.009945

[0m   [0mAggregate  (cost=814.47..814.48 rows=1 width=0)
   ->  Seq Scan on clicks  (cost=0.00..814.46 rows=2 width=0)
         Filter: (listing_id = 86472)
[0m
  [4;36;1mSQL (10.8ms)[0m   [0;1mSELECT count(*) AS count_all FROM "clicks" WHERE ("clicks".listing_id = 113194) [0m
  [4;35;1mAnalyzing  Execution Time: 0.011027

[0m   [0mAggregate  (cost=814.47..814.48 rows=1 width=0)
   ->  Seq Scan on clicks  (cost=0.00..814.46 rows=2 width=0)
         Filter: (listing_id = 113194)
[0m
  [4;36;1mSQL (8.5ms)[0m   [0;1mSELECT count(*) AS count_all FROM "clicks" WHERE ("clicks".listing_id = 113195) [0m
  [4;35;1mAnalyzing  Execution Time: 0.008786

[0m   [0mAggregate  (cost=814.47..814.48 rows=1 width=0)
   ->  Seq Scan on clicks  (cost=0.00..814.46 rows=2 width=0)
         Filter: (listing_id = 113195)
[0m
  [4;36;1mSQL (2.0ms)[0m   [0;1mSELECT count(*) AS count_all FROM "listings" WHERE ("listings".user_id = 25524) [0m
  [4;35;1mAnalyzing  Execution Time: 0.002306

[0m   [0mAggregate  (cost=1615.81..1615.82 rows=1 width=0)
   ->  Index Scan using index_listings_on_id_and_user_id_and_title on listings  (cost=0.00..1615.79 rows=4 width=0)
         Index Cond: (user_id = 25524)
[0m
  [4;36;1mListing Load (2.2ms)[0m   [0;1mSELECT * FROM "listings" WHERE ("listings".user_id = 25524) [0m
  [4;35;1mAnalyzing Listing Load Execution Time: 0.003332

[0m   [0mIndex Scan using index_listings_on_id_and_user_id_and_title on listings  (cost=0.00..1615.79 rows=4 width=1172)
   Index Cond: (user_id = 25524)
[0m
  [4;36;1mSQL (150.5ms)[0m   [0;1mSELECT count(*) AS count_all FROM "impressions" WHERE ("impressions".listing_id = 89554) [0m
  [4;35;1mAnalyzing  Execution Time: 0.150744

[0m   [0mAggregate  (cost=12714.08..12714.09 rows=1 width=0)
   ->  Seq Scan on impressions  (cost=0.00..12714.00 rows=31 width=0)
         Filter: (listing_id = 89554)
[0m
  [4;36;1mSQL (159.5ms)[0m   [0;1mSELECT count(*) AS count_all FROM "impressions" WHERE ("impressions".listing_id = 113290) [0m
  [4;35;1mAnalyzing  Execution Time: 0.159707

[0m   [0mAggregate  (cost=12714.08..12714.09 rows=1 width=0)
   ->  Seq Scan on impressions  (cost=0.00..12714.00 rows=31 width=0)
         Filter: (listing_id = 113290)
[0m
  [4;36;1mSQL (9.4ms)[0m   [0;1mSELECT count(*) AS count_all FROM "clicks" WHERE ("clicks".listing_id = 89554) [0m
  [4;35;1mAnalyzing  Execution Time: 0.00971900000000003

[0m   [0mAggregate  (cost=814.47..814.48 rows=1 width=0)
   ->  Seq Scan on clicks  (cost=0.00..814.46 rows=2 width=0)
         Filter: (listing_id = 89554)
[0m
  [4;36;1mSQL (10.6ms)[0m   [0;1mSELECT count(*) AS count_all FROM "clicks" WHERE ("clicks".listing_id = 113290) [0m
  [4;35;1mAnalyzing  Execution Time: 0.010839

[0m   [0mAggregate  (cost=814.47..814.48 rows=1 width=0)
   ->  Seq Scan on clicks  (cost=0.00..814.46 rows=2 width=0)
         Filter: (listing_id = 113290)
[0m
  [4;36;1mSQL (2.6ms)[0m   [0;1mSELECT count(*) AS count_all FROM "listings" WHERE ("listings".user_id = 25523) [0m
  [4;35;1mAnalyzing  Execution Time: 0.00286

[0m   [0mAggregate  (cost=1615.81..1615.82 rows=1 width=0)
   ->  Index Scan using index_listings_on_id_and_user_id_and_title on listings  (cost=0.00..1615.79 rows=4 width=0)
         Index Cond: (user_id = 25523)
[0m
  [4;36;1mListing Load (2.3ms)[0m   [0;1mSELECT * FROM "listings" WHERE ("listings".user_id = 25523) [0m
  [4;35;1mAnalyzing Listing Load Execution Time: 0.004766

[0m   [0mIndex Scan using index_listings_on_id_and_user_id_and_title on listings  (cost=0.00..1615.79 rows=4 width=1172)
   Index Cond: (user_id = 25523)
[0m
  [4;36;1mSQL (221.1ms)[0m   [0;1mSELECT count(*) AS count_all FROM "impressions" WHERE ("impressions".listing_id = 78004) [0m
  [4;35;1mAnalyzing  Execution Time: 0.221409

[0m   [0mAggregate  (cost=12714.08..12714.09 rows=1 width=0)
   ->  Seq Scan on impressions  (cost=0.00..12714.00 rows=31 width=0)
         Filter: (listing_id = 78004)
[0m
  [4;36;1mSQL (146.4ms)[0m   [0;1mSELECT count(*) AS count_all FROM "impressions" WHERE ("impressions".listing_id = 82645) [0m
  [4;35;1mAnalyzing  Execution Time: 0.146672

[0m   [0mAggregate  (cost=12714.08..12714.09 rows=1 width=0)
   ->  Seq Scan on impressions  (cost=0.00..12714.00 rows=31 width=0)
         Filter: (listing_id = 82645)
[0m
  [4;36;1mSQL (155.8ms)[0m   [0;1mSELECT count(*) AS count_all FROM "impressions" WHERE ("impressions".listing_id = 84401) [0m
  [4;35;1mAnalyzing  Execution Time: 0.15609

[0m   [0mAggregate  (cost=12714.08..12714.09 rows=1 width=0)
   ->  Seq Scan on impressions  (cost=0.00..12714.00 rows=31 width=0)
         Filter: (listing_id = 84401)
[0m
  [4;36;1mSQL (185.8ms)[0m   [0;1mSELECT count(*) AS count_all FROM "impressions" WHERE ("impressions".listing_id = 91984) [0m
  [4;35;1mAnalyzing  Execution Time: 0.186037

[0m   [0mAggregate  (cost=12714.08..12714.09 rows=1 width=0)
   ->  Seq Scan on impressions  (cost=0.00..12714.00 rows=31 width=0)
         Filter: (listing_id = 91984)
[0m
  [4;36;1mSQL (172.3ms)[0m   [0;1mSELECT count(*) AS count_all FROM "impressions" WHERE ("impressions".listing_id = 113165) [0m
  [4;35;1mAnalyzing  Execution Time: 0.172573

[0m   [0mAggregate  (cost=12714.08..12714.09 rows=1 width=0)
   ->  Seq Scan on impressions  (cost=0.00..12714.00 rows=31 width=0)
         Filter: (listing_id = 113165)
[0m
  [4;36;1mSQL (9.0ms)[0m   [0;1mSELECT count(*) AS count_all FROM "clicks" WHERE ("clicks".listing_id = 78004) [0m
  [4;35;1mAnalyzing  Execution Time: 0.009239

[0m   [0mAggregate  (cost=814.47..814.48 rows=1 width=0)
   ->  Seq Scan on clicks  (cost=0.00..814.46 rows=2 width=0)
         Filter: (listing_id = 78004)
[0m
  [4;36;1mSQL (8.5ms)[0m   [0;1mSELECT count(*) AS count_all FROM "clicks" WHERE ("clicks".listing_id = 82645) [0m
  [4;35;1mAnalyzing  Execution Time: 0.008812

[0m   [0mAggregate  (cost=814.47..814.48 rows=1 width=0)
   ->  Seq Scan on clicks  (cost=0.00..814.46 rows=2 width=0)
         Filter: (listing_id = 82645)
[0m
  [4;36;1mSQL (10.5ms)[0m   [0;1mSELECT count(*) AS count_all FROM "clicks" WHERE ("clicks".listing_id = 84401) [0m
  [4;35;1mAnalyzing  Execution Time: 0.010793

[0m   [0mAggregate  (cost=814.47..814.48 rows=1 width=0)
   ->  Seq Scan on clicks  (cost=0.00..814.46 rows=2 width=0)
         Filter: (listing_id = 84401)
[0m
  [4;36;1mSQL (8.7ms)[0m   [0;1mSELECT count(*) AS count_all FROM "clicks" WHERE ("clicks".listing_id = 91984) [0m
  [4;35;1mAnalyzing  Execution Time: 0.008958

[0m   [0mAggregate  (cost=814.47..814.48 rows=1 width=0)
   ->  Seq Scan on clicks  (cost=0.00..814.46 rows=2 width=0)
         Filter: (listing_id = 91984)
[0m
  [4;36;1mSQL (8.8ms)[0m   [0;1mSELECT count(*) AS count_all FROM "clicks" WHERE ("clicks".listing_id = 113165) [0m
  [4;35;1mAnalyzing  Execution Time: 0.009064

[0m   [0mAggregate  (cost=814.47..814.48 rows=1 width=0)
   ->  Seq Scan on clicks  (cost=0.00..814.46 rows=2 width=0)
         Filter: (listing_id = 113165)
[0m
  [4;36;1mSQL (5.9ms)[0m   [0;1mSELECT count(*) AS count_all FROM "listings" WHERE ("listings".user_id = 25522) [0m
  [4;35;1mAnalyzing  Execution Time: 0.006155

[0m   [0mAggregate  (cost=1615.81..1615.82 rows=1 width=0)
   ->  Index Scan using index_listings_on_id_and_user_id_and_title on listings  (cost=0.00..1615.79 rows=4 width=0)
         Index Cond: (user_id = 25522)
[0m
  [4;36;1mListing Load (2.5ms)[0m   [0;1mSELECT * FROM "listings" WHERE ("listings".user_id = 25522) [0m
  [4;35;1mAnalyzing Listing Load Execution Time: 0.004563

[0m   [0mIndex Scan using index_listings_on_id_and_user_id_and_title on listings  (cost=0.00..1615.79 rows=4 width=1172)
   Index Cond: (user_id = 25522)
[0m
  [4;36;1mSQL (197.1ms)[0m   [0;1mSELECT count(*) AS count_all FROM "impressions" WHERE ("impressions".listing_id = 105240) [0m
  [4;35;1mAnalyzing  Execution Time: 0.197329

[0m   [0mAggregate  (cost=12714.08..12714.09 rows=1 width=0)
   ->  Seq Scan on impressions  (cost=0.00..12714.00 rows=31 width=0)
         Filter: (listing_id = 105240)
[0m
  [4;36;1mSQL (151.1ms)[0m   [0;1mSELECT count(*) AS count_all FROM "impressions" WHERE ("impressions".listing_id = 113164) [0m
  [4;35;1mAnalyzing  Execution Time: 0.151414

[0m   [0mAggregate  (cost=12716.37..12716.38 rows=1 width=0)
   ->  Seq Scan on impressions  (cost=0.00..12714.00 rows=947 width=0)
         Filter: (listing_id = 113164)
[0m
  [4;36;1mSQL (151.5ms)[0m   [0;1mSELECT count(*) AS count_all FROM "impressions" WHERE ("impressions".listing_id = 113243) [0m
  [4;35;1mAnalyzing  Execution Time: 0.151747

[0m   [0mAggregate  (cost=12714.08..12714.09 rows=1 width=0)
   ->  Seq Scan on impressions  (cost=0.00..12714.00 rows=31 width=0)
         Filter: (listing_id = 113243)
[0m
  [4;36;1mSQL (154.9ms)[0m   [0;1mSELECT count(*) AS count_all FROM "impressions" WHERE ("impressions".listing_id = 113244) [0m
  [4;35;1mAnalyzing  Execution Time: 0.155214

[0m   [0mAggregate  (cost=12715.67..12715.68 rows=1 width=0)
   ->  Seq Scan on impressions  (cost=0.00..12714.00 rows=668 width=0)
         Filter: (listing_id = 113244)
[0m
  [4;36;1mSQL (9.3ms)[0m   [0;1mSELECT count(*) AS count_all FROM "clicks" WHERE ("clicks".listing_id = 105240) [0m
  [4;35;1mAnalyzing  Execution Time: 0.009589

[0m   [0mAggregate  (cost=814.47..814.48 rows=1 width=0)
   ->  Seq Scan on clicks  (cost=0.00..814.46 rows=2 width=0)
         Filter: (listing_id = 105240)
[0m
  [4;36;1mSQL (9.0ms)[0m   [0;1mSELECT count(*) AS count_all FROM "clicks" WHERE ("clicks".listing_id = 113164) [0m
  [4;35;1mAnalyzing  Execution Time: 0.009296

[0m   [0mAggregate  (cost=814.50..814.51 rows=1 width=0)
   ->  Seq Scan on clicks  (cost=0.00..814.46 rows=13 width=0)
         Filter: (listing_id = 113164)
[0m
  [4;36;1mSQL (10.1ms)[0m   [0;1mSELECT count(*) AS count_all FROM "clicks" WHERE ("clicks".listing_id = 113243) [0m
  [4;35;1mAnalyzing  Execution Time: 0.010377

[0m   [0mAggregate  (cost=814.47..814.48 rows=1 width=0)
   ->  Seq Scan on clicks  (cost=0.00..814.46 rows=2 width=0)
         Filter: (listing_id = 113243)
[0m
  [4;36;1mSQL (8.6ms)[0m   [0;1mSELECT count(*) AS count_all FROM "clicks" WHERE ("clicks".listing_id = 113244) [0m
  [4;35;1mAnalyzing  Execution Time: 0.008841

[0m   [0mAggregate  (cost=814.50..814.51 rows=1 width=0)
   ->  Seq Scan on clicks  (cost=0.00..814.46 rows=15 width=0)
         Filter: (listing_id = 113244)
[0m
  [4;36;1mSQL (4.4ms)[0m   [0;1mSELECT count(*) AS count_all FROM "listings" WHERE ("listings".user_id = 25521) [0m
  [4;35;1mAnalyzing  Execution Time: 0.004693

[0m   [0mAggregate  (cost=1615.81..1615.82 rows=1 width=0)
   ->  Index Scan using index_listings_on_id_and_user_id_and_title on listings  (cost=0.00..1615.79 rows=4 width=0)
         Index Cond: (user_id = 25521)
[0m
  [4;36;1mListing Load (2.3ms)[0m   [0;1mSELECT * FROM "listings" WHERE ("listings".user_id = 25521) [0m
  [4;35;1mAnalyzing Listing Load Execution Time: 0.003383

[0m   [0mIndex Scan using index_listings_on_id_and_user_id_and_title on listings  (cost=0.00..1615.79 rows=4 width=1172)
   Index Cond: (user_id = 25521)
[0m
  [4;36;1mSQL (154.2ms)[0m   [0;1mSELECT count(*) AS count_all FROM "impressions" WHERE ("impressions".listing_id = 73586) [0m
  [4;35;1mAnalyzing  Execution Time: 0.1545

[0m   [0mAggregate  (cost=12714.08..12714.09 rows=1 width=0)
   ->  Seq Scan on impressions  (cost=0.00..12714.00 rows=31 width=0)
         Filter: (listing_id = 73586)
[0m
  [4;36;1mSQL (162.1ms)[0m   [0;1mSELECT count(*) AS count_all FROM "impressions" WHERE ("impressions".listing_id = 94514) [0m
  [4;35;1mAnalyzing  Execution Time: 0.162368

[0m   [0mAggregate  (cost=12714.08..12714.09 rows=1 width=0)
   ->  Seq Scan on impressions  (cost=0.00..12714.00 rows=31 width=0)
         Filter: (listing_id = 94514)
[0m
  [4;36;1mSQL (8.6ms)[0m   [0;1mSELECT count(*) AS count_all FROM "clicks" WHERE ("clicks".listing_id = 73586) [0m
  [4;35;1mAnalyzing  Execution Time: 0.008951

[0m   [0mAggregate  (cost=814.47..814.48 rows=1 width=0)
   ->  Seq Scan on clicks  (cost=0.00..814.46 rows=2 width=0)
         Filter: (listing_id = 73586)
[0m
  [4;36;1mSQL (9.1ms)[0m   [0;1mSELECT count(*) AS count_all FROM "clicks" WHERE ("clicks".listing_id = 94514) [0m
  [4;35;1mAnalyzing  Execution Time: 0.009394

[0m   [0mAggregate  (cost=814.47..814.48 rows=1 width=0)
   ->  Seq Scan on clicks  (cost=0.00..814.46 rows=2 width=0)
         Filter: (listing_id = 94514)
[0m
  [4;36;1mSQL (4.1ms)[0m   [0;1mSELECT count(*) AS count_all FROM "listings" WHERE ("listings".user_id = 25520) [0m
  [4;35;1mAnalyzing  Execution Time: 0.004375

[0m   [0mAggregate  (cost=1615.81..1615.82 rows=1 width=0)
   ->  Index Scan using index_listings_on_id_and_user_id_and_title on listings  (cost=0.00..1615.79 rows=4 width=0)
         Index Cond: (user_id = 25520)
[0m
  [4;36;1mListing Load (2.1ms)[0m   [0;1mSELECT * FROM "listings" WHERE ("listings".user_id = 25520) [0m
  [4;35;1mAnalyzing Listing Load Execution Time: 0.004103

[0m   [0mIndex Scan using index_listings_on_id_and_user_id_and_title on listings  (cost=0.00..1615.79 rows=4 width=1172)
   Index Cond: (user_id = 25520)
[0m
  [4;36;1mSQL (157.1ms)[0m   [0;1mSELECT count(*) AS count_all FROM "impressions" WHERE ("impressions".listing_id = 72515) [0m
  [4;35;1mAnalyzing  Execution Time: 0.157447

[0m   [0mAggregate  (cost=12716.86..12716.87 rows=1 width=0)
   ->  Seq Scan on impressions  (cost=0.00..12714.00 rows=1142 width=0)
         Filter: (listing_id = 72515)
[0m
  [4;36;1mSQL (155.0ms)[0m   [0;1mSELECT count(*) AS count_all FROM "impressions" WHERE ("impressions".listing_id = 73376) [0m
  [4;35;1mAnalyzing  Execution Time: 0.155302

[0m   [0mAggregate  (cost=12715.85..12715.86 rows=1 width=0)
   ->  Seq Scan on impressions  (cost=0.00..12714.00 rows=738 width=0)
         Filter: (listing_id = 73376)
[0m
  [4;36;1mSQL (158.6ms)[0m   [0;1mSELECT count(*) AS count_all FROM "impressions" WHERE ("impressions".listing_id = 113209) [0m
  [4;35;1mAnalyzing  Execution Time: 0.158888

[0m   [0mAggregate  (cost=12714.08..12714.09 rows=1 width=0)
   ->  Seq Scan on impressions  (cost=0.00..12714.00 rows=31 width=0)
         Filter: (listing_id = 113209)
[0m
  [4;36;1mSQL (152.4ms)[0m   [0;1mSELECT count(*) AS count_all FROM "impressions" WHERE ("impressions".listing_id = 113210) [0m
  [4;35;1mAnalyzing  Execution Time: 0.152696

[0m   [0mAggregate  (cost=12714.08..12714.09 rows=1 width=0)
   ->  Seq Scan on impressions  (cost=0.00..12714.00 rows=31 width=0)
         Filter: (listing_id = 113210)
[0m
  [4;36;1mSQL (8.7ms)[0m   [0;1mSELECT count(*) AS count_all FROM "clicks" WHERE ("clicks".listing_id = 72515) [0m
  [4;35;1mAnalyzing  Execution Time: 0.009383

[0m   [0mAggregate  (cost=814.51..814.52 rows=1 width=0)
   ->  Seq Scan on clicks  (cost=0.00..814.46 rows=19 width=0)
         Filter: (listing_id = 72515)
[0m
  [4;36;1mSQL (9.8ms)[0m   [0;1mSELECT count(*) AS count_all FROM "clicks" WHERE ("clicks".listing_id = 73376) [0m
  [4;35;1mAnalyzing  Execution Time: 0.010102

[0m   [0mAggregate  (cost=814.51..814.52 rows=1 width=0)
   ->  Seq Scan on clicks  (cost=0.00..814.46 rows=17 width=0)
         Filter: (listing_id = 73376)
[0m
  [4;36;1mSQL (9.9ms)[0m   [0;1mSELECT count(*) AS count_all FROM "clicks" WHERE ("clicks".listing_id = 113209) [0m
  [4;35;1mAnalyzing  Execution Time: 0.010161

[0m   [0mAggregate  (cost=814.47..814.48 rows=1 width=0)
   ->  Seq Scan on clicks  (cost=0.00..814.46 rows=2 width=0)
         Filter: (listing_id = 113209)
[0m
  [4;36;1mSQL (10.2ms)[0m   [0;1mSELECT count(*) AS count_all FROM "clicks" WHERE ("clicks".listing_id = 113210) [0m
  [4;35;1mAnalyzing  Execution Time: 0.010461

[0m   [0mAggregate  (cost=814.47..814.48 rows=1 width=0)
   ->  Seq Scan on clicks  (cost=0.00..814.46 rows=2 width=0)
         Filter: (listing_id = 113210)
[0m
  [4;36;1mSQL (5.7ms)[0m   [0;1mSELECT count(*) AS count_all FROM "listings" WHERE ("listings".user_id = 25519) [0m
  [4;35;1mAnalyzing  Execution Time: 0.006006

[0m   [0mAggregate  (cost=1615.81..1615.82 rows=1 width=0)
   ->  Index Scan using index_listings_on_id_and_user_id_and_title on listings  (cost=0.00..1615.79 rows=4 width=0)
         Index Cond: (user_id = 25519)
[0m
  [4;36;1mListing Load (2.2ms)[0m   [0;1mSELECT * FROM "listings" WHERE ("listings".user_id = 25519) [0m
  [4;35;1mAnalyzing Listing Load Execution Time: 0.002935

[0m   [0mIndex Scan using index_listings_on_id_and_user_id_and_title on listings  (cost=0.00..1615.79 rows=4 width=1172)
   Index Cond: (user_id = 25519)
[0m
  [4;36;1mSQL (152.2ms)[0m   [0;1mSELECT count(*) AS count_all FROM "impressions" WHERE ("impressions".listing_id = 113163) [0m
  [4;35;1mAnalyzing  Execution Time: 0.152472

[0m   [0mAggregate  (cost=12714.08..12714.09 rows=1 width=0)
   ->  Seq Scan on impressions  (cost=0.00..12714.00 rows=31 width=0)
         Filter: (listing_id = 113163)
[0m
  [4;36;1mSQL (10.8ms)[0m   [0;1mSELECT count(*) AS count_all FROM "clicks" WHERE ("clicks".listing_id = 113163) [0m
  [4;35;1mAnalyzing  Execution Time: 0.01108

[0m   [0mAggregate  (cost=814.47..814.48 rows=1 width=0)
   ->  Seq Scan on clicks  (cost=0.00..814.46 rows=2 width=0)
         Filter: (listing_id = 113163)
[0m
  [4;36;1mSQL (2.0ms)[0m   [0;1mSELECT count(*) AS count_all FROM "listings" WHERE ("listings".user_id = 25518) [0m
  [4;35;1mAnalyzing  Execution Time: 0.002241

[0m   [0mAggregate  (cost=1615.81..1615.82 rows=1 width=0)
   ->  Index Scan using index_listings_on_id_and_user_id_and_title on listings  (cost=0.00..1615.79 rows=4 width=0)
         Index Cond: (user_id = 25518)
[0m
  [4;36;1mListing Load (2.0ms)[0m   [0;1mSELECT * FROM "listings" WHERE ("listings".user_id = 25518) [0m
  [4;35;1mAnalyzing Listing Load Execution Time: 0.002658

[0m   [0mIndex Scan using index_listings_on_id_and_user_id_and_title on listings  (cost=0.00..1615.79 rows=4 width=1172)
   Index Cond: (user_id = 25518)
[0m
  [4;36;1mSQL (149.7ms)[0m   [0;1mSELECT count(*) AS count_all FROM "impressions" WHERE ("impressions".listing_id = 113162) [0m
  [4;35;1mAnalyzing  Execution Time: 0.149968

[0m   [0mAggregate  (cost=12714.08..12714.09 rows=1 width=0)
   ->  Seq Scan on impressions  (cost=0.00..12714.00 rows=31 width=0)
         Filter: (listing_id = 113162)
[0m
  [4;36;1mSQL (8.9ms)[0m   [0;1mSELECT count(*) AS count_all FROM "clicks" WHERE ("clicks".listing_id = 113162) [0m
  [4;35;1mAnalyzing  Execution Time: 0.009165

[0m   [0mAggregate  (cost=814.47..814.48 rows=1 width=0)
   ->  Seq Scan on clicks  (cost=0.00..814.46 rows=2 width=0)
         Filter: (listing_id = 113162)
[0m
  [4;36;1mSQL (2.2ms)[0m   [0;1mSELECT count(*) AS count_all FROM "listings" WHERE ("listings".user_id = 25517) [0m
  [4;35;1mAnalyzing  Execution Time: 0.002425

[0m   [0mAggregate  (cost=1615.81..1615.82 rows=1 width=0)
   ->  Index Scan using index_listings_on_id_and_user_id_and_title on listings  (cost=0.00..1615.79 rows=4 width=0)
         Index Cond: (user_id = 25517)
[0m
  [4;36;1mListing Load (2.4ms)[0m   [0;1mSELECT * FROM "listings" WHERE ("listings".user_id = 25517) [0m
  [4;35;1mAnalyzing Listing Load Execution Time: 0.004047

[0m   [0mIndex Scan using index_listings_on_id_and_user_id_and_title on listings  (cost=0.00..1615.79 rows=4 width=1172)
   Index Cond: (user_id = 25517)
[0m
  [4;36;1mSQL (156.7ms)[0m   [0;1mSELECT count(*) AS count_all FROM "impressions" WHERE ("impressions".listing_id = 81672) [0m
  [4;35;1mAnalyzing  Execution Time: 0.15698

[0m   [0mAggregate  (cost=12714.08..12714.09 rows=1 width=0)
   ->  Seq Scan on impressions  (cost=0.00..12714.00 rows=31 width=0)
         Filter: (listing_id = 81672)
[0m
  [4;36;1mSQL (146.2ms)[0m   [0;1mSELECT count(*) AS count_all FROM "impressions" WHERE ("impressions".listing_id = 92816) [0m
  [4;35;1mAnalyzing  Execution Time: 0.146455

[0m   [0mAggregate  (cost=12714.08..12714.09 rows=1 width=0)
   ->  Seq Scan on impressions  (cost=0.00..12714.00 rows=31 width=0)
         Filter: (listing_id = 92816)
[0m
  [4;36;1mSQL (150.0ms)[0m   [0;1mSELECT count(*) AS count_all FROM "impressions" WHERE ("impressions".listing_id = 113213) [0m
  [4;35;1mAnalyzing  Execution Time: 0.150303

[0m   [0mAggregate  (cost=12714.08..12714.09 rows=1 width=0)
   ->  Seq Scan on impressions  (cost=0.00..12714.00 rows=31 width=0)
         Filter: (listing_id = 113213)
[0m
  [4;36;1mSQL (12.2ms)[0m   [0;1mSELECT count(*) AS count_all FROM "clicks" WHERE ("clicks".listing_id = 81672) [0m
  [4;35;1mAnalyzing  Execution Time: 0.012498

[0m   [0mAggregate  (cost=814.47..814.48 rows=1 width=0)
   ->  Seq Scan on clicks  (cost=0.00..814.46 rows=2 width=0)
         Filter: (listing_id = 81672)
[0m
  [4;36;1mSQL (9.5ms)[0m   [0;1mSELECT count(*) AS count_all FROM "clicks" WHERE ("clicks".listing_id = 92816) [0m
  [4;35;1mAnalyzing  Execution Time: 0.009786

[0m   [0mAggregate  (cost=814.47..814.48 rows=1 width=0)
   ->  Seq Scan on clicks  (cost=0.00..814.46 rows=2 width=0)
         Filter: (listing_id = 92816)
[0m
  [4;36;1mSQL (11.1ms)[0m   [0;1mSELECT count(*) AS count_all FROM "clicks" WHERE ("clicks".listing_id = 113213) [0m
  [4;35;1mAnalyzing  Execution Time: 0.011368

[0m   [0mAggregate  (cost=814.47..814.48 rows=1 width=0)
   ->  Seq Scan on clicks  (cost=0.00..814.46 rows=2 width=0)
         Filter: (listing_id = 113213)
[0m
  [4;36;1mSQL (2.9ms)[0m   [0;1mSELECT count(*) AS count_all FROM "listings" WHERE ("listings".user_id = 25516) [0m
  [4;35;1mAnalyzing  Execution Time: 0.003172

[0m   [0mAggregate  (cost=1615.81..1615.82 rows=1 width=0)
   ->  Index Scan using index_listings_on_id_and_user_id_and_title on listings  (cost=0.00..1615.79 rows=4 width=0)
         Index Cond: (user_id = 25516)
[0m
  [4;36;1mListing Load (2.8ms)[0m   [0;1mSELECT * FROM "listings" WHERE ("listings".user_id = 25516) [0m
  [4;35;1mAnalyzing Listing Load Execution Time: 0.003932

[0m   [0mIndex Scan using index_listings_on_id_and_user_id_and_title on listings  (cost=0.00..1615.79 rows=4 width=1172)
   Index Cond: (user_id = 25516)
[0m
  [4;36;1mSQL (148.6ms)[0m   [0;1mSELECT count(*) AS count_all FROM "impressions" WHERE ("impressions".listing_id = 108245) [0m
  [4;35;1mAnalyzing  Execution Time: 0.148947

[0m   [0mAggregate  (cost=12714.08..12714.09 rows=1 width=0)
   ->  Seq Scan on impressions  (cost=0.00..12714.00 rows=31 width=0)
         Filter: (listing_id = 108245)
[0m
  [4;36;1mSQL (150.3ms)[0m   [0;1mSELECT count(*) AS count_all FROM "impressions" WHERE ("impressions".listing_id = 113161) [0m
  [4;35;1mAnalyzing  Execution Time: 0.150625

[0m   [0mAggregate  (cost=12714.08..12714.09 rows=1 width=0)
   ->  Seq Scan on impressions  (cost=0.00..12714.00 rows=31 width=0)
         Filter: (listing_id = 113161)
[0m
  [4;36;1mSQL (10.5ms)[0m   [0;1mSELECT count(*) AS count_all FROM "clicks" WHERE ("clicks".listing_id = 108245) [0m
  [4;35;1mAnalyzing  Execution Time: 0.010816

[0m   [0mAggregate  (cost=814.47..814.48 rows=1 width=0)
   ->  Seq Scan on clicks  (cost=0.00..814.46 rows=2 width=0)
         Filter: (listing_id = 108245)
[0m
  [4;36;1mSQL (10.4ms)[0m   [0;1mSELECT count(*) AS count_all FROM "clicks" WHERE ("clicks".listing_id = 113161) [0m
  [4;35;1mAnalyzing  Execution Time: 0.010633

[0m   [0mAggregate  (cost=814.47..814.48 rows=1 width=0)
   ->  Seq Scan on clicks  (cost=0.00..814.46 rows=2 width=0)
         Filter: (listing_id = 113161)
[0m
  [4;36;1mSQL (2.0ms)[0m   [0;1mSELECT count(*) AS count_all FROM "listings" WHERE ("listings".user_id = 25515) [0m
  [4;35;1mAnalyzing  Execution Time: 0.002266

[0m   [0mAggregate  (cost=1615.81..1615.82 rows=1 width=0)
   ->  Index Scan using index_listings_on_id_and_user_id_and_title on listings  (cost=0.00..1615.79 rows=4 width=0)
         Index Cond: (user_id = 25515)
[0m
  [4;36;1mListing Load (2.0ms)[0m   [0;1mSELECT * FROM "listings" WHERE ("listings".user_id = 25515) [0m
  [4;35;1mAnalyzing Listing Load Execution Time: 0.002892

[0m   [0mIndex Scan using index_listings_on_id_and_user_id_and_title on listings  (cost=0.00..1615.79 rows=4 width=1172)
   Index Cond: (user_id = 25515)
[0m
  [4;36;1mSQL (153.6ms)[0m   [0;1mSELECT count(*) AS count_all FROM "impressions" WHERE ("impressions".listing_id = 113160) [0m
  [4;35;1mAnalyzing  Execution Time: 0.153853

[0m   [0mAggregate  (cost=12714.08..12714.09 rows=1 width=0)
   ->  Seq Scan on impressions  (cost=0.00..12714.00 rows=31 width=0)
         Filter: (listing_id = 113160)
[0m
  [4;36;1mSQL (8.8ms)[0m   [0;1mSELECT count(*) AS count_all FROM "clicks" WHERE ("clicks".listing_id = 113160) [0m
  [4;35;1mAnalyzing  Execution Time: 0.009139

[0m   [0mAggregate  (cost=814.47..814.48 rows=1 width=0)
   ->  Seq Scan on clicks  (cost=0.00..814.46 rows=2 width=0)
         Filter: (listing_id = 113160)
[0m
  [4;36;1mSQL (2.1ms)[0m   [0;1mSELECT count(*) AS count_all FROM "listings" WHERE ("listings".user_id = 25514) [0m
  [4;35;1mAnalyzing  Execution Time: 0.002363

[0m   [0mAggregate  (cost=1615.81..1615.82 rows=1 width=0)
   ->  Index Scan using index_listings_on_id_and_user_id_and_title on listings  (cost=0.00..1615.79 rows=4 width=0)
         Index Cond: (user_id = 25514)
[0m
  [4;36;1mListing Load (2.6ms)[0m   [0;1mSELECT * FROM "listings" WHERE ("listings".user_id = 25514) [0m
  [4;35;1mAnalyzing Listing Load Execution Time: 0.003406

[0m   [0mIndex Scan using index_listings_on_id_and_user_id_and_title on listings  (cost=0.00..1615.79 rows=4 width=1172)
   Index Cond: (user_id = 25514)
[0m
  [4;36;1mSQL (153.9ms)[0m   [0;1mSELECT count(*) AS count_all FROM "impressions" WHERE ("impressions".listing_id = 113159) [0m
  [4;35;1mAnalyzing  Execution Time: 0.154758

[0m   [0mAggregate  (cost=12714.08..12714.09 rows=1 width=0)
   ->  Seq Scan on impressions  (cost=0.00..12714.00 rows=31 width=0)
         Filter: (listing_id = 113159)
[0m
  [4;36;1mSQL (9.3ms)[0m   [0;1mSELECT count(*) AS count_all FROM "clicks" WHERE ("clicks".listing_id = 113159) [0m
  [4;35;1mAnalyzing  Execution Time: 0.009625

[0m   [0mAggregate  (cost=814.47..814.48 rows=1 width=0)
   ->  Seq Scan on clicks  (cost=0.00..814.46 rows=2 width=0)
         Filter: (listing_id = 113159)
[0m
  [4;36;1mSQL (2.1ms)[0m   [0;1mSELECT count(*) AS count_all FROM "listings" WHERE ("listings".user_id = 25513) [0m
  [4;35;1mAnalyzing  Execution Time: 0.002362

[0m   [0mAggregate  (cost=1615.81..1615.82 rows=1 width=0)
   ->  Index Scan using index_listings_on_id_and_user_id_and_title on listings  (cost=0.00..1615.79 rows=4 width=0)
         Index Cond: (user_id = 25513)
[0m
  [4;36;1mListing Load (2.0ms)[0m   [0;1mSELECT * FROM "listings" WHERE ("listings".user_id = 25513) [0m
  [4;35;1mAnalyzing Listing Load Execution Time: 0.002733

[0m   [0mIndex Scan using index_listings_on_id_and_user_id_and_title on listings  (cost=0.00..1615.79 rows=4 width=1172)
   Index Cond: (user_id = 25513)
[0m
  [4;36;1mSQL (153.3ms)[0m   [0;1mSELECT count(*) AS count_all FROM "impressions" WHERE ("impressions".listing_id = 113158) [0m
  [4;35;1mAnalyzing  Execution Time: 0.153583

[0m   [0mAggregate  (cost=12714.08..12714.09 rows=1 width=0)
   ->  Seq Scan on impressions  (cost=0.00..12714.00 rows=31 width=0)
         Filter: (listing_id = 113158)
[0m
  [4;36;1mSQL (8.8ms)[0m   [0;1mSELECT count(*) AS count_all FROM "clicks" WHERE ("clicks".listing_id = 113158) [0m
  [4;35;1mAnalyzing  Execution Time: 0.009301

[0m   [0mAggregate  (cost=814.47..814.48 rows=1 width=0)
   ->  Seq Scan on clicks  (cost=0.00..814.46 rows=2 width=0)
         Filter: (listing_id = 113158)
[0m
  [4;36;1mSQL (2.1ms)[0m   [0;1mSELECT count(*) AS count_all FROM "listings" WHERE ("listings".user_id = 25512) [0m
  [4;35;1mAnalyzing  Execution Time: 0.002391

[0m   [0mAggregate  (cost=1615.81..1615.82 rows=1 width=0)
   ->  Index Scan using index_listings_on_id_and_user_id_and_title on listings  (cost=0.00..1615.79 rows=4 width=0)
         Index Cond: (user_id = 25512)
[0m
  [4;36;1mListing Load (2.1ms)[0m   [0;1mSELECT * FROM "listings" WHERE ("listings".user_id = 25512) [0m
  [4;35;1mAnalyzing Listing Load Execution Time: 0.002814

[0m   [0mIndex Scan using index_listings_on_id_and_user_id_and_title on listings  (cost=0.00..1615.79 rows=4 width=1172)
   Index Cond: (user_id = 25512)
[0m
  [4;36;1mSQL (210.6ms)[0m   [0;1mSELECT count(*) AS count_all FROM "impressions" WHERE ("impressions".listing_id = 113157) [0m
  [4;35;1mAnalyzing  Execution Time: 0.210845

[0m   [0mAggregate  (cost=12714.08..12714.09 rows=1 width=0)
   ->  Seq Scan on impressions  (cost=0.00..12714.00 rows=31 width=0)
         Filter: (listing_id = 113157)
[0m
  [4;36;1mSQL (11.7ms)[0m   [0;1mSELECT count(*) AS count_all FROM "clicks" WHERE ("clicks".listing_id = 113157) [0m
  [4;35;1mAnalyzing  Execution Time: 0.012022

[0m   [0mAggregate  (cost=814.47..814.48 rows=1 width=0)
   ->  Seq Scan on clicks  (cost=0.00..814.46 rows=2 width=0)
         Filter: (listing_id = 113157)
[0m
  [4;36;1mSQL (6.7ms)[0m   [0;1mSELECT count(*) AS count_all FROM "listings" WHERE ("listings".user_id = 25511) [0m
  [4;35;1mAnalyzing  Execution Time: 0.007001

[0m   [0mAggregate  (cost=1615.81..1615.82 rows=1 width=0)
   ->  Index Scan using index_listings_on_id_and_user_id_and_title on listings  (cost=0.00..1615.79 rows=4 width=0)
         Index Cond: (user_id = 25511)
[0m
  [4;36;1mListing Load (2.2ms)[0m   [0;1mSELECT * FROM "listings" WHERE ("listings".user_id = 25511) [0m
  [4;35;1mAnalyzing Listing Load Execution Time: 0.002888

[0m   [0mIndex Scan using index_listings_on_id_and_user_id_and_title on listings  (cost=0.00..1615.79 rows=4 width=1172)
   Index Cond: (user_id = 25511)
[0m
  [4;36;1mSQL (160.3ms)[0m   [0;1mSELECT count(*) AS count_all FROM "impressions" WHERE ("impressions".listing_id = 113156) [0m
  [4;35;1mAnalyzing  Execution Time: 0.160594

[0m   [0mAggregate  (cost=12714.08..12714.09 rows=1 width=0)
   ->  Seq Scan on impressions  (cost=0.00..12714.00 rows=31 width=0)
         Filter: (listing_id = 113156)
[0m
  [4;36;1mSQL (9.4ms)[0m   [0;1mSELECT count(*) AS count_all FROM "clicks" WHERE ("clicks".listing_id = 113156) [0m
  [4;35;1mAnalyzing  Execution Time: 0.009699

[0m   [0mAggregate  (cost=814.47..814.48 rows=1 width=0)
   ->  Seq Scan on clicks  (cost=0.00..814.46 rows=2 width=0)
         Filter: (listing_id = 113156)
[0m
  [4;36;1mSQL (2.1ms)[0m   [0;1mSELECT count(*) AS count_all FROM "listings" WHERE ("listings".user_id = 25510) [0m
  [4;35;1mAnalyzing  Execution Time: 0.002399

[0m   [0mAggregate  (cost=1615.81..1615.82 rows=1 width=0)
   ->  Index Scan using index_listings_on_id_and_user_id_and_title on listings  (cost=0.00..1615.79 rows=4 width=0)
         Index Cond: (user_id = 25510)
[0m
  [4;36;1mListing Load (2.3ms)[0m   [0;1mSELECT * FROM "listings" WHERE ("listings".user_id = 25510) [0m
  [4;35;1mAnalyzing Listing Load Execution Time: 0.002977

[0m   [0mIndex Scan using index_listings_on_id_and_user_id_and_title on listings  (cost=0.00..1615.79 rows=4 width=1172)
   Index Cond: (user_id = 25510)
[0m
  [4;36;1mSQL (164.8ms)[0m   [0;1mSELECT count(*) AS count_all FROM "impressions" WHERE ("impressions".listing_id = 96239) [0m
  [4;35;1mAnalyzing  Execution Time: 0.165103

[0m   [0mAggregate  (cost=12714.08..12714.09 rows=1 width=0)
   ->  Seq Scan on impressions  (cost=0.00..12714.00 rows=31 width=0)
         Filter: (listing_id = 96239)
[0m
  [4;36;1mSQL (9.3ms)[0m   [0;1mSELECT count(*) AS count_all FROM "clicks" WHERE ("clicks".listing_id = 96239) [0m
  [4;35;1mAnalyzing  Execution Time: 0.009548

[0m   [0mAggregate  (cost=814.47..814.48 rows=1 width=0)
   ->  Seq Scan on clicks  (cost=0.00..814.46 rows=2 width=0)
         Filter: (listing_id = 96239)
[0m
  [4;36;1mSQL (2.5ms)[0m   [0;1mSELECT count(*) AS count_all FROM "listings" WHERE ("listings".user_id = 25509) [0m
  [4;35;1mAnalyzing  Execution Time: 0.00278

[0m   [0mAggregate  (cost=1615.81..1615.82 rows=1 width=0)
   ->  Index Scan using index_listings_on_id_and_user_id_and_title on listings  (cost=0.00..1615.79 rows=4 width=0)
         Index Cond: (user_id = 25509)
[0m
  [4;36;1mListing Load (2.2ms)[0m   [0;1mSELECT * FROM "listings" WHERE ("listings".user_id = 25509) [0m
  [4;35;1mAnalyzing Listing Load Execution Time: 0.002881

[0m   [0mIndex Scan using index_listings_on_id_and_user_id_and_title on listings  (cost=0.00..1615.79 rows=4 width=1172)
   Index Cond: (user_id = 25509)
[0m
  [4;36;1mSQL (151.0ms)[0m   [0;1mSELECT count(*) AS count_all FROM "impressions" WHERE ("impressions".listing_id = 113155) [0m
  [4;35;1mAnalyzing  Execution Time: 0.151236

[0m   [0mAggregate  (cost=12714.08..12714.09 rows=1 width=0)
   ->  Seq Scan on impressions  (cost=0.00..12714.00 rows=31 width=0)
         Filter: (listing_id = 113155)
[0m
  [4;36;1mSQL (11.3ms)[0m   [0;1mSELECT count(*) AS count_all FROM "clicks" WHERE ("clicks".listing_id = 113155) [0m
  [4;35;1mAnalyzing  Execution Time: 0.01152

[0m   [0mAggregate  (cost=814.47..814.48 rows=1 width=0)
   ->  Seq Scan on clicks  (cost=0.00..814.46 rows=2 width=0)
         Filter: (listing_id = 113155)
[0m
  [4;36;1mSQL (2.8ms)[0m   [0;1mSELECT count(*) AS count_all FROM "listings" WHERE ("listings".user_id = 25508) [0m
  [4;35;1mAnalyzing  Execution Time: 0.003025

[0m   [0mAggregate  (cost=1615.81..1615.82 rows=1 width=0)
   ->  Index Scan using index_listings_on_id_and_user_id_and_title on listings  (cost=0.00..1615.79 rows=4 width=0)
         Index Cond: (user_id = 25508)
[0m
  [4;36;1mListing Load (3.5ms)[0m   [0;1mSELECT * FROM "listings" WHERE ("listings".user_id = 25508) [0m
  [4;35;1mAnalyzing Listing Load Execution Time: 0.004238

[0m   [0mIndex Scan using index_listings_on_id_and_user_id_and_title on listings  (cost=0.00..1615.79 rows=4 width=1172)
   Index Cond: (user_id = 25508)
[0m
  [4;36;1mSQL (153.6ms)[0m   [0;1mSELECT count(*) AS count_all FROM "impressions" WHERE ("impressions".listing_id = 113154) [0m
  [4;35;1mAnalyzing  Execution Time: 0.15387

[0m   [0mAggregate  (cost=12714.08..12714.09 rows=1 width=0)
   ->  Seq Scan on impressions  (cost=0.00..12714.00 rows=31 width=0)
         Filter: (listing_id = 113154)
[0m
  [4;36;1mSQL (8.5ms)[0m   [0;1mSELECT count(*) AS count_all FROM "clicks" WHERE ("clicks".listing_id = 113154) [0m
  [4;35;1mAnalyzing  Execution Time: 0.008773

[0m   [0mAggregate  (cost=814.47..814.48 rows=1 width=0)
   ->  Seq Scan on clicks  (cost=0.00..814.46 rows=2 width=0)
         Filter: (listing_id = 113154)
[0m
  [4;36;1mSQL (2.0ms)[0m   [0;1mSELECT count(*) AS count_all FROM "listings" WHERE ("listings".user_id = 25507) [0m
  [4;35;1mAnalyzing  Execution Time: 0.002281

[0m   [0mAggregate  (cost=1615.81..1615.82 rows=1 width=0)
   ->  Index Scan using index_listings_on_id_and_user_id_and_title on listings  (cost=0.00..1615.79 rows=4 width=0)
         Index Cond: (user_id = 25507)
[0m
  [4;36;1mListing Load (2.9ms)[0m   [0;1mSELECT * FROM "listings" WHERE ("listings".user_id = 25507) [0m
  [4;35;1mAnalyzing Listing Load Execution Time: 0.003616

[0m   [0mIndex Scan using index_listings_on_id_and_user_id_and_title on listings  (cost=0.00..1615.79 rows=4 width=1172)
   Index Cond: (user_id = 25507)
[0m
  [4;36;1mSQL (154.1ms)[0m   [0;1mSELECT count(*) AS count_all FROM "impressions" WHERE ("impressions".listing_id = 113153) [0m
  [4;35;1mAnalyzing  Execution Time: 0.154355

[0m   [0mAggregate  (cost=12714.08..12714.09 rows=1 width=0)
   ->  Seq Scan on impressions  (cost=0.00..12714.00 rows=31 width=0)
         Filter: (listing_id = 113153)
[0m
  [4;36;1mSQL (10.6ms)[0m   [0;1mSELECT count(*) AS count_all FROM "clicks" WHERE ("clicks".listing_id = 113153) [0m
  [4;35;1mAnalyzing  Execution Time: 0.010841

[0m   [0mAggregate  (cost=814.47..814.48 rows=1 width=0)
   ->  Seq Scan on clicks  (cost=0.00..814.46 rows=2 width=0)
         Filter: (listing_id = 113153)
[0m
  [4;36;1mSQL (3.0ms)[0m   [0;1mSELECT count(*) AS count_all FROM "listings" WHERE ("listings".user_id = 25506) [0m
  [4;35;1mAnalyzing  Execution Time: 0.003299

[0m   [0mAggregate  (cost=1615.81..1615.82 rows=1 width=0)
   ->  Index Scan using index_listings_on_id_and_user_id_and_title on listings  (cost=0.00..1615.79 rows=4 width=0)
         Index Cond: (user_id = 25506)
[0m
  [4;36;1mListing Load (2.2ms)[0m   [0;1mSELECT * FROM "listings" WHERE ("listings".user_id = 25506) [0m
  [4;35;1mAnalyzing Listing Load Execution Time: 0.007047

[0m   [0mIndex Scan using index_listings_on_id_and_user_id_and_title on listings  (cost=0.00..1615.79 rows=4 width=1172)
   Index Cond: (user_id = 25506)
[0m
  [4;36;1mSQL (159.0ms)[0m   [0;1mSELECT count(*) AS count_all FROM "impressions" WHERE ("impressions".listing_id = 72363) [0m
  [4;35;1mAnalyzing  Execution Time: 0.159243

[0m   [0mAggregate  (cost=12714.08..12714.09 rows=1 width=0)
   ->  Seq Scan on impressions  (cost=0.00..12714.00 rows=31 width=0)
         Filter: (listing_id = 72363)
[0m
  [4;36;1mSQL (145.8ms)[0m   [0;1mSELECT count(*) AS count_all FROM "impressions" WHERE ("impressions".listing_id = 93337) [0m
  [4;35;1mAnalyzing  Execution Time: 0.146075

[0m   [0mAggregate  (cost=12714.08..12714.09 rows=1 width=0)
   ->  Seq Scan on impressions  (cost=0.00..12714.00 rows=31 width=0)
         Filter: (listing_id = 93337)
[0m
  [4;36;1mSQL (165.3ms)[0m   [0;1mSELECT count(*) AS count_all FROM "impressions" WHERE ("impressions".listing_id = 93338) [0m
  [4;35;1mAnalyzing  Execution Time: 0.165677

[0m   [0mAggregate  (cost=12714.08..12714.09 rows=1 width=0)
   ->  Seq Scan on impressions  (cost=0.00..12714.00 rows=31 width=0)
         Filter: (listing_id = 93338)
[0m
  [4;36;1mSQL (145.7ms)[0m   [0;1mSELECT count(*) AS count_all FROM "impressions" WHERE ("impressions".listing_id = 113196) [0m
  [4;35;1mAnalyzing  Execution Time: 0.146007

[0m   [0mAggregate  (cost=12714.08..12714.09 rows=1 width=0)
   ->  Seq Scan on impressions  (cost=0.00..12714.00 rows=31 width=0)
         Filter: (listing_id = 113196)
[0m
  [4;36;1mSQL (150.2ms)[0m   [0;1mSELECT count(*) AS count_all FROM "impressions" WHERE ("impressions".listing_id = 113197) [0m
  [4;35;1mAnalyzing  Execution Time: 0.150505

[0m   [0mAggregate  (cost=12714.08..12714.09 rows=1 width=0)
   ->  Seq Scan on impressions  (cost=0.00..12714.00 rows=31 width=0)
         Filter: (listing_id = 113197)
[0m
  [4;36;1mSQL (157.1ms)[0m   [0;1mSELECT count(*) AS count_all FROM "impressions" WHERE ("impressions".listing_id = 113198) [0m
  [4;35;1mAnalyzing  Execution Time: 0.15741

[0m   [0mAggregate  (cost=12714.08..12714.09 rows=1 width=0)
   ->  Seq Scan on impressions  (cost=0.00..12714.00 rows=31 width=0)
         Filter: (listing_id = 113198)
[0m
  [4;36;1mSQL (153.3ms)[0m   [0;1mSELECT count(*) AS count_all FROM "impressions" WHERE ("impressions".listing_id = 113199) [0m
  [4;35;1mAnalyzing  Execution Time: 0.153574

[0m   [0mAggregate  (cost=12714.08..12714.09 rows=1 width=0)
   ->  Seq Scan on impressions  (cost=0.00..12714.00 rows=31 width=0)
         Filter: (listing_id = 113199)
[0m
  [4;36;1mSQL (148.9ms)[0m   [0;1mSELECT count(*) AS count_all FROM "impressions" WHERE ("impressions".listing_id = 113200) [0m
  [4;35;1mAnalyzing  Execution Time: 0.14932

[0m   [0mAggregate  (cost=12714.08..12714.09 rows=1 width=0)
   ->  Seq Scan on impressions  (cost=0.00..12714.00 rows=31 width=0)
         Filter: (listing_id = 113200)
[0m
  [4;36;1mSQL (205.2ms)[0m   [0;1mSELECT count(*) AS count_all FROM "impressions" WHERE ("impressions".listing_id = 113201) [0m
  [4;35;1mAnalyzing  Execution Time: 0.205482

[0m   [0mAggregate  (cost=12714.08..12714.09 rows=1 width=0)
   ->  Seq Scan on impressions  (cost=0.00..12714.00 rows=31 width=0)
         Filter: (listing_id = 113201)
[0m
  [4;36;1mSQL (151.5ms)[0m   [0;1mSELECT count(*) AS count_all FROM "impressions" WHERE ("impressions".listing_id = 113202) [0m
  [4;35;1mAnalyzing  Execution Time: 0.151775

[0m   [0mAggregate  (cost=12714.08..12714.09 rows=1 width=0)
   ->  Seq Scan on impressions  (cost=0.00..12714.00 rows=31 width=0)
         Filter: (listing_id = 113202)
[0m
  [4;36;1mSQL (159.4ms)[0m   [0;1mSELECT count(*) AS count_all FROM "impressions" WHERE ("impressions".listing_id = 113203) [0m
  [4;35;1mAnalyzing  Execution Time: 0.159682

[0m   [0mAggregate  (cost=12714.08..12714.09 rows=1 width=0)
   ->  Seq Scan on impressions  (cost=0.00..12714.00 rows=31 width=0)
         Filter: (listing_id = 113203)
[0m
  [4;36;1mSQL (145.8ms)[0m   [0;1mSELECT count(*) AS count_all FROM "impressions" WHERE ("impressions".listing_id = 113204) [0m
  [4;35;1mAnalyzing  Execution Time: 0.146133

[0m   [0mAggregate  (cost=12714.08..12714.09 rows=1 width=0)
   ->  Seq Scan on impressions  (cost=0.00..12714.00 rows=31 width=0)
         Filter: (listing_id = 113204)
[0m
  [4;36;1mSQL (13.1ms)[0m   [0;1mSELECT count(*) AS count_all FROM "clicks" WHERE ("clicks".listing_id = 72363) [0m
  [4;35;1mAnalyzing  Execution Time: 0.013415

[0m   [0mAggregate  (cost=814.47..814.48 rows=1 width=0)
   ->  Seq Scan on clicks  (cost=0.00..814.46 rows=2 width=0)
         Filter: (listing_id = 72363)
[0m
  [4;36;1mSQL (8.4ms)[0m   [0;1mSELECT count(*) AS count_all FROM "clicks" WHERE ("clicks".listing_id = 93337) [0m
  [4;35;1mAnalyzing  Execution Time: 0.008693

[0m   [0mAggregate  (cost=814.47..814.48 rows=1 width=0)
   ->  Seq Scan on clicks  (cost=0.00..814.46 rows=2 width=0)
         Filter: (listing_id = 93337)
[0m
  [4;36;1mSQL (14.1ms)[0m   [0;1mSELECT count(*) AS count_all FROM "clicks" WHERE ("clicks".listing_id = 93338) [0m
  [4;35;1mAnalyzing  Execution Time: 0.014422

[0m   [0mAggregate  (cost=814.47..814.48 rows=1 width=0)
   ->  Seq Scan on clicks  (cost=0.00..814.46 rows=2 width=0)
         Filter: (listing_id = 93338)
[0m
  [4;36;1mSQL (9.3ms)[0m   [0;1mSELECT count(*) AS count_all FROM "clicks" WHERE ("clicks".listing_id = 113196) [0m
  [4;35;1mAnalyzing  Execution Time: 0.00961

[0m   [0mAggregate  (cost=814.47..814.48 rows=1 width=0)
   ->  Seq Scan on clicks  (cost=0.00..814.46 rows=2 width=0)
         Filter: (listing_id = 113196)
[0m
  [4;36;1mSQL (9.1ms)[0m   [0;1mSELECT count(*) AS count_all FROM "clicks" WHERE ("clicks".listing_id = 113197) [0m
  [4;35;1mAnalyzing  Execution Time: 0.009503

[0m   [0mAggregate  (cost=814.47..814.48 rows=1 width=0)
   ->  Seq Scan on clicks  (cost=0.00..814.46 rows=2 width=0)
         Filter: (listing_id = 113197)
[0m
  [4;36;1mSQL (10.6ms)[0m   [0;1mSELECT count(*) AS count_all FROM "clicks" WHERE ("clicks".listing_id = 113198) [0m
  [4;35;1mAnalyzing  Execution Time: 0.010852

[0m   [0mAggregate  (cost=814.47..814.48 rows=1 width=0)
   ->  Seq Scan on clicks  (cost=0.00..814.46 rows=2 width=0)
         Filter: (listing_id = 113198)
[0m
  [4;36;1mSQL (8.4ms)[0m   [0;1mSELECT count(*) AS count_all FROM "clicks" WHERE ("clicks".listing_id = 113199) [0m
  [4;35;1mAnalyzing  Execution Time: 0.00865

[0m   [0mAggregate  (cost=814.47..814.48 rows=1 width=0)
   ->  Seq Scan on clicks  (cost=0.00..814.46 rows=2 width=0)
         Filter: (listing_id = 113199)
[0m
  [4;36;1mSQL (8.5ms)[0m   [0;1mSELECT count(*) AS count_all FROM "clicks" WHERE ("clicks".listing_id = 113200) [0m
  [4;35;1mAnalyzing  Execution Time: 0.008843

[0m   [0mAggregate  (cost=814.47..814.48 rows=1 width=0)
   ->  Seq Scan on clicks  (cost=0.00..814.46 rows=2 width=0)
         Filter: (listing_id = 113200)
[0m
  [4;36;1mSQL (9.3ms)[0m   [0;1mSELECT count(*) AS count_all FROM "clicks" WHERE ("clicks".listing_id = 113201) [0m
  [4;35;1mAnalyzing  Execution Time: 0.009603

[0m   [0mAggregate  (cost=814.47..814.48 rows=1 width=0)
   ->  Seq Scan on clicks  (cost=0.00..814.46 rows=2 width=0)
         Filter: (listing_id = 113201)
[0m
  [4;36;1mSQL (8.6ms)[0m   [0;1mSELECT count(*) AS count_all FROM "clicks" WHERE ("clicks".listing_id = 113202) [0m
  [4;35;1mAnalyzing  Execution Time: 0.00889

[0m   [0mAggregate  (cost=814.47..814.48 rows=1 width=0)
   ->  Seq Scan on clicks  (cost=0.00..814.46 rows=2 width=0)
         Filter: (listing_id = 113202)
[0m
  [4;36;1mSQL (9.2ms)[0m   [0;1mSELECT count(*) AS count_all FROM "clicks" WHERE ("clicks".listing_id = 113203) [0m
  [4;35;1mAnalyzing  Execution Time: 0.009509

[0m   [0mAggregate  (cost=814.47..814.48 rows=1 width=0)
   ->  Seq Scan on clicks  (cost=0.00..814.46 rows=2 width=0)
         Filter: (listing_id = 113203)
[0m
  [4;36;1mSQL (10.4ms)[0m   [0;1mSELECT count(*) AS count_all FROM "clicks" WHERE ("clicks".listing_id = 113204) [0m
  [4;35;1mAnalyzing  Execution Time: 0.010709

[0m   [0mAggregate  (cost=814.47..814.48 rows=1 width=0)
   ->  Seq Scan on clicks  (cost=0.00..814.46 rows=2 width=0)
         Filter: (listing_id = 113204)
[0m
  [4;36;1mSQL (2.8ms)[0m   [0;1mSELECT count(*) AS count_all FROM "listings" WHERE ("listings".user_id = 25505) [0m
  [4;35;1mAnalyzing  Execution Time: 0.003095

[0m   [0mAggregate  (cost=1615.81..1615.82 rows=1 width=0)
   ->  Index Scan using index_listings_on_id_and_user_id_and_title on listings  (cost=0.00..1615.79 rows=4 width=0)
         Index Cond: (user_id = 25505)
[0m
  [4;36;1mListing Load (2.0ms)[0m   [0;1mSELECT * FROM "listings" WHERE ("listings".user_id = 25505) [0m
  [4;35;1mAnalyzing Listing Load Execution Time: 0.002702

[0m   [0mIndex Scan using index_listings_on_id_and_user_id_and_title on listings  (cost=0.00..1615.79 rows=4 width=1172)
   Index Cond: (user_id = 25505)
[0m
  [4;36;1mSQL (158.0ms)[0m   [0;1mSELECT count(*) AS count_all FROM "impressions" WHERE ("impressions".listing_id = 75881) [0m
  [4;35;1mAnalyzing  Execution Time: 0.158246

[0m   [0mAggregate  (cost=12714.08..12714.09 rows=1 width=0)
   ->  Seq Scan on impressions  (cost=0.00..12714.00 rows=31 width=0)
         Filter: (listing_id = 75881)
[0m
  [4;36;1mSQL (8.5ms)[0m   [0;1mSELECT count(*) AS count_all FROM "clicks" WHERE ("clicks".listing_id = 75881) [0m
  [4;35;1mAnalyzing  Execution Time: 0.008803

[0m   [0mAggregate  (cost=814.47..814.48 rows=1 width=0)
   ->  Seq Scan on clicks  (cost=0.00..814.46 rows=2 width=0)
         Filter: (listing_id = 75881)
[0m
  [4;36;1mSQL (2.2ms)[0m   [0;1mSELECT count(*) AS count_all FROM "listings" WHERE ("listings".user_id = 25504) [0m
  [4;35;1mAnalyzing  Execution Time: 0.002528

[0m   [0mAggregate  (cost=1615.81..1615.82 rows=1 width=0)
   ->  Index Scan using index_listings_on_id_and_user_id_and_title on listings  (cost=0.00..1615.79 rows=4 width=0)
         Index Cond: (user_id = 25504)
[0m
  [4;36;1mListing Load (7.2ms)[0m   [0;1mSELECT * FROM "listings" WHERE ("listings".user_id = 25504) [0m
  [4;35;1mAnalyzing Listing Load Execution Time: 0.012467

[0m   [0mIndex Scan using index_listings_on_id_and_user_id_and_title on listings  (cost=0.00..1615.79 rows=4 width=1172)
   Index Cond: (user_id = 25504)
[0m
  [4;36;1mSQL (163.2ms)[0m   [0;1mSELECT count(*) AS count_all FROM "impressions" WHERE ("impressions".listing_id = 113152) [0m
  [4;35;1mAnalyzing  Execution Time: 0.163493

[0m   [0mAggregate  (cost=12714.08..12714.09 rows=1 width=0)
   ->  Seq Scan on impressions  (cost=0.00..12714.00 rows=31 width=0)
         Filter: (listing_id = 113152)
[0m
  [4;36;1mSQL (155.8ms)[0m   [0;1mSELECT count(*) AS count_all FROM "impressions" WHERE ("impressions".listing_id = 113215) [0m
  [4;35;1mAnalyzing  Execution Time: 0.156107

[0m   [0mAggregate  (cost=12714.08..12714.09 rows=1 width=0)
   ->  Seq Scan on impressions  (cost=0.00..12714.00 rows=31 width=0)
         Filter: (listing_id = 113215)
[0m
  [4;36;1mSQL (149.6ms)[0m   [0;1mSELECT count(*) AS count_all FROM "impressions" WHERE ("impressions".listing_id = 113216) [0m
  [4;35;1mAnalyzing  Execution Time: 0.149905

[0m   [0mAggregate  (cost=12714.08..12714.09 rows=1 width=0)
   ->  Seq Scan on impressions  (cost=0.00..12714.00 rows=31 width=0)
         Filter: (listing_id = 113216)
[0m
  [4;36;1mSQL (157.0ms)[0m   [0;1mSELECT count(*) AS count_all FROM "impressions" WHERE ("impressions".listing_id = 113217) [0m
  [4;35;1mAnalyzing  Execution Time: 0.157243

[0m   [0mAggregate  (cost=12714.08..12714.09 rows=1 width=0)
   ->  Seq Scan on impressions  (cost=0.00..12714.00 rows=31 width=0)
         Filter: (listing_id = 113217)
[0m
  [4;36;1mSQL (147.1ms)[0m   [0;1mSELECT count(*) AS count_all FROM "impressions" WHERE ("impressions".listing_id = 113218) [0m
  [4;35;1mAnalyzing  Execution Time: 0.147377

[0m   [0mAggregate  (cost=12714.08..12714.09 rows=1 width=0)
   ->  Seq Scan on impressions  (cost=0.00..12714.00 rows=31 width=0)
         Filter: (listing_id = 113218)
[0m
  [4;36;1mSQL (156.0ms)[0m   [0;1mSELECT count(*) AS count_all FROM "impressions" WHERE ("impressions".listing_id = 113219) [0m
  [4;35;1mAnalyzing  Execution Time: 0.15628

[0m   [0mAggregate  (cost=12714.08..12714.09 rows=1 width=0)
   ->  Seq Scan on impressions  (cost=0.00..12714.00 rows=31 width=0)
         Filter: (listing_id = 113219)
[0m
  [4;36;1mSQL (153.8ms)[0m   [0;1mSELECT count(*) AS count_all FROM "impressions" WHERE ("impressions".listing_id = 113220) [0m
  [4;35;1mAnalyzing  Execution Time: 0.154082

[0m   [0mAggregate  (cost=12714.08..12714.09 rows=1 width=0)
   ->  Seq Scan on impressions  (cost=0.00..12714.00 rows=31 width=0)
         Filter: (listing_id = 113220)
[0m
  [4;36;1mSQL (144.2ms)[0m   [0;1mSELECT count(*) AS count_all FROM "impressions" WHERE ("impressions".listing_id = 113221) [0m
  [4;35;1mAnalyzing  Execution Time: 0.144504

[0m   [0mAggregate  (cost=12714.08..12714.09 rows=1 width=0)
   ->  Seq Scan on impressions  (cost=0.00..12714.00 rows=31 width=0)
         Filter: (listing_id = 113221)
[0m
  [4;36;1mSQL (154.0ms)[0m   [0;1mSELECT count(*) AS count_all FROM "impressions" WHERE ("impressions".listing_id = 113222) [0m
  [4;35;1mAnalyzing  Execution Time: 0.154329

[0m   [0mAggregate  (cost=12714.08..12714.09 rows=1 width=0)
   ->  Seq Scan on impressions  (cost=0.00..12714.00 rows=31 width=0)
         Filter: (listing_id = 113222)
[0m
  [4;36;1mSQL (157.6ms)[0m   [0;1mSELECT count(*) AS count_all FROM "impressions" WHERE ("impressions".listing_id = 113223) [0m
  [4;35;1mAnalyzing  Execution Time: 0.157887

[0m   [0mAggregate  (cost=12714.08..12714.09 rows=1 width=0)
   ->  Seq Scan on impressions  (cost=0.00..12714.00 rows=31 width=0)
         Filter: (listing_id = 113223)
[0m
  [4;36;1mSQL (157.3ms)[0m   [0;1mSELECT count(*) AS count_all FROM "impressions" WHERE ("impressions".listing_id = 113224) [0m
  [4;35;1mAnalyzing  Execution Time: 0.157591

[0m   [0mAggregate  (cost=12714.08..12714.09 rows=1 width=0)
   ->  Seq Scan on impressions  (cost=0.00..12714.00 rows=31 width=0)
         Filter: (listing_id = 113224)
[0m
  [4;36;1mSQL (154.9ms)[0m   [0;1mSELECT count(*) AS count_all FROM "impressions" WHERE ("impressions".listing_id = 113225) [0m
  [4;35;1mAnalyzing  Execution Time: 0.155191

[0m   [0mAggregate  (cost=12714.08..12714.09 rows=1 width=0)
   ->  Seq Scan on impressions  (cost=0.00..12714.00 rows=31 width=0)
         Filter: (listing_id = 113225)
[0m
  [4;36;1mSQL (150.9ms)[0m   [0;1mSELECT count(*) AS count_all FROM "impressions" WHERE ("impressions".listing_id = 113226) [0m
  [4;35;1mAnalyzing  Execution Time: 0.151134

[0m   [0mAggregate  (cost=12714.08..12714.09 rows=1 width=0)
   ->  Seq Scan on impressions  (cost=0.00..12714.00 rows=31 width=0)
         Filter: (listing_id = 113226)
[0m
  [4;36;1mSQL (8.7ms)[0m   [0;1mSELECT count(*) AS count_all FROM "clicks" WHERE ("clicks".listing_id = 113152) [0m
  [4;35;1mAnalyzing  Execution Time: 0.008997

[0m   [0mAggregate  (cost=814.47..814.48 rows=1 width=0)
   ->  Seq Scan on clicks  (cost=0.00..814.46 rows=2 width=0)
         Filter: (listing_id = 113152)
[0m
  [4;36;1mSQL (8.4ms)[0m   [0;1mSELECT count(*) AS count_all FROM "clicks" WHERE ("clicks".listing_id = 113215) [0m
  [4;35;1mAnalyzing  Execution Time: 0.008686

[0m   [0mAggregate  (cost=814.47..814.48 rows=1 width=0)
   ->  Seq Scan on clicks  (cost=0.00..814.46 rows=2 width=0)
         Filter: (listing_id = 113215)
[0m
  [4;36;1mSQL (11.5ms)[0m   [0;1mSELECT count(*) AS count_all FROM "clicks" WHERE ("clicks".listing_id = 113216) [0m
  [4;35;1mAnalyzing  Execution Time: 0.011815

[0m   [0mAggregate  (cost=814.47..814.48 rows=1 width=0)
   ->  Seq Scan on clicks  (cost=0.00..814.46 rows=2 width=0)
         Filter: (listing_id = 113216)
[0m
  [4;36;1mSQL (8.4ms)[0m   [0;1mSELECT count(*) AS count_all FROM "clicks" WHERE ("clicks".listing_id = 113217) [0m
  [4;35;1mAnalyzing  Execution Time: 0.008678

[0m   [0mAggregate  (cost=814.47..814.48 rows=1 width=0)
   ->  Seq Scan on clicks  (cost=0.00..814.46 rows=2 width=0)
         Filter: (listing_id = 113217)
[0m
  [4;36;1mSQL (8.9ms)[0m   [0;1mSELECT count(*) AS count_all FROM "clicks" WHERE ("clicks".listing_id = 113218) [0m
  [4;35;1mAnalyzing  Execution Time: 0.009206

[0m   [0mAggregate  (cost=814.47..814.48 rows=1 width=0)
   ->  Seq Scan on clicks  (cost=0.00..814.46 rows=2 width=0)
         Filter: (listing_id = 113218)
[0m
  [4;36;1mSQL (15.4ms)[0m   [0;1mSELECT count(*) AS count_all FROM "clicks" WHERE ("clicks".listing_id = 113219) [0m
  [4;35;1mAnalyzing  Execution Time: 0.015694

[0m   [0mAggregate  (cost=814.47..814.48 rows=1 width=0)
   ->  Seq Scan on clicks  (cost=0.00..814.46 rows=2 width=0)
         Filter: (listing_id = 113219)
[0m
  [4;36;1mSQL (8.4ms)[0m   [0;1mSELECT count(*) AS count_all FROM "clicks" WHERE ("clicks".listing_id = 113220) [0m
  [4;35;1mAnalyzing  Execution Time: 0.008696

[0m   [0mAggregate  (cost=814.47..814.48 rows=1 width=0)
   ->  Seq Scan on clicks  (cost=0.00..814.46 rows=2 width=0)
         Filter: (listing_id = 113220)
[0m
  [4;36;1mSQL (9.9ms)[0m   [0;1mSELECT count(*) AS count_all FROM "clicks" WHERE ("clicks".listing_id = 113221) [0m
  [4;35;1mAnalyzing  Execution Time: 0.010164

[0m   [0mAggregate  (cost=814.47..814.48 rows=1 width=0)
   ->  Seq Scan on clicks  (cost=0.00..814.46 rows=2 width=0)
         Filter: (listing_id = 113221)
[0m
  [4;36;1mSQL (10.1ms)[0m   [0;1mSELECT count(*) AS count_all FROM "clicks" WHERE ("clicks".listing_id = 113222) [0m
  [4;35;1mAnalyzing  Execution Time: 0.010405

[0m   [0mAggregate  (cost=814.47..814.48 rows=1 width=0)
   ->  Seq Scan on clicks  (cost=0.00..814.46 rows=2 width=0)
         Filter: (listing_id = 113222)
[0m
  [4;36;1mSQL (8.6ms)[0m   [0;1mSELECT count(*) AS count_all FROM "clicks" WHERE ("clicks".listing_id = 113223) [0m
  [4;35;1mAnalyzing  Execution Time: 0.008874

[0m   [0mAggregate  (cost=814.47..814.48 rows=1 width=0)
   ->  Seq Scan on clicks  (cost=0.00..814.46 rows=2 width=0)
         Filter: (listing_id = 113223)
[0m
  [4;36;1mSQL (9.0ms)[0m   [0;1mSELECT count(*) AS count_all FROM "clicks" WHERE ("clicks".listing_id = 113224) [0m
  [4;35;1mAnalyzing  Execution Time: 0.009296

[0m   [0mAggregate  (cost=814.47..814.48 rows=1 width=0)
   ->  Seq Scan on clicks  (cost=0.00..814.46 rows=2 width=0)
         Filter: (listing_id = 113224)
[0m
  [4;36;1mSQL (10.5ms)[0m   [0;1mSELECT count(*) AS count_all FROM "clicks" WHERE ("clicks".listing_id = 113225) [0m
  [4;35;1mAnalyzing  Execution Time: 0.010797

[0m   [0mAggregate  (cost=814.47..814.48 rows=1 width=0)
   ->  Seq Scan on clicks  (cost=0.00..814.46 rows=2 width=0)
         Filter: (listing_id = 113225)
[0m
  [4;36;1mSQL (8.5ms)[0m   [0;1mSELECT count(*) AS count_all FROM "clicks" WHERE ("clicks".listing_id = 113226) [0m
  [4;35;1mAnalyzing  Execution Time: 0.008748

[0m   [0mAggregate  (cost=814.47..814.48 rows=1 width=0)
   ->  Seq Scan on clicks  (cost=0.00..814.46 rows=2 width=0)
         Filter: (listing_id = 113226)
[0m
  [4;36;1mSQL (5.6ms)[0m   [0;1mSELECT count(*) AS count_all FROM "listings" WHERE ("listings".user_id = 25503) [0m
  [4;35;1mAnalyzing  Execution Time: 0.005888

[0m   [0mAggregate  (cost=1615.81..1615.82 rows=1 width=0)
   ->  Index Scan using index_listings_on_id_and_user_id_and_title on listings  (cost=0.00..1615.79 rows=4 width=0)
         Index Cond: (user_id = 25503)
[0m
  [4;36;1mListing Load (2.4ms)[0m   [0;1mSELECT * FROM "listings" WHERE ("listings".user_id = 25503) [0m
  [4;35;1mAnalyzing Listing Load Execution Time: 0.003548

[0m   [0mIndex Scan using index_listings_on_id_and_user_id_and_title on listings  (cost=0.00..1615.79 rows=4 width=1172)
   Index Cond: (user_id = 25503)
[0m
  [4;36;1mSQL (152.5ms)[0m   [0;1mSELECT count(*) AS count_all FROM "impressions" WHERE ("impressions".listing_id = 68942) [0m
  [4;35;1mAnalyzing  Execution Time: 0.152796

[0m   [0mAggregate  (cost=12714.08..12714.09 rows=1 width=0)
   ->  Seq Scan on impressions  (cost=0.00..12714.00 rows=31 width=0)
         Filter: (listing_id = 68942)
[0m
  [4;36;1mSQL (157.2ms)[0m   [0;1mSELECT count(*) AS count_all FROM "impressions" WHERE ("impressions".listing_id = 89756) [0m
  [4;35;1mAnalyzing  Execution Time: 0.157493

[0m   [0mAggregate  (cost=12714.08..12714.09 rows=1 width=0)
   ->  Seq Scan on impressions  (cost=0.00..12714.00 rows=31 width=0)
         Filter: (listing_id = 89756)
[0m
  [4;36;1mSQL (11.1ms)[0m   [0;1mSELECT count(*) AS count_all FROM "clicks" WHERE ("clicks".listing_id = 68942) [0m
  [4;35;1mAnalyzing  Execution Time: 0.011398

[0m   [0mAggregate  (cost=814.47..814.48 rows=1 width=0)
   ->  Seq Scan on clicks  (cost=0.00..814.46 rows=2 width=0)
         Filter: (listing_id = 68942)
[0m
  [4;36;1mSQL (8.8ms)[0m   [0;1mSELECT count(*) AS count_all FROM "clicks" WHERE ("clicks".listing_id = 89756) [0m
  [4;35;1mAnalyzing  Execution Time: 0.009011

[0m   [0mAggregate  (cost=814.47..814.48 rows=1 width=0)
   ->  Seq Scan on clicks  (cost=0.00..814.46 rows=2 width=0)
         Filter: (listing_id = 89756)
[0m
  [4;36;1mSQL (2.1ms)[0m   [0;1mSELECT count(*) AS count_all FROM "listings" WHERE ("listings".user_id = 25502) [0m
  [4;35;1mAnalyzing  Execution Time: 0.002357

[0m   [0mAggregate  (cost=1615.81..1615.82 rows=1 width=0)
   ->  Index Scan using index_listings_on_id_and_user_id_and_title on listings  (cost=0.00..1615.79 rows=4 width=0)
         Index Cond: (user_id = 25502)
[0m
  [4;36;1mListing Load (3.0ms)[0m   [0;1mSELECT * FROM "listings" WHERE ("listings".user_id = 25502) [0m
  [4;35;1mAnalyzing Listing Load Execution Time: 0.020695

[0m   [0mIndex Scan using index_listings_on_id_and_user_id_and_title on listings  (cost=0.00..1615.79 rows=4 width=1172)
   Index Cond: (user_id = 25502)
[0m
  [4;36;1mSQL (162.7ms)[0m   [0;1mSELECT count(*) AS count_all FROM "impressions" WHERE ("impressions".listing_id = 66653) [0m
  [4;35;1mAnalyzing  Execution Time: 0.162958

[0m   [0mAggregate  (cost=12714.08..12714.09 rows=1 width=0)
   ->  Seq Scan on impressions  (cost=0.00..12714.00 rows=31 width=0)
         Filter: (listing_id = 66653)
[0m
  [4;36;1mSQL (155.5ms)[0m   [0;1mSELECT count(*) AS count_all FROM "impressions" WHERE ("impressions".listing_id = 71716) [0m
  [4;35;1mAnalyzing  Execution Time: 0.156087

[0m   [0mAggregate  (cost=12714.08..12714.09 rows=1 width=0)
   ->  Seq Scan on impressions  (cost=0.00..12714.00 rows=31 width=0)
         Filter: (listing_id = 71716)
[0m
  [4;36;1mSQL (156.5ms)[0m   [0;1mSELECT count(*) AS count_all FROM "impressions" WHERE ("impressions".listing_id = 71717) [0m
  [4;35;1mAnalyzing  Execution Time: 0.156812

[0m   [0mAggregate  (cost=12714.08..12714.09 rows=1 width=0)
   ->  Seq Scan on impressions  (cost=0.00..12714.00 rows=31 width=0)
         Filter: (listing_id = 71717)
[0m
  [4;36;1mSQL (159.4ms)[0m   [0;1mSELECT count(*) AS count_all FROM "impressions" WHERE ("impressions".listing_id = 74709) [0m
  [4;35;1mAnalyzing  Execution Time: 0.159702

[0m   [0mAggregate  (cost=12714.08..12714.09 rows=1 width=0)
   ->  Seq Scan on impressions  (cost=0.00..12714.00 rows=31 width=0)
         Filter: (listing_id = 74709)
[0m
  [4;36;1mSQL (156.6ms)[0m   [0;1mSELECT count(*) AS count_all FROM "impressions" WHERE ("impressions".listing_id = 74710) [0m
  [4;35;1mAnalyzing  Execution Time: 0.156887

[0m   [0mAggregate  (cost=12714.08..12714.09 rows=1 width=0)
   ->  Seq Scan on impressions  (cost=0.00..12714.00 rows=31 width=0)
         Filter: (listing_id = 74710)
[0m
  [4;36;1mSQL (156.6ms)[0m   [0;1mSELECT count(*) AS count_all FROM "impressions" WHERE ("impressions".listing_id = 74711) [0m
  [4;35;1mAnalyzing  Execution Time: 0.156863

[0m   [0mAggregate  (cost=12714.08..12714.09 rows=1 width=0)
   ->  Seq Scan on impressions  (cost=0.00..12714.00 rows=31 width=0)
         Filter: (listing_id = 74711)
[0m
  [4;36;1mSQL (151.2ms)[0m   [0;1mSELECT count(*) AS count_all FROM "impressions" WHERE ("impressions".listing_id = 76730) [0m
  [4;35;1mAnalyzing  Execution Time: 0.15147

[0m   [0mAggregate  (cost=12714.08..12714.09 rows=1 width=0)
   ->  Seq Scan on impressions  (cost=0.00..12714.00 rows=31 width=0)
         Filter: (listing_id = 76730)
[0m
  [4;36;1mSQL (151.2ms)[0m   [0;1mSELECT count(*) AS count_all FROM "impressions" WHERE ("impressions".listing_id = 76731) [0m
  [4;35;1mAnalyzing  Execution Time: 0.151451

[0m   [0mAggregate  (cost=12714.08..12714.09 rows=1 width=0)
   ->  Seq Scan on impressions  (cost=0.00..12714.00 rows=31 width=0)
         Filter: (listing_id = 76731)
[0m
  [4;36;1mSQL (159.8ms)[0m   [0;1mSELECT count(*) AS count_all FROM "impressions" WHERE ("impressions".listing_id = 76732) [0m
  [4;35;1mAnalyzing  Execution Time: 0.16014

[0m   [0mAggregate  (cost=12714.08..12714.09 rows=1 width=0)
   ->  Seq Scan on impressions  (cost=0.00..12714.00 rows=31 width=0)
         Filter: (listing_id = 76732)
[0m
  [4;36;1mSQL (153.9ms)[0m   [0;1mSELECT count(*) AS count_all FROM "impressions" WHERE ("impressions".listing_id = 76733) [0m
  [4;35;1mAnalyzing  Execution Time: 0.154271

[0m   [0mAggregate  (cost=12714.08..12714.09 rows=1 width=0)
   ->  Seq Scan on impressions  (cost=0.00..12714.00 rows=31 width=0)
         Filter: (listing_id = 76733)
[0m
  [4;36;1mSQL (159.2ms)[0m   [0;1mSELECT count(*) AS count_all FROM "impressions" WHERE ("impressions".listing_id = 76734) [0m
  [4;35;1mAnalyzing  Execution Time: 0.159447

[0m   [0mAggregate  (cost=12714.08..12714.09 rows=1 width=0)
   ->  Seq Scan on impressions  (cost=0.00..12714.00 rows=31 width=0)
         Filter: (listing_id = 76734)
[0m
  [4;36;1mSQL (164.7ms)[0m   [0;1mSELECT count(*) AS count_all FROM "impressions" WHERE ("impressions".listing_id = 76735) [0m
  [4;35;1mAnalyzing  Execution Time: 0.165073

[0m   [0mAggregate  (cost=12714.08..12714.09 rows=1 width=0)
   ->  Seq Scan on impressions  (cost=0.00..12714.00 rows=31 width=0)
         Filter: (listing_id = 76735)
[0m
  [4;36;1mSQL (153.7ms)[0m   [0;1mSELECT count(*) AS count_all FROM "impressions" WHERE ("impressions".listing_id = 76736) [0m
  [4;35;1mAnalyzing  Execution Time: 0.154008

[0m   [0mAggregate  (cost=12714.08..12714.09 rows=1 width=0)
   ->  Seq Scan on impressions  (cost=0.00..12714.00 rows=31 width=0)
         Filter: (listing_id = 76736)
[0m
  [4;36;1mSQL (152.6ms)[0m   [0;1mSELECT count(*) AS count_all FROM "impressions" WHERE ("impressions".listing_id = 76737) [0m
  [4;35;1mAnalyzing  Execution Time: 0.152846

[0m   [0mAggregate  (cost=12714.08..12714.09 rows=1 width=0)
   ->  Seq Scan on impressions  (cost=0.00..12714.00 rows=31 width=0)
         Filter: (listing_id = 76737)
[0m
  [4;36;1mSQL (136.7ms)[0m   [0;1mSELECT count(*) AS count_all FROM "impressions" WHERE ("impressions".listing_id = 76738) [0m
  [4;35;1mAnalyzing  Execution Time: 0.136969

[0m   [0mAggregate  (cost=12714.08..12714.09 rows=1 width=0)
   ->  Seq Scan on impressions  (cost=0.00..12714.00 rows=31 width=0)
         Filter: (listing_id = 76738)
[0m
  [4;36;1mSQL (157.3ms)[0m   [0;1mSELECT count(*) AS count_all FROM "impressions" WHERE ("impressions".listing_id = 76739) [0m
  [4;35;1mAnalyzing  Execution Time: 0.157534

[0m   [0mAggregate  (cost=12714.08..12714.09 rows=1 width=0)
   ->  Seq Scan on impressions  (cost=0.00..12714.00 rows=31 width=0)
         Filter: (listing_id = 76739)
[0m
  [4;36;1mSQL (153.1ms)[0m   [0;1mSELECT count(*) AS count_all FROM "impressions" WHERE ("impressions".listing_id = 76740) [0m
  [4;35;1mAnalyzing  Execution Time: 0.153408

[0m   [0mAggregate  (cost=12714.08..12714.09 rows=1 width=0)
   ->  Seq Scan on impressions  (cost=0.00..12714.00 rows=31 width=0)
         Filter: (listing_id = 76740)
[0m
  [4;36;1mSQL (148.6ms)[0m   [0;1mSELECT count(*) AS count_all FROM "impressions" WHERE ("impressions".listing_id = 76741) [0m
  [4;35;1mAnalyzing  Execution Time: 0.148876

[0m   [0mAggregate  (cost=12714.08..12714.09 rows=1 width=0)
   ->  Seq Scan on impressions  (cost=0.00..12714.00 rows=31 width=0)
         Filter: (listing_id = 76741)
[0m
  [4;36;1mSQL (150.5ms)[0m   [0;1mSELECT count(*) AS count_all FROM "impressions" WHERE ("impressions".listing_id = 76742) [0m
  [4;35;1mAnalyzing  Execution Time: 0.150756

[0m   [0mAggregate  (cost=12714.08..12714.09 rows=1 width=0)
   ->  Seq Scan on impressions  (cost=0.00..12714.00 rows=31 width=0)
         Filter: (listing_id = 76742)
[0m
  [4;36;1mSQL (151.3ms)[0m   [0;1mSELECT count(*) AS count_all FROM "impressions" WHERE ("impressions".listing_id = 76743) [0m
  [4;35;1mAnalyzing  Execution Time: 0.151543

[0m   [0mAggregate  (cost=12714.08..12714.09 rows=1 width=0)
   ->  Seq Scan on impressions  (cost=0.00..12714.00 rows=31 width=0)
         Filter: (listing_id = 76743)
[0m
  [4;36;1mSQL (148.4ms)[0m   [0;1mSELECT count(*) AS count_all FROM "impressions" WHERE ("impressions".listing_id = 76744) [0m
  [4;35;1mAnalyzing  Execution Time: 0.148771

[0m   [0mAggregate  (cost=12714.08..12714.09 rows=1 width=0)
   ->  Seq Scan on impressions  (cost=0.00..12714.00 rows=31 width=0)
         Filter: (listing_id = 76744)
[0m
  [4;36;1mSQL (152.9ms)[0m   [0;1mSELECT count(*) AS count_all FROM "impressions" WHERE ("impressions".listing_id = 76745) [0m
  [4;35;1mAnalyzing  Execution Time: 0.153148

[0m   [0mAggregate  (cost=12714.08..12714.09 rows=1 width=0)
   ->  Seq Scan on impressions  (cost=0.00..12714.00 rows=31 width=0)
         Filter: (listing_id = 76745)
[0m
  [4;36;1mSQL (143.8ms)[0m   [0;1mSELECT count(*) AS count_all FROM "impressions" WHERE ("impressions".listing_id = 76746) [0m
  [4;35;1mAnalyzing  Execution Time: 0.144072

[0m   [0mAggregate  (cost=12714.08..12714.09 rows=1 width=0)
   ->  Seq Scan on impressions  (cost=0.00..12714.00 rows=31 width=0)
         Filter: (listing_id = 76746)
[0m
  [4;36;1mSQL (151.7ms)[0m   [0;1mSELECT count(*) AS count_all FROM "impressions" WHERE ("impressions".listing_id = 76747) [0m
  [4;35;1mAnalyzing  Execution Time: 0.151987

[0m   [0mAggregate  (cost=12714.08..12714.09 rows=1 width=0)
   ->  Seq Scan on impressions  (cost=0.00..12714.00 rows=31 width=0)
         Filter: (listing_id = 76747)
[0m
  [4;36;1mSQL (150.7ms)[0m   [0;1mSELECT count(*) AS count_all FROM "impressions" WHERE ("impressions".listing_id = 76748) [0m
  [4;35;1mAnalyzing  Execution Time: 0.150924

[0m   [0mAggregate  (cost=12714.08..12714.09 rows=1 width=0)
   ->  Seq Scan on impressions  (cost=0.00..12714.00 rows=31 width=0)
         Filter: (listing_id = 76748)
[0m
  [4;36;1mSQL (146.8ms)[0m   [0;1mSELECT count(*) AS count_all FROM "impressions" WHERE ("impressions".listing_id = 76749) [0m
  [4;35;1mAnalyzing  Execution Time: 0.147033

[0m   [0mAggregate  (cost=12714.08..12714.09 rows=1 width=0)
   ->  Seq Scan on impressions  (cost=0.00..12714.00 rows=31 width=0)
         Filter: (listing_id = 76749)
[0m
  [4;36;1mSQL (145.1ms)[0m   [0;1mSELECT count(*) AS count_all FROM "impressions" WHERE ("impressions".listing_id = 76750) [0m
  [4;35;1mAnalyzing  Execution Time: 0.145347

[0m   [0mAggregate  (cost=12714.08..12714.09 rows=1 width=0)
   ->  Seq Scan on impressions  (cost=0.00..12714.00 rows=31 width=0)
         Filter: (listing_id = 76750)
[0m
  [4;36;1mSQL (144.9ms)[0m   [0;1mSELECT count(*) AS count_all FROM "impressions" WHERE ("impressions".listing_id = 76751) [0m
  [4;35;1mAnalyzing  Execution Time: 0.14517

[0m   [0mAggregate  (cost=12714.08..12714.09 rows=1 width=0)
   ->  Seq Scan on impressions  (cost=0.00..12714.00 rows=31 width=0)
         Filter: (listing_id = 76751)
[0m
  [4;36;1mSQL (150.1ms)[0m   [0;1mSELECT count(*) AS count_all FROM "impressions" WHERE ("impressions".listing_id = 76752) [0m
  [4;35;1mAnalyzing  Execution Time: 0.150323

[0m   [0mAggregate  (cost=12714.08..12714.09 rows=1 width=0)
   ->  Seq Scan on impressions  (cost=0.00..12714.00 rows=31 width=0)
         Filter: (listing_id = 76752)
[0m
  [4;36;1mSQL (145.8ms)[0m   [0;1mSELECT count(*) AS count_all FROM "impressions" WHERE ("impressions".listing_id = 76753) [0m
  [4;35;1mAnalyzing  Execution Time: 0.146144

[0m   [0mAggregate  (cost=12714.08..12714.09 rows=1 width=0)
   ->  Seq Scan on impressions  (cost=0.00..12714.00 rows=31 width=0)
         Filter: (listing_id = 76753)
[0m
  [4;36;1mSQL (149.9ms)[0m   [0;1mSELECT count(*) AS count_all FROM "impressions" WHERE ("impressions".listing_id = 76754) [0m
  [4;35;1mAnalyzing  Execution Time: 0.150197

[0m   [0mAggregate  (cost=12714.08..12714.09 rows=1 width=0)
   ->  Seq Scan on impressions  (cost=0.00..12714.00 rows=31 width=0)
         Filter: (listing_id = 76754)
[0m
  [4;36;1mSQL (148.7ms)[0m   [0;1mSELECT count(*) AS count_all FROM "impressions" WHERE ("impressions".listing_id = 76755) [0m
  [4;35;1mAnalyzing  Execution Time: 0.148974

[0m   [0mAggregate  (cost=12714.08..12714.09 rows=1 width=0)
   ->  Seq Scan on impressions  (cost=0.00..12714.00 rows=31 width=0)
         Filter: (listing_id = 76755)
[0m
  [4;36;1mSQL (149.0ms)[0m   [0;1mSELECT count(*) AS count_all FROM "impressions" WHERE ("impressions".listing_id = 76756) [0m
  [4;35;1mAnalyzing  Execution Time: 0.149312

[0m   [0mAggregate  (cost=12714.08..12714.09 rows=1 width=0)
   ->  Seq Scan on impressions  (cost=0.00..12714.00 rows=31 width=0)
         Filter: (listing_id = 76756)
[0m
  [4;36;1mSQL (149.0ms)[0m   [0;1mSELECT count(*) AS count_all FROM "impressions" WHERE ("impressions".listing_id = 76757) [0m
  [4;35;1mAnalyzing  Execution Time: 0.14928

[0m   [0mAggregate  (cost=12714.08..12714.09 rows=1 width=0)
   ->  Seq Scan on impressions  (cost=0.00..12714.00 rows=31 width=0)
         Filter: (listing_id = 76757)
[0m
  [4;36;1mSQL (145.8ms)[0m   [0;1mSELECT count(*) AS count_all FROM "impressions" WHERE ("impressions".listing_id = 76758) [0m
  [4;35;1mAnalyzing  Execution Time: 0.146039

[0m   [0mAggregate  (cost=12714.08..12714.09 rows=1 width=0)
   ->  Seq Scan on impressions  (cost=0.00..12714.00 rows=31 width=0)
         Filter: (listing_id = 76758)
[0m
  [4;36;1mSQL (151.3ms)[0m   [0;1mSELECT count(*) AS count_all FROM "impressions" WHERE ("impressions".listing_id = 76759) [0m
  [4;35;1mAnalyzing  Execution Time: 0.151635

[0m   [0mAggregate  (cost=12714.08..12714.09 rows=1 width=0)
   ->  Seq Scan on impressions  (cost=0.00..12714.00 rows=31 width=0)
         Filter: (listing_id = 76759)
[0m
  [4;36;1mSQL (147.1ms)[0m   [0;1mSELECT count(*) AS count_all FROM "impressions" WHERE ("impressions".listing_id = 76760) [0m
  [4;35;1mAnalyzing  Execution Time: 0.147338

[0m   [0mAggregate  (cost=12714.08..12714.09 rows=1 width=0)
   ->  Seq Scan on impressions  (cost=0.00..12714.00 rows=31 width=0)
         Filter: (listing_id = 76760)
[0m
  [4;36;1mSQL (139.6ms)[0m   [0;1mSELECT count(*) AS count_all FROM "impressions" WHERE ("impressions".listing_id = 76761) [0m
  [4;35;1mAnalyzing  Execution Time: 0.139902

[0m   [0mAggregate  (cost=12714.08..12714.09 rows=1 width=0)
   ->  Seq Scan on impressions  (cost=0.00..12714.00 rows=31 width=0)
         Filter: (listing_id = 76761)
[0m
  [4;36;1mSQL (147.5ms)[0m   [0;1mSELECT count(*) AS count_all FROM "impressions" WHERE ("impressions".listing_id = 76762) [0m
  [4;35;1mAnalyzing  Execution Time: 0.148157

[0m   [0mAggregate  (cost=12714.08..12714.09 rows=1 width=0)
   ->  Seq Scan on impressions  (cost=0.00..12714.00 rows=31 width=0)
         Filter: (listing_id = 76762)
[0m
  [4;36;1mSQL (143.3ms)[0m   [0;1mSELECT count(*) AS count_all FROM "impressions" WHERE ("impressions".listing_id = 76763) [0m
  [4;35;1mAnalyzing  Execution Time: 0.143587

[0m   [0mAggregate  (cost=12714.08..12714.09 rows=1 width=0)
   ->  Seq Scan on impressions  (cost=0.00..12714.00 rows=31 width=0)
         Filter: (listing_id = 76763)
[0m
  [4;36;1mSQL (147.5ms)[0m   [0;1mSELECT count(*) AS count_all FROM "impressions" WHERE ("impressions".listing_id = 76764) [0m
  [4;35;1mAnalyzing  Execution Time: 0.147804

[0m   [0mAggregate  (cost=12714.08..12714.09 rows=1 width=0)
   ->  Seq Scan on impressions  (cost=0.00..12714.00 rows=31 width=0)
         Filter: (listing_id = 76764)
[0m
  [4;36;1mSQL (149.0ms)[0m   [0;1mSELECT count(*) AS count_all FROM "impressions" WHERE ("impressions".listing_id = 82285) [0m
  [4;35;1mAnalyzing  Execution Time: 0.149306

[0m   [0mAggregate  (cost=12714.08..12714.09 rows=1 width=0)
   ->  Seq Scan on impressions  (cost=0.00..12714.00 rows=31 width=0)
         Filter: (listing_id = 82285)
[0m
  [4;36;1mSQL (145.9ms)[0m   [0;1mSELECT count(*) AS count_all FROM "impressions" WHERE ("impressions".listing_id = 82286) [0m
  [4;35;1mAnalyzing  Execution Time: 0.146559

[0m   [0mAggregate  (cost=12714.08..12714.09 rows=1 width=0)
   ->  Seq Scan on impressions  (cost=0.00..12714.00 rows=31 width=0)
         Filter: (listing_id = 82286)
[0m
  [4;36;1mSQL (148.5ms)[0m   [0;1mSELECT count(*) AS count_all FROM "impressions" WHERE ("impressions".listing_id = 105952) [0m
  [4;35;1mAnalyzing  Execution Time: 0.148738

[0m   [0mAggregate  (cost=12714.08..12714.09 rows=1 width=0)
   ->  Seq Scan on impressions  (cost=0.00..12714.00 rows=31 width=0)
         Filter: (listing_id = 105952)
[0m
  [4;36;1mSQL (144.9ms)[0m   [0;1mSELECT count(*) AS count_all FROM "impressions" WHERE ("impressions".listing_id = 113151) [0m
  [4;35;1mAnalyzing  Execution Time: 0.145189

[0m   [0mAggregate  (cost=12714.08..12714.09 rows=1 width=0)
   ->  Seq Scan on impressions  (cost=0.00..12714.00 rows=31 width=0)
         Filter: (listing_id = 113151)
[0m
  [4;36;1mSQL (12.0ms)[0m   [0;1mSELECT count(*) AS count_all FROM "clicks" WHERE ("clicks".listing_id = 66653) [0m
  [4;35;1mAnalyzing  Execution Time: 0.012303

[0m   [0mAggregate  (cost=814.47..814.48 rows=1 width=0)
   ->  Seq Scan on clicks  (cost=0.00..814.46 rows=2 width=0)
         Filter: (listing_id = 66653)
[0m
  [4;36;1mSQL (9.5ms)[0m   [0;1mSELECT count(*) AS count_all FROM "clicks" WHERE ("clicks".listing_id = 71716) [0m
  [4;35;1mAnalyzing  Execution Time: 0.009863

[0m   [0mAggregate  (cost=814.47..814.48 rows=1 width=0)
   ->  Seq Scan on clicks  (cost=0.00..814.46 rows=2 width=0)
         Filter: (listing_id = 71716)
[0m
  [4;36;1mSQL (10.9ms)[0m   [0;1mSELECT count(*) AS count_all FROM "clicks" WHERE ("clicks".listing_id = 71717) [0m
  [4;35;1mAnalyzing  Execution Time: 0.011157

[0m   [0mAggregate  (cost=814.47..814.48 rows=1 width=0)
   ->  Seq Scan on clicks  (cost=0.00..814.46 rows=2 width=0)
         Filter: (listing_id = 71717)
[0m
  [4;36;1mSQL (8.4ms)[0m   [0;1mSELECT count(*) AS count_all FROM "clicks" WHERE ("clicks".listing_id = 74709) [0m
  [4;35;1mAnalyzing  Execution Time: 0.008683

[0m   [0mAggregate  (cost=814.47..814.48 rows=1 width=0)
   ->  Seq Scan on clicks  (cost=0.00..814.46 rows=2 width=0)
         Filter: (listing_id = 74709)
[0m
  [4;36;1mSQL (8.7ms)[0m   [0;1mSELECT count(*) AS count_all FROM "clicks" WHERE ("clicks".listing_id = 74710) [0m
  [4;35;1mAnalyzing  Execution Time: 0.008975

[0m   [0mAggregate  (cost=814.47..814.48 rows=1 width=0)
   ->  Seq Scan on clicks  (cost=0.00..814.46 rows=2 width=0)
         Filter: (listing_id = 74710)
[0m
  [4;36;1mSQL (9.6ms)[0m   [0;1mSELECT count(*) AS count_all FROM "clicks" WHERE ("clicks".listing_id = 74711) [0m
  [4;35;1mAnalyzing  Execution Time: 0.009832

[0m   [0mAggregate  (cost=814.47..814.48 rows=1 width=0)
   ->  Seq Scan on clicks  (cost=0.00..814.46 rows=2 width=0)
         Filter: (listing_id = 74711)
[0m
  [4;36;1mSQL (8.5ms)[0m   [0;1mSELECT count(*) AS count_all FROM "clicks" WHERE ("clicks".listing_id = 76730) [0m
  [4;35;1mAnalyzing  Execution Time: 0.008799

[0m   [0mAggregate  (cost=814.47..814.48 rows=1 width=0)
   ->  Seq Scan on clicks  (cost=0.00..814.46 rows=2 width=0)
         Filter: (listing_id = 76730)
[0m
  [4;36;1mSQL (9.0ms)[0m   [0;1mSELECT count(*) AS count_all FROM "clicks" WHERE ("clicks".listing_id = 76731) [0m
  [4;35;1mAnalyzing  Execution Time: 0.009269

[0m   [0mAggregate  (cost=814.47..814.48 rows=1 width=0)
   ->  Seq Scan on clicks  (cost=0.00..814.46 rows=2 width=0)
         Filter: (listing_id = 76731)
[0m
  [4;36;1mSQL (11.0ms)[0m   [0;1mSELECT count(*) AS count_all FROM "clicks" WHERE ("clicks".listing_id = 76732) [0m
  [4;35;1mAnalyzing  Execution Time: 0.011247

[0m   [0mAggregate  (cost=814.47..814.48 rows=1 width=0)
   ->  Seq Scan on clicks  (cost=0.00..814.46 rows=2 width=0)
         Filter: (listing_id = 76732)
[0m
  [4;36;1mSQL (8.9ms)[0m   [0;1mSELECT count(*) AS count_all FROM "clicks" WHERE ("clicks".listing_id = 76733) [0m
  [4;35;1mAnalyzing  Execution Time: 0.009131

[0m   [0mAggregate  (cost=814.47..814.48 rows=1 width=0)
   ->  Seq Scan on clicks  (cost=0.00..814.46 rows=2 width=0)
         Filter: (listing_id = 76733)
[0m
  [4;36;1mSQL (8.9ms)[0m   [0;1mSELECT count(*) AS count_all FROM "clicks" WHERE ("clicks".listing_id = 76734) [0m
  [4;35;1mAnalyzing  Execution Time: 0.009157

[0m   [0mAggregate  (cost=814.47..814.48 rows=1 width=0)
   ->  Seq Scan on clicks  (cost=0.00..814.46 rows=2 width=0)
         Filter: (listing_id = 76734)
[0m
  [4;36;1mSQL (9.0ms)[0m   [0;1mSELECT count(*) AS count_all FROM "clicks" WHERE ("clicks".listing_id = 76735) [0m
  [4;35;1mAnalyzing  Execution Time: 0.009245

[0m   [0mAggregate  (cost=814.47..814.48 rows=1 width=0)
   ->  Seq Scan on clicks  (cost=0.00..814.46 rows=2 width=0)
         Filter: (listing_id = 76735)
[0m
  [4;36;1mSQL (8.4ms)[0m   [0;1mSELECT count(*) AS count_all FROM "clicks" WHERE ("clicks".listing_id = 76736) [0m
  [4;35;1mAnalyzing  Execution Time: 0.008658

[0m   [0mAggregate  (cost=814.47..814.48 rows=1 width=0)
   ->  Seq Scan on clicks  (cost=0.00..814.46 rows=2 width=0)
         Filter: (listing_id = 76736)
[0m
  [4;36;1mSQL (8.6ms)[0m   [0;1mSELECT count(*) AS count_all FROM "clicks" WHERE ("clicks".listing_id = 76737) [0m
  [4;35;1mAnalyzing  Execution Time: 0.009008

[0m   [0mAggregate  (cost=814.47..814.48 rows=1 width=0)
   ->  Seq Scan on clicks  (cost=0.00..814.46 rows=2 width=0)
         Filter: (listing_id = 76737)
[0m
  [4;36;1mSQL (9.5ms)[0m   [0;1mSELECT count(*) AS count_all FROM "clicks" WHERE ("clicks".listing_id = 76738) [0m
  [4;35;1mAnalyzing  Execution Time: 0.009835

[0m   [0mAggregate  (cost=814.47..814.48 rows=1 width=0)
   ->  Seq Scan on clicks  (cost=0.00..814.46 rows=2 width=0)
         Filter: (listing_id = 76738)
[0m
  [4;36;1mSQL (8.5ms)[0m   [0;1mSELECT count(*) AS count_all FROM "clicks" WHERE ("clicks".listing_id = 76739) [0m
  [4;35;1mAnalyzing  Execution Time: 0.008712

[0m   [0mAggregate  (cost=814.47..814.48 rows=1 width=0)
   ->  Seq Scan on clicks  (cost=0.00..814.46 rows=2 width=0)
         Filter: (listing_id = 76739)
[0m
  [4;36;1mSQL (9.4ms)[0m   [0;1mSELECT count(*) AS count_all FROM "clicks" WHERE ("clicks".listing_id = 76740) [0m
  [4;35;1mAnalyzing  Execution Time: 0.01004

[0m   [0mAggregate  (cost=814.47..814.48 rows=1 width=0)
   ->  Seq Scan on clicks  (cost=0.00..814.46 rows=2 width=0)
         Filter: (listing_id = 76740)
[0m
  [4;36;1mSQL (8.9ms)[0m   [0;1mSELECT count(*) AS count_all FROM "clicks" WHERE ("clicks".listing_id = 76741) [0m
  [4;35;1mAnalyzing  Execution Time: 0.009213

[0m   [0mAggregate  (cost=814.47..814.48 rows=1 width=0)
   ->  Seq Scan on clicks  (cost=0.00..814.46 rows=2 width=0)
         Filter: (listing_id = 76741)
[0m
  [4;36;1mSQL (9.1ms)[0m   [0;1mSELECT count(*) AS count_all FROM "clicks" WHERE ("clicks".listing_id = 76742) [0m
  [4;35;1mAnalyzing  Execution Time: 0.009354

[0m   [0mAggregate  (cost=814.47..814.48 rows=1 width=0)
   ->  Seq Scan on clicks  (cost=0.00..814.46 rows=2 width=0)
         Filter: (listing_id = 76742)
[0m
  [4;36;1mSQL (9.1ms)[0m   [0;1mSELECT count(*) AS count_all FROM "clicks" WHERE ("clicks".listing_id = 76743) [0m
  [4;35;1mAnalyzing  Execution Time: 0.009329

[0m   [0mAggregate  (cost=814.47..814.48 rows=1 width=0)
   ->  Seq Scan on clicks  (cost=0.00..814.46 rows=2 width=0)
         Filter: (listing_id = 76743)
[0m
  [4;36;1mSQL (10.3ms)[0m   [0;1mSELECT count(*) AS count_all FROM "clicks" WHERE ("clicks".listing_id = 76744) [0m
  [4;35;1mAnalyzing  Execution Time: 0.010544

[0m   [0mAggregate  (cost=814.47..814.48 rows=1 width=0)
   ->  Seq Scan on clicks  (cost=0.00..814.46 rows=2 width=0)
         Filter: (listing_id = 76744)
[0m
  [4;36;1mSQL (8.3ms)[0m   [0;1mSELECT count(*) AS count_all FROM "clicks" WHERE ("clicks".listing_id = 76745) [0m
  [4;35;1mAnalyzing  Execution Time: 0.008647

[0m   [0mAggregate  (cost=814.47..814.48 rows=1 width=0)
   ->  Seq Scan on clicks  (cost=0.00..814.46 rows=2 width=0)
         Filter: (listing_id = 76745)
[0m
  [4;36;1mSQL (8.8ms)[0m   [0;1mSELECT count(*) AS count_all FROM "clicks" WHERE ("clicks".listing_id = 76746) [0m
  [4;35;1mAnalyzing  Execution Time: 0.009067

[0m   [0mAggregate  (cost=814.47..814.48 rows=1 width=0)
   ->  Seq Scan on clicks  (cost=0.00..814.46 rows=2 width=0)
         Filter: (listing_id = 76746)
[0m
  [4;36;1mSQL (10.3ms)[0m   [0;1mSELECT count(*) AS count_all FROM "clicks" WHERE ("clicks".listing_id = 76747) [0m
  [4;35;1mAnalyzing  Execution Time: 0.010577

[0m   [0mAggregate  (cost=814.47..814.48 rows=1 width=0)
   ->  Seq Scan on clicks  (cost=0.00..814.46 rows=2 width=0)
         Filter: (listing_id = 76747)
[0m
  [4;36;1mSQL (8.5ms)[0m   [0;1mSELECT count(*) AS count_all FROM "clicks" WHERE ("clicks".listing_id = 76748) [0m
  [4;35;1mAnalyzing  Execution Time: 0.008716

[0m   [0mAggregate  (cost=814.47..814.48 rows=1 width=0)
   ->  Seq Scan on clicks  (cost=0.00..814.46 rows=2 width=0)
         Filter: (listing_id = 76748)
[0m
  [4;36;1mSQL (9.6ms)[0m   [0;1mSELECT count(*) AS count_all FROM "clicks" WHERE ("clicks".listing_id = 76749) [0m
  [4;35;1mAnalyzing  Execution Time: 0.009829

[0m   [0mAggregate  (cost=814.47..814.48 rows=1 width=0)
   ->  Seq Scan on clicks  (cost=0.00..814.46 rows=2 width=0)
         Filter: (listing_id = 76749)
[0m
  [4;36;1mSQL (9.3ms)[0m   [0;1mSELECT count(*) AS count_all FROM "clicks" WHERE ("clicks".listing_id = 76750) [0m
  [4;35;1mAnalyzing  Execution Time: 0.009628

[0m   [0mAggregate  (cost=814.47..814.48 rows=1 width=0)
   ->  Seq Scan on clicks  (cost=0.00..814.46 rows=2 width=0)
         Filter: (listing_id = 76750)
[0m
  [4;36;1mSQL (9.6ms)[0m   [0;1mSELECT count(*) AS count_all FROM "clicks" WHERE ("clicks".listing_id = 76751) [0m
  [4;35;1mAnalyzing  Execution Time: 0.009895

[0m   [0mAggregate  (cost=814.47..814.48 rows=1 width=0)
   ->  Seq Scan on clicks  (cost=0.00..814.46 rows=2 width=0)
         Filter: (listing_id = 76751)
[0m
  [4;36;1mSQL (9.7ms)[0m   [0;1mSELECT count(*) AS count_all FROM "clicks" WHERE ("clicks".listing_id = 76752) [0m
  [4;35;1mAnalyzing  Execution Time: 0.00997

[0m   [0mAggregate  (cost=814.47..814.48 rows=1 width=0)
   ->  Seq Scan on clicks  (cost=0.00..814.46 rows=2 width=0)
         Filter: (listing_id = 76752)
[0m
  [4;36;1mSQL (8.6ms)[0m   [0;1mSELECT count(*) AS count_all FROM "clicks" WHERE ("clicks".listing_id = 76753) [0m
  [4;35;1mAnalyzing  Execution Time: 0.008862

[0m   [0mAggregate  (cost=814.47..814.48 rows=1 width=0)
   ->  Seq Scan on clicks  (cost=0.00..814.46 rows=2 width=0)
         Filter: (listing_id = 76753)
[0m
  [4;36;1mSQL (8.4ms)[0m   [0;1mSELECT count(*) AS count_all FROM "clicks" WHERE ("clicks".listing_id = 76754) [0m
  [4;35;1mAnalyzing  Execution Time: 0.00869300000000006

[0m   [0mAggregate  (cost=814.47..814.48 rows=1 width=0)
   ->  Seq Scan on clicks  (cost=0.00..814.46 rows=2 width=0)
         Filter: (listing_id = 76754)
[0m
  [4;36;1mSQL (10.8ms)[0m   [0;1mSELECT count(*) AS count_all FROM "clicks" WHERE ("clicks".listing_id = 76755) [0m
  [4;35;1mAnalyzing  Execution Time: 0.01103

[0m   [0mAggregate  (cost=814.47..814.48 rows=1 width=0)
   ->  Seq Scan on clicks  (cost=0.00..814.46 rows=2 width=0)
         Filter: (listing_id = 76755)
[0m
  [4;36;1mSQL (8.6ms)[0m   [0;1mSELECT count(*) AS count_all FROM "clicks" WHERE ("clicks".listing_id = 76756) [0m
  [4;35;1mAnalyzing  Execution Time: 0.008837

[0m   [0mAggregate  (cost=814.47..814.48 rows=1 width=0)
   ->  Seq Scan on clicks  (cost=0.00..814.46 rows=2 width=0)
         Filter: (listing_id = 76756)
[0m
  [4;36;1mSQL (8.5ms)[0m   [0;1mSELECT count(*) AS count_all FROM "clicks" WHERE ("clicks".listing_id = 76757) [0m
  [4;35;1mAnalyzing  Execution Time: 0.008784

[0m   [0mAggregate  (cost=814.47..814.48 rows=1 width=0)
   ->  Seq Scan on clicks  (cost=0.00..814.46 rows=2 width=0)
         Filter: (listing_id = 76757)
[0m
  [4;36;1mSQL (9.5ms)[0m   [0;1mSELECT count(*) AS count_all FROM "clicks" WHERE ("clicks".listing_id = 76758) [0m
  [4;35;1mAnalyzing  Execution Time: 0.009784

[0m   [0mAggregate  (cost=814.47..814.48 rows=1 width=0)
   ->  Seq Scan on clicks  (cost=0.00..814.46 rows=2 width=0)
         Filter: (listing_id = 76758)
[0m
  [4;36;1mSQL (8.8ms)[0m   [0;1mSELECT count(*) AS count_all FROM "clicks" WHERE ("clicks".listing_id = 76759) [0m
  [4;35;1mAnalyzing  Execution Time: 0.009025

[0m   [0mAggregate  (cost=814.47..814.48 rows=1 width=0)
   ->  Seq Scan on clicks  (cost=0.00..814.46 rows=2 width=0)
         Filter: (listing_id = 76759)
[0m
  [4;36;1mSQL (11.4ms)[0m   [0;1mSELECT count(*) AS count_all FROM "clicks" WHERE ("clicks".listing_id = 76760) [0m
  [4;35;1mAnalyzing  Execution Time: 0.011712

[0m   [0mAggregate  (cost=814.47..814.48 rows=1 width=0)
   ->  Seq Scan on clicks  (cost=0.00..814.46 rows=2 width=0)
         Filter: (listing_id = 76760)
[0m
  [4;36;1mSQL (14.8ms)[0m   [0;1mSELECT count(*) AS count_all FROM "clicks" WHERE ("clicks".listing_id = 76761) [0m
  [4;35;1mAnalyzing  Execution Time: 0.015094

[0m   [0mAggregate  (cost=814.47..814.48 rows=1 width=0)
   ->  Seq Scan on clicks  (cost=0.00..814.46 rows=2 width=0)
         Filter: (listing_id = 76761)
[0m
  [4;36;1mSQL (8.6ms)[0m   [0;1mSELECT count(*) AS count_all FROM "clicks" WHERE ("clicks".listing_id = 76762) [0m
  [4;35;1mAnalyzing  Execution Time: 0.008857

[0m   [0mAggregate  (cost=814.47..814.48 rows=1 width=0)
   ->  Seq Scan on clicks  (cost=0.00..814.46 rows=2 width=0)
         Filter: (listing_id = 76762)
[0m
  [4;36;1mSQL (11.2ms)[0m   [0;1mSELECT count(*) AS count_all FROM "clicks" WHERE ("clicks".listing_id = 76763) [0m
  [4;35;1mAnalyzing  Execution Time: 0.01151

[0m   [0mAggregate  (cost=814.47..814.48 rows=1 width=0)
   ->  Seq Scan on clicks  (cost=0.00..814.46 rows=2 width=0)
         Filter: (listing_id = 76763)
[0m
  [4;36;1mSQL (9.3ms)[0m   [0;1mSELECT count(*) AS count_all FROM "clicks" WHERE ("clicks".listing_id = 76764) [0m
  [4;35;1mAnalyzing  Execution Time: 0.009515

[0m   [0mAggregate  (cost=814.47..814.48 rows=1 width=0)
   ->  Seq Scan on clicks  (cost=0.00..814.46 rows=2 width=0)
         Filter: (listing_id = 76764)
[0m
  [4;36;1mSQL (8.8ms)[0m   [0;1mSELECT count(*) AS count_all FROM "clicks" WHERE ("clicks".listing_id = 82285) [0m
  [4;35;1mAnalyzing  Execution Time: 0.009134

[0m   [0mAggregate  (cost=814.47..814.48 rows=1 width=0)
   ->  Seq Scan on clicks  (cost=0.00..814.46 rows=2 width=0)
         Filter: (listing_id = 82285)
[0m
  [4;36;1mSQL (11.0ms)[0m   [0;1mSELECT count(*) AS count_all FROM "clicks" WHERE ("clicks".listing_id = 82286) [0m
  [4;35;1mAnalyzing  Execution Time: 0.011298

[0m   [0mAggregate  (cost=814.47..814.48 rows=1 width=0)
   ->  Seq Scan on clicks  (cost=0.00..814.46 rows=2 width=0)
         Filter: (listing_id = 82286)
[0m
  [4;36;1mSQL (8.7ms)[0m   [0;1mSELECT count(*) AS count_all FROM "clicks" WHERE ("clicks".listing_id = 105952) [0m
  [4;35;1mAnalyzing  Execution Time: 0.009004

[0m   [0mAggregate  (cost=814.47..814.48 rows=1 width=0)
   ->  Seq Scan on clicks  (cost=0.00..814.46 rows=2 width=0)
         Filter: (listing_id = 105952)
[0m
  [4;36;1mSQL (9.7ms)[0m   [0;1mSELECT count(*) AS count_all FROM "clicks" WHERE ("clicks".listing_id = 113151) [0m
  [4;35;1mAnalyzing  Execution Time: 0.009982

[0m   [0mAggregate  (cost=814.47..814.48 rows=1 width=0)
   ->  Seq Scan on clicks  (cost=0.00..814.46 rows=2 width=0)
         Filter: (listing_id = 113151)
[0m
  [4;36;1mSQL (5.2ms)[0m   [0;1mSELECT count(*) AS count_all FROM "listings" WHERE ("listings".user_id = 25501) [0m
  [4;35;1mAnalyzing  Execution Time: 0.005552

[0m   [0mAggregate  (cost=1615.81..1615.82 rows=1 width=0)
   ->  Index Scan using index_listings_on_id_and_user_id_and_title on listings  (cost=0.00..1615.79 rows=4 width=0)
         Index Cond: (user_id = 25501)
[0m
  [4;36;1mListing Load (2.2ms)[0m   [0;1mSELECT * FROM "listings" WHERE ("listings".user_id = 25501) [0m
  [4;35;1mAnalyzing Listing Load Execution Time: 0.003053

[0m   [0mIndex Scan using index_listings_on_id_and_user_id_and_title on listings  (cost=0.00..1615.79 rows=4 width=1172)
   Index Cond: (user_id = 25501)
[0m
  [4;36;1mSQL (154.9ms)[0m   [0;1mSELECT count(*) AS count_all FROM "impressions" WHERE ("impressions".listing_id = 113150) [0m
  [4;35;1mAnalyzing  Execution Time: 0.155207

[0m   [0mAggregate  (cost=12714.08..12714.09 rows=1 width=0)
   ->  Seq Scan on impressions  (cost=0.00..12714.00 rows=31 width=0)
         Filter: (listing_id = 113150)
[0m
  [4;36;1mSQL (9.8ms)[0m   [0;1mSELECT count(*) AS count_all FROM "clicks" WHERE ("clicks".listing_id = 113150) [0m
  [4;35;1mAnalyzing  Execution Time: 0.010092

[0m   [0mAggregate  (cost=814.47..814.48 rows=1 width=0)
   ->  Seq Scan on clicks  (cost=0.00..814.46 rows=2 width=0)
         Filter: (listing_id = 113150)
[0m
  [4;36;1mSQL (2.4ms)[0m   [0;1mSELECT count(*) AS count_all FROM "listings" WHERE ("listings".user_id = 25500) [0m
  [4;35;1mAnalyzing  Execution Time: 0.002636

[0m   [0mAggregate  (cost=1615.81..1615.82 rows=1 width=0)
   ->  Index Scan using index_listings_on_id_and_user_id_and_title on listings  (cost=0.00..1615.79 rows=4 width=0)
         Index Cond: (user_id = 25500)
[0m
  [4;36;1mListing Load (2.5ms)[0m   [0;1mSELECT * FROM "listings" WHERE ("listings".user_id = 25500) [0m
  [4;35;1mAnalyzing Listing Load Execution Time: 0.004052

[0m   [0mIndex Scan using index_listings_on_id_and_user_id_and_title on listings  (cost=0.00..1615.79 rows=4 width=1172)
   Index Cond: (user_id = 25500)
[0m
  [4;36;1mSQL (151.6ms)[0m   [0;1mSELECT count(*) AS count_all FROM "impressions" WHERE ("impressions".listing_id = 105857) [0m
  [4;35;1mAnalyzing  Execution Time: 0.151839

[0m   [0mAggregate  (cost=12714.08..12714.09 rows=1 width=0)
   ->  Seq Scan on impressions  (cost=0.00..12714.00 rows=31 width=0)
         Filter: (listing_id = 105857)
[0m
  [4;36;1mSQL (161.9ms)[0m   [0;1mSELECT count(*) AS count_all FROM "impressions" WHERE ("impressions".listing_id = 105858) [0m
  [4;35;1mAnalyzing  Execution Time: 0.162207

[0m   [0mAggregate  (cost=12714.08..12714.09 rows=1 width=0)
   ->  Seq Scan on impressions  (cost=0.00..12714.00 rows=31 width=0)
         Filter: (listing_id = 105858)
[0m
  [4;36;1mSQL (8.7ms)[0m   [0;1mSELECT count(*) AS count_all FROM "clicks" WHERE ("clicks".listing_id = 105857) [0m
  [4;35;1mAnalyzing  Execution Time: 0.008945

[0m   [0mAggregate  (cost=814.47..814.48 rows=1 width=0)
   ->  Seq Scan on clicks  (cost=0.00..814.46 rows=2 width=0)
         Filter: (listing_id = 105857)
[0m
  [4;36;1mSQL (9.6ms)[0m   [0;1mSELECT count(*) AS count_all FROM "clicks" WHERE ("clicks".listing_id = 105858) [0m
  [4;35;1mAnalyzing  Execution Time: 0.009913

[0m   [0mAggregate  (cost=814.47..814.48 rows=1 width=0)
   ->  Seq Scan on clicks  (cost=0.00..814.46 rows=2 width=0)
         Filter: (listing_id = 105858)
[0m
  [4;36;1mSQL (2.5ms)[0m   [0;1mSELECT count(*) AS count_all FROM "listings" WHERE ("listings".user_id = 25499) [0m
  [4;35;1mAnalyzing  Execution Time: 0.002743

[0m   [0mAggregate  (cost=1615.81..1615.82 rows=1 width=0)
   ->  Index Scan using index_listings_on_id_and_user_id_and_title on listings  (cost=0.00..1615.79 rows=4 width=0)
         Index Cond: (user_id = 25499)
[0m
  [4;36;1mListing Load (2.3ms)[0m   [0;1mSELECT * FROM "listings" WHERE ("listings".user_id = 25499) [0m
  [4;35;1mAnalyzing Listing Load Execution Time: 0.003444

[0m   [0mIndex Scan using index_listings_on_id_and_user_id_and_title on listings  (cost=0.00..1615.79 rows=4 width=1172)
   Index Cond: (user_id = 25499)
[0m
  [4;36;1mSQL (150.1ms)[0m   [0;1mSELECT count(*) AS count_all FROM "impressions" WHERE ("impressions".listing_id = 87155) [0m
  [4;35;1mAnalyzing  Execution Time: 0.150402

[0m   [0mAggregate  (cost=12714.08..12714.09 rows=1 width=0)
   ->  Seq Scan on impressions  (cost=0.00..12714.00 rows=31 width=0)
         Filter: (listing_id = 87155)
[0m
  [4;36;1mSQL (10.7ms)[0m   [0;1mSELECT count(*) AS count_all FROM "clicks" WHERE ("clicks".listing_id = 87155) [0m
  [4;35;1mAnalyzing  Execution Time: 0.011018

[0m   [0mAggregate  (cost=814.47..814.48 rows=1 width=0)
   ->  Seq Scan on clicks  (cost=0.00..814.46 rows=2 width=0)
         Filter: (listing_id = 87155)
[0m
  [4;36;1mSQL (2.4ms)[0m   [0;1mSELECT count(*) AS count_all FROM "listings" WHERE ("listings".user_id = 25498) [0m
  [4;35;1mAnalyzing  Execution Time: 0.002666

[0m   [0mAggregate  (cost=1615.81..1615.82 rows=1 width=0)
   ->  Index Scan using index_listings_on_id_and_user_id_and_title on listings  (cost=0.00..1615.79 rows=4 width=0)
         Index Cond: (user_id = 25498)
[0m
  [4;36;1mListing Load (3.8ms)[0m   [0;1mSELECT * FROM "listings" WHERE ("listings".user_id = 25498) [0m
  [4;35;1mAnalyzing Listing Load Execution Time: 0.051487

[0m   [0mIndex Scan using index_listings_on_id_and_user_id_and_title on listings  (cost=0.00..1615.79 rows=4 width=1172)
   Index Cond: (user_id = 25498)
[0m
  [4;36;1mSQL (154.2ms)[0m   [0;1mSELECT count(*) AS count_all FROM "impressions" WHERE ("impressions".listing_id = 64852) [0m
  [4;35;1mAnalyzing  Execution Time: 0.154444

[0m   [0mAggregate  (cost=12714.08..12714.09 rows=1 width=0)
   ->  Seq Scan on impressions  (cost=0.00..12714.00 rows=31 width=0)
         Filter: (listing_id = 64852)
[0m
  [4;36;1mSQL (155.7ms)[0m   [0;1mSELECT count(*) AS count_all FROM "impressions" WHERE ("impressions".listing_id = 66139) [0m
  [4;35;1mAnalyzing  Execution Time: 0.155965

[0m   [0mAggregate  (cost=12714.08..12714.09 rows=1 width=0)
   ->  Seq Scan on impressions  (cost=0.00..12714.00 rows=31 width=0)
         Filter: (listing_id = 66139)
[0m
  [4;36;1mSQL (156.2ms)[0m   [0;1mSELECT count(*) AS count_all FROM "impressions" WHERE ("impressions".listing_id = 66213) [0m
  [4;35;1mAnalyzing  Execution Time: 0.156634

[0m   [0mAggregate  (cost=12714.08..12714.09 rows=1 width=0)
   ->  Seq Scan on impressions  (cost=0.00..12714.00 rows=31 width=0)
         Filter: (listing_id = 66213)
[0m
  [4;36;1mSQL (158.4ms)[0m   [0;1mSELECT count(*) AS count_all FROM "impressions" WHERE ("impressions".listing_id = 66645) [0m
  [4;35;1mAnalyzing  Execution Time: 0.158655

[0m   [0mAggregate  (cost=12714.08..12714.09 rows=1 width=0)
   ->  Seq Scan on impressions  (cost=0.00..12714.00 rows=31 width=0)
         Filter: (listing_id = 66645)
[0m
  [4;36;1mSQL (154.0ms)[0m   [0;1mSELECT count(*) AS count_all FROM "impressions" WHERE ("impressions".listing_id = 66646) [0m
  [4;35;1mAnalyzing  Execution Time: 0.154243

[0m   [0mAggregate  (cost=12714.08..12714.09 rows=1 width=0)
   ->  Seq Scan on impressions  (cost=0.00..12714.00 rows=31 width=0)
         Filter: (listing_id = 66646)
[0m
  [4;36;1mSQL (158.0ms)[0m   [0;1mSELECT count(*) AS count_all FROM "impressions" WHERE ("impressions".listing_id = 67739) [0m
  [4;35;1mAnalyzing  Execution Time: 0.158295

[0m   [0mAggregate  (cost=12714.08..12714.09 rows=1 width=0)
   ->  Seq Scan on impressions  (cost=0.00..12714.00 rows=31 width=0)
         Filter: (listing_id = 67739)
[0m
  [4;36;1mSQL (151.0ms)[0m   [0;1mSELECT count(*) AS count_all FROM "impressions" WHERE ("impressions".listing_id = 67740) [0m
  [4;35;1mAnalyzing  Execution Time: 0.151228

[0m   [0mAggregate  (cost=12714.08..12714.09 rows=1 width=0)
   ->  Seq Scan on impressions  (cost=0.00..12714.00 rows=31 width=0)
         Filter: (listing_id = 67740)
[0m
  [4;36;1mSQL (145.7ms)[0m   [0;1mSELECT count(*) AS count_all FROM "impressions" WHERE ("impressions".listing_id = 69903) [0m
  [4;35;1mAnalyzing  Execution Time: 0.145962

[0m   [0mAggregate  (cost=12714.08..12714.09 rows=1 width=0)
   ->  Seq Scan on impressions  (cost=0.00..12714.00 rows=31 width=0)
         Filter: (listing_id = 69903)
[0m
  [4;36;1mSQL (153.6ms)[0m   [0;1mSELECT count(*) AS count_all FROM "impressions" WHERE ("impressions".listing_id = 70097) [0m
  [4;35;1mAnalyzing  Execution Time: 0.15385

[0m   [0mAggregate  (cost=12714.08..12714.09 rows=1 width=0)
   ->  Seq Scan on impressions  (cost=0.00..12714.00 rows=31 width=0)
         Filter: (listing_id = 70097)
[0m
  [4;36;1mSQL (157.1ms)[0m   [0;1mSELECT count(*) AS count_all FROM "impressions" WHERE ("impressions".listing_id = 71596) [0m
  [4;35;1mAnalyzing  Execution Time: 0.157363

[0m   [0mAggregate  (cost=12714.08..12714.09 rows=1 width=0)
   ->  Seq Scan on impressions  (cost=0.00..12714.00 rows=31 width=0)
         Filter: (listing_id = 71596)
[0m
  [4;36;1mSQL (150.9ms)[0m   [0;1mSELECT count(*) AS count_all FROM "impressions" WHERE ("impressions".listing_id = 71597) [0m
  [4;35;1mAnalyzing  Execution Time: 0.151182

[0m   [0mAggregate  (cost=12714.08..12714.09 rows=1 width=0)
   ->  Seq Scan on impressions  (cost=0.00..12714.00 rows=31 width=0)
         Filter: (listing_id = 71597)
[0m
  [4;36;1mSQL (149.7ms)[0m   [0;1mSELECT count(*) AS count_all FROM "impressions" WHERE ("impressions".listing_id = 71598) [0m
  [4;35;1mAnalyzing  Execution Time: 0.149992

[0m   [0mAggregate  (cost=12714.08..12714.09 rows=1 width=0)
   ->  Seq Scan on impressions  (cost=0.00..12714.00 rows=31 width=0)
         Filter: (listing_id = 71598)
[0m
  [4;36;1mSQL (157.9ms)[0m   [0;1mSELECT count(*) AS count_all FROM "impressions" WHERE ("impressions".listing_id = 71599) [0m
  [4;35;1mAnalyzing  Execution Time: 0.158185

[0m   [0mAggregate  (cost=12714.08..12714.09 rows=1 width=0)
   ->  Seq Scan on impressions  (cost=0.00..12714.00 rows=31 width=0)
         Filter: (listing_id = 71599)
[0m
  [4;36;1mSQL (150.8ms)[0m   [0;1mSELECT count(*) AS count_all FROM "impressions" WHERE ("impressions".listing_id = 71600) [0m
  [4;35;1mAnalyzing  Execution Time: 0.151066

[0m   [0mAggregate  (cost=12714.08..12714.09 rows=1 width=0)
   ->  Seq Scan on impressions  (cost=0.00..12714.00 rows=31 width=0)
         Filter: (listing_id = 71600)
[0m
  [4;36;1mSQL (148.0ms)[0m   [0;1mSELECT count(*) AS count_all FROM "impressions" WHERE ("impressions".listing_id = 71601) [0m
  [4;35;1mAnalyzing  Execution Time: 0.148254

[0m   [0mAggregate  (cost=12714.08..12714.09 rows=1 width=0)
   ->  Seq Scan on impressions  (cost=0.00..12714.00 rows=31 width=0)
         Filter: (listing_id = 71601)
[0m
  [4;36;1mSQL (146.2ms)[0m   [0;1mSELECT count(*) AS count_all FROM "impressions" WHERE ("impressions".listing_id = 71602) [0m
  [4;35;1mAnalyzing  Execution Time: 0.146508

[0m   [0mAggregate  (cost=12714.08..12714.09 rows=1 width=0)
   ->  Seq Scan on impressions  (cost=0.00..12714.00 rows=31 width=0)
         Filter: (listing_id = 71602)
[0m
  [4;36;1mSQL (145.7ms)[0m   [0;1mSELECT count(*) AS count_all FROM "impressions" WHERE ("impressions".listing_id = 71603) [0m
  [4;35;1mAnalyzing  Execution Time: 0.145965

[0m   [0mAggregate  (cost=12714.08..12714.09 rows=1 width=0)
   ->  Seq Scan on impressions  (cost=0.00..12714.00 rows=31 width=0)
         Filter: (listing_id = 71603)
[0m
  [4;36;1mSQL (148.8ms)[0m   [0;1mSELECT count(*) AS count_all FROM "impressions" WHERE ("impressions".listing_id = 71604) [0m
  [4;35;1mAnalyzing  Execution Time: 0.149097

[0m   [0mAggregate  (cost=12714.08..12714.09 rows=1 width=0)
   ->  Seq Scan on impressions  (cost=0.00..12714.00 rows=31 width=0)
         Filter: (listing_id = 71604)
[0m
  [4;36;1mSQL (151.1ms)[0m   [0;1mSELECT count(*) AS count_all FROM "impressions" WHERE ("impressions".listing_id = 71605) [0m
  [4;35;1mAnalyzing  Execution Time: 0.151411

[0m   [0mAggregate  (cost=12714.08..12714.09 rows=1 width=0)
   ->  Seq Scan on impressions  (cost=0.00..12714.00 rows=31 width=0)
         Filter: (listing_id = 71605)
[0m
  [4;36;1mSQL (139.8ms)[0m   [0;1mSELECT count(*) AS count_all FROM "impressions" WHERE ("impressions".listing_id = 71606) [0m
  [4;35;1mAnalyzing  Execution Time: 0.140076

[0m   [0mAggregate  (cost=12714.08..12714.09 rows=1 width=0)
   ->  Seq Scan on impressions  (cost=0.00..12714.00 rows=31 width=0)
         Filter: (listing_id = 71606)
[0m
  [4;36;1mSQL (157.8ms)[0m   [0;1mSELECT count(*) AS count_all FROM "impressions" WHERE ("impressions".listing_id = 71607) [0m
  [4;35;1mAnalyzing  Execution Time: 0.158021

[0m   [0mAggregate  (cost=12714.08..12714.09 rows=1 width=0)
   ->  Seq Scan on impressions  (cost=0.00..12714.00 rows=31 width=0)
         Filter: (listing_id = 71607)
[0m
  [4;36;1mSQL (160.3ms)[0m   [0;1mSELECT count(*) AS count_all FROM "impressions" WHERE ("impressions".listing_id = 71608) [0m
  [4;35;1mAnalyzing  Execution Time: 0.160522

[0m   [0mAggregate  (cost=12714.08..12714.09 rows=1 width=0)
   ->  Seq Scan on impressions  (cost=0.00..12714.00 rows=31 width=0)
         Filter: (listing_id = 71608)
[0m
  [4;36;1mSQL (153.2ms)[0m   [0;1mSELECT count(*) AS count_all FROM "impressions" WHERE ("impressions".listing_id = 71609) [0m
  [4;35;1mAnalyzing  Execution Time: 0.153452

[0m   [0mAggregate  (cost=12714.08..12714.09 rows=1 width=0)
   ->  Seq Scan on impressions  (cost=0.00..12714.00 rows=31 width=0)
         Filter: (listing_id = 71609)
[0m
  [4;36;1mSQL (154.4ms)[0m   [0;1mSELECT count(*) AS count_all FROM "impressions" WHERE ("impressions".listing_id = 71611) [0m
  [4;35;1mAnalyzing  Execution Time: 0.154663

[0m   [0mAggregate  (cost=12714.08..12714.09 rows=1 width=0)
   ->  Seq Scan on impressions  (cost=0.00..12714.00 rows=31 width=0)
         Filter: (listing_id = 71611)
[0m
  [4;36;1mSQL (145.9ms)[0m   [0;1mSELECT count(*) AS count_all FROM "impressions" WHERE ("impressions".listing_id = 71612) [0m
  [4;35;1mAnalyzing  Execution Time: 0.146685

[0m   [0mAggregate  (cost=12714.08..12714.09 rows=1 width=0)
   ->  Seq Scan on impressions  (cost=0.00..12714.00 rows=31 width=0)
         Filter: (listing_id = 71612)
[0m
  [4;36;1mSQL (144.3ms)[0m   [0;1mSELECT count(*) AS count_all FROM "impressions" WHERE ("impressions".listing_id = 71613) [0m
  [4;35;1mAnalyzing  Execution Time: 0.144552

[0m   [0mAggregate  (cost=12714.08..12714.09 rows=1 width=0)
   ->  Seq Scan on impressions  (cost=0.00..12714.00 rows=31 width=0)
         Filter: (listing_id = 71613)
[0m
  [4;36;1mSQL (153.0ms)[0m   [0;1mSELECT count(*) AS count_all FROM "impressions" WHERE ("impressions".listing_id = 71614) [0m
  [4;35;1mAnalyzing  Execution Time: 0.153304

[0m   [0mAggregate  (cost=12714.08..12714.09 rows=1 width=0)
   ->  Seq Scan on impressions  (cost=0.00..12714.00 rows=31 width=0)
         Filter: (listing_id = 71614)
[0m
  [4;36;1mSQL (150.7ms)[0m   [0;1mSELECT count(*) AS count_all FROM "impressions" WHERE ("impressions".listing_id = 71615) [0m
  [4;35;1mAnalyzing  Execution Time: 0.150973

[0m   [0mAggregate  (cost=12714.08..12714.09 rows=1 width=0)
   ->  Seq Scan on impressions  (cost=0.00..12714.00 rows=31 width=0)
         Filter: (listing_id = 71615)
[0m
  [4;36;1mSQL (151.0ms)[0m   [0;1mSELECT count(*) AS count_all FROM "impressions" WHERE ("impressions".listing_id = 71616) [0m
  [4;35;1mAnalyzing  Execution Time: 0.151268

[0m   [0mAggregate  (cost=12714.08..12714.09 rows=1 width=0)
   ->  Seq Scan on impressions  (cost=0.00..12714.00 rows=31 width=0)
         Filter: (listing_id = 71616)
[0m
  [4;36;1mSQL (141.9ms)[0m   [0;1mSELECT count(*) AS count_all FROM "impressions" WHERE ("impressions".listing_id = 71617) [0m
  [4;35;1mAnalyzing  Execution Time: 0.142149

[0m   [0mAggregate  (cost=12714.08..12714.09 rows=1 width=0)
   ->  Seq Scan on impressions  (cost=0.00..12714.00 rows=31 width=0)
         Filter: (listing_id = 71617)
[0m
  [4;36;1mSQL (151.2ms)[0m   [0;1mSELECT count(*) AS count_all FROM "impressions" WHERE ("impressions".listing_id = 71618) [0m
  [4;35;1mAnalyzing  Execution Time: 0.151486

[0m   [0mAggregate  (cost=12714.08..12714.09 rows=1 width=0)
   ->  Seq Scan on impressions  (cost=0.00..12714.00 rows=31 width=0)
         Filter: (listing_id = 71618)
[0m
  [4;36;1mSQL (141.3ms)[0m   [0;1mSELECT count(*) AS count_all FROM "impressions" WHERE ("impressions".listing_id = 71619) [0m
  [4;35;1mAnalyzing  Execution Time: 0.141597

[0m   [0mAggregate  (cost=12714.08..12714.09 rows=1 width=0)
   ->  Seq Scan on impressions  (cost=0.00..12714.00 rows=31 width=0)
         Filter: (listing_id = 71619)
[0m
  [4;36;1mSQL (139.7ms)[0m   [0;1mSELECT count(*) AS count_all FROM "impressions" WHERE ("impressions".listing_id = 71620) [0m
  [4;35;1mAnalyzing  Execution Time: 0.140021

[0m   [0mAggregate  (cost=12714.08..12714.09 rows=1 width=0)
   ->  Seq Scan on impressions  (cost=0.00..12714.00 rows=31 width=0)
         Filter: (listing_id = 71620)
[0m
  [4;36;1mSQL (154.9ms)[0m   [0;1mSELECT count(*) AS count_all FROM "impressions" WHERE ("impressions".listing_id = 71621) [0m
  [4;35;1mAnalyzing  Execution Time: 0.155168

[0m   [0mAggregate  (cost=12714.08..12714.09 rows=1 width=0)
   ->  Seq Scan on impressions  (cost=0.00..12714.00 rows=31 width=0)
         Filter: (listing_id = 71621)
[0m
  [4;36;1mSQL (150.3ms)[0m   [0;1mSELECT count(*) AS count_all FROM "impressions" WHERE ("impressions".listing_id = 71622) [0m
  [4;35;1mAnalyzing  Execution Time: 0.150615

[0m   [0mAggregate  (cost=12714.08..12714.09 rows=1 width=0)
   ->  Seq Scan on impressions  (cost=0.00..12714.00 rows=31 width=0)
         Filter: (listing_id = 71622)
[0m
  [4;36;1mSQL (153.8ms)[0m   [0;1mSELECT count(*) AS count_all FROM "impressions" WHERE ("impressions".listing_id = 72476) [0m
  [4;35;1mAnalyzing  Execution Time: 0.154036

[0m   [0mAggregate  (cost=12714.08..12714.09 rows=1 width=0)
   ->  Seq Scan on impressions  (cost=0.00..12714.00 rows=31 width=0)
         Filter: (listing_id = 72476)
[0m
  [4;36;1mSQL (150.2ms)[0m   [0;1mSELECT count(*) AS count_all FROM "impressions" WHERE ("impressions".listing_id = 72477) [0m
  [4;35;1mAnalyzing  Execution Time: 0.150444

[0m   [0mAggregate  (cost=12714.08..12714.09 rows=1 width=0)
   ->  Seq Scan on impressions  (cost=0.00..12714.00 rows=31 width=0)
         Filter: (listing_id = 72477)
[0m
  [4;36;1mSQL (150.5ms)[0m   [0;1mSELECT count(*) AS count_all FROM "impressions" WHERE ("impressions".listing_id = 72478) [0m
  [4;35;1mAnalyzing  Execution Time: 0.150786

[0m   [0mAggregate  (cost=12714.08..12714.09 rows=1 width=0)
   ->  Seq Scan on impressions  (cost=0.00..12714.00 rows=31 width=0)
         Filter: (listing_id = 72478)
[0m
  [4;36;1mSQL (151.5ms)[0m   [0;1mSELECT count(*) AS count_all FROM "impressions" WHERE ("impressions".listing_id = 72479) [0m
  [4;35;1mAnalyzing  Execution Time: 0.151822

[0m   [0mAggregate  (cost=12714.08..12714.09 rows=1 width=0)
   ->  Seq Scan on impressions  (cost=0.00..12714.00 rows=31 width=0)
         Filter: (listing_id = 72479)
[0m
  [4;36;1mSQL (153.6ms)[0m   [0;1mSELECT count(*) AS count_all FROM "impressions" WHERE ("impressions".listing_id = 73123) [0m
  [4;35;1mAnalyzing  Execution Time: 0.153868

[0m   [0mAggregate  (cost=12714.08..12714.09 rows=1 width=0)
   ->  Seq Scan on impressions  (cost=0.00..12714.00 rows=31 width=0)
         Filter: (listing_id = 73123)
[0m
  [4;36;1mSQL (145.9ms)[0m   [0;1mSELECT count(*) AS count_all FROM "impressions" WHERE ("impressions".listing_id = 73125) [0m
  [4;35;1mAnalyzing  Execution Time: 0.146198

[0m   [0mAggregate  (cost=12714.08..12714.09 rows=1 width=0)
   ->  Seq Scan on impressions  (cost=0.00..12714.00 rows=31 width=0)
         Filter: (listing_id = 73125)
[0m
  [4;36;1mSQL (155.9ms)[0m   [0;1mSELECT count(*) AS count_all FROM "impressions" WHERE ("impressions".listing_id = 73244) [0m
  [4;35;1mAnalyzing  Execution Time: 0.156157

[0m   [0mAggregate  (cost=12714.08..12714.09 rows=1 width=0)
   ->  Seq Scan on impressions  (cost=0.00..12714.00 rows=31 width=0)
         Filter: (listing_id = 73244)
[0m
  [4;36;1mSQL (151.9ms)[0m   [0;1mSELECT count(*) AS count_all FROM "impressions" WHERE ("impressions".listing_id = 74582) [0m
  [4;35;1mAnalyzing  Execution Time: 0.152157

[0m   [0mAggregate  (cost=12714.08..12714.09 rows=1 width=0)
   ->  Seq Scan on impressions  (cost=0.00..12714.00 rows=31 width=0)
         Filter: (listing_id = 74582)
[0m
  [4;36;1mSQL (150.9ms)[0m   [0;1mSELECT count(*) AS count_all FROM "impressions" WHERE ("impressions".listing_id = 74583) [0m
  [4;35;1mAnalyzing  Execution Time: 0.151157

[0m   [0mAggregate  (cost=12714.08..12714.09 rows=1 width=0)
   ->  Seq Scan on impressions  (cost=0.00..12714.00 rows=31 width=0)
         Filter: (listing_id = 74583)
[0m
  [4;36;1mSQL (145.8ms)[0m   [0;1mSELECT count(*) AS count_all FROM "impressions" WHERE ("impressions".listing_id = 74584) [0m
  [4;35;1mAnalyzing  Execution Time: 0.146036

[0m   [0mAggregate  (cost=12714.08..12714.09 rows=1 width=0)
   ->  Seq Scan on impressions  (cost=0.00..12714.00 rows=31 width=0)
         Filter: (listing_id = 74584)
[0m
  [4;36;1mSQL (151.2ms)[0m   [0;1mSELECT count(*) AS count_all FROM "impressions" WHERE ("impressions".listing_id = 74585) [0m
  [4;35;1mAnalyzing  Execution Time: 0.151427

[0m   [0mAggregate  (cost=12714.08..12714.09 rows=1 width=0)
   ->  Seq Scan on impressions  (cost=0.00..12714.00 rows=31 width=0)
         Filter: (listing_id = 74585)
[0m
  [4;36;1mSQL (164.1ms)[0m   [0;1mSELECT count(*) AS count_all FROM "impressions" WHERE ("impressions".listing_id = 74586) [0m
  [4;35;1mAnalyzing  Execution Time: 0.164383

[0m   [0mAggregate  (cost=12714.08..12714.09 rows=1 width=0)
   ->  Seq Scan on impressions  (cost=0.00..12714.00 rows=31 width=0)
         Filter: (listing_id = 74586)
[0m
  [4;36;1mSQL (158.2ms)[0m   [0;1mSELECT count(*) AS count_all FROM "impressions" WHERE ("impressions".listing_id = 74587) [0m
  [4;35;1mAnalyzing  Execution Time: 0.158424

[0m   [0mAggregate  (cost=12714.08..12714.09 rows=1 width=0)
   ->  Seq Scan on impressions  (cost=0.00..12714.00 rows=31 width=0)
         Filter: (listing_id = 74587)
[0m
  [4;36;1mSQL (159.7ms)[0m   [0;1mSELECT count(*) AS count_all FROM "impressions" WHERE ("impressions".listing_id = 74588) [0m
  [4;35;1mAnalyzing  Execution Time: 0.159968

[0m   [0mAggregate  (cost=12714.08..12714.09 rows=1 width=0)
   ->  Seq Scan on impressions  (cost=0.00..12714.00 rows=31 width=0)
         Filter: (listing_id = 74588)
[0m
  [4;36;1mSQL (152.5ms)[0m   [0;1mSELECT count(*) AS count_all FROM "impressions" WHERE ("impressions".listing_id = 74589) [0m
  [4;35;1mAnalyzing  Execution Time: 0.152782

[0m   [0mAggregate  (cost=12714.08..12714.09 rows=1 width=0)
   ->  Seq Scan on impressions  (cost=0.00..12714.00 rows=31 width=0)
         Filter: (listing_id = 74589)
[0m
  [4;36;1mSQL (153.3ms)[0m   [0;1mSELECT count(*) AS count_all FROM "impressions" WHERE ("impressions".listing_id = 74590) [0m
  [4;35;1mAnalyzing  Execution Time: 0.153603

[0m   [0mAggregate  (cost=12714.08..12714.09 rows=1 width=0)
   ->  Seq Scan on impressions  (cost=0.00..12714.00 rows=31 width=0)
         Filter: (listing_id = 74590)
[0m
  [4;36;1mSQL (150.7ms)[0m   [0;1mSELECT count(*) AS count_all FROM "impressions" WHERE ("impressions".listing_id = 74592) [0m
  [4;35;1mAnalyzing  Execution Time: 0.151008

[0m   [0mAggregate  (cost=12714.08..12714.09 rows=1 width=0)
   ->  Seq Scan on impressions  (cost=0.00..12714.00 rows=31 width=0)
         Filter: (listing_id = 74592)
[0m
  [4;36;1mSQL (217.8ms)[0m   [0;1mSELECT count(*) AS count_all FROM "impressions" WHERE ("impressions".listing_id = 75931) [0m
  [4;35;1mAnalyzing  Execution Time: 0.218164

[0m   [0mAggregate  (cost=12714.08..12714.09 rows=1 width=0)
   ->  Seq Scan on impressions  (cost=0.00..12714.00 rows=31 width=0)
         Filter: (listing_id = 75931)
[0m
  [4;36;1mSQL (145.6ms)[0m   [0;1mSELECT count(*) AS count_all FROM "impressions" WHERE ("impressions".listing_id = 75932) [0m
  [4;35;1mAnalyzing  Execution Time: 0.145875

[0m   [0mAggregate  (cost=12714.08..12714.09 rows=1 width=0)
   ->  Seq Scan on impressions  (cost=0.00..12714.00 rows=31 width=0)
         Filter: (listing_id = 75932)
[0m
  [4;36;1mSQL (150.7ms)[0m   [0;1mSELECT count(*) AS count_all FROM "impressions" WHERE ("impressions".listing_id = 75933) [0m
  [4;35;1mAnalyzing  Execution Time: 0.151152

[0m   [0mAggregate  (cost=12714.08..12714.09 rows=1 width=0)
   ->  Seq Scan on impressions  (cost=0.00..12714.00 rows=31 width=0)
         Filter: (listing_id = 75933)
[0m
  [4;36;1mSQL (145.6ms)[0m   [0;1mSELECT count(*) AS count_all FROM "impressions" WHERE ("impressions".listing_id = 75934) [0m
  [4;35;1mAnalyzing  Execution Time: 0.145903

[0m   [0mAggregate  (cost=12714.08..12714.09 rows=1 width=0)
   ->  Seq Scan on impressions  (cost=0.00..12714.00 rows=31 width=0)
         Filter: (listing_id = 75934)
[0m
  [4;36;1mSQL (144.4ms)[0m   [0;1mSELECT count(*) AS count_all FROM "impressions" WHERE ("impressions".listing_id = 75935) [0m
  [4;35;1mAnalyzing  Execution Time: 0.144653

[0m   [0mAggregate  (cost=12714.08..12714.09 rows=1 width=0)
   ->  Seq Scan on impressions  (cost=0.00..12714.00 rows=31 width=0)
         Filter: (listing_id = 75935)
[0m
  [4;36;1mSQL (145.3ms)[0m   [0;1mSELECT count(*) AS count_all FROM "impressions" WHERE ("impressions".listing_id = 75936) [0m
  [4;35;1mAnalyzing  Execution Time: 0.14557

[0m   [0mAggregate  (cost=12714.08..12714.09 rows=1 width=0)
   ->  Seq Scan on impressions  (cost=0.00..12714.00 rows=31 width=0)
         Filter: (listing_id = 75936)
[0m
  [4;36;1mSQL (145.1ms)[0m   [0;1mSELECT count(*) AS count_all FROM "impressions" WHERE ("impressions".listing_id = 75937) [0m
  [4;35;1mAnalyzing  Execution Time: 0.145358

[0m   [0mAggregate  (cost=12714.08..12714.09 rows=1 width=0)
   ->  Seq Scan on impressions  (cost=0.00..12714.00 rows=31 width=0)
         Filter: (listing_id = 75937)
[0m
  [4;36;1mSQL (154.9ms)[0m   [0;1mSELECT count(*) AS count_all FROM "impressions" WHERE ("impressions".listing_id = 75938) [0m
  [4;35;1mAnalyzing  Execution Time: 0.155181

[0m   [0mAggregate  (cost=12714.08..12714.09 rows=1 width=0)
   ->  Seq Scan on impressions  (cost=0.00..12714.00 rows=31 width=0)
         Filter: (listing_id = 75938)
[0m
  [4;36;1mSQL (147.2ms)[0m   [0;1mSELECT count(*) AS count_all FROM "impressions" WHERE ("impressions".listing_id = 75939) [0m
  [4;35;1mAnalyzing  Execution Time: 0.147479

[0m   [0mAggregate  (cost=12714.08..12714.09 rows=1 width=0)
   ->  Seq Scan on impressions  (cost=0.00..12714.00 rows=31 width=0)
         Filter: (listing_id = 75939)
[0m
  [4;36;1mSQL (151.0ms)[0m   [0;1mSELECT count(*) AS count_all FROM "impressions" WHERE ("impressions".listing_id = 75940) [0m
  [4;35;1mAnalyzing  Execution Time: 0.151257

[0m   [0mAggregate  (cost=12714.08..12714.09 rows=1 width=0)
   ->  Seq Scan on impressions  (cost=0.00..12714.00 rows=31 width=0)
         Filter: (listing_id = 75940)
[0m
  [4;36;1mSQL (144.0ms)[0m   [0;1mSELECT count(*) AS count_all FROM "impressions" WHERE ("impressions".listing_id = 75941) [0m
  [4;35;1mAnalyzing  Execution Time: 0.144285

[0m   [0mAggregate  (cost=12714.08..12714.09 rows=1 width=0)
   ->  Seq Scan on impressions  (cost=0.00..12714.00 rows=31 width=0)
         Filter: (listing_id = 75941)
[0m
  [4;36;1mSQL (150.7ms)[0m   [0;1mSELECT count(*) AS count_all FROM "impressions" WHERE ("impressions".listing_id = 75942) [0m
  [4;35;1mAnalyzing  Execution Time: 0.15093

[0m   [0mAggregate  (cost=12714.08..12714.09 rows=1 width=0)
   ->  Seq Scan on impressions  (cost=0.00..12714.00 rows=31 width=0)
         Filter: (listing_id = 75942)
[0m
  [4;36;1mSQL (148.3ms)[0m   [0;1mSELECT count(*) AS count_all FROM "impressions" WHERE ("impressions".listing_id = 75943) [0m
  [4;35;1mAnalyzing  Execution Time: 0.148559

[0m   [0mAggregate  (cost=12714.08..12714.09 rows=1 width=0)
   ->  Seq Scan on impressions  (cost=0.00..12714.00 rows=31 width=0)
         Filter: (listing_id = 75943)
[0m
  [4;36;1mSQL (150.6ms)[0m   [0;1mSELECT count(*) AS count_all FROM "impressions" WHERE ("impressions".listing_id = 75944) [0m
  [4;35;1mAnalyzing  Execution Time: 0.150829

[0m   [0mAggregate  (cost=12714.08..12714.09 rows=1 width=0)
   ->  Seq Scan on impressions  (cost=0.00..12714.00 rows=31 width=0)
         Filter: (listing_id = 75944)
[0m
  [4;36;1mSQL (146.1ms)[0m   [0;1mSELECT count(*) AS count_all FROM "impressions" WHERE ("impressions".listing_id = 75945) [0m
  [4;35;1mAnalyzing  Execution Time: 0.146404

[0m   [0mAggregate  (cost=12714.08..12714.09 rows=1 width=0)
   ->  Seq Scan on impressions  (cost=0.00..12714.00 rows=31 width=0)
         Filter: (listing_id = 75945)
[0m
  [4;36;1mSQL (152.4ms)[0m   [0;1mSELECT count(*) AS count_all FROM "impressions" WHERE ("impressions".listing_id = 75946) [0m
  [4;35;1mAnalyzing  Execution Time: 0.152674

[0m   [0mAggregate  (cost=12714.08..12714.09 rows=1 width=0)
   ->  Seq Scan on impressions  (cost=0.00..12714.00 rows=31 width=0)
         Filter: (listing_id = 75946)
[0m
  [4;36;1mSQL (142.7ms)[0m   [0;1mSELECT count(*) AS count_all FROM "impressions" WHERE ("impressions".listing_id = 75947) [0m
  [4;35;1mAnalyzing  Execution Time: 0.142979

[0m   [0mAggregate  (cost=12714.08..12714.09 rows=1 width=0)
   ->  Seq Scan on impressions  (cost=0.00..12714.00 rows=31 width=0)
         Filter: (listing_id = 75947)
[0m
  [4;36;1mSQL (148.2ms)[0m   [0;1mSELECT count(*) AS count_all FROM "impressions" WHERE ("impressions".listing_id = 75948) [0m
  [4;35;1mAnalyzing  Execution Time: 0.148479

[0m   [0mAggregate  (cost=12714.08..12714.09 rows=1 width=0)
   ->  Seq Scan on impressions  (cost=0.00..12714.00 rows=31 width=0)
         Filter: (listing_id = 75948)
[0m
  [4;36;1mSQL (147.0ms)[0m   [0;1mSELECT count(*) AS count_all FROM "impressions" WHERE ("impressions".listing_id = 76467) [0m
  [4;35;1mAnalyzing  Execution Time: 0.14724

[0m   [0mAggregate  (cost=12714.08..12714.09 rows=1 width=0)
   ->  Seq Scan on impressions  (cost=0.00..12714.00 rows=31 width=0)
         Filter: (listing_id = 76467)
[0m
  [4;36;1mSQL (150.5ms)[0m   [0;1mSELECT count(*) AS count_all FROM "impressions" WHERE ("impressions".listing_id = 76704) [0m
  [4;35;1mAnalyzing  Execution Time: 0.150783

[0m   [0mAggregate  (cost=12714.08..12714.09 rows=1 width=0)
   ->  Seq Scan on impressions  (cost=0.00..12714.00 rows=31 width=0)
         Filter: (listing_id = 76704)
[0m
  [4;36;1mSQL (148.6ms)[0m   [0;1mSELECT count(*) AS count_all FROM "impressions" WHERE ("impressions".listing_id = 76705) [0m
  [4;35;1mAnalyzing  Execution Time: 0.148873

[0m   [0mAggregate  (cost=12714.08..12714.09 rows=1 width=0)
   ->  Seq Scan on impressions  (cost=0.00..12714.00 rows=31 width=0)
         Filter: (listing_id = 76705)
[0m
  [4;36;1mSQL (153.7ms)[0m   [0;1mSELECT count(*) AS count_all FROM "impressions" WHERE ("impressions".listing_id = 76707) [0m
  [4;35;1mAnalyzing  Execution Time: 0.153995

[0m   [0mAggregate  (cost=12714.08..12714.09 rows=1 width=0)
   ->  Seq Scan on impressions  (cost=0.00..12714.00 rows=31 width=0)
         Filter: (listing_id = 76707)
[0m
  [4;36;1mSQL (143.7ms)[0m   [0;1mSELECT count(*) AS count_all FROM "impressions" WHERE ("impressions".listing_id = 76708) [0m
  [4;35;1mAnalyzing  Execution Time: 0.144036

[0m   [0mAggregate  (cost=12714.08..12714.09 rows=1 width=0)
   ->  Seq Scan on impressions  (cost=0.00..12714.00 rows=31 width=0)
         Filter: (listing_id = 76708)
[0m
  [4;36;1mSQL (147.6ms)[0m   [0;1mSELECT count(*) AS count_all FROM "impressions" WHERE ("impressions".listing_id = 77314) [0m
  [4;35;1mAnalyzing  Execution Time: 0.147827

[0m   [0mAggregate  (cost=12714.08..12714.09 rows=1 width=0)
   ->  Seq Scan on impressions  (cost=0.00..12714.00 rows=31 width=0)
         Filter: (listing_id = 77314)
[0m
  [4;36;1mSQL (154.6ms)[0m   [0;1mSELECT count(*) AS count_all FROM "impressions" WHERE ("impressions".listing_id = 77315) [0m
  [4;35;1mAnalyzing  Execution Time: 0.154991

[0m   [0mAggregate  (cost=12714.08..12714.09 rows=1 width=0)
   ->  Seq Scan on impressions  (cost=0.00..12714.00 rows=31 width=0)
         Filter: (listing_id = 77315)
[0m
  [4;36;1mSQL (154.6ms)[0m   [0;1mSELECT count(*) AS count_all FROM "impressions" WHERE ("impressions".listing_id = 77316) [0m
  [4;35;1mAnalyzing  Execution Time: 0.15489

[0m   [0mAggregate  (cost=12714.08..12714.09 rows=1 width=0)
   ->  Seq Scan on impressions  (cost=0.00..12714.00 rows=31 width=0)
         Filter: (listing_id = 77316)
[0m
  [4;36;1mSQL (152.8ms)[0m   [0;1mSELECT count(*) AS count_all FROM "impressions" WHERE ("impressions".listing_id = 77317) [0m
  [4;35;1mAnalyzing  Execution Time: 0.153179

[0m   [0mAggregate  (cost=12714.08..12714.09 rows=1 width=0)
   ->  Seq Scan on impressions  (cost=0.00..12714.00 rows=31 width=0)
         Filter: (listing_id = 77317)
[0m
  [4;36;1mSQL (154.2ms)[0m   [0;1mSELECT count(*) AS count_all FROM "impressions" WHERE ("impressions".listing_id = 77319) [0m
  [4;35;1mAnalyzing  Execution Time: 0.15449

[0m   [0mAggregate  (cost=12714.08..12714.09 rows=1 width=0)
   ->  Seq Scan on impressions  (cost=0.00..12714.00 rows=31 width=0)
         Filter: (listing_id = 77319)
[0m
  [4;36;1mSQL (209.8ms)[0m   [0;1mSELECT count(*) AS count_all FROM "impressions" WHERE ("impressions".listing_id = 77320) [0m
  [4;35;1mAnalyzing  Execution Time: 0.210062

[0m   [0mAggregate  (cost=12714.08..12714.09 rows=1 width=0)
   ->  Seq Scan on impressions  (cost=0.00..12714.00 rows=31 width=0)
         Filter: (listing_id = 77320)
[0m
  [4;36;1mSQL (223.5ms)[0m   [0;1mSELECT count(*) AS count_all FROM "impressions" WHERE ("impressions".listing_id = 77869) [0m
  [4;35;1mAnalyzing  Execution Time: 0.223786

[0m   [0mAggregate  (cost=12714.08..12714.09 rows=1 width=0)
   ->  Seq Scan on impressions  (cost=0.00..12714.00 rows=31 width=0)
         Filter: (listing_id = 77869)
[0m
  [4;36;1mSQL (149.3ms)[0m   [0;1mSELECT count(*) AS count_all FROM "impressions" WHERE ("impressions".listing_id = 77870) [0m
  [4;35;1mAnalyzing  Execution Time: 0.149587

[0m   [0mAggregate  (cost=12714.08..12714.09 rows=1 width=0)
   ->  Seq Scan on impressions  (cost=0.00..12714.00 rows=31 width=0)
         Filter: (listing_id = 77870)
[0m
  [4;36;1mSQL (158.6ms)[0m   [0;1mSELECT count(*) AS count_all FROM "impressions" WHERE ("impressions".listing_id = 79597) [0m
  [4;35;1mAnalyzing  Execution Time: 0.158883

[0m   [0mAggregate  (cost=12714.08..12714.09 rows=1 width=0)
   ->  Seq Scan on impressions  (cost=0.00..12714.00 rows=31 width=0)
         Filter: (listing_id = 79597)
[0m
  [4;36;1mSQL (161.9ms)[0m   [0;1mSELECT count(*) AS count_all FROM "impressions" WHERE ("impressions".listing_id = 81093) [0m
  [4;35;1mAnalyzing  Execution Time: 0.162103

[0m   [0mAggregate  (cost=12714.08..12714.09 rows=1 width=0)
   ->  Seq Scan on impressions  (cost=0.00..12714.00 rows=31 width=0)
         Filter: (listing_id = 81093)
[0m
  [4;36;1mSQL (157.2ms)[0m   [0;1mSELECT count(*) AS count_all FROM "impressions" WHERE ("impressions".listing_id = 81094) [0m
  [4;35;1mAnalyzing  Execution Time: 0.157428

[0m   [0mAggregate  (cost=12714.08..12714.09 rows=1 width=0)
   ->  Seq Scan on impressions  (cost=0.00..12714.00 rows=31 width=0)
         Filter: (listing_id = 81094)
[0m
  [4;36;1mSQL (147.2ms)[0m   [0;1mSELECT count(*) AS count_all FROM "impressions" WHERE ("impressions".listing_id = 81095) [0m
  [4;35;1mAnalyzing  Execution Time: 0.147471

[0m   [0mAggregate  (cost=12714.08..12714.09 rows=1 width=0)
   ->  Seq Scan on impressions  (cost=0.00..12714.00 rows=31 width=0)
         Filter: (listing_id = 81095)
[0m
  [4;36;1mSQL (150.4ms)[0m   [0;1mSELECT count(*) AS count_all FROM "impressions" WHERE ("impressions".listing_id = 104250) [0m
  [4;35;1mAnalyzing  Execution Time: 0.150653

[0m   [0mAggregate  (cost=12714.08..12714.09 rows=1 width=0)
   ->  Seq Scan on impressions  (cost=0.00..12714.00 rows=31 width=0)
         Filter: (listing_id = 104250)
[0m
  [4;36;1mSQL (152.7ms)[0m   [0;1mSELECT count(*) AS count_all FROM "impressions" WHERE ("impressions".listing_id = 104251) [0m
  [4;35;1mAnalyzing  Execution Time: 0.152947

[0m   [0mAggregate  (cost=12714.08..12714.09 rows=1 width=0)
   ->  Seq Scan on impressions  (cost=0.00..12714.00 rows=31 width=0)
         Filter: (listing_id = 104251)
[0m
  [4;36;1mSQL (149.7ms)[0m   [0;1mSELECT count(*) AS count_all FROM "impressions" WHERE ("impressions".listing_id = 104252) [0m
  [4;35;1mAnalyzing  Execution Time: 0.149926

[0m   [0mAggregate  (cost=12714.08..12714.09 rows=1 width=0)
   ->  Seq Scan on impressions  (cost=0.00..12714.00 rows=31 width=0)
         Filter: (listing_id = 104252)
[0m
  [4;36;1mSQL (164.0ms)[0m   [0;1mSELECT count(*) AS count_all FROM "impressions" WHERE ("impressions".listing_id = 104253) [0m
  [4;35;1mAnalyzing  Execution Time: 0.164258

[0m   [0mAggregate  (cost=12714.08..12714.09 rows=1 width=0)
   ->  Seq Scan on impressions  (cost=0.00..12714.00 rows=31 width=0)
         Filter: (listing_id = 104253)
[0m
  [4;36;1mSQL (149.2ms)[0m   [0;1mSELECT count(*) AS count_all FROM "impressions" WHERE ("impressions".listing_id = 104254) [0m
  [4;35;1mAnalyzing  Execution Time: 0.149452

[0m   [0mAggregate  (cost=12714.08..12714.09 rows=1 width=0)
   ->  Seq Scan on impressions  (cost=0.00..12714.00 rows=31 width=0)
         Filter: (listing_id = 104254)
[0m
  [4;36;1mSQL (158.6ms)[0m   [0;1mSELECT count(*) AS count_all FROM "impressions" WHERE ("impressions".listing_id = 104255) [0m
  [4;35;1mAnalyzing  Execution Time: 0.158915

[0m   [0mAggregate  (cost=12714.08..12714.09 rows=1 width=0)
   ->  Seq Scan on impressions  (cost=0.00..12714.00 rows=31 width=0)
         Filter: (listing_id = 104255)
[0m
  [4;36;1mSQL (153.1ms)[0m   [0;1mSELECT count(*) AS count_all FROM "impressions" WHERE ("impressions".listing_id = 104256) [0m
  [4;35;1mAnalyzing  Execution Time: 0.153389

[0m   [0mAggregate  (cost=12714.08..12714.09 rows=1 width=0)
   ->  Seq Scan on impressions  (cost=0.00..12714.00 rows=31 width=0)
         Filter: (listing_id = 104256)
[0m
  [4;36;1mSQL (156.9ms)[0m   [0;1mSELECT count(*) AS count_all FROM "impressions" WHERE ("impressions".listing_id = 104257) [0m
  [4;35;1mAnalyzing  Execution Time: 0.157145

[0m   [0mAggregate  (cost=12714.08..12714.09 rows=1 width=0)
   ->  Seq Scan on impressions  (cost=0.00..12714.00 rows=31 width=0)
         Filter: (listing_id = 104257)
[0m
  [4;36;1mSQL (156.5ms)[0m   [0;1mSELECT count(*) AS count_all FROM "impressions" WHERE ("impressions".listing_id = 104259) [0m
  [4;35;1mAnalyzing  Execution Time: 0.156808

[0m   [0mAggregate  (cost=12714.08..12714.09 rows=1 width=0)
   ->  Seq Scan on impressions  (cost=0.00..12714.00 rows=31 width=0)
         Filter: (listing_id = 104259)
[0m
  [4;36;1mSQL (148.6ms)[0m   [0;1mSELECT count(*) AS count_all FROM "impressions" WHERE ("impressions".listing_id = 104260) [0m
  [4;35;1mAnalyzing  Execution Time: 0.148844

[0m   [0mAggregate  (cost=12714.08..12714.09 rows=1 width=0)
   ->  Seq Scan on impressions  (cost=0.00..12714.00 rows=31 width=0)
         Filter: (listing_id = 104260)
[0m
  [4;36;1mSQL (159.7ms)[0m   [0;1mSELECT count(*) AS count_all FROM "impressions" WHERE ("impressions".listing_id = 104261) [0m
  [4;35;1mAnalyzing  Execution Time: 0.159983

[0m   [0mAggregate  (cost=12714.08..12714.09 rows=1 width=0)
   ->  Seq Scan on impressions  (cost=0.00..12714.00 rows=31 width=0)
         Filter: (listing_id = 104261)
[0m
  [4;36;1mSQL (149.4ms)[0m   [0;1mSELECT count(*) AS count_all FROM "impressions" WHERE ("impressions".listing_id = 104262) [0m
  [4;35;1mAnalyzing  Execution Time: 0.150109

[0m   [0mAggregate  (cost=12714.08..12714.09 rows=1 width=0)
   ->  Seq Scan on impressions  (cost=0.00..12714.00 rows=31 width=0)
         Filter: (listing_id = 104262)
[0m
  [4;36;1mSQL (149.1ms)[0m   [0;1mSELECT count(*) AS count_all FROM "impressions" WHERE ("impressions".listing_id = 104263) [0m
  [4;35;1mAnalyzing  Execution Time: 0.149387

[0m   [0mAggregate  (cost=12714.08..12714.09 rows=1 width=0)
   ->  Seq Scan on impressions  (cost=0.00..12714.00 rows=31 width=0)
         Filter: (listing_id = 104263)
[0m
  [4;36;1mSQL (155.6ms)[0m   [0;1mSELECT count(*) AS count_all FROM "impressions" WHERE ("impressions".listing_id = 104264) [0m
  [4;35;1mAnalyzing  Execution Time: 0.155888

[0m   [0mAggregate  (cost=12714.08..12714.09 rows=1 width=0)
   ->  Seq Scan on impressions  (cost=0.00..12714.00 rows=31 width=0)
         Filter: (listing_id = 104264)
[0m
  [4;36;1mSQL (158.6ms)[0m   [0;1mSELECT count(*) AS count_all FROM "impressions" WHERE ("impressions".listing_id = 104265) [0m
  [4;35;1mAnalyzing  Execution Time: 0.158905

[0m   [0mAggregate  (cost=12714.08..12714.09 rows=1 width=0)
   ->  Seq Scan on impressions  (cost=0.00..12714.00 rows=31 width=0)
         Filter: (listing_id = 104265)
[0m
  [4;36;1mSQL (142.0ms)[0m   [0;1mSELECT count(*) AS count_all FROM "impressions" WHERE ("impressions".listing_id = 104266) [0m
  [4;35;1mAnalyzing  Execution Time: 0.142302

[0m   [0mAggregate  (cost=12714.08..12714.09 rows=1 width=0)
   ->  Seq Scan on impressions  (cost=0.00..12714.00 rows=31 width=0)
         Filter: (listing_id = 104266)
[0m
  [4;36;1mSQL (156.3ms)[0m   [0;1mSELECT count(*) AS count_all FROM "impressions" WHERE ("impressions".listing_id = 104267) [0m
  [4;35;1mAnalyzing  Execution Time: 0.156578

[0m   [0mAggregate  (cost=12714.08..12714.09 rows=1 width=0)
   ->  Seq Scan on impressions  (cost=0.00..12714.00 rows=31 width=0)
         Filter: (listing_id = 104267)
[0m
  [4;36;1mSQL (146.6ms)[0m   [0;1mSELECT count(*) AS count_all FROM "impressions" WHERE ("impressions".listing_id = 104269) [0m
  [4;35;1mAnalyzing  Execution Time: 0.146809

[0m   [0mAggregate  (cost=12714.08..12714.09 rows=1 width=0)
   ->  Seq Scan on impressions  (cost=0.00..12714.00 rows=31 width=0)
         Filter: (listing_id = 104269)
[0m
  [4;36;1mSQL (158.0ms)[0m   [0;1mSELECT count(*) AS count_all FROM "impressions" WHERE ("impressions".listing_id = 104274) [0m
  [4;35;1mAnalyzing  Execution Time: 0.158948

[0m   [0mAggregate  (cost=12714.08..12714.09 rows=1 width=0)
   ->  Seq Scan on impressions  (cost=0.00..12714.00 rows=31 width=0)
         Filter: (listing_id = 104274)
[0m
  [4;36;1mSQL (145.7ms)[0m   [0;1mSELECT count(*) AS count_all FROM "impressions" WHERE ("impressions".listing_id = 104275) [0m
  [4;35;1mAnalyzing  Execution Time: 0.145966

[0m   [0mAggregate  (cost=12714.08..12714.09 rows=1 width=0)
   ->  Seq Scan on impressions  (cost=0.00..12714.00 rows=31 width=0)
         Filter: (listing_id = 104275)
[0m
  [4;36;1mSQL (157.6ms)[0m   [0;1mSELECT count(*) AS count_all FROM "impressions" WHERE ("impressions".listing_id = 104276) [0m
  [4;35;1mAnalyzing  Execution Time: 0.157895

[0m   [0mAggregate  (cost=12714.08..12714.09 rows=1 width=0)
   ->  Seq Scan on impressions  (cost=0.00..12714.00 rows=31 width=0)
         Filter: (listing_id = 104276)
[0m
  [4;36;1mSQL (153.1ms)[0m   [0;1mSELECT count(*) AS count_all FROM "impressions" WHERE ("impressions".listing_id = 104278) [0m
  [4;35;1mAnalyzing  Execution Time: 0.153337

[0m   [0mAggregate  (cost=12714.08..12714.09 rows=1 width=0)
   ->  Seq Scan on impressions  (cost=0.00..12714.00 rows=31 width=0)
         Filter: (listing_id = 104278)
[0m
  [4;36;1mSQL (147.7ms)[0m   [0;1mSELECT count(*) AS count_all FROM "impressions" WHERE ("impressions".listing_id = 104279) [0m
  [4;35;1mAnalyzing  Execution Time: 0.147967

[0m   [0mAggregate  (cost=12714.08..12714.09 rows=1 width=0)
   ->  Seq Scan on impressions  (cost=0.00..12714.00 rows=31 width=0)
         Filter: (listing_id = 104279)
[0m
  [4;36;1mSQL (156.5ms)[0m   [0;1mSELECT count(*) AS count_all FROM "impressions" WHERE ("impressions".listing_id = 104281) [0m
  [4;35;1mAnalyzing  Execution Time: 0.156728

[0m   [0mAggregate  (cost=12714.08..12714.09 rows=1 width=0)
   ->  Seq Scan on impressions  (cost=0.00..12714.00 rows=31 width=0)
         Filter: (listing_id = 104281)
[0m
  [4;36;1mSQL (153.4ms)[0m   [0;1mSELECT count(*) AS count_all FROM "impressions" WHERE ("impressions".listing_id = 104291) [0m
  [4;35;1mAnalyzing  Execution Time: 0.153695

[0m   [0mAggregate  (cost=12714.08..12714.09 rows=1 width=0)
   ->  Seq Scan on impressions  (cost=0.00..12714.00 rows=31 width=0)
         Filter: (listing_id = 104291)
[0m
  [4;36;1mSQL (138.9ms)[0m   [0;1mSELECT count(*) AS count_all FROM "impressions" WHERE ("impressions".listing_id = 104292) [0m
  [4;35;1mAnalyzing  Execution Time: 0.139109

[0m   [0mAggregate  (cost=12714.08..12714.09 rows=1 width=0)
   ->  Seq Scan on impressions  (cost=0.00..12714.00 rows=31 width=0)
         Filter: (listing_id = 104292)
[0m
  [4;36;1mSQL (150.9ms)[0m   [0;1mSELECT count(*) AS count_all FROM "impressions" WHERE ("impressions".listing_id = 104294) [0m
  [4;35;1mAnalyzing  Execution Time: 0.151205

[0m   [0mAggregate  (cost=12714.08..12714.09 rows=1 width=0)
   ->  Seq Scan on impressions  (cost=0.00..12714.00 rows=31 width=0)
         Filter: (listing_id = 104294)
[0m
  [4;36;1mSQL (148.8ms)[0m   [0;1mSELECT count(*) AS count_all FROM "impressions" WHERE ("impressions".listing_id = 104295) [0m
  [4;35;1mAnalyzing  Execution Time: 0.149116

[0m   [0mAggregate  (cost=12714.08..12714.09 rows=1 width=0)
   ->  Seq Scan on impressions  (cost=0.00..12714.00 rows=31 width=0)
         Filter: (listing_id = 104295)
[0m
  [4;36;1mSQL (149.0ms)[0m   [0;1mSELECT count(*) AS count_all FROM "impressions" WHERE ("impressions".listing_id = 104296) [0m
  [4;35;1mAnalyzing  Execution Time: 0.149266

[0m   [0mAggregate  (cost=12714.08..12714.09 rows=1 width=0)
   ->  Seq Scan on impressions  (cost=0.00..12714.00 rows=31 width=0)
         Filter: (listing_id = 104296)
[0m
  [4;36;1mSQL (149.0ms)[0m   [0;1mSELECT count(*) AS count_all FROM "impressions" WHERE ("impressions".listing_id = 104297) [0m
  [4;35;1mAnalyzing  Execution Time: 0.149201

[0m   [0mAggregate  (cost=12714.08..12714.09 rows=1 width=0)
   ->  Seq Scan on impressions  (cost=0.00..12714.00 rows=31 width=0)
         Filter: (listing_id = 104297)
[0m
  [4;36;1mSQL (147.8ms)[0m   [0;1mSELECT count(*) AS count_all FROM "impressions" WHERE ("impressions".listing_id = 104298) [0m
  [4;35;1mAnalyzing  Execution Time: 0.148076

[0m   [0mAggregate  (cost=12714.08..12714.09 rows=1 width=0)
   ->  Seq Scan on impressions  (cost=0.00..12714.00 rows=31 width=0)
         Filter: (listing_id = 104298)
[0m
  [4;36;1mSQL (153.3ms)[0m   [0;1mSELECT count(*) AS count_all FROM "impressions" WHERE ("impressions".listing_id = 104299) [0m
  [4;35;1mAnalyzing  Execution Time: 0.153589

[0m   [0mAggregate  (cost=12714.08..12714.09 rows=1 width=0)
   ->  Seq Scan on impressions  (cost=0.00..12714.00 rows=31 width=0)
         Filter: (listing_id = 104299)
[0m
  [4;36;1mSQL (152.6ms)[0m   [0;1mSELECT count(*) AS count_all FROM "impressions" WHERE ("impressions".listing_id = 104300) [0m
  [4;35;1mAnalyzing  Execution Time: 0.152869

[0m   [0mAggregate  (cost=12714.08..12714.09 rows=1 width=0)
   ->  Seq Scan on impressions  (cost=0.00..12714.00 rows=31 width=0)
         Filter: (listing_id = 104300)
[0m
  [4;36;1mSQL (154.8ms)[0m   [0;1mSELECT count(*) AS count_all FROM "impressions" WHERE ("impressions".listing_id = 104305) [0m
  [4;35;1mAnalyzing  Execution Time: 0.155074

[0m   [0mAggregate  (cost=12714.08..12714.09 rows=1 width=0)
   ->  Seq Scan on impressions  (cost=0.00..12714.00 rows=31 width=0)
         Filter: (listing_id = 104305)
[0m
  [4;36;1mSQL (148.2ms)[0m   [0;1mSELECT count(*) AS count_all FROM "impressions" WHERE ("impressions".listing_id = 104306) [0m
  [4;35;1mAnalyzing  Execution Time: 0.14851

[0m   [0mAggregate  (cost=12714.08..12714.09 rows=1 width=0)
   ->  Seq Scan on impressions  (cost=0.00..12714.00 rows=31 width=0)
         Filter: (listing_id = 104306)
[0m
  [4;36;1mSQL (141.0ms)[0m   [0;1mSELECT count(*) AS count_all FROM "impressions" WHERE ("impressions".listing_id = 104307) [0m
  [4;35;1mAnalyzing  Execution Time: 0.141336

[0m   [0mAggregate  (cost=12714.08..12714.09 rows=1 width=0)
   ->  Seq Scan on impressions  (cost=0.00..12714.00 rows=31 width=0)
         Filter: (listing_id = 104307)
[0m
  [4;36;1mSQL (143.6ms)[0m   [0;1mSELECT count(*) AS count_all FROM "impressions" WHERE ("impressions".listing_id = 104308) [0m
  [4;35;1mAnalyzing  Execution Time: 0.143856

[0m   [0mAggregate  (cost=12714.08..12714.09 rows=1 width=0)
   ->  Seq Scan on impressions  (cost=0.00..12714.00 rows=31 width=0)
         Filter: (listing_id = 104308)
[0m
  [4;36;1mSQL (155.2ms)[0m   [0;1mSELECT count(*) AS count_all FROM "impressions" WHERE ("impressions".listing_id = 109388) [0m
  [4;35;1mAnalyzing  Execution Time: 0.155458

[0m   [0mAggregate  (cost=12714.08..12714.09 rows=1 width=0)
   ->  Seq Scan on impressions  (cost=0.00..12714.00 rows=31 width=0)
         Filter: (listing_id = 109388)
[0m
  [4;36;1mSQL (151.3ms)[0m   [0;1mSELECT count(*) AS count_all FROM "impressions" WHERE ("impressions".listing_id = 110653) [0m
  [4;35;1mAnalyzing  Execution Time: 0.151517

[0m   [0mAggregate  (cost=12714.08..12714.09 rows=1 width=0)
   ->  Seq Scan on impressions  (cost=0.00..12714.00 rows=31 width=0)
         Filter: (listing_id = 110653)
[0m
  [4;36;1mSQL (14.0ms)[0m   [0;1mSELECT count(*) AS count_all FROM "clicks" WHERE ("clicks".listing_id = 64852) [0m
  [4;35;1mAnalyzing  Execution Time: 0.014346

[0m   [0mAggregate  (cost=814.47..814.48 rows=1 width=0)
   ->  Seq Scan on clicks  (cost=0.00..814.46 rows=2 width=0)
         Filter: (listing_id = 64852)
[0m
  [4;36;1mSQL (12.6ms)[0m   [0;1mSELECT count(*) AS count_all FROM "clicks" WHERE ("clicks".listing_id = 66139) [0m
  [4;35;1mAnalyzing  Execution Time: 0.012902

[0m   [0mAggregate  (cost=814.47..814.48 rows=1 width=0)
   ->  Seq Scan on clicks  (cost=0.00..814.46 rows=2 width=0)
         Filter: (listing_id = 66139)
[0m
  [4;36;1mSQL (9.9ms)[0m   [0;1mSELECT count(*) AS count_all FROM "clicks" WHERE ("clicks".listing_id = 66213) [0m
  [4;35;1mAnalyzing  Execution Time: 0.010175

[0m   [0mAggregate  (cost=814.47..814.48 rows=1 width=0)
   ->  Seq Scan on clicks  (cost=0.00..814.46 rows=2 width=0)
         Filter: (listing_id = 66213)
[0m
  [4;36;1mSQL (9.5ms)[0m   [0;1mSELECT count(*) AS count_all FROM "clicks" WHERE ("clicks".listing_id = 66645) [0m
  [4;35;1mAnalyzing  Execution Time: 0.009799

[0m   [0mAggregate  (cost=814.47..814.48 rows=1 width=0)
   ->  Seq Scan on clicks  (cost=0.00..814.46 rows=2 width=0)
         Filter: (listing_id = 66645)
[0m
  [4;36;1mSQL (8.5ms)[0m   [0;1mSELECT count(*) AS count_all FROM "clicks" WHERE ("clicks".listing_id = 66646) [0m
  [4;35;1mAnalyzing  Execution Time: 0.008767

[0m   [0mAggregate  (cost=814.47..814.48 rows=1 width=0)
   ->  Seq Scan on clicks  (cost=0.00..814.46 rows=2 width=0)
         Filter: (listing_id = 66646)
[0m
  [4;36;1mSQL (11.7ms)[0m   [0;1mSELECT count(*) AS count_all FROM "clicks" WHERE ("clicks".listing_id = 67739) [0m
  [4;35;1mAnalyzing  Execution Time: 0.012018

[0m   [0mAggregate  (cost=814.47..814.48 rows=1 width=0)
   ->  Seq Scan on clicks  (cost=0.00..814.46 rows=2 width=0)
         Filter: (listing_id = 67739)
[0m
  [4;36;1mSQL (9.3ms)[0m   [0;1mSELECT count(*) AS count_all FROM "clicks" WHERE ("clicks".listing_id = 67740) [0m
  [4;35;1mAnalyzing  Execution Time: 0.009613

[0m   [0mAggregate  (cost=814.47..814.48 rows=1 width=0)
   ->  Seq Scan on clicks  (cost=0.00..814.46 rows=2 width=0)
         Filter: (listing_id = 67740)
[0m
  [4;36;1mSQL (8.3ms)[0m   [0;1mSELECT count(*) AS count_all FROM "clicks" WHERE ("clicks".listing_id = 69903) [0m
  [4;35;1mAnalyzing  Execution Time: 0.008624

[0m   [0mAggregate  (cost=814.47..814.48 rows=1 width=0)
   ->  Seq Scan on clicks  (cost=0.00..814.46 rows=2 width=0)
         Filter: (listing_id = 69903)
[0m
  [4;36;1mSQL (12.1ms)[0m   [0;1mSELECT count(*) AS count_all FROM "clicks" WHERE ("clicks".listing_id = 70097) [0m
  [4;35;1mAnalyzing  Execution Time: 0.012378

[0m   [0mAggregate  (cost=814.47..814.48 rows=1 width=0)
   ->  Seq Scan on clicks  (cost=0.00..814.46 rows=2 width=0)
         Filter: (listing_id = 70097)
[0m
  [4;36;1mSQL (9.6ms)[0m   [0;1mSELECT count(*) AS count_all FROM "clicks" WHERE ("clicks".listing_id = 71596) [0m
  [4;35;1mAnalyzing  Execution Time: 0.009974

[0m   [0mAggregate  (cost=814.47..814.48 rows=1 width=0)
   ->  Seq Scan on clicks  (cost=0.00..814.46 rows=2 width=0)
         Filter: (listing_id = 71596)
[0m
  [4;36;1mSQL (9.1ms)[0m   [0;1mSELECT count(*) AS count_all FROM "clicks" WHERE ("clicks".listing_id = 71597) [0m
  [4;35;1mAnalyzing  Execution Time: 0.009431

[0m   [0mAggregate  (cost=814.47..814.48 rows=1 width=0)
   ->  Seq Scan on clicks  (cost=0.00..814.46 rows=2 width=0)
         Filter: (listing_id = 71597)
[0m
  [4;36;1mSQL (8.4ms)[0m   [0;1mSELECT count(*) AS count_all FROM "clicks" WHERE ("clicks".listing_id = 71598) [0m
  [4;35;1mAnalyzing  Execution Time: 0.008717

[0m   [0mAggregate  (cost=814.47..814.48 rows=1 width=0)
   ->  Seq Scan on clicks  (cost=0.00..814.46 rows=2 width=0)
         Filter: (listing_id = 71598)
[0m
  [4;36;1mSQL (10.1ms)[0m   [0;1mSELECT count(*) AS count_all FROM "clicks" WHERE ("clicks".listing_id = 71599) [0m
  [4;35;1mAnalyzing  Execution Time: 0.010414

[0m   [0mAggregate  (cost=814.47..814.48 rows=1 width=0)
   ->  Seq Scan on clicks  (cost=0.00..814.46 rows=2 width=0)
         Filter: (listing_id = 71599)
[0m
  [4;36;1mSQL (10.6ms)[0m   [0;1mSELECT count(*) AS count_all FROM "clicks" WHERE ("clicks".listing_id = 71600) [0m
  [4;35;1mAnalyzing  Execution Time: 0.010921

[0m   [0mAggregate  (cost=814.47..814.48 rows=1 width=0)
   ->  Seq Scan on clicks  (cost=0.00..814.46 rows=2 width=0)
         Filter: (listing_id = 71600)
[0m
  [4;36;1mSQL (8.4ms)[0m   [0;1mSELECT count(*) AS count_all FROM "clicks" WHERE ("clicks".listing_id = 71601) [0m
  [4;35;1mAnalyzing  Execution Time: 0.008717

[0m   [0mAggregate  (cost=814.47..814.48 rows=1 width=0)
   ->  Seq Scan on clicks  (cost=0.00..814.46 rows=2 width=0)
         Filter: (listing_id = 71601)
[0m
  [4;36;1mSQL (11.0ms)[0m   [0;1mSELECT count(*) AS count_all FROM "clicks" WHERE ("clicks".listing_id = 71602) [0m
  [4;35;1mAnalyzing  Execution Time: 0.011298

[0m   [0mAggregate  (cost=814.47..814.48 rows=1 width=0)
   ->  Seq Scan on clicks  (cost=0.00..814.46 rows=2 width=0)
         Filter: (listing_id = 71602)
[0m
  [4;36;1mSQL (8.6ms)[0m   [0;1mSELECT count(*) AS count_all FROM "clicks" WHERE ("clicks".listing_id = 71603) [0m
  [4;35;1mAnalyzing  Execution Time: 0.008918

[0m   [0mAggregate  (cost=814.47..814.48 rows=1 width=0)
   ->  Seq Scan on clicks  (cost=0.00..814.46 rows=2 width=0)
         Filter: (listing_id = 71603)
[0m
  [4;36;1mSQL (8.6ms)[0m   [0;1mSELECT count(*) AS count_all FROM "clicks" WHERE ("clicks".listing_id = 71604) [0m
  [4;35;1mAnalyzing  Execution Time: 0.008931

[0m   [0mAggregate  (cost=814.47..814.48 rows=1 width=0)
   ->  Seq Scan on clicks  (cost=0.00..814.46 rows=2 width=0)
         Filter: (listing_id = 71604)
[0m
  [4;36;1mSQL (11.0ms)[0m   [0;1mSELECT count(*) AS count_all FROM "clicks" WHERE ("clicks".listing_id = 71605) [0m
  [4;35;1mAnalyzing  Execution Time: 0.011356

[0m   [0mAggregate  (cost=814.47..814.48 rows=1 width=0)
   ->  Seq Scan on clicks  (cost=0.00..814.46 rows=2 width=0)
         Filter: (listing_id = 71605)
[0m
  [4;36;1mSQL (8.5ms)[0m   [0;1mSELECT count(*) AS count_all FROM "clicks" WHERE ("clicks".listing_id = 71606) [0m
  [4;35;1mAnalyzing  Execution Time: 0.00895

[0m   [0mAggregate  (cost=814.48..814.49 rows=1 width=0)
   ->  Seq Scan on clicks  (cost=0.00..814.46 rows=7 width=0)
         Filter: (listing_id = 71606)
[0m
  [4;36;1mSQL (9.7ms)[0m   [0;1mSELECT count(*) AS count_all FROM "clicks" WHERE ("clicks".listing_id = 71607) [0m
  [4;35;1mAnalyzing  Execution Time: 0.009966

[0m   [0mAggregate  (cost=814.47..814.48 rows=1 width=0)
   ->  Seq Scan on clicks  (cost=0.00..814.46 rows=2 width=0)
         Filter: (listing_id = 71607)
[0m
  [4;36;1mSQL (13.5ms)[0m   [0;1mSELECT count(*) AS count_all FROM "clicks" WHERE ("clicks".listing_id = 71608) [0m
  [4;35;1mAnalyzing  Execution Time: 0.013781

[0m   [0mAggregate  (cost=814.47..814.48 rows=1 width=0)
   ->  Seq Scan on clicks  (cost=0.00..814.46 rows=2 width=0)
         Filter: (listing_id = 71608)
[0m
  [4;36;1mSQL (8.7ms)[0m   [0;1mSELECT count(*) AS count_all FROM "clicks" WHERE ("clicks".listing_id = 71609) [0m
  [4;35;1mAnalyzing  Execution Time: 0.008937

[0m   [0mAggregate  (cost=814.47..814.48 rows=1 width=0)
   ->  Seq Scan on clicks  (cost=0.00..814.46 rows=2 width=0)
         Filter: (listing_id = 71609)
[0m
  [4;36;1mSQL (10.5ms)[0m   [0;1mSELECT count(*) AS count_all FROM "clicks" WHERE ("clicks".listing_id = 71611) [0m
  [4;35;1mAnalyzing  Execution Time: 0.010732

[0m   [0mAggregate  (cost=814.47..814.48 rows=1 width=0)
   ->  Seq Scan on clicks  (cost=0.00..814.46 rows=2 width=0)
         Filter: (listing_id = 71611)
[0m
  [4;36;1mSQL (8.9ms)[0m   [0;1mSELECT count(*) AS count_all FROM "clicks" WHERE ("clicks".listing_id = 71612) [0m
  [4;35;1mAnalyzing  Execution Time: 0.009142

[0m   [0mAggregate  (cost=814.47..814.48 rows=1 width=0)
   ->  Seq Scan on clicks  (cost=0.00..814.46 rows=2 width=0)
         Filter: (listing_id = 71612)
[0m
  [4;36;1mSQL (9.0ms)[0m   [0;1mSELECT count(*) AS count_all FROM "clicks" WHERE ("clicks".listing_id = 71613) [0m
  [4;35;1mAnalyzing  Execution Time: 0.009295

[0m   [0mAggregate  (cost=814.47..814.48 rows=1 width=0)
   ->  Seq Scan on clicks  (cost=0.00..814.46 rows=2 width=0)
         Filter: (listing_id = 71613)
[0m
  [4;36;1mSQL (11.1ms)[0m   [0;1mSELECT count(*) AS count_all FROM "clicks" WHERE ("clicks".listing_id = 71614) [0m
  [4;35;1mAnalyzing  Execution Time: 0.011355

[0m   [0mAggregate  (cost=814.47..814.48 rows=1 width=0)
   ->  Seq Scan on clicks  (cost=0.00..814.46 rows=2 width=0)
         Filter: (listing_id = 71614)
[0m
  [4;36;1mSQL (9.4ms)[0m   [0;1mSELECT count(*) AS count_all FROM "clicks" WHERE ("clicks".listing_id = 71615) [0m
  [4;35;1mAnalyzing  Execution Time: 0.009695

[0m   [0mAggregate  (cost=814.47..814.48 rows=1 width=0)
   ->  Seq Scan on clicks  (cost=0.00..814.46 rows=2 width=0)
         Filter: (listing_id = 71615)
[0m
  [4;36;1mSQL (8.5ms)[0m   [0;1mSELECT count(*) AS count_all FROM "clicks" WHERE ("clicks".listing_id = 71616) [0m
  [4;35;1mAnalyzing  Execution Time: 0.008805

[0m   [0mAggregate  (cost=814.47..814.48 rows=1 width=0)
   ->  Seq Scan on clicks  (cost=0.00..814.46 rows=2 width=0)
         Filter: (listing_id = 71616)
[0m
  [4;36;1mSQL (9.6ms)[0m   [0;1mSELECT count(*) AS count_all FROM "clicks" WHERE ("clicks".listing_id = 71617) [0m
  [4;35;1mAnalyzing  Execution Time: 0.009945

[0m   [0mAggregate  (cost=814.47..814.48 rows=1 width=0)
   ->  Seq Scan on clicks  (cost=0.00..814.46 rows=2 width=0)
         Filter: (listing_id = 71617)
[0m
  [4;36;1mSQL (11.2ms)[0m   [0;1mSELECT count(*) AS count_all FROM "clicks" WHERE ("clicks".listing_id = 71618) [0m
  [4;35;1mAnalyzing  Execution Time: 0.011497

[0m   [0mAggregate  (cost=814.47..814.48 rows=1 width=0)
   ->  Seq Scan on clicks  (cost=0.00..814.46 rows=2 width=0)
         Filter: (listing_id = 71618)
[0m
  [4;36;1mSQL (9.7ms)[0m   [0;1mSELECT count(*) AS count_all FROM "clicks" WHERE ("clicks".listing_id = 71619) [0m
  [4;35;1mAnalyzing  Execution Time: 0.01001

[0m   [0mAggregate  (cost=814.47..814.48 rows=1 width=0)
   ->  Seq Scan on clicks  (cost=0.00..814.46 rows=2 width=0)
         Filter: (listing_id = 71619)
[0m
  [4;36;1mSQL (10.3ms)[0m   [0;1mSELECT count(*) AS count_all FROM "clicks" WHERE ("clicks".listing_id = 71620) [0m
  [4;35;1mAnalyzing  Execution Time: 0.010541

[0m   [0mAggregate  (cost=814.47..814.48 rows=1 width=0)
   ->  Seq Scan on clicks  (cost=0.00..814.46 rows=2 width=0)
         Filter: (listing_id = 71620)
[0m
  [4;36;1mSQL (8.4ms)[0m   [0;1mSELECT count(*) AS count_all FROM "clicks" WHERE ("clicks".listing_id = 71621) [0m
  [4;35;1mAnalyzing  Execution Time: 0.008712

[0m   [0mAggregate  (cost=814.47..814.48 rows=1 width=0)
   ->  Seq Scan on clicks  (cost=0.00..814.46 rows=2 width=0)
         Filter: (listing_id = 71621)
[0m
  [4;36;1mSQL (9.2ms)[0m   [0;1mSELECT count(*) AS count_all FROM "clicks" WHERE ("clicks".listing_id = 71622) [0m
  [4;35;1mAnalyzing  Execution Time: 0.009423

[0m   [0mAggregate  (cost=814.47..814.48 rows=1 width=0)
   ->  Seq Scan on clicks  (cost=0.00..814.46 rows=2 width=0)
         Filter: (listing_id = 71622)
[0m
  [4;36;1mSQL (10.2ms)[0m   [0;1mSELECT count(*) AS count_all FROM "clicks" WHERE ("clicks".listing_id = 72476) [0m
  [4;35;1mAnalyzing  Execution Time: 0.010483

[0m   [0mAggregate  (cost=814.47..814.48 rows=1 width=0)
   ->  Seq Scan on clicks  (cost=0.00..814.46 rows=2 width=0)
         Filter: (listing_id = 72476)
[0m
  [4;36;1mSQL (8.6ms)[0m   [0;1mSELECT count(*) AS count_all FROM "clicks" WHERE ("clicks".listing_id = 72477) [0m
  [4;35;1mAnalyzing  Execution Time: 0.008878

[0m   [0mAggregate  (cost=814.47..814.48 rows=1 width=0)
   ->  Seq Scan on clicks  (cost=0.00..814.46 rows=2 width=0)
         Filter: (listing_id = 72477)
[0m
  [4;36;1mSQL (9.2ms)[0m   [0;1mSELECT count(*) AS count_all FROM "clicks" WHERE ("clicks".listing_id = 72478) [0m
  [4;35;1mAnalyzing  Execution Time: 0.010043

[0m   [0mAggregate  (cost=814.47..814.48 rows=1 width=0)
   ->  Seq Scan on clicks  (cost=0.00..814.46 rows=2 width=0)
         Filter: (listing_id = 72478)
[0m
  [4;36;1mSQL (10.1ms)[0m   [0;1mSELECT count(*) AS count_all FROM "clicks" WHERE ("clicks".listing_id = 72479) [0m
  [4;35;1mAnalyzing  Execution Time: 0.01039

[0m   [0mAggregate  (cost=814.47..814.48 rows=1 width=0)
   ->  Seq Scan on clicks  (cost=0.00..814.46 rows=2 width=0)
         Filter: (listing_id = 72479)
[0m
  [4;36;1mSQL (8.9ms)[0m   [0;1mSELECT count(*) AS count_all FROM "clicks" WHERE ("clicks".listing_id = 73123) [0m
  [4;35;1mAnalyzing  Execution Time: 0.009109

[0m   [0mAggregate  (cost=814.47..814.48 rows=1 width=0)
   ->  Seq Scan on clicks  (cost=0.00..814.46 rows=2 width=0)
         Filter: (listing_id = 73123)
[0m
  [4;36;1mSQL (10.7ms)[0m   [0;1mSELECT count(*) AS count_all FROM "clicks" WHERE ("clicks".listing_id = 73125) [0m
  [4;35;1mAnalyzing  Execution Time: 0.010974

[0m   [0mAggregate  (cost=814.47..814.48 rows=1 width=0)
   ->  Seq Scan on clicks  (cost=0.00..814.46 rows=2 width=0)
         Filter: (listing_id = 73125)
[0m
  [4;36;1mSQL (9.5ms)[0m   [0;1mSELECT count(*) AS count_all FROM "clicks" WHERE ("clicks".listing_id = 73244) [0m
  [4;35;1mAnalyzing  Execution Time: 0.009728

[0m   [0mAggregate  (cost=814.47..814.48 rows=1 width=0)
   ->  Seq Scan on clicks  (cost=0.00..814.46 rows=2 width=0)
         Filter: (listing_id = 73244)
[0m
  [4;36;1mSQL (8.3ms)[0m   [0;1mSELECT count(*) AS count_all FROM "clicks" WHERE ("clicks".listing_id = 74582) [0m
  [4;35;1mAnalyzing  Execution Time: 0.008542

[0m   [0mAggregate  (cost=814.47..814.48 rows=1 width=0)
   ->  Seq Scan on clicks  (cost=0.00..814.46 rows=2 width=0)
         Filter: (listing_id = 74582)
[0m
  [4;36;1mSQL (11.1ms)[0m   [0;1mSELECT count(*) AS count_all FROM "clicks" WHERE ("clicks".listing_id = 74583) [0m
  [4;35;1mAnalyzing  Execution Time: 0.011348

[0m   [0mAggregate  (cost=814.47..814.48 rows=1 width=0)
   ->  Seq Scan on clicks  (cost=0.00..814.46 rows=2 width=0)
         Filter: (listing_id = 74583)
[0m
  [4;36;1mSQL (9.2ms)[0m   [0;1mSELECT count(*) AS count_all FROM "clicks" WHERE ("clicks".listing_id = 74584) [0m
  [4;35;1mAnalyzing  Execution Time: 0.009458

[0m   [0mAggregate  (cost=814.47..814.48 rows=1 width=0)
   ->  Seq Scan on clicks  (cost=0.00..814.46 rows=2 width=0)
         Filter: (listing_id = 74584)
[0m
  [4;36;1mSQL (8.4ms)[0m   [0;1mSELECT count(*) AS count_all FROM "clicks" WHERE ("clicks".listing_id = 74585) [0m
  [4;35;1mAnalyzing  Execution Time: 0.008657

[0m   [0mAggregate  (cost=814.47..814.48 rows=1 width=0)
   ->  Seq Scan on clicks  (cost=0.00..814.46 rows=2 width=0)
         Filter: (listing_id = 74585)
[0m
  [4;36;1mSQL (11.6ms)[0m   [0;1mSELECT count(*) AS count_all FROM "clicks" WHERE ("clicks".listing_id = 74586) [0m
  [4;35;1mAnalyzing  Execution Time: 0.011903

[0m   [0mAggregate  (cost=814.47..814.48 rows=1 width=0)
   ->  Seq Scan on clicks  (cost=0.00..814.46 rows=2 width=0)
         Filter: (listing_id = 74586)
[0m
  [4;36;1mSQL (10.9ms)[0m   [0;1mSELECT count(*) AS count_all FROM "clicks" WHERE ("clicks".listing_id = 74587) [0m
  [4;35;1mAnalyzing  Execution Time: 0.011165

[0m   [0mAggregate  (cost=814.47..814.48 rows=1 width=0)
   ->  Seq Scan on clicks  (cost=0.00..814.46 rows=2 width=0)
         Filter: (listing_id = 74587)
[0m
  [4;36;1mSQL (9.2ms)[0m   [0;1mSELECT count(*) AS count_all FROM "clicks" WHERE ("clicks".listing_id = 74588) [0m
  [4;35;1mAnalyzing  Execution Time: 0.009517

[0m   [0mAggregate  (cost=814.47..814.48 rows=1 width=0)
   ->  Seq Scan on clicks  (cost=0.00..814.46 rows=2 width=0)
         Filter: (listing_id = 74588)
[0m
  [4;36;1mSQL (9.4ms)[0m   [0;1mSELECT count(*) AS count_all FROM "clicks" WHERE ("clicks".listing_id = 74589) [0m
  [4;35;1mAnalyzing  Execution Time: 0.009654

[0m   [0mAggregate  (cost=814.47..814.48 rows=1 width=0)
   ->  Seq Scan on clicks  (cost=0.00..814.46 rows=2 width=0)
         Filter: (listing_id = 74589)
[0m
  [4;36;1mSQL (8.4ms)[0m   [0;1mSELECT count(*) AS count_all FROM "clicks" WHERE ("clicks".listing_id = 74590) [0m
  [4;35;1mAnalyzing  Execution Time: 0.008668

[0m   [0mAggregate  (cost=814.47..814.48 rows=1 width=0)
   ->  Seq Scan on clicks  (cost=0.00..814.46 rows=2 width=0)
         Filter: (listing_id = 74590)
[0m
  [4;36;1mSQL (9.1ms)[0m   [0;1mSELECT count(*) AS count_all FROM "clicks" WHERE ("clicks".listing_id = 74592) [0m
  [4;35;1mAnalyzing  Execution Time: 0.009329

[0m   [0mAggregate  (cost=814.47..814.48 rows=1 width=0)
   ->  Seq Scan on clicks  (cost=0.00..814.46 rows=2 width=0)
         Filter: (listing_id = 74592)
[0m
  [4;36;1mSQL (9.6ms)[0m   [0;1mSELECT count(*) AS count_all FROM "clicks" WHERE ("clicks".listing_id = 75931) [0m
  [4;35;1mAnalyzing  Execution Time: 0.009923

[0m   [0mAggregate  (cost=814.47..814.48 rows=1 width=0)
   ->  Seq Scan on clicks  (cost=0.00..814.46 rows=2 width=0)
         Filter: (listing_id = 75931)
[0m
  [4;36;1mSQL (8.6ms)[0m   [0;1mSELECT count(*) AS count_all FROM "clicks" WHERE ("clicks".listing_id = 75932) [0m
  [4;35;1mAnalyzing  Execution Time: 0.008898

[0m   [0mAggregate  (cost=814.47..814.48 rows=1 width=0)
   ->  Seq Scan on clicks  (cost=0.00..814.46 rows=2 width=0)
         Filter: (listing_id = 75932)
[0m
  [4;36;1mSQL (8.8ms)[0m   [0;1mSELECT count(*) AS count_all FROM "clicks" WHERE ("clicks".listing_id = 75933) [0m
  [4;35;1mAnalyzing  Execution Time: 0.009048

[0m   [0mAggregate  (cost=814.47..814.48 rows=1 width=0)
   ->  Seq Scan on clicks  (cost=0.00..814.46 rows=2 width=0)
         Filter: (listing_id = 75933)
[0m
  [4;36;1mSQL (10.3ms)[0m   [0;1mSELECT count(*) AS count_all FROM "clicks" WHERE ("clicks".listing_id = 75934) [0m
  [4;35;1mAnalyzing  Execution Time: 0.010658

[0m   [0mAggregate  (cost=814.47..814.48 rows=1 width=0)
   ->  Seq Scan on clicks  (cost=0.00..814.46 rows=2 width=0)
         Filter: (listing_id = 75934)
[0m
  [4;36;1mSQL (9.0ms)[0m   [0;1mSELECT count(*) AS count_all FROM "clicks" WHERE ("clicks".listing_id = 75935) [0m
  [4;35;1mAnalyzing  Execution Time: 0.009278

[0m   [0mAggregate  (cost=814.47..814.48 rows=1 width=0)
   ->  Seq Scan on clicks  (cost=0.00..814.46 rows=2 width=0)
         Filter: (listing_id = 75935)
[0m
  [4;36;1mSQL (9.4ms)[0m   [0;1mSELECT count(*) AS count_all FROM "clicks" WHERE ("clicks".listing_id = 75936) [0m
  [4;35;1mAnalyzing  Execution Time: 0.009706

[0m   [0mAggregate  (cost=814.47..814.48 rows=1 width=0)
   ->  Seq Scan on clicks  (cost=0.00..814.46 rows=2 width=0)
         Filter: (listing_id = 75936)
[0m
  [4;36;1mSQL (8.8ms)[0m   [0;1mSELECT count(*) AS count_all FROM "clicks" WHERE ("clicks".listing_id = 75937) [0m
  [4;35;1mAnalyzing  Execution Time: 0.009084

[0m   [0mAggregate  (cost=814.47..814.48 rows=1 width=0)
   ->  Seq Scan on clicks  (cost=0.00..814.46 rows=2 width=0)
         Filter: (listing_id = 75937)
[0m
  [4;36;1mSQL (8.8ms)[0m   [0;1mSELECT count(*) AS count_all FROM "clicks" WHERE ("clicks".listing_id = 75938) [0m
  [4;35;1mAnalyzing  Execution Time: 0.0091

[0m   [0mAggregate  (cost=814.47..814.48 rows=1 width=0)
   ->  Seq Scan on clicks  (cost=0.00..814.46 rows=2 width=0)
         Filter: (listing_id = 75938)
[0m
  [4;36;1mSQL (10.2ms)[0m   [0;1mSELECT count(*) AS count_all FROM "clicks" WHERE ("clicks".listing_id = 75939) [0m
  [4;35;1mAnalyzing  Execution Time: 0.010457

[0m   [0mAggregate  (cost=814.47..814.48 rows=1 width=0)
   ->  Seq Scan on clicks  (cost=0.00..814.46 rows=2 width=0)
         Filter: (listing_id = 75939)
[0m
  [4;36;1mSQL (9.2ms)[0m   [0;1mSELECT count(*) AS count_all FROM "clicks" WHERE ("clicks".listing_id = 75940) [0m
  [4;35;1mAnalyzing  Execution Time: 0.009479

[0m   [0mAggregate  (cost=814.47..814.48 rows=1 width=0)
   ->  Seq Scan on clicks  (cost=0.00..814.46 rows=2 width=0)
         Filter: (listing_id = 75940)
[0m
  [4;36;1mSQL (8.5ms)[0m   [0;1mSELECT count(*) AS count_all FROM "clicks" WHERE ("clicks".listing_id = 75941) [0m
  [4;35;1mAnalyzing  Execution Time: 0.008713

[0m   [0mAggregate  (cost=814.47..814.48 rows=1 width=0)
   ->  Seq Scan on clicks  (cost=0.00..814.46 rows=2 width=0)
         Filter: (listing_id = 75941)
[0m
  [4;36;1mSQL (10.5ms)[0m   [0;1mSELECT count(*) AS count_all FROM "clicks" WHERE ("clicks".listing_id = 75942) [0m
  [4;35;1mAnalyzing  Execution Time: 0.010809

[0m   [0mAggregate  (cost=814.47..814.48 rows=1 width=0)
   ->  Seq Scan on clicks  (cost=0.00..814.46 rows=2 width=0)
         Filter: (listing_id = 75942)
[0m
  [4;36;1mSQL (10.4ms)[0m   [0;1mSELECT count(*) AS count_all FROM "clicks" WHERE ("clicks".listing_id = 75943) [0m
  [4;35;1mAnalyzing  Execution Time: 0.0107

[0m   [0mAggregate  (cost=814.47..814.48 rows=1 width=0)
   ->  Seq Scan on clicks  (cost=0.00..814.46 rows=2 width=0)
         Filter: (listing_id = 75943)
[0m
  [4;36;1mSQL (8.5ms)[0m   [0;1mSELECT count(*) AS count_all FROM "clicks" WHERE ("clicks".listing_id = 75944) [0m
  [4;35;1mAnalyzing  Execution Time: 0.008798

[0m   [0mAggregate  (cost=814.47..814.48 rows=1 width=0)
   ->  Seq Scan on clicks  (cost=0.00..814.46 rows=2 width=0)
         Filter: (listing_id = 75944)
[0m
  [4;36;1mSQL (9.9ms)[0m   [0;1mSELECT count(*) AS count_all FROM "clicks" WHERE ("clicks".listing_id = 75945) [0m
  [4;35;1mAnalyzing  Execution Time: 0.010218

[0m   [0mAggregate  (cost=814.47..814.48 rows=1 width=0)
   ->  Seq Scan on clicks  (cost=0.00..814.46 rows=2 width=0)
         Filter: (listing_id = 75945)
[0m
  [4;36;1mSQL (9.3ms)[0m   [0;1mSELECT count(*) AS count_all FROM "clicks" WHERE ("clicks".listing_id = 75946) [0m
  [4;35;1mAnalyzing  Execution Time: 0.009588

[0m   [0mAggregate  (cost=814.47..814.48 rows=1 width=0)
   ->  Seq Scan on clicks  (cost=0.00..814.46 rows=2 width=0)
         Filter: (listing_id = 75946)
[0m
  [4;36;1mSQL (8.8ms)[0m   [0;1mSELECT count(*) AS count_all FROM "clicks" WHERE ("clicks".listing_id = 75947) [0m
  [4;35;1mAnalyzing  Execution Time: 0.009087

[0m   [0mAggregate  (cost=814.47..814.48 rows=1 width=0)
   ->  Seq Scan on clicks  (cost=0.00..814.46 rows=2 width=0)
         Filter: (listing_id = 75947)
[0m
  [4;36;1mSQL (10.4ms)[0m   [0;1mSELECT count(*) AS count_all FROM "clicks" WHERE ("clicks".listing_id = 75948) [0m
  [4;35;1mAnalyzing  Execution Time: 0.010636

[0m   [0mAggregate  (cost=814.47..814.48 rows=1 width=0)
   ->  Seq Scan on clicks  (cost=0.00..814.46 rows=2 width=0)
         Filter: (listing_id = 75948)
[0m
  [4;36;1mSQL (8.9ms)[0m   [0;1mSELECT count(*) AS count_all FROM "clicks" WHERE ("clicks".listing_id = 76467) [0m
  [4;35;1mAnalyzing  Execution Time: 0.009151

[0m   [0mAggregate  (cost=814.47..814.48 rows=1 width=0)
   ->  Seq Scan on clicks  (cost=0.00..814.46 rows=2 width=0)
         Filter: (listing_id = 76467)
[0m
  [4;36;1mSQL (8.6ms)[0m   [0;1mSELECT count(*) AS count_all FROM "clicks" WHERE ("clicks".listing_id = 76704) [0m
  [4;35;1mAnalyzing  Execution Time: 0.008909

[0m   [0mAggregate  (cost=814.47..814.48 rows=1 width=0)
   ->  Seq Scan on clicks  (cost=0.00..814.46 rows=2 width=0)
         Filter: (listing_id = 76704)
[0m
  [4;36;1mSQL (9.9ms)[0m   [0;1mSELECT count(*) AS count_all FROM "clicks" WHERE ("clicks".listing_id = 76705) [0m
  [4;35;1mAnalyzing  Execution Time: 0.010133

[0m   [0mAggregate  (cost=814.47..814.48 rows=1 width=0)
   ->  Seq Scan on clicks  (cost=0.00..814.46 rows=2 width=0)
         Filter: (listing_id = 76705)
[0m
  [4;36;1mSQL (9.4ms)[0m   [0;1mSELECT count(*) AS count_all FROM "clicks" WHERE ("clicks".listing_id = 76707) [0m
  [4;35;1mAnalyzing  Execution Time: 0.009646

[0m   [0mAggregate  (cost=814.47..814.48 rows=1 width=0)
   ->  Seq Scan on clicks  (cost=0.00..814.46 rows=2 width=0)
         Filter: (listing_id = 76707)
[0m
  [4;36;1mSQL (9.1ms)[0m   [0;1mSELECT count(*) AS count_all FROM "clicks" WHERE ("clicks".listing_id = 76708) [0m
  [4;35;1mAnalyzing  Execution Time: 0.009879

[0m   [0mAggregate  (cost=814.47..814.48 rows=1 width=0)
   ->  Seq Scan on clicks  (cost=0.00..814.46 rows=2 width=0)
         Filter: (listing_id = 76708)
[0m
  [4;36;1mSQL (9.8ms)[0m   [0;1mSELECT count(*) AS count_all FROM "clicks" WHERE ("clicks".listing_id = 77314) [0m
  [4;35;1mAnalyzing  Execution Time: 0.010082

[0m   [0mAggregate  (cost=814.47..814.48 rows=1 width=0)
   ->  Seq Scan on clicks  (cost=0.00..814.46 rows=2 width=0)
         Filter: (listing_id = 77314)
[0m
  [4;36;1mSQL (8.5ms)[0m   [0;1mSELECT count(*) AS count_all FROM "clicks" WHERE ("clicks".listing_id = 77315) [0m
  [4;35;1mAnalyzing  Execution Time: 0.008741

[0m   [0mAggregate  (cost=814.47..814.48 rows=1 width=0)
   ->  Seq Scan on clicks  (cost=0.00..814.46 rows=2 width=0)
         Filter: (listing_id = 77315)
[0m
  [4;36;1mSQL (9.4ms)[0m   [0;1mSELECT count(*) AS count_all FROM "clicks" WHERE ("clicks".listing_id = 77316) [0m
  [4;35;1mAnalyzing  Execution Time: 0.009721

[0m   [0mAggregate  (cost=814.47..814.48 rows=1 width=0)
   ->  Seq Scan on clicks  (cost=0.00..814.46 rows=2 width=0)
         Filter: (listing_id = 77316)
[0m
  [4;36;1mSQL (10.1ms)[0m   [0;1mSELECT count(*) AS count_all FROM "clicks" WHERE ("clicks".listing_id = 77317) [0m
  [4;35;1mAnalyzing  Execution Time: 0.010461

[0m   [0mAggregate  (cost=814.47..814.48 rows=1 width=0)
   ->  Seq Scan on clicks  (cost=0.00..814.46 rows=2 width=0)
         Filter: (listing_id = 77317)
[0m
  [4;36;1mSQL (8.6ms)[0m   [0;1mSELECT count(*) AS count_all FROM "clicks" WHERE ("clicks".listing_id = 77319) [0m
  [4;35;1mAnalyzing  Execution Time: 0.008868

[0m   [0mAggregate  (cost=814.47..814.48 rows=1 width=0)
   ->  Seq Scan on clicks  (cost=0.00..814.46 rows=2 width=0)
         Filter: (listing_id = 77319)
[0m
  [4;36;1mSQL (10.1ms)[0m   [0;1mSELECT count(*) AS count_all FROM "clicks" WHERE ("clicks".listing_id = 77320) [0m
  [4;35;1mAnalyzing  Execution Time: 0.010331

[0m   [0mAggregate  (cost=814.47..814.48 rows=1 width=0)
   ->  Seq Scan on clicks  (cost=0.00..814.46 rows=2 width=0)
         Filter: (listing_id = 77320)
[0m
  [4;36;1mSQL (10.8ms)[0m   [0;1mSELECT count(*) AS count_all FROM "clicks" WHERE ("clicks".listing_id = 77869) [0m
  [4;35;1mAnalyzing  Execution Time: 0.011047

[0m   [0mAggregate  (cost=814.47..814.48 rows=1 width=0)
   ->  Seq Scan on clicks  (cost=0.00..814.46 rows=2 width=0)
         Filter: (listing_id = 77869)
[0m
  [4;36;1mSQL (9.0ms)[0m   [0;1mSELECT count(*) AS count_all FROM "clicks" WHERE ("clicks".listing_id = 77870) [0m
  [4;35;1mAnalyzing  Execution Time: 0.009233

[0m   [0mAggregate  (cost=814.47..814.48 rows=1 width=0)
   ->  Seq Scan on clicks  (cost=0.00..814.46 rows=2 width=0)
         Filter: (listing_id = 77870)
[0m
  [4;36;1mSQL (12.6ms)[0m   [0;1mSELECT count(*) AS count_all FROM "clicks" WHERE ("clicks".listing_id = 79597) [0m
  [4;35;1mAnalyzing  Execution Time: 0.012907

[0m   [0mAggregate  (cost=814.47..814.48 rows=1 width=0)
   ->  Seq Scan on clicks  (cost=0.00..814.46 rows=2 width=0)
         Filter: (listing_id = 79597)
[0m
  [4;36;1mSQL (8.7ms)[0m   [0;1mSELECT count(*) AS count_all FROM "clicks" WHERE ("clicks".listing_id = 81093) [0m
  [4;35;1mAnalyzing  Execution Time: 0.008975

[0m   [0mAggregate  (cost=814.47..814.48 rows=1 width=0)
   ->  Seq Scan on clicks  (cost=0.00..814.46 rows=2 width=0)
         Filter: (listing_id = 81093)
[0m
  [4;36;1mSQL (8.7ms)[0m   [0;1mSELECT count(*) AS count_all FROM "clicks" WHERE ("clicks".listing_id = 81094) [0m
  [4;35;1mAnalyzing  Execution Time: 0.009009

[0m   [0mAggregate  (cost=814.47..814.48 rows=1 width=0)
   ->  Seq Scan on clicks  (cost=0.00..814.46 rows=2 width=0)
         Filter: (listing_id = 81094)
[0m
  [4;36;1mSQL (10.1ms)[0m   [0;1mSELECT count(*) AS count_all FROM "clicks" WHERE ("clicks".listing_id = 81095) [0m
  [4;35;1mAnalyzing  Execution Time: 0.010471

[0m   [0mAggregate  (cost=814.47..814.48 rows=1 width=0)
   ->  Seq Scan on clicks  (cost=0.00..814.46 rows=2 width=0)
         Filter: (listing_id = 81095)
[0m
  [4;36;1mSQL (8.6ms)[0m   [0;1mSELECT count(*) AS count_all FROM "clicks" WHERE ("clicks".listing_id = 104250) [0m
  [4;35;1mAnalyzing  Execution Time: 0.008887

[0m   [0mAggregate  (cost=814.47..814.48 rows=1 width=0)
   ->  Seq Scan on clicks  (cost=0.00..814.46 rows=2 width=0)
         Filter: (listing_id = 104250)
[0m
  [4;36;1mSQL (9.0ms)[0m   [0;1mSELECT count(*) AS count_all FROM "clicks" WHERE ("clicks".listing_id = 104251) [0m
  [4;35;1mAnalyzing  Execution Time: 0.009298

[0m   [0mAggregate  (cost=814.47..814.48 rows=1 width=0)
   ->  Seq Scan on clicks  (cost=0.00..814.46 rows=2 width=0)
         Filter: (listing_id = 104251)
[0m
  [4;36;1mSQL (9.7ms)[0m   [0;1mSELECT count(*) AS count_all FROM "clicks" WHERE ("clicks".listing_id = 104252) [0m
  [4;35;1mAnalyzing  Execution Time: 0.009999

[0m   [0mAggregate  (cost=814.47..814.48 rows=1 width=0)
   ->  Seq Scan on clicks  (cost=0.00..814.46 rows=2 width=0)
         Filter: (listing_id = 104252)
[0m
  [4;36;1mSQL (10.4ms)[0m   [0;1mSELECT count(*) AS count_all FROM "clicks" WHERE ("clicks".listing_id = 104253) [0m
  [4;35;1mAnalyzing  Execution Time: 0.010644

[0m   [0mAggregate  (cost=814.47..814.48 rows=1 width=0)
   ->  Seq Scan on clicks  (cost=0.00..814.46 rows=2 width=0)
         Filter: (listing_id = 104253)
[0m
  [4;36;1mSQL (10.1ms)[0m   [0;1mSELECT count(*) AS count_all FROM "clicks" WHERE ("clicks".listing_id = 104254) [0m
  [4;35;1mAnalyzing  Execution Time: 0.010362

[0m   [0mAggregate  (cost=814.47..814.48 rows=1 width=0)
   ->  Seq Scan on clicks  (cost=0.00..814.46 rows=2 width=0)
         Filter: (listing_id = 104254)
[0m
  [4;36;1mSQL (9.5ms)[0m   [0;1mSELECT count(*) AS count_all FROM "clicks" WHERE ("clicks".listing_id = 104255) [0m
  [4;35;1mAnalyzing  Execution Time: 0.009741

[0m   [0mAggregate  (cost=814.47..814.48 rows=1 width=0)
   ->  Seq Scan on clicks  (cost=0.00..814.46 rows=2 width=0)
         Filter: (listing_id = 104255)
[0m
  [4;36;1mSQL (8.5ms)[0m   [0;1mSELECT count(*) AS count_all FROM "clicks" WHERE ("clicks".listing_id = 104256) [0m
  [4;35;1mAnalyzing  Execution Time: 0.009001

[0m   [0mAggregate  (cost=814.47..814.48 rows=1 width=0)
   ->  Seq Scan on clicks  (cost=0.00..814.46 rows=2 width=0)
         Filter: (listing_id = 104256)
[0m
  [4;36;1mSQL (9.4ms)[0m   [0;1mSELECT count(*) AS count_all FROM "clicks" WHERE ("clicks".listing_id = 104257) [0m
  [4;35;1mAnalyzing  Execution Time: 0.009958

[0m   [0mAggregate  (cost=814.47..814.48 rows=1 width=0)
   ->  Seq Scan on clicks  (cost=0.00..814.46 rows=2 width=0)
         Filter: (listing_id = 104257)
[0m
  [4;36;1mSQL (9.1ms)[0m   [0;1mSELECT count(*) AS count_all FROM "clicks" WHERE ("clicks".listing_id = 104259) [0m
  [4;35;1mAnalyzing  Execution Time: 0.009387

[0m   [0mAggregate  (cost=814.47..814.48 rows=1 width=0)
   ->  Seq Scan on clicks  (cost=0.00..814.46 rows=2 width=0)
         Filter: (listing_id = 104259)
[0m
  [4;36;1mSQL (8.5ms)[0m   [0;1mSELECT count(*) AS count_all FROM "clicks" WHERE ("clicks".listing_id = 104260) [0m
  [4;35;1mAnalyzing  Execution Time: 0.008747

[0m   [0mAggregate  (cost=814.47..814.48 rows=1 width=0)
   ->  Seq Scan on clicks  (cost=0.00..814.46 rows=2 width=0)
         Filter: (listing_id = 104260)
[0m
  [4;36;1mSQL (9.2ms)[0m   [0;1mSELECT count(*) AS count_all FROM "clicks" WHERE ("clicks".listing_id = 104261) [0m
  [4;35;1mAnalyzing  Execution Time: 0.009482

[0m   [0mAggregate  (cost=814.47..814.48 rows=1 width=0)
   ->  Seq Scan on clicks  (cost=0.00..814.46 rows=2 width=0)
         Filter: (listing_id = 104261)
[0m
  [4;36;1mSQL (11.3ms)[0m   [0;1mSELECT count(*) AS count_all FROM "clicks" WHERE ("clicks".listing_id = 104262) [0m
  [4;35;1mAnalyzing  Execution Time: 0.011616

[0m   [0mAggregate  (cost=814.47..814.48 rows=1 width=0)
   ->  Seq Scan on clicks  (cost=0.00..814.46 rows=2 width=0)
         Filter: (listing_id = 104262)
[0m
  [4;36;1mSQL (8.7ms)[0m   [0;1mSELECT count(*) AS count_all FROM "clicks" WHERE ("clicks".listing_id = 104263) [0m
  [4;35;1mAnalyzing  Execution Time: 0.00896

[0m   [0mAggregate  (cost=814.47..814.48 rows=1 width=0)
   ->  Seq Scan on clicks  (cost=0.00..814.46 rows=2 width=0)
         Filter: (listing_id = 104263)
[0m
  [4;36;1mSQL (10.1ms)[0m   [0;1mSELECT count(*) AS count_all FROM "clicks" WHERE ("clicks".listing_id = 104264) [0m
  [4;35;1mAnalyzing  Execution Time: 0.010476

[0m   [0mAggregate  (cost=814.47..814.48 rows=1 width=0)
   ->  Seq Scan on clicks  (cost=0.00..814.46 rows=2 width=0)
         Filter: (listing_id = 104264)
[0m
  [4;36;1mSQL (8.7ms)[0m   [0;1mSELECT count(*) AS count_all FROM "clicks" WHERE ("clicks".listing_id = 104265) [0m
  [4;35;1mAnalyzing  Execution Time: 0.009004

[0m   [0mAggregate  (cost=814.47..814.48 rows=1 width=0)
   ->  Seq Scan on clicks  (cost=0.00..814.46 rows=2 width=0)
         Filter: (listing_id = 104265)
[0m
  [4;36;1mSQL (8.8ms)[0m   [0;1mSELECT count(*) AS count_all FROM "clicks" WHERE ("clicks".listing_id = 104266) [0m
  [4;35;1mAnalyzing  Execution Time: 0.009119

[0m   [0mAggregate  (cost=814.47..814.48 rows=1 width=0)
   ->  Seq Scan on clicks  (cost=0.00..814.46 rows=2 width=0)
         Filter: (listing_id = 104266)
[0m
  [4;36;1mSQL (9.7ms)[0m   [0;1mSELECT count(*) AS count_all FROM "clicks" WHERE ("clicks".listing_id = 104267) [0m
  [4;35;1mAnalyzing  Execution Time: 0.009956

[0m   [0mAggregate  (cost=814.47..814.48 rows=1 width=0)
   ->  Seq Scan on clicks  (cost=0.00..814.46 rows=2 width=0)
         Filter: (listing_id = 104267)
[0m
  [4;36;1mSQL (9.4ms)[0m   [0;1mSELECT count(*) AS count_all FROM "clicks" WHERE ("clicks".listing_id = 104269) [0m
  [4;35;1mAnalyzing  Execution Time: 0.00962

[0m   [0mAggregate  (cost=814.47..814.48 rows=1 width=0)
   ->  Seq Scan on clicks  (cost=0.00..814.46 rows=2 width=0)
         Filter: (listing_id = 104269)
[0m
  [4;36;1mSQL (8.5ms)[0m   [0;1mSELECT count(*) AS count_all FROM "clicks" WHERE ("clicks".listing_id = 104274) [0m
  [4;35;1mAnalyzing  Execution Time: 0.00872100000000009

[0m   [0mAggregate  (cost=814.47..814.48 rows=1 width=0)
   ->  Seq Scan on clicks  (cost=0.00..814.46 rows=2 width=0)
         Filter: (listing_id = 104274)
[0m
  [4;36;1mSQL (10.9ms)[0m   [0;1mSELECT count(*) AS count_all FROM "clicks" WHERE ("clicks".listing_id = 104275) [0m
  [4;35;1mAnalyzing  Execution Time: 0.011154

[0m   [0mAggregate  (cost=814.47..814.48 rows=1 width=0)
   ->  Seq Scan on clicks  (cost=0.00..814.46 rows=2 width=0)
         Filter: (listing_id = 104275)
[0m
  [4;36;1mSQL (10.7ms)[0m   [0;1mSELECT count(*) AS count_all FROM "clicks" WHERE ("clicks".listing_id = 104276) [0m
  [4;35;1mAnalyzing  Execution Time: 0.010996

[0m   [0mAggregate  (cost=814.47..814.48 rows=1 width=0)
   ->  Seq Scan on clicks  (cost=0.00..814.46 rows=2 width=0)
         Filter: (listing_id = 104276)
[0m
  [4;36;1mSQL (9.6ms)[0m   [0;1mSELECT count(*) AS count_all FROM "clicks" WHERE ("clicks".listing_id = 104278) [0m
  [4;35;1mAnalyzing  Execution Time: 0.009908

[0m   [0mAggregate  (cost=814.47..814.48 rows=1 width=0)
   ->  Seq Scan on clicks  (cost=0.00..814.46 rows=2 width=0)
         Filter: (listing_id = 104278)
[0m
  [4;36;1mSQL (9.3ms)[0m   [0;1mSELECT count(*) AS count_all FROM "clicks" WHERE ("clicks".listing_id = 104279) [0m
  [4;35;1mAnalyzing  Execution Time: 0.009532

[0m   [0mAggregate  (cost=814.47..814.48 rows=1 width=0)
   ->  Seq Scan on clicks  (cost=0.00..814.46 rows=2 width=0)
         Filter: (listing_id = 104279)
[0m
  [4;36;1mSQL (9.1ms)[0m   [0;1mSELECT count(*) AS count_all FROM "clicks" WHERE ("clicks".listing_id = 104281) [0m
  [4;35;1mAnalyzing  Execution Time: 0.009402

[0m   [0mAggregate  (cost=814.47..814.48 rows=1 width=0)
   ->  Seq Scan on clicks  (cost=0.00..814.46 rows=2 width=0)
         Filter: (listing_id = 104281)
[0m
  [4;36;1mSQL (9.9ms)[0m   [0;1mSELECT count(*) AS count_all FROM "clicks" WHERE ("clicks".listing_id = 104291) [0m
  [4;35;1mAnalyzing  Execution Time: 0.010142

[0m   [0mAggregate  (cost=814.47..814.48 rows=1 width=0)
   ->  Seq Scan on clicks  (cost=0.00..814.46 rows=2 width=0)
         Filter: (listing_id = 104291)
[0m
  [4;36;1mSQL (9.4ms)[0m   [0;1mSELECT count(*) AS count_all FROM "clicks" WHERE ("clicks".listing_id = 104292) [0m
  [4;35;1mAnalyzing  Execution Time: 0.009702

[0m   [0mAggregate  (cost=814.47..814.48 rows=1 width=0)
   ->  Seq Scan on clicks  (cost=0.00..814.46 rows=2 width=0)
         Filter: (listing_id = 104292)
[0m
  [4;36;1mSQL (8.5ms)[0m   [0;1mSELECT count(*) AS count_all FROM "clicks" WHERE ("clicks".listing_id = 104294) [0m
  [4;35;1mAnalyzing  Execution Time: 0.008751

[0m   [0mAggregate  (cost=814.47..814.48 rows=1 width=0)
   ->  Seq Scan on clicks  (cost=0.00..814.46 rows=2 width=0)
         Filter: (listing_id = 104294)
[0m
  [4;36;1mSQL (9.7ms)[0m   [0;1mSELECT count(*) AS count_all FROM "clicks" WHERE ("clicks".listing_id = 104295) [0m
  [4;35;1mAnalyzing  Execution Time: 0.009955

[0m   [0mAggregate  (cost=814.47..814.48 rows=1 width=0)
   ->  Seq Scan on clicks  (cost=0.00..814.46 rows=2 width=0)
         Filter: (listing_id = 104295)
[0m
  [4;36;1mSQL (9.8ms)[0m   [0;1mSELECT count(*) AS count_all FROM "clicks" WHERE ("clicks".listing_id = 104296) [0m
  [4;35;1mAnalyzing  Execution Time: 0.010095

[0m   [0mAggregate  (cost=814.47..814.48 rows=1 width=0)
   ->  Seq Scan on clicks  (cost=0.00..814.46 rows=2 width=0)
         Filter: (listing_id = 104296)
[0m
  [4;36;1mSQL (9.5ms)[0m   [0;1mSELECT count(*) AS count_all FROM "clicks" WHERE ("clicks".listing_id = 104297) [0m
  [4;35;1mAnalyzing  Execution Time: 0.009731

[0m   [0mAggregate  (cost=814.47..814.48 rows=1 width=0)
   ->  Seq Scan on clicks  (cost=0.00..814.46 rows=2 width=0)
         Filter: (listing_id = 104297)
[0m
  [4;36;1mSQL (8.9ms)[0m   [0;1mSELECT count(*) AS count_all FROM "clicks" WHERE ("clicks".listing_id = 104298) [0m
  [4;35;1mAnalyzing  Execution Time: 0.009209

[0m   [0mAggregate  (cost=814.47..814.48 rows=1 width=0)
   ->  Seq Scan on clicks  (cost=0.00..814.46 rows=2 width=0)
         Filter: (listing_id = 104298)
[0m
  [4;36;1mSQL (9.6ms)[0m   [0;1mSELECT count(*) AS count_all FROM "clicks" WHERE ("clicks".listing_id = 104299) [0m
  [4;35;1mAnalyzing  Execution Time: 0.009858

[0m   [0mAggregate  (cost=814.47..814.48 rows=1 width=0)
   ->  Seq Scan on clicks  (cost=0.00..814.46 rows=2 width=0)
         Filter: (listing_id = 104299)
[0m
  [4;36;1mSQL (8.8ms)[0m   [0;1mSELECT count(*) AS count_all FROM "clicks" WHERE ("clicks".listing_id = 104300) [0m
  [4;35;1mAnalyzing  Execution Time: 0.009094

[0m   [0mAggregate  (cost=814.47..814.48 rows=1 width=0)
   ->  Seq Scan on clicks  (cost=0.00..814.46 rows=2 width=0)
         Filter: (listing_id = 104300)
[0m
  [4;36;1mSQL (9.3ms)[0m   [0;1mSELECT count(*) AS count_all FROM "clicks" WHERE ("clicks".listing_id = 104305) [0m
  [4;35;1mAnalyzing  Execution Time: 0.009548

[0m   [0mAggregate  (cost=814.47..814.48 rows=1 width=0)
   ->  Seq Scan on clicks  (cost=0.00..814.46 rows=2 width=0)
         Filter: (listing_id = 104305)
[0m
  [4;36;1mSQL (14.8ms)[0m   [0;1mSELECT count(*) AS count_all FROM "clicks" WHERE ("clicks".listing_id = 104306) [0m
  [4;35;1mAnalyzing  Execution Time: 0.01508

[0m   [0mAggregate  (cost=814.47..814.48 rows=1 width=0)
   ->  Seq Scan on clicks  (cost=0.00..814.46 rows=2 width=0)
         Filter: (listing_id = 104306)
[0m
  [4;36;1mSQL (8.8ms)[0m   [0;1mSELECT count(*) AS count_all FROM "clicks" WHERE ("clicks".listing_id = 104307) [0m
  [4;35;1mAnalyzing  Execution Time: 0.009029

[0m   [0mAggregate  (cost=814.47..814.48 rows=1 width=0)
   ->  Seq Scan on clicks  (cost=0.00..814.46 rows=2 width=0)
         Filter: (listing_id = 104307)
[0m
  [4;36;1mSQL (10.1ms)[0m   [0;1mSELECT count(*) AS count_all FROM "clicks" WHERE ("clicks".listing_id = 104308) [0m
  [4;35;1mAnalyzing  Execution Time: 0.010417

[0m   [0mAggregate  (cost=814.47..814.48 rows=1 width=0)
   ->  Seq Scan on clicks  (cost=0.00..814.46 rows=2 width=0)
         Filter: (listing_id = 104308)
[0m
  [4;36;1mSQL (10.2ms)[0m   [0;1mSELECT count(*) AS count_all FROM "clicks" WHERE ("clicks".listing_id = 109388) [0m
  [4;35;1mAnalyzing  Execution Time: 0.010528

[0m   [0mAggregate  (cost=814.47..814.48 rows=1 width=0)
   ->  Seq Scan on clicks  (cost=0.00..814.46 rows=2 width=0)
         Filter: (listing_id = 109388)
[0m
  [4;36;1mSQL (9.2ms)[0m   [0;1mSELECT count(*) AS count_all FROM "clicks" WHERE ("clicks".listing_id = 110653) [0m
  [4;35;1mAnalyzing  Execution Time: 0.00951

[0m   [0mAggregate  (cost=814.47..814.48 rows=1 width=0)
   ->  Seq Scan on clicks  (cost=0.00..814.46 rows=2 width=0)
         Filter: (listing_id = 110653)
[0m
  [4;36;1mSQL (6.2ms)[0m   [0;1mSELECT count(*) AS count_all FROM "listings" WHERE ("listings".user_id = 25497) [0m
  [4;35;1mAnalyzing  Execution Time: 0.006459

[0m   [0mAggregate  (cost=1615.81..1615.82 rows=1 width=0)
   ->  Index Scan using index_listings_on_id_and_user_id_and_title on listings  (cost=0.00..1615.79 rows=4 width=0)
         Index Cond: (user_id = 25497)
[0m
  [4;36;1mListing Load (2.2ms)[0m   [0;1mSELECT * FROM "listings" WHERE ("listings".user_id = 25497) [0m
  [4;35;1mAnalyzing Listing Load Execution Time: 0.002911

[0m   [0mIndex Scan using index_listings_on_id_and_user_id_and_title on listings  (cost=0.00..1615.79 rows=4 width=1172)
   Index Cond: (user_id = 25497)
[0m
  [4;36;1mSQL (159.3ms)[0m   [0;1mSELECT count(*) AS count_all FROM "impressions" WHERE ("impressions".listing_id = 76711) [0m
  [4;35;1mAnalyzing  Execution Time: 0.159594

[0m   [0mAggregate  (cost=12714.08..12714.09 rows=1 width=0)
   ->  Seq Scan on impressions  (cost=0.00..12714.00 rows=31 width=0)
         Filter: (listing_id = 76711)
[0m
  [4;36;1mSQL (10.0ms)[0m   [0;1mSELECT count(*) AS count_all FROM "clicks" WHERE ("clicks".listing_id = 76711) [0m
  [4;35;1mAnalyzing  Execution Time: 0.010272

[0m   [0mAggregate  (cost=814.47..814.48 rows=1 width=0)
   ->  Seq Scan on clicks  (cost=0.00..814.46 rows=2 width=0)
         Filter: (listing_id = 76711)
[0m
  [4;36;1mSQL (2.6ms)[0m   [0;1mSELECT count(*) AS count_all FROM "listings" WHERE ("listings".user_id = 25496) [0m
  [4;35;1mAnalyzing  Execution Time: 0.002908

[0m   [0mAggregate  (cost=1615.81..1615.82 rows=1 width=0)
   ->  Index Scan using index_listings_on_id_and_user_id_and_title on listings  (cost=0.00..1615.79 rows=4 width=0)
         Index Cond: (user_id = 25496)
[0m
  [4;36;1mListing Load (2.6ms)[0m   [0;1mSELECT * FROM "listings" WHERE ("listings".user_id = 25496) [0m
  [4;35;1mAnalyzing Listing Load Execution Time: 0.003426

[0m   [0mIndex Scan using index_listings_on_id_and_user_id_and_title on listings  (cost=0.00..1615.79 rows=4 width=1172)
   Index Cond: (user_id = 25496)
[0m
  [4;36;1mSQL (145.8ms)[0m   [0;1mSELECT count(*) AS count_all FROM "impressions" WHERE ("impressions".listing_id = 104521) [0m
  [4;35;1mAnalyzing  Execution Time: 0.146413

[0m   [0mAggregate  (cost=12714.08..12714.09 rows=1 width=0)
   ->  Seq Scan on impressions  (cost=0.00..12714.00 rows=31 width=0)
         Filter: (listing_id = 104521)
[0m
  [4;36;1mSQL (9.6ms)[0m   [0;1mSELECT count(*) AS count_all FROM "clicks" WHERE ("clicks".listing_id = 104521) [0m
  [4;35;1mAnalyzing  Execution Time: 0.009848

[0m   [0mAggregate  (cost=814.47..814.48 rows=1 width=0)
   ->  Seq Scan on clicks  (cost=0.00..814.46 rows=2 width=0)
         Filter: (listing_id = 104521)
[0m
  [4;36;1mSQL (2.5ms)[0m   [0;1mSELECT count(*) AS count_all FROM "listings" WHERE ("listings".user_id = 25495) [0m
  [4;35;1mAnalyzing  Execution Time: 0.002772

[0m   [0mAggregate  (cost=1615.81..1615.82 rows=1 width=0)
   ->  Index Scan using index_listings_on_id_and_user_id_and_title on listings  (cost=0.00..1615.79 rows=4 width=0)
         Index Cond: (user_id = 25495)
[0m
  [4;36;1mListing Load (2.2ms)[0m   [0;1mSELECT * FROM "listings" WHERE ("listings".user_id = 25495) [0m
  [4;35;1mAnalyzing Listing Load Execution Time: 0.002922

[0m   [0mIndex Scan using index_listings_on_id_and_user_id_and_title on listings  (cost=0.00..1615.79 rows=4 width=1172)
   Index Cond: (user_id = 25495)
[0m
  [4;36;1mSQL (162.3ms)[0m   [0;1mSELECT count(*) AS count_all FROM "impressions" WHERE ("impressions".listing_id = 110265) [0m
  [4;35;1mAnalyzing  Execution Time: 0.162584

[0m   [0mAggregate  (cost=12714.08..12714.09 rows=1 width=0)
   ->  Seq Scan on impressions  (cost=0.00..12714.00 rows=31 width=0)
         Filter: (listing_id = 110265)
[0m
  [4;36;1mSQL (13.7ms)[0m   [0;1mSELECT count(*) AS count_all FROM "clicks" WHERE ("clicks".listing_id = 110265) [0m
  [4;35;1mAnalyzing  Execution Time: 0.014029

[0m   [0mAggregate  (cost=814.47..814.48 rows=1 width=0)
   ->  Seq Scan on clicks  (cost=0.00..814.46 rows=2 width=0)
         Filter: (listing_id = 110265)
[0m
  [4;36;1mSQL (2.9ms)[0m   [0;1mSELECT count(*) AS count_all FROM "listings" WHERE ("listings".user_id = 25494) [0m
  [4;35;1mAnalyzing  Execution Time: 0.003207

[0m   [0mAggregate  (cost=1615.81..1615.82 rows=1 width=0)
   ->  Index Scan using index_listings_on_id_and_user_id_and_title on listings  (cost=0.00..1615.79 rows=4 width=0)
         Index Cond: (user_id = 25494)
[0m
  [4;36;1mListing Load (6.5ms)[0m   [0;1mSELECT * FROM "listings" WHERE ("listings".user_id = 25494) [0m
  [4;35;1mAnalyzing Listing Load Execution Time: 0.007339

[0m   [0mIndex Scan using index_listings_on_id_and_user_id_and_title on listings  (cost=0.00..1615.79 rows=4 width=1172)
   Index Cond: (user_id = 25494)
[0m
  [4;36;1mSQL (193.3ms)[0m   [0;1mSELECT count(*) AS count_all FROM "impressions" WHERE ("impressions".listing_id = 82137) [0m
  [4;35;1mAnalyzing  Execution Time: 0.193699

[0m   [0mAggregate  (cost=12714.08..12714.09 rows=1 width=0)
   ->  Seq Scan on impressions  (cost=0.00..12714.00 rows=31 width=0)
         Filter: (listing_id = 82137)
[0m
  [4;36;1mSQL (8.4ms)[0m   [0;1mSELECT count(*) AS count_all FROM "clicks" WHERE ("clicks".listing_id = 82137) [0m
  [4;35;1mAnalyzing  Execution Time: 0.008701

[0m   [0mAggregate  (cost=814.47..814.48 rows=1 width=0)
   ->  Seq Scan on clicks  (cost=0.00..814.46 rows=2 width=0)
         Filter: (listing_id = 82137)
[0m
  [4;36;1mSQL (2.2ms)[0m   [0;1mSELECT count(*) AS count_all FROM "listings" WHERE ("listings".user_id = 25493) [0m
  [4;35;1mAnalyzing  Execution Time: 0.002487

[0m   [0mAggregate  (cost=1615.81..1615.82 rows=1 width=0)
   ->  Index Scan using index_listings_on_id_and_user_id_and_title on listings  (cost=0.00..1615.79 rows=4 width=0)
         Index Cond: (user_id = 25493)
[0m
  [4;36;1mListing Load (2.3ms)[0m   [0;1mSELECT * FROM "listings" WHERE ("listings".user_id = 25493) [0m
  [4;35;1mAnalyzing Listing Load Execution Time: 0.003159

[0m   [0mIndex Scan using index_listings_on_id_and_user_id_and_title on listings  (cost=0.00..1615.79 rows=4 width=1172)
   Index Cond: (user_id = 25493)
[0m
  [4;36;1mSQL (153.9ms)[0m   [0;1mSELECT count(*) AS count_all FROM "impressions" WHERE ("impressions".listing_id = 113149) [0m
  [4;35;1mAnalyzing  Execution Time: 0.154256

[0m   [0mAggregate  (cost=12714.08..12714.09 rows=1 width=0)
   ->  Seq Scan on impressions  (cost=0.00..12714.00 rows=31 width=0)
         Filter: (listing_id = 113149)
[0m
  [4;36;1mSQL (10.8ms)[0m   [0;1mSELECT count(*) AS count_all FROM "clicks" WHERE ("clicks".listing_id = 113149) [0m
  [4;35;1mAnalyzing  Execution Time: 0.011127

[0m   [0mAggregate  (cost=814.47..814.48 rows=1 width=0)
   ->  Seq Scan on clicks  (cost=0.00..814.46 rows=2 width=0)
         Filter: (listing_id = 113149)
[0m
  [4;36;1mSQL (2.6ms)[0m   [0;1mSELECT count(*) AS count_all FROM "listings" WHERE ("listings".user_id = 25492) [0m
  [4;35;1mAnalyzing  Execution Time: 0.00285

[0m   [0mAggregate  (cost=1615.81..1615.82 rows=1 width=0)
   ->  Index Scan using index_listings_on_id_and_user_id_and_title on listings  (cost=0.00..1615.79 rows=4 width=0)
         Index Cond: (user_id = 25492)
[0m
  [4;36;1mListing Load (2.0ms)[0m   [0;1mSELECT * FROM "listings" WHERE ("listings".user_id = 25492) [0m
  [4;35;1mAnalyzing Listing Load Execution Time: 0.002798

[0m   [0mIndex Scan using index_listings_on_id_and_user_id_and_title on listings  (cost=0.00..1615.79 rows=4 width=1172)
   Index Cond: (user_id = 25492)
[0m
  [4;36;1mSQL (150.4ms)[0m   [0;1mSELECT count(*) AS count_all FROM "impressions" WHERE ("impressions".listing_id = 75969) [0m
  [4;35;1mAnalyzing  Execution Time: 0.150628

[0m   [0mAggregate  (cost=12714.08..12714.09 rows=1 width=0)
   ->  Seq Scan on impressions  (cost=0.00..12714.00 rows=31 width=0)
         Filter: (listing_id = 75969)
[0m
  [4;36;1mSQL (10.1ms)[0m   [0;1mSELECT count(*) AS count_all FROM "clicks" WHERE ("clicks".listing_id = 75969) [0m
  [4;35;1mAnalyzing  Execution Time: 0.010458

[0m   [0mAggregate  (cost=814.47..814.48 rows=1 width=0)
   ->  Seq Scan on clicks  (cost=0.00..814.46 rows=2 width=0)
         Filter: (listing_id = 75969)
[0m
  [4;36;1mSQL (2.0ms)[0m   [0;1mSELECT count(*) AS count_all FROM "listings" WHERE ("listings".user_id = 25491) [0m
  [4;35;1mAnalyzing  Execution Time: 0.002301

[0m   [0mAggregate  (cost=1615.81..1615.82 rows=1 width=0)
   ->  Index Scan using index_listings_on_id_and_user_id_and_title on listings  (cost=0.00..1615.79 rows=4 width=0)
         Index Cond: (user_id = 25491)
[0m
  [4;36;1mListing Load (2.5ms)[0m   [0;1mSELECT * FROM "listings" WHERE ("listings".user_id = 25491) [0m
  [4;35;1mAnalyzing Listing Load Execution Time: 0.003219

[0m   [0mIndex Scan using index_listings_on_id_and_user_id_and_title on listings  (cost=0.00..1615.79 rows=4 width=1172)
   Index Cond: (user_id = 25491)
[0m
  [4;36;1mSQL (157.3ms)[0m   [0;1mSELECT count(*) AS count_all FROM "impressions" WHERE ("impressions".listing_id = 82224) [0m
  [4;35;1mAnalyzing  Execution Time: 0.157603

[0m   [0mAggregate  (cost=12714.08..12714.09 rows=1 width=0)
   ->  Seq Scan on impressions  (cost=0.00..12714.00 rows=31 width=0)
         Filter: (listing_id = 82224)
[0m
  [4;36;1mSQL (8.6ms)[0m   [0;1mSELECT count(*) AS count_all FROM "clicks" WHERE ("clicks".listing_id = 82224) [0m
  [4;35;1mAnalyzing  Execution Time: 0.008925

[0m   [0mAggregate  (cost=814.47..814.48 rows=1 width=0)
   ->  Seq Scan on clicks  (cost=0.00..814.46 rows=2 width=0)
         Filter: (listing_id = 82224)
[0m
  [4;36;1mSQL (3.0ms)[0m   [0;1mSELECT count(*) AS count_all FROM "listings" WHERE ("listings".user_id = 25490) [0m
  [4;35;1mAnalyzing  Execution Time: 0.003345

[0m   [0mAggregate  (cost=1615.81..1615.82 rows=1 width=0)
   ->  Index Scan using index_listings_on_id_and_user_id_and_title on listings  (cost=0.00..1615.79 rows=4 width=0)
         Index Cond: (user_id = 25490)
[0m
  [4;36;1mListing Load (2.8ms)[0m   [0;1mSELECT * FROM "listings" WHERE ("listings".user_id = 25490) [0m
  [4;35;1mAnalyzing Listing Load Execution Time: 0.003535

[0m   [0mIndex Scan using index_listings_on_id_and_user_id_and_title on listings  (cost=0.00..1615.79 rows=4 width=1172)
   Index Cond: (user_id = 25490)
[0m
  [4;36;1mSQL (156.0ms)[0m   [0;1mSELECT count(*) AS count_all FROM "impressions" WHERE ("impressions".listing_id = 113148) [0m
  [4;35;1mAnalyzing  Execution Time: 0.156274

[0m   [0mAggregate  (cost=12714.08..12714.09 rows=1 width=0)
   ->  Seq Scan on impressions  (cost=0.00..12714.00 rows=31 width=0)
         Filter: (listing_id = 113148)
[0m
  [4;36;1mSQL (10.9ms)[0m   [0;1mSELECT count(*) AS count_all FROM "clicks" WHERE ("clicks".listing_id = 113148) [0m
  [4;35;1mAnalyzing  Execution Time: 0.011115

[0m   [0mAggregate  (cost=814.47..814.48 rows=1 width=0)
   ->  Seq Scan on clicks  (cost=0.00..814.46 rows=2 width=0)
         Filter: (listing_id = 113148)
[0m
  [4;36;1mSQL (2.0ms)[0m   [0;1mSELECT count(*) AS count_all FROM "listings" WHERE ("listings".user_id = 25489) [0m
  [4;35;1mAnalyzing  Execution Time: 0.002214

[0m   [0mAggregate  (cost=1615.81..1615.82 rows=1 width=0)
   ->  Index Scan using index_listings_on_id_and_user_id_and_title on listings  (cost=0.00..1615.79 rows=4 width=0)
         Index Cond: (user_id = 25489)
[0m
  [4;36;1mListing Load (2.1ms)[0m   [0;1mSELECT * FROM "listings" WHERE ("listings".user_id = 25489) [0m
  [4;35;1mAnalyzing Listing Load Execution Time: 0.002823

[0m   [0mIndex Scan using index_listings_on_id_and_user_id_and_title on listings  (cost=0.00..1615.79 rows=4 width=1172)
   Index Cond: (user_id = 25489)
[0m
  [4;36;1mSQL (158.5ms)[0m   [0;1mSELECT count(*) AS count_all FROM "impressions" WHERE ("impressions".listing_id = 113147) [0m
  [4;35;1mAnalyzing  Execution Time: 0.158768

[0m   [0mAggregate  (cost=12714.08..12714.09 rows=1 width=0)
   ->  Seq Scan on impressions  (cost=0.00..12714.00 rows=31 width=0)
         Filter: (listing_id = 113147)
[0m
  [4;36;1mSQL (9.0ms)[0m   [0;1mSELECT count(*) AS count_all FROM "clicks" WHERE ("clicks".listing_id = 113147) [0m
  [4;35;1mAnalyzing  Execution Time: 0.009213

[0m   [0mAggregate  (cost=814.47..814.48 rows=1 width=0)
   ->  Seq Scan on clicks  (cost=0.00..814.46 rows=2 width=0)
         Filter: (listing_id = 113147)
[0m
  [4;36;1mSQL (4.1ms)[0m   [0;1mSELECT count(*) AS count_all FROM "listings" WHERE ("listings".user_id = 25488) [0m
  [4;35;1mAnalyzing  Execution Time: 0.004379

[0m   [0mAggregate  (cost=1615.81..1615.82 rows=1 width=0)
   ->  Index Scan using index_listings_on_id_and_user_id_and_title on listings  (cost=0.00..1615.79 rows=4 width=0)
         Index Cond: (user_id = 25488)
[0m
  [4;36;1mListing Load (2.4ms)[0m   [0;1mSELECT * FROM "listings" WHERE ("listings".user_id = 25488) [0m
  [4;35;1mAnalyzing Listing Load Execution Time: 0.003941

[0m   [0mIndex Scan using index_listings_on_id_and_user_id_and_title on listings  (cost=0.00..1615.79 rows=4 width=1172)
   Index Cond: (user_id = 25488)
[0m
  [4;36;1mSQL (163.8ms)[0m   [0;1mSELECT count(*) AS count_all FROM "impressions" WHERE ("impressions".listing_id = 113146) [0m
  [4;35;1mAnalyzing  Execution Time: 0.164065

[0m   [0mAggregate  (cost=12714.08..12714.09 rows=1 width=0)
   ->  Seq Scan on impressions  (cost=0.00..12714.00 rows=31 width=0)
         Filter: (listing_id = 113146)
[0m
  [4;36;1mSQL (8.8ms)[0m   [0;1mSELECT count(*) AS count_all FROM "clicks" WHERE ("clicks".listing_id = 113146) [0m
  [4;35;1mAnalyzing  Execution Time: 0.009068

[0m   [0mAggregate  (cost=814.47..814.48 rows=1 width=0)
   ->  Seq Scan on clicks  (cost=0.00..814.46 rows=2 width=0)
         Filter: (listing_id = 113146)
[0m
  [4;36;1mSQL (2.0ms)[0m   [0;1mSELECT count(*) AS count_all FROM "listings" WHERE ("listings".user_id = 25487) [0m
  [4;35;1mAnalyzing  Execution Time: 0.002287

[0m   [0mAggregate  (cost=1615.81..1615.82 rows=1 width=0)
   ->  Index Scan using index_listings_on_id_and_user_id_and_title on listings  (cost=0.00..1615.79 rows=4 width=0)
         Index Cond: (user_id = 25487)
[0m
  [4;36;1mListing Load (2.0ms)[0m   [0;1mSELECT * FROM "listings" WHERE ("listings".user_id = 25487) [0m
  [4;35;1mAnalyzing Listing Load Execution Time: 0.002728

[0m   [0mIndex Scan using index_listings_on_id_and_user_id_and_title on listings  (cost=0.00..1615.79 rows=4 width=1172)
   Index Cond: (user_id = 25487)
[0m
  [4;36;1mSQL (161.2ms)[0m   [0;1mSELECT count(*) AS count_all FROM "impressions" WHERE ("impressions".listing_id = 103692) [0m
  [4;35;1mAnalyzing  Execution Time: 0.161607

[0m   [0mAggregate  (cost=12714.08..12714.09 rows=1 width=0)
   ->  Seq Scan on impressions  (cost=0.00..12714.00 rows=31 width=0)
         Filter: (listing_id = 103692)
[0m
  [4;36;1mSQL (19.3ms)[0m   [0;1mSELECT count(*) AS count_all FROM "clicks" WHERE ("clicks".listing_id = 103692) [0m
  [4;35;1mAnalyzing  Execution Time: 0.019604

[0m   [0mAggregate  (cost=814.47..814.48 rows=1 width=0)
   ->  Seq Scan on clicks  (cost=0.00..814.46 rows=2 width=0)
         Filter: (listing_id = 103692)
[0m
  [4;36;1mSQL (2.2ms)[0m   [0;1mSELECT count(*) AS count_all FROM "listings" WHERE ("listings".user_id = 25486) [0m
  [4;35;1mAnalyzing  Execution Time: 0.00245

[0m   [0mAggregate  (cost=1615.81..1615.82 rows=1 width=0)
   ->  Index Scan using index_listings_on_id_and_user_id_and_title on listings  (cost=0.00..1615.79 rows=4 width=0)
         Index Cond: (user_id = 25486)
[0m
  [4;36;1mListing Load (2.0ms)[0m   [0;1mSELECT * FROM "listings" WHERE ("listings".user_id = 25486) [0m
  [4;35;1mAnalyzing Listing Load Execution Time: 0.002669

[0m   [0mIndex Scan using index_listings_on_id_and_user_id_and_title on listings  (cost=0.00..1615.79 rows=4 width=1172)
   Index Cond: (user_id = 25486)
[0m
  [4;36;1mSQL (155.2ms)[0m   [0;1mSELECT count(*) AS count_all FROM "impressions" WHERE ("impressions".listing_id = 64705) [0m
  [4;35;1mAnalyzing  Execution Time: 0.15544

[0m   [0mAggregate  (cost=12714.08..12714.09 rows=1 width=0)
   ->  Seq Scan on impressions  (cost=0.00..12714.00 rows=31 width=0)
         Filter: (listing_id = 64705)
[0m
  [4;36;1mSQL (9.6ms)[0m   [0;1mSELECT count(*) AS count_all FROM "clicks" WHERE ("clicks".listing_id = 64705) [0m
  [4;35;1mAnalyzing  Execution Time: 0.00987

[0m   [0mAggregate  (cost=814.47..814.48 rows=1 width=0)
   ->  Seq Scan on clicks  (cost=0.00..814.46 rows=2 width=0)
         Filter: (listing_id = 64705)
[0m
  [4;36;1mSQL (11.3ms)[0m   [0;1mSELECT count(*) AS count_all FROM "listings" WHERE ("listings".user_id = 25485) [0m
  [4;35;1mAnalyzing  Execution Time: 0.011582

[0m   [0mAggregate  (cost=1615.81..1615.82 rows=1 width=0)
   ->  Index Scan using index_listings_on_id_and_user_id_and_title on listings  (cost=0.00..1615.79 rows=4 width=0)
         Index Cond: (user_id = 25485)
[0m
  [4;36;1mListing Load (3.0ms)[0m   [0;1mSELECT * FROM "listings" WHERE ("listings".user_id = 25485) [0m
  [4;35;1mAnalyzing Listing Load Execution Time: 0.007435

[0m   [0mIndex Scan using index_listings_on_id_and_user_id_and_title on listings  (cost=0.00..1615.79 rows=4 width=1172)
   Index Cond: (user_id = 25485)
[0m
  [4;36;1mSQL (152.7ms)[0m   [0;1mSELECT count(*) AS count_all FROM "impressions" WHERE ("impressions".listing_id = 67732) [0m
  [4;35;1mAnalyzing  Execution Time: 0.15302

[0m   [0mAggregate  (cost=12714.08..12714.09 rows=1 width=0)
   ->  Seq Scan on impressions  (cost=0.00..12714.00 rows=31 width=0)
         Filter: (listing_id = 67732)
[0m
  [4;36;1mSQL (150.4ms)[0m   [0;1mSELECT count(*) AS count_all FROM "impressions" WHERE ("impressions".listing_id = 67733) [0m
  [4;35;1mAnalyzing  Execution Time: 0.150709

[0m   [0mAggregate  (cost=12714.08..12714.09 rows=1 width=0)
   ->  Seq Scan on impressions  (cost=0.00..12714.00 rows=31 width=0)
         Filter: (listing_id = 67733)
[0m
  [4;36;1mSQL (156.2ms)[0m   [0;1mSELECT count(*) AS count_all FROM "impressions" WHERE ("impressions".listing_id = 71569) [0m
  [4;35;1mAnalyzing  Execution Time: 0.156499

[0m   [0mAggregate  (cost=12714.08..12714.09 rows=1 width=0)
   ->  Seq Scan on impressions  (cost=0.00..12714.00 rows=31 width=0)
         Filter: (listing_id = 71569)
[0m
  [4;36;1mSQL (164.2ms)[0m   [0;1mSELECT count(*) AS count_all FROM "impressions" WHERE ("impressions".listing_id = 71570) [0m
  [4;35;1mAnalyzing  Execution Time: 0.16447

[0m   [0mAggregate  (cost=12714.08..12714.09 rows=1 width=0)
   ->  Seq Scan on impressions  (cost=0.00..12714.00 rows=31 width=0)
         Filter: (listing_id = 71570)
[0m
  [4;36;1mSQL (157.3ms)[0m   [0;1mSELECT count(*) AS count_all FROM "impressions" WHERE ("impressions".listing_id = 75891) [0m
  [4;35;1mAnalyzing  Execution Time: 0.157613

[0m   [0mAggregate  (cost=12714.08..12714.09 rows=1 width=0)
   ->  Seq Scan on impressions  (cost=0.00..12714.00 rows=31 width=0)
         Filter: (listing_id = 75891)
[0m
  [4;36;1mSQL (155.8ms)[0m   [0;1mSELECT count(*) AS count_all FROM "impressions" WHERE ("impressions".listing_id = 75892) [0m
  [4;35;1mAnalyzing  Execution Time: 0.156097

[0m   [0mAggregate  (cost=12714.08..12714.09 rows=1 width=0)
   ->  Seq Scan on impressions  (cost=0.00..12714.00 rows=31 width=0)
         Filter: (listing_id = 75892)
[0m
  [4;36;1mSQL (153.8ms)[0m   [0;1mSELECT count(*) AS count_all FROM "impressions" WHERE ("impressions".listing_id = 75893) [0m
  [4;35;1mAnalyzing  Execution Time: 0.154065

[0m   [0mAggregate  (cost=12714.08..12714.09 rows=1 width=0)
   ->  Seq Scan on impressions  (cost=0.00..12714.00 rows=31 width=0)
         Filter: (listing_id = 75893)
[0m
  [4;36;1mSQL (151.5ms)[0m   [0;1mSELECT count(*) AS count_all FROM "impressions" WHERE ("impressions".listing_id = 79558) [0m
  [4;35;1mAnalyzing  Execution Time: 0.15176

[0m   [0mAggregate  (cost=12714.08..12714.09 rows=1 width=0)
   ->  Seq Scan on impressions  (cost=0.00..12714.00 rows=31 width=0)
         Filter: (listing_id = 79558)
[0m
  [4;36;1mSQL (154.2ms)[0m   [0;1mSELECT count(*) AS count_all FROM "impressions" WHERE ("impressions".listing_id = 79559) [0m
  [4;35;1mAnalyzing  Execution Time: 0.154466

[0m   [0mAggregate  (cost=12714.08..12714.09 rows=1 width=0)
   ->  Seq Scan on impressions  (cost=0.00..12714.00 rows=31 width=0)
         Filter: (listing_id = 79559)
[0m
  [4;36;1mSQL (152.9ms)[0m   [0;1mSELECT count(*) AS count_all FROM "impressions" WHERE ("impressions".listing_id = 103724) [0m
  [4;35;1mAnalyzing  Execution Time: 0.153186

[0m   [0mAggregate  (cost=12714.08..12714.09 rows=1 width=0)
   ->  Seq Scan on impressions  (cost=0.00..12714.00 rows=31 width=0)
         Filter: (listing_id = 103724)
[0m
  [4;36;1mSQL (14.5ms)[0m   [0;1mSELECT count(*) AS count_all FROM "clicks" WHERE ("clicks".listing_id = 67732) [0m
  [4;35;1mAnalyzing  Execution Time: 0.014835

[0m   [0mAggregate  (cost=814.47..814.48 rows=1 width=0)
   ->  Seq Scan on clicks  (cost=0.00..814.46 rows=2 width=0)
         Filter: (listing_id = 67732)
[0m
  [4;36;1mSQL (10.9ms)[0m   [0;1mSELECT count(*) AS count_all FROM "clicks" WHERE ("clicks".listing_id = 67733) [0m
  [4;35;1mAnalyzing  Execution Time: 0.011206

[0m   [0mAggregate  (cost=814.47..814.48 rows=1 width=0)
   ->  Seq Scan on clicks  (cost=0.00..814.46 rows=2 width=0)
         Filter: (listing_id = 67733)
[0m
  [4;36;1mSQL (8.5ms)[0m   [0;1mSELECT count(*) AS count_all FROM "clicks" WHERE ("clicks".listing_id = 71569) [0m
  [4;35;1mAnalyzing  Execution Time: 0.008722

[0m   [0mAggregate  (cost=814.47..814.48 rows=1 width=0)
   ->  Seq Scan on clicks  (cost=0.00..814.46 rows=2 width=0)
         Filter: (listing_id = 71569)
[0m
  [4;36;1mSQL (10.2ms)[0m   [0;1mSELECT count(*) AS count_all FROM "clicks" WHERE ("clicks".listing_id = 71570) [0m
  [4;35;1mAnalyzing  Execution Time: 0.010499

[0m   [0mAggregate  (cost=814.54..814.55 rows=1 width=0)
   ->  Seq Scan on clicks  (cost=0.00..814.46 rows=28 width=0)
         Filter: (listing_id = 71570)
[0m
  [4;36;1mSQL (9.7ms)[0m   [0;1mSELECT count(*) AS count_all FROM "clicks" WHERE ("clicks".listing_id = 75891) [0m
  [4;35;1mAnalyzing  Execution Time: 0.009908

[0m   [0mAggregate  (cost=814.47..814.48 rows=1 width=0)
   ->  Seq Scan on clicks  (cost=0.00..814.46 rows=2 width=0)
         Filter: (listing_id = 75891)
[0m
  [4;36;1mSQL (8.4ms)[0m   [0;1mSELECT count(*) AS count_all FROM "clicks" WHERE ("clicks".listing_id = 75892) [0m
  [4;35;1mAnalyzing  Execution Time: 0.008606

[0m   [0mAggregate  (cost=814.47..814.48 rows=1 width=0)
   ->  Seq Scan on clicks  (cost=0.00..814.46 rows=2 width=0)
         Filter: (listing_id = 75892)
[0m
  [4;36;1mSQL (10.5ms)[0m   [0;1mSELECT count(*) AS count_all FROM "clicks" WHERE ("clicks".listing_id = 75893) [0m
  [4;35;1mAnalyzing  Execution Time: 0.010731

[0m   [0mAggregate  (cost=814.47..814.48 rows=1 width=0)
   ->  Seq Scan on clicks  (cost=0.00..814.46 rows=2 width=0)
         Filter: (listing_id = 75893)
[0m
  [4;36;1mSQL (8.8ms)[0m   [0;1mSELECT count(*) AS count_all FROM "clicks" WHERE ("clicks".listing_id = 79558) [0m
  [4;35;1mAnalyzing  Execution Time: 0.009276

[0m   [0mAggregate  (cost=814.47..814.48 rows=1 width=0)
   ->  Seq Scan on clicks  (cost=0.00..814.46 rows=2 width=0)
         Filter: (listing_id = 79558)
[0m
  [4;36;1mSQL (8.6ms)[0m   [0;1mSELECT count(*) AS count_all FROM "clicks" WHERE ("clicks".listing_id = 79559) [0m
  [4;35;1mAnalyzing  Execution Time: 0.009128

[0m   [0mAggregate  (cost=814.47..814.48 rows=1 width=0)
   ->  Seq Scan on clicks  (cost=0.00..814.46 rows=2 width=0)
         Filter: (listing_id = 79559)
[0m
  [4;36;1mSQL (9.4ms)[0m   [0;1mSELECT count(*) AS count_all FROM "clicks" WHERE ("clicks".listing_id = 103724) [0m
  [4;35;1mAnalyzing  Execution Time: 0.009647

[0m   [0mAggregate  (cost=814.47..814.48 rows=1 width=0)
   ->  Seq Scan on clicks  (cost=0.00..814.46 rows=2 width=0)
         Filter: (listing_id = 103724)
[0m
  [4;36;1mSQL (4.2ms)[0m   [0;1mSELECT count(*) AS count_all FROM "listings" WHERE ("listings".user_id = 25484) [0m
  [4;35;1mAnalyzing  Execution Time: 0.004497

[0m   [0mAggregate  (cost=1615.81..1615.82 rows=1 width=0)
   ->  Index Scan using index_listings_on_id_and_user_id_and_title on listings  (cost=0.00..1615.79 rows=4 width=0)
         Index Cond: (user_id = 25484)
[0m
  [4;36;1mListing Load (2.0ms)[0m   [0;1mSELECT * FROM "listings" WHERE ("listings".user_id = 25484) [0m
  [4;35;1mAnalyzing Listing Load Execution Time: 0.002693

[0m   [0mIndex Scan using index_listings_on_id_and_user_id_and_title on listings  (cost=0.00..1615.79 rows=4 width=1172)
   Index Cond: (user_id = 25484)
[0m
  [4;36;1mSQL (157.5ms)[0m   [0;1mSELECT count(*) AS count_all FROM "impressions" WHERE ("impressions".listing_id = 113145) [0m
  [4;35;1mAnalyzing  Execution Time: 0.157803

[0m   [0mAggregate  (cost=12714.08..12714.09 rows=1 width=0)
   ->  Seq Scan on impressions  (cost=0.00..12714.00 rows=31 width=0)
         Filter: (listing_id = 113145)
[0m
  [4;36;1mSQL (8.4ms)[0m   [0;1mSELECT count(*) AS count_all FROM "clicks" WHERE ("clicks".listing_id = 113145) [0m
  [4;35;1mAnalyzing  Execution Time: 0.008638

[0m   [0mAggregate  (cost=814.47..814.48 rows=1 width=0)
   ->  Seq Scan on clicks  (cost=0.00..814.46 rows=2 width=0)
         Filter: (listing_id = 113145)
[0m
  [4;36;1mSQL (2.2ms)[0m   [0;1mSELECT count(*) AS count_all FROM "listings" WHERE ("listings".user_id = 25483) [0m
  [4;35;1mAnalyzing  Execution Time: 0.002449

[0m   [0mAggregate  (cost=1615.81..1615.82 rows=1 width=0)
   ->  Index Scan using index_listings_on_id_and_user_id_and_title on listings  (cost=0.00..1615.79 rows=4 width=0)
         Index Cond: (user_id = 25483)
[0m
  [4;36;1mListing Load (2.4ms)[0m   [0;1mSELECT * FROM "listings" WHERE ("listings".user_id = 25483) [0m
  [4;35;1mAnalyzing Listing Load Execution Time: 0.003121

[0m   [0mIndex Scan using index_listings_on_id_and_user_id_and_title on listings  (cost=0.00..1615.79 rows=4 width=1172)
   Index Cond: (user_id = 25483)
[0m
  [4;36;1mSQL (156.3ms)[0m   [0;1mSELECT count(*) AS count_all FROM "impressions" WHERE ("impressions".listing_id = 113144) [0m
  [4;35;1mAnalyzing  Execution Time: 0.156585

[0m   [0mAggregate  (cost=12714.08..12714.09 rows=1 width=0)
   ->  Seq Scan on impressions  (cost=0.00..12714.00 rows=31 width=0)
         Filter: (listing_id = 113144)
[0m
  [4;36;1mSQL (9.4ms)[0m   [0;1mSELECT count(*) AS count_all FROM "clicks" WHERE ("clicks".listing_id = 113144) [0m
  [4;35;1mAnalyzing  Execution Time: 0.009696

[0m   [0mAggregate  (cost=814.47..814.48 rows=1 width=0)
   ->  Seq Scan on clicks  (cost=0.00..814.46 rows=2 width=0)
         Filter: (listing_id = 113144)
[0m
  [4;36;1mSQL (2.1ms)[0m   [0;1mSELECT count(*) AS count_all FROM "listings" WHERE ("listings".user_id = 25482) [0m
  [4;35;1mAnalyzing  Execution Time: 0.002345

[0m   [0mAggregate  (cost=1615.81..1615.82 rows=1 width=0)
   ->  Index Scan using index_listings_on_id_and_user_id_and_title on listings  (cost=0.00..1615.79 rows=4 width=0)
         Index Cond: (user_id = 25482)
[0m
  [4;36;1mListing Load (2.2ms)[0m   [0;1mSELECT * FROM "listings" WHERE ("listings".user_id = 25482) [0m
  [4;35;1mAnalyzing Listing Load Execution Time: 0.006944

[0m   [0mIndex Scan using index_listings_on_id_and_user_id_and_title on listings  (cost=0.00..1615.79 rows=4 width=1172)
   Index Cond: (user_id = 25482)
[0m
  [4;36;1mSQL (159.8ms)[0m   [0;1mSELECT count(*) AS count_all FROM "impressions" WHERE ("impressions".listing_id = 65992) [0m
  [4;35;1mAnalyzing  Execution Time: 0.160012

[0m   [0mAggregate  (cost=12714.08..12714.09 rows=1 width=0)
   ->  Seq Scan on impressions  (cost=0.00..12714.00 rows=31 width=0)
         Filter: (listing_id = 65992)
[0m
  [4;36;1mSQL (159.6ms)[0m   [0;1mSELECT count(*) AS count_all FROM "impressions" WHERE ("impressions".listing_id = 93623) [0m
  [4;35;1mAnalyzing  Execution Time: 0.159871

[0m   [0mAggregate  (cost=12714.08..12714.09 rows=1 width=0)
   ->  Seq Scan on impressions  (cost=0.00..12714.00 rows=31 width=0)
         Filter: (listing_id = 93623)
[0m
  [4;36;1mSQL (150.4ms)[0m   [0;1mSELECT count(*) AS count_all FROM "impressions" WHERE ("impressions".listing_id = 93624) [0m
  [4;35;1mAnalyzing  Execution Time: 0.150681

[0m   [0mAggregate  (cost=12714.08..12714.09 rows=1 width=0)
   ->  Seq Scan on impressions  (cost=0.00..12714.00 rows=31 width=0)
         Filter: (listing_id = 93624)
[0m
  [4;36;1mSQL (154.1ms)[0m   [0;1mSELECT count(*) AS count_all FROM "impressions" WHERE ("impressions".listing_id = 93625) [0m
  [4;35;1mAnalyzing  Execution Time: 0.154365

[0m   [0mAggregate  (cost=12714.08..12714.09 rows=1 width=0)
   ->  Seq Scan on impressions  (cost=0.00..12714.00 rows=31 width=0)
         Filter: (listing_id = 93625)
[0m
  [4;36;1mSQL (159.8ms)[0m   [0;1mSELECT count(*) AS count_all FROM "impressions" WHERE ("impressions".listing_id = 93632) [0m
  [4;35;1mAnalyzing  Execution Time: 0.160064

[0m   [0mAggregate  (cost=12714.08..12714.09 rows=1 width=0)
   ->  Seq Scan on impressions  (cost=0.00..12714.00 rows=31 width=0)
         Filter: (listing_id = 93632)
[0m
  [4;36;1mSQL (161.4ms)[0m   [0;1mSELECT count(*) AS count_all FROM "impressions" WHERE ("impressions".listing_id = 93643) [0m
  [4;35;1mAnalyzing  Execution Time: 0.161629

[0m   [0mAggregate  (cost=12714.08..12714.09 rows=1 width=0)
   ->  Seq Scan on impressions  (cost=0.00..12714.00 rows=31 width=0)
         Filter: (listing_id = 93643)
[0m
  [4;36;1mSQL (154.4ms)[0m   [0;1mSELECT count(*) AS count_all FROM "impressions" WHERE ("impressions".listing_id = 93645) [0m
  [4;35;1mAnalyzing  Execution Time: 0.154752

[0m   [0mAggregate  (cost=12714.08..12714.09 rows=1 width=0)
   ->  Seq Scan on impressions  (cost=0.00..12714.00 rows=31 width=0)
         Filter: (listing_id = 93645)
[0m
  [4;36;1mSQL (155.5ms)[0m   [0;1mSELECT count(*) AS count_all FROM "impressions" WHERE ("impressions".listing_id = 93647) [0m
  [4;35;1mAnalyzing  Execution Time: 0.155771

[0m   [0mAggregate  (cost=12714.08..12714.09 rows=1 width=0)
   ->  Seq Scan on impressions  (cost=0.00..12714.00 rows=31 width=0)
         Filter: (listing_id = 93647)
[0m
  [4;36;1mSQL (150.3ms)[0m   [0;1mSELECT count(*) AS count_all FROM "impressions" WHERE ("impressions".listing_id = 93648) [0m
  [4;35;1mAnalyzing  Execution Time: 0.150595

[0m   [0mAggregate  (cost=12714.08..12714.09 rows=1 width=0)
   ->  Seq Scan on impressions  (cost=0.00..12714.00 rows=31 width=0)
         Filter: (listing_id = 93648)
[0m
  [4;36;1mSQL (153.3ms)[0m   [0;1mSELECT count(*) AS count_all FROM "impressions" WHERE ("impressions".listing_id = 113180) [0m
  [4;35;1mAnalyzing  Execution Time: 0.153554

[0m   [0mAggregate  (cost=12714.08..12714.09 rows=1 width=0)
   ->  Seq Scan on impressions  (cost=0.00..12714.00 rows=31 width=0)
         Filter: (listing_id = 113180)
[0m
  [4;36;1mSQL (156.5ms)[0m   [0;1mSELECT count(*) AS count_all FROM "impressions" WHERE ("impressions".listing_id = 113181) [0m
  [4;35;1mAnalyzing  Execution Time: 0.156822

[0m   [0mAggregate  (cost=12714.08..12714.09 rows=1 width=0)
   ->  Seq Scan on impressions  (cost=0.00..12714.00 rows=31 width=0)
         Filter: (listing_id = 113181)
[0m
  [4;36;1mSQL (153.0ms)[0m   [0;1mSELECT count(*) AS count_all FROM "impressions" WHERE ("impressions".listing_id = 113182) [0m
  [4;35;1mAnalyzing  Execution Time: 0.153267

[0m   [0mAggregate  (cost=12714.08..12714.09 rows=1 width=0)
   ->  Seq Scan on impressions  (cost=0.00..12714.00 rows=31 width=0)
         Filter: (listing_id = 113182)
[0m
  [4;36;1mSQL (17.6ms)[0m   [0;1mSELECT count(*) AS count_all FROM "clicks" WHERE ("clicks".listing_id = 65992) [0m
  [4;35;1mAnalyzing  Execution Time: 0.017929

[0m   [0mAggregate  (cost=814.47..814.48 rows=1 width=0)
   ->  Seq Scan on clicks  (cost=0.00..814.46 rows=2 width=0)
         Filter: (listing_id = 65992)
[0m
  [4;36;1mSQL (10.1ms)[0m   [0;1mSELECT count(*) AS count_all FROM "clicks" WHERE ("clicks".listing_id = 93623) [0m
  [4;35;1mAnalyzing  Execution Time: 0.010391

[0m   [0mAggregate  (cost=814.47..814.48 rows=1 width=0)
   ->  Seq Scan on clicks  (cost=0.00..814.46 rows=2 width=0)
         Filter: (listing_id = 93623)
[0m
  [4;36;1mSQL (9.0ms)[0m   [0;1mSELECT count(*) AS count_all FROM "clicks" WHERE ("clicks".listing_id = 93624) [0m
  [4;35;1mAnalyzing  Execution Time: 0.00933

[0m   [0mAggregate  (cost=814.47..814.48 rows=1 width=0)
   ->  Seq Scan on clicks  (cost=0.00..814.46 rows=2 width=0)
         Filter: (listing_id = 93624)
[0m
  [4;36;1mSQL (10.3ms)[0m   [0;1mSELECT count(*) AS count_all FROM "clicks" WHERE ("clicks".listing_id = 93625) [0m
  [4;35;1mAnalyzing  Execution Time: 0.010582

[0m   [0mAggregate  (cost=814.47..814.48 rows=1 width=0)
   ->  Seq Scan on clicks  (cost=0.00..814.46 rows=2 width=0)
         Filter: (listing_id = 93625)
[0m
  [4;36;1mSQL (8.7ms)[0m   [0;1mSELECT count(*) AS count_all FROM "clicks" WHERE ("clicks".listing_id = 93632) [0m
  [4;35;1mAnalyzing  Execution Time: 0.008923

[0m   [0mAggregate  (cost=814.47..814.48 rows=1 width=0)
   ->  Seq Scan on clicks  (cost=0.00..814.46 rows=2 width=0)
         Filter: (listing_id = 93632)
[0m
  [4;36;1mSQL (8.9ms)[0m   [0;1mSELECT count(*) AS count_all FROM "clicks" WHERE ("clicks".listing_id = 93643) [0m
  [4;35;1mAnalyzing  Execution Time: 0.009202

[0m   [0mAggregate  (cost=814.47..814.48 rows=1 width=0)
   ->  Seq Scan on clicks  (cost=0.00..814.46 rows=2 width=0)
         Filter: (listing_id = 93643)
[0m
  [4;36;1mSQL (12.2ms)[0m   [0;1mSELECT count(*) AS count_all FROM "clicks" WHERE ("clicks".listing_id = 93645) [0m
  [4;35;1mAnalyzing  Execution Time: 0.012494

[0m   [0mAggregate  (cost=814.47..814.48 rows=1 width=0)
   ->  Seq Scan on clicks  (cost=0.00..814.46 rows=2 width=0)
         Filter: (listing_id = 93645)
[0m
  [4;36;1mSQL (8.4ms)[0m   [0;1mSELECT count(*) AS count_all FROM "clicks" WHERE ("clicks".listing_id = 93647) [0m
  [4;35;1mAnalyzing  Execution Time: 0.008692

[0m   [0mAggregate  (cost=814.47..814.48 rows=1 width=0)
   ->  Seq Scan on clicks  (cost=0.00..814.46 rows=2 width=0)
         Filter: (listing_id = 93647)
[0m
  [4;36;1mSQL (10.5ms)[0m   [0;1mSELECT count(*) AS count_all FROM "clicks" WHERE ("clicks".listing_id = 93648) [0m
  [4;35;1mAnalyzing  Execution Time: 0.016378

[0m   [0mAggregate  (cost=814.47..814.48 rows=1 width=0)
   ->  Seq Scan on clicks  (cost=0.00..814.46 rows=2 width=0)
         Filter: (listing_id = 93648)
[0m
  [4;36;1mSQL (9.1ms)[0m   [0;1mSELECT count(*) AS count_all FROM "clicks" WHERE ("clicks".listing_id = 113180) [0m
  [4;35;1mAnalyzing  Execution Time: 0.009347

[0m   [0mAggregate  (cost=814.47..814.48 rows=1 width=0)
   ->  Seq Scan on clicks  (cost=0.00..814.46 rows=2 width=0)
         Filter: (listing_id = 113180)
[0m
  [4;36;1mSQL (8.5ms)[0m   [0;1mSELECT count(*) AS count_all FROM "clicks" WHERE ("clicks".listing_id = 113181) [0m
  [4;35;1mAnalyzing  Execution Time: 0.008741

[0m   [0mAggregate  (cost=814.47..814.48 rows=1 width=0)
   ->  Seq Scan on clicks  (cost=0.00..814.46 rows=2 width=0)
         Filter: (listing_id = 113181)
[0m
  [4;36;1mSQL (9.6ms)[0m   [0;1mSELECT count(*) AS count_all FROM "clicks" WHERE ("clicks".listing_id = 113182) [0m
  [4;35;1mAnalyzing  Execution Time: 0.009856

[0m   [0mAggregate  (cost=814.47..814.48 rows=1 width=0)
   ->  Seq Scan on clicks  (cost=0.00..814.46 rows=2 width=0)
         Filter: (listing_id = 113182)
[0m
  [4;36;1mSQL (5.0ms)[0m   [0;1mSELECT count(*) AS count_all FROM "listings" WHERE ("listings".user_id = 25481) [0m
  [4;35;1mAnalyzing  Execution Time: 0.00528

[0m   [0mAggregate  (cost=1615.81..1615.82 rows=1 width=0)
   ->  Index Scan using index_listings_on_id_and_user_id_and_title on listings  (cost=0.00..1615.79 rows=4 width=0)
         Index Cond: (user_id = 25481)
[0m
  [4;36;1mListing Load (2.1ms)[0m   [0;1mSELECT * FROM "listings" WHERE ("listings".user_id = 25481) [0m
  [4;35;1mAnalyzing Listing Load Execution Time: 0.002828

[0m   [0mIndex Scan using index_listings_on_id_and_user_id_and_title on listings  (cost=0.00..1615.79 rows=4 width=1172)
   Index Cond: (user_id = 25481)
[0m
  [4;36;1mSQL (156.7ms)[0m   [0;1mSELECT count(*) AS count_all FROM "impressions" WHERE ("impressions".listing_id = 113143) [0m
  [4;35;1mAnalyzing  Execution Time: 0.156985

[0m   [0mAggregate  (cost=12714.08..12714.09 rows=1 width=0)
   ->  Seq Scan on impressions  (cost=0.00..12714.00 rows=31 width=0)
         Filter: (listing_id = 113143)
[0m
  [4;36;1mSQL (9.0ms)[0m   [0;1mSELECT count(*) AS count_all FROM "clicks" WHERE ("clicks".listing_id = 113143) [0m
  [4;35;1mAnalyzing  Execution Time: 0.009225

[0m   [0mAggregate  (cost=814.47..814.48 rows=1 width=0)
   ->  Seq Scan on clicks  (cost=0.00..814.46 rows=2 width=0)
         Filter: (listing_id = 113143)
[0m
  [4;36;1mSQL (2.1ms)[0m   [0;1mSELECT count(*) AS count_all FROM "listings" WHERE ("listings".user_id = 25480) [0m
  [4;35;1mAnalyzing  Execution Time: 0.002384

[0m   [0mAggregate  (cost=1615.81..1615.82 rows=1 width=0)
   ->  Index Scan using index_listings_on_id_and_user_id_and_title on listings  (cost=0.00..1615.79 rows=4 width=0)
         Index Cond: (user_id = 25480)
[0m
  [4;36;1mListing Load (2.6ms)[0m   [0;1mSELECT * FROM "listings" WHERE ("listings".user_id = 25480) [0m
  [4;35;1mAnalyzing Listing Load Execution Time: 0.003348

[0m   [0mIndex Scan using index_listings_on_id_and_user_id_and_title on listings  (cost=0.00..1615.79 rows=4 width=1172)
   Index Cond: (user_id = 25480)
[0m
  [4;36;1mSQL (152.2ms)[0m   [0;1mSELECT count(*) AS count_all FROM "impressions" WHERE ("impressions".listing_id = 65906) [0m
  [4;35;1mAnalyzing  Execution Time: 0.152493

[0m   [0mAggregate  (cost=12714.08..12714.09 rows=1 width=0)
   ->  Seq Scan on impressions  (cost=0.00..12714.00 rows=31 width=0)
         Filter: (listing_id = 65906)
[0m
  [4;36;1mSQL (9.2ms)[0m   [0;1mSELECT count(*) AS count_all FROM "clicks" WHERE ("clicks".listing_id = 65906) [0m
  [4;35;1mAnalyzing  Execution Time: 0.009522

[0m   [0mAggregate  (cost=814.47..814.48 rows=1 width=0)
   ->  Seq Scan on clicks  (cost=0.00..814.46 rows=2 width=0)
         Filter: (listing_id = 65906)
[0m
  [4;36;1mSQL (14.2ms)[0m   [0;1mSELECT count(*) AS count_all FROM "listings" WHERE ("listings".user_id = 25479) [0m
  [4;35;1mAnalyzing  Execution Time: 0.014488

[0m   [0mAggregate  (cost=1615.81..1615.82 rows=1 width=0)
   ->  Index Scan using index_listings_on_id_and_user_id_and_title on listings  (cost=0.00..1615.79 rows=4 width=0)
         Index Cond: (user_id = 25479)
[0m
  [4;36;1mListing Load (2.7ms)[0m   [0;1mSELECT * FROM "listings" WHERE ("listings".user_id = 25479) [0m
  [4;35;1mAnalyzing Listing Load Execution Time: 0.003404

[0m   [0mIndex Scan using index_listings_on_id_and_user_id_and_title on listings  (cost=0.00..1615.79 rows=4 width=1172)
   Index Cond: (user_id = 25479)
[0m
  [4;36;1mSQL (210.2ms)[0m   [0;1mSELECT count(*) AS count_all FROM "impressions" WHERE ("impressions".listing_id = 113142) [0m
  [4;35;1mAnalyzing  Execution Time: 0.210443

[0m   [0mAggregate  (cost=12714.08..12714.09 rows=1 width=0)
   ->  Seq Scan on impressions  (cost=0.00..12714.00 rows=31 width=0)
         Filter: (listing_id = 113142)
[0m
  [4;36;1mSQL (9.6ms)[0m   [0;1mSELECT count(*) AS count_all FROM "clicks" WHERE ("clicks".listing_id = 113142) [0m
  [4;35;1mAnalyzing  Execution Time: 0.009889

[0m   [0mAggregate  (cost=814.47..814.48 rows=1 width=0)
   ->  Seq Scan on clicks  (cost=0.00..814.46 rows=2 width=0)
         Filter: (listing_id = 113142)
[0m
  [4;36;1mSQL (2.0ms)[0m   [0;1mSELECT count(*) AS count_all FROM "listings" WHERE ("listings".user_id = 25478) [0m
  [4;35;1mAnalyzing  Execution Time: 0.002244

[0m   [0mAggregate  (cost=1615.81..1615.82 rows=1 width=0)
   ->  Index Scan using index_listings_on_id_and_user_id_and_title on listings  (cost=0.00..1615.79 rows=4 width=0)
         Index Cond: (user_id = 25478)
[0m
  [4;36;1mListing Load (2.0ms)[0m   [0;1mSELECT * FROM "listings" WHERE ("listings".user_id = 25478) [0m
  [4;35;1mAnalyzing Listing Load Execution Time: 0.002713

[0m   [0mIndex Scan using index_listings_on_id_and_user_id_and_title on listings  (cost=0.00..1615.79 rows=4 width=1172)
   Index Cond: (user_id = 25478)
[0m
  [4;36;1mSQL (159.4ms)[0m   [0;1mSELECT count(*) AS count_all FROM "impressions" WHERE ("impressions".listing_id = 113141) [0m
  [4;35;1mAnalyzing  Execution Time: 0.159627

[0m   [0mAggregate  (cost=12714.08..12714.09 rows=1 width=0)
   ->  Seq Scan on impressions  (cost=0.00..12714.00 rows=31 width=0)
         Filter: (listing_id = 113141)
[0m
  [4;36;1mSQL (10.7ms)[0m   [0;1mSELECT count(*) AS count_all FROM "clicks" WHERE ("clicks".listing_id = 113141) [0m
  [4;35;1mAnalyzing  Execution Time: 0.011005

[0m   [0mAggregate  (cost=814.47..814.48 rows=1 width=0)
   ->  Seq Scan on clicks  (cost=0.00..814.46 rows=2 width=0)
         Filter: (listing_id = 113141)
[0m
  [4;36;1mSQL (3.1ms)[0m   [0;1mSELECT count(*) AS count_all FROM "listings" WHERE ("listings".user_id = 25477) [0m
  [4;35;1mAnalyzing  Execution Time: 0.003393

[0m   [0mAggregate  (cost=1615.81..1615.82 rows=1 width=0)
   ->  Index Scan using index_listings_on_id_and_user_id_and_title on listings  (cost=0.00..1615.79 rows=4 width=0)
         Index Cond: (user_id = 25477)
[0m
  [4;36;1mListing Load (3.0ms)[0m   [0;1mSELECT * FROM "listings" WHERE ("listings".user_id = 25477) [0m
  [4;35;1mAnalyzing Listing Load Execution Time: 0.003767

[0m   [0mIndex Scan using index_listings_on_id_and_user_id_and_title on listings  (cost=0.00..1615.79 rows=4 width=1172)
   Index Cond: (user_id = 25477)
[0m
  [4;36;1mSQL (152.6ms)[0m   [0;1mSELECT count(*) AS count_all FROM "impressions" WHERE ("impressions".listing_id = 80587) [0m
  [4;35;1mAnalyzing  Execution Time: 0.308376

[0m   [0mAggregate  (cost=12714.08..12714.09 rows=1 width=0)
   ->  Seq Scan on impressions  (cost=0.00..12714.00 rows=31 width=0)
         Filter: (listing_id = 80587)
[0m
  [4;36;1mSQL (9.1ms)[0m   [0;1mSELECT count(*) AS count_all FROM "clicks" WHERE ("clicks".listing_id = 80587) [0m
  [4;35;1mAnalyzing  Execution Time: 0.009438

[0m   [0mAggregate  (cost=814.47..814.48 rows=1 width=0)
   ->  Seq Scan on clicks  (cost=0.00..814.46 rows=2 width=0)
         Filter: (listing_id = 80587)
[0m
  [4;36;1mSQL (2.4ms)[0m   [0;1mSELECT count(*) AS count_all FROM "listings" WHERE ("listings".user_id = 25476) [0m
  [4;35;1mAnalyzing  Execution Time: 0.002693

[0m   [0mAggregate  (cost=1615.81..1615.82 rows=1 width=0)
   ->  Index Scan using index_listings_on_id_and_user_id_and_title on listings  (cost=0.00..1615.79 rows=4 width=0)
         Index Cond: (user_id = 25476)
[0m
  [4;36;1mListing Load (3.0ms)[0m   [0;1mSELECT * FROM "listings" WHERE ("listings".user_id = 25476) [0m
  [4;35;1mAnalyzing Listing Load Execution Time: 0.003884

[0m   [0mIndex Scan using index_listings_on_id_and_user_id_and_title on listings  (cost=0.00..1615.79 rows=4 width=1172)
   Index Cond: (user_id = 25476)
[0m
  [4;36;1mSQL (158.6ms)[0m   [0;1mSELECT count(*) AS count_all FROM "impressions" WHERE ("impressions".listing_id = 77154) [0m
  [4;35;1mAnalyzing  Execution Time: 0.158933

[0m   [0mAggregate  (cost=12714.08..12714.09 rows=1 width=0)
   ->  Seq Scan on impressions  (cost=0.00..12714.00 rows=31 width=0)
         Filter: (listing_id = 77154)
[0m
  [4;36;1mSQL (9.0ms)[0m   [0;1mSELECT count(*) AS count_all FROM "clicks" WHERE ("clicks".listing_id = 77154) [0m
  [4;35;1mAnalyzing  Execution Time: 0.009276

[0m   [0mAggregate  (cost=814.47..814.48 rows=1 width=0)
   ->  Seq Scan on clicks  (cost=0.00..814.46 rows=2 width=0)
         Filter: (listing_id = 77154)
[0m
  [4;36;1mSQL (2.0ms)[0m   [0;1mSELECT count(*) AS count_all FROM "listings" WHERE ("listings".user_id = 25475) [0m
  [4;35;1mAnalyzing  Execution Time: 0.002304

[0m   [0mAggregate  (cost=1615.81..1615.82 rows=1 width=0)
   ->  Index Scan using index_listings_on_id_and_user_id_and_title on listings  (cost=0.00..1615.79 rows=4 width=0)
         Index Cond: (user_id = 25475)
[0m
  [4;36;1mListing Load (2.0ms)[0m   [0;1mSELECT * FROM "listings" WHERE ("listings".user_id = 25475) [0m
  [4;35;1mAnalyzing Listing Load Execution Time: 0.002751

[0m   [0mIndex Scan using index_listings_on_id_and_user_id_and_title on listings  (cost=0.00..1615.79 rows=4 width=1172)
   Index Cond: (user_id = 25475)
[0m
  [4;36;1mSQL (154.4ms)[0m   [0;1mSELECT count(*) AS count_all FROM "impressions" WHERE ("impressions".listing_id = 113140) [0m
  [4;35;1mAnalyzing  Execution Time: 0.154629

[0m   [0mAggregate  (cost=12714.08..12714.09 rows=1 width=0)
   ->  Seq Scan on impressions  (cost=0.00..12714.00 rows=31 width=0)
         Filter: (listing_id = 113140)
[0m
  [4;36;1mSQL (8.4ms)[0m   [0;1mSELECT count(*) AS count_all FROM "clicks" WHERE ("clicks".listing_id = 113140) [0m
  [4;35;1mAnalyzing  Execution Time: 0.008726

[0m   [0mAggregate  (cost=814.47..814.48 rows=1 width=0)
   ->  Seq Scan on clicks  (cost=0.00..814.46 rows=2 width=0)
         Filter: (listing_id = 113140)
[0m
  [4;36;1mSQL (2.1ms)[0m   [0;1mSELECT count(*) AS count_all FROM "listings" WHERE ("listings".user_id = 25474) [0m
  [4;35;1mAnalyzing  Execution Time: 0.002471

[0m   [0mAggregate  (cost=1615.81..1615.82 rows=1 width=0)
   ->  Index Scan using index_listings_on_id_and_user_id_and_title on listings  (cost=0.00..1615.79 rows=4 width=0)
         Index Cond: (user_id = 25474)
[0m
  [4;36;1mListing Load (2.6ms)[0m   [0;1mSELECT * FROM "listings" WHERE ("listings".user_id = 25474) [0m
  [4;35;1mAnalyzing Listing Load Execution Time: 0.003416

[0m   [0mIndex Scan using index_listings_on_id_and_user_id_and_title on listings  (cost=0.00..1615.79 rows=4 width=1172)
   Index Cond: (user_id = 25474)
[0m
  [4;36;1mSQL (156.9ms)[0m   [0;1mSELECT count(*) AS count_all FROM "impressions" WHERE ("impressions".listing_id = 71648) [0m
  [4;35;1mAnalyzing  Execution Time: 0.157256

[0m   [0mAggregate  (cost=12714.08..12714.09 rows=1 width=0)
   ->  Seq Scan on impressions  (cost=0.00..12714.00 rows=31 width=0)
         Filter: (listing_id = 71648)
[0m
  [4;36;1mSQL (15.9ms)[0m   [0;1mSELECT count(*) AS count_all FROM "clicks" WHERE ("clicks".listing_id = 71648) [0m
  [4;35;1mAnalyzing  Execution Time: 0.016152

[0m   [0mAggregate  (cost=814.47..814.48 rows=1 width=0)
   ->  Seq Scan on clicks  (cost=0.00..814.46 rows=2 width=0)
         Filter: (listing_id = 71648)
[0m
  [4;36;1mSQL (2.0ms)[0m   [0;1mSELECT count(*) AS count_all FROM "listings" WHERE ("listings".user_id = 25473) [0m
  [4;35;1mAnalyzing  Execution Time: 0.0023

[0m   [0mAggregate  (cost=1615.81..1615.82 rows=1 width=0)
   ->  Index Scan using index_listings_on_id_and_user_id_and_title on listings  (cost=0.00..1615.79 rows=4 width=0)
         Index Cond: (user_id = 25473)
[0m
  [4;36;1mListing Load (2.3ms)[0m   [0;1mSELECT * FROM "listings" WHERE ("listings".user_id = 25473) [0m
  [4;35;1mAnalyzing Listing Load Execution Time: 0.005323

[0m   [0mIndex Scan using index_listings_on_id_and_user_id_and_title on listings  (cost=0.00..1615.79 rows=4 width=1172)
   Index Cond: (user_id = 25473)
[0m
  [4;36;1mSQL (156.1ms)[0m   [0;1mSELECT count(*) AS count_all FROM "impressions" WHERE ("impressions".listing_id = 66154) [0m
  [4;35;1mAnalyzing  Execution Time: 0.156346

[0m   [0mAggregate  (cost=12714.08..12714.09 rows=1 width=0)
   ->  Seq Scan on impressions  (cost=0.00..12714.00 rows=31 width=0)
         Filter: (listing_id = 66154)
[0m
  [4;36;1mSQL (162.9ms)[0m   [0;1mSELECT count(*) AS count_all FROM "impressions" WHERE ("impressions".listing_id = 71768) [0m
  [4;35;1mAnalyzing  Execution Time: 0.163216

[0m   [0mAggregate  (cost=12714.08..12714.09 rows=1 width=0)
   ->  Seq Scan on impressions  (cost=0.00..12714.00 rows=31 width=0)
         Filter: (listing_id = 71768)
[0m
  [4;36;1mSQL (149.7ms)[0m   [0;1mSELECT count(*) AS count_all FROM "impressions" WHERE ("impressions".listing_id = 113261) [0m
  [4;35;1mAnalyzing  Execution Time: 0.150003

[0m   [0mAggregate  (cost=12714.08..12714.09 rows=1 width=0)
   ->  Seq Scan on impressions  (cost=0.00..12714.00 rows=31 width=0)
         Filter: (listing_id = 113261)
[0m
  [4;36;1mSQL (146.0ms)[0m   [0;1mSELECT count(*) AS count_all FROM "impressions" WHERE ("impressions".listing_id = 113262) [0m
  [4;35;1mAnalyzing  Execution Time: 0.146273

[0m   [0mAggregate  (cost=12714.08..12714.09 rows=1 width=0)
   ->  Seq Scan on impressions  (cost=0.00..12714.00 rows=31 width=0)
         Filter: (listing_id = 113262)
[0m
  [4;36;1mSQL (145.6ms)[0m   [0;1mSELECT count(*) AS count_all FROM "impressions" WHERE ("impressions".listing_id = 113263) [0m
  [4;35;1mAnalyzing  Execution Time: 0.145934

[0m   [0mAggregate  (cost=12714.08..12714.09 rows=1 width=0)
   ->  Seq Scan on impressions  (cost=0.00..12714.00 rows=31 width=0)
         Filter: (listing_id = 113263)
[0m
  [4;36;1mSQL (153.3ms)[0m   [0;1mSELECT count(*) AS count_all FROM "impressions" WHERE ("impressions".listing_id = 113264) [0m
  [4;35;1mAnalyzing  Execution Time: 0.153623

[0m   [0mAggregate  (cost=12714.08..12714.09 rows=1 width=0)
   ->  Seq Scan on impressions  (cost=0.00..12714.00 rows=31 width=0)
         Filter: (listing_id = 113264)
[0m
  [4;36;1mSQL (155.1ms)[0m   [0;1mSELECT count(*) AS count_all FROM "impressions" WHERE ("impressions".listing_id = 113265) [0m
  [4;35;1mAnalyzing  Execution Time: 0.155375

[0m   [0mAggregate  (cost=12714.08..12714.09 rows=1 width=0)
   ->  Seq Scan on impressions  (cost=0.00..12714.00 rows=31 width=0)
         Filter: (listing_id = 113265)
[0m
  [4;36;1mSQL (13.6ms)[0m   [0;1mSELECT count(*) AS count_all FROM "clicks" WHERE ("clicks".listing_id = 66154) [0m
  [4;35;1mAnalyzing  Execution Time: 0.013852

[0m   [0mAggregate  (cost=814.47..814.48 rows=1 width=0)
   ->  Seq Scan on clicks  (cost=0.00..814.46 rows=2 width=0)
         Filter: (listing_id = 66154)
[0m
  [4;36;1mSQL (10.9ms)[0m   [0;1mSELECT count(*) AS count_all FROM "clicks" WHERE ("clicks".listing_id = 71768) [0m
  [4;35;1mAnalyzing  Execution Time: 0.011232

[0m   [0mAggregate  (cost=814.47..814.48 rows=1 width=0)
   ->  Seq Scan on clicks  (cost=0.00..814.46 rows=2 width=0)
         Filter: (listing_id = 71768)
[0m
  [4;36;1mSQL (9.2ms)[0m   [0;1mSELECT count(*) AS count_all FROM "clicks" WHERE ("clicks".listing_id = 113261) [0m
  [4;35;1mAnalyzing  Execution Time: 0.009507

[0m   [0mAggregate  (cost=814.47..814.48 rows=1 width=0)
   ->  Seq Scan on clicks  (cost=0.00..814.46 rows=2 width=0)
         Filter: (listing_id = 113261)
[0m
  [4;36;1mSQL (8.4ms)[0m   [0;1mSELECT count(*) AS count_all FROM "clicks" WHERE ("clicks".listing_id = 113262) [0m
  [4;35;1mAnalyzing  Execution Time: 0.008686

[0m   [0mAggregate  (cost=814.47..814.48 rows=1 width=0)
   ->  Seq Scan on clicks  (cost=0.00..814.46 rows=2 width=0)
         Filter: (listing_id = 113262)
[0m
  [4;36;1mSQL (9.5ms)[0m   [0;1mSELECT count(*) AS count_all FROM "clicks" WHERE ("clicks".listing_id = 113263) [0m
  [4;35;1mAnalyzing  Execution Time: 0.009822

[0m   [0mAggregate  (cost=814.47..814.48 rows=1 width=0)
   ->  Seq Scan on clicks  (cost=0.00..814.46 rows=2 width=0)
         Filter: (listing_id = 113263)
[0m
  [4;36;1mSQL (9.5ms)[0m   [0;1mSELECT count(*) AS count_all FROM "clicks" WHERE ("clicks".listing_id = 113264) [0m
  [4;35;1mAnalyzing  Execution Time: 0.009718

[0m   [0mAggregate  (cost=814.47..814.48 rows=1 width=0)
   ->  Seq Scan on clicks  (cost=0.00..814.46 rows=2 width=0)
         Filter: (listing_id = 113264)
[0m
  [4;36;1mSQL (8.4ms)[0m   [0;1mSELECT count(*) AS count_all FROM "clicks" WHERE ("clicks".listing_id = 113265) [0m
  [4;35;1mAnalyzing  Execution Time: 0.008661

[0m   [0mAggregate  (cost=814.49..814.50 rows=1 width=0)
   ->  Seq Scan on clicks  (cost=0.00..814.46 rows=8 width=0)
         Filter: (listing_id = 113265)
[0m
  [4;36;1mSQL (6.8ms)[0m   [0;1mSELECT count(*) AS count_all FROM "listings" WHERE ("listings".user_id = 25472) [0m
  [4;35;1mAnalyzing  Execution Time: 0.007046

[0m   [0mAggregate  (cost=1615.81..1615.82 rows=1 width=0)
   ->  Index Scan using index_listings_on_id_and_user_id_and_title on listings  (cost=0.00..1615.79 rows=4 width=0)
         Index Cond: (user_id = 25472)
[0m
  [4;36;1mListing Load (2.9ms)[0m   [0;1mSELECT * FROM "listings" WHERE ("listings".user_id = 25472) [0m
  [4;35;1mAnalyzing Listing Load Execution Time: 0.003718

[0m   [0mIndex Scan using index_listings_on_id_and_user_id_and_title on listings  (cost=0.00..1615.79 rows=4 width=1172)
   Index Cond: (user_id = 25472)
[0m
  [4;36;1mSQL (155.4ms)[0m   [0;1mSELECT count(*) AS count_all FROM "impressions" WHERE ("impressions".listing_id = 103788) [0m
  [4;35;1mAnalyzing  Execution Time: 0.155695

[0m   [0mAggregate  (cost=12714.08..12714.09 rows=1 width=0)
   ->  Seq Scan on impressions  (cost=0.00..12714.00 rows=31 width=0)
         Filter: (listing_id = 103788)
[0m
  [4;36;1mSQL (10.4ms)[0m   [0;1mSELECT count(*) AS count_all FROM "clicks" WHERE ("clicks".listing_id = 103788) [0m
  [4;35;1mAnalyzing  Execution Time: 0.010765

[0m   [0mAggregate  (cost=814.47..814.48 rows=1 width=0)
   ->  Seq Scan on clicks  (cost=0.00..814.46 rows=2 width=0)
         Filter: (listing_id = 103788)
[0m
  [4;36;1mSQL (2.2ms)[0m   [0;1mSELECT count(*) AS count_all FROM "listings" WHERE ("listings".user_id = 25471) [0m
  [4;35;1mAnalyzing  Execution Time: 0.002452

[0m   [0mAggregate  (cost=1615.81..1615.82 rows=1 width=0)
   ->  Index Scan using index_listings_on_id_and_user_id_and_title on listings  (cost=0.00..1615.79 rows=4 width=0)
         Index Cond: (user_id = 25471)
[0m
  [4;36;1mListing Load (2.0ms)[0m   [0;1mSELECT * FROM "listings" WHERE ("listings".user_id = 25471) [0m
  [4;35;1mAnalyzing Listing Load Execution Time: 0.002723

[0m   [0mIndex Scan using index_listings_on_id_and_user_id_and_title on listings  (cost=0.00..1615.79 rows=4 width=1172)
   Index Cond: (user_id = 25471)
[0m
  [4;36;1mSQL (155.8ms)[0m   [0;1mSELECT count(*) AS count_all FROM "impressions" WHERE ("impressions".listing_id = 113139) [0m
  [4;35;1mAnalyzing  Execution Time: 0.156035

[0m   [0mAggregate  (cost=12714.08..12714.09 rows=1 width=0)
   ->  Seq Scan on impressions  (cost=0.00..12714.00 rows=31 width=0)
         Filter: (listing_id = 113139)
[0m
  [4;36;1mSQL (8.9ms)[0m   [0;1mSELECT count(*) AS count_all FROM "clicks" WHERE ("clicks".listing_id = 113139) [0m
  [4;35;1mAnalyzing  Execution Time: 0.00914500000000007

[0m   [0mAggregate  (cost=814.47..814.48 rows=1 width=0)
   ->  Seq Scan on clicks  (cost=0.00..814.46 rows=2 width=0)
         Filter: (listing_id = 113139)
[0m
  [4;36;1mSQL (3.0ms)[0m   [0;1mSELECT count(*) AS count_all FROM "listings" WHERE ("listings".user_id = 25470) [0m
  [4;35;1mAnalyzing  Execution Time: 0.003308

[0m   [0mAggregate  (cost=1615.81..1615.82 rows=1 width=0)
   ->  Index Scan using index_listings_on_id_and_user_id_and_title on listings  (cost=0.00..1615.79 rows=4 width=0)
         Index Cond: (user_id = 25470)
[0m
  [4;36;1mListing Load (2.7ms)[0m   [0;1mSELECT * FROM "listings" WHERE ("listings".user_id = 25470) [0m
  [4;35;1mAnalyzing Listing Load Execution Time: 0.0055

[0m   [0mIndex Scan using index_listings_on_id_and_user_id_and_title on listings  (cost=0.00..1615.79 rows=4 width=1172)
   Index Cond: (user_id = 25470)
[0m
  [4;36;1mSQL (146.8ms)[0m   [0;1mSELECT count(*) AS count_all FROM "impressions" WHERE ("impressions".listing_id = 72452) [0m
  [4;35;1mAnalyzing  Execution Time: 0.14702

[0m   [0mAggregate  (cost=12714.08..12714.09 rows=1 width=0)
   ->  Seq Scan on impressions  (cost=0.00..12714.00 rows=31 width=0)
         Filter: (listing_id = 72452)
[0m
  [4;36;1mSQL (154.6ms)[0m   [0;1mSELECT count(*) AS count_all FROM "impressions" WHERE ("impressions".listing_id = 74723) [0m
  [4;35;1mAnalyzing  Execution Time: 0.154843

[0m   [0mAggregate  (cost=12714.08..12714.09 rows=1 width=0)
   ->  Seq Scan on impressions  (cost=0.00..12714.00 rows=31 width=0)
         Filter: (listing_id = 74723)
[0m
  [4;36;1mSQL (154.0ms)[0m   [0;1mSELECT count(*) AS count_all FROM "impressions" WHERE ("impressions".listing_id = 106172) [0m
  [4;35;1mAnalyzing  Execution Time: 0.154293

[0m   [0mAggregate  (cost=12714.08..12714.09 rows=1 width=0)
   ->  Seq Scan on impressions  (cost=0.00..12714.00 rows=31 width=0)
         Filter: (listing_id = 106172)
[0m
  [4;36;1mSQL (150.1ms)[0m   [0;1mSELECT count(*) AS count_all FROM "impressions" WHERE ("impressions".listing_id = 106173) [0m
  [4;35;1mAnalyzing  Execution Time: 0.150343

[0m   [0mAggregate  (cost=12714.08..12714.09 rows=1 width=0)
   ->  Seq Scan on impressions  (cost=0.00..12714.00 rows=31 width=0)
         Filter: (listing_id = 106173)
[0m
  [4;36;1mSQL (153.9ms)[0m   [0;1mSELECT count(*) AS count_all FROM "impressions" WHERE ("impressions".listing_id = 106245) [0m
  [4;35;1mAnalyzing  Execution Time: 0.154146

[0m   [0mAggregate  (cost=12714.08..12714.09 rows=1 width=0)
   ->  Seq Scan on impressions  (cost=0.00..12714.00 rows=31 width=0)
         Filter: (listing_id = 106245)
[0m
  [4;36;1mSQL (149.2ms)[0m   [0;1mSELECT count(*) AS count_all FROM "impressions" WHERE ("impressions".listing_id = 106246) [0m
  [4;35;1mAnalyzing  Execution Time: 0.149537

[0m   [0mAggregate  (cost=12714.08..12714.09 rows=1 width=0)
   ->  Seq Scan on impressions  (cost=0.00..12714.00 rows=31 width=0)
         Filter: (listing_id = 106246)
[0m
  [4;36;1mSQL (14.5ms)[0m   [0;1mSELECT count(*) AS count_all FROM "clicks" WHERE ("clicks".listing_id = 72452) [0m
  [4;35;1mAnalyzing  Execution Time: 0.014799

[0m   [0mAggregate  (cost=814.47..814.48 rows=1 width=0)
   ->  Seq Scan on clicks  (cost=0.00..814.46 rows=2 width=0)
         Filter: (listing_id = 72452)
[0m
  [4;36;1mSQL (8.9ms)[0m   [0;1mSELECT count(*) AS count_all FROM "clicks" WHERE ("clicks".listing_id = 74723) [0m
  [4;35;1mAnalyzing  Execution Time: 0.009177

[0m   [0mAggregate  (cost=814.49..814.50 rows=1 width=0)
   ->  Seq Scan on clicks  (cost=0.00..814.46 rows=8 width=0)
         Filter: (listing_id = 74723)
[0m
  [4;36;1mSQL (10.5ms)[0m   [0;1mSELECT count(*) AS count_all FROM "clicks" WHERE ("clicks".listing_id = 106172) [0m
  [4;35;1mAnalyzing  Execution Time: 0.010798

[0m   [0mAggregate  (cost=814.47..814.48 rows=1 width=0)
   ->  Seq Scan on clicks  (cost=0.00..814.46 rows=2 width=0)
         Filter: (listing_id = 106172)
[0m
  [4;36;1mSQL (9.3ms)[0m   [0;1mSELECT count(*) AS count_all FROM "clicks" WHERE ("clicks".listing_id = 106173) [0m
  [4;35;1mAnalyzing  Execution Time: 0.009564

[0m   [0mAggregate  (cost=814.47..814.48 rows=1 width=0)
   ->  Seq Scan on clicks  (cost=0.00..814.46 rows=2 width=0)
         Filter: (listing_id = 106173)
[0m
  [4;36;1mSQL (8.4ms)[0m   [0;1mSELECT count(*) AS count_all FROM "clicks" WHERE ("clicks".listing_id = 106245) [0m
  [4;35;1mAnalyzing  Execution Time: 0.00861600000000007

[0m   [0mAggregate  (cost=814.47..814.48 rows=1 width=0)
   ->  Seq Scan on clicks  (cost=0.00..814.46 rows=2 width=0)
         Filter: (listing_id = 106245)
[0m
  [4;36;1mSQL (10.6ms)[0m   [0;1mSELECT count(*) AS count_all FROM "clicks" WHERE ("clicks".listing_id = 106246) [0m
  [4;35;1mAnalyzing  Execution Time: 0.010897

[0m   [0mAggregate  (cost=814.47..814.48 rows=1 width=0)
   ->  Seq Scan on clicks  (cost=0.00..814.46 rows=2 width=0)
         Filter: (listing_id = 106246)
[0m
  [4;36;1mSQL (5.8ms)[0m   [0;1mSELECT count(*) AS count_all FROM "listings" WHERE ("listings".user_id = 25469) [0m
  [4;35;1mAnalyzing  Execution Time: 0.006013

[0m   [0mAggregate  (cost=1615.81..1615.82 rows=1 width=0)
   ->  Index Scan using index_listings_on_id_and_user_id_and_title on listings  (cost=0.00..1615.79 rows=4 width=0)
         Index Cond: (user_id = 25469)
[0m
  [4;36;1mListing Load (2.0ms)[0m   [0;1mSELECT * FROM "listings" WHERE ("listings".user_id = 25469) [0m
  [4;35;1mAnalyzing Listing Load Execution Time: 0.00275

[0m   [0mIndex Scan using index_listings_on_id_and_user_id_and_title on listings  (cost=0.00..1615.79 rows=4 width=1172)
   Index Cond: (user_id = 25469)
[0m
  [4;36;1mSQL (151.4ms)[0m   [0;1mSELECT count(*) AS count_all FROM "impressions" WHERE ("impressions".listing_id = 113138) [0m
  [4;35;1mAnalyzing  Execution Time: 0.151713

[0m   [0mAggregate  (cost=12714.08..12714.09 rows=1 width=0)
   ->  Seq Scan on impressions  (cost=0.00..12714.00 rows=31 width=0)
         Filter: (listing_id = 113138)
[0m
  [4;36;1mSQL (8.9ms)[0m   [0;1mSELECT count(*) AS count_all FROM "clicks" WHERE ("clicks".listing_id = 113138) [0m
  [4;35;1mAnalyzing  Execution Time: 0.009324

[0m   [0mAggregate  (cost=814.47..814.48 rows=1 width=0)
   ->  Seq Scan on clicks  (cost=0.00..814.46 rows=2 width=0)
         Filter: (listing_id = 113138)
[0m
  [4;36;1mSQL (2.1ms)[0m   [0;1mSELECT count(*) AS count_all FROM "listings" WHERE ("listings".user_id = 25468) [0m
  [4;35;1mAnalyzing  Execution Time: 0.002379

[0m   [0mAggregate  (cost=1615.81..1615.82 rows=1 width=0)
   ->  Index Scan using index_listings_on_id_and_user_id_and_title on listings  (cost=0.00..1615.79 rows=4 width=0)
         Index Cond: (user_id = 25468)
[0m
  [4;36;1mListing Load (2.0ms)[0m   [0;1mSELECT * FROM "listings" WHERE ("listings".user_id = 25468) [0m
  [4;35;1mAnalyzing Listing Load Execution Time: 0.003191

[0m   [0mIndex Scan using index_listings_on_id_and_user_id_and_title on listings  (cost=0.00..1615.79 rows=4 width=1172)
   Index Cond: (user_id = 25468)
[0m
  [4;36;1mSQL (151.1ms)[0m   [0;1mSELECT count(*) AS count_all FROM "impressions" WHERE ("impressions".listing_id = 72512) [0m
  [4;35;1mAnalyzing  Execution Time: 0.151336

[0m   [0mAggregate  (cost=12714.08..12714.09 rows=1 width=0)
   ->  Seq Scan on impressions  (cost=0.00..12714.00 rows=31 width=0)
         Filter: (listing_id = 72512)
[0m
  [4;36;1mSQL (154.4ms)[0m   [0;1mSELECT count(*) AS count_all FROM "impressions" WHERE ("impressions".listing_id = 113277) [0m
  [4;35;1mAnalyzing  Execution Time: 0.154705

[0m   [0mAggregate  (cost=12714.08..12714.09 rows=1 width=0)
   ->  Seq Scan on impressions  (cost=0.00..12714.00 rows=31 width=0)
         Filter: (listing_id = 113277)
[0m
  [4;36;1mSQL (9.4ms)[0m   [0;1mSELECT count(*) AS count_all FROM "clicks" WHERE ("clicks".listing_id = 72512) [0m
  [4;35;1mAnalyzing  Execution Time: 0.009642

[0m   [0mAggregate  (cost=814.47..814.48 rows=1 width=0)
   ->  Seq Scan on clicks  (cost=0.00..814.46 rows=2 width=0)
         Filter: (listing_id = 72512)
[0m
  [4;36;1mSQL (8.9ms)[0m   [0;1mSELECT count(*) AS count_all FROM "clicks" WHERE ("clicks".listing_id = 113277) [0m
  [4;35;1mAnalyzing  Execution Time: 0.009164

[0m   [0mAggregate  (cost=814.47..814.48 rows=1 width=0)
   ->  Seq Scan on clicks  (cost=0.00..814.46 rows=2 width=0)
         Filter: (listing_id = 113277)
[0m
  [4;36;1mSQL (2.4ms)[0m   [0;1mSELECT count(*) AS count_all FROM "listings" WHERE ("listings".user_id = 25467) [0m
  [4;35;1mAnalyzing  Execution Time: 0.002716

[0m   [0mAggregate  (cost=1615.81..1615.82 rows=1 width=0)
   ->  Index Scan using index_listings_on_id_and_user_id_and_title on listings  (cost=0.00..1615.79 rows=4 width=0)
         Index Cond: (user_id = 25467)
[0m
  [4;36;1mListing Load (2.2ms)[0m   [0;1mSELECT * FROM "listings" WHERE ("listings".user_id = 25467) [0m
  [4;35;1mAnalyzing Listing Load Execution Time: 0.002916

[0m   [0mIndex Scan using index_listings_on_id_and_user_id_and_title on listings  (cost=0.00..1615.79 rows=4 width=1172)
   Index Cond: (user_id = 25467)
[0m
  [4;36;1mSQL (159.2ms)[0m   [0;1mSELECT count(*) AS count_all FROM "impressions" WHERE ("impressions".listing_id = 87230) [0m
  [4;35;1mAnalyzing  Execution Time: 0.159455

[0m   [0mAggregate  (cost=12714.08..12714.09 rows=1 width=0)
   ->  Seq Scan on impressions  (cost=0.00..12714.00 rows=31 width=0)
         Filter: (listing_id = 87230)
[0m
  [4;36;1mSQL (9.7ms)[0m   [0;1mSELECT count(*) AS count_all FROM "clicks" WHERE ("clicks".listing_id = 87230) [0m
  [4;35;1mAnalyzing  Execution Time: 0.009995

[0m   [0mAggregate  (cost=814.47..814.48 rows=1 width=0)
   ->  Seq Scan on clicks  (cost=0.00..814.46 rows=2 width=0)
         Filter: (listing_id = 87230)
[0m
  [4;36;1mSQL (2.7ms)[0m   [0;1mSELECT count(*) AS count_all FROM "listings" WHERE ("listings".user_id = 25466) [0m
  [4;35;1mAnalyzing  Execution Time: 0.003019

[0m   [0mAggregate  (cost=1615.81..1615.82 rows=1 width=0)
   ->  Index Scan using index_listings_on_id_and_user_id_and_title on listings  (cost=0.00..1615.79 rows=4 width=0)
         Index Cond: (user_id = 25466)
[0m
  [4;36;1mListing Load (2.0ms)[0m   [0;1mSELECT * FROM "listings" WHERE ("listings".user_id = 25466) [0m
  [4;35;1mAnalyzing Listing Load Execution Time: 0.002695

[0m   [0mIndex Scan using index_listings_on_id_and_user_id_and_title on listings  (cost=0.00..1615.79 rows=4 width=1172)
   Index Cond: (user_id = 25466)
[0m
  [4;36;1mSQL (152.0ms)[0m   [0;1mSELECT count(*) AS count_all FROM "impressions" WHERE ("impressions".listing_id = 84962) [0m
  [4;35;1mAnalyzing  Execution Time: 0.152279

[0m   [0mAggregate  (cost=12714.08..12714.09 rows=1 width=0)
   ->  Seq Scan on impressions  (cost=0.00..12714.00 rows=31 width=0)
         Filter: (listing_id = 84962)
[0m
  [4;36;1mSQL (8.7ms)[0m   [0;1mSELECT count(*) AS count_all FROM "clicks" WHERE ("clicks".listing_id = 84962) [0m
  [4;35;1mAnalyzing  Execution Time: 0.008915

[0m   [0mAggregate  (cost=814.47..814.48 rows=1 width=0)
   ->  Seq Scan on clicks  (cost=0.00..814.46 rows=2 width=0)
         Filter: (listing_id = 84962)
[0m
  [4;36;1mSQL (2.2ms)[0m   [0;1mSELECT count(*) AS count_all FROM "listings" WHERE ("listings".user_id = 25465) [0m
  [4;35;1mAnalyzing  Execution Time: 0.002403

[0m   [0mAggregate  (cost=1615.81..1615.82 rows=1 width=0)
   ->  Index Scan using index_listings_on_id_and_user_id_and_title on listings  (cost=0.00..1615.79 rows=4 width=0)
         Index Cond: (user_id = 25465)
[0m
  [4;36;1mListing Load (1.9ms)[0m   [0;1mSELECT * FROM "listings" WHERE ("listings".user_id = 25465) [0m
  [4;35;1mAnalyzing Listing Load Execution Time: 0.00263

[0m   [0mIndex Scan using index_listings_on_id_and_user_id_and_title on listings  (cost=0.00..1615.79 rows=4 width=1172)
   Index Cond: (user_id = 25465)
[0m
  [4;36;1mSQL (149.9ms)[0m   [0;1mSELECT count(*) AS count_all FROM "impressions" WHERE ("impressions".listing_id = 83097) [0m
  [4;35;1mAnalyzing  Execution Time: 0.150289

[0m   [0mAggregate  (cost=12714.08..12714.09 rows=1 width=0)
   ->  Seq Scan on impressions  (cost=0.00..12714.00 rows=31 width=0)
         Filter: (listing_id = 83097)
[0m
  [4;36;1mSQL (10.5ms)[0m   [0;1mSELECT count(*) AS count_all FROM "clicks" WHERE ("clicks".listing_id = 83097) [0m
  [4;35;1mAnalyzing  Execution Time: 0.010748

[0m   [0mAggregate  (cost=814.47..814.48 rows=1 width=0)
   ->  Seq Scan on clicks  (cost=0.00..814.46 rows=2 width=0)
         Filter: (listing_id = 83097)
[0m
  [4;36;1mSQL (2.1ms)[0m   [0;1mSELECT count(*) AS count_all FROM "listings" WHERE ("listings".user_id = 25464) [0m
  [4;35;1mAnalyzing  Execution Time: 0.002391

[0m   [0mAggregate  (cost=1615.81..1615.82 rows=1 width=0)
   ->  Index Scan using index_listings_on_id_and_user_id_and_title on listings  (cost=0.00..1615.79 rows=4 width=0)
         Index Cond: (user_id = 25464)
[0m
  [4;36;1mListing Load (2.5ms)[0m   [0;1mSELECT * FROM "listings" WHERE ("listings".user_id = 25464) [0m
  [4;35;1mAnalyzing Listing Load Execution Time: 0.003238

[0m   [0mIndex Scan using index_listings_on_id_and_user_id_and_title on listings  (cost=0.00..1615.79 rows=4 width=1172)
   Index Cond: (user_id = 25464)
[0m
  [4;36;1mSQL (147.1ms)[0m   [0;1mSELECT count(*) AS count_all FROM "impressions" WHERE ("impressions".listing_id = 110337) [0m
  [4;35;1mAnalyzing  Execution Time: 0.147308

[0m   [0mAggregate  (cost=12714.08..12714.09 rows=1 width=0)
   ->  Seq Scan on impressions  (cost=0.00..12714.00 rows=31 width=0)
         Filter: (listing_id = 110337)
[0m
  [4;36;1mSQL (8.5ms)[0m   [0;1mSELECT count(*) AS count_all FROM "clicks" WHERE ("clicks".listing_id = 110337) [0m
  [4;35;1mAnalyzing  Execution Time: 0.008746

[0m   [0mAggregate  (cost=814.47..814.48 rows=1 width=0)
   ->  Seq Scan on clicks  (cost=0.00..814.46 rows=2 width=0)
         Filter: (listing_id = 110337)
[0m
  [4;36;1mSQL (3.5ms)[0m   [0;1mSELECT count(*) AS count_all FROM "listings" WHERE ("listings".user_id = 25463) [0m
  [4;35;1mAnalyzing  Execution Time: 0.003746

[0m   [0mAggregate  (cost=1615.81..1615.82 rows=1 width=0)
   ->  Index Scan using index_listings_on_id_and_user_id_and_title on listings  (cost=0.00..1615.79 rows=4 width=0)
         Index Cond: (user_id = 25463)
[0m
  [4;36;1mListing Load (2.4ms)[0m   [0;1mSELECT * FROM "listings" WHERE ("listings".user_id = 25463) [0m
  [4;35;1mAnalyzing Listing Load Execution Time: 0.004424

[0m   [0mIndex Scan using index_listings_on_id_and_user_id_and_title on listings  (cost=0.00..1615.79 rows=4 width=1172)
   Index Cond: (user_id = 25463)
[0m
  [4;36;1mSQL (150.0ms)[0m   [0;1mSELECT count(*) AS count_all FROM "impressions" WHERE ("impressions".listing_id = 75348) [0m
  [4;35;1mAnalyzing  Execution Time: 0.150285

[0m   [0mAggregate  (cost=12714.08..12714.09 rows=1 width=0)
   ->  Seq Scan on impressions  (cost=0.00..12714.00 rows=31 width=0)
         Filter: (listing_id = 75348)
[0m
  [4;36;1mSQL (153.3ms)[0m   [0;1mSELECT count(*) AS count_all FROM "impressions" WHERE ("impressions".listing_id = 93151) [0m
  [4;35;1mAnalyzing  Execution Time: 0.153598

[0m   [0mAggregate  (cost=12714.08..12714.09 rows=1 width=0)
   ->  Seq Scan on impressions  (cost=0.00..12714.00 rows=31 width=0)
         Filter: (listing_id = 93151)
[0m
  [4;36;1mSQL (154.9ms)[0m   [0;1mSELECT count(*) AS count_all FROM "impressions" WHERE ("impressions".listing_id = 93152) [0m
  [4;35;1mAnalyzing  Execution Time: 0.155165

[0m   [0mAggregate  (cost=12714.08..12714.09 rows=1 width=0)
   ->  Seq Scan on impressions  (cost=0.00..12714.00 rows=31 width=0)
         Filter: (listing_id = 93152)
[0m
  [4;36;1mSQL (150.2ms)[0m   [0;1mSELECT count(*) AS count_all FROM "impressions" WHERE ("impressions".listing_id = 95507) [0m
  [4;35;1mAnalyzing  Execution Time: 0.150426

[0m   [0mAggregate  (cost=12714.08..12714.09 rows=1 width=0)
   ->  Seq Scan on impressions  (cost=0.00..12714.00 rows=31 width=0)
         Filter: (listing_id = 95507)
[0m
  [4;36;1mSQL (9.9ms)[0m   [0;1mSELECT count(*) AS count_all FROM "clicks" WHERE ("clicks".listing_id = 75348) [0m
  [4;35;1mAnalyzing  Execution Time: 0.010176

[0m   [0mAggregate  (cost=814.47..814.48 rows=1 width=0)
   ->  Seq Scan on clicks  (cost=0.00..814.46 rows=2 width=0)
         Filter: (listing_id = 75348)
[0m
  [4;36;1mSQL (9.5ms)[0m   [0;1mSELECT count(*) AS count_all FROM "clicks" WHERE ("clicks".listing_id = 93151) [0m
  [4;35;1mAnalyzing  Execution Time: 0.009723

[0m   [0mAggregate  (cost=814.47..814.48 rows=1 width=0)
   ->  Seq Scan on clicks  (cost=0.00..814.46 rows=2 width=0)
         Filter: (listing_id = 93151)
[0m
  [4;36;1mSQL (8.4ms)[0m   [0;1mSELECT count(*) AS count_all FROM "clicks" WHERE ("clicks".listing_id = 93152) [0m
  [4;35;1mAnalyzing  Execution Time: 0.008705

[0m   [0mAggregate  (cost=814.47..814.48 rows=1 width=0)
   ->  Seq Scan on clicks  (cost=0.00..814.46 rows=2 width=0)
         Filter: (listing_id = 93152)
[0m
  [4;36;1mSQL (10.1ms)[0m   [0;1mSELECT count(*) AS count_all FROM "clicks" WHERE ("clicks".listing_id = 95507) [0m
  [4;35;1mAnalyzing  Execution Time: 0.01032

[0m   [0mAggregate  (cost=814.47..814.48 rows=1 width=0)
   ->  Seq Scan on clicks  (cost=0.00..814.46 rows=2 width=0)
         Filter: (listing_id = 95507)
[0m
  [4;36;1mSQL (2.8ms)[0m   [0;1mSELECT count(*) AS count_all FROM "listings" WHERE ("listings".user_id = 25462) [0m
  [4;35;1mAnalyzing  Execution Time: 0.00304

[0m   [0mAggregate  (cost=1615.81..1615.82 rows=1 width=0)
   ->  Index Scan using index_listings_on_id_and_user_id_and_title on listings  (cost=0.00..1615.79 rows=4 width=0)
         Index Cond: (user_id = 25462)
[0m
  [4;36;1mListing Load (2.2ms)[0m   [0;1mSELECT * FROM "listings" WHERE ("listings".user_id = 25462) [0m
  [4;35;1mAnalyzing Listing Load Execution Time: 0.002962

[0m   [0mIndex Scan using index_listings_on_id_and_user_id_and_title on listings  (cost=0.00..1615.79 rows=4 width=1172)
   Index Cond: (user_id = 25462)
[0m
  [4;36;1mSQL (149.8ms)[0m   [0;1mSELECT count(*) AS count_all FROM "impressions" WHERE ("impressions".listing_id = 85951) [0m
  [4;35;1mAnalyzing  Execution Time: 0.150369

[0m   [0mAggregate  (cost=12714.08..12714.09 rows=1 width=0)
   ->  Seq Scan on impressions  (cost=0.00..12714.00 rows=31 width=0)
         Filter: (listing_id = 85951)
[0m
  [4;36;1mSQL (9.3ms)[0m   [0;1mSELECT count(*) AS count_all FROM "clicks" WHERE ("clicks".listing_id = 85951) [0m
  [4;35;1mAnalyzing  Execution Time: 0.00961

[0m   [0mAggregate  (cost=814.47..814.48 rows=1 width=0)
   ->  Seq Scan on clicks  (cost=0.00..814.46 rows=2 width=0)
         Filter: (listing_id = 85951)
[0m
  [4;36;1mSQL (2.2ms)[0m   [0;1mSELECT count(*) AS count_all FROM "listings" WHERE ("listings".user_id = 25461) [0m
  [4;35;1mAnalyzing  Execution Time: 0.002492

[0m   [0mAggregate  (cost=1615.81..1615.82 rows=1 width=0)
   ->  Index Scan using index_listings_on_id_and_user_id_and_title on listings  (cost=0.00..1615.79 rows=4 width=0)
         Index Cond: (user_id = 25461)
[0m
  [4;36;1mListing Load (2.0ms)[0m   [0;1mSELECT * FROM "listings" WHERE ("listings".user_id = 25461) [0m
  [4;35;1mAnalyzing Listing Load Execution Time: 0.002762

[0m   [0mIndex Scan using index_listings_on_id_and_user_id_and_title on listings  (cost=0.00..1615.79 rows=4 width=1172)
   Index Cond: (user_id = 25461)
[0m
  [4;36;1mSQL (158.3ms)[0m   [0;1mSELECT count(*) AS count_all FROM "impressions" WHERE ("impressions".listing_id = 113137) [0m
  [4;35;1mAnalyzing  Execution Time: 0.158544

[0m   [0mAggregate  (cost=12714.08..12714.09 rows=1 width=0)
   ->  Seq Scan on impressions  (cost=0.00..12714.00 rows=31 width=0)
         Filter: (listing_id = 113137)
[0m
  [4;36;1mSQL (9.7ms)[0m   [0;1mSELECT count(*) AS count_all FROM "clicks" WHERE ("clicks".listing_id = 113137) [0m
  [4;35;1mAnalyzing  Execution Time: 0.010009

[0m   [0mAggregate  (cost=814.47..814.48 rows=1 width=0)
   ->  Seq Scan on clicks  (cost=0.00..814.46 rows=2 width=0)
         Filter: (listing_id = 113137)
[0m
  [4;36;1mSQL (2.4ms)[0m   [0;1mSELECT count(*) AS count_all FROM "listings" WHERE ("listings".user_id = 25460) [0m
  [4;35;1mAnalyzing  Execution Time: 0.002688

[0m   [0mAggregate  (cost=1615.81..1615.82 rows=1 width=0)
   ->  Index Scan using index_listings_on_id_and_user_id_and_title on listings  (cost=0.00..1615.79 rows=4 width=0)
         Index Cond: (user_id = 25460)
[0m
  [4;36;1mListing Load (2.8ms)[0m   [0;1mSELECT * FROM "listings" WHERE ("listings".user_id = 25460) [0m
  [4;35;1mAnalyzing Listing Load Execution Time: 0.003954

[0m   [0mIndex Scan using index_listings_on_id_and_user_id_and_title on listings  (cost=0.00..1615.79 rows=4 width=1172)
   Index Cond: (user_id = 25460)
[0m
  [4;36;1mSQL (150.3ms)[0m   [0;1mSELECT count(*) AS count_all FROM "impressions" WHERE ("impressions".listing_id = 113136) [0m
  [4;35;1mAnalyzing  Execution Time: 0.150584

[0m   [0mAggregate  (cost=12714.08..12714.09 rows=1 width=0)
   ->  Seq Scan on impressions  (cost=0.00..12714.00 rows=31 width=0)
         Filter: (listing_id = 113136)
[0m
  [4;36;1mSQL (9.6ms)[0m   [0;1mSELECT count(*) AS count_all FROM "clicks" WHERE ("clicks".listing_id = 113136) [0m
  [4;35;1mAnalyzing  Execution Time: 0.009961

[0m   [0mAggregate  (cost=814.47..814.48 rows=1 width=0)
   ->  Seq Scan on clicks  (cost=0.00..814.46 rows=2 width=0)
         Filter: (listing_id = 113136)
[0m
  [4;36;1mSQL (2.9ms)[0m   [0;1mSELECT count(*) AS count_all FROM "listings" WHERE ("listings".user_id = 25459) [0m
  [4;35;1mAnalyzing  Execution Time: 0.003202

[0m   [0mAggregate  (cost=1615.81..1615.82 rows=1 width=0)
   ->  Index Scan using index_listings_on_id_and_user_id_and_title on listings  (cost=0.00..1615.79 rows=4 width=0)
         Index Cond: (user_id = 25459)
[0m
  [4;36;1mListing Load (2.3ms)[0m   [0;1mSELECT * FROM "listings" WHERE ("listings".user_id = 25459) [0m
  [4;35;1mAnalyzing Listing Load Execution Time: 0.002987

[0m   [0mIndex Scan using index_listings_on_id_and_user_id_and_title on listings  (cost=0.00..1615.79 rows=4 width=1172)
   Index Cond: (user_id = 25459)
[0m
  [4;36;1mSQL (153.2ms)[0m   [0;1mSELECT count(*) AS count_all FROM "impressions" WHERE ("impressions".listing_id = 113135) [0m
  [4;35;1mAnalyzing  Execution Time: 0.153478

[0m   [0mAggregate  (cost=12714.08..12714.09 rows=1 width=0)
   ->  Seq Scan on impressions  (cost=0.00..12714.00 rows=31 width=0)
         Filter: (listing_id = 113135)
[0m
  [4;36;1mSQL (9.6ms)[0m   [0;1mSELECT count(*) AS count_all FROM "clicks" WHERE ("clicks".listing_id = 113135) [0m
  [4;35;1mAnalyzing  Execution Time: 0.009877

[0m   [0mAggregate  (cost=814.47..814.48 rows=1 width=0)
   ->  Seq Scan on clicks  (cost=0.00..814.46 rows=2 width=0)
         Filter: (listing_id = 113135)
[0m
  [4;36;1mSQL (2.3ms)[0m   [0;1mSELECT count(*) AS count_all FROM "listings" WHERE ("listings".user_id = 25458) [0m
  [4;35;1mAnalyzing  Execution Time: 0.00255

[0m   [0mAggregate  (cost=1615.81..1615.82 rows=1 width=0)
   ->  Index Scan using index_listings_on_id_and_user_id_and_title on listings  (cost=0.00..1615.79 rows=4 width=0)
         Index Cond: (user_id = 25458)
[0m
  [4;36;1mListing Load (2.1ms)[0m   [0;1mSELECT * FROM "listings" WHERE ("listings".user_id = 25458) [0m
  [4;35;1mAnalyzing Listing Load Execution Time: 0.002761

[0m   [0mIndex Scan using index_listings_on_id_and_user_id_and_title on listings  (cost=0.00..1615.79 rows=4 width=1172)
   Index Cond: (user_id = 25458)
[0m
  [4;36;1mSQL (153.2ms)[0m   [0;1mSELECT count(*) AS count_all FROM "impressions" WHERE ("impressions".listing_id = 75927) [0m
  [4;35;1mAnalyzing  Execution Time: 0.153466

[0m   [0mAggregate  (cost=12714.08..12714.09 rows=1 width=0)
   ->  Seq Scan on impressions  (cost=0.00..12714.00 rows=31 width=0)
         Filter: (listing_id = 75927)
[0m
  [4;36;1mSQL (9.1ms)[0m   [0;1mSELECT count(*) AS count_all FROM "clicks" WHERE ("clicks".listing_id = 75927) [0m
  [4;35;1mAnalyzing  Execution Time: 0.009363

[0m   [0mAggregate  (cost=814.47..814.48 rows=1 width=0)
   ->  Seq Scan on clicks  (cost=0.00..814.46 rows=2 width=0)
         Filter: (listing_id = 75927)
[0m
  [4;36;1mSQL (1.9ms)[0m   [0;1mSELECT count(*) AS count_all FROM "listings" WHERE ("listings".user_id = 25457) [0m
  [4;35;1mAnalyzing  Execution Time: 0.002102

[0m   [0mAggregate  (cost=1615.81..1615.82 rows=1 width=0)
   ->  Index Scan using index_listings_on_id_and_user_id_and_title on listings  (cost=0.00..1615.79 rows=4 width=0)
         Index Cond: (user_id = 25457)
[0m
  [4;36;1mListing Load (2.6ms)[0m   [0;1mSELECT * FROM "listings" WHERE ("listings".user_id = 25457) [0m
  [4;35;1mAnalyzing Listing Load Execution Time: 0.003348

[0m   [0mIndex Scan using index_listings_on_id_and_user_id_and_title on listings  (cost=0.00..1615.79 rows=4 width=1172)
   Index Cond: (user_id = 25457)
[0m
  [4;36;1mSQL (152.6ms)[0m   [0;1mSELECT count(*) AS count_all FROM "impressions" WHERE ("impressions".listing_id = 113134) [0m
  [4;35;1mAnalyzing  Execution Time: 0.152869

[0m   [0mAggregate  (cost=12714.08..12714.09 rows=1 width=0)
   ->  Seq Scan on impressions  (cost=0.00..12714.00 rows=31 width=0)
         Filter: (listing_id = 113134)
[0m
  [4;36;1mSQL (9.7ms)[0m   [0;1mSELECT count(*) AS count_all FROM "clicks" WHERE ("clicks".listing_id = 113134) [0m
  [4;35;1mAnalyzing  Execution Time: 0.009988

[0m   [0mAggregate  (cost=814.47..814.48 rows=1 width=0)
   ->  Seq Scan on clicks  (cost=0.00..814.46 rows=2 width=0)
         Filter: (listing_id = 113134)
[0m
  [4;36;1mSQL (2.3ms)[0m   [0;1mSELECT count(*) AS count_all FROM "listings" WHERE ("listings".user_id = 25456) [0m
  [4;35;1mAnalyzing  Execution Time: 0.002532

[0m   [0mAggregate  (cost=1615.81..1615.82 rows=1 width=0)
   ->  Index Scan using index_listings_on_id_and_user_id_and_title on listings  (cost=0.00..1615.79 rows=4 width=0)
         Index Cond: (user_id = 25456)
[0m
  [4;36;1mListing Load (2.2ms)[0m   [0;1mSELECT * FROM "listings" WHERE ("listings".user_id = 25456) [0m
  [4;35;1mAnalyzing Listing Load Execution Time: 0.003583

[0m   [0mIndex Scan using index_listings_on_id_and_user_id_and_title on listings  (cost=0.00..1615.79 rows=4 width=1172)
   Index Cond: (user_id = 25456)
[0m
  [4;36;1mSQL (146.6ms)[0m   [0;1mSELECT count(*) AS count_all FROM "impressions" WHERE ("impressions".listing_id = 78999) [0m
  [4;35;1mAnalyzing  Execution Time: 0.146808

[0m   [0mAggregate  (cost=12714.08..12714.09 rows=1 width=0)
   ->  Seq Scan on impressions  (cost=0.00..12714.00 rows=31 width=0)
         Filter: (listing_id = 78999)
[0m
  [4;36;1mSQL (156.5ms)[0m   [0;1mSELECT count(*) AS count_all FROM "impressions" WHERE ("impressions".listing_id = 98096) [0m
  [4;35;1mAnalyzing  Execution Time: 0.156802

[0m   [0mAggregate  (cost=12714.08..12714.09 rows=1 width=0)
   ->  Seq Scan on impressions  (cost=0.00..12714.00 rows=31 width=0)
         Filter: (listing_id = 98096)
[0m
  [4;36;1mSQL (8.5ms)[0m   [0;1mSELECT count(*) AS count_all FROM "clicks" WHERE ("clicks".listing_id = 78999) [0m
  [4;35;1mAnalyzing  Execution Time: 0.008801

[0m   [0mAggregate  (cost=814.47..814.48 rows=1 width=0)
   ->  Seq Scan on clicks  (cost=0.00..814.46 rows=2 width=0)
         Filter: (listing_id = 78999)
[0m
  [4;36;1mSQL (11.1ms)[0m   [0;1mSELECT count(*) AS count_all FROM "clicks" WHERE ("clicks".listing_id = 98096) [0m
  [4;35;1mAnalyzing  Execution Time: 0.011429

[0m   [0mAggregate  (cost=814.47..814.48 rows=1 width=0)
   ->  Seq Scan on clicks  (cost=0.00..814.46 rows=2 width=0)
         Filter: (listing_id = 98096)
[0m
  [4;36;1mSQL (6.3ms)[0m   [0;1mSELECT count(*) AS count_all FROM "listings" WHERE ("listings".user_id = 25455) [0m
  [4;35;1mAnalyzing  Execution Time: 0.006644

[0m   [0mAggregate  (cost=1615.81..1615.82 rows=1 width=0)
   ->  Index Scan using index_listings_on_id_and_user_id_and_title on listings  (cost=0.00..1615.79 rows=4 width=0)
         Index Cond: (user_id = 25455)
[0m
  [4;36;1mListing Load (2.8ms)[0m   [0;1mSELECT * FROM "listings" WHERE ("listings".user_id = 25455) [0m
  [4;35;1mAnalyzing Listing Load Execution Time: 0.003582

[0m   [0mIndex Scan using index_listings_on_id_and_user_id_and_title on listings  (cost=0.00..1615.79 rows=4 width=1172)
   Index Cond: (user_id = 25455)
[0m
  [4;36;1mSQL (155.9ms)[0m   [0;1mSELECT count(*) AS count_all FROM "impressions" WHERE ("impressions".listing_id = 66813) [0m
  [4;35;1mAnalyzing  Execution Time: 0.156224

[0m   [0mAggregate  (cost=12714.08..12714.09 rows=1 width=0)
   ->  Seq Scan on impressions  (cost=0.00..12714.00 rows=31 width=0)
         Filter: (listing_id = 66813)
[0m
  [4;36;1mSQL (10.0ms)[0m   [0;1mSELECT count(*) AS count_all FROM "clicks" WHERE ("clicks".listing_id = 66813) [0m
  [4;35;1mAnalyzing  Execution Time: 0.010314

[0m   [0mAggregate  (cost=814.47..814.48 rows=1 width=0)
   ->  Seq Scan on clicks  (cost=0.00..814.46 rows=2 width=0)
         Filter: (listing_id = 66813)
[0m
  [4;36;1mSQL (3.3ms)[0m   [0;1mSELECT count(*) AS count_all FROM "listings" WHERE ("listings".user_id = 25454) [0m
  [4;35;1mAnalyzing  Execution Time: 0.003554

[0m   [0mAggregate  (cost=1615.81..1615.82 rows=1 width=0)
   ->  Index Scan using index_listings_on_id_and_user_id_and_title on listings  (cost=0.00..1615.79 rows=4 width=0)
         Index Cond: (user_id = 25454)
[0m
  [4;36;1mListing Load (2.3ms)[0m   [0;1mSELECT * FROM "listings" WHERE ("listings".user_id = 25454) [0m
  [4;35;1mAnalyzing Listing Load Execution Time: 0.003856

[0m   [0mIndex Scan using index_listings_on_id_and_user_id_and_title on listings  (cost=0.00..1615.79 rows=4 width=1172)
   Index Cond: (user_id = 25454)
[0m
  [4;36;1mSQL (150.7ms)[0m   [0;1mSELECT count(*) AS count_all FROM "impressions" WHERE ("impressions".listing_id = 113133) [0m
  [4;35;1mAnalyzing  Execution Time: 0.151007

[0m   [0mAggregate  (cost=12714.08..12714.09 rows=1 width=0)
   ->  Seq Scan on impressions  (cost=0.00..12714.00 rows=31 width=0)
         Filter: (listing_id = 113133)
[0m
  [4;36;1mSQL (151.8ms)[0m   [0;1mSELECT count(*) AS count_all FROM "impressions" WHERE ("impressions".listing_id = 113191) [0m
  [4;35;1mAnalyzing  Execution Time: 0.152127

[0m   [0mAggregate  (cost=12714.08..12714.09 rows=1 width=0)
   ->  Seq Scan on impressions  (cost=0.00..12714.00 rows=31 width=0)
         Filter: (listing_id = 113191)
[0m
  [4;36;1mSQL (159.4ms)[0m   [0;1mSELECT count(*) AS count_all FROM "impressions" WHERE ("impressions".listing_id = 113192) [0m
  [4;35;1mAnalyzing  Execution Time: 0.159716

[0m   [0mAggregate  (cost=12714.08..12714.09 rows=1 width=0)
   ->  Seq Scan on impressions  (cost=0.00..12714.00 rows=31 width=0)
         Filter: (listing_id = 113192)
[0m
  [4;36;1mSQL (8.9ms)[0m   [0;1mSELECT count(*) AS count_all FROM "clicks" WHERE ("clicks".listing_id = 113133) [0m
  [4;35;1mAnalyzing  Execution Time: 0.009221

[0m   [0mAggregate  (cost=814.47..814.48 rows=1 width=0)
   ->  Seq Scan on clicks  (cost=0.00..814.46 rows=2 width=0)
         Filter: (listing_id = 113133)
[0m
  [4;36;1mSQL (11.3ms)[0m   [0;1mSELECT count(*) AS count_all FROM "clicks" WHERE ("clicks".listing_id = 113191) [0m
  [4;35;1mAnalyzing  Execution Time: 0.011637

[0m   [0mAggregate  (cost=814.47..814.48 rows=1 width=0)
   ->  Seq Scan on clicks  (cost=0.00..814.46 rows=2 width=0)
         Filter: (listing_id = 113191)
[0m
  [4;36;1mSQL (8.6ms)[0m   [0;1mSELECT count(*) AS count_all FROM "clicks" WHERE ("clicks".listing_id = 113192) [0m
  [4;35;1mAnalyzing  Execution Time: 0.008877

[0m   [0mAggregate  (cost=814.47..814.48 rows=1 width=0)
   ->  Seq Scan on clicks  (cost=0.00..814.46 rows=2 width=0)
         Filter: (listing_id = 113192)
[0m
  [4;36;1mSQL (3.1ms)[0m   [0;1mSELECT count(*) AS count_all FROM "listings" WHERE ("listings".user_id = 25453) [0m
  [4;35;1mAnalyzing  Execution Time: 0.003401

[0m   [0mAggregate  (cost=1615.81..1615.82 rows=1 width=0)
   ->  Index Scan using index_listings_on_id_and_user_id_and_title on listings  (cost=0.00..1615.79 rows=4 width=0)
         Index Cond: (user_id = 25453)
[0m
  [4;36;1mListing Load (3.7ms)[0m   [0;1mSELECT * FROM "listings" WHERE ("listings".user_id = 25453) [0m
  [4;35;1mAnalyzing Listing Load Execution Time: 0.004501

[0m   [0mIndex Scan using index_listings_on_id_and_user_id_and_title on listings  (cost=0.00..1615.79 rows=4 width=1172)
   Index Cond: (user_id = 25453)
[0m
  [4;36;1mSQL (153.4ms)[0m   [0;1mSELECT count(*) AS count_all FROM "impressions" WHERE ("impressions".listing_id = 76878) [0m
  [4;35;1mAnalyzing  Execution Time: 0.15366

[0m   [0mAggregate  (cost=12714.08..12714.09 rows=1 width=0)
   ->  Seq Scan on impressions  (cost=0.00..12714.00 rows=31 width=0)
         Filter: (listing_id = 76878)
[0m
  [4;36;1mSQL (11.1ms)[0m   [0;1mSELECT count(*) AS count_all FROM "clicks" WHERE ("clicks".listing_id = 76878) [0m
  [4;35;1mAnalyzing  Execution Time: 0.011368

[0m   [0mAggregate  (cost=814.47..814.48 rows=1 width=0)
   ->  Seq Scan on clicks  (cost=0.00..814.46 rows=2 width=0)
         Filter: (listing_id = 76878)
[0m
  [4;36;1mSQL (2.2ms)[0m   [0;1mSELECT count(*) AS count_all FROM "listings" WHERE ("listings".user_id = 25452) [0m
  [4;35;1mAnalyzing  Execution Time: 0.00249

[0m   [0mAggregate  (cost=1615.81..1615.82 rows=1 width=0)
   ->  Index Scan using index_listings_on_id_and_user_id_and_title on listings  (cost=0.00..1615.79 rows=4 width=0)
         Index Cond: (user_id = 25452)
[0m
  [4;36;1mListing Load (2.2ms)[0m   [0;1mSELECT * FROM "listings" WHERE ("listings".user_id = 25452) [0m
  [4;35;1mAnalyzing Listing Load Execution Time: 0.002991

[0m   [0mIndex Scan using index_listings_on_id_and_user_id_and_title on listings  (cost=0.00..1615.79 rows=4 width=1172)
   Index Cond: (user_id = 25452)
[0m
  [4;36;1mSQL (155.0ms)[0m   [0;1mSELECT count(*) AS count_all FROM "impressions" WHERE ("impressions".listing_id = 113132) [0m
  [4;35;1mAnalyzing  Execution Time: 0.155259

[0m   [0mAggregate  (cost=12714.08..12714.09 rows=1 width=0)
   ->  Seq Scan on impressions  (cost=0.00..12714.00 rows=31 width=0)
         Filter: (listing_id = 113132)
[0m
  [4;36;1mSQL (9.6ms)[0m   [0;1mSELECT count(*) AS count_all FROM "clicks" WHERE ("clicks".listing_id = 113132) [0m
  [4;35;1mAnalyzing  Execution Time: 0.009816

[0m   [0mAggregate  (cost=814.47..814.48 rows=1 width=0)
   ->  Seq Scan on clicks  (cost=0.00..814.46 rows=2 width=0)
         Filter: (listing_id = 113132)
[0m
  [4;36;1mSQL (2.0ms)[0m   [0;1mSELECT count(*) AS count_all FROM "listings" WHERE ("listings".user_id = 25451) [0m
  [4;35;1mAnalyzing  Execution Time: 0.002218

[0m   [0mAggregate  (cost=1615.81..1615.82 rows=1 width=0)
   ->  Index Scan using index_listings_on_id_and_user_id_and_title on listings  (cost=0.00..1615.79 rows=4 width=0)
         Index Cond: (user_id = 25451)
[0m
  [4;36;1mListing Load (2.1ms)[0m   [0;1mSELECT * FROM "listings" WHERE ("listings".user_id = 25451) [0m
  [4;35;1mAnalyzing Listing Load Execution Time: 0.002835

[0m   [0mIndex Scan using index_listings_on_id_and_user_id_and_title on listings  (cost=0.00..1615.79 rows=4 width=1172)
   Index Cond: (user_id = 25451)
[0m
  [4;36;1mSQL (159.2ms)[0m   [0;1mSELECT count(*) AS count_all FROM "impressions" WHERE ("impressions".listing_id = 113131) [0m
  [4;35;1mAnalyzing  Execution Time: 0.15942

[0m   [0mAggregate  (cost=12714.08..12714.09 rows=1 width=0)
   ->  Seq Scan on impressions  (cost=0.00..12714.00 rows=31 width=0)
         Filter: (listing_id = 113131)
[0m
  [4;36;1mSQL (10.1ms)[0m   [0;1mSELECT count(*) AS count_all FROM "clicks" WHERE ("clicks".listing_id = 113131) [0m
  [4;35;1mAnalyzing  Execution Time: 0.010341

[0m   [0mAggregate  (cost=814.47..814.48 rows=1 width=0)
   ->  Seq Scan on clicks  (cost=0.00..814.46 rows=2 width=0)
         Filter: (listing_id = 113131)
[0m
  [4;36;1mSQL (3.6ms)[0m   [0;1mSELECT count(*) AS count_all FROM "listings" WHERE ("listings".user_id = 25450) [0m
  [4;35;1mAnalyzing  Execution Time: 0.00387

[0m   [0mAggregate  (cost=1615.81..1615.82 rows=1 width=0)
   ->  Index Scan using index_listings_on_id_and_user_id_and_title on listings  (cost=0.00..1615.79 rows=4 width=0)
         Index Cond: (user_id = 25450)
[0m
  [4;36;1mListing Load (2.5ms)[0m   [0;1mSELECT * FROM "listings" WHERE ("listings".user_id = 25450) [0m
  [4;35;1mAnalyzing Listing Load Execution Time: 0.00328

[0m   [0mIndex Scan using index_listings_on_id_and_user_id_and_title on listings  (cost=0.00..1615.79 rows=4 width=1172)
   Index Cond: (user_id = 25450)
[0m
  [4;36;1mSQL (152.4ms)[0m   [0;1mSELECT count(*) AS count_all FROM "impressions" WHERE ("impressions".listing_id = 113130) [0m
  [4;35;1mAnalyzing  Execution Time: 0.152635

[0m   [0mAggregate  (cost=12714.08..12714.09 rows=1 width=0)
   ->  Seq Scan on impressions  (cost=0.00..12714.00 rows=31 width=0)
         Filter: (listing_id = 113130)
[0m
  [4;36;1mSQL (9.6ms)[0m   [0;1mSELECT count(*) AS count_all FROM "clicks" WHERE ("clicks".listing_id = 113130) [0m
  [4;35;1mAnalyzing  Execution Time: 0.009888

[0m   [0mAggregate  (cost=814.47..814.48 rows=1 width=0)
   ->  Seq Scan on clicks  (cost=0.00..814.46 rows=2 width=0)
         Filter: (listing_id = 113130)
[0m
  [4;36;1mSQL (1.9ms)[0m   [0;1mSELECT count(*) AS count_all FROM "listings" WHERE ("listings".user_id = 25449) [0m
  [4;35;1mAnalyzing  Execution Time: 0.002175

[0m   [0mAggregate  (cost=1615.81..1615.82 rows=1 width=0)
   ->  Index Scan using index_listings_on_id_and_user_id_and_title on listings  (cost=0.00..1615.79 rows=4 width=0)
         Index Cond: (user_id = 25449)
[0m
  [4;36;1mListing Load (2.0ms)[0m   [0;1mSELECT * FROM "listings" WHERE ("listings".user_id = 25449) [0m
  [4;35;1mAnalyzing Listing Load Execution Time: 0.002745

[0m   [0mIndex Scan using index_listings_on_id_and_user_id_and_title on listings  (cost=0.00..1615.79 rows=4 width=1172)
   Index Cond: (user_id = 25449)
[0m
  [4;36;1mSQL (150.9ms)[0m   [0;1mSELECT count(*) AS count_all FROM "impressions" WHERE ("impressions".listing_id = 113129) [0m
  [4;35;1mAnalyzing  Execution Time: 0.15117

[0m   [0mAggregate  (cost=12714.08..12714.09 rows=1 width=0)
   ->  Seq Scan on impressions  (cost=0.00..12714.00 rows=31 width=0)
         Filter: (listing_id = 113129)
[0m
  [4;36;1mSQL (8.9ms)[0m   [0;1mSELECT count(*) AS count_all FROM "clicks" WHERE ("clicks".listing_id = 113129) [0m
  [4;35;1mAnalyzing  Execution Time: 0.009164

[0m   [0mAggregate  (cost=814.47..814.48 rows=1 width=0)
   ->  Seq Scan on clicks  (cost=0.00..814.46 rows=2 width=0)
         Filter: (listing_id = 113129)
[0m
  [4;36;1mSQL (3.1ms)[0m   [0;1mSELECT count(*) AS count_all FROM "listings" WHERE ("listings".user_id = 25448) [0m
  [4;35;1mAnalyzing  Execution Time: 0.003376

[0m   [0mAggregate  (cost=1615.81..1615.82 rows=1 width=0)
   ->  Index Scan using index_listings_on_id_and_user_id_and_title on listings  (cost=0.00..1615.79 rows=4 width=0)
         Index Cond: (user_id = 25448)
[0m
  [4;36;1mListing Load (5.0ms)[0m   [0;1mSELECT * FROM "listings" WHERE ("listings".user_id = 25448) [0m
  [4;35;1mAnalyzing Listing Load Execution Time: 0.005754

[0m   [0mIndex Scan using index_listings_on_id_and_user_id_and_title on listings  (cost=0.00..1615.79 rows=4 width=1172)
   Index Cond: (user_id = 25448)
[0m
  [4;36;1mSQL (152.5ms)[0m   [0;1mSELECT count(*) AS count_all FROM "impressions" WHERE ("impressions".listing_id = 67547) [0m
  [4;35;1mAnalyzing  Execution Time: 0.152763

[0m   [0mAggregate  (cost=12714.08..12714.09 rows=1 width=0)
   ->  Seq Scan on impressions  (cost=0.00..12714.00 rows=31 width=0)
         Filter: (listing_id = 67547)
[0m
  [4;36;1mSQL (9.3ms)[0m   [0;1mSELECT count(*) AS count_all FROM "clicks" WHERE ("clicks".listing_id = 67547) [0m
  [4;35;1mAnalyzing  Execution Time: 0.009614

[0m   [0mAggregate  (cost=814.47..814.48 rows=1 width=0)
   ->  Seq Scan on clicks  (cost=0.00..814.46 rows=2 width=0)
         Filter: (listing_id = 67547)
[0m
  [4;36;1mSQL (2.7ms)[0m   [0;1mSELECT count(*) AS count_all FROM "listings" WHERE ("listings".user_id = 25447) [0m
  [4;35;1mAnalyzing  Execution Time: 0.00296

[0m   [0mAggregate  (cost=1615.81..1615.82 rows=1 width=0)
   ->  Index Scan using index_listings_on_id_and_user_id_and_title on listings  (cost=0.00..1615.79 rows=4 width=0)
         Index Cond: (user_id = 25447)
[0m
  [4;36;1mListing Load (2.3ms)[0m   [0;1mSELECT * FROM "listings" WHERE ("listings".user_id = 25447) [0m
  [4;35;1mAnalyzing Listing Load Execution Time: 0.003059

[0m   [0mIndex Scan using index_listings_on_id_and_user_id_and_title on listings  (cost=0.00..1615.79 rows=4 width=1172)
   Index Cond: (user_id = 25447)
[0m
  [4;36;1mSQL (153.4ms)[0m   [0;1mSELECT count(*) AS count_all FROM "impressions" WHERE ("impressions".listing_id = 104897) [0m
  [4;35;1mAnalyzing  Execution Time: 0.153789

[0m   [0mAggregate  (cost=12714.08..12714.09 rows=1 width=0)
   ->  Seq Scan on impressions  (cost=0.00..12714.00 rows=31 width=0)
         Filter: (listing_id = 104897)
[0m
  [4;36;1mSQL (9.2ms)[0m   [0;1mSELECT count(*) AS count_all FROM "clicks" WHERE ("clicks".listing_id = 104897) [0m
  [4;35;1mAnalyzing  Execution Time: 0.009469

[0m   [0mAggregate  (cost=814.47..814.48 rows=1 width=0)
   ->  Seq Scan on clicks  (cost=0.00..814.46 rows=2 width=0)
         Filter: (listing_id = 104897)
[0m
  [4;36;1mSQL (3.2ms)[0m   [0;1mSELECT count(*) AS count_all FROM "listings" WHERE ("listings".user_id = 25446) [0m
  [4;35;1mAnalyzing  Execution Time: 0.003428

[0m   [0mAggregate  (cost=1615.81..1615.82 rows=1 width=0)
   ->  Index Scan using index_listings_on_id_and_user_id_and_title on listings  (cost=0.00..1615.79 rows=4 width=0)
         Index Cond: (user_id = 25446)
[0m
  [4;36;1mListing Load (2.0ms)[0m   [0;1mSELECT * FROM "listings" WHERE ("listings".user_id = 25446) [0m
  [4;35;1mAnalyzing Listing Load Execution Time: 0.002706

[0m   [0mIndex Scan using index_listings_on_id_and_user_id_and_title on listings  (cost=0.00..1615.79 rows=4 width=1172)
   Index Cond: (user_id = 25446)
[0m
  [4;36;1mSQL (159.0ms)[0m   [0;1mSELECT count(*) AS count_all FROM "impressions" WHERE ("impressions".listing_id = 113128) [0m
  [4;35;1mAnalyzing  Execution Time: 0.159245

[0m   [0mAggregate  (cost=12714.08..12714.09 rows=1 width=0)
   ->  Seq Scan on impressions  (cost=0.00..12714.00 rows=31 width=0)
         Filter: (listing_id = 113128)
[0m
  [4;36;1mSQL (8.6ms)[0m   [0;1mSELECT count(*) AS count_all FROM "clicks" WHERE ("clicks".listing_id = 113128) [0m
  [4;35;1mAnalyzing  Execution Time: 0.008878

[0m   [0mAggregate  (cost=814.47..814.48 rows=1 width=0)
   ->  Seq Scan on clicks  (cost=0.00..814.46 rows=2 width=0)
         Filter: (listing_id = 113128)
[0m
  [4;36;1mSQL (2.9ms)[0m   [0;1mSELECT count(*) AS count_all FROM "listings" WHERE ("listings".user_id = 25445) [0m
  [4;35;1mAnalyzing  Execution Time: 0.003175

[0m   [0mAggregate  (cost=1615.81..1615.82 rows=1 width=0)
   ->  Index Scan using index_listings_on_id_and_user_id_and_title on listings  (cost=0.00..1615.79 rows=4 width=0)
         Index Cond: (user_id = 25445)
[0m
  [4;36;1mListing Load (2.2ms)[0m   [0;1mSELECT * FROM "listings" WHERE ("listings".user_id = 25445) [0m
  [4;35;1mAnalyzing Listing Load Execution Time: 0.002911

[0m   [0mIndex Scan using index_listings_on_id_and_user_id_and_title on listings  (cost=0.00..1615.79 rows=4 width=1172)
   Index Cond: (user_id = 25445)
[0m
  [4;36;1mSQL (149.5ms)[0m   [0;1mSELECT count(*) AS count_all FROM "impressions" WHERE ("impressions".listing_id = 87696) [0m
  [4;35;1mAnalyzing  Execution Time: 0.149754

[0m   [0mAggregate  (cost=12714.08..12714.09 rows=1 width=0)
   ->  Seq Scan on impressions  (cost=0.00..12714.00 rows=31 width=0)
         Filter: (listing_id = 87696)
[0m
  [4;36;1mSQL (13.2ms)[0m   [0;1mSELECT count(*) AS count_all FROM "clicks" WHERE ("clicks".listing_id = 87696) [0m
  [4;35;1mAnalyzing  Execution Time: 0.013483

[0m   [0mAggregate  (cost=814.47..814.48 rows=1 width=0)
   ->  Seq Scan on clicks  (cost=0.00..814.46 rows=2 width=0)
         Filter: (listing_id = 87696)
[0m
  [4;36;1mSQL (3.0ms)[0m   [0;1mSELECT count(*) AS count_all FROM "listings" WHERE ("listings".user_id = 25444) [0m
  [4;35;1mAnalyzing  Execution Time: 0.00331

[0m   [0mAggregate  (cost=1615.81..1615.82 rows=1 width=0)
   ->  Index Scan using index_listings_on_id_and_user_id_and_title on listings  (cost=0.00..1615.79 rows=4 width=0)
         Index Cond: (user_id = 25444)
[0m
  [4;36;1mListing Load (2.0ms)[0m   [0;1mSELECT * FROM "listings" WHERE ("listings".user_id = 25444) [0m
  [4;35;1mAnalyzing Listing Load Execution Time: 0.002718

[0m   [0mIndex Scan using index_listings_on_id_and_user_id_and_title on listings  (cost=0.00..1615.79 rows=4 width=1172)
   Index Cond: (user_id = 25444)
[0m
  [4;36;1mSQL (151.9ms)[0m   [0;1mSELECT count(*) AS count_all FROM "impressions" WHERE ("impressions".listing_id = 113127) [0m
  [4;35;1mAnalyzing  Execution Time: 0.152212

[0m   [0mAggregate  (cost=12714.08..12714.09 rows=1 width=0)
   ->  Seq Scan on impressions  (cost=0.00..12714.00 rows=31 width=0)
         Filter: (listing_id = 113127)
[0m
  [4;36;1mSQL (9.2ms)[0m   [0;1mSELECT count(*) AS count_all FROM "clicks" WHERE ("clicks".listing_id = 113127) [0m
  [4;35;1mAnalyzing  Execution Time: 0.009416

[0m   [0mAggregate  (cost=814.47..814.48 rows=1 width=0)
   ->  Seq Scan on clicks  (cost=0.00..814.46 rows=2 width=0)
         Filter: (listing_id = 113127)
[0m
  [4;36;1mSQL (2.0ms)[0m   [0;1mSELECT count(*) AS count_all FROM "listings" WHERE ("listings".user_id = 25443) [0m
  [4;35;1mAnalyzing  Execution Time: 0.002278

[0m   [0mAggregate  (cost=1615.81..1615.82 rows=1 width=0)
   ->  Index Scan using index_listings_on_id_and_user_id_and_title on listings  (cost=0.00..1615.79 rows=4 width=0)
         Index Cond: (user_id = 25443)
[0m
  [4;36;1mListing Load (2.3ms)[0m   [0;1mSELECT * FROM "listings" WHERE ("listings".user_id = 25443) [0m
  [4;35;1mAnalyzing Listing Load Execution Time: 0.002951

[0m   [0mIndex Scan using index_listings_on_id_and_user_id_and_title on listings  (cost=0.00..1615.79 rows=4 width=1172)
   Index Cond: (user_id = 25443)
[0m
  [4;36;1mSQL (156.2ms)[0m   [0;1mSELECT count(*) AS count_all FROM "impressions" WHERE ("impressions".listing_id = 113126) [0m
  [4;35;1mAnalyzing  Execution Time: 0.156423

[0m   [0mAggregate  (cost=12714.08..12714.09 rows=1 width=0)
   ->  Seq Scan on impressions  (cost=0.00..12714.00 rows=31 width=0)
         Filter: (listing_id = 113126)
[0m
  [4;36;1mSQL (8.6ms)[0m   [0;1mSELECT count(*) AS count_all FROM "clicks" WHERE ("clicks".listing_id = 113126) [0m
  [4;35;1mAnalyzing  Execution Time: 0.008852

[0m   [0mAggregate  (cost=814.47..814.48 rows=1 width=0)
   ->  Seq Scan on clicks  (cost=0.00..814.46 rows=2 width=0)
         Filter: (listing_id = 113126)
[0m
  [4;36;1mSQL (2.8ms)[0m   [0;1mSELECT count(*) AS count_all FROM "listings" WHERE ("listings".user_id = 25442) [0m
  [4;35;1mAnalyzing  Execution Time: 0.00309

[0m   [0mAggregate  (cost=1615.81..1615.82 rows=1 width=0)
   ->  Index Scan using index_listings_on_id_and_user_id_and_title on listings  (cost=0.00..1615.79 rows=4 width=0)
         Index Cond: (user_id = 25442)
[0m
  [4;36;1mListing Load (2.4ms)[0m   [0;1mSELECT * FROM "listings" WHERE ("listings".user_id = 25442) [0m
  [4;35;1mAnalyzing Listing Load Execution Time: 0.003142

[0m   [0mIndex Scan using index_listings_on_id_and_user_id_and_title on listings  (cost=0.00..1615.79 rows=4 width=1172)
   Index Cond: (user_id = 25442)
[0m
  [4;36;1mSQL (159.9ms)[0m   [0;1mSELECT count(*) AS count_all FROM "impressions" WHERE ("impressions".listing_id = 113125) [0m
  [4;35;1mAnalyzing  Execution Time: 0.160172

[0m   [0mAggregate  (cost=12714.08..12714.09 rows=1 width=0)
   ->  Seq Scan on impressions  (cost=0.00..12714.00 rows=31 width=0)
         Filter: (listing_id = 113125)
[0m
  [4;36;1mSQL (9.6ms)[0m   [0;1mSELECT count(*) AS count_all FROM "clicks" WHERE ("clicks".listing_id = 113125) [0m
  [4;35;1mAnalyzing  Execution Time: 0.009839

[0m   [0mAggregate  (cost=814.47..814.48 rows=1 width=0)
   ->  Seq Scan on clicks  (cost=0.00..814.46 rows=2 width=0)
         Filter: (listing_id = 113125)
[0m
  [4;36;1mSQL (2.3ms)[0m   [0;1mSELECT count(*) AS count_all FROM "listings" WHERE ("listings".user_id = 25441) [0m
  [4;35;1mAnalyzing  Execution Time: 0.0026

[0m   [0mAggregate  (cost=1615.81..1615.82 rows=1 width=0)
   ->  Index Scan using index_listings_on_id_and_user_id_and_title on listings  (cost=0.00..1615.79 rows=4 width=0)
         Index Cond: (user_id = 25441)
[0m
  [4;36;1mListing Load (2.0ms)[0m   [0;1mSELECT * FROM "listings" WHERE ("listings".user_id = 25441) [0m
  [4;35;1mAnalyzing Listing Load Execution Time: 0.002644

[0m   [0mIndex Scan using index_listings_on_id_and_user_id_and_title on listings  (cost=0.00..1615.79 rows=4 width=1172)
   Index Cond: (user_id = 25441)
[0m
  [4;36;1mSQL (166.1ms)[0m   [0;1mSELECT count(*) AS count_all FROM "impressions" WHERE ("impressions".listing_id = 113124) [0m
  [4;35;1mAnalyzing  Execution Time: 0.166433

[0m   [0mAggregate  (cost=12714.08..12714.09 rows=1 width=0)
   ->  Seq Scan on impressions  (cost=0.00..12714.00 rows=31 width=0)
         Filter: (listing_id = 113124)
[0m
  [4;36;1mSQL (9.9ms)[0m   [0;1mSELECT count(*) AS count_all FROM "clicks" WHERE ("clicks".listing_id = 113124) [0m
  [4;35;1mAnalyzing  Execution Time: 0.010198

[0m   [0mAggregate  (cost=814.47..814.48 rows=1 width=0)
   ->  Seq Scan on clicks  (cost=0.00..814.46 rows=2 width=0)
         Filter: (listing_id = 113124)
[0m
  [4;36;1mSQL (2.8ms)[0m   [0;1mSELECT count(*) AS count_all FROM "listings" WHERE ("listings".user_id = 25440) [0m
  [4;35;1mAnalyzing  Execution Time: 0.003103

[0m   [0mAggregate  (cost=1615.81..1615.82 rows=1 width=0)
   ->  Index Scan using index_listings_on_id_and_user_id_and_title on listings  (cost=0.00..1615.79 rows=4 width=0)
         Index Cond: (user_id = 25440)
[0m
  [4;36;1mListing Load (2.6ms)[0m   [0;1mSELECT * FROM "listings" WHERE ("listings".user_id = 25440) [0m
  [4;35;1mAnalyzing Listing Load Execution Time: 0.00422

[0m   [0mIndex Scan using index_listings_on_id_and_user_id_and_title on listings  (cost=0.00..1615.79 rows=4 width=1172)
   Index Cond: (user_id = 25440)
[0m
  [4;36;1mSQL (166.5ms)[0m   [0;1mSELECT count(*) AS count_all FROM "impressions" WHERE ("impressions".listing_id = 113123) [0m
  [4;35;1mAnalyzing  Execution Time: 0.166759

[0m   [0mAggregate  (cost=12714.08..12714.09 rows=1 width=0)
   ->  Seq Scan on impressions  (cost=0.00..12714.00 rows=31 width=0)
         Filter: (listing_id = 113123)
[0m
  [4;36;1mSQL (158.6ms)[0m   [0;1mSELECT count(*) AS count_all FROM "impressions" WHERE ("impressions".listing_id = 113258) [0m
  [4;35;1mAnalyzing  Execution Time: 0.158859

[0m   [0mAggregate  (cost=12714.08..12714.09 rows=1 width=0)
   ->  Seq Scan on impressions  (cost=0.00..12714.00 rows=31 width=0)
         Filter: (listing_id = 113258)
[0m
  [4;36;1mSQL (159.2ms)[0m   [0;1mSELECT count(*) AS count_all FROM "impressions" WHERE ("impressions".listing_id = 113259) [0m
  [4;35;1mAnalyzing  Execution Time: 0.159424

[0m   [0mAggregate  (cost=12714.08..12714.09 rows=1 width=0)
   ->  Seq Scan on impressions  (cost=0.00..12714.00 rows=31 width=0)
         Filter: (listing_id = 113259)
[0m
  [4;36;1mSQL (9.9ms)[0m   [0;1mSELECT count(*) AS count_all FROM "clicks" WHERE ("clicks".listing_id = 113123) [0m
  [4;35;1mAnalyzing  Execution Time: 0.010205

[0m   [0mAggregate  (cost=814.47..814.48 rows=1 width=0)
   ->  Seq Scan on clicks  (cost=0.00..814.46 rows=2 width=0)
         Filter: (listing_id = 113123)
[0m
  [4;36;1mSQL (8.4ms)[0m   [0;1mSELECT count(*) AS count_all FROM "clicks" WHERE ("clicks".listing_id = 113258) [0m
  [4;35;1mAnalyzing  Execution Time: 0.008683

[0m   [0mAggregate  (cost=814.47..814.48 rows=1 width=0)
   ->  Seq Scan on clicks  (cost=0.00..814.46 rows=2 width=0)
         Filter: (listing_id = 113258)
[0m
  [4;36;1mSQL (9.4ms)[0m   [0;1mSELECT count(*) AS count_all FROM "clicks" WHERE ("clicks".listing_id = 113259) [0m
  [4;35;1mAnalyzing  Execution Time: 0.009678

[0m   [0mAggregate  (cost=814.47..814.48 rows=1 width=0)
   ->  Seq Scan on clicks  (cost=0.00..814.46 rows=2 width=0)
         Filter: (listing_id = 113259)
[0m
  [4;36;1mSQL (1.9ms)[0m   [0;1mSELECT count(*) AS count_all FROM "listings" WHERE ("listings".user_id = 25438) [0m
  [4;35;1mAnalyzing  Execution Time: 0.002127

[0m   [0mAggregate  (cost=1615.81..1615.82 rows=1 width=0)
   ->  Index Scan using index_listings_on_id_and_user_id_and_title on listings  (cost=0.00..1615.79 rows=4 width=0)
         Index Cond: (user_id = 25438)
[0m
  [4;36;1mListing Load (1.9ms)[0m   [0;1mSELECT * FROM "listings" WHERE ("listings".user_id = 25438) [0m
  [4;35;1mAnalyzing Listing Load Execution Time: 0.00264

[0m   [0mIndex Scan using index_listings_on_id_and_user_id_and_title on listings  (cost=0.00..1615.79 rows=4 width=1172)
   Index Cond: (user_id = 25438)
[0m
  [4;36;1mSQL (154.1ms)[0m   [0;1mSELECT count(*) AS count_all FROM "impressions" WHERE ("impressions".listing_id = 113122) [0m
  [4;35;1mAnalyzing  Execution Time: 0.154338

[0m   [0mAggregate  (cost=12714.08..12714.09 rows=1 width=0)
   ->  Seq Scan on impressions  (cost=0.00..12714.00 rows=31 width=0)
         Filter: (listing_id = 113122)
[0m
  [4;36;1mSQL (13.8ms)[0m   [0;1mSELECT count(*) AS count_all FROM "clicks" WHERE ("clicks".listing_id = 113122) [0m
  [4;35;1mAnalyzing  Execution Time: 0.014125

[0m   [0mAggregate  (cost=814.47..814.48 rows=1 width=0)
   ->  Seq Scan on clicks  (cost=0.00..814.46 rows=2 width=0)
         Filter: (listing_id = 113122)
[0m
  [4;36;1mSQL (3.6ms)[0m   [0;1mSELECT count(*) AS count_all FROM "listings" WHERE ("listings".user_id = 25437) [0m
  [4;35;1mAnalyzing  Execution Time: 0.003877

[0m   [0mAggregate  (cost=1615.81..1615.82 rows=1 width=0)
   ->  Index Scan using index_listings_on_id_and_user_id_and_title on listings  (cost=0.00..1615.79 rows=4 width=0)
         Index Cond: (user_id = 25437)
[0m
  [4;36;1mListing Load (4.1ms)[0m   [0;1mSELECT * FROM "listings" WHERE ("listings".user_id = 25437) [0m
  [4;35;1mAnalyzing Listing Load Execution Time: 0.005389

[0m   [0mIndex Scan using index_listings_on_id_and_user_id_and_title on listings  (cost=0.00..1615.79 rows=4 width=1172)
   Index Cond: (user_id = 25437)
[0m
  [4;36;1mSQL (157.7ms)[0m   [0;1mSELECT count(*) AS count_all FROM "impressions" WHERE ("impressions".listing_id = 83719) [0m
  [4;35;1mAnalyzing  Execution Time: 0.158009

[0m   [0mAggregate  (cost=12714.08..12714.09 rows=1 width=0)
   ->  Seq Scan on impressions  (cost=0.00..12714.00 rows=31 width=0)
         Filter: (listing_id = 83719)
[0m
  [4;36;1mSQL (161.3ms)[0m   [0;1mSELECT count(*) AS count_all FROM "impressions" WHERE ("impressions".listing_id = 113121) [0m
  [4;35;1mAnalyzing  Execution Time: 0.161616

[0m   [0mAggregate  (cost=12714.08..12714.09 rows=1 width=0)
   ->  Seq Scan on impressions  (cost=0.00..12714.00 rows=31 width=0)
         Filter: (listing_id = 113121)
[0m
  [4;36;1mSQL (9.3ms)[0m   [0;1mSELECT count(*) AS count_all FROM "clicks" WHERE ("clicks".listing_id = 83719) [0m
  [4;35;1mAnalyzing  Execution Time: 0.009582

[0m   [0mAggregate  (cost=814.47..814.48 rows=1 width=0)
   ->  Seq Scan on clicks  (cost=0.00..814.46 rows=2 width=0)
         Filter: (listing_id = 83719)
[0m
  [4;36;1mSQL (8.4ms)[0m   [0;1mSELECT count(*) AS count_all FROM "clicks" WHERE ("clicks".listing_id = 113121) [0m
  [4;35;1mAnalyzing  Execution Time: 0.008619

[0m   [0mAggregate  (cost=814.47..814.48 rows=1 width=0)
   ->  Seq Scan on clicks  (cost=0.00..814.46 rows=2 width=0)
         Filter: (listing_id = 113121)
[0m
  [4;36;1mSQL (2.3ms)[0m   [0;1mSELECT count(*) AS count_all FROM "listings" WHERE ("listings".user_id = 25436) [0m
  [4;35;1mAnalyzing  Execution Time: 0.00262

[0m   [0mAggregate  (cost=1615.81..1615.82 rows=1 width=0)
   ->  Index Scan using index_listings_on_id_and_user_id_and_title on listings  (cost=0.00..1615.79 rows=4 width=0)
         Index Cond: (user_id = 25436)
[0m
  [4;36;1mListing Load (2.2ms)[0m   [0;1mSELECT * FROM "listings" WHERE ("listings".user_id = 25436) [0m
  [4;35;1mAnalyzing Listing Load Execution Time: 0.003002

[0m   [0mIndex Scan using index_listings_on_id_and_user_id_and_title on listings  (cost=0.00..1615.79 rows=4 width=1172)
   Index Cond: (user_id = 25436)
[0m
  [4;36;1mSQL (155.8ms)[0m   [0;1mSELECT count(*) AS count_all FROM "impressions" WHERE ("impressions".listing_id = 82582) [0m
  [4;35;1mAnalyzing  Execution Time: 0.156068

[0m   [0mAggregate  (cost=12714.08..12714.09 rows=1 width=0)
   ->  Seq Scan on impressions  (cost=0.00..12714.00 rows=31 width=0)
         Filter: (listing_id = 82582)
[0m
  [4;36;1mSQL (11.5ms)[0m   [0;1mSELECT count(*) AS count_all FROM "clicks" WHERE ("clicks".listing_id = 82582) [0m
  [4;35;1mAnalyzing  Execution Time: 0.011777

[0m   [0mAggregate  (cost=814.47..814.48 rows=1 width=0)
   ->  Seq Scan on clicks  (cost=0.00..814.46 rows=2 width=0)
         Filter: (listing_id = 82582)
[0m
  [4;36;1mSQL (2.1ms)[0m   [0;1mSELECT count(*) AS count_all FROM "listings" WHERE ("listings".user_id = 25434) [0m
  [4;35;1mAnalyzing  Execution Time: 0.002409

[0m   [0mAggregate  (cost=1615.81..1615.82 rows=1 width=0)
   ->  Index Scan using index_listings_on_id_and_user_id_and_title on listings  (cost=0.00..1615.79 rows=4 width=0)
         Index Cond: (user_id = 25434)
[0m
  [4;36;1mListing Load (2.1ms)[0m   [0;1mSELECT * FROM "listings" WHERE ("listings".user_id = 25434) [0m
  [4;35;1mAnalyzing Listing Load Execution Time: 0.003955

[0m   [0mIndex Scan using index_listings_on_id_and_user_id_and_title on listings  (cost=0.00..1615.79 rows=4 width=1172)
   Index Cond: (user_id = 25434)
[0m
  [4;36;1mSQL (155.6ms)[0m   [0;1mSELECT count(*) AS count_all FROM "impressions" WHERE ("impressions".listing_id = 76095) [0m
  [4;35;1mAnalyzing  Execution Time: 0.155827

[0m   [0mAggregate  (cost=12716.26..12716.27 rows=1 width=0)
   ->  Seq Scan on impressions  (cost=0.00..12714.00 rows=905 width=0)
         Filter: (listing_id = 76095)
[0m
  [4;36;1mSQL (143.6ms)[0m   [0;1mSELECT count(*) AS count_all FROM "impressions" WHERE ("impressions".listing_id = 82343) [0m
  [4;35;1mAnalyzing  Execution Time: 0.143896

[0m   [0mAggregate  (cost=12716.30..12716.31 rows=1 width=0)
   ->  Seq Scan on impressions  (cost=0.00..12714.00 rows=919 width=0)
         Filter: (listing_id = 82343)
[0m
  [4;36;1mSQL (158.6ms)[0m   [0;1mSELECT count(*) AS count_all FROM "impressions" WHERE ("impressions".listing_id = 113270) [0m
  [4;35;1mAnalyzing  Execution Time: 0.15888

[0m   [0mAggregate  (cost=12714.08..12714.09 rows=1 width=0)
   ->  Seq Scan on impressions  (cost=0.00..12714.00 rows=31 width=0)
         Filter: (listing_id = 113270)
[0m
  [4;36;1mSQL (149.5ms)[0m   [0;1mSELECT count(*) AS count_all FROM "impressions" WHERE ("impressions".listing_id = 113271) [0m
  [4;35;1mAnalyzing  Execution Time: 0.149723

[0m   [0mAggregate  (cost=12714.08..12714.09 rows=1 width=0)
   ->  Seq Scan on impressions  (cost=0.00..12714.00 rows=31 width=0)
         Filter: (listing_id = 113271)
[0m
  [4;36;1mSQL (10.4ms)[0m   [0;1mSELECT count(*) AS count_all FROM "clicks" WHERE ("clicks".listing_id = 76095) [0m
  [4;35;1mAnalyzing  Execution Time: 0.010649

[0m   [0mAggregate  (cost=814.50..814.51 rows=1 width=0)
   ->  Seq Scan on clicks  (cost=0.00..814.46 rows=15 width=0)
         Filter: (listing_id = 76095)
[0m
  [4;36;1mSQL (8.4ms)[0m   [0;1mSELECT count(*) AS count_all FROM "clicks" WHERE ("clicks".listing_id = 82343) [0m
  [4;35;1mAnalyzing  Execution Time: 0.008672

[0m   [0mAggregate  (cost=814.51..814.52 rows=1 width=0)
   ->  Seq Scan on clicks  (cost=0.00..814.46 rows=17 width=0)
         Filter: (listing_id = 82343)
[0m
  [4;36;1mSQL (10.5ms)[0m   [0;1mSELECT count(*) AS count_all FROM "clicks" WHERE ("clicks".listing_id = 113270) [0m
  [4;35;1mAnalyzing  Execution Time: 0.010834

[0m   [0mAggregate  (cost=814.47..814.48 rows=1 width=0)
   ->  Seq Scan on clicks  (cost=0.00..814.46 rows=2 width=0)
         Filter: (listing_id = 113270)
[0m
  [4;36;1mSQL (10.9ms)[0m   [0;1mSELECT count(*) AS count_all FROM "clicks" WHERE ("clicks".listing_id = 113271) [0m
  [4;35;1mAnalyzing  Execution Time: 0.011283

[0m   [0mAggregate  (cost=814.47..814.48 rows=1 width=0)
   ->  Seq Scan on clicks  (cost=0.00..814.46 rows=2 width=0)
         Filter: (listing_id = 113271)
[0m
  [4;36;1mSQL (2.1ms)[0m   [0;1mSELECT count(*) AS count_all FROM "listings" WHERE ("listings".user_id = 25433) [0m
  [4;35;1mAnalyzing  Execution Time: 0.00233

[0m   [0mAggregate  (cost=1615.81..1615.82 rows=1 width=0)
   ->  Index Scan using index_listings_on_id_and_user_id_and_title on listings  (cost=0.00..1615.79 rows=4 width=0)
         Index Cond: (user_id = 25433)
[0m
  [4;36;1mListing Load (1.9ms)[0m   [0;1mSELECT * FROM "listings" WHERE ("listings".user_id = 25433) [0m
  [4;35;1mAnalyzing Listing Load Execution Time: 0.002634

[0m   [0mIndex Scan using index_listings_on_id_and_user_id_and_title on listings  (cost=0.00..1615.79 rows=4 width=1172)
   Index Cond: (user_id = 25433)
[0m
  [4;36;1mSQL (154.6ms)[0m   [0;1mSELECT count(*) AS count_all FROM "impressions" WHERE ("impressions".listing_id = 113119) [0m
  [4;35;1mAnalyzing  Execution Time: 0.15488

[0m   [0mAggregate  (cost=12714.08..12714.09 rows=1 width=0)
   ->  Seq Scan on impressions  (cost=0.00..12714.00 rows=31 width=0)
         Filter: (listing_id = 113119)
[0m
  [4;36;1mSQL (8.4ms)[0m   [0;1mSELECT count(*) AS count_all FROM "clicks" WHERE ("clicks".listing_id = 113119) [0m
  [4;35;1mAnalyzing  Execution Time: 0.008692

[0m   [0mAggregate  (cost=814.47..814.48 rows=1 width=0)
   ->  Seq Scan on clicks  (cost=0.00..814.46 rows=2 width=0)
         Filter: (listing_id = 113119)
[0m
  [4;36;1mSQL (3.6ms)[0m   [0;1mSELECT count(*) AS count_all FROM "listings" WHERE ("listings".user_id = 25432) [0m
  [4;35;1mAnalyzing  Execution Time: 0.003905

[0m   [0mAggregate  (cost=1615.81..1615.82 rows=1 width=0)
   ->  Index Scan using index_listings_on_id_and_user_id_and_title on listings  (cost=0.00..1615.79 rows=4 width=0)
         Index Cond: (user_id = 25432)
[0m
  [4;36;1mListing Load (2.4ms)[0m   [0;1mSELECT * FROM "listings" WHERE ("listings".user_id = 25432) [0m
  [4;35;1mAnalyzing Listing Load Execution Time: 0.003207

[0m   [0mIndex Scan using index_listings_on_id_and_user_id_and_title on listings  (cost=0.00..1615.79 rows=4 width=1172)
   Index Cond: (user_id = 25432)
[0m
  [4;36;1mSQL (150.8ms)[0m   [0;1mSELECT count(*) AS count_all FROM "impressions" WHERE ("impressions".listing_id = 113118) [0m
  [4;35;1mAnalyzing  Execution Time: 0.15108

[0m   [0mAggregate  (cost=12714.08..12714.09 rows=1 width=0)
   ->  Seq Scan on impressions  (cost=0.00..12714.00 rows=31 width=0)
         Filter: (listing_id = 113118)
[0m
  [4;36;1mSQL (9.4ms)[0m   [0;1mSELECT count(*) AS count_all FROM "clicks" WHERE ("clicks".listing_id = 113118) [0m
  [4;35;1mAnalyzing  Execution Time: 0.009684

[0m   [0mAggregate  (cost=814.47..814.48 rows=1 width=0)
   ->  Seq Scan on clicks  (cost=0.00..814.46 rows=2 width=0)
         Filter: (listing_id = 113118)
[0m
  [4;36;1mSQL (2.1ms)[0m   [0;1mSELECT count(*) AS count_all FROM "listings" WHERE ("listings".user_id = 25431) [0m
  [4;35;1mAnalyzing  Execution Time: 0.002788

[0m   [0mAggregate  (cost=1615.81..1615.82 rows=1 width=0)
   ->  Index Scan using index_listings_on_id_and_user_id_and_title on listings  (cost=0.00..1615.79 rows=4 width=0)
         Index Cond: (user_id = 25431)
[0m
  [4;36;1mListing Load (2.2ms)[0m   [0;1mSELECT * FROM "listings" WHERE ("listings".user_id = 25431) [0m
  [4;35;1mAnalyzing Listing Load Execution Time: 0.002883

[0m   [0mIndex Scan using index_listings_on_id_and_user_id_and_title on listings  (cost=0.00..1615.79 rows=4 width=1172)
   Index Cond: (user_id = 25431)
[0m
  [4;36;1mSQL (152.5ms)[0m   [0;1mSELECT count(*) AS count_all FROM "impressions" WHERE ("impressions".listing_id = 113117) [0m
  [4;35;1mAnalyzing  Execution Time: 0.152932

[0m   [0mAggregate  (cost=12714.08..12714.09 rows=1 width=0)
   ->  Seq Scan on impressions  (cost=0.00..12714.00 rows=31 width=0)
         Filter: (listing_id = 113117)
[0m
  [4;36;1mSQL (9.5ms)[0m   [0;1mSELECT count(*) AS count_all FROM "clicks" WHERE ("clicks".listing_id = 113117) [0m
  [4;35;1mAnalyzing  Execution Time: 0.009815

[0m   [0mAggregate  (cost=814.47..814.48 rows=1 width=0)
   ->  Seq Scan on clicks  (cost=0.00..814.46 rows=2 width=0)
         Filter: (listing_id = 113117)
[0m
  [4;36;1mSQL (2.8ms)[0m   [0;1mSELECT count(*) AS count_all FROM "listings" WHERE ("listings".user_id = 25429) [0m
  [4;35;1mAnalyzing  Execution Time: 0.003007

[0m   [0mAggregate  (cost=1615.81..1615.82 rows=1 width=0)
   ->  Index Scan using index_listings_on_id_and_user_id_and_title on listings  (cost=0.00..1615.79 rows=4 width=0)
         Index Cond: (user_id = 25429)
[0m
  [4;36;1mListing Load (2.0ms)[0m   [0;1mSELECT * FROM "listings" WHERE ("listings".user_id = 25429) [0m
  [4;35;1mAnalyzing Listing Load Execution Time: 0.002719

[0m   [0mIndex Scan using index_listings_on_id_and_user_id_and_title on listings  (cost=0.00..1615.79 rows=4 width=1172)
   Index Cond: (user_id = 25429)
[0m
  [4;36;1mSQL (156.3ms)[0m   [0;1mSELECT count(*) AS count_all FROM "impressions" WHERE ("impressions".listing_id = 91405) [0m
  [4;35;1mAnalyzing  Execution Time: 0.156775

[0m   [0mAggregate  (cost=12714.08..12714.09 rows=1 width=0)
   ->  Seq Scan on impressions  (cost=0.00..12714.00 rows=31 width=0)
         Filter: (listing_id = 91405)
[0m
  [4;36;1mSQL (8.9ms)[0m   [0;1mSELECT count(*) AS count_all FROM "clicks" WHERE ("clicks".listing_id = 91405) [0m
  [4;35;1mAnalyzing  Execution Time: 0.009204

[0m   [0mAggregate  (cost=814.47..814.48 rows=1 width=0)
   ->  Seq Scan on clicks  (cost=0.00..814.46 rows=2 width=0)
         Filter: (listing_id = 91405)
[0m
  [4;36;1mSQL (2.7ms)[0m   [0;1mSELECT count(*) AS count_all FROM "listings" WHERE ("listings".user_id = 25428) [0m
  [4;35;1mAnalyzing  Execution Time: 0.002984

[0m   [0mAggregate  (cost=1615.81..1615.82 rows=1 width=0)
   ->  Index Scan using index_listings_on_id_and_user_id_and_title on listings  (cost=0.00..1615.79 rows=4 width=0)
         Index Cond: (user_id = 25428)
[0m
  [4;36;1mListing Load (2.9ms)[0m   [0;1mSELECT * FROM "listings" WHERE ("listings".user_id = 25428) [0m
  [4;35;1mAnalyzing Listing Load Execution Time: 0.00546

[0m   [0mIndex Scan using index_listings_on_id_and_user_id_and_title on listings  (cost=0.00..1615.79 rows=4 width=1172)
   Index Cond: (user_id = 25428)
[0m
  [4;36;1mSQL (153.9ms)[0m   [0;1mSELECT count(*) AS count_all FROM "impressions" WHERE ("impressions".listing_id = 66203) [0m
  [4;35;1mAnalyzing  Execution Time: 0.154157

[0m   [0mAggregate  (cost=12714.08..12714.09 rows=1 width=0)
   ->  Seq Scan on impressions  (cost=0.00..12714.00 rows=31 width=0)
         Filter: (listing_id = 66203)
[0m
  [4;36;1mSQL (156.3ms)[0m   [0;1mSELECT count(*) AS count_all FROM "impressions" WHERE ("impressions".listing_id = 68175) [0m
  [4;35;1mAnalyzing  Execution Time: 0.156548

[0m   [0mAggregate  (cost=12714.08..12714.09 rows=1 width=0)
   ->  Seq Scan on impressions  (cost=0.00..12714.00 rows=31 width=0)
         Filter: (listing_id = 68175)
[0m
  [4;36;1mSQL (157.1ms)[0m   [0;1mSELECT count(*) AS count_all FROM "impressions" WHERE ("impressions".listing_id = 71790) [0m
  [4;35;1mAnalyzing  Execution Time: 0.157363

[0m   [0mAggregate  (cost=12714.08..12714.09 rows=1 width=0)
   ->  Seq Scan on impressions  (cost=0.00..12714.00 rows=31 width=0)
         Filter: (listing_id = 71790)
[0m
  [4;36;1mSQL (143.1ms)[0m   [0;1mSELECT count(*) AS count_all FROM "impressions" WHERE ("impressions".listing_id = 72877) [0m
  [4;35;1mAnalyzing  Execution Time: 0.143438

[0m   [0mAggregate  (cost=12714.08..12714.09 rows=1 width=0)
   ->  Seq Scan on impressions  (cost=0.00..12714.00 rows=31 width=0)
         Filter: (listing_id = 72877)
[0m
  [4;36;1mSQL (143.6ms)[0m   [0;1mSELECT count(*) AS count_all FROM "impressions" WHERE ("impressions".listing_id = 92116) [0m
  [4;35;1mAnalyzing  Execution Time: 0.143935

[0m   [0mAggregate  (cost=12714.08..12714.09 rows=1 width=0)
   ->  Seq Scan on impressions  (cost=0.00..12714.00 rows=31 width=0)
         Filter: (listing_id = 92116)
[0m
  [4;36;1mSQL (159.8ms)[0m   [0;1mSELECT count(*) AS count_all FROM "impressions" WHERE ("impressions".listing_id = 97660) [0m
  [4;35;1mAnalyzing  Execution Time: 0.16018

[0m   [0mAggregate  (cost=12714.08..12714.09 rows=1 width=0)
   ->  Seq Scan on impressions  (cost=0.00..12714.00 rows=31 width=0)
         Filter: (listing_id = 97660)
[0m
  [4;36;1mSQL (13.7ms)[0m   [0;1mSELECT count(*) AS count_all FROM "clicks" WHERE ("clicks".listing_id = 66203) [0m
  [4;35;1mAnalyzing  Execution Time: 0.014057

[0m   [0mAggregate  (cost=814.47..814.48 rows=1 width=0)
   ->  Seq Scan on clicks  (cost=0.00..814.46 rows=2 width=0)
         Filter: (listing_id = 66203)
[0m
  [4;36;1mSQL (10.3ms)[0m   [0;1mSELECT count(*) AS count_all FROM "clicks" WHERE ("clicks".listing_id = 68175) [0m
  [4;35;1mAnalyzing  Execution Time: 0.010607

[0m   [0mAggregate  (cost=814.47..814.48 rows=1 width=0)
   ->  Seq Scan on clicks  (cost=0.00..814.46 rows=2 width=0)
         Filter: (listing_id = 68175)
[0m
  [4;36;1mSQL (8.6ms)[0m   [0;1mSELECT count(*) AS count_all FROM "clicks" WHERE ("clicks".listing_id = 71790) [0m
  [4;35;1mAnalyzing  Execution Time: 0.008841

[0m   [0mAggregate  (cost=814.47..814.48 rows=1 width=0)
   ->  Seq Scan on clicks  (cost=0.00..814.46 rows=2 width=0)
         Filter: (listing_id = 71790)
[0m
  [4;36;1mSQL (9.9ms)[0m   [0;1mSELECT count(*) AS count_all FROM "clicks" WHERE ("clicks".listing_id = 72877) [0m
  [4;35;1mAnalyzing  Execution Time: 0.010193

[0m   [0mAggregate  (cost=814.47..814.48 rows=1 width=0)
   ->  Seq Scan on clicks  (cost=0.00..814.46 rows=2 width=0)
         Filter: (listing_id = 72877)
[0m
  [4;36;1mSQL (9.5ms)[0m   [0;1mSELECT count(*) AS count_all FROM "clicks" WHERE ("clicks".listing_id = 92116) [0m
  [4;35;1mAnalyzing  Execution Time: 0.009777

[0m   [0mAggregate  (cost=814.47..814.48 rows=1 width=0)
   ->  Seq Scan on clicks  (cost=0.00..814.46 rows=2 width=0)
         Filter: (listing_id = 92116)
[0m
  [4;36;1mSQL (9.8ms)[0m   [0;1mSELECT count(*) AS count_all FROM "clicks" WHERE ("clicks".listing_id = 97660) [0m
  [4;35;1mAnalyzing  Execution Time: 0.010106

[0m   [0mAggregate  (cost=814.47..814.48 rows=1 width=0)
   ->  Seq Scan on clicks  (cost=0.00..814.46 rows=2 width=0)
         Filter: (listing_id = 97660)
[0m
  [4;36;1mSQL (12.7ms)[0m   [0;1mSELECT count(*) AS count_all FROM "listings" WHERE ("listings".user_id = 25427) [0m
  [4;35;1mAnalyzing  Execution Time: 0.013041

[0m   [0mAggregate  (cost=1615.81..1615.82 rows=1 width=0)
   ->  Index Scan using index_listings_on_id_and_user_id_and_title on listings  (cost=0.00..1615.79 rows=4 width=0)
         Index Cond: (user_id = 25427)
[0m
  [4;36;1mListing Load (2.3ms)[0m   [0;1mSELECT * FROM "listings" WHERE ("listings".user_id = 25427) [0m
  [4;35;1mAnalyzing Listing Load Execution Time: 0.00307

[0m   [0mIndex Scan using index_listings_on_id_and_user_id_and_title on listings  (cost=0.00..1615.79 rows=4 width=1172)
   Index Cond: (user_id = 25427)
[0m
  [4;36;1mSQL (159.0ms)[0m   [0;1mSELECT count(*) AS count_all FROM "impressions" WHERE ("impressions".listing_id = 70101) [0m
  [4;35;1mAnalyzing  Execution Time: 0.15965

[0m   [0mAggregate  (cost=12714.08..12714.09 rows=1 width=0)
   ->  Seq Scan on impressions  (cost=0.00..12714.00 rows=31 width=0)
         Filter: (listing_id = 70101)
[0m
  [4;36;1mSQL (9.4ms)[0m   [0;1mSELECT count(*) AS count_all FROM "clicks" WHERE ("clicks".listing_id = 70101) [0m
  [4;35;1mAnalyzing  Execution Time: 0.009684

[0m   [0mAggregate  (cost=814.47..814.48 rows=1 width=0)
   ->  Seq Scan on clicks  (cost=0.00..814.46 rows=2 width=0)
         Filter: (listing_id = 70101)
[0m
  [4;36;1mSQL (2.3ms)[0m   [0;1mSELECT count(*) AS count_all FROM "listings" WHERE ("listings".user_id = 25426) [0m
  [4;35;1mAnalyzing  Execution Time: 0.002602

[0m   [0mAggregate  (cost=1615.81..1615.82 rows=1 width=0)
   ->  Index Scan using index_listings_on_id_and_user_id_and_title on listings  (cost=0.00..1615.79 rows=4 width=0)
         Index Cond: (user_id = 25426)
[0m
  [4;36;1mListing Load (2.6ms)[0m   [0;1mSELECT * FROM "listings" WHERE ("listings".user_id = 25426) [0m
  [4;35;1mAnalyzing Listing Load Execution Time: 0.003911

[0m   [0mIndex Scan using index_listings_on_id_and_user_id_and_title on listings  (cost=0.00..1615.79 rows=4 width=1172)
   Index Cond: (user_id = 25426)
[0m
  [4;36;1mSQL (154.8ms)[0m   [0;1mSELECT count(*) AS count_all FROM "impressions" WHERE ("impressions".listing_id = 113115) [0m
  [4;35;1mAnalyzing  Execution Time: 0.155069

[0m   [0mAggregate  (cost=12714.08..12714.09 rows=1 width=0)
   ->  Seq Scan on impressions  (cost=0.00..12714.00 rows=31 width=0)
         Filter: (listing_id = 113115)
[0m
  [4;36;1mSQL (10.8ms)[0m   [0;1mSELECT count(*) AS count_all FROM "clicks" WHERE ("clicks".listing_id = 113115) [0m
  [4;35;1mAnalyzing  Execution Time: 0.011107

[0m   [0mAggregate  (cost=814.47..814.48 rows=1 width=0)
   ->  Seq Scan on clicks  (cost=0.00..814.46 rows=2 width=0)
         Filter: (listing_id = 113115)
[0m
  [4;36;1mSQL (3.2ms)[0m   [0;1mSELECT count(*) AS count_all FROM "listings" WHERE ("listings".user_id = 25425) [0m
  [4;35;1mAnalyzing  Execution Time: 0.003839

[0m   [0mAggregate  (cost=1615.81..1615.82 rows=1 width=0)
   ->  Index Scan using index_listings_on_id_and_user_id_and_title on listings  (cost=0.00..1615.79 rows=4 width=0)
         Index Cond: (user_id = 25425)
[0m
  [4;36;1mListing Load (2.3ms)[0m   [0;1mSELECT * FROM "listings" WHERE ("listings".user_id = 25425) [0m
  [4;35;1mAnalyzing Listing Load Execution Time: 0.007993

[0m   [0mIndex Scan using index_listings_on_id_and_user_id_and_title on listings  (cost=0.00..1615.79 rows=4 width=1172)
   Index Cond: (user_id = 25425)
[0m
  [4;36;1mSQL (158.4ms)[0m   [0;1mSELECT count(*) AS count_all FROM "impressions" WHERE ("impressions".listing_id = 76860) [0m
  [4;35;1mAnalyzing  Execution Time: 0.158661

[0m   [0mAggregate  (cost=12714.08..12714.09 rows=1 width=0)
   ->  Seq Scan on impressions  (cost=0.00..12714.00 rows=31 width=0)
         Filter: (listing_id = 76860)
[0m
  [4;36;1mSQL (149.2ms)[0m   [0;1mSELECT count(*) AS count_all FROM "impressions" WHERE ("impressions".listing_id = 81916) [0m
  [4;35;1mAnalyzing  Execution Time: 0.14942

[0m   [0mAggregate  (cost=12714.08..12714.09 rows=1 width=0)
   ->  Seq Scan on impressions  (cost=0.00..12714.00 rows=31 width=0)
         Filter: (listing_id = 81916)
[0m
  [4;36;1mSQL (170.2ms)[0m   [0;1mSELECT count(*) AS count_all FROM "impressions" WHERE ("impressions".listing_id = 88462) [0m
  [4;35;1mAnalyzing  Execution Time: 0.170492

[0m   [0mAggregate  (cost=12714.08..12714.09 rows=1 width=0)
   ->  Seq Scan on impressions  (cost=0.00..12714.00 rows=31 width=0)
         Filter: (listing_id = 88462)
[0m
  [4;36;1mSQL (151.0ms)[0m   [0;1mSELECT count(*) AS count_all FROM "impressions" WHERE ("impressions".listing_id = 91855) [0m
  [4;35;1mAnalyzing  Execution Time: 0.151216

[0m   [0mAggregate  (cost=12714.08..12714.09 rows=1 width=0)
   ->  Seq Scan on impressions  (cost=0.00..12714.00 rows=31 width=0)
         Filter: (listing_id = 91855)
[0m
  [4;36;1mSQL (151.5ms)[0m   [0;1mSELECT count(*) AS count_all FROM "impressions" WHERE ("impressions".listing_id = 91856) [0m
  [4;35;1mAnalyzing  Execution Time: 0.151737

[0m   [0mAggregate  (cost=12714.08..12714.09 rows=1 width=0)
   ->  Seq Scan on impressions  (cost=0.00..12714.00 rows=31 width=0)
         Filter: (listing_id = 91856)
[0m
  [4;36;1mSQL (157.0ms)[0m   [0;1mSELECT count(*) AS count_all FROM "impressions" WHERE ("impressions".listing_id = 96194) [0m
  [4;35;1mAnalyzing  Execution Time: 0.15731

[0m   [0mAggregate  (cost=12714.08..12714.09 rows=1 width=0)
   ->  Seq Scan on impressions  (cost=0.00..12714.00 rows=31 width=0)
         Filter: (listing_id = 96194)
[0m
  [4;36;1mSQL (149.4ms)[0m   [0;1mSELECT count(*) AS count_all FROM "impressions" WHERE ("impressions".listing_id = 102386) [0m
  [4;35;1mAnalyzing  Execution Time: 0.149701

[0m   [0mAggregate  (cost=12714.08..12714.09 rows=1 width=0)
   ->  Seq Scan on impressions  (cost=0.00..12714.00 rows=31 width=0)
         Filter: (listing_id = 102386)
[0m
  [4;36;1mSQL (158.7ms)[0m   [0;1mSELECT count(*) AS count_all FROM "impressions" WHERE ("impressions".listing_id = 102649) [0m
  [4;35;1mAnalyzing  Execution Time: 0.158938

[0m   [0mAggregate  (cost=12714.08..12714.09 rows=1 width=0)
   ->  Seq Scan on impressions  (cost=0.00..12714.00 rows=31 width=0)
         Filter: (listing_id = 102649)
[0m
  [4;36;1mSQL (150.3ms)[0m   [0;1mSELECT count(*) AS count_all FROM "impressions" WHERE ("impressions".listing_id = 113008) [0m
  [4;35;1mAnalyzing  Execution Time: 0.15063

[0m   [0mAggregate  (cost=12714.08..12714.09 rows=1 width=0)
   ->  Seq Scan on impressions  (cost=0.00..12714.00 rows=31 width=0)
         Filter: (listing_id = 113008)
[0m
  [4;36;1mSQL (160.4ms)[0m   [0;1mSELECT count(*) AS count_all FROM "impressions" WHERE ("impressions".listing_id = 113009) [0m
  [4;35;1mAnalyzing  Execution Time: 0.161009

[0m   [0mAggregate  (cost=12714.08..12714.09 rows=1 width=0)
   ->  Seq Scan on impressions  (cost=0.00..12714.00 rows=31 width=0)
         Filter: (listing_id = 113009)
[0m
  [4;36;1mSQL (158.4ms)[0m   [0;1mSELECT count(*) AS count_all FROM "impressions" WHERE ("impressions".listing_id = 113010) [0m
  [4;35;1mAnalyzing  Execution Time: 0.158695

[0m   [0mAggregate  (cost=12714.08..12714.09 rows=1 width=0)
   ->  Seq Scan on impressions  (cost=0.00..12714.00 rows=31 width=0)
         Filter: (listing_id = 113010)
[0m
  [4;36;1mSQL (151.6ms)[0m   [0;1mSELECT count(*) AS count_all FROM "impressions" WHERE ("impressions".listing_id = 113012) [0m
  [4;35;1mAnalyzing  Execution Time: 0.151895

[0m   [0mAggregate  (cost=12714.08..12714.09 rows=1 width=0)
   ->  Seq Scan on impressions  (cost=0.00..12714.00 rows=31 width=0)
         Filter: (listing_id = 113012)
[0m
  [4;36;1mSQL (160.1ms)[0m   [0;1mSELECT count(*) AS count_all FROM "impressions" WHERE ("impressions".listing_id = 113013) [0m
  [4;35;1mAnalyzing  Execution Time: 0.160324

[0m   [0mAggregate  (cost=12714.08..12714.09 rows=1 width=0)
   ->  Seq Scan on impressions  (cost=0.00..12714.00 rows=31 width=0)
         Filter: (listing_id = 113013)
[0m
  [4;36;1mSQL (150.6ms)[0m   [0;1mSELECT count(*) AS count_all FROM "impressions" WHERE ("impressions".listing_id = 113114) [0m
  [4;35;1mAnalyzing  Execution Time: 0.150842

[0m   [0mAggregate  (cost=12714.08..12714.09 rows=1 width=0)
   ->  Seq Scan on impressions  (cost=0.00..12714.00 rows=31 width=0)
         Filter: (listing_id = 113114)
[0m
  [4;36;1mSQL (18.4ms)[0m   [0;1mSELECT count(*) AS count_all FROM "clicks" WHERE ("clicks".listing_id = 76860) [0m
  [4;35;1mAnalyzing  Execution Time: 0.0186890000000001

[0m   [0mAggregate  (cost=814.47..814.48 rows=1 width=0)
   ->  Seq Scan on clicks  (cost=0.00..814.46 rows=2 width=0)
         Filter: (listing_id = 76860)
[0m
  [4;36;1mSQL (10.5ms)[0m   [0;1mSELECT count(*) AS count_all FROM "clicks" WHERE ("clicks".listing_id = 81916) [0m
  [4;35;1mAnalyzing  Execution Time: 0.010735

[0m   [0mAggregate  (cost=814.47..814.48 rows=1 width=0)
   ->  Seq Scan on clicks  (cost=0.00..814.46 rows=2 width=0)
         Filter: (listing_id = 81916)
[0m
  [4;36;1mSQL (10.1ms)[0m   [0;1mSELECT count(*) AS count_all FROM "clicks" WHERE ("clicks".listing_id = 88462) [0m
  [4;35;1mAnalyzing  Execution Time: 0.010387

[0m   [0mAggregate  (cost=814.47..814.48 rows=1 width=0)
   ->  Seq Scan on clicks  (cost=0.00..814.46 rows=2 width=0)
         Filter: (listing_id = 88462)
[0m
  [4;36;1mSQL (8.4ms)[0m   [0;1mSELECT count(*) AS count_all FROM "clicks" WHERE ("clicks".listing_id = 91855) [0m
  [4;35;1mAnalyzing  Execution Time: 0.008687

[0m   [0mAggregate  (cost=814.47..814.48 rows=1 width=0)
   ->  Seq Scan on clicks  (cost=0.00..814.46 rows=2 width=0)
         Filter: (listing_id = 91855)
[0m
  [4;36;1mSQL (10.2ms)[0m   [0;1mSELECT count(*) AS count_all FROM "clicks" WHERE ("clicks".listing_id = 91856) [0m
  [4;35;1mAnalyzing  Execution Time: 0.010439

[0m   [0mAggregate  (cost=814.47..814.48 rows=1 width=0)
   ->  Seq Scan on clicks  (cost=0.00..814.46 rows=2 width=0)
         Filter: (listing_id = 91856)
[0m
  [4;36;1mSQL (9.5ms)[0m   [0;1mSELECT count(*) AS count_all FROM "clicks" WHERE ("clicks".listing_id = 96194) [0m
  [4;35;1mAnalyzing  Execution Time: 0.00973

[0m   [0mAggregate  (cost=814.47..814.48 rows=1 width=0)
   ->  Seq Scan on clicks  (cost=0.00..814.46 rows=2 width=0)
         Filter: (listing_id = 96194)
[0m
  [4;36;1mSQL (8.8ms)[0m   [0;1mSELECT count(*) AS count_all FROM "clicks" WHERE ("clicks".listing_id = 102386) [0m
  [4;35;1mAnalyzing  Execution Time: 0.00904

[0m   [0mAggregate  (cost=814.47..814.48 rows=1 width=0)
   ->  Seq Scan on clicks  (cost=0.00..814.46 rows=2 width=0)
         Filter: (listing_id = 102386)
[0m
  [4;36;1mSQL (9.9ms)[0m   [0;1mSELECT count(*) AS count_all FROM "clicks" WHERE ("clicks".listing_id = 102649) [0m
  [4;35;1mAnalyzing  Execution Time: 0.010144

[0m   [0mAggregate  (cost=814.47..814.48 rows=1 width=0)
   ->  Seq Scan on clicks  (cost=0.00..814.46 rows=2 width=0)
         Filter: (listing_id = 102649)
[0m
  [4;36;1mSQL (12.9ms)[0m   [0;1mSELECT count(*) AS count_all FROM "clicks" WHERE ("clicks".listing_id = 113008) [0m
  [4;35;1mAnalyzing  Execution Time: 0.01314

[0m   [0mAggregate  (cost=814.47..814.48 rows=1 width=0)
   ->  Seq Scan on clicks  (cost=0.00..814.46 rows=2 width=0)
         Filter: (listing_id = 113008)
[0m
  [4;36;1mSQL (9.1ms)[0m   [0;1mSELECT count(*) AS count_all FROM "clicks" WHERE ("clicks".listing_id = 113009) [0m
  [4;35;1mAnalyzing  Execution Time: 0.009339

[0m   [0mAggregate  (cost=814.47..814.48 rows=1 width=0)
   ->  Seq Scan on clicks  (cost=0.00..814.46 rows=2 width=0)
         Filter: (listing_id = 113009)
[0m
  [4;36;1mSQL (10.9ms)[0m   [0;1mSELECT count(*) AS count_all FROM "clicks" WHERE ("clicks".listing_id = 113010) [0m
  [4;35;1mAnalyzing  Execution Time: 0.011293

[0m   [0mAggregate  (cost=814.47..814.48 rows=1 width=0)
   ->  Seq Scan on clicks  (cost=0.00..814.46 rows=2 width=0)
         Filter: (listing_id = 113010)
[0m
  [4;36;1mSQL (8.5ms)[0m   [0;1mSELECT count(*) AS count_all FROM "clicks" WHERE ("clicks".listing_id = 113012) [0m
  [4;35;1mAnalyzing  Execution Time: 0.008808

[0m   [0mAggregate  (cost=814.47..814.48 rows=1 width=0)
   ->  Seq Scan on clicks  (cost=0.00..814.46 rows=2 width=0)
         Filter: (listing_id = 113012)
[0m
  [4;36;1mSQL (10.0ms)[0m   [0;1mSELECT count(*) AS count_all FROM "clicks" WHERE ("clicks".listing_id = 113013) [0m
  [4;35;1mAnalyzing  Execution Time: 0.010217

[0m   [0mAggregate  (cost=814.47..814.48 rows=1 width=0)
   ->  Seq Scan on clicks  (cost=0.00..814.46 rows=2 width=0)
         Filter: (listing_id = 113013)
[0m
  [4;36;1mSQL (10.1ms)[0m   [0;1mSELECT count(*) AS count_all FROM "clicks" WHERE ("clicks".listing_id = 113114) [0m
  [4;35;1mAnalyzing  Execution Time: 0.010373

[0m   [0mAggregate  (cost=814.47..814.48 rows=1 width=0)
   ->  Seq Scan on clicks  (cost=0.00..814.46 rows=2 width=0)
         Filter: (listing_id = 113114)
[0m
  [4;36;1mSQL (4.4ms)[0m   [0;1mSELECT count(*) AS count_all FROM "listings" WHERE ("listings".user_id = 25422) [0m
  [4;35;1mAnalyzing  Execution Time: 0.004746

[0m   [0mAggregate  (cost=1615.81..1615.82 rows=1 width=0)
   ->  Index Scan using index_listings_on_id_and_user_id_and_title on listings  (cost=0.00..1615.79 rows=4 width=0)
         Index Cond: (user_id = 25422)
[0m
  [4;36;1mListing Load (2.0ms)[0m   [0;1mSELECT * FROM "listings" WHERE ("listings".user_id = 25422) [0m
  [4;35;1mAnalyzing Listing Load Execution Time: 0.002703

[0m   [0mIndex Scan using index_listings_on_id_and_user_id_and_title on listings  (cost=0.00..1615.79 rows=4 width=1172)
   Index Cond: (user_id = 25422)
[0m
  [4;36;1mSQL (159.3ms)[0m   [0;1mSELECT count(*) AS count_all FROM "impressions" WHERE ("impressions".listing_id = 113113) [0m
  [4;35;1mAnalyzing  Execution Time: 0.159511

[0m   [0mAggregate  (cost=12714.08..12714.09 rows=1 width=0)
   ->  Seq Scan on impressions  (cost=0.00..12714.00 rows=31 width=0)
         Filter: (listing_id = 113113)
[0m
  [4;36;1mSQL (8.5ms)[0m   [0;1mSELECT count(*) AS count_all FROM "clicks" WHERE ("clicks".listing_id = 113113) [0m
  [4;35;1mAnalyzing  Execution Time: 0.008815

[0m   [0mAggregate  (cost=814.47..814.48 rows=1 width=0)
   ->  Seq Scan on clicks  (cost=0.00..814.46 rows=2 width=0)
         Filter: (listing_id = 113113)
[0m
  [4;36;1mSQL (2.2ms)[0m   [0;1mSELECT count(*) AS count_all FROM "listings" WHERE ("listings".user_id = 25421) [0m
  [4;35;1mAnalyzing  Execution Time: 0.003267

[0m   [0mAggregate  (cost=1615.81..1615.82 rows=1 width=0)
   ->  Index Scan using index_listings_on_id_and_user_id_and_title on listings  (cost=0.00..1615.79 rows=4 width=0)
         Index Cond: (user_id = 25421)
[0m
  [4;36;1mListing Load (3.0ms)[0m   [0;1mSELECT * FROM "listings" WHERE ("listings".user_id = 25421) [0m
  [4;35;1mAnalyzing Listing Load Execution Time: 0.003818

[0m   [0mIndex Scan using index_listings_on_id_and_user_id_and_title on listings  (cost=0.00..1615.79 rows=4 width=1172)
   Index Cond: (user_id = 25421)
[0m
  [4;36;1mSQL (156.3ms)[0m   [0;1mSELECT count(*) AS count_all FROM "impressions" WHERE ("impressions".listing_id = 113112) [0m
  [4;35;1mAnalyzing  Execution Time: 0.156568

[0m   [0mAggregate  (cost=12714.08..12714.09 rows=1 width=0)
   ->  Seq Scan on impressions  (cost=0.00..12714.00 rows=31 width=0)
         Filter: (listing_id = 113112)
[0m
  [4;36;1mSQL (9.2ms)[0m   [0;1mSELECT count(*) AS count_all FROM "clicks" WHERE ("clicks".listing_id = 113112) [0m
  [4;35;1mAnalyzing  Execution Time: 0.009498

[0m   [0mAggregate  (cost=814.47..814.48 rows=1 width=0)
   ->  Seq Scan on clicks  (cost=0.00..814.46 rows=2 width=0)
         Filter: (listing_id = 113112)
[0m
  [4;36;1mSQL (2.2ms)[0m   [0;1mSELECT count(*) AS count_all FROM "listings" WHERE ("listings".user_id = 25420) [0m
  [4;35;1mAnalyzing  Execution Time: 0.002431

[0m   [0mAggregate  (cost=1615.81..1615.82 rows=1 width=0)
   ->  Index Scan using index_listings_on_id_and_user_id_and_title on listings  (cost=0.00..1615.79 rows=4 width=0)
         Index Cond: (user_id = 25420)
[0m
  [4;36;1mListing Load (2.0ms)[0m   [0;1mSELECT * FROM "listings" WHERE ("listings".user_id = 25420) [0m
  [4;35;1mAnalyzing Listing Load Execution Time: 0.00267

[0m   [0mIndex Scan using index_listings_on_id_and_user_id_and_title on listings  (cost=0.00..1615.79 rows=4 width=1172)
   Index Cond: (user_id = 25420)
[0m
  [4;36;1mSQL (159.1ms)[0m   [0;1mSELECT count(*) AS count_all FROM "impressions" WHERE ("impressions".listing_id = 113111) [0m
  [4;35;1mAnalyzing  Execution Time: 0.15933

[0m   [0mAggregate  (cost=12714.08..12714.09 rows=1 width=0)
   ->  Seq Scan on impressions  (cost=0.00..12714.00 rows=31 width=0)
         Filter: (listing_id = 113111)
[0m
  [4;36;1mSQL (8.8ms)[0m   [0;1mSELECT count(*) AS count_all FROM "clicks" WHERE ("clicks".listing_id = 113111) [0m
  [4;35;1mAnalyzing  Execution Time: 0.009019

[0m   [0mAggregate  (cost=814.47..814.48 rows=1 width=0)
   ->  Seq Scan on clicks  (cost=0.00..814.46 rows=2 width=0)
         Filter: (listing_id = 113111)
[0m
  [4;36;1mSQL (2.5ms)[0m   [0;1mSELECT count(*) AS count_all FROM "listings" WHERE ("listings".user_id = 25419) [0m
  [4;35;1mAnalyzing  Execution Time: 0.002859

[0m   [0mAggregate  (cost=1615.81..1615.82 rows=1 width=0)
   ->  Index Scan using index_listings_on_id_and_user_id_and_title on listings  (cost=0.00..1615.79 rows=4 width=0)
         Index Cond: (user_id = 25419)
[0m
  [4;36;1mListing Load (2.6ms)[0m   [0;1mSELECT * FROM "listings" WHERE ("listings".user_id = 25419) [0m
  [4;35;1mAnalyzing Listing Load Execution Time: 0.003394

[0m   [0mIndex Scan using index_listings_on_id_and_user_id_and_title on listings  (cost=0.00..1615.79 rows=4 width=1172)
   Index Cond: (user_id = 25419)
[0m
  [4;36;1mSQL (219.9ms)[0m   [0;1mSELECT count(*) AS count_all FROM "impressions" WHERE ("impressions".listing_id = 113110) [0m
  [4;35;1mAnalyzing  Execution Time: 0.220178

[0m   [0mAggregate  (cost=12714.08..12714.09 rows=1 width=0)
   ->  Seq Scan on impressions  (cost=0.00..12714.00 rows=31 width=0)
         Filter: (listing_id = 113110)
[0m
  [4;36;1mSQL (26.1ms)[0m   [0;1mSELECT count(*) AS count_all FROM "clicks" WHERE ("clicks".listing_id = 113110) [0m
  [4;35;1mAnalyzing  Execution Time: 0.026394

[0m   [0mAggregate  (cost=814.47..814.48 rows=1 width=0)
   ->  Seq Scan on clicks  (cost=0.00..814.46 rows=2 width=0)
         Filter: (listing_id = 113110)
[0m
  [4;36;1mSQL (2.6ms)[0m   [0;1mSELECT count(*) AS count_all FROM "listings" WHERE ("listings".user_id = 25418) [0m
  [4;35;1mAnalyzing  Execution Time: 0.002887

[0m   [0mAggregate  (cost=1615.81..1615.82 rows=1 width=0)
   ->  Index Scan using index_listings_on_id_and_user_id_and_title on listings  (cost=0.00..1615.79 rows=4 width=0)
         Index Cond: (user_id = 25418)
[0m
  [4;36;1mListing Load (2.2ms)[0m   [0;1mSELECT * FROM "listings" WHERE ("listings".user_id = 25418) [0m
  [4;35;1mAnalyzing Listing Load Execution Time: 0.002879

[0m   [0mIndex Scan using index_listings_on_id_and_user_id_and_title on listings  (cost=0.00..1615.79 rows=4 width=1172)
   Index Cond: (user_id = 25418)
[0m
  [4;36;1mSQL (218.7ms)[0m   [0;1mSELECT count(*) AS count_all FROM "impressions" WHERE ("impressions".listing_id = 113109) [0m
  [4;35;1mAnalyzing  Execution Time: 0.218992

[0m   [0mAggregate  (cost=12714.08..12714.09 rows=1 width=0)
   ->  Seq Scan on impressions  (cost=0.00..12714.00 rows=31 width=0)
         Filter: (listing_id = 113109)
[0m
  [4;36;1mSQL (8.9ms)[0m   [0;1mSELECT count(*) AS count_all FROM "clicks" WHERE ("clicks".listing_id = 113109) [0m
  [4;35;1mAnalyzing  Execution Time: 0.009244

[0m   [0mAggregate  (cost=814.47..814.48 rows=1 width=0)
   ->  Seq Scan on clicks  (cost=0.00..814.46 rows=2 width=0)
         Filter: (listing_id = 113109)
[0m
  [4;36;1mSQL (3.0ms)[0m   [0;1mSELECT count(*) AS count_all FROM "listings" WHERE ("listings".user_id = 25417) [0m
  [4;35;1mAnalyzing  Execution Time: 0.003256

[0m   [0mAggregate  (cost=1615.81..1615.82 rows=1 width=0)
   ->  Index Scan using index_listings_on_id_and_user_id_and_title on listings  (cost=0.00..1615.79 rows=4 width=0)
         Index Cond: (user_id = 25417)
[0m
  [4;36;1mListing Load (2.2ms)[0m   [0;1mSELECT * FROM "listings" WHERE ("listings".user_id = 25417) [0m
  [4;35;1mAnalyzing Listing Load Execution Time: 0.002906

[0m   [0mIndex Scan using index_listings_on_id_and_user_id_and_title on listings  (cost=0.00..1615.79 rows=4 width=1172)
   Index Cond: (user_id = 25417)
[0m
  [4;36;1mSQL (152.0ms)[0m   [0;1mSELECT count(*) AS count_all FROM "impressions" WHERE ("impressions".listing_id = 113108) [0m
  [4;35;1mAnalyzing  Execution Time: 0.152271

[0m   [0mAggregate  (cost=12714.08..12714.09 rows=1 width=0)
   ->  Seq Scan on impressions  (cost=0.00..12714.00 rows=31 width=0)
         Filter: (listing_id = 113108)
[0m
  [4;36;1mSQL (9.9ms)[0m   [0;1mSELECT count(*) AS count_all FROM "clicks" WHERE ("clicks".listing_id = 113108) [0m
  [4;35;1mAnalyzing  Execution Time: 0.010198

[0m   [0mAggregate  (cost=814.47..814.48 rows=1 width=0)
   ->  Seq Scan on clicks  (cost=0.00..814.46 rows=2 width=0)
         Filter: (listing_id = 113108)
[0m
  [4;36;1mSQL (2.0ms)[0m   [0;1mSELECT count(*) AS count_all FROM "listings" WHERE ("listings".user_id = 25416) [0m
  [4;35;1mAnalyzing  Execution Time: 0.002261

[0m   [0mAggregate  (cost=1615.81..1615.82 rows=1 width=0)
   ->  Index Scan using index_listings_on_id_and_user_id_and_title on listings  (cost=0.00..1615.79 rows=4 width=0)
         Index Cond: (user_id = 25416)
[0m
  [4;36;1mListing Load (2.0ms)[0m   [0;1mSELECT * FROM "listings" WHERE ("listings".user_id = 25416) [0m
  [4;35;1mAnalyzing Listing Load Execution Time: 0.002733

[0m   [0mIndex Scan using index_listings_on_id_and_user_id_and_title on listings  (cost=0.00..1615.79 rows=4 width=1172)
   Index Cond: (user_id = 25416)
[0m
  [4;36;1mSQL (153.9ms)[0m   [0;1mSELECT count(*) AS count_all FROM "impressions" WHERE ("impressions".listing_id = 113107) [0m
  [4;35;1mAnalyzing  Execution Time: 0.154187

[0m   [0mAggregate  (cost=12714.08..12714.09 rows=1 width=0)
   ->  Seq Scan on impressions  (cost=0.00..12714.00 rows=31 width=0)
         Filter: (listing_id = 113107)
[0m
  [4;36;1mSQL (9.1ms)[0m   [0;1mSELECT count(*) AS count_all FROM "clicks" WHERE ("clicks".listing_id = 113107) [0m
  [4;35;1mAnalyzing  Execution Time: 0.009378

[0m   [0mAggregate  (cost=814.47..814.48 rows=1 width=0)
   ->  Seq Scan on clicks  (cost=0.00..814.46 rows=2 width=0)
         Filter: (listing_id = 113107)
[0m
  [4;36;1mSQL (2.1ms)[0m   [0;1mSELECT count(*) AS count_all FROM "listings" WHERE ("listings".user_id = 25415) [0m
  [4;35;1mAnalyzing  Execution Time: 0.002424

[0m   [0mAggregate  (cost=1615.81..1615.82 rows=1 width=0)
   ->  Index Scan using index_listings_on_id_and_user_id_and_title on listings  (cost=0.00..1615.79 rows=4 width=0)
         Index Cond: (user_id = 25415)
[0m
  [4;36;1mListing Load (2.6ms)[0m   [0;1mSELECT * FROM "listings" WHERE ("listings".user_id = 25415) [0m
  [4;35;1mAnalyzing Listing Load Execution Time: 0.003338

[0m   [0mIndex Scan using index_listings_on_id_and_user_id_and_title on listings  (cost=0.00..1615.79 rows=4 width=1172)
   Index Cond: (user_id = 25415)
[0m
  [4;36;1mSQL (153.0ms)[0m   [0;1mSELECT count(*) AS count_all FROM "impressions" WHERE ("impressions".listing_id = 113106) [0m
  [4;35;1mAnalyzing  Execution Time: 0.15322

[0m   [0mAggregate  (cost=12714.08..12714.09 rows=1 width=0)
   ->  Seq Scan on impressions  (cost=0.00..12714.00 rows=31 width=0)
         Filter: (listing_id = 113106)
[0m
  [4;36;1mSQL (9.6ms)[0m   [0;1mSELECT count(*) AS count_all FROM "clicks" WHERE ("clicks".listing_id = 113106) [0m
  [4;35;1mAnalyzing  Execution Time: 0.009863

[0m   [0mAggregate  (cost=814.47..814.48 rows=1 width=0)
   ->  Seq Scan on clicks  (cost=0.00..814.46 rows=2 width=0)
         Filter: (listing_id = 113106)
[0m
  [4;36;1mSQL (2.2ms)[0m   [0;1mSELECT count(*) AS count_all FROM "listings" WHERE ("listings".user_id = 25414) [0m
  [4;35;1mAnalyzing  Execution Time: 0.002477

[0m   [0mAggregate  (cost=1615.81..1615.82 rows=1 width=0)
   ->  Index Scan using index_listings_on_id_and_user_id_and_title on listings  (cost=0.00..1615.79 rows=4 width=0)
         Index Cond: (user_id = 25414)
[0m
  [4;36;1mListing Load (2.8ms)[0m   [0;1mSELECT * FROM "listings" WHERE ("listings".user_id = 25414) [0m
  [4;35;1mAnalyzing Listing Load Execution Time: 0.003493

[0m   [0mIndex Scan using index_listings_on_id_and_user_id_and_title on listings  (cost=0.00..1615.79 rows=4 width=1172)
   Index Cond: (user_id = 25414)
[0m
  [4;36;1mSQL (151.8ms)[0m   [0;1mSELECT count(*) AS count_all FROM "impressions" WHERE ("impressions".listing_id = 113105) [0m
  [4;35;1mAnalyzing  Execution Time: 0.152043

[0m   [0mAggregate  (cost=12714.08..12714.09 rows=1 width=0)
   ->  Seq Scan on impressions  (cost=0.00..12714.00 rows=31 width=0)
         Filter: (listing_id = 113105)
[0m
  [4;36;1mSQL (9.7ms)[0m   [0;1mSELECT count(*) AS count_all FROM "clicks" WHERE ("clicks".listing_id = 113105) [0m
  [4;35;1mAnalyzing  Execution Time: 0.010012

[0m   [0mAggregate  (cost=814.47..814.48 rows=1 width=0)
   ->  Seq Scan on clicks  (cost=0.00..814.46 rows=2 width=0)
         Filter: (listing_id = 113105)
[0m
  [4;36;1mSQL (2.1ms)[0m   [0;1mSELECT count(*) AS count_all FROM "listings" WHERE ("listings".user_id = 25411) [0m
  [4;35;1mAnalyzing  Execution Time: 0.002383

[0m   [0mAggregate  (cost=1615.81..1615.82 rows=1 width=0)
   ->  Index Scan using index_listings_on_id_and_user_id_and_title on listings  (cost=0.00..1615.79 rows=4 width=0)
         Index Cond: (user_id = 25411)
[0m
  [4;36;1mListing Load (2.1ms)[0m   [0;1mSELECT * FROM "listings" WHERE ("listings".user_id = 25411) [0m
  [4;35;1mAnalyzing Listing Load Execution Time: 0.002777

[0m   [0mIndex Scan using index_listings_on_id_and_user_id_and_title on listings  (cost=0.00..1615.79 rows=4 width=1172)
   Index Cond: (user_id = 25411)
[0m
  [4;36;1mSQL (151.0ms)[0m   [0;1mSELECT count(*) AS count_all FROM "impressions" WHERE ("impressions".listing_id = 113103) [0m
  [4;35;1mAnalyzing  Execution Time: 0.151252

[0m   [0mAggregate  (cost=12714.08..12714.09 rows=1 width=0)
   ->  Seq Scan on impressions  (cost=0.00..12714.00 rows=31 width=0)
         Filter: (listing_id = 113103)
[0m
  [4;36;1mSQL (10.4ms)[0m   [0;1mSELECT count(*) AS count_all FROM "clicks" WHERE ("clicks".listing_id = 113103) [0m
  [4;35;1mAnalyzing  Execution Time: 0.01072

[0m   [0mAggregate  (cost=814.47..814.48 rows=1 width=0)
   ->  Seq Scan on clicks  (cost=0.00..814.46 rows=2 width=0)
         Filter: (listing_id = 113103)
[0m
  [4;36;1mSQL (2.1ms)[0m   [0;1mSELECT count(*) AS count_all FROM "listings" WHERE ("listings".user_id = 25410) [0m
  [4;35;1mAnalyzing  Execution Time: 0.002313

[0m   [0mAggregate  (cost=1615.81..1615.82 rows=1 width=0)
   ->  Index Scan using index_listings_on_id_and_user_id_and_title on listings  (cost=0.00..1615.79 rows=4 width=0)
         Index Cond: (user_id = 25410)
[0m
  [4;36;1mListing Load (2.0ms)[0m   [0;1mSELECT * FROM "listings" WHERE ("listings".user_id = 25410) [0m
  [4;35;1mAnalyzing Listing Load Execution Time: 0.002701

[0m   [0mIndex Scan using index_listings_on_id_and_user_id_and_title on listings  (cost=0.00..1615.79 rows=4 width=1172)
   Index Cond: (user_id = 25410)
[0m
  [4;36;1mSQL (151.9ms)[0m   [0;1mSELECT count(*) AS count_all FROM "impressions" WHERE ("impressions".listing_id = 85168) [0m
  [4;35;1mAnalyzing  Execution Time: 0.152201

[0m   [0mAggregate  (cost=12714.08..12714.09 rows=1 width=0)
   ->  Seq Scan on impressions  (cost=0.00..12714.00 rows=31 width=0)
         Filter: (listing_id = 85168)
[0m
  [4;36;1mSQL (8.5ms)[0m   [0;1mSELECT count(*) AS count_all FROM "clicks" WHERE ("clicks".listing_id = 85168) [0m
  [4;35;1mAnalyzing  Execution Time: 0.008725

[0m   [0mAggregate  (cost=814.47..814.48 rows=1 width=0)
   ->  Seq Scan on clicks  (cost=0.00..814.46 rows=2 width=0)
         Filter: (listing_id = 85168)
[0m
  [4;36;1mSQL (2.9ms)[0m   [0;1mSELECT count(*) AS count_all FROM "listings" WHERE ("listings".user_id = 25409) [0m
  [4;35;1mAnalyzing  Execution Time: 0.003142

[0m   [0mAggregate  (cost=1615.81..1615.82 rows=1 width=0)
   ->  Index Scan using index_listings_on_id_and_user_id_and_title on listings  (cost=0.00..1615.79 rows=4 width=0)
         Index Cond: (user_id = 25409)
[0m
  [4;36;1mListing Load (2.2ms)[0m   [0;1mSELECT * FROM "listings" WHERE ("listings".user_id = 25409) [0m
  [4;35;1mAnalyzing Listing Load Execution Time: 0.002979

[0m   [0mIndex Scan using index_listings_on_id_and_user_id_and_title on listings  (cost=0.00..1615.79 rows=4 width=1172)
   Index Cond: (user_id = 25409)
[0m
  [4;36;1mSQL (151.0ms)[0m   [0;1mSELECT count(*) AS count_all FROM "impressions" WHERE ("impressions".listing_id = 81725) [0m
  [4;35;1mAnalyzing  Execution Time: 0.151267

[0m   [0mAggregate  (cost=12714.08..12714.09 rows=1 width=0)
   ->  Seq Scan on impressions  (cost=0.00..12714.00 rows=31 width=0)
         Filter: (listing_id = 81725)
[0m
  [4;36;1mSQL (8.7ms)[0m   [0;1mSELECT count(*) AS count_all FROM "clicks" WHERE ("clicks".listing_id = 81725) [0m
  [4;35;1mAnalyzing  Execution Time: 0.009019

[0m   [0mAggregate  (cost=814.47..814.48 rows=1 width=0)
   ->  Seq Scan on clicks  (cost=0.00..814.46 rows=2 width=0)
         Filter: (listing_id = 81725)
[0m
  [4;36;1mSQL (2.1ms)[0m   [0;1mSELECT count(*) AS count_all FROM "listings" WHERE ("listings".user_id = 25407) [0m
  [4;35;1mAnalyzing  Execution Time: 0.002379

[0m   [0mAggregate  (cost=1615.81..1615.82 rows=1 width=0)
   ->  Index Scan using index_listings_on_id_and_user_id_and_title on listings  (cost=0.00..1615.79 rows=4 width=0)
         Index Cond: (user_id = 25407)
[0m
  [4;36;1mListing Load (2.3ms)[0m   [0;1mSELECT * FROM "listings" WHERE ("listings".user_id = 25407) [0m
  [4;35;1mAnalyzing Listing Load Execution Time: 0.003114

[0m   [0mIndex Scan using index_listings_on_id_and_user_id_and_title on listings  (cost=0.00..1615.79 rows=4 width=1172)
   Index Cond: (user_id = 25407)
[0m
  [4;36;1mSQL (159.9ms)[0m   [0;1mSELECT count(*) AS count_all FROM "impressions" WHERE ("impressions".listing_id = 113101) [0m
  [4;35;1mAnalyzing  Execution Time: 0.16012

[0m   [0mAggregate  (cost=12714.08..12714.09 rows=1 width=0)
   ->  Seq Scan on impressions  (cost=0.00..12714.00 rows=31 width=0)
         Filter: (listing_id = 113101)
[0m
  [4;36;1mSQL (8.9ms)[0m   [0;1mSELECT count(*) AS count_all FROM "clicks" WHERE ("clicks".listing_id = 113101) [0m
  [4;35;1mAnalyzing  Execution Time: 0.009179

[0m   [0mAggregate  (cost=814.47..814.48 rows=1 width=0)
   ->  Seq Scan on clicks  (cost=0.00..814.46 rows=2 width=0)
         Filter: (listing_id = 113101)
[0m
  [4;36;1mSQL (1.9ms)[0m   [0;1mSELECT count(*) AS count_all FROM "listings" WHERE ("listings".user_id = 25405) [0m
  [4;35;1mAnalyzing  Execution Time: 0.002167

[0m   [0mAggregate  (cost=1615.81..1615.82 rows=1 width=0)
   ->  Index Scan using index_listings_on_id_and_user_id_and_title on listings  (cost=0.00..1615.79 rows=4 width=0)
         Index Cond: (user_id = 25405)
[0m
  [4;36;1mListing Load (2.0ms)[0m   [0;1mSELECT * FROM "listings" WHERE ("listings".user_id = 25405) [0m
  [4;35;1mAnalyzing Listing Load Execution Time: 0.002699

[0m   [0mIndex Scan using index_listings_on_id_and_user_id_and_title on listings  (cost=0.00..1615.79 rows=4 width=1172)
   Index Cond: (user_id = 25405)
[0m
  [4;36;1mSQL (153.6ms)[0m   [0;1mSELECT count(*) AS count_all FROM "impressions" WHERE ("impressions".listing_id = 113099) [0m
  [4;35;1mAnalyzing  Execution Time: 0.153872

[0m   [0mAggregate  (cost=12714.08..12714.09 rows=1 width=0)
   ->  Seq Scan on impressions  (cost=0.00..12714.00 rows=31 width=0)
         Filter: (listing_id = 113099)
[0m
  [4;36;1mSQL (9.1ms)[0m   [0;1mSELECT count(*) AS count_all FROM "clicks" WHERE ("clicks".listing_id = 113099) [0m
  [4;35;1mAnalyzing  Execution Time: 0.009334

[0m   [0mAggregate  (cost=814.47..814.48 rows=1 width=0)
   ->  Seq Scan on clicks  (cost=0.00..814.46 rows=2 width=0)
         Filter: (listing_id = 113099)
[0m
  [4;36;1mSQL (2.3ms)[0m   [0;1mSELECT count(*) AS count_all FROM "listings" WHERE ("listings".user_id = 25404) [0m
  [4;35;1mAnalyzing  Execution Time: 0.002624

[0m   [0mAggregate  (cost=1615.81..1615.82 rows=1 width=0)
   ->  Index Scan using index_listings_on_id_and_user_id_and_title on listings  (cost=0.00..1615.79 rows=4 width=0)
         Index Cond: (user_id = 25404)
[0m
  [4;36;1mListing Load (2.7ms)[0m   [0;1mSELECT * FROM "listings" WHERE ("listings".user_id = 25404) [0m
  [4;35;1mAnalyzing Listing Load Execution Time: 0.003437

[0m   [0mIndex Scan using index_listings_on_id_and_user_id_and_title on listings  (cost=0.00..1615.79 rows=4 width=1172)
   Index Cond: (user_id = 25404)
[0m
  [4;36;1mSQL (142.2ms)[0m   [0;1mSELECT count(*) AS count_all FROM "impressions" WHERE ("impressions".listing_id = 113098) [0m
  [4;35;1mAnalyzing  Execution Time: 0.14249

[0m   [0mAggregate  (cost=12714.08..12714.09 rows=1 width=0)
   ->  Seq Scan on impressions  (cost=0.00..12714.00 rows=31 width=0)
         Filter: (listing_id = 113098)
[0m
  [4;36;1mSQL (8.5ms)[0m   [0;1mSELECT count(*) AS count_all FROM "clicks" WHERE ("clicks".listing_id = 113098) [0m
  [4;35;1mAnalyzing  Execution Time: 0.008765

[0m   [0mAggregate  (cost=814.47..814.48 rows=1 width=0)
   ->  Seq Scan on clicks  (cost=0.00..814.46 rows=2 width=0)
         Filter: (listing_id = 113098)
[0m
  [4;36;1mSQL (2.7ms)[0m   [0;1mSELECT count(*) AS count_all FROM "listings" WHERE ("listings".user_id = 25402) [0m
  [4;35;1mAnalyzing  Execution Time: 0.002948

[0m   [0mAggregate  (cost=1615.81..1615.82 rows=1 width=0)
   ->  Index Scan using index_listings_on_id_and_user_id_and_title on listings  (cost=0.00..1615.79 rows=4 width=0)
         Index Cond: (user_id = 25402)
[0m
  [4;36;1mListing Load (2.5ms)[0m   [0;1mSELECT * FROM "listings" WHERE ("listings".user_id = 25402) [0m
  [4;35;1mAnalyzing Listing Load Execution Time: 0.003184

[0m   [0mIndex Scan using index_listings_on_id_and_user_id_and_title on listings  (cost=0.00..1615.79 rows=4 width=1172)
   Index Cond: (user_id = 25402)
[0m
  [4;36;1mSQL (151.3ms)[0m   [0;1mSELECT count(*) AS count_all FROM "impressions" WHERE ("impressions".listing_id = 76909) [0m
  [4;35;1mAnalyzing  Execution Time: 0.151598

[0m   [0mAggregate  (cost=12714.08..12714.09 rows=1 width=0)
   ->  Seq Scan on impressions  (cost=0.00..12714.00 rows=31 width=0)
         Filter: (listing_id = 76909)
[0m
  [4;36;1mSQL (10.4ms)[0m   [0;1mSELECT count(*) AS count_all FROM "clicks" WHERE ("clicks".listing_id = 76909) [0m
  [4;35;1mAnalyzing  Execution Time: 0.010667

[0m   [0mAggregate  (cost=814.47..814.48 rows=1 width=0)
   ->  Seq Scan on clicks  (cost=0.00..814.46 rows=2 width=0)
         Filter: (listing_id = 76909)
[0m
  [4;36;1mSQL (2.4ms)[0m   [0;1mSELECT count(*) AS count_all FROM "listings" WHERE ("listings".user_id = 25401) [0m
  [4;35;1mAnalyzing  Execution Time: 0.00266

[0m   [0mAggregate  (cost=1615.81..1615.82 rows=1 width=0)
   ->  Index Scan using index_listings_on_id_and_user_id_and_title on listings  (cost=0.00..1615.79 rows=4 width=0)
         Index Cond: (user_id = 25401)
[0m
  [4;36;1mListing Load (2.1ms)[0m   [0;1mSELECT * FROM "listings" WHERE ("listings".user_id = 25401) [0m
  [4;35;1mAnalyzing Listing Load Execution Time: 0.002836

[0m   [0mIndex Scan using index_listings_on_id_and_user_id_and_title on listings  (cost=0.00..1615.79 rows=4 width=1172)
   Index Cond: (user_id = 25401)
[0m
  [4;36;1mSQL (203.6ms)[0m   [0;1mSELECT count(*) AS count_all FROM "impressions" WHERE ("impressions".listing_id = 77512) [0m
  [4;35;1mAnalyzing  Execution Time: 0.203898

[0m   [0mAggregate  (cost=12714.08..12714.09 rows=1 width=0)
   ->  Seq Scan on impressions  (cost=0.00..12714.00 rows=31 width=0)
         Filter: (listing_id = 77512)
[0m
  [4;36;1mSQL (9.7ms)[0m   [0;1mSELECT count(*) AS count_all FROM "clicks" WHERE ("clicks".listing_id = 77512) [0m
  [4;35;1mAnalyzing  Execution Time: 0.009949

[0m   [0mAggregate  (cost=814.47..814.48 rows=1 width=0)
   ->  Seq Scan on clicks  (cost=0.00..814.46 rows=2 width=0)
         Filter: (listing_id = 77512)
[0m
  [4;36;1mSQL (2.8ms)[0m   [0;1mSELECT count(*) AS count_all FROM "listings" WHERE ("listings".user_id = 25399) [0m
  [4;35;1mAnalyzing  Execution Time: 0.003118

[0m   [0mAggregate  (cost=1615.81..1615.82 rows=1 width=0)
   ->  Index Scan using index_listings_on_id_and_user_id_and_title on listings  (cost=0.00..1615.79 rows=4 width=0)
         Index Cond: (user_id = 25399)
[0m
  [4;36;1mListing Load (2.3ms)[0m   [0;1mSELECT * FROM "listings" WHERE ("listings".user_id = 25399) [0m
  [4;35;1mAnalyzing Listing Load Execution Time: 0.003018

[0m   [0mIndex Scan using index_listings_on_id_and_user_id_and_title on listings  (cost=0.00..1615.79 rows=4 width=1172)
   Index Cond: (user_id = 25399)
[0m
  [4;36;1mSQL (150.9ms)[0m   [0;1mSELECT count(*) AS count_all FROM "impressions" WHERE ("impressions".listing_id = 103616) [0m
  [4;35;1mAnalyzing  Execution Time: 0.151218

[0m   [0mAggregate  (cost=12714.08..12714.09 rows=1 width=0)
   ->  Seq Scan on impressions  (cost=0.00..12714.00 rows=31 width=0)
         Filter: (listing_id = 103616)
[0m
  [4;36;1mSQL (10.3ms)[0m   [0;1mSELECT count(*) AS count_all FROM "clicks" WHERE ("clicks".listing_id = 103616) [0m
  [4;35;1mAnalyzing  Execution Time: 0.010705

[0m   [0mAggregate  (cost=814.47..814.48 rows=1 width=0)
   ->  Seq Scan on clicks  (cost=0.00..814.46 rows=2 width=0)
         Filter: (listing_id = 103616)
[0m
  [4;36;1mSQL (2.2ms)[0m   [0;1mSELECT count(*) AS count_all FROM "listings" WHERE ("listings".user_id = 25398) [0m
  [4;35;1mAnalyzing  Execution Time: 0.002527

[0m   [0mAggregate  (cost=1615.81..1615.82 rows=1 width=0)
   ->  Index Scan using index_listings_on_id_and_user_id_and_title on listings  (cost=0.00..1615.79 rows=4 width=0)
         Index Cond: (user_id = 25398)
[0m
  [4;36;1mListing Load (5.5ms)[0m   [0;1mSELECT * FROM "listings" WHERE ("listings".user_id = 25398) [0m
  [4;35;1mAnalyzing Listing Load Execution Time: 0.011784

[0m   [0mIndex Scan using index_listings_on_id_and_user_id_and_title on listings  (cost=0.00..1615.79 rows=4 width=1172)
   Index Cond: (user_id = 25398)
[0m
  [4;36;1mSQL (148.9ms)[0m   [0;1mSELECT count(*) AS count_all FROM "impressions" WHERE ("impressions".listing_id = 67174) [0m
  [4;35;1mAnalyzing  Execution Time: 0.149177

[0m   [0mAggregate  (cost=12714.08..12714.09 rows=1 width=0)
   ->  Seq Scan on impressions  (cost=0.00..12714.00 rows=31 width=0)
         Filter: (listing_id = 67174)
[0m
  [4;36;1mSQL (149.6ms)[0m   [0;1mSELECT count(*) AS count_all FROM "impressions" WHERE ("impressions".listing_id = 67175) [0m
  [4;35;1mAnalyzing  Execution Time: 0.149906

[0m   [0mAggregate  (cost=12714.08..12714.09 rows=1 width=0)
   ->  Seq Scan on impressions  (cost=0.00..12714.00 rows=31 width=0)
         Filter: (listing_id = 67175)
[0m
  [4;36;1mSQL (144.9ms)[0m   [0;1mSELECT count(*) AS count_all FROM "impressions" WHERE ("impressions".listing_id = 68547) [0m
  [4;35;1mAnalyzing  Execution Time: 0.145193

[0m   [0mAggregate  (cost=12714.08..12714.09 rows=1 width=0)
   ->  Seq Scan on impressions  (cost=0.00..12714.00 rows=31 width=0)
         Filter: (listing_id = 68547)
[0m
  [4;36;1mSQL (163.8ms)[0m   [0;1mSELECT count(*) AS count_all FROM "impressions" WHERE ("impressions".listing_id = 70109) [0m
  [4;35;1mAnalyzing  Execution Time: 0.164112

[0m   [0mAggregate  (cost=12714.08..12714.09 rows=1 width=0)
   ->  Seq Scan on impressions  (cost=0.00..12714.00 rows=31 width=0)
         Filter: (listing_id = 70109)
[0m
  [4;36;1mSQL (173.1ms)[0m   [0;1mSELECT count(*) AS count_all FROM "impressions" WHERE ("impressions".listing_id = 76566) [0m
  [4;35;1mAnalyzing  Execution Time: 0.173457

[0m   [0mAggregate  (cost=12714.08..12714.09 rows=1 width=0)
   ->  Seq Scan on impressions  (cost=0.00..12714.00 rows=31 width=0)
         Filter: (listing_id = 76566)
[0m
  [4;36;1mSQL (177.4ms)[0m   [0;1mSELECT count(*) AS count_all FROM "impressions" WHERE ("impressions".listing_id = 82863) [0m
  [4;35;1mAnalyzing  Execution Time: 0.177734

[0m   [0mAggregate  (cost=12714.08..12714.09 rows=1 width=0)
   ->  Seq Scan on impressions  (cost=0.00..12714.00 rows=31 width=0)
         Filter: (listing_id = 82863)
[0m
  [4;36;1mSQL (158.8ms)[0m   [0;1mSELECT count(*) AS count_all FROM "impressions" WHERE ("impressions".listing_id = 82864) [0m
  [4;35;1mAnalyzing  Execution Time: 0.159065

[0m   [0mAggregate  (cost=12714.08..12714.09 rows=1 width=0)
   ->  Seq Scan on impressions  (cost=0.00..12714.00 rows=31 width=0)
         Filter: (listing_id = 82864)
[0m
  [4;36;1mSQL (151.9ms)[0m   [0;1mSELECT count(*) AS count_all FROM "impressions" WHERE ("impressions".listing_id = 82865) [0m
  [4;35;1mAnalyzing  Execution Time: 0.152134

[0m   [0mAggregate  (cost=12714.08..12714.09 rows=1 width=0)
   ->  Seq Scan on impressions  (cost=0.00..12714.00 rows=31 width=0)
         Filter: (listing_id = 82865)
[0m
  [4;36;1mSQL (157.5ms)[0m   [0;1mSELECT count(*) AS count_all FROM "impressions" WHERE ("impressions".listing_id = 82866) [0m
  [4;35;1mAnalyzing  Execution Time: 0.157761

[0m   [0mAggregate  (cost=12714.08..12714.09 rows=1 width=0)
   ->  Seq Scan on impressions  (cost=0.00..12714.00 rows=31 width=0)
         Filter: (listing_id = 82866)
[0m
  [4;36;1mSQL (160.8ms)[0m   [0;1mSELECT count(*) AS count_all FROM "impressions" WHERE ("impressions".listing_id = 82867) [0m
  [4;35;1mAnalyzing  Execution Time: 0.161036

[0m   [0mAggregate  (cost=12714.08..12714.09 rows=1 width=0)
   ->  Seq Scan on impressions  (cost=0.00..12714.00 rows=31 width=0)
         Filter: (listing_id = 82867)
[0m
  [4;36;1mSQL (141.7ms)[0m   [0;1mSELECT count(*) AS count_all FROM "impressions" WHERE ("impressions".listing_id = 82868) [0m
  [4;35;1mAnalyzing  Execution Time: 0.141961

[0m   [0mAggregate  (cost=12714.08..12714.09 rows=1 width=0)
   ->  Seq Scan on impressions  (cost=0.00..12714.00 rows=31 width=0)
         Filter: (listing_id = 82868)
[0m
  [4;36;1mSQL (152.8ms)[0m   [0;1mSELECT count(*) AS count_all FROM "impressions" WHERE ("impressions".listing_id = 82869) [0m
  [4;35;1mAnalyzing  Execution Time: 0.153105

[0m   [0mAggregate  (cost=12714.08..12714.09 rows=1 width=0)
   ->  Seq Scan on impressions  (cost=0.00..12714.00 rows=31 width=0)
         Filter: (listing_id = 82869)
[0m
  [4;36;1mSQL (146.7ms)[0m   [0;1mSELECT count(*) AS count_all FROM "impressions" WHERE ("impressions".listing_id = 82870) [0m
  [4;35;1mAnalyzing  Execution Time: 0.147115

[0m   [0mAggregate  (cost=12714.08..12714.09 rows=1 width=0)
   ->  Seq Scan on impressions  (cost=0.00..12714.00 rows=31 width=0)
         Filter: (listing_id = 82870)
[0m
  [4;36;1mSQL (153.8ms)[0m   [0;1mSELECT count(*) AS count_all FROM "impressions" WHERE ("impressions".listing_id = 82871) [0m
  [4;35;1mAnalyzing  Execution Time: 0.154026

[0m   [0mAggregate  (cost=12714.08..12714.09 rows=1 width=0)
   ->  Seq Scan on impressions  (cost=0.00..12714.00 rows=31 width=0)
         Filter: (listing_id = 82871)
[0m
  [4;36;1mSQL (302.1ms)[0m   [0;1mSELECT count(*) AS count_all FROM "impressions" WHERE ("impressions".listing_id = 83600) [0m
  [4;35;1mAnalyzing  Execution Time: 0.302345

[0m   [0mAggregate  (cost=12714.08..12714.09 rows=1 width=0)
   ->  Seq Scan on impressions  (cost=0.00..12714.00 rows=31 width=0)
         Filter: (listing_id = 83600)
[0m
  [4;36;1mSQL (15.2ms)[0m   [0;1mSELECT count(*) AS count_all FROM "clicks" WHERE ("clicks".listing_id = 67174) [0m
  [4;35;1mAnalyzing  Execution Time: 0.015473

[0m   [0mAggregate  (cost=814.47..814.48 rows=1 width=0)
   ->  Seq Scan on clicks  (cost=0.00..814.46 rows=2 width=0)
         Filter: (listing_id = 67174)
[0m
  [4;36;1mSQL (9.5ms)[0m   [0;1mSELECT count(*) AS count_all FROM "clicks" WHERE ("clicks".listing_id = 67175) [0m
  [4;35;1mAnalyzing  Execution Time: 0.009804

[0m   [0mAggregate  (cost=814.47..814.48 rows=1 width=0)
   ->  Seq Scan on clicks  (cost=0.00..814.46 rows=2 width=0)
         Filter: (listing_id = 67175)
[0m
  [4;36;1mSQL (8.4ms)[0m   [0;1mSELECT count(*) AS count_all FROM "clicks" WHERE ("clicks".listing_id = 68547) [0m
  [4;35;1mAnalyzing  Execution Time: 0.008668

[0m   [0mAggregate  (cost=814.47..814.48 rows=1 width=0)
   ->  Seq Scan on clicks  (cost=0.00..814.46 rows=2 width=0)
         Filter: (listing_id = 68547)
[0m
  [4;36;1mSQL (10.8ms)[0m   [0;1mSELECT count(*) AS count_all FROM "clicks" WHERE ("clicks".listing_id = 70109) [0m
  [4;35;1mAnalyzing  Execution Time: 0.011036

[0m   [0mAggregate  (cost=814.47..814.48 rows=1 width=0)
   ->  Seq Scan on clicks  (cost=0.00..814.46 rows=2 width=0)
         Filter: (listing_id = 70109)
[0m
  [4;36;1mSQL (9.6ms)[0m   [0;1mSELECT count(*) AS count_all FROM "clicks" WHERE ("clicks".listing_id = 76566) [0m
  [4;35;1mAnalyzing  Execution Time: 0.009876

[0m   [0mAggregate  (cost=814.47..814.48 rows=1 width=0)
   ->  Seq Scan on clicks  (cost=0.00..814.46 rows=2 width=0)
         Filter: (listing_id = 76566)
[0m
  [4;36;1mSQL (9.1ms)[0m   [0;1mSELECT count(*) AS count_all FROM "clicks" WHERE ("clicks".listing_id = 82863) [0m
  [4;35;1mAnalyzing  Execution Time: 0.009369

[0m   [0mAggregate  (cost=814.47..814.48 rows=1 width=0)
   ->  Seq Scan on clicks  (cost=0.00..814.46 rows=2 width=0)
         Filter: (listing_id = 82863)
[0m
  [4;36;1mSQL (14.6ms)[0m   [0;1mSELECT count(*) AS count_all FROM "clicks" WHERE ("clicks".listing_id = 82864) [0m
  [4;35;1mAnalyzing  Execution Time: 0.014883

[0m   [0mAggregate  (cost=814.47..814.48 rows=1 width=0)
   ->  Seq Scan on clicks  (cost=0.00..814.46 rows=2 width=0)
         Filter: (listing_id = 82864)
[0m
  [4;36;1mSQL (8.4ms)[0m   [0;1mSELECT count(*) AS count_all FROM "clicks" WHERE ("clicks".listing_id = 82865) [0m
  [4;35;1mAnalyzing  Execution Time: 0.008668

[0m   [0mAggregate  (cost=814.47..814.48 rows=1 width=0)
   ->  Seq Scan on clicks  (cost=0.00..814.46 rows=2 width=0)
         Filter: (listing_id = 82865)
[0m
  [4;36;1mSQL (9.6ms)[0m   [0;1mSELECT count(*) AS count_all FROM "clicks" WHERE ("clicks".listing_id = 82866) [0m
  [4;35;1mAnalyzing  Execution Time: 0.009921

[0m   [0mAggregate  (cost=814.47..814.48 rows=1 width=0)
   ->  Seq Scan on clicks  (cost=0.00..814.46 rows=2 width=0)
         Filter: (listing_id = 82866)
[0m
  [4;36;1mSQL (9.4ms)[0m   [0;1mSELECT count(*) AS count_all FROM "clicks" WHERE ("clicks".listing_id = 82867) [0m
  [4;35;1mAnalyzing  Execution Time: 0.009689

[0m   [0mAggregate  (cost=814.47..814.48 rows=1 width=0)
   ->  Seq Scan on clicks  (cost=0.00..814.46 rows=2 width=0)
         Filter: (listing_id = 82867)
[0m
  [4;36;1mSQL (8.5ms)[0m   [0;1mSELECT count(*) AS count_all FROM "clicks" WHERE ("clicks".listing_id = 82868) [0m
  [4;35;1mAnalyzing  Execution Time: 0.008719

[0m   [0mAggregate  (cost=814.47..814.48 rows=1 width=0)
   ->  Seq Scan on clicks  (cost=0.00..814.46 rows=2 width=0)
         Filter: (listing_id = 82868)
[0m
  [4;36;1mSQL (11.1ms)[0m   [0;1mSELECT count(*) AS count_all FROM "clicks" WHERE ("clicks".listing_id = 82869) [0m
  [4;35;1mAnalyzing  Execution Time: 0.011403

[0m   [0mAggregate  (cost=814.47..814.48 rows=1 width=0)
   ->  Seq Scan on clicks  (cost=0.00..814.46 rows=2 width=0)
         Filter: (listing_id = 82869)
[0m
  [4;36;1mSQL (9.2ms)[0m   [0;1mSELECT count(*) AS count_all FROM "clicks" WHERE ("clicks".listing_id = 82870) [0m
  [4;35;1mAnalyzing  Execution Time: 0.009411

[0m   [0mAggregate  (cost=814.47..814.48 rows=1 width=0)
   ->  Seq Scan on clicks  (cost=0.00..814.46 rows=2 width=0)
         Filter: (listing_id = 82870)
[0m
  [4;36;1mSQL (8.3ms)[0m   [0;1mSELECT count(*) AS count_all FROM "clicks" WHERE ("clicks".listing_id = 82871) [0m
  [4;35;1mAnalyzing  Execution Time: 0.008578

[0m   [0mAggregate  (cost=814.47..814.48 rows=1 width=0)
   ->  Seq Scan on clicks  (cost=0.00..814.46 rows=2 width=0)
         Filter: (listing_id = 82871)
[0m
  [4;36;1mSQL (15.0ms)[0m   [0;1mSELECT count(*) AS count_all FROM "clicks" WHERE ("clicks".listing_id = 83600) [0m
  [4;35;1mAnalyzing  Execution Time: 0.015279

[0m   [0mAggregate  (cost=814.47..814.48 rows=1 width=0)
   ->  Seq Scan on clicks  (cost=0.00..814.46 rows=2 width=0)
         Filter: (listing_id = 83600)
[0m
  [4;36;1mSQL (4.4ms)[0m   [0;1mSELECT count(*) AS count_all FROM "listings" WHERE ("listings".user_id = 25397) [0m
  [4;35;1mAnalyzing  Execution Time: 0.004657

[0m   [0mAggregate  (cost=1615.81..1615.82 rows=1 width=0)
   ->  Index Scan using index_listings_on_id_and_user_id_and_title on listings  (cost=0.00..1615.79 rows=4 width=0)
         Index Cond: (user_id = 25397)
[0m
  [4;36;1mListing Load (2.0ms)[0m   [0;1mSELECT * FROM "listings" WHERE ("listings".user_id = 25397) [0m
  [4;35;1mAnalyzing Listing Load Execution Time: 0.002699

[0m   [0mIndex Scan using index_listings_on_id_and_user_id_and_title on listings  (cost=0.00..1615.79 rows=4 width=1172)
   Index Cond: (user_id = 25397)
[0m
  [4;36;1mSQL (158.0ms)[0m   [0;1mSELECT count(*) AS count_all FROM "impressions" WHERE ("impressions".listing_id = 96211) [0m
  [4;35;1mAnalyzing  Execution Time: 0.158253

[0m   [0mAggregate  (cost=12714.08..12714.09 rows=1 width=0)
   ->  Seq Scan on impressions  (cost=0.00..12714.00 rows=31 width=0)
         Filter: (listing_id = 96211)
[0m
  [4;36;1mSQL (8.8ms)[0m   [0;1mSELECT count(*) AS count_all FROM "clicks" WHERE ("clicks".listing_id = 96211) [0m
  [4;35;1mAnalyzing  Execution Time: 0.00909

[0m   [0mAggregate  (cost=814.47..814.48 rows=1 width=0)
   ->  Seq Scan on clicks  (cost=0.00..814.46 rows=2 width=0)
         Filter: (listing_id = 96211)
[0m
  [4;36;1mSQL (2.1ms)[0m   [0;1mSELECT count(*) AS count_all FROM "listings" WHERE ("listings".user_id = 25396) [0m
  [4;35;1mAnalyzing  Execution Time: 0.002419

[0m   [0mAggregate  (cost=1615.81..1615.82 rows=1 width=0)
   ->  Index Scan using index_listings_on_id_and_user_id_and_title on listings  (cost=0.00..1615.79 rows=4 width=0)
         Index Cond: (user_id = 25396)
[0m
  [4;36;1mListing Load (6.8ms)[0m   [0;1mSELECT * FROM "listings" WHERE ("listings".user_id = 25396) [0m
  [4;35;1mAnalyzing Listing Load Execution Time: 0.00757

[0m   [0mIndex Scan using index_listings_on_id_and_user_id_and_title on listings  (cost=0.00..1615.79 rows=4 width=1172)
   Index Cond: (user_id = 25396)
[0m
  [4;36;1mSQL (153.8ms)[0m   [0;1mSELECT count(*) AS count_all FROM "impressions" WHERE ("impressions".listing_id = 81927) [0m
  [4;35;1mAnalyzing  Execution Time: 0.154135

[0m   [0mAggregate  (cost=12714.08..12714.09 rows=1 width=0)
   ->  Seq Scan on impressions  (cost=0.00..12714.00 rows=31 width=0)
         Filter: (listing_id = 81927)
[0m
  [4;36;1mSQL (11.3ms)[0m   [0;1mSELECT count(*) AS count_all FROM "clicks" WHERE ("clicks".listing_id = 81927) [0m
  [4;35;1mAnalyzing  Execution Time: 0.011609

[0m   [0mAggregate  (cost=814.47..814.48 rows=1 width=0)
   ->  Seq Scan on clicks  (cost=0.00..814.46 rows=2 width=0)
         Filter: (listing_id = 81927)
[0m
  [4;36;1mSQL (2.2ms)[0m   [0;1mSELECT count(*) AS count_all FROM "listings" WHERE ("listings".user_id = 25395) [0m
  [4;35;1mAnalyzing  Execution Time: 0.002493

[0m   [0mAggregate  (cost=1615.81..1615.82 rows=1 width=0)
   ->  Index Scan using index_listings_on_id_and_user_id_and_title on listings  (cost=0.00..1615.79 rows=4 width=0)
         Index Cond: (user_id = 25395)
[0m
  [4;36;1mListing Load (2.1ms)[0m   [0;1mSELECT * FROM "listings" WHERE ("listings".user_id = 25395) [0m
  [4;35;1mAnalyzing Listing Load Execution Time: 0.002778

[0m   [0mIndex Scan using index_listings_on_id_and_user_id_and_title on listings  (cost=0.00..1615.79 rows=4 width=1172)
   Index Cond: (user_id = 25395)
[0m
  [4;36;1mSQL (156.4ms)[0m   [0;1mSELECT count(*) AS count_all FROM "impressions" WHERE ("impressions".listing_id = 66688) [0m
  [4;35;1mAnalyzing  Execution Time: 0.156626

[0m   [0mAggregate  (cost=12714.08..12714.09 rows=1 width=0)
   ->  Seq Scan on impressions  (cost=0.00..12714.00 rows=31 width=0)
         Filter: (listing_id = 66688)
[0m
  [4;36;1mSQL (8.6ms)[0m   [0;1mSELECT count(*) AS count_all FROM "clicks" WHERE ("clicks".listing_id = 66688) [0m
  [4;35;1mAnalyzing  Execution Time: 0.008812

[0m   [0mAggregate  (cost=814.47..814.48 rows=1 width=0)
   ->  Seq Scan on clicks  (cost=0.00..814.46 rows=2 width=0)
         Filter: (listing_id = 66688)
[0m
  [4;36;1mSQL (2.0ms)[0m   [0;1mSELECT count(*) AS count_all FROM "listings" WHERE ("listings".user_id = 25394) [0m
  [4;35;1mAnalyzing  Execution Time: 0.002253

[0m   [0mAggregate  (cost=1615.81..1615.82 rows=1 width=0)
   ->  Index Scan using index_listings_on_id_and_user_id_and_title on listings  (cost=0.00..1615.79 rows=4 width=0)
         Index Cond: (user_id = 25394)
[0m
  [4;36;1mListing Load (2.7ms)[0m   [0;1mSELECT * FROM "listings" WHERE ("listings".user_id = 25394) [0m
  [4;35;1mAnalyzing Listing Load Execution Time: 0.003417

[0m   [0mIndex Scan using index_listings_on_id_and_user_id_and_title on listings  (cost=0.00..1615.79 rows=4 width=1172)
   Index Cond: (user_id = 25394)
[0m
  [4;36;1mSQL (161.4ms)[0m   [0;1mSELECT count(*) AS count_all FROM "impressions" WHERE ("impressions".listing_id = 75643) [0m
  [4;35;1mAnalyzing  Execution Time: 0.16169

[0m   [0mAggregate  (cost=12714.08..12714.09 rows=1 width=0)
   ->  Seq Scan on impressions  (cost=0.00..12714.00 rows=31 width=0)
         Filter: (listing_id = 75643)
[0m
  [4;36;1mSQL (10.5ms)[0m   [0;1mSELECT count(*) AS count_all FROM "clicks" WHERE ("clicks".listing_id = 75643) [0m
  [4;35;1mAnalyzing  Execution Time: 0.010828

[0m   [0mAggregate  (cost=814.47..814.48 rows=1 width=0)
   ->  Seq Scan on clicks  (cost=0.00..814.46 rows=2 width=0)
         Filter: (listing_id = 75643)
[0m
  [4;36;1mSQL (2.1ms)[0m   [0;1mSELECT count(*) AS count_all FROM "listings" WHERE ("listings".user_id = 25392) [0m
  [4;35;1mAnalyzing  Execution Time: 0.002385

[0m   [0mAggregate  (cost=1615.81..1615.82 rows=1 width=0)
   ->  Index Scan using index_listings_on_id_and_user_id_and_title on listings  (cost=0.00..1615.79 rows=4 width=0)
         Index Cond: (user_id = 25392)
[0m
  [4;36;1mListing Load (1.9ms)[0m   [0;1mSELECT * FROM "listings" WHERE ("listings".user_id = 25392) [0m
  [4;35;1mAnalyzing Listing Load Execution Time: 0.002641

[0m   [0mIndex Scan using index_listings_on_id_and_user_id_and_title on listings  (cost=0.00..1615.79 rows=4 width=1172)
   Index Cond: (user_id = 25392)
[0m
  [4;36;1mSQL (153.8ms)[0m   [0;1mSELECT count(*) AS count_all FROM "impressions" WHERE ("impressions".listing_id = 113092) [0m
  [4;35;1mAnalyzing  Execution Time: 0.154119

[0m   [0mAggregate  (cost=12714.08..12714.09 rows=1 width=0)
   ->  Seq Scan on impressions  (cost=0.00..12714.00 rows=31 width=0)
         Filter: (listing_id = 113092)
[0m
  [4;36;1mSQL (10.1ms)[0m   [0;1mSELECT count(*) AS count_all FROM "clicks" WHERE ("clicks".listing_id = 113092) [0m
  [4;35;1mAnalyzing  Execution Time: 0.010321

[0m   [0mAggregate  (cost=814.47..814.48 rows=1 width=0)
   ->  Seq Scan on clicks  (cost=0.00..814.46 rows=2 width=0)
         Filter: (listing_id = 113092)
[0m
  [4;36;1mSQL (2.0ms)[0m   [0;1mSELECT count(*) AS count_all FROM "listings" WHERE ("listings".user_id = 25391) [0m
  [4;35;1mAnalyzing  Execution Time: 0.002306

[0m   [0mAggregate  (cost=1615.81..1615.82 rows=1 width=0)
   ->  Index Scan using index_listings_on_id_and_user_id_and_title on listings  (cost=0.00..1615.79 rows=4 width=0)
         Index Cond: (user_id = 25391)
[0m
  [4;36;1mListing Load (3.2ms)[0m   [0;1mSELECT * FROM "listings" WHERE ("listings".user_id = 25391) [0m
  [4;35;1mAnalyzing Listing Load Execution Time: 0.006429

[0m   [0mIndex Scan using index_listings_on_id_and_user_id_and_title on listings  (cost=0.00..1615.79 rows=4 width=1172)
   Index Cond: (user_id = 25391)
[0m
  [4;36;1mSQL (158.5ms)[0m   [0;1mSELECT count(*) AS count_all FROM "impressions" WHERE ("impressions".listing_id = 68233) [0m
  [4;35;1mAnalyzing  Execution Time: 0.158744

[0m   [0mAggregate  (cost=12714.08..12714.09 rows=1 width=0)
   ->  Seq Scan on impressions  (cost=0.00..12714.00 rows=31 width=0)
         Filter: (listing_id = 68233)
[0m
  [4;36;1mSQL (170.8ms)[0m   [0;1mSELECT count(*) AS count_all FROM "impressions" WHERE ("impressions".listing_id = 72354) [0m
  [4;35;1mAnalyzing  Execution Time: 0.171057

[0m   [0mAggregate  (cost=12714.08..12714.09 rows=1 width=0)
   ->  Seq Scan on impressions  (cost=0.00..12714.00 rows=31 width=0)
         Filter: (listing_id = 72354)
[0m
  [4;36;1mSQL (158.3ms)[0m   [0;1mSELECT count(*) AS count_all FROM "impressions" WHERE ("impressions".listing_id = 72355) [0m
  [4;35;1mAnalyzing  Execution Time: 0.158607

[0m   [0mAggregate  (cost=12714.08..12714.09 rows=1 width=0)
   ->  Seq Scan on impressions  (cost=0.00..12714.00 rows=31 width=0)
         Filter: (listing_id = 72355)
[0m
  [4;36;1mSQL (167.9ms)[0m   [0;1mSELECT count(*) AS count_all FROM "impressions" WHERE ("impressions".listing_id = 77203) [0m
  [4;35;1mAnalyzing  Execution Time: 0.168154

[0m   [0mAggregate  (cost=12714.08..12714.09 rows=1 width=0)
   ->  Seq Scan on impressions  (cost=0.00..12714.00 rows=31 width=0)
         Filter: (listing_id = 77203)
[0m
  [4;36;1mSQL (157.5ms)[0m   [0;1mSELECT count(*) AS count_all FROM "impressions" WHERE ("impressions".listing_id = 80552) [0m
  [4;35;1mAnalyzing  Execution Time: 0.15782

[0m   [0mAggregate  (cost=12714.08..12714.09 rows=1 width=0)
   ->  Seq Scan on impressions  (cost=0.00..12714.00 rows=31 width=0)
         Filter: (listing_id = 80552)
[0m
  [4;36;1mSQL (10.2ms)[0m   [0;1mSELECT count(*) AS count_all FROM "clicks" WHERE ("clicks".listing_id = 68233) [0m
  [4;35;1mAnalyzing  Execution Time: 0.010533

[0m   [0mAggregate  (cost=814.47..814.48 rows=1 width=0)
   ->  Seq Scan on clicks  (cost=0.00..814.46 rows=2 width=0)
         Filter: (listing_id = 68233)
[0m
  [4;36;1mSQL (8.8ms)[0m   [0;1mSELECT count(*) AS count_all FROM "clicks" WHERE ("clicks".listing_id = 72354) [0m
  [4;35;1mAnalyzing  Execution Time: 0.009101

[0m   [0mAggregate  (cost=814.47..814.48 rows=1 width=0)
   ->  Seq Scan on clicks  (cost=0.00..814.46 rows=2 width=0)
         Filter: (listing_id = 72354)
[0m
  [4;36;1mSQL (8.5ms)[0m   [0;1mSELECT count(*) AS count_all FROM "clicks" WHERE ("clicks".listing_id = 72355) [0m
  [4;35;1mAnalyzing  Execution Time: 0.008773

[0m   [0mAggregate  (cost=814.47..814.48 rows=1 width=0)
   ->  Seq Scan on clicks  (cost=0.00..814.46 rows=2 width=0)
         Filter: (listing_id = 72355)
[0m
  [4;36;1mSQL (9.9ms)[0m   [0;1mSELECT count(*) AS count_all FROM "clicks" WHERE ("clicks".listing_id = 77203) [0m
  [4;35;1mAnalyzing  Execution Time: 0.010201

[0m   [0mAggregate  (cost=814.47..814.48 rows=1 width=0)
   ->  Seq Scan on clicks  (cost=0.00..814.46 rows=2 width=0)
         Filter: (listing_id = 77203)
[0m
  [4;36;1mSQL (10.5ms)[0m   [0;1mSELECT count(*) AS count_all FROM "clicks" WHERE ("clicks".listing_id = 80552) [0m
  [4;35;1mAnalyzing  Execution Time: 0.010772

[0m   [0mAggregate  (cost=814.47..814.48 rows=1 width=0)
   ->  Seq Scan on clicks  (cost=0.00..814.46 rows=2 width=0)
         Filter: (listing_id = 80552)
[0m
  [4;36;1mSQL (2.2ms)[0m   [0;1mSELECT count(*) AS count_all FROM "listings" WHERE ("listings".user_id = 25390) [0m
  [4;35;1mAnalyzing  Execution Time: 0.00246

[0m   [0mAggregate  (cost=1615.81..1615.82 rows=1 width=0)
   ->  Index Scan using index_listings_on_id_and_user_id_and_title on listings  (cost=0.00..1615.79 rows=4 width=0)
         Index Cond: (user_id = 25390)
[0m
  [4;36;1mListing Load (2.7ms)[0m   [0;1mSELECT * FROM "listings" WHERE ("listings".user_id = 25390) [0m
  [4;35;1mAnalyzing Listing Load Execution Time: 0.003593

[0m   [0mIndex Scan using index_listings_on_id_and_user_id_and_title on listings  (cost=0.00..1615.79 rows=4 width=1172)
   Index Cond: (user_id = 25390)
[0m
  [4;36;1mSQL (186.8ms)[0m   [0;1mSELECT count(*) AS count_all FROM "impressions" WHERE ("impressions".listing_id = 101070) [0m
  [4;35;1mAnalyzing  Execution Time: 0.187067

[0m   [0mAggregate  (cost=12714.08..12714.09 rows=1 width=0)
   ->  Seq Scan on impressions  (cost=0.00..12714.00 rows=31 width=0)
         Filter: (listing_id = 101070)
[0m
  [4;36;1mSQL (10.3ms)[0m   [0;1mSELECT count(*) AS count_all FROM "clicks" WHERE ("clicks".listing_id = 101070) [0m
  [4;35;1mAnalyzing  Execution Time: 0.010623

[0m   [0mAggregate  (cost=814.47..814.48 rows=1 width=0)
   ->  Seq Scan on clicks  (cost=0.00..814.46 rows=2 width=0)
         Filter: (listing_id = 101070)
[0m
  [4;36;1mSQL (2.3ms)[0m   [0;1mSELECT count(*) AS count_all FROM "listings" WHERE ("listings".user_id = 25389) [0m
  [4;35;1mAnalyzing  Execution Time: 0.002537

[0m   [0mAggregate  (cost=1615.81..1615.82 rows=1 width=0)
   ->  Index Scan using index_listings_on_id_and_user_id_and_title on listings  (cost=0.00..1615.79 rows=4 width=0)
         Index Cond: (user_id = 25389)
[0m
  [4;36;1mListing Load (2.5ms)[0m   [0;1mSELECT * FROM "listings" WHERE ("listings".user_id = 25389) [0m
  [4;35;1mAnalyzing Listing Load Execution Time: 0.003185

[0m   [0mIndex Scan using index_listings_on_id_and_user_id_and_title on listings  (cost=0.00..1615.79 rows=4 width=1172)
   Index Cond: (user_id = 25389)
[0m
  [4;36;1mSQL (163.3ms)[0m   [0;1mSELECT count(*) AS count_all FROM "impressions" WHERE ("impressions".listing_id = 113090) [0m
  [4;35;1mAnalyzing  Execution Time: 0.163546

[0m   [0mAggregate  (cost=12714.08..12714.09 rows=1 width=0)
   ->  Seq Scan on impressions  (cost=0.00..12714.00 rows=31 width=0)
         Filter: (listing_id = 113090)
[0m
  [4;36;1mSQL (8.6ms)[0m   [0;1mSELECT count(*) AS count_all FROM "clicks" WHERE ("clicks".listing_id = 113090) [0m
  [4;35;1mAnalyzing  Execution Time: 0.008816

[0m   [0mAggregate  (cost=814.47..814.48 rows=1 width=0)
   ->  Seq Scan on clicks  (cost=0.00..814.46 rows=2 width=0)
         Filter: (listing_id = 113090)
[0m
  [4;36;1mSQL (2.0ms)[0m   [0;1mSELECT count(*) AS count_all FROM "listings" WHERE ("listings".user_id = 25388) [0m
  [4;35;1mAnalyzing  Execution Time: 0.002264

[0m   [0mAggregate  (cost=1615.81..1615.82 rows=1 width=0)
   ->  Index Scan using index_listings_on_id_and_user_id_and_title on listings  (cost=0.00..1615.79 rows=4 width=0)
         Index Cond: (user_id = 25388)
[0m
  [4;36;1mListing Load (2.2ms)[0m   [0;1mSELECT * FROM "listings" WHERE ("listings".user_id = 25388) [0m
  [4;35;1mAnalyzing Listing Load Execution Time: 0.002994

[0m   [0mIndex Scan using index_listings_on_id_and_user_id_and_title on listings  (cost=0.00..1615.79 rows=4 width=1172)
   Index Cond: (user_id = 25388)
[0m
  [4;36;1mSQL (149.8ms)[0m   [0;1mSELECT count(*) AS count_all FROM "impressions" WHERE ("impressions".listing_id = 81747) [0m
  [4;35;1mAnalyzing  Execution Time: 0.150079

[0m   [0mAggregate  (cost=12714.08..12714.09 rows=1 width=0)
   ->  Seq Scan on impressions  (cost=0.00..12714.00 rows=31 width=0)
         Filter: (listing_id = 81747)
[0m
  [4;36;1mSQL (8.6ms)[0m   [0;1mSELECT count(*) AS count_all FROM "clicks" WHERE ("clicks".listing_id = 81747) [0m
  [4;35;1mAnalyzing  Execution Time: 0.00887

[0m   [0mAggregate  (cost=814.47..814.48 rows=1 width=0)
   ->  Seq Scan on clicks  (cost=0.00..814.46 rows=2 width=0)
         Filter: (listing_id = 81747)
[0m
  [4;36;1mSQL (2.6ms)[0m   [0;1mSELECT count(*) AS count_all FROM "listings" WHERE ("listings".user_id = 25386) [0m
  [4;35;1mAnalyzing  Execution Time: 0.00291

[0m   [0mAggregate  (cost=1615.81..1615.82 rows=1 width=0)
   ->  Index Scan using index_listings_on_id_and_user_id_and_title on listings  (cost=0.00..1615.79 rows=4 width=0)
         Index Cond: (user_id = 25386)
[0m
  [4;36;1mListing Load (3.3ms)[0m   [0;1mSELECT * FROM "listings" WHERE ("listings".user_id = 25386) [0m
  [4;35;1mAnalyzing Listing Load Execution Time: 0.003976

[0m   [0mIndex Scan using index_listings_on_id_and_user_id_and_title on listings  (cost=0.00..1615.79 rows=4 width=1172)
   Index Cond: (user_id = 25386)
[0m
  [4;36;1mSQL (149.9ms)[0m   [0;1mSELECT count(*) AS count_all FROM "impressions" WHERE ("impressions".listing_id = 113089) [0m
  [4;35;1mAnalyzing  Execution Time: 0.150211

[0m   [0mAggregate  (cost=12714.08..12714.09 rows=1 width=0)
   ->  Seq Scan on impressions  (cost=0.00..12714.00 rows=31 width=0)
         Filter: (listing_id = 113089)
[0m
  [4;36;1mSQL (9.3ms)[0m   [0;1mSELECT count(*) AS count_all FROM "clicks" WHERE ("clicks".listing_id = 113089) [0m
  [4;35;1mAnalyzing  Execution Time: 0.009623

[0m   [0mAggregate  (cost=814.47..814.48 rows=1 width=0)
   ->  Seq Scan on clicks  (cost=0.00..814.46 rows=2 width=0)
         Filter: (listing_id = 113089)
[0m
  [4;36;1mSQL (1.9ms)[0m   [0;1mSELECT count(*) AS count_all FROM "listings" WHERE ("listings".user_id = 25385) [0m
  [4;35;1mAnalyzing  Execution Time: 0.002196

[0m   [0mAggregate  (cost=1615.81..1615.82 rows=1 width=0)
   ->  Index Scan using index_listings_on_id_and_user_id_and_title on listings  (cost=0.00..1615.79 rows=4 width=0)
         Index Cond: (user_id = 25385)
[0m
  [4;36;1mListing Load (2.2ms)[0m   [0;1mSELECT * FROM "listings" WHERE ("listings".user_id = 25385) [0m
  [4;35;1mAnalyzing Listing Load Execution Time: 0.002952

[0m   [0mIndex Scan using index_listings_on_id_and_user_id_and_title on listings  (cost=0.00..1615.79 rows=4 width=1172)
   Index Cond: (user_id = 25385)
[0m
  [4;36;1mSQL (151.0ms)[0m   [0;1mSELECT count(*) AS count_all FROM "impressions" WHERE ("impressions".listing_id = 113088) [0m
  [4;35;1mAnalyzing  Execution Time: 0.151284

[0m   [0mAggregate  (cost=12714.08..12714.09 rows=1 width=0)
   ->  Seq Scan on impressions  (cost=0.00..12714.00 rows=31 width=0)
         Filter: (listing_id = 113088)
[0m
  [4;36;1mSQL (8.9ms)[0m   [0;1mSELECT count(*) AS count_all FROM "clicks" WHERE ("clicks".listing_id = 113088) [0m
  [4;35;1mAnalyzing  Execution Time: 0.009127

[0m   [0mAggregate  (cost=814.47..814.48 rows=1 width=0)
   ->  Seq Scan on clicks  (cost=0.00..814.46 rows=2 width=0)
         Filter: (listing_id = 113088)
[0m
  [4;36;1mSQL (2.1ms)[0m   [0;1mSELECT count(*) AS count_all FROM "listings" WHERE ("listings".user_id = 25383) [0m
  [4;35;1mAnalyzing  Execution Time: 0.002314

[0m   [0mAggregate  (cost=1615.81..1615.82 rows=1 width=0)
   ->  Index Scan using index_listings_on_id_and_user_id_and_title on listings  (cost=0.00..1615.79 rows=4 width=0)
         Index Cond: (user_id = 25383)
[0m
  [4;36;1mListing Load (1.9ms)[0m   [0;1mSELECT * FROM "listings" WHERE ("listings".user_id = 25383) [0m
  [4;35;1mAnalyzing Listing Load Execution Time: 0.002613

[0m   [0mIndex Scan using index_listings_on_id_and_user_id_and_title on listings  (cost=0.00..1615.79 rows=4 width=1172)
   Index Cond: (user_id = 25383)
[0m
  [4;36;1mSQL (155.4ms)[0m   [0;1mSELECT count(*) AS count_all FROM "impressions" WHERE ("impressions".listing_id = 102221) [0m
  [4;35;1mAnalyzing  Execution Time: 0.155695

[0m   [0mAggregate  (cost=12714.08..12714.09 rows=1 width=0)
   ->  Seq Scan on impressions  (cost=0.00..12714.00 rows=31 width=0)
         Filter: (listing_id = 102221)
[0m
  [4;36;1mSQL (8.5ms)[0m   [0;1mSELECT count(*) AS count_all FROM "clicks" WHERE ("clicks".listing_id = 102221) [0m
  [4;35;1mAnalyzing  Execution Time: 0.008734

[0m   [0mAggregate  (cost=814.47..814.48 rows=1 width=0)
   ->  Seq Scan on clicks  (cost=0.00..814.46 rows=2 width=0)
         Filter: (listing_id = 102221)
[0m
  [4;36;1mSQL (2.6ms)[0m   [0;1mSELECT count(*) AS count_all FROM "listings" WHERE ("listings".user_id = 25382) [0m
  [4;35;1mAnalyzing  Execution Time: 0.002856

[0m   [0mAggregate  (cost=1615.81..1615.82 rows=1 width=0)
   ->  Index Scan using index_listings_on_id_and_user_id_and_title on listings  (cost=0.00..1615.79 rows=4 width=0)
         Index Cond: (user_id = 25382)
[0m
  [4;36;1mListing Load (2.9ms)[0m   [0;1mSELECT * FROM "listings" WHERE ("listings".user_id = 25382) [0m
  [4;35;1mAnalyzing Listing Load Execution Time: 0.003601

[0m   [0mIndex Scan using index_listings_on_id_and_user_id_and_title on listings  (cost=0.00..1615.79 rows=4 width=1172)
   Index Cond: (user_id = 25382)
[0m
  [4;36;1mSQL (148.5ms)[0m   [0;1mSELECT count(*) AS count_all FROM "impressions" WHERE ("impressions".listing_id = 75075) [0m
  [4;35;1mAnalyzing  Execution Time: 0.1488

[0m   [0mAggregate  (cost=12714.08..12714.09 rows=1 width=0)
   ->  Seq Scan on impressions  (cost=0.00..12714.00 rows=31 width=0)
         Filter: (listing_id = 75075)
[0m
  [4;36;1mSQL (10.9ms)[0m   [0;1mSELECT count(*) AS count_all FROM "clicks" WHERE ("clicks".listing_id = 75075) [0m
  [4;35;1mAnalyzing  Execution Time: 0.011195

[0m   [0mAggregate  (cost=814.47..814.48 rows=1 width=0)
   ->  Seq Scan on clicks  (cost=0.00..814.46 rows=2 width=0)
         Filter: (listing_id = 75075)
[0m
  [4;36;1mSQL (2.2ms)[0m   [0;1mSELECT count(*) AS count_all FROM "listings" WHERE ("listings".user_id = 25381) [0m
  [4;35;1mAnalyzing  Execution Time: 0.002525

[0m   [0mAggregate  (cost=1615.81..1615.82 rows=1 width=0)
   ->  Index Scan using index_listings_on_id_and_user_id_and_title on listings  (cost=0.00..1615.79 rows=4 width=0)
         Index Cond: (user_id = 25381)
[0m
  [4;36;1mListing Load (2.0ms)[0m   [0;1mSELECT * FROM "listings" WHERE ("listings".user_id = 25381) [0m
  [4;35;1mAnalyzing Listing Load Execution Time: 0.002739

[0m   [0mIndex Scan using index_listings_on_id_and_user_id_and_title on listings  (cost=0.00..1615.79 rows=4 width=1172)
   Index Cond: (user_id = 25381)
[0m
  [4;36;1mSQL (144.7ms)[0m   [0;1mSELECT count(*) AS count_all FROM "impressions" WHERE ("impressions".listing_id = 113086) [0m
  [4;35;1mAnalyzing  Execution Time: 0.144976

[0m   [0mAggregate  (cost=12714.08..12714.09 rows=1 width=0)
   ->  Seq Scan on impressions  (cost=0.00..12714.00 rows=31 width=0)
         Filter: (listing_id = 113086)
[0m
  [4;36;1mSQL (9.7ms)[0m   [0;1mSELECT count(*) AS count_all FROM "clicks" WHERE ("clicks".listing_id = 113086) [0m
  [4;35;1mAnalyzing  Execution Time: 0.009925

[0m   [0mAggregate  (cost=814.47..814.48 rows=1 width=0)
   ->  Seq Scan on clicks  (cost=0.00..814.46 rows=2 width=0)
         Filter: (listing_id = 113086)
[0m
  [4;36;1mSQL (2.0ms)[0m   [0;1mSELECT count(*) AS count_all FROM "listings" WHERE ("listings".user_id = 25380) [0m
  [4;35;1mAnalyzing  Execution Time: 0.002253

[0m   [0mAggregate  (cost=1615.81..1615.82 rows=1 width=0)
   ->  Index Scan using index_listings_on_id_and_user_id_and_title on listings  (cost=0.00..1615.79 rows=4 width=0)
         Index Cond: (user_id = 25380)
[0m
  [4;36;1mListing Load (1.9ms)[0m   [0;1mSELECT * FROM "listings" WHERE ("listings".user_id = 25380) [0m
  [4;35;1mAnalyzing Listing Load Execution Time: 0.002641

[0m   [0mIndex Scan using index_listings_on_id_and_user_id_and_title on listings  (cost=0.00..1615.79 rows=4 width=1172)
   Index Cond: (user_id = 25380)
[0m
  [4;36;1mSQL (159.4ms)[0m   [0;1mSELECT count(*) AS count_all FROM "impressions" WHERE ("impressions".listing_id = 78818) [0m
  [4;35;1mAnalyzing  Execution Time: 0.159667

[0m   [0mAggregate  (cost=12714.08..12714.09 rows=1 width=0)
   ->  Seq Scan on impressions  (cost=0.00..12714.00 rows=31 width=0)
         Filter: (listing_id = 78818)
[0m
  [4;36;1mSQL (8.4ms)[0m   [0;1mSELECT count(*) AS count_all FROM "clicks" WHERE ("clicks".listing_id = 78818) [0m
  [4;35;1mAnalyzing  Execution Time: 0.008682

[0m   [0mAggregate  (cost=814.47..814.48 rows=1 width=0)
   ->  Seq Scan on clicks  (cost=0.00..814.46 rows=2 width=0)
         Filter: (listing_id = 78818)
[0m
  [4;36;1mSQL (2.5ms)[0m   [0;1mSELECT count(*) AS count_all FROM "listings" WHERE ("listings".user_id = 25379) [0m
  [4;35;1mAnalyzing  Execution Time: 0.002814

[0m   [0mAggregate  (cost=1615.81..1615.82 rows=1 width=0)
   ->  Index Scan using index_listings_on_id_and_user_id_and_title on listings  (cost=0.00..1615.79 rows=4 width=0)
         Index Cond: (user_id = 25379)
[0m
  [4;36;1mListing Load (2.5ms)[0m   [0;1mSELECT * FROM "listings" WHERE ("listings".user_id = 25379) [0m
  [4;35;1mAnalyzing Listing Load Execution Time: 0.003179

[0m   [0mIndex Scan using index_listings_on_id_and_user_id_and_title on listings  (cost=0.00..1615.79 rows=4 width=1172)
   Index Cond: (user_id = 25379)
[0m
  [4;36;1mSQL (165.3ms)[0m   [0;1mSELECT count(*) AS count_all FROM "impressions" WHERE ("impressions".listing_id = 78660) [0m
  [4;35;1mAnalyzing  Execution Time: 0.165609

[0m   [0mAggregate  (cost=12714.08..12714.09 rows=1 width=0)
   ->  Seq Scan on impressions  (cost=0.00..12714.00 rows=31 width=0)
         Filter: (listing_id = 78660)
[0m
  [4;36;1mSQL (12.5ms)[0m   [0;1mSELECT count(*) AS count_all FROM "clicks" WHERE ("clicks".listing_id = 78660) [0m
  [4;35;1mAnalyzing  Execution Time: 0.012757

[0m   [0mAggregate  (cost=814.47..814.48 rows=1 width=0)
   ->  Seq Scan on clicks  (cost=0.00..814.46 rows=2 width=0)
         Filter: (listing_id = 78660)
[0m
  [4;36;1mSQL (2.2ms)[0m   [0;1mSELECT count(*) AS count_all FROM "listings" WHERE ("listings".user_id = 25378) [0m
  [4;35;1mAnalyzing  Execution Time: 0.002427

[0m   [0mAggregate  (cost=1615.81..1615.82 rows=1 width=0)
   ->  Index Scan using index_listings_on_id_and_user_id_and_title on listings  (cost=0.00..1615.79 rows=4 width=0)
         Index Cond: (user_id = 25378)
[0m
  [4;36;1mListing Load (2.6ms)[0m   [0;1mSELECT * FROM "listings" WHERE ("listings".user_id = 25378) [0m
  [4;35;1mAnalyzing Listing Load Execution Time: 0.003348

[0m   [0mIndex Scan using index_listings_on_id_and_user_id_and_title on listings  (cost=0.00..1615.79 rows=4 width=1172)
   Index Cond: (user_id = 25378)
[0m
  [4;36;1mSQL (168.4ms)[0m   [0;1mSELECT count(*) AS count_all FROM "impressions" WHERE ("impressions".listing_id = 103060) [0m
  [4;35;1mAnalyzing  Execution Time: 0.168729

[0m   [0mAggregate  (cost=12714.08..12714.09 rows=1 width=0)
   ->  Seq Scan on impressions  (cost=0.00..12714.00 rows=31 width=0)
         Filter: (listing_id = 103060)
[0m
  [4;36;1mSQL (9.4ms)[0m   [0;1mSELECT count(*) AS count_all FROM "clicks" WHERE ("clicks".listing_id = 103060) [0m
  [4;35;1mAnalyzing  Execution Time: 0.009694

[0m   [0mAggregate  (cost=814.47..814.48 rows=1 width=0)
   ->  Seq Scan on clicks  (cost=0.00..814.46 rows=2 width=0)
         Filter: (listing_id = 103060)
[0m
  [4;36;1mSQL (2.2ms)[0m   [0;1mSELECT count(*) AS count_all FROM "listings" WHERE ("listings".user_id = 25377) [0m
  [4;35;1mAnalyzing  Execution Time: 0.002488

[0m   [0mAggregate  (cost=1615.81..1615.82 rows=1 width=0)
   ->  Index Scan using index_listings_on_id_and_user_id_and_title on listings  (cost=0.00..1615.79 rows=4 width=0)
         Index Cond: (user_id = 25377)
[0m
  [4;36;1mListing Load (2.1ms)[0m   [0;1mSELECT * FROM "listings" WHERE ("listings".user_id = 25377) [0m
  [4;35;1mAnalyzing Listing Load Execution Time: 0.003742

[0m   [0mIndex Scan using index_listings_on_id_and_user_id_and_title on listings  (cost=0.00..1615.79 rows=4 width=1172)
   Index Cond: (user_id = 25377)
[0m
  [4;36;1mSQL (172.5ms)[0m   [0;1mSELECT count(*) AS count_all FROM "impressions" WHERE ("impressions".listing_id = 81962) [0m
  [4;35;1mAnalyzing  Execution Time: 0.172825

[0m   [0mAggregate  (cost=12714.08..12714.09 rows=1 width=0)
   ->  Seq Scan on impressions  (cost=0.00..12714.00 rows=31 width=0)
         Filter: (listing_id = 81962)
[0m
  [4;36;1mSQL (161.0ms)[0m   [0;1mSELECT count(*) AS count_all FROM "impressions" WHERE ("impressions".listing_id = 106011) [0m
  [4;35;1mAnalyzing  Execution Time: 0.161248

[0m   [0mAggregate  (cost=12714.08..12714.09 rows=1 width=0)
   ->  Seq Scan on impressions  (cost=0.00..12714.00 rows=31 width=0)
         Filter: (listing_id = 106011)
[0m
  [4;36;1mSQL (166.3ms)[0m   [0;1mSELECT count(*) AS count_all FROM "impressions" WHERE ("impressions".listing_id = 106193) [0m
  [4;35;1mAnalyzing  Execution Time: 0.166574

[0m   [0mAggregate  (cost=12714.08..12714.09 rows=1 width=0)
   ->  Seq Scan on impressions  (cost=0.00..12714.00 rows=31 width=0)
         Filter: (listing_id = 106193)
[0m
  [4;36;1mSQL (10.2ms)[0m   [0;1mSELECT count(*) AS count_all FROM "clicks" WHERE ("clicks".listing_id = 81962) [0m
  [4;35;1mAnalyzing  Execution Time: 0.0105

[0m   [0mAggregate  (cost=814.47..814.48 rows=1 width=0)
   ->  Seq Scan on clicks  (cost=0.00..814.46 rows=2 width=0)
         Filter: (listing_id = 81962)
[0m
  [4;36;1mSQL (8.8ms)[0m   [0;1mSELECT count(*) AS count_all FROM "clicks" WHERE ("clicks".listing_id = 106011) [0m
  [4;35;1mAnalyzing  Execution Time: 0.009056

[0m   [0mAggregate  (cost=814.47..814.48 rows=1 width=0)
   ->  Seq Scan on clicks  (cost=0.00..814.46 rows=2 width=0)
         Filter: (listing_id = 106011)
[0m
  [4;36;1mSQL (9.2ms)[0m   [0;1mSELECT count(*) AS count_all FROM "clicks" WHERE ("clicks".listing_id = 106193) [0m
  [4;35;1mAnalyzing  Execution Time: 0.009532

[0m   [0mAggregate  (cost=814.47..814.48 rows=1 width=0)
   ->  Seq Scan on clicks  (cost=0.00..814.46 rows=2 width=0)
         Filter: (listing_id = 106193)
[0m
  [4;36;1mSQL (2.3ms)[0m   [0;1mSELECT count(*) AS count_all FROM "listings" WHERE ("listings".user_id = 25376) [0m
  [4;35;1mAnalyzing  Execution Time: 0.002629

[0m   [0mAggregate  (cost=1615.81..1615.82 rows=1 width=0)
   ->  Index Scan using index_listings_on_id_and_user_id_and_title on listings  (cost=0.00..1615.79 rows=4 width=0)
         Index Cond: (user_id = 25376)
[0m
  [4;36;1mListing Load (2.6ms)[0m   [0;1mSELECT * FROM "listings" WHERE ("listings".user_id = 25376) [0m
  [4;35;1mAnalyzing Listing Load Execution Time: 0.005109

[0m   [0mIndex Scan using index_listings_on_id_and_user_id_and_title on listings  (cost=0.00..1615.79 rows=4 width=1172)
   Index Cond: (user_id = 25376)
[0m
  [4;36;1mSQL (149.6ms)[0m   [0;1mSELECT count(*) AS count_all FROM "impressions" WHERE ("impressions".listing_id = 68582) [0m
  [4;35;1mAnalyzing  Execution Time: 0.149871

[0m   [0mAggregate  (cost=12714.08..12714.09 rows=1 width=0)
   ->  Seq Scan on impressions  (cost=0.00..12714.00 rows=31 width=0)
         Filter: (listing_id = 68582)
[0m
  [4;36;1mSQL (152.7ms)[0m   [0;1mSELECT count(*) AS count_all FROM "impressions" WHERE ("impressions".listing_id = 83326) [0m
  [4;35;1mAnalyzing  Execution Time: 0.153025

[0m   [0mAggregate  (cost=12714.08..12714.09 rows=1 width=0)
   ->  Seq Scan on impressions  (cost=0.00..12714.00 rows=31 width=0)
         Filter: (listing_id = 83326)
[0m
  [4;36;1mSQL (170.1ms)[0m   [0;1mSELECT count(*) AS count_all FROM "impressions" WHERE ("impressions".listing_id = 83327) [0m
  [4;35;1mAnalyzing  Execution Time: 0.170354

[0m   [0mAggregate  (cost=12714.08..12714.09 rows=1 width=0)
   ->  Seq Scan on impressions  (cost=0.00..12714.00 rows=31 width=0)
         Filter: (listing_id = 83327)
[0m
  [4;36;1mSQL (159.3ms)[0m   [0;1mSELECT count(*) AS count_all FROM "impressions" WHERE ("impressions".listing_id = 83330) [0m
  [4;35;1mAnalyzing  Execution Time: 0.159567

[0m   [0mAggregate  (cost=12714.08..12714.09 rows=1 width=0)
   ->  Seq Scan on impressions  (cost=0.00..12714.00 rows=31 width=0)
         Filter: (listing_id = 83330)
[0m
  [4;36;1mSQL (9.2ms)[0m   [0;1mSELECT count(*) AS count_all FROM "clicks" WHERE ("clicks".listing_id = 68582) [0m
  [4;35;1mAnalyzing  Execution Time: 0.009443

[0m   [0mAggregate  (cost=814.47..814.48 rows=1 width=0)
   ->  Seq Scan on clicks  (cost=0.00..814.46 rows=2 width=0)
         Filter: (listing_id = 68582)
[0m
  [4;36;1mSQL (13.5ms)[0m   [0;1mSELECT count(*) AS count_all FROM "clicks" WHERE ("clicks".listing_id = 83326) [0m
  [4;35;1mAnalyzing  Execution Time: 0.013796

[0m   [0mAggregate  (cost=814.47..814.48 rows=1 width=0)
   ->  Seq Scan on clicks  (cost=0.00..814.46 rows=2 width=0)
         Filter: (listing_id = 83326)
[0m
  [4;36;1mSQL (8.7ms)[0m   [0;1mSELECT count(*) AS count_all FROM "clicks" WHERE ("clicks".listing_id = 83327) [0m
  [4;35;1mAnalyzing  Execution Time: 0.008915

[0m   [0mAggregate  (cost=814.47..814.48 rows=1 width=0)
   ->  Seq Scan on clicks  (cost=0.00..814.46 rows=2 width=0)
         Filter: (listing_id = 83327)
[0m
  [4;36;1mSQL (9.4ms)[0m   [0;1mSELECT count(*) AS count_all FROM "clicks" WHERE ("clicks".listing_id = 83330) [0m
  [4;35;1mAnalyzing  Execution Time: 0.009689

[0m   [0mAggregate  (cost=814.47..814.48 rows=1 width=0)
   ->  Seq Scan on clicks  (cost=0.00..814.46 rows=2 width=0)
         Filter: (listing_id = 83330)
[0m
  [4;36;1mSQL (3.7ms)[0m   [0;1mSELECT count(*) AS count_all FROM "listings" WHERE ("listings".user_id = 25374) [0m
  [4;35;1mAnalyzing  Execution Time: 0.004039

[0m   [0mAggregate  (cost=1615.81..1615.82 rows=1 width=0)
   ->  Index Scan using index_listings_on_id_and_user_id_and_title on listings  (cost=0.00..1615.79 rows=4 width=0)
         Index Cond: (user_id = 25374)
[0m
  [4;36;1mListing Load (2.2ms)[0m   [0;1mSELECT * FROM "listings" WHERE ("listings".user_id = 25374) [0m
  [4;35;1mAnalyzing Listing Load Execution Time: 0.003396

[0m   [0mIndex Scan using index_listings_on_id_and_user_id_and_title on listings  (cost=0.00..1615.79 rows=4 width=1172)
   Index Cond: (user_id = 25374)
[0m
  [4;36;1mSQL (171.7ms)[0m   [0;1mSELECT count(*) AS count_all FROM "impressions" WHERE ("impressions".listing_id = 84464) [0m
  [4;35;1mAnalyzing  Execution Time: 0.17193

[0m   [0mAggregate  (cost=12714.08..12714.09 rows=1 width=0)
   ->  Seq Scan on impressions  (cost=0.00..12714.00 rows=31 width=0)
         Filter: (listing_id = 84464)
[0m
  [4;36;1mSQL (155.0ms)[0m   [0;1mSELECT count(*) AS count_all FROM "impressions" WHERE ("impressions".listing_id = 84465) [0m
  [4;35;1mAnalyzing  Execution Time: 0.15528

[0m   [0mAggregate  (cost=12714.08..12714.09 rows=1 width=0)
   ->  Seq Scan on impressions  (cost=0.00..12714.00 rows=31 width=0)
         Filter: (listing_id = 84465)
[0m
  [4;36;1mSQL (9.3ms)[0m   [0;1mSELECT count(*) AS count_all FROM "clicks" WHERE ("clicks".listing_id = 84464) [0m
  [4;35;1mAnalyzing  Execution Time: 0.009566

[0m   [0mAggregate  (cost=814.47..814.48 rows=1 width=0)
   ->  Seq Scan on clicks  (cost=0.00..814.46 rows=2 width=0)
         Filter: (listing_id = 84464)
[0m
  [4;36;1mSQL (10.7ms)[0m   [0;1mSELECT count(*) AS count_all FROM "clicks" WHERE ("clicks".listing_id = 84465) [0m
  [4;35;1mAnalyzing  Execution Time: 0.010953

[0m   [0mAggregate  (cost=814.47..814.48 rows=1 width=0)
   ->  Seq Scan on clicks  (cost=0.00..814.46 rows=2 width=0)
         Filter: (listing_id = 84465)
[0m
  [4;36;1mSQL (2.3ms)[0m   [0;1mSELECT count(*) AS count_all FROM "listings" WHERE ("listings".user_id = 25373) [0m
  [4;35;1mAnalyzing  Execution Time: 0.002538

[0m   [0mAggregate  (cost=1615.81..1615.82 rows=1 width=0)
   ->  Index Scan using index_listings_on_id_and_user_id_and_title on listings  (cost=0.00..1615.79 rows=4 width=0)
         Index Cond: (user_id = 25373)
[0m
  [4;36;1mListing Load (2.9ms)[0m   [0;1mSELECT * FROM "listings" WHERE ("listings".user_id = 25373) [0m
  [4;35;1mAnalyzing Listing Load Execution Time: 0.003634

[0m   [0mIndex Scan using index_listings_on_id_and_user_id_and_title on listings  (cost=0.00..1615.79 rows=4 width=1172)
   Index Cond: (user_id = 25373)
[0m
  [4;36;1mSQL (149.1ms)[0m   [0;1mSELECT count(*) AS count_all FROM "impressions" WHERE ("impressions".listing_id = 102780) [0m
  [4;35;1mAnalyzing  Execution Time: 0.14942

[0m   [0mAggregate  (cost=12714.08..12714.09 rows=1 width=0)
   ->  Seq Scan on impressions  (cost=0.00..12714.00 rows=31 width=0)
         Filter: (listing_id = 102780)
[0m
  [4;36;1mSQL (11.1ms)[0m   [0;1mSELECT count(*) AS count_all FROM "clicks" WHERE ("clicks".listing_id = 102780) [0m
  [4;35;1mAnalyzing  Execution Time: 0.011402

[0m   [0mAggregate  (cost=814.47..814.48 rows=1 width=0)
   ->  Seq Scan on clicks  (cost=0.00..814.46 rows=2 width=0)
         Filter: (listing_id = 102780)
[0m
  [4;36;1mSQL (2.9ms)[0m   [0;1mSELECT count(*) AS count_all FROM "listings" WHERE ("listings".user_id = 25372) [0m
  [4;35;1mAnalyzing  Execution Time: 0.003148

[0m   [0mAggregate  (cost=1615.81..1615.82 rows=1 width=0)
   ->  Index Scan using index_listings_on_id_and_user_id_and_title on listings  (cost=0.00..1615.79 rows=4 width=0)
         Index Cond: (user_id = 25372)
[0m
  [4;36;1mListing Load (2.1ms)[0m   [0;1mSELECT * FROM "listings" WHERE ("listings".user_id = 25372) [0m
  [4;35;1mAnalyzing Listing Load Execution Time: 0.002858

[0m   [0mIndex Scan using index_listings_on_id_and_user_id_and_title on listings  (cost=0.00..1615.79 rows=4 width=1172)
   Index Cond: (user_id = 25372)
[0m
  [4;36;1mSQL (160.1ms)[0m   [0;1mSELECT count(*) AS count_all FROM "impressions" WHERE ("impressions".listing_id = 113083) [0m
  [4;35;1mAnalyzing  Execution Time: 0.160396

[0m   [0mAggregate  (cost=12714.08..12714.09 rows=1 width=0)
   ->  Seq Scan on impressions  (cost=0.00..12714.00 rows=31 width=0)
         Filter: (listing_id = 113083)
[0m
  [4;36;1mSQL (9.0ms)[0m   [0;1mSELECT count(*) AS count_all FROM "clicks" WHERE ("clicks".listing_id = 113083) [0m
  [4;35;1mAnalyzing  Execution Time: 0.009306

[0m   [0mAggregate  (cost=814.47..814.48 rows=1 width=0)
   ->  Seq Scan on clicks  (cost=0.00..814.46 rows=2 width=0)
         Filter: (listing_id = 113083)
[0m
  [4;36;1mSQL (3.2ms)[0m   [0;1mSELECT count(*) AS count_all FROM "listings" WHERE ("listings".user_id = 25371) [0m
  [4;35;1mAnalyzing  Execution Time: 0.003455

[0m   [0mAggregate  (cost=1615.81..1615.82 rows=1 width=0)
   ->  Index Scan using index_listings_on_id_and_user_id_and_title on listings  (cost=0.00..1615.79 rows=4 width=0)
         Index Cond: (user_id = 25371)
[0m
  [4;36;1mListing Load (2.3ms)[0m   [0;1mSELECT * FROM "listings" WHERE ("listings".user_id = 25371) [0m
  [4;35;1mAnalyzing Listing Load Execution Time: 0.003513

[0m   [0mIndex Scan using index_listings_on_id_and_user_id_and_title on listings  (cost=0.00..1615.79 rows=4 width=1172)
   Index Cond: (user_id = 25371)
[0m
  [4;36;1mSQL (160.4ms)[0m   [0;1mSELECT count(*) AS count_all FROM "impressions" WHERE ("impressions".listing_id = 96062) [0m
  [4;35;1mAnalyzing  Execution Time: 0.160631

[0m   [0mAggregate  (cost=12714.08..12714.09 rows=1 width=0)
   ->  Seq Scan on impressions  (cost=0.00..12714.00 rows=31 width=0)
         Filter: (listing_id = 96062)
[0m
  [4;36;1mSQL (153.3ms)[0m   [0;1mSELECT count(*) AS count_all FROM "impressions" WHERE ("impressions".listing_id = 113082) [0m
  [4;35;1mAnalyzing  Execution Time: 0.153537

[0m   [0mAggregate  (cost=12714.08..12714.09 rows=1 width=0)
   ->  Seq Scan on impressions  (cost=0.00..12714.00 rows=31 width=0)
         Filter: (listing_id = 113082)
[0m
  [4;36;1mSQL (16.7ms)[0m   [0;1mSELECT count(*) AS count_all FROM "clicks" WHERE ("clicks".listing_id = 96062) [0m
  [4;35;1mAnalyzing  Execution Time: 0.017381

[0m   [0mAggregate  (cost=814.47..814.48 rows=1 width=0)
   ->  Seq Scan on clicks  (cost=0.00..814.46 rows=2 width=0)
         Filter: (listing_id = 96062)
[0m
  [4;36;1mSQL (8.8ms)[0m   [0;1mSELECT count(*) AS count_all FROM "clicks" WHERE ("clicks".listing_id = 113082) [0m
  [4;35;1mAnalyzing  Execution Time: 0.009069

[0m   [0mAggregate  (cost=814.47..814.48 rows=1 width=0)
   ->  Seq Scan on clicks  (cost=0.00..814.46 rows=2 width=0)
         Filter: (listing_id = 113082)
[0m
  [4;36;1mSQL (2.0ms)[0m   [0;1mSELECT count(*) AS count_all FROM "listings" WHERE ("listings".user_id = 25370) [0m
  [4;35;1mAnalyzing  Execution Time: 0.002271

[0m   [0mAggregate  (cost=1615.81..1615.82 rows=1 width=0)
   ->  Index Scan using index_listings_on_id_and_user_id_and_title on listings  (cost=0.00..1615.79 rows=4 width=0)
         Index Cond: (user_id = 25370)
[0m
  [4;36;1mListing Load (2.5ms)[0m   [0;1mSELECT * FROM "listings" WHERE ("listings".user_id = 25370) [0m
  [4;35;1mAnalyzing Listing Load Execution Time: 0.003294

[0m   [0mIndex Scan using index_listings_on_id_and_user_id_and_title on listings  (cost=0.00..1615.79 rows=4 width=1172)
   Index Cond: (user_id = 25370)
[0m
  [4;36;1mSQL (161.5ms)[0m   [0;1mSELECT count(*) AS count_all FROM "impressions" WHERE ("impressions".listing_id = 87257) [0m
  [4;35;1mAnalyzing  Execution Time: 0.161811

[0m   [0mAggregate  (cost=12714.08..12714.09 rows=1 width=0)
   ->  Seq Scan on impressions  (cost=0.00..12714.00 rows=31 width=0)
         Filter: (listing_id = 87257)
[0m
  [4;36;1mSQL (12.4ms)[0m   [0;1mSELECT count(*) AS count_all FROM "clicks" WHERE ("clicks".listing_id = 87257) [0m
  [4;35;1mAnalyzing  Execution Time: 0.012666

[0m   [0mAggregate  (cost=814.47..814.48 rows=1 width=0)
   ->  Seq Scan on clicks  (cost=0.00..814.46 rows=2 width=0)
         Filter: (listing_id = 87257)
[0m
  [4;36;1mSQL (2.2ms)[0m   [0;1mSELECT count(*) AS count_all FROM "listings" WHERE ("listings".user_id = 25369) [0m
  [4;35;1mAnalyzing  Execution Time: 0.002449

[0m   [0mAggregate  (cost=1615.81..1615.82 rows=1 width=0)
   ->  Index Scan using index_listings_on_id_and_user_id_and_title on listings  (cost=0.00..1615.79 rows=4 width=0)
         Index Cond: (user_id = 25369)
[0m
  [4;36;1mListing Load (2.4ms)[0m   [0;1mSELECT * FROM "listings" WHERE ("listings".user_id = 25369) [0m
  [4;35;1mAnalyzing Listing Load Execution Time: 0.003287

[0m   [0mIndex Scan using index_listings_on_id_and_user_id_and_title on listings  (cost=0.00..1615.79 rows=4 width=1172)
   Index Cond: (user_id = 25369)
[0m
  [4;36;1mSQL (157.8ms)[0m   [0;1mSELECT count(*) AS count_all FROM "impressions" WHERE ("impressions".listing_id = 113081) [0m
  [4;35;1mAnalyzing  Execution Time: 0.158024

[0m   [0mAggregate  (cost=12714.08..12714.09 rows=1 width=0)
   ->  Seq Scan on impressions  (cost=0.00..12714.00 rows=31 width=0)
         Filter: (listing_id = 113081)
[0m
  [4;36;1mSQL (8.6ms)[0m   [0;1mSELECT count(*) AS count_all FROM "clicks" WHERE ("clicks".listing_id = 113081) [0m
  [4;35;1mAnalyzing  Execution Time: 0.008835

[0m   [0mAggregate  (cost=814.51..814.52 rows=1 width=0)
   ->  Seq Scan on clicks  (cost=0.00..814.46 rows=16 width=0)
         Filter: (listing_id = 113081)
[0m
  [4;36;1mSQL (2.4ms)[0m   [0;1mSELECT count(*) AS count_all FROM "listings" WHERE ("listings".user_id = 25368) [0m
  [4;35;1mAnalyzing  Execution Time: 0.002734

[0m   [0mAggregate  (cost=1615.81..1615.82 rows=1 width=0)
   ->  Index Scan using index_listings_on_id_and_user_id_and_title on listings  (cost=0.00..1615.79 rows=4 width=0)
         Index Cond: (user_id = 25368)
[0m
  [4;36;1mListing Load (2.3ms)[0m   [0;1mSELECT * FROM "listings" WHERE ("listings".user_id = 25368) [0m
  [4;35;1mAnalyzing Listing Load Execution Time: 0.003026

[0m   [0mIndex Scan using index_listings_on_id_and_user_id_and_title on listings  (cost=0.00..1615.79 rows=4 width=1172)
   Index Cond: (user_id = 25368)
[0m
  [4;36;1mSQL (163.6ms)[0m   [0;1mSELECT count(*) AS count_all FROM "impressions" WHERE ("impressions".listing_id = 113080) [0m
  [4;35;1mAnalyzing  Execution Time: 0.163863

[0m   [0mAggregate  (cost=12714.08..12714.09 rows=1 width=0)
   ->  Seq Scan on impressions  (cost=0.00..12714.00 rows=31 width=0)
         Filter: (listing_id = 113080)
[0m
  [4;36;1mSQL (13.3ms)[0m   [0;1mSELECT count(*) AS count_all FROM "clicks" WHERE ("clicks".listing_id = 113080) [0m
  [4;35;1mAnalyzing  Execution Time: 0.013546

[0m   [0mAggregate  (cost=814.47..814.48 rows=1 width=0)
   ->  Seq Scan on clicks  (cost=0.00..814.46 rows=2 width=0)
         Filter: (listing_id = 113080)
[0m
  [4;36;1mSQL (2.1ms)[0m   [0;1mSELECT count(*) AS count_all FROM "listings" WHERE ("listings".user_id = 25367) [0m
  [4;35;1mAnalyzing  Execution Time: 0.002349

[0m   [0mAggregate  (cost=1615.81..1615.82 rows=1 width=0)
   ->  Index Scan using index_listings_on_id_and_user_id_and_title on listings  (cost=0.00..1615.79 rows=4 width=0)
         Index Cond: (user_id = 25367)
[0m
  [4;36;1mListing Load (2.0ms)[0m   [0;1mSELECT * FROM "listings" WHERE ("listings".user_id = 25367) [0m
  [4;35;1mAnalyzing Listing Load Execution Time: 0.00347

[0m   [0mIndex Scan using index_listings_on_id_and_user_id_and_title on listings  (cost=0.00..1615.79 rows=4 width=1172)
   Index Cond: (user_id = 25367)
[0m
  [4;36;1mSQL (155.9ms)[0m   [0;1mSELECT count(*) AS count_all FROM "impressions" WHERE ("impressions".listing_id = 112700) [0m
  [4;35;1mAnalyzing  Execution Time: 0.156183

[0m   [0mAggregate  (cost=12714.08..12714.09 rows=1 width=0)
   ->  Seq Scan on impressions  (cost=0.00..12714.00 rows=31 width=0)
         Filter: (listing_id = 112700)
[0m
  [4;36;1mSQL (151.2ms)[0m   [0;1mSELECT count(*) AS count_all FROM "impressions" WHERE ("impressions".listing_id = 113079) [0m
  [4;35;1mAnalyzing  Execution Time: 0.151446

[0m   [0mAggregate  (cost=12714.08..12714.09 rows=1 width=0)
   ->  Seq Scan on impressions  (cost=0.00..12714.00 rows=31 width=0)
         Filter: (listing_id = 113079)
[0m
  [4;36;1mSQL (151.9ms)[0m   [0;1mSELECT count(*) AS count_all FROM "impressions" WHERE ("impressions".listing_id = 113085) [0m
  [4;35;1mAnalyzing  Execution Time: 0.152131

[0m   [0mAggregate  (cost=12714.08..12714.09 rows=1 width=0)
   ->  Seq Scan on impressions  (cost=0.00..12714.00 rows=31 width=0)
         Filter: (listing_id = 113085)
[0m
  [4;36;1mSQL (51.8ms)[0m   [0;1mSELECT count(*) AS count_all FROM "clicks" WHERE ("clicks".listing_id = 112700) [0m
  [4;35;1mAnalyzing  Execution Time: 0.052121

[0m   [0mAggregate  (cost=814.47..814.48 rows=1 width=0)
   ->  Seq Scan on clicks  (cost=0.00..814.46 rows=2 width=0)
         Filter: (listing_id = 112700)
[0m
  [4;36;1mSQL (24.0ms)[0m   [0;1mSELECT count(*) AS count_all FROM "clicks" WHERE ("clicks".listing_id = 113079) [0m
  [4;35;1mAnalyzing  Execution Time: 0.024306

[0m   [0mAggregate  (cost=814.47..814.48 rows=1 width=0)
   ->  Seq Scan on clicks  (cost=0.00..814.46 rows=2 width=0)
         Filter: (listing_id = 113079)
[0m
  [4;36;1mSQL (9.1ms)[0m   [0;1mSELECT count(*) AS count_all FROM "clicks" WHERE ("clicks".listing_id = 113085) [0m
  [4;35;1mAnalyzing  Execution Time: 0.009322

[0m   [0mAggregate  (cost=814.47..814.48 rows=1 width=0)
   ->  Seq Scan on clicks  (cost=0.00..814.46 rows=2 width=0)
         Filter: (listing_id = 113085)
[0m
  [4;36;1mSQL (2.3ms)[0m   [0;1mSELECT count(*) AS count_all FROM "listings" WHERE ("listings".user_id = 25366) [0m
  [4;35;1mAnalyzing  Execution Time: 0.002618

[0m   [0mAggregate  (cost=1615.81..1615.82 rows=1 width=0)
   ->  Index Scan using index_listings_on_id_and_user_id_and_title on listings  (cost=0.00..1615.79 rows=4 width=0)
         Index Cond: (user_id = 25366)
[0m
  [4;36;1mListing Load (2.9ms)[0m   [0;1mSELECT * FROM "listings" WHERE ("listings".user_id = 25366) [0m
  [4;35;1mAnalyzing Listing Load Execution Time: 0.004831

[0m   [0mIndex Scan using index_listings_on_id_and_user_id_and_title on listings  (cost=0.00..1615.79 rows=4 width=1172)
   Index Cond: (user_id = 25366)
[0m
  [4;36;1mSQL (162.3ms)[0m   [0;1mSELECT count(*) AS count_all FROM "impressions" WHERE ("impressions".listing_id = 68344) [0m
  [4;35;1mAnalyzing  Execution Time: 0.162657

[0m   [0mAggregate  (cost=12714.08..12714.09 rows=1 width=0)
   ->  Seq Scan on impressions  (cost=0.00..12714.00 rows=31 width=0)
         Filter: (listing_id = 68344)
[0m
  [4;36;1mSQL (224.7ms)[0m   [0;1mSELECT count(*) AS count_all FROM "impressions" WHERE ("impressions".listing_id = 68458) [0m
  [4;35;1mAnalyzing  Execution Time: 0.224971

[0m   [0mAggregate  (cost=12714.08..12714.09 rows=1 width=0)
   ->  Seq Scan on impressions  (cost=0.00..12714.00 rows=31 width=0)
         Filter: (listing_id = 68458)
[0m
  [4;36;1mSQL (156.6ms)[0m   [0;1mSELECT count(*) AS count_all FROM "impressions" WHERE ("impressions".listing_id = 82474) [0m
  [4;35;1mAnalyzing  Execution Time: 0.156846

[0m   [0mAggregate  (cost=12714.08..12714.09 rows=1 width=0)
   ->  Seq Scan on impressions  (cost=0.00..12714.00 rows=31 width=0)
         Filter: (listing_id = 82474)
[0m
  [4;36;1mSQL (162.1ms)[0m   [0;1mSELECT count(*) AS count_all FROM "impressions" WHERE ("impressions".listing_id = 96046) [0m
  [4;35;1mAnalyzing  Execution Time: 0.162354

[0m   [0mAggregate  (cost=12714.08..12714.09 rows=1 width=0)
   ->  Seq Scan on impressions  (cost=0.00..12714.00 rows=31 width=0)
         Filter: (listing_id = 96046)
[0m
  [4;36;1mSQL (9.9ms)[0m   [0;1mSELECT count(*) AS count_all FROM "clicks" WHERE ("clicks".listing_id = 68344) [0m
  [4;35;1mAnalyzing  Execution Time: 0.010147

[0m   [0mAggregate  (cost=814.47..814.48 rows=1 width=0)
   ->  Seq Scan on clicks  (cost=0.00..814.46 rows=2 width=0)
         Filter: (listing_id = 68344)
[0m
  [4;36;1mSQL (9.1ms)[0m   [0;1mSELECT count(*) AS count_all FROM "clicks" WHERE ("clicks".listing_id = 68458) [0m
  [4;35;1mAnalyzing  Execution Time: 0.009397

[0m   [0mAggregate  (cost=814.47..814.48 rows=1 width=0)
   ->  Seq Scan on clicks  (cost=0.00..814.46 rows=2 width=0)
         Filter: (listing_id = 68458)
[0m
  [4;36;1mSQL (9.6ms)[0m   [0;1mSELECT count(*) AS count_all FROM "clicks" WHERE ("clicks".listing_id = 82474) [0m
  [4;35;1mAnalyzing  Execution Time: 0.009825

[0m   [0mAggregate  (cost=814.47..814.48 rows=1 width=0)
   ->  Seq Scan on clicks  (cost=0.00..814.46 rows=2 width=0)
         Filter: (listing_id = 82474)
[0m
  [4;36;1mSQL (8.6ms)[0m   [0;1mSELECT count(*) AS count_all FROM "clicks" WHERE ("clicks".listing_id = 96046) [0m
  [4;35;1mAnalyzing  Execution Time: 0.008813

[0m   [0mAggregate  (cost=814.47..814.48 rows=1 width=0)
   ->  Seq Scan on clicks  (cost=0.00..814.46 rows=2 width=0)
         Filter: (listing_id = 96046)
[0m
  [4;36;1mSQL (2.1ms)[0m   [0;1mSELECT count(*) AS count_all FROM "listings" WHERE ("listings".user_id = 25365) [0m
  [4;35;1mAnalyzing  Execution Time: 0.002386

[0m   [0mAggregate  (cost=1615.81..1615.82 rows=1 width=0)
   ->  Index Scan using index_listings_on_id_and_user_id_and_title on listings  (cost=0.00..1615.79 rows=4 width=0)
         Index Cond: (user_id = 25365)
[0m
  [4;36;1mListing Load (2.6ms)[0m   [0;1mSELECT * FROM "listings" WHERE ("listings".user_id = 25365) [0m
  [4;35;1mAnalyzing Listing Load Execution Time: 0.003328

[0m   [0mIndex Scan using index_listings_on_id_and_user_id_and_title on listings  (cost=0.00..1615.79 rows=4 width=1172)
   Index Cond: (user_id = 25365)
[0m
  [4;36;1mSQL (151.7ms)[0m   [0;1mSELECT count(*) AS count_all FROM "impressions" WHERE ("impressions".listing_id = 69791) [0m
  [4;35;1mAnalyzing  Execution Time: 0.15193

[0m   [0mAggregate  (cost=12714.08..12714.09 rows=1 width=0)
   ->  Seq Scan on impressions  (cost=0.00..12714.00 rows=31 width=0)
         Filter: (listing_id = 69791)
[0m
  [4;36;1mSQL (9.7ms)[0m   [0;1mSELECT count(*) AS count_all FROM "clicks" WHERE ("clicks".listing_id = 69791) [0m
  [4;35;1mAnalyzing  Execution Time: 0.009955

[0m   [0mAggregate  (cost=814.47..814.48 rows=1 width=0)
   ->  Seq Scan on clicks  (cost=0.00..814.46 rows=2 width=0)
         Filter: (listing_id = 69791)
[0m
  [4;36;1mSQL (2.6ms)[0m   [0;1mSELECT count(*) AS count_all FROM "listings" WHERE ("listings".user_id = 25364) [0m
  [4;35;1mAnalyzing  Execution Time: 0.002942

[0m   [0mAggregate  (cost=1615.81..1615.82 rows=1 width=0)
   ->  Index Scan using index_listings_on_id_and_user_id_and_title on listings  (cost=0.00..1615.79 rows=4 width=0)
         Index Cond: (user_id = 25364)
[0m
  [4;36;1mListing Load (2.2ms)[0m   [0;1mSELECT * FROM "listings" WHERE ("listings".user_id = 25364) [0m
  [4;35;1mAnalyzing Listing Load Execution Time: 0.002999

[0m   [0mIndex Scan using index_listings_on_id_and_user_id_and_title on listings  (cost=0.00..1615.79 rows=4 width=1172)
   Index Cond: (user_id = 25364)
[0m
  [4;36;1mSQL (146.7ms)[0m   [0;1mSELECT count(*) AS count_all FROM "impressions" WHERE ("impressions".listing_id = 100606) [0m
  [4;35;1mAnalyzing  Execution Time: 0.147002

[0m   [0mAggregate  (cost=12714.08..12714.09 rows=1 width=0)
   ->  Seq Scan on impressions  (cost=0.00..12714.00 rows=31 width=0)
         Filter: (listing_id = 100606)
[0m
  [4;36;1mSQL (11.4ms)[0m   [0;1mSELECT count(*) AS count_all FROM "clicks" WHERE ("clicks".listing_id = 100606) [0m
  [4;35;1mAnalyzing  Execution Time: 0.011715

[0m   [0mAggregate  (cost=814.47..814.48 rows=1 width=0)
   ->  Seq Scan on clicks  (cost=0.00..814.46 rows=2 width=0)
         Filter: (listing_id = 100606)
[0m
  [4;36;1mSQL (2.4ms)[0m   [0;1mSELECT count(*) AS count_all FROM "listings" WHERE ("listings".user_id = 25363) [0m
  [4;35;1mAnalyzing  Execution Time: 0.002659

[0m   [0mAggregate  (cost=1615.81..1615.82 rows=1 width=0)
   ->  Index Scan using index_listings_on_id_and_user_id_and_title on listings  (cost=0.00..1615.79 rows=4 width=0)
         Index Cond: (user_id = 25363)
[0m
  [4;36;1mListing Load (2.1ms)[0m   [0;1mSELECT * FROM "listings" WHERE ("listings".user_id = 25363) [0m
  [4;35;1mAnalyzing Listing Load Execution Time: 0.004027

[0m   [0mIndex Scan using index_listings_on_id_and_user_id_and_title on listings  (cost=0.00..1615.79 rows=4 width=1172)
   Index Cond: (user_id = 25363)
[0m
  [4;36;1mSQL (143.1ms)[0m   [0;1mSELECT count(*) AS count_all FROM "impressions" WHERE ("impressions".listing_id = 70319) [0m
  [4;35;1mAnalyzing  Execution Time: 0.143361

[0m   [0mAggregate  (cost=12714.08..12714.09 rows=1 width=0)
   ->  Seq Scan on impressions  (cost=0.00..12714.00 rows=31 width=0)
         Filter: (listing_id = 70319)
[0m
  [4;36;1mSQL (150.0ms)[0m   [0;1mSELECT count(*) AS count_all FROM "impressions" WHERE ("impressions".listing_id = 70320) [0m
  [4;35;1mAnalyzing  Execution Time: 0.150282

[0m   [0mAggregate  (cost=12714.08..12714.09 rows=1 width=0)
   ->  Seq Scan on impressions  (cost=0.00..12714.00 rows=31 width=0)
         Filter: (listing_id = 70320)
[0m
  [4;36;1mSQL (148.3ms)[0m   [0;1mSELECT count(*) AS count_all FROM "impressions" WHERE ("impressions".listing_id = 86802) [0m
  [4;35;1mAnalyzing  Execution Time: 0.148538

[0m   [0mAggregate  (cost=12714.08..12714.09 rows=1 width=0)
   ->  Seq Scan on impressions  (cost=0.00..12714.00 rows=31 width=0)
         Filter: (listing_id = 86802)
[0m
  [4;36;1mSQL (8.9ms)[0m   [0;1mSELECT count(*) AS count_all FROM "clicks" WHERE ("clicks".listing_id = 70319) [0m
  [4;35;1mAnalyzing  Execution Time: 0.009182

[0m   [0mAggregate  (cost=814.47..814.48 rows=1 width=0)
   ->  Seq Scan on clicks  (cost=0.00..814.46 rows=2 width=0)
         Filter: (listing_id = 70319)
[0m
  [4;36;1mSQL (8.5ms)[0m   [0;1mSELECT count(*) AS count_all FROM "clicks" WHERE ("clicks".listing_id = 70320) [0m
  [4;35;1mAnalyzing  Execution Time: 0.0088

[0m   [0mAggregate  (cost=814.47..814.48 rows=1 width=0)
   ->  Seq Scan on clicks  (cost=0.00..814.46 rows=2 width=0)
         Filter: (listing_id = 70320)
[0m
  [4;36;1mSQL (10.1ms)[0m   [0;1mSELECT count(*) AS count_all FROM "clicks" WHERE ("clicks".listing_id = 86802) [0m
  [4;35;1mAnalyzing  Execution Time: 0.010347

[0m   [0mAggregate  (cost=814.47..814.48 rows=1 width=0)
   ->  Seq Scan on clicks  (cost=0.00..814.46 rows=2 width=0)
         Filter: (listing_id = 86802)
[0m
  [4;36;1mSQL (2.3ms)[0m   [0;1mSELECT count(*) AS count_all FROM "listings" WHERE ("listings".user_id = 25362) [0m
  [4;35;1mAnalyzing  Execution Time: 0.002551

[0m   [0mAggregate  (cost=1615.81..1615.82 rows=1 width=0)
   ->  Index Scan using index_listings_on_id_and_user_id_and_title on listings  (cost=0.00..1615.79 rows=4 width=0)
         Index Cond: (user_id = 25362)
[0m
  [4;36;1mListing Load (2.2ms)[0m   [0;1mSELECT * FROM "listings" WHERE ("listings".user_id = 25362) [0m
  [4;35;1mAnalyzing Listing Load Execution Time: 0.003697

[0m   [0mIndex Scan using index_listings_on_id_and_user_id_and_title on listings  (cost=0.00..1615.79 rows=4 width=1172)
   Index Cond: (user_id = 25362)
[0m
  [4;36;1mSQL (155.9ms)[0m   [0;1mSELECT count(*) AS count_all FROM "impressions" WHERE ("impressions".listing_id = 70191) [0m
  [4;35;1mAnalyzing  Execution Time: 0.156133

[0m   [0mAggregate  (cost=12727.55..12727.56 rows=1 width=0)
   ->  Seq Scan on impressions  (cost=0.00..12714.00 rows=5417 width=0)
         Filter: (listing_id = 70191)
[0m
  [4;36;1mSQL (154.4ms)[0m   [0;1mSELECT count(*) AS count_all FROM "impressions" WHERE ("impressions".listing_id = 72786) [0m
  [4;35;1mAnalyzing  Execution Time: 0.154708

[0m   [0mAggregate  (cost=12714.08..12714.09 rows=1 width=0)
   ->  Seq Scan on impressions  (cost=0.00..12714.00 rows=31 width=0)
         Filter: (listing_id = 72786)
[0m
  [4;36;1mSQL (145.2ms)[0m   [0;1mSELECT count(*) AS count_all FROM "impressions" WHERE ("impressions".listing_id = 76632) [0m
  [4;35;1mAnalyzing  Execution Time: 0.145456

[0m   [0mAggregate  (cost=12714.08..12714.09 rows=1 width=0)
   ->  Seq Scan on impressions  (cost=0.00..12714.00 rows=31 width=0)
         Filter: (listing_id = 76632)
[0m
  [4;36;1mSQL (9.4ms)[0m   [0;1mSELECT count(*) AS count_all FROM "clicks" WHERE ("clicks".listing_id = 70191) [0m
  [4;35;1mAnalyzing  Execution Time: 0.009701

[0m   [0mAggregate  (cost=814.49..814.50 rows=1 width=0)
   ->  Seq Scan on clicks  (cost=0.00..814.46 rows=10 width=0)
         Filter: (listing_id = 70191)
[0m
  [4;36;1mSQL (8.7ms)[0m   [0;1mSELECT count(*) AS count_all FROM "clicks" WHERE ("clicks".listing_id = 72786) [0m
  [4;35;1mAnalyzing  Execution Time: 0.00904199999999999

[0m   [0mAggregate  (cost=814.47..814.48 rows=1 width=0)
   ->  Seq Scan on clicks  (cost=0.00..814.46 rows=2 width=0)
         Filter: (listing_id = 72786)
[0m
  [4;36;1mSQL (9.9ms)[0m   [0;1mSELECT count(*) AS count_all FROM "clicks" WHERE ("clicks".listing_id = 76632) [0m
  [4;35;1mAnalyzing  Execution Time: 0.01018

[0m   [0mAggregate  (cost=814.47..814.48 rows=1 width=0)
   ->  Seq Scan on clicks  (cost=0.00..814.46 rows=2 width=0)
         Filter: (listing_id = 76632)
[0m
  [4;36;1mSQL (2.2ms)[0m   [0;1mSELECT count(*) AS count_all FROM "listings" WHERE ("listings".user_id = 25360) [0m
  [4;35;1mAnalyzing  Execution Time: 0.00242

[0m   [0mAggregate  (cost=1615.81..1615.82 rows=1 width=0)
   ->  Index Scan using index_listings_on_id_and_user_id_and_title on listings  (cost=0.00..1615.79 rows=4 width=0)
         Index Cond: (user_id = 25360)
[0m
  [4;36;1mListing Load (2.0ms)[0m   [0;1mSELECT * FROM "listings" WHERE ("listings".user_id = 25360) [0m
  [4;35;1mAnalyzing Listing Load Execution Time: 0.002712

[0m   [0mIndex Scan using index_listings_on_id_and_user_id_and_title on listings  (cost=0.00..1615.79 rows=4 width=1172)
   Index Cond: (user_id = 25360)
[0m
  [4;36;1mSQL (146.7ms)[0m   [0;1mSELECT count(*) AS count_all FROM "impressions" WHERE ("impressions".listing_id = 113077) [0m
  [4;35;1mAnalyzing  Execution Time: 0.14696

[0m   [0mAggregate  (cost=12714.08..12714.09 rows=1 width=0)
   ->  Seq Scan on impressions  (cost=0.00..12714.00 rows=31 width=0)
         Filter: (listing_id = 113077)
[0m
  [4;36;1mSQL (9.0ms)[0m   [0;1mSELECT count(*) AS count_all FROM "clicks" WHERE ("clicks".listing_id = 113077) [0m
  [4;35;1mAnalyzing  Execution Time: 0.009272

[0m   [0mAggregate  (cost=814.47..814.48 rows=1 width=0)
   ->  Seq Scan on clicks  (cost=0.00..814.46 rows=2 width=0)
         Filter: (listing_id = 113077)
[0m
  [4;36;1mSQL (2.1ms)[0m   [0;1mSELECT count(*) AS count_all FROM "listings" WHERE ("listings".user_id = 25359) [0m
  [4;35;1mAnalyzing  Execution Time: 0.002302

[0m   [0mAggregate  (cost=1615.81..1615.82 rows=1 width=0)
   ->  Index Scan using index_listings_on_id_and_user_id_and_title on listings  (cost=0.00..1615.79 rows=4 width=0)
         Index Cond: (user_id = 25359)
[0m
  [4;36;1mListing Load (2.2ms)[0m   [0;1mSELECT * FROM "listings" WHERE ("listings".user_id = 25359) [0m
  [4;35;1mAnalyzing Listing Load Execution Time: 0.002905

[0m   [0mIndex Scan using index_listings_on_id_and_user_id_and_title on listings  (cost=0.00..1615.79 rows=4 width=1172)
   Index Cond: (user_id = 25359)
[0m
  [4;36;1mSQL (152.1ms)[0m   [0;1mSELECT count(*) AS count_all FROM "impressions" WHERE ("impressions".listing_id = 78413) [0m
  [4;35;1mAnalyzing  Execution Time: 0.152447

[0m   [0mAggregate  (cost=12714.08..12714.09 rows=1 width=0)
   ->  Seq Scan on impressions  (cost=0.00..12714.00 rows=31 width=0)
         Filter: (listing_id = 78413)
[0m
  [4;36;1mSQL (8.9ms)[0m   [0;1mSELECT count(*) AS count_all FROM "clicks" WHERE ("clicks".listing_id = 78413) [0m
  [4;35;1mAnalyzing  Execution Time: 0.009233

[0m   [0mAggregate  (cost=814.47..814.48 rows=1 width=0)
   ->  Seq Scan on clicks  (cost=0.00..814.46 rows=2 width=0)
         Filter: (listing_id = 78413)
[0m
  [4;36;1mSQL (1.8ms)[0m   [0;1mSELECT count(*) AS count_all FROM "listings" WHERE ("listings".user_id = 25358) [0m
  [4;35;1mAnalyzing  Execution Time: 0.002101

[0m   [0mAggregate  (cost=1615.81..1615.82 rows=1 width=0)
   ->  Index Scan using index_listings_on_id_and_user_id_and_title on listings  (cost=0.00..1615.79 rows=4 width=0)
         Index Cond: (user_id = 25358)
[0m
  [4;36;1mListing Load (2.0ms)[0m   [0;1mSELECT * FROM "listings" WHERE ("listings".user_id = 25358) [0m
  [4;35;1mAnalyzing Listing Load Execution Time: 0.002712

[0m   [0mIndex Scan using index_listings_on_id_and_user_id_and_title on listings  (cost=0.00..1615.79 rows=4 width=1172)
   Index Cond: (user_id = 25358)
[0m
  [4;36;1mSQL (160.3ms)[0m   [0;1mSELECT count(*) AS count_all FROM "impressions" WHERE ("impressions".listing_id = 113076) [0m
  [4;35;1mAnalyzing  Execution Time: 0.160556

[0m   [0mAggregate  (cost=12714.08..12714.09 rows=1 width=0)
   ->  Seq Scan on impressions  (cost=0.00..12714.00 rows=31 width=0)
         Filter: (listing_id = 113076)
[0m
  [4;36;1mSQL (10.3ms)[0m   [0;1mSELECT count(*) AS count_all FROM "clicks" WHERE ("clicks".listing_id = 113076) [0m
  [4;35;1mAnalyzing  Execution Time: 0.010582

[0m   [0mAggregate  (cost=814.47..814.48 rows=1 width=0)
   ->  Seq Scan on clicks  (cost=0.00..814.46 rows=2 width=0)
         Filter: (listing_id = 113076)
[0m
  [4;36;1mSQL (2.2ms)[0m   [0;1mSELECT count(*) AS count_all FROM "listings" WHERE ("listings".user_id = 25357) [0m
  [4;35;1mAnalyzing  Execution Time: 0.002439

[0m   [0mAggregate  (cost=1615.81..1615.82 rows=1 width=0)
   ->  Index Scan using index_listings_on_id_and_user_id_and_title on listings  (cost=0.00..1615.79 rows=4 width=0)
         Index Cond: (user_id = 25357)
[0m
  [4;36;1mListing Load (5.7ms)[0m   [0;1mSELECT * FROM "listings" WHERE ("listings".user_id = 25357) [0m
  [4;35;1mAnalyzing Listing Load Execution Time: 0.006438

[0m   [0mIndex Scan using index_listings_on_id_and_user_id_and_title on listings  (cost=0.00..1615.79 rows=4 width=1172)
   Index Cond: (user_id = 25357)
[0m
  [4;36;1mSQL (151.8ms)[0m   [0;1mSELECT count(*) AS count_all FROM "impressions" WHERE ("impressions".listing_id = 113075) [0m
  [4;35;1mAnalyzing  Execution Time: 0.152097

[0m   [0mAggregate  (cost=12714.08..12714.09 rows=1 width=0)
   ->  Seq Scan on impressions  (cost=0.00..12714.00 rows=31 width=0)
         Filter: (listing_id = 113075)
[0m
  [4;36;1mSQL (9.1ms)[0m   [0;1mSELECT count(*) AS count_all FROM "clicks" WHERE ("clicks".listing_id = 113075) [0m
  [4;35;1mAnalyzing  Execution Time: 0.009326

[0m   [0mAggregate  (cost=814.47..814.48 rows=1 width=0)
   ->  Seq Scan on clicks  (cost=0.00..814.46 rows=2 width=0)
         Filter: (listing_id = 113075)
[0m
  [4;36;1mSQL (2.4ms)[0m   [0;1mSELECT count(*) AS count_all FROM "listings" WHERE ("listings".user_id = 25356) [0m
  [4;35;1mAnalyzing  Execution Time: 0.003596

[0m   [0mAggregate  (cost=1615.81..1615.82 rows=1 width=0)
   ->  Index Scan using index_listings_on_id_and_user_id_and_title on listings  (cost=0.00..1615.79 rows=4 width=0)
         Index Cond: (user_id = 25356)
[0m
  [4;36;1mListing Load (2.7ms)[0m   [0;1mSELECT * FROM "listings" WHERE ("listings".user_id = 25356) [0m
  [4;35;1mAnalyzing Listing Load Execution Time: 0.003449

[0m   [0mIndex Scan using index_listings_on_id_and_user_id_and_title on listings  (cost=0.00..1615.79 rows=4 width=1172)
   Index Cond: (user_id = 25356)
[0m
  [4;36;1mSQL (158.3ms)[0m   [0;1mSELECT count(*) AS count_all FROM "impressions" WHERE ("impressions".listing_id = 113074) [0m
  [4;35;1mAnalyzing  Execution Time: 0.15871

[0m   [0mAggregate  (cost=12714.08..12714.09 rows=1 width=0)
   ->  Seq Scan on impressions  (cost=0.00..12714.00 rows=31 width=0)
         Filter: (listing_id = 113074)
[0m
  [4;36;1mSQL (10.5ms)[0m   [0;1mSELECT count(*) AS count_all FROM "clicks" WHERE ("clicks".listing_id = 113074) [0m
  [4;35;1mAnalyzing  Execution Time: 0.010816

[0m   [0mAggregate  (cost=814.47..814.48 rows=1 width=0)
   ->  Seq Scan on clicks  (cost=0.00..814.46 rows=2 width=0)
         Filter: (listing_id = 113074)
[0m
  [4;36;1mSQL (2.4ms)[0m   [0;1mSELECT count(*) AS count_all FROM "listings" WHERE ("listings".user_id = 25355) [0m
  [4;35;1mAnalyzing  Execution Time: 0.002619

[0m   [0mAggregate  (cost=1615.81..1615.82 rows=1 width=0)
   ->  Index Scan using index_listings_on_id_and_user_id_and_title on listings  (cost=0.00..1615.79 rows=4 width=0)
         Index Cond: (user_id = 25355)
[0m
  [4;36;1mListing Load (2.2ms)[0m   [0;1mSELECT * FROM "listings" WHERE ("listings".user_id = 25355) [0m
  [4;35;1mAnalyzing Listing Load Execution Time: 0.002941

[0m   [0mIndex Scan using index_listings_on_id_and_user_id_and_title on listings  (cost=0.00..1615.79 rows=4 width=1172)
   Index Cond: (user_id = 25355)
[0m
  [4;36;1mSQL (208.1ms)[0m   [0;1mSELECT count(*) AS count_all FROM "impressions" WHERE ("impressions".listing_id = 73416) [0m
  [4;35;1mAnalyzing  Execution Time: 0.20835

[0m   [0mAggregate  (cost=12714.08..12714.09 rows=1 width=0)
   ->  Seq Scan on impressions  (cost=0.00..12714.00 rows=31 width=0)
         Filter: (listing_id = 73416)
[0m
  [4;36;1mSQL (9.3ms)[0m   [0;1mSELECT count(*) AS count_all FROM "clicks" WHERE ("clicks".listing_id = 73416) [0m
  [4;35;1mAnalyzing  Execution Time: 0.009614

[0m   [0mAggregate  (cost=814.47..814.48 rows=1 width=0)
   ->  Seq Scan on clicks  (cost=0.00..814.46 rows=2 width=0)
         Filter: (listing_id = 73416)
[0m
DEPRECATION WARNING: require "activerecord" is deprecated and will be removed in Rails 3. Use require "active_record" instead.. (called from /usr/local/lib/ruby/gems/1.8/gems/activerecord-2.3.5/lib/activerecord.rb:2)
** has_many_polymorphs: rails environment detected
** has_many_polymorphs: loaded ok
** has_many_polymorphs: autoload hook invoked
** has_many_polymorphs: preloading parent model Block
** has_many_polymorphs: associating Block.models
  [4;36;1mSQL (0.2ms)[0m   [0;1mSET client_min_messages TO 'panic'[0m
  [4;35;1mSQL (0.1ms)[0m   [0mSET client_min_messages TO 'notice'[0m
** has_many_polymorphs: preloading parent model View
** has_many_polymorphs: associating View.models
** has_many_polymorphs: autoload hook invoked
** has_many_polymorphs: preloading parent model Block
** has_many_polymorphs: preloading parent model View
DEPRECATION WARNING: require "activerecord" is deprecated and will be removed in Rails 3. Use require "active_record" instead.. (called from /usr/local/lib/ruby/gems/1.8/gems/activerecord-2.3.5/lib/activerecord.rb:2)
** has_many_polymorphs: rails environment detected
** has_many_polymorphs: loaded ok
** has_many_polymorphs: autoload hook invoked
** has_many_polymorphs: preloading parent model Block
** has_many_polymorphs: associating Block.models
  [4;36;1mSQL (0.2ms)[0m   [0;1mSET client_min_messages TO 'panic'[0m
  [4;35;1mSQL (0.1ms)[0m   [0mSET client_min_messages TO 'notice'[0m
** has_many_polymorphs: preloading parent model View
** has_many_polymorphs: associating View.models
** has_many_polymorphs: autoload hook invoked
** has_many_polymorphs: preloading parent model Block
** has_many_polymorphs: preloading parent model View
  [4;36;1mClient Load (4.9ms)[0m   [0;1mSELECT * FROM "users" WHERE (created_at <= '2011-02-26 19:24:15.071365') AND ("users"."status" = E'active') AND ( ("users"."type" = 'Client' ) ) ORDER BY created_at DESC, activated_at DESC[0m
  [4;35;1mAnalyzing Client Load Execution Time: 0.027728

[0m   [0mSort  (cost=30.21..30.38 rows=67 width=574)
   Sort Key: created_at, activated_at
   ->  Seq Scan on users  (cost=0.00..28.18 rows=67 width=574)
         Filter: ((created_at <= '2011-02-26 19:24:15.071365'::timestamp without time zone) AND ((status)::text = 'active'::text) AND ((type)::text = 'Client'::text))
[0m
  [4;36;1mListing Load (24.6ms)[0m   [0;1mSELECT "listings".* FROM "listings" WHERE ("listings".user_id IN (25351,25350,25348,25347,25346,25345,25343,25342,25341,25340,25339,25338,25337,25336,25335,25334,25331,25330,25329,25328,25327,25326,25325,25324,25323,25322,25320,25319,25318,25317,25316,25314,25313,25312,25311,25310,25308,25307,25306,25305,25303,25302,25297,25294,25293,25292,25291,25290,25289,25271,25270,25267,25266,25265,25264,25263,25262,25261,25256,25246,25242)) [0m
  [4;35;1mAnalyzing Listing Load Execution Time: 0.224323

[0m   [0mSeq Scan on listings  (cost=0.00..5174.18 rows=242 width=1172)
   Filter: (user_id = ANY ('{25351,25350,25348,25347,25346,25345,25343,25342,25341,25340,25339,25338,25337,25336,25335,25334,25331,25330,25329,25328,25327,25326,25325,25324,25323,25322,25320,25319,25318,25317,25316,25314,25313,25312,25311,25310,25308,25307,25306,25305,25303,25302,25297,25294,25293,25292,25291,25290,25289,25271,25270,25267,25266,25265,25264,25263,25262,25261,25256,25246,25242}'::integer[]))
[0m
  [4;36;1mSQL (3.8ms)[0m   [0;1mSELECT count(*) AS count_all FROM "listings" WHERE ("listings".user_id = 25351) [0m
  [4;35;1mAnalyzing  Execution Time: 0.004142

[0m   [0mAggregate  (cost=1615.81..1615.82 rows=1 width=0)
   ->  Index Scan using index_listings_on_id_and_user_id_and_title on listings  (cost=0.00..1615.79 rows=4 width=0)
         Index Cond: (user_id = 25351)
[0m
  [4;36;1mSQL (175.5ms)[0m   [0;1mSELECT count(*) AS count_all FROM "impressions" WHERE ("impressions".listing_id = 113071) [0m
  [4;35;1mAnalyzing  Execution Time: 0.175809

[0m   [0mAggregate  (cost=12714.08..12714.09 rows=1 width=0)
   ->  Seq Scan on impressions  (cost=0.00..12714.00 rows=31 width=0)
         Filter: (listing_id = 113071)
[0m
  [4;36;1mSQL (10.6ms)[0m   [0;1mSELECT count(*) AS count_all FROM "clicks" WHERE ("clicks".listing_id = 113071) [0m
  [4;35;1mAnalyzing  Execution Time: 0.01089

[0m   [0mAggregate  (cost=814.47..814.48 rows=1 width=0)
   ->  Seq Scan on clicks  (cost=0.00..814.46 rows=2 width=0)
         Filter: (listing_id = 113071)
[0m
  [4;36;1mSQL (1.9ms)[0m   [0;1mSELECT count(*) AS count_all FROM "listings" WHERE ("listings".user_id = 25350) [0m
  [4;35;1mAnalyzing  Execution Time: 0.002172

[0m   [0mAggregate  (cost=1615.81..1615.82 rows=1 width=0)
   ->  Index Scan using index_listings_on_id_and_user_id_and_title on listings  (cost=0.00..1615.79 rows=4 width=0)
         Index Cond: (user_id = 25350)
[0m
  [4;36;1mSQL (163.8ms)[0m   [0;1mSELECT count(*) AS count_all FROM "impressions" WHERE ("impressions".listing_id = 113070) [0m
  [4;35;1mAnalyzing  Execution Time: 0.164068

[0m   [0mAggregate  (cost=12714.08..12714.09 rows=1 width=0)
   ->  Seq Scan on impressions  (cost=0.00..12714.00 rows=31 width=0)
         Filter: (listing_id = 113070)
[0m
  [4;36;1mSQL (10.1ms)[0m   [0;1mSELECT count(*) AS count_all FROM "clicks" WHERE ("clicks".listing_id = 113070) [0m
  [4;35;1mAnalyzing  Execution Time: 0.010362

[0m   [0mAggregate  (cost=814.47..814.48 rows=1 width=0)
   ->  Seq Scan on clicks  (cost=0.00..814.46 rows=2 width=0)
         Filter: (listing_id = 113070)
[0m
  [4;36;1mSQL (2.3ms)[0m   [0;1mSELECT count(*) AS count_all FROM "listings" WHERE ("listings".user_id = 25348) [0m
  [4;35;1mAnalyzing  Execution Time: 0.002637

[0m   [0mAggregate  (cost=1615.81..1615.82 rows=1 width=0)
   ->  Index Scan using index_listings_on_id_and_user_id_and_title on listings  (cost=0.00..1615.79 rows=4 width=0)
         Index Cond: (user_id = 25348)
[0m
  [4;36;1mSQL (160.4ms)[0m   [0;1mSELECT count(*) AS count_all FROM "impressions" WHERE ("impressions".listing_id = 113069) [0m
  [4;35;1mAnalyzing  Execution Time: 0.160642

[0m   [0mAggregate  (cost=12714.08..12714.09 rows=1 width=0)
   ->  Seq Scan on impressions  (cost=0.00..12714.00 rows=31 width=0)
         Filter: (listing_id = 113069)
[0m
  [4;36;1mSQL (183.6ms)[0m   [0;1mSELECT count(*) AS count_all FROM "impressions" WHERE ("impressions".listing_id = 113094) [0m
  [4;35;1mAnalyzing  Execution Time: 0.183923

[0m   [0mAggregate  (cost=12714.08..12714.09 rows=1 width=0)
   ->  Seq Scan on impressions  (cost=0.00..12714.00 rows=31 width=0)
         Filter: (listing_id = 113094)
[0m
  [4;36;1mSQL (154.9ms)[0m   [0;1mSELECT count(*) AS count_all FROM "impressions" WHERE ("impressions".listing_id = 113095) [0m
  [4;35;1mAnalyzing  Execution Time: 0.155139

[0m   [0mAggregate  (cost=12714.08..12714.09 rows=1 width=0)
   ->  Seq Scan on impressions  (cost=0.00..12714.00 rows=31 width=0)
         Filter: (listing_id = 113095)
[0m
  [4;36;1mSQL (152.6ms)[0m   [0;1mSELECT count(*) AS count_all FROM "impressions" WHERE ("impressions".listing_id = 113096) [0m
  [4;35;1mAnalyzing  Execution Time: 0.152823

[0m   [0mAggregate  (cost=12714.08..12714.09 rows=1 width=0)
   ->  Seq Scan on impressions  (cost=0.00..12714.00 rows=31 width=0)
         Filter: (listing_id = 113096)
[0m
  [4;36;1mSQL (9.6ms)[0m   [0;1mSELECT count(*) AS count_all FROM "clicks" WHERE ("clicks".listing_id = 113069) [0m
  [4;35;1mAnalyzing  Execution Time: 0.009832

[0m   [0mAggregate  (cost=814.47..814.48 rows=1 width=0)
   ->  Seq Scan on clicks  (cost=0.00..814.46 rows=2 width=0)
         Filter: (listing_id = 113069)
[0m
  [4;36;1mSQL (8.8ms)[0m   [0;1mSELECT count(*) AS count_all FROM "clicks" WHERE ("clicks".listing_id = 113094) [0m
  [4;35;1mAnalyzing  Execution Time: 0.00911

[0m   [0mAggregate  (cost=814.47..814.48 rows=1 width=0)
   ->  Seq Scan on clicks  (cost=0.00..814.46 rows=2 width=0)
         Filter: (listing_id = 113094)
[0m
  [4;36;1mSQL (11.3ms)[0m   [0;1mSELECT count(*) AS count_all FROM "clicks" WHERE ("clicks".listing_id = 113095) [0m
  [4;35;1mAnalyzing  Execution Time: 0.011597

[0m   [0mAggregate  (cost=814.47..814.48 rows=1 width=0)
   ->  Seq Scan on clicks  (cost=0.00..814.46 rows=2 width=0)
         Filter: (listing_id = 113095)
[0m
  [4;36;1mSQL (9.2ms)[0m   [0;1mSELECT count(*) AS count_all FROM "clicks" WHERE ("clicks".listing_id = 113096) [0m
  [4;35;1mAnalyzing  Execution Time: 0.009431

[0m   [0mAggregate  (cost=814.47..814.48 rows=1 width=0)
   ->  Seq Scan on clicks  (cost=0.00..814.46 rows=2 width=0)
         Filter: (listing_id = 113096)
[0m
  [4;36;1mSQL (2.0ms)[0m   [0;1mSELECT count(*) AS count_all FROM "listings" WHERE ("listings".user_id = 25347) [0m
  [4;35;1mAnalyzing  Execution Time: 0.002224

[0m   [0mAggregate  (cost=1615.81..1615.82 rows=1 width=0)
   ->  Index Scan using index_listings_on_id_and_user_id_and_title on listings  (cost=0.00..1615.79 rows=4 width=0)
         Index Cond: (user_id = 25347)
[0m
  [4;36;1mSQL (155.0ms)[0m   [0;1mSELECT count(*) AS count_all FROM "impressions" WHERE ("impressions".listing_id = 70420) [0m
  [4;35;1mAnalyzing  Execution Time: 0.155249

[0m   [0mAggregate  (cost=12714.08..12714.09 rows=1 width=0)
   ->  Seq Scan on impressions  (cost=0.00..12714.00 rows=31 width=0)
         Filter: (listing_id = 70420)
[0m
  [4;36;1mSQL (9.1ms)[0m   [0;1mSELECT count(*) AS count_all FROM "clicks" WHERE ("clicks".listing_id = 70420) [0m
  [4;35;1mAnalyzing  Execution Time: 0.00941

[0m   [0mAggregate  (cost=814.47..814.48 rows=1 width=0)
   ->  Seq Scan on clicks  (cost=0.00..814.46 rows=2 width=0)
         Filter: (listing_id = 70420)
[0m
  [4;36;1mSQL (2.3ms)[0m   [0;1mSELECT count(*) AS count_all FROM "listings" WHERE ("listings".user_id = 25346) [0m
  [4;35;1mAnalyzing  Execution Time: 0.002634

[0m   [0mAggregate  (cost=1615.81..1615.82 rows=1 width=0)
   ->  Index Scan using index_listings_on_id_and_user_id_and_title on listings  (cost=0.00..1615.79 rows=4 width=0)
         Index Cond: (user_id = 25346)
[0m
  [4;36;1mSQL (157.1ms)[0m   [0;1mSELECT count(*) AS count_all FROM "impressions" WHERE ("impressions".listing_id = 79649) [0m
  [4;35;1mAnalyzing  Execution Time: 0.157327

[0m   [0mAggregate  (cost=12714.08..12714.09 rows=1 width=0)
   ->  Seq Scan on impressions  (cost=0.00..12714.00 rows=31 width=0)
         Filter: (listing_id = 79649)
[0m
  [4;36;1mSQL (155.0ms)[0m   [0;1mSELECT count(*) AS count_all FROM "impressions" WHERE ("impressions".listing_id = 100382) [0m
  [4;35;1mAnalyzing  Execution Time: 0.155297

[0m   [0mAggregate  (cost=12714.08..12714.09 rows=1 width=0)
   ->  Seq Scan on impressions  (cost=0.00..12714.00 rows=31 width=0)
         Filter: (listing_id = 100382)
[0m
  [4;36;1mSQL (154.3ms)[0m   [0;1mSELECT count(*) AS count_all FROM "impressions" WHERE ("impressions".listing_id = 113064) [0m
  [4;35;1mAnalyzing  Execution Time: 0.154549

[0m   [0mAggregate  (cost=12714.08..12714.09 rows=1 width=0)
   ->  Seq Scan on impressions  (cost=0.00..12714.00 rows=31 width=0)
         Filter: (listing_id = 113064)
[0m
  [4;36;1mSQL (150.9ms)[0m   [0;1mSELECT count(*) AS count_all FROM "impressions" WHERE ("impressions".listing_id = 113066) [0m
  [4;35;1mAnalyzing  Execution Time: 0.151173

[0m   [0mAggregate  (cost=12714.08..12714.09 rows=1 width=0)
   ->  Seq Scan on impressions  (cost=0.00..12714.00 rows=31 width=0)
         Filter: (listing_id = 113066)
[0m
  [4;36;1mSQL (10.5ms)[0m   [0;1mSELECT count(*) AS count_all FROM "clicks" WHERE ("clicks".listing_id = 79649) [0m
  [4;35;1mAnalyzing  Execution Time: 0.010791

[0m   [0mAggregate  (cost=814.47..814.48 rows=1 width=0)
   ->  Seq Scan on clicks  (cost=0.00..814.46 rows=2 width=0)
         Filter: (listing_id = 79649)
[0m
  [4;36;1mSQL (10.0ms)[0m   [0;1mSELECT count(*) AS count_all FROM "clicks" WHERE ("clicks".listing_id = 100382) [0m
  [4;35;1mAnalyzing  Execution Time: 0.010318

[0m   [0mAggregate  (cost=814.47..814.48 rows=1 width=0)
   ->  Seq Scan on clicks  (cost=0.00..814.46 rows=2 width=0)
         Filter: (listing_id = 100382)
[0m
  [4;36;1mSQL (8.4ms)[0m   [0;1mSELECT count(*) AS count_all FROM "clicks" WHERE ("clicks".listing_id = 113064) [0m
  [4;35;1mAnalyzing  Execution Time: 0.008665

[0m   [0mAggregate  (cost=814.47..814.48 rows=1 width=0)
   ->  Seq Scan on clicks  (cost=0.00..814.46 rows=2 width=0)
         Filter: (listing_id = 113064)
[0m
  [4;36;1mSQL (11.8ms)[0m   [0;1mSELECT count(*) AS count_all FROM "clicks" WHERE ("clicks".listing_id = 113066) [0m
  [4;35;1mAnalyzing  Execution Time: 0.012636

[0m   [0mAggregate  (cost=814.47..814.48 rows=1 width=0)
   ->  Seq Scan on clicks  (cost=0.00..814.46 rows=2 width=0)
         Filter: (listing_id = 113066)
[0m
  [4;36;1mSQL (2.5ms)[0m   [0;1mSELECT count(*) AS count_all FROM "listings" WHERE ("listings".user_id = 25345) [0m
  [4;35;1mAnalyzing  Execution Time: 0.002803

[0m   [0mAggregate  (cost=1615.81..1615.82 rows=1 width=0)
   ->  Index Scan using index_listings_on_id_and_user_id_and_title on listings  (cost=0.00..1615.79 rows=4 width=0)
         Index Cond: (user_id = 25345)
[0m
  [4;36;1mSQL (153.3ms)[0m   [0;1mSELECT count(*) AS count_all FROM "impressions" WHERE ("impressions".listing_id = 113063) [0m
  [4;35;1mAnalyzing  Execution Time: 0.153648

[0m   [0mAggregate  (cost=12714.08..12714.09 rows=1 width=0)
   ->  Seq Scan on impressions  (cost=0.00..12714.00 rows=31 width=0)
         Filter: (listing_id = 113063)
[0m
  [4;36;1mSQL (9.2ms)[0m   [0;1mSELECT count(*) AS count_all FROM "clicks" WHERE ("clicks".listing_id = 113063) [0m
  [4;35;1mAnalyzing  Execution Time: 0.00944

[0m   [0mAggregate  (cost=814.47..814.48 rows=1 width=0)
   ->  Seq Scan on clicks  (cost=0.00..814.46 rows=2 width=0)
         Filter: (listing_id = 113063)
[0m
  [4;36;1mSQL (1.9ms)[0m   [0;1mSELECT count(*) AS count_all FROM "listings" WHERE ("listings".user_id = 25343) [0m
  [4;35;1mAnalyzing  Execution Time: 0.002127

[0m   [0mAggregate  (cost=1615.81..1615.82 rows=1 width=0)
   ->  Index Scan using index_listings_on_id_and_user_id_and_title on listings  (cost=0.00..1615.79 rows=4 width=0)
         Index Cond: (user_id = 25343)
[0m
  [4;36;1mSQL (155.7ms)[0m   [0;1mSELECT count(*) AS count_all FROM "impressions" WHERE ("impressions".listing_id = 113062) [0m
  [4;35;1mAnalyzing  Execution Time: 0.155952

[0m   [0mAggregate  (cost=12714.08..12714.09 rows=1 width=0)
   ->  Seq Scan on impressions  (cost=0.00..12714.00 rows=31 width=0)
         Filter: (listing_id = 113062)
[0m
  [4;36;1mSQL (8.6ms)[0m   [0;1mSELECT count(*) AS count_all FROM "clicks" WHERE ("clicks".listing_id = 113062) [0m
  [4;35;1mAnalyzing  Execution Time: 0.008846

[0m   [0mAggregate  (cost=814.47..814.48 rows=1 width=0)
   ->  Seq Scan on clicks  (cost=0.00..814.46 rows=2 width=0)
         Filter: (listing_id = 113062)
[0m
  [4;36;1mSQL (2.4ms)[0m   [0;1mSELECT count(*) AS count_all FROM "listings" WHERE ("listings".user_id = 25342) [0m
  [4;35;1mAnalyzing  Execution Time: 0.002697

[0m   [0mAggregate  (cost=1615.81..1615.82 rows=1 width=0)
   ->  Index Scan using index_listings_on_id_and_user_id_and_title on listings  (cost=0.00..1615.79 rows=4 width=0)
         Index Cond: (user_id = 25342)
[0m
  [4;36;1mSQL (158.8ms)[0m   [0;1mSELECT count(*) AS count_all FROM "impressions" WHERE ("impressions".listing_id = 66871) [0m
  [4;35;1mAnalyzing  Execution Time: 0.159142

[0m   [0mAggregate  (cost=12714.08..12714.09 rows=1 width=0)
   ->  Seq Scan on impressions  (cost=0.00..12714.00 rows=31 width=0)
         Filter: (listing_id = 66871)
[0m
  [4;36;1mSQL (9.5ms)[0m   [0;1mSELECT count(*) AS count_all FROM "clicks" WHERE ("clicks".listing_id = 66871) [0m
  [4;35;1mAnalyzing  Execution Time: 0.009821

[0m   [0mAggregate  (cost=814.47..814.48 rows=1 width=0)
   ->  Seq Scan on clicks  (cost=0.00..814.46 rows=2 width=0)
         Filter: (listing_id = 66871)
[0m
  [4;36;1mSQL (2.6ms)[0m   [0;1mSELECT count(*) AS count_all FROM "listings" WHERE ("listings".user_id = 25341) [0m
  [4;35;1mAnalyzing  Execution Time: 0.002936

[0m   [0mAggregate  (cost=1615.81..1615.82 rows=1 width=0)
   ->  Index Scan using index_listings_on_id_and_user_id_and_title on listings  (cost=0.00..1615.79 rows=4 width=0)
         Index Cond: (user_id = 25341)
[0m
  [4;36;1mSQL (148.3ms)[0m   [0;1mSELECT count(*) AS count_all FROM "impressions" WHERE ("impressions".listing_id = 84194) [0m
  [4;35;1mAnalyzing  Execution Time: 0.148529

[0m   [0mAggregate  (cost=12714.08..12714.09 rows=1 width=0)
   ->  Seq Scan on impressions  (cost=0.00..12714.00 rows=31 width=0)
         Filter: (listing_id = 84194)
[0m
  [4;36;1mSQL (157.7ms)[0m   [0;1mSELECT count(*) AS count_all FROM "impressions" WHERE ("impressions".listing_id = 84195) [0m
  [4;35;1mAnalyzing  Execution Time: 0.157998

[0m   [0mAggregate  (cost=12714.08..12714.09 rows=1 width=0)
   ->  Seq Scan on impressions  (cost=0.00..12714.00 rows=31 width=0)
         Filter: (listing_id = 84195)
[0m
  [4;36;1mSQL (157.0ms)[0m   [0;1mSELECT count(*) AS count_all FROM "impressions" WHERE ("impressions".listing_id = 84196) [0m
  [4;35;1mAnalyzing  Execution Time: 0.157277

[0m   [0mAggregate  (cost=12714.08..12714.09 rows=1 width=0)
   ->  Seq Scan on impressions  (cost=0.00..12714.00 rows=31 width=0)
         Filter: (listing_id = 84196)
[0m
  [4;36;1mSQL (151.6ms)[0m   [0;1mSELECT count(*) AS count_all FROM "impressions" WHERE ("impressions".listing_id = 113061) [0m
  [4;35;1mAnalyzing  Execution Time: 0.151956

[0m   [0mAggregate  (cost=12714.08..12714.09 rows=1 width=0)
   ->  Seq Scan on impressions  (cost=0.00..12714.00 rows=31 width=0)
         Filter: (listing_id = 113061)
[0m
  [4;36;1mSQL (10.5ms)[0m   [0;1mSELECT count(*) AS count_all FROM "clicks" WHERE ("clicks".listing_id = 84194) [0m
  [4;35;1mAnalyzing  Execution Time: 0.010823

[0m   [0mAggregate  (cost=814.47..814.48 rows=1 width=0)
   ->  Seq Scan on clicks  (cost=0.00..814.46 rows=2 width=0)
         Filter: (listing_id = 84194)
[0m
  [4;36;1mSQL (8.6ms)[0m   [0;1mSELECT count(*) AS count_all FROM "clicks" WHERE ("clicks".listing_id = 84195) [0m
  [4;35;1mAnalyzing  Execution Time: 0.008867

[0m   [0mAggregate  (cost=814.47..814.48 rows=1 width=0)
   ->  Seq Scan on clicks  (cost=0.00..814.46 rows=2 width=0)
         Filter: (listing_id = 84195)
[0m
  [4;36;1mSQL (8.7ms)[0m   [0;1mSELECT count(*) AS count_all FROM "clicks" WHERE ("clicks".listing_id = 84196) [0m
  [4;35;1mAnalyzing  Execution Time: 0.009056

[0m   [0mAggregate  (cost=814.47..814.48 rows=1 width=0)
   ->  Seq Scan on clicks  (cost=0.00..814.46 rows=2 width=0)
         Filter: (listing_id = 84196)
[0m
  [4;36;1mSQL (9.7ms)[0m   [0;1mSELECT count(*) AS count_all FROM "clicks" WHERE ("clicks".listing_id = 113061) [0m
  [4;35;1mAnalyzing  Execution Time: 0.009952

[0m   [0mAggregate  (cost=814.47..814.48 rows=1 width=0)
   ->  Seq Scan on clicks  (cost=0.00..814.46 rows=2 width=0)
         Filter: (listing_id = 113061)
[0m
  [4;36;1mSQL (7.7ms)[0m   [0;1mSELECT count(*) AS count_all FROM "listings" WHERE ("listings".user_id = 25340) [0m
  [4;35;1mAnalyzing  Execution Time: 0.007957

[0m   [0mAggregate  (cost=1615.81..1615.82 rows=1 width=0)
   ->  Index Scan using index_listings_on_id_and_user_id_and_title on listings  (cost=0.00..1615.79 rows=4 width=0)
         Index Cond: (user_id = 25340)
[0m
  [4;36;1mSQL (153.0ms)[0m   [0;1mSELECT count(*) AS count_all FROM "impressions" WHERE ("impressions".listing_id = 113060) [0m
  [4;35;1mAnalyzing  Execution Time: 0.153257

[0m   [0mAggregate  (cost=12714.08..12714.09 rows=1 width=0)
   ->  Seq Scan on impressions  (cost=0.00..12714.00 rows=31 width=0)
         Filter: (listing_id = 113060)
[0m
  [4;36;1mSQL (8.6ms)[0m   [0;1mSELECT count(*) AS count_all FROM "clicks" WHERE ("clicks".listing_id = 113060) [0m
  [4;35;1mAnalyzing  Execution Time: 0.008859

[0m   [0mAggregate  (cost=814.47..814.48 rows=1 width=0)
   ->  Seq Scan on clicks  (cost=0.00..814.46 rows=2 width=0)
         Filter: (listing_id = 113060)
[0m
  [4;36;1mSQL (3.0ms)[0m   [0;1mSELECT count(*) AS count_all FROM "listings" WHERE ("listings".user_id = 25339) [0m
  [4;35;1mAnalyzing  Execution Time: 0.003297

[0m   [0mAggregate  (cost=1615.81..1615.82 rows=1 width=0)
   ->  Index Scan using index_listings_on_id_and_user_id_and_title on listings  (cost=0.00..1615.79 rows=4 width=0)
         Index Cond: (user_id = 25339)
[0m
  [4;36;1mSQL (161.2ms)[0m   [0;1mSELECT count(*) AS count_all FROM "impressions" WHERE ("impressions".listing_id = 80836) [0m
  [4;35;1mAnalyzing  Execution Time: 0.161454

[0m   [0mAggregate  (cost=12714.08..12714.09 rows=1 width=0)
   ->  Seq Scan on impressions  (cost=0.00..12714.00 rows=31 width=0)
         Filter: (listing_id = 80836)
[0m
  [4;36;1mSQL (9.6ms)[0m   [0;1mSELECT count(*) AS count_all FROM "clicks" WHERE ("clicks".listing_id = 80836) [0m
  [4;35;1mAnalyzing  Execution Time: 0.009895

[0m   [0mAggregate  (cost=814.47..814.48 rows=1 width=0)
   ->  Seq Scan on clicks  (cost=0.00..814.46 rows=2 width=0)
         Filter: (listing_id = 80836)
[0m
  [4;36;1mSQL (3.0ms)[0m   [0;1mSELECT count(*) AS count_all FROM "listings" WHERE ("listings".user_id = 25338) [0m
  [4;35;1mAnalyzing  Execution Time: 0.003278

[0m   [0mAggregate  (cost=1615.81..1615.82 rows=1 width=0)
   ->  Index Scan using index_listings_on_id_and_user_id_and_title on listings  (cost=0.00..1615.79 rows=4 width=0)
         Index Cond: (user_id = 25338)
[0m
  [4;36;1mSQL (150.9ms)[0m   [0;1mSELECT count(*) AS count_all FROM "impressions" WHERE ("impressions".listing_id = 70734) [0m
  [4;35;1mAnalyzing  Execution Time: 0.151216

[0m   [0mAggregate  (cost=12714.08..12714.09 rows=1 width=0)
   ->  Seq Scan on impressions  (cost=0.00..12714.00 rows=31 width=0)
         Filter: (listing_id = 70734)
[0m
  [4;36;1mSQL (10.9ms)[0m   [0;1mSELECT count(*) AS count_all FROM "clicks" WHERE ("clicks".listing_id = 70734) [0m
  [4;35;1mAnalyzing  Execution Time: 0.01119

[0m   [0mAggregate  (cost=814.47..814.48 rows=1 width=0)
   ->  Seq Scan on clicks  (cost=0.00..814.46 rows=2 width=0)
         Filter: (listing_id = 70734)
[0m
  [4;36;1mSQL (2.8ms)[0m   [0;1mSELECT count(*) AS count_all FROM "listings" WHERE ("listings".user_id = 25337) [0m
  [4;35;1mAnalyzing  Execution Time: 0.003057

[0m   [0mAggregate  (cost=1615.81..1615.82 rows=1 width=0)
   ->  Index Scan using index_listings_on_id_and_user_id_and_title on listings  (cost=0.00..1615.79 rows=4 width=0)
         Index Cond: (user_id = 25337)
[0m
  [4;36;1mSQL (152.5ms)[0m   [0;1mSELECT count(*) AS count_all FROM "impressions" WHERE ("impressions".listing_id = 83649) [0m
  [4;35;1mAnalyzing  Execution Time: 0.152773

[0m   [0mAggregate  (cost=12714.08..12714.09 rows=1 width=0)
   ->  Seq Scan on impressions  (cost=0.00..12714.00 rows=31 width=0)
         Filter: (listing_id = 83649)
[0m
  [4;36;1mSQL (11.3ms)[0m   [0;1mSELECT count(*) AS count_all FROM "clicks" WHERE ("clicks".listing_id = 83649) [0m
  [4;35;1mAnalyzing  Execution Time: 0.011575

[0m   [0mAggregate  (cost=814.47..814.48 rows=1 width=0)
   ->  Seq Scan on clicks  (cost=0.00..814.46 rows=2 width=0)
         Filter: (listing_id = 83649)
[0m
  [4;36;1mSQL (2.7ms)[0m   [0;1mSELECT count(*) AS count_all FROM "listings" WHERE ("listings".user_id = 25336) [0m
  [4;35;1mAnalyzing  Execution Time: 0.003024

[0m   [0mAggregate  (cost=1615.81..1615.82 rows=1 width=0)
   ->  Index Scan using index_listings_on_id_and_user_id_and_title on listings  (cost=0.00..1615.79 rows=4 width=0)
         Index Cond: (user_id = 25336)
[0m
  [4;36;1mSQL (151.2ms)[0m   [0;1mSELECT count(*) AS count_all FROM "impressions" WHERE ("impressions".listing_id = 113059) [0m
  [4;35;1mAnalyzing  Execution Time: 0.151489

[0m   [0mAggregate  (cost=12714.08..12714.09 rows=1 width=0)
   ->  Seq Scan on impressions  (cost=0.00..12714.00 rows=31 width=0)
         Filter: (listing_id = 113059)
[0m
  [4;36;1mSQL (9.2ms)[0m   [0;1mSELECT count(*) AS count_all FROM "clicks" WHERE ("clicks".listing_id = 113059) [0m
  [4;35;1mAnalyzing  Execution Time: 0.009432

[0m   [0mAggregate  (cost=814.47..814.48 rows=1 width=0)
   ->  Seq Scan on clicks  (cost=0.00..814.46 rows=2 width=0)
         Filter: (listing_id = 113059)
[0m
  [4;36;1mSQL (2.1ms)[0m   [0;1mSELECT count(*) AS count_all FROM "listings" WHERE ("listings".user_id = 25335) [0m
  [4;35;1mAnalyzing  Execution Time: 0.002334

[0m   [0mAggregate  (cost=1615.81..1615.82 rows=1 width=0)
   ->  Index Scan using index_listings_on_id_and_user_id_and_title on listings  (cost=0.00..1615.79 rows=4 width=0)
         Index Cond: (user_id = 25335)
[0m
  [4;36;1mSQL (153.7ms)[0m   [0;1mSELECT count(*) AS count_all FROM "impressions" WHERE ("impressions".listing_id = 68684) [0m
  [4;35;1mAnalyzing  Execution Time: 0.154003

[0m   [0mAggregate  (cost=12714.08..12714.09 rows=1 width=0)
   ->  Seq Scan on impressions  (cost=0.00..12714.00 rows=31 width=0)
         Filter: (listing_id = 68684)
[0m
  [4;36;1mSQL (147.1ms)[0m   [0;1mSELECT count(*) AS count_all FROM "impressions" WHERE ("impressions".listing_id = 68685) [0m
  [4;35;1mAnalyzing  Execution Time: 0.147395

[0m   [0mAggregate  (cost=12714.08..12714.09 rows=1 width=0)
   ->  Seq Scan on impressions  (cost=0.00..12714.00 rows=31 width=0)
         Filter: (listing_id = 68685)
[0m
  [4;36;1mSQL (161.0ms)[0m   [0;1mSELECT count(*) AS count_all FROM "impressions" WHERE ("impressions".listing_id = 84219) [0m
  [4;35;1mAnalyzing  Execution Time: 0.161282

[0m   [0mAggregate  (cost=12714.08..12714.09 rows=1 width=0)
   ->  Seq Scan on impressions  (cost=0.00..12714.00 rows=31 width=0)
         Filter: (listing_id = 84219)
[0m
  [4;36;1mSQL (11.9ms)[0m   [0;1mSELECT count(*) AS count_all FROM "clicks" WHERE ("clicks".listing_id = 68684) [0m
  [4;35;1mAnalyzing  Execution Time: 0.012188

[0m   [0mAggregate  (cost=814.47..814.48 rows=1 width=0)
   ->  Seq Scan on clicks  (cost=0.00..814.46 rows=2 width=0)
         Filter: (listing_id = 68684)
[0m
  [4;36;1mSQL (9.0ms)[0m   [0;1mSELECT count(*) AS count_all FROM "clicks" WHERE ("clicks".listing_id = 68685) [0m
  [4;35;1mAnalyzing  Execution Time: 0.009241

[0m   [0mAggregate  (cost=814.47..814.48 rows=1 width=0)
   ->  Seq Scan on clicks  (cost=0.00..814.46 rows=2 width=0)
         Filter: (listing_id = 68685)
[0m
  [4;36;1mSQL (8.5ms)[0m   [0;1mSELECT count(*) AS count_all FROM "clicks" WHERE ("clicks".listing_id = 84219) [0m
  [4;35;1mAnalyzing  Execution Time: 0.008785

[0m   [0mAggregate  (cost=814.47..814.48 rows=1 width=0)
   ->  Seq Scan on clicks  (cost=0.00..814.46 rows=2 width=0)
         Filter: (listing_id = 84219)
[0m
  [4;36;1mSQL (7.4ms)[0m   [0;1mSELECT count(*) AS count_all FROM "listings" WHERE ("listings".user_id = 25334) [0m
  [4;35;1mAnalyzing  Execution Time: 0.007759

[0m   [0mAggregate  (cost=1615.81..1615.82 rows=1 width=0)
   ->  Index Scan using index_listings_on_id_and_user_id_and_title on listings  (cost=0.00..1615.79 rows=4 width=0)
         Index Cond: (user_id = 25334)
[0m
  [4;36;1mSQL (154.6ms)[0m   [0;1mSELECT count(*) AS count_all FROM "impressions" WHERE ("impressions".listing_id = 113058) [0m
  [4;35;1mAnalyzing  Execution Time: 0.154863

[0m   [0mAggregate  (cost=12714.08..12714.09 rows=1 width=0)
   ->  Seq Scan on impressions  (cost=0.00..12714.00 rows=31 width=0)
         Filter: (listing_id = 113058)
[0m
  [4;36;1mSQL (11.3ms)[0m   [0;1mSELECT count(*) AS count_all FROM "clicks" WHERE ("clicks".listing_id = 113058) [0m
  [4;35;1mAnalyzing  Execution Time: 0.011599

[0m   [0mAggregate  (cost=814.47..814.48 rows=1 width=0)
   ->  Seq Scan on clicks  (cost=0.00..814.46 rows=2 width=0)
         Filter: (listing_id = 113058)
[0m
  [4;36;1mSQL (4.2ms)[0m   [0;1mSELECT count(*) AS count_all FROM "listings" WHERE ("listings".user_id = 25331) [0m
  [4;35;1mAnalyzing  Execution Time: 0.004508

[0m   [0mAggregate  (cost=1615.81..1615.82 rows=1 width=0)
   ->  Index Scan using index_listings_on_id_and_user_id_and_title on listings  (cost=0.00..1615.79 rows=4 width=0)
         Index Cond: (user_id = 25331)
[0m
  [4;36;1mSQL (151.4ms)[0m   [0;1mSELECT count(*) AS count_all FROM "impressions" WHERE ("impressions".listing_id = 68082) [0m
  [4;35;1mAnalyzing  Execution Time: 0.151737

[0m   [0mAggregate  (cost=12714.08..12714.09 rows=1 width=0)
   ->  Seq Scan on impressions  (cost=0.00..12714.00 rows=31 width=0)
         Filter: (listing_id = 68082)
[0m
  [4;36;1mSQL (9.7ms)[0m   [0;1mSELECT count(*) AS count_all FROM "clicks" WHERE ("clicks".listing_id = 68082) [0m
  [4;35;1mAnalyzing  Execution Time: 0.01

[0m   [0mAggregate  (cost=814.49..814.50 rows=1 width=0)
   ->  Seq Scan on clicks  (cost=0.00..814.46 rows=11 width=0)
         Filter: (listing_id = 68082)
[0m
  [4;36;1mSQL (2.0ms)[0m   [0;1mSELECT count(*) AS count_all FROM "listings" WHERE ("listings".user_id = 25330) [0m
  [4;35;1mAnalyzing  Execution Time: 0.00227

[0m   [0mAggregate  (cost=1615.81..1615.82 rows=1 width=0)
   ->  Index Scan using index_listings_on_id_and_user_id_and_title on listings  (cost=0.00..1615.79 rows=4 width=0)
         Index Cond: (user_id = 25330)
[0m
  [4;36;1mSQL (155.0ms)[0m   [0;1mSELECT count(*) AS count_all FROM "impressions" WHERE ("impressions".listing_id = 113055) [0m
  [4;35;1mAnalyzing  Execution Time: 0.155267

[0m   [0mAggregate  (cost=12714.08..12714.09 rows=1 width=0)
   ->  Seq Scan on impressions  (cost=0.00..12714.00 rows=31 width=0)
         Filter: (listing_id = 113055)
[0m
  [4;36;1mSQL (9.4ms)[0m   [0;1mSELECT count(*) AS count_all FROM "clicks" WHERE ("clicks".listing_id = 113055) [0m
  [4;35;1mAnalyzing  Execution Time: 0.009699

[0m   [0mAggregate  (cost=814.47..814.48 rows=1 width=0)
   ->  Seq Scan on clicks  (cost=0.00..814.46 rows=2 width=0)
         Filter: (listing_id = 113055)
[0m
  [4;36;1mSQL (2.4ms)[0m   [0;1mSELECT count(*) AS count_all FROM "listings" WHERE ("listings".user_id = 25329) [0m
  [4;35;1mAnalyzing  Execution Time: 0.002689

[0m   [0mAggregate  (cost=1615.81..1615.82 rows=1 width=0)
   ->  Index Scan using index_listings_on_id_and_user_id_and_title on listings  (cost=0.00..1615.79 rows=4 width=0)
         Index Cond: (user_id = 25329)
[0m
  [4;36;1mSQL (155.0ms)[0m   [0;1mSELECT count(*) AS count_all FROM "impressions" WHERE ("impressions".listing_id = 89656) [0m
  [4;35;1mAnalyzing  Execution Time: 0.155261

[0m   [0mAggregate  (cost=12714.08..12714.09 rows=1 width=0)
   ->  Seq Scan on impressions  (cost=0.00..12714.00 rows=31 width=0)
         Filter: (listing_id = 89656)
[0m
  [4;36;1mSQL (152.0ms)[0m   [0;1mSELECT count(*) AS count_all FROM "impressions" WHERE ("impressions".listing_id = 89657) [0m
  [4;35;1mAnalyzing  Execution Time: 0.152312

[0m   [0mAggregate  (cost=12714.08..12714.09 rows=1 width=0)
   ->  Seq Scan on impressions  (cost=0.00..12714.00 rows=31 width=0)
         Filter: (listing_id = 89657)
[0m
  [4;36;1mSQL (9.6ms)[0m   [0;1mSELECT count(*) AS count_all FROM "clicks" WHERE ("clicks".listing_id = 89656) [0m
  [4;35;1mAnalyzing  Execution Time: 0.009912

[0m   [0mAggregate  (cost=814.47..814.48 rows=1 width=0)
   ->  Seq Scan on clicks  (cost=0.00..814.46 rows=2 width=0)
         Filter: (listing_id = 89656)
[0m
  [4;36;1mSQL (8.6ms)[0m   [0;1mSELECT count(*) AS count_all FROM "clicks" WHERE ("clicks".listing_id = 89657) [0m
  [4;35;1mAnalyzing  Execution Time: 0.008874

[0m   [0mAggregate  (cost=814.47..814.48 rows=1 width=0)
   ->  Seq Scan on clicks  (cost=0.00..814.46 rows=2 width=0)
         Filter: (listing_id = 89657)
[0m
  [4;36;1mSQL (4.8ms)[0m   [0;1mSELECT count(*) AS count_all FROM "listings" WHERE ("listings".user_id = 25328) [0m
  [4;35;1mAnalyzing  Execution Time: 0.005124

[0m   [0mAggregate  (cost=1615.81..1615.82 rows=1 width=0)
   ->  Index Scan using index_listings_on_id_and_user_id_and_title on listings  (cost=0.00..1615.79 rows=4 width=0)
         Index Cond: (user_id = 25328)
[0m
  [4;36;1mSQL (153.3ms)[0m   [0;1mSELECT count(*) AS count_all FROM "impressions" WHERE ("impressions".listing_id = 113054) [0m
  [4;35;1mAnalyzing  Execution Time: 0.153574

[0m   [0mAggregate  (cost=12714.08..12714.09 rows=1 width=0)
   ->  Seq Scan on impressions  (cost=0.00..12714.00 rows=31 width=0)
         Filter: (listing_id = 113054)
[0m
  [4;36;1mSQL (9.4ms)[0m   [0;1mSELECT count(*) AS count_all FROM "clicks" WHERE ("clicks".listing_id = 113054) [0m
  [4;35;1mAnalyzing  Execution Time: 0.009884

[0m   [0mAggregate  (cost=814.47..814.48 rows=1 width=0)
   ->  Seq Scan on clicks  (cost=0.00..814.46 rows=2 width=0)
         Filter: (listing_id = 113054)
[0m
  [4;36;1mSQL (3.2ms)[0m   [0;1mSELECT count(*) AS count_all FROM "listings" WHERE ("listings".user_id = 25327) [0m
  [4;35;1mAnalyzing  Execution Time: 0.003435

[0m   [0mAggregate  (cost=1615.81..1615.82 rows=1 width=0)
   ->  Index Scan using index_listings_on_id_and_user_id_and_title on listings  (cost=0.00..1615.79 rows=4 width=0)
         Index Cond: (user_id = 25327)
[0m
  [4;36;1mSQL (153.5ms)[0m   [0;1mSELECT count(*) AS count_all FROM "impressions" WHERE ("impressions".listing_id = 68557) [0m
  [4;35;1mAnalyzing  Execution Time: 0.153788

[0m   [0mAggregate  (cost=12714.08..12714.09 rows=1 width=0)
   ->  Seq Scan on impressions  (cost=0.00..12714.00 rows=31 width=0)
         Filter: (listing_id = 68557)
[0m
  [4;36;1mSQL (10.6ms)[0m   [0;1mSELECT count(*) AS count_all FROM "clicks" WHERE ("clicks".listing_id = 68557) [0m
  [4;35;1mAnalyzing  Execution Time: 0.010935

[0m   [0mAggregate  (cost=814.47..814.48 rows=1 width=0)
   ->  Seq Scan on clicks  (cost=0.00..814.46 rows=2 width=0)
         Filter: (listing_id = 68557)
[0m
  [4;36;1mSQL (2.0ms)[0m   [0;1mSELECT count(*) AS count_all FROM "listings" WHERE ("listings".user_id = 25326) [0m
  [4;35;1mAnalyzing  Execution Time: 0.002283

[0m   [0mAggregate  (cost=1615.81..1615.82 rows=1 width=0)
   ->  Index Scan using index_listings_on_id_and_user_id_and_title on listings  (cost=0.00..1615.79 rows=4 width=0)
         Index Cond: (user_id = 25326)
[0m
  [4;36;1mSQL (164.2ms)[0m   [0;1mSELECT count(*) AS count_all FROM "impressions" WHERE ("impressions".listing_id = 113053) [0m
  [4;35;1mAnalyzing  Execution Time: 0.164495

[0m   [0mAggregate  (cost=12714.08..12714.09 rows=1 width=0)
   ->  Seq Scan on impressions  (cost=0.00..12714.00 rows=31 width=0)
         Filter: (listing_id = 113053)
[0m
  [4;36;1mSQL (8.7ms)[0m   [0;1mSELECT count(*) AS count_all FROM "clicks" WHERE ("clicks".listing_id = 113053) [0m
  [4;35;1mAnalyzing  Execution Time: 0.00895

[0m   [0mAggregate  (cost=814.47..814.48 rows=1 width=0)
   ->  Seq Scan on clicks  (cost=0.00..814.46 rows=2 width=0)
         Filter: (listing_id = 113053)
[0m
  [4;36;1mSQL (3.5ms)[0m   [0;1mSELECT count(*) AS count_all FROM "listings" WHERE ("listings".user_id = 25325) [0m
  [4;35;1mAnalyzing  Execution Time: 0.003841

[0m   [0mAggregate  (cost=1615.81..1615.82 rows=1 width=0)
   ->  Index Scan using index_listings_on_id_and_user_id_and_title on listings  (cost=0.00..1615.79 rows=4 width=0)
         Index Cond: (user_id = 25325)
[0m
  [4;36;1mSQL (156.9ms)[0m   [0;1mSELECT count(*) AS count_all FROM "impressions" WHERE ("impressions".listing_id = 78830) [0m
  [4;35;1mAnalyzing  Execution Time: 0.157174

[0m   [0mAggregate  (cost=12714.08..12714.09 rows=1 width=0)
   ->  Seq Scan on impressions  (cost=0.00..12714.00 rows=31 width=0)
         Filter: (listing_id = 78830)
[0m
  [4;36;1mSQL (10.7ms)[0m   [0;1mSELECT count(*) AS count_all FROM "clicks" WHERE ("clicks".listing_id = 78830) [0m
  [4;35;1mAnalyzing  Execution Time: 0.01098

[0m   [0mAggregate  (cost=814.47..814.48 rows=1 width=0)
   ->  Seq Scan on clicks  (cost=0.00..814.46 rows=2 width=0)
         Filter: (listing_id = 78830)
[0m
  [4;36;1mSQL (2.3ms)[0m   [0;1mSELECT count(*) AS count_all FROM "listings" WHERE ("listings".user_id = 25324) [0m
  [4;35;1mAnalyzing  Execution Time: 0.002613

[0m   [0mAggregate  (cost=1615.81..1615.82 rows=1 width=0)
   ->  Index Scan using index_listings_on_id_and_user_id_and_title on listings  (cost=0.00..1615.79 rows=4 width=0)
         Index Cond: (user_id = 25324)
[0m
  [4;36;1mSQL (159.5ms)[0m   [0;1mSELECT count(*) AS count_all FROM "impressions" WHERE ("impressions".listing_id = 113052) [0m
  [4;35;1mAnalyzing  Execution Time: 0.159825

[0m   [0mAggregate  (cost=12714.08..12714.09 rows=1 width=0)
   ->  Seq Scan on impressions  (cost=0.00..12714.00 rows=31 width=0)
         Filter: (listing_id = 113052)
[0m
  [4;36;1mSQL (9.1ms)[0m   [0;1mSELECT count(*) AS count_all FROM "clicks" WHERE ("clicks".listing_id = 113052) [0m
  [4;35;1mAnalyzing  Execution Time: 0.009439

[0m   [0mAggregate  (cost=814.47..814.48 rows=1 width=0)
   ->  Seq Scan on clicks  (cost=0.00..814.46 rows=2 width=0)
         Filter: (listing_id = 113052)
[0m
  [4;36;1mSQL (2.3ms)[0m   [0;1mSELECT count(*) AS count_all FROM "listings" WHERE ("listings".user_id = 25323) [0m
  [4;35;1mAnalyzing  Execution Time: 0.002556

[0m   [0mAggregate  (cost=1615.81..1615.82 rows=1 width=0)
   ->  Index Scan using index_listings_on_id_and_user_id_and_title on listings  (cost=0.00..1615.79 rows=4 width=0)
         Index Cond: (user_id = 25323)
[0m
  [4;36;1mSQL (161.1ms)[0m   [0;1mSELECT count(*) AS count_all FROM "impressions" WHERE ("impressions".listing_id = 76838) [0m
  [4;35;1mAnalyzing  Execution Time: 0.16142

[0m   [0mAggregate  (cost=12714.08..12714.09 rows=1 width=0)
   ->  Seq Scan on impressions  (cost=0.00..12714.00 rows=31 width=0)
         Filter: (listing_id = 76838)
[0m
  [4;36;1mSQL (155.5ms)[0m   [0;1mSELECT count(*) AS count_all FROM "impressions" WHERE ("impressions".listing_id = 79727) [0m
  [4;35;1mAnalyzing  Execution Time: 0.155796

[0m   [0mAggregate  (cost=12714.08..12714.09 rows=1 width=0)
   ->  Seq Scan on impressions  (cost=0.00..12714.00 rows=31 width=0)
         Filter: (listing_id = 79727)
[0m
  [4;36;1mSQL (154.6ms)[0m   [0;1mSELECT count(*) AS count_all FROM "impressions" WHERE ("impressions".listing_id = 79728) [0m
  [4;35;1mAnalyzing  Execution Time: 0.303009

[0m   [0mAggregate  (cost=12714.08..12714.09 rows=1 width=0)
   ->  Seq Scan on impressions  (cost=0.00..12714.00 rows=31 width=0)
         Filter: (listing_id = 79728)
[0m
  [4;36;1mSQL (157.4ms)[0m   [0;1mSELECT count(*) AS count_all FROM "impressions" WHERE ("impressions".listing_id = 81168) [0m
  [4;35;1mAnalyzing  Execution Time: 0.157791

[0m   [0mAggregate  (cost=12714.08..12714.09 rows=1 width=0)
   ->  Seq Scan on impressions  (cost=0.00..12714.00 rows=31 width=0)
         Filter: (listing_id = 81168)
[0m
  [4;36;1mSQL (146.1ms)[0m   [0;1mSELECT count(*) AS count_all FROM "impressions" WHERE ("impressions".listing_id = 105586) [0m
  [4;35;1mAnalyzing  Execution Time: 0.146423

[0m   [0mAggregate  (cost=12714.08..12714.09 rows=1 width=0)
   ->  Seq Scan on impressions  (cost=0.00..12714.00 rows=31 width=0)
         Filter: (listing_id = 105586)
[0m
  [4;36;1mSQL (152.8ms)[0m   [0;1mSELECT count(*) AS count_all FROM "impressions" WHERE ("impressions".listing_id = 105587) [0m
  [4;35;1mAnalyzing  Execution Time: 0.153158

[0m   [0mAggregate  (cost=12714.08..12714.09 rows=1 width=0)
   ->  Seq Scan on impressions  (cost=0.00..12714.00 rows=31 width=0)
         Filter: (listing_id = 105587)
[0m
  [4;36;1mSQL (153.8ms)[0m   [0;1mSELECT count(*) AS count_all FROM "impressions" WHERE ("impressions".listing_id = 105588) [0m
  [4;35;1mAnalyzing  Execution Time: 0.154067

[0m   [0mAggregate  (cost=12714.08..12714.09 rows=1 width=0)
   ->  Seq Scan on impressions  (cost=0.00..12714.00 rows=31 width=0)
         Filter: (listing_id = 105588)
[0m
  [4;36;1mSQL (152.0ms)[0m   [0;1mSELECT count(*) AS count_all FROM "impressions" WHERE ("impressions".listing_id = 105590) [0m
  [4;35;1mAnalyzing  Execution Time: 0.15224

[0m   [0mAggregate  (cost=12714.08..12714.09 rows=1 width=0)
   ->  Seq Scan on impressions  (cost=0.00..12714.00 rows=31 width=0)
         Filter: (listing_id = 105590)
[0m
  [4;36;1mSQL (10.4ms)[0m   [0;1mSELECT count(*) AS count_all FROM "clicks" WHERE ("clicks".listing_id = 76838) [0m
  [4;35;1mAnalyzing  Execution Time: 0.010684

[0m   [0mAggregate  (cost=814.47..814.48 rows=1 width=0)
   ->  Seq Scan on clicks  (cost=0.00..814.46 rows=2 width=0)
         Filter: (listing_id = 76838)
[0m
  [4;36;1mSQL (9.5ms)[0m   [0;1mSELECT count(*) AS count_all FROM "clicks" WHERE ("clicks".listing_id = 79727) [0m
  [4;35;1mAnalyzing  Execution Time: 0.009735

[0m   [0mAggregate  (cost=814.47..814.48 rows=1 width=0)
   ->  Seq Scan on clicks  (cost=0.00..814.46 rows=2 width=0)
         Filter: (listing_id = 79727)
[0m
  [4;36;1mSQL (8.4ms)[0m   [0;1mSELECT count(*) AS count_all FROM "clicks" WHERE ("clicks".listing_id = 79728) [0m
  [4;35;1mAnalyzing  Execution Time: 0.008663

[0m   [0mAggregate  (cost=814.47..814.48 rows=1 width=0)
   ->  Seq Scan on clicks  (cost=0.00..814.46 rows=2 width=0)
         Filter: (listing_id = 79728)
[0m
  [4;36;1mSQL (8.9ms)[0m   [0;1mSELECT count(*) AS count_all FROM "clicks" WHERE ("clicks".listing_id = 81168) [0m
  [4;35;1mAnalyzing  Execution Time: 0.009158

[0m   [0mAggregate  (cost=814.47..814.48 rows=1 width=0)
   ->  Seq Scan on clicks  (cost=0.00..814.46 rows=2 width=0)
         Filter: (listing_id = 81168)
[0m
  [4;36;1mSQL (10.1ms)[0m   [0;1mSELECT count(*) AS count_all FROM "clicks" WHERE ("clicks".listing_id = 105586) [0m
  [4;35;1mAnalyzing  Execution Time: 0.01039

[0m   [0mAggregate  (cost=814.49..814.50 rows=1 width=0)
   ->  Seq Scan on clicks  (cost=0.00..814.46 rows=10 width=0)
         Filter: (listing_id = 105586)
[0m
  [4;36;1mSQL (8.5ms)[0m   [0;1mSELECT count(*) AS count_all FROM "clicks" WHERE ("clicks".listing_id = 105587) [0m
  [4;35;1mAnalyzing  Execution Time: 0.008788

[0m   [0mAggregate  (cost=814.47..814.48 rows=1 width=0)
   ->  Seq Scan on clicks  (cost=0.00..814.46 rows=2 width=0)
         Filter: (listing_id = 105587)
[0m
  [4;36;1mSQL (9.8ms)[0m   [0;1mSELECT count(*) AS count_all FROM "clicks" WHERE ("clicks".listing_id = 105588) [0m
  [4;35;1mAnalyzing  Execution Time: 0.010089

[0m   [0mAggregate  (cost=814.47..814.48 rows=1 width=0)
   ->  Seq Scan on clicks  (cost=0.00..814.46 rows=2 width=0)
         Filter: (listing_id = 105588)
[0m
  [4;36;1mSQL (9.7ms)[0m   [0;1mSELECT count(*) AS count_all FROM "clicks" WHERE ("clicks".listing_id = 105590) [0m
  [4;35;1mAnalyzing  Execution Time: 0.009971

[0m   [0mAggregate  (cost=814.51..814.52 rows=1 width=0)
   ->  Seq Scan on clicks  (cost=0.00..814.46 rows=19 width=0)
         Filter: (listing_id = 105590)
[0m
  [4;36;1mSQL (4.6ms)[0m   [0;1mSELECT count(*) AS count_all FROM "listings" WHERE ("listings".user_id = 25322) [0m
  [4;35;1mAnalyzing  Execution Time: 0.004888

[0m   [0mAggregate  (cost=1615.81..1615.82 rows=1 width=0)
   ->  Index Scan using index_listings_on_id_and_user_id_and_title on listings  (cost=0.00..1615.79 rows=4 width=0)
         Index Cond: (user_id = 25322)
[0m
  [4;36;1mSQL (161.7ms)[0m   [0;1mSELECT count(*) AS count_all FROM "impressions" WHERE ("impressions".listing_id = 113051) [0m
  [4;35;1mAnalyzing  Execution Time: 0.161997

[0m   [0mAggregate  (cost=12714.08..12714.09 rows=1 width=0)
   ->  Seq Scan on impressions  (cost=0.00..12714.00 rows=31 width=0)
         Filter: (listing_id = 113051)
[0m
  [4;36;1mSQL (9.8ms)[0m   [0;1mSELECT count(*) AS count_all FROM "clicks" WHERE ("clicks".listing_id = 113051) [0m
  [4;35;1mAnalyzing  Execution Time: 0.010115

[0m   [0mAggregate  (cost=814.49..814.50 rows=1 width=0)
   ->  Seq Scan on clicks  (cost=0.00..814.46 rows=8 width=0)
         Filter: (listing_id = 113051)
[0m
  [4;36;1mSQL (2.2ms)[0m   [0;1mSELECT count(*) AS count_all FROM "listings" WHERE ("listings".user_id = 25320) [0m
  [4;35;1mAnalyzing  Execution Time: 0.002521

[0m   [0mAggregate  (cost=1615.81..1615.82 rows=1 width=0)
   ->  Index Scan using index_listings_on_id_and_user_id_and_title on listings  (cost=0.00..1615.79 rows=4 width=0)
         Index Cond: (user_id = 25320)
[0m
  [4;36;1mSQL (167.1ms)[0m   [0;1mSELECT count(*) AS count_all FROM "impressions" WHERE ("impressions".listing_id = 113049) [0m
  [4;35;1mAnalyzing  Execution Time: 0.16742

[0m   [0mAggregate  (cost=12714.08..12714.09 rows=1 width=0)
   ->  Seq Scan on impressions  (cost=0.00..12714.00 rows=31 width=0)
         Filter: (listing_id = 113049)
[0m
  [4;36;1mSQL (8.7ms)[0m   [0;1mSELECT count(*) AS count_all FROM "clicks" WHERE ("clicks".listing_id = 113049) [0m
  [4;35;1mAnalyzing  Execution Time: 0.008942

[0m   [0mAggregate  (cost=814.47..814.48 rows=1 width=0)
   ->  Seq Scan on clicks  (cost=0.00..814.46 rows=2 width=0)
         Filter: (listing_id = 113049)
[0m
  [4;36;1mSQL (2.3ms)[0m   [0;1mSELECT count(*) AS count_all FROM "listings" WHERE ("listings".user_id = 25319) [0m
  [4;35;1mAnalyzing  Execution Time: 0.002509

[0m   [0mAggregate  (cost=1615.81..1615.82 rows=1 width=0)
   ->  Index Scan using index_listings_on_id_and_user_id_and_title on listings  (cost=0.00..1615.79 rows=4 width=0)
         Index Cond: (user_id = 25319)
[0m
  [4;36;1mSQL (158.3ms)[0m   [0;1mSELECT count(*) AS count_all FROM "impressions" WHERE ("impressions".listing_id = 77593) [0m
  [4;35;1mAnalyzing  Execution Time: 0.158574

[0m   [0mAggregate  (cost=12714.08..12714.09 rows=1 width=0)
   ->  Seq Scan on impressions  (cost=0.00..12714.00 rows=31 width=0)
         Filter: (listing_id = 77593)
[0m
  [4;36;1mSQL (164.0ms)[0m   [0;1mSELECT count(*) AS count_all FROM "impressions" WHERE ("impressions".listing_id = 81560) [0m
  [4;35;1mAnalyzing  Execution Time: 0.164286

[0m   [0mAggregate  (cost=12714.08..12714.09 rows=1 width=0)
   ->  Seq Scan on impressions  (cost=0.00..12714.00 rows=31 width=0)
         Filter: (listing_id = 81560)
[0m
  [4;36;1mSQL (158.1ms)[0m   [0;1mSELECT count(*) AS count_all FROM "impressions" WHERE ("impressions".listing_id = 88581) [0m
  [4;35;1mAnalyzing  Execution Time: 0.158389

[0m   [0mAggregate  (cost=12714.08..12714.09 rows=1 width=0)
   ->  Seq Scan on impressions  (cost=0.00..12714.00 rows=31 width=0)
         Filter: (listing_id = 88581)
[0m
  [4;36;1mSQL (154.5ms)[0m   [0;1mSELECT count(*) AS count_all FROM "impressions" WHERE ("impressions".listing_id = 95256) [0m
  [4;35;1mAnalyzing  Execution Time: 0.154961

[0m   [0mAggregate  (cost=12714.08..12714.09 rows=1 width=0)
   ->  Seq Scan on impressions  (cost=0.00..12714.00 rows=31 width=0)
         Filter: (listing_id = 95256)
[0m
  [4;36;1mSQL (10.3ms)[0m   [0;1mSELECT count(*) AS count_all FROM "clicks" WHERE ("clicks".listing_id = 77593) [0m
  [4;35;1mAnalyzing  Execution Time: 0.010578

[0m   [0mAggregate  (cost=814.47..814.48 rows=1 width=0)
   ->  Seq Scan on clicks  (cost=0.00..814.46 rows=2 width=0)
         Filter: (listing_id = 77593)
[0m
  [4;36;1mSQL (8.5ms)[0m   [0;1mSELECT count(*) AS count_all FROM "clicks" WHERE ("clicks".listing_id = 81560) [0m
  [4;35;1mAnalyzing  Execution Time: 0.008772

[0m   [0mAggregate  (cost=814.47..814.48 rows=1 width=0)
   ->  Seq Scan on clicks  (cost=0.00..814.46 rows=2 width=0)
         Filter: (listing_id = 81560)
[0m
  [4;36;1mSQL (9.1ms)[0m   [0;1mSELECT count(*) AS count_all FROM "clicks" WHERE ("clicks".listing_id = 88581) [0m
  [4;35;1mAnalyzing  Execution Time: 0.009384

[0m   [0mAggregate  (cost=814.47..814.48 rows=1 width=0)
   ->  Seq Scan on clicks  (cost=0.00..814.46 rows=2 width=0)
         Filter: (listing_id = 88581)
[0m
  [4;36;1mSQL (10.3ms)[0m   [0;1mSELECT count(*) AS count_all FROM "clicks" WHERE ("clicks".listing_id = 95256) [0m
  [4;35;1mAnalyzing  Execution Time: 0.010535

[0m   [0mAggregate  (cost=814.47..814.48 rows=1 width=0)
   ->  Seq Scan on clicks  (cost=0.00..814.46 rows=2 width=0)
         Filter: (listing_id = 95256)
[0m
  [4;36;1mSQL (4.6ms)[0m   [0;1mSELECT count(*) AS count_all FROM "listings" WHERE ("listings".user_id = 25318) [0m
  [4;35;1mAnalyzing  Execution Time: 0.004932

[0m   [0mAggregate  (cost=1615.81..1615.82 rows=1 width=0)
   ->  Index Scan using index_listings_on_id_and_user_id_and_title on listings  (cost=0.00..1615.79 rows=4 width=0)
         Index Cond: (user_id = 25318)
[0m
  [4;36;1mSQL (157.3ms)[0m   [0;1mSELECT count(*) AS count_all FROM "impressions" WHERE ("impressions".listing_id = 113048) [0m
  [4;35;1mAnalyzing  Execution Time: 0.157519

[0m   [0mAggregate  (cost=12714.08..12714.09 rows=1 width=0)
   ->  Seq Scan on impressions  (cost=0.00..12714.00 rows=31 width=0)
         Filter: (listing_id = 113048)
[0m
  [4;36;1mSQL (8.7ms)[0m   [0;1mSELECT count(*) AS count_all FROM "clicks" WHERE ("clicks".listing_id = 113048) [0m
  [4;35;1mAnalyzing  Execution Time: 0.008932

[0m   [0mAggregate  (cost=814.47..814.48 rows=1 width=0)
   ->  Seq Scan on clicks  (cost=0.00..814.46 rows=2 width=0)
         Filter: (listing_id = 113048)
[0m
  [4;36;1mSQL (6.2ms)[0m   [0;1mSELECT count(*) AS count_all FROM "listings" WHERE ("listings".user_id = 25317) [0m
  [4;35;1mAnalyzing  Execution Time: 0.006709

[0m   [0mAggregate  (cost=1615.81..1615.82 rows=1 width=0)
   ->  Index Scan using index_listings_on_id_and_user_id_and_title on listings  (cost=0.00..1615.79 rows=4 width=0)
         Index Cond: (user_id = 25317)
[0m
  [4;36;1mSQL (158.0ms)[0m   [0;1mSELECT count(*) AS count_all FROM "impressions" WHERE ("impressions".listing_id = 68610) [0m
  [4;35;1mAnalyzing  Execution Time: 0.158345

[0m   [0mAggregate  (cost=12714.08..12714.09 rows=1 width=0)
   ->  Seq Scan on impressions  (cost=0.00..12714.00 rows=31 width=0)
         Filter: (listing_id = 68610)
[0m
  [4;36;1mSQL (10.8ms)[0m   [0;1mSELECT count(*) AS count_all FROM "clicks" WHERE ("clicks".listing_id = 68610) [0m
  [4;35;1mAnalyzing  Execution Time: 0.011112

[0m   [0mAggregate  (cost=814.47..814.48 rows=1 width=0)
   ->  Seq Scan on clicks  (cost=0.00..814.46 rows=2 width=0)
         Filter: (listing_id = 68610)
[0m
  [4;36;1mSQL (2.7ms)[0m   [0;1mSELECT count(*) AS count_all FROM "listings" WHERE ("listings".user_id = 25316) [0m
  [4;35;1mAnalyzing  Execution Time: 0.003023

[0m   [0mAggregate  (cost=1615.81..1615.82 rows=1 width=0)
   ->  Index Scan using index_listings_on_id_and_user_id_and_title on listings  (cost=0.00..1615.79 rows=4 width=0)
         Index Cond: (user_id = 25316)
[0m
  [4;36;1mSQL (166.2ms)[0m   [0;1mSELECT count(*) AS count_all FROM "impressions" WHERE ("impressions".listing_id = 72302) [0m
  [4;35;1mAnalyzing  Execution Time: 0.166441

[0m   [0mAggregate  (cost=12714.08..12714.09 rows=1 width=0)
   ->  Seq Scan on impressions  (cost=0.00..12714.00 rows=31 width=0)
         Filter: (listing_id = 72302)
[0m
  [4;36;1mSQL (151.9ms)[0m   [0;1mSELECT count(*) AS count_all FROM "impressions" WHERE ("impressions".listing_id = 89876) [0m
  [4;35;1mAnalyzing  Execution Time: 0.152196

[0m   [0mAggregate  (cost=12714.08..12714.09 rows=1 width=0)
   ->  Seq Scan on impressions  (cost=0.00..12714.00 rows=31 width=0)
         Filter: (listing_id = 89876)
[0m
  [4;36;1mSQL (9.7ms)[0m   [0;1mSELECT count(*) AS count_all FROM "clicks" WHERE ("clicks".listing_id = 72302) [0m
  [4;35;1mAnalyzing  Execution Time: 0.009937

[0m   [0mAggregate  (cost=814.47..814.48 rows=1 width=0)
   ->  Seq Scan on clicks  (cost=0.00..814.46 rows=2 width=0)
         Filter: (listing_id = 72302)
[0m
  [4;36;1mSQL (8.4ms)[0m   [0;1mSELECT count(*) AS count_all FROM "clicks" WHERE ("clicks".listing_id = 89876) [0m
  [4;35;1mAnalyzing  Execution Time: 0.008698

[0m   [0mAggregate  (cost=814.47..814.48 rows=1 width=0)
   ->  Seq Scan on clicks  (cost=0.00..814.46 rows=2 width=0)
         Filter: (listing_id = 89876)
[0m
  [4;36;1mSQL (4.8ms)[0m   [0;1mSELECT count(*) AS count_all FROM "listings" WHERE ("listings".user_id = 25314) [0m
  [4;35;1mAnalyzing  Execution Time: 0.005124

[0m   [0mAggregate  (cost=1615.81..1615.82 rows=1 width=0)
   ->  Index Scan using index_listings_on_id_and_user_id_and_title on listings  (cost=0.00..1615.79 rows=4 width=0)
         Index Cond: (user_id = 25314)
[0m
  [4;36;1mSQL (153.9ms)[0m   [0;1mSELECT count(*) AS count_all FROM "impressions" WHERE ("impressions".listing_id = 67785) [0m
  [4;35;1mAnalyzing  Execution Time: 0.154166

[0m   [0mAggregate  (cost=12714.08..12714.09 rows=1 width=0)
   ->  Seq Scan on impressions  (cost=0.00..12714.00 rows=31 width=0)
         Filter: (listing_id = 67785)
[0m
  [4;36;1mSQL (159.6ms)[0m   [0;1mSELECT count(*) AS count_all FROM "impressions" WHERE ("impressions".listing_id = 70300) [0m
  [4;35;1mAnalyzing  Execution Time: 0.159893

[0m   [0mAggregate  (cost=12714.08..12714.09 rows=1 width=0)
   ->  Seq Scan on impressions  (cost=0.00..12714.00 rows=31 width=0)
         Filter: (listing_id = 70300)
[0m
  [4;36;1mSQL (167.1ms)[0m   [0;1mSELECT count(*) AS count_all FROM "impressions" WHERE ("impressions".listing_id = 86210) [0m
  [4;35;1mAnalyzing  Execution Time: 0.167359

[0m   [0mAggregate  (cost=12714.08..12714.09 rows=1 width=0)
   ->  Seq Scan on impressions  (cost=0.00..12714.00 rows=31 width=0)
         Filter: (listing_id = 86210)
[0m
  [4;36;1mSQL (167.6ms)[0m   [0;1mSELECT count(*) AS count_all FROM "impressions" WHERE ("impressions".listing_id = 86211) [0m
  [4;35;1mAnalyzing  Execution Time: 0.167864

[0m   [0mAggregate  (cost=12714.08..12714.09 rows=1 width=0)
   ->  Seq Scan on impressions  (cost=0.00..12714.00 rows=31 width=0)
         Filter: (listing_id = 86211)
[0m
  [4;36;1mSQL (163.3ms)[0m   [0;1mSELECT count(*) AS count_all FROM "impressions" WHERE ("impressions".listing_id = 86212) [0m
  [4;35;1mAnalyzing  Execution Time: 0.163522

[0m   [0mAggregate  (cost=12714.08..12714.09 rows=1 width=0)
   ->  Seq Scan on impressions  (cost=0.00..12714.00 rows=31 width=0)
         Filter: (listing_id = 86212)
[0m
  [4;36;1mSQL (178.5ms)[0m   [0;1mSELECT count(*) AS count_all FROM "impressions" WHERE ("impressions".listing_id = 86213) [0m
  [4;35;1mAnalyzing  Execution Time: 0.178777

[0m   [0mAggregate  (cost=12714.08..12714.09 rows=1 width=0)
   ->  Seq Scan on impressions  (cost=0.00..12714.00 rows=31 width=0)
         Filter: (listing_id = 86213)
[0m
  [4;36;1mSQL (153.6ms)[0m   [0;1mSELECT count(*) AS count_all FROM "impressions" WHERE ("impressions".listing_id = 86215) [0m
  [4;35;1mAnalyzing  Execution Time: 0.153858

[0m   [0mAggregate  (cost=12714.08..12714.09 rows=1 width=0)
   ->  Seq Scan on impressions  (cost=0.00..12714.00 rows=31 width=0)
         Filter: (listing_id = 86215)
[0m
  [4;36;1mSQL (150.9ms)[0m   [0;1mSELECT count(*) AS count_all FROM "impressions" WHERE ("impressions".listing_id = 86217) [0m
  [4;35;1mAnalyzing  Execution Time: 0.151178

[0m   [0mAggregate  (cost=12714.08..12714.09 rows=1 width=0)
   ->  Seq Scan on impressions  (cost=0.00..12714.00 rows=31 width=0)
         Filter: (listing_id = 86217)
[0m
  [4;36;1mSQL (158.0ms)[0m   [0;1mSELECT count(*) AS count_all FROM "impressions" WHERE ("impressions".listing_id = 86218) [0m
  [4;35;1mAnalyzing  Execution Time: 0.158299

[0m   [0mAggregate  (cost=12714.08..12714.09 rows=1 width=0)
   ->  Seq Scan on impressions  (cost=0.00..12714.00 rows=31 width=0)
         Filter: (listing_id = 86218)
[0m
  [4;36;1mSQL (154.3ms)[0m   [0;1mSELECT count(*) AS count_all FROM "impressions" WHERE ("impressions".listing_id = 86219) [0m
  [4;35;1mAnalyzing  Execution Time: 0.154593

[0m   [0mAggregate  (cost=12714.08..12714.09 rows=1 width=0)
   ->  Seq Scan on impressions  (cost=0.00..12714.00 rows=31 width=0)
         Filter: (listing_id = 86219)
[0m
  [4;36;1mSQL (156.0ms)[0m   [0;1mSELECT count(*) AS count_all FROM "impressions" WHERE ("impressions".listing_id = 86220) [0m
  [4;35;1mAnalyzing  Execution Time: 0.15625

[0m   [0mAggregate  (cost=12714.08..12714.09 rows=1 width=0)
   ->  Seq Scan on impressions  (cost=0.00..12714.00 rows=31 width=0)
         Filter: (listing_id = 86220)
[0m
  [4;36;1mSQL (159.4ms)[0m   [0;1mSELECT count(*) AS count_all FROM "impressions" WHERE ("impressions".listing_id = 86221) [0m
  [4;35;1mAnalyzing  Execution Time: 0.159691

[0m   [0mAggregate  (cost=12714.08..12714.09 rows=1 width=0)
   ->  Seq Scan on impressions  (cost=0.00..12714.00 rows=31 width=0)
         Filter: (listing_id = 86221)
[0m
  [4;36;1mSQL (150.2ms)[0m   [0;1mSELECT count(*) AS count_all FROM "impressions" WHERE ("impressions".listing_id = 86222) [0m
  [4;35;1mAnalyzing  Execution Time: 0.150976

[0m   [0mAggregate  (cost=12714.08..12714.09 rows=1 width=0)
   ->  Seq Scan on impressions  (cost=0.00..12714.00 rows=31 width=0)
         Filter: (listing_id = 86222)
[0m
  [4;36;1mSQL (149.5ms)[0m   [0;1mSELECT count(*) AS count_all FROM "impressions" WHERE ("impressions".listing_id = 86223) [0m
  [4;35;1mAnalyzing  Execution Time: 0.149781

[0m   [0mAggregate  (cost=12714.08..12714.09 rows=1 width=0)
   ->  Seq Scan on impressions  (cost=0.00..12714.00 rows=31 width=0)
         Filter: (listing_id = 86223)
[0m
  [4;36;1mSQL (155.4ms)[0m   [0;1mSELECT count(*) AS count_all FROM "impressions" WHERE ("impressions".listing_id = 86224) [0m
  [4;35;1mAnalyzing  Execution Time: 0.155621

[0m   [0mAggregate  (cost=12714.08..12714.09 rows=1 width=0)
   ->  Seq Scan on impressions  (cost=0.00..12714.00 rows=31 width=0)
         Filter: (listing_id = 86224)
[0m
  [4;36;1mSQL (148.4ms)[0m   [0;1mSELECT count(*) AS count_all FROM "impressions" WHERE ("impressions".listing_id = 86225) [0m
  [4;35;1mAnalyzing  Execution Time: 0.148636

[0m   [0mAggregate  (cost=12714.08..12714.09 rows=1 width=0)
   ->  Seq Scan on impressions  (cost=0.00..12714.00 rows=31 width=0)
         Filter: (listing_id = 86225)
[0m
  [4;36;1mSQL (15.7ms)[0m   [0;1mSELECT count(*) AS count_all FROM "clicks" WHERE ("clicks".listing_id = 67785) [0m
  [4;35;1mAnalyzing  Execution Time: 0.015977

[0m   [0mAggregate  (cost=814.47..814.48 rows=1 width=0)
   ->  Seq Scan on clicks  (cost=0.00..814.46 rows=2 width=0)
         Filter: (listing_id = 67785)
[0m
  [4;36;1mSQL (8.8ms)[0m   [0;1mSELECT count(*) AS count_all FROM "clicks" WHERE ("clicks".listing_id = 70300) [0m
  [4;35;1mAnalyzing  Execution Time: 0.009071

[0m   [0mAggregate  (cost=814.47..814.48 rows=1 width=0)
   ->  Seq Scan on clicks  (cost=0.00..814.46 rows=2 width=0)
         Filter: (listing_id = 70300)
[0m
  [4;36;1mSQL (9.3ms)[0m   [0;1mSELECT count(*) AS count_all FROM "clicks" WHERE ("clicks".listing_id = 86210) [0m
  [4;35;1mAnalyzing  Execution Time: 0.009543

[0m   [0mAggregate  (cost=814.47..814.48 rows=1 width=0)
   ->  Seq Scan on clicks  (cost=0.00..814.46 rows=2 width=0)
         Filter: (listing_id = 86210)
[0m
  [4;36;1mSQL (9.9ms)[0m   [0;1mSELECT count(*) AS count_all FROM "clicks" WHERE ("clicks".listing_id = 86211) [0m
  [4;35;1mAnalyzing  Execution Time: 0.010187

[0m   [0mAggregate  (cost=814.47..814.48 rows=1 width=0)
   ->  Seq Scan on clicks  (cost=0.00..814.46 rows=2 width=0)
         Filter: (listing_id = 86211)
[0m
  [4;36;1mSQL (9.7ms)[0m   [0;1mSELECT count(*) AS count_all FROM "clicks" WHERE ("clicks".listing_id = 86212) [0m
  [4;35;1mAnalyzing  Execution Time: 0.009913

[0m   [0mAggregate  (cost=814.47..814.48 rows=1 width=0)
   ->  Seq Scan on clicks  (cost=0.00..814.46 rows=2 width=0)
         Filter: (listing_id = 86212)
[0m
  [4;36;1mSQL (10.0ms)[0m   [0;1mSELECT count(*) AS count_all FROM "clicks" WHERE ("clicks".listing_id = 86213) [0m
  [4;35;1mAnalyzing  Execution Time: 0.010304

[0m   [0mAggregate  (cost=814.47..814.48 rows=1 width=0)
   ->  Seq Scan on clicks  (cost=0.00..814.46 rows=2 width=0)
         Filter: (listing_id = 86213)
[0m
  [4;36;1mSQL (9.4ms)[0m   [0;1mSELECT count(*) AS count_all FROM "clicks" WHERE ("clicks".listing_id = 86215) [0m
  [4;35;1mAnalyzing  Execution Time: 0.009691

[0m   [0mAggregate  (cost=814.47..814.48 rows=1 width=0)
   ->  Seq Scan on clicks  (cost=0.00..814.46 rows=2 width=0)
         Filter: (listing_id = 86215)
[0m
  [4;36;1mSQL (8.4ms)[0m   [0;1mSELECT count(*) AS count_all FROM "clicks" WHERE ("clicks".listing_id = 86217) [0m
  [4;35;1mAnalyzing  Execution Time: 0.008612

[0m   [0mAggregate  (cost=814.47..814.48 rows=1 width=0)
   ->  Seq Scan on clicks  (cost=0.00..814.46 rows=2 width=0)
         Filter: (listing_id = 86217)
[0m
  [4;36;1mSQL (8.9ms)[0m   [0;1mSELECT count(*) AS count_all FROM "clicks" WHERE ("clicks".listing_id = 86218) [0m
  [4;35;1mAnalyzing  Execution Time: 0.009142

[0m   [0mAggregate  (cost=814.47..814.48 rows=1 width=0)
   ->  Seq Scan on clicks  (cost=0.00..814.46 rows=2 width=0)
         Filter: (listing_id = 86218)
[0m
  [4;36;1mSQL (9.2ms)[0m   [0;1mSELECT count(*) AS count_all FROM "clicks" WHERE ("clicks".listing_id = 86219) [0m
  [4;35;1mAnalyzing  Execution Time: 0.009425

[0m   [0mAggregate  (cost=814.47..814.48 rows=1 width=0)
   ->  Seq Scan on clicks  (cost=0.00..814.46 rows=2 width=0)
         Filter: (listing_id = 86219)
[0m
  [4;36;1mSQL (8.7ms)[0m   [0;1mSELECT count(*) AS count_all FROM "clicks" WHERE ("clicks".listing_id = 86220) [0m
  [4;35;1mAnalyzing  Execution Time: 0.008962

[0m   [0mAggregate  (cost=814.47..814.48 rows=1 width=0)
   ->  Seq Scan on clicks  (cost=0.00..814.46 rows=2 width=0)
         Filter: (listing_id = 86220)
[0m
  [4;36;1mSQL (8.9ms)[0m   [0;1mSELECT count(*) AS count_all FROM "clicks" WHERE ("clicks".listing_id = 86221) [0m
  [4;35;1mAnalyzing  Execution Time: 0.009421

[0m   [0mAggregate  (cost=814.47..814.48 rows=1 width=0)
   ->  Seq Scan on clicks  (cost=0.00..814.46 rows=2 width=0)
         Filter: (listing_id = 86221)
[0m
  [4;36;1mSQL (12.8ms)[0m   [0;1mSELECT count(*) AS count_all FROM "clicks" WHERE ("clicks".listing_id = 86222) [0m
  [4;35;1mAnalyzing  Execution Time: 0.013086

[0m   [0mAggregate  (cost=814.47..814.48 rows=1 width=0)
   ->  Seq Scan on clicks  (cost=0.00..814.46 rows=2 width=0)
         Filter: (listing_id = 86222)
[0m
  [4;36;1mSQL (8.4ms)[0m   [0;1mSELECT count(*) AS count_all FROM "clicks" WHERE ("clicks".listing_id = 86223) [0m
  [4;35;1mAnalyzing  Execution Time: 0.008619

[0m   [0mAggregate  (cost=814.47..814.48 rows=1 width=0)
   ->  Seq Scan on clicks  (cost=0.00..814.46 rows=2 width=0)
         Filter: (listing_id = 86223)
[0m
  [4;36;1mSQL (8.9ms)[0m   [0;1mSELECT count(*) AS count_all FROM "clicks" WHERE ("clicks".listing_id = 86224) [0m
  [4;35;1mAnalyzing  Execution Time: 0.009183

[0m   [0mAggregate  (cost=814.47..814.48 rows=1 width=0)
   ->  Seq Scan on clicks  (cost=0.00..814.46 rows=2 width=0)
         Filter: (listing_id = 86224)
[0m
  [4;36;1mSQL (9.0ms)[0m   [0;1mSELECT count(*) AS count_all FROM "clicks" WHERE ("clicks".listing_id = 86225) [0m
  [4;35;1mAnalyzing  Execution Time: 0.009247

[0m   [0mAggregate  (cost=814.47..814.48 rows=1 width=0)
   ->  Seq Scan on clicks  (cost=0.00..814.46 rows=2 width=0)
         Filter: (listing_id = 86225)
[0m
  [4;36;1mSQL (4.3ms)[0m   [0;1mSELECT count(*) AS count_all FROM "listings" WHERE ("listings".user_id = 25313) [0m
  [4;35;1mAnalyzing  Execution Time: 0.004575

[0m   [0mAggregate  (cost=1615.81..1615.82 rows=1 width=0)
   ->  Index Scan using index_listings_on_id_and_user_id_and_title on listings  (cost=0.00..1615.79 rows=4 width=0)
         Index Cond: (user_id = 25313)
[0m
  [4;36;1mSQL (151.6ms)[0m   [0;1mSELECT count(*) AS count_all FROM "impressions" WHERE ("impressions".listing_id = 66642) [0m
  [4;35;1mAnalyzing  Execution Time: 0.151846

[0m   [0mAggregate  (cost=12714.08..12714.09 rows=1 width=0)
   ->  Seq Scan on impressions  (cost=0.00..12714.00 rows=31 width=0)
         Filter: (listing_id = 66642)
[0m
  [4;36;1mSQL (10.4ms)[0m   [0;1mSELECT count(*) AS count_all FROM "clicks" WHERE ("clicks".listing_id = 66642) [0m
  [4;35;1mAnalyzing  Execution Time: 0.010663

[0m   [0mAggregate  (cost=814.47..814.48 rows=1 width=0)
   ->  Seq Scan on clicks  (cost=0.00..814.46 rows=2 width=0)
         Filter: (listing_id = 66642)
[0m
  [4;36;1mSQL (2.1ms)[0m   [0;1mSELECT count(*) AS count_all FROM "listings" WHERE ("listings".user_id = 25312) [0m
  [4;35;1mAnalyzing  Execution Time: 0.002324

[0m   [0mAggregate  (cost=1615.81..1615.82 rows=1 width=0)
   ->  Index Scan using index_listings_on_id_and_user_id_and_title on listings  (cost=0.00..1615.79 rows=4 width=0)
         Index Cond: (user_id = 25312)
[0m
  [4;36;1mSQL (154.5ms)[0m   [0;1mSELECT count(*) AS count_all FROM "impressions" WHERE ("impressions".listing_id = 113047) [0m
  [4;35;1mAnalyzing  Execution Time: 0.154713

[0m   [0mAggregate  (cost=12714.08..12714.09 rows=1 width=0)
   ->  Seq Scan on impressions  (cost=0.00..12714.00 rows=31 width=0)
         Filter: (listing_id = 113047)
[0m
  [4;36;1mSQL (8.4ms)[0m   [0;1mSELECT count(*) AS count_all FROM "clicks" WHERE ("clicks".listing_id = 113047) [0m
  [4;35;1mAnalyzing  Execution Time: 0.008691

[0m   [0mAggregate  (cost=814.47..814.48 rows=1 width=0)
   ->  Seq Scan on clicks  (cost=0.00..814.46 rows=2 width=0)
         Filter: (listing_id = 113047)
[0m
  [4;36;1mSQL (2.8ms)[0m   [0;1mSELECT count(*) AS count_all FROM "listings" WHERE ("listings".user_id = 25311) [0m
  [4;35;1mAnalyzing  Execution Time: 0.003573

[0m   [0mAggregate  (cost=1615.81..1615.82 rows=1 width=0)
   ->  Index Scan using index_listings_on_id_and_user_id_and_title on listings  (cost=0.00..1615.79 rows=4 width=0)
         Index Cond: (user_id = 25311)
[0m
  [4;36;1mSQL (164.4ms)[0m   [0;1mSELECT count(*) AS count_all FROM "impressions" WHERE ("impressions".listing_id = 71936) [0m
  [4;35;1mAnalyzing  Execution Time: 0.164644

[0m   [0mAggregate  (cost=12714.08..12714.09 rows=1 width=0)
   ->  Seq Scan on impressions  (cost=0.00..12714.00 rows=31 width=0)
         Filter: (listing_id = 71936)
[0m
  [4;36;1mSQL (10.0ms)[0m   [0;1mSELECT count(*) AS count_all FROM "clicks" WHERE ("clicks".listing_id = 71936) [0m
  [4;35;1mAnalyzing  Execution Time: 0.010296

[0m   [0mAggregate  (cost=814.49..814.50 rows=1 width=0)
   ->  Seq Scan on clicks  (cost=0.00..814.46 rows=8 width=0)
         Filter: (listing_id = 71936)
[0m
  [4;36;1mSQL (1.9ms)[0m   [0;1mSELECT count(*) AS count_all FROM "listings" WHERE ("listings".user_id = 25310) [0m
  [4;35;1mAnalyzing  Execution Time: 0.002146

[0m   [0mAggregate  (cost=1615.81..1615.82 rows=1 width=0)
   ->  Index Scan using index_listings_on_id_and_user_id_and_title on listings  (cost=0.00..1615.79 rows=4 width=0)
         Index Cond: (user_id = 25310)
[0m
  [4;36;1mSQL (165.1ms)[0m   [0;1mSELECT count(*) AS count_all FROM "impressions" WHERE ("impressions".listing_id = 113046) [0m
  [4;35;1mAnalyzing  Execution Time: 0.165314

[0m   [0mAggregate  (cost=12714.08..12714.09 rows=1 width=0)
   ->  Seq Scan on impressions  (cost=0.00..12714.00 rows=31 width=0)
         Filter: (listing_id = 113046)
[0m
  [4;36;1mSQL (9.3ms)[0m   [0;1mSELECT count(*) AS count_all FROM "clicks" WHERE ("clicks".listing_id = 113046) [0m
  [4;35;1mAnalyzing  Execution Time: 0.009524

[0m   [0mAggregate  (cost=814.47..814.48 rows=1 width=0)
   ->  Seq Scan on clicks  (cost=0.00..814.46 rows=2 width=0)
         Filter: (listing_id = 113046)
[0m
  [4;36;1mSQL (2.3ms)[0m   [0;1mSELECT count(*) AS count_all FROM "listings" WHERE ("listings".user_id = 25308) [0m
  [4;35;1mAnalyzing  Execution Time: 0.002568

[0m   [0mAggregate  (cost=1615.81..1615.82 rows=1 width=0)
   ->  Index Scan using index_listings_on_id_and_user_id_and_title on listings  (cost=0.00..1615.79 rows=4 width=0)
         Index Cond: (user_id = 25308)
[0m
  [4;36;1mSQL (162.3ms)[0m   [0;1mSELECT count(*) AS count_all FROM "impressions" WHERE ("impressions".listing_id = 67767) [0m
  [4;35;1mAnalyzing  Execution Time: 0.162641

[0m   [0mAggregate  (cost=12714.08..12714.09 rows=1 width=0)
   ->  Seq Scan on impressions  (cost=0.00..12714.00 rows=31 width=0)
         Filter: (listing_id = 67767)
[0m
  [4;36;1mSQL (9.5ms)[0m   [0;1mSELECT count(*) AS count_all FROM "clicks" WHERE ("clicks".listing_id = 67767) [0m
  [4;35;1mAnalyzing  Execution Time: 0.009749

[0m   [0mAggregate  (cost=814.47..814.48 rows=1 width=0)
   ->  Seq Scan on clicks  (cost=0.00..814.46 rows=2 width=0)
         Filter: (listing_id = 67767)
[0m
  [4;36;1mSQL (2.1ms)[0m   [0;1mSELECT count(*) AS count_all FROM "listings" WHERE ("listings".user_id = 25307) [0m
  [4;35;1mAnalyzing  Execution Time: 0.002503

[0m   [0mAggregate  (cost=1615.81..1615.82 rows=1 width=0)
   ->  Index Scan using index_listings_on_id_and_user_id_and_title on listings  (cost=0.00..1615.79 rows=4 width=0)
         Index Cond: (user_id = 25307)
[0m
  [4;36;1mSQL (165.9ms)[0m   [0;1mSELECT count(*) AS count_all FROM "impressions" WHERE ("impressions".listing_id = 105083) [0m
  [4;35;1mAnalyzing  Execution Time: 0.166186

[0m   [0mAggregate  (cost=12714.08..12714.09 rows=1 width=0)
   ->  Seq Scan on impressions  (cost=0.00..12714.00 rows=31 width=0)
         Filter: (listing_id = 105083)
[0m
  [4;36;1mSQL (9.7ms)[0m   [0;1mSELECT count(*) AS count_all FROM "clicks" WHERE ("clicks".listing_id = 105083) [0m
  [4;35;1mAnalyzing  Execution Time: 0.010005

[0m   [0mAggregate  (cost=814.47..814.48 rows=1 width=0)
   ->  Seq Scan on clicks  (cost=0.00..814.46 rows=2 width=0)
         Filter: (listing_id = 105083)
[0m
  [4;36;1mSQL (4.8ms)[0m   [0;1mSELECT count(*) AS count_all FROM "listings" WHERE ("listings".user_id = 25306) [0m
  [4;35;1mAnalyzing  Execution Time: 0.005085

[0m   [0mAggregate  (cost=1615.81..1615.82 rows=1 width=0)
   ->  Index Scan using index_listings_on_id_and_user_id_and_title on listings  (cost=0.00..1615.79 rows=4 width=0)
         Index Cond: (user_id = 25306)
[0m
  [4;36;1mSQL (161.0ms)[0m   [0;1mSELECT count(*) AS count_all FROM "impressions" WHERE ("impressions".listing_id = 113044) [0m
  [4;35;1mAnalyzing  Execution Time: 0.161315

[0m   [0mAggregate  (cost=12714.08..12714.09 rows=1 width=0)
   ->  Seq Scan on impressions  (cost=0.00..12714.00 rows=31 width=0)
         Filter: (listing_id = 113044)
[0m
  [4;36;1mSQL (10.3ms)[0m   [0;1mSELECT count(*) AS count_all FROM "clicks" WHERE ("clicks".listing_id = 113044) [0m
  [4;35;1mAnalyzing  Execution Time: 0.010573

[0m   [0mAggregate  (cost=814.47..814.48 rows=1 width=0)
   ->  Seq Scan on clicks  (cost=0.00..814.46 rows=2 width=0)
         Filter: (listing_id = 113044)
[0m
  [4;36;1mSQL (2.1ms)[0m   [0;1mSELECT count(*) AS count_all FROM "listings" WHERE ("listings".user_id = 25305) [0m
  [4;35;1mAnalyzing  Execution Time: 0.002341

[0m   [0mAggregate  (cost=1615.81..1615.82 rows=1 width=0)
   ->  Index Scan using index_listings_on_id_and_user_id_and_title on listings  (cost=0.00..1615.79 rows=4 width=0)
         Index Cond: (user_id = 25305)
[0m
  [4;36;1mSQL (156.3ms)[0m   [0;1mSELECT count(*) AS count_all FROM "impressions" WHERE ("impressions".listing_id = 68692) [0m
  [4;35;1mAnalyzing  Execution Time: 0.1566

[0m   [0mAggregate  (cost=12714.08..12714.09 rows=1 width=0)
   ->  Seq Scan on impressions  (cost=0.00..12714.00 rows=31 width=0)
         Filter: (listing_id = 68692)
[0m
  [4;36;1mSQL (8.5ms)[0m   [0;1mSELECT count(*) AS count_all FROM "clicks" WHERE ("clicks".listing_id = 68692) [0m
  [4;35;1mAnalyzing  Execution Time: 0.008718

[0m   [0mAggregate  (cost=814.47..814.48 rows=1 width=0)
   ->  Seq Scan on clicks  (cost=0.00..814.46 rows=2 width=0)
         Filter: (listing_id = 68692)
[0m
  [4;36;1mSQL (2.2ms)[0m   [0;1mSELECT count(*) AS count_all FROM "listings" WHERE ("listings".user_id = 25303) [0m
  [4;35;1mAnalyzing  Execution Time: 0.0025

[0m   [0mAggregate  (cost=1615.81..1615.82 rows=1 width=0)
   ->  Index Scan using index_listings_on_id_and_user_id_and_title on listings  (cost=0.00..1615.79 rows=4 width=0)
         Index Cond: (user_id = 25303)
[0m
  [4;36;1mSQL (164.5ms)[0m   [0;1mSELECT count(*) AS count_all FROM "impressions" WHERE ("impressions".listing_id = 113042) [0m
  [4;35;1mAnalyzing  Execution Time: 0.164842

[0m   [0mAggregate  (cost=12714.08..12714.09 rows=1 width=0)
   ->  Seq Scan on impressions  (cost=0.00..12714.00 rows=31 width=0)
         Filter: (listing_id = 113042)
[0m
  [4;36;1mSQL (9.4ms)[0m   [0;1mSELECT count(*) AS count_all FROM "clicks" WHERE ("clicks".listing_id = 113042) [0m
  [4;35;1mAnalyzing  Execution Time: 0.009762

[0m   [0mAggregate  (cost=814.47..814.48 rows=1 width=0)
   ->  Seq Scan on clicks  (cost=0.00..814.46 rows=2 width=0)
         Filter: (listing_id = 113042)
[0m
  [4;36;1mSQL (2.2ms)[0m   [0;1mSELECT count(*) AS count_all FROM "listings" WHERE ("listings".user_id = 25302) [0m
  [4;35;1mAnalyzing  Execution Time: 0.0025

[0m   [0mAggregate  (cost=1615.81..1615.82 rows=1 width=0)
   ->  Index Scan using index_listings_on_id_and_user_id_and_title on listings  (cost=0.00..1615.79 rows=4 width=0)
         Index Cond: (user_id = 25302)
[0m
  [4;36;1mSQL (155.4ms)[0m   [0;1mSELECT count(*) AS count_all FROM "impressions" WHERE ("impressions".listing_id = 83308) [0m
  [4;35;1mAnalyzing  Execution Time: 0.155698

[0m   [0mAggregate  (cost=12714.08..12714.09 rows=1 width=0)
   ->  Seq Scan on impressions  (cost=0.00..12714.00 rows=31 width=0)
         Filter: (listing_id = 83308)
[0m
  [4;36;1mSQL (9.9ms)[0m   [0;1mSELECT count(*) AS count_all FROM "clicks" WHERE ("clicks".listing_id = 83308) [0m
  [4;35;1mAnalyzing  Execution Time: 0.010144

[0m   [0mAggregate  (cost=814.47..814.48 rows=1 width=0)
   ->  Seq Scan on clicks  (cost=0.00..814.46 rows=2 width=0)
         Filter: (listing_id = 83308)
[0m
  [4;36;1mSQL (2.1ms)[0m   [0;1mSELECT count(*) AS count_all FROM "listings" WHERE ("listings".user_id = 25297) [0m
  [4;35;1mAnalyzing  Execution Time: 0.002384

[0m   [0mAggregate  (cost=1615.81..1615.82 rows=1 width=0)
   ->  Index Scan using index_listings_on_id_and_user_id_and_title on listings  (cost=0.00..1615.79 rows=4 width=0)
         Index Cond: (user_id = 25297)
[0m
  [4;36;1mSQL (162.5ms)[0m   [0;1mSELECT count(*) AS count_all FROM "impressions" WHERE ("impressions".listing_id = 82633) [0m
  [4;35;1mAnalyzing  Execution Time: 0.162753

[0m   [0mAggregate  (cost=12714.08..12714.09 rows=1 width=0)
   ->  Seq Scan on impressions  (cost=0.00..12714.00 rows=31 width=0)
         Filter: (listing_id = 82633)
[0m
  [4;36;1mSQL (16.6ms)[0m   [0;1mSELECT count(*) AS count_all FROM "clicks" WHERE ("clicks".listing_id = 82633) [0m
  [4;35;1mAnalyzing  Execution Time: 0.016827

[0m   [0mAggregate  (cost=814.47..814.48 rows=1 width=0)
   ->  Seq Scan on clicks  (cost=0.00..814.46 rows=2 width=0)
         Filter: (listing_id = 82633)
[0m
  [4;36;1mSQL (2.3ms)[0m   [0;1mSELECT count(*) AS count_all FROM "listings" WHERE ("listings".user_id = 25294) [0m
  [4;35;1mAnalyzing  Execution Time: 0.002569

[0m   [0mAggregate  (cost=1615.81..1615.82 rows=1 width=0)
   ->  Index Scan using index_listings_on_id_and_user_id_and_title on listings  (cost=0.00..1615.79 rows=4 width=0)
         Index Cond: (user_id = 25294)
[0m
  [4;36;1mSQL (210.8ms)[0m   [0;1mSELECT count(*) AS count_all FROM "impressions" WHERE ("impressions".listing_id = 113039) [0m
  [4;35;1mAnalyzing  Execution Time: 0.21111

[0m   [0mAggregate  (cost=12714.08..12714.09 rows=1 width=0)
   ->  Seq Scan on impressions  (cost=0.00..12714.00 rows=31 width=0)
         Filter: (listing_id = 113039)
[0m
  [4;36;1mSQL (9.8ms)[0m   [0;1mSELECT count(*) AS count_all FROM "clicks" WHERE ("clicks".listing_id = 113039) [0m
  [4;35;1mAnalyzing  Execution Time: 0.010095

[0m   [0mAggregate  (cost=814.47..814.48 rows=1 width=0)
   ->  Seq Scan on clicks  (cost=0.00..814.46 rows=2 width=0)
         Filter: (listing_id = 113039)
[0m
  [4;36;1mSQL (2.4ms)[0m   [0;1mSELECT count(*) AS count_all FROM "listings" WHERE ("listings".user_id = 25293) [0m
  [4;35;1mAnalyzing  Execution Time: 0.002699

[0m   [0mAggregate  (cost=1615.81..1615.82 rows=1 width=0)
   ->  Index Scan using index_listings_on_id_and_user_id_and_title on listings  (cost=0.00..1615.79 rows=4 width=0)
         Index Cond: (user_id = 25293)
[0m
  [4;36;1mSQL (156.0ms)[0m   [0;1mSELECT count(*) AS count_all FROM "impressions" WHERE ("impressions".listing_id = 113038) [0m
  [4;35;1mAnalyzing  Execution Time: 0.156391

[0m   [0mAggregate  (cost=12714.08..12714.09 rows=1 width=0)
   ->  Seq Scan on impressions  (cost=0.00..12714.00 rows=31 width=0)
         Filter: (listing_id = 113038)
[0m
  [4;36;1mSQL (10.0ms)[0m   [0;1mSELECT count(*) AS count_all FROM "clicks" WHERE ("clicks".listing_id = 113038) [0m
  [4;35;1mAnalyzing  Execution Time: 0.010256

[0m   [0mAggregate  (cost=814.47..814.48 rows=1 width=0)
   ->  Seq Scan on clicks  (cost=0.00..814.46 rows=2 width=0)
         Filter: (listing_id = 113038)
[0m
  [4;36;1mSQL (2.1ms)[0m   [0;1mSELECT count(*) AS count_all FROM "listings" WHERE ("listings".user_id = 25292) [0m
  [4;35;1mAnalyzing  Execution Time: 0.002424

[0m   [0mAggregate  (cost=1615.81..1615.82 rows=1 width=0)
   ->  Index Scan using index_listings_on_id_and_user_id_and_title on listings  (cost=0.00..1615.79 rows=4 width=0)
         Index Cond: (user_id = 25292)
[0m
  [4;36;1mSQL (153.0ms)[0m   [0;1mSELECT count(*) AS count_all FROM "impressions" WHERE ("impressions".listing_id = 90101) [0m
  [4;35;1mAnalyzing  Execution Time: 0.153277

[0m   [0mAggregate  (cost=12714.08..12714.09 rows=1 width=0)
   ->  Seq Scan on impressions  (cost=0.00..12714.00 rows=31 width=0)
         Filter: (listing_id = 90101)
[0m
  [4;36;1mSQL (11.0ms)[0m   [0;1mSELECT count(*) AS count_all FROM "clicks" WHERE ("clicks".listing_id = 90101) [0m
  [4;35;1mAnalyzing  Execution Time: 0.011242

[0m   [0mAggregate  (cost=814.49..814.50 rows=1 width=0)
   ->  Seq Scan on clicks  (cost=0.00..814.46 rows=10 width=0)
         Filter: (listing_id = 90101)
[0m
  [4;36;1mSQL (2.0ms)[0m   [0;1mSELECT count(*) AS count_all FROM "listings" WHERE ("listings".user_id = 25291) [0m
  [4;35;1mAnalyzing  Execution Time: 0.002251

[0m   [0mAggregate  (cost=1615.81..1615.82 rows=1 width=0)
   ->  Index Scan using index_listings_on_id_and_user_id_and_title on listings  (cost=0.00..1615.79 rows=4 width=0)
         Index Cond: (user_id = 25291)
[0m
  [4;36;1mSQL (155.3ms)[0m   [0;1mSELECT count(*) AS count_all FROM "impressions" WHERE ("impressions".listing_id = 66214) [0m
  [4;35;1mAnalyzing  Execution Time: 0.155601

[0m   [0mAggregate  (cost=12714.08..12714.09 rows=1 width=0)
   ->  Seq Scan on impressions  (cost=0.00..12714.00 rows=31 width=0)
         Filter: (listing_id = 66214)
[0m
  [4;36;1mSQL (8.4ms)[0m   [0;1mSELECT count(*) AS count_all FROM "clicks" WHERE ("clicks".listing_id = 66214) [0m
  [4;35;1mAnalyzing  Execution Time: 0.008688

[0m   [0mAggregate  (cost=814.47..814.48 rows=1 width=0)
   ->  Seq Scan on clicks  (cost=0.00..814.46 rows=2 width=0)
         Filter: (listing_id = 66214)
[0m
  [4;36;1mSQL (2.4ms)[0m   [0;1mSELECT count(*) AS count_all FROM "listings" WHERE ("listings".user_id = 25290) [0m
  [4;35;1mAnalyzing  Execution Time: 0.150847

[0m   [0mAggregate  (cost=1615.81..1615.82 rows=1 width=0)
   ->  Index Scan using index_listings_on_id_and_user_id_and_title on listings  (cost=0.00..1615.79 rows=4 width=0)
         Index Cond: (user_id = 25290)
[0m
  [4;36;1mSQL (147.8ms)[0m   [0;1mSELECT count(*) AS count_all FROM "impressions" WHERE ("impressions".listing_id = 74712) [0m
  [4;35;1mAnalyzing  Execution Time: 0.148154

[0m   [0mAggregate  (cost=12714.08..12714.09 rows=1 width=0)
   ->  Seq Scan on impressions  (cost=0.00..12714.00 rows=31 width=0)
         Filter: (listing_id = 74712)
[0m
  [4;36;1mSQL (155.9ms)[0m   [0;1mSELECT count(*) AS count_all FROM "impressions" WHERE ("impressions".listing_id = 105962) [0m
  [4;35;1mAnalyzing  Execution Time: 0.15624

[0m   [0mAggregate  (cost=12714.08..12714.09 rows=1 width=0)
   ->  Seq Scan on impressions  (cost=0.00..12714.00 rows=31 width=0)
         Filter: (listing_id = 105962)
[0m
  [4;36;1mSQL (240.4ms)[0m   [0;1mSELECT count(*) AS count_all FROM "impressions" WHERE ("impressions".listing_id = 105964) [0m
  [4;35;1mAnalyzing  Execution Time: 0.240738

[0m   [0mAggregate  (cost=12714.08..12714.09 rows=1 width=0)
   ->  Seq Scan on impressions  (cost=0.00..12714.00 rows=31 width=0)
         Filter: (listing_id = 105964)
[0m
  [4;36;1mSQL (149.9ms)[0m   [0;1mSELECT count(*) AS count_all FROM "impressions" WHERE ("impressions".listing_id = 105965) [0m
  [4;35;1mAnalyzing  Execution Time: 0.150229

[0m   [0mAggregate  (cost=12714.08..12714.09 rows=1 width=0)
   ->  Seq Scan on impressions  (cost=0.00..12714.00 rows=31 width=0)
         Filter: (listing_id = 105965)
[0m
  [4;36;1mSQL (8.6ms)[0m   [0;1mSELECT count(*) AS count_all FROM "clicks" WHERE ("clicks".listing_id = 74712) [0m
  [4;35;1mAnalyzing  Execution Time: 0.008948

[0m   [0mAggregate  (cost=814.47..814.48 rows=1 width=0)
   ->  Seq Scan on clicks  (cost=0.00..814.46 rows=2 width=0)
         Filter: (listing_id = 74712)
[0m
  [4;36;1mSQL (10.0ms)[0m   [0;1mSELECT count(*) AS count_all FROM "clicks" WHERE ("clicks".listing_id = 105962) [0m
  [4;35;1mAnalyzing  Execution Time: 0.010237

[0m   [0mAggregate  (cost=814.47..814.48 rows=1 width=0)
   ->  Seq Scan on clicks  (cost=0.00..814.46 rows=2 width=0)
         Filter: (listing_id = 105962)
[0m
  [4;36;1mSQL (9.1ms)[0m   [0;1mSELECT count(*) AS count_all FROM "clicks" WHERE ("clicks".listing_id = 105964) [0m
  [4;35;1mAnalyzing  Execution Time: 0.009402

[0m   [0mAggregate  (cost=814.47..814.48 rows=1 width=0)
   ->  Seq Scan on clicks  (cost=0.00..814.46 rows=2 width=0)
         Filter: (listing_id = 105964)
[0m
  [4;36;1mSQL (8.7ms)[0m   [0;1mSELECT count(*) AS count_all FROM "clicks" WHERE ("clicks".listing_id = 105965) [0m
  [4;35;1mAnalyzing  Execution Time: 0.009028

[0m   [0mAggregate  (cost=814.47..814.48 rows=1 width=0)
   ->  Seq Scan on clicks  (cost=0.00..814.46 rows=2 width=0)
         Filter: (listing_id = 105965)
[0m
  [4;36;1mSQL (5.0ms)[0m   [0;1mSELECT count(*) AS count_all FROM "listings" WHERE ("listings".user_id = 25289) [0m
  [4;35;1mAnalyzing  Execution Time: 0.00525

[0m   [0mAggregate  (cost=1615.81..1615.82 rows=1 width=0)
   ->  Index Scan using index_listings_on_id_and_user_id_and_title on listings  (cost=0.00..1615.79 rows=4 width=0)
         Index Cond: (user_id = 25289)
[0m
  [4;36;1mSQL (150.2ms)[0m   [0;1mSELECT count(*) AS count_all FROM "impressions" WHERE ("impressions".listing_id = 113037) [0m
  [4;35;1mAnalyzing  Execution Time: 0.150467

[0m   [0mAggregate  (cost=12717.17..12717.18 rows=1 width=0)
   ->  Seq Scan on impressions  (cost=0.00..12714.00 rows=1267 width=0)
         Filter: (listing_id = 113037)
[0m
  [4;36;1mSQL (10.3ms)[0m   [0;1mSELECT count(*) AS count_all FROM "clicks" WHERE ("clicks".listing_id = 113037) [0m
  [4;35;1mAnalyzing  Execution Time: 0.010545

[0m   [0mAggregate  (cost=814.50..814.51 rows=1 width=0)
   ->  Seq Scan on clicks  (cost=0.00..814.46 rows=13 width=0)
         Filter: (listing_id = 113037)
[0m
  [4;36;1mSQL (2.1ms)[0m   [0;1mSELECT count(*) AS count_all FROM "listings" WHERE ("listings".user_id = 25271) [0m
  [4;35;1mAnalyzing  Execution Time: 0.002393

[0m   [0mAggregate  (cost=1615.81..1615.82 rows=1 width=0)
   ->  Index Scan using index_listings_on_id_and_user_id_and_title on listings  (cost=0.00..1615.79 rows=4 width=0)
         Index Cond: (user_id = 25271)
[0m
  [4;36;1mSQL (145.3ms)[0m   [0;1mSELECT count(*) AS count_all FROM "impressions" WHERE ("impressions".listing_id = 113022) [0m
  [4;35;1mAnalyzing  Execution Time: 0.145521

[0m   [0mAggregate  (cost=12723.85..12723.86 rows=1 width=0)
   ->  Seq Scan on impressions  (cost=0.00..12714.00 rows=3941 width=0)
         Filter: (listing_id = 113022)
[0m
  [4;36;1mSQL (9.3ms)[0m   [0;1mSELECT count(*) AS count_all FROM "clicks" WHERE ("clicks".listing_id = 113022) [0m
  [4;35;1mAnalyzing  Execution Time: 0.009717

[0m   [0mAggregate  (cost=814.60..814.61 rows=1 width=0)
   ->  Seq Scan on clicks  (cost=0.00..814.46 rows=53 width=0)
         Filter: (listing_id = 113022)
[0m
  [4;36;1mSQL (3.1ms)[0m   [0;1mSELECT count(*) AS count_all FROM "listings" WHERE ("listings".user_id = 25270) [0m
  [4;35;1mAnalyzing  Execution Time: 0.003366

[0m   [0mAggregate  (cost=1615.81..1615.82 rows=1 width=0)
   ->  Index Scan using index_listings_on_id_and_user_id_and_title on listings  (cost=0.00..1615.79 rows=4 width=0)
         Index Cond: (user_id = 25270)
[0m
  [4;36;1mSQL (148.4ms)[0m   [0;1mSELECT count(*) AS count_all FROM "impressions" WHERE ("impressions".listing_id = 86230) [0m
  [4;35;1mAnalyzing  Execution Time: 0.148656

[0m   [0mAggregate  (cost=12723.16..12723.17 rows=1 width=0)
   ->  Seq Scan on impressions  (cost=0.00..12714.00 rows=3662 width=0)
         Filter: (listing_id = 86230)
[0m
  [4;36;1mSQL (9.5ms)[0m   [0;1mSELECT count(*) AS count_all FROM "clicks" WHERE ("clicks".listing_id = 86230) [0m
  [4;35;1mAnalyzing  Execution Time: 0.009756

[0m   [0mAggregate  (cost=814.53..814.54 rows=1 width=0)
   ->  Seq Scan on clicks  (cost=0.00..814.46 rows=27 width=0)
         Filter: (listing_id = 86230)
[0m
  [4;36;1mSQL (2.6ms)[0m   [0;1mSELECT count(*) AS count_all FROM "listings" WHERE ("listings".user_id = 25267) [0m
  [4;35;1mAnalyzing  Execution Time: 0.002846

[0m   [0mAggregate  (cost=1615.81..1615.82 rows=1 width=0)
   ->  Index Scan using index_listings_on_id_and_user_id_and_title on listings  (cost=0.00..1615.79 rows=4 width=0)
         Index Cond: (user_id = 25267)
[0m
  [4;36;1mSQL (143.3ms)[0m   [0;1mSELECT count(*) AS count_all FROM "impressions" WHERE ("impressions".listing_id = 87237) [0m
  [4;35;1mAnalyzing  Execution Time: 0.143547

[0m   [0mAggregate  (cost=12714.08..12714.09 rows=1 width=0)
   ->  Seq Scan on impressions  (cost=0.00..12714.00 rows=31 width=0)
         Filter: (listing_id = 87237)
[0m
  [4;36;1mSQL (10.5ms)[0m   [0;1mSELECT count(*) AS count_all FROM "clicks" WHERE ("clicks".listing_id = 87237) [0m
  [4;35;1mAnalyzing  Execution Time: 0.010852

[0m   [0mAggregate  (cost=814.47..814.48 rows=1 width=0)
   ->  Seq Scan on clicks  (cost=0.00..814.46 rows=2 width=0)
         Filter: (listing_id = 87237)
[0m
  [4;36;1mSQL (2.7ms)[0m   [0;1mSELECT count(*) AS count_all FROM "listings" WHERE ("listings".user_id = 25266) [0m
  [4;35;1mAnalyzing  Execution Time: 0.002975

[0m   [0mAggregate  (cost=1615.81..1615.82 rows=1 width=0)
   ->  Index Scan using index_listings_on_id_and_user_id_and_title on listings  (cost=0.00..1615.79 rows=4 width=0)
         Index Cond: (user_id = 25266)
[0m
  [4;36;1mSQL (146.3ms)[0m   [0;1mSELECT count(*) AS count_all FROM "impressions" WHERE ("impressions".listing_id = 113019) [0m
  [4;35;1mAnalyzing  Execution Time: 0.146527

[0m   [0mAggregate  (cost=12714.08..12714.09 rows=1 width=0)
   ->  Seq Scan on impressions  (cost=0.00..12714.00 rows=31 width=0)
         Filter: (listing_id = 113019)
[0m
  [4;36;1mSQL (156.4ms)[0m   [0;1mSELECT count(*) AS count_all FROM "impressions" WHERE ("impressions".listing_id = 113067) [0m
  [4;35;1mAnalyzing  Execution Time: 0.156618

[0m   [0mAggregate  (cost=12714.08..12714.09 rows=1 width=0)
   ->  Seq Scan on impressions  (cost=0.00..12714.00 rows=31 width=0)
         Filter: (listing_id = 113067)
[0m
  [4;36;1mSQL (158.6ms)[0m   [0;1mSELECT count(*) AS count_all FROM "impressions" WHERE ("impressions".listing_id = 113068) [0m
  [4;35;1mAnalyzing  Execution Time: 0.158915

[0m   [0mAggregate  (cost=12714.08..12714.09 rows=1 width=0)
   ->  Seq Scan on impressions  (cost=0.00..12714.00 rows=31 width=0)
         Filter: (listing_id = 113068)
[0m
  [4;36;1mSQL (8.6ms)[0m   [0;1mSELECT count(*) AS count_all FROM "clicks" WHERE ("clicks".listing_id = 113019) [0m
  [4;35;1mAnalyzing  Execution Time: 0.008892

[0m   [0mAggregate  (cost=814.47..814.48 rows=1 width=0)
   ->  Seq Scan on clicks  (cost=0.00..814.46 rows=2 width=0)
         Filter: (listing_id = 113019)
[0m
  [4;36;1mSQL (12.4ms)[0m   [0;1mSELECT count(*) AS count_all FROM "clicks" WHERE ("clicks".listing_id = 113067) [0m
  [4;35;1mAnalyzing  Execution Time: 0.012647

[0m   [0mAggregate  (cost=814.47..814.48 rows=1 width=0)
   ->  Seq Scan on clicks  (cost=0.00..814.46 rows=2 width=0)
         Filter: (listing_id = 113067)
[0m
  [4;36;1mSQL (9.4ms)[0m   [0;1mSELECT count(*) AS count_all FROM "clicks" WHERE ("clicks".listing_id = 113068) [0m
  [4;35;1mAnalyzing  Execution Time: 0.009684

[0m   [0mAggregate  (cost=814.47..814.48 rows=1 width=0)
   ->  Seq Scan on clicks  (cost=0.00..814.46 rows=2 width=0)
         Filter: (listing_id = 113068)
[0m
  [4;36;1mSQL (4.4ms)[0m   [0;1mSELECT count(*) AS count_all FROM "listings" WHERE ("listings".user_id = 25265) [0m
  [4;35;1mAnalyzing  Execution Time: 0.004715

[0m   [0mAggregate  (cost=1615.81..1615.82 rows=1 width=0)
   ->  Index Scan using index_listings_on_id_and_user_id_and_title on listings  (cost=0.00..1615.79 rows=4 width=0)
         Index Cond: (user_id = 25265)
[0m
  [4;36;1mSQL (161.5ms)[0m   [0;1mSELECT count(*) AS count_all FROM "impressions" WHERE ("impressions".listing_id = 73326) [0m
  [4;35;1mAnalyzing  Execution Time: 0.161733

[0m   [0mAggregate  (cost=12714.08..12714.09 rows=1 width=0)
   ->  Seq Scan on impressions  (cost=0.00..12714.00 rows=31 width=0)
         Filter: (listing_id = 73326)
[0m
  [4;36;1mSQL (153.9ms)[0m   [0;1mSELECT count(*) AS count_all FROM "impressions" WHERE ("impressions".listing_id = 88124) [0m
  [4;35;1mAnalyzing  Execution Time: 0.154199

[0m   [0mAggregate  (cost=12714.08..12714.09 rows=1 width=0)
   ->  Seq Scan on impressions  (cost=0.00..12714.00 rows=31 width=0)
         Filter: (listing_id = 88124)
[0m
  [4;36;1mSQL (145.3ms)[0m   [0;1mSELECT count(*) AS count_all FROM "impressions" WHERE ("impressions".listing_id = 88125) [0m
  [4;35;1mAnalyzing  Execution Time: 0.145582

[0m   [0mAggregate  (cost=12714.08..12714.09 rows=1 width=0)
   ->  Seq Scan on impressions  (cost=0.00..12714.00 rows=31 width=0)
         Filter: (listing_id = 88125)
[0m
  [4;36;1mSQL (145.5ms)[0m   [0;1mSELECT count(*) AS count_all FROM "impressions" WHERE ("impressions".listing_id = 113017) [0m
  [4;35;1mAnalyzing  Execution Time: 0.145785

[0m   [0mAggregate  (cost=12714.08..12714.09 rows=1 width=0)
   ->  Seq Scan on impressions  (cost=0.00..12714.00 rows=31 width=0)
         Filter: (listing_id = 113017)
[0m
  [4;36;1mSQL (153.4ms)[0m   [0;1mSELECT count(*) AS count_all FROM "impressions" WHERE ("impressions".listing_id = 113018) [0m
  [4;35;1mAnalyzing  Execution Time: 0.153715

[0m   [0mAggregate  (cost=12714.08..12714.09 rows=1 width=0)
   ->  Seq Scan on impressions  (cost=0.00..12714.00 rows=31 width=0)
         Filter: (listing_id = 113018)
[0m
  [4;36;1mSQL (11.0ms)[0m   [0;1mSELECT count(*) AS count_all FROM "clicks" WHERE ("clicks".listing_id = 73326) [0m
  [4;35;1mAnalyzing  Execution Time: 0.011319

[0m   [0mAggregate  (cost=814.47..814.48 rows=1 width=0)
   ->  Seq Scan on clicks  (cost=0.00..814.46 rows=2 width=0)
         Filter: (listing_id = 73326)
[0m
  [4;36;1mSQL (9.1ms)[0m   [0;1mSELECT count(*) AS count_all FROM "clicks" WHERE ("clicks".listing_id = 88124) [0m
  [4;35;1mAnalyzing  Execution Time: 0.009337

[0m   [0mAggregate  (cost=814.47..814.48 rows=1 width=0)
   ->  Seq Scan on clicks  (cost=0.00..814.46 rows=2 width=0)
         Filter: (listing_id = 88124)
[0m
  [4;36;1mSQL (8.5ms)[0m   [0;1mSELECT count(*) AS count_all FROM "clicks" WHERE ("clicks".listing_id = 88125) [0m
  [4;35;1mAnalyzing  Execution Time: 0.008774

[0m   [0mAggregate  (cost=814.47..814.48 rows=1 width=0)
   ->  Seq Scan on clicks  (cost=0.00..814.46 rows=2 width=0)
         Filter: (listing_id = 88125)
[0m
  [4;36;1mSQL (9.2ms)[0m   [0;1mSELECT count(*) AS count_all FROM "clicks" WHERE ("clicks".listing_id = 113017) [0m
  [4;35;1mAnalyzing  Execution Time: 0.009478

[0m   [0mAggregate  (cost=814.47..814.48 rows=1 width=0)
   ->  Seq Scan on clicks  (cost=0.00..814.46 rows=2 width=0)
         Filter: (listing_id = 113017)
[0m
  [4;36;1mSQL (9.4ms)[0m   [0;1mSELECT count(*) AS count_all FROM "clicks" WHERE ("clicks".listing_id = 113018) [0m
  [4;35;1mAnalyzing  Execution Time: 0.009632

[0m   [0mAggregate  (cost=814.47..814.48 rows=1 width=0)
   ->  Seq Scan on clicks  (cost=0.00..814.46 rows=2 width=0)
         Filter: (listing_id = 113018)
[0m
  [4;36;1mSQL (4.5ms)[0m   [0;1mSELECT count(*) AS count_all FROM "listings" WHERE ("listings".user_id = 25264) [0m
  [4;35;1mAnalyzing  Execution Time: 0.004717

[0m   [0mAggregate  (cost=1615.81..1615.82 rows=1 width=0)
   ->  Index Scan using index_listings_on_id_and_user_id_and_title on listings  (cost=0.00..1615.79 rows=4 width=0)
         Index Cond: (user_id = 25264)
[0m
  [4;36;1mSQL (160.7ms)[0m   [0;1mSELECT count(*) AS count_all FROM "impressions" WHERE ("impressions".listing_id = 81941) [0m
  [4;35;1mAnalyzing  Execution Time: 0.160958

[0m   [0mAggregate  (cost=12714.08..12714.09 rows=1 width=0)
   ->  Seq Scan on impressions  (cost=0.00..12714.00 rows=31 width=0)
         Filter: (listing_id = 81941)
[0m
  [4;36;1mSQL (8.5ms)[0m   [0;1mSELECT count(*) AS count_all FROM "clicks" WHERE ("clicks".listing_id = 81941) [0m
  [4;35;1mAnalyzing  Execution Time: 0.008822

[0m   [0mAggregate  (cost=814.49..814.50 rows=1 width=0)
   ->  Seq Scan on clicks  (cost=0.00..814.46 rows=10 width=0)
         Filter: (listing_id = 81941)
[0m
  [4;36;1mSQL (4.1ms)[0m   [0;1mSELECT count(*) AS count_all FROM "listings" WHERE ("listings".user_id = 25263) [0m
  [4;35;1mAnalyzing  Execution Time: 0.004377

[0m   [0mAggregate  (cost=1615.81..1615.82 rows=1 width=0)
   ->  Index Scan using index_listings_on_id_and_user_id_and_title on listings  (cost=0.00..1615.79 rows=4 width=0)
         Index Cond: (user_id = 25263)
[0m
  [4;36;1mSQL (151.2ms)[0m   [0;1mSELECT count(*) AS count_all FROM "impressions" WHERE ("impressions".listing_id = 67489) [0m
  [4;35;1mAnalyzing  Execution Time: 0.151448

[0m   [0mAggregate  (cost=12714.08..12714.09 rows=1 width=0)
   ->  Seq Scan on impressions  (cost=0.00..12714.00 rows=31 width=0)
         Filter: (listing_id = 67489)
[0m
  [4;36;1mSQL (11.7ms)[0m   [0;1mSELECT count(*) AS count_all FROM "clicks" WHERE ("clicks".listing_id = 67489) [0m
  [4;35;1mAnalyzing  Execution Time: 0.011991

[0m   [0mAggregate  (cost=814.47..814.48 rows=1 width=0)
   ->  Seq Scan on clicks  (cost=0.00..814.46 rows=2 width=0)
         Filter: (listing_id = 67489)
[0m
  [4;36;1mSQL (2.3ms)[0m   [0;1mSELECT count(*) AS count_all FROM "listings" WHERE ("listings".user_id = 25262) [0m
  [4;35;1mAnalyzing  Execution Time: 0.002604

[0m   [0mAggregate  (cost=1615.81..1615.82 rows=1 width=0)
   ->  Index Scan using index_listings_on_id_and_user_id_and_title on listings  (cost=0.00..1615.79 rows=4 width=0)
         Index Cond: (user_id = 25262)
[0m
  [4;36;1mSQL (153.0ms)[0m   [0;1mSELECT count(*) AS count_all FROM "impressions" WHERE ("impressions".listing_id = 113016) [0m
  [4;35;1mAnalyzing  Execution Time: 0.15335

[0m   [0mAggregate  (cost=12714.08..12714.09 rows=1 width=0)
   ->  Seq Scan on impressions  (cost=0.00..12714.00 rows=31 width=0)
         Filter: (listing_id = 113016)
[0m
  [4;36;1mSQL (9.8ms)[0m   [0;1mSELECT count(*) AS count_all FROM "clicks" WHERE ("clicks".listing_id = 113016) [0m
  [4;35;1mAnalyzing  Execution Time: 0.010044

[0m   [0mAggregate  (cost=814.47..814.48 rows=1 width=0)
   ->  Seq Scan on clicks  (cost=0.00..814.46 rows=2 width=0)
         Filter: (listing_id = 113016)
[0m
  [4;36;1mSQL (2.0ms)[0m   [0;1mSELECT count(*) AS count_all FROM "listings" WHERE ("listings".user_id = 25261) [0m
  [4;35;1mAnalyzing  Execution Time: 0.002291

[0m   [0mAggregate  (cost=1615.81..1615.82 rows=1 width=0)
   ->  Index Scan using index_listings_on_id_and_user_id_and_title on listings  (cost=0.00..1615.79 rows=4 width=0)
         Index Cond: (user_id = 25261)
[0m
  [4;36;1mSQL (156.2ms)[0m   [0;1mSELECT count(*) AS count_all FROM "impressions" WHERE ("impressions".listing_id = 72333) [0m
  [4;35;1mAnalyzing  Execution Time: 0.156468

[0m   [0mAggregate  (cost=12714.08..12714.09 rows=1 width=0)
   ->  Seq Scan on impressions  (cost=0.00..12714.00 rows=31 width=0)
         Filter: (listing_id = 72333)
[0m
  [4;36;1mSQL (147.6ms)[0m   [0;1mSELECT count(*) AS count_all FROM "impressions" WHERE ("impressions".listing_id = 113021) [0m
  [4;35;1mAnalyzing  Execution Time: 0.147849

[0m   [0mAggregate  (cost=12714.08..12714.09 rows=1 width=0)
   ->  Seq Scan on impressions  (cost=0.00..12714.00 rows=31 width=0)
         Filter: (listing_id = 113021)
[0m
  [4;36;1mSQL (11.0ms)[0m   [0;1mSELECT count(*) AS count_all FROM "clicks" WHERE ("clicks".listing_id = 72333) [0m
  [4;35;1mAnalyzing  Execution Time: 0.011301

[0m   [0mAggregate  (cost=814.50..814.51 rows=1 width=0)
   ->  Seq Scan on clicks  (cost=0.00..814.46 rows=13 width=0)
         Filter: (listing_id = 72333)
[0m
  [4;36;1mSQL (9.8ms)[0m   [0;1mSELECT count(*) AS count_all FROM "clicks" WHERE ("clicks".listing_id = 113021) [0m
  [4;35;1mAnalyzing  Execution Time: 0.010078

[0m   [0mAggregate  (cost=814.47..814.48 rows=1 width=0)
   ->  Seq Scan on clicks  (cost=0.00..814.46 rows=2 width=0)
         Filter: (listing_id = 113021)
[0m
  [4;36;1mSQL (4.4ms)[0m   [0;1mSELECT count(*) AS count_all FROM "listings" WHERE ("listings".user_id = 25256) [0m
  [4;35;1mAnalyzing  Execution Time: 0.00471

[0m   [0mAggregate  (cost=1615.81..1615.82 rows=1 width=0)
   ->  Index Scan using index_listings_on_id_and_user_id_and_title on listings  (cost=0.00..1615.79 rows=4 width=0)
         Index Cond: (user_id = 25256)
[0m
  [4;36;1mSQL (154.3ms)[0m   [0;1mSELECT count(*) AS count_all FROM "impressions" WHERE ("impressions".listing_id = 113007) [0m
  [4;35;1mAnalyzing  Execution Time: 0.154509

[0m   [0mAggregate  (cost=12714.08..12714.09 rows=1 width=0)
   ->  Seq Scan on impressions  (cost=0.00..12714.00 rows=31 width=0)
         Filter: (listing_id = 113007)
[0m
  [4;36;1mSQL (8.4ms)[0m   [0;1mSELECT count(*) AS count_all FROM "clicks" WHERE ("clicks".listing_id = 113007) [0m
  [4;35;1mAnalyzing  Execution Time: 0.008653

[0m   [0mAggregate  (cost=814.47..814.48 rows=1 width=0)
   ->  Seq Scan on clicks  (cost=0.00..814.46 rows=2 width=0)
         Filter: (listing_id = 113007)
[0m
  [4;36;1mSQL (3.2ms)[0m   [0;1mSELECT count(*) AS count_all FROM "listings" WHERE ("listings".user_id = 25246) [0m
  [4;35;1mAnalyzing  Execution Time: 0.003436

[0m   [0mAggregate  (cost=1615.81..1615.82 rows=1 width=0)
   ->  Index Scan using index_listings_on_id_and_user_id_and_title on listings  (cost=0.00..1615.79 rows=4 width=0)
         Index Cond: (user_id = 25246)
[0m
  [4;36;1mSQL (175.2ms)[0m   [0;1mSELECT count(*) AS count_all FROM "impressions" WHERE ("impressions".listing_id = 66449) [0m
  [4;35;1mAnalyzing  Execution Time: 0.17562

[0m   [0mAggregate  (cost=12714.08..12714.09 rows=1 width=0)
   ->  Seq Scan on impressions  (cost=0.00..12714.00 rows=31 width=0)
         Filter: (listing_id = 66449)
[0m
  [4;36;1mSQL (156.1ms)[0m   [0;1mSELECT count(*) AS count_all FROM "impressions" WHERE ("impressions".listing_id = 113005) [0m
  [4;35;1mAnalyzing  Execution Time: 0.156471

[0m   [0mAggregate  (cost=12714.08..12714.09 rows=1 width=0)
   ->  Seq Scan on impressions  (cost=0.00..12714.00 rows=31 width=0)
         Filter: (listing_id = 113005)
[0m
  [4;36;1mSQL (10.3ms)[0m   [0;1mSELECT count(*) AS count_all FROM "clicks" WHERE ("clicks".listing_id = 66449) [0m
  [4;35;1mAnalyzing  Execution Time: 0.010597

[0m   [0mAggregate  (cost=814.51..814.52 rows=1 width=0)
   ->  Seq Scan on clicks  (cost=0.00..814.46 rows=19 width=0)
         Filter: (listing_id = 66449)
[0m
  [4;36;1mSQL (8.7ms)[0m   [0;1mSELECT count(*) AS count_all FROM "clicks" WHERE ("clicks".listing_id = 113005) [0m
  [4;35;1mAnalyzing  Execution Time: 0.008934

[0m   [0mAggregate  (cost=814.47..814.48 rows=1 width=0)
   ->  Seq Scan on clicks  (cost=0.00..814.46 rows=2 width=0)
         Filter: (listing_id = 113005)
[0m
  [4;36;1mSQL (3.2ms)[0m   [0;1mSELECT count(*) AS count_all FROM "listings" WHERE ("listings".user_id = 25242) [0m
  [4;35;1mAnalyzing  Execution Time: 0.003451

[0m   [0mAggregate  (cost=1615.81..1615.82 rows=1 width=0)
   ->  Index Scan using index_listings_on_id_and_user_id_and_title on listings  (cost=0.00..1615.79 rows=4 width=0)
         Index Cond: (user_id = 25242)
[0m
  [4;36;1mSQL (182.3ms)[0m   [0;1mSELECT count(*) AS count_all FROM "impressions" WHERE ("impressions".listing_id = 85480) [0m
  [4;35;1mAnalyzing  Execution Time: 0.182599

[0m   [0mAggregate  (cost=12729.74..12729.75 rows=1 width=0)
   ->  Seq Scan on impressions  (cost=0.00..12714.00 rows=6294 width=0)
         Filter: (listing_id = 85480)
[0m
  [4;36;1mSQL (156.7ms)[0m   [0;1mSELECT count(*) AS count_all FROM "impressions" WHERE ("impressions".listing_id = 85481) [0m
  [4;35;1mAnalyzing  Execution Time: 0.157171

[0m   [0mAggregate  (cost=12730.96..12730.97 rows=1 width=0)
   ->  Seq Scan on impressions  (cost=0.00..12714.00 rows=6782 width=0)
         Filter: (listing_id = 85481)
[0m
  [4;36;1mSQL (9.4ms)[0m   [0;1mSELECT count(*) AS count_all FROM "clicks" WHERE ("clicks".listing_id = 85480) [0m
  [4;35;1mAnalyzing  Execution Time: 0.00971

[0m   [0mAggregate  (cost=816.04..816.05 rows=1 width=0)
   ->  Seq Scan on clicks  (cost=0.00..814.46 rows=629 width=0)
         Filter: (listing_id = 85480)
[0m
  [4;36;1mSQL (8.6ms)[0m   [0;1mSELECT count(*) AS count_all FROM "clicks" WHERE ("clicks".listing_id = 85481) [0m
  [4;35;1mAnalyzing  Execution Time: 0.008847

[0m   [0mAggregate  (cost=814.85..814.86 rows=1 width=0)
   ->  Seq Scan on clicks  (cost=0.00..814.46 rows=154 width=0)
         Filter: (listing_id = 85481)
[0m
DEPRECATION WARNING: require "activerecord" is deprecated and will be removed in Rails 3. Use require "active_record" instead.. (called from /usr/local/lib/ruby/gems/1.8/gems/activerecord-2.3.5/lib/activerecord.rb:2)
** has_many_polymorphs: rails environment detected
** has_many_polymorphs: loaded ok
** has_many_polymorphs: autoload hook invoked
** has_many_polymorphs: preloading parent model Block
** has_many_polymorphs: associating Block.models
  [4;36;1mSQL (0.2ms)[0m   [0;1mSET client_min_messages TO 'panic'[0m
  [4;35;1mSQL (0.1ms)[0m   [0mSET client_min_messages TO 'notice'[0m
** has_many_polymorphs: preloading parent model View
** has_many_polymorphs: associating View.models
** has_many_polymorphs: autoload hook invoked
** has_many_polymorphs: preloading parent model Block
** has_many_polymorphs: preloading parent model View
  [4;36;1mClient Load (4.7ms)[0m   [0;1mSELECT * FROM "users" WHERE (created_at <= '2011-02-26 19:28:50.769469') AND ("users"."status" = E'active') AND ( ("users"."type" = 'Client' ) ) ORDER BY created_at DESC, activated_at DESC[0m
  [4;35;1mAnalyzing Client Load Execution Time: 0.025661

[0m   [0mSort  (cost=30.21..30.38 rows=67 width=574)
   Sort Key: created_at, activated_at
   ->  Seq Scan on users  (cost=0.00..28.18 rows=67 width=574)
         Filter: ((created_at <= '2011-02-26 19:28:50.769469'::timestamp without time zone) AND ((status)::text = 'active'::text) AND ((type)::text = 'Client'::text))
[0m
  [4;36;1mListing Load (23.0ms)[0m   [0;1mSELECT "listings".* FROM "listings" WHERE ("listings".user_id IN (25351,25350,25348,25347,25346,25345,25343,25342,25341,25340,25339,25338,25337,25336,25335,25334,25331,25330,25329,25328,25327,25326,25325,25324,25323,25322,25320,25319,25318,25317,25316,25314,25313,25312,25311,25310,25308,25307,25306,25305,25303,25302,25297,25294,25293,25292,25291,25290,25289,25271,25270,25267,25266,25265,25264,25263,25262,25261,25256,25246,25242)) [0m
  [4;35;1mAnalyzing Listing Load Execution Time: 0.074979

[0m   [0mSeq Scan on listings  (cost=0.00..5174.18 rows=242 width=1172)
   Filter: (user_id = ANY ('{25351,25350,25348,25347,25346,25345,25343,25342,25341,25340,25339,25338,25337,25336,25335,25334,25331,25330,25329,25328,25327,25326,25325,25324,25323,25322,25320,25319,25318,25317,25316,25314,25313,25312,25311,25310,25308,25307,25306,25305,25303,25302,25297,25294,25293,25292,25291,25290,25289,25271,25270,25267,25266,25265,25264,25263,25262,25261,25256,25246,25242}'::integer[]))
[0m
  [4;36;1mSQL (6.0ms)[0m   [0;1mSELECT count(*) AS count_all FROM "listings" WHERE ("listings".user_id = 25351) [0m
  [4;35;1mAnalyzing  Execution Time: 0.006329

[0m   [0mAggregate  (cost=1615.81..1615.82 rows=1 width=0)
   ->  Index Scan using index_listings_on_id_and_user_id_and_title on listings  (cost=0.00..1615.79 rows=4 width=0)
         Index Cond: (user_id = 25351)
[0m
  [4;36;1mSQL (159.8ms)[0m   [0;1mSELECT count(*) AS count_all FROM "impressions" WHERE ("impressions".listing_id = 113071) [0m
  [4;35;1mAnalyzing  Execution Time: 0.160041

[0m   [0mAggregate  (cost=12714.08..12714.09 rows=1 width=0)
   ->  Seq Scan on impressions  (cost=0.00..12714.00 rows=31 width=0)
         Filter: (listing_id = 113071)
[0m
  [4;36;1mSQL (10.7ms)[0m   [0;1mSELECT count(*) AS count_all FROM "clicks" WHERE ("clicks".listing_id = 113071) [0m
  [4;35;1mAnalyzing  Execution Time: 0.010958

[0m   [0mAggregate  (cost=814.47..814.48 rows=1 width=0)
   ->  Seq Scan on clicks  (cost=0.00..814.46 rows=2 width=0)
         Filter: (listing_id = 113071)
[0m
  [4;36;1mSQL (2.2ms)[0m   [0;1mSELECT count(*) AS count_all FROM "listings" WHERE ("listings".user_id = 25350) [0m
  [4;35;1mAnalyzing  Execution Time: 0.002512

[0m   [0mAggregate  (cost=1615.81..1615.82 rows=1 width=0)
   ->  Index Scan using index_listings_on_id_and_user_id_and_title on listings  (cost=0.00..1615.79 rows=4 width=0)
         Index Cond: (user_id = 25350)
[0m
  [4;36;1mSQL (145.3ms)[0m   [0;1mSELECT count(*) AS count_all FROM "impressions" WHERE ("impressions".listing_id = 113070) [0m
  [4;35;1mAnalyzing  Execution Time: 0.14557

[0m   [0mAggregate  (cost=12714.08..12714.09 rows=1 width=0)
   ->  Seq Scan on impressions  (cost=0.00..12714.00 rows=31 width=0)
         Filter: (listing_id = 113070)
[0m
  [4;36;1mSQL (9.6ms)[0m   [0;1mSELECT count(*) AS count_all FROM "clicks" WHERE ("clicks".listing_id = 113070) [0m
  [4;35;1mAnalyzing  Execution Time: 0.0099

[0m   [0mAggregate  (cost=814.47..814.48 rows=1 width=0)
   ->  Seq Scan on clicks  (cost=0.00..814.46 rows=2 width=0)
         Filter: (listing_id = 113070)
[0m
  [4;36;1mSQL (2.5ms)[0m   [0;1mSELECT count(*) AS count_all FROM "listings" WHERE ("listings".user_id = 25348) [0m
  [4;35;1mAnalyzing  Execution Time: 0.002773

[0m   [0mAggregate  (cost=1615.81..1615.82 rows=1 width=0)
   ->  Index Scan using index_listings_on_id_and_user_id_and_title on listings  (cost=0.00..1615.79 rows=4 width=0)
         Index Cond: (user_id = 25348)
[0m
  [4;36;1mSQL (160.5ms)[0m   [0;1mSELECT count(*) AS count_all FROM "impressions" WHERE ("impressions".listing_id = 113069) [0m
  [4;35;1mAnalyzing  Execution Time: 0.161262

[0m   [0mAggregate  (cost=12714.08..12714.09 rows=1 width=0)
   ->  Seq Scan on impressions  (cost=0.00..12714.00 rows=31 width=0)
         Filter: (listing_id = 113069)
[0m
  [4;36;1mSQL (155.6ms)[0m   [0;1mSELECT count(*) AS count_all FROM "impressions" WHERE ("impressions".listing_id = 113094) [0m
  [4;35;1mAnalyzing  Execution Time: 0.155966

[0m   [0mAggregate  (cost=12714.08..12714.09 rows=1 width=0)
   ->  Seq Scan on impressions  (cost=0.00..12714.00 rows=31 width=0)
         Filter: (listing_id = 113094)
[0m
  [4;36;1mSQL (162.5ms)[0m   [0;1mSELECT count(*) AS count_all FROM "impressions" WHERE ("impressions".listing_id = 113095) [0m
  [4;35;1mAnalyzing  Execution Time: 0.162833

[0m   [0mAggregate  (cost=12714.08..12714.09 rows=1 width=0)
   ->  Seq Scan on impressions  (cost=0.00..12714.00 rows=31 width=0)
         Filter: (listing_id = 113095)
[0m
  [4;36;1mSQL (156.4ms)[0m   [0;1mSELECT count(*) AS count_all FROM "impressions" WHERE ("impressions".listing_id = 113096) [0m
  [4;35;1mAnalyzing  Execution Time: 0.156903

[0m   [0mAggregate  (cost=12714.08..12714.09 rows=1 width=0)
   ->  Seq Scan on impressions  (cost=0.00..12714.00 rows=31 width=0)
         Filter: (listing_id = 113096)
[0m
  [4;36;1mSQL (11.7ms)[0m   [0;1mSELECT count(*) AS count_all FROM "clicks" WHERE ("clicks".listing_id = 113069) [0m
  [4;35;1mAnalyzing  Execution Time: 0.012072

[0m   [0mAggregate  (cost=814.47..814.48 rows=1 width=0)
   ->  Seq Scan on clicks  (cost=0.00..814.46 rows=2 width=0)
         Filter: (listing_id = 113069)
[0m
  [4;36;1mSQL (8.7ms)[0m   [0;1mSELECT count(*) AS count_all FROM "clicks" WHERE ("clicks".listing_id = 113094) [0m
  [4;35;1mAnalyzing  Execution Time: 0.009003

[0m   [0mAggregate  (cost=814.47..814.48 rows=1 width=0)
   ->  Seq Scan on clicks  (cost=0.00..814.46 rows=2 width=0)
         Filter: (listing_id = 113094)
[0m
  [4;36;1mSQL (9.5ms)[0m   [0;1mSELECT count(*) AS count_all FROM "clicks" WHERE ("clicks".listing_id = 113095) [0m
  [4;35;1mAnalyzing  Execution Time: 0.010227

[0m   [0mAggregate  (cost=814.47..814.48 rows=1 width=0)
   ->  Seq Scan on clicks  (cost=0.00..814.46 rows=2 width=0)
         Filter: (listing_id = 113095)
[0m
  [4;36;1mSQL (9.4ms)[0m   [0;1mSELECT count(*) AS count_all FROM "clicks" WHERE ("clicks".listing_id = 113096) [0m
  [4;35;1mAnalyzing  Execution Time: 0.009727

[0m   [0mAggregate  (cost=814.47..814.48 rows=1 width=0)
   ->  Seq Scan on clicks  (cost=0.00..814.46 rows=2 width=0)
         Filter: (listing_id = 113096)
[0m
  [4;36;1mSQL (1.9ms)[0m   [0;1mSELECT count(*) AS count_all FROM "listings" WHERE ("listings".user_id = 25347) [0m
  [4;35;1mAnalyzing  Execution Time: 0.002117

[0m   [0mAggregate  (cost=1615.81..1615.82 rows=1 width=0)
   ->  Index Scan using index_listings_on_id_and_user_id_and_title on listings  (cost=0.00..1615.79 rows=4 width=0)
         Index Cond: (user_id = 25347)
[0m
  [4;36;1mSQL (158.2ms)[0m   [0;1mSELECT count(*) AS count_all FROM "impressions" WHERE ("impressions".listing_id = 70420) [0m
  [4;35;1mAnalyzing  Execution Time: 0.158502

[0m   [0mAggregate  (cost=12714.08..12714.09 rows=1 width=0)
   ->  Seq Scan on impressions  (cost=0.00..12714.00 rows=31 width=0)
         Filter: (listing_id = 70420)
[0m
  [4;36;1mSQL (8.4ms)[0m   [0;1mSELECT count(*) AS count_all FROM "clicks" WHERE ("clicks".listing_id = 70420) [0m
  [4;35;1mAnalyzing  Execution Time: 0.008672

[0m   [0mAggregate  (cost=814.47..814.48 rows=1 width=0)
   ->  Seq Scan on clicks  (cost=0.00..814.46 rows=2 width=0)
         Filter: (listing_id = 70420)
[0m
  [4;36;1mSQL (2.3ms)[0m   [0;1mSELECT count(*) AS count_all FROM "listings" WHERE ("listings".user_id = 25346) [0m
  [4;35;1mAnalyzing  Execution Time: 0.002676

[0m   [0mAggregate  (cost=1615.81..1615.82 rows=1 width=0)
   ->  Index Scan using index_listings_on_id_and_user_id_and_title on listings  (cost=0.00..1615.79 rows=4 width=0)
         Index Cond: (user_id = 25346)
[0m
  [4;36;1mSQL (164.5ms)[0m   [0;1mSELECT count(*) AS count_all FROM "impressions" WHERE ("impressions".listing_id = 79649) [0m
  [4;35;1mAnalyzing  Execution Time: 0.164809

[0m   [0mAggregate  (cost=12714.08..12714.09 rows=1 width=0)
   ->  Seq Scan on impressions  (cost=0.00..12714.00 rows=31 width=0)
         Filter: (listing_id = 79649)
[0m
  [4;36;1mSQL (156.1ms)[0m   [0;1mSELECT count(*) AS count_all FROM "impressions" WHERE ("impressions".listing_id = 100382) [0m
  [4;35;1mAnalyzing  Execution Time: 0.156358

[0m   [0mAggregate  (cost=12714.08..12714.09 rows=1 width=0)
   ->  Seq Scan on impressions  (cost=0.00..12714.00 rows=31 width=0)
         Filter: (listing_id = 100382)
[0m
  [4;36;1mSQL (158.8ms)[0m   [0;1mSELECT count(*) AS count_all FROM "impressions" WHERE ("impressions".listing_id = 113064) [0m
  [4;35;1mAnalyzing  Execution Time: 0.159041

[0m   [0mAggregate  (cost=12714.08..12714.09 rows=1 width=0)
   ->  Seq Scan on impressions  (cost=0.00..12714.00 rows=31 width=0)
         Filter: (listing_id = 113064)
[0m
  [4;36;1mSQL (163.6ms)[0m   [0;1mSELECT count(*) AS count_all FROM "impressions" WHERE ("impressions".listing_id = 113066) [0m
  [4;35;1mAnalyzing  Execution Time: 0.163876

[0m   [0mAggregate  (cost=12714.08..12714.09 rows=1 width=0)
   ->  Seq Scan on impressions  (cost=0.00..12714.00 rows=31 width=0)
         Filter: (listing_id = 113066)
[0m
  [4;36;1mSQL (8.5ms)[0m   [0;1mSELECT count(*) AS count_all FROM "clicks" WHERE ("clicks".listing_id = 79649) [0m
  [4;35;1mAnalyzing  Execution Time: 0.008734

[0m   [0mAggregate  (cost=814.47..814.48 rows=1 width=0)
   ->  Seq Scan on clicks  (cost=0.00..814.46 rows=2 width=0)
         Filter: (listing_id = 79649)
[0m
  [4;36;1mSQL (11.6ms)[0m   [0;1mSELECT count(*) AS count_all FROM "clicks" WHERE ("clicks".listing_id = 100382) [0m
  [4;35;1mAnalyzing  Execution Time: 0.011841

[0m   [0mAggregate  (cost=814.47..814.48 rows=1 width=0)
   ->  Seq Scan on clicks  (cost=0.00..814.46 rows=2 width=0)
         Filter: (listing_id = 100382)
[0m
  [4;36;1mSQL (8.5ms)[0m   [0;1mSELECT count(*) AS count_all FROM "clicks" WHERE ("clicks".listing_id = 113064) [0m
  [4;35;1mAnalyzing  Execution Time: 0.008831

[0m   [0mAggregate  (cost=814.47..814.48 rows=1 width=0)
   ->  Seq Scan on clicks  (cost=0.00..814.46 rows=2 width=0)
         Filter: (listing_id = 113064)
[0m
  [4;36;1mSQL (8.5ms)[0m   [0;1mSELECT count(*) AS count_all FROM "clicks" WHERE ("clicks".listing_id = 113066) [0m
  [4;35;1mAnalyzing  Execution Time: 0.008805

[0m   [0mAggregate  (cost=814.47..814.48 rows=1 width=0)
   ->  Seq Scan on clicks  (cost=0.00..814.46 rows=2 width=0)
         Filter: (listing_id = 113066)
[0m
  [4;36;1mSQL (9.8ms)[0m   [0;1mSELECT count(*) AS count_all FROM "listings" WHERE ("listings".user_id = 25345) [0m
  [4;35;1mAnalyzing  Execution Time: 0.010479

[0m   [0mAggregate  (cost=1615.81..1615.82 rows=1 width=0)
   ->  Index Scan using index_listings_on_id_and_user_id_and_title on listings  (cost=0.00..1615.79 rows=4 width=0)
         Index Cond: (user_id = 25345)
[0m
  [4;36;1mSQL (152.8ms)[0m   [0;1mSELECT count(*) AS count_all FROM "impressions" WHERE ("impressions".listing_id = 113063) [0m
  [4;35;1mAnalyzing  Execution Time: 0.153077

[0m   [0mAggregate  (cost=12714.08..12714.09 rows=1 width=0)
   ->  Seq Scan on impressions  (cost=0.00..12714.00 rows=31 width=0)
         Filter: (listing_id = 113063)
[0m
  [4;36;1mSQL (9.8ms)[0m   [0;1mSELECT count(*) AS count_all FROM "clicks" WHERE ("clicks".listing_id = 113063) [0m
  [4;35;1mAnalyzing  Execution Time: 0.010068

[0m   [0mAggregate  (cost=814.47..814.48 rows=1 width=0)
   ->  Seq Scan on clicks  (cost=0.00..814.46 rows=2 width=0)
         Filter: (listing_id = 113063)
[0m
  [4;36;1mSQL (2.6ms)[0m   [0;1mSELECT count(*) AS count_all FROM "listings" WHERE ("listings".user_id = 25343) [0m
  [4;35;1mAnalyzing  Execution Time: 0.002875

[0m   [0mAggregate  (cost=1615.81..1615.82 rows=1 width=0)
   ->  Index Scan using index_listings_on_id_and_user_id_and_title on listings  (cost=0.00..1615.79 rows=4 width=0)
         Index Cond: (user_id = 25343)
[0m
  [4;36;1mSQL (162.3ms)[0m   [0;1mSELECT count(*) AS count_all FROM "impressions" WHERE ("impressions".listing_id = 113062) [0m
  [4;35;1mAnalyzing  Execution Time: 0.162547

[0m   [0mAggregate  (cost=12714.08..12714.09 rows=1 width=0)
   ->  Seq Scan on impressions  (cost=0.00..12714.00 rows=31 width=0)
         Filter: (listing_id = 113062)
[0m
  [4;36;1mSQL (8.5ms)[0m   [0;1mSELECT count(*) AS count_all FROM "clicks" WHERE ("clicks".listing_id = 113062) [0m
  [4;35;1mAnalyzing  Execution Time: 0.008745

[0m   [0mAggregate  (cost=814.47..814.48 rows=1 width=0)
   ->  Seq Scan on clicks  (cost=0.00..814.46 rows=2 width=0)
         Filter: (listing_id = 113062)
[0m
  [4;36;1mSQL (5.0ms)[0m   [0;1mSELECT count(*) AS count_all FROM "listings" WHERE ("listings".user_id = 25342) [0m
  [4;35;1mAnalyzing  Execution Time: 0.005307

[0m   [0mAggregate  (cost=1615.81..1615.82 rows=1 width=0)
   ->  Index Scan using index_listings_on_id_and_user_id_and_title on listings  (cost=0.00..1615.79 rows=4 width=0)
         Index Cond: (user_id = 25342)
[0m
  [4;36;1mSQL (159.6ms)[0m   [0;1mSELECT count(*) AS count_all FROM "impressions" WHERE ("impressions".listing_id = 66871) [0m
  [4;35;1mAnalyzing  Execution Time: 0.159905

[0m   [0mAggregate  (cost=12714.08..12714.09 rows=1 width=0)
   ->  Seq Scan on impressions  (cost=0.00..12714.00 rows=31 width=0)
         Filter: (listing_id = 66871)
[0m
  [4;36;1mSQL (9.9ms)[0m   [0;1mSELECT count(*) AS count_all FROM "clicks" WHERE ("clicks".listing_id = 66871) [0m
  [4;35;1mAnalyzing  Execution Time: 0.010363

[0m   [0mAggregate  (cost=814.47..814.48 rows=1 width=0)
   ->  Seq Scan on clicks  (cost=0.00..814.46 rows=2 width=0)
         Filter: (listing_id = 66871)
[0m
  [4;36;1mSQL (2.5ms)[0m   [0;1mSELECT count(*) AS count_all FROM "listings" WHERE ("listings".user_id = 25341) [0m
  [4;35;1mAnalyzing  Execution Time: 0.002855

[0m   [0mAggregate  (cost=1615.81..1615.82 rows=1 width=0)
   ->  Index Scan using index_listings_on_id_and_user_id_and_title on listings  (cost=0.00..1615.79 rows=4 width=0)
         Index Cond: (user_id = 25341)
[0m
  [4;36;1mSQL (164.9ms)[0m   [0;1mSELECT count(*) AS count_all FROM "impressions" WHERE ("impressions".listing_id = 84194) [0m
  [4;35;1mAnalyzing  Execution Time: 0.165293

[0m   [0mAggregate  (cost=12714.08..12714.09 rows=1 width=0)
   ->  Seq Scan on impressions  (cost=0.00..12714.00 rows=31 width=0)
         Filter: (listing_id = 84194)
[0m
  [4;36;1mSQL (152.9ms)[0m   [0;1mSELECT count(*) AS count_all FROM "impressions" WHERE ("impressions".listing_id = 84195) [0m
  [4;35;1mAnalyzing  Execution Time: 0.153584

[0m   [0mAggregate  (cost=12714.08..12714.09 rows=1 width=0)
   ->  Seq Scan on impressions  (cost=0.00..12714.00 rows=31 width=0)
         Filter: (listing_id = 84195)
[0m
  [4;36;1mSQL (159.7ms)[0m   [0;1mSELECT count(*) AS count_all FROM "impressions" WHERE ("impressions".listing_id = 84196) [0m
  [4;35;1mAnalyzing  Execution Time: 0.159958

[0m   [0mAggregate  (cost=12714.08..12714.09 rows=1 width=0)
   ->  Seq Scan on impressions  (cost=0.00..12714.00 rows=31 width=0)
         Filter: (listing_id = 84196)
[0m
  [4;36;1mSQL (164.0ms)[0m   [0;1mSELECT count(*) AS count_all FROM "impressions" WHERE ("impressions".listing_id = 113061) [0m
  [4;35;1mAnalyzing  Execution Time: 0.164291

[0m   [0mAggregate  (cost=12714.08..12714.09 rows=1 width=0)
   ->  Seq Scan on impressions  (cost=0.00..12714.00 rows=31 width=0)
         Filter: (listing_id = 113061)
[0m
  [4;36;1mSQL (10.5ms)[0m   [0;1mSELECT count(*) AS count_all FROM "clicks" WHERE ("clicks".listing_id = 84194) [0m
  [4;35;1mAnalyzing  Execution Time: 0.010782

[0m   [0mAggregate  (cost=814.47..814.48 rows=1 width=0)
   ->  Seq Scan on clicks  (cost=0.00..814.46 rows=2 width=0)
         Filter: (listing_id = 84194)
[0m
  [4;36;1mSQL (9.0ms)[0m   [0;1mSELECT count(*) AS count_all FROM "clicks" WHERE ("clicks".listing_id = 84195) [0m
  [4;35;1mAnalyzing  Execution Time: 0.009274

[0m   [0mAggregate  (cost=814.47..814.48 rows=1 width=0)
   ->  Seq Scan on clicks  (cost=0.00..814.46 rows=2 width=0)
         Filter: (listing_id = 84195)
[0m
  [4;36;1mSQL (8.7ms)[0m   [0;1mSELECT count(*) AS count_all FROM "clicks" WHERE ("clicks".listing_id = 84196) [0m
  [4;35;1mAnalyzing  Execution Time: 0.008977

[0m   [0mAggregate  (cost=814.47..814.48 rows=1 width=0)
   ->  Seq Scan on clicks  (cost=0.00..814.46 rows=2 width=0)
         Filter: (listing_id = 84196)
[0m
  [4;36;1mSQL (9.1ms)[0m   [0;1mSELECT count(*) AS count_all FROM "clicks" WHERE ("clicks".listing_id = 113061) [0m
  [4;35;1mAnalyzing  Execution Time: 0.009338

[0m   [0mAggregate  (cost=814.47..814.48 rows=1 width=0)
   ->  Seq Scan on clicks  (cost=0.00..814.46 rows=2 width=0)
         Filter: (listing_id = 113061)
[0m
  [4;36;1mSQL (4.6ms)[0m   [0;1mSELECT count(*) AS count_all FROM "listings" WHERE ("listings".user_id = 25340) [0m
  [4;35;1mAnalyzing  Execution Time: 0.004864

[0m   [0mAggregate  (cost=1615.81..1615.82 rows=1 width=0)
   ->  Index Scan using index_listings_on_id_and_user_id_and_title on listings  (cost=0.00..1615.79 rows=4 width=0)
         Index Cond: (user_id = 25340)
[0m
  [4;36;1mSQL (156.6ms)[0m   [0;1mSELECT count(*) AS count_all FROM "impressions" WHERE ("impressions".listing_id = 113060) [0m
  [4;35;1mAnalyzing  Execution Time: 0.156895

[0m   [0mAggregate  (cost=12714.08..12714.09 rows=1 width=0)
   ->  Seq Scan on impressions  (cost=0.00..12714.00 rows=31 width=0)
         Filter: (listing_id = 113060)
[0m
  [4;36;1mSQL (9.0ms)[0m   [0;1mSELECT count(*) AS count_all FROM "clicks" WHERE ("clicks".listing_id = 113060) [0m
  [4;35;1mAnalyzing  Execution Time: 0.009279

[0m   [0mAggregate  (cost=814.47..814.48 rows=1 width=0)
   ->  Seq Scan on clicks  (cost=0.00..814.46 rows=2 width=0)
         Filter: (listing_id = 113060)
[0m
  [4;36;1mSQL (3.5ms)[0m   [0;1mSELECT count(*) AS count_all FROM "listings" WHERE ("listings".user_id = 25339) [0m
  [4;35;1mAnalyzing  Execution Time: 0.003866

[0m   [0mAggregate  (cost=1615.81..1615.82 rows=1 width=0)
   ->  Index Scan using index_listings_on_id_and_user_id_and_title on listings  (cost=0.00..1615.79 rows=4 width=0)
         Index Cond: (user_id = 25339)
[0m
  [4;36;1mSQL (156.7ms)[0m   [0;1mSELECT count(*) AS count_all FROM "impressions" WHERE ("impressions".listing_id = 80836) [0m
  [4;35;1mAnalyzing  Execution Time: 0.156962

[0m   [0mAggregate  (cost=12714.08..12714.09 rows=1 width=0)
   ->  Seq Scan on impressions  (cost=0.00..12714.00 rows=31 width=0)
         Filter: (listing_id = 80836)
[0m
  [4;36;1mSQL (10.4ms)[0m   [0;1mSELECT count(*) AS count_all FROM "clicks" WHERE ("clicks".listing_id = 80836) [0m
  [4;35;1mAnalyzing  Execution Time: 0.010688

[0m   [0mAggregate  (cost=814.47..814.48 rows=1 width=0)
   ->  Seq Scan on clicks  (cost=0.00..814.46 rows=2 width=0)
         Filter: (listing_id = 80836)
[0m
  [4;36;1mSQL (3.1ms)[0m   [0;1mSELECT count(*) AS count_all FROM "listings" WHERE ("listings".user_id = 25338) [0m
  [4;35;1mAnalyzing  Execution Time: 0.003489

[0m   [0mAggregate  (cost=1615.81..1615.82 rows=1 width=0)
   ->  Index Scan using index_listings_on_id_and_user_id_and_title on listings  (cost=0.00..1615.79 rows=4 width=0)
         Index Cond: (user_id = 25338)
[0m
  [4;36;1mSQL (163.1ms)[0m   [0;1mSELECT count(*) AS count_all FROM "impressions" WHERE ("impressions".listing_id = 70734) [0m
  [4;35;1mAnalyzing  Execution Time: 0.163353

[0m   [0mAggregate  (cost=12714.08..12714.09 rows=1 width=0)
   ->  Seq Scan on impressions  (cost=0.00..12714.00 rows=31 width=0)
         Filter: (listing_id = 70734)
[0m
  [4;36;1mSQL (9.0ms)[0m   [0;1mSELECT count(*) AS count_all FROM "clicks" WHERE ("clicks".listing_id = 70734) [0m
  [4;35;1mAnalyzing  Execution Time: 0.009256

[0m   [0mAggregate  (cost=814.47..814.48 rows=1 width=0)
   ->  Seq Scan on clicks  (cost=0.00..814.46 rows=2 width=0)
         Filter: (listing_id = 70734)
[0m
  [4;36;1mSQL (2.0ms)[0m   [0;1mSELECT count(*) AS count_all FROM "listings" WHERE ("listings".user_id = 25337) [0m
  [4;35;1mAnalyzing  Execution Time: 0.002297

[0m   [0mAggregate  (cost=1615.81..1615.82 rows=1 width=0)
   ->  Index Scan using index_listings_on_id_and_user_id_and_title on listings  (cost=0.00..1615.79 rows=4 width=0)
         Index Cond: (user_id = 25337)
[0m
  [4;36;1mSQL (167.6ms)[0m   [0;1mSELECT count(*) AS count_all FROM "impressions" WHERE ("impressions".listing_id = 83649) [0m
  [4;35;1mAnalyzing  Execution Time: 0.16792

[0m   [0mAggregate  (cost=12714.08..12714.09 rows=1 width=0)
   ->  Seq Scan on impressions  (cost=0.00..12714.00 rows=31 width=0)
         Filter: (listing_id = 83649)
[0m
  [4;36;1mSQL (9.9ms)[0m   [0;1mSELECT count(*) AS count_all FROM "clicks" WHERE ("clicks".listing_id = 83649) [0m
  [4;35;1mAnalyzing  Execution Time: 0.010231

[0m   [0mAggregate  (cost=814.47..814.48 rows=1 width=0)
   ->  Seq Scan on clicks  (cost=0.00..814.46 rows=2 width=0)
         Filter: (listing_id = 83649)
[0m
  [4;36;1mSQL (2.6ms)[0m   [0;1mSELECT count(*) AS count_all FROM "listings" WHERE ("listings".user_id = 25336) [0m
  [4;35;1mAnalyzing  Execution Time: 0.002919

[0m   [0mAggregate  (cost=1615.81..1615.82 rows=1 width=0)
   ->  Index Scan using index_listings_on_id_and_user_id_and_title on listings  (cost=0.00..1615.79 rows=4 width=0)
         Index Cond: (user_id = 25336)
[0m
  [4;36;1mSQL (165.6ms)[0m   [0;1mSELECT count(*) AS count_all FROM "impressions" WHERE ("impressions".listing_id = 113059) [0m
  [4;35;1mAnalyzing  Execution Time: 0.165862

[0m   [0mAggregate  (cost=12714.08..12714.09 rows=1 width=0)
   ->  Seq Scan on impressions  (cost=0.00..12714.00 rows=31 width=0)
         Filter: (listing_id = 113059)
[0m
  [4;36;1mSQL (8.8ms)[0m   [0;1mSELECT count(*) AS count_all FROM "clicks" WHERE ("clicks".listing_id = 113059) [0m
  [4;35;1mAnalyzing  Execution Time: 0.009107

[0m   [0mAggregate  (cost=814.47..814.48 rows=1 width=0)
   ->  Seq Scan on clicks  (cost=0.00..814.46 rows=2 width=0)
         Filter: (listing_id = 113059)
[0m
  [4;36;1mSQL (2.1ms)[0m   [0;1mSELECT count(*) AS count_all FROM "listings" WHERE ("listings".user_id = 25335) [0m
  [4;35;1mAnalyzing  Execution Time: 0.002366

[0m   [0mAggregate  (cost=1615.81..1615.82 rows=1 width=0)
   ->  Index Scan using index_listings_on_id_and_user_id_and_title on listings  (cost=0.00..1615.79 rows=4 width=0)
         Index Cond: (user_id = 25335)
[0m
  [4;36;1mSQL (177.3ms)[0m   [0;1mSELECT count(*) AS count_all FROM "impressions" WHERE ("impressions".listing_id = 68684) [0m
  [4;35;1mAnalyzing  Execution Time: 0.177612

[0m   [0mAggregate  (cost=12714.08..12714.09 rows=1 width=0)
   ->  Seq Scan on impressions  (cost=0.00..12714.00 rows=31 width=0)
         Filter: (listing_id = 68684)
[0m
  [4;36;1mSQL (161.5ms)[0m   [0;1mSELECT count(*) AS count_all FROM "impressions" WHERE ("impressions".listing_id = 68685) [0m
  [4;35;1mAnalyzing  Execution Time: 0.16184

[0m   [0mAggregate  (cost=12714.08..12714.09 rows=1 width=0)
   ->  Seq Scan on impressions  (cost=0.00..12714.00 rows=31 width=0)
         Filter: (listing_id = 68685)
[0m
  [4;36;1mSQL (165.0ms)[0m   [0;1mSELECT count(*) AS count_all FROM "impressions" WHERE ("impressions".listing_id = 84219) [0m
  [4;35;1mAnalyzing  Execution Time: 0.165254

[0m   [0mAggregate  (cost=12714.08..12714.09 rows=1 width=0)
   ->  Seq Scan on impressions  (cost=0.00..12714.00 rows=31 width=0)
         Filter: (listing_id = 84219)
[0m
  [4;36;1mSQL (9.0ms)[0m   [0;1mSELECT count(*) AS count_all FROM "clicks" WHERE ("clicks".listing_id = 68684) [0m
  [4;35;1mAnalyzing  Execution Time: 0.009288

[0m   [0mAggregate  (cost=814.47..814.48 rows=1 width=0)
   ->  Seq Scan on clicks  (cost=0.00..814.46 rows=2 width=0)
         Filter: (listing_id = 68684)
[0m
  [4;36;1mSQL (10.1ms)[0m   [0;1mSELECT count(*) AS count_all FROM "clicks" WHERE ("clicks".listing_id = 68685) [0m
  [4;35;1mAnalyzing  Execution Time: 0.010419

[0m   [0mAggregate  (cost=814.47..814.48 rows=1 width=0)
   ->  Seq Scan on clicks  (cost=0.00..814.46 rows=2 width=0)
         Filter: (listing_id = 68685)
[0m
  [4;36;1mSQL (11.3ms)[0m   [0;1mSELECT count(*) AS count_all FROM "clicks" WHERE ("clicks".listing_id = 84219) [0m
  [4;35;1mAnalyzing  Execution Time: 0.01192

[0m   [0mAggregate  (cost=814.47..814.48 rows=1 width=0)
   ->  Seq Scan on clicks  (cost=0.00..814.46 rows=2 width=0)
         Filter: (listing_id = 84219)
[0m
  [4;36;1mSQL (4.4ms)[0m   [0;1mSELECT count(*) AS count_all FROM "listings" WHERE ("listings".user_id = 25334) [0m
  [4;35;1mAnalyzing  Execution Time: 0.004668

[0m   [0mAggregate  (cost=1615.81..1615.82 rows=1 width=0)
   ->  Index Scan using index_listings_on_id_and_user_id_and_title on listings  (cost=0.00..1615.79 rows=4 width=0)
         Index Cond: (user_id = 25334)
[0m
  [4;36;1mSQL (160.4ms)[0m   [0;1mSELECT count(*) AS count_all FROM "impressions" WHERE ("impressions".listing_id = 113058) [0m
  [4;35;1mAnalyzing  Execution Time: 0.160696

[0m   [0mAggregate  (cost=12714.08..12714.09 rows=1 width=0)
   ->  Seq Scan on impressions  (cost=0.00..12714.00 rows=31 width=0)
         Filter: (listing_id = 113058)
[0m
  [4;36;1mSQL (8.9ms)[0m   [0;1mSELECT count(*) AS count_all FROM "clicks" WHERE ("clicks".listing_id = 113058) [0m
  [4;35;1mAnalyzing  Execution Time: 0.00918

[0m   [0mAggregate  (cost=814.47..814.48 rows=1 width=0)
   ->  Seq Scan on clicks  (cost=0.00..814.46 rows=2 width=0)
         Filter: (listing_id = 113058)
[0m
  [4;36;1mSQL (4.5ms)[0m   [0;1mSELECT count(*) AS count_all FROM "listings" WHERE ("listings".user_id = 25331) [0m
  [4;35;1mAnalyzing  Execution Time: 0.004761

[0m   [0mAggregate  (cost=1615.81..1615.82 rows=1 width=0)
   ->  Index Scan using index_listings_on_id_and_user_id_and_title on listings  (cost=0.00..1615.79 rows=4 width=0)
         Index Cond: (user_id = 25331)
[0m
  [4;36;1mSQL (220.0ms)[0m   [0;1mSELECT count(*) AS count_all FROM "impressions" WHERE ("impressions".listing_id = 68082) [0m
  [4;35;1mAnalyzing  Execution Time: 0.220278

[0m   [0mAggregate  (cost=12714.08..12714.09 rows=1 width=0)
   ->  Seq Scan on impressions  (cost=0.00..12714.00 rows=31 width=0)
         Filter: (listing_id = 68082)
[0m
  [4;36;1mSQL (10.1ms)[0m   [0;1mSELECT count(*) AS count_all FROM "clicks" WHERE ("clicks".listing_id = 68082) [0m
  [4;35;1mAnalyzing  Execution Time: 0.010458

[0m   [0mAggregate  (cost=814.49..814.50 rows=1 width=0)
   ->  Seq Scan on clicks  (cost=0.00..814.46 rows=11 width=0)
         Filter: (listing_id = 68082)
[0m
  [4;36;1mSQL (2.1ms)[0m   [0;1mSELECT count(*) AS count_all FROM "listings" WHERE ("listings".user_id = 25330) [0m
  [4;35;1mAnalyzing  Execution Time: 0.002373

[0m   [0mAggregate  (cost=1615.81..1615.82 rows=1 width=0)
   ->  Index Scan using index_listings_on_id_and_user_id_and_title on listings  (cost=0.00..1615.79 rows=4 width=0)
         Index Cond: (user_id = 25330)
[0m
  [4;36;1mSQL (156.7ms)[0m   [0;1mSELECT count(*) AS count_all FROM "impressions" WHERE ("impressions".listing_id = 113055) [0m
  [4;35;1mAnalyzing  Execution Time: 0.157229

[0m   [0mAggregate  (cost=12714.08..12714.09 rows=1 width=0)
   ->  Seq Scan on impressions  (cost=0.00..12714.00 rows=31 width=0)
         Filter: (listing_id = 113055)
[0m
  [4;36;1mSQL (10.0ms)[0m   [0;1mSELECT count(*) AS count_all FROM "clicks" WHERE ("clicks".listing_id = 113055) [0m
  [4;35;1mAnalyzing  Execution Time: 0.01029

[0m   [0mAggregate  (cost=814.47..814.48 rows=1 width=0)
   ->  Seq Scan on clicks  (cost=0.00..814.46 rows=2 width=0)
         Filter: (listing_id = 113055)
[0m
  [4;36;1mSQL (2.2ms)[0m   [0;1mSELECT count(*) AS count_all FROM "listings" WHERE ("listings".user_id = 25329) [0m
  [4;35;1mAnalyzing  Execution Time: 0.002513

[0m   [0mAggregate  (cost=1615.81..1615.82 rows=1 width=0)
   ->  Index Scan using index_listings_on_id_and_user_id_and_title on listings  (cost=0.00..1615.79 rows=4 width=0)
         Index Cond: (user_id = 25329)
[0m
  [4;36;1mSQL (150.8ms)[0m   [0;1mSELECT count(*) AS count_all FROM "impressions" WHERE ("impressions".listing_id = 89656) [0m
  [4;35;1mAnalyzing  Execution Time: 0.151098

[0m   [0mAggregate  (cost=12714.08..12714.09 rows=1 width=0)
   ->  Seq Scan on impressions  (cost=0.00..12714.00 rows=31 width=0)
         Filter: (listing_id = 89656)
[0m
  [4;36;1mSQL (155.7ms)[0m   [0;1mSELECT count(*) AS count_all FROM "impressions" WHERE ("impressions".listing_id = 89657) [0m
  [4;35;1mAnalyzing  Execution Time: 0.156279

[0m   [0mAggregate  (cost=12714.08..12714.09 rows=1 width=0)
   ->  Seq Scan on impressions  (cost=0.00..12714.00 rows=31 width=0)
         Filter: (listing_id = 89657)
[0m
  [4;36;1mSQL (8.6ms)[0m   [0;1mSELECT count(*) AS count_all FROM "clicks" WHERE ("clicks".listing_id = 89656) [0m
  [4;35;1mAnalyzing  Execution Time: 0.008906

[0m   [0mAggregate  (cost=814.47..814.48 rows=1 width=0)
   ->  Seq Scan on clicks  (cost=0.00..814.46 rows=2 width=0)
         Filter: (listing_id = 89656)
[0m
  [4;36;1mSQL (8.6ms)[0m   [0;1mSELECT count(*) AS count_all FROM "clicks" WHERE ("clicks".listing_id = 89657) [0m
  [4;35;1mAnalyzing  Execution Time: 0.008927

[0m   [0mAggregate  (cost=814.47..814.48 rows=1 width=0)
   ->  Seq Scan on clicks  (cost=0.00..814.46 rows=2 width=0)
         Filter: (listing_id = 89657)
[0m
  [4;36;1mSQL (4.5ms)[0m   [0;1mSELECT count(*) AS count_all FROM "listings" WHERE ("listings".user_id = 25328) [0m
  [4;35;1mAnalyzing  Execution Time: 0.004888

[0m   [0mAggregate  (cost=1615.81..1615.82 rows=1 width=0)
   ->  Index Scan using index_listings_on_id_and_user_id_and_title on listings  (cost=0.00..1615.79 rows=4 width=0)
         Index Cond: (user_id = 25328)
[0m
  [4;36;1mSQL (158.0ms)[0m   [0;1mSELECT count(*) AS count_all FROM "impressions" WHERE ("impressions".listing_id = 113054) [0m
  [4;35;1mAnalyzing  Execution Time: 0.1583

[0m   [0mAggregate  (cost=12714.08..12714.09 rows=1 width=0)
   ->  Seq Scan on impressions  (cost=0.00..12714.00 rows=31 width=0)
         Filter: (listing_id = 113054)
[0m
  [4;36;1mSQL (10.1ms)[0m   [0;1mSELECT count(*) AS count_all FROM "clicks" WHERE ("clicks".listing_id = 113054) [0m
  [4;35;1mAnalyzing  Execution Time: 0.010395

[0m   [0mAggregate  (cost=814.47..814.48 rows=1 width=0)
   ->  Seq Scan on clicks  (cost=0.00..814.46 rows=2 width=0)
         Filter: (listing_id = 113054)
[0m
  [4;36;1mSQL (2.8ms)[0m   [0;1mSELECT count(*) AS count_all FROM "listings" WHERE ("listings".user_id = 25327) [0m
  [4;35;1mAnalyzing  Execution Time: 0.003094

[0m   [0mAggregate  (cost=1615.81..1615.82 rows=1 width=0)
   ->  Index Scan using index_listings_on_id_and_user_id_and_title on listings  (cost=0.00..1615.79 rows=4 width=0)
         Index Cond: (user_id = 25327)
[0m
  [4;36;1mSQL (153.6ms)[0m   [0;1mSELECT count(*) AS count_all FROM "impressions" WHERE ("impressions".listing_id = 68557) [0m
  [4;35;1mAnalyzing  Execution Time: 0.1539

[0m   [0mAggregate  (cost=12714.08..12714.09 rows=1 width=0)
   ->  Seq Scan on impressions  (cost=0.00..12714.00 rows=31 width=0)
         Filter: (listing_id = 68557)
[0m
  [4;36;1mSQL (10.0ms)[0m   [0;1mSELECT count(*) AS count_all FROM "clicks" WHERE ("clicks".listing_id = 68557) [0m
  [4;35;1mAnalyzing  Execution Time: 0.010269

[0m   [0mAggregate  (cost=814.47..814.48 rows=1 width=0)
   ->  Seq Scan on clicks  (cost=0.00..814.46 rows=2 width=0)
         Filter: (listing_id = 68557)
[0m
  [4;36;1mSQL (2.6ms)[0m   [0;1mSELECT count(*) AS count_all FROM "listings" WHERE ("listings".user_id = 25326) [0m
  [4;35;1mAnalyzing  Execution Time: 0.002974

[0m   [0mAggregate  (cost=1615.81..1615.82 rows=1 width=0)
   ->  Index Scan using index_listings_on_id_and_user_id_and_title on listings  (cost=0.00..1615.79 rows=4 width=0)
         Index Cond: (user_id = 25326)
[0m
  [4;36;1mSQL (162.3ms)[0m   [0;1mSELECT count(*) AS count_all FROM "impressions" WHERE ("impressions".listing_id = 113053) [0m
  [4;35;1mAnalyzing  Execution Time: 0.162565

[0m   [0mAggregate  (cost=12714.08..12714.09 rows=1 width=0)
   ->  Seq Scan on impressions  (cost=0.00..12714.00 rows=31 width=0)
         Filter: (listing_id = 113053)
[0m
  [4;36;1mSQL (11.4ms)[0m   [0;1mSELECT count(*) AS count_all FROM "clicks" WHERE ("clicks".listing_id = 113053) [0m
  [4;35;1mAnalyzing  Execution Time: 0.011698

[0m   [0mAggregate  (cost=814.47..814.48 rows=1 width=0)
   ->  Seq Scan on clicks  (cost=0.00..814.46 rows=2 width=0)
         Filter: (listing_id = 113053)
[0m
  [4;36;1mSQL (2.1ms)[0m   [0;1mSELECT count(*) AS count_all FROM "listings" WHERE ("listings".user_id = 25325) [0m
  [4;35;1mAnalyzing  Execution Time: 0.002331

[0m   [0mAggregate  (cost=1615.81..1615.82 rows=1 width=0)
   ->  Index Scan using index_listings_on_id_and_user_id_and_title on listings  (cost=0.00..1615.79 rows=4 width=0)
         Index Cond: (user_id = 25325)
[0m
  [4;36;1mSQL (156.7ms)[0m   [0;1mSELECT count(*) AS count_all FROM "impressions" WHERE ("impressions".listing_id = 78830) [0m
  [4;35;1mAnalyzing  Execution Time: 0.157048

[0m   [0mAggregate  (cost=12714.08..12714.09 rows=1 width=0)
   ->  Seq Scan on impressions  (cost=0.00..12714.00 rows=31 width=0)
         Filter: (listing_id = 78830)
[0m
  [4;36;1mSQL (9.4ms)[0m   [0;1mSELECT count(*) AS count_all FROM "clicks" WHERE ("clicks".listing_id = 78830) [0m
  [4;35;1mAnalyzing  Execution Time: 0.009665

[0m   [0mAggregate  (cost=814.47..814.48 rows=1 width=0)
   ->  Seq Scan on clicks  (cost=0.00..814.46 rows=2 width=0)
         Filter: (listing_id = 78830)
[0m
  [4;36;1mSQL (2.1ms)[0m   [0;1mSELECT count(*) AS count_all FROM "listings" WHERE ("listings".user_id = 25324) [0m
  [4;35;1mAnalyzing  Execution Time: 0.002343

[0m   [0mAggregate  (cost=1615.81..1615.82 rows=1 width=0)
   ->  Index Scan using index_listings_on_id_and_user_id_and_title on listings  (cost=0.00..1615.79 rows=4 width=0)
         Index Cond: (user_id = 25324)
[0m
  [4;36;1mSQL (153.6ms)[0m   [0;1mSELECT count(*) AS count_all FROM "impressions" WHERE ("impressions".listing_id = 113052) [0m
  [4;35;1mAnalyzing  Execution Time: 0.153864

[0m   [0mAggregate  (cost=12714.08..12714.09 rows=1 width=0)
   ->  Seq Scan on impressions  (cost=0.00..12714.00 rows=31 width=0)
         Filter: (listing_id = 113052)
[0m
  [4;36;1mSQL (9.0ms)[0m   [0;1mSELECT count(*) AS count_all FROM "clicks" WHERE ("clicks".listing_id = 113052) [0m
  [4;35;1mAnalyzing  Execution Time: 0.009315

[0m   [0mAggregate  (cost=814.47..814.48 rows=1 width=0)
   ->  Seq Scan on clicks  (cost=0.00..814.46 rows=2 width=0)
         Filter: (listing_id = 113052)
[0m
  [4;36;1mSQL (3.0ms)[0m   [0;1mSELECT count(*) AS count_all FROM "listings" WHERE ("listings".user_id = 25323) [0m
  [4;35;1mAnalyzing  Execution Time: 0.003279

[0m   [0mAggregate  (cost=1615.81..1615.82 rows=1 width=0)
   ->  Index Scan using index_listings_on_id_and_user_id_and_title on listings  (cost=0.00..1615.79 rows=4 width=0)
         Index Cond: (user_id = 25323)
[0m
  [4;36;1mSQL (156.5ms)[0m   [0;1mSELECT count(*) AS count_all FROM "impressions" WHERE ("impressions".listing_id = 76838) [0m
  [4;35;1mAnalyzing  Execution Time: 0.156746

[0m   [0mAggregate  (cost=12714.08..12714.09 rows=1 width=0)
   ->  Seq Scan on impressions  (cost=0.00..12714.00 rows=31 width=0)
         Filter: (listing_id = 76838)
[0m
  [4;36;1mSQL (150.3ms)[0m   [0;1mSELECT count(*) AS count_all FROM "impressions" WHERE ("impressions".listing_id = 79727) [0m
  [4;35;1mAnalyzing  Execution Time: 0.150571

[0m   [0mAggregate  (cost=12714.08..12714.09 rows=1 width=0)
   ->  Seq Scan on impressions  (cost=0.00..12714.00 rows=31 width=0)
         Filter: (listing_id = 79727)
[0m
  [4;36;1mSQL (148.6ms)[0m   [0;1mSELECT count(*) AS count_all FROM "impressions" WHERE ("impressions".listing_id = 79728) [0m
  [4;35;1mAnalyzing  Execution Time: 0.148896

[0m   [0mAggregate  (cost=12714.08..12714.09 rows=1 width=0)
   ->  Seq Scan on impressions  (cost=0.00..12714.00 rows=31 width=0)
         Filter: (listing_id = 79728)
[0m
  [4;36;1mSQL (150.7ms)[0m   [0;1mSELECT count(*) AS count_all FROM "impressions" WHERE ("impressions".listing_id = 81168) [0m
  [4;35;1mAnalyzing  Execution Time: 0.150976

[0m   [0mAggregate  (cost=12714.08..12714.09 rows=1 width=0)
   ->  Seq Scan on impressions  (cost=0.00..12714.00 rows=31 width=0)
         Filter: (listing_id = 81168)
[0m
  [4;36;1mSQL (177.6ms)[0m   [0;1mSELECT count(*) AS count_all FROM "impressions" WHERE ("impressions".listing_id = 105586) [0m
  [4;35;1mAnalyzing  Execution Time: 0.177904

[0m   [0mAggregate  (cost=12714.08..12714.09 rows=1 width=0)
   ->  Seq Scan on impressions  (cost=0.00..12714.00 rows=31 width=0)
         Filter: (listing_id = 105586)
[0m
  [4;36;1mSQL (149.8ms)[0m   [0;1mSELECT count(*) AS count_all FROM "impressions" WHERE ("impressions".listing_id = 105587) [0m
  [4;35;1mAnalyzing  Execution Time: 0.150092

[0m   [0mAggregate  (cost=12714.08..12714.09 rows=1 width=0)
   ->  Seq Scan on impressions  (cost=0.00..12714.00 rows=31 width=0)
         Filter: (listing_id = 105587)
[0m
  [4;36;1mSQL (146.7ms)[0m   [0;1mSELECT count(*) AS count_all FROM "impressions" WHERE ("impressions".listing_id = 105588) [0m
  [4;35;1mAnalyzing  Execution Time: 0.147022

[0m   [0mAggregate  (cost=12714.08..12714.09 rows=1 width=0)
   ->  Seq Scan on impressions  (cost=0.00..12714.00 rows=31 width=0)
         Filter: (listing_id = 105588)
[0m
  [4;36;1mSQL (153.0ms)[0m   [0;1mSELECT count(*) AS count_all FROM "impressions" WHERE ("impressions".listing_id = 105590) [0m
  [4;35;1mAnalyzing  Execution Time: 0.153209

[0m   [0mAggregate  (cost=12714.08..12714.09 rows=1 width=0)
   ->  Seq Scan on impressions  (cost=0.00..12714.00 rows=31 width=0)
         Filter: (listing_id = 105590)
[0m
  [4;36;1mSQL (9.0ms)[0m   [0;1mSELECT count(*) AS count_all FROM "clicks" WHERE ("clicks".listing_id = 76838) [0m
  [4;35;1mAnalyzing  Execution Time: 0.009307

[0m   [0mAggregate  (cost=814.47..814.48 rows=1 width=0)
   ->  Seq Scan on clicks  (cost=0.00..814.46 rows=2 width=0)
         Filter: (listing_id = 76838)
[0m
  [4;36;1mSQL (9.8ms)[0m   [0;1mSELECT count(*) AS count_all FROM "clicks" WHERE ("clicks".listing_id = 79727) [0m
  [4;35;1mAnalyzing  Execution Time: 0.010065

[0m   [0mAggregate  (cost=814.47..814.48 rows=1 width=0)
   ->  Seq Scan on clicks  (cost=0.00..814.46 rows=2 width=0)
         Filter: (listing_id = 79727)
[0m
  [4;36;1mSQL (9.1ms)[0m   [0;1mSELECT count(*) AS count_all FROM "clicks" WHERE ("clicks".listing_id = 79728) [0m
  [4;35;1mAnalyzing  Execution Time: 0.00932

[0m   [0mAggregate  (cost=814.47..814.48 rows=1 width=0)
   ->  Seq Scan on clicks  (cost=0.00..814.46 rows=2 width=0)
         Filter: (listing_id = 79728)
[0m
  [4;36;1mSQL (9.6ms)[0m   [0;1mSELECT count(*) AS count_all FROM "clicks" WHERE ("clicks".listing_id = 81168) [0m
  [4;35;1mAnalyzing  Execution Time: 0.009825

[0m   [0mAggregate  (cost=814.47..814.48 rows=1 width=0)
   ->  Seq Scan on clicks  (cost=0.00..814.46 rows=2 width=0)
         Filter: (listing_id = 81168)
[0m
  [4;36;1mSQL (9.2ms)[0m   [0;1mSELECT count(*) AS count_all FROM "clicks" WHERE ("clicks".listing_id = 105586) [0m
  [4;35;1mAnalyzing  Execution Time: 0.009464

[0m   [0mAggregate  (cost=814.49..814.50 rows=1 width=0)
   ->  Seq Scan on clicks  (cost=0.00..814.46 rows=10 width=0)
         Filter: (listing_id = 105586)
[0m
  [4;36;1mSQL (8.9ms)[0m   [0;1mSELECT count(*) AS count_all FROM "clicks" WHERE ("clicks".listing_id = 105587) [0m
  [4;35;1mAnalyzing  Execution Time: 0.009701

[0m   [0mAggregate  (cost=814.47..814.48 rows=1 width=0)
   ->  Seq Scan on clicks  (cost=0.00..814.46 rows=2 width=0)
         Filter: (listing_id = 105587)
[0m
  [4;36;1mSQL (10.8ms)[0m   [0;1mSELECT count(*) AS count_all FROM "clicks" WHERE ("clicks".listing_id = 105588) [0m
  [4;35;1mAnalyzing  Execution Time: 0.011056

[0m   [0mAggregate  (cost=814.47..814.48 rows=1 width=0)
   ->  Seq Scan on clicks  (cost=0.00..814.46 rows=2 width=0)
         Filter: (listing_id = 105588)
[0m
  [4;36;1mSQL (9.4ms)[0m   [0;1mSELECT count(*) AS count_all FROM "clicks" WHERE ("clicks".listing_id = 105590) [0m
  [4;35;1mAnalyzing  Execution Time: 0.009684

[0m   [0mAggregate  (cost=814.51..814.52 rows=1 width=0)
   ->  Seq Scan on clicks  (cost=0.00..814.46 rows=19 width=0)
         Filter: (listing_id = 105590)
[0m
  [4;36;1mSQL (4.6ms)[0m   [0;1mSELECT count(*) AS count_all FROM "listings" WHERE ("listings".user_id = 25322) [0m
  [4;35;1mAnalyzing  Execution Time: 0.004867

[0m   [0mAggregate  (cost=1615.81..1615.82 rows=1 width=0)
   ->  Index Scan using index_listings_on_id_and_user_id_and_title on listings  (cost=0.00..1615.79 rows=4 width=0)
         Index Cond: (user_id = 25322)
[0m
  [4;36;1mSQL (153.7ms)[0m   [0;1mSELECT count(*) AS count_all FROM "impressions" WHERE ("impressions".listing_id = 113051) [0m
  [4;35;1mAnalyzing  Execution Time: 0.153986

[0m   [0mAggregate  (cost=12714.08..12714.09 rows=1 width=0)
   ->  Seq Scan on impressions  (cost=0.00..12714.00 rows=31 width=0)
         Filter: (listing_id = 113051)
[0m
  [4;36;1mSQL (8.6ms)[0m   [0;1mSELECT count(*) AS count_all FROM "clicks" WHERE ("clicks".listing_id = 113051) [0m
  [4;35;1mAnalyzing  Execution Time: 0.008896

[0m   [0mAggregate  (cost=814.49..814.50 rows=1 width=0)
   ->  Seq Scan on clicks  (cost=0.00..814.46 rows=8 width=0)
         Filter: (listing_id = 113051)
[0m
  [4;36;1mSQL (2.0ms)[0m   [0;1mSELECT count(*) AS count_all FROM "listings" WHERE ("listings".user_id = 25320) [0m
  [4;35;1mAnalyzing  Execution Time: 0.002332

[0m   [0mAggregate  (cost=1615.81..1615.82 rows=1 width=0)
   ->  Index Scan using index_listings_on_id_and_user_id_and_title on listings  (cost=0.00..1615.79 rows=4 width=0)
         Index Cond: (user_id = 25320)
[0m
  [4;36;1mSQL (156.1ms)[0m   [0;1mSELECT count(*) AS count_all FROM "impressions" WHERE ("impressions".listing_id = 113049) [0m
  [4;35;1mAnalyzing  Execution Time: 0.156361

[0m   [0mAggregate  (cost=12714.08..12714.09 rows=1 width=0)
   ->  Seq Scan on impressions  (cost=0.00..12714.00 rows=31 width=0)
         Filter: (listing_id = 113049)
[0m
  [4;36;1mSQL (8.5ms)[0m   [0;1mSELECT count(*) AS count_all FROM "clicks" WHERE ("clicks".listing_id = 113049) [0m
  [4;35;1mAnalyzing  Execution Time: 0.008774

[0m   [0mAggregate  (cost=814.47..814.48 rows=1 width=0)
   ->  Seq Scan on clicks  (cost=0.00..814.46 rows=2 width=0)
         Filter: (listing_id = 113049)
[0m
  [4;36;1mSQL (2.8ms)[0m   [0;1mSELECT count(*) AS count_all FROM "listings" WHERE ("listings".user_id = 25319) [0m
  [4;35;1mAnalyzing  Execution Time: 0.00312

[0m   [0mAggregate  (cost=1615.81..1615.82 rows=1 width=0)
   ->  Index Scan using index_listings_on_id_and_user_id_and_title on listings  (cost=0.00..1615.79 rows=4 width=0)
         Index Cond: (user_id = 25319)
[0m
  [4;36;1mSQL (156.9ms)[0m   [0;1mSELECT count(*) AS count_all FROM "impressions" WHERE ("impressions".listing_id = 77593) [0m
  [4;35;1mAnalyzing  Execution Time: 0.157145

[0m   [0mAggregate  (cost=12714.08..12714.09 rows=1 width=0)
   ->  Seq Scan on impressions  (cost=0.00..12714.00 rows=31 width=0)
         Filter: (listing_id = 77593)
[0m
  [4;36;1mSQL (154.7ms)[0m   [0;1mSELECT count(*) AS count_all FROM "impressions" WHERE ("impressions".listing_id = 81560) [0m
  [4;35;1mAnalyzing  Execution Time: 0.15496

[0m   [0mAggregate  (cost=12714.08..12714.09 rows=1 width=0)
   ->  Seq Scan on impressions  (cost=0.00..12714.00 rows=31 width=0)
         Filter: (listing_id = 81560)
[0m
  [4;36;1mSQL (243.9ms)[0m   [0;1mSELECT count(*) AS count_all FROM "impressions" WHERE ("impressions".listing_id = 88581) [0m
  [4;35;1mAnalyzing  Execution Time: 0.244154

[0m   [0mAggregate  (cost=12714.08..12714.09 rows=1 width=0)
   ->  Seq Scan on impressions  (cost=0.00..12714.00 rows=31 width=0)
         Filter: (listing_id = 88581)
[0m
  [4;36;1mSQL (151.6ms)[0m   [0;1mSELECT count(*) AS count_all FROM "impressions" WHERE ("impressions".listing_id = 95256) [0m
  [4;35;1mAnalyzing  Execution Time: 0.15186

[0m   [0mAggregate  (cost=12714.08..12714.09 rows=1 width=0)
   ->  Seq Scan on impressions  (cost=0.00..12714.00 rows=31 width=0)
         Filter: (listing_id = 95256)
[0m
  [4;36;1mSQL (9.7ms)[0m   [0;1mSELECT count(*) AS count_all FROM "clicks" WHERE ("clicks".listing_id = 77593) [0m
  [4;35;1mAnalyzing  Execution Time: 0.010039

[0m   [0mAggregate  (cost=814.47..814.48 rows=1 width=0)
   ->  Seq Scan on clicks  (cost=0.00..814.46 rows=2 width=0)
         Filter: (listing_id = 77593)
[0m
  [4;36;1mSQL (11.1ms)[0m   [0;1mSELECT count(*) AS count_all FROM "clicks" WHERE ("clicks".listing_id = 81560) [0m
  [4;35;1mAnalyzing  Execution Time: 0.011399

[0m   [0mAggregate  (cost=814.47..814.48 rows=1 width=0)
   ->  Seq Scan on clicks  (cost=0.00..814.46 rows=2 width=0)
         Filter: (listing_id = 81560)
[0m
  [4;36;1mSQL (8.6ms)[0m   [0;1mSELECT count(*) AS count_all FROM "clicks" WHERE ("clicks".listing_id = 88581) [0m
  [4;35;1mAnalyzing  Execution Time: 0.009098

[0m   [0mAggregate  (cost=814.47..814.48 rows=1 width=0)
   ->  Seq Scan on clicks  (cost=0.00..814.46 rows=2 width=0)
         Filter: (listing_id = 88581)
[0m
  [4;36;1mSQL (8.9ms)[0m   [0;1mSELECT count(*) AS count_all FROM "clicks" WHERE ("clicks".listing_id = 95256) [0m
  [4;35;1mAnalyzing  Execution Time: 0.0092

[0m   [0mAggregate  (cost=814.47..814.48 rows=1 width=0)
   ->  Seq Scan on clicks  (cost=0.00..814.46 rows=2 width=0)
         Filter: (listing_id = 95256)
[0m
  [4;36;1mSQL (6.1ms)[0m   [0;1mSELECT count(*) AS count_all FROM "listings" WHERE ("listings".user_id = 25318) [0m
  [4;35;1mAnalyzing  Execution Time: 0.006382

[0m   [0mAggregate  (cost=1615.81..1615.82 rows=1 width=0)
   ->  Index Scan using index_listings_on_id_and_user_id_and_title on listings  (cost=0.00..1615.79 rows=4 width=0)
         Index Cond: (user_id = 25318)
[0m
  [4;36;1mSQL (161.1ms)[0m   [0;1mSELECT count(*) AS count_all FROM "impressions" WHERE ("impressions".listing_id = 113048) [0m
  [4;35;1mAnalyzing  Execution Time: 0.161414

[0m   [0mAggregate  (cost=12714.08..12714.09 rows=1 width=0)
   ->  Seq Scan on impressions  (cost=0.00..12714.00 rows=31 width=0)
         Filter: (listing_id = 113048)
[0m
  [4;36;1mSQL (9.9ms)[0m   [0;1mSELECT count(*) AS count_all FROM "clicks" WHERE ("clicks".listing_id = 113048) [0m
  [4;35;1mAnalyzing  Execution Time: 0.010209

[0m   [0mAggregate  (cost=814.47..814.48 rows=1 width=0)
   ->  Seq Scan on clicks  (cost=0.00..814.46 rows=2 width=0)
         Filter: (listing_id = 113048)
[0m
  [4;36;1mSQL (3.6ms)[0m   [0;1mSELECT count(*) AS count_all FROM "listings" WHERE ("listings".user_id = 25317) [0m
  [4;35;1mAnalyzing  Execution Time: 0.003833

[0m   [0mAggregate  (cost=1615.81..1615.82 rows=1 width=0)
   ->  Index Scan using index_listings_on_id_and_user_id_and_title on listings  (cost=0.00..1615.79 rows=4 width=0)
         Index Cond: (user_id = 25317)
[0m
  [4;36;1mSQL (154.0ms)[0m   [0;1mSELECT count(*) AS count_all FROM "impressions" WHERE ("impressions".listing_id = 68610) [0m
  [4;35;1mAnalyzing  Execution Time: 0.154282

[0m   [0mAggregate  (cost=12714.08..12714.09 rows=1 width=0)
   ->  Seq Scan on impressions  (cost=0.00..12714.00 rows=31 width=0)
         Filter: (listing_id = 68610)
[0m
  [4;36;1mSQL (9.3ms)[0m   [0;1mSELECT count(*) AS count_all FROM "clicks" WHERE ("clicks".listing_id = 68610) [0m
  [4;35;1mAnalyzing  Execution Time: 0.010079

[0m   [0mAggregate  (cost=814.47..814.48 rows=1 width=0)
   ->  Seq Scan on clicks  (cost=0.00..814.46 rows=2 width=0)
         Filter: (listing_id = 68610)
[0m
  [4;36;1mSQL (2.4ms)[0m   [0;1mSELECT count(*) AS count_all FROM "listings" WHERE ("listings".user_id = 25316) [0m
  [4;35;1mAnalyzing  Execution Time: 0.002678

[0m   [0mAggregate  (cost=1615.81..1615.82 rows=1 width=0)
   ->  Index Scan using index_listings_on_id_and_user_id_and_title on listings  (cost=0.00..1615.79 rows=4 width=0)
         Index Cond: (user_id = 25316)
[0m
  [4;36;1mSQL (153.3ms)[0m   [0;1mSELECT count(*) AS count_all FROM "impressions" WHERE ("impressions".listing_id = 72302) [0m
  [4;35;1mAnalyzing  Execution Time: 0.153524

[0m   [0mAggregate  (cost=12714.08..12714.09 rows=1 width=0)
   ->  Seq Scan on impressions  (cost=0.00..12714.00 rows=31 width=0)
         Filter: (listing_id = 72302)
[0m
  [4;36;1mSQL (147.2ms)[0m   [0;1mSELECT count(*) AS count_all FROM "impressions" WHERE ("impressions".listing_id = 89876) [0m
  [4;35;1mAnalyzing  Execution Time: 0.147469

[0m   [0mAggregate  (cost=12714.08..12714.09 rows=1 width=0)
   ->  Seq Scan on impressions  (cost=0.00..12714.00 rows=31 width=0)
         Filter: (listing_id = 89876)
[0m
  [4;36;1mSQL (10.6ms)[0m   [0;1mSELECT count(*) AS count_all FROM "clicks" WHERE ("clicks".listing_id = 72302) [0m
  [4;35;1mAnalyzing  Execution Time: 0.01084

[0m   [0mAggregate  (cost=814.47..814.48 rows=1 width=0)
   ->  Seq Scan on clicks  (cost=0.00..814.46 rows=2 width=0)
         Filter: (listing_id = 72302)
[0m
  [4;36;1mSQL (8.3ms)[0m   [0;1mSELECT count(*) AS count_all FROM "clicks" WHERE ("clicks".listing_id = 89876) [0m
  [4;35;1mAnalyzing  Execution Time: 0.00859

[0m   [0mAggregate  (cost=814.47..814.48 rows=1 width=0)
   ->  Seq Scan on clicks  (cost=0.00..814.46 rows=2 width=0)
         Filter: (listing_id = 89876)
[0m
  [4;36;1mSQL (5.2ms)[0m   [0;1mSELECT count(*) AS count_all FROM "listings" WHERE ("listings".user_id = 25314) [0m
  [4;35;1mAnalyzing  Execution Time: 0.005522

[0m   [0mAggregate  (cost=1615.81..1615.82 rows=1 width=0)
   ->  Index Scan using index_listings_on_id_and_user_id_and_title on listings  (cost=0.00..1615.79 rows=4 width=0)
         Index Cond: (user_id = 25314)
[0m
  [4;36;1mSQL (154.5ms)[0m   [0;1mSELECT count(*) AS count_all FROM "impressions" WHERE ("impressions".listing_id = 67785) [0m
  [4;35;1mAnalyzing  Execution Time: 0.154753

[0m   [0mAggregate  (cost=12714.08..12714.09 rows=1 width=0)
   ->  Seq Scan on impressions  (cost=0.00..12714.00 rows=31 width=0)
         Filter: (listing_id = 67785)
[0m
  [4;36;1mSQL (152.5ms)[0m   [0;1mSELECT count(*) AS count_all FROM "impressions" WHERE ("impressions".listing_id = 70300) [0m
  [4;35;1mAnalyzing  Execution Time: 0.152768

[0m   [0mAggregate  (cost=12714.08..12714.09 rows=1 width=0)
   ->  Seq Scan on impressions  (cost=0.00..12714.00 rows=31 width=0)
         Filter: (listing_id = 70300)
[0m
  [4;36;1mSQL (151.3ms)[0m   [0;1mSELECT count(*) AS count_all FROM "impressions" WHERE ("impressions".listing_id = 86210) [0m
  [4;35;1mAnalyzing  Execution Time: 0.151598

[0m   [0mAggregate  (cost=12714.08..12714.09 rows=1 width=0)
   ->  Seq Scan on impressions  (cost=0.00..12714.00 rows=31 width=0)
         Filter: (listing_id = 86210)
[0m
  [4;36;1mSQL (149.7ms)[0m   [0;1mSELECT count(*) AS count_all FROM "impressions" WHERE ("impressions".listing_id = 86211) [0m
  [4;35;1mAnalyzing  Execution Time: 0.150007

[0m   [0mAggregate  (cost=12714.08..12714.09 rows=1 width=0)
   ->  Seq Scan on impressions  (cost=0.00..12714.00 rows=31 width=0)
         Filter: (listing_id = 86211)
[0m
  [4;36;1mSQL (151.1ms)[0m   [0;1mSELECT count(*) AS count_all FROM "impressions" WHERE ("impressions".listing_id = 86212) [0m
  [4;35;1mAnalyzing  Execution Time: 0.151346

[0m   [0mAggregate  (cost=12714.08..12714.09 rows=1 width=0)
   ->  Seq Scan on impressions  (cost=0.00..12714.00 rows=31 width=0)
         Filter: (listing_id = 86212)
[0m
  [4;36;1mSQL (153.8ms)[0m   [0;1mSELECT count(*) AS count_all FROM "impressions" WHERE ("impressions".listing_id = 86213) [0m
  [4;35;1mAnalyzing  Execution Time: 0.154063

[0m   [0mAggregate  (cost=12714.08..12714.09 rows=1 width=0)
   ->  Seq Scan on impressions  (cost=0.00..12714.00 rows=31 width=0)
         Filter: (listing_id = 86213)
[0m
  [4;36;1mSQL (161.4ms)[0m   [0;1mSELECT count(*) AS count_all FROM "impressions" WHERE ("impressions".listing_id = 86215) [0m
  [4;35;1mAnalyzing  Execution Time: 0.161696

[0m   [0mAggregate  (cost=12714.08..12714.09 rows=1 width=0)
   ->  Seq Scan on impressions  (cost=0.00..12714.00 rows=31 width=0)
         Filter: (listing_id = 86215)
[0m
  [4;36;1mSQL (155.3ms)[0m   [0;1mSELECT count(*) AS count_all FROM "impressions" WHERE ("impressions".listing_id = 86217) [0m
  [4;35;1mAnalyzing  Execution Time: 0.155521

[0m   [0mAggregate  (cost=12714.08..12714.09 rows=1 width=0)
   ->  Seq Scan on impressions  (cost=0.00..12714.00 rows=31 width=0)
         Filter: (listing_id = 86217)
[0m
  [4;36;1mSQL (157.2ms)[0m   [0;1mSELECT count(*) AS count_all FROM "impressions" WHERE ("impressions".listing_id = 86218) [0m
  [4;35;1mAnalyzing  Execution Time: 0.157659

[0m   [0mAggregate  (cost=12714.08..12714.09 rows=1 width=0)
   ->  Seq Scan on impressions  (cost=0.00..12714.00 rows=31 width=0)
         Filter: (listing_id = 86218)
[0m
  [4;36;1mSQL (163.2ms)[0m   [0;1mSELECT count(*) AS count_all FROM "impressions" WHERE ("impressions".listing_id = 86219) [0m
  [4;35;1mAnalyzing  Execution Time: 0.163573

[0m   [0mAggregate  (cost=12714.08..12714.09 rows=1 width=0)
   ->  Seq Scan on impressions  (cost=0.00..12714.00 rows=31 width=0)
         Filter: (listing_id = 86219)
[0m
  [4;36;1mSQL (155.9ms)[0m   [0;1mSELECT count(*) AS count_all FROM "impressions" WHERE ("impressions".listing_id = 86220) [0m
  [4;35;1mAnalyzing  Execution Time: 0.156228

[0m   [0mAggregate  (cost=12714.08..12714.09 rows=1 width=0)
   ->  Seq Scan on impressions  (cost=0.00..12714.00 rows=31 width=0)
         Filter: (listing_id = 86220)
[0m
  [4;36;1mSQL (154.7ms)[0m   [0;1mSELECT count(*) AS count_all FROM "impressions" WHERE ("impressions".listing_id = 86221) [0m
  [4;35;1mAnalyzing  Execution Time: 0.155

[0m   [0mAggregate  (cost=12714.08..12714.09 rows=1 width=0)
   ->  Seq Scan on impressions  (cost=0.00..12714.00 rows=31 width=0)
         Filter: (listing_id = 86221)
[0m
  [4;36;1mSQL (153.7ms)[0m   [0;1mSELECT count(*) AS count_all FROM "impressions" WHERE ("impressions".listing_id = 86222) [0m
  [4;35;1mAnalyzing  Execution Time: 0.154039

[0m   [0mAggregate  (cost=12714.08..12714.09 rows=1 width=0)
   ->  Seq Scan on impressions  (cost=0.00..12714.00 rows=31 width=0)
         Filter: (listing_id = 86222)
[0m
  [4;36;1mSQL (154.6ms)[0m   [0;1mSELECT count(*) AS count_all FROM "impressions" WHERE ("impressions".listing_id = 86223) [0m
  [4;35;1mAnalyzing  Execution Time: 0.154864

[0m   [0mAggregate  (cost=12714.08..12714.09 rows=1 width=0)
   ->  Seq Scan on impressions  (cost=0.00..12714.00 rows=31 width=0)
         Filter: (listing_id = 86223)
[0m
  [4;36;1mSQL (153.4ms)[0m   [0;1mSELECT count(*) AS count_all FROM "impressions" WHERE ("impressions".listing_id = 86224) [0m
  [4;35;1mAnalyzing  Execution Time: 0.153698

[0m   [0mAggregate  (cost=12714.08..12714.09 rows=1 width=0)
   ->  Seq Scan on impressions  (cost=0.00..12714.00 rows=31 width=0)
         Filter: (listing_id = 86224)
[0m
  [4;36;1mSQL (155.0ms)[0m   [0;1mSELECT count(*) AS count_all FROM "impressions" WHERE ("impressions".listing_id = 86225) [0m
  [4;35;1mAnalyzing  Execution Time: 0.15523

[0m   [0mAggregate  (cost=12714.08..12714.09 rows=1 width=0)
   ->  Seq Scan on impressions  (cost=0.00..12714.00 rows=31 width=0)
         Filter: (listing_id = 86225)
[0m
  [4;36;1mSQL (14.4ms)[0m   [0;1mSELECT count(*) AS count_all FROM "clicks" WHERE ("clicks".listing_id = 67785) [0m
  [4;35;1mAnalyzing  Execution Time: 0.014799

[0m   [0mAggregate  (cost=814.47..814.48 rows=1 width=0)
   ->  Seq Scan on clicks  (cost=0.00..814.46 rows=2 width=0)
         Filter: (listing_id = 67785)
[0m
  [4;36;1mSQL (10.2ms)[0m   [0;1mSELECT count(*) AS count_all FROM "clicks" WHERE ("clicks".listing_id = 70300) [0m
  [4;35;1mAnalyzing  Execution Time: 0.010448

[0m   [0mAggregate  (cost=814.47..814.48 rows=1 width=0)
   ->  Seq Scan on clicks  (cost=0.00..814.46 rows=2 width=0)
         Filter: (listing_id = 70300)
[0m
  [4;36;1mSQL (8.6ms)[0m   [0;1mSELECT count(*) AS count_all FROM "clicks" WHERE ("clicks".listing_id = 86210) [0m
  [4;35;1mAnalyzing  Execution Time: 0.008837

[0m   [0mAggregate  (cost=814.47..814.48 rows=1 width=0)
   ->  Seq Scan on clicks  (cost=0.00..814.46 rows=2 width=0)
         Filter: (listing_id = 86210)
[0m
  [4;36;1mSQL (10.6ms)[0m   [0;1mSELECT count(*) AS count_all FROM "clicks" WHERE ("clicks".listing_id = 86211) [0m
  [4;35;1mAnalyzing  Execution Time: 0.010822

[0m   [0mAggregate  (cost=814.47..814.48 rows=1 width=0)
   ->  Seq Scan on clicks  (cost=0.00..814.46 rows=2 width=0)
         Filter: (listing_id = 86211)
[0m
  [4;36;1mSQL (9.2ms)[0m   [0;1mSELECT count(*) AS count_all FROM "clicks" WHERE ("clicks".listing_id = 86212) [0m
  [4;35;1mAnalyzing  Execution Time: 0.009495

[0m   [0mAggregate  (cost=814.47..814.48 rows=1 width=0)
   ->  Seq Scan on clicks  (cost=0.00..814.46 rows=2 width=0)
         Filter: (listing_id = 86212)
[0m
  [4;36;1mSQL (8.5ms)[0m   [0;1mSELECT count(*) AS count_all FROM "clicks" WHERE ("clicks".listing_id = 86213) [0m
  [4;35;1mAnalyzing  Execution Time: 0.008759

[0m   [0mAggregate  (cost=814.47..814.48 rows=1 width=0)
   ->  Seq Scan on clicks  (cost=0.00..814.46 rows=2 width=0)
         Filter: (listing_id = 86213)
[0m
  [4;36;1mSQL (9.5ms)[0m   [0;1mSELECT count(*) AS count_all FROM "clicks" WHERE ("clicks".listing_id = 86215) [0m
  [4;35;1mAnalyzing  Execution Time: 0.009786

[0m   [0mAggregate  (cost=814.47..814.48 rows=1 width=0)
   ->  Seq Scan on clicks  (cost=0.00..814.46 rows=2 width=0)
         Filter: (listing_id = 86215)
[0m
  [4;36;1mSQL (9.0ms)[0m   [0;1mSELECT count(*) AS count_all FROM "clicks" WHERE ("clicks".listing_id = 86217) [0m
  [4;35;1mAnalyzing  Execution Time: 0.009291

[0m   [0mAggregate  (cost=814.47..814.48 rows=1 width=0)
   ->  Seq Scan on clicks  (cost=0.00..814.46 rows=2 width=0)
         Filter: (listing_id = 86217)
[0m
  [4;36;1mSQL (8.5ms)[0m   [0;1mSELECT count(*) AS count_all FROM "clicks" WHERE ("clicks".listing_id = 86218) [0m
  [4;35;1mAnalyzing  Execution Time: 0.008784

[0m   [0mAggregate  (cost=814.47..814.48 rows=1 width=0)
   ->  Seq Scan on clicks  (cost=0.00..814.46 rows=2 width=0)
         Filter: (listing_id = 86218)
[0m
  [4;36;1mSQL (10.0ms)[0m   [0;1mSELECT count(*) AS count_all FROM "clicks" WHERE ("clicks".listing_id = 86219) [0m
  [4;35;1mAnalyzing  Execution Time: 0.010276

[0m   [0mAggregate  (cost=814.47..814.48 rows=1 width=0)
   ->  Seq Scan on clicks  (cost=0.00..814.46 rows=2 width=0)
         Filter: (listing_id = 86219)
[0m
  [4;36;1mSQL (9.6ms)[0m   [0;1mSELECT count(*) AS count_all FROM "clicks" WHERE ("clicks".listing_id = 86220) [0m
  [4;35;1mAnalyzing  Execution Time: 0.00984

[0m   [0mAggregate  (cost=814.47..814.48 rows=1 width=0)
   ->  Seq Scan on clicks  (cost=0.00..814.46 rows=2 width=0)
         Filter: (listing_id = 86220)
[0m
  [4;36;1mSQL (8.7ms)[0m   [0;1mSELECT count(*) AS count_all FROM "clicks" WHERE ("clicks".listing_id = 86221) [0m
  [4;35;1mAnalyzing  Execution Time: 0.008952

[0m   [0mAggregate  (cost=814.47..814.48 rows=1 width=0)
   ->  Seq Scan on clicks  (cost=0.00..814.46 rows=2 width=0)
         Filter: (listing_id = 86221)
[0m
  [4;36;1mSQL (11.2ms)[0m   [0;1mSELECT count(*) AS count_all FROM "clicks" WHERE ("clicks".listing_id = 86222) [0m
  [4;35;1mAnalyzing  Execution Time: 0.011464

[0m   [0mAggregate  (cost=814.47..814.48 rows=1 width=0)
   ->  Seq Scan on clicks  (cost=0.00..814.46 rows=2 width=0)
         Filter: (listing_id = 86222)
[0m
  [4;36;1mSQL (10.4ms)[0m   [0;1mSELECT count(*) AS count_all FROM "clicks" WHERE ("clicks".listing_id = 86223) [0m
  [4;35;1mAnalyzing  Execution Time: 0.010619

[0m   [0mAggregate  (cost=814.47..814.48 rows=1 width=0)
   ->  Seq Scan on clicks  (cost=0.00..814.46 rows=2 width=0)
         Filter: (listing_id = 86223)
[0m
  [4;36;1mSQL (8.4ms)[0m   [0;1mSELECT count(*) AS count_all FROM "clicks" WHERE ("clicks".listing_id = 86224) [0m
  [4;35;1mAnalyzing  Execution Time: 0.008696

[0m   [0mAggregate  (cost=814.47..814.48 rows=1 width=0)
   ->  Seq Scan on clicks  (cost=0.00..814.46 rows=2 width=0)
         Filter: (listing_id = 86224)
[0m
  [4;36;1mSQL (10.2ms)[0m   [0;1mSELECT count(*) AS count_all FROM "clicks" WHERE ("clicks".listing_id = 86225) [0m
  [4;35;1mAnalyzing  Execution Time: 0.010474

[0m   [0mAggregate  (cost=814.47..814.48 rows=1 width=0)
   ->  Seq Scan on clicks  (cost=0.00..814.46 rows=2 width=0)
         Filter: (listing_id = 86225)
[0m
  [4;36;1mSQL (6.2ms)[0m   [0;1mSELECT count(*) AS count_all FROM "listings" WHERE ("listings".user_id = 25313) [0m
  [4;35;1mAnalyzing  Execution Time: 0.006452

[0m   [0mAggregate  (cost=1615.81..1615.82 rows=1 width=0)
   ->  Index Scan using index_listings_on_id_and_user_id_and_title on listings  (cost=0.00..1615.79 rows=4 width=0)
         Index Cond: (user_id = 25313)
[0m
  [4;36;1mSQL (157.5ms)[0m   [0;1mSELECT count(*) AS count_all FROM "impressions" WHERE ("impressions".listing_id = 66642) [0m
  [4;35;1mAnalyzing  Execution Time: 0.157787

[0m   [0mAggregate  (cost=12714.08..12714.09 rows=1 width=0)
   ->  Seq Scan on impressions  (cost=0.00..12714.00 rows=31 width=0)
         Filter: (listing_id = 66642)
[0m
  [4;36;1mSQL (8.9ms)[0m   [0;1mSELECT count(*) AS count_all FROM "clicks" WHERE ("clicks".listing_id = 66642) [0m
  [4;35;1mAnalyzing  Execution Time: 0.009129

[0m   [0mAggregate  (cost=814.47..814.48 rows=1 width=0)
   ->  Seq Scan on clicks  (cost=0.00..814.46 rows=2 width=0)
         Filter: (listing_id = 66642)
[0m
  [4;36;1mSQL (2.1ms)[0m   [0;1mSELECT count(*) AS count_all FROM "listings" WHERE ("listings".user_id = 25312) [0m
  [4;35;1mAnalyzing  Execution Time: 0.00237

[0m   [0mAggregate  (cost=1615.81..1615.82 rows=1 width=0)
   ->  Index Scan using index_listings_on_id_and_user_id_and_title on listings  (cost=0.00..1615.79 rows=4 width=0)
         Index Cond: (user_id = 25312)
[0m
  [4;36;1mSQL (154.4ms)[0m   [0;1mSELECT count(*) AS count_all FROM "impressions" WHERE ("impressions".listing_id = 113047) [0m
  [4;35;1mAnalyzing  Execution Time: 0.154619

[0m   [0mAggregate  (cost=12714.08..12714.09 rows=1 width=0)
   ->  Seq Scan on impressions  (cost=0.00..12714.00 rows=31 width=0)
         Filter: (listing_id = 113047)
[0m
  [4;36;1mSQL (8.5ms)[0m   [0;1mSELECT count(*) AS count_all FROM "clicks" WHERE ("clicks".listing_id = 113047) [0m
  [4;35;1mAnalyzing  Execution Time: 0.008776

[0m   [0mAggregate  (cost=814.47..814.48 rows=1 width=0)
   ->  Seq Scan on clicks  (cost=0.00..814.46 rows=2 width=0)
         Filter: (listing_id = 113047)
[0m
  [4;36;1mSQL (2.3ms)[0m   [0;1mSELECT count(*) AS count_all FROM "listings" WHERE ("listings".user_id = 25311) [0m
  [4;35;1mAnalyzing  Execution Time: 0.002552

[0m   [0mAggregate  (cost=1615.81..1615.82 rows=1 width=0)
   ->  Index Scan using index_listings_on_id_and_user_id_and_title on listings  (cost=0.00..1615.79 rows=4 width=0)
         Index Cond: (user_id = 25311)
[0m
  [4;36;1mSQL (153.9ms)[0m   [0;1mSELECT count(*) AS count_all FROM "impressions" WHERE ("impressions".listing_id = 71936) [0m
  [4;35;1mAnalyzing  Execution Time: 0.154136

[0m   [0mAggregate  (cost=12714.08..12714.09 rows=1 width=0)
   ->  Seq Scan on impressions  (cost=0.00..12714.00 rows=31 width=0)
         Filter: (listing_id = 71936)
[0m
  [4;36;1mSQL (8.7ms)[0m   [0;1mSELECT count(*) AS count_all FROM "clicks" WHERE ("clicks".listing_id = 71936) [0m
  [4;35;1mAnalyzing  Execution Time: 0.008964

[0m   [0mAggregate  (cost=814.49..814.50 rows=1 width=0)
   ->  Seq Scan on clicks  (cost=0.00..814.46 rows=8 width=0)
         Filter: (listing_id = 71936)
[0m
  [4;36;1mSQL (2.1ms)[0m   [0;1mSELECT count(*) AS count_all FROM "listings" WHERE ("listings".user_id = 25310) [0m
  [4;35;1mAnalyzing  Execution Time: 0.002401

[0m   [0mAggregate  (cost=1615.81..1615.82 rows=1 width=0)
   ->  Index Scan using index_listings_on_id_and_user_id_and_title on listings  (cost=0.00..1615.79 rows=4 width=0)
         Index Cond: (user_id = 25310)
[0m
  [4;36;1mSQL (168.1ms)[0m   [0;1mSELECT count(*) AS count_all FROM "impressions" WHERE ("impressions".listing_id = 113046) [0m
  [4;35;1mAnalyzing  Execution Time: 0.16837

[0m   [0mAggregate  (cost=12714.08..12714.09 rows=1 width=0)
   ->  Seq Scan on impressions  (cost=0.00..12714.00 rows=31 width=0)
         Filter: (listing_id = 113046)
[0m
  [4;36;1mSQL (8.7ms)[0m   [0;1mSELECT count(*) AS count_all FROM "clicks" WHERE ("clicks".listing_id = 113046) [0m
  [4;35;1mAnalyzing  Execution Time: 0.008913

[0m   [0mAggregate  (cost=814.47..814.48 rows=1 width=0)
   ->  Seq Scan on clicks  (cost=0.00..814.46 rows=2 width=0)
         Filter: (listing_id = 113046)
[0m
  [4;36;1mSQL (2.0ms)[0m   [0;1mSELECT count(*) AS count_all FROM "listings" WHERE ("listings".user_id = 25308) [0m
  [4;35;1mAnalyzing  Execution Time: 0.002291

[0m   [0mAggregate  (cost=1615.81..1615.82 rows=1 width=0)
   ->  Index Scan using index_listings_on_id_and_user_id_and_title on listings  (cost=0.00..1615.79 rows=4 width=0)
         Index Cond: (user_id = 25308)
[0m
  [4;36;1mSQL (159.4ms)[0m   [0;1mSELECT count(*) AS count_all FROM "impressions" WHERE ("impressions".listing_id = 67767) [0m
  [4;35;1mAnalyzing  Execution Time: 0.159647

[0m   [0mAggregate  (cost=12714.08..12714.09 rows=1 width=0)
   ->  Seq Scan on impressions  (cost=0.00..12714.00 rows=31 width=0)
         Filter: (listing_id = 67767)
[0m
  [4;36;1mSQL (8.5ms)[0m   [0;1mSELECT count(*) AS count_all FROM "clicks" WHERE ("clicks".listing_id = 67767) [0m
  [4;35;1mAnalyzing  Execution Time: 0.008817

[0m   [0mAggregate  (cost=814.47..814.48 rows=1 width=0)
   ->  Seq Scan on clicks  (cost=0.00..814.46 rows=2 width=0)
         Filter: (listing_id = 67767)
[0m
  [4;36;1mSQL (2.5ms)[0m   [0;1mSELECT count(*) AS count_all FROM "listings" WHERE ("listings".user_id = 25307) [0m
  [4;35;1mAnalyzing  Execution Time: 0.002795

[0m   [0mAggregate  (cost=1615.81..1615.82 rows=1 width=0)
   ->  Index Scan using index_listings_on_id_and_user_id_and_title on listings  (cost=0.00..1615.79 rows=4 width=0)
         Index Cond: (user_id = 25307)
[0m
  [4;36;1mSQL (151.9ms)[0m   [0;1mSELECT count(*) AS count_all FROM "impressions" WHERE ("impressions".listing_id = 105083) [0m
  [4;35;1mAnalyzing  Execution Time: 0.152158

[0m   [0mAggregate  (cost=12714.08..12714.09 rows=1 width=0)
   ->  Seq Scan on impressions  (cost=0.00..12714.00 rows=31 width=0)
         Filter: (listing_id = 105083)
[0m
  [4;36;1mSQL (11.9ms)[0m   [0;1mSELECT count(*) AS count_all FROM "clicks" WHERE ("clicks".listing_id = 105083) [0m
  [4;35;1mAnalyzing  Execution Time: 0.012205

[0m   [0mAggregate  (cost=814.47..814.48 rows=1 width=0)
   ->  Seq Scan on clicks  (cost=0.00..814.46 rows=2 width=0)
         Filter: (listing_id = 105083)
[0m
  [4;36;1mSQL (2.3ms)[0m   [0;1mSELECT count(*) AS count_all FROM "listings" WHERE ("listings".user_id = 25306) [0m
  [4;35;1mAnalyzing  Execution Time: 0.00261

[0m   [0mAggregate  (cost=1615.81..1615.82 rows=1 width=0)
   ->  Index Scan using index_listings_on_id_and_user_id_and_title on listings  (cost=0.00..1615.79 rows=4 width=0)
         Index Cond: (user_id = 25306)
[0m
  [4;36;1mSQL (150.5ms)[0m   [0;1mSELECT count(*) AS count_all FROM "impressions" WHERE ("impressions".listing_id = 113044) [0m
  [4;35;1mAnalyzing  Execution Time: 0.150811

[0m   [0mAggregate  (cost=12714.08..12714.09 rows=1 width=0)
   ->  Seq Scan on impressions  (cost=0.00..12714.00 rows=31 width=0)
         Filter: (listing_id = 113044)
[0m
  [4;36;1mSQL (10.5ms)[0m   [0;1mSELECT count(*) AS count_all FROM "clicks" WHERE ("clicks".listing_id = 113044) [0m
  [4;35;1mAnalyzing  Execution Time: 0.010842

[0m   [0mAggregate  (cost=814.47..814.48 rows=1 width=0)
   ->  Seq Scan on clicks  (cost=0.00..814.46 rows=2 width=0)
         Filter: (listing_id = 113044)
[0m
  [4;36;1mSQL (2.1ms)[0m   [0;1mSELECT count(*) AS count_all FROM "listings" WHERE ("listings".user_id = 25305) [0m
  [4;35;1mAnalyzing  Execution Time: 0.002349

[0m   [0mAggregate  (cost=1615.81..1615.82 rows=1 width=0)
   ->  Index Scan using index_listings_on_id_and_user_id_and_title on listings  (cost=0.00..1615.79 rows=4 width=0)
         Index Cond: (user_id = 25305)
[0m
  [4;36;1mSQL (148.1ms)[0m   [0;1mSELECT count(*) AS count_all FROM "impressions" WHERE ("impressions".listing_id = 68692) [0m
  [4;35;1mAnalyzing  Execution Time: 0.148441

[0m   [0mAggregate  (cost=12714.08..12714.09 rows=1 width=0)
   ->  Seq Scan on impressions  (cost=0.00..12714.00 rows=31 width=0)
         Filter: (listing_id = 68692)
[0m
  [4;36;1mSQL (9.0ms)[0m   [0;1mSELECT count(*) AS count_all FROM "clicks" WHERE ("clicks".listing_id = 68692) [0m
  [4;35;1mAnalyzing  Execution Time: 0.009321

[0m   [0mAggregate  (cost=814.47..814.48 rows=1 width=0)
   ->  Seq Scan on clicks  (cost=0.00..814.46 rows=2 width=0)
         Filter: (listing_id = 68692)
[0m
  [4;36;1mSQL (2.1ms)[0m   [0;1mSELECT count(*) AS count_all FROM "listings" WHERE ("listings".user_id = 25303) [0m
  [4;35;1mAnalyzing  Execution Time: 0.002595

[0m   [0mAggregate  (cost=1615.81..1615.82 rows=1 width=0)
   ->  Index Scan using index_listings_on_id_and_user_id_and_title on listings  (cost=0.00..1615.79 rows=4 width=0)
         Index Cond: (user_id = 25303)
[0m
  [4;36;1mSQL (152.2ms)[0m   [0;1mSELECT count(*) AS count_all FROM "impressions" WHERE ("impressions".listing_id = 113042) [0m
  [4;35;1mAnalyzing  Execution Time: 0.152582

[0m   [0mAggregate  (cost=12714.08..12714.09 rows=1 width=0)
   ->  Seq Scan on impressions  (cost=0.00..12714.00 rows=31 width=0)
         Filter: (listing_id = 113042)
[0m
  [4;36;1mSQL (9.7ms)[0m   [0;1mSELECT count(*) AS count_all FROM "clicks" WHERE ("clicks".listing_id = 113042) [0m
  [4;35;1mAnalyzing  Execution Time: 0.010163

[0m   [0mAggregate  (cost=814.47..814.48 rows=1 width=0)
   ->  Seq Scan on clicks  (cost=0.00..814.46 rows=2 width=0)
         Filter: (listing_id = 113042)
[0m
  [4;36;1mSQL (2.2ms)[0m   [0;1mSELECT count(*) AS count_all FROM "listings" WHERE ("listings".user_id = 25302) [0m
  [4;35;1mAnalyzing  Execution Time: 0.002519

[0m   [0mAggregate  (cost=1615.81..1615.82 rows=1 width=0)
   ->  Index Scan using index_listings_on_id_and_user_id_and_title on listings  (cost=0.00..1615.79 rows=4 width=0)
         Index Cond: (user_id = 25302)
[0m
  [4;36;1mSQL (158.8ms)[0m   [0;1mSELECT count(*) AS count_all FROM "impressions" WHERE ("impressions".listing_id = 83308) [0m
  [4;35;1mAnalyzing  Execution Time: 0.159108

[0m   [0mAggregate  (cost=12714.08..12714.09 rows=1 width=0)
   ->  Seq Scan on impressions  (cost=0.00..12714.00 rows=31 width=0)
         Filter: (listing_id = 83308)
[0m
  [4;36;1mSQL (8.7ms)[0m   [0;1mSELECT count(*) AS count_all FROM "clicks" WHERE ("clicks".listing_id = 83308) [0m
  [4;35;1mAnalyzing  Execution Time: 0.008972

[0m   [0mAggregate  (cost=814.47..814.48 rows=1 width=0)
   ->  Seq Scan on clicks  (cost=0.00..814.46 rows=2 width=0)
         Filter: (listing_id = 83308)
[0m
  [4;36;1mSQL (5.0ms)[0m   [0;1mSELECT count(*) AS count_all FROM "listings" WHERE ("listings".user_id = 25297) [0m
  [4;35;1mAnalyzing  Execution Time: 0.005278

[0m   [0mAggregate  (cost=1615.81..1615.82 rows=1 width=0)
   ->  Index Scan using index_listings_on_id_and_user_id_and_title on listings  (cost=0.00..1615.79 rows=4 width=0)
         Index Cond: (user_id = 25297)
[0m
  [4;36;1mSQL (161.2ms)[0m   [0;1mSELECT count(*) AS count_all FROM "impressions" WHERE ("impressions".listing_id = 82633) [0m
  [4;35;1mAnalyzing  Execution Time: 0.161507

[0m   [0mAggregate  (cost=12714.08..12714.09 rows=1 width=0)
   ->  Seq Scan on impressions  (cost=0.00..12714.00 rows=31 width=0)
         Filter: (listing_id = 82633)
[0m
  [4;36;1mSQL (10.0ms)[0m   [0;1mSELECT count(*) AS count_all FROM "clicks" WHERE ("clicks".listing_id = 82633) [0m
  [4;35;1mAnalyzing  Execution Time: 0.010313

[0m   [0mAggregate  (cost=814.47..814.48 rows=1 width=0)
   ->  Seq Scan on clicks  (cost=0.00..814.46 rows=2 width=0)
         Filter: (listing_id = 82633)
[0m
  [4;36;1mSQL (3.3ms)[0m   [0;1mSELECT count(*) AS count_all FROM "listings" WHERE ("listings".user_id = 25294) [0m
  [4;35;1mAnalyzing  Execution Time: 0.003585

[0m   [0mAggregate  (cost=1615.81..1615.82 rows=1 width=0)
   ->  Index Scan using index_listings_on_id_and_user_id_and_title on listings  (cost=0.00..1615.79 rows=4 width=0)
         Index Cond: (user_id = 25294)
[0m
  [4;36;1mSQL (161.6ms)[0m   [0;1mSELECT count(*) AS count_all FROM "impressions" WHERE ("impressions".listing_id = 113039) [0m
  [4;35;1mAnalyzing  Execution Time: 0.16191

[0m   [0mAggregate  (cost=12714.08..12714.09 rows=1 width=0)
   ->  Seq Scan on impressions  (cost=0.00..12714.00 rows=31 width=0)
         Filter: (listing_id = 113039)
[0m
  [4;36;1mSQL (11.4ms)[0m   [0;1mSELECT count(*) AS count_all FROM "clicks" WHERE ("clicks".listing_id = 113039) [0m
  [4;35;1mAnalyzing  Execution Time: 0.011649

[0m   [0mAggregate  (cost=814.47..814.48 rows=1 width=0)
   ->  Seq Scan on clicks  (cost=0.00..814.46 rows=2 width=0)
         Filter: (listing_id = 113039)
[0m
  [4;36;1mSQL (2.1ms)[0m   [0;1mSELECT count(*) AS count_all FROM "listings" WHERE ("listings".user_id = 25293) [0m
  [4;35;1mAnalyzing  Execution Time: 0.002329

[0m   [0mAggregate  (cost=1615.81..1615.82 rows=1 width=0)
   ->  Index Scan using index_listings_on_id_and_user_id_and_title on listings  (cost=0.00..1615.79 rows=4 width=0)
         Index Cond: (user_id = 25293)
[0m
  [4;36;1mSQL (158.6ms)[0m   [0;1mSELECT count(*) AS count_all FROM "impressions" WHERE ("impressions".listing_id = 113038) [0m
  [4;35;1mAnalyzing  Execution Time: 0.158865

[0m   [0mAggregate  (cost=12714.08..12714.09 rows=1 width=0)
   ->  Seq Scan on impressions  (cost=0.00..12714.00 rows=31 width=0)
         Filter: (listing_id = 113038)
[0m
  [4;36;1mSQL (8.5ms)[0m   [0;1mSELECT count(*) AS count_all FROM "clicks" WHERE ("clicks".listing_id = 113038) [0m
  [4;35;1mAnalyzing  Execution Time: 0.008749

[0m   [0mAggregate  (cost=814.47..814.48 rows=1 width=0)
   ->  Seq Scan on clicks  (cost=0.00..814.46 rows=2 width=0)
         Filter: (listing_id = 113038)
[0m
  [4;36;1mSQL (7.8ms)[0m   [0;1mSELECT count(*) AS count_all FROM "listings" WHERE ("listings".user_id = 25292) [0m
  [4;35;1mAnalyzing  Execution Time: 0.008016

[0m   [0mAggregate  (cost=1615.81..1615.82 rows=1 width=0)
   ->  Index Scan using index_listings_on_id_and_user_id_and_title on listings  (cost=0.00..1615.79 rows=4 width=0)
         Index Cond: (user_id = 25292)
[0m
  [4;36;1mSQL (155.5ms)[0m   [0;1mSELECT count(*) AS count_all FROM "impressions" WHERE ("impressions".listing_id = 90101) [0m
  [4;35;1mAnalyzing  Execution Time: 0.155723

[0m   [0mAggregate  (cost=12714.08..12714.09 rows=1 width=0)
   ->  Seq Scan on impressions  (cost=0.00..12714.00 rows=31 width=0)
         Filter: (listing_id = 90101)
[0m
  [4;36;1mSQL (10.2ms)[0m   [0;1mSELECT count(*) AS count_all FROM "clicks" WHERE ("clicks".listing_id = 90101) [0m
  [4;35;1mAnalyzing  Execution Time: 0.010511

[0m   [0mAggregate  (cost=814.49..814.50 rows=1 width=0)
   ->  Seq Scan on clicks  (cost=0.00..814.46 rows=10 width=0)
         Filter: (listing_id = 90101)
[0m
  [4;36;1mSQL (2.6ms)[0m   [0;1mSELECT count(*) AS count_all FROM "listings" WHERE ("listings".user_id = 25291) [0m
  [4;35;1mAnalyzing  Execution Time: 0.002873

[0m   [0mAggregate  (cost=1615.81..1615.82 rows=1 width=0)
   ->  Index Scan using index_listings_on_id_and_user_id_and_title on listings  (cost=0.00..1615.79 rows=4 width=0)
         Index Cond: (user_id = 25291)
[0m
  [4;36;1mSQL (158.5ms)[0m   [0;1mSELECT count(*) AS count_all FROM "impressions" WHERE ("impressions".listing_id = 66214) [0m
  [4;35;1mAnalyzing  Execution Time: 0.158774

[0m   [0mAggregate  (cost=12714.08..12714.09 rows=1 width=0)
   ->  Seq Scan on impressions  (cost=0.00..12714.00 rows=31 width=0)
         Filter: (listing_id = 66214)
[0m
  [4;36;1mSQL (9.9ms)[0m   [0;1mSELECT count(*) AS count_all FROM "clicks" WHERE ("clicks".listing_id = 66214) [0m
  [4;35;1mAnalyzing  Execution Time: 0.010181

[0m   [0mAggregate  (cost=814.47..814.48 rows=1 width=0)
   ->  Seq Scan on clicks  (cost=0.00..814.46 rows=2 width=0)
         Filter: (listing_id = 66214)
[0m
  [4;36;1mSQL (2.1ms)[0m   [0;1mSELECT count(*) AS count_all FROM "listings" WHERE ("listings".user_id = 25290) [0m
  [4;35;1mAnalyzing  Execution Time: 0.002331

[0m   [0mAggregate  (cost=1615.81..1615.82 rows=1 width=0)
   ->  Index Scan using index_listings_on_id_and_user_id_and_title on listings  (cost=0.00..1615.79 rows=4 width=0)
         Index Cond: (user_id = 25290)
[0m
  [4;36;1mSQL (157.4ms)[0m   [0;1mSELECT count(*) AS count_all FROM "impressions" WHERE ("impressions".listing_id = 74712) [0m
  [4;35;1mAnalyzing  Execution Time: 0.15767

[0m   [0mAggregate  (cost=12714.08..12714.09 rows=1 width=0)
   ->  Seq Scan on impressions  (cost=0.00..12714.00 rows=31 width=0)
         Filter: (listing_id = 74712)
[0m
  [4;36;1mSQL (152.5ms)[0m   [0;1mSELECT count(*) AS count_all FROM "impressions" WHERE ("impressions".listing_id = 105962) [0m
  [4;35;1mAnalyzing  Execution Time: 0.152772

[0m   [0mAggregate  (cost=12714.08..12714.09 rows=1 width=0)
   ->  Seq Scan on impressions  (cost=0.00..12714.00 rows=31 width=0)
         Filter: (listing_id = 105962)
[0m
  [4;36;1mSQL (153.1ms)[0m   [0;1mSELECT count(*) AS count_all FROM "impressions" WHERE ("impressions".listing_id = 105964) [0m
  [4;35;1mAnalyzing  Execution Time: 0.153523

[0m   [0mAggregate  (cost=12714.08..12714.09 rows=1 width=0)
   ->  Seq Scan on impressions  (cost=0.00..12714.00 rows=31 width=0)
         Filter: (listing_id = 105964)
[0m
  [4;36;1mSQL (155.8ms)[0m   [0;1mSELECT count(*) AS count_all FROM "impressions" WHERE ("impressions".listing_id = 105965) [0m
  [4;35;1mAnalyzing  Execution Time: 0.156002

[0m   [0mAggregate  (cost=12714.08..12714.09 rows=1 width=0)
   ->  Seq Scan on impressions  (cost=0.00..12714.00 rows=31 width=0)
         Filter: (listing_id = 105965)
[0m
  [4;36;1mSQL (8.8ms)[0m   [0;1mSELECT count(*) AS count_all FROM "clicks" WHERE ("clicks".listing_id = 74712) [0m
  [4;35;1mAnalyzing  Execution Time: 0.009032

[0m   [0mAggregate  (cost=814.47..814.48 rows=1 width=0)
   ->  Seq Scan on clicks  (cost=0.00..814.46 rows=2 width=0)
         Filter: (listing_id = 74712)
[0m
  [4;36;1mSQL (11.5ms)[0m   [0;1mSELECT count(*) AS count_all FROM "clicks" WHERE ("clicks".listing_id = 105962) [0m
  [4;35;1mAnalyzing  Execution Time: 0.011834

[0m   [0mAggregate  (cost=814.47..814.48 rows=1 width=0)
   ->  Seq Scan on clicks  (cost=0.00..814.46 rows=2 width=0)
         Filter: (listing_id = 105962)
[0m
  [4;36;1mSQL (10.4ms)[0m   [0;1mSELECT count(*) AS count_all FROM "clicks" WHERE ("clicks".listing_id = 105964) [0m
  [4;35;1mAnalyzing  Execution Time: 0.010697

[0m   [0mAggregate  (cost=814.47..814.48 rows=1 width=0)
   ->  Seq Scan on clicks  (cost=0.00..814.46 rows=2 width=0)
         Filter: (listing_id = 105964)
[0m
  [4;36;1mSQL (8.8ms)[0m   [0;1mSELECT count(*) AS count_all FROM "clicks" WHERE ("clicks".listing_id = 105965) [0m
  [4;35;1mAnalyzing  Execution Time: 0.009092

[0m   [0mAggregate  (cost=814.47..814.48 rows=1 width=0)
   ->  Seq Scan on clicks  (cost=0.00..814.46 rows=2 width=0)
         Filter: (listing_id = 105965)
[0m
  [4;36;1mSQL (6.3ms)[0m   [0;1mSELECT count(*) AS count_all FROM "listings" WHERE ("listings".user_id = 25289) [0m
  [4;35;1mAnalyzing  Execution Time: 0.006615

[0m   [0mAggregate  (cost=1615.81..1615.82 rows=1 width=0)
   ->  Index Scan using index_listings_on_id_and_user_id_and_title on listings  (cost=0.00..1615.79 rows=4 width=0)
         Index Cond: (user_id = 25289)
[0m
  [4;36;1mSQL (165.9ms)[0m   [0;1mSELECT count(*) AS count_all FROM "impressions" WHERE ("impressions".listing_id = 113037) [0m
  [4;35;1mAnalyzing  Execution Time: 0.166237

[0m   [0mAggregate  (cost=12717.17..12717.18 rows=1 width=0)
   ->  Seq Scan on impressions  (cost=0.00..12714.00 rows=1267 width=0)
         Filter: (listing_id = 113037)
[0m
  [4;36;1mSQL (9.0ms)[0m   [0;1mSELECT count(*) AS count_all FROM "clicks" WHERE ("clicks".listing_id = 113037) [0m
  [4;35;1mAnalyzing  Execution Time: 0.009303

[0m   [0mAggregate  (cost=814.50..814.51 rows=1 width=0)
   ->  Seq Scan on clicks  (cost=0.00..814.46 rows=13 width=0)
         Filter: (listing_id = 113037)
[0m
  [4;36;1mSQL (1.9ms)[0m   [0;1mSELECT count(*) AS count_all FROM "listings" WHERE ("listings".user_id = 25271) [0m
  [4;35;1mAnalyzing  Execution Time: 0.002153

[0m   [0mAggregate  (cost=1615.81..1615.82 rows=1 width=0)
   ->  Index Scan using index_listings_on_id_and_user_id_and_title on listings  (cost=0.00..1615.79 rows=4 width=0)
         Index Cond: (user_id = 25271)
[0m
  [4;36;1mSQL (158.9ms)[0m   [0;1mSELECT count(*) AS count_all FROM "impressions" WHERE ("impressions".listing_id = 113022) [0m
  [4;35;1mAnalyzing  Execution Time: 0.159151

[0m   [0mAggregate  (cost=12723.85..12723.86 rows=1 width=0)
   ->  Seq Scan on impressions  (cost=0.00..12714.00 rows=3941 width=0)
         Filter: (listing_id = 113022)
[0m
  [4;36;1mSQL (8.8ms)[0m   [0;1mSELECT count(*) AS count_all FROM "clicks" WHERE ("clicks".listing_id = 113022) [0m
  [4;35;1mAnalyzing  Execution Time: 0.009112

[0m   [0mAggregate  (cost=814.60..814.61 rows=1 width=0)
   ->  Seq Scan on clicks  (cost=0.00..814.46 rows=53 width=0)
         Filter: (listing_id = 113022)
[0m
  [4;36;1mSQL (3.7ms)[0m   [0;1mSELECT count(*) AS count_all FROM "listings" WHERE ("listings".user_id = 25270) [0m
  [4;35;1mAnalyzing  Execution Time: 0.003989

[0m   [0mAggregate  (cost=1615.81..1615.82 rows=1 width=0)
   ->  Index Scan using index_listings_on_id_and_user_id_and_title on listings  (cost=0.00..1615.79 rows=4 width=0)
         Index Cond: (user_id = 25270)
[0m
  [4;36;1mSQL (161.4ms)[0m   [0;1mSELECT count(*) AS count_all FROM "impressions" WHERE ("impressions".listing_id = 86230) [0m
  [4;35;1mAnalyzing  Execution Time: 0.161647

[0m   [0mAggregate  (cost=12723.16..12723.17 rows=1 width=0)
   ->  Seq Scan on impressions  (cost=0.00..12714.00 rows=3662 width=0)
         Filter: (listing_id = 86230)
[0m
  [4;36;1mSQL (9.8ms)[0m   [0;1mSELECT count(*) AS count_all FROM "clicks" WHERE ("clicks".listing_id = 86230) [0m
  [4;35;1mAnalyzing  Execution Time: 0.010076

[0m   [0mAggregate  (cost=814.53..814.54 rows=1 width=0)
   ->  Seq Scan on clicks  (cost=0.00..814.46 rows=27 width=0)
         Filter: (listing_id = 86230)
[0m
  [4;36;1mSQL (2.3ms)[0m   [0;1mSELECT count(*) AS count_all FROM "listings" WHERE ("listings".user_id = 25267) [0m
  [4;35;1mAnalyzing  Execution Time: 0.002552

[0m   [0mAggregate  (cost=1615.81..1615.82 rows=1 width=0)
   ->  Index Scan using index_listings_on_id_and_user_id_and_title on listings  (cost=0.00..1615.79 rows=4 width=0)
         Index Cond: (user_id = 25267)
[0m
  [4;36;1mSQL (157.4ms)[0m   [0;1mSELECT count(*) AS count_all FROM "impressions" WHERE ("impressions".listing_id = 87237) [0m
  [4;35;1mAnalyzing  Execution Time: 0.157687

[0m   [0mAggregate  (cost=12714.08..12714.09 rows=1 width=0)
   ->  Seq Scan on impressions  (cost=0.00..12714.00 rows=31 width=0)
         Filter: (listing_id = 87237)
[0m
  [4;36;1mSQL (8.6ms)[0m   [0;1mSELECT count(*) AS count_all FROM "clicks" WHERE ("clicks".listing_id = 87237) [0m
  [4;35;1mAnalyzing  Execution Time: 0.00888

[0m   [0mAggregate  (cost=814.47..814.48 rows=1 width=0)
   ->  Seq Scan on clicks  (cost=0.00..814.46 rows=2 width=0)
         Filter: (listing_id = 87237)
[0m
  [4;36;1mSQL (2.1ms)[0m   [0;1mSELECT count(*) AS count_all FROM "listings" WHERE ("listings".user_id = 25266) [0m
  [4;35;1mAnalyzing  Execution Time: 0.00236

[0m   [0mAggregate  (cost=1615.81..1615.82 rows=1 width=0)
   ->  Index Scan using index_listings_on_id_and_user_id_and_title on listings  (cost=0.00..1615.79 rows=4 width=0)
         Index Cond: (user_id = 25266)
[0m
  [4;36;1mSQL (153.4ms)[0m   [0;1mSELECT count(*) AS count_all FROM "impressions" WHERE ("impressions".listing_id = 113019) [0m
  [4;35;1mAnalyzing  Execution Time: 0.153704

[0m   [0mAggregate  (cost=12714.08..12714.09 rows=1 width=0)
   ->  Seq Scan on impressions  (cost=0.00..12714.00 rows=31 width=0)
         Filter: (listing_id = 113019)
[0m
  [4;36;1mSQL (152.0ms)[0m   [0;1mSELECT count(*) AS count_all FROM "impressions" WHERE ("impressions".listing_id = 113067) [0m
  [4;35;1mAnalyzing  Execution Time: 0.152235

[0m   [0mAggregate  (cost=12714.08..12714.09 rows=1 width=0)
   ->  Seq Scan on impressions  (cost=0.00..12714.00 rows=31 width=0)
         Filter: (listing_id = 113067)
[0m
  [4;36;1mSQL (154.5ms)[0m   [0;1mSELECT count(*) AS count_all FROM "impressions" WHERE ("impressions".listing_id = 113068) [0m
  [4;35;1mAnalyzing  Execution Time: 0.154724

[0m   [0mAggregate  (cost=12714.08..12714.09 rows=1 width=0)
   ->  Seq Scan on impressions  (cost=0.00..12714.00 rows=31 width=0)
         Filter: (listing_id = 113068)
[0m
  [4;36;1mSQL (9.7ms)[0m   [0;1mSELECT count(*) AS count_all FROM "clicks" WHERE ("clicks".listing_id = 113019) [0m
  [4;35;1mAnalyzing  Execution Time: 0.010025

[0m   [0mAggregate  (cost=814.47..814.48 rows=1 width=0)
   ->  Seq Scan on clicks  (cost=0.00..814.46 rows=2 width=0)
         Filter: (listing_id = 113019)
[0m
  [4;36;1mSQL (9.5ms)[0m   [0;1mSELECT count(*) AS count_all FROM "clicks" WHERE ("clicks".listing_id = 113067) [0m
  [4;35;1mAnalyzing  Execution Time: 0.009761

[0m   [0mAggregate  (cost=814.47..814.48 rows=1 width=0)
   ->  Seq Scan on clicks  (cost=0.00..814.46 rows=2 width=0)
         Filter: (listing_id = 113067)
[0m
  [4;36;1mSQL (8.5ms)[0m   [0;1mSELECT count(*) AS count_all FROM "clicks" WHERE ("clicks".listing_id = 113068) [0m
  [4;35;1mAnalyzing  Execution Time: 0.008759

[0m   [0mAggregate  (cost=814.47..814.48 rows=1 width=0)
   ->  Seq Scan on clicks  (cost=0.00..814.46 rows=2 width=0)
         Filter: (listing_id = 113068)
[0m
  [4;36;1mSQL (5.5ms)[0m   [0;1mSELECT count(*) AS count_all FROM "listings" WHERE ("listings".user_id = 25265) [0m
  [4;35;1mAnalyzing  Execution Time: 0.005834

[0m   [0mAggregate  (cost=1615.81..1615.82 rows=1 width=0)
   ->  Index Scan using index_listings_on_id_and_user_id_and_title on listings  (cost=0.00..1615.79 rows=4 width=0)
         Index Cond: (user_id = 25265)
[0m
  [4;36;1mSQL (161.7ms)[0m   [0;1mSELECT count(*) AS count_all FROM "impressions" WHERE ("impressions".listing_id = 73326) [0m
  [4;35;1mAnalyzing  Execution Time: 0.161939

[0m   [0mAggregate  (cost=12714.08..12714.09 rows=1 width=0)
   ->  Seq Scan on impressions  (cost=0.00..12714.00 rows=31 width=0)
         Filter: (listing_id = 73326)
[0m
  [4;36;1mSQL (152.8ms)[0m   [0;1mSELECT count(*) AS count_all FROM "impressions" WHERE ("impressions".listing_id = 88124) [0m
  [4;35;1mAnalyzing  Execution Time: 0.153041

[0m   [0mAggregate  (cost=12714.08..12714.09 rows=1 width=0)
   ->  Seq Scan on impressions  (cost=0.00..12714.00 rows=31 width=0)
         Filter: (listing_id = 88124)
[0m
  [4;36;1mSQL (158.7ms)[0m   [0;1mSELECT count(*) AS count_all FROM "impressions" WHERE ("impressions".listing_id = 88125) [0m
  [4;35;1mAnalyzing  Execution Time: 0.158919

[0m   [0mAggregate  (cost=12714.08..12714.09 rows=1 width=0)
   ->  Seq Scan on impressions  (cost=0.00..12714.00 rows=31 width=0)
         Filter: (listing_id = 88125)
[0m
  [4;36;1mSQL (163.4ms)[0m   [0;1mSELECT count(*) AS count_all FROM "impressions" WHERE ("impressions".listing_id = 113017) [0m
  [4;35;1mAnalyzing  Execution Time: 0.163628

[0m   [0mAggregate  (cost=12714.08..12714.09 rows=1 width=0)
   ->  Seq Scan on impressions  (cost=0.00..12714.00 rows=31 width=0)
         Filter: (listing_id = 113017)
[0m
  [4;36;1mSQL (155.7ms)[0m   [0;1mSELECT count(*) AS count_all FROM "impressions" WHERE ("impressions".listing_id = 113018) [0m
  [4;35;1mAnalyzing  Execution Time: 0.155988

[0m   [0mAggregate  (cost=12714.08..12714.09 rows=1 width=0)
   ->  Seq Scan on impressions  (cost=0.00..12714.00 rows=31 width=0)
         Filter: (listing_id = 113018)
[0m
  [4;36;1mSQL (9.5ms)[0m   [0;1mSELECT count(*) AS count_all FROM "clicks" WHERE ("clicks".listing_id = 73326) [0m
  [4;35;1mAnalyzing  Execution Time: 0.009836

[0m   [0mAggregate  (cost=814.47..814.48 rows=1 width=0)
   ->  Seq Scan on clicks  (cost=0.00..814.46 rows=2 width=0)
         Filter: (listing_id = 73326)
[0m
  [4;36;1mSQL (9.4ms)[0m   [0;1mSELECT count(*) AS count_all FROM "clicks" WHERE ("clicks".listing_id = 88124) [0m
  [4;35;1mAnalyzing  Execution Time: 0.009655

[0m   [0mAggregate  (cost=814.47..814.48 rows=1 width=0)
   ->  Seq Scan on clicks  (cost=0.00..814.46 rows=2 width=0)
         Filter: (listing_id = 88124)
[0m
  [4;36;1mSQL (15.1ms)[0m   [0;1mSELECT count(*) AS count_all FROM "clicks" WHERE ("clicks".listing_id = 88125) [0m
  [4;35;1mAnalyzing  Execution Time: 0.015332

[0m   [0mAggregate  (cost=814.47..814.48 rows=1 width=0)
   ->  Seq Scan on clicks  (cost=0.00..814.46 rows=2 width=0)
         Filter: (listing_id = 88125)
[0m
  [4;36;1mSQL (8.7ms)[0m   [0;1mSELECT count(*) AS count_all FROM "clicks" WHERE ("clicks".listing_id = 113017) [0m
  [4;35;1mAnalyzing  Execution Time: 0.008943

[0m   [0mAggregate  (cost=814.47..814.48 rows=1 width=0)
   ->  Seq Scan on clicks  (cost=0.00..814.46 rows=2 width=0)
         Filter: (listing_id = 113017)
[0m
  [4;36;1mSQL (9.8ms)[0m   [0;1mSELECT count(*) AS count_all FROM "clicks" WHERE ("clicks".listing_id = 113018) [0m
  [4;35;1mAnalyzing  Execution Time: 0.010042

[0m   [0mAggregate  (cost=814.47..814.48 rows=1 width=0)
   ->  Seq Scan on clicks  (cost=0.00..814.46 rows=2 width=0)
         Filter: (listing_id = 113018)
[0m
  [4;36;1mSQL (5.0ms)[0m   [0;1mSELECT count(*) AS count_all FROM "listings" WHERE ("listings".user_id = 25264) [0m
  [4;35;1mAnalyzing  Execution Time: 0.005253

[0m   [0mAggregate  (cost=1615.81..1615.82 rows=1 width=0)
   ->  Index Scan using index_listings_on_id_and_user_id_and_title on listings  (cost=0.00..1615.79 rows=4 width=0)
         Index Cond: (user_id = 25264)
[0m
  [4;36;1mSQL (166.9ms)[0m   [0;1mSELECT count(*) AS count_all FROM "impressions" WHERE ("impressions".listing_id = 81941) [0m
  [4;35;1mAnalyzing  Execution Time: 0.167135

[0m   [0mAggregate  (cost=12714.08..12714.09 rows=1 width=0)
   ->  Seq Scan on impressions  (cost=0.00..12714.00 rows=31 width=0)
         Filter: (listing_id = 81941)
[0m
  [4;36;1mSQL (9.1ms)[0m   [0;1mSELECT count(*) AS count_all FROM "clicks" WHERE ("clicks".listing_id = 81941) [0m
  [4;35;1mAnalyzing  Execution Time: 0.009339

[0m   [0mAggregate  (cost=814.49..814.50 rows=1 width=0)
   ->  Seq Scan on clicks  (cost=0.00..814.46 rows=10 width=0)
         Filter: (listing_id = 81941)
[0m
  [4;36;1mSQL (5.1ms)[0m   [0;1mSELECT count(*) AS count_all FROM "listings" WHERE ("listings".user_id = 25263) [0m
  [4;35;1mAnalyzing  Execution Time: 0.005408

[0m   [0mAggregate  (cost=1615.81..1615.82 rows=1 width=0)
   ->  Index Scan using index_listings_on_id_and_user_id_and_title on listings  (cost=0.00..1615.79 rows=4 width=0)
         Index Cond: (user_id = 25263)
[0m
  [4;36;1mSQL (156.0ms)[0m   [0;1mSELECT count(*) AS count_all FROM "impressions" WHERE ("impressions".listing_id = 67489) [0m
  [4;35;1mAnalyzing  Execution Time: 0.156265

[0m   [0mAggregate  (cost=12714.08..12714.09 rows=1 width=0)
   ->  Seq Scan on impressions  (cost=0.00..12714.00 rows=31 width=0)
         Filter: (listing_id = 67489)
[0m
  [4;36;1mSQL (17.3ms)[0m   [0;1mSELECT count(*) AS count_all FROM "clicks" WHERE ("clicks".listing_id = 67489) [0m
  [4;35;1mAnalyzing  Execution Time: 0.017561

[0m   [0mAggregate  (cost=814.47..814.48 rows=1 width=0)
   ->  Seq Scan on clicks  (cost=0.00..814.46 rows=2 width=0)
         Filter: (listing_id = 67489)
[0m
  [4;36;1mSQL (2.1ms)[0m   [0;1mSELECT count(*) AS count_all FROM "listings" WHERE ("listings".user_id = 25262) [0m
  [4;35;1mAnalyzing  Execution Time: 0.002306

[0m   [0mAggregate  (cost=1615.81..1615.82 rows=1 width=0)
   ->  Index Scan using index_listings_on_id_and_user_id_and_title on listings  (cost=0.00..1615.79 rows=4 width=0)
         Index Cond: (user_id = 25262)
[0m
  [4;36;1mSQL (165.0ms)[0m   [0;1mSELECT count(*) AS count_all FROM "impressions" WHERE ("impressions".listing_id = 113016) [0m
  [4;35;1mAnalyzing  Execution Time: 0.165216

[0m   [0mAggregate  (cost=12714.08..12714.09 rows=1 width=0)
   ->  Seq Scan on impressions  (cost=0.00..12714.00 rows=31 width=0)
         Filter: (listing_id = 113016)
[0m
  [4;36;1mSQL (9.0ms)[0m   [0;1mSELECT count(*) AS count_all FROM "clicks" WHERE ("clicks".listing_id = 113016) [0m
  [4;35;1mAnalyzing  Execution Time: 0.009335

[0m   [0mAggregate  (cost=814.47..814.48 rows=1 width=0)
   ->  Seq Scan on clicks  (cost=0.00..814.46 rows=2 width=0)
         Filter: (listing_id = 113016)
[0m
  [4;36;1mSQL (2.4ms)[0m   [0;1mSELECT count(*) AS count_all FROM "listings" WHERE ("listings".user_id = 25261) [0m
  [4;35;1mAnalyzing  Execution Time: 0.002653

[0m   [0mAggregate  (cost=1615.81..1615.82 rows=1 width=0)
   ->  Index Scan using index_listings_on_id_and_user_id_and_title on listings  (cost=0.00..1615.79 rows=4 width=0)
         Index Cond: (user_id = 25261)
[0m
  [4;36;1mSQL (208.2ms)[0m   [0;1mSELECT count(*) AS count_all FROM "impressions" WHERE ("impressions".listing_id = 72333) [0m
  [4;35;1mAnalyzing  Execution Time: 0.208682

[0m   [0mAggregate  (cost=12714.08..12714.09 rows=1 width=0)
   ->  Seq Scan on impressions  (cost=0.00..12714.00 rows=31 width=0)
         Filter: (listing_id = 72333)
[0m
  [4;36;1mSQL (151.1ms)[0m   [0;1mSELECT count(*) AS count_all FROM "impressions" WHERE ("impressions".listing_id = 113021) [0m
  [4;35;1mAnalyzing  Execution Time: 0.151362

[0m   [0mAggregate  (cost=12714.08..12714.09 rows=1 width=0)
   ->  Seq Scan on impressions  (cost=0.00..12714.00 rows=31 width=0)
         Filter: (listing_id = 113021)
[0m
  [4;36;1mSQL (9.4ms)[0m   [0;1mSELECT count(*) AS count_all FROM "clicks" WHERE ("clicks".listing_id = 72333) [0m
  [4;35;1mAnalyzing  Execution Time: 0.009653

[0m   [0mAggregate  (cost=814.50..814.51 rows=1 width=0)
   ->  Seq Scan on clicks  (cost=0.00..814.46 rows=13 width=0)
         Filter: (listing_id = 72333)
[0m
  [4;36;1mSQL (8.9ms)[0m   [0;1mSELECT count(*) AS count_all FROM "clicks" WHERE ("clicks".listing_id = 113021) [0m
  [4;35;1mAnalyzing  Execution Time: 0.009166

[0m   [0mAggregate  (cost=814.47..814.48 rows=1 width=0)
   ->  Seq Scan on clicks  (cost=0.00..814.46 rows=2 width=0)
         Filter: (listing_id = 113021)
[0m
  [4;36;1mSQL (4.7ms)[0m   [0;1mSELECT count(*) AS count_all FROM "listings" WHERE ("listings".user_id = 25256) [0m
  [4;35;1mAnalyzing  Execution Time: 0.005044

[0m   [0mAggregate  (cost=1615.81..1615.82 rows=1 width=0)
   ->  Index Scan using index_listings_on_id_and_user_id_and_title on listings  (cost=0.00..1615.79 rows=4 width=0)
         Index Cond: (user_id = 25256)
[0m
  [4;36;1mSQL (157.1ms)[0m   [0;1mSELECT count(*) AS count_all FROM "impressions" WHERE ("impressions".listing_id = 113007) [0m
  [4;35;1mAnalyzing  Execution Time: 0.157729

[0m   [0mAggregate  (cost=12714.08..12714.09 rows=1 width=0)
   ->  Seq Scan on impressions  (cost=0.00..12714.00 rows=31 width=0)
         Filter: (listing_id = 113007)
[0m
  [4;36;1mSQL (10.4ms)[0m   [0;1mSELECT count(*) AS count_all FROM "clicks" WHERE ("clicks".listing_id = 113007) [0m
  [4;35;1mAnalyzing  Execution Time: 0.010753

[0m   [0mAggregate  (cost=814.47..814.48 rows=1 width=0)
   ->  Seq Scan on clicks  (cost=0.00..814.46 rows=2 width=0)
         Filter: (listing_id = 113007)
[0m
  [4;36;1mSQL (2.6ms)[0m   [0;1mSELECT count(*) AS count_all FROM "listings" WHERE ("listings".user_id = 25246) [0m
  [4;35;1mAnalyzing  Execution Time: 0.002874

[0m   [0mAggregate  (cost=1615.81..1615.82 rows=1 width=0)
   ->  Index Scan using index_listings_on_id_and_user_id_and_title on listings  (cost=0.00..1615.79 rows=4 width=0)
         Index Cond: (user_id = 25246)
[0m
  [4;36;1mSQL (148.9ms)[0m   [0;1mSELECT count(*) AS count_all FROM "impressions" WHERE ("impressions".listing_id = 66449) [0m
  [4;35;1mAnalyzing  Execution Time: 0.149154

[0m   [0mAggregate  (cost=12714.08..12714.09 rows=1 width=0)
   ->  Seq Scan on impressions  (cost=0.00..12714.00 rows=31 width=0)
         Filter: (listing_id = 66449)
[0m
  [4;36;1mSQL (152.2ms)[0m   [0;1mSELECT count(*) AS count_all FROM "impressions" WHERE ("impressions".listing_id = 113005) [0m
  [4;35;1mAnalyzing  Execution Time: 0.152512

[0m   [0mAggregate  (cost=12714.08..12714.09 rows=1 width=0)
   ->  Seq Scan on impressions  (cost=0.00..12714.00 rows=31 width=0)
         Filter: (listing_id = 113005)
[0m
  [4;36;1mSQL (8.5ms)[0m   [0;1mSELECT count(*) AS count_all FROM "clicks" WHERE ("clicks".listing_id = 66449) [0m
  [4;35;1mAnalyzing  Execution Time: 0.008779

[0m   [0mAggregate  (cost=814.51..814.52 rows=1 width=0)
   ->  Seq Scan on clicks  (cost=0.00..814.46 rows=19 width=0)
         Filter: (listing_id = 66449)
[0m
  [4;36;1mSQL (9.9ms)[0m   [0;1mSELECT count(*) AS count_all FROM "clicks" WHERE ("clicks".listing_id = 113005) [0m
  [4;35;1mAnalyzing  Execution Time: 0.010209

[0m   [0mAggregate  (cost=814.47..814.48 rows=1 width=0)
   ->  Seq Scan on clicks  (cost=0.00..814.46 rows=2 width=0)
         Filter: (listing_id = 113005)
[0m
  [4;36;1mSQL (4.9ms)[0m   [0;1mSELECT count(*) AS count_all FROM "listings" WHERE ("listings".user_id = 25242) [0m
  [4;35;1mAnalyzing  Execution Time: 0.005155

[0m   [0mAggregate  (cost=1615.81..1615.82 rows=1 width=0)
   ->  Index Scan using index_listings_on_id_and_user_id_and_title on listings  (cost=0.00..1615.79 rows=4 width=0)
         Index Cond: (user_id = 25242)
[0m
  [4;36;1mSQL (151.2ms)[0m   [0;1mSELECT count(*) AS count_all FROM "impressions" WHERE ("impressions".listing_id = 85480) [0m
  [4;35;1mAnalyzing  Execution Time: 0.151496

[0m   [0mAggregate  (cost=12729.74..12729.75 rows=1 width=0)
   ->  Seq Scan on impressions  (cost=0.00..12714.00 rows=6294 width=0)
         Filter: (listing_id = 85480)
[0m
  [4;36;1mSQL (148.1ms)[0m   [0;1mSELECT count(*) AS count_all FROM "impressions" WHERE ("impressions".listing_id = 85481) [0m
  [4;35;1mAnalyzing  Execution Time: 0.148394

[0m   [0mAggregate  (cost=12730.96..12730.97 rows=1 width=0)
   ->  Seq Scan on impressions  (cost=0.00..12714.00 rows=6782 width=0)
         Filter: (listing_id = 85481)
[0m
  [4;36;1mSQL (8.6ms)[0m   [0;1mSELECT count(*) AS count_all FROM "clicks" WHERE ("clicks".listing_id = 85480) [0m
  [4;35;1mAnalyzing  Execution Time: 0.00885

[0m   [0mAggregate  (cost=816.04..816.05 rows=1 width=0)
   ->  Seq Scan on clicks  (cost=0.00..814.46 rows=629 width=0)
         Filter: (listing_id = 85480)
[0m
  [4;36;1mSQL (11.7ms)[0m   [0;1mSELECT count(*) AS count_all FROM "clicks" WHERE ("clicks".listing_id = 85481) [0m
  [4;35;1mAnalyzing  Execution Time: 0.012034

[0m   [0mAggregate  (cost=814.85..814.86 rows=1 width=0)
   ->  Seq Scan on clicks  (cost=0.00..814.46 rows=154 width=0)
         Filter: (listing_id = 85481)
[0m
DEPRECATION WARNING: require "activerecord" is deprecated and will be removed in Rails 3. Use require "active_record" instead.. (called from /usr/local/lib/ruby/gems/1.8/gems/activerecord-2.3.5/lib/activerecord.rb:2)
** has_many_polymorphs: rails environment detected
** has_many_polymorphs: loaded ok
** has_many_polymorphs: autoload hook invoked
** has_many_polymorphs: preloading parent model Block
** has_many_polymorphs: associating Block.models
  [4;36;1mSQL (0.2ms)[0m   [0;1mSET client_min_messages TO 'panic'[0m
  [4;35;1mSQL (0.1ms)[0m   [0mSET client_min_messages TO 'notice'[0m
** has_many_polymorphs: preloading parent model View
** has_many_polymorphs: associating View.models
** has_many_polymorphs: autoload hook invoked
** has_many_polymorphs: preloading parent model Block
** has_many_polymorphs: preloading parent model View
  [4;36;1mClient Load (4.6ms)[0m   [0;1mSELECT * FROM "users" WHERE (created_at <= '2011-02-26 19:36:06.087815') AND ("users"."status" = E'active') AND ( ("users"."type" = 'Client' ) ) ORDER BY created_at DESC, activated_at DESC[0m
  [4;35;1mAnalyzing Client Load Execution Time: 0.02795

[0m   [0mSort  (cost=30.21..30.38 rows=67 width=574)
   Sort Key: created_at, activated_at
   ->  Seq Scan on users  (cost=0.00..28.18 rows=67 width=574)
         Filter: ((created_at <= '2011-02-26 19:36:06.087815'::timestamp without time zone) AND ((status)::text = 'active'::text) AND ((type)::text = 'Client'::text))
[0m
  [4;36;1mListing Load (28.1ms)[0m   [0;1mSELECT "listings".* FROM "listings" WHERE ("listings".user_id IN (25351,25350,25348,25347,25346,25345,25343,25342,25341,25340,25339,25338,25337,25336,25335,25334,25331,25330,25329,25328,25327,25326,25325,25324,25323,25322,25320,25319,25318,25317,25316,25314,25313,25312,25311,25310,25308,25307,25306,25305,25303,25302,25297,25294,25293,25292,25291,25290,25289,25271,25270,25267,25266,25265,25264,25263,25262,25261,25256,25246,25242)) [0m
  [4;35;1mAnalyzing Listing Load Execution Time: 0.074421

[0m   [0mSeq Scan on listings  (cost=0.00..5174.18 rows=242 width=1172)
   Filter: (user_id = ANY ('{25351,25350,25348,25347,25346,25345,25343,25342,25341,25340,25339,25338,25337,25336,25335,25334,25331,25330,25329,25328,25327,25326,25325,25324,25323,25322,25320,25319,25318,25317,25316,25314,25313,25312,25311,25310,25308,25307,25306,25305,25303,25302,25297,25294,25293,25292,25291,25290,25289,25271,25270,25267,25266,25265,25264,25263,25262,25261,25256,25246,25242}'::integer[]))
[0m
  [4;36;1mSQL (6.3ms)[0m   [0;1mSELECT count(*) AS count_all FROM "listings" WHERE ("listings".user_id = 25351) [0m
  [4;35;1mAnalyzing  Execution Time: 0.006883

[0m   [0mAggregate  (cost=1615.81..1615.82 rows=1 width=0)
   ->  Index Scan using index_listings_on_id_and_user_id_and_title on listings  (cost=0.00..1615.79 rows=4 width=0)
         Index Cond: (user_id = 25351)
[0m
  [4;36;1mSQL (182.4ms)[0m   [0;1mSELECT count(*) AS count_all FROM "impressions" WHERE ("impressions".listing_id = 113071) [0m
  [4;35;1mAnalyzing  Execution Time: 0.182631

[0m   [0mAggregate  (cost=12714.08..12714.09 rows=1 width=0)
   ->  Seq Scan on impressions  (cost=0.00..12714.00 rows=31 width=0)
         Filter: (listing_id = 113071)
[0m
  [4;36;1mSQL (10.5ms)[0m   [0;1mSELECT count(*) AS count_all FROM "clicks" WHERE ("clicks".listing_id = 113071) [0m
  [4;35;1mAnalyzing  Execution Time: 0.0108

[0m   [0mAggregate  (cost=814.47..814.48 rows=1 width=0)
   ->  Seq Scan on clicks  (cost=0.00..814.46 rows=2 width=0)
         Filter: (listing_id = 113071)
[0m
  [4;36;1mSQL (2.5ms)[0m   [0;1mSELECT count(*) AS count_all FROM "listings" WHERE ("listings".user_id = 25350) [0m
  [4;35;1mAnalyzing  Execution Time: 0.00276

[0m   [0mAggregate  (cost=1615.81..1615.82 rows=1 width=0)
   ->  Index Scan using index_listings_on_id_and_user_id_and_title on listings  (cost=0.00..1615.79 rows=4 width=0)
         Index Cond: (user_id = 25350)
[0m
  [4;36;1mSQL (171.4ms)[0m   [0;1mSELECT count(*) AS count_all FROM "impressions" WHERE ("impressions".listing_id = 113070) [0m
  [4;35;1mAnalyzing  Execution Time: 0.171888

[0m   [0mAggregate  (cost=12714.08..12714.09 rows=1 width=0)
   ->  Seq Scan on impressions  (cost=0.00..12714.00 rows=31 width=0)
         Filter: (listing_id = 113070)
[0m
  [4;36;1mSQL (11.3ms)[0m   [0;1mSELECT count(*) AS count_all FROM "clicks" WHERE ("clicks".listing_id = 113070) [0m
  [4;35;1mAnalyzing  Execution Time: 0.011763

[0m   [0mAggregate  (cost=814.47..814.48 rows=1 width=0)
   ->  Seq Scan on clicks  (cost=0.00..814.46 rows=2 width=0)
         Filter: (listing_id = 113070)
[0m
  [4;36;1mSQL (2.0ms)[0m   [0;1mSELECT count(*) AS count_all FROM "listings" WHERE ("listings".user_id = 25348) [0m
  [4;35;1mAnalyzing  Execution Time: 0.002289

[0m   [0mAggregate  (cost=1615.81..1615.82 rows=1 width=0)
   ->  Index Scan using index_listings_on_id_and_user_id_and_title on listings  (cost=0.00..1615.79 rows=4 width=0)
         Index Cond: (user_id = 25348)
[0m
  [4;36;1mSQL (170.3ms)[0m   [0;1mSELECT count(*) AS count_all FROM "impressions" WHERE ("impressions".listing_id = 113069) [0m
  [4;35;1mAnalyzing  Execution Time: 0.170602

[0m   [0mAggregate  (cost=12714.08..12714.09 rows=1 width=0)
   ->  Seq Scan on impressions  (cost=0.00..12714.00 rows=31 width=0)
         Filter: (listing_id = 113069)
[0m
  [4;36;1mSQL (169.7ms)[0m   [0;1mSELECT count(*) AS count_all FROM "impressions" WHERE ("impressions".listing_id = 113094) [0m
  [4;35;1mAnalyzing  Execution Time: 0.169989

[0m   [0mAggregate  (cost=12714.08..12714.09 rows=1 width=0)
   ->  Seq Scan on impressions  (cost=0.00..12714.00 rows=31 width=0)
         Filter: (listing_id = 113094)
[0m
  [4;36;1mSQL (176.3ms)[0m   [0;1mSELECT count(*) AS count_all FROM "impressions" WHERE ("impressions".listing_id = 113095) [0m
  [4;35;1mAnalyzing  Execution Time: 0.176635

[0m   [0mAggregate  (cost=12714.08..12714.09 rows=1 width=0)
   ->  Seq Scan on impressions  (cost=0.00..12714.00 rows=31 width=0)
         Filter: (listing_id = 113095)
[0m
  [4;36;1mSQL (172.9ms)[0m   [0;1mSELECT count(*) AS count_all FROM "impressions" WHERE ("impressions".listing_id = 113096) [0m
  [4;35;1mAnalyzing  Execution Time: 0.173184

[0m   [0mAggregate  (cost=12714.08..12714.09 rows=1 width=0)
   ->  Seq Scan on impressions  (cost=0.00..12714.00 rows=31 width=0)
         Filter: (listing_id = 113096)
[0m
  [4;36;1mSQL (14.1ms)[0m   [0;1mSELECT count(*) AS count_all FROM "clicks" WHERE ("clicks".listing_id = 113069) [0m
  [4;35;1mAnalyzing  Execution Time: 0.01441

[0m   [0mAggregate  (cost=814.47..814.48 rows=1 width=0)
   ->  Seq Scan on clicks  (cost=0.00..814.46 rows=2 width=0)
         Filter: (listing_id = 113069)
[0m
  [4;36;1mSQL (9.6ms)[0m   [0;1mSELECT count(*) AS count_all FROM "clicks" WHERE ("clicks".listing_id = 113094) [0m
  [4;35;1mAnalyzing  Execution Time: 0.009878

[0m   [0mAggregate  (cost=814.47..814.48 rows=1 width=0)
   ->  Seq Scan on clicks  (cost=0.00..814.46 rows=2 width=0)
         Filter: (listing_id = 113094)
[0m
  [4;36;1mSQL (12.2ms)[0m   [0;1mSELECT count(*) AS count_all FROM "clicks" WHERE ("clicks".listing_id = 113095) [0m
  [4;35;1mAnalyzing  Execution Time: 0.01255

[0m   [0mAggregate  (cost=814.47..814.48 rows=1 width=0)
   ->  Seq Scan on clicks  (cost=0.00..814.46 rows=2 width=0)
         Filter: (listing_id = 113095)
[0m
  [4;36;1mSQL (11.0ms)[0m   [0;1mSELECT count(*) AS count_all FROM "clicks" WHERE ("clicks".listing_id = 113096) [0m
  [4;35;1mAnalyzing  Execution Time: 0.011731

[0m   [0mAggregate  (cost=814.47..814.48 rows=1 width=0)
   ->  Seq Scan on clicks  (cost=0.00..814.46 rows=2 width=0)
         Filter: (listing_id = 113096)
[0m
  [4;36;1mSQL (2.7ms)[0m   [0;1mSELECT count(*) AS count_all FROM "listings" WHERE ("listings".user_id = 25347) [0m
  [4;35;1mAnalyzing  Execution Time: 0.003019

[0m   [0mAggregate  (cost=1615.81..1615.82 rows=1 width=0)
   ->  Index Scan using index_listings_on_id_and_user_id_and_title on listings  (cost=0.00..1615.79 rows=4 width=0)
         Index Cond: (user_id = 25347)
[0m
  [4;36;1mSQL (177.3ms)[0m   [0;1mSELECT count(*) AS count_all FROM "impressions" WHERE ("impressions".listing_id = 70420) [0m
  [4;35;1mAnalyzing  Execution Time: 0.177612

[0m   [0mAggregate  (cost=12714.08..12714.09 rows=1 width=0)
   ->  Seq Scan on impressions  (cost=0.00..12714.00 rows=31 width=0)
         Filter: (listing_id = 70420)
[0m
  [4;36;1mSQL (10.7ms)[0m   [0;1mSELECT count(*) AS count_all FROM "clicks" WHERE ("clicks".listing_id = 70420) [0m
  [4;35;1mAnalyzing  Execution Time: 0.011

[0m   [0mAggregate  (cost=814.47..814.48 rows=1 width=0)
   ->  Seq Scan on clicks  (cost=0.00..814.46 rows=2 width=0)
         Filter: (listing_id = 70420)
[0m
  [4;36;1mSQL (2.5ms)[0m   [0;1mSELECT count(*) AS count_all FROM "listings" WHERE ("listings".user_id = 25346) [0m
  [4;35;1mAnalyzing  Execution Time: 0.002774

[0m   [0mAggregate  (cost=1615.81..1615.82 rows=1 width=0)
   ->  Index Scan using index_listings_on_id_and_user_id_and_title on listings  (cost=0.00..1615.79 rows=4 width=0)
         Index Cond: (user_id = 25346)
[0m
  [4;36;1mSQL (170.9ms)[0m   [0;1mSELECT count(*) AS count_all FROM "impressions" WHERE ("impressions".listing_id = 79649) [0m
  [4;35;1mAnalyzing  Execution Time: 0.171341

[0m   [0mAggregate  (cost=12714.08..12714.09 rows=1 width=0)
   ->  Seq Scan on impressions  (cost=0.00..12714.00 rows=31 width=0)
         Filter: (listing_id = 79649)
[0m
  [4;36;1mSQL (203.9ms)[0m   [0;1mSELECT count(*) AS count_all FROM "impressions" WHERE ("impressions".listing_id = 100382) [0m
  [4;35;1mAnalyzing  Execution Time: 0.2042

[0m   [0mAggregate  (cost=12714.08..12714.09 rows=1 width=0)
   ->  Seq Scan on impressions  (cost=0.00..12714.00 rows=31 width=0)
         Filter: (listing_id = 100382)
[0m
  [4;36;1mSQL (170.4ms)[0m   [0;1mSELECT count(*) AS count_all FROM "impressions" WHERE ("impressions".listing_id = 113064) [0m
  [4;35;1mAnalyzing  Execution Time: 0.170693

[0m   [0mAggregate  (cost=12714.08..12714.09 rows=1 width=0)
   ->  Seq Scan on impressions  (cost=0.00..12714.00 rows=31 width=0)
         Filter: (listing_id = 113064)
[0m
  [4;36;1mSQL (171.5ms)[0m   [0;1mSELECT count(*) AS count_all FROM "impressions" WHERE ("impressions".listing_id = 113066) [0m
  [4;35;1mAnalyzing  Execution Time: 0.171846

[0m   [0mAggregate  (cost=12714.08..12714.09 rows=1 width=0)
   ->  Seq Scan on impressions  (cost=0.00..12714.00 rows=31 width=0)
         Filter: (listing_id = 113066)
[0m
  [4;36;1mSQL (8.6ms)[0m   [0;1mSELECT count(*) AS count_all FROM "clicks" WHERE ("clicks".listing_id = 79649) [0m
  [4;35;1mAnalyzing  Execution Time: 0.008848

[0m   [0mAggregate  (cost=814.47..814.48 rows=1 width=0)
   ->  Seq Scan on clicks  (cost=0.00..814.46 rows=2 width=0)
         Filter: (listing_id = 79649)
[0m
  [4;36;1mSQL (10.5ms)[0m   [0;1mSELECT count(*) AS count_all FROM "clicks" WHERE ("clicks".listing_id = 100382) [0m
  [4;35;1mAnalyzing  Execution Time: 0.0108

[0m   [0mAggregate  (cost=814.47..814.48 rows=1 width=0)
   ->  Seq Scan on clicks  (cost=0.00..814.46 rows=2 width=0)
         Filter: (listing_id = 100382)
[0m
  [4;36;1mSQL (9.2ms)[0m   [0;1mSELECT count(*) AS count_all FROM "clicks" WHERE ("clicks".listing_id = 113064) [0m
  [4;35;1mAnalyzing  Execution Time: 0.009484

[0m   [0mAggregate  (cost=814.47..814.48 rows=1 width=0)
   ->  Seq Scan on clicks  (cost=0.00..814.46 rows=2 width=0)
         Filter: (listing_id = 113064)
[0m
  [4;36;1mSQL (11.0ms)[0m   [0;1mSELECT count(*) AS count_all FROM "clicks" WHERE ("clicks".listing_id = 113066) [0m
  [4;35;1mAnalyzing  Execution Time: 0.011225

[0m   [0mAggregate  (cost=814.47..814.48 rows=1 width=0)
   ->  Seq Scan on clicks  (cost=0.00..814.46 rows=2 width=0)
         Filter: (listing_id = 113066)
[0m
  [4;36;1mSQL (9.6ms)[0m   [0;1mSELECT count(*) AS count_all FROM "listings" WHERE ("listings".user_id = 25345) [0m
  [4;35;1mAnalyzing  Execution Time: 0.009906

[0m   [0mAggregate  (cost=1615.81..1615.82 rows=1 width=0)
   ->  Index Scan using index_listings_on_id_and_user_id_and_title on listings  (cost=0.00..1615.79 rows=4 width=0)
         Index Cond: (user_id = 25345)
[0m
  [4;36;1mSQL (213.3ms)[0m   [0;1mSELECT count(*) AS count_all FROM "impressions" WHERE ("impressions".listing_id = 113063) [0m
  [4;35;1mAnalyzing  Execution Time: 0.213606

[0m   [0mAggregate  (cost=12714.08..12714.09 rows=1 width=0)
   ->  Seq Scan on impressions  (cost=0.00..12714.00 rows=31 width=0)
         Filter: (listing_id = 113063)
[0m
  [4;36;1mSQL (9.8ms)[0m   [0;1mSELECT count(*) AS count_all FROM "clicks" WHERE ("clicks".listing_id = 113063) [0m
  [4;35;1mAnalyzing  Execution Time: 0.010078

[0m   [0mAggregate  (cost=814.47..814.48 rows=1 width=0)
   ->  Seq Scan on clicks  (cost=0.00..814.46 rows=2 width=0)
         Filter: (listing_id = 113063)
[0m
  [4;36;1mSQL (2.2ms)[0m   [0;1mSELECT count(*) AS count_all FROM "listings" WHERE ("listings".user_id = 25343) [0m
  [4;35;1mAnalyzing  Execution Time: 0.002495

[0m   [0mAggregate  (cost=1615.81..1615.82 rows=1 width=0)
   ->  Index Scan using index_listings_on_id_and_user_id_and_title on listings  (cost=0.00..1615.79 rows=4 width=0)
         Index Cond: (user_id = 25343)
[0m
  [4;36;1mSQL (185.7ms)[0m   [0;1mSELECT count(*) AS count_all FROM "impressions" WHERE ("impressions".listing_id = 113062) [0m
  [4;35;1mAnalyzing  Execution Time: 0.185955

[0m   [0mAggregate  (cost=12714.08..12714.09 rows=1 width=0)
   ->  Seq Scan on impressions  (cost=0.00..12714.00 rows=31 width=0)
         Filter: (listing_id = 113062)
[0m
  [4;36;1mSQL (10.9ms)[0m   [0;1mSELECT count(*) AS count_all FROM "clicks" WHERE ("clicks".listing_id = 113062) [0m
  [4;35;1mAnalyzing  Execution Time: 0.011181

[0m   [0mAggregate  (cost=814.47..814.48 rows=1 width=0)
   ->  Seq Scan on clicks  (cost=0.00..814.46 rows=2 width=0)
         Filter: (listing_id = 113062)
[0m
  [4;36;1mSQL (4.6ms)[0m   [0;1mSELECT count(*) AS count_all FROM "listings" WHERE ("listings".user_id = 25342) [0m
  [4;35;1mAnalyzing  Execution Time: 0.004858

[0m   [0mAggregate  (cost=1615.81..1615.82 rows=1 width=0)
   ->  Index Scan using index_listings_on_id_and_user_id_and_title on listings  (cost=0.00..1615.79 rows=4 width=0)
         Index Cond: (user_id = 25342)
[0m
  [4;36;1mSQL (227.8ms)[0m   [0;1mSELECT count(*) AS count_all FROM "impressions" WHERE ("impressions".listing_id = 66871) [0m
  [4;35;1mAnalyzing  Execution Time: 0.228094

[0m   [0mAggregate  (cost=12714.08..12714.09 rows=1 width=0)
   ->  Seq Scan on impressions  (cost=0.00..12714.00 rows=31 width=0)
         Filter: (listing_id = 66871)
[0m
  [4;36;1mSQL (9.3ms)[0m   [0;1mSELECT count(*) AS count_all FROM "clicks" WHERE ("clicks".listing_id = 66871) [0m
  [4;35;1mAnalyzing  Execution Time: 0.009576

[0m   [0mAggregate  (cost=814.47..814.48 rows=1 width=0)
   ->  Seq Scan on clicks  (cost=0.00..814.46 rows=2 width=0)
         Filter: (listing_id = 66871)
[0m
  [4;36;1mSQL (2.3ms)[0m   [0;1mSELECT count(*) AS count_all FROM "listings" WHERE ("listings".user_id = 25341) [0m
  [4;35;1mAnalyzing  Execution Time: 0.002557

[0m   [0mAggregate  (cost=1615.81..1615.82 rows=1 width=0)
   ->  Index Scan using index_listings_on_id_and_user_id_and_title on listings  (cost=0.00..1615.79 rows=4 width=0)
         Index Cond: (user_id = 25341)
[0m
  [4;36;1mSQL (193.8ms)[0m   [0;1mSELECT count(*) AS count_all FROM "impressions" WHERE ("impressions".listing_id = 84194) [0m
  [4;35;1mAnalyzing  Execution Time: 0.194064

[0m   [0mAggregate  (cost=12714.08..12714.09 rows=1 width=0)
   ->  Seq Scan on impressions  (cost=0.00..12714.00 rows=31 width=0)
         Filter: (listing_id = 84194)
[0m
  [4;36;1mSQL (180.4ms)[0m   [0;1mSELECT count(*) AS count_all FROM "impressions" WHERE ("impressions".listing_id = 84195) [0m
  [4;35;1mAnalyzing  Execution Time: 0.180658

[0m   [0mAggregate  (cost=12714.08..12714.09 rows=1 width=0)
   ->  Seq Scan on impressions  (cost=0.00..12714.00 rows=31 width=0)
         Filter: (listing_id = 84195)
[0m
  [4;36;1mSQL (171.1ms)[0m   [0;1mSELECT count(*) AS count_all FROM "impressions" WHERE ("impressions".listing_id = 84196) [0m
  [4;35;1mAnalyzing  Execution Time: 0.171412

[0m   [0mAggregate  (cost=12714.08..12714.09 rows=1 width=0)
   ->  Seq Scan on impressions  (cost=0.00..12714.00 rows=31 width=0)
         Filter: (listing_id = 84196)
[0m
  [4;36;1mSQL (180.0ms)[0m   [0;1mSELECT count(*) AS count_all FROM "impressions" WHERE ("impressions".listing_id = 113061) [0m
  [4;35;1mAnalyzing  Execution Time: 0.180265

[0m   [0mAggregate  (cost=12714.08..12714.09 rows=1 width=0)
   ->  Seq Scan on impressions  (cost=0.00..12714.00 rows=31 width=0)
         Filter: (listing_id = 113061)
[0m
  [4;36;1mSQL (10.6ms)[0m   [0;1mSELECT count(*) AS count_all FROM "clicks" WHERE ("clicks".listing_id = 84194) [0m
  [4;35;1mAnalyzing  Execution Time: 0.010867

[0m   [0mAggregate  (cost=814.47..814.48 rows=1 width=0)
   ->  Seq Scan on clicks  (cost=0.00..814.46 rows=2 width=0)
         Filter: (listing_id = 84194)
[0m
  [4;36;1mSQL (9.7ms)[0m   [0;1mSELECT count(*) AS count_all FROM "clicks" WHERE ("clicks".listing_id = 84195) [0m
  [4;35;1mAnalyzing  Execution Time: 0.009939

[0m   [0mAggregate  (cost=814.47..814.48 rows=1 width=0)
   ->  Seq Scan on clicks  (cost=0.00..814.46 rows=2 width=0)
         Filter: (listing_id = 84195)
[0m
  [4;36;1mSQL (28.1ms)[0m   [0;1mSELECT count(*) AS count_all FROM "clicks" WHERE ("clicks".listing_id = 84196) [0m
  [4;35;1mAnalyzing  Execution Time: 0.028369

[0m   [0mAggregate  (cost=814.47..814.48 rows=1 width=0)
   ->  Seq Scan on clicks  (cost=0.00..814.46 rows=2 width=0)
         Filter: (listing_id = 84196)
[0m
  [4;36;1mSQL (8.5ms)[0m   [0;1mSELECT count(*) AS count_all FROM "clicks" WHERE ("clicks".listing_id = 113061) [0m
  [4;35;1mAnalyzing  Execution Time: 0.008726

[0m   [0mAggregate  (cost=814.47..814.48 rows=1 width=0)
   ->  Seq Scan on clicks  (cost=0.00..814.46 rows=2 width=0)
         Filter: (listing_id = 113061)
[0m
  [4;36;1mSQL (6.7ms)[0m   [0;1mSELECT count(*) AS count_all FROM "listings" WHERE ("listings".user_id = 25340) [0m
  [4;35;1mAnalyzing  Execution Time: 0.006996

[0m   [0mAggregate  (cost=1615.81..1615.82 rows=1 width=0)
   ->  Index Scan using index_listings_on_id_and_user_id_and_title on listings  (cost=0.00..1615.79 rows=4 width=0)
         Index Cond: (user_id = 25340)
[0m
  [4;36;1mSQL (229.7ms)[0m   [0;1mSELECT count(*) AS count_all FROM "impressions" WHERE ("impressions".listing_id = 113060) [0m
  [4;35;1mAnalyzing  Execution Time: 0.230008

[0m   [0mAggregate  (cost=12714.08..12714.09 rows=1 width=0)
   ->  Seq Scan on impressions  (cost=0.00..12714.00 rows=31 width=0)
         Filter: (listing_id = 113060)
[0m
  [4;36;1mSQL (10.6ms)[0m   [0;1mSELECT count(*) AS count_all FROM "clicks" WHERE ("clicks".listing_id = 113060) [0m
  [4;35;1mAnalyzing  Execution Time: 0.010878

[0m   [0mAggregate  (cost=814.47..814.48 rows=1 width=0)
   ->  Seq Scan on clicks  (cost=0.00..814.46 rows=2 width=0)
         Filter: (listing_id = 113060)
[0m
  [4;36;1mSQL (3.0ms)[0m   [0;1mSELECT count(*) AS count_all FROM "listings" WHERE ("listings".user_id = 25339) [0m
  [4;35;1mAnalyzing  Execution Time: 0.003233

[0m   [0mAggregate  (cost=1615.81..1615.82 rows=1 width=0)
   ->  Index Scan using index_listings_on_id_and_user_id_and_title on listings  (cost=0.00..1615.79 rows=4 width=0)
         Index Cond: (user_id = 25339)
[0m
  [4;36;1mSQL (171.6ms)[0m   [0;1mSELECT count(*) AS count_all FROM "impressions" WHERE ("impressions".listing_id = 80836) [0m
  [4;35;1mAnalyzing  Execution Time: 0.17195

[0m   [0mAggregate  (cost=12714.08..12714.09 rows=1 width=0)
   ->  Seq Scan on impressions  (cost=0.00..12714.00 rows=31 width=0)
         Filter: (listing_id = 80836)
[0m
  [4;36;1mSQL (18.8ms)[0m   [0;1mSELECT count(*) AS count_all FROM "clicks" WHERE ("clicks".listing_id = 80836) [0m
  [4;35;1mAnalyzing  Execution Time: 0.019121

[0m   [0mAggregate  (cost=814.47..814.48 rows=1 width=0)
   ->  Seq Scan on clicks  (cost=0.00..814.46 rows=2 width=0)
         Filter: (listing_id = 80836)
[0m
  [4;36;1mSQL (2.9ms)[0m   [0;1mSELECT count(*) AS count_all FROM "listings" WHERE ("listings".user_id = 25338) [0m
  [4;35;1mAnalyzing  Execution Time: 0.003192

[0m   [0mAggregate  (cost=1615.81..1615.82 rows=1 width=0)
   ->  Index Scan using index_listings_on_id_and_user_id_and_title on listings  (cost=0.00..1615.79 rows=4 width=0)
         Index Cond: (user_id = 25338)
[0m
  [4;36;1mSQL (177.6ms)[0m   [0;1mSELECT count(*) AS count_all FROM "impressions" WHERE ("impressions".listing_id = 70734) [0m
  [4;35;1mAnalyzing  Execution Time: 0.17791

[0m   [0mAggregate  (cost=12714.08..12714.09 rows=1 width=0)
   ->  Seq Scan on impressions  (cost=0.00..12714.00 rows=31 width=0)
         Filter: (listing_id = 70734)
[0m
  [4;36;1mSQL (9.9ms)[0m   [0;1mSELECT count(*) AS count_all FROM "clicks" WHERE ("clicks".listing_id = 70734) [0m
  [4;35;1mAnalyzing  Execution Time: 0.010168

[0m   [0mAggregate  (cost=814.47..814.48 rows=1 width=0)
   ->  Seq Scan on clicks  (cost=0.00..814.46 rows=2 width=0)
         Filter: (listing_id = 70734)
[0m
  [4;36;1mSQL (2.1ms)[0m   [0;1mSELECT count(*) AS count_all FROM "listings" WHERE ("listings".user_id = 25337) [0m
  [4;35;1mAnalyzing  Execution Time: 0.002424

[0m   [0mAggregate  (cost=1615.81..1615.82 rows=1 width=0)
   ->  Index Scan using index_listings_on_id_and_user_id_and_title on listings  (cost=0.00..1615.79 rows=4 width=0)
         Index Cond: (user_id = 25337)
[0m
  [4;36;1mSQL (173.5ms)[0m   [0;1mSELECT count(*) AS count_all FROM "impressions" WHERE ("impressions".listing_id = 83649) [0m
  [4;35;1mAnalyzing  Execution Time: 0.173782

[0m   [0mAggregate  (cost=12714.08..12714.09 rows=1 width=0)
   ->  Seq Scan on impressions  (cost=0.00..12714.00 rows=31 width=0)
         Filter: (listing_id = 83649)
[0m
  [4;36;1mSQL (10.6ms)[0m   [0;1mSELECT count(*) AS count_all FROM "clicks" WHERE ("clicks".listing_id = 83649) [0m
  [4;35;1mAnalyzing  Execution Time: 0.010903

[0m   [0mAggregate  (cost=814.47..814.48 rows=1 width=0)
   ->  Seq Scan on clicks  (cost=0.00..814.46 rows=2 width=0)
         Filter: (listing_id = 83649)
[0m
  [4;36;1mSQL (2.3ms)[0m   [0;1mSELECT count(*) AS count_all FROM "listings" WHERE ("listings".user_id = 25336) [0m
  [4;35;1mAnalyzing  Execution Time: 0.002566

[0m   [0mAggregate  (cost=1615.81..1615.82 rows=1 width=0)
   ->  Index Scan using index_listings_on_id_and_user_id_and_title on listings  (cost=0.00..1615.79 rows=4 width=0)
         Index Cond: (user_id = 25336)
[0m
  [4;36;1mSQL (171.6ms)[0m   [0;1mSELECT count(*) AS count_all FROM "impressions" WHERE ("impressions".listing_id = 113059) [0m
  [4;35;1mAnalyzing  Execution Time: 0.17186

[0m   [0mAggregate  (cost=12714.08..12714.09 rows=1 width=0)
   ->  Seq Scan on impressions  (cost=0.00..12714.00 rows=31 width=0)
         Filter: (listing_id = 113059)
[0m
  [4;36;1mSQL (15.2ms)[0m   [0;1mSELECT count(*) AS count_all FROM "clicks" WHERE ("clicks".listing_id = 113059) [0m
  [4;35;1mAnalyzing  Execution Time: 0.01555

[0m   [0mAggregate  (cost=814.47..814.48 rows=1 width=0)
   ->  Seq Scan on clicks  (cost=0.00..814.46 rows=2 width=0)
         Filter: (listing_id = 113059)
[0m
  [4;36;1mSQL (2.4ms)[0m   [0;1mSELECT count(*) AS count_all FROM "listings" WHERE ("listings".user_id = 25335) [0m
  [4;35;1mAnalyzing  Execution Time: 0.002673

[0m   [0mAggregate  (cost=1615.81..1615.82 rows=1 width=0)
   ->  Index Scan using index_listings_on_id_and_user_id_and_title on listings  (cost=0.00..1615.79 rows=4 width=0)
         Index Cond: (user_id = 25335)
[0m
  [4;36;1mSQL (175.5ms)[0m   [0;1mSELECT count(*) AS count_all FROM "impressions" WHERE ("impressions".listing_id = 68684) [0m
  [4;35;1mAnalyzing  Execution Time: 0.175839

[0m   [0mAggregate  (cost=12714.08..12714.09 rows=1 width=0)
   ->  Seq Scan on impressions  (cost=0.00..12714.00 rows=31 width=0)
         Filter: (listing_id = 68684)
[0m
  [4;36;1mSQL (186.1ms)[0m   [0;1mSELECT count(*) AS count_all FROM "impressions" WHERE ("impressions".listing_id = 68685) [0m
  [4;35;1mAnalyzing  Execution Time: 0.186367

[0m   [0mAggregate  (cost=12714.08..12714.09 rows=1 width=0)
   ->  Seq Scan on impressions  (cost=0.00..12714.00 rows=31 width=0)
         Filter: (listing_id = 68685)
[0m
  [4;36;1mSQL (169.3ms)[0m   [0;1mSELECT count(*) AS count_all FROM "impressions" WHERE ("impressions".listing_id = 84219) [0m
  [4;35;1mAnalyzing  Execution Time: 0.169614

[0m   [0mAggregate  (cost=12714.08..12714.09 rows=1 width=0)
   ->  Seq Scan on impressions  (cost=0.00..12714.00 rows=31 width=0)
         Filter: (listing_id = 84219)
[0m
  [4;36;1mSQL (8.9ms)[0m   [0;1mSELECT count(*) AS count_all FROM "clicks" WHERE ("clicks".listing_id = 68684) [0m
  [4;35;1mAnalyzing  Execution Time: 0.009257

[0m   [0mAggregate  (cost=814.47..814.48 rows=1 width=0)
   ->  Seq Scan on clicks  (cost=0.00..814.46 rows=2 width=0)
         Filter: (listing_id = 68684)
[0m
  [4;36;1mSQL (9.7ms)[0m   [0;1mSELECT count(*) AS count_all FROM "clicks" WHERE ("clicks".listing_id = 68685) [0m
  [4;35;1mAnalyzing  Execution Time: 0.010085

[0m   [0mAggregate  (cost=814.47..814.48 rows=1 width=0)
   ->  Seq Scan on clicks  (cost=0.00..814.46 rows=2 width=0)
         Filter: (listing_id = 68685)
[0m
  [4;36;1mSQL (9.0ms)[0m   [0;1mSELECT count(*) AS count_all FROM "clicks" WHERE ("clicks".listing_id = 84219) [0m
  [4;35;1mAnalyzing  Execution Time: 0.009251

[0m   [0mAggregate  (cost=814.47..814.48 rows=1 width=0)
   ->  Seq Scan on clicks  (cost=0.00..814.46 rows=2 width=0)
         Filter: (listing_id = 84219)
[0m
  [4;36;1mSQL (6.0ms)[0m   [0;1mSELECT count(*) AS count_all FROM "listings" WHERE ("listings".user_id = 25334) [0m
  [4;35;1mAnalyzing  Execution Time: 0.006341

[0m   [0mAggregate  (cost=1615.81..1615.82 rows=1 width=0)
   ->  Index Scan using index_listings_on_id_and_user_id_and_title on listings  (cost=0.00..1615.79 rows=4 width=0)
         Index Cond: (user_id = 25334)
[0m
  [4;36;1mSQL (154.4ms)[0m   [0;1mSELECT count(*) AS count_all FROM "impressions" WHERE ("impressions".listing_id = 113058) [0m
  [4;35;1mAnalyzing  Execution Time: 0.154739

[0m   [0mAggregate  (cost=12714.08..12714.09 rows=1 width=0)
   ->  Seq Scan on impressions  (cost=0.00..12714.00 rows=31 width=0)
         Filter: (listing_id = 113058)
[0m
  [4;36;1mSQL (8.8ms)[0m   [0;1mSELECT count(*) AS count_all FROM "clicks" WHERE ("clicks".listing_id = 113058) [0m
  [4;35;1mAnalyzing  Execution Time: 0.009853

[0m   [0mAggregate  (cost=814.47..814.48 rows=1 width=0)
   ->  Seq Scan on clicks  (cost=0.00..814.46 rows=2 width=0)
         Filter: (listing_id = 113058)
[0m
  [4;36;1mSQL (3.8ms)[0m   [0;1mSELECT count(*) AS count_all FROM "listings" WHERE ("listings".user_id = 25331) [0m
  [4;35;1mAnalyzing  Execution Time: 0.004166

[0m   [0mAggregate  (cost=1615.81..1615.82 rows=1 width=0)
   ->  Index Scan using index_listings_on_id_and_user_id_and_title on listings  (cost=0.00..1615.79 rows=4 width=0)
         Index Cond: (user_id = 25331)
[0m
  [4;36;1mSQL (168.5ms)[0m   [0;1mSELECT count(*) AS count_all FROM "impressions" WHERE ("impressions".listing_id = 68082) [0m
  [4;35;1mAnalyzing  Execution Time: 0.168786

[0m   [0mAggregate  (cost=12714.08..12714.09 rows=1 width=0)
   ->  Seq Scan on impressions  (cost=0.00..12714.00 rows=31 width=0)
         Filter: (listing_id = 68082)
[0m
  [4;36;1mSQL (8.7ms)[0m   [0;1mSELECT count(*) AS count_all FROM "clicks" WHERE ("clicks".listing_id = 68082) [0m
  [4;35;1mAnalyzing  Execution Time: 0.0091

[0m   [0mAggregate  (cost=814.49..814.50 rows=1 width=0)
   ->  Seq Scan on clicks  (cost=0.00..814.46 rows=11 width=0)
         Filter: (listing_id = 68082)
[0m
  [4;36;1mSQL (1.9ms)[0m   [0;1mSELECT count(*) AS count_all FROM "listings" WHERE ("listings".user_id = 25330) [0m
  [4;35;1mAnalyzing  Execution Time: 0.002195

[0m   [0mAggregate  (cost=1615.81..1615.82 rows=1 width=0)
   ->  Index Scan using index_listings_on_id_and_user_id_and_title on listings  (cost=0.00..1615.79 rows=4 width=0)
         Index Cond: (user_id = 25330)
[0m
  [4;36;1mSQL (162.4ms)[0m   [0;1mSELECT count(*) AS count_all FROM "impressions" WHERE ("impressions".listing_id = 113055) [0m
  [4;35;1mAnalyzing  Execution Time: 0.162729

[0m   [0mAggregate  (cost=12714.08..12714.09 rows=1 width=0)
   ->  Seq Scan on impressions  (cost=0.00..12714.00 rows=31 width=0)
         Filter: (listing_id = 113055)
[0m
  [4;36;1mSQL (15.8ms)[0m   [0;1mSELECT count(*) AS count_all FROM "clicks" WHERE ("clicks".listing_id = 113055) [0m
  [4;35;1mAnalyzing  Execution Time: 0.016064

[0m   [0mAggregate  (cost=814.47..814.48 rows=1 width=0)
   ->  Seq Scan on clicks  (cost=0.00..814.46 rows=2 width=0)
         Filter: (listing_id = 113055)
[0m
  [4;36;1mSQL (2.3ms)[0m   [0;1mSELECT count(*) AS count_all FROM "listings" WHERE ("listings".user_id = 25329) [0m
  [4;35;1mAnalyzing  Execution Time: 0.002596

[0m   [0mAggregate  (cost=1615.81..1615.82 rows=1 width=0)
   ->  Index Scan using index_listings_on_id_and_user_id_and_title on listings  (cost=0.00..1615.79 rows=4 width=0)
         Index Cond: (user_id = 25329)
[0m
  [4;36;1mSQL (168.2ms)[0m   [0;1mSELECT count(*) AS count_all FROM "impressions" WHERE ("impressions".listing_id = 89656) [0m
  [4;35;1mAnalyzing  Execution Time: 0.168472

[0m   [0mAggregate  (cost=12714.08..12714.09 rows=1 width=0)
   ->  Seq Scan on impressions  (cost=0.00..12714.00 rows=31 width=0)
         Filter: (listing_id = 89656)
[0m
  [4;36;1mSQL (171.5ms)[0m   [0;1mSELECT count(*) AS count_all FROM "impressions" WHERE ("impressions".listing_id = 89657) [0m
  [4;35;1mAnalyzing  Execution Time: 0.171906

[0m   [0mAggregate  (cost=12714.08..12714.09 rows=1 width=0)
   ->  Seq Scan on impressions  (cost=0.00..12714.00 rows=31 width=0)
         Filter: (listing_id = 89657)
[0m
  [4;36;1mSQL (10.9ms)[0m   [0;1mSELECT count(*) AS count_all FROM "clicks" WHERE ("clicks".listing_id = 89656) [0m
  [4;35;1mAnalyzing  Execution Time: 0.011329

[0m   [0mAggregate  (cost=814.47..814.48 rows=1 width=0)
   ->  Seq Scan on clicks  (cost=0.00..814.46 rows=2 width=0)
         Filter: (listing_id = 89656)
[0m
  [4;36;1mSQL (11.2ms)[0m   [0;1mSELECT count(*) AS count_all FROM "clicks" WHERE ("clicks".listing_id = 89657) [0m
  [4;35;1mAnalyzing  Execution Time: 0.011814

[0m   [0mAggregate  (cost=814.47..814.48 rows=1 width=0)
   ->  Seq Scan on clicks  (cost=0.00..814.46 rows=2 width=0)
         Filter: (listing_id = 89657)
[0m
  [4;36;1mSQL (6.9ms)[0m   [0;1mSELECT count(*) AS count_all FROM "listings" WHERE ("listings".user_id = 25328) [0m
  [4;35;1mAnalyzing  Execution Time: 0.007195

[0m   [0mAggregate  (cost=1615.81..1615.82 rows=1 width=0)
   ->  Index Scan using index_listings_on_id_and_user_id_and_title on listings  (cost=0.00..1615.79 rows=4 width=0)
         Index Cond: (user_id = 25328)
[0m
  [4;36;1mSQL (156.2ms)[0m   [0;1mSELECT count(*) AS count_all FROM "impressions" WHERE ("impressions".listing_id = 113054) [0m
  [4;35;1mAnalyzing  Execution Time: 0.156472

[0m   [0mAggregate  (cost=12714.08..12714.09 rows=1 width=0)
   ->  Seq Scan on impressions  (cost=0.00..12714.00 rows=31 width=0)
         Filter: (listing_id = 113054)
[0m
  [4;36;1mSQL (10.7ms)[0m   [0;1mSELECT count(*) AS count_all FROM "clicks" WHERE ("clicks".listing_id = 113054) [0m
  [4;35;1mAnalyzing  Execution Time: 0.01095

[0m   [0mAggregate  (cost=814.47..814.48 rows=1 width=0)
   ->  Seq Scan on clicks  (cost=0.00..814.46 rows=2 width=0)
         Filter: (listing_id = 113054)
[0m
  [4;36;1mSQL (2.9ms)[0m   [0;1mSELECT count(*) AS count_all FROM "listings" WHERE ("listings".user_id = 25327) [0m
  [4;35;1mAnalyzing  Execution Time: 0.003215

[0m   [0mAggregate  (cost=1615.81..1615.82 rows=1 width=0)
   ->  Index Scan using index_listings_on_id_and_user_id_and_title on listings  (cost=0.00..1615.79 rows=4 width=0)
         Index Cond: (user_id = 25327)
[0m
  [4;36;1mSQL (257.4ms)[0m   [0;1mSELECT count(*) AS count_all FROM "impressions" WHERE ("impressions".listing_id = 68557) [0m
  [4;35;1mAnalyzing  Execution Time: 0.257765

[0m   [0mAggregate  (cost=12714.08..12714.09 rows=1 width=0)
   ->  Seq Scan on impressions  (cost=0.00..12714.00 rows=31 width=0)
         Filter: (listing_id = 68557)
[0m
  [4;36;1mSQL (9.5ms)[0m   [0;1mSELECT count(*) AS count_all FROM "clicks" WHERE ("clicks".listing_id = 68557) [0m
  [4;35;1mAnalyzing  Execution Time: 0.009802

[0m   [0mAggregate  (cost=814.47..814.48 rows=1 width=0)
   ->  Seq Scan on clicks  (cost=0.00..814.46 rows=2 width=0)
         Filter: (listing_id = 68557)
[0m
  [4;36;1mSQL (3.5ms)[0m   [0;1mSELECT count(*) AS count_all FROM "listings" WHERE ("listings".user_id = 25326) [0m
  [4;35;1mAnalyzing  Execution Time: 0.003758

[0m   [0mAggregate  (cost=1615.81..1615.82 rows=1 width=0)
   ->  Index Scan using index_listings_on_id_and_user_id_and_title on listings  (cost=0.00..1615.79 rows=4 width=0)
         Index Cond: (user_id = 25326)
[0m
  [4;36;1mSQL (176.8ms)[0m   [0;1mSELECT count(*) AS count_all FROM "impressions" WHERE ("impressions".listing_id = 113053) [0m
  [4;35;1mAnalyzing  Execution Time: 0.177112

[0m   [0mAggregate  (cost=12714.08..12714.09 rows=1 width=0)
   ->  Seq Scan on impressions  (cost=0.00..12714.00 rows=31 width=0)
         Filter: (listing_id = 113053)
[0m
  [4;36;1mSQL (9.8ms)[0m   [0;1mSELECT count(*) AS count_all FROM "clicks" WHERE ("clicks".listing_id = 113053) [0m
  [4;35;1mAnalyzing  Execution Time: 0.010054

[0m   [0mAggregate  (cost=814.47..814.48 rows=1 width=0)
   ->  Seq Scan on clicks  (cost=0.00..814.46 rows=2 width=0)
         Filter: (listing_id = 113053)
[0m
  [4;36;1mSQL (2.0ms)[0m   [0;1mSELECT count(*) AS count_all FROM "listings" WHERE ("listings".user_id = 25325) [0m
  [4;35;1mAnalyzing  Execution Time: 0.002314

[0m   [0mAggregate  (cost=1615.81..1615.82 rows=1 width=0)
   ->  Index Scan using index_listings_on_id_and_user_id_and_title on listings  (cost=0.00..1615.79 rows=4 width=0)
         Index Cond: (user_id = 25325)
[0m
  [4;36;1mSQL (187.9ms)[0m   [0;1mSELECT count(*) AS count_all FROM "impressions" WHERE ("impressions".listing_id = 78830) [0m
  [4;35;1mAnalyzing  Execution Time: 0.188223

[0m   [0mAggregate  (cost=12714.08..12714.09 rows=1 width=0)
   ->  Seq Scan on impressions  (cost=0.00..12714.00 rows=31 width=0)
         Filter: (listing_id = 78830)
[0m
  [4;36;1mSQL (9.2ms)[0m   [0;1mSELECT count(*) AS count_all FROM "clicks" WHERE ("clicks".listing_id = 78830) [0m
  [4;35;1mAnalyzing  Execution Time: 0.009471

[0m   [0mAggregate  (cost=814.47..814.48 rows=1 width=0)
   ->  Seq Scan on clicks  (cost=0.00..814.46 rows=2 width=0)
         Filter: (listing_id = 78830)
[0m
  [4;36;1mSQL (2.1ms)[0m   [0;1mSELECT count(*) AS count_all FROM "listings" WHERE ("listings".user_id = 25324) [0m
  [4;35;1mAnalyzing  Execution Time: 0.002319

[0m   [0mAggregate  (cost=1615.81..1615.82 rows=1 width=0)
   ->  Index Scan using index_listings_on_id_and_user_id_and_title on listings  (cost=0.00..1615.79 rows=4 width=0)
         Index Cond: (user_id = 25324)
[0m
  [4;36;1mSQL (166.3ms)[0m   [0;1mSELECT count(*) AS count_all FROM "impressions" WHERE ("impressions".listing_id = 113052) [0m
  [4;35;1mAnalyzing  Execution Time: 0.166556

[0m   [0mAggregate  (cost=12714.08..12714.09 rows=1 width=0)
   ->  Seq Scan on impressions  (cost=0.00..12714.00 rows=31 width=0)
         Filter: (listing_id = 113052)
[0m
  [4;36;1mSQL (9.6ms)[0m   [0;1mSELECT count(*) AS count_all FROM "clicks" WHERE ("clicks".listing_id = 113052) [0m
  [4;35;1mAnalyzing  Execution Time: 0.00991

[0m   [0mAggregate  (cost=814.47..814.48 rows=1 width=0)
   ->  Seq Scan on clicks  (cost=0.00..814.46 rows=2 width=0)
         Filter: (listing_id = 113052)
[0m
  [4;36;1mSQL (2.4ms)[0m   [0;1mSELECT count(*) AS count_all FROM "listings" WHERE ("listings".user_id = 25323) [0m
  [4;35;1mAnalyzing  Execution Time: 0.00263

[0m   [0mAggregate  (cost=1615.81..1615.82 rows=1 width=0)
   ->  Index Scan using index_listings_on_id_and_user_id_and_title on listings  (cost=0.00..1615.79 rows=4 width=0)
         Index Cond: (user_id = 25323)
[0m
  [4;36;1mSQL (171.9ms)[0m   [0;1mSELECT count(*) AS count_all FROM "impressions" WHERE ("impressions".listing_id = 76838) [0m
  [4;35;1mAnalyzing  Execution Time: 0.172146

[0m   [0mAggregate  (cost=12714.08..12714.09 rows=1 width=0)
   ->  Seq Scan on impressions  (cost=0.00..12714.00 rows=31 width=0)
         Filter: (listing_id = 76838)
[0m
  [4;36;1mSQL (180.4ms)[0m   [0;1mSELECT count(*) AS count_all FROM "impressions" WHERE ("impressions".listing_id = 79727) [0m
  [4;35;1mAnalyzing  Execution Time: 0.18068

[0m   [0mAggregate  (cost=12714.08..12714.09 rows=1 width=0)
   ->  Seq Scan on impressions  (cost=0.00..12714.00 rows=31 width=0)
         Filter: (listing_id = 79727)
[0m
  [4;36;1mSQL (178.9ms)[0m   [0;1mSELECT count(*) AS count_all FROM "impressions" WHERE ("impressions".listing_id = 79728) [0m
  [4;35;1mAnalyzing  Execution Time: 0.179173

[0m   [0mAggregate  (cost=12714.08..12714.09 rows=1 width=0)
   ->  Seq Scan on impressions  (cost=0.00..12714.00 rows=31 width=0)
         Filter: (listing_id = 79728)
[0m
  [4;36;1mSQL (169.7ms)[0m   [0;1mSELECT count(*) AS count_all FROM "impressions" WHERE ("impressions".listing_id = 81168) [0m
  [4;35;1mAnalyzing  Execution Time: 0.169949

[0m   [0mAggregate  (cost=12714.08..12714.09 rows=1 width=0)
   ->  Seq Scan on impressions  (cost=0.00..12714.00 rows=31 width=0)
         Filter: (listing_id = 81168)
[0m
  [4;36;1mSQL (170.6ms)[0m   [0;1mSELECT count(*) AS count_all FROM "impressions" WHERE ("impressions".listing_id = 105586) [0m
  [4;35;1mAnalyzing  Execution Time: 0.170916

[0m   [0mAggregate  (cost=12714.08..12714.09 rows=1 width=0)
   ->  Seq Scan on impressions  (cost=0.00..12714.00 rows=31 width=0)
         Filter: (listing_id = 105586)
[0m
  [4;36;1mSQL (177.1ms)[0m   [0;1mSELECT count(*) AS count_all FROM "impressions" WHERE ("impressions".listing_id = 105587) [0m
  [4;35;1mAnalyzing  Execution Time: 0.177442

[0m   [0mAggregate  (cost=12714.08..12714.09 rows=1 width=0)
   ->  Seq Scan on impressions  (cost=0.00..12714.00 rows=31 width=0)
         Filter: (listing_id = 105587)
[0m
  [4;36;1mSQL (163.9ms)[0m   [0;1mSELECT count(*) AS count_all FROM "impressions" WHERE ("impressions".listing_id = 105588) [0m
  [4;35;1mAnalyzing  Execution Time: 0.164161

[0m   [0mAggregate  (cost=12714.08..12714.09 rows=1 width=0)
   ->  Seq Scan on impressions  (cost=0.00..12714.00 rows=31 width=0)
         Filter: (listing_id = 105588)
[0m
  [4;36;1mSQL (178.3ms)[0m   [0;1mSELECT count(*) AS count_all FROM "impressions" WHERE ("impressions".listing_id = 105590) [0m
  [4;35;1mAnalyzing  Execution Time: 0.178702

[0m   [0mAggregate  (cost=12714.08..12714.09 rows=1 width=0)
   ->  Seq Scan on impressions  (cost=0.00..12714.00 rows=31 width=0)
         Filter: (listing_id = 105590)
[0m
  [4;36;1mSQL (10.5ms)[0m   [0;1mSELECT count(*) AS count_all FROM "clicks" WHERE ("clicks".listing_id = 76838) [0m
  [4;35;1mAnalyzing  Execution Time: 0.010788

[0m   [0mAggregate  (cost=814.47..814.48 rows=1 width=0)
   ->  Seq Scan on clicks  (cost=0.00..814.46 rows=2 width=0)
         Filter: (listing_id = 76838)
[0m
  [4;36;1mSQL (10.2ms)[0m   [0;1mSELECT count(*) AS count_all FROM "clicks" WHERE ("clicks".listing_id = 79727) [0m
  [4;35;1mAnalyzing  Execution Time: 0.010472

[0m   [0mAggregate  (cost=814.47..814.48 rows=1 width=0)
   ->  Seq Scan on clicks  (cost=0.00..814.46 rows=2 width=0)
         Filter: (listing_id = 79727)
[0m
  [4;36;1mSQL (10.2ms)[0m   [0;1mSELECT count(*) AS count_all FROM "clicks" WHERE ("clicks".listing_id = 79728) [0m
  [4;35;1mAnalyzing  Execution Time: 0.010414

[0m   [0mAggregate  (cost=814.47..814.48 rows=1 width=0)
   ->  Seq Scan on clicks  (cost=0.00..814.46 rows=2 width=0)
         Filter: (listing_id = 79728)
[0m
  [4;36;1mSQL (10.4ms)[0m   [0;1mSELECT count(*) AS count_all FROM "clicks" WHERE ("clicks".listing_id = 81168) [0m
  [4;35;1mAnalyzing  Execution Time: 0.010652

[0m   [0mAggregate  (cost=814.47..814.48 rows=1 width=0)
   ->  Seq Scan on clicks  (cost=0.00..814.46 rows=2 width=0)
         Filter: (listing_id = 81168)
[0m
  [4;36;1mSQL (9.2ms)[0m   [0;1mSELECT count(*) AS count_all FROM "clicks" WHERE ("clicks".listing_id = 105586) [0m
  [4;35;1mAnalyzing  Execution Time: 0.009495

[0m   [0mAggregate  (cost=814.49..814.50 rows=1 width=0)
   ->  Seq Scan on clicks  (cost=0.00..814.46 rows=10 width=0)
         Filter: (listing_id = 105586)
[0m
  [4;36;1mSQL (8.6ms)[0m   [0;1mSELECT count(*) AS count_all FROM "clicks" WHERE ("clicks".listing_id = 105587) [0m
  [4;35;1mAnalyzing  Execution Time: 0.008842

[0m   [0mAggregate  (cost=814.47..814.48 rows=1 width=0)
   ->  Seq Scan on clicks  (cost=0.00..814.46 rows=2 width=0)
         Filter: (listing_id = 105587)
[0m
  [4;36;1mSQL (15.3ms)[0m   [0;1mSELECT count(*) AS count_all FROM "clicks" WHERE ("clicks".listing_id = 105588) [0m
  [4;35;1mAnalyzing  Execution Time: 0.015538

[0m   [0mAggregate  (cost=814.47..814.48 rows=1 width=0)
   ->  Seq Scan on clicks  (cost=0.00..814.46 rows=2 width=0)
         Filter: (listing_id = 105588)
[0m
  [4;36;1mSQL (9.3ms)[0m   [0;1mSELECT count(*) AS count_all FROM "clicks" WHERE ("clicks".listing_id = 105590) [0m
  [4;35;1mAnalyzing  Execution Time: 0.009574

[0m   [0mAggregate  (cost=814.51..814.52 rows=1 width=0)
   ->  Seq Scan on clicks  (cost=0.00..814.46 rows=19 width=0)
         Filter: (listing_id = 105590)
[0m
  [4;36;1mSQL (5.7ms)[0m   [0;1mSELECT count(*) AS count_all FROM "listings" WHERE ("listings".user_id = 25322) [0m
  [4;35;1mAnalyzing  Execution Time: 0.006042

[0m   [0mAggregate  (cost=1615.81..1615.82 rows=1 width=0)
   ->  Index Scan using index_listings_on_id_and_user_id_and_title on listings  (cost=0.00..1615.79 rows=4 width=0)
         Index Cond: (user_id = 25322)
[0m
  [4;36;1mSQL (180.4ms)[0m   [0;1mSELECT count(*) AS count_all FROM "impressions" WHERE ("impressions".listing_id = 113051) [0m
  [4;35;1mAnalyzing  Execution Time: 0.180684

[0m   [0mAggregate  (cost=12714.08..12714.09 rows=1 width=0)
   ->  Seq Scan on impressions  (cost=0.00..12714.00 rows=31 width=0)
         Filter: (listing_id = 113051)
[0m
  [4;36;1mSQL (9.1ms)[0m   [0;1mSELECT count(*) AS count_all FROM "clicks" WHERE ("clicks".listing_id = 113051) [0m
  [4;35;1mAnalyzing  Execution Time: 0.009397

[0m   [0mAggregate  (cost=814.49..814.50 rows=1 width=0)
   ->  Seq Scan on clicks  (cost=0.00..814.46 rows=8 width=0)
         Filter: (listing_id = 113051)
[0m
  [4;36;1mSQL (2.2ms)[0m   [0;1mSELECT count(*) AS count_all FROM "listings" WHERE ("listings".user_id = 25320) [0m
  [4;35;1mAnalyzing  Execution Time: 0.002517

[0m   [0mAggregate  (cost=1615.81..1615.82 rows=1 width=0)
   ->  Index Scan using index_listings_on_id_and_user_id_and_title on listings  (cost=0.00..1615.79 rows=4 width=0)
         Index Cond: (user_id = 25320)
[0m
  [4;36;1mSQL (166.9ms)[0m   [0;1mSELECT count(*) AS count_all FROM "impressions" WHERE ("impressions".listing_id = 113049) [0m
  [4;35;1mAnalyzing  Execution Time: 0.167201

[0m   [0mAggregate  (cost=12714.08..12714.09 rows=1 width=0)
   ->  Seq Scan on impressions  (cost=0.00..12714.00 rows=31 width=0)
         Filter: (listing_id = 113049)
[0m
  [4;36;1mSQL (10.6ms)[0m   [0;1mSELECT count(*) AS count_all FROM "clicks" WHERE ("clicks".listing_id = 113049) [0m
  [4;35;1mAnalyzing  Execution Time: 0.010899

[0m   [0mAggregate  (cost=814.47..814.48 rows=1 width=0)
   ->  Seq Scan on clicks  (cost=0.00..814.46 rows=2 width=0)
         Filter: (listing_id = 113049)
[0m
  [4;36;1mSQL (3.6ms)[0m   [0;1mSELECT count(*) AS count_all FROM "listings" WHERE ("listings".user_id = 25319) [0m
  [4;35;1mAnalyzing  Execution Time: 0.00383

[0m   [0mAggregate  (cost=1615.81..1615.82 rows=1 width=0)
   ->  Index Scan using index_listings_on_id_and_user_id_and_title on listings  (cost=0.00..1615.79 rows=4 width=0)
         Index Cond: (user_id = 25319)
[0m
  [4;36;1mSQL (174.0ms)[0m   [0;1mSELECT count(*) AS count_all FROM "impressions" WHERE ("impressions".listing_id = 77593) [0m
  [4;35;1mAnalyzing  Execution Time: 0.17431

[0m   [0mAggregate  (cost=12714.08..12714.09 rows=1 width=0)
   ->  Seq Scan on impressions  (cost=0.00..12714.00 rows=31 width=0)
         Filter: (listing_id = 77593)
[0m
  [4;36;1mSQL (230.4ms)[0m   [0;1mSELECT count(*) AS count_all FROM "impressions" WHERE ("impressions".listing_id = 81560) [0m
  [4;35;1mAnalyzing  Execution Time: 0.230945

[0m   [0mAggregate  (cost=12714.08..12714.09 rows=1 width=0)
   ->  Seq Scan on impressions  (cost=0.00..12714.00 rows=31 width=0)
         Filter: (listing_id = 81560)
[0m
  [4;36;1mSQL (180.6ms)[0m   [0;1mSELECT count(*) AS count_all FROM "impressions" WHERE ("impressions".listing_id = 88581) [0m
  [4;35;1mAnalyzing  Execution Time: 0.180888

[0m   [0mAggregate  (cost=12714.08..12714.09 rows=1 width=0)
   ->  Seq Scan on impressions  (cost=0.00..12714.00 rows=31 width=0)
         Filter: (listing_id = 88581)
[0m
  [4;36;1mSQL (189.7ms)[0m   [0;1mSELECT count(*) AS count_all FROM "impressions" WHERE ("impressions".listing_id = 95256) [0m
  [4;35;1mAnalyzing  Execution Time: 0.189902

[0m   [0mAggregate  (cost=12714.08..12714.09 rows=1 width=0)
   ->  Seq Scan on impressions  (cost=0.00..12714.00 rows=31 width=0)
         Filter: (listing_id = 95256)
[0m
  [4;36;1mSQL (8.9ms)[0m   [0;1mSELECT count(*) AS count_all FROM "clicks" WHERE ("clicks".listing_id = 77593) [0m
  [4;35;1mAnalyzing  Execution Time: 0.009155

[0m   [0mAggregate  (cost=814.47..814.48 rows=1 width=0)
   ->  Seq Scan on clicks  (cost=0.00..814.46 rows=2 width=0)
         Filter: (listing_id = 77593)
[0m
  [4;36;1mSQL (23.4ms)[0m   [0;1mSELECT count(*) AS count_all FROM "clicks" WHERE ("clicks".listing_id = 81560) [0m
  [4;35;1mAnalyzing  Execution Time: 0.023649

[0m   [0mAggregate  (cost=814.47..814.48 rows=1 width=0)
   ->  Seq Scan on clicks  (cost=0.00..814.46 rows=2 width=0)
         Filter: (listing_id = 81560)
[0m
  [4;36;1mSQL (8.7ms)[0m   [0;1mSELECT count(*) AS count_all FROM "clicks" WHERE ("clicks".listing_id = 88581) [0m
  [4;35;1mAnalyzing  Execution Time: 0.008948

[0m   [0mAggregate  (cost=814.47..814.48 rows=1 width=0)
   ->  Seq Scan on clicks  (cost=0.00..814.46 rows=2 width=0)
         Filter: (listing_id = 88581)
[0m
  [4;36;1mSQL (15.4ms)[0m   [0;1mSELECT count(*) AS count_all FROM "clicks" WHERE ("clicks".listing_id = 95256) [0m
  [4;35;1mAnalyzing  Execution Time: 0.015664

[0m   [0mAggregate  (cost=814.47..814.48 rows=1 width=0)
   ->  Seq Scan on clicks  (cost=0.00..814.46 rows=2 width=0)
         Filter: (listing_id = 95256)
[0m
  [4;36;1mSQL (6.0ms)[0m   [0;1mSELECT count(*) AS count_all FROM "listings" WHERE ("listings".user_id = 25318) [0m
  [4;35;1mAnalyzing  Execution Time: 0.006376

[0m   [0mAggregate  (cost=1615.81..1615.82 rows=1 width=0)
   ->  Index Scan using index_listings_on_id_and_user_id_and_title on listings  (cost=0.00..1615.79 rows=4 width=0)
         Index Cond: (user_id = 25318)
[0m
  [4;36;1mSQL (191.1ms)[0m   [0;1mSELECT count(*) AS count_all FROM "impressions" WHERE ("impressions".listing_id = 113048) [0m
  [4;35;1mAnalyzing  Execution Time: 0.191373

[0m   [0mAggregate  (cost=12714.08..12714.09 rows=1 width=0)
   ->  Seq Scan on impressions  (cost=0.00..12714.00 rows=31 width=0)
         Filter: (listing_id = 113048)
[0m
  [4;36;1mSQL (11.0ms)[0m   [0;1mSELECT count(*) AS count_all FROM "clicks" WHERE ("clicks".listing_id = 113048) [0m
  [4;35;1mAnalyzing  Execution Time: 0.011254

[0m   [0mAggregate  (cost=814.47..814.48 rows=1 width=0)
   ->  Seq Scan on clicks  (cost=0.00..814.46 rows=2 width=0)
         Filter: (listing_id = 113048)
[0m
  [4;36;1mSQL (6.1ms)[0m   [0;1mSELECT count(*) AS count_all FROM "listings" WHERE ("listings".user_id = 25317) [0m
  [4;35;1mAnalyzing  Execution Time: 0.006406

[0m   [0mAggregate  (cost=1615.81..1615.82 rows=1 width=0)
   ->  Index Scan using index_listings_on_id_and_user_id_and_title on listings  (cost=0.00..1615.79 rows=4 width=0)
         Index Cond: (user_id = 25317)
[0m
  [4;36;1mSQL (189.8ms)[0m   [0;1mSELECT count(*) AS count_all FROM "impressions" WHERE ("impressions".listing_id = 68610) [0m
  [4;35;1mAnalyzing  Execution Time: 0.190098

[0m   [0mAggregate  (cost=12714.08..12714.09 rows=1 width=0)
   ->  Seq Scan on impressions  (cost=0.00..12714.00 rows=31 width=0)
         Filter: (listing_id = 68610)
[0m
  [4;36;1mSQL (13.0ms)[0m   [0;1mSELECT count(*) AS count_all FROM "clicks" WHERE ("clicks".listing_id = 68610) [0m
  [4;35;1mAnalyzing  Execution Time: 0.013298

[0m   [0mAggregate  (cost=814.47..814.48 rows=1 width=0)
   ->  Seq Scan on clicks  (cost=0.00..814.46 rows=2 width=0)
         Filter: (listing_id = 68610)
[0m
  [4;36;1mSQL (2.3ms)[0m   [0;1mSELECT count(*) AS count_all FROM "listings" WHERE ("listings".user_id = 25316) [0m
  [4;35;1mAnalyzing  Execution Time: 0.002595

[0m   [0mAggregate  (cost=1615.81..1615.82 rows=1 width=0)
   ->  Index Scan using index_listings_on_id_and_user_id_and_title on listings  (cost=0.00..1615.79 rows=4 width=0)
         Index Cond: (user_id = 25316)
[0m
  [4;36;1mSQL (174.0ms)[0m   [0;1mSELECT count(*) AS count_all FROM "impressions" WHERE ("impressions".listing_id = 72302) [0m
  [4;35;1mAnalyzing  Execution Time: 0.174275

[0m   [0mAggregate  (cost=12714.08..12714.09 rows=1 width=0)
   ->  Seq Scan on impressions  (cost=0.00..12714.00 rows=31 width=0)
         Filter: (listing_id = 72302)
[0m
  [4;36;1mSQL (190.6ms)[0m   [0;1mSELECT count(*) AS count_all FROM "impressions" WHERE ("impressions".listing_id = 89876) [0m
  [4;35;1mAnalyzing  Execution Time: 0.190867

[0m   [0mAggregate  (cost=12714.08..12714.09 rows=1 width=0)
   ->  Seq Scan on impressions  (cost=0.00..12714.00 rows=31 width=0)
         Filter: (listing_id = 89876)
[0m
  [4;36;1mSQL (8.9ms)[0m   [0;1mSELECT count(*) AS count_all FROM "clicks" WHERE ("clicks".listing_id = 72302) [0m
  [4;35;1mAnalyzing  Execution Time: 0.009221

[0m   [0mAggregate  (cost=814.47..814.48 rows=1 width=0)
   ->  Seq Scan on clicks  (cost=0.00..814.46 rows=2 width=0)
         Filter: (listing_id = 72302)
[0m
  [4;36;1mSQL (9.8ms)[0m   [0;1mSELECT count(*) AS count_all FROM "clicks" WHERE ("clicks".listing_id = 89876) [0m
  [4;35;1mAnalyzing  Execution Time: 0.010074

[0m   [0mAggregate  (cost=814.47..814.48 rows=1 width=0)
   ->  Seq Scan on clicks  (cost=0.00..814.46 rows=2 width=0)
         Filter: (listing_id = 89876)
[0m
  [4;36;1mSQL (6.3ms)[0m   [0;1mSELECT count(*) AS count_all FROM "listings" WHERE ("listings".user_id = 25314) [0m
  [4;35;1mAnalyzing  Execution Time: 0.006623

[0m   [0mAggregate  (cost=1615.81..1615.82 rows=1 width=0)
   ->  Index Scan using index_listings_on_id_and_user_id_and_title on listings  (cost=0.00..1615.79 rows=4 width=0)
         Index Cond: (user_id = 25314)
[0m
  [4;36;1mSQL (194.1ms)[0m   [0;1mSELECT count(*) AS count_all FROM "impressions" WHERE ("impressions".listing_id = 67785) [0m
  [4;35;1mAnalyzing  Execution Time: 0.194376

[0m   [0mAggregate  (cost=12714.08..12714.09 rows=1 width=0)
   ->  Seq Scan on impressions  (cost=0.00..12714.00 rows=31 width=0)
         Filter: (listing_id = 67785)
[0m
  [4;36;1mSQL (183.3ms)[0m   [0;1mSELECT count(*) AS count_all FROM "impressions" WHERE ("impressions".listing_id = 70300) [0m
  [4;35;1mAnalyzing  Execution Time: 0.183879

[0m   [0mAggregate  (cost=12714.08..12714.09 rows=1 width=0)
   ->  Seq Scan on impressions  (cost=0.00..12714.00 rows=31 width=0)
         Filter: (listing_id = 70300)
[0m
  [4;36;1mSQL (169.9ms)[0m   [0;1mSELECT count(*) AS count_all FROM "impressions" WHERE ("impressions".listing_id = 86210) [0m
  [4;35;1mAnalyzing  Execution Time: 0.170193

[0m   [0mAggregate  (cost=12714.08..12714.09 rows=1 width=0)
   ->  Seq Scan on impressions  (cost=0.00..12714.00 rows=31 width=0)
         Filter: (listing_id = 86210)
[0m
  [4;36;1mSQL (159.4ms)[0m   [0;1mSELECT count(*) AS count_all FROM "impressions" WHERE ("impressions".listing_id = 86211) [0m
  [4;35;1mAnalyzing  Execution Time: 0.159704

[0m   [0mAggregate  (cost=12714.08..12714.09 rows=1 width=0)
   ->  Seq Scan on impressions  (cost=0.00..12714.00 rows=31 width=0)
         Filter: (listing_id = 86211)
[0m
  [4;36;1mSQL (176.5ms)[0m   [0;1mSELECT count(*) AS count_all FROM "impressions" WHERE ("impressions".listing_id = 86212) [0m
  [4;35;1mAnalyzing  Execution Time: 0.176902

[0m   [0mAggregate  (cost=12714.08..12714.09 rows=1 width=0)
   ->  Seq Scan on impressions  (cost=0.00..12714.00 rows=31 width=0)
         Filter: (listing_id = 86212)
[0m
  [4;36;1mSQL (171.0ms)[0m   [0;1mSELECT count(*) AS count_all FROM "impressions" WHERE ("impressions".listing_id = 86213) [0m
  [4;35;1mAnalyzing  Execution Time: 0.1713

[0m   [0mAggregate  (cost=12714.08..12714.09 rows=1 width=0)
   ->  Seq Scan on impressions  (cost=0.00..12714.00 rows=31 width=0)
         Filter: (listing_id = 86213)
[0m
  [4;36;1mSQL (170.1ms)[0m   [0;1mSELECT count(*) AS count_all FROM "impressions" WHERE ("impressions".listing_id = 86215) [0m
  [4;35;1mAnalyzing  Execution Time: 0.170386

[0m   [0mAggregate  (cost=12714.08..12714.09 rows=1 width=0)
   ->  Seq Scan on impressions  (cost=0.00..12714.00 rows=31 width=0)
         Filter: (listing_id = 86215)
[0m
  [4;36;1mSQL (172.7ms)[0m   [0;1mSELECT count(*) AS count_all FROM "impressions" WHERE ("impressions".listing_id = 86217) [0m
  [4;35;1mAnalyzing  Execution Time: 0.17295

[0m   [0mAggregate  (cost=12714.08..12714.09 rows=1 width=0)
   ->  Seq Scan on impressions  (cost=0.00..12714.00 rows=31 width=0)
         Filter: (listing_id = 86217)
[0m
  [4;36;1mSQL (177.4ms)[0m   [0;1mSELECT count(*) AS count_all FROM "impressions" WHERE ("impressions".listing_id = 86218) [0m
  [4;35;1mAnalyzing  Execution Time: 0.177718

[0m   [0mAggregate  (cost=12714.08..12714.09 rows=1 width=0)
   ->  Seq Scan on impressions  (cost=0.00..12714.00 rows=31 width=0)
         Filter: (listing_id = 86218)
[0m
  [4;36;1mSQL (162.0ms)[0m   [0;1mSELECT count(*) AS count_all FROM "impressions" WHERE ("impressions".listing_id = 86219) [0m
  [4;35;1mAnalyzing  Execution Time: 0.162242

[0m   [0mAggregate  (cost=12714.08..12714.09 rows=1 width=0)
   ->  Seq Scan on impressions  (cost=0.00..12714.00 rows=31 width=0)
         Filter: (listing_id = 86219)
[0m
  [4;36;1mSQL (156.7ms)[0m   [0;1mSELECT count(*) AS count_all FROM "impressions" WHERE ("impressions".listing_id = 86220) [0m
  [4;35;1mAnalyzing  Execution Time: 0.156954

[0m   [0mAggregate  (cost=12714.08..12714.09 rows=1 width=0)
   ->  Seq Scan on impressions  (cost=0.00..12714.00 rows=31 width=0)
         Filter: (listing_id = 86220)
[0m
  [4;36;1mSQL (170.1ms)[0m   [0;1mSELECT count(*) AS count_all FROM "impressions" WHERE ("impressions".listing_id = 86221) [0m
  [4;35;1mAnalyzing  Execution Time: 0.170384

[0m   [0mAggregate  (cost=12714.08..12714.09 rows=1 width=0)
   ->  Seq Scan on impressions  (cost=0.00..12714.00 rows=31 width=0)
         Filter: (listing_id = 86221)
[0m
  [4;36;1mSQL (164.1ms)[0m   [0;1mSELECT count(*) AS count_all FROM "impressions" WHERE ("impressions".listing_id = 86222) [0m
  [4;35;1mAnalyzing  Execution Time: 0.16436

[0m   [0mAggregate  (cost=12714.08..12714.09 rows=1 width=0)
   ->  Seq Scan on impressions  (cost=0.00..12714.00 rows=31 width=0)
         Filter: (listing_id = 86222)
[0m
  [4;36;1mSQL (169.9ms)[0m   [0;1mSELECT count(*) AS count_all FROM "impressions" WHERE ("impressions".listing_id = 86223) [0m
  [4;35;1mAnalyzing  Execution Time: 0.170188

[0m   [0mAggregate  (cost=12714.08..12714.09 rows=1 width=0)
   ->  Seq Scan on impressions  (cost=0.00..12714.00 rows=31 width=0)
         Filter: (listing_id = 86223)
[0m
  [4;36;1mSQL (169.7ms)[0m   [0;1mSELECT count(*) AS count_all FROM "impressions" WHERE ("impressions".listing_id = 86224) [0m
  [4;35;1mAnalyzing  Execution Time: 0.169955

[0m   [0mAggregate  (cost=12714.08..12714.09 rows=1 width=0)
   ->  Seq Scan on impressions  (cost=0.00..12714.00 rows=31 width=0)
         Filter: (listing_id = 86224)
[0m
  [4;36;1mSQL (168.2ms)[0m   [0;1mSELECT count(*) AS count_all FROM "impressions" WHERE ("impressions".listing_id = 86225) [0m
  [4;35;1mAnalyzing  Execution Time: 0.168448

[0m   [0mAggregate  (cost=12714.08..12714.09 rows=1 width=0)
   ->  Seq Scan on impressions  (cost=0.00..12714.00 rows=31 width=0)
         Filter: (listing_id = 86225)
[0m
  [4;36;1mSQL (18.5ms)[0m   [0;1mSELECT count(*) AS count_all FROM "clicks" WHERE ("clicks".listing_id = 67785) [0m
  [4;35;1mAnalyzing  Execution Time: 0.01883

[0m   [0mAggregate  (cost=814.47..814.48 rows=1 width=0)
   ->  Seq Scan on clicks  (cost=0.00..814.46 rows=2 width=0)
         Filter: (listing_id = 67785)
[0m
  [4;36;1mSQL (11.8ms)[0m   [0;1mSELECT count(*) AS count_all FROM "clicks" WHERE ("clicks".listing_id = 70300) [0m
  [4;35;1mAnalyzing  Execution Time: 0.012068

[0m   [0mAggregate  (cost=814.47..814.48 rows=1 width=0)
   ->  Seq Scan on clicks  (cost=0.00..814.46 rows=2 width=0)
         Filter: (listing_id = 70300)
[0m
  [4;36;1mSQL (9.5ms)[0m   [0;1mSELECT count(*) AS count_all FROM "clicks" WHERE ("clicks".listing_id = 86210) [0m
  [4;35;1mAnalyzing  Execution Time: 0.009734

[0m   [0mAggregate  (cost=814.47..814.48 rows=1 width=0)
   ->  Seq Scan on clicks  (cost=0.00..814.46 rows=2 width=0)
         Filter: (listing_id = 86210)
[0m
  [4;36;1mSQL (9.8ms)[0m   [0;1mSELECT count(*) AS count_all FROM "clicks" WHERE ("clicks".listing_id = 86211) [0m
  [4;35;1mAnalyzing  Execution Time: 0.010058

[0m   [0mAggregate  (cost=814.47..814.48 rows=1 width=0)
   ->  Seq Scan on clicks  (cost=0.00..814.46 rows=2 width=0)
         Filter: (listing_id = 86211)
[0m
  [4;36;1mSQL (10.1ms)[0m   [0;1mSELECT count(*) AS count_all FROM "clicks" WHERE ("clicks".listing_id = 86212) [0m
  [4;35;1mAnalyzing  Execution Time: 0.010432

[0m   [0mAggregate  (cost=814.47..814.48 rows=1 width=0)
   ->  Seq Scan on clicks  (cost=0.00..814.46 rows=2 width=0)
         Filter: (listing_id = 86212)
[0m
  [4;36;1mSQL (10.5ms)[0m   [0;1mSELECT count(*) AS count_all FROM "clicks" WHERE ("clicks".listing_id = 86213) [0m
  [4;35;1mAnalyzing  Execution Time: 0.010821

[0m   [0mAggregate  (cost=814.47..814.48 rows=1 width=0)
   ->  Seq Scan on clicks  (cost=0.00..814.46 rows=2 width=0)
         Filter: (listing_id = 86213)
[0m
  [4;36;1mSQL (9.1ms)[0m   [0;1mSELECT count(*) AS count_all FROM "clicks" WHERE ("clicks".listing_id = 86215) [0m
  [4;35;1mAnalyzing  Execution Time: 0.009383

[0m   [0mAggregate  (cost=814.47..814.48 rows=1 width=0)
   ->  Seq Scan on clicks  (cost=0.00..814.46 rows=2 width=0)
         Filter: (listing_id = 86215)
[0m
  [4;36;1mSQL (8.5ms)[0m   [0;1mSELECT count(*) AS count_all FROM "clicks" WHERE ("clicks".listing_id = 86217) [0m
  [4;35;1mAnalyzing  Execution Time: 0.008792

[0m   [0mAggregate  (cost=814.47..814.48 rows=1 width=0)
   ->  Seq Scan on clicks  (cost=0.00..814.46 rows=2 width=0)
         Filter: (listing_id = 86217)
[0m
  [4;36;1mSQL (12.1ms)[0m   [0;1mSELECT count(*) AS count_all FROM "clicks" WHERE ("clicks".listing_id = 86218) [0m
  [4;35;1mAnalyzing  Execution Time: 0.012407

[0m   [0mAggregate  (cost=814.47..814.48 rows=1 width=0)
   ->  Seq Scan on clicks  (cost=0.00..814.46 rows=2 width=0)
         Filter: (listing_id = 86218)
[0m
  [4;36;1mSQL (12.7ms)[0m   [0;1mSELECT count(*) AS count_all FROM "clicks" WHERE ("clicks".listing_id = 86219) [0m
  [4;35;1mAnalyzing  Execution Time: 0.012992

[0m   [0mAggregate  (cost=814.47..814.48 rows=1 width=0)
   ->  Seq Scan on clicks  (cost=0.00..814.46 rows=2 width=0)
         Filter: (listing_id = 86219)
[0m
  [4;36;1mSQL (9.6ms)[0m   [0;1mSELECT count(*) AS count_all FROM "clicks" WHERE ("clicks".listing_id = 86220) [0m
  [4;35;1mAnalyzing  Execution Time: 0.0099

[0m   [0mAggregate  (cost=814.47..814.48 rows=1 width=0)
   ->  Seq Scan on clicks  (cost=0.00..814.46 rows=2 width=0)
         Filter: (listing_id = 86220)
[0m
  [4;36;1mSQL (14.1ms)[0m   [0;1mSELECT count(*) AS count_all FROM "clicks" WHERE ("clicks".listing_id = 86221) [0m
  [4;35;1mAnalyzing  Execution Time: 0.014367

[0m   [0mAggregate  (cost=814.47..814.48 rows=1 width=0)
   ->  Seq Scan on clicks  (cost=0.00..814.46 rows=2 width=0)
         Filter: (listing_id = 86221)
[0m
  [4;36;1mSQL (9.1ms)[0m   [0;1mSELECT count(*) AS count_all FROM "clicks" WHERE ("clicks".listing_id = 86222) [0m
  [4;35;1mAnalyzing  Execution Time: 0.009339

[0m   [0mAggregate  (cost=814.47..814.48 rows=1 width=0)
   ->  Seq Scan on clicks  (cost=0.00..814.46 rows=2 width=0)
         Filter: (listing_id = 86222)
[0m
  [4;36;1mSQL (10.3ms)[0m   [0;1mSELECT count(*) AS count_all FROM "clicks" WHERE ("clicks".listing_id = 86223) [0m
  [4;35;1mAnalyzing  Execution Time: 0.010578

[0m   [0mAggregate  (cost=814.47..814.48 rows=1 width=0)
   ->  Seq Scan on clicks  (cost=0.00..814.46 rows=2 width=0)
         Filter: (listing_id = 86223)
[0m
  [4;36;1mSQL (10.8ms)[0m   [0;1mSELECT count(*) AS count_all FROM "clicks" WHERE ("clicks".listing_id = 86224) [0m
  [4;35;1mAnalyzing  Execution Time: 0.011115

[0m   [0mAggregate  (cost=814.47..814.48 rows=1 width=0)
   ->  Seq Scan on clicks  (cost=0.00..814.46 rows=2 width=0)
         Filter: (listing_id = 86224)
[0m
  [4;36;1mSQL (10.3ms)[0m   [0;1mSELECT count(*) AS count_all FROM "clicks" WHERE ("clicks".listing_id = 86225) [0m
  [4;35;1mAnalyzing  Execution Time: 0.010611

[0m   [0mAggregate  (cost=814.47..814.48 rows=1 width=0)
   ->  Seq Scan on clicks  (cost=0.00..814.46 rows=2 width=0)
         Filter: (listing_id = 86225)
[0m
  [4;36;1mSQL (6.7ms)[0m   [0;1mSELECT count(*) AS count_all FROM "listings" WHERE ("listings".user_id = 25313) [0m
  [4;35;1mAnalyzing  Execution Time: 0.006965

[0m   [0mAggregate  (cost=1615.81..1615.82 rows=1 width=0)
   ->  Index Scan using index_listings_on_id_and_user_id_and_title on listings  (cost=0.00..1615.79 rows=4 width=0)
         Index Cond: (user_id = 25313)
[0m
  [4;36;1mSQL (174.8ms)[0m   [0;1mSELECT count(*) AS count_all FROM "impressions" WHERE ("impressions".listing_id = 66642) [0m
  [4;35;1mAnalyzing  Execution Time: 0.17504

[0m   [0mAggregate  (cost=12714.08..12714.09 rows=1 width=0)
   ->  Seq Scan on impressions  (cost=0.00..12714.00 rows=31 width=0)
         Filter: (listing_id = 66642)
[0m
  [4;36;1mSQL (16.5ms)[0m   [0;1mSELECT count(*) AS count_all FROM "clicks" WHERE ("clicks".listing_id = 66642) [0m
  [4;35;1mAnalyzing  Execution Time: 0.016883

[0m   [0mAggregate  (cost=814.47..814.48 rows=1 width=0)
   ->  Seq Scan on clicks  (cost=0.00..814.46 rows=2 width=0)
         Filter: (listing_id = 66642)
[0m
  [4;36;1mSQL (2.1ms)[0m   [0;1mSELECT count(*) AS count_all FROM "listings" WHERE ("listings".user_id = 25312) [0m
  [4;35;1mAnalyzing  Execution Time: 0.002404

[0m   [0mAggregate  (cost=1615.81..1615.82 rows=1 width=0)
   ->  Index Scan using index_listings_on_id_and_user_id_and_title on listings  (cost=0.00..1615.79 rows=4 width=0)
         Index Cond: (user_id = 25312)
[0m
  [4;36;1mSQL (183.2ms)[0m   [0;1mSELECT count(*) AS count_all FROM "impressions" WHERE ("impressions".listing_id = 113047) [0m
  [4;35;1mAnalyzing  Execution Time: 0.183703

[0m   [0mAggregate  (cost=12714.08..12714.09 rows=1 width=0)
   ->  Seq Scan on impressions  (cost=0.00..12714.00 rows=31 width=0)
         Filter: (listing_id = 113047)
[0m
  [4;36;1mSQL (13.1ms)[0m   [0;1mSELECT count(*) AS count_all FROM "clicks" WHERE ("clicks".listing_id = 113047) [0m
  [4;35;1mAnalyzing  Execution Time: 0.013439

[0m   [0mAggregate  (cost=814.47..814.48 rows=1 width=0)
   ->  Seq Scan on clicks  (cost=0.00..814.46 rows=2 width=0)
         Filter: (listing_id = 113047)
[0m
  [4;36;1mSQL (2.1ms)[0m   [0;1mSELECT count(*) AS count_all FROM "listings" WHERE ("listings".user_id = 25311) [0m
  [4;35;1mAnalyzing  Execution Time: 0.002378

[0m   [0mAggregate  (cost=1615.81..1615.82 rows=1 width=0)
   ->  Index Scan using index_listings_on_id_and_user_id_and_title on listings  (cost=0.00..1615.79 rows=4 width=0)
         Index Cond: (user_id = 25311)
[0m
  [4;36;1mSQL (178.1ms)[0m   [0;1mSELECT count(*) AS count_all FROM "impressions" WHERE ("impressions".listing_id = 71936) [0m
  [4;35;1mAnalyzing  Execution Time: 0.17838

[0m   [0mAggregate  (cost=12714.08..12714.09 rows=1 width=0)
   ->  Seq Scan on impressions  (cost=0.00..12714.00 rows=31 width=0)
         Filter: (listing_id = 71936)
[0m
  [4;36;1mSQL (9.5ms)[0m   [0;1mSELECT count(*) AS count_all FROM "clicks" WHERE ("clicks".listing_id = 71936) [0m
  [4;35;1mAnalyzing  Execution Time: 0.009795

[0m   [0mAggregate  (cost=814.49..814.50 rows=1 width=0)
   ->  Seq Scan on clicks  (cost=0.00..814.46 rows=8 width=0)
         Filter: (listing_id = 71936)
[0m
  [4;36;1mSQL (2.2ms)[0m   [0;1mSELECT count(*) AS count_all FROM "listings" WHERE ("listings".user_id = 25310) [0m
  [4;35;1mAnalyzing  Execution Time: 0.002516

[0m   [0mAggregate  (cost=1615.81..1615.82 rows=1 width=0)
   ->  Index Scan using index_listings_on_id_and_user_id_and_title on listings  (cost=0.00..1615.79 rows=4 width=0)
         Index Cond: (user_id = 25310)
[0m
  [4;36;1mSQL (189.7ms)[0m   [0;1mSELECT count(*) AS count_all FROM "impressions" WHERE ("impressions".listing_id = 113046) [0m
  [4;35;1mAnalyzing  Execution Time: 0.190023

[0m   [0mAggregate  (cost=12714.08..12714.09 rows=1 width=0)
   ->  Seq Scan on impressions  (cost=0.00..12714.00 rows=31 width=0)
         Filter: (listing_id = 113046)
[0m
  [4;36;1mSQL (10.0ms)[0m   [0;1mSELECT count(*) AS count_all FROM "clicks" WHERE ("clicks".listing_id = 113046) [0m
  [4;35;1mAnalyzing  Execution Time: 0.010314

[0m   [0mAggregate  (cost=814.47..814.48 rows=1 width=0)
   ->  Seq Scan on clicks  (cost=0.00..814.46 rows=2 width=0)
         Filter: (listing_id = 113046)
[0m
  [4;36;1mSQL (2.0ms)[0m   [0;1mSELECT count(*) AS count_all FROM "listings" WHERE ("listings".user_id = 25308) [0m
  [4;35;1mAnalyzing  Execution Time: 0.002242

[0m   [0mAggregate  (cost=1615.81..1615.82 rows=1 width=0)
   ->  Index Scan using index_listings_on_id_and_user_id_and_title on listings  (cost=0.00..1615.79 rows=4 width=0)
         Index Cond: (user_id = 25308)
[0m
  [4;36;1mSQL (171.2ms)[0m   [0;1mSELECT count(*) AS count_all FROM "impressions" WHERE ("impressions".listing_id = 67767) [0m
  [4;35;1mAnalyzing  Execution Time: 0.171539

[0m   [0mAggregate  (cost=12714.08..12714.09 rows=1 width=0)
   ->  Seq Scan on impressions  (cost=0.00..12714.00 rows=31 width=0)
         Filter: (listing_id = 67767)
[0m
  [4;36;1mSQL (9.9ms)[0m   [0;1mSELECT count(*) AS count_all FROM "clicks" WHERE ("clicks".listing_id = 67767) [0m
  [4;35;1mAnalyzing  Execution Time: 0.010267

[0m   [0mAggregate  (cost=814.47..814.48 rows=1 width=0)
   ->  Seq Scan on clicks  (cost=0.00..814.46 rows=2 width=0)
         Filter: (listing_id = 67767)
[0m
  [4;36;1mSQL (2.1ms)[0m   [0;1mSELECT count(*) AS count_all FROM "listings" WHERE ("listings".user_id = 25307) [0m
  [4;35;1mAnalyzing  Execution Time: 0.002434

[0m   [0mAggregate  (cost=1615.81..1615.82 rows=1 width=0)
   ->  Index Scan using index_listings_on_id_and_user_id_and_title on listings  (cost=0.00..1615.79 rows=4 width=0)
         Index Cond: (user_id = 25307)
[0m
  [4;36;1mSQL (174.9ms)[0m   [0;1mSELECT count(*) AS count_all FROM "impressions" WHERE ("impressions".listing_id = 105083) [0m
  [4;35;1mAnalyzing  Execution Time: 0.17522

[0m   [0mAggregate  (cost=12714.08..12714.09 rows=1 width=0)
   ->  Seq Scan on impressions  (cost=0.00..12714.00 rows=31 width=0)
         Filter: (listing_id = 105083)
[0m
  [4;36;1mSQL (13.7ms)[0m   [0;1mSELECT count(*) AS count_all FROM "clicks" WHERE ("clicks".listing_id = 105083) [0m
  [4;35;1mAnalyzing  Execution Time: 0.014203

[0m   [0mAggregate  (cost=814.47..814.48 rows=1 width=0)
   ->  Seq Scan on clicks  (cost=0.00..814.46 rows=2 width=0)
         Filter: (listing_id = 105083)
[0m
  [4;36;1mSQL (2.1ms)[0m   [0;1mSELECT count(*) AS count_all FROM "listings" WHERE ("listings".user_id = 25306) [0m
  [4;35;1mAnalyzing  Execution Time: 0.002309

[0m   [0mAggregate  (cost=1615.81..1615.82 rows=1 width=0)
   ->  Index Scan using index_listings_on_id_and_user_id_and_title on listings  (cost=0.00..1615.79 rows=4 width=0)
         Index Cond: (user_id = 25306)
[0m
  [4;36;1mSQL (182.0ms)[0m   [0;1mSELECT count(*) AS count_all FROM "impressions" WHERE ("impressions".listing_id = 113044) [0m
  [4;35;1mAnalyzing  Execution Time: 0.182284

[0m   [0mAggregate  (cost=12714.08..12714.09 rows=1 width=0)
   ->  Seq Scan on impressions  (cost=0.00..12714.00 rows=31 width=0)
         Filter: (listing_id = 113044)
[0m
  [4;36;1mSQL (10.1ms)[0m   [0;1mSELECT count(*) AS count_all FROM "clicks" WHERE ("clicks".listing_id = 113044) [0m
  [4;35;1mAnalyzing  Execution Time: 0.010356

[0m   [0mAggregate  (cost=814.47..814.48 rows=1 width=0)
   ->  Seq Scan on clicks  (cost=0.00..814.46 rows=2 width=0)
         Filter: (listing_id = 113044)
[0m
  [4;36;1mSQL (2.8ms)[0m   [0;1mSELECT count(*) AS count_all FROM "listings" WHERE ("listings".user_id = 25305) [0m
  [4;35;1mAnalyzing  Execution Time: 0.003207

[0m   [0mAggregate  (cost=1615.81..1615.82 rows=1 width=0)
   ->  Index Scan using index_listings_on_id_and_user_id_and_title on listings  (cost=0.00..1615.79 rows=4 width=0)
         Index Cond: (user_id = 25305)
[0m
  [4;36;1mSQL (179.0ms)[0m   [0;1mSELECT count(*) AS count_all FROM "impressions" WHERE ("impressions".listing_id = 68692) [0m
  [4;35;1mAnalyzing  Execution Time: 0.179319

[0m   [0mAggregate  (cost=12714.08..12714.09 rows=1 width=0)
   ->  Seq Scan on impressions  (cost=0.00..12714.00 rows=31 width=0)
         Filter: (listing_id = 68692)
[0m
  [4;36;1mSQL (10.4ms)[0m   [0;1mSELECT count(*) AS count_all FROM "clicks" WHERE ("clicks".listing_id = 68692) [0m
  [4;35;1mAnalyzing  Execution Time: 0.010689

[0m   [0mAggregate  (cost=814.47..814.48 rows=1 width=0)
   ->  Seq Scan on clicks  (cost=0.00..814.46 rows=2 width=0)
         Filter: (listing_id = 68692)
[0m
  [4;36;1mSQL (3.2ms)[0m   [0;1mSELECT count(*) AS count_all FROM "listings" WHERE ("listings".user_id = 25303) [0m
  [4;35;1mAnalyzing  Execution Time: 0.003501

[0m   [0mAggregate  (cost=1615.81..1615.82 rows=1 width=0)
   ->  Index Scan using index_listings_on_id_and_user_id_and_title on listings  (cost=0.00..1615.79 rows=4 width=0)
         Index Cond: (user_id = 25303)
[0m
  [4;36;1mSQL (181.7ms)[0m   [0;1mSELECT count(*) AS count_all FROM "impressions" WHERE ("impressions".listing_id = 113042) [0m
  [4;35;1mAnalyzing  Execution Time: 0.182004

[0m   [0mAggregate  (cost=12714.08..12714.09 rows=1 width=0)
   ->  Seq Scan on impressions  (cost=0.00..12714.00 rows=31 width=0)
         Filter: (listing_id = 113042)
[0m
  [4;36;1mSQL (9.7ms)[0m   [0;1mSELECT count(*) AS count_all FROM "clicks" WHERE ("clicks".listing_id = 113042) [0m
  [4;35;1mAnalyzing  Execution Time: 0.009993

[0m   [0mAggregate  (cost=814.47..814.48 rows=1 width=0)
   ->  Seq Scan on clicks  (cost=0.00..814.46 rows=2 width=0)
         Filter: (listing_id = 113042)
[0m
  [4;36;1mSQL (2.1ms)[0m   [0;1mSELECT count(*) AS count_all FROM "listings" WHERE ("listings".user_id = 25302) [0m
  [4;35;1mAnalyzing  Execution Time: 0.002386

[0m   [0mAggregate  (cost=1615.81..1615.82 rows=1 width=0)
   ->  Index Scan using index_listings_on_id_and_user_id_and_title on listings  (cost=0.00..1615.79 rows=4 width=0)
         Index Cond: (user_id = 25302)
[0m
  [4;36;1mSQL (157.4ms)[0m   [0;1mSELECT count(*) AS count_all FROM "impressions" WHERE ("impressions".listing_id = 83308) [0m
  [4;35;1mAnalyzing  Execution Time: 0.157655

[0m   [0mAggregate  (cost=12714.08..12714.09 rows=1 width=0)
   ->  Seq Scan on impressions  (cost=0.00..12714.00 rows=31 width=0)
         Filter: (listing_id = 83308)
[0m
  [4;36;1mSQL (8.6ms)[0m   [0;1mSELECT count(*) AS count_all FROM "clicks" WHERE ("clicks".listing_id = 83308) [0m
  [4;35;1mAnalyzing  Execution Time: 0.008908

[0m   [0mAggregate  (cost=814.47..814.48 rows=1 width=0)
   ->  Seq Scan on clicks  (cost=0.00..814.46 rows=2 width=0)
         Filter: (listing_id = 83308)
[0m
  [4;36;1mSQL (3.7ms)[0m   [0;1mSELECT count(*) AS count_all FROM "listings" WHERE ("listings".user_id = 25297) [0m
  [4;35;1mAnalyzing  Execution Time: 0.003997

[0m   [0mAggregate  (cost=1615.81..1615.82 rows=1 width=0)
   ->  Index Scan using index_listings_on_id_and_user_id_and_title on listings  (cost=0.00..1615.79 rows=4 width=0)
         Index Cond: (user_id = 25297)
[0m
  [4;36;1mSQL (255.0ms)[0m   [0;1mSELECT count(*) AS count_all FROM "impressions" WHERE ("impressions".listing_id = 82633) [0m
  [4;35;1mAnalyzing  Execution Time: 0.255394

[0m   [0mAggregate  (cost=12714.08..12714.09 rows=1 width=0)
   ->  Seq Scan on impressions  (cost=0.00..12714.00 rows=31 width=0)
         Filter: (listing_id = 82633)
[0m
  [4;36;1mSQL (18.7ms)[0m   [0;1mSELECT count(*) AS count_all FROM "clicks" WHERE ("clicks".listing_id = 82633) [0m
  [4;35;1mAnalyzing  Execution Time: 0.019101

[0m   [0mAggregate  (cost=814.47..814.48 rows=1 width=0)
   ->  Seq Scan on clicks  (cost=0.00..814.46 rows=2 width=0)
         Filter: (listing_id = 82633)
[0m
  [4;36;1mSQL (2.2ms)[0m   [0;1mSELECT count(*) AS count_all FROM "listings" WHERE ("listings".user_id = 25294) [0m
  [4;35;1mAnalyzing  Execution Time: 0.002448

[0m   [0mAggregate  (cost=1615.81..1615.82 rows=1 width=0)
   ->  Index Scan using index_listings_on_id_and_user_id_and_title on listings  (cost=0.00..1615.79 rows=4 width=0)
         Index Cond: (user_id = 25294)
[0m
  [4;36;1mSQL (188.3ms)[0m   [0;1mSELECT count(*) AS count_all FROM "impressions" WHERE ("impressions".listing_id = 113039) [0m
  [4;35;1mAnalyzing  Execution Time: 0.188633

[0m   [0mAggregate  (cost=12714.08..12714.09 rows=1 width=0)
   ->  Seq Scan on impressions  (cost=0.00..12714.00 rows=31 width=0)
         Filter: (listing_id = 113039)
[0m
  [4;36;1mSQL (10.5ms)[0m   [0;1mSELECT count(*) AS count_all FROM "clicks" WHERE ("clicks".listing_id = 113039) [0m
  [4;35;1mAnalyzing  Execution Time: 0.010832

[0m   [0mAggregate  (cost=814.47..814.48 rows=1 width=0)
   ->  Seq Scan on clicks  (cost=0.00..814.46 rows=2 width=0)
         Filter: (listing_id = 113039)
[0m
  [4;36;1mSQL (4.3ms)[0m   [0;1mSELECT count(*) AS count_all FROM "listings" WHERE ("listings".user_id = 25293) [0m
  [4;35;1mAnalyzing  Execution Time: 0.004695

[0m   [0mAggregate  (cost=1615.81..1615.82 rows=1 width=0)
   ->  Index Scan using index_listings_on_id_and_user_id_and_title on listings  (cost=0.00..1615.79 rows=4 width=0)
         Index Cond: (user_id = 25293)
[0m
  [4;36;1mSQL (174.8ms)[0m   [0;1mSELECT count(*) AS count_all FROM "impressions" WHERE ("impressions".listing_id = 113038) [0m
  [4;35;1mAnalyzing  Execution Time: 0.175099

[0m   [0mAggregate  (cost=12714.08..12714.09 rows=1 width=0)
   ->  Seq Scan on impressions  (cost=0.00..12714.00 rows=31 width=0)
         Filter: (listing_id = 113038)
[0m
  [4;36;1mSQL (10.8ms)[0m   [0;1mSELECT count(*) AS count_all FROM "clicks" WHERE ("clicks".listing_id = 113038) [0m
  [4;35;1mAnalyzing  Execution Time: 0.011037

[0m   [0mAggregate  (cost=814.47..814.48 rows=1 width=0)
   ->  Seq Scan on clicks  (cost=0.00..814.46 rows=2 width=0)
         Filter: (listing_id = 113038)
[0m
  [4;36;1mSQL (5.1ms)[0m   [0;1mSELECT count(*) AS count_all FROM "listings" WHERE ("listings".user_id = 25292) [0m
  [4;35;1mAnalyzing  Execution Time: 0.005414

[0m   [0mAggregate  (cost=1615.81..1615.82 rows=1 width=0)
   ->  Index Scan using index_listings_on_id_and_user_id_and_title on listings  (cost=0.00..1615.79 rows=4 width=0)
         Index Cond: (user_id = 25292)
[0m
  [4;36;1mSQL (171.0ms)[0m   [0;1mSELECT count(*) AS count_all FROM "impressions" WHERE ("impressions".listing_id = 90101) [0m
  [4;35;1mAnalyzing  Execution Time: 0.17141

[0m   [0mAggregate  (cost=12714.08..12714.09 rows=1 width=0)
   ->  Seq Scan on impressions  (cost=0.00..12714.00 rows=31 width=0)
         Filter: (listing_id = 90101)
[0m
  [4;36;1mSQL (9.1ms)[0m   [0;1mSELECT count(*) AS count_all FROM "clicks" WHERE ("clicks".listing_id = 90101) [0m
  [4;35;1mAnalyzing  Execution Time: 0.009421

[0m   [0mAggregate  (cost=814.49..814.50 rows=1 width=0)
   ->  Seq Scan on clicks  (cost=0.00..814.46 rows=10 width=0)
         Filter: (listing_id = 90101)
[0m
  [4;36;1mSQL (2.1ms)[0m   [0;1mSELECT count(*) AS count_all FROM "listings" WHERE ("listings".user_id = 25291) [0m
  [4;35;1mAnalyzing  Execution Time: 0.002418

[0m   [0mAggregate  (cost=1615.81..1615.82 rows=1 width=0)
   ->  Index Scan using index_listings_on_id_and_user_id_and_title on listings  (cost=0.00..1615.79 rows=4 width=0)
         Index Cond: (user_id = 25291)
[0m
  [4;36;1mSQL (180.9ms)[0m   [0;1mSELECT count(*) AS count_all FROM "impressions" WHERE ("impressions".listing_id = 66214) [0m
  [4;35;1mAnalyzing  Execution Time: 0.181321

[0m   [0mAggregate  (cost=12714.08..12714.09 rows=1 width=0)
   ->  Seq Scan on impressions  (cost=0.00..12714.00 rows=31 width=0)
         Filter: (listing_id = 66214)
[0m
  [4;36;1mSQL (11.4ms)[0m   [0;1mSELECT count(*) AS count_all FROM "clicks" WHERE ("clicks".listing_id = 66214) [0m
  [4;35;1mAnalyzing  Execution Time: 0.011711

[0m   [0mAggregate  (cost=814.47..814.48 rows=1 width=0)
   ->  Seq Scan on clicks  (cost=0.00..814.46 rows=2 width=0)
         Filter: (listing_id = 66214)
[0m
  [4;36;1mSQL (3.1ms)[0m   [0;1mSELECT count(*) AS count_all FROM "listings" WHERE ("listings".user_id = 25290) [0m
  [4;35;1mAnalyzing  Execution Time: 0.003484

[0m   [0mAggregate  (cost=1615.81..1615.82 rows=1 width=0)
   ->  Index Scan using index_listings_on_id_and_user_id_and_title on listings  (cost=0.00..1615.79 rows=4 width=0)
         Index Cond: (user_id = 25290)
[0m
  [4;36;1mSQL (182.4ms)[0m   [0;1mSELECT count(*) AS count_all FROM "impressions" WHERE ("impressions".listing_id = 74712) [0m
  [4;35;1mAnalyzing  Execution Time: 0.182642

[0m   [0mAggregate  (cost=12714.08..12714.09 rows=1 width=0)
   ->  Seq Scan on impressions  (cost=0.00..12714.00 rows=31 width=0)
         Filter: (listing_id = 74712)
[0m
  [4;36;1mSQL (175.8ms)[0m   [0;1mSELECT count(*) AS count_all FROM "impressions" WHERE ("impressions".listing_id = 105962) [0m
  [4;35;1mAnalyzing  Execution Time: 0.176011

[0m   [0mAggregate  (cost=12714.08..12714.09 rows=1 width=0)
   ->  Seq Scan on impressions  (cost=0.00..12714.00 rows=31 width=0)
         Filter: (listing_id = 105962)
[0m
  [4;36;1mSQL (166.5ms)[0m   [0;1mSELECT count(*) AS count_all FROM "impressions" WHERE ("impressions".listing_id = 105964) [0m
  [4;35;1mAnalyzing  Execution Time: 0.166707

[0m   [0mAggregate  (cost=12714.08..12714.09 rows=1 width=0)
   ->  Seq Scan on impressions  (cost=0.00..12714.00 rows=31 width=0)
         Filter: (listing_id = 105964)
[0m
  [4;36;1mSQL (176.1ms)[0m   [0;1mSELECT count(*) AS count_all FROM "impressions" WHERE ("impressions".listing_id = 105965) [0m
  [4;35;1mAnalyzing  Execution Time: 0.176357

[0m   [0mAggregate  (cost=12714.08..12714.09 rows=1 width=0)
   ->  Seq Scan on impressions  (cost=0.00..12714.00 rows=31 width=0)
         Filter: (listing_id = 105965)
[0m
  [4;36;1mSQL (9.9ms)[0m   [0;1mSELECT count(*) AS count_all FROM "clicks" WHERE ("clicks".listing_id = 74712) [0m
  [4;35;1mAnalyzing  Execution Time: 0.010227

[0m   [0mAggregate  (cost=814.47..814.48 rows=1 width=0)
   ->  Seq Scan on clicks  (cost=0.00..814.46 rows=2 width=0)
         Filter: (listing_id = 74712)
[0m
  [4;36;1mSQL (9.6ms)[0m   [0;1mSELECT count(*) AS count_all FROM "clicks" WHERE ("clicks".listing_id = 105962) [0m
  [4;35;1mAnalyzing  Execution Time: 0.0099

[0m   [0mAggregate  (cost=814.47..814.48 rows=1 width=0)
   ->  Seq Scan on clicks  (cost=0.00..814.46 rows=2 width=0)
         Filter: (listing_id = 105962)
[0m
  [4;36;1mSQL (12.0ms)[0m   [0;1mSELECT count(*) AS count_all FROM "clicks" WHERE ("clicks".listing_id = 105964) [0m
  [4;35;1mAnalyzing  Execution Time: 0.012285

[0m   [0mAggregate  (cost=814.47..814.48 rows=1 width=0)
   ->  Seq Scan on clicks  (cost=0.00..814.46 rows=2 width=0)
         Filter: (listing_id = 105964)
[0m
  [4;36;1mSQL (9.9ms)[0m   [0;1mSELECT count(*) AS count_all FROM "clicks" WHERE ("clicks".listing_id = 105965) [0m
  [4;35;1mAnalyzing  Execution Time: 0.010194

[0m   [0mAggregate  (cost=814.47..814.48 rows=1 width=0)
   ->  Seq Scan on clicks  (cost=0.00..814.46 rows=2 width=0)
         Filter: (listing_id = 105965)
[0m
  [4;36;1mSQL (5.0ms)[0m   [0;1mSELECT count(*) AS count_all FROM "listings" WHERE ("listings".user_id = 25289) [0m
  [4;35;1mAnalyzing  Execution Time: 0.005317

[0m   [0mAggregate  (cost=1615.81..1615.82 rows=1 width=0)
   ->  Index Scan using index_listings_on_id_and_user_id_and_title on listings  (cost=0.00..1615.79 rows=4 width=0)
         Index Cond: (user_id = 25289)
[0m
  [4;36;1mSQL (183.4ms)[0m   [0;1mSELECT count(*) AS count_all FROM "impressions" WHERE ("impressions".listing_id = 113037) [0m
  [4;35;1mAnalyzing  Execution Time: 0.183643

[0m   [0mAggregate  (cost=12717.17..12717.18 rows=1 width=0)
   ->  Seq Scan on impressions  (cost=0.00..12714.00 rows=1267 width=0)
         Filter: (listing_id = 113037)
[0m
  [4;36;1mSQL (10.5ms)[0m   [0;1mSELECT count(*) AS count_all FROM "clicks" WHERE ("clicks".listing_id = 113037) [0m
  [4;35;1mAnalyzing  Execution Time: 0.010958

[0m   [0mAggregate  (cost=814.50..814.51 rows=1 width=0)
   ->  Seq Scan on clicks  (cost=0.00..814.46 rows=13 width=0)
         Filter: (listing_id = 113037)
[0m
  [4;36;1mSQL (2.1ms)[0m   [0;1mSELECT count(*) AS count_all FROM "listings" WHERE ("listings".user_id = 25271) [0m
  [4;35;1mAnalyzing  Execution Time: 0.002421

[0m   [0mAggregate  (cost=1615.81..1615.82 rows=1 width=0)
   ->  Index Scan using index_listings_on_id_and_user_id_and_title on listings  (cost=0.00..1615.79 rows=4 width=0)
         Index Cond: (user_id = 25271)
[0m
  [4;36;1mSQL (192.3ms)[0m   [0;1mSELECT count(*) AS count_all FROM "impressions" WHERE ("impressions".listing_id = 113022) [0m
  [4;35;1mAnalyzing  Execution Time: 0.19287

[0m   [0mAggregate  (cost=12723.85..12723.86 rows=1 width=0)
   ->  Seq Scan on impressions  (cost=0.00..12714.00 rows=3941 width=0)
         Filter: (listing_id = 113022)
[0m
  [4;36;1mSQL (10.3ms)[0m   [0;1mSELECT count(*) AS count_all FROM "clicks" WHERE ("clicks".listing_id = 113022) [0m
  [4;35;1mAnalyzing  Execution Time: 0.010632

[0m   [0mAggregate  (cost=814.60..814.61 rows=1 width=0)
   ->  Seq Scan on clicks  (cost=0.00..814.46 rows=53 width=0)
         Filter: (listing_id = 113022)
[0m
  [4;36;1mSQL (3.3ms)[0m   [0;1mSELECT count(*) AS count_all FROM "listings" WHERE ("listings".user_id = 25270) [0m
  [4;35;1mAnalyzing  Execution Time: 0.003671

[0m   [0mAggregate  (cost=1615.81..1615.82 rows=1 width=0)
   ->  Index Scan using index_listings_on_id_and_user_id_and_title on listings  (cost=0.00..1615.79 rows=4 width=0)
         Index Cond: (user_id = 25270)
[0m
  [4;36;1mSQL (178.3ms)[0m   [0;1mSELECT count(*) AS count_all FROM "impressions" WHERE ("impressions".listing_id = 86230) [0m
  [4;35;1mAnalyzing  Execution Time: 0.17854

[0m   [0mAggregate  (cost=12723.16..12723.17 rows=1 width=0)
   ->  Seq Scan on impressions  (cost=0.00..12714.00 rows=3662 width=0)
         Filter: (listing_id = 86230)
[0m
  [4;36;1mSQL (17.5ms)[0m   [0;1mSELECT count(*) AS count_all FROM "clicks" WHERE ("clicks".listing_id = 86230) [0m
  [4;35;1mAnalyzing  Execution Time: 0.01781

[0m   [0mAggregate  (cost=814.53..814.54 rows=1 width=0)
   ->  Seq Scan on clicks  (cost=0.00..814.46 rows=27 width=0)
         Filter: (listing_id = 86230)
[0m
  [4;36;1mSQL (2.9ms)[0m   [0;1mSELECT count(*) AS count_all FROM "listings" WHERE ("listings".user_id = 25267) [0m
  [4;35;1mAnalyzing  Execution Time: 0.003138

[0m   [0mAggregate  (cost=1615.81..1615.82 rows=1 width=0)
   ->  Index Scan using index_listings_on_id_and_user_id_and_title on listings  (cost=0.00..1615.79 rows=4 width=0)
         Index Cond: (user_id = 25267)
[0m
  [4;36;1mSQL (190.4ms)[0m   [0;1mSELECT count(*) AS count_all FROM "impressions" WHERE ("impressions".listing_id = 87237) [0m
  [4;35;1mAnalyzing  Execution Time: 0.190717

[0m   [0mAggregate  (cost=12714.08..12714.09 rows=1 width=0)
   ->  Seq Scan on impressions  (cost=0.00..12714.00 rows=31 width=0)
         Filter: (listing_id = 87237)
[0m
  [4;36;1mSQL (11.5ms)[0m   [0;1mSELECT count(*) AS count_all FROM "clicks" WHERE ("clicks".listing_id = 87237) [0m
  [4;35;1mAnalyzing  Execution Time: 0.011742

[0m   [0mAggregate  (cost=814.47..814.48 rows=1 width=0)
   ->  Seq Scan on clicks  (cost=0.00..814.46 rows=2 width=0)
         Filter: (listing_id = 87237)
[0m
  [4;36;1mSQL (3.4ms)[0m   [0;1mSELECT count(*) AS count_all FROM "listings" WHERE ("listings".user_id = 25266) [0m
  [4;35;1mAnalyzing  Execution Time: 0.003734

[0m   [0mAggregate  (cost=1615.81..1615.82 rows=1 width=0)
   ->  Index Scan using index_listings_on_id_and_user_id_and_title on listings  (cost=0.00..1615.79 rows=4 width=0)
         Index Cond: (user_id = 25266)
[0m
  [4;36;1mSQL (170.2ms)[0m   [0;1mSELECT count(*) AS count_all FROM "impressions" WHERE ("impressions".listing_id = 113019) [0m
  [4;35;1mAnalyzing  Execution Time: 0.170465

[0m   [0mAggregate  (cost=12714.08..12714.09 rows=1 width=0)
   ->  Seq Scan on impressions  (cost=0.00..12714.00 rows=31 width=0)
         Filter: (listing_id = 113019)
[0m
  [4;36;1mSQL (170.6ms)[0m   [0;1mSELECT count(*) AS count_all FROM "impressions" WHERE ("impressions".listing_id = 113067) [0m
  [4;35;1mAnalyzing  Execution Time: 0.170918

[0m   [0mAggregate  (cost=12714.08..12714.09 rows=1 width=0)
   ->  Seq Scan on impressions  (cost=0.00..12714.00 rows=31 width=0)
         Filter: (listing_id = 113067)
[0m
  [4;36;1mSQL (171.9ms)[0m   [0;1mSELECT count(*) AS count_all FROM "impressions" WHERE ("impressions".listing_id = 113068) [0m
  [4;35;1mAnalyzing  Execution Time: 0.172161

[0m   [0mAggregate  (cost=12714.08..12714.09 rows=1 width=0)
   ->  Seq Scan on impressions  (cost=0.00..12714.00 rows=31 width=0)
         Filter: (listing_id = 113068)
[0m
  [4;36;1mSQL (10.1ms)[0m   [0;1mSELECT count(*) AS count_all FROM "clicks" WHERE ("clicks".listing_id = 113019) [0m
  [4;35;1mAnalyzing  Execution Time: 0.010389

[0m   [0mAggregate  (cost=814.47..814.48 rows=1 width=0)
   ->  Seq Scan on clicks  (cost=0.00..814.46 rows=2 width=0)
         Filter: (listing_id = 113019)
[0m
  [4;36;1mSQL (9.9ms)[0m   [0;1mSELECT count(*) AS count_all FROM "clicks" WHERE ("clicks".listing_id = 113067) [0m
  [4;35;1mAnalyzing  Execution Time: 0.010223

[0m   [0mAggregate  (cost=814.47..814.48 rows=1 width=0)
   ->  Seq Scan on clicks  (cost=0.00..814.46 rows=2 width=0)
         Filter: (listing_id = 113067)
[0m
  [4;36;1mSQL (9.0ms)[0m   [0;1mSELECT count(*) AS count_all FROM "clicks" WHERE ("clicks".listing_id = 113068) [0m
  [4;35;1mAnalyzing  Execution Time: 0.009258

[0m   [0mAggregate  (cost=814.47..814.48 rows=1 width=0)
   ->  Seq Scan on clicks  (cost=0.00..814.46 rows=2 width=0)
         Filter: (listing_id = 113068)
[0m
  [4;36;1mSQL (4.6ms)[0m   [0;1mSELECT count(*) AS count_all FROM "listings" WHERE ("listings".user_id = 25265) [0m
  [4;35;1mAnalyzing  Execution Time: 0.004816

[0m   [0mAggregate  (cost=1615.81..1615.82 rows=1 width=0)
   ->  Index Scan using index_listings_on_id_and_user_id_and_title on listings  (cost=0.00..1615.79 rows=4 width=0)
         Index Cond: (user_id = 25265)
[0m
  [4;36;1mSQL (173.2ms)[0m   [0;1mSELECT count(*) AS count_all FROM "impressions" WHERE ("impressions".listing_id = 73326) [0m
  [4;35;1mAnalyzing  Execution Time: 0.17372

[0m   [0mAggregate  (cost=12714.08..12714.09 rows=1 width=0)
   ->  Seq Scan on impressions  (cost=0.00..12714.00 rows=31 width=0)
         Filter: (listing_id = 73326)
[0m
  [4;36;1mSQL (167.9ms)[0m   [0;1mSELECT count(*) AS count_all FROM "impressions" WHERE ("impressions".listing_id = 88124) [0m
  [4;35;1mAnalyzing  Execution Time: 0.168189

[0m   [0mAggregate  (cost=12714.08..12714.09 rows=1 width=0)
   ->  Seq Scan on impressions  (cost=0.00..12714.00 rows=31 width=0)
         Filter: (listing_id = 88124)
[0m
  [4;36;1mSQL (166.0ms)[0m   [0;1mSELECT count(*) AS count_all FROM "impressions" WHERE ("impressions".listing_id = 88125) [0m
  [4;35;1mAnalyzing  Execution Time: 0.166288

[0m   [0mAggregate  (cost=12714.08..12714.09 rows=1 width=0)
   ->  Seq Scan on impressions  (cost=0.00..12714.00 rows=31 width=0)
         Filter: (listing_id = 88125)
[0m
  [4;36;1mSQL (176.7ms)[0m   [0;1mSELECT count(*) AS count_all FROM "impressions" WHERE ("impressions".listing_id = 113017) [0m
  [4;35;1mAnalyzing  Execution Time: 0.176965

[0m   [0mAggregate  (cost=12714.08..12714.09 rows=1 width=0)
   ->  Seq Scan on impressions  (cost=0.00..12714.00 rows=31 width=0)
         Filter: (listing_id = 113017)
[0m
  [4;36;1mSQL (164.0ms)[0m   [0;1mSELECT count(*) AS count_all FROM "impressions" WHERE ("impressions".listing_id = 113018) [0m
  [4;35;1mAnalyzing  Execution Time: 0.16431

[0m   [0mAggregate  (cost=12714.08..12714.09 rows=1 width=0)
   ->  Seq Scan on impressions  (cost=0.00..12714.00 rows=31 width=0)
         Filter: (listing_id = 113018)
[0m
  [4;36;1mSQL (8.7ms)[0m   [0;1mSELECT count(*) AS count_all FROM "clicks" WHERE ("clicks".listing_id = 73326) [0m
  [4;35;1mAnalyzing  Execution Time: 0.008981

[0m   [0mAggregate  (cost=814.47..814.48 rows=1 width=0)
   ->  Seq Scan on clicks  (cost=0.00..814.46 rows=2 width=0)
         Filter: (listing_id = 73326)
[0m
  [4;36;1mSQL (10.3ms)[0m   [0;1mSELECT count(*) AS count_all FROM "clicks" WHERE ("clicks".listing_id = 88124) [0m
  [4;35;1mAnalyzing  Execution Time: 0.010556

[0m   [0mAggregate  (cost=814.47..814.48 rows=1 width=0)
   ->  Seq Scan on clicks  (cost=0.00..814.46 rows=2 width=0)
         Filter: (listing_id = 88124)
[0m
  [4;36;1mSQL (8.5ms)[0m   [0;1mSELECT count(*) AS count_all FROM "clicks" WHERE ("clicks".listing_id = 88125) [0m
  [4;35;1mAnalyzing  Execution Time: 0.008768

[0m   [0mAggregate  (cost=814.47..814.48 rows=1 width=0)
   ->  Seq Scan on clicks  (cost=0.00..814.46 rows=2 width=0)
         Filter: (listing_id = 88125)
[0m
  [4;36;1mSQL (17.7ms)[0m   [0;1mSELECT count(*) AS count_all FROM "clicks" WHERE ("clicks".listing_id = 113017) [0m
  [4;35;1mAnalyzing  Execution Time: 0.017934

[0m   [0mAggregate  (cost=814.47..814.48 rows=1 width=0)
   ->  Seq Scan on clicks  (cost=0.00..814.46 rows=2 width=0)
         Filter: (listing_id = 113017)
[0m
  [4;36;1mSQL (12.8ms)[0m   [0;1mSELECT count(*) AS count_all FROM "clicks" WHERE ("clicks".listing_id = 113018) [0m
  [4;35;1mAnalyzing  Execution Time: 0.013092

[0m   [0mAggregate  (cost=814.47..814.48 rows=1 width=0)
   ->  Seq Scan on clicks  (cost=0.00..814.46 rows=2 width=0)
         Filter: (listing_id = 113018)
[0m
  [4;36;1mSQL (12.4ms)[0m   [0;1mSELECT count(*) AS count_all FROM "listings" WHERE ("listings".user_id = 25264) [0m
  [4;35;1mAnalyzing  Execution Time: 0.01265

[0m   [0mAggregate  (cost=1615.81..1615.82 rows=1 width=0)
   ->  Index Scan using index_listings_on_id_and_user_id_and_title on listings  (cost=0.00..1615.79 rows=4 width=0)
         Index Cond: (user_id = 25264)
[0m
  [4;36;1mSQL (167.8ms)[0m   [0;1mSELECT count(*) AS count_all FROM "impressions" WHERE ("impressions".listing_id = 81941) [0m
  [4;35;1mAnalyzing  Execution Time: 0.168355

[0m   [0mAggregate  (cost=12714.08..12714.09 rows=1 width=0)
   ->  Seq Scan on impressions  (cost=0.00..12714.00 rows=31 width=0)
         Filter: (listing_id = 81941)
[0m
  [4;36;1mSQL (9.2ms)[0m   [0;1mSELECT count(*) AS count_all FROM "clicks" WHERE ("clicks".listing_id = 81941) [0m
  [4;35;1mAnalyzing  Execution Time: 0.009485

[0m   [0mAggregate  (cost=814.49..814.50 rows=1 width=0)
   ->  Seq Scan on clicks  (cost=0.00..814.46 rows=10 width=0)
         Filter: (listing_id = 81941)
[0m
  [4;36;1mSQL (6.4ms)[0m   [0;1mSELECT count(*) AS count_all FROM "listings" WHERE ("listings".user_id = 25263) [0m
  [4;35;1mAnalyzing  Execution Time: 0.006654

[0m   [0mAggregate  (cost=1615.81..1615.82 rows=1 width=0)
   ->  Index Scan using index_listings_on_id_and_user_id_and_title on listings  (cost=0.00..1615.79 rows=4 width=0)
         Index Cond: (user_id = 25263)
[0m
  [4;36;1mSQL (168.0ms)[0m   [0;1mSELECT count(*) AS count_all FROM "impressions" WHERE ("impressions".listing_id = 67489) [0m
  [4;35;1mAnalyzing  Execution Time: 0.168304

[0m   [0mAggregate  (cost=12714.08..12714.09 rows=1 width=0)
   ->  Seq Scan on impressions  (cost=0.00..12714.00 rows=31 width=0)
         Filter: (listing_id = 67489)
[0m
  [4;36;1mSQL (10.0ms)[0m   [0;1mSELECT count(*) AS count_all FROM "clicks" WHERE ("clicks".listing_id = 67489) [0m
  [4;35;1mAnalyzing  Execution Time: 0.010228

[0m   [0mAggregate  (cost=814.47..814.48 rows=1 width=0)
   ->  Seq Scan on clicks  (cost=0.00..814.46 rows=2 width=0)
         Filter: (listing_id = 67489)
[0m
  [4;36;1mSQL (2.6ms)[0m   [0;1mSELECT count(*) AS count_all FROM "listings" WHERE ("listings".user_id = 25262) [0m
  [4;35;1mAnalyzing  Execution Time: 0.003005

[0m   [0mAggregate  (cost=1615.81..1615.82 rows=1 width=0)
   ->  Index Scan using index_listings_on_id_and_user_id_and_title on listings  (cost=0.00..1615.79 rows=4 width=0)
         Index Cond: (user_id = 25262)
[0m
  [4;36;1mSQL (174.9ms)[0m   [0;1mSELECT count(*) AS count_all FROM "impressions" WHERE ("impressions".listing_id = 113016) [0m
  [4;35;1mAnalyzing  Execution Time: 0.175252

[0m   [0mAggregate  (cost=12714.08..12714.09 rows=1 width=0)
   ->  Seq Scan on impressions  (cost=0.00..12714.00 rows=31 width=0)
         Filter: (listing_id = 113016)
[0m
  [4;36;1mSQL (10.0ms)[0m   [0;1mSELECT count(*) AS count_all FROM "clicks" WHERE ("clicks".listing_id = 113016) [0m
  [4;35;1mAnalyzing  Execution Time: 0.010224

[0m   [0mAggregate  (cost=814.47..814.48 rows=1 width=0)
   ->  Seq Scan on clicks  (cost=0.00..814.46 rows=2 width=0)
         Filter: (listing_id = 113016)
[0m
  [4;36;1mSQL (2.3ms)[0m   [0;1mSELECT count(*) AS count_all FROM "listings" WHERE ("listings".user_id = 25261) [0m
  [4;35;1mAnalyzing  Execution Time: 0.002553

[0m   [0mAggregate  (cost=1615.81..1615.82 rows=1 width=0)
   ->  Index Scan using index_listings_on_id_and_user_id_and_title on listings  (cost=0.00..1615.79 rows=4 width=0)
         Index Cond: (user_id = 25261)
[0m
  [4;36;1mSQL (168.9ms)[0m   [0;1mSELECT count(*) AS count_all FROM "impressions" WHERE ("impressions".listing_id = 72333) [0m
  [4;35;1mAnalyzing  Execution Time: 0.169167

[0m   [0mAggregate  (cost=12714.08..12714.09 rows=1 width=0)
   ->  Seq Scan on impressions  (cost=0.00..12714.00 rows=31 width=0)
         Filter: (listing_id = 72333)
[0m
  [4;36;1mSQL (168.3ms)[0m   [0;1mSELECT count(*) AS count_all FROM "impressions" WHERE ("impressions".listing_id = 113021) [0m
  [4;35;1mAnalyzing  Execution Time: 0.16862

[0m   [0mAggregate  (cost=12714.08..12714.09 rows=1 width=0)
   ->  Seq Scan on impressions  (cost=0.00..12714.00 rows=31 width=0)
         Filter: (listing_id = 113021)
[0m
  [4;36;1mSQL (9.5ms)[0m   [0;1mSELECT count(*) AS count_all FROM "clicks" WHERE ("clicks".listing_id = 72333) [0m
  [4;35;1mAnalyzing  Execution Time: 0.009764

[0m   [0mAggregate  (cost=814.50..814.51 rows=1 width=0)
   ->  Seq Scan on clicks  (cost=0.00..814.46 rows=13 width=0)
         Filter: (listing_id = 72333)
[0m
  [4;36;1mSQL (12.3ms)[0m   [0;1mSELECT count(*) AS count_all FROM "clicks" WHERE ("clicks".listing_id = 113021) [0m
  [4;35;1mAnalyzing  Execution Time: 0.012503

[0m   [0mAggregate  (cost=814.47..814.48 rows=1 width=0)
   ->  Seq Scan on clicks  (cost=0.00..814.46 rows=2 width=0)
         Filter: (listing_id = 113021)
[0m
  [4;36;1mSQL (4.5ms)[0m   [0;1mSELECT count(*) AS count_all FROM "listings" WHERE ("listings".user_id = 25256) [0m
  [4;35;1mAnalyzing  Execution Time: 0.004712

[0m   [0mAggregate  (cost=1615.81..1615.82 rows=1 width=0)
   ->  Index Scan using index_listings_on_id_and_user_id_and_title on listings  (cost=0.00..1615.79 rows=4 width=0)
         Index Cond: (user_id = 25256)
[0m
  [4;36;1mSQL (176.3ms)[0m   [0;1mSELECT count(*) AS count_all FROM "impressions" WHERE ("impressions".listing_id = 113007) [0m
  [4;35;1mAnalyzing  Execution Time: 0.176568

[0m   [0mAggregate  (cost=12714.08..12714.09 rows=1 width=0)
   ->  Seq Scan on impressions  (cost=0.00..12714.00 rows=31 width=0)
         Filter: (listing_id = 113007)
[0m
  [4;36;1mSQL (11.0ms)[0m   [0;1mSELECT count(*) AS count_all FROM "clicks" WHERE ("clicks".listing_id = 113007) [0m
  [4;35;1mAnalyzing  Execution Time: 0.011242

[0m   [0mAggregate  (cost=814.47..814.48 rows=1 width=0)
   ->  Seq Scan on clicks  (cost=0.00..814.46 rows=2 width=0)
         Filter: (listing_id = 113007)
[0m
  [4;36;1mSQL (2.0ms)[0m   [0;1mSELECT count(*) AS count_all FROM "listings" WHERE ("listings".user_id = 25246) [0m
  [4;35;1mAnalyzing  Execution Time: 0.002293

[0m   [0mAggregate  (cost=1615.81..1615.82 rows=1 width=0)
   ->  Index Scan using index_listings_on_id_and_user_id_and_title on listings  (cost=0.00..1615.79 rows=4 width=0)
         Index Cond: (user_id = 25246)
[0m
  [4;36;1mSQL (163.4ms)[0m   [0;1mSELECT count(*) AS count_all FROM "impressions" WHERE ("impressions".listing_id = 66449) [0m
  [4;35;1mAnalyzing  Execution Time: 0.163734

[0m   [0mAggregate  (cost=12714.08..12714.09 rows=1 width=0)
   ->  Seq Scan on impressions  (cost=0.00..12714.00 rows=31 width=0)
         Filter: (listing_id = 66449)
[0m
  [4;36;1mSQL (170.5ms)[0m   [0;1mSELECT count(*) AS count_all FROM "impressions" WHERE ("impressions".listing_id = 113005) [0m
  [4;35;1mAnalyzing  Execution Time: 0.171053

[0m   [0mAggregate  (cost=12714.08..12714.09 rows=1 width=0)
   ->  Seq Scan on impressions  (cost=0.00..12714.00 rows=31 width=0)
         Filter: (listing_id = 113005)
[0m
  [4;36;1mSQL (10.6ms)[0m   [0;1mSELECT count(*) AS count_all FROM "clicks" WHERE ("clicks".listing_id = 66449) [0m
  [4;35;1mAnalyzing  Execution Time: 0.010914

[0m   [0mAggregate  (cost=814.51..814.52 rows=1 width=0)
   ->  Seq Scan on clicks  (cost=0.00..814.46 rows=19 width=0)
         Filter: (listing_id = 66449)
[0m
  [4;36;1mSQL (10.2ms)[0m   [0;1mSELECT count(*) AS count_all FROM "clicks" WHERE ("clicks".listing_id = 113005) [0m
  [4;35;1mAnalyzing  Execution Time: 0.010473

[0m   [0mAggregate  (cost=814.47..814.48 rows=1 width=0)
   ->  Seq Scan on clicks  (cost=0.00..814.46 rows=2 width=0)
         Filter: (listing_id = 113005)
[0m
  [4;36;1mSQL (3.1ms)[0m   [0;1mSELECT count(*) AS count_all FROM "listings" WHERE ("listings".user_id = 25242) [0m
  [4;35;1mAnalyzing  Execution Time: 0.003372

[0m   [0mAggregate  (cost=1615.81..1615.82 rows=1 width=0)
   ->  Index Scan using index_listings_on_id_and_user_id_and_title on listings  (cost=0.00..1615.79 rows=4 width=0)
         Index Cond: (user_id = 25242)
[0m
  [4;36;1mSQL (183.3ms)[0m   [0;1mSELECT count(*) AS count_all FROM "impressions" WHERE ("impressions".listing_id = 85480) [0m
  [4;35;1mAnalyzing  Execution Time: 0.183573

[0m   [0mAggregate  (cost=12729.74..12729.75 rows=1 width=0)
   ->  Seq Scan on impressions  (cost=0.00..12714.00 rows=6294 width=0)
         Filter: (listing_id = 85480)
[0m
  [4;36;1mSQL (170.1ms)[0m   [0;1mSELECT count(*) AS count_all FROM "impressions" WHERE ("impressions".listing_id = 85481) [0m
  [4;35;1mAnalyzing  Execution Time: 0.170426

[0m   [0mAggregate  (cost=12730.96..12730.97 rows=1 width=0)
   ->  Seq Scan on impressions  (cost=0.00..12714.00 rows=6782 width=0)
         Filter: (listing_id = 85481)
[0m
  [4;36;1mSQL (9.9ms)[0m   [0;1mSELECT count(*) AS count_all FROM "clicks" WHERE ("clicks".listing_id = 85480) [0m
  [4;35;1mAnalyzing  Execution Time: 0.010209

[0m   [0mAggregate  (cost=816.04..816.05 rows=1 width=0)
   ->  Seq Scan on clicks  (cost=0.00..814.46 rows=629 width=0)
         Filter: (listing_id = 85480)
[0m
  [4;36;1mSQL (18.0ms)[0m   [0;1mSELECT count(*) AS count_all FROM "clicks" WHERE ("clicks".listing_id = 85481) [0m
  [4;35;1mAnalyzing  Execution Time: 0.018334

[0m   [0mAggregate  (cost=814.85..814.86 rows=1 width=0)
   ->  Seq Scan on clicks  (cost=0.00..814.46 rows=154 width=0)
         Filter: (listing_id = 85481)
[0m
DEPRECATION WARNING: require "activerecord" is deprecated and will be removed in Rails 3. Use require "active_record" instead.. (called from /usr/local/lib/ruby/gems/1.8/gems/activerecord-2.3.5/lib/activerecord.rb:2)
** has_many_polymorphs: rails environment detected
** has_many_polymorphs: loaded ok
** has_many_polymorphs: autoload hook invoked
** has_many_polymorphs: preloading parent model Block
** has_many_polymorphs: associating Block.models
  [4;36;1mSQL (0.4ms)[0m   [0;1mSET client_min_messages TO 'panic'[0m
  [4;35;1mSQL (0.1ms)[0m   [0mSET client_min_messages TO 'notice'[0m
** has_many_polymorphs: preloading parent model View
** has_many_polymorphs: associating View.models
** has_many_polymorphs: autoload hook invoked
** has_many_polymorphs: preloading parent model Block
** has_many_polymorphs: preloading parent model View
  [4;36;1mClient Load (4.4ms)[0m   [0;1mSELECT * FROM "users" WHERE (created_at <= '2011-02-26 19:37:34.071066') AND ("users"."status" = E'active') AND ( ("users"."type" = 'Client' ) ) ORDER BY created_at DESC, activated_at DESC[0m
  [4;35;1mAnalyzing Client Load Execution Time: 0.032866

[0m   [0mSort  (cost=30.21..30.38 rows=67 width=574)
   Sort Key: created_at, activated_at
   ->  Seq Scan on users  (cost=0.00..28.18 rows=67 width=574)
         Filter: ((created_at <= '2011-02-26 19:37:34.071066'::timestamp without time zone) AND ((status)::text = 'active'::text) AND ((type)::text = 'Client'::text))
[0m
  [4;36;1mListing Load (23.9ms)[0m   [0;1mSELECT "listings".* FROM "listings" WHERE ("listings".user_id IN (25351,25350,25348,25347,25346,25345,25343,25342,25341,25340,25339,25338,25337,25336,25335,25334,25331,25330,25329,25328,25327,25326,25325,25324,25323,25322,25320,25319,25318,25317,25316,25314,25313,25312,25311,25310,25308,25307,25306,25305,25303,25302,25297,25294,25293,25292,25291,25290,25289,25271,25270,25267,25266,25265,25264,25263,25262,25261,25256,25246,25242)) [0m
  [4;35;1mAnalyzing Listing Load Execution Time: 0.085931

[0m   [0mSeq Scan on listings  (cost=0.00..5174.18 rows=242 width=1172)
   Filter: (user_id = ANY ('{25351,25350,25348,25347,25346,25345,25343,25342,25341,25340,25339,25338,25337,25336,25335,25334,25331,25330,25329,25328,25327,25326,25325,25324,25323,25322,25320,25319,25318,25317,25316,25314,25313,25312,25311,25310,25308,25307,25306,25305,25303,25302,25297,25294,25293,25292,25291,25290,25289,25271,25270,25267,25266,25265,25264,25263,25262,25261,25256,25246,25242}'::integer[]))
[0m
  [4;36;1mSQL (6.3ms)[0m   [0;1mSELECT count(*) AS count_all FROM "listings" WHERE ("listings".user_id = 25351) [0m
  [4;35;1mAnalyzing  Execution Time: 0.006576

[0m   [0mAggregate  (cost=1615.81..1615.82 rows=1 width=0)
   ->  Index Scan using index_listings_on_id_and_user_id_and_title on listings  (cost=0.00..1615.79 rows=4 width=0)
         Index Cond: (user_id = 25351)
[0m
  [4;36;1mSQL (178.9ms)[0m   [0;1mSELECT count(*) AS count_all FROM "impressions" WHERE ("impressions".listing_id = 113071) [0m
  [4;35;1mAnalyzing  Execution Time: 0.179169

[0m   [0mAggregate  (cost=12714.08..12714.09 rows=1 width=0)
   ->  Seq Scan on impressions  (cost=0.00..12714.00 rows=31 width=0)
         Filter: (listing_id = 113071)
[0m
  [4;36;1mSQL (13.0ms)[0m   [0;1mSELECT count(*) AS count_all FROM "clicks" WHERE ("clicks".listing_id = 113071) [0m
  [4;35;1mAnalyzing  Execution Time: 0.013295

[0m   [0mAggregate  (cost=814.47..814.48 rows=1 width=0)
   ->  Seq Scan on clicks  (cost=0.00..814.46 rows=2 width=0)
         Filter: (listing_id = 113071)
[0m
  [4;36;1mSQL (2.3ms)[0m   [0;1mSELECT count(*) AS count_all FROM "listings" WHERE ("listings".user_id = 25350) [0m
  [4;35;1mAnalyzing  Execution Time: 0.002602

[0m   [0mAggregate  (cost=1615.81..1615.82 rows=1 width=0)
   ->  Index Scan using index_listings_on_id_and_user_id_and_title on listings  (cost=0.00..1615.79 rows=4 width=0)
         Index Cond: (user_id = 25350)
[0m
  [4;36;1mSQL (180.6ms)[0m   [0;1mSELECT count(*) AS count_all FROM "impressions" WHERE ("impressions".listing_id = 113070) [0m
  [4;35;1mAnalyzing  Execution Time: 0.180882

[0m   [0mAggregate  (cost=12714.08..12714.09 rows=1 width=0)
   ->  Seq Scan on impressions  (cost=0.00..12714.00 rows=31 width=0)
         Filter: (listing_id = 113070)
[0m
  [4;36;1mSQL (9.8ms)[0m   [0;1mSELECT count(*) AS count_all FROM "clicks" WHERE ("clicks".listing_id = 113070) [0m
  [4;35;1mAnalyzing  Execution Time: 0.010053

[0m   [0mAggregate  (cost=814.47..814.48 rows=1 width=0)
   ->  Seq Scan on clicks  (cost=0.00..814.46 rows=2 width=0)
         Filter: (listing_id = 113070)
[0m
  [4;36;1mSQL (2.6ms)[0m   [0;1mSELECT count(*) AS count_all FROM "listings" WHERE ("listings".user_id = 25348) [0m
  [4;35;1mAnalyzing  Execution Time: 0.00286

[0m   [0mAggregate  (cost=1615.81..1615.82 rows=1 width=0)
   ->  Index Scan using index_listings_on_id_and_user_id_and_title on listings  (cost=0.00..1615.79 rows=4 width=0)
         Index Cond: (user_id = 25348)
[0m
  [4;36;1mSQL (181.6ms)[0m   [0;1mSELECT count(*) AS count_all FROM "impressions" WHERE ("impressions".listing_id = 113069) [0m
  [4;35;1mAnalyzing  Execution Time: 0.181847

[0m   [0mAggregate  (cost=12714.08..12714.09 rows=1 width=0)
   ->  Seq Scan on impressions  (cost=0.00..12714.00 rows=31 width=0)
         Filter: (listing_id = 113069)
[0m
  [4;36;1mSQL (184.3ms)[0m   [0;1mSELECT count(*) AS count_all FROM "impressions" WHERE ("impressions".listing_id = 113094) [0m
  [4;35;1mAnalyzing  Execution Time: 0.184618

[0m   [0mAggregate  (cost=12714.08..12714.09 rows=1 width=0)
   ->  Seq Scan on impressions  (cost=0.00..12714.00 rows=31 width=0)
         Filter: (listing_id = 113094)
[0m
  [4;36;1mSQL (178.6ms)[0m   [0;1mSELECT count(*) AS count_all FROM "impressions" WHERE ("impressions".listing_id = 113095) [0m
  [4;35;1mAnalyzing  Execution Time: 0.178922

[0m   [0mAggregate  (cost=12714.08..12714.09 rows=1 width=0)
   ->  Seq Scan on impressions  (cost=0.00..12714.00 rows=31 width=0)
         Filter: (listing_id = 113095)
[0m
  [4;36;1mSQL (179.0ms)[0m   [0;1mSELECT count(*) AS count_all FROM "impressions" WHERE ("impressions".listing_id = 113096) [0m
  [4;35;1mAnalyzing  Execution Time: 0.179246

[0m   [0mAggregate  (cost=12714.08..12714.09 rows=1 width=0)
   ->  Seq Scan on impressions  (cost=0.00..12714.00 rows=31 width=0)
         Filter: (listing_id = 113096)
[0m
  [4;36;1mSQL (9.7ms)[0m   [0;1mSELECT count(*) AS count_all FROM "clicks" WHERE ("clicks".listing_id = 113069) [0m
  [4;35;1mAnalyzing  Execution Time: 0.009929

[0m   [0mAggregate  (cost=814.47..814.48 rows=1 width=0)
   ->  Seq Scan on clicks  (cost=0.00..814.46 rows=2 width=0)
         Filter: (listing_id = 113069)
[0m
  [4;36;1mSQL (8.9ms)[0m   [0;1mSELECT count(*) AS count_all FROM "clicks" WHERE ("clicks".listing_id = 113094) [0m
  [4;35;1mAnalyzing  Execution Time: 0.009188

[0m   [0mAggregate  (cost=814.47..814.48 rows=1 width=0)
   ->  Seq Scan on clicks  (cost=0.00..814.46 rows=2 width=0)
         Filter: (listing_id = 113094)
[0m
  [4;36;1mSQL (18.6ms)[0m   [0;1mSELECT count(*) AS count_all FROM "clicks" WHERE ("clicks".listing_id = 113095) [0m
  [4;35;1mAnalyzing  Execution Time: 0.018825

[0m   [0mAggregate  (cost=814.47..814.48 rows=1 width=0)
   ->  Seq Scan on clicks  (cost=0.00..814.46 rows=2 width=0)
         Filter: (listing_id = 113095)
[0m
  [4;36;1mSQL (8.7ms)[0m   [0;1mSELECT count(*) AS count_all FROM "clicks" WHERE ("clicks".listing_id = 113096) [0m
  [4;35;1mAnalyzing  Execution Time: 0.008964

[0m   [0mAggregate  (cost=814.47..814.48 rows=1 width=0)
   ->  Seq Scan on clicks  (cost=0.00..814.46 rows=2 width=0)
         Filter: (listing_id = 113096)
[0m
  [4;36;1mSQL (2.2ms)[0m   [0;1mSELECT count(*) AS count_all FROM "listings" WHERE ("listings".user_id = 25347) [0m
  [4;35;1mAnalyzing  Execution Time: 0.002487

[0m   [0mAggregate  (cost=1615.81..1615.82 rows=1 width=0)
   ->  Index Scan using index_listings_on_id_and_user_id_and_title on listings  (cost=0.00..1615.79 rows=4 width=0)
         Index Cond: (user_id = 25347)
[0m
  [4;36;1mSQL (170.5ms)[0m   [0;1mSELECT count(*) AS count_all FROM "impressions" WHERE ("impressions".listing_id = 70420) [0m
  [4;35;1mAnalyzing  Execution Time: 0.170794

[0m   [0mAggregate  (cost=12714.08..12714.09 rows=1 width=0)
   ->  Seq Scan on impressions  (cost=0.00..12714.00 rows=31 width=0)
         Filter: (listing_id = 70420)
[0m
  [4;36;1mSQL (11.1ms)[0m   [0;1mSELECT count(*) AS count_all FROM "clicks" WHERE ("clicks".listing_id = 70420) [0m
  [4;35;1mAnalyzing  Execution Time: 0.011416

[0m   [0mAggregate  (cost=814.47..814.48 rows=1 width=0)
   ->  Seq Scan on clicks  (cost=0.00..814.46 rows=2 width=0)
         Filter: (listing_id = 70420)
[0m
  [4;36;1mSQL (2.1ms)[0m   [0;1mSELECT count(*) AS count_all FROM "listings" WHERE ("listings".user_id = 25346) [0m
  [4;35;1mAnalyzing  Execution Time: 0.002405

[0m   [0mAggregate  (cost=1615.81..1615.82 rows=1 width=0)
   ->  Index Scan using index_listings_on_id_and_user_id_and_title on listings  (cost=0.00..1615.79 rows=4 width=0)
         Index Cond: (user_id = 25346)
[0m
  [4;36;1mSQL (175.7ms)[0m   [0;1mSELECT count(*) AS count_all FROM "impressions" WHERE ("impressions".listing_id = 79649) [0m
  [4;35;1mAnalyzing  Execution Time: 0.176035

[0m   [0mAggregate  (cost=12714.08..12714.09 rows=1 width=0)
   ->  Seq Scan on impressions  (cost=0.00..12714.00 rows=31 width=0)
         Filter: (listing_id = 79649)
[0m
  [4;36;1mSQL (168.8ms)[0m   [0;1mSELECT count(*) AS count_all FROM "impressions" WHERE ("impressions".listing_id = 100382) [0m
  [4;35;1mAnalyzing  Execution Time: 0.169113

[0m   [0mAggregate  (cost=12714.08..12714.09 rows=1 width=0)
   ->  Seq Scan on impressions  (cost=0.00..12714.00 rows=31 width=0)
         Filter: (listing_id = 100382)
[0m
  [4;36;1mSQL (169.6ms)[0m   [0;1mSELECT count(*) AS count_all FROM "impressions" WHERE ("impressions".listing_id = 113064) [0m
  [4;35;1mAnalyzing  Execution Time: 0.169853

[0m   [0mAggregate  (cost=12714.08..12714.09 rows=1 width=0)
   ->  Seq Scan on impressions  (cost=0.00..12714.00 rows=31 width=0)
         Filter: (listing_id = 113064)
[0m
  [4;36;1mSQL (175.9ms)[0m   [0;1mSELECT count(*) AS count_all FROM "impressions" WHERE ("impressions".listing_id = 113066) [0m
  [4;35;1mAnalyzing  Execution Time: 0.176201

[0m   [0mAggregate  (cost=12714.08..12714.09 rows=1 width=0)
   ->  Seq Scan on impressions  (cost=0.00..12714.00 rows=31 width=0)
         Filter: (listing_id = 113066)
[0m
  [4;36;1mSQL (10.3ms)[0m   [0;1mSELECT count(*) AS count_all FROM "clicks" WHERE ("clicks".listing_id = 79649) [0m
  [4;35;1mAnalyzing  Execution Time: 0.010542

[0m   [0mAggregate  (cost=814.47..814.48 rows=1 width=0)
   ->  Seq Scan on clicks  (cost=0.00..814.46 rows=2 width=0)
         Filter: (listing_id = 79649)
[0m
  [4;36;1mSQL (9.7ms)[0m   [0;1mSELECT count(*) AS count_all FROM "clicks" WHERE ("clicks".listing_id = 100382) [0m
  [4;35;1mAnalyzing  Execution Time: 0.010026

[0m   [0mAggregate  (cost=814.47..814.48 rows=1 width=0)
   ->  Seq Scan on clicks  (cost=0.00..814.46 rows=2 width=0)
         Filter: (listing_id = 100382)
[0m
  [4;36;1mSQL (9.9ms)[0m   [0;1mSELECT count(*) AS count_all FROM "clicks" WHERE ("clicks".listing_id = 113064) [0m
  [4;35;1mAnalyzing  Execution Time: 0.010213

[0m   [0mAggregate  (cost=814.47..814.48 rows=1 width=0)
   ->  Seq Scan on clicks  (cost=0.00..814.46 rows=2 width=0)
         Filter: (listing_id = 113064)
[0m
  [4;36;1mSQL (9.9ms)[0m   [0;1mSELECT count(*) AS count_all FROM "clicks" WHERE ("clicks".listing_id = 113066) [0m
  [4;35;1mAnalyzing  Execution Time: 0.01018

[0m   [0mAggregate  (cost=814.47..814.48 rows=1 width=0)
   ->  Seq Scan on clicks  (cost=0.00..814.46 rows=2 width=0)
         Filter: (listing_id = 113066)
[0m
  [4;36;1mSQL (4.8ms)[0m   [0;1mSELECT count(*) AS count_all FROM "listings" WHERE ("listings".user_id = 25345) [0m
  [4;35;1mAnalyzing  Execution Time: 0.00541

[0m   [0mAggregate  (cost=1615.81..1615.82 rows=1 width=0)
   ->  Index Scan using index_listings_on_id_and_user_id_and_title on listings  (cost=0.00..1615.79 rows=4 width=0)
         Index Cond: (user_id = 25345)
[0m
  [4;36;1mSQL (172.6ms)[0m   [0;1mSELECT count(*) AS count_all FROM "impressions" WHERE ("impressions".listing_id = 113063) [0m
  [4;35;1mAnalyzing  Execution Time: 0.172892

[0m   [0mAggregate  (cost=12714.08..12714.09 rows=1 width=0)
   ->  Seq Scan on impressions  (cost=0.00..12714.00 rows=31 width=0)
         Filter: (listing_id = 113063)
[0m
  [4;36;1mSQL (13.2ms)[0m   [0;1mSELECT count(*) AS count_all FROM "clicks" WHERE ("clicks".listing_id = 113063) [0m
  [4;35;1mAnalyzing  Execution Time: 0.013498

[0m   [0mAggregate  (cost=814.47..814.48 rows=1 width=0)
   ->  Seq Scan on clicks  (cost=0.00..814.46 rows=2 width=0)
         Filter: (listing_id = 113063)
[0m
  [4;36;1mSQL (2.1ms)[0m   [0;1mSELECT count(*) AS count_all FROM "listings" WHERE ("listings".user_id = 25343) [0m
  [4;35;1mAnalyzing  Execution Time: 0.002418

[0m   [0mAggregate  (cost=1615.81..1615.82 rows=1 width=0)
   ->  Index Scan using index_listings_on_id_and_user_id_and_title on listings  (cost=0.00..1615.79 rows=4 width=0)
         Index Cond: (user_id = 25343)
[0m
  [4;36;1mSQL (174.4ms)[0m   [0;1mSELECT count(*) AS count_all FROM "impressions" WHERE ("impressions".listing_id = 113062) [0m
  [4;35;1mAnalyzing  Execution Time: 0.174667

[0m   [0mAggregate  (cost=12714.08..12714.09 rows=1 width=0)
   ->  Seq Scan on impressions  (cost=0.00..12714.00 rows=31 width=0)
         Filter: (listing_id = 113062)
[0m
  [4;36;1mSQL (14.5ms)[0m   [0;1mSELECT count(*) AS count_all FROM "clicks" WHERE ("clicks".listing_id = 113062) [0m
  [4;35;1mAnalyzing  Execution Time: 0.014797

[0m   [0mAggregate  (cost=814.47..814.48 rows=1 width=0)
   ->  Seq Scan on clicks  (cost=0.00..814.46 rows=2 width=0)
         Filter: (listing_id = 113062)
[0m
  [4;36;1mSQL (4.7ms)[0m   [0;1mSELECT count(*) AS count_all FROM "listings" WHERE ("listings".user_id = 25342) [0m
  [4;35;1mAnalyzing  Execution Time: 0.004944

[0m   [0mAggregate  (cost=1615.81..1615.82 rows=1 width=0)
   ->  Index Scan using index_listings_on_id_and_user_id_and_title on listings  (cost=0.00..1615.79 rows=4 width=0)
         Index Cond: (user_id = 25342)
[0m
  [4;36;1mSQL (190.1ms)[0m   [0;1mSELECT count(*) AS count_all FROM "impressions" WHERE ("impressions".listing_id = 66871) [0m
  [4;35;1mAnalyzing  Execution Time: 0.190399

[0m   [0mAggregate  (cost=12714.08..12714.09 rows=1 width=0)
   ->  Seq Scan on impressions  (cost=0.00..12714.00 rows=31 width=0)
         Filter: (listing_id = 66871)
[0m
  [4;36;1mSQL (10.5ms)[0m   [0;1mSELECT count(*) AS count_all FROM "clicks" WHERE ("clicks".listing_id = 66871) [0m
  [4;35;1mAnalyzing  Execution Time: 0.010942

[0m   [0mAggregate  (cost=814.47..814.48 rows=1 width=0)
   ->  Seq Scan on clicks  (cost=0.00..814.46 rows=2 width=0)
         Filter: (listing_id = 66871)
[0m
  [4;36;1mSQL (2.2ms)[0m   [0;1mSELECT count(*) AS count_all FROM "listings" WHERE ("listings".user_id = 25341) [0m
  [4;35;1mAnalyzing  Execution Time: 0.002544

[0m   [0mAggregate  (cost=1615.81..1615.82 rows=1 width=0)
   ->  Index Scan using index_listings_on_id_and_user_id_and_title on listings  (cost=0.00..1615.79 rows=4 width=0)
         Index Cond: (user_id = 25341)
[0m
  [4;36;1mSQL (173.0ms)[0m   [0;1mSELECT count(*) AS count_all FROM "impressions" WHERE ("impressions".listing_id = 84194) [0m
  [4;35;1mAnalyzing  Execution Time: 0.173319

[0m   [0mAggregate  (cost=12714.08..12714.09 rows=1 width=0)
   ->  Seq Scan on impressions  (cost=0.00..12714.00 rows=31 width=0)
         Filter: (listing_id = 84194)
[0m
  [4;36;1mSQL (169.8ms)[0m   [0;1mSELECT count(*) AS count_all FROM "impressions" WHERE ("impressions".listing_id = 84195) [0m
  [4;35;1mAnalyzing  Execution Time: 0.170157

[0m   [0mAggregate  (cost=12714.08..12714.09 rows=1 width=0)
   ->  Seq Scan on impressions  (cost=0.00..12714.00 rows=31 width=0)
         Filter: (listing_id = 84195)
[0m
  [4;36;1mSQL (165.3ms)[0m   [0;1mSELECT count(*) AS count_all FROM "impressions" WHERE ("impressions".listing_id = 84196) [0m
  [4;35;1mAnalyzing  Execution Time: 0.165554

[0m   [0mAggregate  (cost=12714.08..12714.09 rows=1 width=0)
   ->  Seq Scan on impressions  (cost=0.00..12714.00 rows=31 width=0)
         Filter: (listing_id = 84196)
[0m
  [4;36;1mSQL (154.2ms)[0m   [0;1mSELECT count(*) AS count_all FROM "impressions" WHERE ("impressions".listing_id = 113061) [0m
  [4;35;1mAnalyzing  Execution Time: 0.154581

[0m   [0mAggregate  (cost=12714.08..12714.09 rows=1 width=0)
   ->  Seq Scan on impressions  (cost=0.00..12714.00 rows=31 width=0)
         Filter: (listing_id = 113061)
[0m
  [4;36;1mSQL (9.7ms)[0m   [0;1mSELECT count(*) AS count_all FROM "clicks" WHERE ("clicks".listing_id = 84194) [0m
  [4;35;1mAnalyzing  Execution Time: 0.010087

[0m   [0mAggregate  (cost=814.47..814.48 rows=1 width=0)
   ->  Seq Scan on clicks  (cost=0.00..814.46 rows=2 width=0)
         Filter: (listing_id = 84194)
[0m
  [4;36;1mSQL (8.6ms)[0m   [0;1mSELECT count(*) AS count_all FROM "clicks" WHERE ("clicks".listing_id = 84195) [0m
  [4;35;1mAnalyzing  Execution Time: 0.008885

[0m   [0mAggregate  (cost=814.47..814.48 rows=1 width=0)
   ->  Seq Scan on clicks  (cost=0.00..814.46 rows=2 width=0)
         Filter: (listing_id = 84195)
[0m
  [4;36;1mSQL (8.9ms)[0m   [0;1mSELECT count(*) AS count_all FROM "clicks" WHERE ("clicks".listing_id = 84196) [0m
  [4;35;1mAnalyzing  Execution Time: 0.009257

[0m   [0mAggregate  (cost=814.47..814.48 rows=1 width=0)
   ->  Seq Scan on clicks  (cost=0.00..814.46 rows=2 width=0)
         Filter: (listing_id = 84196)
[0m
  [4;36;1mSQL (12.2ms)[0m   [0;1mSELECT count(*) AS count_all FROM "clicks" WHERE ("clicks".listing_id = 113061) [0m
  [4;35;1mAnalyzing  Execution Time: 0.012554

[0m   [0mAggregate  (cost=814.47..814.48 rows=1 width=0)
   ->  Seq Scan on clicks  (cost=0.00..814.46 rows=2 width=0)
         Filter: (listing_id = 113061)
[0m
  [4;36;1mSQL (4.4ms)[0m   [0;1mSELECT count(*) AS count_all FROM "listings" WHERE ("listings".user_id = 25340) [0m
  [4;35;1mAnalyzing  Execution Time: 0.004698

[0m   [0mAggregate  (cost=1615.81..1615.82 rows=1 width=0)
   ->  Index Scan using index_listings_on_id_and_user_id_and_title on listings  (cost=0.00..1615.79 rows=4 width=0)
         Index Cond: (user_id = 25340)
[0m
  [4;36;1mSQL (166.8ms)[0m   [0;1mSELECT count(*) AS count_all FROM "impressions" WHERE ("impressions".listing_id = 113060) [0m
  [4;35;1mAnalyzing  Execution Time: 0.167126

[0m   [0mAggregate  (cost=12714.08..12714.09 rows=1 width=0)
   ->  Seq Scan on impressions  (cost=0.00..12714.00 rows=31 width=0)
         Filter: (listing_id = 113060)
[0m
  [4;36;1mSQL (21.1ms)[0m   [0;1mSELECT count(*) AS count_all FROM "clicks" WHERE ("clicks".listing_id = 113060) [0m
  [4;35;1mAnalyzing  Execution Time: 0.021352

[0m   [0mAggregate  (cost=814.47..814.48 rows=1 width=0)
   ->  Seq Scan on clicks  (cost=0.00..814.46 rows=2 width=0)
         Filter: (listing_id = 113060)
[0m
  [4;36;1mSQL (2.8ms)[0m   [0;1mSELECT count(*) AS count_all FROM "listings" WHERE ("listings".user_id = 25339) [0m
  [4;35;1mAnalyzing  Execution Time: 0.003123

[0m   [0mAggregate  (cost=1615.81..1615.82 rows=1 width=0)
   ->  Index Scan using index_listings_on_id_and_user_id_and_title on listings  (cost=0.00..1615.79 rows=4 width=0)
         Index Cond: (user_id = 25339)
[0m
  [4;36;1mSQL (168.2ms)[0m   [0;1mSELECT count(*) AS count_all FROM "impressions" WHERE ("impressions".listing_id = 80836) [0m
  [4;35;1mAnalyzing  Execution Time: 0.168455

[0m   [0mAggregate  (cost=12714.08..12714.09 rows=1 width=0)
   ->  Seq Scan on impressions  (cost=0.00..12714.00 rows=31 width=0)
         Filter: (listing_id = 80836)
[0m
  [4;36;1mSQL (12.9ms)[0m   [0;1mSELECT count(*) AS count_all FROM "clicks" WHERE ("clicks".listing_id = 80836) [0m
  [4;35;1mAnalyzing  Execution Time: 0.013215

[0m   [0mAggregate  (cost=814.47..814.48 rows=1 width=0)
   ->  Seq Scan on clicks  (cost=0.00..814.46 rows=2 width=0)
         Filter: (listing_id = 80836)
[0m
  [4;36;1mSQL (4.1ms)[0m   [0;1mSELECT count(*) AS count_all FROM "listings" WHERE ("listings".user_id = 25338) [0m
  [4;35;1mAnalyzing  Execution Time: 0.004345

[0m   [0mAggregate  (cost=1615.81..1615.82 rows=1 width=0)
   ->  Index Scan using index_listings_on_id_and_user_id_and_title on listings  (cost=0.00..1615.79 rows=4 width=0)
         Index Cond: (user_id = 25338)
[0m
  [4;36;1mSQL (169.4ms)[0m   [0;1mSELECT count(*) AS count_all FROM "impressions" WHERE ("impressions".listing_id = 70734) [0m
  [4;35;1mAnalyzing  Execution Time: 0.169659

[0m   [0mAggregate  (cost=12714.08..12714.09 rows=1 width=0)
   ->  Seq Scan on impressions  (cost=0.00..12714.00 rows=31 width=0)
         Filter: (listing_id = 70734)
[0m
  [4;36;1mSQL (9.3ms)[0m   [0;1mSELECT count(*) AS count_all FROM "clicks" WHERE ("clicks".listing_id = 70734) [0m
  [4;35;1mAnalyzing  Execution Time: 0.009569

[0m   [0mAggregate  (cost=814.47..814.48 rows=1 width=0)
   ->  Seq Scan on clicks  (cost=0.00..814.46 rows=2 width=0)
         Filter: (listing_id = 70734)
[0m
  [4;36;1mSQL (2.3ms)[0m   [0;1mSELECT count(*) AS count_all FROM "listings" WHERE ("listings".user_id = 25337) [0m
  [4;35;1mAnalyzing  Execution Time: 0.002618

[0m   [0mAggregate  (cost=1615.81..1615.82 rows=1 width=0)
   ->  Index Scan using index_listings_on_id_and_user_id_and_title on listings  (cost=0.00..1615.79 rows=4 width=0)
         Index Cond: (user_id = 25337)
[0m
  [4;36;1mSQL (172.1ms)[0m   [0;1mSELECT count(*) AS count_all FROM "impressions" WHERE ("impressions".listing_id = 83649) [0m
  [4;35;1mAnalyzing  Execution Time: 0.172339

[0m   [0mAggregate  (cost=12714.08..12714.09 rows=1 width=0)
   ->  Seq Scan on impressions  (cost=0.00..12714.00 rows=31 width=0)
         Filter: (listing_id = 83649)
[0m
  [4;36;1mSQL (8.8ms)[0m   [0;1mSELECT count(*) AS count_all FROM "clicks" WHERE ("clicks".listing_id = 83649) [0m
  [4;35;1mAnalyzing  Execution Time: 0.009051

[0m   [0mAggregate  (cost=814.47..814.48 rows=1 width=0)
   ->  Seq Scan on clicks  (cost=0.00..814.46 rows=2 width=0)
         Filter: (listing_id = 83649)
[0m
  [4;36;1mSQL (3.3ms)[0m   [0;1mSELECT count(*) AS count_all FROM "listings" WHERE ("listings".user_id = 25336) [0m
  [4;35;1mAnalyzing  Execution Time: 0.003623

[0m   [0mAggregate  (cost=1615.81..1615.82 rows=1 width=0)
   ->  Index Scan using index_listings_on_id_and_user_id_and_title on listings  (cost=0.00..1615.79 rows=4 width=0)
         Index Cond: (user_id = 25336)
[0m
  [4;36;1mSQL (177.9ms)[0m   [0;1mSELECT count(*) AS count_all FROM "impressions" WHERE ("impressions".listing_id = 113059) [0m
  [4;35;1mAnalyzing  Execution Time: 0.178198

[0m   [0mAggregate  (cost=12714.08..12714.09 rows=1 width=0)
   ->  Seq Scan on impressions  (cost=0.00..12714.00 rows=31 width=0)
         Filter: (listing_id = 113059)
[0m
  [4;36;1mSQL (8.5ms)[0m   [0;1mSELECT count(*) AS count_all FROM "clicks" WHERE ("clicks".listing_id = 113059) [0m
  [4;35;1mAnalyzing  Execution Time: 0.008773

[0m   [0mAggregate  (cost=814.47..814.48 rows=1 width=0)
   ->  Seq Scan on clicks  (cost=0.00..814.46 rows=2 width=0)
         Filter: (listing_id = 113059)
[0m
  [4;36;1mSQL (2.6ms)[0m   [0;1mSELECT count(*) AS count_all FROM "listings" WHERE ("listings".user_id = 25335) [0m
  [4;35;1mAnalyzing  Execution Time: 0.002866

[0m   [0mAggregate  (cost=1615.81..1615.82 rows=1 width=0)
   ->  Index Scan using index_listings_on_id_and_user_id_and_title on listings  (cost=0.00..1615.79 rows=4 width=0)
         Index Cond: (user_id = 25335)
[0m
  [4;36;1mSQL (169.7ms)[0m   [0;1mSELECT count(*) AS count_all FROM "impressions" WHERE ("impressions".listing_id = 68684) [0m
  [4;35;1mAnalyzing  Execution Time: 0.169955

[0m   [0mAggregate  (cost=12714.08..12714.09 rows=1 width=0)
   ->  Seq Scan on impressions  (cost=0.00..12714.00 rows=31 width=0)
         Filter: (listing_id = 68684)
[0m
  [4;36;1mSQL (173.9ms)[0m   [0;1mSELECT count(*) AS count_all FROM "impressions" WHERE ("impressions".listing_id = 68685) [0m
  [4;35;1mAnalyzing  Execution Time: 0.174156

[0m   [0mAggregate  (cost=12714.08..12714.09 rows=1 width=0)
   ->  Seq Scan on impressions  (cost=0.00..12714.00 rows=31 width=0)
         Filter: (listing_id = 68685)
[0m
  [4;36;1mSQL (164.8ms)[0m   [0;1mSELECT count(*) AS count_all FROM "impressions" WHERE ("impressions".listing_id = 84219) [0m
  [4;35;1mAnalyzing  Execution Time: 0.165079

[0m   [0mAggregate  (cost=12714.08..12714.09 rows=1 width=0)
   ->  Seq Scan on impressions  (cost=0.00..12714.00 rows=31 width=0)
         Filter: (listing_id = 84219)
[0m
  [4;36;1mSQL (11.1ms)[0m   [0;1mSELECT count(*) AS count_all FROM "clicks" WHERE ("clicks".listing_id = 68684) [0m
  [4;35;1mAnalyzing  Execution Time: 0.011371

[0m   [0mAggregate  (cost=814.47..814.48 rows=1 width=0)
   ->  Seq Scan on clicks  (cost=0.00..814.46 rows=2 width=0)
         Filter: (listing_id = 68684)
[0m
  [4;36;1mSQL (10.1ms)[0m   [0;1mSELECT count(*) AS count_all FROM "clicks" WHERE ("clicks".listing_id = 68685) [0m
  [4;35;1mAnalyzing  Execution Time: 0.010396

[0m   [0mAggregate  (cost=814.47..814.48 rows=1 width=0)
   ->  Seq Scan on clicks  (cost=0.00..814.46 rows=2 width=0)
         Filter: (listing_id = 68685)
[0m
  [4;36;1mSQL (9.4ms)[0m   [0;1mSELECT count(*) AS count_all FROM "clicks" WHERE ("clicks".listing_id = 84219) [0m
  [4;35;1mAnalyzing  Execution Time: 0.009667

[0m   [0mAggregate  (cost=814.47..814.48 rows=1 width=0)
   ->  Seq Scan on clicks  (cost=0.00..814.46 rows=2 width=0)
         Filter: (listing_id = 84219)
[0m
  [4;36;1mSQL (4.4ms)[0m   [0;1mSELECT count(*) AS count_all FROM "listings" WHERE ("listings".user_id = 25334) [0m
  [4;35;1mAnalyzing  Execution Time: 0.0047

[0m   [0mAggregate  (cost=1615.81..1615.82 rows=1 width=0)
   ->  Index Scan using index_listings_on_id_and_user_id_and_title on listings  (cost=0.00..1615.79 rows=4 width=0)
         Index Cond: (user_id = 25334)
[0m
  [4;36;1mSQL (170.4ms)[0m   [0;1mSELECT count(*) AS count_all FROM "impressions" WHERE ("impressions".listing_id = 113058) [0m
  [4;35;1mAnalyzing  Execution Time: 0.170694

[0m   [0mAggregate  (cost=12714.08..12714.09 rows=1 width=0)
   ->  Seq Scan on impressions  (cost=0.00..12714.00 rows=31 width=0)
         Filter: (listing_id = 113058)
[0m
  [4;36;1mSQL (15.3ms)[0m   [0;1mSELECT count(*) AS count_all FROM "clicks" WHERE ("clicks".listing_id = 113058) [0m
  [4;35;1mAnalyzing  Execution Time: 0.015881

[0m   [0mAggregate  (cost=814.47..814.48 rows=1 width=0)
   ->  Seq Scan on clicks  (cost=0.00..814.46 rows=2 width=0)
         Filter: (listing_id = 113058)
[0m
  [4;36;1mSQL (3.4ms)[0m   [0;1mSELECT count(*) AS count_all FROM "listings" WHERE ("listings".user_id = 25331) [0m
  [4;35;1mAnalyzing  Execution Time: 0.003725

[0m   [0mAggregate  (cost=1615.81..1615.82 rows=1 width=0)
   ->  Index Scan using index_listings_on_id_and_user_id_and_title on listings  (cost=0.00..1615.79 rows=4 width=0)
         Index Cond: (user_id = 25331)
[0m
  [4;36;1mSQL (175.8ms)[0m   [0;1mSELECT count(*) AS count_all FROM "impressions" WHERE ("impressions".listing_id = 68082) [0m
  [4;35;1mAnalyzing  Execution Time: 0.176073

[0m   [0mAggregate  (cost=12714.08..12714.09 rows=1 width=0)
   ->  Seq Scan on impressions  (cost=0.00..12714.00 rows=31 width=0)
         Filter: (listing_id = 68082)
[0m
  [4;36;1mSQL (12.2ms)[0m   [0;1mSELECT count(*) AS count_all FROM "clicks" WHERE ("clicks".listing_id = 68082) [0m
  [4;35;1mAnalyzing  Execution Time: 0.012488

[0m   [0mAggregate  (cost=814.49..814.50 rows=1 width=0)
   ->  Seq Scan on clicks  (cost=0.00..814.46 rows=11 width=0)
         Filter: (listing_id = 68082)
[0m
  [4;36;1mSQL (2.4ms)[0m   [0;1mSELECT count(*) AS count_all FROM "listings" WHERE ("listings".user_id = 25330) [0m
  [4;35;1mAnalyzing  Execution Time: 0.002695

[0m   [0mAggregate  (cost=1615.81..1615.82 rows=1 width=0)
   ->  Index Scan using index_listings_on_id_and_user_id_and_title on listings  (cost=0.00..1615.79 rows=4 width=0)
         Index Cond: (user_id = 25330)
[0m
  [4;36;1mSQL (170.4ms)[0m   [0;1mSELECT count(*) AS count_all FROM "impressions" WHERE ("impressions".listing_id = 113055) [0m
  [4;35;1mAnalyzing  Execution Time: 0.170667

[0m   [0mAggregate  (cost=12714.08..12714.09 rows=1 width=0)
   ->  Seq Scan on impressions  (cost=0.00..12714.00 rows=31 width=0)
         Filter: (listing_id = 113055)
[0m
  [4;36;1mSQL (10.1ms)[0m   [0;1mSELECT count(*) AS count_all FROM "clicks" WHERE ("clicks".listing_id = 113055) [0m
  [4;35;1mAnalyzing  Execution Time: 0.01034

[0m   [0mAggregate  (cost=814.47..814.48 rows=1 width=0)
   ->  Seq Scan on clicks  (cost=0.00..814.46 rows=2 width=0)
         Filter: (listing_id = 113055)
[0m
  [4;36;1mSQL (2.8ms)[0m   [0;1mSELECT count(*) AS count_all FROM "listings" WHERE ("listings".user_id = 25329) [0m
  [4;35;1mAnalyzing  Execution Time: 0.003214

[0m   [0mAggregate  (cost=1615.81..1615.82 rows=1 width=0)
   ->  Index Scan using index_listings_on_id_and_user_id_and_title on listings  (cost=0.00..1615.79 rows=4 width=0)
         Index Cond: (user_id = 25329)
[0m
  [4;36;1mSQL (169.1ms)[0m   [0;1mSELECT count(*) AS count_all FROM "impressions" WHERE ("impressions".listing_id = 89656) [0m
  [4;35;1mAnalyzing  Execution Time: 0.169422

[0m   [0mAggregate  (cost=12714.08..12714.09 rows=1 width=0)
   ->  Seq Scan on impressions  (cost=0.00..12714.00 rows=31 width=0)
         Filter: (listing_id = 89656)
[0m
  [4;36;1mSQL (169.8ms)[0m   [0;1mSELECT count(*) AS count_all FROM "impressions" WHERE ("impressions".listing_id = 89657) [0m
  [4;35;1mAnalyzing  Execution Time: 0.170115

[0m   [0mAggregate  (cost=12714.08..12714.09 rows=1 width=0)
   ->  Seq Scan on impressions  (cost=0.00..12714.00 rows=31 width=0)
         Filter: (listing_id = 89657)
[0m
  [4;36;1mSQL (17.4ms)[0m   [0;1mSELECT count(*) AS count_all FROM "clicks" WHERE ("clicks".listing_id = 89656) [0m
  [4;35;1mAnalyzing  Execution Time: 0.01768

[0m   [0mAggregate  (cost=814.47..814.48 rows=1 width=0)
   ->  Seq Scan on clicks  (cost=0.00..814.46 rows=2 width=0)
         Filter: (listing_id = 89656)
[0m
  [4;36;1mSQL (10.2ms)[0m   [0;1mSELECT count(*) AS count_all FROM "clicks" WHERE ("clicks".listing_id = 89657) [0m
  [4;35;1mAnalyzing  Execution Time: 0.010518

[0m   [0mAggregate  (cost=814.47..814.48 rows=1 width=0)
   ->  Seq Scan on clicks  (cost=0.00..814.46 rows=2 width=0)
         Filter: (listing_id = 89657)
[0m
  [4;36;1mSQL (5.0ms)[0m   [0;1mSELECT count(*) AS count_all FROM "listings" WHERE ("listings".user_id = 25328) [0m
  [4;35;1mAnalyzing  Execution Time: 0.005334

[0m   [0mAggregate  (cost=1615.81..1615.82 rows=1 width=0)
   ->  Index Scan using index_listings_on_id_and_user_id_and_title on listings  (cost=0.00..1615.79 rows=4 width=0)
         Index Cond: (user_id = 25328)
[0m
  [4;36;1mSQL (169.7ms)[0m   [0;1mSELECT count(*) AS count_all FROM "impressions" WHERE ("impressions".listing_id = 113054) [0m
  [4;35;1mAnalyzing  Execution Time: 0.169991

[0m   [0mAggregate  (cost=12714.08..12714.09 rows=1 width=0)
   ->  Seq Scan on impressions  (cost=0.00..12714.00 rows=31 width=0)
         Filter: (listing_id = 113054)
[0m
  [4;36;1mSQL (13.1ms)[0m   [0;1mSELECT count(*) AS count_all FROM "clicks" WHERE ("clicks".listing_id = 113054) [0m
  [4;35;1mAnalyzing  Execution Time: 0.013388

[0m   [0mAggregate  (cost=814.47..814.48 rows=1 width=0)
   ->  Seq Scan on clicks  (cost=0.00..814.46 rows=2 width=0)
         Filter: (listing_id = 113054)
[0m
  [4;36;1mSQL (2.1ms)[0m   [0;1mSELECT count(*) AS count_all FROM "listings" WHERE ("listings".user_id = 25327) [0m
  [4;35;1mAnalyzing  Execution Time: 0.002404

[0m   [0mAggregate  (cost=1615.81..1615.82 rows=1 width=0)
   ->  Index Scan using index_listings_on_id_and_user_id_and_title on listings  (cost=0.00..1615.79 rows=4 width=0)
         Index Cond: (user_id = 25327)
[0m
  [4;36;1mSQL (177.9ms)[0m   [0;1mSELECT count(*) AS count_all FROM "impressions" WHERE ("impressions".listing_id = 68557) [0m
  [4;35;1mAnalyzing  Execution Time: 0.178155

[0m   [0mAggregate  (cost=12714.08..12714.09 rows=1 width=0)
   ->  Seq Scan on impressions  (cost=0.00..12714.00 rows=31 width=0)
         Filter: (listing_id = 68557)
[0m
  [4;36;1mSQL (9.9ms)[0m   [0;1mSELECT count(*) AS count_all FROM "clicks" WHERE ("clicks".listing_id = 68557) [0m
  [4;35;1mAnalyzing  Execution Time: 0.010164

[0m   [0mAggregate  (cost=814.47..814.48 rows=1 width=0)
   ->  Seq Scan on clicks  (cost=0.00..814.46 rows=2 width=0)
         Filter: (listing_id = 68557)
[0m
  [4;36;1mSQL (2.5ms)[0m   [0;1mSELECT count(*) AS count_all FROM "listings" WHERE ("listings".user_id = 25326) [0m
  [4;35;1mAnalyzing  Execution Time: 0.003025

[0m   [0mAggregate  (cost=1615.81..1615.82 rows=1 width=0)
   ->  Index Scan using index_listings_on_id_and_user_id_and_title on listings  (cost=0.00..1615.79 rows=4 width=0)
         Index Cond: (user_id = 25326)
[0m
  [4;36;1mSQL (179.5ms)[0m   [0;1mSELECT count(*) AS count_all FROM "impressions" WHERE ("impressions".listing_id = 113053) [0m
  [4;35;1mAnalyzing  Execution Time: 0.179774

[0m   [0mAggregate  (cost=12714.08..12714.09 rows=1 width=0)
   ->  Seq Scan on impressions  (cost=0.00..12714.00 rows=31 width=0)
         Filter: (listing_id = 113053)
[0m
  [4;36;1mSQL (9.8ms)[0m   [0;1mSELECT count(*) AS count_all FROM "clicks" WHERE ("clicks".listing_id = 113053) [0m
  [4;35;1mAnalyzing  Execution Time: 0.010094

[0m   [0mAggregate  (cost=814.47..814.48 rows=1 width=0)
   ->  Seq Scan on clicks  (cost=0.00..814.46 rows=2 width=0)
         Filter: (listing_id = 113053)
[0m
  [4;36;1mSQL (2.0ms)[0m   [0;1mSELECT count(*) AS count_all FROM "listings" WHERE ("listings".user_id = 25325) [0m
  [4;35;1mAnalyzing  Execution Time: 0.002318

[0m   [0mAggregate  (cost=1615.81..1615.82 rows=1 width=0)
   ->  Index Scan using index_listings_on_id_and_user_id_and_title on listings  (cost=0.00..1615.79 rows=4 width=0)
         Index Cond: (user_id = 25325)
[0m
  [4;36;1mSQL (183.9ms)[0m   [0;1mSELECT count(*) AS count_all FROM "impressions" WHERE ("impressions".listing_id = 78830) [0m
  [4;35;1mAnalyzing  Execution Time: 0.184152

[0m   [0mAggregate  (cost=12714.08..12714.09 rows=1 width=0)
   ->  Seq Scan on impressions  (cost=0.00..12714.00 rows=31 width=0)
         Filter: (listing_id = 78830)
[0m
  [4;36;1mSQL (11.2ms)[0m   [0;1mSELECT count(*) AS count_all FROM "clicks" WHERE ("clicks".listing_id = 78830) [0m
  [4;35;1mAnalyzing  Execution Time: 0.011469

[0m   [0mAggregate  (cost=814.47..814.48 rows=1 width=0)
   ->  Seq Scan on clicks  (cost=0.00..814.46 rows=2 width=0)
         Filter: (listing_id = 78830)
[0m
  [4;36;1mSQL (2.3ms)[0m   [0;1mSELECT count(*) AS count_all FROM "listings" WHERE ("listings".user_id = 25324) [0m
  [4;35;1mAnalyzing  Execution Time: 0.002633

[0m   [0mAggregate  (cost=1615.81..1615.82 rows=1 width=0)
   ->  Index Scan using index_listings_on_id_and_user_id_and_title on listings  (cost=0.00..1615.79 rows=4 width=0)
         Index Cond: (user_id = 25324)
[0m
  [4;36;1mSQL (170.8ms)[0m   [0;1mSELECT count(*) AS count_all FROM "impressions" WHERE ("impressions".listing_id = 113052) [0m
  [4;35;1mAnalyzing  Execution Time: 0.171145

[0m   [0mAggregate  (cost=12714.08..12714.09 rows=1 width=0)
   ->  Seq Scan on impressions  (cost=0.00..12714.00 rows=31 width=0)
         Filter: (listing_id = 113052)
[0m
  [4;36;1mSQL (10.1ms)[0m   [0;1mSELECT count(*) AS count_all FROM "clicks" WHERE ("clicks".listing_id = 113052) [0m
  [4;35;1mAnalyzing  Execution Time: 0.010456

[0m   [0mAggregate  (cost=814.47..814.48 rows=1 width=0)
   ->  Seq Scan on clicks  (cost=0.00..814.46 rows=2 width=0)
         Filter: (listing_id = 113052)
[0m
  [4;36;1mSQL (2.3ms)[0m   [0;1mSELECT count(*) AS count_all FROM "listings" WHERE ("listings".user_id = 25323) [0m
  [4;35;1mAnalyzing  Execution Time: 0.002616

[0m   [0mAggregate  (cost=1615.81..1615.82 rows=1 width=0)
   ->  Index Scan using index_listings_on_id_and_user_id_and_title on listings  (cost=0.00..1615.79 rows=4 width=0)
         Index Cond: (user_id = 25323)
[0m
  [4;36;1mSQL (173.2ms)[0m   [0;1mSELECT count(*) AS count_all FROM "impressions" WHERE ("impressions".listing_id = 76838) [0m
  [4;35;1mAnalyzing  Execution Time: 0.173527

[0m   [0mAggregate  (cost=12714.08..12714.09 rows=1 width=0)
   ->  Seq Scan on impressions  (cost=0.00..12714.00 rows=31 width=0)
         Filter: (listing_id = 76838)
[0m
  [4;36;1mSQL (185.0ms)[0m   [0;1mSELECT count(*) AS count_all FROM "impressions" WHERE ("impressions".listing_id = 79727) [0m
  [4;35;1mAnalyzing  Execution Time: 0.185332

[0m   [0mAggregate  (cost=12714.08..12714.09 rows=1 width=0)
   ->  Seq Scan on impressions  (cost=0.00..12714.00 rows=31 width=0)
         Filter: (listing_id = 79727)
[0m
  [4;36;1mSQL (166.4ms)[0m   [0;1mSELECT count(*) AS count_all FROM "impressions" WHERE ("impressions".listing_id = 79728) [0m
  [4;35;1mAnalyzing  Execution Time: 0.1667

[0m   [0mAggregate  (cost=12714.08..12714.09 rows=1 width=0)
   ->  Seq Scan on impressions  (cost=0.00..12714.00 rows=31 width=0)
         Filter: (listing_id = 79728)
[0m
  [4;36;1mSQL (175.3ms)[0m   [0;1mSELECT count(*) AS count_all FROM "impressions" WHERE ("impressions".listing_id = 81168) [0m
  [4;35;1mAnalyzing  Execution Time: 0.17558

[0m   [0mAggregate  (cost=12714.08..12714.09 rows=1 width=0)
   ->  Seq Scan on impressions  (cost=0.00..12714.00 rows=31 width=0)
         Filter: (listing_id = 81168)
[0m
  [4;36;1mSQL (171.9ms)[0m   [0;1mSELECT count(*) AS count_all FROM "impressions" WHERE ("impressions".listing_id = 105586) [0m
  [4;35;1mAnalyzing  Execution Time: 0.172235

[0m   [0mAggregate  (cost=12714.08..12714.09 rows=1 width=0)
   ->  Seq Scan on impressions  (cost=0.00..12714.00 rows=31 width=0)
         Filter: (listing_id = 105586)
[0m
  [4;36;1mSQL (169.6ms)[0m   [0;1mSELECT count(*) AS count_all FROM "impressions" WHERE ("impressions".listing_id = 105587) [0m
  [4;35;1mAnalyzing  Execution Time: 0.169964

[0m   [0mAggregate  (cost=12714.08..12714.09 rows=1 width=0)
   ->  Seq Scan on impressions  (cost=0.00..12714.00 rows=31 width=0)
         Filter: (listing_id = 105587)
[0m
  [4;36;1mSQL (169.1ms)[0m   [0;1mSELECT count(*) AS count_all FROM "impressions" WHERE ("impressions".listing_id = 105588) [0m
  [4;35;1mAnalyzing  Execution Time: 0.169411

[0m   [0mAggregate  (cost=12714.08..12714.09 rows=1 width=0)
   ->  Seq Scan on impressions  (cost=0.00..12714.00 rows=31 width=0)
         Filter: (listing_id = 105588)
[0m
  [4;36;1mSQL (170.8ms)[0m   [0;1mSELECT count(*) AS count_all FROM "impressions" WHERE ("impressions".listing_id = 105590) [0m
  [4;35;1mAnalyzing  Execution Time: 0.171088

[0m   [0mAggregate  (cost=12714.08..12714.09 rows=1 width=0)
   ->  Seq Scan on impressions  (cost=0.00..12714.00 rows=31 width=0)
         Filter: (listing_id = 105590)
[0m
  [4;36;1mSQL (10.1ms)[0m   [0;1mSELECT count(*) AS count_all FROM "clicks" WHERE ("clicks".listing_id = 76838) [0m
  [4;35;1mAnalyzing  Execution Time: 0.010407

[0m   [0mAggregate  (cost=814.47..814.48 rows=1 width=0)
   ->  Seq Scan on clicks  (cost=0.00..814.46 rows=2 width=0)
         Filter: (listing_id = 76838)
[0m
  [4;36;1mSQL (9.4ms)[0m   [0;1mSELECT count(*) AS count_all FROM "clicks" WHERE ("clicks".listing_id = 79727) [0m
  [4;35;1mAnalyzing  Execution Time: 0.009664

[0m   [0mAggregate  (cost=814.47..814.48 rows=1 width=0)
   ->  Seq Scan on clicks  (cost=0.00..814.46 rows=2 width=0)
         Filter: (listing_id = 79727)
[0m
  [4;36;1mSQL (9.8ms)[0m   [0;1mSELECT count(*) AS count_all FROM "clicks" WHERE ("clicks".listing_id = 79728) [0m
  [4;35;1mAnalyzing  Execution Time: 0.010031

[0m   [0mAggregate  (cost=814.47..814.48 rows=1 width=0)
   ->  Seq Scan on clicks  (cost=0.00..814.46 rows=2 width=0)
         Filter: (listing_id = 79728)
[0m
  [4;36;1mSQL (14.0ms)[0m   [0;1mSELECT count(*) AS count_all FROM "clicks" WHERE ("clicks".listing_id = 81168) [0m
  [4;35;1mAnalyzing  Execution Time: 0.014379

[0m   [0mAggregate  (cost=814.47..814.48 rows=1 width=0)
   ->  Seq Scan on clicks  (cost=0.00..814.46 rows=2 width=0)
         Filter: (listing_id = 81168)
[0m
  [4;36;1mSQL (10.1ms)[0m   [0;1mSELECT count(*) AS count_all FROM "clicks" WHERE ("clicks".listing_id = 105586) [0m
  [4;35;1mAnalyzing  Execution Time: 0.010437

[0m   [0mAggregate  (cost=814.49..814.50 rows=1 width=0)
   ->  Seq Scan on clicks  (cost=0.00..814.46 rows=10 width=0)
         Filter: (listing_id = 105586)
[0m
  [4;36;1mSQL (8.6ms)[0m   [0;1mSELECT count(*) AS count_all FROM "clicks" WHERE ("clicks".listing_id = 105587) [0m
  [4;35;1mAnalyzing  Execution Time: 0.008837

[0m   [0mAggregate  (cost=814.47..814.48 rows=1 width=0)
   ->  Seq Scan on clicks  (cost=0.00..814.46 rows=2 width=0)
         Filter: (listing_id = 105587)
[0m
  [4;36;1mSQL (15.1ms)[0m   [0;1mSELECT count(*) AS count_all FROM "clicks" WHERE ("clicks".listing_id = 105588) [0m
  [4;35;1mAnalyzing  Execution Time: 0.015446

[0m   [0mAggregate  (cost=814.47..814.48 rows=1 width=0)
   ->  Seq Scan on clicks  (cost=0.00..814.46 rows=2 width=0)
         Filter: (listing_id = 105588)
[0m
  [4;36;1mSQL (10.0ms)[0m   [0;1mSELECT count(*) AS count_all FROM "clicks" WHERE ("clicks".listing_id = 105590) [0m
  [4;35;1mAnalyzing  Execution Time: 0.010287

[0m   [0mAggregate  (cost=814.51..814.52 rows=1 width=0)
   ->  Seq Scan on clicks  (cost=0.00..814.46 rows=19 width=0)
         Filter: (listing_id = 105590)
[0m
  [4;36;1mSQL (4.8ms)[0m   [0;1mSELECT count(*) AS count_all FROM "listings" WHERE ("listings".user_id = 25322) [0m
  [4;35;1mAnalyzing  Execution Time: 0.005024

[0m   [0mAggregate  (cost=1615.81..1615.82 rows=1 width=0)
   ->  Index Scan using index_listings_on_id_and_user_id_and_title on listings  (cost=0.00..1615.79 rows=4 width=0)
         Index Cond: (user_id = 25322)
[0m
  [4;36;1mSQL (171.9ms)[0m   [0;1mSELECT count(*) AS count_all FROM "impressions" WHERE ("impressions".listing_id = 113051) [0m
  [4;35;1mAnalyzing  Execution Time: 0.172368

[0m   [0mAggregate  (cost=12714.08..12714.09 rows=1 width=0)
   ->  Seq Scan on impressions  (cost=0.00..12714.00 rows=31 width=0)
         Filter: (listing_id = 113051)
[0m
  [4;36;1mSQL (14.0ms)[0m   [0;1mSELECT count(*) AS count_all FROM "clicks" WHERE ("clicks".listing_id = 113051) [0m
  [4;35;1mAnalyzing  Execution Time: 0.014235

[0m   [0mAggregate  (cost=814.49..814.50 rows=1 width=0)
   ->  Seq Scan on clicks  (cost=0.00..814.46 rows=8 width=0)
         Filter: (listing_id = 113051)
[0m
  [4;36;1mSQL (2.2ms)[0m   [0;1mSELECT count(*) AS count_all FROM "listings" WHERE ("listings".user_id = 25320) [0m
  [4;35;1mAnalyzing  Execution Time: 0.002646

[0m   [0mAggregate  (cost=1615.81..1615.82 rows=1 width=0)
   ->  Index Scan using index_listings_on_id_and_user_id_and_title on listings  (cost=0.00..1615.79 rows=4 width=0)
         Index Cond: (user_id = 25320)
[0m
  [4;36;1mSQL (166.8ms)[0m   [0;1mSELECT count(*) AS count_all FROM "impressions" WHERE ("impressions".listing_id = 113049) [0m
  [4;35;1mAnalyzing  Execution Time: 0.167046

[0m   [0mAggregate  (cost=12714.08..12714.09 rows=1 width=0)
   ->  Seq Scan on impressions  (cost=0.00..12714.00 rows=31 width=0)
         Filter: (listing_id = 113049)
[0m
  [4;36;1mSQL (10.0ms)[0m   [0;1mSELECT count(*) AS count_all FROM "clicks" WHERE ("clicks".listing_id = 113049) [0m
  [4;35;1mAnalyzing  Execution Time: 0.010556

[0m   [0mAggregate  (cost=814.47..814.48 rows=1 width=0)
   ->  Seq Scan on clicks  (cost=0.00..814.46 rows=2 width=0)
         Filter: (listing_id = 113049)
[0m
  [4;36;1mSQL (2.7ms)[0m   [0;1mSELECT count(*) AS count_all FROM "listings" WHERE ("listings".user_id = 25319) [0m
  [4;35;1mAnalyzing  Execution Time: 0.003016

[0m   [0mAggregate  (cost=1615.81..1615.82 rows=1 width=0)
   ->  Index Scan using index_listings_on_id_and_user_id_and_title on listings  (cost=0.00..1615.79 rows=4 width=0)
         Index Cond: (user_id = 25319)
[0m
  [4;36;1mSQL (168.7ms)[0m   [0;1mSELECT count(*) AS count_all FROM "impressions" WHERE ("impressions".listing_id = 77593) [0m
  [4;35;1mAnalyzing  Execution Time: 0.168977

[0m   [0mAggregate  (cost=12714.08..12714.09 rows=1 width=0)
   ->  Seq Scan on impressions  (cost=0.00..12714.00 rows=31 width=0)
         Filter: (listing_id = 77593)
[0m
  [4;36;1mSQL (166.8ms)[0m   [0;1mSELECT count(*) AS count_all FROM "impressions" WHERE ("impressions".listing_id = 81560) [0m
  [4;35;1mAnalyzing  Execution Time: 0.16727

[0m   [0mAggregate  (cost=12714.08..12714.09 rows=1 width=0)
   ->  Seq Scan on impressions  (cost=0.00..12714.00 rows=31 width=0)
         Filter: (listing_id = 81560)
[0m
  [4;36;1mSQL (175.4ms)[0m   [0;1mSELECT count(*) AS count_all FROM "impressions" WHERE ("impressions".listing_id = 88581) [0m
  [4;35;1mAnalyzing  Execution Time: 0.175674

[0m   [0mAggregate  (cost=12714.08..12714.09 rows=1 width=0)
   ->  Seq Scan on impressions  (cost=0.00..12714.00 rows=31 width=0)
         Filter: (listing_id = 88581)
[0m
  [4;36;1mSQL (173.7ms)[0m   [0;1mSELECT count(*) AS count_all FROM "impressions" WHERE ("impressions".listing_id = 95256) [0m
  [4;35;1mAnalyzing  Execution Time: 0.174479

[0m   [0mAggregate  (cost=12714.08..12714.09 rows=1 width=0)
   ->  Seq Scan on impressions  (cost=0.00..12714.00 rows=31 width=0)
         Filter: (listing_id = 95256)
[0m
  [4;36;1mSQL (9.1ms)[0m   [0;1mSELECT count(*) AS count_all FROM "clicks" WHERE ("clicks".listing_id = 77593) [0m
  [4;35;1mAnalyzing  Execution Time: 0.009372

[0m   [0mAggregate  (cost=814.47..814.48 rows=1 width=0)
   ->  Seq Scan on clicks  (cost=0.00..814.46 rows=2 width=0)
         Filter: (listing_id = 77593)
[0m
  [4;36;1mSQL (8.5ms)[0m   [0;1mSELECT count(*) AS count_all FROM "clicks" WHERE ("clicks".listing_id = 81560) [0m
  [4;35;1mAnalyzing  Execution Time: 0.008723

[0m   [0mAggregate  (cost=814.47..814.48 rows=1 width=0)
   ->  Seq Scan on clicks  (cost=0.00..814.46 rows=2 width=0)
         Filter: (listing_id = 81560)
[0m
  [4;36;1mSQL (8.9ms)[0m   [0;1mSELECT count(*) AS count_all FROM "clicks" WHERE ("clicks".listing_id = 88581) [0m
  [4;35;1mAnalyzing  Execution Time: 0.009188

[0m   [0mAggregate  (cost=814.47..814.48 rows=1 width=0)
   ->  Seq Scan on clicks  (cost=0.00..814.46 rows=2 width=0)
         Filter: (listing_id = 88581)
[0m
  [4;36;1mSQL (10.6ms)[0m   [0;1mSELECT count(*) AS count_all FROM "clicks" WHERE ("clicks".listing_id = 95256) [0m
  [4;35;1mAnalyzing  Execution Time: 0.010917

[0m   [0mAggregate  (cost=814.47..814.48 rows=1 width=0)
   ->  Seq Scan on clicks  (cost=0.00..814.46 rows=2 width=0)
         Filter: (listing_id = 95256)
[0m
  [4;36;1mSQL (4.9ms)[0m   [0;1mSELECT count(*) AS count_all FROM "listings" WHERE ("listings".user_id = 25318) [0m
  [4;35;1mAnalyzing  Execution Time: 0.005185

[0m   [0mAggregate  (cost=1615.81..1615.82 rows=1 width=0)
   ->  Index Scan using index_listings_on_id_and_user_id_and_title on listings  (cost=0.00..1615.79 rows=4 width=0)
         Index Cond: (user_id = 25318)
[0m
  [4;36;1mSQL (167.8ms)[0m   [0;1mSELECT count(*) AS count_all FROM "impressions" WHERE ("impressions".listing_id = 113048) [0m
  [4;35;1mAnalyzing  Execution Time: 0.168068

[0m   [0mAggregate  (cost=12714.08..12714.09 rows=1 width=0)
   ->  Seq Scan on impressions  (cost=0.00..12714.00 rows=31 width=0)
         Filter: (listing_id = 113048)
[0m
  [4;36;1mSQL (10.0ms)[0m   [0;1mSELECT count(*) AS count_all FROM "clicks" WHERE ("clicks".listing_id = 113048) [0m
  [4;35;1mAnalyzing  Execution Time: 0.010332

[0m   [0mAggregate  (cost=814.47..814.48 rows=1 width=0)
   ->  Seq Scan on clicks  (cost=0.00..814.46 rows=2 width=0)
         Filter: (listing_id = 113048)
[0m
  [4;36;1mSQL (4.5ms)[0m   [0;1mSELECT count(*) AS count_all FROM "listings" WHERE ("listings".user_id = 25317) [0m
  [4;35;1mAnalyzing  Execution Time: 0.004813

[0m   [0mAggregate  (cost=1615.81..1615.82 rows=1 width=0)
   ->  Index Scan using index_listings_on_id_and_user_id_and_title on listings  (cost=0.00..1615.79 rows=4 width=0)
         Index Cond: (user_id = 25317)
[0m
  [4;36;1mSQL (185.2ms)[0m   [0;1mSELECT count(*) AS count_all FROM "impressions" WHERE ("impressions".listing_id = 68610) [0m
  [4;35;1mAnalyzing  Execution Time: 0.185468

[0m   [0mAggregate  (cost=12714.08..12714.09 rows=1 width=0)
   ->  Seq Scan on impressions  (cost=0.00..12714.00 rows=31 width=0)
         Filter: (listing_id = 68610)
[0m
  [4;36;1mSQL (10.3ms)[0m   [0;1mSELECT count(*) AS count_all FROM "clicks" WHERE ("clicks".listing_id = 68610) [0m
  [4;35;1mAnalyzing  Execution Time: 0.010598

[0m   [0mAggregate  (cost=814.47..814.48 rows=1 width=0)
   ->  Seq Scan on clicks  (cost=0.00..814.46 rows=2 width=0)
         Filter: (listing_id = 68610)
[0m
  [4;36;1mSQL (2.1ms)[0m   [0;1mSELECT count(*) AS count_all FROM "listings" WHERE ("listings".user_id = 25316) [0m
  [4;35;1mAnalyzing  Execution Time: 0.002345

[0m   [0mAggregate  (cost=1615.81..1615.82 rows=1 width=0)
   ->  Index Scan using index_listings_on_id_and_user_id_and_title on listings  (cost=0.00..1615.79 rows=4 width=0)
         Index Cond: (user_id = 25316)
[0m
  [4;36;1mSQL (175.0ms)[0m   [0;1mSELECT count(*) AS count_all FROM "impressions" WHERE ("impressions".listing_id = 72302) [0m
  [4;35;1mAnalyzing  Execution Time: 0.175386

[0m   [0mAggregate  (cost=12714.08..12714.09 rows=1 width=0)
   ->  Seq Scan on impressions  (cost=0.00..12714.00 rows=31 width=0)
         Filter: (listing_id = 72302)
[0m
  [4;36;1mSQL (171.0ms)[0m   [0;1mSELECT count(*) AS count_all FROM "impressions" WHERE ("impressions".listing_id = 89876) [0m
  [4;35;1mAnalyzing  Execution Time: 0.171287

[0m   [0mAggregate  (cost=12714.08..12714.09 rows=1 width=0)
   ->  Seq Scan on impressions  (cost=0.00..12714.00 rows=31 width=0)
         Filter: (listing_id = 89876)
[0m
  [4;36;1mSQL (13.1ms)[0m   [0;1mSELECT count(*) AS count_all FROM "clicks" WHERE ("clicks".listing_id = 72302) [0m
  [4;35;1mAnalyzing  Execution Time: 0.013395

[0m   [0mAggregate  (cost=814.47..814.48 rows=1 width=0)
   ->  Seq Scan on clicks  (cost=0.00..814.46 rows=2 width=0)
         Filter: (listing_id = 72302)
[0m
  [4;36;1mSQL (9.5ms)[0m   [0;1mSELECT count(*) AS count_all FROM "clicks" WHERE ("clicks".listing_id = 89876) [0m
  [4;35;1mAnalyzing  Execution Time: 0.009783

[0m   [0mAggregate  (cost=814.47..814.48 rows=1 width=0)
   ->  Seq Scan on clicks  (cost=0.00..814.46 rows=2 width=0)
         Filter: (listing_id = 89876)
[0m
  [4;36;1mSQL (12.4ms)[0m   [0;1mSELECT count(*) AS count_all FROM "listings" WHERE ("listings".user_id = 25314) [0m
  [4;35;1mAnalyzing  Execution Time: 0.012724

[0m   [0mAggregate  (cost=1615.81..1615.82 rows=1 width=0)
   ->  Index Scan using index_listings_on_id_and_user_id_and_title on listings  (cost=0.00..1615.79 rows=4 width=0)
         Index Cond: (user_id = 25314)
[0m
  [4;36;1mSQL (186.8ms)[0m   [0;1mSELECT count(*) AS count_all FROM "impressions" WHERE ("impressions".listing_id = 67785) [0m
  [4;35;1mAnalyzing  Execution Time: 0.187107

[0m   [0mAggregate  (cost=12714.08..12714.09 rows=1 width=0)
   ->  Seq Scan on impressions  (cost=0.00..12714.00 rows=31 width=0)
         Filter: (listing_id = 67785)
[0m
  [4;36;1mSQL (185.8ms)[0m   [0;1mSELECT count(*) AS count_all FROM "impressions" WHERE ("impressions".listing_id = 70300) [0m
  [4;35;1mAnalyzing  Execution Time: 0.186011

[0m   [0mAggregate  (cost=12714.08..12714.09 rows=1 width=0)
   ->  Seq Scan on impressions  (cost=0.00..12714.00 rows=31 width=0)
         Filter: (listing_id = 70300)
[0m
  [4;36;1mSQL (183.4ms)[0m   [0;1mSELECT count(*) AS count_all FROM "impressions" WHERE ("impressions".listing_id = 86210) [0m
  [4;35;1mAnalyzing  Execution Time: 0.183696

[0m   [0mAggregate  (cost=12714.08..12714.09 rows=1 width=0)
   ->  Seq Scan on impressions  (cost=0.00..12714.00 rows=31 width=0)
         Filter: (listing_id = 86210)
[0m
  [4;36;1mSQL (164.3ms)[0m   [0;1mSELECT count(*) AS count_all FROM "impressions" WHERE ("impressions".listing_id = 86211) [0m
  [4;35;1mAnalyzing  Execution Time: 0.164615

[0m   [0mAggregate  (cost=12714.08..12714.09 rows=1 width=0)
   ->  Seq Scan on impressions  (cost=0.00..12714.00 rows=31 width=0)
         Filter: (listing_id = 86211)
[0m
  [4;36;1mSQL (175.0ms)[0m   [0;1mSELECT count(*) AS count_all FROM "impressions" WHERE ("impressions".listing_id = 86212) [0m
  [4;35;1mAnalyzing  Execution Time: 0.1753

[0m   [0mAggregate  (cost=12714.08..12714.09 rows=1 width=0)
   ->  Seq Scan on impressions  (cost=0.00..12714.00 rows=31 width=0)
         Filter: (listing_id = 86212)
[0m
  [4;36;1mSQL (156.5ms)[0m   [0;1mSELECT count(*) AS count_all FROM "impressions" WHERE ("impressions".listing_id = 86213) [0m
  [4;35;1mAnalyzing  Execution Time: 0.156809

[0m   [0mAggregate  (cost=12714.08..12714.09 rows=1 width=0)
   ->  Seq Scan on impressions  (cost=0.00..12714.00 rows=31 width=0)
         Filter: (listing_id = 86213)
[0m
  [4;36;1mSQL (161.8ms)[0m   [0;1mSELECT count(*) AS count_all FROM "impressions" WHERE ("impressions".listing_id = 86215) [0m
  [4;35;1mAnalyzing  Execution Time: 0.162083

[0m   [0mAggregate  (cost=12714.08..12714.09 rows=1 width=0)
   ->  Seq Scan on impressions  (cost=0.00..12714.00 rows=31 width=0)
         Filter: (listing_id = 86215)
[0m
  [4;36;1mSQL (175.3ms)[0m   [0;1mSELECT count(*) AS count_all FROM "impressions" WHERE ("impressions".listing_id = 86217) [0m
  [4;35;1mAnalyzing  Execution Time: 0.175572

[0m   [0mAggregate  (cost=12714.08..12714.09 rows=1 width=0)
   ->  Seq Scan on impressions  (cost=0.00..12714.00 rows=31 width=0)
         Filter: (listing_id = 86217)
[0m
  [4;36;1mSQL (164.6ms)[0m   [0;1mSELECT count(*) AS count_all FROM "impressions" WHERE ("impressions".listing_id = 86218) [0m
  [4;35;1mAnalyzing  Execution Time: 0.164919

[0m   [0mAggregate  (cost=12714.08..12714.09 rows=1 width=0)
   ->  Seq Scan on impressions  (cost=0.00..12714.00 rows=31 width=0)
         Filter: (listing_id = 86218)
[0m
  [4;36;1mSQL (160.4ms)[0m   [0;1mSELECT count(*) AS count_all FROM "impressions" WHERE ("impressions".listing_id = 86219) [0m
  [4;35;1mAnalyzing  Execution Time: 0.160615

[0m   [0mAggregate  (cost=12714.08..12714.09 rows=1 width=0)
   ->  Seq Scan on impressions  (cost=0.00..12714.00 rows=31 width=0)
         Filter: (listing_id = 86219)
[0m
  [4;36;1mSQL (167.4ms)[0m   [0;1mSELECT count(*) AS count_all FROM "impressions" WHERE ("impressions".listing_id = 86220) [0m
  [4;35;1mAnalyzing  Execution Time: 0.167719

[0m   [0mAggregate  (cost=12714.08..12714.09 rows=1 width=0)
   ->  Seq Scan on impressions  (cost=0.00..12714.00 rows=31 width=0)
         Filter: (listing_id = 86220)
[0m
  [4;36;1mSQL (168.6ms)[0m   [0;1mSELECT count(*) AS count_all FROM "impressions" WHERE ("impressions".listing_id = 86221) [0m
  [4;35;1mAnalyzing  Execution Time: 0.168925

[0m   [0mAggregate  (cost=12714.08..12714.09 rows=1 width=0)
   ->  Seq Scan on impressions  (cost=0.00..12714.00 rows=31 width=0)
         Filter: (listing_id = 86221)
[0m
  [4;36;1mSQL (166.9ms)[0m   [0;1mSELECT count(*) AS count_all FROM "impressions" WHERE ("impressions".listing_id = 86222) [0m
  [4;35;1mAnalyzing  Execution Time: 0.167105

[0m   [0mAggregate  (cost=12714.08..12714.09 rows=1 width=0)
   ->  Seq Scan on impressions  (cost=0.00..12714.00 rows=31 width=0)
         Filter: (listing_id = 86222)
[0m
  [4;36;1mSQL (169.0ms)[0m   [0;1mSELECT count(*) AS count_all FROM "impressions" WHERE ("impressions".listing_id = 86223) [0m
  [4;35;1mAnalyzing  Execution Time: 0.169246

[0m   [0mAggregate  (cost=12714.08..12714.09 rows=1 width=0)
   ->  Seq Scan on impressions  (cost=0.00..12714.00 rows=31 width=0)
         Filter: (listing_id = 86223)
[0m
  [4;36;1mSQL (165.7ms)[0m   [0;1mSELECT count(*) AS count_all FROM "impressions" WHERE ("impressions".listing_id = 86224) [0m
  [4;35;1mAnalyzing  Execution Time: 0.166026

[0m   [0mAggregate  (cost=12714.08..12714.09 rows=1 width=0)
   ->  Seq Scan on impressions  (cost=0.00..12714.00 rows=31 width=0)
         Filter: (listing_id = 86224)
[0m
  [4;36;1mSQL (176.1ms)[0m   [0;1mSELECT count(*) AS count_all FROM "impressions" WHERE ("impressions".listing_id = 86225) [0m
  [4;35;1mAnalyzing  Execution Time: 0.176356

[0m   [0mAggregate  (cost=12714.08..12714.09 rows=1 width=0)
   ->  Seq Scan on impressions  (cost=0.00..12714.00 rows=31 width=0)
         Filter: (listing_id = 86225)
[0m
  [4;36;1mSQL (15.1ms)[0m   [0;1mSELECT count(*) AS count_all FROM "clicks" WHERE ("clicks".listing_id = 67785) [0m
  [4;35;1mAnalyzing  Execution Time: 0.015328

[0m   [0mAggregate  (cost=814.47..814.48 rows=1 width=0)
   ->  Seq Scan on clicks  (cost=0.00..814.46 rows=2 width=0)
         Filter: (listing_id = 67785)
[0m
  [4;36;1mSQL (18.1ms)[0m   [0;1mSELECT count(*) AS count_all FROM "clicks" WHERE ("clicks".listing_id = 70300) [0m
  [4;35;1mAnalyzing  Execution Time: 0.018926

[0m   [0mAggregate  (cost=814.47..814.48 rows=1 width=0)
   ->  Seq Scan on clicks  (cost=0.00..814.46 rows=2 width=0)
         Filter: (listing_id = 70300)
[0m
  [4;36;1mSQL (8.7ms)[0m   [0;1mSELECT count(*) AS count_all FROM "clicks" WHERE ("clicks".listing_id = 86210) [0m
  [4;35;1mAnalyzing  Execution Time: 0.008965

[0m   [0mAggregate  (cost=814.47..814.48 rows=1 width=0)
   ->  Seq Scan on clicks  (cost=0.00..814.46 rows=2 width=0)
         Filter: (listing_id = 86210)
[0m
  [4;36;1mSQL (15.5ms)[0m   [0;1mSELECT count(*) AS count_all FROM "clicks" WHERE ("clicks".listing_id = 86211) [0m
  [4;35;1mAnalyzing  Execution Time: 0.015816

[0m   [0mAggregate  (cost=814.47..814.48 rows=1 width=0)
   ->  Seq Scan on clicks  (cost=0.00..814.46 rows=2 width=0)
         Filter: (listing_id = 86211)
[0m
  [4;36;1mSQL (9.7ms)[0m   [0;1mSELECT count(*) AS count_all FROM "clicks" WHERE ("clicks".listing_id = 86212) [0m
  [4;35;1mAnalyzing  Execution Time: 0.009956

[0m   [0mAggregate  (cost=814.47..814.48 rows=1 width=0)
   ->  Seq Scan on clicks  (cost=0.00..814.46 rows=2 width=0)
         Filter: (listing_id = 86212)
[0m
  [4;36;1mSQL (8.7ms)[0m   [0;1mSELECT count(*) AS count_all FROM "clicks" WHERE ("clicks".listing_id = 86213) [0m
  [4;35;1mAnalyzing  Execution Time: 0.009054

[0m   [0mAggregate  (cost=814.47..814.48 rows=1 width=0)
   ->  Seq Scan on clicks  (cost=0.00..814.46 rows=2 width=0)
         Filter: (listing_id = 86213)
[0m
  [4;36;1mSQL (11.0ms)[0m   [0;1mSELECT count(*) AS count_all FROM "clicks" WHERE ("clicks".listing_id = 86215) [0m
  [4;35;1mAnalyzing  Execution Time: 0.011806

[0m   [0mAggregate  (cost=814.47..814.48 rows=1 width=0)
   ->  Seq Scan on clicks  (cost=0.00..814.46 rows=2 width=0)
         Filter: (listing_id = 86215)
[0m
  [4;36;1mSQL (10.9ms)[0m   [0;1mSELECT count(*) AS count_all FROM "clicks" WHERE ("clicks".listing_id = 86217) [0m
  [4;35;1mAnalyzing  Execution Time: 0.011123

[0m   [0mAggregate  (cost=814.47..814.48 rows=1 width=0)
   ->  Seq Scan on clicks  (cost=0.00..814.46 rows=2 width=0)
         Filter: (listing_id = 86217)
[0m
  [4;36;1mSQL (10.5ms)[0m   [0;1mSELECT count(*) AS count_all FROM "clicks" WHERE ("clicks".listing_id = 86218) [0m
  [4;35;1mAnalyzing  Execution Time: 0.010809

[0m   [0mAggregate  (cost=814.47..814.48 rows=1 width=0)
   ->  Seq Scan on clicks  (cost=0.00..814.46 rows=2 width=0)
         Filter: (listing_id = 86218)
[0m
  [4;36;1mSQL (10.5ms)[0m   [0;1mSELECT count(*) AS count_all FROM "clicks" WHERE ("clicks".listing_id = 86219) [0m
  [4;35;1mAnalyzing  Execution Time: 0.010793

[0m   [0mAggregate  (cost=814.47..814.48 rows=1 width=0)
   ->  Seq Scan on clicks  (cost=0.00..814.46 rows=2 width=0)
         Filter: (listing_id = 86219)
[0m
  [4;36;1mSQL (11.3ms)[0m   [0;1mSELECT count(*) AS count_all FROM "clicks" WHERE ("clicks".listing_id = 86220) [0m
  [4;35;1mAnalyzing  Execution Time: 0.011605

[0m   [0mAggregate  (cost=814.47..814.48 rows=1 width=0)
   ->  Seq Scan on clicks  (cost=0.00..814.46 rows=2 width=0)
         Filter: (listing_id = 86220)
[0m
  [4;36;1mSQL (10.6ms)[0m   [0;1mSELECT count(*) AS count_all FROM "clicks" WHERE ("clicks".listing_id = 86221) [0m
  [4;35;1mAnalyzing  Execution Time: 0.010928

[0m   [0mAggregate  (cost=814.47..814.48 rows=1 width=0)
   ->  Seq Scan on clicks  (cost=0.00..814.46 rows=2 width=0)
         Filter: (listing_id = 86221)
[0m
  [4;36;1mSQL (9.3ms)[0m   [0;1mSELECT count(*) AS count_all FROM "clicks" WHERE ("clicks".listing_id = 86222) [0m
  [4;35;1mAnalyzing  Execution Time: 0.009535

[0m   [0mAggregate  (cost=814.47..814.48 rows=1 width=0)
   ->  Seq Scan on clicks  (cost=0.00..814.46 rows=2 width=0)
         Filter: (listing_id = 86222)
[0m
  [4;36;1mSQL (9.8ms)[0m   [0;1mSELECT count(*) AS count_all FROM "clicks" WHERE ("clicks".listing_id = 86223) [0m
  [4;35;1mAnalyzing  Execution Time: 0.010136

[0m   [0mAggregate  (cost=814.47..814.48 rows=1 width=0)
   ->  Seq Scan on clicks  (cost=0.00..814.46 rows=2 width=0)
         Filter: (listing_id = 86223)
[0m
  [4;36;1mSQL (9.5ms)[0m   [0;1mSELECT count(*) AS count_all FROM "clicks" WHERE ("clicks".listing_id = 86224) [0m
  [4;35;1mAnalyzing  Execution Time: 0.009777

[0m   [0mAggregate  (cost=814.47..814.48 rows=1 width=0)
   ->  Seq Scan on clicks  (cost=0.00..814.46 rows=2 width=0)
         Filter: (listing_id = 86224)
[0m
  [4;36;1mSQL (10.0ms)[0m   [0;1mSELECT count(*) AS count_all FROM "clicks" WHERE ("clicks".listing_id = 86225) [0m
  [4;35;1mAnalyzing  Execution Time: 0.010279

[0m   [0mAggregate  (cost=814.47..814.48 rows=1 width=0)
   ->  Seq Scan on clicks  (cost=0.00..814.46 rows=2 width=0)
         Filter: (listing_id = 86225)
[0m
  [4;36;1mSQL (6.0ms)[0m   [0;1mSELECT count(*) AS count_all FROM "listings" WHERE ("listings".user_id = 25313) [0m
  [4;35;1mAnalyzing  Execution Time: 0.006503

[0m   [0mAggregate  (cost=1615.81..1615.82 rows=1 width=0)
   ->  Index Scan using index_listings_on_id_and_user_id_and_title on listings  (cost=0.00..1615.79 rows=4 width=0)
         Index Cond: (user_id = 25313)
[0m
  [4;36;1mSQL (188.3ms)[0m   [0;1mSELECT count(*) AS count_all FROM "impressions" WHERE ("impressions".listing_id = 66642) [0m
  [4;35;1mAnalyzing  Execution Time: 0.188725

[0m   [0mAggregate  (cost=12714.08..12714.09 rows=1 width=0)
   ->  Seq Scan on impressions  (cost=0.00..12714.00 rows=31 width=0)
         Filter: (listing_id = 66642)
[0m
  [4;36;1mSQL (9.9ms)[0m   [0;1mSELECT count(*) AS count_all FROM "clicks" WHERE ("clicks".listing_id = 66642) [0m
  [4;35;1mAnalyzing  Execution Time: 0.010148

[0m   [0mAggregate  (cost=814.47..814.48 rows=1 width=0)
   ->  Seq Scan on clicks  (cost=0.00..814.46 rows=2 width=0)
         Filter: (listing_id = 66642)
[0m
  [4;36;1mSQL (2.4ms)[0m   [0;1mSELECT count(*) AS count_all FROM "listings" WHERE ("listings".user_id = 25312) [0m
  [4;35;1mAnalyzing  Execution Time: 0.002712

[0m   [0mAggregate  (cost=1615.81..1615.82 rows=1 width=0)
   ->  Index Scan using index_listings_on_id_and_user_id_and_title on listings  (cost=0.00..1615.79 rows=4 width=0)
         Index Cond: (user_id = 25312)
[0m
  [4;36;1mSQL (205.2ms)[0m   [0;1mSELECT count(*) AS count_all FROM "impressions" WHERE ("impressions".listing_id = 113047) [0m
  [4;35;1mAnalyzing  Execution Time: 0.205518

[0m   [0mAggregate  (cost=12714.08..12714.09 rows=1 width=0)
   ->  Seq Scan on impressions  (cost=0.00..12714.00 rows=31 width=0)
         Filter: (listing_id = 113047)
[0m
  [4;36;1mSQL (12.6ms)[0m   [0;1mSELECT count(*) AS count_all FROM "clicks" WHERE ("clicks".listing_id = 113047) [0m
  [4;35;1mAnalyzing  Execution Time: 0.013171

[0m   [0mAggregate  (cost=814.47..814.48 rows=1 width=0)
   ->  Seq Scan on clicks  (cost=0.00..814.46 rows=2 width=0)
         Filter: (listing_id = 113047)
[0m
  [4;36;1mSQL (2.5ms)[0m   [0;1mSELECT count(*) AS count_all FROM "listings" WHERE ("listings".user_id = 25311) [0m
  [4;35;1mAnalyzing  Execution Time: 0.003086

[0m   [0mAggregate  (cost=1615.81..1615.82 rows=1 width=0)
   ->  Index Scan using index_listings_on_id_and_user_id_and_title on listings  (cost=0.00..1615.79 rows=4 width=0)
         Index Cond: (user_id = 25311)
[0m
  [4;36;1mSQL (175.8ms)[0m   [0;1mSELECT count(*) AS count_all FROM "impressions" WHERE ("impressions".listing_id = 71936) [0m
  [4;35;1mAnalyzing  Execution Time: 0.176097

[0m   [0mAggregate  (cost=12714.08..12714.09 rows=1 width=0)
   ->  Seq Scan on impressions  (cost=0.00..12714.00 rows=31 width=0)
         Filter: (listing_id = 71936)
[0m
  [4;36;1mSQL (10.1ms)[0m   [0;1mSELECT count(*) AS count_all FROM "clicks" WHERE ("clicks".listing_id = 71936) [0m
  [4;35;1mAnalyzing  Execution Time: 0.010387

[0m   [0mAggregate  (cost=814.49..814.50 rows=1 width=0)
   ->  Seq Scan on clicks  (cost=0.00..814.46 rows=8 width=0)
         Filter: (listing_id = 71936)
[0m
  [4;36;1mSQL (2.1ms)[0m   [0;1mSELECT count(*) AS count_all FROM "listings" WHERE ("listings".user_id = 25310) [0m
  [4;35;1mAnalyzing  Execution Time: 0.002735

[0m   [0mAggregate  (cost=1615.81..1615.82 rows=1 width=0)
   ->  Index Scan using index_listings_on_id_and_user_id_and_title on listings  (cost=0.00..1615.79 rows=4 width=0)
         Index Cond: (user_id = 25310)
[0m
  [4;36;1mSQL (189.4ms)[0m   [0;1mSELECT count(*) AS count_all FROM "impressions" WHERE ("impressions".listing_id = 113046) [0m
  [4;35;1mAnalyzing  Execution Time: 0.189689

[0m   [0mAggregate  (cost=12714.08..12714.09 rows=1 width=0)
   ->  Seq Scan on impressions  (cost=0.00..12714.00 rows=31 width=0)
         Filter: (listing_id = 113046)
[0m
  [4;36;1mSQL (11.0ms)[0m   [0;1mSELECT count(*) AS count_all FROM "clicks" WHERE ("clicks".listing_id = 113046) [0m
  [4;35;1mAnalyzing  Execution Time: 0.011271

[0m   [0mAggregate  (cost=814.47..814.48 rows=1 width=0)
   ->  Seq Scan on clicks  (cost=0.00..814.46 rows=2 width=0)
         Filter: (listing_id = 113046)
[0m
  [4;36;1mSQL (2.0ms)[0m   [0;1mSELECT count(*) AS count_all FROM "listings" WHERE ("listings".user_id = 25308) [0m
  [4;35;1mAnalyzing  Execution Time: 0.002267

[0m   [0mAggregate  (cost=1615.81..1615.82 rows=1 width=0)
   ->  Index Scan using index_listings_on_id_and_user_id_and_title on listings  (cost=0.00..1615.79 rows=4 width=0)
         Index Cond: (user_id = 25308)
[0m
  [4;36;1mSQL (189.8ms)[0m   [0;1mSELECT count(*) AS count_all FROM "impressions" WHERE ("impressions".listing_id = 67767) [0m
  [4;35;1mAnalyzing  Execution Time: 0.19011

[0m   [0mAggregate  (cost=12714.08..12714.09 rows=1 width=0)
   ->  Seq Scan on impressions  (cost=0.00..12714.00 rows=31 width=0)
         Filter: (listing_id = 67767)
[0m
  [4;36;1mSQL (9.5ms)[0m   [0;1mSELECT count(*) AS count_all FROM "clicks" WHERE ("clicks".listing_id = 67767) [0m
  [4;35;1mAnalyzing  Execution Time: 0.009812

[0m   [0mAggregate  (cost=814.47..814.48 rows=1 width=0)
   ->  Seq Scan on clicks  (cost=0.00..814.46 rows=2 width=0)
         Filter: (listing_id = 67767)
[0m
  [4;36;1mSQL (2.1ms)[0m   [0;1mSELECT count(*) AS count_all FROM "listings" WHERE ("listings".user_id = 25307) [0m
  [4;35;1mAnalyzing  Execution Time: 0.002353

[0m   [0mAggregate  (cost=1615.81..1615.82 rows=1 width=0)
   ->  Index Scan using index_listings_on_id_and_user_id_and_title on listings  (cost=0.00..1615.79 rows=4 width=0)
         Index Cond: (user_id = 25307)
[0m
  [4;36;1mSQL (182.7ms)[0m   [0;1mSELECT count(*) AS count_all FROM "impressions" WHERE ("impressions".listing_id = 105083) [0m
  [4;35;1mAnalyzing  Execution Time: 0.183006

[0m   [0mAggregate  (cost=12714.08..12714.09 rows=1 width=0)
   ->  Seq Scan on impressions  (cost=0.00..12714.00 rows=31 width=0)
         Filter: (listing_id = 105083)
[0m
  [4;36;1mSQL (9.1ms)[0m   [0;1mSELECT count(*) AS count_all FROM "clicks" WHERE ("clicks".listing_id = 105083) [0m
  [4;35;1mAnalyzing  Execution Time: 0.009332

[0m   [0mAggregate  (cost=814.47..814.48 rows=1 width=0)
   ->  Seq Scan on clicks  (cost=0.00..814.46 rows=2 width=0)
         Filter: (listing_id = 105083)
[0m
  [4;36;1mSQL (2.3ms)[0m   [0;1mSELECT count(*) AS count_all FROM "listings" WHERE ("listings".user_id = 25306) [0m
  [4;35;1mAnalyzing  Execution Time: 0.002508

[0m   [0mAggregate  (cost=1615.81..1615.82 rows=1 width=0)
   ->  Index Scan using index_listings_on_id_and_user_id_and_title on listings  (cost=0.00..1615.79 rows=4 width=0)
         Index Cond: (user_id = 25306)
[0m
  [4;36;1mSQL (223.8ms)[0m   [0;1mSELECT count(*) AS count_all FROM "impressions" WHERE ("impressions".listing_id = 113044) [0m
  [4;35;1mAnalyzing  Execution Time: 0.224103

[0m   [0mAggregate  (cost=12714.08..12714.09 rows=1 width=0)
   ->  Seq Scan on impressions  (cost=0.00..12714.00 rows=31 width=0)
         Filter: (listing_id = 113044)
[0m
  [4;36;1mSQL (16.8ms)[0m   [0;1mSELECT count(*) AS count_all FROM "clicks" WHERE ("clicks".listing_id = 113044) [0m
  [4;35;1mAnalyzing  Execution Time: 0.017096

[0m   [0mAggregate  (cost=814.47..814.48 rows=1 width=0)
   ->  Seq Scan on clicks  (cost=0.00..814.46 rows=2 width=0)
         Filter: (listing_id = 113044)
[0m
  [4;36;1mSQL (5.4ms)[0m   [0;1mSELECT count(*) AS count_all FROM "listings" WHERE ("listings".user_id = 25305) [0m
  [4;35;1mAnalyzing  Execution Time: 0.0057

[0m   [0mAggregate  (cost=1615.81..1615.82 rows=1 width=0)
   ->  Index Scan using index_listings_on_id_and_user_id_and_title on listings  (cost=0.00..1615.79 rows=4 width=0)
         Index Cond: (user_id = 25305)
[0m
  [4;36;1mSQL (178.1ms)[0m   [0;1mSELECT count(*) AS count_all FROM "impressions" WHERE ("impressions".listing_id = 68692) [0m
  [4;35;1mAnalyzing  Execution Time: 0.178409

[0m   [0mAggregate  (cost=12714.08..12714.09 rows=1 width=0)
   ->  Seq Scan on impressions  (cost=0.00..12714.00 rows=31 width=0)
         Filter: (listing_id = 68692)
[0m
  [4;36;1mSQL (11.8ms)[0m   [0;1mSELECT count(*) AS count_all FROM "clicks" WHERE ("clicks".listing_id = 68692) [0m
  [4;35;1mAnalyzing  Execution Time: 0.012086

[0m   [0mAggregate  (cost=814.47..814.48 rows=1 width=0)
   ->  Seq Scan on clicks  (cost=0.00..814.46 rows=2 width=0)
         Filter: (listing_id = 68692)
[0m
  [4;36;1mSQL (3.7ms)[0m   [0;1mSELECT count(*) AS count_all FROM "listings" WHERE ("listings".user_id = 25303) [0m
  [4;35;1mAnalyzing  Execution Time: 0.003945

[0m   [0mAggregate  (cost=1615.81..1615.82 rows=1 width=0)
   ->  Index Scan using index_listings_on_id_and_user_id_and_title on listings  (cost=0.00..1615.79 rows=4 width=0)
         Index Cond: (user_id = 25303)
[0m
  [4;36;1mSQL (169.1ms)[0m   [0;1mSELECT count(*) AS count_all FROM "impressions" WHERE ("impressions".listing_id = 113042) [0m
  [4;35;1mAnalyzing  Execution Time: 0.169418

[0m   [0mAggregate  (cost=12714.08..12714.09 rows=1 width=0)
   ->  Seq Scan on impressions  (cost=0.00..12714.00 rows=31 width=0)
         Filter: (listing_id = 113042)
[0m
  [4;36;1mSQL (10.4ms)[0m   [0;1mSELECT count(*) AS count_all FROM "clicks" WHERE ("clicks".listing_id = 113042) [0m
  [4;35;1mAnalyzing  Execution Time: 0.010672

[0m   [0mAggregate  (cost=814.47..814.48 rows=1 width=0)
   ->  Seq Scan on clicks  (cost=0.00..814.46 rows=2 width=0)
         Filter: (listing_id = 113042)
[0m
  [4;36;1mSQL (2.3ms)[0m   [0;1mSELECT count(*) AS count_all FROM "listings" WHERE ("listings".user_id = 25302) [0m
  [4;35;1mAnalyzing  Execution Time: 0.002616

[0m   [0mAggregate  (cost=1615.81..1615.82 rows=1 width=0)
   ->  Index Scan using index_listings_on_id_and_user_id_and_title on listings  (cost=0.00..1615.79 rows=4 width=0)
         Index Cond: (user_id = 25302)
[0m
  [4;36;1mSQL (172.4ms)[0m   [0;1mSELECT count(*) AS count_all FROM "impressions" WHERE ("impressions".listing_id = 83308) [0m
  [4;35;1mAnalyzing  Execution Time: 0.172717

[0m   [0mAggregate  (cost=12714.08..12714.09 rows=1 width=0)
   ->  Seq Scan on impressions  (cost=0.00..12714.00 rows=31 width=0)
         Filter: (listing_id = 83308)
[0m
  [4;36;1mSQL (10.6ms)[0m   [0;1mSELECT count(*) AS count_all FROM "clicks" WHERE ("clicks".listing_id = 83308) [0m
  [4;35;1mAnalyzing  Execution Time: 0.011

[0m   [0mAggregate  (cost=814.47..814.48 rows=1 width=0)
   ->  Seq Scan on clicks  (cost=0.00..814.46 rows=2 width=0)
         Filter: (listing_id = 83308)
[0m
  [4;36;1mSQL (3.0ms)[0m   [0;1mSELECT count(*) AS count_all FROM "listings" WHERE ("listings".user_id = 25297) [0m
  [4;35;1mAnalyzing  Execution Time: 0.003312

[0m   [0mAggregate  (cost=1615.81..1615.82 rows=1 width=0)
   ->  Index Scan using index_listings_on_id_and_user_id_and_title on listings  (cost=0.00..1615.79 rows=4 width=0)
         Index Cond: (user_id = 25297)
[0m
  [4;36;1mSQL (157.2ms)[0m   [0;1mSELECT count(*) AS count_all FROM "impressions" WHERE ("impressions".listing_id = 82633) [0m
  [4;35;1mAnalyzing  Execution Time: 0.157817

[0m   [0mAggregate  (cost=12714.08..12714.09 rows=1 width=0)
   ->  Seq Scan on impressions  (cost=0.00..12714.00 rows=31 width=0)
         Filter: (listing_id = 82633)
[0m
  [4;36;1mSQL (17.9ms)[0m   [0;1mSELECT count(*) AS count_all FROM "clicks" WHERE ("clicks".listing_id = 82633) [0m
  [4;35;1mAnalyzing  Execution Time: 0.018224

[0m   [0mAggregate  (cost=814.47..814.48 rows=1 width=0)
   ->  Seq Scan on clicks  (cost=0.00..814.46 rows=2 width=0)
         Filter: (listing_id = 82633)
[0m
  [4;36;1mSQL (2.0ms)[0m   [0;1mSELECT count(*) AS count_all FROM "listings" WHERE ("listings".user_id = 25294) [0m
  [4;35;1mAnalyzing  Execution Time: 0.0023

[0m   [0mAggregate  (cost=1615.81..1615.82 rows=1 width=0)
   ->  Index Scan using index_listings_on_id_and_user_id_and_title on listings  (cost=0.00..1615.79 rows=4 width=0)
         Index Cond: (user_id = 25294)
[0m
  [4;36;1mSQL (168.8ms)[0m   [0;1mSELECT count(*) AS count_all FROM "impressions" WHERE ("impressions".listing_id = 113039) [0m
  [4;35;1mAnalyzing  Execution Time: 0.169092

[0m   [0mAggregate  (cost=12714.08..12714.09 rows=1 width=0)
   ->  Seq Scan on impressions  (cost=0.00..12714.00 rows=31 width=0)
         Filter: (listing_id = 113039)
[0m
  [4;36;1mSQL (11.2ms)[0m   [0;1mSELECT count(*) AS count_all FROM "clicks" WHERE ("clicks".listing_id = 113039) [0m
  [4;35;1mAnalyzing  Execution Time: 0.01159

[0m   [0mAggregate  (cost=814.47..814.48 rows=1 width=0)
   ->  Seq Scan on clicks  (cost=0.00..814.46 rows=2 width=0)
         Filter: (listing_id = 113039)
[0m
  [4;36;1mSQL (4.6ms)[0m   [0;1mSELECT count(*) AS count_all FROM "listings" WHERE ("listings".user_id = 25293) [0m
  [4;35;1mAnalyzing  Execution Time: 0.004845

[0m   [0mAggregate  (cost=1615.81..1615.82 rows=1 width=0)
   ->  Index Scan using index_listings_on_id_and_user_id_and_title on listings  (cost=0.00..1615.79 rows=4 width=0)
         Index Cond: (user_id = 25293)
[0m
  [4;36;1mSQL (162.6ms)[0m   [0;1mSELECT count(*) AS count_all FROM "impressions" WHERE ("impressions".listing_id = 113038) [0m
  [4;35;1mAnalyzing  Execution Time: 0.162875

[0m   [0mAggregate  (cost=12714.08..12714.09 rows=1 width=0)
   ->  Seq Scan on impressions  (cost=0.00..12714.00 rows=31 width=0)
         Filter: (listing_id = 113038)
[0m
  [4;36;1mSQL (8.5ms)[0m   [0;1mSELECT count(*) AS count_all FROM "clicks" WHERE ("clicks".listing_id = 113038) [0m
  [4;35;1mAnalyzing  Execution Time: 0.008764

[0m   [0mAggregate  (cost=814.47..814.48 rows=1 width=0)
   ->  Seq Scan on clicks  (cost=0.00..814.46 rows=2 width=0)
         Filter: (listing_id = 113038)
[0m
  [4;36;1mSQL (2.4ms)[0m   [0;1mSELECT count(*) AS count_all FROM "listings" WHERE ("listings".user_id = 25292) [0m
  [4;35;1mAnalyzing  Execution Time: 0.002771

[0m   [0mAggregate  (cost=1615.81..1615.82 rows=1 width=0)
   ->  Index Scan using index_listings_on_id_and_user_id_and_title on listings  (cost=0.00..1615.79 rows=4 width=0)
         Index Cond: (user_id = 25292)
[0m
  [4;36;1mSQL (174.7ms)[0m   [0;1mSELECT count(*) AS count_all FROM "impressions" WHERE ("impressions".listing_id = 90101) [0m
  [4;35;1mAnalyzing  Execution Time: 0.175023

[0m   [0mAggregate  (cost=12714.08..12714.09 rows=1 width=0)
   ->  Seq Scan on impressions  (cost=0.00..12714.00 rows=31 width=0)
         Filter: (listing_id = 90101)
[0m
  [4;36;1mSQL (10.5ms)[0m   [0;1mSELECT count(*) AS count_all FROM "clicks" WHERE ("clicks".listing_id = 90101) [0m
  [4;35;1mAnalyzing  Execution Time: 0.010849

[0m   [0mAggregate  (cost=814.49..814.50 rows=1 width=0)
   ->  Seq Scan on clicks  (cost=0.00..814.46 rows=10 width=0)
         Filter: (listing_id = 90101)
[0m
  [4;36;1mSQL (4.2ms)[0m   [0;1mSELECT count(*) AS count_all FROM "listings" WHERE ("listings".user_id = 25291) [0m
  [4;35;1mAnalyzing  Execution Time: 0.004472

[0m   [0mAggregate  (cost=1615.81..1615.82 rows=1 width=0)
   ->  Index Scan using index_listings_on_id_and_user_id_and_title on listings  (cost=0.00..1615.79 rows=4 width=0)
         Index Cond: (user_id = 25291)
[0m
  [4;36;1mSQL (161.0ms)[0m   [0;1mSELECT count(*) AS count_all FROM "impressions" WHERE ("impressions".listing_id = 66214) [0m
  [4;35;1mAnalyzing  Execution Time: 0.161668

[0m   [0mAggregate  (cost=12714.08..12714.09 rows=1 width=0)
   ->  Seq Scan on impressions  (cost=0.00..12714.00 rows=31 width=0)
         Filter: (listing_id = 66214)
[0m
  [4;36;1mSQL (10.4ms)[0m   [0;1mSELECT count(*) AS count_all FROM "clicks" WHERE ("clicks".listing_id = 66214) [0m
  [4;35;1mAnalyzing  Execution Time: 0.01075

[0m   [0mAggregate  (cost=814.47..814.48 rows=1 width=0)
   ->  Seq Scan on clicks  (cost=0.00..814.46 rows=2 width=0)
         Filter: (listing_id = 66214)
[0m
  [4;36;1mSQL (2.6ms)[0m   [0;1mSELECT count(*) AS count_all FROM "listings" WHERE ("listings".user_id = 25290) [0m
  [4;35;1mAnalyzing  Execution Time: 0.002872

[0m   [0mAggregate  (cost=1615.81..1615.82 rows=1 width=0)
   ->  Index Scan using index_listings_on_id_and_user_id_and_title on listings  (cost=0.00..1615.79 rows=4 width=0)
         Index Cond: (user_id = 25290)
[0m
  [4;36;1mSQL (168.8ms)[0m   [0;1mSELECT count(*) AS count_all FROM "impressions" WHERE ("impressions".listing_id = 74712) [0m
  [4;35;1mAnalyzing  Execution Time: 0.16912

[0m   [0mAggregate  (cost=12714.08..12714.09 rows=1 width=0)
   ->  Seq Scan on impressions  (cost=0.00..12714.00 rows=31 width=0)
         Filter: (listing_id = 74712)
[0m
  [4;36;1mSQL (157.7ms)[0m   [0;1mSELECT count(*) AS count_all FROM "impressions" WHERE ("impressions".listing_id = 105962) [0m
  [4;35;1mAnalyzing  Execution Time: 0.15798

[0m   [0mAggregate  (cost=12714.08..12714.09 rows=1 width=0)
   ->  Seq Scan on impressions  (cost=0.00..12714.00 rows=31 width=0)
         Filter: (listing_id = 105962)
[0m
  [4;36;1mSQL (165.9ms)[0m   [0;1mSELECT count(*) AS count_all FROM "impressions" WHERE ("impressions".listing_id = 105964) [0m
  [4;35;1mAnalyzing  Execution Time: 0.166836

[0m   [0mAggregate  (cost=12714.08..12714.09 rows=1 width=0)
   ->  Seq Scan on impressions  (cost=0.00..12714.00 rows=31 width=0)
         Filter: (listing_id = 105964)
[0m
  [4;36;1mSQL (169.6ms)[0m   [0;1mSELECT count(*) AS count_all FROM "impressions" WHERE ("impressions".listing_id = 105965) [0m
  [4;35;1mAnalyzing  Execution Time: 0.169857

[0m   [0mAggregate  (cost=12714.08..12714.09 rows=1 width=0)
   ->  Seq Scan on impressions  (cost=0.00..12714.00 rows=31 width=0)
         Filter: (listing_id = 105965)
[0m
  [4;36;1mSQL (9.0ms)[0m   [0;1mSELECT count(*) AS count_all FROM "clicks" WHERE ("clicks".listing_id = 74712) [0m
  [4;35;1mAnalyzing  Execution Time: 0.009299

[0m   [0mAggregate  (cost=814.47..814.48 rows=1 width=0)
   ->  Seq Scan on clicks  (cost=0.00..814.46 rows=2 width=0)
         Filter: (listing_id = 74712)
[0m
  [4;36;1mSQL (11.4ms)[0m   [0;1mSELECT count(*) AS count_all FROM "clicks" WHERE ("clicks".listing_id = 105962) [0m
  [4;35;1mAnalyzing  Execution Time: 0.011669

[0m   [0mAggregate  (cost=814.47..814.48 rows=1 width=0)
   ->  Seq Scan on clicks  (cost=0.00..814.46 rows=2 width=0)
         Filter: (listing_id = 105962)
[0m
  [4;36;1mSQL (9.5ms)[0m   [0;1mSELECT count(*) AS count_all FROM "clicks" WHERE ("clicks".listing_id = 105964) [0m
  [4;35;1mAnalyzing  Execution Time: 0.009728

[0m   [0mAggregate  (cost=814.47..814.48 rows=1 width=0)
   ->  Seq Scan on clicks  (cost=0.00..814.46 rows=2 width=0)
         Filter: (listing_id = 105964)
[0m
  [4;36;1mSQL (10.6ms)[0m   [0;1mSELECT count(*) AS count_all FROM "clicks" WHERE ("clicks".listing_id = 105965) [0m
  [4;35;1mAnalyzing  Execution Time: 0.010819

[0m   [0mAggregate  (cost=814.47..814.48 rows=1 width=0)
   ->  Seq Scan on clicks  (cost=0.00..814.46 rows=2 width=0)
         Filter: (listing_id = 105965)
[0m
  [4;36;1mSQL (6.3ms)[0m   [0;1mSELECT count(*) AS count_all FROM "listings" WHERE ("listings".user_id = 25289) [0m
  [4;35;1mAnalyzing  Execution Time: 0.006587

[0m   [0mAggregate  (cost=1615.81..1615.82 rows=1 width=0)
   ->  Index Scan using index_listings_on_id_and_user_id_and_title on listings  (cost=0.00..1615.79 rows=4 width=0)
         Index Cond: (user_id = 25289)
[0m
  [4;36;1mSQL (172.4ms)[0m   [0;1mSELECT count(*) AS count_all FROM "impressions" WHERE ("impressions".listing_id = 113037) [0m
  [4;35;1mAnalyzing  Execution Time: 0.172687

[0m   [0mAggregate  (cost=12717.17..12717.18 rows=1 width=0)
   ->  Seq Scan on impressions  (cost=0.00..12714.00 rows=1267 width=0)
         Filter: (listing_id = 113037)
[0m
  [4;36;1mSQL (10.4ms)[0m   [0;1mSELECT count(*) AS count_all FROM "clicks" WHERE ("clicks".listing_id = 113037) [0m
  [4;35;1mAnalyzing  Execution Time: 0.010688

[0m   [0mAggregate  (cost=814.50..814.51 rows=1 width=0)
   ->  Seq Scan on clicks  (cost=0.00..814.46 rows=13 width=0)
         Filter: (listing_id = 113037)
[0m
  [4;36;1mSQL (1.9ms)[0m   [0;1mSELECT count(*) AS count_all FROM "listings" WHERE ("listings".user_id = 25271) [0m
  [4;35;1mAnalyzing  Execution Time: 0.002148

[0m   [0mAggregate  (cost=1615.81..1615.82 rows=1 width=0)
   ->  Index Scan using index_listings_on_id_and_user_id_and_title on listings  (cost=0.00..1615.79 rows=4 width=0)
         Index Cond: (user_id = 25271)
[0m
  [4;36;1mSQL (179.0ms)[0m   [0;1mSELECT count(*) AS count_all FROM "impressions" WHERE ("impressions".listing_id = 113022) [0m
  [4;35;1mAnalyzing  Execution Time: 0.179268

[0m   [0mAggregate  (cost=12723.85..12723.86 rows=1 width=0)
   ->  Seq Scan on impressions  (cost=0.00..12714.00 rows=3941 width=0)
         Filter: (listing_id = 113022)
[0m
  [4;36;1mSQL (11.1ms)[0m   [0;1mSELECT count(*) AS count_all FROM "clicks" WHERE ("clicks".listing_id = 113022) [0m
  [4;35;1mAnalyzing  Execution Time: 0.01142

[0m   [0mAggregate  (cost=814.60..814.61 rows=1 width=0)
   ->  Seq Scan on clicks  (cost=0.00..814.46 rows=53 width=0)
         Filter: (listing_id = 113022)
[0m
  [4;36;1mSQL (2.8ms)[0m   [0;1mSELECT count(*) AS count_all FROM "listings" WHERE ("listings".user_id = 25270) [0m
  [4;35;1mAnalyzing  Execution Time: 0.003095

[0m   [0mAggregate  (cost=1615.81..1615.82 rows=1 width=0)
   ->  Index Scan using index_listings_on_id_and_user_id_and_title on listings  (cost=0.00..1615.79 rows=4 width=0)
         Index Cond: (user_id = 25270)
[0m
  [4;36;1mSQL (171.8ms)[0m   [0;1mSELECT count(*) AS count_all FROM "impressions" WHERE ("impressions".listing_id = 86230) [0m
  [4;35;1mAnalyzing  Execution Time: 0.172134

[0m   [0mAggregate  (cost=12723.16..12723.17 rows=1 width=0)
   ->  Seq Scan on impressions  (cost=0.00..12714.00 rows=3662 width=0)
         Filter: (listing_id = 86230)
[0m
  [4;36;1mSQL (14.4ms)[0m   [0;1mSELECT count(*) AS count_all FROM "clicks" WHERE ("clicks".listing_id = 86230) [0m
  [4;35;1mAnalyzing  Execution Time: 0.014644

[0m   [0mAggregate  (cost=814.53..814.54 rows=1 width=0)
   ->  Seq Scan on clicks  (cost=0.00..814.46 rows=27 width=0)
         Filter: (listing_id = 86230)
[0m
  [4;36;1mSQL (2.1ms)[0m   [0;1mSELECT count(*) AS count_all FROM "listings" WHERE ("listings".user_id = 25267) [0m
  [4;35;1mAnalyzing  Execution Time: 0.002335

[0m   [0mAggregate  (cost=1615.81..1615.82 rows=1 width=0)
   ->  Index Scan using index_listings_on_id_and_user_id_and_title on listings  (cost=0.00..1615.79 rows=4 width=0)
         Index Cond: (user_id = 25267)
[0m
  [4;36;1mSQL (165.6ms)[0m   [0;1mSELECT count(*) AS count_all FROM "impressions" WHERE ("impressions".listing_id = 87237) [0m
  [4;35;1mAnalyzing  Execution Time: 0.165848

[0m   [0mAggregate  (cost=12714.08..12714.09 rows=1 width=0)
   ->  Seq Scan on impressions  (cost=0.00..12714.00 rows=31 width=0)
         Filter: (listing_id = 87237)
[0m
  [4;36;1mSQL (10.8ms)[0m   [0;1mSELECT count(*) AS count_all FROM "clicks" WHERE ("clicks".listing_id = 87237) [0m
  [4;35;1mAnalyzing  Execution Time: 0.011056

[0m   [0mAggregate  (cost=814.47..814.48 rows=1 width=0)
   ->  Seq Scan on clicks  (cost=0.00..814.46 rows=2 width=0)
         Filter: (listing_id = 87237)
[0m
  [4;36;1mSQL (2.3ms)[0m   [0;1mSELECT count(*) AS count_all FROM "listings" WHERE ("listings".user_id = 25266) [0m
  [4;35;1mAnalyzing  Execution Time: 0.002724

[0m   [0mAggregate  (cost=1615.81..1615.82 rows=1 width=0)
   ->  Index Scan using index_listings_on_id_and_user_id_and_title on listings  (cost=0.00..1615.79 rows=4 width=0)
         Index Cond: (user_id = 25266)
[0m
  [4;36;1mSQL (166.9ms)[0m   [0;1mSELECT count(*) AS count_all FROM "impressions" WHERE ("impressions".listing_id = 113019) [0m
  [4;35;1mAnalyzing  Execution Time: 0.167124

[0m   [0mAggregate  (cost=12714.08..12714.09 rows=1 width=0)
   ->  Seq Scan on impressions  (cost=0.00..12714.00 rows=31 width=0)
         Filter: (listing_id = 113019)
[0m
  [4;36;1mSQL (167.5ms)[0m   [0;1mSELECT count(*) AS count_all FROM "impressions" WHERE ("impressions".listing_id = 113067) [0m
  [4;35;1mAnalyzing  Execution Time: 0.167825

[0m   [0mAggregate  (cost=12714.08..12714.09 rows=1 width=0)
   ->  Seq Scan on impressions  (cost=0.00..12714.00 rows=31 width=0)
         Filter: (listing_id = 113067)
[0m
  [4;36;1mSQL (167.3ms)[0m   [0;1mSELECT count(*) AS count_all FROM "impressions" WHERE ("impressions".listing_id = 113068) [0m
  [4;35;1mAnalyzing  Execution Time: 0.167556

[0m   [0mAggregate  (cost=12714.08..12714.09 rows=1 width=0)
   ->  Seq Scan on impressions  (cost=0.00..12714.00 rows=31 width=0)
         Filter: (listing_id = 113068)
[0m
  [4;36;1mSQL (10.4ms)[0m   [0;1mSELECT count(*) AS count_all FROM "clicks" WHERE ("clicks".listing_id = 113019) [0m
  [4;35;1mAnalyzing  Execution Time: 0.010691

[0m   [0mAggregate  (cost=814.47..814.48 rows=1 width=0)
   ->  Seq Scan on clicks  (cost=0.00..814.46 rows=2 width=0)
         Filter: (listing_id = 113019)
[0m
  [4;36;1mSQL (9.8ms)[0m   [0;1mSELECT count(*) AS count_all FROM "clicks" WHERE ("clicks".listing_id = 113067) [0m
  [4;35;1mAnalyzing  Execution Time: 0.010104

[0m   [0mAggregate  (cost=814.47..814.48 rows=1 width=0)
   ->  Seq Scan on clicks  (cost=0.00..814.46 rows=2 width=0)
         Filter: (listing_id = 113067)
[0m
  [4;36;1mSQL (8.6ms)[0m   [0;1mSELECT count(*) AS count_all FROM "clicks" WHERE ("clicks".listing_id = 113068) [0m
  [4;35;1mAnalyzing  Execution Time: 0.008896

[0m   [0mAggregate  (cost=814.47..814.48 rows=1 width=0)
   ->  Seq Scan on clicks  (cost=0.00..814.46 rows=2 width=0)
         Filter: (listing_id = 113068)
[0m
  [4;36;1mSQL (5.2ms)[0m   [0;1mSELECT count(*) AS count_all FROM "listings" WHERE ("listings".user_id = 25265) [0m
  [4;35;1mAnalyzing  Execution Time: 0.005546

[0m   [0mAggregate  (cost=1615.81..1615.82 rows=1 width=0)
   ->  Index Scan using index_listings_on_id_and_user_id_and_title on listings  (cost=0.00..1615.79 rows=4 width=0)
         Index Cond: (user_id = 25265)
[0m
  [4;36;1mSQL (249.5ms)[0m   [0;1mSELECT count(*) AS count_all FROM "impressions" WHERE ("impressions".listing_id = 73326) [0m
  [4;35;1mAnalyzing  Execution Time: 0.249807

[0m   [0mAggregate  (cost=12714.08..12714.09 rows=1 width=0)
   ->  Seq Scan on impressions  (cost=0.00..12714.00 rows=31 width=0)
         Filter: (listing_id = 73326)
[0m
  [4;36;1mSQL (180.1ms)[0m   [0;1mSELECT count(*) AS count_all FROM "impressions" WHERE ("impressions".listing_id = 88124) [0m
  [4;35;1mAnalyzing  Execution Time: 0.180381

[0m   [0mAggregate  (cost=12714.08..12714.09 rows=1 width=0)
   ->  Seq Scan on impressions  (cost=0.00..12714.00 rows=31 width=0)
         Filter: (listing_id = 88124)
[0m
  [4;36;1mSQL (168.2ms)[0m   [0;1mSELECT count(*) AS count_all FROM "impressions" WHERE ("impressions".listing_id = 88125) [0m
  [4;35;1mAnalyzing  Execution Time: 0.168494

[0m   [0mAggregate  (cost=12714.08..12714.09 rows=1 width=0)
   ->  Seq Scan on impressions  (cost=0.00..12714.00 rows=31 width=0)
         Filter: (listing_id = 88125)
[0m
  [4;36;1mSQL (172.8ms)[0m   [0;1mSELECT count(*) AS count_all FROM "impressions" WHERE ("impressions".listing_id = 113017) [0m
  [4;35;1mAnalyzing  Execution Time: 0.173096

[0m   [0mAggregate  (cost=12714.08..12714.09 rows=1 width=0)
   ->  Seq Scan on impressions  (cost=0.00..12714.00 rows=31 width=0)
         Filter: (listing_id = 113017)
[0m
  [4;36;1mSQL (169.6ms)[0m   [0;1mSELECT count(*) AS count_all FROM "impressions" WHERE ("impressions".listing_id = 113018) [0m
  [4;35;1mAnalyzing  Execution Time: 0.169839

[0m   [0mAggregate  (cost=12714.08..12714.09 rows=1 width=0)
   ->  Seq Scan on impressions  (cost=0.00..12714.00 rows=31 width=0)
         Filter: (listing_id = 113018)
[0m
  [4;36;1mSQL (9.6ms)[0m   [0;1mSELECT count(*) AS count_all FROM "clicks" WHERE ("clicks".listing_id = 73326) [0m
  [4;35;1mAnalyzing  Execution Time: 0.009855

[0m   [0mAggregate  (cost=814.47..814.48 rows=1 width=0)
   ->  Seq Scan on clicks  (cost=0.00..814.46 rows=2 width=0)
         Filter: (listing_id = 73326)
[0m
  [4;36;1mSQL (12.7ms)[0m   [0;1mSELECT count(*) AS count_all FROM "clicks" WHERE ("clicks".listing_id = 88124) [0m
  [4;35;1mAnalyzing  Execution Time: 0.012988

[0m   [0mAggregate  (cost=814.47..814.48 rows=1 width=0)
   ->  Seq Scan on clicks  (cost=0.00..814.46 rows=2 width=0)
         Filter: (listing_id = 88124)
[0m
  [4;36;1mSQL (8.5ms)[0m   [0;1mSELECT count(*) AS count_all FROM "clicks" WHERE ("clicks".listing_id = 88125) [0m
  [4;35;1mAnalyzing  Execution Time: 0.008761

[0m   [0mAggregate  (cost=814.47..814.48 rows=1 width=0)
   ->  Seq Scan on clicks  (cost=0.00..814.46 rows=2 width=0)
         Filter: (listing_id = 88125)
[0m
  [4;36;1mSQL (10.0ms)[0m   [0;1mSELECT count(*) AS count_all FROM "clicks" WHERE ("clicks".listing_id = 113017) [0m
  [4;35;1mAnalyzing  Execution Time: 0.011045

[0m   [0mAggregate  (cost=814.47..814.48 rows=1 width=0)
   ->  Seq Scan on clicks  (cost=0.00..814.46 rows=2 width=0)
         Filter: (listing_id = 113017)
[0m
  [4;36;1mSQL (11.7ms)[0m   [0;1mSELECT count(*) AS count_all FROM "clicks" WHERE ("clicks".listing_id = 113018) [0m
  [4;35;1mAnalyzing  Execution Time: 0.012019

[0m   [0mAggregate  (cost=814.47..814.48 rows=1 width=0)
   ->  Seq Scan on clicks  (cost=0.00..814.46 rows=2 width=0)
         Filter: (listing_id = 113018)
[0m
  [4;36;1mSQL (4.7ms)[0m   [0;1mSELECT count(*) AS count_all FROM "listings" WHERE ("listings".user_id = 25264) [0m
  [4;35;1mAnalyzing  Execution Time: 0.005016

[0m   [0mAggregate  (cost=1615.81..1615.82 rows=1 width=0)
   ->  Index Scan using index_listings_on_id_and_user_id_and_title on listings  (cost=0.00..1615.79 rows=4 width=0)
         Index Cond: (user_id = 25264)
[0m
  [4;36;1mSQL (171.6ms)[0m   [0;1mSELECT count(*) AS count_all FROM "impressions" WHERE ("impressions".listing_id = 81941) [0m
  [4;35;1mAnalyzing  Execution Time: 0.171918

[0m   [0mAggregate  (cost=12714.08..12714.09 rows=1 width=0)
   ->  Seq Scan on impressions  (cost=0.00..12714.00 rows=31 width=0)
         Filter: (listing_id = 81941)
[0m
  [4;36;1mSQL (9.5ms)[0m   [0;1mSELECT count(*) AS count_all FROM "clicks" WHERE ("clicks".listing_id = 81941) [0m
  [4;35;1mAnalyzing  Execution Time: 0.009813

[0m   [0mAggregate  (cost=814.49..814.50 rows=1 width=0)
   ->  Seq Scan on clicks  (cost=0.00..814.46 rows=10 width=0)
         Filter: (listing_id = 81941)
[0m
  [4;36;1mSQL (3.3ms)[0m   [0;1mSELECT count(*) AS count_all FROM "listings" WHERE ("listings".user_id = 25263) [0m
  [4;35;1mAnalyzing  Execution Time: 0.003555

[0m   [0mAggregate  (cost=1615.81..1615.82 rows=1 width=0)
   ->  Index Scan using index_listings_on_id_and_user_id_and_title on listings  (cost=0.00..1615.79 rows=4 width=0)
         Index Cond: (user_id = 25263)
[0m
  [4;36;1mSQL (177.8ms)[0m   [0;1mSELECT count(*) AS count_all FROM "impressions" WHERE ("impressions".listing_id = 67489) [0m
  [4;35;1mAnalyzing  Execution Time: 0.178126

[0m   [0mAggregate  (cost=12714.08..12714.09 rows=1 width=0)
   ->  Seq Scan on impressions  (cost=0.00..12714.00 rows=31 width=0)
         Filter: (listing_id = 67489)
[0m
  [4;36;1mSQL (12.0ms)[0m   [0;1mSELECT count(*) AS count_all FROM "clicks" WHERE ("clicks".listing_id = 67489) [0m
  [4;35;1mAnalyzing  Execution Time: 0.012344

[0m   [0mAggregate  (cost=814.47..814.48 rows=1 width=0)
   ->  Seq Scan on clicks  (cost=0.00..814.46 rows=2 width=0)
         Filter: (listing_id = 67489)
[0m
  [4;36;1mSQL (12.6ms)[0m   [0;1mSELECT count(*) AS count_all FROM "listings" WHERE ("listings".user_id = 25262) [0m
  [4;35;1mAnalyzing  Execution Time: 0.012898

[0m   [0mAggregate  (cost=1615.81..1615.82 rows=1 width=0)
   ->  Index Scan using index_listings_on_id_and_user_id_and_title on listings  (cost=0.00..1615.79 rows=4 width=0)
         Index Cond: (user_id = 25262)
[0m
  [4;36;1mSQL (177.7ms)[0m   [0;1mSELECT count(*) AS count_all FROM "impressions" WHERE ("impressions".listing_id = 113016) [0m
  [4;35;1mAnalyzing  Execution Time: 0.177927

[0m   [0mAggregate  (cost=12714.08..12714.09 rows=1 width=0)
   ->  Seq Scan on impressions  (cost=0.00..12714.00 rows=31 width=0)
         Filter: (listing_id = 113016)
[0m
  [4;36;1mSQL (13.9ms)[0m   [0;1mSELECT count(*) AS count_all FROM "clicks" WHERE ("clicks".listing_id = 113016) [0m
  [4;35;1mAnalyzing  Execution Time: 0.014182

[0m   [0mAggregate  (cost=814.47..814.48 rows=1 width=0)
   ->  Seq Scan on clicks  (cost=0.00..814.46 rows=2 width=0)
         Filter: (listing_id = 113016)
[0m
  [4;36;1mSQL (2.5ms)[0m   [0;1mSELECT count(*) AS count_all FROM "listings" WHERE ("listings".user_id = 25261) [0m
  [4;35;1mAnalyzing  Execution Time: 0.003046

[0m   [0mAggregate  (cost=1615.81..1615.82 rows=1 width=0)
   ->  Index Scan using index_listings_on_id_and_user_id_and_title on listings  (cost=0.00..1615.79 rows=4 width=0)
         Index Cond: (user_id = 25261)
[0m
  [4;36;1mSQL (187.2ms)[0m   [0;1mSELECT count(*) AS count_all FROM "impressions" WHERE ("impressions".listing_id = 72333) [0m
  [4;35;1mAnalyzing  Execution Time: 0.187449

[0m   [0mAggregate  (cost=12714.08..12714.09 rows=1 width=0)
   ->  Seq Scan on impressions  (cost=0.00..12714.00 rows=31 width=0)
         Filter: (listing_id = 72333)
[0m
  [4;36;1mSQL (182.6ms)[0m   [0;1mSELECT count(*) AS count_all FROM "impressions" WHERE ("impressions".listing_id = 113021) [0m
  [4;35;1mAnalyzing  Execution Time: 0.182868

[0m   [0mAggregate  (cost=12714.08..12714.09 rows=1 width=0)
   ->  Seq Scan on impressions  (cost=0.00..12714.00 rows=31 width=0)
         Filter: (listing_id = 113021)
[0m
  [4;36;1mSQL (8.8ms)[0m   [0;1mSELECT count(*) AS count_all FROM "clicks" WHERE ("clicks".listing_id = 72333) [0m
  [4;35;1mAnalyzing  Execution Time: 0.009027

[0m   [0mAggregate  (cost=814.50..814.51 rows=1 width=0)
   ->  Seq Scan on clicks  (cost=0.00..814.46 rows=13 width=0)
         Filter: (listing_id = 72333)
[0m
  [4;36;1mSQL (16.5ms)[0m   [0;1mSELECT count(*) AS count_all FROM "clicks" WHERE ("clicks".listing_id = 113021) [0m
  [4;35;1mAnalyzing  Execution Time: 0.016773

[0m   [0mAggregate  (cost=814.47..814.48 rows=1 width=0)
   ->  Seq Scan on clicks  (cost=0.00..814.46 rows=2 width=0)
         Filter: (listing_id = 113021)
[0m
  [4;36;1mSQL (4.8ms)[0m   [0;1mSELECT count(*) AS count_all FROM "listings" WHERE ("listings".user_id = 25256) [0m
  [4;35;1mAnalyzing  Execution Time: 0.005055

[0m   [0mAggregate  (cost=1615.81..1615.82 rows=1 width=0)
   ->  Index Scan using index_listings_on_id_and_user_id_and_title on listings  (cost=0.00..1615.79 rows=4 width=0)
         Index Cond: (user_id = 25256)
[0m
  [4;36;1mSQL (186.0ms)[0m   [0;1mSELECT count(*) AS count_all FROM "impressions" WHERE ("impressions".listing_id = 113007) [0m
  [4;35;1mAnalyzing  Execution Time: 0.1863

[0m   [0mAggregate  (cost=12714.08..12714.09 rows=1 width=0)
   ->  Seq Scan on impressions  (cost=0.00..12714.00 rows=31 width=0)
         Filter: (listing_id = 113007)
[0m
  [4;36;1mSQL (10.7ms)[0m   [0;1mSELECT count(*) AS count_all FROM "clicks" WHERE ("clicks".listing_id = 113007) [0m
  [4;35;1mAnalyzing  Execution Time: 0.010975

[0m   [0mAggregate  (cost=814.47..814.48 rows=1 width=0)
   ->  Seq Scan on clicks  (cost=0.00..814.46 rows=2 width=0)
         Filter: (listing_id = 113007)
[0m
  [4;36;1mSQL (2.8ms)[0m   [0;1mSELECT count(*) AS count_all FROM "listings" WHERE ("listings".user_id = 25246) [0m
  [4;35;1mAnalyzing  Execution Time: 0.003047

[0m   [0mAggregate  (cost=1615.81..1615.82 rows=1 width=0)
   ->  Index Scan using index_listings_on_id_and_user_id_and_title on listings  (cost=0.00..1615.79 rows=4 width=0)
         Index Cond: (user_id = 25246)
[0m
  [4;36;1mSQL (183.1ms)[0m   [0;1mSELECT count(*) AS count_all FROM "impressions" WHERE ("impressions".listing_id = 66449) [0m
  [4;35;1mAnalyzing  Execution Time: 0.183479

[0m   [0mAggregate  (cost=12714.08..12714.09 rows=1 width=0)
   ->  Seq Scan on impressions  (cost=0.00..12714.00 rows=31 width=0)
         Filter: (listing_id = 66449)
[0m
  [4;36;1mSQL (170.5ms)[0m   [0;1mSELECT count(*) AS count_all FROM "impressions" WHERE ("impressions".listing_id = 113005) [0m
  [4;35;1mAnalyzing  Execution Time: 0.170726

[0m   [0mAggregate  (cost=12714.08..12714.09 rows=1 width=0)
   ->  Seq Scan on impressions  (cost=0.00..12714.00 rows=31 width=0)
         Filter: (listing_id = 113005)
[0m
  [4;36;1mSQL (15.6ms)[0m   [0;1mSELECT count(*) AS count_all FROM "clicks" WHERE ("clicks".listing_id = 66449) [0m
  [4;35;1mAnalyzing  Execution Time: 0.015861

[0m   [0mAggregate  (cost=814.51..814.52 rows=1 width=0)
   ->  Seq Scan on clicks  (cost=0.00..814.46 rows=19 width=0)
         Filter: (listing_id = 66449)
[0m
  [4;36;1mSQL (11.2ms)[0m   [0;1mSELECT count(*) AS count_all FROM "clicks" WHERE ("clicks".listing_id = 113005) [0m
  [4;35;1mAnalyzing  Execution Time: 0.011435

[0m   [0mAggregate  (cost=814.47..814.48 rows=1 width=0)
   ->  Seq Scan on clicks  (cost=0.00..814.46 rows=2 width=0)
         Filter: (listing_id = 113005)
[0m
  [4;36;1mSQL (3.5ms)[0m   [0;1mSELECT count(*) AS count_all FROM "listings" WHERE ("listings".user_id = 25242) [0m
  [4;35;1mAnalyzing  Execution Time: 0.003826

[0m   [0mAggregate  (cost=1615.81..1615.82 rows=1 width=0)
   ->  Index Scan using index_listings_on_id_and_user_id_and_title on listings  (cost=0.00..1615.79 rows=4 width=0)
         Index Cond: (user_id = 25242)
[0m
  [4;36;1mSQL (250.6ms)[0m   [0;1mSELECT count(*) AS count_all FROM "impressions" WHERE ("impressions".listing_id = 85480) [0m
  [4;35;1mAnalyzing  Execution Time: 0.250923

[0m   [0mAggregate  (cost=12729.74..12729.75 rows=1 width=0)
   ->  Seq Scan on impressions  (cost=0.00..12714.00 rows=6294 width=0)
         Filter: (listing_id = 85480)
[0m
  [4;36;1mSQL (177.0ms)[0m   [0;1mSELECT count(*) AS count_all FROM "impressions" WHERE ("impressions".listing_id = 85481) [0m
  [4;35;1mAnalyzing  Execution Time: 0.177292

[0m   [0mAggregate  (cost=12730.96..12730.97 rows=1 width=0)
   ->  Seq Scan on impressions  (cost=0.00..12714.00 rows=6782 width=0)
         Filter: (listing_id = 85481)
[0m
  [4;36;1mSQL (10.7ms)[0m   [0;1mSELECT count(*) AS count_all FROM "clicks" WHERE ("clicks".listing_id = 85480) [0m
  [4;35;1mAnalyzing  Execution Time: 0.011015

[0m   [0mAggregate  (cost=816.04..816.05 rows=1 width=0)
   ->  Seq Scan on clicks  (cost=0.00..814.46 rows=629 width=0)
         Filter: (listing_id = 85480)
[0m
  [4;36;1mSQL (9.2ms)[0m   [0;1mSELECT count(*) AS count_all FROM "clicks" WHERE ("clicks".listing_id = 85481) [0m
  [4;35;1mAnalyzing  Execution Time: 0.009551

[0m   [0mAggregate  (cost=814.85..814.86 rows=1 width=0)
   ->  Seq Scan on clicks  (cost=0.00..814.46 rows=154 width=0)
         Filter: (listing_id = 85481)
[0m
DEPRECATION WARNING: require "activerecord" is deprecated and will be removed in Rails 3. Use require "active_record" instead.. (called from /usr/local/lib/ruby/gems/1.8/gems/activerecord-2.3.5/lib/activerecord.rb:2)
DEPRECATION WARNING: require "activerecord" is deprecated and will be removed in Rails 3. Use require "active_record" instead.. (called from /usr/local/lib/ruby/gems/1.8/gems/activerecord-2.3.5/lib/activerecord.rb:2)
** has_many_polymorphs: rails environment detected
** has_many_polymorphs: loaded ok
** has_many_polymorphs: autoload hook invoked
** has_many_polymorphs: preloading parent model Block
** has_many_polymorphs: associating Block.models
  [4;36;1mSQL (0.2ms)[0m   [0;1mSET client_min_messages TO 'panic'[0m
  [4;35;1mSQL (2.0ms)[0m   [0mSET client_min_messages TO 'notice'[0m
** has_many_polymorphs: preloading parent model View
** has_many_polymorphs: associating View.models
** has_many_polymorphs: autoload hook invoked
** has_many_polymorphs: preloading parent model Block
** has_many_polymorphs: preloading parent model View
  [4;36;1mClient Load (5.1ms)[0m   [0;1mSELECT * FROM "users" WHERE (created_at <= '2011-02-26 19:40:10.462458') AND ("users"."status" = E'active') AND ( ("users"."type" = 'Client' ) ) ORDER BY created_at DESC, activated_at DESC[0m
  [4;35;1mAnalyzing Client Load Execution Time: 0.029216

[0m   [0mSort  (cost=30.21..30.38 rows=67 width=574)
   Sort Key: created_at, activated_at
   ->  Seq Scan on users  (cost=0.00..28.18 rows=67 width=574)
         Filter: ((created_at <= '2011-02-26 19:40:10.462458'::timestamp without time zone) AND ((status)::text = 'active'::text) AND ((type)::text = 'Client'::text))
[0m
  [4;36;1mListing Load (24.6ms)[0m   [0;1mSELECT "listings".* FROM "listings" WHERE ("listings".user_id IN (25351,25350,25348,25347,25346,25345,25343,25342,25341,25340,25339,25338,25337,25336,25335,25334,25331,25330,25329,25328,25327,25326,25325,25324,25323,25322,25320,25319,25318,25317,25316,25314,25313,25312,25311,25310,25308,25307,25306,25305,25303,25302,25297,25294,25293,25292,25291,25290,25289,25271,25270,25267,25266,25265,25264,25263,25262,25261,25256,25246,25242)) [0m
  [4;35;1mAnalyzing Listing Load Execution Time: 0.075558

[0m   [0mSeq Scan on listings  (cost=0.00..5174.18 rows=242 width=1172)
   Filter: (user_id = ANY ('{25351,25350,25348,25347,25346,25345,25343,25342,25341,25340,25339,25338,25337,25336,25335,25334,25331,25330,25329,25328,25327,25326,25325,25324,25323,25322,25320,25319,25318,25317,25316,25314,25313,25312,25311,25310,25308,25307,25306,25305,25303,25302,25297,25294,25293,25292,25291,25290,25289,25271,25270,25267,25266,25265,25264,25263,25262,25261,25256,25246,25242}'::integer[]))
[0m
  [4;36;1mSQL (6.9ms)[0m   [0;1mSELECT count(*) AS count_all FROM "listings" WHERE ("listings".user_id = 25351) [0m
  [4;35;1mAnalyzing  Execution Time: 0.007217

[0m   [0mAggregate  (cost=1615.81..1615.82 rows=1 width=0)
   ->  Index Scan using index_listings_on_id_and_user_id_and_title on listings  (cost=0.00..1615.79 rows=4 width=0)
         Index Cond: (user_id = 25351)
[0m
  [4;36;1mSQL (172.5ms)[0m   [0;1mSELECT count(*) AS count_all FROM "impressions" WHERE ("impressions".listing_id = 113071) [0m
  [4;35;1mAnalyzing  Execution Time: 0.172752

[0m   [0mAggregate  (cost=12714.08..12714.09 rows=1 width=0)
   ->  Seq Scan on impressions  (cost=0.00..12714.00 rows=31 width=0)
         Filter: (listing_id = 113071)
[0m
  [4;36;1mSQL (11.7ms)[0m   [0;1mSELECT count(*) AS count_all FROM "clicks" WHERE ("clicks".listing_id = 113071) [0m
  [4;35;1mAnalyzing  Execution Time: 0.012003

[0m   [0mAggregate  (cost=814.47..814.48 rows=1 width=0)
   ->  Seq Scan on clicks  (cost=0.00..814.46 rows=2 width=0)
         Filter: (listing_id = 113071)
[0m
  [4;36;1mSQL (1.9ms)[0m   [0;1mSELECT count(*) AS count_all FROM "listings" WHERE ("listings".user_id = 25350) [0m
  [4;35;1mAnalyzing  Execution Time: 0.002167

[0m   [0mAggregate  (cost=1615.81..1615.82 rows=1 width=0)
   ->  Index Scan using index_listings_on_id_and_user_id_and_title on listings  (cost=0.00..1615.79 rows=4 width=0)
         Index Cond: (user_id = 25350)
[0m
  [4;36;1mSQL (181.7ms)[0m   [0;1mSELECT count(*) AS count_all FROM "impressions" WHERE ("impressions".listing_id = 113070) [0m
  [4;35;1mAnalyzing  Execution Time: 0.181977

[0m   [0mAggregate  (cost=12714.08..12714.09 rows=1 width=0)
   ->  Seq Scan on impressions  (cost=0.00..12714.00 rows=31 width=0)
         Filter: (listing_id = 113070)
[0m
  [4;36;1mSQL (11.3ms)[0m   [0;1mSELECT count(*) AS count_all FROM "clicks" WHERE ("clicks".listing_id = 113070) [0m
  [4;35;1mAnalyzing  Execution Time: 0.011591

[0m   [0mAggregate  (cost=814.47..814.48 rows=1 width=0)
   ->  Seq Scan on clicks  (cost=0.00..814.46 rows=2 width=0)
         Filter: (listing_id = 113070)
[0m
  [4;36;1mSQL (2.0ms)[0m   [0;1mSELECT count(*) AS count_all FROM "listings" WHERE ("listings".user_id = 25348) [0m
  [4;35;1mAnalyzing  Execution Time: 0.002302

[0m   [0mAggregate  (cost=1615.81..1615.82 rows=1 width=0)
   ->  Index Scan using index_listings_on_id_and_user_id_and_title on listings  (cost=0.00..1615.79 rows=4 width=0)
         Index Cond: (user_id = 25348)
[0m
  [4;36;1mSQL (188.7ms)[0m   [0;1mSELECT count(*) AS count_all FROM "impressions" WHERE ("impressions".listing_id = 113069) [0m
  [4;35;1mAnalyzing  Execution Time: 0.188967

[0m   [0mAggregate  (cost=12714.08..12714.09 rows=1 width=0)
   ->  Seq Scan on impressions  (cost=0.00..12714.00 rows=31 width=0)
         Filter: (listing_id = 113069)
[0m
  [4;36;1mSQL (187.6ms)[0m   [0;1mSELECT count(*) AS count_all FROM "impressions" WHERE ("impressions".listing_id = 113094) [0m
  [4;35;1mAnalyzing  Execution Time: 0.188899

[0m   [0mAggregate  (cost=12714.08..12714.09 rows=1 width=0)
   ->  Seq Scan on impressions  (cost=0.00..12714.00 rows=31 width=0)
         Filter: (listing_id = 113094)
[0m
  [4;36;1mSQL (187.2ms)[0m   [0;1mSELECT count(*) AS count_all FROM "impressions" WHERE ("impressions".listing_id = 113095) [0m
  [4;35;1mAnalyzing  Execution Time: 0.187848

[0m   [0mAggregate  (cost=12714.08..12714.09 rows=1 width=0)
   ->  Seq Scan on impressions  (cost=0.00..12714.00 rows=31 width=0)
         Filter: (listing_id = 113095)
[0m
  [4;36;1mSQL (190.1ms)[0m   [0;1mSELECT count(*) AS count_all FROM "impressions" WHERE ("impressions".listing_id = 113096) [0m
  [4;35;1mAnalyzing  Execution Time: 0.190322

[0m   [0mAggregate  (cost=12714.08..12714.09 rows=1 width=0)
   ->  Seq Scan on impressions  (cost=0.00..12714.00 rows=31 width=0)
         Filter: (listing_id = 113096)
[0m
  [4;36;1mSQL (13.9ms)[0m   [0;1mSELECT count(*) AS count_all FROM "clicks" WHERE ("clicks".listing_id = 113069) [0m
  [4;35;1mAnalyzing  Execution Time: 0.014139

[0m   [0mAggregate  (cost=814.47..814.48 rows=1 width=0)
   ->  Seq Scan on clicks  (cost=0.00..814.46 rows=2 width=0)
         Filter: (listing_id = 113069)
[0m
  [4;36;1mSQL (14.8ms)[0m   [0;1mSELECT count(*) AS count_all FROM "clicks" WHERE ("clicks".listing_id = 113094) [0m
  [4;35;1mAnalyzing  Execution Time: 0.015047

[0m   [0mAggregate  (cost=814.47..814.48 rows=1 width=0)
   ->  Seq Scan on clicks  (cost=0.00..814.46 rows=2 width=0)
         Filter: (listing_id = 113094)
[0m
  [4;36;1mSQL (11.8ms)[0m   [0;1mSELECT count(*) AS count_all FROM "clicks" WHERE ("clicks".listing_id = 113095) [0m
  [4;35;1mAnalyzing  Execution Time: 0.012128

[0m   [0mAggregate  (cost=814.47..814.48 rows=1 width=0)
   ->  Seq Scan on clicks  (cost=0.00..814.46 rows=2 width=0)
         Filter: (listing_id = 113095)
[0m
  [4;36;1mSQL (9.9ms)[0m   [0;1mSELECT count(*) AS count_all FROM "clicks" WHERE ("clicks".listing_id = 113096) [0m
  [4;35;1mAnalyzing  Execution Time: 0.010147

[0m   [0mAggregate  (cost=814.47..814.48 rows=1 width=0)
   ->  Seq Scan on clicks  (cost=0.00..814.46 rows=2 width=0)
         Filter: (listing_id = 113096)
[0m
  [4;36;1mSQL (1.9ms)[0m   [0;1mSELECT count(*) AS count_all FROM "listings" WHERE ("listings".user_id = 25347) [0m
  [4;35;1mAnalyzing  Execution Time: 0.002133

[0m   [0mAggregate  (cost=1615.81..1615.82 rows=1 width=0)
   ->  Index Scan using index_listings_on_id_and_user_id_and_title on listings  (cost=0.00..1615.79 rows=4 width=0)
         Index Cond: (user_id = 25347)
[0m
  [4;36;1mSQL (181.6ms)[0m   [0;1mSELECT count(*) AS count_all FROM "impressions" WHERE ("impressions".listing_id = 70420) [0m
  [4;35;1mAnalyzing  Execution Time: 0.181879

[0m   [0mAggregate  (cost=12714.08..12714.09 rows=1 width=0)
   ->  Seq Scan on impressions  (cost=0.00..12714.00 rows=31 width=0)
         Filter: (listing_id = 70420)
[0m
  [4;36;1mSQL (9.9ms)[0m   [0;1mSELECT count(*) AS count_all FROM "clicks" WHERE ("clicks".listing_id = 70420) [0m
  [4;35;1mAnalyzing  Execution Time: 0.010143

[0m   [0mAggregate  (cost=814.47..814.48 rows=1 width=0)
   ->  Seq Scan on clicks  (cost=0.00..814.46 rows=2 width=0)
         Filter: (listing_id = 70420)
[0m
  [4;36;1mSQL (2.0ms)[0m   [0;1mSELECT count(*) AS count_all FROM "listings" WHERE ("listings".user_id = 25346) [0m
  [4;35;1mAnalyzing  Execution Time: 0.002289

[0m   [0mAggregate  (cost=1615.81..1615.82 rows=1 width=0)
   ->  Index Scan using index_listings_on_id_and_user_id_and_title on listings  (cost=0.00..1615.79 rows=4 width=0)
         Index Cond: (user_id = 25346)
[0m
  [4;36;1mSQL (179.0ms)[0m   [0;1mSELECT count(*) AS count_all FROM "impressions" WHERE ("impressions".listing_id = 79649) [0m
  [4;35;1mAnalyzing  Execution Time: 0.179486

[0m   [0mAggregate  (cost=12714.08..12714.09 rows=1 width=0)
   ->  Seq Scan on impressions  (cost=0.00..12714.00 rows=31 width=0)
         Filter: (listing_id = 79649)
[0m
  [4;36;1mSQL (190.9ms)[0m   [0;1mSELECT count(*) AS count_all FROM "impressions" WHERE ("impressions".listing_id = 100382) [0m
  [4;35;1mAnalyzing  Execution Time: 0.191149

[0m   [0mAggregate  (cost=12714.08..12714.09 rows=1 width=0)
   ->  Seq Scan on impressions  (cost=0.00..12714.00 rows=31 width=0)
         Filter: (listing_id = 100382)
[0m
  [4;36;1mSQL (184.4ms)[0m   [0;1mSELECT count(*) AS count_all FROM "impressions" WHERE ("impressions".listing_id = 113064) [0m
  [4;35;1mAnalyzing  Execution Time: 0.184661

[0m   [0mAggregate  (cost=12714.08..12714.09 rows=1 width=0)
   ->  Seq Scan on impressions  (cost=0.00..12714.00 rows=31 width=0)
         Filter: (listing_id = 113064)
[0m
  [4;36;1mSQL (176.8ms)[0m   [0;1mSELECT count(*) AS count_all FROM "impressions" WHERE ("impressions".listing_id = 113066) [0m
  [4;35;1mAnalyzing  Execution Time: 0.177107

[0m   [0mAggregate  (cost=12714.08..12714.09 rows=1 width=0)
   ->  Seq Scan on impressions  (cost=0.00..12714.00 rows=31 width=0)
         Filter: (listing_id = 113066)
[0m
  [4;36;1mSQL (12.0ms)[0m   [0;1mSELECT count(*) AS count_all FROM "clicks" WHERE ("clicks".listing_id = 79649) [0m
  [4;35;1mAnalyzing  Execution Time: 0.012281

[0m   [0mAggregate  (cost=814.47..814.48 rows=1 width=0)
   ->  Seq Scan on clicks  (cost=0.00..814.46 rows=2 width=0)
         Filter: (listing_id = 79649)
[0m
  [4;36;1mSQL (8.5ms)[0m   [0;1mSELECT count(*) AS count_all FROM "clicks" WHERE ("clicks".listing_id = 100382) [0m
  [4;35;1mAnalyzing  Execution Time: 0.00874

[0m   [0mAggregate  (cost=814.47..814.48 rows=1 width=0)
   ->  Seq Scan on clicks  (cost=0.00..814.46 rows=2 width=0)
         Filter: (listing_id = 100382)
[0m
  [4;36;1mSQL (11.2ms)[0m   [0;1mSELECT count(*) AS count_all FROM "clicks" WHERE ("clicks".listing_id = 113064) [0m
  [4;35;1mAnalyzing  Execution Time: 0.011806

[0m   [0mAggregate  (cost=814.47..814.48 rows=1 width=0)
   ->  Seq Scan on clicks  (cost=0.00..814.46 rows=2 width=0)
         Filter: (listing_id = 113064)
[0m
  [4;36;1mSQL (12.2ms)[0m   [0;1mSELECT count(*) AS count_all FROM "clicks" WHERE ("clicks".listing_id = 113066) [0m
  [4;35;1mAnalyzing  Execution Time: 0.01246

[0m   [0mAggregate  (cost=814.47..814.48 rows=1 width=0)
   ->  Seq Scan on clicks  (cost=0.00..814.46 rows=2 width=0)
         Filter: (listing_id = 113066)
[0m
  [4;36;1mSQL (7.1ms)[0m   [0;1mSELECT count(*) AS count_all FROM "listings" WHERE ("listings".user_id = 25345) [0m
  [4;35;1mAnalyzing  Execution Time: 0.007532

[0m   [0mAggregate  (cost=1615.81..1615.82 rows=1 width=0)
   ->  Index Scan using index_listings_on_id_and_user_id_and_title on listings  (cost=0.00..1615.79 rows=4 width=0)
         Index Cond: (user_id = 25345)
[0m
  [4;36;1mSQL (183.2ms)[0m   [0;1mSELECT count(*) AS count_all FROM "impressions" WHERE ("impressions".listing_id = 113063) [0m
  [4;35;1mAnalyzing  Execution Time: 0.183421

[0m   [0mAggregate  (cost=12714.08..12714.09 rows=1 width=0)
   ->  Seq Scan on impressions  (cost=0.00..12714.00 rows=31 width=0)
         Filter: (listing_id = 113063)
[0m
  [4;36;1mSQL (11.6ms)[0m   [0;1mSELECT count(*) AS count_all FROM "clicks" WHERE ("clicks".listing_id = 113063) [0m
  [4;35;1mAnalyzing  Execution Time: 0.011928

[0m   [0mAggregate  (cost=814.47..814.48 rows=1 width=0)
   ->  Seq Scan on clicks  (cost=0.00..814.46 rows=2 width=0)
         Filter: (listing_id = 113063)
[0m
  [4;36;1mSQL (2.7ms)[0m   [0;1mSELECT count(*) AS count_all FROM "listings" WHERE ("listings".user_id = 25343) [0m
  [4;35;1mAnalyzing  Execution Time: 0.002988

[0m   [0mAggregate  (cost=1615.81..1615.82 rows=1 width=0)
   ->  Index Scan using index_listings_on_id_and_user_id_and_title on listings  (cost=0.00..1615.79 rows=4 width=0)
         Index Cond: (user_id = 25343)
[0m
  [4;36;1mSQL (180.6ms)[0m   [0;1mSELECT count(*) AS count_all FROM "impressions" WHERE ("impressions".listing_id = 113062) [0m
  [4;35;1mAnalyzing  Execution Time: 0.180859

[0m   [0mAggregate  (cost=12714.08..12714.09 rows=1 width=0)
   ->  Seq Scan on impressions  (cost=0.00..12714.00 rows=31 width=0)
         Filter: (listing_id = 113062)
[0m
  [4;36;1mSQL (10.9ms)[0m   [0;1mSELECT count(*) AS count_all FROM "clicks" WHERE ("clicks".listing_id = 113062) [0m
  [4;35;1mAnalyzing  Execution Time: 0.011222

[0m   [0mAggregate  (cost=814.47..814.48 rows=1 width=0)
   ->  Seq Scan on clicks  (cost=0.00..814.46 rows=2 width=0)
         Filter: (listing_id = 113062)
[0m
  [4;36;1mSQL (5.8ms)[0m   [0;1mSELECT count(*) AS count_all FROM "listings" WHERE ("listings".user_id = 25342) [0m
  [4;35;1mAnalyzing  Execution Time: 0.006104

[0m   [0mAggregate  (cost=1615.81..1615.82 rows=1 width=0)
   ->  Index Scan using index_listings_on_id_and_user_id_and_title on listings  (cost=0.00..1615.79 rows=4 width=0)
         Index Cond: (user_id = 25342)
[0m
  [4;36;1mSQL (183.6ms)[0m   [0;1mSELECT count(*) AS count_all FROM "impressions" WHERE ("impressions".listing_id = 66871) [0m
  [4;35;1mAnalyzing  Execution Time: 0.183933

[0m   [0mAggregate  (cost=12714.08..12714.09 rows=1 width=0)
   ->  Seq Scan on impressions  (cost=0.00..12714.00 rows=31 width=0)
         Filter: (listing_id = 66871)
[0m
  [4;36;1mSQL (15.7ms)[0m   [0;1mSELECT count(*) AS count_all FROM "clicks" WHERE ("clicks".listing_id = 66871) [0m
  [4;35;1mAnalyzing  Execution Time: 0.015954

[0m   [0mAggregate  (cost=814.47..814.48 rows=1 width=0)
   ->  Seq Scan on clicks  (cost=0.00..814.46 rows=2 width=0)
         Filter: (listing_id = 66871)
[0m
  [4;36;1mSQL (2.4ms)[0m   [0;1mSELECT count(*) AS count_all FROM "listings" WHERE ("listings".user_id = 25341) [0m
  [4;35;1mAnalyzing  Execution Time: 0.00269

[0m   [0mAggregate  (cost=1615.81..1615.82 rows=1 width=0)
   ->  Index Scan using index_listings_on_id_and_user_id_and_title on listings  (cost=0.00..1615.79 rows=4 width=0)
         Index Cond: (user_id = 25341)
[0m
  [4;36;1mSQL (185.9ms)[0m   [0;1mSELECT count(*) AS count_all FROM "impressions" WHERE ("impressions".listing_id = 84194) [0m
  [4;35;1mAnalyzing  Execution Time: 0.18644

[0m   [0mAggregate  (cost=12714.08..12714.09 rows=1 width=0)
   ->  Seq Scan on impressions  (cost=0.00..12714.00 rows=31 width=0)
         Filter: (listing_id = 84194)
[0m
  [4;36;1mSQL (173.7ms)[0m   [0;1mSELECT count(*) AS count_all FROM "impressions" WHERE ("impressions".listing_id = 84195) [0m
  [4;35;1mAnalyzing  Execution Time: 0.174021

[0m   [0mAggregate  (cost=12714.08..12714.09 rows=1 width=0)
   ->  Seq Scan on impressions  (cost=0.00..12714.00 rows=31 width=0)
         Filter: (listing_id = 84195)
[0m
  [4;36;1mSQL (172.2ms)[0m   [0;1mSELECT count(*) AS count_all FROM "impressions" WHERE ("impressions".listing_id = 84196) [0m
  [4;35;1mAnalyzing  Execution Time: 0.172537

[0m   [0mAggregate  (cost=12714.08..12714.09 rows=1 width=0)
   ->  Seq Scan on impressions  (cost=0.00..12714.00 rows=31 width=0)
         Filter: (listing_id = 84196)
[0m
  [4;36;1mSQL (175.9ms)[0m   [0;1mSELECT count(*) AS count_all FROM "impressions" WHERE ("impressions".listing_id = 113061) [0m
  [4;35;1mAnalyzing  Execution Time: 0.1762

[0m   [0mAggregate  (cost=12714.08..12714.09 rows=1 width=0)
   ->  Seq Scan on impressions  (cost=0.00..12714.00 rows=31 width=0)
         Filter: (listing_id = 113061)
[0m
  [4;36;1mSQL (8.9ms)[0m   [0;1mSELECT count(*) AS count_all FROM "clicks" WHERE ("clicks".listing_id = 84194) [0m
  [4;35;1mAnalyzing  Execution Time: 0.009222

[0m   [0mAggregate  (cost=814.47..814.48 rows=1 width=0)
   ->  Seq Scan on clicks  (cost=0.00..814.46 rows=2 width=0)
         Filter: (listing_id = 84194)
[0m
  [4;36;1mSQL (8.4ms)[0m   [0;1mSELECT count(*) AS count_all FROM "clicks" WHERE ("clicks".listing_id = 84195) [0m
  [4;35;1mAnalyzing  Execution Time: 0.008704

[0m   [0mAggregate  (cost=814.47..814.48 rows=1 width=0)
   ->  Seq Scan on clicks  (cost=0.00..814.46 rows=2 width=0)
         Filter: (listing_id = 84195)
[0m
  [4;36;1mSQL (11.1ms)[0m   [0;1mSELECT count(*) AS count_all FROM "clicks" WHERE ("clicks".listing_id = 84196) [0m
  [4;35;1mAnalyzing  Execution Time: 0.0114

[0m   [0mAggregate  (cost=814.47..814.48 rows=1 width=0)
   ->  Seq Scan on clicks  (cost=0.00..814.46 rows=2 width=0)
         Filter: (listing_id = 84196)
[0m
  [4;36;1mSQL (10.6ms)[0m   [0;1mSELECT count(*) AS count_all FROM "clicks" WHERE ("clicks".listing_id = 113061) [0m
  [4;35;1mAnalyzing  Execution Time: 0.010831

[0m   [0mAggregate  (cost=814.47..814.48 rows=1 width=0)
   ->  Seq Scan on clicks  (cost=0.00..814.46 rows=2 width=0)
         Filter: (listing_id = 113061)
[0m
  [4;36;1mSQL (4.4ms)[0m   [0;1mSELECT count(*) AS count_all FROM "listings" WHERE ("listings".user_id = 25340) [0m
  [4;35;1mAnalyzing  Execution Time: 0.004693

[0m   [0mAggregate  (cost=1615.81..1615.82 rows=1 width=0)
   ->  Index Scan using index_listings_on_id_and_user_id_and_title on listings  (cost=0.00..1615.79 rows=4 width=0)
         Index Cond: (user_id = 25340)
[0m
  [4;36;1mSQL (169.1ms)[0m   [0;1mSELECT count(*) AS count_all FROM "impressions" WHERE ("impressions".listing_id = 113060) [0m
  [4;35;1mAnalyzing  Execution Time: 0.16946

[0m   [0mAggregate  (cost=12714.08..12714.09 rows=1 width=0)
   ->  Seq Scan on impressions  (cost=0.00..12714.00 rows=31 width=0)
         Filter: (listing_id = 113060)
[0m
  [4;36;1mSQL (13.5ms)[0m   [0;1mSELECT count(*) AS count_all FROM "clicks" WHERE ("clicks".listing_id = 113060) [0m
  [4;35;1mAnalyzing  Execution Time: 0.013734

[0m   [0mAggregate  (cost=814.47..814.48 rows=1 width=0)
   ->  Seq Scan on clicks  (cost=0.00..814.46 rows=2 width=0)
         Filter: (listing_id = 113060)
[0m
  [4;36;1mSQL (2.9ms)[0m   [0;1mSELECT count(*) AS count_all FROM "listings" WHERE ("listings".user_id = 25339) [0m
  [4;35;1mAnalyzing  Execution Time: 0.003176

[0m   [0mAggregate  (cost=1615.81..1615.82 rows=1 width=0)
   ->  Index Scan using index_listings_on_id_and_user_id_and_title on listings  (cost=0.00..1615.79 rows=4 width=0)
         Index Cond: (user_id = 25339)
[0m
  [4;36;1mSQL (164.8ms)[0m   [0;1mSELECT count(*) AS count_all FROM "impressions" WHERE ("impressions".listing_id = 80836) [0m
  [4;35;1mAnalyzing  Execution Time: 0.165036

[0m   [0mAggregate  (cost=12714.08..12714.09 rows=1 width=0)
   ->  Seq Scan on impressions  (cost=0.00..12714.00 rows=31 width=0)
         Filter: (listing_id = 80836)
[0m
  [4;36;1mSQL (12.0ms)[0m   [0;1mSELECT count(*) AS count_all FROM "clicks" WHERE ("clicks".listing_id = 80836) [0m
  [4;35;1mAnalyzing  Execution Time: 0.012262

[0m   [0mAggregate  (cost=814.47..814.48 rows=1 width=0)
   ->  Seq Scan on clicks  (cost=0.00..814.46 rows=2 width=0)
         Filter: (listing_id = 80836)
[0m
  [4;36;1mSQL (3.7ms)[0m   [0;1mSELECT count(*) AS count_all FROM "listings" WHERE ("listings".user_id = 25338) [0m
  [4;35;1mAnalyzing  Execution Time: 0.004292

[0m   [0mAggregate  (cost=1615.81..1615.82 rows=1 width=0)
   ->  Index Scan using index_listings_on_id_and_user_id_and_title on listings  (cost=0.00..1615.79 rows=4 width=0)
         Index Cond: (user_id = 25338)
[0m
  [4;36;1mSQL (168.9ms)[0m   [0;1mSELECT count(*) AS count_all FROM "impressions" WHERE ("impressions".listing_id = 70734) [0m
  [4;35;1mAnalyzing  Execution Time: 0.169159

[0m   [0mAggregate  (cost=12714.08..12714.09 rows=1 width=0)
   ->  Seq Scan on impressions  (cost=0.00..12714.00 rows=31 width=0)
         Filter: (listing_id = 70734)
[0m
  [4;36;1mSQL (8.4ms)[0m   [0;1mSELECT count(*) AS count_all FROM "clicks" WHERE ("clicks".listing_id = 70734) [0m
  [4;35;1mAnalyzing  Execution Time: 0.008743

[0m   [0mAggregate  (cost=814.47..814.48 rows=1 width=0)
   ->  Seq Scan on clicks  (cost=0.00..814.46 rows=2 width=0)
         Filter: (listing_id = 70734)
[0m
  [4;36;1mSQL (2.8ms)[0m   [0;1mSELECT count(*) AS count_all FROM "listings" WHERE ("listings".user_id = 25337) [0m
  [4;35;1mAnalyzing  Execution Time: 0.003183

[0m   [0mAggregate  (cost=1615.81..1615.82 rows=1 width=0)
   ->  Index Scan using index_listings_on_id_and_user_id_and_title on listings  (cost=0.00..1615.79 rows=4 width=0)
         Index Cond: (user_id = 25337)
[0m
  [4;36;1mSQL (165.1ms)[0m   [0;1mSELECT count(*) AS count_all FROM "impressions" WHERE ("impressions".listing_id = 83649) [0m
  [4;35;1mAnalyzing  Execution Time: 0.165416

[0m   [0mAggregate  (cost=12714.08..12714.09 rows=1 width=0)
   ->  Seq Scan on impressions  (cost=0.00..12714.00 rows=31 width=0)
         Filter: (listing_id = 83649)
[0m
  [4;36;1mSQL (13.6ms)[0m   [0;1mSELECT count(*) AS count_all FROM "clicks" WHERE ("clicks".listing_id = 83649) [0m
  [4;35;1mAnalyzing  Execution Time: 0.013889

[0m   [0mAggregate  (cost=814.47..814.48 rows=1 width=0)
   ->  Seq Scan on clicks  (cost=0.00..814.46 rows=2 width=0)
         Filter: (listing_id = 83649)
[0m
  [4;36;1mSQL (2.1ms)[0m   [0;1mSELECT count(*) AS count_all FROM "listings" WHERE ("listings".user_id = 25336) [0m
  [4;35;1mAnalyzing  Execution Time: 0.00237

[0m   [0mAggregate  (cost=1615.81..1615.82 rows=1 width=0)
   ->  Index Scan using index_listings_on_id_and_user_id_and_title on listings  (cost=0.00..1615.79 rows=4 width=0)
         Index Cond: (user_id = 25336)
[0m
  [4;36;1mSQL (163.6ms)[0m   [0;1mSELECT count(*) AS count_all FROM "impressions" WHERE ("impressions".listing_id = 113059) [0m
  [4;35;1mAnalyzing  Execution Time: 0.163921

[0m   [0mAggregate  (cost=12714.08..12714.09 rows=1 width=0)
   ->  Seq Scan on impressions  (cost=0.00..12714.00 rows=31 width=0)
         Filter: (listing_id = 113059)
[0m
  [4;36;1mSQL (9.0ms)[0m   [0;1mSELECT count(*) AS count_all FROM "clicks" WHERE ("clicks".listing_id = 113059) [0m
  [4;35;1mAnalyzing  Execution Time: 0.009296

[0m   [0mAggregate  (cost=814.47..814.48 rows=1 width=0)
   ->  Seq Scan on clicks  (cost=0.00..814.46 rows=2 width=0)
         Filter: (listing_id = 113059)
[0m
  [4;36;1mSQL (2.9ms)[0m   [0;1mSELECT count(*) AS count_all FROM "listings" WHERE ("listings".user_id = 25335) [0m
  [4;35;1mAnalyzing  Execution Time: 0.003241

[0m   [0mAggregate  (cost=1615.81..1615.82 rows=1 width=0)
   ->  Index Scan using index_listings_on_id_and_user_id_and_title on listings  (cost=0.00..1615.79 rows=4 width=0)
         Index Cond: (user_id = 25335)
[0m
  [4;36;1mSQL (162.0ms)[0m   [0;1mSELECT count(*) AS count_all FROM "impressions" WHERE ("impressions".listing_id = 68684) [0m
  [4;35;1mAnalyzing  Execution Time: 0.162238

[0m   [0mAggregate  (cost=12714.08..12714.09 rows=1 width=0)
   ->  Seq Scan on impressions  (cost=0.00..12714.00 rows=31 width=0)
         Filter: (listing_id = 68684)
[0m
  [4;36;1mSQL (162.5ms)[0m   [0;1mSELECT count(*) AS count_all FROM "impressions" WHERE ("impressions".listing_id = 68685) [0m
  [4;35;1mAnalyzing  Execution Time: 0.162827

[0m   [0mAggregate  (cost=12714.08..12714.09 rows=1 width=0)
   ->  Seq Scan on impressions  (cost=0.00..12714.00 rows=31 width=0)
         Filter: (listing_id = 68685)
[0m
  [4;36;1mSQL (167.6ms)[0m   [0;1mSELECT count(*) AS count_all FROM "impressions" WHERE ("impressions".listing_id = 84219) [0m
  [4;35;1mAnalyzing  Execution Time: 0.167894

[0m   [0mAggregate  (cost=12714.08..12714.09 rows=1 width=0)
   ->  Seq Scan on impressions  (cost=0.00..12714.00 rows=31 width=0)
         Filter: (listing_id = 84219)
[0m
  [4;36;1mSQL (9.1ms)[0m   [0;1mSELECT count(*) AS count_all FROM "clicks" WHERE ("clicks".listing_id = 68684) [0m
  [4;35;1mAnalyzing  Execution Time: 0.00946

[0m   [0mAggregate  (cost=814.47..814.48 rows=1 width=0)
   ->  Seq Scan on clicks  (cost=0.00..814.46 rows=2 width=0)
         Filter: (listing_id = 68684)
[0m
  [4;36;1mSQL (8.9ms)[0m   [0;1mSELECT count(*) AS count_all FROM "clicks" WHERE ("clicks".listing_id = 68685) [0m
  [4;35;1mAnalyzing  Execution Time: 0.009202

[0m   [0mAggregate  (cost=814.47..814.48 rows=1 width=0)
   ->  Seq Scan on clicks  (cost=0.00..814.46 rows=2 width=0)
         Filter: (listing_id = 68685)
[0m
  [4;36;1mSQL (10.9ms)[0m   [0;1mSELECT count(*) AS count_all FROM "clicks" WHERE ("clicks".listing_id = 84219) [0m
  [4;35;1mAnalyzing  Execution Time: 0.011486

[0m   [0mAggregate  (cost=814.47..814.48 rows=1 width=0)
   ->  Seq Scan on clicks  (cost=0.00..814.46 rows=2 width=0)
         Filter: (listing_id = 84219)
[0m
  [4;36;1mSQL (5.0ms)[0m   [0;1mSELECT count(*) AS count_all FROM "listings" WHERE ("listings".user_id = 25334) [0m
  [4;35;1mAnalyzing  Execution Time: 0.005271

[0m   [0mAggregate  (cost=1615.81..1615.82 rows=1 width=0)
   ->  Index Scan using index_listings_on_id_and_user_id_and_title on listings  (cost=0.00..1615.79 rows=4 width=0)
         Index Cond: (user_id = 25334)
[0m
  [4;36;1mSQL (173.1ms)[0m   [0;1mSELECT count(*) AS count_all FROM "impressions" WHERE ("impressions".listing_id = 113058) [0m
  [4;35;1mAnalyzing  Execution Time: 0.173427

[0m   [0mAggregate  (cost=12714.08..12714.09 rows=1 width=0)
   ->  Seq Scan on impressions  (cost=0.00..12714.00 rows=31 width=0)
         Filter: (listing_id = 113058)
[0m
  [4;36;1mSQL (12.0ms)[0m   [0;1mSELECT count(*) AS count_all FROM "clicks" WHERE ("clicks".listing_id = 113058) [0m
  [4;35;1mAnalyzing  Execution Time: 0.012298

[0m   [0mAggregate  (cost=814.47..814.48 rows=1 width=0)
   ->  Seq Scan on clicks  (cost=0.00..814.46 rows=2 width=0)
         Filter: (listing_id = 113058)
[0m
  [4;36;1mSQL (3.8ms)[0m   [0;1mSELECT count(*) AS count_all FROM "listings" WHERE ("listings".user_id = 25331) [0m
  [4;35;1mAnalyzing  Execution Time: 0.004084

[0m   [0mAggregate  (cost=1615.81..1615.82 rows=1 width=0)
   ->  Index Scan using index_listings_on_id_and_user_id_and_title on listings  (cost=0.00..1615.79 rows=4 width=0)
         Index Cond: (user_id = 25331)
[0m
  [4;36;1mSQL (167.6ms)[0m   [0;1mSELECT count(*) AS count_all FROM "impressions" WHERE ("impressions".listing_id = 68082) [0m
  [4;35;1mAnalyzing  Execution Time: 0.167886

[0m   [0mAggregate  (cost=12714.08..12714.09 rows=1 width=0)
   ->  Seq Scan on impressions  (cost=0.00..12714.00 rows=31 width=0)
         Filter: (listing_id = 68082)
[0m
  [4;36;1mSQL (8.7ms)[0m   [0;1mSELECT count(*) AS count_all FROM "clicks" WHERE ("clicks".listing_id = 68082) [0m
  [4;35;1mAnalyzing  Execution Time: 0.008993

[0m   [0mAggregate  (cost=814.49..814.50 rows=1 width=0)
   ->  Seq Scan on clicks  (cost=0.00..814.46 rows=11 width=0)
         Filter: (listing_id = 68082)
[0m
  [4;36;1mSQL (2.8ms)[0m   [0;1mSELECT count(*) AS count_all FROM "listings" WHERE ("listings".user_id = 25330) [0m
  [4;35;1mAnalyzing  Execution Time: 0.003125

[0m   [0mAggregate  (cost=1615.81..1615.82 rows=1 width=0)
   ->  Index Scan using index_listings_on_id_and_user_id_and_title on listings  (cost=0.00..1615.79 rows=4 width=0)
         Index Cond: (user_id = 25330)
[0m
  [4;36;1mSQL (171.0ms)[0m   [0;1mSELECT count(*) AS count_all FROM "impressions" WHERE ("impressions".listing_id = 113055) [0m
  [4;35;1mAnalyzing  Execution Time: 0.171303

[0m   [0mAggregate  (cost=12714.08..12714.09 rows=1 width=0)
   ->  Seq Scan on impressions  (cost=0.00..12714.00 rows=31 width=0)
         Filter: (listing_id = 113055)
[0m
  [4;36;1mSQL (9.1ms)[0m   [0;1mSELECT count(*) AS count_all FROM "clicks" WHERE ("clicks".listing_id = 113055) [0m
  [4;35;1mAnalyzing  Execution Time: 0.009425

[0m   [0mAggregate  (cost=814.47..814.48 rows=1 width=0)
   ->  Seq Scan on clicks  (cost=0.00..814.46 rows=2 width=0)
         Filter: (listing_id = 113055)
[0m
  [4;36;1mSQL (2.0ms)[0m   [0;1mSELECT count(*) AS count_all FROM "listings" WHERE ("listings".user_id = 25329) [0m
  [4;35;1mAnalyzing  Execution Time: 0.002262

[0m   [0mAggregate  (cost=1615.81..1615.82 rows=1 width=0)
   ->  Index Scan using index_listings_on_id_and_user_id_and_title on listings  (cost=0.00..1615.79 rows=4 width=0)
         Index Cond: (user_id = 25329)
[0m
  [4;36;1mSQL (168.1ms)[0m   [0;1mSELECT count(*) AS count_all FROM "impressions" WHERE ("impressions".listing_id = 89656) [0m
  [4;35;1mAnalyzing  Execution Time: 0.168468

[0m   [0mAggregate  (cost=12714.08..12714.09 rows=1 width=0)
   ->  Seq Scan on impressions  (cost=0.00..12714.00 rows=31 width=0)
         Filter: (listing_id = 89656)
[0m
  [4;36;1mSQL (173.7ms)[0m   [0;1mSELECT count(*) AS count_all FROM "impressions" WHERE ("impressions".listing_id = 89657) [0m
  [4;35;1mAnalyzing  Execution Time: 0.174002

[0m   [0mAggregate  (cost=12714.08..12714.09 rows=1 width=0)
   ->  Seq Scan on impressions  (cost=0.00..12714.00 rows=31 width=0)
         Filter: (listing_id = 89657)
[0m
  [4;36;1mSQL (11.3ms)[0m   [0;1mSELECT count(*) AS count_all FROM "clicks" WHERE ("clicks".listing_id = 89656) [0m
  [4;35;1mAnalyzing  Execution Time: 0.011543

[0m   [0mAggregate  (cost=814.47..814.48 rows=1 width=0)
   ->  Seq Scan on clicks  (cost=0.00..814.46 rows=2 width=0)
         Filter: (listing_id = 89656)
[0m
  [4;36;1mSQL (10.1ms)[0m   [0;1mSELECT count(*) AS count_all FROM "clicks" WHERE ("clicks".listing_id = 89657) [0m
  [4;35;1mAnalyzing  Execution Time: 0.010379

[0m   [0mAggregate  (cost=814.47..814.48 rows=1 width=0)
   ->  Seq Scan on clicks  (cost=0.00..814.46 rows=2 width=0)
         Filter: (listing_id = 89657)
[0m
  [4;36;1mSQL (5.3ms)[0m   [0;1mSELECT count(*) AS count_all FROM "listings" WHERE ("listings".user_id = 25328) [0m
  [4;35;1mAnalyzing  Execution Time: 0.005588

[0m   [0mAggregate  (cost=1615.81..1615.82 rows=1 width=0)
   ->  Index Scan using index_listings_on_id_and_user_id_and_title on listings  (cost=0.00..1615.79 rows=4 width=0)
         Index Cond: (user_id = 25328)
[0m
  [4;36;1mSQL (161.0ms)[0m   [0;1mSELECT count(*) AS count_all FROM "impressions" WHERE ("impressions".listing_id = 113054) [0m
  [4;35;1mAnalyzing  Execution Time: 0.16127

[0m   [0mAggregate  (cost=12714.08..12714.09 rows=1 width=0)
   ->  Seq Scan on impressions  (cost=0.00..12714.00 rows=31 width=0)
         Filter: (listing_id = 113054)
[0m
  [4;36;1mSQL (14.0ms)[0m   [0;1mSELECT count(*) AS count_all FROM "clicks" WHERE ("clicks".listing_id = 113054) [0m
  [4;35;1mAnalyzing  Execution Time: 0.014331

[0m   [0mAggregate  (cost=814.47..814.48 rows=1 width=0)
   ->  Seq Scan on clicks  (cost=0.00..814.46 rows=2 width=0)
         Filter: (listing_id = 113054)
[0m
  [4;36;1mSQL (2.6ms)[0m   [0;1mSELECT count(*) AS count_all FROM "listings" WHERE ("listings".user_id = 25327) [0m
  [4;35;1mAnalyzing  Execution Time: 0.002832

[0m   [0mAggregate  (cost=1615.81..1615.82 rows=1 width=0)
   ->  Index Scan using index_listings_on_id_and_user_id_and_title on listings  (cost=0.00..1615.79 rows=4 width=0)
         Index Cond: (user_id = 25327)
[0m
  [4;36;1mSQL (164.0ms)[0m   [0;1mSELECT count(*) AS count_all FROM "impressions" WHERE ("impressions".listing_id = 68557) [0m
  [4;35;1mAnalyzing  Execution Time: 0.164329

[0m   [0mAggregate  (cost=12714.08..12714.09 rows=1 width=0)
   ->  Seq Scan on impressions  (cost=0.00..12714.00 rows=31 width=0)
         Filter: (listing_id = 68557)
[0m
  [4;36;1mSQL (11.1ms)[0m   [0;1mSELECT count(*) AS count_all FROM "clicks" WHERE ("clicks".listing_id = 68557) [0m
  [4;35;1mAnalyzing  Execution Time: 0.011376

[0m   [0mAggregate  (cost=814.47..814.48 rows=1 width=0)
   ->  Seq Scan on clicks  (cost=0.00..814.46 rows=2 width=0)
         Filter: (listing_id = 68557)
[0m
  [4;36;1mSQL (4.5ms)[0m   [0;1mSELECT count(*) AS count_all FROM "listings" WHERE ("listings".user_id = 25326) [0m
  [4;35;1mAnalyzing  Execution Time: 0.004748

[0m   [0mAggregate  (cost=1615.81..1615.82 rows=1 width=0)
   ->  Index Scan using index_listings_on_id_and_user_id_and_title on listings  (cost=0.00..1615.79 rows=4 width=0)
         Index Cond: (user_id = 25326)
[0m
  [4;36;1mSQL (159.4ms)[0m   [0;1mSELECT count(*) AS count_all FROM "impressions" WHERE ("impressions".listing_id = 113053) [0m
  [4;35;1mAnalyzing  Execution Time: 0.159726

[0m   [0mAggregate  (cost=12714.08..12714.09 rows=1 width=0)
   ->  Seq Scan on impressions  (cost=0.00..12714.00 rows=31 width=0)
         Filter: (listing_id = 113053)
[0m
  [4;36;1mSQL (9.1ms)[0m   [0;1mSELECT count(*) AS count_all FROM "clicks" WHERE ("clicks".listing_id = 113053) [0m
  [4;35;1mAnalyzing  Execution Time: 0.009336

[0m   [0mAggregate  (cost=814.47..814.48 rows=1 width=0)
   ->  Seq Scan on clicks  (cost=0.00..814.46 rows=2 width=0)
         Filter: (listing_id = 113053)
[0m
  [4;36;1mSQL (2.1ms)[0m   [0;1mSELECT count(*) AS count_all FROM "listings" WHERE ("listings".user_id = 25325) [0m
  [4;35;1mAnalyzing  Execution Time: 0.002358

[0m   [0mAggregate  (cost=1615.81..1615.82 rows=1 width=0)
   ->  Index Scan using index_listings_on_id_and_user_id_and_title on listings  (cost=0.00..1615.79 rows=4 width=0)
         Index Cond: (user_id = 25325)
[0m
  [4;36;1mSQL (175.2ms)[0m   [0;1mSELECT count(*) AS count_all FROM "impressions" WHERE ("impressions".listing_id = 78830) [0m
  [4;35;1mAnalyzing  Execution Time: 0.175514

[0m   [0mAggregate  (cost=12714.08..12714.09 rows=1 width=0)
   ->  Seq Scan on impressions  (cost=0.00..12714.00 rows=31 width=0)
         Filter: (listing_id = 78830)
[0m
  [4;36;1mSQL (9.8ms)[0m   [0;1mSELECT count(*) AS count_all FROM "clicks" WHERE ("clicks".listing_id = 78830) [0m
  [4;35;1mAnalyzing  Execution Time: 0.010087

[0m   [0mAggregate  (cost=814.47..814.48 rows=1 width=0)
   ->  Seq Scan on clicks  (cost=0.00..814.46 rows=2 width=0)
         Filter: (listing_id = 78830)
[0m
  [4;36;1mSQL (2.1ms)[0m   [0;1mSELECT count(*) AS count_all FROM "listings" WHERE ("listings".user_id = 25324) [0m
  [4;35;1mAnalyzing  Execution Time: 0.002348

[0m   [0mAggregate  (cost=1615.81..1615.82 rows=1 width=0)
   ->  Index Scan using index_listings_on_id_and_user_id_and_title on listings  (cost=0.00..1615.79 rows=4 width=0)
         Index Cond: (user_id = 25324)
[0m
  [4;36;1mSQL (167.1ms)[0m   [0;1mSELECT count(*) AS count_all FROM "impressions" WHERE ("impressions".listing_id = 113052) [0m
  [4;35;1mAnalyzing  Execution Time: 0.167428

[0m   [0mAggregate  (cost=12714.08..12714.09 rows=1 width=0)
   ->  Seq Scan on impressions  (cost=0.00..12714.00 rows=31 width=0)
         Filter: (listing_id = 113052)
[0m
  [4;36;1mSQL (10.1ms)[0m   [0;1mSELECT count(*) AS count_all FROM "clicks" WHERE ("clicks".listing_id = 113052) [0m
  [4;35;1mAnalyzing  Execution Time: 0.010421

[0m   [0mAggregate  (cost=814.47..814.48 rows=1 width=0)
   ->  Seq Scan on clicks  (cost=0.00..814.46 rows=2 width=0)
         Filter: (listing_id = 113052)
[0m
  [4;36;1mSQL (3.3ms)[0m   [0;1mSELECT count(*) AS count_all FROM "listings" WHERE ("listings".user_id = 25323) [0m
  [4;35;1mAnalyzing  Execution Time: 0.00356

[0m   [0mAggregate  (cost=1615.81..1615.82 rows=1 width=0)
   ->  Index Scan using index_listings_on_id_and_user_id_and_title on listings  (cost=0.00..1615.79 rows=4 width=0)
         Index Cond: (user_id = 25323)
[0m
  [4;36;1mSQL (171.1ms)[0m   [0;1mSELECT count(*) AS count_all FROM "impressions" WHERE ("impressions".listing_id = 76838) [0m
  [4;35;1mAnalyzing  Execution Time: 0.171465

[0m   [0mAggregate  (cost=12714.08..12714.09 rows=1 width=0)
   ->  Seq Scan on impressions  (cost=0.00..12714.00 rows=31 width=0)
         Filter: (listing_id = 76838)
[0m
  [4;36;1mSQL (164.1ms)[0m   [0;1mSELECT count(*) AS count_all FROM "impressions" WHERE ("impressions".listing_id = 79727) [0m
  [4;35;1mAnalyzing  Execution Time: 0.164412

[0m   [0mAggregate  (cost=12714.08..12714.09 rows=1 width=0)
   ->  Seq Scan on impressions  (cost=0.00..12714.00 rows=31 width=0)
         Filter: (listing_id = 79727)
[0m
  [4;36;1mSQL (168.4ms)[0m   [0;1mSELECT count(*) AS count_all FROM "impressions" WHERE ("impressions".listing_id = 79728) [0m
  [4;35;1mAnalyzing  Execution Time: 0.168756

[0m   [0mAggregate  (cost=12714.08..12714.09 rows=1 width=0)
   ->  Seq Scan on impressions  (cost=0.00..12714.00 rows=31 width=0)
         Filter: (listing_id = 79728)
[0m
  [4;36;1mSQL (166.3ms)[0m   [0;1mSELECT count(*) AS count_all FROM "impressions" WHERE ("impressions".listing_id = 81168) [0m
  [4;35;1mAnalyzing  Execution Time: 0.166612

[0m   [0mAggregate  (cost=12714.08..12714.09 rows=1 width=0)
   ->  Seq Scan on impressions  (cost=0.00..12714.00 rows=31 width=0)
         Filter: (listing_id = 81168)
[0m
  [4;36;1mSQL (167.9ms)[0m   [0;1mSELECT count(*) AS count_all FROM "impressions" WHERE ("impressions".listing_id = 105586) [0m
  [4;35;1mAnalyzing  Execution Time: 0.168267

[0m   [0mAggregate  (cost=12714.08..12714.09 rows=1 width=0)
   ->  Seq Scan on impressions  (cost=0.00..12714.00 rows=31 width=0)
         Filter: (listing_id = 105586)
[0m
  [4;36;1mSQL (167.7ms)[0m   [0;1mSELECT count(*) AS count_all FROM "impressions" WHERE ("impressions".listing_id = 105587) [0m
  [4;35;1mAnalyzing  Execution Time: 0.168005

[0m   [0mAggregate  (cost=12714.08..12714.09 rows=1 width=0)
   ->  Seq Scan on impressions  (cost=0.00..12714.00 rows=31 width=0)
         Filter: (listing_id = 105587)
[0m
  [4;36;1mSQL (166.4ms)[0m   [0;1mSELECT count(*) AS count_all FROM "impressions" WHERE ("impressions".listing_id = 105588) [0m
  [4;35;1mAnalyzing  Execution Time: 0.166669

[0m   [0mAggregate  (cost=12714.08..12714.09 rows=1 width=0)
   ->  Seq Scan on impressions  (cost=0.00..12714.00 rows=31 width=0)
         Filter: (listing_id = 105588)
[0m
  [4;36;1mSQL (162.4ms)[0m   [0;1mSELECT count(*) AS count_all FROM "impressions" WHERE ("impressions".listing_id = 105590) [0m
  [4;35;1mAnalyzing  Execution Time: 0.162669

[0m   [0mAggregate  (cost=12714.08..12714.09 rows=1 width=0)
   ->  Seq Scan on impressions  (cost=0.00..12714.00 rows=31 width=0)
         Filter: (listing_id = 105590)
[0m
  [4;36;1mSQL (10.4ms)[0m   [0;1mSELECT count(*) AS count_all FROM "clicks" WHERE ("clicks".listing_id = 76838) [0m
  [4;35;1mAnalyzing  Execution Time: 0.01071

[0m   [0mAggregate  (cost=814.47..814.48 rows=1 width=0)
   ->  Seq Scan on clicks  (cost=0.00..814.46 rows=2 width=0)
         Filter: (listing_id = 76838)
[0m
  [4;36;1mSQL (10.1ms)[0m   [0;1mSELECT count(*) AS count_all FROM "clicks" WHERE ("clicks".listing_id = 79727) [0m
  [4;35;1mAnalyzing  Execution Time: 0.010401

[0m   [0mAggregate  (cost=814.47..814.48 rows=1 width=0)
   ->  Seq Scan on clicks  (cost=0.00..814.46 rows=2 width=0)
         Filter: (listing_id = 79727)
[0m
  [4;36;1mSQL (9.3ms)[0m   [0;1mSELECT count(*) AS count_all FROM "clicks" WHERE ("clicks".listing_id = 79728) [0m
  [4;35;1mAnalyzing  Execution Time: 0.009602

[0m   [0mAggregate  (cost=814.47..814.48 rows=1 width=0)
   ->  Seq Scan on clicks  (cost=0.00..814.46 rows=2 width=0)
         Filter: (listing_id = 79728)
[0m
  [4;36;1mSQL (11.1ms)[0m   [0;1mSELECT count(*) AS count_all FROM "clicks" WHERE ("clicks".listing_id = 81168) [0m
  [4;35;1mAnalyzing  Execution Time: 0.01136

[0m   [0mAggregate  (cost=814.47..814.48 rows=1 width=0)
   ->  Seq Scan on clicks  (cost=0.00..814.46 rows=2 width=0)
         Filter: (listing_id = 81168)
[0m
  [4;36;1mSQL (9.0ms)[0m   [0;1mSELECT count(*) AS count_all FROM "clicks" WHERE ("clicks".listing_id = 105586) [0m
  [4;35;1mAnalyzing  Execution Time: 0.009231

[0m   [0mAggregate  (cost=814.49..814.50 rows=1 width=0)
   ->  Seq Scan on clicks  (cost=0.00..814.46 rows=10 width=0)
         Filter: (listing_id = 105586)
[0m
  [4;36;1mSQL (8.4ms)[0m   [0;1mSELECT count(*) AS count_all FROM "clicks" WHERE ("clicks".listing_id = 105587) [0m
  [4;35;1mAnalyzing  Execution Time: 0.008742

[0m   [0mAggregate  (cost=814.47..814.48 rows=1 width=0)
   ->  Seq Scan on clicks  (cost=0.00..814.46 rows=2 width=0)
         Filter: (listing_id = 105587)
[0m
  [4;36;1mSQL (10.9ms)[0m   [0;1mSELECT count(*) AS count_all FROM "clicks" WHERE ("clicks".listing_id = 105588) [0m
  [4;35;1mAnalyzing  Execution Time: 0.011153

[0m   [0mAggregate  (cost=814.47..814.48 rows=1 width=0)
   ->  Seq Scan on clicks  (cost=0.00..814.46 rows=2 width=0)
         Filter: (listing_id = 105588)
[0m
  [4;36;1mSQL (9.7ms)[0m   [0;1mSELECT count(*) AS count_all FROM "clicks" WHERE ("clicks".listing_id = 105590) [0m
  [4;35;1mAnalyzing  Execution Time: 0.010078

[0m   [0mAggregate  (cost=814.51..814.52 rows=1 width=0)
   ->  Seq Scan on clicks  (cost=0.00..814.46 rows=19 width=0)
         Filter: (listing_id = 105590)
[0m
  [4;36;1mSQL (5.2ms)[0m   [0;1mSELECT count(*) AS count_all FROM "listings" WHERE ("listings".user_id = 25322) [0m
  [4;35;1mAnalyzing  Execution Time: 0.005538

[0m   [0mAggregate  (cost=1615.81..1615.82 rows=1 width=0)
   ->  Index Scan using index_listings_on_id_and_user_id_and_title on listings  (cost=0.00..1615.79 rows=4 width=0)
         Index Cond: (user_id = 25322)
[0m
  [4;36;1mSQL (167.4ms)[0m   [0;1mSELECT count(*) AS count_all FROM "impressions" WHERE ("impressions".listing_id = 113051) [0m
  [4;35;1mAnalyzing  Execution Time: 0.167645

[0m   [0mAggregate  (cost=12714.08..12714.09 rows=1 width=0)
   ->  Seq Scan on impressions  (cost=0.00..12714.00 rows=31 width=0)
         Filter: (listing_id = 113051)
[0m
  [4;36;1mSQL (13.2ms)[0m   [0;1mSELECT count(*) AS count_all FROM "clicks" WHERE ("clicks".listing_id = 113051) [0m
  [4;35;1mAnalyzing  Execution Time: 0.013515

[0m   [0mAggregate  (cost=814.49..814.50 rows=1 width=0)
   ->  Seq Scan on clicks  (cost=0.00..814.46 rows=8 width=0)
         Filter: (listing_id = 113051)
[0m
  [4;36;1mSQL (1.9ms)[0m   [0;1mSELECT count(*) AS count_all FROM "listings" WHERE ("listings".user_id = 25320) [0m
  [4;35;1mAnalyzing  Execution Time: 0.002176

[0m   [0mAggregate  (cost=1615.81..1615.82 rows=1 width=0)
   ->  Index Scan using index_listings_on_id_and_user_id_and_title on listings  (cost=0.00..1615.79 rows=4 width=0)
         Index Cond: (user_id = 25320)
[0m
  [4;36;1mSQL (163.7ms)[0m   [0;1mSELECT count(*) AS count_all FROM "impressions" WHERE ("impressions".listing_id = 113049) [0m
  [4;35;1mAnalyzing  Execution Time: 0.163952

[0m   [0mAggregate  (cost=12714.08..12714.09 rows=1 width=0)
   ->  Seq Scan on impressions  (cost=0.00..12714.00 rows=31 width=0)
         Filter: (listing_id = 113049)
[0m
  [4;36;1mSQL (11.1ms)[0m   [0;1mSELECT count(*) AS count_all FROM "clicks" WHERE ("clicks".listing_id = 113049) [0m
  [4;35;1mAnalyzing  Execution Time: 0.011459

[0m   [0mAggregate  (cost=814.47..814.48 rows=1 width=0)
   ->  Seq Scan on clicks  (cost=0.00..814.46 rows=2 width=0)
         Filter: (listing_id = 113049)
[0m
  [4;36;1mSQL (2.8ms)[0m   [0;1mSELECT count(*) AS count_all FROM "listings" WHERE ("listings".user_id = 25319) [0m
  [4;35;1mAnalyzing  Execution Time: 0.003117

[0m   [0mAggregate  (cost=1615.81..1615.82 rows=1 width=0)
   ->  Index Scan using index_listings_on_id_and_user_id_and_title on listings  (cost=0.00..1615.79 rows=4 width=0)
         Index Cond: (user_id = 25319)
[0m
  [4;36;1mSQL (161.6ms)[0m   [0;1mSELECT count(*) AS count_all FROM "impressions" WHERE ("impressions".listing_id = 77593) [0m
  [4;35;1mAnalyzing  Execution Time: 0.161854

[0m   [0mAggregate  (cost=12714.08..12714.09 rows=1 width=0)
   ->  Seq Scan on impressions  (cost=0.00..12714.00 rows=31 width=0)
         Filter: (listing_id = 77593)
[0m
  [4;36;1mSQL (162.9ms)[0m   [0;1mSELECT count(*) AS count_all FROM "impressions" WHERE ("impressions".listing_id = 81560) [0m
  [4;35;1mAnalyzing  Execution Time: 0.163158

[0m   [0mAggregate  (cost=12714.08..12714.09 rows=1 width=0)
   ->  Seq Scan on impressions  (cost=0.00..12714.00 rows=31 width=0)
         Filter: (listing_id = 81560)
[0m
  [4;36;1mSQL (164.6ms)[0m   [0;1mSELECT count(*) AS count_all FROM "impressions" WHERE ("impressions".listing_id = 88581) [0m
  [4;35;1mAnalyzing  Execution Time: 0.164869

[0m   [0mAggregate  (cost=12714.08..12714.09 rows=1 width=0)
   ->  Seq Scan on impressions  (cost=0.00..12714.00 rows=31 width=0)
         Filter: (listing_id = 88581)
[0m
  [4;36;1mSQL (159.4ms)[0m   [0;1mSELECT count(*) AS count_all FROM "impressions" WHERE ("impressions".listing_id = 95256) [0m
  [4;35;1mAnalyzing  Execution Time: 0.159752

[0m   [0mAggregate  (cost=12714.08..12714.09 rows=1 width=0)
   ->  Seq Scan on impressions  (cost=0.00..12714.00 rows=31 width=0)
         Filter: (listing_id = 95256)
[0m
  [4;36;1mSQL (9.8ms)[0m   [0;1mSELECT count(*) AS count_all FROM "clicks" WHERE ("clicks".listing_id = 77593) [0m
  [4;35;1mAnalyzing  Execution Time: 0.010096

[0m   [0mAggregate  (cost=814.47..814.48 rows=1 width=0)
   ->  Seq Scan on clicks  (cost=0.00..814.46 rows=2 width=0)
         Filter: (listing_id = 77593)
[0m
  [4;36;1mSQL (9.3ms)[0m   [0;1mSELECT count(*) AS count_all FROM "clicks" WHERE ("clicks".listing_id = 81560) [0m
  [4;35;1mAnalyzing  Execution Time: 0.009826

[0m   [0mAggregate  (cost=814.47..814.48 rows=1 width=0)
   ->  Seq Scan on clicks  (cost=0.00..814.46 rows=2 width=0)
         Filter: (listing_id = 81560)
[0m
  [4;36;1mSQL (10.2ms)[0m   [0;1mSELECT count(*) AS count_all FROM "clicks" WHERE ("clicks".listing_id = 88581) [0m
  [4;35;1mAnalyzing  Execution Time: 0.010432

[0m   [0mAggregate  (cost=814.47..814.48 rows=1 width=0)
   ->  Seq Scan on clicks  (cost=0.00..814.46 rows=2 width=0)
         Filter: (listing_id = 88581)
[0m
  [4;36;1mSQL (11.8ms)[0m   [0;1mSELECT count(*) AS count_all FROM "clicks" WHERE ("clicks".listing_id = 95256) [0m
  [4;35;1mAnalyzing  Execution Time: 0.012115

[0m   [0mAggregate  (cost=814.47..814.48 rows=1 width=0)
   ->  Seq Scan on clicks  (cost=0.00..814.46 rows=2 width=0)
         Filter: (listing_id = 95256)
[0m
  [4;36;1mSQL (4.4ms)[0m   [0;1mSELECT count(*) AS count_all FROM "listings" WHERE ("listings".user_id = 25318) [0m
  [4;35;1mAnalyzing  Execution Time: 0.004735

[0m   [0mAggregate  (cost=1615.81..1615.82 rows=1 width=0)
   ->  Index Scan using index_listings_on_id_and_user_id_and_title on listings  (cost=0.00..1615.79 rows=4 width=0)
         Index Cond: (user_id = 25318)
[0m
  [4;36;1mSQL (161.2ms)[0m   [0;1mSELECT count(*) AS count_all FROM "impressions" WHERE ("impressions".listing_id = 113048) [0m
  [4;35;1mAnalyzing  Execution Time: 0.161506

[0m   [0mAggregate  (cost=12714.08..12714.09 rows=1 width=0)
   ->  Seq Scan on impressions  (cost=0.00..12714.00 rows=31 width=0)
         Filter: (listing_id = 113048)
[0m
  [4;36;1mSQL (8.6ms)[0m   [0;1mSELECT count(*) AS count_all FROM "clicks" WHERE ("clicks".listing_id = 113048) [0m
  [4;35;1mAnalyzing  Execution Time: 0.008886

[0m   [0mAggregate  (cost=814.47..814.48 rows=1 width=0)
   ->  Seq Scan on clicks  (cost=0.00..814.46 rows=2 width=0)
         Filter: (listing_id = 113048)
[0m
  [4;36;1mSQL (4.4ms)[0m   [0;1mSELECT count(*) AS count_all FROM "listings" WHERE ("listings".user_id = 25317) [0m
  [4;35;1mAnalyzing  Execution Time: 0.004731

[0m   [0mAggregate  (cost=1615.81..1615.82 rows=1 width=0)
   ->  Index Scan using index_listings_on_id_and_user_id_and_title on listings  (cost=0.00..1615.79 rows=4 width=0)
         Index Cond: (user_id = 25317)
[0m
  [4;36;1mSQL (161.3ms)[0m   [0;1mSELECT count(*) AS count_all FROM "impressions" WHERE ("impressions".listing_id = 68610) [0m
  [4;35;1mAnalyzing  Execution Time: 0.161616

[0m   [0mAggregate  (cost=12714.08..12714.09 rows=1 width=0)
   ->  Seq Scan on impressions  (cost=0.00..12714.00 rows=31 width=0)
         Filter: (listing_id = 68610)
[0m
  [4;36;1mSQL (9.5ms)[0m   [0;1mSELECT count(*) AS count_all FROM "clicks" WHERE ("clicks".listing_id = 68610) [0m
  [4;35;1mAnalyzing  Execution Time: 0.009805

[0m   [0mAggregate  (cost=814.47..814.48 rows=1 width=0)
   ->  Seq Scan on clicks  (cost=0.00..814.46 rows=2 width=0)
         Filter: (listing_id = 68610)
[0m
  [4;36;1mSQL (2.2ms)[0m   [0;1mSELECT count(*) AS count_all FROM "listings" WHERE ("listings".user_id = 25316) [0m
  [4;35;1mAnalyzing  Execution Time: 0.00244

[0m   [0mAggregate  (cost=1615.81..1615.82 rows=1 width=0)
   ->  Index Scan using index_listings_on_id_and_user_id_and_title on listings  (cost=0.00..1615.79 rows=4 width=0)
         Index Cond: (user_id = 25316)
[0m
  [4;36;1mSQL (163.0ms)[0m   [0;1mSELECT count(*) AS count_all FROM "impressions" WHERE ("impressions".listing_id = 72302) [0m
  [4;35;1mAnalyzing  Execution Time: 0.163299

[0m   [0mAggregate  (cost=12714.08..12714.09 rows=1 width=0)
   ->  Seq Scan on impressions  (cost=0.00..12714.00 rows=31 width=0)
         Filter: (listing_id = 72302)
[0m
  [4;36;1mSQL (156.1ms)[0m   [0;1mSELECT count(*) AS count_all FROM "impressions" WHERE ("impressions".listing_id = 89876) [0m
  [4;35;1mAnalyzing  Execution Time: 0.156409

[0m   [0mAggregate  (cost=12714.08..12714.09 rows=1 width=0)
   ->  Seq Scan on impressions  (cost=0.00..12714.00 rows=31 width=0)
         Filter: (listing_id = 89876)
[0m
  [4;36;1mSQL (8.8ms)[0m   [0;1mSELECT count(*) AS count_all FROM "clicks" WHERE ("clicks".listing_id = 72302) [0m
  [4;35;1mAnalyzing  Execution Time: 0.009073

[0m   [0mAggregate  (cost=814.47..814.48 rows=1 width=0)
   ->  Seq Scan on clicks  (cost=0.00..814.46 rows=2 width=0)
         Filter: (listing_id = 72302)
[0m
  [4;36;1mSQL (9.9ms)[0m   [0;1mSELECT count(*) AS count_all FROM "clicks" WHERE ("clicks".listing_id = 89876) [0m
  [4;35;1mAnalyzing  Execution Time: 0.010178

[0m   [0mAggregate  (cost=814.47..814.48 rows=1 width=0)
   ->  Seq Scan on clicks  (cost=0.00..814.46 rows=2 width=0)
         Filter: (listing_id = 89876)
[0m
  [4;36;1mSQL (6.1ms)[0m   [0;1mSELECT count(*) AS count_all FROM "listings" WHERE ("listings".user_id = 25314) [0m
  [4;35;1mAnalyzing  Execution Time: 0.006389

[0m   [0mAggregate  (cost=1615.81..1615.82 rows=1 width=0)
   ->  Index Scan using index_listings_on_id_and_user_id_and_title on listings  (cost=0.00..1615.79 rows=4 width=0)
         Index Cond: (user_id = 25314)
[0m
  [4;36;1mSQL (161.4ms)[0m   [0;1mSELECT count(*) AS count_all FROM "impressions" WHERE ("impressions".listing_id = 67785) [0m
  [4;35;1mAnalyzing  Execution Time: 0.161686

[0m   [0mAggregate  (cost=12714.08..12714.09 rows=1 width=0)
   ->  Seq Scan on impressions  (cost=0.00..12714.00 rows=31 width=0)
         Filter: (listing_id = 67785)
[0m
  [4;36;1mSQL (163.8ms)[0m   [0;1mSELECT count(*) AS count_all FROM "impressions" WHERE ("impressions".listing_id = 70300) [0m
  [4;35;1mAnalyzing  Execution Time: 0.164093

[0m   [0mAggregate  (cost=12714.08..12714.09 rows=1 width=0)
   ->  Seq Scan on impressions  (cost=0.00..12714.00 rows=31 width=0)
         Filter: (listing_id = 70300)
[0m
  [4;36;1mSQL (171.3ms)[0m   [0;1mSELECT count(*) AS count_all FROM "impressions" WHERE ("impressions".listing_id = 86210) [0m
  [4;35;1mAnalyzing  Execution Time: 0.171615

[0m   [0mAggregate  (cost=12714.08..12714.09 rows=1 width=0)
   ->  Seq Scan on impressions  (cost=0.00..12714.00 rows=31 width=0)
         Filter: (listing_id = 86210)
[0m
  [4;36;1mSQL (159.6ms)[0m   [0;1mSELECT count(*) AS count_all FROM "impressions" WHERE ("impressions".listing_id = 86211) [0m
  [4;35;1mAnalyzing  Execution Time: 0.159855

[0m   [0mAggregate  (cost=12714.08..12714.09 rows=1 width=0)
   ->  Seq Scan on impressions  (cost=0.00..12714.00 rows=31 width=0)
         Filter: (listing_id = 86211)
[0m
  [4;36;1mSQL (165.3ms)[0m   [0;1mSELECT count(*) AS count_all FROM "impressions" WHERE ("impressions".listing_id = 86212) [0m
  [4;35;1mAnalyzing  Execution Time: 0.16554

[0m   [0mAggregate  (cost=12714.08..12714.09 rows=1 width=0)
   ->  Seq Scan on impressions  (cost=0.00..12714.00 rows=31 width=0)
         Filter: (listing_id = 86212)
[0m
  [4;36;1mSQL (159.5ms)[0m   [0;1mSELECT count(*) AS count_all FROM "impressions" WHERE ("impressions".listing_id = 86213) [0m
  [4;35;1mAnalyzing  Execution Time: 0.159813

[0m   [0mAggregate  (cost=12714.08..12714.09 rows=1 width=0)
   ->  Seq Scan on impressions  (cost=0.00..12714.00 rows=31 width=0)
         Filter: (listing_id = 86213)
[0m
  [4;36;1mSQL (161.3ms)[0m   [0;1mSELECT count(*) AS count_all FROM "impressions" WHERE ("impressions".listing_id = 86215) [0m
  [4;35;1mAnalyzing  Execution Time: 0.161567

[0m   [0mAggregate  (cost=12714.08..12714.09 rows=1 width=0)
   ->  Seq Scan on impressions  (cost=0.00..12714.00 rows=31 width=0)
         Filter: (listing_id = 86215)
[0m
  [4;36;1mSQL (159.8ms)[0m   [0;1mSELECT count(*) AS count_all FROM "impressions" WHERE ("impressions".listing_id = 86217) [0m
  [4;35;1mAnalyzing  Execution Time: 0.16002

[0m   [0mAggregate  (cost=12714.08..12714.09 rows=1 width=0)
   ->  Seq Scan on impressions  (cost=0.00..12714.00 rows=31 width=0)
         Filter: (listing_id = 86217)
[0m
  [4;36;1mSQL (163.4ms)[0m   [0;1mSELECT count(*) AS count_all FROM "impressions" WHERE ("impressions".listing_id = 86218) [0m
  [4;35;1mAnalyzing  Execution Time: 0.163676

[0m   [0mAggregate  (cost=12714.08..12714.09 rows=1 width=0)
   ->  Seq Scan on impressions  (cost=0.00..12714.00 rows=31 width=0)
         Filter: (listing_id = 86218)
[0m
  [4;36;1mSQL (168.8ms)[0m   [0;1mSELECT count(*) AS count_all FROM "impressions" WHERE ("impressions".listing_id = 86219) [0m
  [4;35;1mAnalyzing  Execution Time: 0.169151

[0m   [0mAggregate  (cost=12714.08..12714.09 rows=1 width=0)
   ->  Seq Scan on impressions  (cost=0.00..12714.00 rows=31 width=0)
         Filter: (listing_id = 86219)
[0m
  [4;36;1mSQL (162.4ms)[0m   [0;1mSELECT count(*) AS count_all FROM "impressions" WHERE ("impressions".listing_id = 86220) [0m
  [4;35;1mAnalyzing  Execution Time: 0.162695

[0m   [0mAggregate  (cost=12714.08..12714.09 rows=1 width=0)
   ->  Seq Scan on impressions  (cost=0.00..12714.00 rows=31 width=0)
         Filter: (listing_id = 86220)
[0m
  [4;36;1mSQL (160.4ms)[0m   [0;1mSELECT count(*) AS count_all FROM "impressions" WHERE ("impressions".listing_id = 86221) [0m
  [4;35;1mAnalyzing  Execution Time: 0.160689

[0m   [0mAggregate  (cost=12714.08..12714.09 rows=1 width=0)
   ->  Seq Scan on impressions  (cost=0.00..12714.00 rows=31 width=0)
         Filter: (listing_id = 86221)
[0m
  [4;36;1mSQL (157.6ms)[0m   [0;1mSELECT count(*) AS count_all FROM "impressions" WHERE ("impressions".listing_id = 86222) [0m
  [4;35;1mAnalyzing  Execution Time: 0.15784

[0m   [0mAggregate  (cost=12714.08..12714.09 rows=1 width=0)
   ->  Seq Scan on impressions  (cost=0.00..12714.00 rows=31 width=0)
         Filter: (listing_id = 86222)
[0m
  [4;36;1mSQL (159.2ms)[0m   [0;1mSELECT count(*) AS count_all FROM "impressions" WHERE ("impressions".listing_id = 86223) [0m
  [4;35;1mAnalyzing  Execution Time: 0.159493

[0m   [0mAggregate  (cost=12714.08..12714.09 rows=1 width=0)
   ->  Seq Scan on impressions  (cost=0.00..12714.00 rows=31 width=0)
         Filter: (listing_id = 86223)
[0m
  [4;36;1mSQL (159.2ms)[0m   [0;1mSELECT count(*) AS count_all FROM "impressions" WHERE ("impressions".listing_id = 86224) [0m
  [4;35;1mAnalyzing  Execution Time: 0.159472

[0m   [0mAggregate  (cost=12714.08..12714.09 rows=1 width=0)
   ->  Seq Scan on impressions  (cost=0.00..12714.00 rows=31 width=0)
         Filter: (listing_id = 86224)
[0m
  [4;36;1mSQL (162.7ms)[0m   [0;1mSELECT count(*) AS count_all FROM "impressions" WHERE ("impressions".listing_id = 86225) [0m
  [4;35;1mAnalyzing  Execution Time: 0.16294

[0m   [0mAggregate  (cost=12714.08..12714.09 rows=1 width=0)
   ->  Seq Scan on impressions  (cost=0.00..12714.00 rows=31 width=0)
         Filter: (listing_id = 86225)
[0m
  [4;36;1mSQL (14.6ms)[0m   [0;1mSELECT count(*) AS count_all FROM "clicks" WHERE ("clicks".listing_id = 67785) [0m
  [4;35;1mAnalyzing  Execution Time: 0.014904

[0m   [0mAggregate  (cost=814.47..814.48 rows=1 width=0)
   ->  Seq Scan on clicks  (cost=0.00..814.46 rows=2 width=0)
         Filter: (listing_id = 67785)
[0m
  [4;36;1mSQL (11.0ms)[0m   [0;1mSELECT count(*) AS count_all FROM "clicks" WHERE ("clicks".listing_id = 70300) [0m
  [4;35;1mAnalyzing  Execution Time: 0.011281

[0m   [0mAggregate  (cost=814.47..814.48 rows=1 width=0)
   ->  Seq Scan on clicks  (cost=0.00..814.46 rows=2 width=0)
         Filter: (listing_id = 70300)
[0m
  [4;36;1mSQL (9.3ms)[0m   [0;1mSELECT count(*) AS count_all FROM "clicks" WHERE ("clicks".listing_id = 86210) [0m
  [4;35;1mAnalyzing  Execution Time: 0.009567

[0m   [0mAggregate  (cost=814.47..814.48 rows=1 width=0)
   ->  Seq Scan on clicks  (cost=0.00..814.46 rows=2 width=0)
         Filter: (listing_id = 86210)
[0m
  [4;36;1mSQL (8.9ms)[0m   [0;1mSELECT count(*) AS count_all FROM "clicks" WHERE ("clicks".listing_id = 86211) [0m
  [4;35;1mAnalyzing  Execution Time: 0.009193

[0m   [0mAggregate  (cost=814.47..814.48 rows=1 width=0)
   ->  Seq Scan on clicks  (cost=0.00..814.46 rows=2 width=0)
         Filter: (listing_id = 86211)
[0m
  [4;36;1mSQL (11.2ms)[0m   [0;1mSELECT count(*) AS count_all FROM "clicks" WHERE ("clicks".listing_id = 86212) [0m
  [4;35;1mAnalyzing  Execution Time: 0.011491

[0m   [0mAggregate  (cost=814.47..814.48 rows=1 width=0)
   ->  Seq Scan on clicks  (cost=0.00..814.46 rows=2 width=0)
         Filter: (listing_id = 86212)
[0m
  [4;36;1mSQL (12.1ms)[0m   [0;1mSELECT count(*) AS count_all FROM "clicks" WHERE ("clicks".listing_id = 86213) [0m
  [4;35;1mAnalyzing  Execution Time: 0.012318

[0m   [0mAggregate  (cost=814.47..814.48 rows=1 width=0)
   ->  Seq Scan on clicks  (cost=0.00..814.46 rows=2 width=0)
         Filter: (listing_id = 86213)
[0m
  [4;36;1mSQL (8.6ms)[0m   [0;1mSELECT count(*) AS count_all FROM "clicks" WHERE ("clicks".listing_id = 86215) [0m
  [4;35;1mAnalyzing  Execution Time: 0.00889

[0m   [0mAggregate  (cost=814.47..814.48 rows=1 width=0)
   ->  Seq Scan on clicks  (cost=0.00..814.46 rows=2 width=0)
         Filter: (listing_id = 86215)
[0m
  [4;36;1mSQL (10.8ms)[0m   [0;1mSELECT count(*) AS count_all FROM "clicks" WHERE ("clicks".listing_id = 86217) [0m
  [4;35;1mAnalyzing  Execution Time: 0.011108

[0m   [0mAggregate  (cost=814.47..814.48 rows=1 width=0)
   ->  Seq Scan on clicks  (cost=0.00..814.46 rows=2 width=0)
         Filter: (listing_id = 86217)
[0m
  [4;36;1mSQL (11.8ms)[0m   [0;1mSELECT count(*) AS count_all FROM "clicks" WHERE ("clicks".listing_id = 86218) [0m
  [4;35;1mAnalyzing  Execution Time: 0.012035

[0m   [0mAggregate  (cost=814.47..814.48 rows=1 width=0)
   ->  Seq Scan on clicks  (cost=0.00..814.46 rows=2 width=0)
         Filter: (listing_id = 86218)
[0m
  [4;36;1mSQL (8.6ms)[0m   [0;1mSELECT count(*) AS count_all FROM "clicks" WHERE ("clicks".listing_id = 86219) [0m
  [4;35;1mAnalyzing  Execution Time: 0.008906

[0m   [0mAggregate  (cost=814.47..814.48 rows=1 width=0)
   ->  Seq Scan on clicks  (cost=0.00..814.46 rows=2 width=0)
         Filter: (listing_id = 86219)
[0m
  [4;36;1mSQL (10.0ms)[0m   [0;1mSELECT count(*) AS count_all FROM "clicks" WHERE ("clicks".listing_id = 86220) [0m
  [4;35;1mAnalyzing  Execution Time: 0.010346

[0m   [0mAggregate  (cost=814.47..814.48 rows=1 width=0)
   ->  Seq Scan on clicks  (cost=0.00..814.46 rows=2 width=0)
         Filter: (listing_id = 86220)
[0m
  [4;36;1mSQL (10.1ms)[0m   [0;1mSELECT count(*) AS count_all FROM "clicks" WHERE ("clicks".listing_id = 86221) [0m
  [4;35;1mAnalyzing  Execution Time: 0.010995

[0m   [0mAggregate  (cost=814.47..814.48 rows=1 width=0)
   ->  Seq Scan on clicks  (cost=0.00..814.46 rows=2 width=0)
         Filter: (listing_id = 86221)
[0m
  [4;36;1mSQL (9.7ms)[0m   [0;1mSELECT count(*) AS count_all FROM "clicks" WHERE ("clicks".listing_id = 86222) [0m
  [4;35;1mAnalyzing  Execution Time: 0.009969

[0m   [0mAggregate  (cost=814.47..814.48 rows=1 width=0)
   ->  Seq Scan on clicks  (cost=0.00..814.46 rows=2 width=0)
         Filter: (listing_id = 86222)
[0m
  [4;36;1mSQL (13.6ms)[0m   [0;1mSELECT count(*) AS count_all FROM "clicks" WHERE ("clicks".listing_id = 86223) [0m
  [4;35;1mAnalyzing  Execution Time: 0.013884

[0m   [0mAggregate  (cost=814.47..814.48 rows=1 width=0)
   ->  Seq Scan on clicks  (cost=0.00..814.46 rows=2 width=0)
         Filter: (listing_id = 86223)
[0m
  [4;36;1mSQL (8.8ms)[0m   [0;1mSELECT count(*) AS count_all FROM "clicks" WHERE ("clicks".listing_id = 86224) [0m
  [4;35;1mAnalyzing  Execution Time: 0.009051

[0m   [0mAggregate  (cost=814.47..814.48 rows=1 width=0)
   ->  Seq Scan on clicks  (cost=0.00..814.46 rows=2 width=0)
         Filter: (listing_id = 86224)
[0m
  [4;36;1mSQL (10.2ms)[0m   [0;1mSELECT count(*) AS count_all FROM "clicks" WHERE ("clicks".listing_id = 86225) [0m
  [4;35;1mAnalyzing  Execution Time: 0.010539

[0m   [0mAggregate  (cost=814.47..814.48 rows=1 width=0)
   ->  Seq Scan on clicks  (cost=0.00..814.46 rows=2 width=0)
         Filter: (listing_id = 86225)
[0m
  [4;36;1mSQL (8.8ms)[0m   [0;1mSELECT count(*) AS count_all FROM "listings" WHERE ("listings".user_id = 25313) [0m
  [4;35;1mAnalyzing  Execution Time: 0.00904

[0m   [0mAggregate  (cost=1615.81..1615.82 rows=1 width=0)
   ->  Index Scan using index_listings_on_id_and_user_id_and_title on listings  (cost=0.00..1615.79 rows=4 width=0)
         Index Cond: (user_id = 25313)
[0m
  [4;36;1mSQL (164.2ms)[0m   [0;1mSELECT count(*) AS count_all FROM "impressions" WHERE ("impressions".listing_id = 66642) [0m
  [4;35;1mAnalyzing  Execution Time: 0.164487

[0m   [0mAggregate  (cost=12714.08..12714.09 rows=1 width=0)
   ->  Seq Scan on impressions  (cost=0.00..12714.00 rows=31 width=0)
         Filter: (listing_id = 66642)
[0m
  [4;36;1mSQL (8.9ms)[0m   [0;1mSELECT count(*) AS count_all FROM "clicks" WHERE ("clicks".listing_id = 66642) [0m
  [4;35;1mAnalyzing  Execution Time: 0.00918

[0m   [0mAggregate  (cost=814.47..814.48 rows=1 width=0)
   ->  Seq Scan on clicks  (cost=0.00..814.46 rows=2 width=0)
         Filter: (listing_id = 66642)
[0m
  [4;36;1mSQL (3.0ms)[0m   [0;1mSELECT count(*) AS count_all FROM "listings" WHERE ("listings".user_id = 25312) [0m
  [4;35;1mAnalyzing  Execution Time: 0.003251

[0m   [0mAggregate  (cost=1615.81..1615.82 rows=1 width=0)
   ->  Index Scan using index_listings_on_id_and_user_id_and_title on listings  (cost=0.00..1615.79 rows=4 width=0)
         Index Cond: (user_id = 25312)
[0m
  [4;36;1mSQL (158.3ms)[0m   [0;1mSELECT count(*) AS count_all FROM "impressions" WHERE ("impressions".listing_id = 113047) [0m
  [4;35;1mAnalyzing  Execution Time: 0.158599

[0m   [0mAggregate  (cost=12714.08..12714.09 rows=1 width=0)
   ->  Seq Scan on impressions  (cost=0.00..12714.00 rows=31 width=0)
         Filter: (listing_id = 113047)
[0m
  [4;36;1mSQL (15.3ms)[0m   [0;1mSELECT count(*) AS count_all FROM "clicks" WHERE ("clicks".listing_id = 113047) [0m
  [4;35;1mAnalyzing  Execution Time: 0.015579

[0m   [0mAggregate  (cost=814.47..814.48 rows=1 width=0)
   ->  Seq Scan on clicks  (cost=0.00..814.46 rows=2 width=0)
         Filter: (listing_id = 113047)
[0m
  [4;36;1mSQL (2.1ms)[0m   [0;1mSELECT count(*) AS count_all FROM "listings" WHERE ("listings".user_id = 25311) [0m
  [4;35;1mAnalyzing  Execution Time: 0.002366

[0m   [0mAggregate  (cost=1615.81..1615.82 rows=1 width=0)
   ->  Index Scan using index_listings_on_id_and_user_id_and_title on listings  (cost=0.00..1615.79 rows=4 width=0)
         Index Cond: (user_id = 25311)
[0m
  [4;36;1mSQL (168.2ms)[0m   [0;1mSELECT count(*) AS count_all FROM "impressions" WHERE ("impressions".listing_id = 71936) [0m
  [4;35;1mAnalyzing  Execution Time: 0.168469

[0m   [0mAggregate  (cost=12714.08..12714.09 rows=1 width=0)
   ->  Seq Scan on impressions  (cost=0.00..12714.00 rows=31 width=0)
         Filter: (listing_id = 71936)
[0m
  [4;36;1mSQL (10.9ms)[0m   [0;1mSELECT count(*) AS count_all FROM "clicks" WHERE ("clicks".listing_id = 71936) [0m
  [4;35;1mAnalyzing  Execution Time: 0.011206

[0m   [0mAggregate  (cost=814.49..814.50 rows=1 width=0)
   ->  Seq Scan on clicks  (cost=0.00..814.46 rows=8 width=0)
         Filter: (listing_id = 71936)
[0m
  [4;36;1mSQL (4.6ms)[0m   [0;1mSELECT count(*) AS count_all FROM "listings" WHERE ("listings".user_id = 25310) [0m
  [4;35;1mAnalyzing  Execution Time: 0.004863

[0m   [0mAggregate  (cost=1615.81..1615.82 rows=1 width=0)
   ->  Index Scan using index_listings_on_id_and_user_id_and_title on listings  (cost=0.00..1615.79 rows=4 width=0)
         Index Cond: (user_id = 25310)
[0m
  [4;36;1mSQL (170.0ms)[0m   [0;1mSELECT count(*) AS count_all FROM "impressions" WHERE ("impressions".listing_id = 113046) [0m
  [4;35;1mAnalyzing  Execution Time: 0.170334

[0m   [0mAggregate  (cost=12714.08..12714.09 rows=1 width=0)
   ->  Seq Scan on impressions  (cost=0.00..12714.00 rows=31 width=0)
         Filter: (listing_id = 113046)
[0m
  [4;36;1mSQL (10.9ms)[0m   [0;1mSELECT count(*) AS count_all FROM "clicks" WHERE ("clicks".listing_id = 113046) [0m
  [4;35;1mAnalyzing  Execution Time: 0.011239

[0m   [0mAggregate  (cost=814.47..814.48 rows=1 width=0)
   ->  Seq Scan on clicks  (cost=0.00..814.46 rows=2 width=0)
         Filter: (listing_id = 113046)
[0m
  [4;36;1mSQL (3.5ms)[0m   [0;1mSELECT count(*) AS count_all FROM "listings" WHERE ("listings".user_id = 25308) [0m
  [4;35;1mAnalyzing  Execution Time: 0.003745

[0m   [0mAggregate  (cost=1615.81..1615.82 rows=1 width=0)
   ->  Index Scan using index_listings_on_id_and_user_id_and_title on listings  (cost=0.00..1615.79 rows=4 width=0)
         Index Cond: (user_id = 25308)
[0m
  [4;36;1mSQL (170.2ms)[0m   [0;1mSELECT count(*) AS count_all FROM "impressions" WHERE ("impressions".listing_id = 67767) [0m
  [4;35;1mAnalyzing  Execution Time: 0.170507

[0m   [0mAggregate  (cost=12714.08..12714.09 rows=1 width=0)
   ->  Seq Scan on impressions  (cost=0.00..12714.00 rows=31 width=0)
         Filter: (listing_id = 67767)
[0m
  [4;36;1mSQL (9.3ms)[0m   [0;1mSELECT count(*) AS count_all FROM "clicks" WHERE ("clicks".listing_id = 67767) [0m
  [4;35;1mAnalyzing  Execution Time: 0.009618

[0m   [0mAggregate  (cost=814.47..814.48 rows=1 width=0)
   ->  Seq Scan on clicks  (cost=0.00..814.46 rows=2 width=0)
         Filter: (listing_id = 67767)
[0m
  [4;36;1mSQL (2.0ms)[0m   [0;1mSELECT count(*) AS count_all FROM "listings" WHERE ("listings".user_id = 25307) [0m
  [4;35;1mAnalyzing  Execution Time: 0.002287

[0m   [0mAggregate  (cost=1615.81..1615.82 rows=1 width=0)
   ->  Index Scan using index_listings_on_id_and_user_id_and_title on listings  (cost=0.00..1615.79 rows=4 width=0)
         Index Cond: (user_id = 25307)
[0m
  [4;36;1mSQL (172.7ms)[0m   [0;1mSELECT count(*) AS count_all FROM "impressions" WHERE ("impressions".listing_id = 105083) [0m
  [4;35;1mAnalyzing  Execution Time: 0.173099

[0m   [0mAggregate  (cost=12714.08..12714.09 rows=1 width=0)
   ->  Seq Scan on impressions  (cost=0.00..12714.00 rows=31 width=0)
         Filter: (listing_id = 105083)
[0m
  [4;36;1mSQL (11.6ms)[0m   [0;1mSELECT count(*) AS count_all FROM "clicks" WHERE ("clicks".listing_id = 105083) [0m
  [4;35;1mAnalyzing  Execution Time: 0.011865

[0m   [0mAggregate  (cost=814.47..814.48 rows=1 width=0)
   ->  Seq Scan on clicks  (cost=0.00..814.46 rows=2 width=0)
         Filter: (listing_id = 105083)
[0m
  [4;36;1mSQL (2.1ms)[0m   [0;1mSELECT count(*) AS count_all FROM "listings" WHERE ("listings".user_id = 25306) [0m
  [4;35;1mAnalyzing  Execution Time: 0.002352

[0m   [0mAggregate  (cost=1615.81..1615.82 rows=1 width=0)
   ->  Index Scan using index_listings_on_id_and_user_id_and_title on listings  (cost=0.00..1615.79 rows=4 width=0)
         Index Cond: (user_id = 25306)
[0m
  [4;36;1mSQL (166.7ms)[0m   [0;1mSELECT count(*) AS count_all FROM "impressions" WHERE ("impressions".listing_id = 113044) [0m
  [4;35;1mAnalyzing  Execution Time: 0.16697

[0m   [0mAggregate  (cost=12714.08..12714.09 rows=1 width=0)
   ->  Seq Scan on impressions  (cost=0.00..12714.00 rows=31 width=0)
         Filter: (listing_id = 113044)
[0m
  [4;36;1mSQL (9.2ms)[0m   [0;1mSELECT count(*) AS count_all FROM "clicks" WHERE ("clicks".listing_id = 113044) [0m
  [4;35;1mAnalyzing  Execution Time: 0.00953

[0m   [0mAggregate  (cost=814.47..814.48 rows=1 width=0)
   ->  Seq Scan on clicks  (cost=0.00..814.46 rows=2 width=0)
         Filter: (listing_id = 113044)
[0m
  [4;36;1mSQL (2.5ms)[0m   [0;1mSELECT count(*) AS count_all FROM "listings" WHERE ("listings".user_id = 25305) [0m
  [4;35;1mAnalyzing  Execution Time: 0.00278

[0m   [0mAggregate  (cost=1615.81..1615.82 rows=1 width=0)
   ->  Index Scan using index_listings_on_id_and_user_id_and_title on listings  (cost=0.00..1615.79 rows=4 width=0)
         Index Cond: (user_id = 25305)
[0m
  [4;36;1mSQL (172.3ms)[0m   [0;1mSELECT count(*) AS count_all FROM "impressions" WHERE ("impressions".listing_id = 68692) [0m
  [4;35;1mAnalyzing  Execution Time: 0.172538

[0m   [0mAggregate  (cost=12714.08..12714.09 rows=1 width=0)
   ->  Seq Scan on impressions  (cost=0.00..12714.00 rows=31 width=0)
         Filter: (listing_id = 68692)
[0m
  [4;36;1mSQL (8.7ms)[0m   [0;1mSELECT count(*) AS count_all FROM "clicks" WHERE ("clicks".listing_id = 68692) [0m
  [4;35;1mAnalyzing  Execution Time: 0.008977

[0m   [0mAggregate  (cost=814.47..814.48 rows=1 width=0)
   ->  Seq Scan on clicks  (cost=0.00..814.46 rows=2 width=0)
         Filter: (listing_id = 68692)
[0m
  [4;36;1mSQL (3.1ms)[0m   [0;1mSELECT count(*) AS count_all FROM "listings" WHERE ("listings".user_id = 25303) [0m
  [4;35;1mAnalyzing  Execution Time: 0.00383

[0m   [0mAggregate  (cost=1615.81..1615.82 rows=1 width=0)
   ->  Index Scan using index_listings_on_id_and_user_id_and_title on listings  (cost=0.00..1615.79 rows=4 width=0)
         Index Cond: (user_id = 25303)
[0m
  [4;36;1mSQL (172.6ms)[0m   [0;1mSELECT count(*) AS count_all FROM "impressions" WHERE ("impressions".listing_id = 113042) [0m
  [4;35;1mAnalyzing  Execution Time: 0.172926

[0m   [0mAggregate  (cost=12714.08..12714.09 rows=1 width=0)
   ->  Seq Scan on impressions  (cost=0.00..12714.00 rows=31 width=0)
         Filter: (listing_id = 113042)
[0m
  [4;36;1mSQL (10.4ms)[0m   [0;1mSELECT count(*) AS count_all FROM "clicks" WHERE ("clicks".listing_id = 113042) [0m
  [4;35;1mAnalyzing  Execution Time: 0.010639

[0m   [0mAggregate  (cost=814.47..814.48 rows=1 width=0)
   ->  Seq Scan on clicks  (cost=0.00..814.46 rows=2 width=0)
         Filter: (listing_id = 113042)
[0m
  [4;36;1mSQL (2.0ms)[0m   [0;1mSELECT count(*) AS count_all FROM "listings" WHERE ("listings".user_id = 25302) [0m
  [4;35;1mAnalyzing  Execution Time: 0.002226

[0m   [0mAggregate  (cost=1615.81..1615.82 rows=1 width=0)
   ->  Index Scan using index_listings_on_id_and_user_id_and_title on listings  (cost=0.00..1615.79 rows=4 width=0)
         Index Cond: (user_id = 25302)
[0m
  [4;36;1mSQL (185.4ms)[0m   [0;1mSELECT count(*) AS count_all FROM "impressions" WHERE ("impressions".listing_id = 83308) [0m
  [4;35;1mAnalyzing  Execution Time: 0.185726

[0m   [0mAggregate  (cost=12714.08..12714.09 rows=1 width=0)
   ->  Seq Scan on impressions  (cost=0.00..12714.00 rows=31 width=0)
         Filter: (listing_id = 83308)
[0m
  [4;36;1mSQL (8.7ms)[0m   [0;1mSELECT count(*) AS count_all FROM "clicks" WHERE ("clicks".listing_id = 83308) [0m
  [4;35;1mAnalyzing  Execution Time: 0.00902

[0m   [0mAggregate  (cost=814.47..814.48 rows=1 width=0)
   ->  Seq Scan on clicks  (cost=0.00..814.46 rows=2 width=0)
         Filter: (listing_id = 83308)
[0m
  [4;36;1mSQL (2.4ms)[0m   [0;1mSELECT count(*) AS count_all FROM "listings" WHERE ("listings".user_id = 25297) [0m
  [4;35;1mAnalyzing  Execution Time: 0.00272

[0m   [0mAggregate  (cost=1615.81..1615.82 rows=1 width=0)
   ->  Index Scan using index_listings_on_id_and_user_id_and_title on listings  (cost=0.00..1615.79 rows=4 width=0)
         Index Cond: (user_id = 25297)
[0m
  [4;36;1mSQL (168.8ms)[0m   [0;1mSELECT count(*) AS count_all FROM "impressions" WHERE ("impressions".listing_id = 82633) [0m
  [4;35;1mAnalyzing  Execution Time: 0.169159

[0m   [0mAggregate  (cost=12714.08..12714.09 rows=1 width=0)
   ->  Seq Scan on impressions  (cost=0.00..12714.00 rows=31 width=0)
         Filter: (listing_id = 82633)
[0m
  [4;36;1mSQL (12.3ms)[0m   [0;1mSELECT count(*) AS count_all FROM "clicks" WHERE ("clicks".listing_id = 82633) [0m
  [4;35;1mAnalyzing  Execution Time: 0.012606

[0m   [0mAggregate  (cost=814.47..814.48 rows=1 width=0)
   ->  Seq Scan on clicks  (cost=0.00..814.46 rows=2 width=0)
         Filter: (listing_id = 82633)
[0m
  [4;36;1mSQL (2.1ms)[0m   [0;1mSELECT count(*) AS count_all FROM "listings" WHERE ("listings".user_id = 25294) [0m
  [4;35;1mAnalyzing  Execution Time: 0.002469

[0m   [0mAggregate  (cost=1615.81..1615.82 rows=1 width=0)
   ->  Index Scan using index_listings_on_id_and_user_id_and_title on listings  (cost=0.00..1615.79 rows=4 width=0)
         Index Cond: (user_id = 25294)
[0m
  [4;36;1mSQL (159.8ms)[0m   [0;1mSELECT count(*) AS count_all FROM "impressions" WHERE ("impressions".listing_id = 113039) [0m
  [4;35;1mAnalyzing  Execution Time: 0.160063

[0m   [0mAggregate  (cost=12714.08..12714.09 rows=1 width=0)
   ->  Seq Scan on impressions  (cost=0.00..12714.00 rows=31 width=0)
         Filter: (listing_id = 113039)
[0m
  [4;36;1mSQL (9.1ms)[0m   [0;1mSELECT count(*) AS count_all FROM "clicks" WHERE ("clicks".listing_id = 113039) [0m
  [4;35;1mAnalyzing  Execution Time: 0.009417

[0m   [0mAggregate  (cost=814.47..814.48 rows=1 width=0)
   ->  Seq Scan on clicks  (cost=0.00..814.46 rows=2 width=0)
         Filter: (listing_id = 113039)
[0m
  [4;36;1mSQL (3.4ms)[0m   [0;1mSELECT count(*) AS count_all FROM "listings" WHERE ("listings".user_id = 25293) [0m
  [4;35;1mAnalyzing  Execution Time: 0.003672

[0m   [0mAggregate  (cost=1615.81..1615.82 rows=1 width=0)
   ->  Index Scan using index_listings_on_id_and_user_id_and_title on listings  (cost=0.00..1615.79 rows=4 width=0)
         Index Cond: (user_id = 25293)
[0m
  [4;36;1mSQL (164.5ms)[0m   [0;1mSELECT count(*) AS count_all FROM "impressions" WHERE ("impressions".listing_id = 113038) [0m
  [4;35;1mAnalyzing  Execution Time: 0.164815

[0m   [0mAggregate  (cost=12714.08..12714.09 rows=1 width=0)
   ->  Seq Scan on impressions  (cost=0.00..12714.00 rows=31 width=0)
         Filter: (listing_id = 113038)
[0m
  [4;36;1mSQL (10.7ms)[0m   [0;1mSELECT count(*) AS count_all FROM "clicks" WHERE ("clicks".listing_id = 113038) [0m
  [4;35;1mAnalyzing  Execution Time: 0.011004

[0m   [0mAggregate  (cost=814.47..814.48 rows=1 width=0)
   ->  Seq Scan on clicks  (cost=0.00..814.46 rows=2 width=0)
         Filter: (listing_id = 113038)
[0m
  [4;36;1mSQL (2.0ms)[0m   [0;1mSELECT count(*) AS count_all FROM "listings" WHERE ("listings".user_id = 25292) [0m
  [4;35;1mAnalyzing  Execution Time: 0.002298

[0m   [0mAggregate  (cost=1615.81..1615.82 rows=1 width=0)
   ->  Index Scan using index_listings_on_id_and_user_id_and_title on listings  (cost=0.00..1615.79 rows=4 width=0)
         Index Cond: (user_id = 25292)
[0m
  [4;36;1mSQL (162.2ms)[0m   [0;1mSELECT count(*) AS count_all FROM "impressions" WHERE ("impressions".listing_id = 90101) [0m
  [4;35;1mAnalyzing  Execution Time: 0.162523

[0m   [0mAggregate  (cost=12714.08..12714.09 rows=1 width=0)
   ->  Seq Scan on impressions  (cost=0.00..12714.00 rows=31 width=0)
         Filter: (listing_id = 90101)
[0m
  [4;36;1mSQL (10.1ms)[0m   [0;1mSELECT count(*) AS count_all FROM "clicks" WHERE ("clicks".listing_id = 90101) [0m
  [4;35;1mAnalyzing  Execution Time: 0.010695

[0m   [0mAggregate  (cost=814.49..814.50 rows=1 width=0)
   ->  Seq Scan on clicks  (cost=0.00..814.46 rows=10 width=0)
         Filter: (listing_id = 90101)
[0m
  [4;36;1mSQL (2.5ms)[0m   [0;1mSELECT count(*) AS count_all FROM "listings" WHERE ("listings".user_id = 25291) [0m
  [4;35;1mAnalyzing  Execution Time: 0.002789

[0m   [0mAggregate  (cost=1615.81..1615.82 rows=1 width=0)
   ->  Index Scan using index_listings_on_id_and_user_id_and_title on listings  (cost=0.00..1615.79 rows=4 width=0)
         Index Cond: (user_id = 25291)
[0m
  [4;36;1mSQL (168.5ms)[0m   [0;1mSELECT count(*) AS count_all FROM "impressions" WHERE ("impressions".listing_id = 66214) [0m
  [4;35;1mAnalyzing  Execution Time: 0.16881

[0m   [0mAggregate  (cost=12714.08..12714.09 rows=1 width=0)
   ->  Seq Scan on impressions  (cost=0.00..12714.00 rows=31 width=0)
         Filter: (listing_id = 66214)
[0m
  [4;36;1mSQL (9.8ms)[0m   [0;1mSELECT count(*) AS count_all FROM "clicks" WHERE ("clicks".listing_id = 66214) [0m
  [4;35;1mAnalyzing  Execution Time: 0.010061

[0m   [0mAggregate  (cost=814.47..814.48 rows=1 width=0)
   ->  Seq Scan on clicks  (cost=0.00..814.46 rows=2 width=0)
         Filter: (listing_id = 66214)
[0m
  [4;36;1mSQL (2.1ms)[0m   [0;1mSELECT count(*) AS count_all FROM "listings" WHERE ("listings".user_id = 25290) [0m
  [4;35;1mAnalyzing  Execution Time: 0.002417

[0m   [0mAggregate  (cost=1615.81..1615.82 rows=1 width=0)
   ->  Index Scan using index_listings_on_id_and_user_id_and_title on listings  (cost=0.00..1615.79 rows=4 width=0)
         Index Cond: (user_id = 25290)
[0m
  [4;36;1mSQL (158.6ms)[0m   [0;1mSELECT count(*) AS count_all FROM "impressions" WHERE ("impressions".listing_id = 74712) [0m
  [4;35;1mAnalyzing  Execution Time: 0.158919

[0m   [0mAggregate  (cost=12714.08..12714.09 rows=1 width=0)
   ->  Seq Scan on impressions  (cost=0.00..12714.00 rows=31 width=0)
         Filter: (listing_id = 74712)
[0m
  [4;36;1mSQL (147.9ms)[0m   [0;1mSELECT count(*) AS count_all FROM "impressions" WHERE ("impressions".listing_id = 105962) [0m
  [4;35;1mAnalyzing  Execution Time: 0.148176

[0m   [0mAggregate  (cost=12714.08..12714.09 rows=1 width=0)
   ->  Seq Scan on impressions  (cost=0.00..12714.00 rows=31 width=0)
         Filter: (listing_id = 105962)
[0m
  [4;36;1mSQL (153.9ms)[0m   [0;1mSELECT count(*) AS count_all FROM "impressions" WHERE ("impressions".listing_id = 105964) [0m
  [4;35;1mAnalyzing  Execution Time: 0.154152

[0m   [0mAggregate  (cost=12714.08..12714.09 rows=1 width=0)
   ->  Seq Scan on impressions  (cost=0.00..12714.00 rows=31 width=0)
         Filter: (listing_id = 105964)
[0m
  [4;36;1mSQL (167.3ms)[0m   [0;1mSELECT count(*) AS count_all FROM "impressions" WHERE ("impressions".listing_id = 105965) [0m
  [4;35;1mAnalyzing  Execution Time: 0.167547

[0m   [0mAggregate  (cost=12714.08..12714.09 rows=1 width=0)
   ->  Seq Scan on impressions  (cost=0.00..12714.00 rows=31 width=0)
         Filter: (listing_id = 105965)
[0m
  [4;36;1mSQL (10.3ms)[0m   [0;1mSELECT count(*) AS count_all FROM "clicks" WHERE ("clicks".listing_id = 74712) [0m
  [4;35;1mAnalyzing  Execution Time: 0.010659

[0m   [0mAggregate  (cost=814.47..814.48 rows=1 width=0)
   ->  Seq Scan on clicks  (cost=0.00..814.46 rows=2 width=0)
         Filter: (listing_id = 74712)
[0m
  [4;36;1mSQL (12.6ms)[0m   [0;1mSELECT count(*) AS count_all FROM "clicks" WHERE ("clicks".listing_id = 105962) [0m
  [4;35;1mAnalyzing  Execution Time: 0.012887

[0m   [0mAggregate  (cost=814.47..814.48 rows=1 width=0)
   ->  Seq Scan on clicks  (cost=0.00..814.46 rows=2 width=0)
         Filter: (listing_id = 105962)
[0m
  [4;36;1mSQL (8.5ms)[0m   [0;1mSELECT count(*) AS count_all FROM "clicks" WHERE ("clicks".listing_id = 105964) [0m
  [4;35;1mAnalyzing  Execution Time: 0.008732

[0m   [0mAggregate  (cost=814.47..814.48 rows=1 width=0)
   ->  Seq Scan on clicks  (cost=0.00..814.46 rows=2 width=0)
         Filter: (listing_id = 105964)
[0m
  [4;36;1mSQL (9.6ms)[0m   [0;1mSELECT count(*) AS count_all FROM "clicks" WHERE ("clicks".listing_id = 105965) [0m
  [4;35;1mAnalyzing  Execution Time: 0.009859

[0m   [0mAggregate  (cost=814.47..814.48 rows=1 width=0)
   ->  Seq Scan on clicks  (cost=0.00..814.46 rows=2 width=0)
         Filter: (listing_id = 105965)
[0m
  [4;36;1mSQL (6.1ms)[0m   [0;1mSELECT count(*) AS count_all FROM "listings" WHERE ("listings".user_id = 25289) [0m
  [4;35;1mAnalyzing  Execution Time: 0.006361

[0m   [0mAggregate  (cost=1615.81..1615.82 rows=1 width=0)
   ->  Index Scan using index_listings_on_id_and_user_id_and_title on listings  (cost=0.00..1615.79 rows=4 width=0)
         Index Cond: (user_id = 25289)
[0m
  [4;36;1mSQL (160.8ms)[0m   [0;1mSELECT count(*) AS count_all FROM "impressions" WHERE ("impressions".listing_id = 113037) [0m
  [4;35;1mAnalyzing  Execution Time: 0.161454

[0m   [0mAggregate  (cost=12717.17..12717.18 rows=1 width=0)
   ->  Seq Scan on impressions  (cost=0.00..12714.00 rows=1267 width=0)
         Filter: (listing_id = 113037)
[0m
  [4;36;1mSQL (9.3ms)[0m   [0;1mSELECT count(*) AS count_all FROM "clicks" WHERE ("clicks".listing_id = 113037) [0m
  [4;35;1mAnalyzing  Execution Time: 0.009623

[0m   [0mAggregate  (cost=814.50..814.51 rows=1 width=0)
   ->  Seq Scan on clicks  (cost=0.00..814.46 rows=13 width=0)
         Filter: (listing_id = 113037)
[0m
  [4;36;1mSQL (2.3ms)[0m   [0;1mSELECT count(*) AS count_all FROM "listings" WHERE ("listings".user_id = 25271) [0m
  [4;35;1mAnalyzing  Execution Time: 0.002627

[0m   [0mAggregate  (cost=1615.81..1615.82 rows=1 width=0)
   ->  Index Scan using index_listings_on_id_and_user_id_and_title on listings  (cost=0.00..1615.79 rows=4 width=0)
         Index Cond: (user_id = 25271)
[0m
  [4;36;1mSQL (172.6ms)[0m   [0;1mSELECT count(*) AS count_all FROM "impressions" WHERE ("impressions".listing_id = 113022) [0m
  [4;35;1mAnalyzing  Execution Time: 0.17308

[0m   [0mAggregate  (cost=12723.85..12723.86 rows=1 width=0)
   ->  Seq Scan on impressions  (cost=0.00..12714.00 rows=3941 width=0)
         Filter: (listing_id = 113022)
[0m
  [4;36;1mSQL (10.4ms)[0m   [0;1mSELECT count(*) AS count_all FROM "clicks" WHERE ("clicks".listing_id = 113022) [0m
  [4;35;1mAnalyzing  Execution Time: 0.010706

[0m   [0mAggregate  (cost=814.60..814.61 rows=1 width=0)
   ->  Seq Scan on clicks  (cost=0.00..814.46 rows=53 width=0)
         Filter: (listing_id = 113022)
[0m
  [4;36;1mSQL (2.8ms)[0m   [0;1mSELECT count(*) AS count_all FROM "listings" WHERE ("listings".user_id = 25270) [0m
  [4;35;1mAnalyzing  Execution Time: 0.003085

[0m   [0mAggregate  (cost=1615.81..1615.82 rows=1 width=0)
   ->  Index Scan using index_listings_on_id_and_user_id_and_title on listings  (cost=0.00..1615.79 rows=4 width=0)
         Index Cond: (user_id = 25270)
[0m
  [4;36;1mSQL (163.2ms)[0m   [0;1mSELECT count(*) AS count_all FROM "impressions" WHERE ("impressions".listing_id = 86230) [0m
  [4;35;1mAnalyzing  Execution Time: 0.163466

[0m   [0mAggregate  (cost=12723.16..12723.17 rows=1 width=0)
   ->  Seq Scan on impressions  (cost=0.00..12714.00 rows=3662 width=0)
         Filter: (listing_id = 86230)
[0m
  [4;36;1mSQL (12.7ms)[0m   [0;1mSELECT count(*) AS count_all FROM "clicks" WHERE ("clicks".listing_id = 86230) [0m
  [4;35;1mAnalyzing  Execution Time: 0.013008

[0m   [0mAggregate  (cost=814.53..814.54 rows=1 width=0)
   ->  Seq Scan on clicks  (cost=0.00..814.46 rows=27 width=0)
         Filter: (listing_id = 86230)
[0m
  [4;36;1mSQL (2.5ms)[0m   [0;1mSELECT count(*) AS count_all FROM "listings" WHERE ("listings".user_id = 25267) [0m
  [4;35;1mAnalyzing  Execution Time: 0.002798

[0m   [0mAggregate  (cost=1615.81..1615.82 rows=1 width=0)
   ->  Index Scan using index_listings_on_id_and_user_id_and_title on listings  (cost=0.00..1615.79 rows=4 width=0)
         Index Cond: (user_id = 25267)
[0m
  [4;36;1mSQL (164.2ms)[0m   [0;1mSELECT count(*) AS count_all FROM "impressions" WHERE ("impressions".listing_id = 87237) [0m
  [4;35;1mAnalyzing  Execution Time: 0.164433

[0m   [0mAggregate  (cost=12714.08..12714.09 rows=1 width=0)
   ->  Seq Scan on impressions  (cost=0.00..12714.00 rows=31 width=0)
         Filter: (listing_id = 87237)
[0m
  [4;36;1mSQL (8.5ms)[0m   [0;1mSELECT count(*) AS count_all FROM "clicks" WHERE ("clicks".listing_id = 87237) [0m
  [4;35;1mAnalyzing  Execution Time: 0.008814

[0m   [0mAggregate  (cost=814.47..814.48 rows=1 width=0)
   ->  Seq Scan on clicks  (cost=0.00..814.46 rows=2 width=0)
         Filter: (listing_id = 87237)
[0m
  [4;36;1mSQL (2.1ms)[0m   [0;1mSELECT count(*) AS count_all FROM "listings" WHERE ("listings".user_id = 25266) [0m
  [4;35;1mAnalyzing  Execution Time: 0.002351

[0m   [0mAggregate  (cost=1615.81..1615.82 rows=1 width=0)
   ->  Index Scan using index_listings_on_id_and_user_id_and_title on listings  (cost=0.00..1615.79 rows=4 width=0)
         Index Cond: (user_id = 25266)
[0m
  [4;36;1mSQL (165.2ms)[0m   [0;1mSELECT count(*) AS count_all FROM "impressions" WHERE ("impressions".listing_id = 113019) [0m
  [4;35;1mAnalyzing  Execution Time: 0.16601

[0m   [0mAggregate  (cost=12714.08..12714.09 rows=1 width=0)
   ->  Seq Scan on impressions  (cost=0.00..12714.00 rows=31 width=0)
         Filter: (listing_id = 113019)
[0m
  [4;36;1mSQL (168.8ms)[0m   [0;1mSELECT count(*) AS count_all FROM "impressions" WHERE ("impressions".listing_id = 113067) [0m
  [4;35;1mAnalyzing  Execution Time: 0.16905

[0m   [0mAggregate  (cost=12714.08..12714.09 rows=1 width=0)
   ->  Seq Scan on impressions  (cost=0.00..12714.00 rows=31 width=0)
         Filter: (listing_id = 113067)
[0m
  [4;36;1mSQL (159.3ms)[0m   [0;1mSELECT count(*) AS count_all FROM "impressions" WHERE ("impressions".listing_id = 113068) [0m
  [4;35;1mAnalyzing  Execution Time: 0.15964

[0m   [0mAggregate  (cost=12714.08..12714.09 rows=1 width=0)
   ->  Seq Scan on impressions  (cost=0.00..12714.00 rows=31 width=0)
         Filter: (listing_id = 113068)
[0m
  [4;36;1mSQL (9.7ms)[0m   [0;1mSELECT count(*) AS count_all FROM "clicks" WHERE ("clicks".listing_id = 113019) [0m
  [4;35;1mAnalyzing  Execution Time: 0.010021

[0m   [0mAggregate  (cost=814.47..814.48 rows=1 width=0)
   ->  Seq Scan on clicks  (cost=0.00..814.46 rows=2 width=0)
         Filter: (listing_id = 113019)
[0m
  [4;36;1mSQL (12.1ms)[0m   [0;1mSELECT count(*) AS count_all FROM "clicks" WHERE ("clicks".listing_id = 113067) [0m
  [4;35;1mAnalyzing  Execution Time: 0.012337

[0m   [0mAggregate  (cost=814.47..814.48 rows=1 width=0)
   ->  Seq Scan on clicks  (cost=0.00..814.46 rows=2 width=0)
         Filter: (listing_id = 113067)
[0m
  [4;36;1mSQL (9.5ms)[0m   [0;1mSELECT count(*) AS count_all FROM "clicks" WHERE ("clicks".listing_id = 113068) [0m
  [4;35;1mAnalyzing  Execution Time: 0.009806

[0m   [0mAggregate  (cost=814.47..814.48 rows=1 width=0)
   ->  Seq Scan on clicks  (cost=0.00..814.46 rows=2 width=0)
         Filter: (listing_id = 113068)
[0m
  [4;36;1mSQL (5.2ms)[0m   [0;1mSELECT count(*) AS count_all FROM "listings" WHERE ("listings".user_id = 25265) [0m
  [4;35;1mAnalyzing  Execution Time: 0.005493

[0m   [0mAggregate  (cost=1615.81..1615.82 rows=1 width=0)
   ->  Index Scan using index_listings_on_id_and_user_id_and_title on listings  (cost=0.00..1615.79 rows=4 width=0)
         Index Cond: (user_id = 25265)
[0m
  [4;36;1mSQL (164.4ms)[0m   [0;1mSELECT count(*) AS count_all FROM "impressions" WHERE ("impressions".listing_id = 73326) [0m
  [4;35;1mAnalyzing  Execution Time: 0.164688

[0m   [0mAggregate  (cost=12714.08..12714.09 rows=1 width=0)
   ->  Seq Scan on impressions  (cost=0.00..12714.00 rows=31 width=0)
         Filter: (listing_id = 73326)
[0m
  [4;36;1mSQL (159.4ms)[0m   [0;1mSELECT count(*) AS count_all FROM "impressions" WHERE ("impressions".listing_id = 88124) [0m
  [4;35;1mAnalyzing  Execution Time: 0.159707

[0m   [0mAggregate  (cost=12714.08..12714.09 rows=1 width=0)
   ->  Seq Scan on impressions  (cost=0.00..12714.00 rows=31 width=0)
         Filter: (listing_id = 88124)
[0m
  [4;36;1mSQL (161.8ms)[0m   [0;1mSELECT count(*) AS count_all FROM "impressions" WHERE ("impressions".listing_id = 88125) [0m
  [4;35;1mAnalyzing  Execution Time: 0.162111

[0m   [0mAggregate  (cost=12714.08..12714.09 rows=1 width=0)
   ->  Seq Scan on impressions  (cost=0.00..12714.00 rows=31 width=0)
         Filter: (listing_id = 88125)
[0m
  [4;36;1mSQL (164.1ms)[0m   [0;1mSELECT count(*) AS count_all FROM "impressions" WHERE ("impressions".listing_id = 113017) [0m
  [4;35;1mAnalyzing  Execution Time: 0.164413

[0m   [0mAggregate  (cost=12714.08..12714.09 rows=1 width=0)
   ->  Seq Scan on impressions  (cost=0.00..12714.00 rows=31 width=0)
         Filter: (listing_id = 113017)
[0m
  [4;36;1mSQL (166.8ms)[0m   [0;1mSELECT count(*) AS count_all FROM "impressions" WHERE ("impressions".listing_id = 113018) [0m
  [4;35;1mAnalyzing  Execution Time: 0.167105

[0m   [0mAggregate  (cost=12714.08..12714.09 rows=1 width=0)
   ->  Seq Scan on impressions  (cost=0.00..12714.00 rows=31 width=0)
         Filter: (listing_id = 113018)
[0m
  [4;36;1mSQL (10.9ms)[0m   [0;1mSELECT count(*) AS count_all FROM "clicks" WHERE ("clicks".listing_id = 73326) [0m
  [4;35;1mAnalyzing  Execution Time: 0.011201

[0m   [0mAggregate  (cost=814.47..814.48 rows=1 width=0)
   ->  Seq Scan on clicks  (cost=0.00..814.46 rows=2 width=0)
         Filter: (listing_id = 73326)
[0m
  [4;36;1mSQL (8.4ms)[0m   [0;1mSELECT count(*) AS count_all FROM "clicks" WHERE ("clicks".listing_id = 88124) [0m
  [4;35;1mAnalyzing  Execution Time: 0.008704

[0m   [0mAggregate  (cost=814.47..814.48 rows=1 width=0)
   ->  Seq Scan on clicks  (cost=0.00..814.46 rows=2 width=0)
         Filter: (listing_id = 88124)
[0m
  [4;36;1mSQL (25.0ms)[0m   [0;1mSELECT count(*) AS count_all FROM "clicks" WHERE ("clicks".listing_id = 88125) [0m
  [4;35;1mAnalyzing  Execution Time: 0.025278

[0m   [0mAggregate  (cost=814.47..814.48 rows=1 width=0)
   ->  Seq Scan on clicks  (cost=0.00..814.46 rows=2 width=0)
         Filter: (listing_id = 88125)
[0m
  [4;36;1mSQL (10.9ms)[0m   [0;1mSELECT count(*) AS count_all FROM "clicks" WHERE ("clicks".listing_id = 113017) [0m
  [4;35;1mAnalyzing  Execution Time: 0.011148

[0m   [0mAggregate  (cost=814.47..814.48 rows=1 width=0)
   ->  Seq Scan on clicks  (cost=0.00..814.46 rows=2 width=0)
         Filter: (listing_id = 113017)
[0m
  [4;36;1mSQL (12.0ms)[0m   [0;1mSELECT count(*) AS count_all FROM "clicks" WHERE ("clicks".listing_id = 113018) [0m
  [4;35;1mAnalyzing  Execution Time: 0.012335

[0m   [0mAggregate  (cost=814.47..814.48 rows=1 width=0)
   ->  Seq Scan on clicks  (cost=0.00..814.46 rows=2 width=0)
         Filter: (listing_id = 113018)
[0m
  [4;36;1mSQL (4.5ms)[0m   [0;1mSELECT count(*) AS count_all FROM "listings" WHERE ("listings".user_id = 25264) [0m
  [4;35;1mAnalyzing  Execution Time: 0.004764

[0m   [0mAggregate  (cost=1615.81..1615.82 rows=1 width=0)
   ->  Index Scan using index_listings_on_id_and_user_id_and_title on listings  (cost=0.00..1615.79 rows=4 width=0)
         Index Cond: (user_id = 25264)
[0m
  [4;36;1mSQL (166.7ms)[0m   [0;1mSELECT count(*) AS count_all FROM "impressions" WHERE ("impressions".listing_id = 81941) [0m
  [4;35;1mAnalyzing  Execution Time: 0.166979

[0m   [0mAggregate  (cost=12714.08..12714.09 rows=1 width=0)
   ->  Seq Scan on impressions  (cost=0.00..12714.00 rows=31 width=0)
         Filter: (listing_id = 81941)
[0m
  [4;36;1mSQL (10.1ms)[0m   [0;1mSELECT count(*) AS count_all FROM "clicks" WHERE ("clicks".listing_id = 81941) [0m
  [4;35;1mAnalyzing  Execution Time: 0.010369

[0m   [0mAggregate  (cost=814.49..814.50 rows=1 width=0)
   ->  Seq Scan on clicks  (cost=0.00..814.46 rows=10 width=0)
         Filter: (listing_id = 81941)
[0m
  [4;36;1mSQL (4.2ms)[0m   [0;1mSELECT count(*) AS count_all FROM "listings" WHERE ("listings".user_id = 25263) [0m
  [4;35;1mAnalyzing  Execution Time: 0.0045

[0m   [0mAggregate  (cost=1615.81..1615.82 rows=1 width=0)
   ->  Index Scan using index_listings_on_id_and_user_id_and_title on listings  (cost=0.00..1615.79 rows=4 width=0)
         Index Cond: (user_id = 25263)
[0m
  [4;36;1mSQL (166.4ms)[0m   [0;1mSELECT count(*) AS count_all FROM "impressions" WHERE ("impressions".listing_id = 67489) [0m
  [4;35;1mAnalyzing  Execution Time: 0.16667

[0m   [0mAggregate  (cost=12714.08..12714.09 rows=1 width=0)
   ->  Seq Scan on impressions  (cost=0.00..12714.00 rows=31 width=0)
         Filter: (listing_id = 67489)
[0m
  [4;36;1mSQL (8.7ms)[0m   [0;1mSELECT count(*) AS count_all FROM "clicks" WHERE ("clicks".listing_id = 67489) [0m
  [4;35;1mAnalyzing  Execution Time: 0.009043

[0m   [0mAggregate  (cost=814.47..814.48 rows=1 width=0)
   ->  Seq Scan on clicks  (cost=0.00..814.46 rows=2 width=0)
         Filter: (listing_id = 67489)
[0m
  [4;36;1mSQL (2.5ms)[0m   [0;1mSELECT count(*) AS count_all FROM "listings" WHERE ("listings".user_id = 25262) [0m
  [4;35;1mAnalyzing  Execution Time: 0.002788

[0m   [0mAggregate  (cost=1615.81..1615.82 rows=1 width=0)
   ->  Index Scan using index_listings_on_id_and_user_id_and_title on listings  (cost=0.00..1615.79 rows=4 width=0)
         Index Cond: (user_id = 25262)
[0m
  [4;36;1mSQL (170.6ms)[0m   [0;1mSELECT count(*) AS count_all FROM "impressions" WHERE ("impressions".listing_id = 113016) [0m
  [4;35;1mAnalyzing  Execution Time: 0.170869

[0m   [0mAggregate  (cost=12714.08..12714.09 rows=1 width=0)
   ->  Seq Scan on impressions  (cost=0.00..12714.00 rows=31 width=0)
         Filter: (listing_id = 113016)
[0m
  [4;36;1mSQL (10.6ms)[0m   [0;1mSELECT count(*) AS count_all FROM "clicks" WHERE ("clicks".listing_id = 113016) [0m
  [4;35;1mAnalyzing  Execution Time: 0.010833

[0m   [0mAggregate  (cost=814.47..814.48 rows=1 width=0)
   ->  Seq Scan on clicks  (cost=0.00..814.46 rows=2 width=0)
         Filter: (listing_id = 113016)
[0m
  [4;36;1mSQL (2.1ms)[0m   [0;1mSELECT count(*) AS count_all FROM "listings" WHERE ("listings".user_id = 25261) [0m
  [4;35;1mAnalyzing  Execution Time: 0.00231

[0m   [0mAggregate  (cost=1615.81..1615.82 rows=1 width=0)
   ->  Index Scan using index_listings_on_id_and_user_id_and_title on listings  (cost=0.00..1615.79 rows=4 width=0)
         Index Cond: (user_id = 25261)
[0m
  [4;36;1mSQL (167.5ms)[0m   [0;1mSELECT count(*) AS count_all FROM "impressions" WHERE ("impressions".listing_id = 72333) [0m
  [4;35;1mAnalyzing  Execution Time: 0.167738

[0m   [0mAggregate  (cost=12714.08..12714.09 rows=1 width=0)
   ->  Seq Scan on impressions  (cost=0.00..12714.00 rows=31 width=0)
         Filter: (listing_id = 72333)
[0m
  [4;36;1mSQL (161.3ms)[0m   [0;1mSELECT count(*) AS count_all FROM "impressions" WHERE ("impressions".listing_id = 113021) [0m
  [4;35;1mAnalyzing  Execution Time: 0.161536

[0m   [0mAggregate  (cost=12714.08..12714.09 rows=1 width=0)
   ->  Seq Scan on impressions  (cost=0.00..12714.00 rows=31 width=0)
         Filter: (listing_id = 113021)
[0m
  [4;36;1mSQL (8.9ms)[0m   [0;1mSELECT count(*) AS count_all FROM "clicks" WHERE ("clicks".listing_id = 72333) [0m
  [4;35;1mAnalyzing  Execution Time: 0.009253

[0m   [0mAggregate  (cost=814.50..814.51 rows=1 width=0)
   ->  Seq Scan on clicks  (cost=0.00..814.46 rows=13 width=0)
         Filter: (listing_id = 72333)
[0m
  [4;36;1mSQL (13.6ms)[0m   [0;1mSELECT count(*) AS count_all FROM "clicks" WHERE ("clicks".listing_id = 113021) [0m
  [4;35;1mAnalyzing  Execution Time: 0.013822

[0m   [0mAggregate  (cost=814.47..814.48 rows=1 width=0)
   ->  Seq Scan on clicks  (cost=0.00..814.46 rows=2 width=0)
         Filter: (listing_id = 113021)
[0m
  [4;36;1mSQL (4.5ms)[0m   [0;1mSELECT count(*) AS count_all FROM "listings" WHERE ("listings".user_id = 25256) [0m
  [4;35;1mAnalyzing  Execution Time: 0.004748

[0m   [0mAggregate  (cost=1615.81..1615.82 rows=1 width=0)
   ->  Index Scan using index_listings_on_id_and_user_id_and_title on listings  (cost=0.00..1615.79 rows=4 width=0)
         Index Cond: (user_id = 25256)
[0m
  [4;36;1mSQL (164.3ms)[0m   [0;1mSELECT count(*) AS count_all FROM "impressions" WHERE ("impressions".listing_id = 113007) [0m
  [4;35;1mAnalyzing  Execution Time: 0.164612

[0m   [0mAggregate  (cost=12714.08..12714.09 rows=1 width=0)
   ->  Seq Scan on impressions  (cost=0.00..12714.00 rows=31 width=0)
         Filter: (listing_id = 113007)
[0m
  [4;36;1mSQL (9.4ms)[0m   [0;1mSELECT count(*) AS count_all FROM "clicks" WHERE ("clicks".listing_id = 113007) [0m
  [4;35;1mAnalyzing  Execution Time: 0.009682

[0m   [0mAggregate  (cost=814.47..814.48 rows=1 width=0)
   ->  Seq Scan on clicks  (cost=0.00..814.46 rows=2 width=0)
         Filter: (listing_id = 113007)
[0m
  [4;36;1mSQL (2.4ms)[0m   [0;1mSELECT count(*) AS count_all FROM "listings" WHERE ("listings".user_id = 25246) [0m
  [4;35;1mAnalyzing  Execution Time: 0.002722

[0m   [0mAggregate  (cost=1615.81..1615.82 rows=1 width=0)
   ->  Index Scan using index_listings_on_id_and_user_id_and_title on listings  (cost=0.00..1615.79 rows=4 width=0)
         Index Cond: (user_id = 25246)
[0m
  [4;36;1mSQL (167.7ms)[0m   [0;1mSELECT count(*) AS count_all FROM "impressions" WHERE ("impressions".listing_id = 66449) [0m
  [4;35;1mAnalyzing  Execution Time: 0.167992

[0m   [0mAggregate  (cost=12714.08..12714.09 rows=1 width=0)
   ->  Seq Scan on impressions  (cost=0.00..12714.00 rows=31 width=0)
         Filter: (listing_id = 66449)
[0m
  [4;36;1mSQL (161.5ms)[0m   [0;1mSELECT count(*) AS count_all FROM "impressions" WHERE ("impressions".listing_id = 113005) [0m
  [4;35;1mAnalyzing  Execution Time: 0.161791

[0m   [0mAggregate  (cost=12714.08..12714.09 rows=1 width=0)
   ->  Seq Scan on impressions  (cost=0.00..12714.00 rows=31 width=0)
         Filter: (listing_id = 113005)
[0m
  [4;36;1mSQL (11.3ms)[0m   [0;1mSELECT count(*) AS count_all FROM "clicks" WHERE ("clicks".listing_id = 66449) [0m
  [4;35;1mAnalyzing  Execution Time: 0.011567

[0m   [0mAggregate  (cost=814.51..814.52 rows=1 width=0)
   ->  Seq Scan on clicks  (cost=0.00..814.46 rows=19 width=0)
         Filter: (listing_id = 66449)
[0m
  [4;36;1mSQL (10.7ms)[0m   [0;1mSELECT count(*) AS count_all FROM "clicks" WHERE ("clicks".listing_id = 113005) [0m
  [4;35;1mAnalyzing  Execution Time: 0.010922

[0m   [0mAggregate  (cost=814.47..814.48 rows=1 width=0)
   ->  Seq Scan on clicks  (cost=0.00..814.46 rows=2 width=0)
         Filter: (listing_id = 113005)
[0m
  [4;36;1mSQL (7.8ms)[0m   [0;1mSELECT count(*) AS count_all FROM "listings" WHERE ("listings".user_id = 25242) [0m
  [4;35;1mAnalyzing  Execution Time: 0.008115

[0m   [0mAggregate  (cost=1615.81..1615.82 rows=1 width=0)
   ->  Index Scan using index_listings_on_id_and_user_id_and_title on listings  (cost=0.00..1615.79 rows=4 width=0)
         Index Cond: (user_id = 25242)
[0m
  [4;36;1mSQL (186.0ms)[0m   [0;1mSELECT count(*) AS count_all FROM "impressions" WHERE ("impressions".listing_id = 85480) [0m
  [4;35;1mAnalyzing  Execution Time: 0.186283

[0m   [0mAggregate  (cost=12729.74..12729.75 rows=1 width=0)
   ->  Seq Scan on impressions  (cost=0.00..12714.00 rows=6294 width=0)
         Filter: (listing_id = 85480)
[0m
  [4;36;1mSQL (173.1ms)[0m   [0;1mSELECT count(*) AS count_all FROM "impressions" WHERE ("impressions".listing_id = 85481) [0m
  [4;35;1mAnalyzing  Execution Time: 0.173352

[0m   [0mAggregate  (cost=12730.96..12730.97 rows=1 width=0)
   ->  Seq Scan on impressions  (cost=0.00..12714.00 rows=6782 width=0)
         Filter: (listing_id = 85481)
[0m
  [4;36;1mSQL (12.4ms)[0m   [0;1mSELECT count(*) AS count_all FROM "clicks" WHERE ("clicks".listing_id = 85480) [0m
  [4;35;1mAnalyzing  Execution Time: 0.012637

[0m   [0mAggregate  (cost=816.04..816.05 rows=1 width=0)
   ->  Seq Scan on clicks  (cost=0.00..814.46 rows=629 width=0)
         Filter: (listing_id = 85480)
[0m
  [4;36;1mSQL (9.4ms)[0m   [0;1mSELECT count(*) AS count_all FROM "clicks" WHERE ("clicks".listing_id = 85481) [0m
  [4;35;1mAnalyzing  Execution Time: 0.009689

[0m   [0mAggregate  (cost=814.85..814.86 rows=1 width=0)
   ->  Seq Scan on clicks  (cost=0.00..814.46 rows=154 width=0)
         Filter: (listing_id = 85481)
[0m
Sent mail to info@usselfstoragelocator.com

Date: Tue, 26 Apr 2011 19:40:32 -0400
From: USSSL Notifier <notifier@usselfstoragelocator.com>
To: info@usselfstoragelocator.com
Subject: Oldest Client List
Mime-Version: 1.0
Content-Type: multipart/mixed; boundary="mimepart_4db71fb03dfbd_d7f800e69a8119"


--mimepart_4db71fb03dfbd_d7f800e69a8119
Content-Type: text/csv
Content-Transfer-Encoding: Base64
Content-Disposition: attachment

TmFtZSxFbWFpbCxDb21wYW55LEpvaW5lZCxEYXlzIEpvaW5lZCwjIEZhY2ls
aXRpZXMsIyBJbXByZXNzaW9ucywjIENsaWNrcwpUZXJlc2EgTW9udGFuZWxs
aSxkbWhxQGRpYW1vbmRtaW5lLmNvbSxESUFNT05ETUlORSBNSU5JIFNUT1JB
R0UgSU5DLCJGcmkgRmViLCAyNSAyMDExIiw2MCwxLDUsMQpBbXkgU29ucXVp
c3QsYW15LnNvbnF1aXN0QGdtYWlsLmNvbSxHb3BoZXIgTWluaSBhbmQgT3V0
c2lkZSBTdG9yYWdlLCJGcmkgRmViLCAyNSAyMDExIiw2MCwxLDIsMApJc21l
bGwgUmV5bm9sZHMsanJAcmV5bm9sZHNjb21tdW5pdGllcy5jb20sQXRsYXMg
U2VsZiBTdG9yYWdlLCJUaHUgRmViLCAyNCAyMDExIiw2MSw0LDEzMCw1Ckdy
ZWcgV2FtcGxlcix0aGUuZGVwb3NpdG9yeUB2ZXJpem9uLm5ldCxEZXBvc2l0
b3J5IFNlbGYgU3RvcmFnZSwiVGh1IEZlYiwgMjQgMjAxMSIsNjEsMSwxMyw1
CkFubiBUb3ducyxhdW50aWVhbm44NUBhb2wuY29tLHNwYWNlYm94IHN0b3Jh
Z2UsIldlZCBGZWIsIDIzIDIwMTEiLDYyLDQsMjMsNgpEb3JlZW4gSmFiZXJn
LGZrc3NAc2VsZnN0b3JhZ2VzZXJ2aWNlc2luYy5jb20sRm9ydCBLbm94IFNl
bGYgU3RvcmFnZSwiV2VkIEZlYiwgMjMgMjAxMSIsNjIsMSwxLDEKTWlrZSBN
b3llcixidWRnZXRzdG9yYWdldXNAeWFob28uY29tLEJ1ZGdldCBTdG9yZSBh
bmQgTG9jayBTZWxmIFN0b3JhZ2UsIk1vbiBGZWIsIDIxIDIwMTEiLDY0LDEs
NCwwCkFteSBLaXNlbGljYSxBcnJvdzFGZW5jZUBhb2wuY29tLEFycm93IFNw
YWNlIExsYywiTW9uIEZlYiwgMjEgMjAxMSIsNjQsMSw0LDYKSm9obiAgU2xh
Z2Jvb20samVzMDAxQG1zbi5jb20sQWNjZXNzIDI0IFNlbGYgU3RvcmFnZSwi
U3VuIEZlYiwgMjAgMjAxMSIsNjUsNCw3LDAKQ2hhcmxlcyBMaXR0b24sQ2hh
cmxlc0BpbnN0YW1vdmUuY29tLEFBQSBJbnN0YS1Nb3ZlIFNlbGYgU1RvcmFn
ZSwiRnJpIEZlYiwgMTggMjAxMSIsNjcsMSw0MTgsMwpLaW1iZXJseSBSdWRp
cyxwcmVtaWVyc2VsZnN0b3JhZ2VAaGlnaC5uZXQsUHJlbWllciBTZWxmIFN0
b3JhZ2UsIkZyaSBGZWIsIDE4IDIwMTEiLDY3LDEsMzM4LDMKRGFycmVsbCBS
b2JlcnRzLGhzdHNzQHNlbGZzdG9yYWdlc2VydmljZXNpbmMuY29tLEggU3Ry
ZWV0IFNlbGYgU3RvcmFnZSwiRnJpIEZlYiwgMTggMjAxMSIsNjcsMSwzMDks
NQpNaWxsaWUgUGFubnVjY2ksYWFhbWFsYWJhcnN0b3JhZ2VpbmNAeWFob28u
Y29tLEFhYSBNYWxhYmFyIE1pbmkgU3RvcmFnZSBJbmMsIkZyaSBGZWIsIDE4
IDIwMTEiLDY3LDEsMzIsMgpLZXZpbiBNY0NyZWFkaWUsc3ZzQHNlbGZzdG9y
YWdlc2VydmljZXNpbmMuY29tLFNvdXRoIFZlbmljZSBTdG9yYWdlLCJGcmkg
RmViLCAxOCAyMDExIiw2NywxLDE0NywxClJ5YW4gUHJvY2sscndwQGRyaW5j
LmNvbSxBY2Nlc3MgU2VsZiBTdG9yYWdlLCJGcmkgRmViLCAxOCAyMDExIiw2
NywzLDcwLDUKQ2hlcmkgSmVua2lucyxpbmZvcm1hdGlvbkBhc3RvcmFnZWNl
bnRlci5jb20sQSBTdG9yYWdlIENlbnRlciwiRnJpIEZlYiwgMTggMjAxMSIs
NjcsMSwxNjYsMgpNYXJrIEJlbm5ldHQsYTFhQHNlbGZzdG9yYWdlc2Vydmlj
ZXNpbmMuY29tLEExIEEgU2VsZiBTdG9yYWdlLCJUaHUgRmViLCAxNyAyMDEx
Iiw2OCwxLDIwNCwxMwpQYXQgTXVybmFuZSxhZmZvcmRhYmxlMTEzMkBiZWxs
c291dGgubmV0LEFmZm9yZGFibGUgU2VsZiBTdG9yYWdlLCJUaHUgRmViLCAx
NyAyMDExIiw2OCwxLDI3LDIKUmljayBCYXJyZSxtYW5hZ2VyQHlvdXJzdG9y
YWdlc29sdXRpb25zLmNvbSxDb3VudHJ5c2lkZSBTZWxmIFN0b3JhZ2UsIldl
ZCBGZWIsIDE2IDIwMTEiLDY5LDIsMjQsNQpTaWx2aW8gQmxhc2tvdmljLHB1
cGFzaWxAYmVsbHNvdXRoLm5ldCxBIEJCIGFuZCBSIFN0b3JhZ2UsIldlZCBG
ZWIsIDE2IDIwMTEiLDY5LDEsMzEsMQpTaWx2aW8gQmxhc2tvdmljLHB1cGFz
aWxAeWFob28uY29tLEJveW50b24gU2VsZiBTdG9yYWdlLCJXZWQgRmViLCAx
NiAyMDExIiw2OSwxLDQxLDQKSi5SLiBNY0NveSxtYW5hZ2VtZW50QGFmZm9y
ZGFibGVzdG9yYWdlc3lzdGVtcy5jb20sQWZmb3JkYWJsZSBTZWxmIFN0b3Jh
Z2UsIlR1ZSBGZWIsIDE1IDIwMTEiLDcwLDEsMTQ5LDAKSGFuZHkgTG9jayBT
dG9yYWdlLERhcGhuZUBoYW5keS1sb2NrLmNvbSxIYW5keSBMb2NrIFNlbGYg
U3RvcmFnZSwiTW9uIEZlYiwgMTQgMjAxMSIsNzEsMSw2LDQKSmVhbiBNY0tl
YXJuLGk0M3N0b3JhZ2VAY2hhcnRlci5uZXQsSSA0MyBTdG9yYWdlLCJNb24g
RmViLCAxNCAyMDExIiw3MSwxLDUsMQpEb2RpZSBXaW5nZXJ0ZXIsY2FsbGNl
bnRlckBzdG9yYWdlbWFzdGVycy5uZXQsU3RvcmFnZSBNYXN0ZXJzLCJNb24g
RmViLCAxNCAyMDExIiw3MSw4LDE1NzAsNTYKQmF5cm9uIFJvc2FsZXMscGVu
bndvb2RwbGF6YWFuZHN0b3JhZ2VAZ21haWwuY29tLFBlbm53b29kIFBsYXph
IGFuZCBTdG9yYWdlLCJNb24gRmViLCAxNCAyMDExIiw3MSwxLDEwNSw4Ckpv
aG4gJiBDaHJpc3RpbmUgQmFocixjamJhaHJAc2JjZ2xvYmFsLm5ldCxCYWhy
cyBTZWxmIFN0b3JhZ2UsIlN1biBGZWIsIDEzIDIwMTEiLDcyLDEsNiw2Ck1v
cmdhbiBIYW5sb24sZGF0d29vZEBjYXNleXN0b3JhZ2Vzb2x1dGlvbnMuY29t
LENhc2V5IFN0b3JhZ2UgU29sdXRpb25zLCJGcmkgRmViLCAxMSAyMDExIiw3
NCw0LDcsMApLYXJsIEZvdXNlayxyYW5jaG9zc0Bjb3gubmV0LFJhbmNobyBT
YW4gRGllZ28gU2VsZiBTdG9yYWdlLCJUaHUgRmViLCAxMCAyMDExIiw3NSwx
LDI4LDcKUmljaCBEYXZpcyxyaWNoQGFhYWZvcnRzdG9yYWdlLmNvbSxBQUEg
Rm9ydCBTdG9yYWdlLCJXZWQgRmViLCAwOSAyMDExIiw3NiwxLDIyLDYKQnJh
bmR5IFdvcmttYW4sYnJhbmR5QGN1Yml0c3RvcmFnZS5jb20sQ3ViaXQgTWlu
aSBTdG9yYWdlIExsYywiV2VkIEZlYiwgMDkgMjAxMSIsNzYsMiw1OCwxClJv
eSBTb2xpcyxoYXBweUB0aGVhc3N1cmVkZ3JvdXAuY29tLEFzc3VyZWQgU2Vs
ZiBTdG9yYWdlLCJUdWUgRmViLCAwOCAyMDExIiw3NywxNiw0OTk0LDQ2Ckph
Y3F1ZWxpbmUgU21pdGgsamtzbWl0aDIyQGFvbC5jb20sR3VhcmRpYW4gU2Vs
ZiBTdG9yYWdlLCJUdWUgRmViLCAwOCAyMDExIiw3NywxLDE0LDUKRmVycmlz
IFNvbG9tb24sc29sb21vbnNAZmRuLmNvbSxTb2xvbW9uJ3MgUlYgJiBCb2F0
IFN0b3JhZ2UgSW5jLCJNb24gRmViLCAwNyAyMDExIiw3OCwxLDI0LDMKSm9z
ZXBoIERpQmFjY28sdW1zam9zZXBoQGJlbGxzb3V0aC5uZXQsVW5pdmVyc2l0
eSBNaW5pIFN0b3JhZ2UsIk1vbiBGZWIsIDA3IDIwMTEiLDc4LDEsNDcsOApE
dXN0aW4gTWlsbGVyLGFib3V0c3BhY2Vub3J0aHNpZGVAZnVzZS5uZXQsQWJv
dXQgU3BhY2UgTm9ydGhzaWRlLCJUaHUgRmViLCAwMyAyMDExIiw4MiwxLDEx
LDAKUm9iaW4gSGVpZGUsY2hyaXNAbmV0dmlzaWJpbGl0eWdyb3VwLmNvbSxW
YWxsZXkgUml2ZXIgU3RvcmFnZSwiVHVlIEZlYiwgMDEgMjAxMSIsODQsMSw1
LDYKTWljaGFlbCBCZWViZSxtaWtlQGF0cnV0aGVyZm9yZC5jb20sU3RhdW50
b24gU2VsZiBTdG9yYWdlLCJNb24gSmFuLCAzMSAyMDExIiw4NSwxLDE5LDMK
QmlsbCBIdWRzb24sd2FzaGluZ3RvbmRhbUB0b3duZXN0b3JhZ2UuY29tLFRv
d25lIFN0b3JhZ2UgV2FzaGluZ3RvbiBEYW0sIlNhdCBKYW4sIDI5IDIwMTEi
LDg3LDEsMyw0CkppbSBXaGl0ZXNpZGVzLGppbXdoaXRlc2lkZXNAeWFob28u
Y29tLEFjZSBTdG9yYWdlLCJGcmkgSmFuLCAyOCAyMDExIiw4OCwxLDYsMwpH
ZW9yZ2UgTmV2aXR0LG5ldml0dEBuZXZpdHRtb3ZpbmcuY29tLCJOZXZpdHQg
TW92aW5nICYgU3RvcmFnZSwgaW5jLiIsIlRodSBKYW4sIDI3IDIwMTEiLDg5
LDEsNiwyClRvbSBMeWRjayx0b21seWRpY2tAeWFob28uY29tLEEgU1RPUkFH
RSBQTEFDRSwiVGh1IEphbiwgMjcgMjAxMSIsODksMSw0LDIKQ2hyaXMgRGVs
YW5jeSxjaHJpc0Bzb3V0aDc1c3RvcmFnZS5jb20sNzUgU291dGggU3RvcmFn
ZSwiVGh1IEphbiwgMjcgMjAxMSIsODksMSwxNSw1CkRhbmllbGxlIFBlcmR1
ZSxiZWVoaXZlc3RvcmFnZUBxd2VzdG9mZmljZS5uZXQsQmVlaGl2ZSBTZWxm
IFN0b3JhZ2UsIldlZCBKYW4sIDI2IDIwMTEiLDkwLDEsMjksMwpHZW9yZ2lh
IFRheWxvciw0Y29ybmVyc0B1cmJhbnN0b3JhZ2UuY29tLEZvdXIgQ29ybmVy
cyBTZWxmIFN0b3JhZ2UsIldlZCBKYW4sIDI2IDIwMTEiLDkwLDEsNTUsMQpH
ZW5lIEh1Y2tzdGFkdCxnZW5lQG1vbnRhbmFvbGR3ZXN0Z2FsbGVyeS5jb20s
RGFyYnkgTWluaSBTdG9yYWdlLCJXZWQgSmFuLCAyNiAyMDExIiw5MCwxLDgs
MTAKSm9obiBLaWVmZmVyLHR3ZW50eW9uZXNvdXRoQHdpbmRzdHJlYW0ubmV0
LDIxIFNvdXRoIE1pbmkgU3RvcmFnZSwiV2VkIEphbiwgMjYgMjAxMSIsOTAs
MSw1LDMKQW5uaWUgUXVpbm4sU3RvcmFnZXdvcmxkbGxjQG1zbi5jb20sU3Rv
cmFnZSBXb3JsZCwiV2VkIEphbiwgMjYgMjAxMSIsOTAsNCw3MTQsMTAKQ2hy
aXMgVHJhaW5pLFJhcGlkbW92ZXJAYW9sLmNvbSxSYXBpZCBNb3ZlcnMsIlR1
ZSBKYW4sIDI1IDIwMTEiLDkxLDEsMTMxMSwxMwpFbGl6YWJldGggSGFuZHdl
cmtlcixtaW5pLXN0b3JhZ2VAYXR0Lm5ldCxEcml2ZSBpbiBNaW5pIFN0b3Jh
Z2UsIkZyaSBKYW4sIDE0IDIwMTEiLDEwMiwxLDQwNzAsNTUKQ2hyaXMgTWFk
ZXIsY29uY3JlZm9ybUBhdHQubmV0LEFzdG9yIFN0b3JhZ2UsIlRodSBKYW4s
IDEzIDIwMTEiLDEwMywxLDMxODEsMjkKRGVsaWxhaCBTY290dCxpbmZvQGJp
Z2tleXNlbGZzdG9yYWdlLmNvbSxCaWcgS2V5IFNlbGYgU3RvcmFnZSwiV2Vk
IEphbiwgMTIgMjAxMSIsMTA0LDEsMzA5LDYKQW50aG9ueSBDbGVtZW50aSxt
ZWRpYWxhYnNAbGl2ZS5jb20sTWluaSBXYXJlaG91c2UgQWxtYWNlbmVzLCJT
dW4gSmFuLCAwOSAyMDExIiwxMDcsMywxOSwzCkNhbHZpbiBCeXJkLGJ5cmQx
MkBnbWFpbC5jb20sQnlyZCdzIE1pbmkgU3RvcmFnZSwiRnJpIEphbiwgMDcg
MjAxMSIsMTA5LDUsNTUsNApCcmVuZGEgTmlldmVzLGtpc3NpbW1lZUBzb3V0
aGVybnNlbGZzdG9yYWdlLmNvbSxTb3V0aGVybiBTZWxmIFN0b3JhZ2UsIkZy
aSBKYW4sIDA3IDIwMTEiLDEwOSwxLDEzOSwxMQpEZWJyYSBEYXVnaGVydHks
ZHluYW1pYy5zdG9yYWdlN0B3aW5kc3RyZWFtLm5ldCxEeW5hbWljIFN0b3Jh
Z2UsIlRodSBKYW4sIDA2IDIwMTEiLDExMCwxLDcsNgpKYW5ldCBDb2xlLG10
bW9mZkBhb2wuY29tLFdhcm0gU3ByaW5ncyBTZWxmIFN0b3JhZ2UgJiBCdXNp
bmVzcyBDZW50ZXIsIldlZCBKYW4sIDA1IDIwMTEiLDExMSwxLDMsMQpUYW1l
ICxjdmV4c3RvcmFnZUBnbWFpbC5jb20sRXh0cmEgU3RvcmFnZSwiV2VkIEph
biwgMDUgMjAxMSIsMTExLDIsNDEsMTYKIldhbHRlciAiIldhbGx5IiIgQnJh
bmR0IixoaWZpd2FsbHlAYW9sLmNvbSxTYWZlIEhhdmVuIFN0b3JhZ2UgQ2Vu
dGVyLCJXZWQgRGVjLCAyOSAyMDEwIiwxMTgsMSwxMCw4CkNocmlzIEppbWVu
ZXosd2FuZXNzYWxyMDlAZ21haWwuY29tLEEgMSBPdXRkb29yIFN0b3JhZ2Us
IlR1ZSBEZWMsIDE0IDIwMTAiLDEzMywyLDY1MCwyNgpWaWN0b3IgRGFudGUs
ZGllZ29AdXNzZWxmc3RvcmFnZWxvY2F0b3IuY29tLEFtZXJpY2FuIEluLCJU
aHUgTm92LCAxMSAyMDEwIiwxNjYsMiwxMzIxNyw3NjkK

--mimepart_4db71fb03dfbd_d7f800e69a8119--
DEPRECATION WARNING: require "activerecord" is deprecated and will be removed in Rails 3. Use require "active_record" instead.. (called from /usr/local/lib/ruby/gems/1.8/gems/activerecord-2.3.5/lib/activerecord.rb:2)
** has_many_polymorphs: rails environment detected
** has_many_polymorphs: loaded ok
** has_many_polymorphs: autoload hook invoked
** has_many_polymorphs: preloading parent model Block
** has_many_polymorphs: associating Block.models
  [4;36;1mSQL (0.3ms)[0m   [0;1mSET client_min_messages TO 'panic'[0m
  [4;35;1mSQL (0.2ms)[0m   [0mSET client_min_messages TO 'notice'[0m
** has_many_polymorphs: preloading parent model View
** has_many_polymorphs: associating View.models
** has_many_polymorphs: autoload hook invoked
** has_many_polymorphs: preloading parent model Block
** has_many_polymorphs: preloading parent model View
DEPRECATION WARNING: require "activerecord" is deprecated and will be removed in Rails 3. Use require "active_record" instead.. (called from /usr/local/lib/ruby/gems/1.8/gems/activerecord-2.3.5/lib/activerecord.rb:2)
** has_many_polymorphs: rails environment detected
** has_many_polymorphs: loaded ok
** has_many_polymorphs: autoload hook invoked
** has_many_polymorphs: preloading parent model Block
** has_many_polymorphs: associating Block.models
  [4;36;1mSQL (0.4ms)[0m   [0;1mSET client_min_messages TO 'panic'[0m
  [4;35;1mSQL (0.1ms)[0m   [0mSET client_min_messages TO 'notice'[0m
** has_many_polymorphs: preloading parent model View
** has_many_polymorphs: associating View.models
** has_many_polymorphs: autoload hook invoked
** has_many_polymorphs: preloading parent model Block
** has_many_polymorphs: preloading parent model View
DEPRECATION WARNING: require "activerecord" is deprecated and will be removed in Rails 3. Use require "active_record" instead.. (called from /usr/local/lib/ruby/gems/1.8/gems/activerecord-2.3.5/lib/activerecord.rb:2)
** has_many_polymorphs: rails environment detected
** has_many_polymorphs: loaded ok
** has_many_polymorphs: autoload hook invoked
** has_many_polymorphs: preloading parent model Block
** has_many_polymorphs: associating Block.models
  [4;36;1mSQL (0.2ms)[0m   [0;1mSET client_min_messages TO 'panic'[0m
  [4;35;1mSQL (0.1ms)[0m   [0mSET client_min_messages TO 'notice'[0m
** has_many_polymorphs: preloading parent model View
** has_many_polymorphs: associating View.models
** has_many_polymorphs: autoload hook invoked
** has_many_polymorphs: preloading parent model Block
** has_many_polymorphs: preloading parent model View
DEPRECATION WARNING: require "activerecord" is deprecated and will be removed in Rails 3. Use require "active_record" instead.. (called from /usr/local/lib/ruby/gems/1.8/gems/activerecord-2.3.5/lib/activerecord.rb:2)
** has_many_polymorphs: rails environment detected
** has_many_polymorphs: loaded ok
** has_many_polymorphs: autoload hook invoked
** has_many_polymorphs: preloading parent model Block
** has_many_polymorphs: associating Block.models
  [4;36;1mSQL (0.3ms)[0m   [0;1mSET client_min_messages TO 'panic'[0m
  [4;35;1mSQL (0.1ms)[0m   [0mSET client_min_messages TO 'notice'[0m
** has_many_polymorphs: preloading parent model View
** has_many_polymorphs: associating View.models
** has_many_polymorphs: autoload hook invoked
** has_many_polymorphs: preloading parent model Block
** has_many_polymorphs: preloading parent model View
DEPRECATION WARNING: require "activerecord" is deprecated and will be removed in Rails 3. Use require "active_record" instead.. (called from /usr/local/lib/ruby/gems/1.8/gems/activerecord-2.3.5/lib/activerecord.rb:2)
** has_many_polymorphs: rails environment detected
** has_many_polymorphs: loaded ok
** has_many_polymorphs: autoload hook invoked
** has_many_polymorphs: preloading parent model Block
** has_many_polymorphs: associating Block.models
  [4;36;1mSQL (0.6ms)[0m   [0;1mSET client_min_messages TO 'panic'[0m
  [4;35;1mSQL (0.1ms)[0m   [0mSET client_min_messages TO 'notice'[0m
** has_many_polymorphs: preloading parent model View
** has_many_polymorphs: associating View.models
** has_many_polymorphs: autoload hook invoked
** has_many_polymorphs: preloading parent model Block
** has_many_polymorphs: preloading parent model View
  [4;36;1mSQL (23.0ms)[0m   [0;1mSELECT version FROM schema_migrations[0m
Migrating to CreatePages (20091014021209)
Migrating to CreatePageLinks (20091014225335)
Migrating to CreateLinks (20091014225552)
Migrating to RenameNameColumnInLinks (20091014230855)
Migrating to DropTablePageLinks (20091015195645)
Migrating to CreateBlocks (20091015200226)
Migrating to CreatePageBlocks (20091015200506)
Migrating to AddColumnsToBlock (20091015200950)
Migrating to AddColumnsToPageBlock (20091015232818)
Migrating to AddEnabledColumnToPageBlock (20091022045224)
Migrating to AddShowInNavColumnToPage (20091022055430)
Migrating to AddContentColumnToPage (20091023043448)
Migrating to AddContentColumnToBlock (20091024234522)
Migrating to AddContentColumnToWidget (20091026033106)
Migrating to CreateImages (20091026044725)
Migrating to CreateGalleries (20091026044840)
Migrating to CreateGalleryImages (20091026045218)
Migrating to AddDescriptionColumnToGallery (20091026050451)
Migrating to CreateUsers (20091101233717)
Migrating to AddColumnsToUser (20091102010603)
Migrating to AddFacebookColumnToUser (20091102020639)
Migrating to CreatePosts (20091103020329)
Migrating to CreateRoles (20091103021236)
Migrating to CreatePermissions (20091103021509)
Migrating to CreateModelBlocks (20091103033125)
Migrating to AddPlaceColumnToBlocksModel (20091103035431)
Migrating to AddShowTitleColumnToBlocksModel (20091224022844)
Migrating to CreateModelViews (20091225054127)
Migrating to RenameModelColumnInModelView (20091225073949)
Migrating to RemoveModelFieldsFromModelView (20091225185949)
Migrating to CreateViewsModels (20091225190523)
Migrating to RenameViewsModelTable (20091225191132)
Migrating to ChangeColumnsInView (20091225223106)
Migrating to AddIsGlobalColumnToBlock (20091226162714)
Migrating to AddShowTitleColumnToBlock (20091226163306)
Migrating to ChangeIsGlobalColumn (20091226174507)
Migrating to AddFieldsColumnToModelsView (20091226190656)
Migrating to CreateComment (20091228053428)
Migrating to AddCommentColumnsToPost (20091228061033)
Migrating to AddScopeColumnToView (20091228063338)
Migrating to AddOwnerColumnToView (20091228161508)
Migrating to CreateHelptexts (20091228200352)
Migrating to AddDescriptionToPage (20091228233644)
Migrating to DropPageBlocksTable (20091228235420)
Migrating to CreateLinkGroups (20091229032609)
Migrating to AddGroupIdColumnToLink (20091229033215)
Migrating to CreateForms (20091229094516)
Migrating to AddEmailColumnToComment (20091229125341)
Migrating to CreateBlockForms (20091229133234)
Migrating to AddEnabledColumnInModelsView (20091229150821)
Migrating to AddPositionColumnToBlocksModel (20091229202439)
Migrating to RemoveMethodColumnFromForm (20091229205600)
Migrating to AddScopeColumnsToForm (20091229211742)
Migrating to ActsAsTaggableOnMigration (20091230043506)
Migrating to CreateFields (20100103015729)
Migrating to AddFormIdToForm (20100103015807)
Migrating to RemoveFieldsFromForm (20100103022328)
Migrating to RenameAttributesColumnInField (20100103022640)
Migrating to AddUserIdColumnToImage (20100103090350)
Migrating to AddRoleIdColumnToUser (20100103215134)
Migrating to AddContentColumnToImage (20100107070421)
Migrating to AddColumnsToLink (20100115031926)
Migrating to AddShowTitleColumnToPage (20100221085730)
Migrating to AddColumnsToForm (20100317043322)
Migrating to RenameLinkGroups (20100405040028)
Migrating to RenameColumnInLink (20100405041841)
Migrating to AddPositionColumnToPage (20100407004449)
Migrating to AddShowTitleColumnInForm (20100410064827)
Migrating to AddUseOwnNameColumnToField (20100410100145)
Migrating to AddPositionColumnToBlock (20100415105309)
Migrating to CreateListings (20100416092642)
Migrating to CreateMaps (20100421030405)
Migrating to CreateSpecials (20100421030623)
Migrating to CreateSizes (20100421030726)
Migrating to CreatePictures (20100421031025)
Migrating to AddPhoneColumnToMap (20100421044645)
Migrating to RenameLongColumnInMap (20100422173627)
Migrating to TypeChangeInMap (20100428014504)
Migrating to LatLngPrecision (20100428074941)
Migrating to CreateUsCities (20100428084820)
Migrating to CreateRates (20100601002707)
Migrating to AddProcessErbColumnToPageAndBlock (20100616045236)
Migrating to AddConditionsColumnToModelsView (20100625193047)
Migrating to AddPaginateColumnToModelsView (20100625193205)
Migrating to AddUsePlaceholdersColumnToPage (20100628155028)
Migrating to AddPositionColumnToField (20100628161601)
Migrating to AddRestfulRegionColumnToBlock (20100629065858)
Migrating to AddResfulRegionColumnToBlock (20100629073232)
Migrating to AddTypeColumnToUser (20100629140414)
Migrating to AddCompanyColumnToUser (20100629190946)
Migrating to MigrateClientsAndUserTypes (20100629200950)
Migrating to CreateReservations (20100705224006)
Migrating to CreateMailingAddresses (20100713004311)
Migrating to CreateBillingInfos (20100713004446)
Migrating to RenameCardNumColumnInBillingInfoToCardNumber (20100713015656)
Migrating to ChangeColumnTypesInClientInfoTables (20100713031751)
Migrating to AddListingsToClients (20100713194508)
Migrating to AddSizesToListings (20100713233040)
Migrating to AddColumnsToSizes (20100714200010)
Migrating to AddListingIdColumnToSizeAndRemoveJoinTable (20100714215015)
Migrating to AddPositionColumnToPost (20100731013600)
Migrating to AddMoreColumnsToUser (20100803235359)
Migrating to RemoveTempClientModels (20100804004347)
Migrating to AddColumnsToMailingAddresses (20100804014042)
Migrating to AddStatusColumnToListing (20100804014526)
Migrating to AddStatusColumnToUser (20100804021353)
Migrating to CreateUserHints (20100805010446)
Migrating to CreateUserHintPlacements (20100805010645)
Migrating to AddHintsToExistingUsers (20100805160506)
Migrating to CreateFacilityInfos (20100807005244)
Migrating to AddIndeces (20100807005314)
Migrating to AddImageColumnsToPicture (20100807031231)
Migrating to AddTempPassColumnToUser (20100809205715)
Migrating to ChangeNameColumnInUser (20100809210351)
Migrating to RenameImageColumnsInPicture (20100811183414)
Migrating to CreateClicks (20100819174656)
Migrating to CreateImpressions (20100819174712)
Migrating to AddCounterColumnsToListing (20100819175031)
Migrating to AddReferrerColumnToStatsTables (20100819175936)
Migrating to AddRequestUriColumnToStatsTables (20100819192713)
Migrating to CreatePayments (20100826194832)
Migrating to AddListingIdColumnToFacilityInfo (20100830163602)
Migrating to AddExtraColumnsToFacilityInfo (20100830165600)
Migrating to CreateIssnUnitTypeSizes (20100830183413)
Migrating to CreateIssnUnitTypeFeatures (20100830184416)
Migrating to CreateUnitTypes (20100830210308)
Migrating to AddUsersPasswordResetFields (20100831161116)
Migrating to AddColumnsToSpecial (20100901140246)
Migrating to RenameColumnsInSize (20100902201021)
Migrating to AddSizesIdColumnToUnitType (20100902205012)
Migrating to CreateFeatures (20100902212025)
Migrating to RenameColumnInSizes (20100902220447)
Migrating to CreateIssnFacilityFeatures (20100903211542)
Migrating to CreateFacilityFeatures (20100903212106)
Migrating to CreatePromos (20100907211641)
Migrating to RevertColumnsInSpecial (20100907211840)
Migrating to AddListingIdColumnToSpecial (20100907212137)
Migrating to CreateAccountSettings (20100907222429)
Migrating to CreateIssnFacilityUnitFeatures (20100913161045)
Migrating to CreateFacilityUnits (20100913181900)
Migrating to CreateMoveInCosts (20100913192916)
Migrating to CreateReserveCosts (20100913193214)
Migrating to AddUnitTypeIdToReservation (20100914040033)
Migrating to RemoveRequestColumnFromReservation (20100917173923)
Migrating to RenameDateColumnsInReservation (20100917181027)
Migrating to RenameIdColumnInMailingAddress (20100920185911)
Migrating to RenameUserColumnInreservation (20100920215606)
Migrating to AddZipColumnsToBillingInfo (20100921155829)
Migrating to AddConfirmationColumnToReservation (20100921161233)
Migrating to AddColumnsToBillingInfo (20100921174520)
Migrating to RenameConfirmationCodeColumnInReservation (20100921180034)
Migrating to AddResponseColumnToReservation (20100921191930)
Migrating to ChangeScopeColumnInPermission (20100922223456)
Migrating to AddReportRecipientsColumnToUser (20100925021221)
Migrating to AddDurationColumnToReservation (20100928160738)
Migrating to AddUnitTypeSizeColumnToReservation (20100928161356)
Migrating to CreateFacilityInsurances (20101005192826)
Migrating to CreateBusinessHours (20101005193633)
Migrating to AddAccessHoursColumnsToListing (20101005221443)
Migrating to CreateSizeIcons (20101008194507)
Migrating to CreateInfoRequests (20101010223123)
Migrating to RenameColumnInReservation (20101013231345)
Migrating to AddSizeIdColumnToInfoRequest (20101013235339)
Migrating to AddInfoRequestsCountColumnToListing (20101014000241)
Migrating to ChangeDefaultInCounterColumnsInListing (20101014003254)
Migrating to RemoveReportRecipientsColumnFromUser (20101016011952)
Migrating to AddColumnsToAccountSettings (20101016014832)
Migrating to CreateSearches (20101021233626)
Migrating to AddNestedSetColumnsToSearch (20101022204744)
Migrating to AddLogoColumnsToListing (20101025204215)
Migrating to AddDefaultLogoColumnToListing (20101025211224)
Migrating to CreateListingContacts (20101026231741)
Migrating to CreateGlobalDescriptions (20101028004048)
Migrating to AddHashColumnToAccountSetting (20101028183750)
Migrating to AddErrorColumnToFacilityUnit (20101029195110)
Migrating to AddCategoryColumnToListing (20101031020530)
Migrating to AddImpressionsCountToPost (20101102010612)
Migrating to CreateAdPartners (20101102212133)
Migrating to AddEnabledColumnToAdPartner (20101104184025)
Migrating to AddRatingAverageToPost (20101116201422)
Migrating to CreateRentals (20101122185233)
Migrating to AddCalcColumnsToSpecial (20101122210055)
Migrating to AddLimitColumnsToSpecial (20101122210541)
Migrating to ChangeListingColumnInSpecial (20101123183527)
Migrating to AddProRateColumnToUser (20101123184226)
Migrating to ChangeColumnsInSpecial (20101123184557)
Migrating to CreatePredefinedSpecials (20101123203359)
Migrating to CreatePredefSpecialAssigns (20101123203618)
Migrating to AddEmailColumnToListingContact (20101129161558)
Migrating to AddSortedByColumnToSearch (20101130195458)
Migrating to AddSortNumColumnToSearch (20101130201057)
Migrating to ChangeColumnSortNumInSearch (20101201212436)
Migrating to ChangeDefaultSortReverseInSearch (20101202201039)
Migrating to AddColumnsToMapAndListing (20101206185751)
Migrating to CreateStaffEmails (20101206191739)
Migrating to CreatePredefinedSizes (20101207223140)
Migrating to AddAdminFeeColumnToListing (20101207224034)
Migrating to AddDefaultsToSearch (20101210165129)
Migrating to AddTrackedNumberColumnToListing (20101213015804)
Migrating to ChangeDurationColumnInRental (20101213224448)
Migrating to AddCategoriesFromFeaturesToListing (20101214182416)
Migrating to RemoveColumnDurationFromRental (20101215161611)
Migrating to RenameCcvColumnInBillingInfo (20101215220840)
Migrating to AddIndexToListing (20101215225728)
Migrating to RenameClientIdColumnInSpecialToListingId (20101215233032)
Migrating to ReplaceRequestUriColumnInImpressions (20101216004339)
Migrating to AddColumnsToRental (20101217173721)
Migrating to CreateEmailBlasts (20101221221029)
Migrating to AddProcessErbColumnToEmailBlast (20101222220649)
Migrating to CreateBlasts (20101222233709)
Migrating to CreateBlastClicks (20101222233812)
Migrating to AddUnSubColumnToListingContact (20101223002715)
Migrating to RemoveEmailColumnFromMailingAddress (20101223194028)
Migrating to ConvertBillingFieldsToBinary (20101227201947)
Migrating to ChangeColumnInComment (20101230155654)
Migrating to ChangeReferrerColumnInSearch (20110103192351)
Migrating to AddMetaColumnsToPage (20110105193856)
Migrating to CreateDelayedJobs (20110110225557)
Migrating to CreateUserStats (20110112205333)
Migrating to ChangeColumnsInUserStat (20110112221630)
Migrating to PolymorphizePost (20110114220002)
Migrating to AddTypesToPost (20110117170314)
Migrating to AddVerificationSentColumnToUser (20110117211557)
Migrating to RemoveFacilityFeaturesAndRePurposeModel (20110118190916)
Migrating to CreateListingFeatures (20110118193056)
Migrating to RenameColumnInPredefSpecial (20110118223949)
Migrating to AddNameColumnToComment (20110119212555)
Migrating to AddAvailabilityColumnToSize (20110121171232)
Migrating to AddRentingEnableColumnToListing (20110125201648)
Migrating to AddStatusColumnToComment (20110201224435)
Migrating to ConvertTaxRateColumnToFloatInListing (20110203161834)
Migrating to DropStatusAndAddPublishedColumnToComment (20110205000248)
Migrating to CreateImgAssets (20110207232942)
Migrating to AddOrigDirColumnToImgAsset (20110207233647)
Migrating to RenameFileColumnsInImgAsset (20110207234607)
Migrating to AddCommentsCountToListing (20110210162456)
Migrating to AddResourceColumnToBlock (20110211182138)
Migrating to AddEmailTemplateColumnToEmailBlast (20110211184927)
Migrating to AddPositionColumnToAdPartner (20110217184250)
Migrating to AddPaidThruColumnToRental (20110218195509)
Migrating to AddSavingsColumnToRental (20110218201528)
Migrating to AddMoreColumnsToRental (20110218203025)
Migrating to AddConfNumColumnsToRental (20110218211005)
Migrating to ChangeAdminFeeColumnInListing (20110221163820)
Migrating to AddActivatedAtColumnToUser (20110222161802)
Migrating to AddRemoteIpColumnToImpression (20110224211614)
Migrating to CreateClaimedListings (20110303171632)
Migrating to MigrateMapsToListing (20110304210446)
Migrating to AddNumFacilitiesToUser (20110307182614)
Migrating to ConvertColumnInClick (20110309163701)
Migrating to ConvertZipToStringInSearch (20110309201059)
Migrating to PadZipInSerach (20110309202422)
Migrating to AddRentalAgreeColumnToClient (20110309233000)
Migrating to AddPercentCompleteColumnToListing (20110322160307)
Migrating to CreateCompares (20110322201721)
Migrating to CreateComparisons (20110322202344)
Migrating to AddSqftColumnToSize (20110331170025)
Migrating to DefaultZeroProfileCompletionOnListing (20110411181701)
Migrating to ChangeDescriptionColumnInSize (20110412164313)
Migrating to DefaultZeroProfileCompletionOnListing2 (20110412214249)
Migrating to AddListingsCountColumnToUser (20110413200046)
Migrating to DefaultZeroOnLoginCountOnUser (20110413212707)
Migrating to DefaultZeroOnLoginCountOnListing (20110413213507)
Migrating to AddFullStateColumnToListing (20110414172909)
Migrating to ContinueFullStateInListing (20110414181003)
Migrating to AddPhoneViewsCountColumnToListing (20110414181443)
Migrating to ContinueFullStateInListing2 (20110414193853)
Migrating to ContinueFullStateInListing3 (20110414204741)
Migrating to ContinueFullStateInListing4 (20110414210228)
Migrating to CreatePhoneViews (20110414214426)
Migrating to AddShortUrlColumnTolisting (20110425183937)
Migrating to AddShortUrlsToListings (20110425203930)
Migrating to CreateNotes (20110426194551)
  [4;35;1mSQL (0.2ms)[0m   [0mBEGIN[0m
  [4;36;1mSQL (137.9ms)[0m   [0;1mCREATE TABLE "notes" ("id" serial primary key, "content" text, "user_id" integer, "status" character varying(255), "created_at" timestamp, "updated_at" timestamp) [0m
  [4;35;1mSQL (39.4ms)[0m   [0mINSERT INTO schema_migrations (version) VALUES ('20110426194551')[0m
  [4;36;1mSQL (1.7ms)[0m   [0;1mCOMMIT[0m
  [4;35;1mSQL (0.5ms)[0m   [0mSELECT version FROM schema_migrations[0m
DEPRECATION WARNING: require "activerecord" is deprecated and will be removed in Rails 3. Use require "active_record" instead.. (called from /usr/local/lib/ruby/gems/1.8/gems/activerecord-2.3.5/lib/activerecord.rb:2)
** has_many_polymorphs: rails environment detected
** has_many_polymorphs: loaded ok
** has_many_polymorphs: autoload hook invoked
** has_many_polymorphs: preloading parent model Block
** has_many_polymorphs: associating Block.models
  [4;36;1mSQL (0.2ms)[0m   [0;1mSET client_min_messages TO 'panic'[0m
  [4;35;1mSQL (0.1ms)[0m   [0mSET client_min_messages TO 'notice'[0m
** has_many_polymorphs: preloading parent model View
** has_many_polymorphs: associating View.models
** has_many_polymorphs: autoload hook invoked
** has_many_polymorphs: preloading parent model Block
** has_many_polymorphs: preloading parent model View
  [4;36;1mSQL (1.0ms)[0m   [0;1mSELECT version FROM schema_migrations[0m
  [4;35;1mSQL (1.1ms)[0m   [0mSELECT version FROM schema_migrations[0m
Migrating to CreateNotes (20110426194551)
  [4;36;1mSQL (0.2ms)[0m   [0;1mBEGIN[0m
  [4;35;1mSQL (41.5ms)[0m   [0mDROP TABLE "notes"[0m
  [4;36;1mSQL (2.4ms)[0m   [0;1mDELETE FROM schema_migrations WHERE version = '20110426194551'[0m
  [4;35;1mSQL (4.0ms)[0m   [0mCOMMIT[0m
  [4;36;1mSQL (0.8ms)[0m   [0;1mSELECT version FROM schema_migrations[0m
  [4;35;1mSQL (1.3ms)[0m   [0mSELECT version FROM schema_migrations[0m
Migrating to CreatePages (20091014021209)
Migrating to CreatePageLinks (20091014225335)
Migrating to CreateLinks (20091014225552)
Migrating to RenameNameColumnInLinks (20091014230855)
Migrating to DropTablePageLinks (20091015195645)
Migrating to CreateBlocks (20091015200226)
Migrating to CreatePageBlocks (20091015200506)
Migrating to AddColumnsToBlock (20091015200950)
Migrating to AddColumnsToPageBlock (20091015232818)
Migrating to AddEnabledColumnToPageBlock (20091022045224)
Migrating to AddShowInNavColumnToPage (20091022055430)
Migrating to AddContentColumnToPage (20091023043448)
Migrating to AddContentColumnToBlock (20091024234522)
Migrating to AddContentColumnToWidget (20091026033106)
Migrating to CreateImages (20091026044725)
Migrating to CreateGalleries (20091026044840)
Migrating to CreateGalleryImages (20091026045218)
Migrating to AddDescriptionColumnToGallery (20091026050451)
Migrating to CreateUsers (20091101233717)
Migrating to AddColumnsToUser (20091102010603)
Migrating to AddFacebookColumnToUser (20091102020639)
Migrating to CreatePosts (20091103020329)
Migrating to CreateRoles (20091103021236)
Migrating to CreatePermissions (20091103021509)
Migrating to CreateModelBlocks (20091103033125)
Migrating to AddPlaceColumnToBlocksModel (20091103035431)
Migrating to AddShowTitleColumnToBlocksModel (20091224022844)
Migrating to CreateModelViews (20091225054127)
Migrating to RenameModelColumnInModelView (20091225073949)
Migrating to RemoveModelFieldsFromModelView (20091225185949)
Migrating to CreateViewsModels (20091225190523)
Migrating to RenameViewsModelTable (20091225191132)
Migrating to ChangeColumnsInView (20091225223106)
Migrating to AddIsGlobalColumnToBlock (20091226162714)
Migrating to AddShowTitleColumnToBlock (20091226163306)
Migrating to ChangeIsGlobalColumn (20091226174507)
Migrating to AddFieldsColumnToModelsView (20091226190656)
Migrating to CreateComment (20091228053428)
Migrating to AddCommentColumnsToPost (20091228061033)
Migrating to AddScopeColumnToView (20091228063338)
Migrating to AddOwnerColumnToView (20091228161508)
Migrating to CreateHelptexts (20091228200352)
Migrating to AddDescriptionToPage (20091228233644)
Migrating to DropPageBlocksTable (20091228235420)
Migrating to CreateLinkGroups (20091229032609)
Migrating to AddGroupIdColumnToLink (20091229033215)
Migrating to CreateForms (20091229094516)
Migrating to AddEmailColumnToComment (20091229125341)
Migrating to CreateBlockForms (20091229133234)
Migrating to AddEnabledColumnInModelsView (20091229150821)
Migrating to AddPositionColumnToBlocksModel (20091229202439)
Migrating to RemoveMethodColumnFromForm (20091229205600)
Migrating to AddScopeColumnsToForm (20091229211742)
Migrating to ActsAsTaggableOnMigration (20091230043506)
Migrating to CreateFields (20100103015729)
Migrating to AddFormIdToForm (20100103015807)
Migrating to RemoveFieldsFromForm (20100103022328)
Migrating to RenameAttributesColumnInField (20100103022640)
Migrating to AddUserIdColumnToImage (20100103090350)
Migrating to AddRoleIdColumnToUser (20100103215134)
Migrating to AddContentColumnToImage (20100107070421)
Migrating to AddColumnsToLink (20100115031926)
Migrating to AddShowTitleColumnToPage (20100221085730)
Migrating to AddColumnsToForm (20100317043322)
Migrating to RenameLinkGroups (20100405040028)
Migrating to RenameColumnInLink (20100405041841)
Migrating to AddPositionColumnToPage (20100407004449)
Migrating to AddShowTitleColumnInForm (20100410064827)
Migrating to AddUseOwnNameColumnToField (20100410100145)
Migrating to AddPositionColumnToBlock (20100415105309)
Migrating to CreateListings (20100416092642)
Migrating to CreateMaps (20100421030405)
Migrating to CreateSpecials (20100421030623)
Migrating to CreateSizes (20100421030726)
Migrating to CreatePictures (20100421031025)
Migrating to AddPhoneColumnToMap (20100421044645)
Migrating to RenameLongColumnInMap (20100422173627)
Migrating to TypeChangeInMap (20100428014504)
Migrating to LatLngPrecision (20100428074941)
Migrating to CreateUsCities (20100428084820)
Migrating to CreateRates (20100601002707)
Migrating to AddProcessErbColumnToPageAndBlock (20100616045236)
Migrating to AddConditionsColumnToModelsView (20100625193047)
Migrating to AddPaginateColumnToModelsView (20100625193205)
Migrating to AddUsePlaceholdersColumnToPage (20100628155028)
Migrating to AddPositionColumnToField (20100628161601)
Migrating to AddRestfulRegionColumnToBlock (20100629065858)
Migrating to AddResfulRegionColumnToBlock (20100629073232)
Migrating to AddTypeColumnToUser (20100629140414)
Migrating to AddCompanyColumnToUser (20100629190946)
Migrating to MigrateClientsAndUserTypes (20100629200950)
Migrating to CreateReservations (20100705224006)
Migrating to CreateMailingAddresses (20100713004311)
Migrating to CreateBillingInfos (20100713004446)
Migrating to RenameCardNumColumnInBillingInfoToCardNumber (20100713015656)
Migrating to ChangeColumnTypesInClientInfoTables (20100713031751)
Migrating to AddListingsToClients (20100713194508)
Migrating to AddSizesToListings (20100713233040)
Migrating to AddColumnsToSizes (20100714200010)
Migrating to AddListingIdColumnToSizeAndRemoveJoinTable (20100714215015)
Migrating to AddPositionColumnToPost (20100731013600)
Migrating to AddMoreColumnsToUser (20100803235359)
Migrating to RemoveTempClientModels (20100804004347)
Migrating to AddColumnsToMailingAddresses (20100804014042)
Migrating to AddStatusColumnToListing (20100804014526)
Migrating to AddStatusColumnToUser (20100804021353)
Migrating to CreateUserHints (20100805010446)
Migrating to CreateUserHintPlacements (20100805010645)
Migrating to AddHintsToExistingUsers (20100805160506)
Migrating to CreateFacilityInfos (20100807005244)
Migrating to AddIndeces (20100807005314)
Migrating to AddImageColumnsToPicture (20100807031231)
Migrating to AddTempPassColumnToUser (20100809205715)
Migrating to ChangeNameColumnInUser (20100809210351)
Migrating to RenameImageColumnsInPicture (20100811183414)
Migrating to CreateClicks (20100819174656)
Migrating to CreateImpressions (20100819174712)
Migrating to AddCounterColumnsToListing (20100819175031)
Migrating to AddReferrerColumnToStatsTables (20100819175936)
Migrating to AddRequestUriColumnToStatsTables (20100819192713)
Migrating to CreatePayments (20100826194832)
Migrating to AddListingIdColumnToFacilityInfo (20100830163602)
Migrating to AddExtraColumnsToFacilityInfo (20100830165600)
Migrating to CreateIssnUnitTypeSizes (20100830183413)
Migrating to CreateIssnUnitTypeFeatures (20100830184416)
Migrating to CreateUnitTypes (20100830210308)
Migrating to AddUsersPasswordResetFields (20100831161116)
Migrating to AddColumnsToSpecial (20100901140246)
Migrating to RenameColumnsInSize (20100902201021)
Migrating to AddSizesIdColumnToUnitType (20100902205012)
Migrating to CreateFeatures (20100902212025)
Migrating to RenameColumnInSizes (20100902220447)
Migrating to CreateIssnFacilityFeatures (20100903211542)
Migrating to CreateFacilityFeatures (20100903212106)
Migrating to CreatePromos (20100907211641)
Migrating to RevertColumnsInSpecial (20100907211840)
Migrating to AddListingIdColumnToSpecial (20100907212137)
Migrating to CreateAccountSettings (20100907222429)
Migrating to CreateIssnFacilityUnitFeatures (20100913161045)
Migrating to CreateFacilityUnits (20100913181900)
Migrating to CreateMoveInCosts (20100913192916)
Migrating to CreateReserveCosts (20100913193214)
Migrating to AddUnitTypeIdToReservation (20100914040033)
Migrating to RemoveRequestColumnFromReservation (20100917173923)
Migrating to RenameDateColumnsInReservation (20100917181027)
Migrating to RenameIdColumnInMailingAddress (20100920185911)
Migrating to RenameUserColumnInreservation (20100920215606)
Migrating to AddZipColumnsToBillingInfo (20100921155829)
Migrating to AddConfirmationColumnToReservation (20100921161233)
Migrating to AddColumnsToBillingInfo (20100921174520)
Migrating to RenameConfirmationCodeColumnInReservation (20100921180034)
Migrating to AddResponseColumnToReservation (20100921191930)
Migrating to ChangeScopeColumnInPermission (20100922223456)
Migrating to AddReportRecipientsColumnToUser (20100925021221)
Migrating to AddDurationColumnToReservation (20100928160738)
Migrating to AddUnitTypeSizeColumnToReservation (20100928161356)
Migrating to CreateFacilityInsurances (20101005192826)
Migrating to CreateBusinessHours (20101005193633)
Migrating to AddAccessHoursColumnsToListing (20101005221443)
Migrating to CreateSizeIcons (20101008194507)
Migrating to CreateInfoRequests (20101010223123)
Migrating to RenameColumnInReservation (20101013231345)
Migrating to AddSizeIdColumnToInfoRequest (20101013235339)
Migrating to AddInfoRequestsCountColumnToListing (20101014000241)
Migrating to ChangeDefaultInCounterColumnsInListing (20101014003254)
Migrating to RemoveReportRecipientsColumnFromUser (20101016011952)
Migrating to AddColumnsToAccountSettings (20101016014832)
Migrating to CreateSearches (20101021233626)
Migrating to AddNestedSetColumnsToSearch (20101022204744)
Migrating to AddLogoColumnsToListing (20101025204215)
Migrating to AddDefaultLogoColumnToListing (20101025211224)
Migrating to CreateListingContacts (20101026231741)
Migrating to CreateGlobalDescriptions (20101028004048)
Migrating to AddHashColumnToAccountSetting (20101028183750)
Migrating to AddErrorColumnToFacilityUnit (20101029195110)
Migrating to AddCategoryColumnToListing (20101031020530)
Migrating to AddImpressionsCountToPost (20101102010612)
Migrating to CreateAdPartners (20101102212133)
Migrating to AddEnabledColumnToAdPartner (20101104184025)
Migrating to AddRatingAverageToPost (20101116201422)
Migrating to CreateRentals (20101122185233)
Migrating to AddCalcColumnsToSpecial (20101122210055)
Migrating to AddLimitColumnsToSpecial (20101122210541)
Migrating to ChangeListingColumnInSpecial (20101123183527)
Migrating to AddProRateColumnToUser (20101123184226)
Migrating to ChangeColumnsInSpecial (20101123184557)
Migrating to CreatePredefinedSpecials (20101123203359)
Migrating to CreatePredefSpecialAssigns (20101123203618)
Migrating to AddEmailColumnToListingContact (20101129161558)
Migrating to AddSortedByColumnToSearch (20101130195458)
Migrating to AddSortNumColumnToSearch (20101130201057)
Migrating to ChangeColumnSortNumInSearch (20101201212436)
Migrating to ChangeDefaultSortReverseInSearch (20101202201039)
Migrating to AddColumnsToMapAndListing (20101206185751)
Migrating to CreateStaffEmails (20101206191739)
Migrating to CreatePredefinedSizes (20101207223140)
Migrating to AddAdminFeeColumnToListing (20101207224034)
Migrating to AddDefaultsToSearch (20101210165129)
Migrating to AddTrackedNumberColumnToListing (20101213015804)
Migrating to ChangeDurationColumnInRental (20101213224448)
Migrating to AddCategoriesFromFeaturesToListing (20101214182416)
Migrating to RemoveColumnDurationFromRental (20101215161611)
Migrating to RenameCcvColumnInBillingInfo (20101215220840)
Migrating to AddIndexToListing (20101215225728)
Migrating to RenameClientIdColumnInSpecialToListingId (20101215233032)
Migrating to ReplaceRequestUriColumnInImpressions (20101216004339)
Migrating to AddColumnsToRental (20101217173721)
Migrating to CreateEmailBlasts (20101221221029)
Migrating to AddProcessErbColumnToEmailBlast (20101222220649)
Migrating to CreateBlasts (20101222233709)
Migrating to CreateBlastClicks (20101222233812)
Migrating to AddUnSubColumnToListingContact (20101223002715)
Migrating to RemoveEmailColumnFromMailingAddress (20101223194028)
Migrating to ConvertBillingFieldsToBinary (20101227201947)
Migrating to ChangeColumnInComment (20101230155654)
Migrating to ChangeReferrerColumnInSearch (20110103192351)
Migrating to AddMetaColumnsToPage (20110105193856)
Migrating to CreateDelayedJobs (20110110225557)
Migrating to CreateUserStats (20110112205333)
Migrating to ChangeColumnsInUserStat (20110112221630)
Migrating to PolymorphizePost (20110114220002)
Migrating to AddTypesToPost (20110117170314)
Migrating to AddVerificationSentColumnToUser (20110117211557)
Migrating to RemoveFacilityFeaturesAndRePurposeModel (20110118190916)
Migrating to CreateListingFeatures (20110118193056)
Migrating to RenameColumnInPredefSpecial (20110118223949)
Migrating to AddNameColumnToComment (20110119212555)
Migrating to AddAvailabilityColumnToSize (20110121171232)
Migrating to AddRentingEnableColumnToListing (20110125201648)
Migrating to AddStatusColumnToComment (20110201224435)
Migrating to ConvertTaxRateColumnToFloatInListing (20110203161834)
Migrating to DropStatusAndAddPublishedColumnToComment (20110205000248)
Migrating to CreateImgAssets (20110207232942)
Migrating to AddOrigDirColumnToImgAsset (20110207233647)
Migrating to RenameFileColumnsInImgAsset (20110207234607)
Migrating to AddCommentsCountToListing (20110210162456)
Migrating to AddResourceColumnToBlock (20110211182138)
Migrating to AddEmailTemplateColumnToEmailBlast (20110211184927)
Migrating to AddPositionColumnToAdPartner (20110217184250)
Migrating to AddPaidThruColumnToRental (20110218195509)
Migrating to AddSavingsColumnToRental (20110218201528)
Migrating to AddMoreColumnsToRental (20110218203025)
Migrating to AddConfNumColumnsToRental (20110218211005)
Migrating to ChangeAdminFeeColumnInListing (20110221163820)
Migrating to AddActivatedAtColumnToUser (20110222161802)
Migrating to AddRemoteIpColumnToImpression (20110224211614)
Migrating to CreateClaimedListings (20110303171632)
Migrating to MigrateMapsToListing (20110304210446)
Migrating to AddNumFacilitiesToUser (20110307182614)
Migrating to ConvertColumnInClick (20110309163701)
Migrating to ConvertZipToStringInSearch (20110309201059)
Migrating to PadZipInSerach (20110309202422)
Migrating to AddRentalAgreeColumnToClient (20110309233000)
Migrating to AddPercentCompleteColumnToListing (20110322160307)
Migrating to CreateCompares (20110322201721)
Migrating to CreateComparisons (20110322202344)
Migrating to AddSqftColumnToSize (20110331170025)
Migrating to DefaultZeroProfileCompletionOnListing (20110411181701)
Migrating to ChangeDescriptionColumnInSize (20110412164313)
Migrating to DefaultZeroProfileCompletionOnListing2 (20110412214249)
Migrating to AddListingsCountColumnToUser (20110413200046)
Migrating to DefaultZeroOnLoginCountOnUser (20110413212707)
Migrating to DefaultZeroOnLoginCountOnListing (20110413213507)
Migrating to AddFullStateColumnToListing (20110414172909)
Migrating to ContinueFullStateInListing (20110414181003)
Migrating to AddPhoneViewsCountColumnToListing (20110414181443)
Migrating to ContinueFullStateInListing2 (20110414193853)
Migrating to ContinueFullStateInListing3 (20110414204741)
Migrating to ContinueFullStateInListing4 (20110414210228)
Migrating to CreatePhoneViews (20110414214426)
Migrating to AddShortUrlColumnTolisting (20110425183937)
Migrating to AddShortUrlsToListings (20110425203930)
Migrating to CreateNotes (20110426194551)
  [4;36;1mSQL (0.2ms)[0m   [0;1mBEGIN[0m
  [4;35;1mSQL (40.2ms)[0m   [0mCREATE TABLE "notes" ("id" serial primary key, "content" text, "user_id" integer, "status" character varying(255), "created_by" integer, "created_at" timestamp, "updated_at" timestamp) [0m
  [4;36;1mSQL (0.8ms)[0m   [0;1mINSERT INTO schema_migrations (version) VALUES ('20110426194551')[0m
  [4;35;1mSQL (1.0ms)[0m   [0mCOMMIT[0m
  [4;36;1mSQL (0.6ms)[0m   [0;1mSELECT version FROM schema_migrations[0m
DEPRECATION WARNING: require "activerecord" is deprecated and will be removed in Rails 3. Use require "active_record" instead.. (called from /usr/local/lib/ruby/gems/1.8/gems/activerecord-2.3.5/lib/activerecord.rb:2)
** has_many_polymorphs: rails environment detected
** has_many_polymorphs: loaded ok
** has_many_polymorphs: autoload hook invoked
** has_many_polymorphs: preloading parent model Block
** has_many_polymorphs: associating Block.models
  [4;36;1mSQL (0.2ms)[0m   [0;1mSET client_min_messages TO 'panic'[0m
  [4;35;1mSQL (0.1ms)[0m   [0mSET client_min_messages TO 'notice'[0m
** has_many_polymorphs: preloading parent model View
** has_many_polymorphs: associating View.models
** has_many_polymorphs: autoload hook invoked
** has_many_polymorphs: preloading parent model Block
** has_many_polymorphs: preloading parent model View
DEPRECATION WARNING: require "activerecord" is deprecated and will be removed in Rails 3. Use require "active_record" instead.. (called from /usr/local/lib/ruby/gems/1.8/gems/activerecord-2.3.5/lib/activerecord.rb:2)
** has_many_polymorphs: rails environment detected
** has_many_polymorphs: loaded ok
** has_many_polymorphs: autoload hook invoked
** has_many_polymorphs: preloading parent model Block
** has_many_polymorphs: associating Block.models
  [4;36;1mSQL (0.7ms)[0m   [0;1mSET client_min_messages TO 'panic'[0m
  [4;35;1mSQL (0.1ms)[0m   [0mSET client_min_messages TO 'notice'[0m
DEPRECATION WARNING: require "activerecord" is deprecated and will be removed in Rails 3. Use require "active_record" instead.. (called from /usr/local/lib/ruby/gems/1.8/gems/activerecord-2.3.5/lib/activerecord.rb:2)
** has_many_polymorphs: preloading parent model View
** has_many_polymorphs: associating View.models
** has_many_polymorphs: autoload hook invoked
** has_many_polymorphs: preloading parent model Block
** has_many_polymorphs: preloading parent model View
** has_many_polymorphs: rails environment detected
** has_many_polymorphs: loaded ok
** has_many_polymorphs: autoload hook invoked
** has_many_polymorphs: preloading parent model Block
** has_many_polymorphs: associating Block.models
  [4;36;1mSQL (0.2ms)[0m   [0;1mSET client_min_messages TO 'panic'[0m
  [4;35;1mSQL (0.1ms)[0m   [0mSET client_min_messages TO 'notice'[0m
** has_many_polymorphs: preloading parent model View
** has_many_polymorphs: associating View.models
** has_many_polymorphs: autoload hook invoked
** has_many_polymorphs: preloading parent model Block
** has_many_polymorphs: preloading parent model View
** has_many_polymorphs: autoload hook invoked
** has_many_polymorphs: preloading parent model Block
** has_many_polymorphs: preloading parent model View
  [4;36;1mSQL (0.2ms)[0m   [0;1mSET client_min_messages TO 'panic'[0m
  [4;35;1mSQL (0.2ms)[0m   [0mSET client_min_messages TO 'notice'[0m


Processing ClientsController#show (for 127.0.0.1 at 2011-04-26 17:52:01) [GET]
  Parameters: {"action"=>"show", "id"=>"25586", "controller"=>"clients"}
  [4;36;1mUser Load (1.9ms)[0m   [0;1mSELECT * FROM "users" WHERE ("users"."id" = E'1') LIMIT 1[0m
  [4;35;1mAnalyzing User Load Execution Time: 0.003034

[0m   [0mLimit  (cost=0.00..8.27 rows=1 width=574)
   ->  Index Scan using users_pkey on users  (cost=0.00..8.27 rows=1 width=574)
         Index Cond: (id = 1)
[0m
  [4;36;1mSQL (0.2ms)[0m   [0;1mBEGIN[0m
  [4;35;1mUser Update (2.8ms)[0m   [0mUPDATE "users" SET "updated_at" = '2011-04-26 21:52:01.825761', "perishable_token" = E'HBNqqAfFMvefJqZ2h4Xh', "last_request_at" = '2011-04-26 21:52:01.821137' WHERE "id" = 1[0m
  [4;36;1mSQL (0.9ms)[0m   [0;1mCOMMIT[0m
  [4;35;1mRole Load (0.8ms)[0m   [0mSELECT * FROM "roles" WHERE ("roles"."id" = 1) [0m
  [4;36;1mAnalyzing Role Load Execution Time: 0.001177

[0m   [0;1mIndex Scan using roles_pkey on roles  (cost=0.00..8.27 rows=1 width=536)
   Index Cond: (id = 1)
[0m
  [4;35;1mClient Load (5.5ms)[0m   [0mSELECT * FROM "users" WHERE ("users"."id" = 25586) AND ( ("users"."type" = 'Client' ) ) LIMIT 1[0m
  [4;36;1mAnalyzing Client Load Execution Time: 0.209508

[0m   [0;1mLimit  (cost=0.00..8.27 rows=1 width=574)
   ->  Index Scan using users_pkey on users  (cost=0.00..8.27 rows=1 width=574)
         Index Cond: (id = 25586)
         Filter: ((type)::text = 'Client'::text)
[0m
Rendering clients/show
  [4;35;1mUser Load (0.8ms)[0m   [0mSELECT * FROM "users" WHERE ("users"."id" = 25586) [0m
  [4;36;1mAnalyzing User Load Execution Time: 0.008937

[0m   [0;1mIndex Scan using users_pkey on users  (cost=0.00..8.27 rows=1 width=574)
   Index Cond: (id = 25586)
[0m
  [4;35;1mSQL (5.5ms)[0m   [0mSELECT count(*) AS count_all FROM "listings" WHERE ("listings".user_id = 25586 AND (enabled IS TRUE)) [0m
  [4;36;1mAnalyzing  Execution Time: 0.005919

[0m   [0;1mAggregate  (cost=1615.81..1615.82 rows=1 width=0)
   ->  Index Scan using index_listings_on_id_and_user_id_and_title on listings  (cost=0.00..1615.79 rows=4 width=0)
         Index Cond: (user_id = 25586)
         Filter: (enabled IS TRUE)
[0m
  [4;35;1mListing Load (2.9ms)[0m   [0mSELECT * FROM "listings" WHERE ("listings".user_id = 25586) [0m
  [4;36;1mAnalyzing Listing Load Execution Time: 0.003733

[0m   [0;1mIndex Scan using index_listings_on_id_and_user_id_and_title on listings  (cost=0.00..1615.79 rows=4 width=1172)
   Index Cond: (user_id = 25586)
[0m
  [4;35;1mFacilityInfo Load (7.5ms)[0m   [0mSELECT * FROM "facility_infos" WHERE ("facility_infos".listing_id = 113291) LIMIT 1[0m
  [4;36;1mAnalyzing FacilityInfo Load Execution Time: 0.008169

[0m   [0;1mLimit  (cost=0.00..10.00 rows=1 width=8362)
   ->  Seq Scan on facility_infos  (cost=0.00..10.00 rows=1 width=8362)
         Filter: (listing_id = 113291)
[0m
  [4;35;1mRole Load (0.7ms)[0m   [0mSELECT * FROM "roles" WHERE ("roles"."id" = 4) [0m
  [4;36;1mAnalyzing Role Load Execution Time: 0.001061

[0m   [0;1mIndex Scan using roles_pkey on roles  (cost=0.00..8.27 rows=1 width=536)
   Index Cond: (id = 4)
[0m
Rendered users/_user_info (23.3ms)

ActionView::TemplateError (undefined method `render_to_string' for #<ActionView::Base:0x104e299b0>) on line #3 of app/views/notes/_client_notes.html.erb:
1: <div id="client_notes">
2: 	<div>
3: 		<%= render_to_string :action => 'new', :controller => 'notes' %>
4: 	</div>
5: 	
6: 	<%= render client.notes %>

    app/views/notes/_client_notes.html.erb:3
    app/views/clients/show.html.erb:33
    app/controllers/clients_controller.rb:15:in `show'
    /usr/local/lib/ruby/1.8/webrick/httpserver.rb:104:in `service'
    /usr/local/lib/ruby/1.8/webrick/httpserver.rb:65:in `run'
    /usr/local/lib/ruby/1.8/webrick/server.rb:173:in `start_thread'
    /usr/local/lib/ruby/1.8/webrick/server.rb:162:in `start'
    /usr/local/lib/ruby/1.8/webrick/server.rb:162:in `start_thread'
    /usr/local/lib/ruby/1.8/webrick/server.rb:95:in `start'
    /usr/local/lib/ruby/1.8/webrick/server.rb:92:in `each'
    /usr/local/lib/ruby/1.8/webrick/server.rb:92:in `start'
    /usr/local/lib/ruby/1.8/webrick/server.rb:23:in `start'
    /usr/local/lib/ruby/1.8/webrick/server.rb:82:in `start'
    script/ssl_server:129

Rendered rescues/_trace (93.2ms)
Rendered rescues/_request_and_response (3.1ms)
Rendering rescues/layout (internal_server_error)
** has_many_polymorphs: autoload hook invoked
** has_many_polymorphs: preloading parent model Block
** has_many_polymorphs: associating Block.models
  [4;35;1mSQL (0.2ms)[0m   [0mSET client_min_messages TO 'panic'[0m
  [4;36;1mSQL (0.1ms)[0m   [0;1mSET client_min_messages TO 'notice'[0m
** has_many_polymorphs: preloading parent model View
** has_many_polymorphs: associating View.models
  [4;35;1mSQL (0.2ms)[0m   [0mSET client_min_messages TO 'panic'[0m
  [4;36;1mSQL (0.1ms)[0m   [0;1mSET client_min_messages TO 'notice'[0m


Processing AdminController#index (for 127.0.0.1 at 2011-04-26 17:52:17) [GET]
  Parameters: {"action"=>"index", "controller"=>"admin"}
  [4;35;1mUser Load (1.7ms)[0m   [0mSELECT * FROM "users" WHERE ("users"."id" = E'1') LIMIT 1[0m
  [4;36;1mAnalyzing User Load Execution Time: 0.003006

[0m   [0;1mLimit  (cost=0.00..8.27 rows=1 width=574)
   ->  Index Scan using users_pkey on users  (cost=0.00..8.27 rows=1 width=574)
         Index Cond: (id = 1)
[0m
  [4;35;1mSQL (0.3ms)[0m   [0mBEGIN[0m
  [4;36;1mUser Update (1.2ms)[0m   [0;1mUPDATE "users" SET "updated_at" = '2011-04-26 21:52:18.333067', "perishable_token" = E'S3iWcy6bIpyDd084Fvf', "last_request_at" = '2011-04-26 21:52:18.329723' WHERE "id" = 1[0m
  [4;35;1mSQL (2.0ms)[0m   [0mCOMMIT[0m
  [4;36;1mRole Load (4.9ms)[0m   [0;1mSELECT * FROM "roles" WHERE ("roles"."id" = 1) [0m
  [4;35;1mAnalyzing Role Load Execution Time: 0.005313

[0m   [0mIndex Scan using roles_pkey on roles  (cost=0.00..8.27 rows=1 width=536)
   Index Cond: (id = 1)
[0m
Rendering template within layouts/storagelocator
Rendering admin/index
  [4;36;1mBlock Load (1.8ms)[0m   [0;1mSELECT * FROM "blocks" WHERE ("blocks"."show_in_all" = E'header') [0m
  [4;35;1mAnalyzing Block Load Execution Time: 0.002133

[0m   [0mSeq Scan on blocks  (cost=0.00..10.25 rows=1 width=3188)
   Filter: ((show_in_all)::text = 'header'::text)
[0m
  [4;36;1mBlock Load (0.5ms)[0m   [0;1mSELECT * FROM "blocks" WHERE ("blocks"."restful_region" = E'header') [0m
  [4;35;1mAnalyzing Block Load Execution Time: 0.000809

[0m   [0mSeq Scan on blocks  (cost=0.00..10.25 rows=1 width=3188)
   Filter: ((restful_region)::text = 'header'::text)
[0m
  [4;36;1mBlock Load (0.4ms)[0m   [0;1mSELECT * FROM "blocks" WHERE ("blocks"."show_in_all" = E'content_bottom') [0m
  [4;35;1mAnalyzing Block Load Execution Time: 0.000704

[0m   [0mSeq Scan on blocks  (cost=0.00..10.25 rows=1 width=3188)
   Filter: ((show_in_all)::text = 'content_bottom'::text)
[0m
  [4;36;1mBlock Load (0.7ms)[0m   [0;1mSELECT * FROM "blocks" WHERE ("blocks"."restful_region" = E'content_bottom') [0m
  [4;35;1mAnalyzing Block Load Execution Time: 0.005636

[0m   [0mSeq Scan on blocks  (cost=0.00..10.25 rows=1 width=3188)
   Filter: ((restful_region)::text = 'content_bottom'::text)
[0m
  [4;36;1mBlock Load (4.1ms)[0m   [0;1mSELECT * FROM "blocks" WHERE ("blocks"."show_in_all" = E'column_5') [0m
  [4;35;1mAnalyzing Block Load Execution Time: 0.004371

[0m   [0mSeq Scan on blocks  (cost=0.00..10.25 rows=1 width=3188)
   Filter: ((show_in_all)::text = 'column_5'::text)
[0m
  [4;36;1mBlock Load (0.6ms)[0m   [0;1mSELECT * FROM "blocks" WHERE ("blocks"."restful_region" = E'column_5') [0m
  [4;35;1mAnalyzing Block Load Execution Time: 0.00111

[0m   [0mSeq Scan on blocks  (cost=0.00..10.25 rows=1 width=3188)
   Filter: ((restful_region)::text = 'column_5'::text)
[0m
  [4;36;1mBlock Load (0.7ms)[0m   [0;1mSELECT * FROM "blocks" WHERE ("blocks"."show_in_all" = E'more_info') [0m
  [4;35;1mAnalyzing Block Load Execution Time: 0.004251

[0m   [0mSeq Scan on blocks  (cost=0.00..10.25 rows=1 width=3188)
   Filter: ((show_in_all)::text = 'more_info'::text)
[0m
  [4;36;1mBlock Load (0.5ms)[0m   [0;1mSELECT * FROM "blocks" WHERE ("blocks"."restful_region" = E'more_info') [0m
  [4;35;1mAnalyzing Block Load Execution Time: 0.000821

[0m   [0mSeq Scan on blocks  (cost=0.00..10.25 rows=1 width=3188)
   Filter: ((restful_region)::text = 'more_info'::text)
[0m
  [4;36;1mBlocksModel Load (6.9ms)[0m   [0;1mSELECT 'Block' AS polymorphic_parent_class, 'models' AS polymorphic_association_id, blocks_models.block_id AS t0_r3, blocks_models.created_at AS t0_r4, blocks_models.enabled AS t0_r7, blocks_models.id AS t0_r0, blocks_models.model_id AS t0_r1, blocks_models.model_type AS t0_r2, blocks_models.place AS t0_r6, blocks_models.position AS t0_r9, blocks_models.show_title AS t0_r8, blocks_models.updated_at AS t0_r5, links.created_at AS t1_r4, links.group_id AS t1_r6, links.id AS t1_r0, links.path AS t1_r2, links.relative AS t1_r3, links.resource AS t1_r7, links.target_id AS t1_r8, links.title AS t1_r1, links.updated_at AS t1_r5, pages.content AS t2_r7, pages.created_at AS t2_r4, pages.description AS t2_r8, pages.id AS t2_r0, pages.meta_desc AS t2_r13, pages.parent_id AS t2_r2, pages.position AS t2_r10, pages.process_erb AS t2_r11, pages.show_in_nav AS t2_r6, pages.show_title AS t2_r9, pages.title AS t2_r1, pages.updated_at AS t2_r5, pages.url AS t2_r3, pages.use_placeholders AS t2_r12, posts.comments_count AS t3_r7, posts.comments_enabled AS t3_r8, posts.content AS t3_r2, posts.created_at AS t3_r5, posts.id AS t3_r0, posts.impressions_count AS t3_r10, posts.position AS t3_r9, posts.published AS t3_r4, posts.rating_average AS t3_r11, posts.title AS t3_r1, posts.type AS t3_r12, posts.updated_at AS t3_r6, posts.user_id AS t3_r3 FROM "blocks_models" JOIN "blocks" AS polymorphic_parent ON "blocks_models".block_id = polymorphic_parent.id LEFT JOIN "pages" ON "blocks_models".model_id = "pages".id AND "blocks_models".model_type = E'Page' LEFT JOIN "posts" ON "blocks_models".model_id = "posts".id AND "blocks_models".model_type = E'Post' LEFT JOIN "links" ON "blocks_models".model_id = "links".id AND "blocks_models".model_type = E'Link' WHERE (("blocks_models".block_id = 51)) [0m
  [4;35;1mAnalyzing BlocksModel Load Execution Time: 0.00794

[0m   [0mHash Left Join  (cost=32.98..61.21 rows=8 width=3443)
   Hash Cond: (blocks_models.model_id = links.id)
   Join Filter: ((blocks_models.model_type)::text = 'Link'::text)
   ->  Nested Loop  (cost=21.86..49.96 rows=8 width=1866)
         ->  Index Scan using index_blocks_on_id_and_title_and_show_in_all_and_restful_region on blocks polymorphic_parent  (cost=0.00..8.27 rows=1 width=4)
               Index Cond: (id = 51)
         ->  Hash Left Join  (cost=21.86..41.61 rows=8 width=1866)
               Hash Cond: (blocks_models.model_id = pages.id)
               Join Filter: ((blocks_models.model_type)::text = 'Page'::text)
               ->  Hash Left Join  (cost=10.51..30.13 rows=8 width=706)
                     Hash Cond: (blocks_models.model_id = posts.id)
                     Join Filter: ((blocks_models.model_type)::text = 'Post'::text)
                     ->  Bitmap Heap Scan on blocks_models  (cost=4.31..23.81 rows=8 width=41)
                           Recheck Cond: (block_id = 51)
                           ->  Bitmap Index Scan on index_blocks_models_on_block_id_and_model_id_and_model_type  (cost=0.00..4.31 rows=8 width=0)
                                 Index Cond: (block_id = 51)
                     ->  Hash  (cost=5.53..5.53 rows=53 width=665)
                           ->  Seq Scan on posts  (cost=0.00..5.53 rows=53 width=665)
               ->  Hash  (cost=10.60..10.60 rows=60 width=1160)
                     ->  Seq Scan on pages  (cost=0.00..10.60 rows=60 width=1160)
   ->  Hash  (cost=10.50..10.50 rows=50 width=1577)
         ->  Seq Scan on links  (cost=0.00..10.50 rows=50 width=1577)
[0m
Rendered shared/_model_options (15.2ms)
  [4;36;1mSQL (1.4ms)[0m   [0;1mSELECT count(*) AS count_all FROM "views" INNER JOIN "models_views" ON "views".id = "models_views".view_id WHERE (("models_views".model_type = E'Block') AND ("models_views".model_id = 51)) [0m
  [4;35;1mAnalyzing  Execution Time: 0.001825

[0m   [0mAggregate  (cost=16.56..16.57 rows=1 width=0)
   ->  Nested Loop  (cost=0.00..16.55 rows=1 width=0)
         ->  Index Scan using index_models_views_on_model_id_and_view_id_and_model_type on models_views  (cost=0.00..8.27 rows=1 width=4)
               Index Cond: ((model_id = 51) AND ((model_type)::text = 'Block'::text))
         ->  Index Scan using views_pkey on views  (cost=0.00..8.27 rows=1 width=4)
               Index Cond: (views.id = models_views.view_id)
[0m
  [4;36;1mSQL (3.1ms)[0m   [0;1mSELECT count(*) AS count_all FROM "forms" INNER JOIN "block_forms" ON "forms".id = "block_forms".form_id WHERE (("block_forms".block_id = 51)) [0m
  [4;35;1mAnalyzing  Execution Time: 0.003672

[0m   [0mAggregate  (cost=24.33..24.34 rows=1 width=0)
   ->  Hash Join  (cost=13.84..24.31 rows=6 width=0)
         Hash Cond: (forms.id = block_forms.form_id)
         ->  Seq Scan on forms  (cost=0.00..10.30 rows=30 width=4)
         ->  Hash  (cost=13.76..13.76 rows=6 width=4)
               ->  Bitmap Heap Scan on block_forms  (cost=4.30..13.76 rows=6 width=4)
                     Recheck Cond: (block_id = 51)
                     ->  Bitmap Index Scan on index_block_forms_on_block_id_and_form_id  (cost=0.00..4.30 rows=6 width=0)
                           Index Cond: (block_id = 51)
[0m
Rendered blocks/_block (494.5ms)
  [4;36;1mBlock Load (0.9ms)[0m   [0;1mSELECT * FROM "blocks" WHERE ("blocks"."show_in_all" = E'footer') [0m
  [4;35;1mAnalyzing Block Load Execution Time: 0.00144

[0m   [0mSeq Scan on blocks  (cost=0.00..10.25 rows=1 width=3188)
   Filter: ((show_in_all)::text = 'footer'::text)
[0m
  [4;36;1mBlock Load (31.4ms)[0m   [0;1mSELECT * FROM "blocks" WHERE ("blocks"."restful_region" = E'footer') [0m
  [4;35;1mAnalyzing Block Load Execution Time: 0.032486

[0m   [0mSeq Scan on blocks  (cost=0.00..10.25 rows=1 width=3188)
   Filter: ((restful_region)::text = 'footer'::text)
[0m
  [4;36;1mBlocksModel Load (2.4ms)[0m   [0;1mSELECT 'Block' AS polymorphic_parent_class, 'models' AS polymorphic_association_id, blocks_models.block_id AS t0_r3, blocks_models.created_at AS t0_r4, blocks_models.enabled AS t0_r7, blocks_models.id AS t0_r0, blocks_models.model_id AS t0_r1, blocks_models.model_type AS t0_r2, blocks_models.place AS t0_r6, blocks_models.position AS t0_r9, blocks_models.show_title AS t0_r8, blocks_models.updated_at AS t0_r5, links.created_at AS t1_r4, links.group_id AS t1_r6, links.id AS t1_r0, links.path AS t1_r2, links.relative AS t1_r3, links.resource AS t1_r7, links.target_id AS t1_r8, links.title AS t1_r1, links.updated_at AS t1_r5, pages.content AS t2_r7, pages.created_at AS t2_r4, pages.description AS t2_r8, pages.id AS t2_r0, pages.meta_desc AS t2_r13, pages.parent_id AS t2_r2, pages.position AS t2_r10, pages.process_erb AS t2_r11, pages.show_in_nav AS t2_r6, pages.show_title AS t2_r9, pages.title AS t2_r1, pages.updated_at AS t2_r5, pages.url AS t2_r3, pages.use_placeholders AS t2_r12, posts.comments_count AS t3_r7, posts.comments_enabled AS t3_r8, posts.content AS t3_r2, posts.created_at AS t3_r5, posts.id AS t3_r0, posts.impressions_count AS t3_r10, posts.position AS t3_r9, posts.published AS t3_r4, posts.rating_average AS t3_r11, posts.title AS t3_r1, posts.type AS t3_r12, posts.updated_at AS t3_r6, posts.user_id AS t3_r3 FROM "blocks_models" JOIN "blocks" AS polymorphic_parent ON "blocks_models".block_id = polymorphic_parent.id LEFT JOIN "pages" ON "blocks_models".model_id = "pages".id AND "blocks_models".model_type = E'Page' LEFT JOIN "posts" ON "blocks_models".model_id = "posts".id AND "blocks_models".model_type = E'Post' LEFT JOIN "links" ON "blocks_models".model_id = "links".id AND "blocks_models".model_type = E'Link' WHERE (("blocks_models".block_id = 49)) [0m
  [4;35;1mAnalyzing BlocksModel Load Execution Time: 0.003124

[0m   [0mHash Left Join  (cost=32.98..61.21 rows=8 width=3443)
   Hash Cond: (blocks_models.model_id = links.id)
   Join Filter: ((blocks_models.model_type)::text = 'Link'::text)
   ->  Nested Loop  (cost=21.86..49.96 rows=8 width=1866)
         ->  Index Scan using index_blocks_on_id_and_title_and_show_in_all_and_restful_region on blocks polymorphic_parent  (cost=0.00..8.27 rows=1 width=4)
               Index Cond: (id = 49)
         ->  Hash Left Join  (cost=21.86..41.61 rows=8 width=1866)
               Hash Cond: (blocks_models.model_id = pages.id)
               Join Filter: ((blocks_models.model_type)::text = 'Page'::text)
               ->  Hash Left Join  (cost=10.51..30.13 rows=8 width=706)
                     Hash Cond: (blocks_models.model_id = posts.id)
                     Join Filter: ((blocks_models.model_type)::text = 'Post'::text)
                     ->  Bitmap Heap Scan on blocks_models  (cost=4.31..23.81 rows=8 width=41)
                           Recheck Cond: (block_id = 49)
                           ->  Bitmap Index Scan on index_blocks_models_on_block_id_and_model_id_and_model_type  (cost=0.00..4.31 rows=8 width=0)
                                 Index Cond: (block_id = 49)
                     ->  Hash  (cost=5.53..5.53 rows=53 width=665)
                           ->  Seq Scan on posts  (cost=0.00..5.53 rows=53 width=665)
               ->  Hash  (cost=10.60..10.60 rows=60 width=1160)
                     ->  Seq Scan on pages  (cost=0.00..10.60 rows=60 width=1160)
   ->  Hash  (cost=10.50..10.50 rows=50 width=1577)
         ->  Seq Scan on links  (cost=0.00..10.50 rows=50 width=1577)
[0m
Rendered shared/_model_options (10.6ms)
Rendered pages/_footer_bottom (3.5ms)
  [4;36;1mSQL (0.7ms)[0m   [0;1mSELECT count(*) AS count_all FROM "views" INNER JOIN "models_views" ON "views".id = "models_views".view_id WHERE (("models_views".model_type = E'Block') AND ("models_views".model_id = 49)) [0m
  [4;35;1mAnalyzing  Execution Time: 0.000998

[0m   [0mAggregate  (cost=16.56..16.57 rows=1 width=0)
   ->  Nested Loop  (cost=0.00..16.55 rows=1 width=0)
         ->  Index Scan using index_models_views_on_model_id_and_view_id_and_model_type on models_views  (cost=0.00..8.27 rows=1 width=4)
               Index Cond: ((model_id = 49) AND ((model_type)::text = 'Block'::text))
         ->  Index Scan using views_pkey on views  (cost=0.00..8.27 rows=1 width=4)
               Index Cond: (views.id = models_views.view_id)
[0m
  [4;36;1mSQL (0.6ms)[0m   [0;1mSELECT count(*) AS count_all FROM "forms" INNER JOIN "block_forms" ON "forms".id = "block_forms".form_id WHERE (("block_forms".block_id = 49)) [0m
  [4;35;1mAnalyzing  Execution Time: 0.000844

[0m   [0mAggregate  (cost=24.33..24.34 rows=1 width=0)
   ->  Hash Join  (cost=13.84..24.31 rows=6 width=0)
         Hash Cond: (forms.id = block_forms.form_id)
         ->  Seq Scan on forms  (cost=0.00..10.30 rows=30 width=4)
         ->  Hash  (cost=13.76..13.76 rows=6 width=4)
               ->  Bitmap Heap Scan on block_forms  (cost=4.30..13.76 rows=6 width=4)
                     Recheck Cond: (block_id = 49)
                     ->  Bitmap Index Scan on index_block_forms_on_block_id_and_form_id  (cost=0.00..4.30 rows=6 width=0)
                           Index Cond: (block_id = 49)
[0m
Rendered blocks/_block (361.2ms)
  [4;36;1mBlock Load (0.5ms)[0m   [0;1mSELECT * FROM "blocks" WHERE ("blocks"."show_in_all" = E'head_bar') [0m
  [4;35;1mAnalyzing Block Load Execution Time: 0.000794

[0m   [0mSeq Scan on blocks  (cost=0.00..10.25 rows=1 width=3188)
   Filter: ((show_in_all)::text = 'head_bar'::text)
[0m
  [4;36;1mBlock Load (0.5ms)[0m   [0;1mSELECT * FROM "blocks" WHERE ("blocks"."restful_region" = E'head_bar') [0m
  [4;35;1mAnalyzing Block Load Execution Time: 0.002259

[0m   [0mSeq Scan on blocks  (cost=0.00..10.25 rows=1 width=3188)
   Filter: ((restful_region)::text = 'head_bar'::text)
[0m
Rendered menus/_topnav (11.9ms)
  [4;36;1mPage Load (0.7ms)[0m   [0;1mSELECT * FROM "pages" WHERE ("pages"."title" = E'Self Storage') LIMIT 1[0m
  [4;35;1mAnalyzing Page Load Execution Time: 0.001366

[0m   [0mLimit  (cost=0.00..10.75 rows=1 width=1160)
   ->  Seq Scan on pages  (cost=0.00..10.75 rows=1 width=1160)
         Filter: ((title)::text = 'Self Storage'::text)
[0m
Rendered pages/_home (13.1ms)
Rendered user_sessions/_form (11.1ms)
Completed in 3380ms (View: 2824, DB: 109) | 200 OK [https://localhost/admin]
** has_many_polymorphs: autoload hook invoked
** has_many_polymorphs: preloading parent model Block
** has_many_polymorphs: associating Block.models
  [4;36;1mSQL (0.2ms)[0m   [0;1mSET client_min_messages TO 'panic'[0m
  [4;35;1mSQL (0.3ms)[0m   [0mSET client_min_messages TO 'notice'[0m
** has_many_polymorphs: preloading parent model View
** has_many_polymorphs: associating View.models
  [4;36;1mSQL (0.2ms)[0m   [0;1mSET client_min_messages TO 'panic'[0m
  [4;35;1mSQL (0.1ms)[0m   [0mSET client_min_messages TO 'notice'[0m


Processing ClientsController#index (for 127.0.0.1 at 2011-04-26 17:52:27) [GET]
  Parameters: {"action"=>"index", "controller"=>"clients"}
  [4;36;1mUser Load (2.1ms)[0m   [0;1mSELECT * FROM "users" WHERE ("users"."id" = E'1') LIMIT 1[0m
  [4;35;1mAnalyzing User Load Execution Time: 0.003624

[0m   [0mLimit  (cost=0.00..8.27 rows=1 width=574)
   ->  Index Scan using users_pkey on users  (cost=0.00..8.27 rows=1 width=574)
         Index Cond: (id = 1)
[0m
  [4;36;1mSQL (1.0ms)[0m   [0;1mBEGIN[0m
  [4;35;1mUser Update (1.4ms)[0m   [0mUPDATE "users" SET "updated_at" = '2011-04-26 21:52:27.827257', "perishable_token" = E'T4jVKl5UMQ8uqZD3NgBA', "last_request_at" = '2011-04-26 21:52:27.823357' WHERE "id" = 1[0m
  [4;36;1mSQL (0.8ms)[0m   [0;1mCOMMIT[0m
  [4;35;1mRole Load (0.8ms)[0m   [0mSELECT * FROM "roles" WHERE ("roles"."id" = 1) [0m
  [4;36;1mAnalyzing Role Load Execution Time: 0.001214

[0m   [0;1mIndex Scan using roles_pkey on roles  (cost=0.00..8.27 rows=1 width=536)
   Index Cond: (id = 1)
[0m
  [4;35;1mClient Load (2.8ms)[0m   [0mSELECT * FROM "users" WHERE ("users"."status" = E'active') AND ( ("users"."type" = 'Client' ) ) ORDER BY created_at DESC LIMIT 20 OFFSET 0[0m
  [4;36;1mAnalyzing Client Load Execution Time: 0.012031

[0m   [0;1mLimit  (cost=34.49..34.54 rows=20 width=574)
   ->  Sort  (cost=34.49..35.15 rows=265 width=574)
         Sort Key: created_at
         ->  Seq Scan on users  (cost=0.00..27.44 rows=265 width=574)
               Filter: (((status)::text = 'active'::text) AND ((type)::text = 'Client'::text))
[0m
  [4;35;1mSQL (1.2ms)[0m   [0mSELECT count(*) AS count_all FROM "users" WHERE ("users"."status" = E'active') AND ( ("users"."type" = 'Client' ) ) [0m
  [4;36;1mAnalyzing  Execution Time: 0.001586

[0m   [0;1mAggregate  (cost=28.10..28.11 rows=1 width=0)
   ->  Seq Scan on users  (cost=0.00..27.44 rows=265 width=0)
         Filter: (((status)::text = 'active'::text) AND ((type)::text = 'Client'::text))
[0m
Rendering clients/index
  [4;35;1mSQL (0.9ms)[0m   [0mSELECT count(*) AS count_all FROM "users" WHERE ( ("users"."type" = 'Client' ) ) [0m
  [4;36;1mAnalyzing  Execution Time: 0.001334

[0m   [0;1mAggregate  (cost=27.42..27.43 rows=1 width=0)
   ->  Seq Scan on users  (cost=0.00..26.70 rows=288 width=0)
         Filter: ((type)::text = 'Client'::text)
[0m
  [4;35;1mSQL (1.3ms)[0m   [0mSELECT count(*) AS count_all FROM "users" WHERE (status != E'active') AND ( ("users"."type" = 'Client' ) ) [0m
  [4;36;1mAnalyzing  Execution Time: 0.00168

[0m   [0;1mAggregate  (cost=27.50..27.51 rows=1 width=0)
   ->  Seq Scan on users  (cost=0.00..27.44 rows=23 width=0)
         Filter: (((status)::text <> 'active'::text) AND ((type)::text = 'Client'::text))
[0m
  [4;35;1mCACHE (0.0ms)[0m   [0mSELECT count(*) AS count_all FROM "users" WHERE ("users"."status" = E'active') AND ( ("users"."type" = 'Client' ) ) [0m
  [4;36;1mHelptext Load (0.8ms)[0m   [0;1mSELECT * FROM "helptexts" WHERE ("helptexts"."model" = E'client') LIMIT 1[0m
  [4;35;1mAnalyzing Helptext Load Execution Time: 0.002197

[0m   [0mLimit  (cost=0.00..11.50 rows=1 width=601)
   ->  Seq Scan on helptexts  (cost=0.00..11.50 rows=1 width=601)
         Filter: ((model)::text = 'client'::text)
[0m
Rendered helptexts/_helptext (4.4ms)
Rendered shared/_model_new_back_buttons (5.8ms)
Rendered shared/_model_search (12.2ms)
Rendered menus/_view_type_links (28.1ms)
Rendered shared/_model_sort (3.9ms)
  [4;36;1mRole Load (0.8ms)[0m   [0;1mSELECT * FROM "roles" WHERE ("roles"."id" = 4) [0m
  [4;35;1mAnalyzing Role Load Execution Time: 0.001253

[0m   [0mIndex Scan using roles_pkey on roles  (cost=0.00..8.27 rows=1 width=536)
   Index Cond: (id = 4)
[0m
Rendered users/_user_info (25.8ms)
Rendered shared/_edit_delete_link (19.7ms)
  [4;36;1mSQL (3.7ms)[0m   [0;1mSELECT count(*) AS count_all FROM "listings" WHERE ("listings".user_id = 25586) [0m
  [4;35;1mAnalyzing  Execution Time: 0.004158

[0m   [0mAggregate  (cost=1615.81..1615.82 rows=1 width=0)
   ->  Index Scan using index_listings_on_id_and_user_id_and_title on listings  (cost=0.00..1615.79 rows=4 width=0)
         Index Cond: (user_id = 25586)
[0m
  [4;36;1mSQL (0.8ms)[0m   [0;1mSELECT count(*) AS count_all FROM "claimed_listings" WHERE ("claimed_listings".client_id = 25586) [0m
  [4;35;1mAnalyzing  Execution Time: 0.00118

[0m   [0mAggregate  (cost=27.27..27.28 rows=1 width=0)
   ->  Seq Scan on claimed_listings  (cost=0.00..27.25 rows=7 width=0)
         Filter: (client_id = 25586)
[0m
  [4;36;1mCACHE (0.0ms)[0m   [0;1mSELECT * FROM "roles" WHERE ("roles"."id" = 4) [0m
Rendered users/_user_info (27.8ms)
Rendered shared/_edit_delete_link (6.5ms)
  [4;35;1mSQL (1.9ms)[0m   [0mSELECT count(*) AS count_all FROM "listings" WHERE ("listings".user_id = 25584) [0m
  [4;36;1mAnalyzing  Execution Time: 0.002305

[0m   [0;1mAggregate  (cost=1615.81..1615.82 rows=1 width=0)
   ->  Index Scan using index_listings_on_id_and_user_id_and_title on listings  (cost=0.00..1615.79 rows=4 width=0)
         Index Cond: (user_id = 25584)
[0m
  [4;35;1mSQL (0.3ms)[0m   [0mSELECT count(*) AS count_all FROM "claimed_listings" WHERE ("claimed_listings".client_id = 25584) [0m
  [4;36;1mAnalyzing  Execution Time: 0.000543

[0m   [0;1mAggregate  (cost=27.27..27.28 rows=1 width=0)
   ->  Seq Scan on claimed_listings  (cost=0.00..27.25 rows=7 width=0)
         Filter: (client_id = 25584)
[0m
  [4;35;1mCACHE (0.0ms)[0m   [0mSELECT * FROM "roles" WHERE ("roles"."id" = 4) [0m
Rendered users/_user_info (16.9ms)
Rendered shared/_edit_delete_link (14.8ms)
  [4;36;1mSQL (6.9ms)[0m   [0;1mSELECT count(*) AS count_all FROM "listings" WHERE ("listings".user_id = 25583) [0m
  [4;35;1mAnalyzing  Execution Time: 0.007296

[0m   [0mAggregate  (cost=1615.81..1615.82 rows=1 width=0)
   ->  Index Scan using index_listings_on_id_and_user_id_and_title on listings  (cost=0.00..1615.79 rows=4 width=0)
         Index Cond: (user_id = 25583)
[0m
  [4;36;1mSQL (0.4ms)[0m   [0;1mSELECT count(*) AS count_all FROM "claimed_listings" WHERE ("claimed_listings".client_id = 25583) [0m
  [4;35;1mAnalyzing  Execution Time: 0.001154

[0m   [0mAggregate  (cost=27.27..27.28 rows=1 width=0)
   ->  Seq Scan on claimed_listings  (cost=0.00..27.25 rows=7 width=0)
         Filter: (client_id = 25583)
[0m
  [4;36;1mCACHE (0.0ms)[0m   [0;1mSELECT * FROM "roles" WHERE ("roles"."id" = 4) [0m
Rendered users/_user_info (28.5ms)
Rendered shared/_edit_delete_link (6.1ms)
  [4;35;1mSQL (7.0ms)[0m   [0mSELECT count(*) AS count_all FROM "listings" WHERE ("listings".user_id = 25582) [0m
  [4;36;1mAnalyzing  Execution Time: 0.00777

[0m   [0;1mAggregate  (cost=1615.81..1615.82 rows=1 width=0)
   ->  Index Scan using index_listings_on_id_and_user_id_and_title on listings  (cost=0.00..1615.79 rows=4 width=0)
         Index Cond: (user_id = 25582)
[0m
  [4;35;1mSQL (0.5ms)[0m   [0mSELECT count(*) AS count_all FROM "claimed_listings" WHERE ("claimed_listings".client_id = 25582) [0m
  [4;36;1mAnalyzing  Execution Time: 0.000907

[0m   [0;1mAggregate  (cost=27.27..27.28 rows=1 width=0)
   ->  Seq Scan on claimed_listings  (cost=0.00..27.25 rows=7 width=0)
         Filter: (client_id = 25582)
[0m
  [4;35;1mCACHE (0.0ms)[0m   [0mSELECT * FROM "roles" WHERE ("roles"."id" = 4) [0m
Rendered users/_user_info (273.9ms)
Rendered shared/_edit_delete_link (10.6ms)
  [4;36;1mSQL (2.7ms)[0m   [0;1mSELECT count(*) AS count_all FROM "listings" WHERE ("listings".user_id = 25581) [0m
  [4;35;1mAnalyzing  Execution Time: 0.003079

[0m   [0mAggregate  (cost=1615.81..1615.82 rows=1 width=0)
   ->  Index Scan using index_listings_on_id_and_user_id_and_title on listings  (cost=0.00..1615.79 rows=4 width=0)
         Index Cond: (user_id = 25581)
[0m
  [4;36;1mSQL (0.4ms)[0m   [0;1mSELECT count(*) AS count_all FROM "claimed_listings" WHERE ("claimed_listings".client_id = 25581) [0m
  [4;35;1mAnalyzing  Execution Time: 0.000743

[0m   [0mAggregate  (cost=27.27..27.28 rows=1 width=0)
   ->  Seq Scan on claimed_listings  (cost=0.00..27.25 rows=7 width=0)
         Filter: (client_id = 25581)
[0m
  [4;36;1mCACHE (0.0ms)[0m   [0;1mSELECT * FROM "roles" WHERE ("roles"."id" = 4) [0m
Rendered users/_user_info (16.7ms)
Rendered shared/_edit_delete_link (8.7ms)
  [4;35;1mSQL (3.0ms)[0m   [0mSELECT count(*) AS count_all FROM "listings" WHERE ("listings".user_id = 25580) [0m
  [4;36;1mAnalyzing  Execution Time: 0.007145

[0m   [0;1mAggregate  (cost=1615.81..1615.82 rows=1 width=0)
   ->  Index Scan using index_listings_on_id_and_user_id_and_title on listings  (cost=0.00..1615.79 rows=4 width=0)
         Index Cond: (user_id = 25580)
[0m
  [4;35;1mSQL (0.5ms)[0m   [0mSELECT count(*) AS count_all FROM "claimed_listings" WHERE ("claimed_listings".client_id = 25580) [0m
  [4;36;1mAnalyzing  Execution Time: 0.000918

[0m   [0;1mAggregate  (cost=27.27..27.28 rows=1 width=0)
   ->  Seq Scan on claimed_listings  (cost=0.00..27.25 rows=7 width=0)
         Filter: (client_id = 25580)
[0m
  [4;35;1mCACHE (0.0ms)[0m   [0mSELECT * FROM "roles" WHERE ("roles"."id" = 4) [0m
Rendered users/_user_info (26.8ms)
Rendered shared/_edit_delete_link (5.2ms)
  [4;36;1mSQL (2.9ms)[0m   [0;1mSELECT count(*) AS count_all FROM "listings" WHERE ("listings".user_id = 25579) [0m
  [4;35;1mAnalyzing  Execution Time: 0.003292

[0m   [0mAggregate  (cost=1615.81..1615.82 rows=1 width=0)
   ->  Index Scan using index_listings_on_id_and_user_id_and_title on listings  (cost=0.00..1615.79 rows=4 width=0)
         Index Cond: (user_id = 25579)
[0m
  [4;36;1mSQL (0.5ms)[0m   [0;1mSELECT count(*) AS count_all FROM "claimed_listings" WHERE ("claimed_listings".client_id = 25579) [0m
  [4;35;1mAnalyzing  Execution Time: 0.000831

[0m   [0mAggregate  (cost=27.27..27.28 rows=1 width=0)
   ->  Seq Scan on claimed_listings  (cost=0.00..27.25 rows=7 width=0)
         Filter: (client_id = 25579)
[0m
  [4;36;1mCACHE (0.0ms)[0m   [0;1mSELECT * FROM "roles" WHERE ("roles"."id" = 4) [0m
Rendered users/_user_info (17.8ms)
Rendered shared/_edit_delete_link (7.4ms)
  [4;35;1mSQL (2.3ms)[0m   [0mSELECT count(*) AS count_all FROM "listings" WHERE ("listings".user_id = 25577) [0m
  [4;36;1mAnalyzing  Execution Time: 0.002896

[0m   [0;1mAggregate  (cost=1615.81..1615.82 rows=1 width=0)
   ->  Index Scan using index_listings_on_id_and_user_id_and_title on listings  (cost=0.00..1615.79 rows=4 width=0)
         Index Cond: (user_id = 25577)
[0m
  [4;35;1mSQL (0.5ms)[0m   [0mSELECT count(*) AS count_all FROM "claimed_listings" WHERE ("claimed_listings".client_id = 25577) [0m
  [4;36;1mAnalyzing  Execution Time: 0.001168

[0m   [0;1mAggregate  (cost=27.27..27.28 rows=1 width=0)
   ->  Seq Scan on claimed_listings  (cost=0.00..27.25 rows=7 width=0)
         Filter: (client_id = 25577)
[0m
  [4;35;1mCACHE (0.0ms)[0m   [0mSELECT * FROM "roles" WHERE ("roles"."id" = 4) [0m
Rendered users/_user_info (19.9ms)
Rendered shared/_edit_delete_link (6.0ms)
  [4;36;1mSQL (3.5ms)[0m   [0;1mSELECT count(*) AS count_all FROM "listings" WHERE ("listings".user_id = 25575) [0m
  [4;35;1mAnalyzing  Execution Time: 0.003993

[0m   [0mAggregate  (cost=1615.81..1615.82 rows=1 width=0)
   ->  Index Scan using index_listings_on_id_and_user_id_and_title on listings  (cost=0.00..1615.79 rows=4 width=0)
         Index Cond: (user_id = 25575)
[0m
  [4;36;1mSQL (0.4ms)[0m   [0;1mSELECT count(*) AS count_all FROM "claimed_listings" WHERE ("claimed_listings".client_id = 25575) [0m
  [4;35;1mAnalyzing  Execution Time: 0.000836

[0m   [0mAggregate  (cost=27.27..27.28 rows=1 width=0)
   ->  Seq Scan on claimed_listings  (cost=0.00..27.25 rows=7 width=0)
         Filter: (client_id = 25575)
[0m
  [4;36;1mCACHE (0.0ms)[0m   [0;1mSELECT * FROM "roles" WHERE ("roles"."id" = 4) [0m
Rendered users/_user_info (17.1ms)
Rendered shared/_edit_delete_link (19.8ms)
  [4;35;1mSQL (2.3ms)[0m   [0mSELECT count(*) AS count_all FROM "listings" WHERE ("listings".user_id = 25573) [0m
  [4;36;1mAnalyzing  Execution Time: 0.002704

[0m   [0;1mAggregate  (cost=1615.81..1615.82 rows=1 width=0)
   ->  Index Scan using index_listings_on_id_and_user_id_and_title on listings  (cost=0.00..1615.79 rows=4 width=0)
         Index Cond: (user_id = 25573)
[0m
  [4;35;1mSQL (0.4ms)[0m   [0mSELECT count(*) AS count_all FROM "claimed_listings" WHERE ("claimed_listings".client_id = 25573) [0m
  [4;36;1mAnalyzing  Execution Time: 0.001218

[0m   [0;1mAggregate  (cost=27.27..27.28 rows=1 width=0)
   ->  Seq Scan on claimed_listings  (cost=0.00..27.25 rows=7 width=0)
         Filter: (client_id = 25573)
[0m
  [4;35;1mCACHE (0.0ms)[0m   [0mSELECT * FROM "roles" WHERE ("roles"."id" = 4) [0m
Rendered users/_user_info (19.0ms)
Rendered shared/_edit_delete_link (7.5ms)
  [4;36;1mSQL (2.1ms)[0m   [0;1mSELECT count(*) AS count_all FROM "listings" WHERE ("listings".user_id = 25571) [0m
  [4;35;1mAnalyzing  Execution Time: 0.00257

[0m   [0mAggregate  (cost=1615.81..1615.82 rows=1 width=0)
   ->  Index Scan using index_listings_on_id_and_user_id_and_title on listings  (cost=0.00..1615.79 rows=4 width=0)
         Index Cond: (user_id = 25571)
[0m
  [4;36;1mSQL (0.6ms)[0m   [0;1mSELECT count(*) AS count_all FROM "claimed_listings" WHERE ("claimed_listings".client_id = 25571) [0m
  [4;35;1mAnalyzing  Execution Time: 0.002417

[0m   [0mAggregate  (cost=27.27..27.28 rows=1 width=0)
   ->  Seq Scan on claimed_listings  (cost=0.00..27.25 rows=7 width=0)
         Filter: (client_id = 25571)
[0m
  [4;36;1mCACHE (0.0ms)[0m   [0;1mSELECT * FROM "roles" WHERE ("roles"."id" = 4) [0m
Rendered users/_user_info (19.9ms)
Rendered shared/_edit_delete_link (9.2ms)
  [4;35;1mSQL (2.4ms)[0m   [0mSELECT count(*) AS count_all FROM "listings" WHERE ("listings".user_id = 25570) [0m
  [4;36;1mAnalyzing  Execution Time: 0.002842

[0m   [0;1mAggregate  (cost=1615.81..1615.82 rows=1 width=0)
   ->  Index Scan using index_listings_on_id_and_user_id_and_title on listings  (cost=0.00..1615.79 rows=4 width=0)
         Index Cond: (user_id = 25570)
[0m
  [4;35;1mSQL (0.4ms)[0m   [0mSELECT count(*) AS count_all FROM "claimed_listings" WHERE ("claimed_listings".client_id = 25570) [0m
  [4;36;1mAnalyzing  Execution Time: 0.000936

[0m   [0;1mAggregate  (cost=27.27..27.28 rows=1 width=0)
   ->  Seq Scan on claimed_listings  (cost=0.00..27.25 rows=7 width=0)
         Filter: (client_id = 25570)
[0m
  [4;35;1mCACHE (0.0ms)[0m   [0mSELECT * FROM "roles" WHERE ("roles"."id" = 4) [0m
Rendered users/_user_info (20.5ms)
Rendered shared/_edit_delete_link (8.0ms)
  [4;36;1mSQL (2.6ms)[0m   [0;1mSELECT count(*) AS count_all FROM "listings" WHERE ("listings".user_id = 25567) [0m
  [4;35;1mAnalyzing  Execution Time: 0.002989

[0m   [0mAggregate  (cost=1615.81..1615.82 rows=1 width=0)
   ->  Index Scan using index_listings_on_id_and_user_id_and_title on listings  (cost=0.00..1615.79 rows=4 width=0)
         Index Cond: (user_id = 25567)
[0m
  [4;36;1mSQL (0.4ms)[0m   [0;1mSELECT count(*) AS count_all FROM "claimed_listings" WHERE ("claimed_listings".client_id = 25567) [0m
  [4;35;1mAnalyzing  Execution Time: 0.000785

[0m   [0mAggregate  (cost=27.27..27.28 rows=1 width=0)
   ->  Seq Scan on claimed_listings  (cost=0.00..27.25 rows=7 width=0)
         Filter: (client_id = 25567)
[0m
  [4;36;1mCACHE (0.0ms)[0m   [0;1mSELECT * FROM "roles" WHERE ("roles"."id" = 4) [0m
Rendered users/_user_info (26.9ms)
Rendered shared/_edit_delete_link (5.3ms)
  [4;35;1mSQL (2.4ms)[0m   [0mSELECT count(*) AS count_all FROM "listings" WHERE ("listings".user_id = 25565) [0m
  [4;36;1mAnalyzing  Execution Time: 0.002954

[0m   [0;1mAggregate  (cost=1615.81..1615.82 rows=1 width=0)
   ->  Index Scan using index_listings_on_id_and_user_id_and_title on listings  (cost=0.00..1615.79 rows=4 width=0)
         Index Cond: (user_id = 25565)
[0m
  [4;35;1mSQL (0.4ms)[0m   [0mSELECT count(*) AS count_all FROM "claimed_listings" WHERE ("claimed_listings".client_id = 25565) [0m
  [4;36;1mAnalyzing  Execution Time: 0.000993

[0m   [0;1mAggregate  (cost=27.27..27.28 rows=1 width=0)
   ->  Seq Scan on claimed_listings  (cost=0.00..27.25 rows=7 width=0)
         Filter: (client_id = 25565)
[0m
  [4;35;1mCACHE (0.0ms)[0m   [0mSELECT * FROM "roles" WHERE ("roles"."id" = 4) [0m
Rendered users/_user_info (25.0ms)
Rendered shared/_edit_delete_link (9.7ms)
  [4;36;1mSQL (10.0ms)[0m   [0;1mSELECT count(*) AS count_all FROM "listings" WHERE ("listings".user_id = 25564) [0m
  [4;35;1mAnalyzing  Execution Time: 0.010521

[0m   [0mAggregate  (cost=1615.81..1615.82 rows=1 width=0)
   ->  Index Scan using index_listings_on_id_and_user_id_and_title on listings  (cost=0.00..1615.79 rows=4 width=0)
         Index Cond: (user_id = 25564)
[0m
  [4;36;1mSQL (0.4ms)[0m   [0;1mSELECT count(*) AS count_all FROM "claimed_listings" WHERE ("claimed_listings".client_id = 25564) [0m
  [4;35;1mAnalyzing  Execution Time: 0.000866

[0m   [0mAggregate  (cost=27.27..27.28 rows=1 width=0)
   ->  Seq Scan on claimed_listings  (cost=0.00..27.25 rows=7 width=0)
         Filter: (client_id = 25564)
[0m
  [4;36;1mCACHE (0.0ms)[0m   [0;1mSELECT * FROM "roles" WHERE ("roles"."id" = 4) [0m
Rendered users/_user_info (21.6ms)
Rendered shared/_edit_delete_link (4.6ms)
  [4;35;1mSQL (2.0ms)[0m   [0mSELECT count(*) AS count_all FROM "listings" WHERE ("listings".user_id = 25563) [0m
  [4;36;1mAnalyzing  Execution Time: 0.002361

[0m   [0;1mAggregate  (cost=1615.81..1615.82 rows=1 width=0)
   ->  Index Scan using index_listings_on_id_and_user_id_and_title on listings  (cost=0.00..1615.79 rows=4 width=0)
         Index Cond: (user_id = 25563)
[0m
  [4;35;1mSQL (0.3ms)[0m   [0mSELECT count(*) AS count_all FROM "claimed_listings" WHERE ("claimed_listings".client_id = 25563) [0m
  [4;36;1mAnalyzing  Execution Time: 0.000581

[0m   [0;1mAggregate  (cost=27.27..27.28 rows=1 width=0)
   ->  Seq Scan on claimed_listings  (cost=0.00..27.25 rows=7 width=0)
         Filter: (client_id = 25563)
[0m
  [4;35;1mCACHE (0.0ms)[0m   [0mSELECT * FROM "roles" WHERE ("roles"."id" = 4) [0m
Rendered users/_user_info (22.3ms)
Rendered shared/_edit_delete_link (6.8ms)
  [4;36;1mSQL (2.6ms)[0m   [0;1mSELECT count(*) AS count_all FROM "listings" WHERE ("listings".user_id = 25562) [0m
  [4;35;1mAnalyzing  Execution Time: 0.003259

[0m   [0mAggregate  (cost=1615.81..1615.82 rows=1 width=0)
   ->  Index Scan using index_listings_on_id_and_user_id_and_title on listings  (cost=0.00..1615.79 rows=4 width=0)
         Index Cond: (user_id = 25562)
[0m
  [4;36;1mSQL (0.4ms)[0m   [0;1mSELECT count(*) AS count_all FROM "claimed_listings" WHERE ("claimed_listings".client_id = 25562) [0m
  [4;35;1mAnalyzing  Execution Time: 0.001265

[0m   [0mAggregate  (cost=27.27..27.28 rows=1 width=0)
   ->  Seq Scan on claimed_listings  (cost=0.00..27.25 rows=7 width=0)
         Filter: (client_id = 25562)
[0m
  [4;36;1mCACHE (0.0ms)[0m   [0;1mSELECT * FROM "roles" WHERE ("roles"."id" = 4) [0m
Rendered users/_user_info (16.1ms)
Rendered shared/_edit_delete_link (19.2ms)
  [4;35;1mSQL (2.7ms)[0m   [0mSELECT count(*) AS count_all FROM "listings" WHERE ("listings".user_id = 25560) [0m
  [4;36;1mAnalyzing  Execution Time: 0.003311

[0m   [0;1mAggregate  (cost=1615.81..1615.82 rows=1 width=0)
   ->  Index Scan using index_listings_on_id_and_user_id_and_title on listings  (cost=0.00..1615.79 rows=4 width=0)
         Index Cond: (user_id = 25560)
[0m
  [4;35;1mSQL (0.4ms)[0m   [0mSELECT count(*) AS count_all FROM "claimed_listings" WHERE ("claimed_listings".client_id = 25560) [0m
  [4;36;1mAnalyzing  Execution Time: 0.263002

[0m   [0;1mAggregate  (cost=27.27..27.28 rows=1 width=0)
   ->  Seq Scan on claimed_listings  (cost=0.00..27.25 rows=7 width=0)
         Filter: (client_id = 25560)
[0m
  [4;35;1mCACHE (0.0ms)[0m   [0mSELECT * FROM "roles" WHERE ("roles"."id" = 4) [0m
Rendered users/_user_info (29.8ms)
Rendered shared/_edit_delete_link (7.4ms)
  [4;36;1mSQL (4.9ms)[0m   [0;1mSELECT count(*) AS count_all FROM "listings" WHERE ("listings".user_id = 25559) [0m
  [4;35;1mAnalyzing  Execution Time: 0.005399

[0m   [0mAggregate  (cost=1615.81..1615.82 rows=1 width=0)
   ->  Index Scan using index_listings_on_id_and_user_id_and_title on listings  (cost=0.00..1615.79 rows=4 width=0)
         Index Cond: (user_id = 25559)
[0m
  [4;36;1mSQL (0.7ms)[0m   [0;1mSELECT count(*) AS count_all FROM "claimed_listings" WHERE ("claimed_listings".client_id = 25559) [0m
  [4;35;1mAnalyzing  Execution Time: 0.001108

[0m   [0mAggregate  (cost=27.27..27.28 rows=1 width=0)
   ->  Seq Scan on claimed_listings  (cost=0.00..27.25 rows=7 width=0)
         Filter: (client_id = 25559)
[0m
  [4;36;1mCACHE (0.0ms)[0m   [0;1mSELECT * FROM "roles" WHERE ("roles"."id" = 4) [0m
Rendered users/_user_info (29.5ms)
Rendered shared/_edit_delete_link (6.7ms)
  [4;35;1mSQL (2.1ms)[0m   [0mSELECT count(*) AS count_all FROM "listings" WHERE ("listings".user_id = 25558) [0m
  [4;36;1mAnalyzing  Execution Time: 0.00256

[0m   [0;1mAggregate  (cost=1615.81..1615.82 rows=1 width=0)
   ->  Index Scan using index_listings_on_id_and_user_id_and_title on listings  (cost=0.00..1615.79 rows=4 width=0)
         Index Cond: (user_id = 25558)
[0m
  [4;35;1mSQL (0.5ms)[0m   [0mSELECT count(*) AS count_all FROM "claimed_listings" WHERE ("claimed_listings".client_id = 25558) [0m
  [4;36;1mAnalyzing  Execution Time: 0.001328

[0m   [0;1mAggregate  (cost=27.27..27.28 rows=1 width=0)
   ->  Seq Scan on claimed_listings  (cost=0.00..27.25 rows=7 width=0)
         Filter: (client_id = 25558)
[0m
Rendered views/_paginate (28.4ms)
Rendered views/partials/_users (2811.2ms)
Rendered shared/_base_model_index (4647.3ms)
Rendered shared/_model_index (5167.8ms)
Completed in 6387ms (View: 5789, DB: 137) | 200 OK [https://localhost/clients]
** has_many_polymorphs: autoload hook invoked
** has_many_polymorphs: preloading parent model Block
** has_many_polymorphs: associating Block.models
  [4;35;1mSQL (4.8ms)[0m   [0mSET client_min_messages TO 'panic'[0m
  [4;36;1mSQL (0.1ms)[0m   [0;1mSET client_min_messages TO 'notice'[0m
** has_many_polymorphs: preloading parent model View
** has_many_polymorphs: associating View.models
  [4;35;1mSQL (0.4ms)[0m   [0mSET client_min_messages TO 'panic'[0m
  [4;36;1mSQL (0.1ms)[0m   [0;1mSET client_min_messages TO 'notice'[0m


Processing ClientsController#show (for 127.0.0.1 at 2011-04-26 17:52:37) [GET]
  Parameters: {"action"=>"show", "id"=>"25586", "controller"=>"clients"}
  [4;35;1mUser Load (2.1ms)[0m   [0mSELECT * FROM "users" WHERE ("users"."id" = E'1') LIMIT 1[0m
  [4;36;1mAnalyzing User Load Execution Time: 0.003212

[0m   [0;1mLimit  (cost=0.00..8.27 rows=1 width=574)
   ->  Index Scan using users_pkey on users  (cost=0.00..8.27 rows=1 width=574)
         Index Cond: (id = 1)
[0m
  [4;35;1mSQL (0.2ms)[0m   [0mBEGIN[0m
  [4;36;1mUser Update (1.1ms)[0m   [0;1mUPDATE "users" SET "updated_at" = '2011-04-26 21:52:37.970655', "perishable_token" = E'ivcSmsTo3ewlLQwIZo1R', "last_request_at" = '2011-04-26 21:52:37.967943' WHERE "id" = 1[0m
  [4;35;1mSQL (1.2ms)[0m   [0mCOMMIT[0m
  [4;36;1mRole Load (0.7ms)[0m   [0;1mSELECT * FROM "roles" WHERE ("roles"."id" = 1) [0m
  [4;35;1mAnalyzing Role Load Execution Time: 0.001066

[0m   [0mIndex Scan using roles_pkey on roles  (cost=0.00..8.27 rows=1 width=536)
   Index Cond: (id = 1)
[0m
  [4;36;1mClient Load (1.2ms)[0m   [0;1mSELECT * FROM "users" WHERE ("users"."id" = 25586) AND ( ("users"."type" = 'Client' ) ) LIMIT 1[0m
  [4;35;1mAnalyzing Client Load Execution Time: 0.002035

[0m   [0mLimit  (cost=0.00..8.27 rows=1 width=574)
   ->  Index Scan using users_pkey on users  (cost=0.00..8.27 rows=1 width=574)
         Index Cond: (id = 25586)
         Filter: ((type)::text = 'Client'::text)
[0m
Rendering clients/show
  [4;36;1mUser Load (0.6ms)[0m   [0;1mSELECT * FROM "users" WHERE ("users"."id" = 25586) [0m
  [4;35;1mAnalyzing User Load Execution Time: 0.001321

[0m   [0mIndex Scan using users_pkey on users  (cost=0.00..8.27 rows=1 width=574)
   Index Cond: (id = 25586)
[0m
  [4;36;1mSQL (14.2ms)[0m   [0;1mSELECT count(*) AS count_all FROM "listings" WHERE ("listings".user_id = 25586 AND (enabled IS TRUE)) [0m
  [4;35;1mAnalyzing  Execution Time: 0.014539

[0m   [0mAggregate  (cost=1615.81..1615.82 rows=1 width=0)
   ->  Index Scan using index_listings_on_id_and_user_id_and_title on listings  (cost=0.00..1615.79 rows=4 width=0)
         Index Cond: (user_id = 25586)
         Filter: (enabled IS TRUE)
[0m
  [4;36;1mListing Load (2.7ms)[0m   [0;1mSELECT * FROM "listings" WHERE ("listings".user_id = 25586) [0m
  [4;35;1mAnalyzing Listing Load Execution Time: 0.003605

[0m   [0mIndex Scan using index_listings_on_id_and_user_id_and_title on listings  (cost=0.00..1615.79 rows=4 width=1172)
   Index Cond: (user_id = 25586)
[0m
  [4;36;1mFacilityInfo Load (2.4ms)[0m   [0;1mSELECT * FROM "facility_infos" WHERE ("facility_infos".listing_id = 113291) LIMIT 1[0m
  [4;35;1mAnalyzing FacilityInfo Load Execution Time: 0.002843

[0m   [0mLimit  (cost=0.00..10.00 rows=1 width=8362)
   ->  Seq Scan on facility_infos  (cost=0.00..10.00 rows=1 width=8362)
         Filter: (listing_id = 113291)
[0m
  [4;36;1mRole Load (0.4ms)[0m   [0;1mSELECT * FROM "roles" WHERE ("roles"."id" = 4) [0m
  [4;35;1mAnalyzing Role Load Execution Time: 0.000766

[0m   [0mIndex Scan using roles_pkey on roles  (cost=0.00..8.27 rows=1 width=536)
   Index Cond: (id = 4)
[0m
Rendered users/_user_info (19.0ms)
  [4;36;1mNote Load (0.8ms)[0m   [0;1mSELECT * FROM "notes" WHERE ("notes".user_id = 25586) [0m
  [4;35;1mAnalyzing Note Load Execution Time: 0.0013

[0m   [0mSeq Scan on notes  (cost=0.00..11.62 rows=1 width=576)
   Filter: (user_id = 25586)
[0m
Rendered notes/_client_notes (49.0ms)
  [4;36;1mSQL (4.4ms)[0m   [0;1mSELECT count(*) AS count_all FROM "claimed_listings" WHERE ("claimed_listings".client_id = 25586) [0m
  [4;35;1mAnalyzing  Execution Time: 0.004932

[0m   [0mAggregate  (cost=27.27..27.28 rows=1 width=0)
   ->  Seq Scan on claimed_listings  (cost=0.00..27.25 rows=7 width=0)
         Filter: (client_id = 25586)
[0m
  [4;36;1mClient Load (4.5ms)[0m   [0;1mSELECT * FROM "users" WHERE ("users"."id" = 25586) AND ( ("users"."type" = 'Client' ) ) [0m
  [4;35;1mAnalyzing Client Load Execution Time: 0.005316

[0m   [0mIndex Scan using users_pkey on users  (cost=0.00..8.27 rows=1 width=574)
   Index Cond: (id = 25586)
   Filter: ((type)::text = 'Client'::text)
[0m
  [4;36;1mSQL (0.9ms)[0m   [0;1mSELECT count(*) AS count_all FROM "sizes" WHERE ("sizes".listing_id = 113291) [0m
  [4;35;1mAnalyzing  Execution Time: 0.001266

[0m   [0mAggregate  (cost=18.55..18.56 rows=1 width=0)
   ->  Bitmap Heap Scan on sizes  (cost=4.30..18.53 rows=7 width=0)
         Recheck Cond: (listing_id = 113291)
         ->  Bitmap Index Scan on index_sizes_on_listing_id_and_price  (cost=0.00..4.30 rows=7 width=0)
               Index Cond: (listing_id = 113291)
[0m
  [4;36;1mSQL (3.2ms)[0m   [0;1mSELECT count(*) AS count_all FROM "business_hours" WHERE ("business_hours".listing_id = 113291) [0m
  [4;35;1mAnalyzing  Execution Time: 0.003575

[0m   [0mAggregate  (cost=99.56..99.57 rows=1 width=0)
   ->  Seq Scan on business_hours  (cost=0.00..99.53 rows=13 width=0)
         Filter: (listing_id = 113291)
[0m
  [4;36;1mSQL (0.9ms)[0m   [0;1mSELECT count(*) AS count_all FROM "comments" WHERE ("comments".commentable_id = 113291 AND "comments".commentable_type = E'Listing') [0m
  [4;35;1mAnalyzing  Execution Time: 0.001304

[0m   [0mAggregate  (cost=10.91..10.92 rows=1 width=0)
   ->  Seq Scan on comments  (cost=0.00..10.90 rows=1 width=0)
         Filter: ((commentable_id = 113291) AND ((commentable_type)::text = 'Listing'::text))
[0m
  [4;36;1mPredefinedSpecial Load (1.1ms)[0m   [0;1mSELECT "predefined_specials".* FROM "predefined_specials" INNER JOIN "predef_special_assigns" ON "predefined_specials".id = "predef_special_assigns".predefined_special_id WHERE (("predef_special_assigns".listing_id = 113291)) [0m
  [4;35;1mAnalyzing PredefinedSpecial Load Execution Time: 0.001516

[0m   [0mNested Loop  (cost=0.00..10.27 rows=1 width=1092)
   ->  Seq Scan on predef_special_assigns  (cost=0.00..1.99 rows=1 width=4)
         Filter: (listing_id = 113291)
   ->  Index Scan using predefined_specials_pkey on predefined_specials  (cost=0.00..8.27 rows=1 width=1092)
         Index Cond: (predefined_specials.id = predef_special_assigns.predefined_special_id)
[0m
  [4;36;1mSQL (3.0ms)[0m   [0;1mSELECT count(*) AS count_all FROM "facility_features" INNER JOIN "listing_features" ON "facility_features".id = "listing_features".facility_feature_id WHERE (("listing_features".listing_id = 113291)) [0m
  [4;35;1mAnalyzing  Execution Time: 0.003354

[0m   [0mAggregate  (cost=51.87..51.88 rows=1 width=0)
   ->  Hash Join  (cost=12.93..51.85 rows=8 width=0)
         Hash Cond: (listing_features.facility_feature_id = facility_features.id)
         ->  Seq Scan on listing_features  (cost=0.00..38.81 rows=8 width=4)
               Filter: (listing_id = 113291)
         ->  Hash  (cost=11.30..11.30 rows=130 width=4)
               ->  Seq Scan on facility_features  (cost=0.00..11.30 rows=130 width=4)
[0m
  [4;36;1mCACHE (0.0ms)[0m   [0;1mSELECT count(*) AS count_all FROM "facility_features" INNER JOIN "listing_features" ON "facility_features".id = "listing_features".facility_feature_id WHERE (("listing_features".listing_id = 113291)) [0m
  [4;35;1mSQL (6.6ms)[0m   [0mSELECT count(*) AS count_all FROM "pictures" WHERE ("pictures".listing_id = 113291) [0m
  [4;36;1mAnalyzing  Execution Time: 0.006937

[0m   [0;1mAggregate  (cost=15.58..15.59 rows=1 width=0)
   ->  Seq Scan on pictures  (cost=0.00..15.57 rows=3 width=0)
         Filter: (listing_id = 113291)
[0m
Rendered listings/_listing (551.4ms)
  [4;35;1mMailingAddress Load (1.8ms)[0m   [0mSELECT * FROM "mailing_addresses" WHERE ("mailing_addresses".user_id = 25586) LIMIT 1[0m
  [4;36;1mAnalyzing MailingAddress Load Execution Time: 0.002387

[0m   [0;1mLimit  (cost=0.00..8.27 rows=1 width=106)
   ->  Index Scan using index_mailing_addresses_on_client_id_and_city_and_state on mailing_addresses  (cost=0.00..8.27 rows=1 width=106)
         Index Cond: (user_id = 25586)
[0m
Rendered clients/_owner_info (24.7ms)
  [4;35;1mUserHintPlacement Load (3.0ms)[0m   [0mSELECT * FROM "user_hint_placements" WHERE ("user_hint_placements".user_id = 25586) [0m
  [4;36;1mAnalyzing UserHintPlacement Load Execution Time: 0.004405

[0m   [0;1mIndex Scan using index_user_hint_placements_on_user_id on user_hint_placements  (cost=0.00..8.39 rows=8 width=33)
   Index Cond: (user_id = 25586)
[0m
  [4;35;1mAccountSetting Load (0.8ms)[0m   [0mSELECT * FROM "account_settings" WHERE ("account_settings".client_id = 25586) LIMIT 1[0m
  [4;36;1mAnalyzing AccountSetting Load Execution Time: 0.001047

[0m   [0;1mLimit  (cost=0.00..1.65 rows=1 width=80)
   ->  Seq Scan on account_settings  (cost=0.00..1.65 rows=1 width=80)
         Filter: (client_id = 25586)
[0m
Rendered clients/_settings (432.8ms)
  [4;35;1mSQL (27.4ms)[0m   [0mSELECT count(*) AS count_all FROM "user_stats" WHERE ("user_stats".user_id = 25586) [0m
  [4;36;1mAnalyzing  Execution Time: 0.027933

[0m   [0;1mAggregate  (cost=678.85..678.86 rows=1 width=0)
   ->  Seq Scan on user_stats  (cost=0.00..678.81 rows=14 width=0)
         Filter: (user_id = 25586)
[0m
  [4;35;1mUserStat Load (1.2ms)[0m   [0mSELECT * FROM "user_stats" WHERE ("user_stats".user_id = 25586) ORDER BY user_stats.id DESC LIMIT 1[0m
  [4;36;1mAnalyzing UserStat Load Execution Time: 0.001672

[0m   [0;1mLimit  (cost=0.00..64.69 rows=1 width=1370)
   ->  Index Scan Backward using user_stats_pkey on user_stats  (cost=0.00..905.65 rows=14 width=1370)
         Filter: (user_id = 25586)
[0m
Rendered user_stats/_user_stat (8.6ms)
Completed in 3603ms (View: 2951, DB: 111) | 200 OK [https://localhost/clients/25586]
** has_many_polymorphs: autoload hook invoked
** has_many_polymorphs: preloading parent model Block
** has_many_polymorphs: associating Block.models
  [4;35;1mSQL (0.2ms)[0m   [0mSET client_min_messages TO 'panic'[0m
  [4;36;1mSQL (0.1ms)[0m   [0;1mSET client_min_messages TO 'notice'[0m
** has_many_polymorphs: preloading parent model View
** has_many_polymorphs: associating View.models
  [4;35;1mSQL (0.2ms)[0m   [0mSET client_min_messages TO 'panic'[0m
  [4;36;1mSQL (0.1ms)[0m   [0;1mSET client_min_messages TO 'notice'[0m


Processing ClientsController#index (for 127.0.0.1 at 2011-04-26 17:57:00) [GET]
  Parameters: {"action"=>"index", "controller"=>"clients"}
  [4;35;1mUser Load (2.7ms)[0m   [0mSELECT * FROM "users" WHERE ("users"."id" = E'1') LIMIT 1[0m
  [4;36;1mAnalyzing User Load Execution Time: 0.003536

[0m   [0;1mLimit  (cost=0.00..8.27 rows=1 width=574)
   ->  Index Scan using users_pkey on users  (cost=0.00..8.27 rows=1 width=574)
         Index Cond: (id = 1)
[0m
  [4;35;1mSQL (0.2ms)[0m   [0mBEGIN[0m
  [4;36;1mUser Update (1.3ms)[0m   [0;1mUPDATE "users" SET "updated_at" = '2011-04-26 21:57:00.508056', "perishable_token" = E'cmXAXlCQ2O73HIymeMgr', "last_request_at" = '2011-04-26 21:57:00.505630' WHERE "id" = 1[0m
  [4;35;1mSQL (1.5ms)[0m   [0mCOMMIT[0m
  [4;36;1mRole Load (0.7ms)[0m   [0;1mSELECT * FROM "roles" WHERE ("roles"."id" = 1) [0m
  [4;35;1mAnalyzing Role Load Execution Time: 0.001027

[0m   [0mIndex Scan using roles_pkey on roles  (cost=0.00..8.27 rows=1 width=536)
   Index Cond: (id = 1)
[0m
  [4;36;1mClient Load (4.4ms)[0m   [0;1mSELECT * FROM "users" WHERE ("users"."status" = E'active') AND ( ("users"."type" = 'Client' ) ) ORDER BY created_at DESC LIMIT 20 OFFSET 0[0m
  [4;35;1mAnalyzing Client Load Execution Time: 0.016968

[0m   [0mLimit  (cost=34.49..34.54 rows=20 width=574)
   ->  Sort  (cost=34.49..35.15 rows=265 width=574)
         Sort Key: created_at
         ->  Seq Scan on users  (cost=0.00..27.44 rows=265 width=574)
               Filter: (((status)::text = 'active'::text) AND ((type)::text = 'Client'::text))
[0m
  [4;36;1mSQL (1.1ms)[0m   [0;1mSELECT count(*) AS count_all FROM "users" WHERE ("users"."status" = E'active') AND ( ("users"."type" = 'Client' ) ) [0m
  [4;35;1mAnalyzing  Execution Time: 0.001451

[0m   [0mAggregate  (cost=28.10..28.11 rows=1 width=0)
   ->  Seq Scan on users  (cost=0.00..27.44 rows=265 width=0)
         Filter: (((status)::text = 'active'::text) AND ((type)::text = 'Client'::text))
[0m
Rendering clients/index
  [4;36;1mSQL (0.9ms)[0m   [0;1mSELECT count(*) AS count_all FROM "users" WHERE ( ("users"."type" = 'Client' ) ) [0m
  [4;35;1mAnalyzing  Execution Time: 0.001475

[0m   [0mAggregate  (cost=27.42..27.43 rows=1 width=0)
   ->  Seq Scan on users  (cost=0.00..26.70 rows=288 width=0)
         Filter: ((type)::text = 'Client'::text)
[0m
  [4;36;1mSQL (1.1ms)[0m   [0;1mSELECT count(*) AS count_all FROM "users" WHERE (status != E'active') AND ( ("users"."type" = 'Client' ) ) [0m
  [4;35;1mAnalyzing  Execution Time: 0.001461

[0m   [0mAggregate  (cost=27.50..27.51 rows=1 width=0)
   ->  Seq Scan on users  (cost=0.00..27.44 rows=23 width=0)
         Filter: (((status)::text <> 'active'::text) AND ((type)::text = 'Client'::text))
[0m
  [4;36;1mCACHE (0.0ms)[0m   [0;1mSELECT count(*) AS count_all FROM "users" WHERE ("users"."status" = E'active') AND ( ("users"."type" = 'Client' ) ) [0m
  [4;35;1mHelptext Load (0.8ms)[0m   [0mSELECT * FROM "helptexts" WHERE ("helptexts"."model" = E'client') LIMIT 1[0m
  [4;36;1mAnalyzing Helptext Load Execution Time: 0.001088

[0m   [0;1mLimit  (cost=0.00..11.50 rows=1 width=601)
   ->  Seq Scan on helptexts  (cost=0.00..11.50 rows=1 width=601)
         Filter: ((model)::text = 'client'::text)
[0m
Rendered helptexts/_helptext (3.4ms)
Rendered shared/_model_new_back_buttons (3.5ms)
Rendered shared/_model_search (10.9ms)
Rendered menus/_view_type_links (16.0ms)
Rendered shared/_model_sort (1.7ms)
  [4;35;1mRole Load (0.5ms)[0m   [0mSELECT * FROM "roles" WHERE ("roles"."id" = 4) [0m
  [4;36;1mAnalyzing Role Load Execution Time: 0.000873

[0m   [0;1mIndex Scan using roles_pkey on roles  (cost=0.00..8.27 rows=1 width=536)
   Index Cond: (id = 4)
[0m
Rendered users/_user_info (18.5ms)
Rendered shared/_edit_delete_link (12.1ms)
  [4;35;1mSQL (4.0ms)[0m   [0mSELECT count(*) AS count_all FROM "listings" WHERE ("listings".user_id = 25586) [0m
  [4;36;1mAnalyzing  Execution Time: 0.004466

[0m   [0;1mAggregate  (cost=1615.81..1615.82 rows=1 width=0)
   ->  Index Scan using index_listings_on_id_and_user_id_and_title on listings  (cost=0.00..1615.79 rows=4 width=0)
         Index Cond: (user_id = 25586)
[0m
  [4;35;1mSQL (0.9ms)[0m   [0mSELECT count(*) AS count_all FROM "claimed_listings" WHERE ("claimed_listings".client_id = 25586) [0m
  [4;36;1mAnalyzing  Execution Time: 0.001287

[0m   [0;1mAggregate  (cost=27.27..27.28 rows=1 width=0)
   ->  Seq Scan on claimed_listings  (cost=0.00..27.25 rows=7 width=0)
         Filter: (client_id = 25586)
[0m
  [4;35;1mCACHE (0.0ms)[0m   [0mSELECT * FROM "roles" WHERE ("roles"."id" = 4) [0m
Rendered users/_user_info (18.6ms)
Rendered shared/_edit_delete_link (5.2ms)
  [4;36;1mSQL (3.2ms)[0m   [0;1mSELECT count(*) AS count_all FROM "listings" WHERE ("listings".user_id = 25584) [0m
  [4;35;1mAnalyzing  Execution Time: 0.003598

[0m   [0mAggregate  (cost=1615.81..1615.82 rows=1 width=0)
   ->  Index Scan using index_listings_on_id_and_user_id_and_title on listings  (cost=0.00..1615.79 rows=4 width=0)
         Index Cond: (user_id = 25584)
[0m
  [4;36;1mSQL (0.4ms)[0m   [0;1mSELECT count(*) AS count_all FROM "claimed_listings" WHERE ("claimed_listings".client_id = 25584) [0m
  [4;35;1mAnalyzing  Execution Time: 0.000857

[0m   [0mAggregate  (cost=27.27..27.28 rows=1 width=0)
   ->  Seq Scan on claimed_listings  (cost=0.00..27.25 rows=7 width=0)
         Filter: (client_id = 25584)
[0m
  [4;36;1mCACHE (0.0ms)[0m   [0;1mSELECT * FROM "roles" WHERE ("roles"."id" = 4) [0m
Rendered users/_user_info (43.2ms)
Rendered shared/_edit_delete_link (14.5ms)
  [4;35;1mSQL (2.9ms)[0m   [0mSELECT count(*) AS count_all FROM "listings" WHERE ("listings".user_id = 25583) [0m
  [4;36;1mAnalyzing  Execution Time: 0.003469

[0m   [0;1mAggregate  (cost=1615.81..1615.82 rows=1 width=0)
   ->  Index Scan using index_listings_on_id_and_user_id_and_title on listings  (cost=0.00..1615.79 rows=4 width=0)
         Index Cond: (user_id = 25583)
[0m
  [4;35;1mSQL (0.4ms)[0m   [0mSELECT count(*) AS count_all FROM "claimed_listings" WHERE ("claimed_listings".client_id = 25583) [0m
  [4;36;1mAnalyzing  Execution Time: 0.000747

[0m   [0;1mAggregate  (cost=27.27..27.28 rows=1 width=0)
   ->  Seq Scan on claimed_listings  (cost=0.00..27.25 rows=7 width=0)
         Filter: (client_id = 25583)
[0m
  [4;35;1mCACHE (0.0ms)[0m   [0mSELECT * FROM "roles" WHERE ("roles"."id" = 4) [0m
Rendered users/_user_info (49.3ms)
Rendered shared/_edit_delete_link (7.1ms)
  [4;36;1mSQL (2.3ms)[0m   [0;1mSELECT count(*) AS count_all FROM "listings" WHERE ("listings".user_id = 25582) [0m
  [4;35;1mAnalyzing  Execution Time: 0.002775

[0m   [0mAggregate  (cost=1615.81..1615.82 rows=1 width=0)
   ->  Index Scan using index_listings_on_id_and_user_id_and_title on listings  (cost=0.00..1615.79 rows=4 width=0)
         Index Cond: (user_id = 25582)
[0m
  [4;36;1mSQL (0.6ms)[0m   [0;1mSELECT count(*) AS count_all FROM "claimed_listings" WHERE ("claimed_listings".client_id = 25582) [0m
  [4;35;1mAnalyzing  Execution Time: 0.001143

[0m   [0mAggregate  (cost=27.27..27.28 rows=1 width=0)
   ->  Seq Scan on claimed_listings  (cost=0.00..27.25 rows=7 width=0)
         Filter: (client_id = 25582)
[0m
  [4;36;1mCACHE (0.0ms)[0m   [0;1mSELECT * FROM "roles" WHERE ("roles"."id" = 4) [0m
Rendered users/_user_info (17.2ms)
Rendered shared/_edit_delete_link (5.7ms)
  [4;35;1mSQL (7.6ms)[0m   [0mSELECT count(*) AS count_all FROM "listings" WHERE ("listings".user_id = 25581) [0m
  [4;36;1mAnalyzing  Execution Time: 0.007972

[0m   [0;1mAggregate  (cost=1615.81..1615.82 rows=1 width=0)
   ->  Index Scan using index_listings_on_id_and_user_id_and_title on listings  (cost=0.00..1615.79 rows=4 width=0)
         Index Cond: (user_id = 25581)
[0m
  [4;35;1mSQL (0.4ms)[0m   [0mSELECT count(*) AS count_all FROM "claimed_listings" WHERE ("claimed_listings".client_id = 25581) [0m
  [4;36;1mAnalyzing  Execution Time: 0.001094

[0m   [0;1mAggregate  (cost=27.27..27.28 rows=1 width=0)
   ->  Seq Scan on claimed_listings  (cost=0.00..27.25 rows=7 width=0)
         Filter: (client_id = 25581)
[0m
  [4;35;1mCACHE (0.0ms)[0m   [0mSELECT * FROM "roles" WHERE ("roles"."id" = 4) [0m
Rendered users/_user_info (21.3ms)
Rendered shared/_edit_delete_link (7.8ms)
  [4;36;1mSQL (2.9ms)[0m   [0;1mSELECT count(*) AS count_all FROM "listings" WHERE ("listings".user_id = 25580) [0m
  [4;35;1mAnalyzing  Execution Time: 0.003315

[0m   [0mAggregate  (cost=1615.81..1615.82 rows=1 width=0)
   ->  Index Scan using index_listings_on_id_and_user_id_and_title on listings  (cost=0.00..1615.79 rows=4 width=0)
         Index Cond: (user_id = 25580)
[0m
  [4;36;1mSQL (2.5ms)[0m   [0;1mSELECT count(*) AS count_all FROM "claimed_listings" WHERE ("claimed_listings".client_id = 25580) [0m
  [4;35;1mAnalyzing  Execution Time: 0.002993

[0m   [0mAggregate  (cost=27.27..27.28 rows=1 width=0)
   ->  Seq Scan on claimed_listings  (cost=0.00..27.25 rows=7 width=0)
         Filter: (client_id = 25580)
[0m
  [4;36;1mCACHE (0.0ms)[0m   [0;1mSELECT * FROM "roles" WHERE ("roles"."id" = 4) [0m
Rendered users/_user_info (18.0ms)
Rendered shared/_edit_delete_link (16.7ms)
  [4;35;1mSQL (3.1ms)[0m   [0mSELECT count(*) AS count_all FROM "listings" WHERE ("listings".user_id = 25579) [0m
  [4;36;1mAnalyzing  Execution Time: 0.003559

[0m   [0;1mAggregate  (cost=1615.81..1615.82 rows=1 width=0)
   ->  Index Scan using index_listings_on_id_and_user_id_and_title on listings  (cost=0.00..1615.79 rows=4 width=0)
         Index Cond: (user_id = 25579)
[0m
  [4;35;1mSQL (0.4ms)[0m   [0mSELECT count(*) AS count_all FROM "claimed_listings" WHERE ("claimed_listings".client_id = 25579) [0m
  [4;36;1mAnalyzing  Execution Time: 0.000833

[0m   [0;1mAggregate  (cost=27.27..27.28 rows=1 width=0)
   ->  Seq Scan on claimed_listings  (cost=0.00..27.25 rows=7 width=0)
         Filter: (client_id = 25579)
[0m
  [4;35;1mCACHE (0.0ms)[0m   [0mSELECT * FROM "roles" WHERE ("roles"."id" = 4) [0m
Rendered users/_user_info (26.3ms)
Rendered shared/_edit_delete_link (6.3ms)
  [4;36;1mSQL (2.6ms)[0m   [0;1mSELECT count(*) AS count_all FROM "listings" WHERE ("listings".user_id = 25577) [0m
  [4;35;1mAnalyzing  Execution Time: 0.003242

[0m   [0mAggregate  (cost=1615.81..1615.82 rows=1 width=0)
   ->  Index Scan using index_listings_on_id_and_user_id_and_title on listings  (cost=0.00..1615.79 rows=4 width=0)
         Index Cond: (user_id = 25577)
[0m
  [4;36;1mSQL (0.5ms)[0m   [0;1mSELECT count(*) AS count_all FROM "claimed_listings" WHERE ("claimed_listings".client_id = 25577) [0m
  [4;35;1mAnalyzing  Execution Time: 0.000795

[0m   [0mAggregate  (cost=27.27..27.28 rows=1 width=0)
   ->  Seq Scan on claimed_listings  (cost=0.00..27.25 rows=7 width=0)
         Filter: (client_id = 25577)
[0m
  [4;36;1mCACHE (0.0ms)[0m   [0;1mSELECT * FROM "roles" WHERE ("roles"."id" = 4) [0m
Rendered users/_user_info (23.0ms)
Rendered shared/_edit_delete_link (6.1ms)
  [4;35;1mSQL (3.2ms)[0m   [0mSELECT count(*) AS count_all FROM "listings" WHERE ("listings".user_id = 25575) [0m
  [4;36;1mAnalyzing  Execution Time: 0.00382

[0m   [0;1mAggregate  (cost=1615.81..1615.82 rows=1 width=0)
   ->  Index Scan using index_listings_on_id_and_user_id_and_title on listings  (cost=0.00..1615.79 rows=4 width=0)
         Index Cond: (user_id = 25575)
[0m
  [4;35;1mSQL (0.4ms)[0m   [0mSELECT count(*) AS count_all FROM "claimed_listings" WHERE ("claimed_listings".client_id = 25575) [0m
  [4;36;1mAnalyzing  Execution Time: 0.000744

[0m   [0;1mAggregate  (cost=27.27..27.28 rows=1 width=0)
   ->  Seq Scan on claimed_listings  (cost=0.00..27.25 rows=7 width=0)
         Filter: (client_id = 25575)
[0m
  [4;35;1mCACHE (0.0ms)[0m   [0mSELECT * FROM "roles" WHERE ("roles"."id" = 4) [0m
Rendered users/_user_info (29.6ms)
Rendered shared/_edit_delete_link (7.4ms)
  [4;36;1mSQL (3.7ms)[0m   [0;1mSELECT count(*) AS count_all FROM "listings" WHERE ("listings".user_id = 25573) [0m
  [4;35;1mAnalyzing  Execution Time: 0.004273

[0m   [0mAggregate  (cost=1615.81..1615.82 rows=1 width=0)
   ->  Index Scan using index_listings_on_id_and_user_id_and_title on listings  (cost=0.00..1615.79 rows=4 width=0)
         Index Cond: (user_id = 25573)
[0m
  [4;36;1mSQL (0.5ms)[0m   [0;1mSELECT count(*) AS count_all FROM "claimed_listings" WHERE ("claimed_listings".client_id = 25573) [0m
  [4;35;1mAnalyzing  Execution Time: 0.001659

[0m   [0mAggregate  (cost=27.27..27.28 rows=1 width=0)
   ->  Seq Scan on claimed_listings  (cost=0.00..27.25 rows=7 width=0)
         Filter: (client_id = 25573)
[0m
  [4;36;1mCACHE (0.0ms)[0m   [0;1mSELECT * FROM "roles" WHERE ("roles"."id" = 4) [0m
Rendered users/_user_info (19.0ms)
Rendered shared/_edit_delete_link (8.8ms)
  [4;35;1mSQL (5.3ms)[0m   [0mSELECT count(*) AS count_all FROM "listings" WHERE ("listings".user_id = 25571) [0m
  [4;36;1mAnalyzing  Execution Time: 0.00569

[0m   [0;1mAggregate  (cost=1615.81..1615.82 rows=1 width=0)
   ->  Index Scan using index_listings_on_id_and_user_id_and_title on listings  (cost=0.00..1615.79 rows=4 width=0)
         Index Cond: (user_id = 25571)
[0m
  [4;35;1mSQL (0.4ms)[0m   [0mSELECT count(*) AS count_all FROM "claimed_listings" WHERE ("claimed_listings".client_id = 25571) [0m
  [4;36;1mAnalyzing  Execution Time: 0.000795

[0m   [0;1mAggregate  (cost=27.27..27.28 rows=1 width=0)
   ->  Seq Scan on claimed_listings  (cost=0.00..27.25 rows=7 width=0)
         Filter: (client_id = 25571)
[0m
  [4;35;1mCACHE (0.0ms)[0m   [0mSELECT * FROM "roles" WHERE ("roles"."id" = 4) [0m
Rendered users/_user_info (20.4ms)
Rendered shared/_edit_delete_link (311.1ms)
  [4;36;1mSQL (2.8ms)[0m   [0;1mSELECT count(*) AS count_all FROM "listings" WHERE ("listings".user_id = 25570) [0m
  [4;35;1mAnalyzing  Execution Time: 0.003351

[0m   [0mAggregate  (cost=1615.81..1615.82 rows=1 width=0)
   ->  Index Scan using index_listings_on_id_and_user_id_and_title on listings  (cost=0.00..1615.79 rows=4 width=0)
         Index Cond: (user_id = 25570)
[0m
  [4;36;1mSQL (0.4ms)[0m   [0;1mSELECT count(*) AS count_all FROM "claimed_listings" WHERE ("claimed_listings".client_id = 25570) [0m
  [4;35;1mAnalyzing  Execution Time: 0.002268

[0m   [0mAggregate  (cost=27.27..27.28 rows=1 width=0)
   ->  Seq Scan on claimed_listings  (cost=0.00..27.25 rows=7 width=0)
         Filter: (client_id = 25570)
[0m
  [4;36;1mCACHE (0.0ms)[0m   [0;1mSELECT * FROM "roles" WHERE ("roles"."id" = 4) [0m
Rendered users/_user_info (25.1ms)
Rendered shared/_edit_delete_link (6.5ms)
  [4;35;1mSQL (2.2ms)[0m   [0mSELECT count(*) AS count_all FROM "listings" WHERE ("listings".user_id = 25567) [0m
  [4;36;1mAnalyzing  Execution Time: 0.002563

[0m   [0;1mAggregate  (cost=1615.81..1615.82 rows=1 width=0)
   ->  Index Scan using index_listings_on_id_and_user_id_and_title on listings  (cost=0.00..1615.79 rows=4 width=0)
         Index Cond: (user_id = 25567)
[0m
  [4;35;1mSQL (6.6ms)[0m   [0mSELECT count(*) AS count_all FROM "claimed_listings" WHERE ("claimed_listings".client_id = 25567) [0m
  [4;36;1mAnalyzing  Execution Time: 0.007105

[0m   [0;1mAggregate  (cost=27.27..27.28 rows=1 width=0)
   ->  Seq Scan on claimed_listings  (cost=0.00..27.25 rows=7 width=0)
         Filter: (client_id = 25567)
[0m
  [4;35;1mCACHE (0.0ms)[0m   [0mSELECT * FROM "roles" WHERE ("roles"."id" = 4) [0m
Rendered users/_user_info (17.6ms)
Rendered shared/_edit_delete_link (5.1ms)
  [4;36;1mSQL (9.3ms)[0m   [0;1mSELECT count(*) AS count_all FROM "listings" WHERE ("listings".user_id = 25565) [0m
  [4;35;1mAnalyzing  Execution Time: 0.009922

[0m   [0mAggregate  (cost=1615.81..1615.82 rows=1 width=0)
   ->  Index Scan using index_listings_on_id_and_user_id_and_title on listings  (cost=0.00..1615.79 rows=4 width=0)
         Index Cond: (user_id = 25565)
[0m
  [4;36;1mSQL (0.4ms)[0m   [0;1mSELECT count(*) AS count_all FROM "claimed_listings" WHERE ("claimed_listings".client_id = 25565) [0m
  [4;35;1mAnalyzing  Execution Time: 0.00075

[0m   [0mAggregate  (cost=27.27..27.28 rows=1 width=0)
   ->  Seq Scan on claimed_listings  (cost=0.00..27.25 rows=7 width=0)
         Filter: (client_id = 25565)
[0m
  [4;36;1mCACHE (0.0ms)[0m   [0;1mSELECT * FROM "roles" WHERE ("roles"."id" = 4) [0m
Rendered users/_user_info (21.1ms)
Rendered shared/_edit_delete_link (6.2ms)
  [4;35;1mSQL (3.1ms)[0m   [0mSELECT count(*) AS count_all FROM "listings" WHERE ("listings".user_id = 25564) [0m
  [4;36;1mAnalyzing  Execution Time: 0.003585

[0m   [0;1mAggregate  (cost=1615.81..1615.82 rows=1 width=0)
   ->  Index Scan using index_listings_on_id_and_user_id_and_title on listings  (cost=0.00..1615.79 rows=4 width=0)
         Index Cond: (user_id = 25564)
[0m
  [4;35;1mSQL (0.4ms)[0m   [0mSELECT count(*) AS count_all FROM "claimed_listings" WHERE ("claimed_listings".client_id = 25564) [0m
  [4;36;1mAnalyzing  Execution Time: 0.000795

[0m   [0;1mAggregate  (cost=27.27..27.28 rows=1 width=0)
   ->  Seq Scan on claimed_listings  (cost=0.00..27.25 rows=7 width=0)
         Filter: (client_id = 25564)
[0m
  [4;35;1mCACHE (0.0ms)[0m   [0mSELECT * FROM "roles" WHERE ("roles"."id" = 4) [0m
Rendered users/_user_info (17.5ms)
Rendered shared/_edit_delete_link (7.1ms)
  [4;36;1mSQL (5.8ms)[0m   [0;1mSELECT count(*) AS count_all FROM "listings" WHERE ("listings".user_id = 25563) [0m
  [4;35;1mAnalyzing  Execution Time: 0.006224

[0m   [0mAggregate  (cost=1615.81..1615.82 rows=1 width=0)
   ->  Index Scan using index_listings_on_id_and_user_id_and_title on listings  (cost=0.00..1615.79 rows=4 width=0)
         Index Cond: (user_id = 25563)
[0m
  [4;36;1mSQL (0.4ms)[0m   [0;1mSELECT count(*) AS count_all FROM "claimed_listings" WHERE ("claimed_listings".client_id = 25563) [0m
  [4;35;1mAnalyzing  Execution Time: 0.00078

[0m   [0mAggregate  (cost=27.27..27.28 rows=1 width=0)
   ->  Seq Scan on claimed_listings  (cost=0.00..27.25 rows=7 width=0)
         Filter: (client_id = 25563)
[0m
  [4;36;1mCACHE (0.0ms)[0m   [0;1mSELECT * FROM "roles" WHERE ("roles"."id" = 4) [0m
Rendered users/_user_info (34.1ms)
Rendered shared/_edit_delete_link (10.6ms)
  [4;35;1mSQL (5.3ms)[0m   [0mSELECT count(*) AS count_all FROM "listings" WHERE ("listings".user_id = 25562) [0m
  [4;36;1mAnalyzing  Execution Time: 0.005739

[0m   [0;1mAggregate  (cost=1615.81..1615.82 rows=1 width=0)
   ->  Index Scan using index_listings_on_id_and_user_id_and_title on listings  (cost=0.00..1615.79 rows=4 width=0)
         Index Cond: (user_id = 25562)
[0m
  [4;35;1mSQL (0.9ms)[0m   [0mSELECT count(*) AS count_all FROM "claimed_listings" WHERE ("claimed_listings".client_id = 25562) [0m
  [4;36;1mAnalyzing  Execution Time: 0.001302

[0m   [0;1mAggregate  (cost=27.27..27.28 rows=1 width=0)
   ->  Seq Scan on claimed_listings  (cost=0.00..27.25 rows=7 width=0)
         Filter: (client_id = 25562)
[0m
  [4;35;1mCACHE (0.0ms)[0m   [0mSELECT * FROM "roles" WHERE ("roles"."id" = 4) [0m
Rendered users/_user_info (17.6ms)
Rendered shared/_edit_delete_link (10.5ms)
  [4;36;1mSQL (19.0ms)[0m   [0;1mSELECT count(*) AS count_all FROM "listings" WHERE ("listings".user_id = 25560) [0m
  [4;35;1mAnalyzing  Execution Time: 0.019622

[0m   [0mAggregate  (cost=1615.81..1615.82 rows=1 width=0)
   ->  Index Scan using index_listings_on_id_and_user_id_and_title on listings  (cost=0.00..1615.79 rows=4 width=0)
         Index Cond: (user_id = 25560)
[0m
  [4;36;1mSQL (0.4ms)[0m   [0;1mSELECT count(*) AS count_all FROM "claimed_listings" WHERE ("claimed_listings".client_id = 25560) [0m
  [4;35;1mAnalyzing  Execution Time: 0.000706

[0m   [0mAggregate  (cost=27.27..27.28 rows=1 width=0)
   ->  Seq Scan on claimed_listings  (cost=0.00..27.25 rows=7 width=0)
         Filter: (client_id = 25560)
[0m
  [4;36;1mCACHE (0.0ms)[0m   [0;1mSELECT * FROM "roles" WHERE ("roles"."id" = 4) [0m
Rendered users/_user_info (25.9ms)
Rendered shared/_edit_delete_link (17.2ms)
  [4;35;1mSQL (2.4ms)[0m   [0mSELECT count(*) AS count_all FROM "listings" WHERE ("listings".user_id = 25559) [0m
  [4;36;1mAnalyzing  Execution Time: 0.008397

[0m   [0;1mAggregate  (cost=1615.81..1615.82 rows=1 width=0)
   ->  Index Scan using index_listings_on_id_and_user_id_and_title on listings  (cost=0.00..1615.79 rows=4 width=0)
         Index Cond: (user_id = 25559)
[0m
  [4;35;1mSQL (1.0ms)[0m   [0mSELECT count(*) AS count_all FROM "claimed_listings" WHERE ("claimed_listings".client_id = 25559) [0m
  [4;36;1mAnalyzing  Execution Time: 0.001408

[0m   [0;1mAggregate  (cost=27.27..27.28 rows=1 width=0)
   ->  Seq Scan on claimed_listings  (cost=0.00..27.25 rows=7 width=0)
         Filter: (client_id = 25559)
[0m
  [4;35;1mCACHE (0.0ms)[0m   [0mSELECT * FROM "roles" WHERE ("roles"."id" = 4) [0m
Rendered users/_user_info (24.3ms)
Rendered shared/_edit_delete_link (6.3ms)
  [4;36;1mSQL (8.0ms)[0m   [0;1mSELECT count(*) AS count_all FROM "listings" WHERE ("listings".user_id = 25558) [0m
  [4;35;1mAnalyzing  Execution Time: 0.008342

[0m   [0mAggregate  (cost=1615.81..1615.82 rows=1 width=0)
   ->  Index Scan using index_listings_on_id_and_user_id_and_title on listings  (cost=0.00..1615.79 rows=4 width=0)
         Index Cond: (user_id = 25558)
[0m
  [4;36;1mSQL (0.6ms)[0m   [0;1mSELECT count(*) AS count_all FROM "claimed_listings" WHERE ("claimed_listings".client_id = 25558) [0m
  [4;35;1mAnalyzing  Execution Time: 0.001154

[0m   [0mAggregate  (cost=27.27..27.28 rows=1 width=0)
   ->  Seq Scan on claimed_listings  (cost=0.00..27.25 rows=7 width=0)
         Filter: (client_id = 25558)
[0m
Rendered views/_paginate (6.3ms)
Rendered views/partials/_users (2432.8ms)
Rendered shared/_base_model_index (2469.0ms)
Rendered shared/_model_index (2510.3ms)
Completed in 3048ms (View: 2356, DB: 173) | 200 OK [https://localhost/clients]
** has_many_polymorphs: autoload hook invoked
** has_many_polymorphs: preloading parent model Block
** has_many_polymorphs: associating Block.models
  [4;36;1mSQL (0.2ms)[0m   [0;1mSET client_min_messages TO 'panic'[0m
  [4;35;1mSQL (0.1ms)[0m   [0mSET client_min_messages TO 'notice'[0m
** has_many_polymorphs: preloading parent model View
** has_many_polymorphs: associating View.models
  [4;36;1mSQL (0.2ms)[0m   [0;1mSET client_min_messages TO 'panic'[0m
  [4;35;1mSQL (0.1ms)[0m   [0mSET client_min_messages TO 'notice'[0m


Processing ClientsController#show (for 127.0.0.1 at 2011-04-26 17:57:07) [GET]
  Parameters: {"action"=>"show", "id"=>"25586", "controller"=>"clients"}
  [4;36;1mUser Load (1.7ms)[0m   [0;1mSELECT * FROM "users" WHERE ("users"."id" = E'1') LIMIT 1[0m
  [4;35;1mAnalyzing User Load Execution Time: 0.002507

[0m   [0mLimit  (cost=0.00..8.27 rows=1 width=574)
   ->  Index Scan using users_pkey on users  (cost=0.00..8.27 rows=1 width=574)
         Index Cond: (id = 1)
[0m
  [4;36;1mSQL (1.7ms)[0m   [0;1mBEGIN[0m
  [4;35;1mUser Update (6.2ms)[0m   [0mUPDATE "users" SET "updated_at" = '2011-04-26 21:57:07.469644', "perishable_token" = E'q7mCiUPLUoYupNxqrdQJ', "last_request_at" = '2011-04-26 21:57:07.465427' WHERE "id" = 1[0m
  [4;36;1mSQL (0.9ms)[0m   [0;1mCOMMIT[0m
  [4;35;1mRole Load (1.8ms)[0m   [0mSELECT * FROM "roles" WHERE ("roles"."id" = 1) [0m
  [4;36;1mAnalyzing Role Load Execution Time: 0.0024

[0m   [0;1mIndex Scan using roles_pkey on roles  (cost=0.00..8.27 rows=1 width=536)
   Index Cond: (id = 1)
[0m
  [4;35;1mClient Load (1.9ms)[0m   [0mSELECT * FROM "users" WHERE ("users"."id" = 25586) AND ( ("users"."type" = 'Client' ) ) LIMIT 1[0m
  [4;36;1mAnalyzing Client Load Execution Time: 0.003085

[0m   [0;1mLimit  (cost=0.00..8.27 rows=1 width=574)
   ->  Index Scan using users_pkey on users  (cost=0.00..8.27 rows=1 width=574)
         Index Cond: (id = 25586)
         Filter: ((type)::text = 'Client'::text)
[0m
Rendering clients/show
  [4;35;1mUser Load (0.9ms)[0m   [0mSELECT * FROM "users" WHERE ("users"."id" = 25586) [0m
  [4;36;1mAnalyzing User Load Execution Time: 0.001631

[0m   [0;1mIndex Scan using users_pkey on users  (cost=0.00..8.27 rows=1 width=574)
   Index Cond: (id = 25586)
[0m
  [4;35;1mSQL (4.5ms)[0m   [0mSELECT count(*) AS count_all FROM "listings" WHERE ("listings".user_id = 25586 AND (enabled IS TRUE)) [0m
  [4;36;1mAnalyzing  Execution Time: 0.00487

[0m   [0;1mAggregate  (cost=1615.81..1615.82 rows=1 width=0)
   ->  Index Scan using index_listings_on_id_and_user_id_and_title on listings  (cost=0.00..1615.79 rows=4 width=0)
         Index Cond: (user_id = 25586)
         Filter: (enabled IS TRUE)
[0m
  [4;35;1mListing Load (12.7ms)[0m   [0mSELECT * FROM "listings" WHERE ("listings".user_id = 25586) [0m
  [4;36;1mAnalyzing Listing Load Execution Time: 0.013583

[0m   [0;1mIndex Scan using index_listings_on_id_and_user_id_and_title on listings  (cost=0.00..1615.79 rows=4 width=1172)
   Index Cond: (user_id = 25586)
[0m
  [4;35;1mFacilityInfo Load (5.5ms)[0m   [0mSELECT * FROM "facility_infos" WHERE ("facility_infos".listing_id = 113291) LIMIT 1[0m
  [4;36;1mAnalyzing FacilityInfo Load Execution Time: 0.006958

[0m   [0;1mLimit  (cost=0.00..10.00 rows=1 width=8362)
   ->  Seq Scan on facility_infos  (cost=0.00..10.00 rows=1 width=8362)
         Filter: (listing_id = 113291)
[0m
  [4;35;1mRole Load (0.6ms)[0m   [0mSELECT * FROM "roles" WHERE ("roles"."id" = 4) [0m
  [4;36;1mAnalyzing Role Load Execution Time: 0.001011

[0m   [0;1mIndex Scan using roles_pkey on roles  (cost=0.00..8.27 rows=1 width=536)
   Index Cond: (id = 4)
[0m
Rendered users/_user_info (23.5ms)

ActionView::TemplateError (undefined method `notes_path' for #<ActionView::Base:0x10b526370>) on line #2 of app/views/notes/_client_notes.html.erb:
1: <div id="client_notes">
2: 	<% form_for Note.new do |f| %>
3: 		<%= render :partial => 'notes/form', :locals => { :f => f, :client => client } %>
4: 		
5: 		<div>

    app/views/notes/_client_notes.html.erb:2
    app/views/clients/show.html.erb:33
    app/controllers/clients_controller.rb:15:in `show'
    /usr/local/lib/ruby/1.8/webrick/httpserver.rb:104:in `service'
    /usr/local/lib/ruby/1.8/webrick/httpserver.rb:65:in `run'
    /usr/local/lib/ruby/1.8/webrick/server.rb:173:in `start_thread'
    /usr/local/lib/ruby/1.8/webrick/server.rb:162:in `start'
    /usr/local/lib/ruby/1.8/webrick/server.rb:162:in `start_thread'
    /usr/local/lib/ruby/1.8/webrick/server.rb:95:in `start'
    /usr/local/lib/ruby/1.8/webrick/server.rb:92:in `each'
    /usr/local/lib/ruby/1.8/webrick/server.rb:92:in `start'
    /usr/local/lib/ruby/1.8/webrick/server.rb:23:in `start'
    /usr/local/lib/ruby/1.8/webrick/server.rb:82:in `start'
    script/ssl_server:129

Rendered rescues/_trace (129.8ms)
Rendered rescues/_request_and_response (0.5ms)
Rendering rescues/layout (internal_server_error)
** has_many_polymorphs: autoload hook invoked
** has_many_polymorphs: preloading parent model Block
** has_many_polymorphs: associating Block.models
  [4;35;1mSQL (0.2ms)[0m   [0mSET client_min_messages TO 'panic'[0m
  [4;36;1mSQL (0.1ms)[0m   [0;1mSET client_min_messages TO 'notice'[0m
** has_many_polymorphs: preloading parent model View
** has_many_polymorphs: associating View.models
  [4;35;1mSQL (0.2ms)[0m   [0mSET client_min_messages TO 'panic'[0m
  [4;36;1mSQL (0.1ms)[0m   [0;1mSET client_min_messages TO 'notice'[0m


Processing AdminController#index (for 127.0.0.1 at 2011-04-26 17:57:44) [GET]
  Parameters: {"action"=>"index", "controller"=>"admin"}
  [4;35;1mUser Load (2.8ms)[0m   [0mSELECT * FROM "users" WHERE ("users"."id" = E'1') LIMIT 1[0m
  [4;36;1mAnalyzing User Load Execution Time: 0.003942

[0m   [0;1mLimit  (cost=0.00..8.27 rows=1 width=574)
   ->  Index Scan using users_pkey on users  (cost=0.00..8.27 rows=1 width=574)
         Index Cond: (id = 1)
[0m
  [4;35;1mSQL (0.2ms)[0m   [0mBEGIN[0m
  [4;36;1mUser Update (1.1ms)[0m   [0;1mUPDATE "users" SET "updated_at" = '2011-04-26 21:57:44.634079', "perishable_token" = E'InVd59QM6Sq950CbniB', "last_request_at" = '2011-04-26 21:57:44.631221' WHERE "id" = 1[0m
  [4;35;1mSQL (1.3ms)[0m   [0mCOMMIT[0m
  [4;36;1mRole Load (0.6ms)[0m   [0;1mSELECT * FROM "roles" WHERE ("roles"."id" = 1) [0m
  [4;35;1mAnalyzing Role Load Execution Time: 0.000958

[0m   [0mIndex Scan using roles_pkey on roles  (cost=0.00..8.27 rows=1 width=536)
   Index Cond: (id = 1)
[0m
Rendering template within layouts/storagelocator
Rendering admin/index
  [4;36;1mBlock Load (1.4ms)[0m   [0;1mSELECT * FROM "blocks" WHERE ("blocks"."show_in_all" = E'header') [0m
  [4;35;1mAnalyzing Block Load Execution Time: 0.001663

[0m   [0mSeq Scan on blocks  (cost=0.00..10.25 rows=1 width=3188)
   Filter: ((show_in_all)::text = 'header'::text)
[0m
  [4;36;1mBlock Load (0.5ms)[0m   [0;1mSELECT * FROM "blocks" WHERE ("blocks"."restful_region" = E'header') [0m
  [4;35;1mAnalyzing Block Load Execution Time: 0.000753

[0m   [0mSeq Scan on blocks  (cost=0.00..10.25 rows=1 width=3188)
   Filter: ((restful_region)::text = 'header'::text)
[0m
  [4;36;1mBlock Load (0.4ms)[0m   [0;1mSELECT * FROM "blocks" WHERE ("blocks"."show_in_all" = E'content_bottom') [0m
  [4;35;1mAnalyzing Block Load Execution Time: 0.000602

[0m   [0mSeq Scan on blocks  (cost=0.00..10.25 rows=1 width=3188)
   Filter: ((show_in_all)::text = 'content_bottom'::text)
[0m
  [4;36;1mBlock Load (0.5ms)[0m   [0;1mSELECT * FROM "blocks" WHERE ("blocks"."restful_region" = E'content_bottom') [0m
  [4;35;1mAnalyzing Block Load Execution Time: 0.002276

[0m   [0mSeq Scan on blocks  (cost=0.00..10.25 rows=1 width=3188)
   Filter: ((restful_region)::text = 'content_bottom'::text)
[0m
  [4;36;1mBlock Load (1.3ms)[0m   [0;1mSELECT * FROM "blocks" WHERE ("blocks"."show_in_all" = E'column_5') [0m
  [4;35;1mAnalyzing Block Load Execution Time: 0.003839

[0m   [0mSeq Scan on blocks  (cost=0.00..10.25 rows=1 width=3188)
   Filter: ((show_in_all)::text = 'column_5'::text)
[0m
  [4;36;1mBlock Load (0.5ms)[0m   [0;1mSELECT * FROM "blocks" WHERE ("blocks"."restful_region" = E'column_5') [0m
  [4;35;1mAnalyzing Block Load Execution Time: 0.000901

[0m   [0mSeq Scan on blocks  (cost=0.00..10.25 rows=1 width=3188)
   Filter: ((restful_region)::text = 'column_5'::text)
[0m
  [4;36;1mBlock Load (0.4ms)[0m   [0;1mSELECT * FROM "blocks" WHERE ("blocks"."show_in_all" = E'more_info') [0m
  [4;35;1mAnalyzing Block Load Execution Time: 0.000815

[0m   [0mSeq Scan on blocks  (cost=0.00..10.25 rows=1 width=3188)
   Filter: ((show_in_all)::text = 'more_info'::text)
[0m
  [4;36;1mBlock Load (0.4ms)[0m   [0;1mSELECT * FROM "blocks" WHERE ("blocks"."restful_region" = E'more_info') [0m
  [4;35;1mAnalyzing Block Load Execution Time: 0.00066

[0m   [0mSeq Scan on blocks  (cost=0.00..10.25 rows=1 width=3188)
   Filter: ((restful_region)::text = 'more_info'::text)
[0m
  [4;36;1mBlocksModel Load (4.8ms)[0m   [0;1mSELECT 'Block' AS polymorphic_parent_class, 'models' AS polymorphic_association_id, blocks_models.block_id AS t0_r3, blocks_models.created_at AS t0_r4, blocks_models.enabled AS t0_r7, blocks_models.id AS t0_r0, blocks_models.model_id AS t0_r1, blocks_models.model_type AS t0_r2, blocks_models.place AS t0_r6, blocks_models.position AS t0_r9, blocks_models.show_title AS t0_r8, blocks_models.updated_at AS t0_r5, links.created_at AS t1_r4, links.group_id AS t1_r6, links.id AS t1_r0, links.path AS t1_r2, links.relative AS t1_r3, links.resource AS t1_r7, links.target_id AS t1_r8, links.title AS t1_r1, links.updated_at AS t1_r5, pages.content AS t2_r7, pages.created_at AS t2_r4, pages.description AS t2_r8, pages.id AS t2_r0, pages.meta_desc AS t2_r13, pages.parent_id AS t2_r2, pages.position AS t2_r10, pages.process_erb AS t2_r11, pages.show_in_nav AS t2_r6, pages.show_title AS t2_r9, pages.title AS t2_r1, pages.updated_at AS t2_r5, pages.url AS t2_r3, pages.use_placeholders AS t2_r12, posts.comments_count AS t3_r7, posts.comments_enabled AS t3_r8, posts.content AS t3_r2, posts.created_at AS t3_r5, posts.id AS t3_r0, posts.impressions_count AS t3_r10, posts.position AS t3_r9, posts.published AS t3_r4, posts.rating_average AS t3_r11, posts.title AS t3_r1, posts.type AS t3_r12, posts.updated_at AS t3_r6, posts.user_id AS t3_r3 FROM "blocks_models" JOIN "blocks" AS polymorphic_parent ON "blocks_models".block_id = polymorphic_parent.id LEFT JOIN "pages" ON "blocks_models".model_id = "pages".id AND "blocks_models".model_type = E'Page' LEFT JOIN "posts" ON "blocks_models".model_id = "posts".id AND "blocks_models".model_type = E'Post' LEFT JOIN "links" ON "blocks_models".model_id = "links".id AND "blocks_models".model_type = E'Link' WHERE (("blocks_models".block_id = 51)) [0m
  [4;35;1mAnalyzing BlocksModel Load Execution Time: 0.005384

[0m   [0mHash Left Join  (cost=32.98..61.21 rows=8 width=3443)
   Hash Cond: (blocks_models.model_id = links.id)
   Join Filter: ((blocks_models.model_type)::text = 'Link'::text)
   ->  Nested Loop  (cost=21.86..49.96 rows=8 width=1866)
         ->  Index Scan using index_blocks_on_id_and_title_and_show_in_all_and_restful_region on blocks polymorphic_parent  (cost=0.00..8.27 rows=1 width=4)
               Index Cond: (id = 51)
         ->  Hash Left Join  (cost=21.86..41.61 rows=8 width=1866)
               Hash Cond: (blocks_models.model_id = pages.id)
               Join Filter: ((blocks_models.model_type)::text = 'Page'::text)
               ->  Hash Left Join  (cost=10.51..30.13 rows=8 width=706)
                     Hash Cond: (blocks_models.model_id = posts.id)
                     Join Filter: ((blocks_models.model_type)::text = 'Post'::text)
                     ->  Bitmap Heap Scan on blocks_models  (cost=4.31..23.81 rows=8 width=41)
                           Recheck Cond: (block_id = 51)
                           ->  Bitmap Index Scan on index_blocks_models_on_block_id_and_model_id_and_model_type  (cost=0.00..4.31 rows=8 width=0)
                                 Index Cond: (block_id = 51)
                     ->  Hash  (cost=5.53..5.53 rows=53 width=665)
                           ->  Seq Scan on posts  (cost=0.00..5.53 rows=53 width=665)
               ->  Hash  (cost=10.60..10.60 rows=60 width=1160)
                     ->  Seq Scan on pages  (cost=0.00..10.60 rows=60 width=1160)
   ->  Hash  (cost=10.50..10.50 rows=50 width=1577)
         ->  Seq Scan on links  (cost=0.00..10.50 rows=50 width=1577)
[0m
Rendered shared/_model_options (235.9ms)
  [4;36;1mSQL (1.8ms)[0m   [0;1mSELECT count(*) AS count_all FROM "views" INNER JOIN "models_views" ON "views".id = "models_views".view_id WHERE (("models_views".model_type = E'Block') AND ("models_views".model_id = 51)) [0m
  [4;35;1mAnalyzing  Execution Time: 0.002283

[0m   [0mAggregate  (cost=16.56..16.57 rows=1 width=0)
   ->  Nested Loop  (cost=0.00..16.55 rows=1 width=0)
         ->  Index Scan using index_models_views_on_model_id_and_view_id_and_model_type on models_views  (cost=0.00..8.27 rows=1 width=4)
               Index Cond: ((model_id = 51) AND ((model_type)::text = 'Block'::text))
         ->  Index Scan using views_pkey on views  (cost=0.00..8.27 rows=1 width=4)
               Index Cond: (views.id = models_views.view_id)
[0m
  [4;36;1mSQL (1.4ms)[0m   [0;1mSELECT count(*) AS count_all FROM "forms" INNER JOIN "block_forms" ON "forms".id = "block_forms".form_id WHERE (("block_forms".block_id = 51)) [0m
  [4;35;1mAnalyzing  Execution Time: 0.001849

[0m   [0mAggregate  (cost=24.33..24.34 rows=1 width=0)
   ->  Hash Join  (cost=13.84..24.31 rows=6 width=0)
         Hash Cond: (forms.id = block_forms.form_id)
         ->  Seq Scan on forms  (cost=0.00..10.30 rows=30 width=4)
         ->  Hash  (cost=13.76..13.76 rows=6 width=4)
               ->  Bitmap Heap Scan on block_forms  (cost=4.30..13.76 rows=6 width=4)
                     Recheck Cond: (block_id = 51)
                     ->  Bitmap Index Scan on index_block_forms_on_block_id_and_form_id  (cost=0.00..4.30 rows=6 width=0)
                           Index Cond: (block_id = 51)
[0m
Rendered blocks/_block (408.7ms)
  [4;36;1mBlock Load (0.5ms)[0m   [0;1mSELECT * FROM "blocks" WHERE ("blocks"."show_in_all" = E'footer') [0m
  [4;35;1mAnalyzing Block Load Execution Time: 0.000749

[0m   [0mSeq Scan on blocks  (cost=0.00..10.25 rows=1 width=3188)
   Filter: ((show_in_all)::text = 'footer'::text)
[0m
  [4;36;1mBlock Load (0.5ms)[0m   [0;1mSELECT * FROM "blocks" WHERE ("blocks"."restful_region" = E'footer') [0m
  [4;35;1mAnalyzing Block Load Execution Time: 0.001317

[0m   [0mSeq Scan on blocks  (cost=0.00..10.25 rows=1 width=3188)
   Filter: ((restful_region)::text = 'footer'::text)
[0m
  [4;36;1mBlocksModel Load (2.5ms)[0m   [0;1mSELECT 'Block' AS polymorphic_parent_class, 'models' AS polymorphic_association_id, blocks_models.block_id AS t0_r3, blocks_models.created_at AS t0_r4, blocks_models.enabled AS t0_r7, blocks_models.id AS t0_r0, blocks_models.model_id AS t0_r1, blocks_models.model_type AS t0_r2, blocks_models.place AS t0_r6, blocks_models.position AS t0_r9, blocks_models.show_title AS t0_r8, blocks_models.updated_at AS t0_r5, links.created_at AS t1_r4, links.group_id AS t1_r6, links.id AS t1_r0, links.path AS t1_r2, links.relative AS t1_r3, links.resource AS t1_r7, links.target_id AS t1_r8, links.title AS t1_r1, links.updated_at AS t1_r5, pages.content AS t2_r7, pages.created_at AS t2_r4, pages.description AS t2_r8, pages.id AS t2_r0, pages.meta_desc AS t2_r13, pages.parent_id AS t2_r2, pages.position AS t2_r10, pages.process_erb AS t2_r11, pages.show_in_nav AS t2_r6, pages.show_title AS t2_r9, pages.title AS t2_r1, pages.updated_at AS t2_r5, pages.url AS t2_r3, pages.use_placeholders AS t2_r12, posts.comments_count AS t3_r7, posts.comments_enabled AS t3_r8, posts.content AS t3_r2, posts.created_at AS t3_r5, posts.id AS t3_r0, posts.impressions_count AS t3_r10, posts.position AS t3_r9, posts.published AS t3_r4, posts.rating_average AS t3_r11, posts.title AS t3_r1, posts.type AS t3_r12, posts.updated_at AS t3_r6, posts.user_id AS t3_r3 FROM "blocks_models" JOIN "blocks" AS polymorphic_parent ON "blocks_models".block_id = polymorphic_parent.id LEFT JOIN "pages" ON "blocks_models".model_id = "pages".id AND "blocks_models".model_type = E'Page' LEFT JOIN "posts" ON "blocks_models".model_id = "posts".id AND "blocks_models".model_type = E'Post' LEFT JOIN "links" ON "blocks_models".model_id = "links".id AND "blocks_models".model_type = E'Link' WHERE (("blocks_models".block_id = 49)) [0m
  [4;35;1mAnalyzing BlocksModel Load Execution Time: 0.00299

[0m   [0mHash Left Join  (cost=32.98..61.21 rows=8 width=3443)
   Hash Cond: (blocks_models.model_id = links.id)
   Join Filter: ((blocks_models.model_type)::text = 'Link'::text)
   ->  Nested Loop  (cost=21.86..49.96 rows=8 width=1866)
         ->  Index Scan using index_blocks_on_id_and_title_and_show_in_all_and_restful_region on blocks polymorphic_parent  (cost=0.00..8.27 rows=1 width=4)
               Index Cond: (id = 49)
         ->  Hash Left Join  (cost=21.86..41.61 rows=8 width=1866)
               Hash Cond: (blocks_models.model_id = pages.id)
               Join Filter: ((blocks_models.model_type)::text = 'Page'::text)
               ->  Hash Left Join  (cost=10.51..30.13 rows=8 width=706)
                     Hash Cond: (blocks_models.model_id = posts.id)
                     Join Filter: ((blocks_models.model_type)::text = 'Post'::text)
                     ->  Bitmap Heap Scan on blocks_models  (cost=4.31..23.81 rows=8 width=41)
                           Recheck Cond: (block_id = 49)
                           ->  Bitmap Index Scan on index_blocks_models_on_block_id_and_model_id_and_model_type  (cost=0.00..4.31 rows=8 width=0)
                                 Index Cond: (block_id = 49)
                     ->  Hash  (cost=5.53..5.53 rows=53 width=665)
                           ->  Seq Scan on posts  (cost=0.00..5.53 rows=53 width=665)
               ->  Hash  (cost=10.60..10.60 rows=60 width=1160)
                     ->  Seq Scan on pages  (cost=0.00..10.60 rows=60 width=1160)
   ->  Hash  (cost=10.50..10.50 rows=50 width=1577)
         ->  Seq Scan on links  (cost=0.00..10.50 rows=50 width=1577)
[0m
Rendered shared/_model_options (4.6ms)
Rendered pages/_footer_bottom (0.4ms)
  [4;36;1mSQL (4.3ms)[0m   [0;1mSELECT count(*) AS count_all FROM "views" INNER JOIN "models_views" ON "views".id = "models_views".view_id WHERE (("models_views".model_type = E'Block') AND ("models_views".model_id = 49)) [0m
  [4;35;1mAnalyzing  Execution Time: 0.004697

[0m   [0mAggregate  (cost=16.56..16.57 rows=1 width=0)
   ->  Nested Loop  (cost=0.00..16.55 rows=1 width=0)
         ->  Index Scan using index_models_views_on_model_id_and_view_id_and_model_type on models_views  (cost=0.00..8.27 rows=1 width=4)
               Index Cond: ((model_id = 49) AND ((model_type)::text = 'Block'::text))
         ->  Index Scan using views_pkey on views  (cost=0.00..8.27 rows=1 width=4)
               Index Cond: (views.id = models_views.view_id)
[0m
  [4;36;1mSQL (0.7ms)[0m   [0;1mSELECT count(*) AS count_all FROM "forms" INNER JOIN "block_forms" ON "forms".id = "block_forms".form_id WHERE (("block_forms".block_id = 49)) [0m
  [4;35;1mAnalyzing  Execution Time: 0.001155

[0m   [0mAggregate  (cost=24.33..24.34 rows=1 width=0)
   ->  Hash Join  (cost=13.84..24.31 rows=6 width=0)
         Hash Cond: (forms.id = block_forms.form_id)
         ->  Seq Scan on forms  (cost=0.00..10.30 rows=30 width=4)
         ->  Hash  (cost=13.76..13.76 rows=6 width=4)
               ->  Bitmap Heap Scan on block_forms  (cost=4.30..13.76 rows=6 width=4)
                     Recheck Cond: (block_id = 49)
                     ->  Bitmap Index Scan on index_block_forms_on_block_id_and_form_id  (cost=0.00..4.30 rows=6 width=0)
                           Index Cond: (block_id = 49)
[0m
Rendered blocks/_block (37.4ms)
  [4;36;1mBlock Load (0.4ms)[0m   [0;1mSELECT * FROM "blocks" WHERE ("blocks"."show_in_all" = E'head_bar') [0m
  [4;35;1mAnalyzing Block Load Execution Time: 0.000879

[0m   [0mSeq Scan on blocks  (cost=0.00..10.25 rows=1 width=3188)
   Filter: ((show_in_all)::text = 'head_bar'::text)
[0m
  [4;36;1mBlock Load (0.6ms)[0m   [0;1mSELECT * FROM "blocks" WHERE ("blocks"."restful_region" = E'head_bar') [0m
  [4;35;1mAnalyzing Block Load Execution Time: 0.002777

[0m   [0mSeq Scan on blocks  (cost=0.00..10.25 rows=1 width=3188)
   Filter: ((restful_region)::text = 'head_bar'::text)
[0m
Rendered menus/_topnav (14.7ms)
  [4;36;1mPage Load (0.5ms)[0m   [0;1mSELECT * FROM "pages" WHERE ("pages"."title" = E'Self Storage') LIMIT 1[0m
  [4;35;1mAnalyzing Page Load Execution Time: 0.002229

[0m   [0mLimit  (cost=0.00..10.75 rows=1 width=1160)
   ->  Seq Scan on pages  (cost=0.00..10.75 rows=1 width=1160)
         Filter: ((title)::text = 'Self Storage'::text)
[0m
Rendered pages/_home (12.9ms)
Rendered user_sessions/_form (10.7ms)
Completed in 751ms (View: 544, DB: 61) | 200 OK [https://localhost/admin]
** has_many_polymorphs: autoload hook invoked
** has_many_polymorphs: preloading parent model Block
** has_many_polymorphs: associating Block.models
  [4;36;1mSQL (0.2ms)[0m   [0;1mSET client_min_messages TO 'panic'[0m
  [4;35;1mSQL (10.8ms)[0m   [0mSET client_min_messages TO 'notice'[0m
** has_many_polymorphs: preloading parent model View
** has_many_polymorphs: associating View.models
  [4;36;1mSQL (0.2ms)[0m   [0;1mSET client_min_messages TO 'panic'[0m
  [4;35;1mSQL (0.1ms)[0m   [0mSET client_min_messages TO 'notice'[0m


Processing ClientsController#index (for 127.0.0.1 at 2011-04-26 17:57:52) [GET]
  Parameters: {"action"=>"index", "controller"=>"clients"}
  [4;36;1mUser Load (1.8ms)[0m   [0;1mSELECT * FROM "users" WHERE ("users"."id" = E'1') LIMIT 1[0m
  [4;35;1mAnalyzing User Load Execution Time: 0.002665

[0m   [0mLimit  (cost=0.00..8.27 rows=1 width=574)
   ->  Index Scan using users_pkey on users  (cost=0.00..8.27 rows=1 width=574)
         Index Cond: (id = 1)
[0m
  [4;36;1mSQL (0.3ms)[0m   [0;1mBEGIN[0m
  [4;35;1mUser Update (0.9ms)[0m   [0mUPDATE "users" SET "updated_at" = '2011-04-26 21:57:52.218829', "perishable_token" = E'jXe2dkcrrOSVHDnef2F', "last_request_at" = '2011-04-26 21:57:52.203993' WHERE "id" = 1[0m
  [4;36;1mSQL (0.6ms)[0m   [0;1mCOMMIT[0m
  [4;35;1mRole Load (0.6ms)[0m   [0mSELECT * FROM "roles" WHERE ("roles"."id" = 1) [0m
  [4;36;1mAnalyzing Role Load Execution Time: 0.000988

[0m   [0;1mIndex Scan using roles_pkey on roles  (cost=0.00..8.27 rows=1 width=536)
   Index Cond: (id = 1)
[0m
  [4;35;1mClient Load (3.8ms)[0m   [0mSELECT * FROM "users" WHERE ("users"."status" = E'active') AND ( ("users"."type" = 'Client' ) ) ORDER BY created_at DESC LIMIT 20 OFFSET 0[0m
  [4;36;1mAnalyzing Client Load Execution Time: 0.013634

[0m   [0;1mLimit  (cost=34.49..34.54 rows=20 width=574)
   ->  Sort  (cost=34.49..35.15 rows=265 width=574)
         Sort Key: created_at
         ->  Seq Scan on users  (cost=0.00..27.44 rows=265 width=574)
               Filter: (((status)::text = 'active'::text) AND ((type)::text = 'Client'::text))
[0m
  [4;35;1mSQL (1.1ms)[0m   [0mSELECT count(*) AS count_all FROM "users" WHERE ("users"."status" = E'active') AND ( ("users"."type" = 'Client' ) ) [0m
  [4;36;1mAnalyzing  Execution Time: 0.001472

[0m   [0;1mAggregate  (cost=28.10..28.11 rows=1 width=0)
   ->  Seq Scan on users  (cost=0.00..27.44 rows=265 width=0)
         Filter: (((status)::text = 'active'::text) AND ((type)::text = 'Client'::text))
[0m
Rendering clients/index
  [4;35;1mSQL (7.4ms)[0m   [0mSELECT count(*) AS count_all FROM "users" WHERE ( ("users"."type" = 'Client' ) ) [0m
  [4;36;1mAnalyzing  Execution Time: 0.007829

[0m   [0;1mAggregate  (cost=27.42..27.43 rows=1 width=0)
   ->  Seq Scan on users  (cost=0.00..26.70 rows=288 width=0)
         Filter: ((type)::text = 'Client'::text)
[0m
  [4;35;1mSQL (1.3ms)[0m   [0mSELECT count(*) AS count_all FROM "users" WHERE (status != E'active') AND ( ("users"."type" = 'Client' ) ) [0m
  [4;36;1mAnalyzing  Execution Time: 0.001634

[0m   [0;1mAggregate  (cost=27.50..27.51 rows=1 width=0)
   ->  Seq Scan on users  (cost=0.00..27.44 rows=23 width=0)
         Filter: (((status)::text <> 'active'::text) AND ((type)::text = 'Client'::text))
[0m
  [4;35;1mCACHE (0.0ms)[0m   [0mSELECT count(*) AS count_all FROM "users" WHERE ("users"."status" = E'active') AND ( ("users"."type" = 'Client' ) ) [0m
  [4;36;1mHelptext Load (0.8ms)[0m   [0;1mSELECT * FROM "helptexts" WHERE ("helptexts"."model" = E'client') LIMIT 1[0m
  [4;35;1mAnalyzing Helptext Load Execution Time: 0.001152

[0m   [0mLimit  (cost=0.00..11.50 rows=1 width=601)
   ->  Seq Scan on helptexts  (cost=0.00..11.50 rows=1 width=601)
         Filter: ((model)::text = 'client'::text)
[0m
Rendered helptexts/_helptext (2.3ms)
Rendered shared/_model_new_back_buttons (7.0ms)
Rendered shared/_model_search (3.1ms)
Rendered menus/_view_type_links (342.6ms)
Rendered shared/_model_sort (2.8ms)
  [4;36;1mRole Load (1.3ms)[0m   [0;1mSELECT * FROM "roles" WHERE ("roles"."id" = 4) [0m
  [4;35;1mAnalyzing Role Load Execution Time: 0.00174

[0m   [0mIndex Scan using roles_pkey on roles  (cost=0.00..8.27 rows=1 width=536)
   Index Cond: (id = 4)
[0m
Rendered users/_user_info (38.5ms)
Rendered shared/_edit_delete_link (24.4ms)
  [4;36;1mSQL (4.3ms)[0m   [0;1mSELECT count(*) AS count_all FROM "listings" WHERE ("listings".user_id = 25586) [0m
  [4;35;1mAnalyzing  Execution Time: 0.004793

[0m   [0mAggregate  (cost=1615.81..1615.82 rows=1 width=0)
   ->  Index Scan using index_listings_on_id_and_user_id_and_title on listings  (cost=0.00..1615.79 rows=4 width=0)
         Index Cond: (user_id = 25586)
[0m
  [4;36;1mSQL (1.9ms)[0m   [0;1mSELECT count(*) AS count_all FROM "claimed_listings" WHERE ("claimed_listings".client_id = 25586) [0m
  [4;35;1mAnalyzing  Execution Time: 0.003622

[0m   [0mAggregate  (cost=27.27..27.28 rows=1 width=0)
   ->  Seq Scan on claimed_listings  (cost=0.00..27.25 rows=7 width=0)
         Filter: (client_id = 25586)
[0m
  [4;36;1mCACHE (0.0ms)[0m   [0;1mSELECT * FROM "roles" WHERE ("roles"."id" = 4) [0m
Rendered users/_user_info (66.1ms)
Rendered shared/_edit_delete_link (6.9ms)
  [4;35;1mSQL (2.1ms)[0m   [0mSELECT count(*) AS count_all FROM "listings" WHERE ("listings".user_id = 25584) [0m
  [4;36;1mAnalyzing  Execution Time: 0.002533

[0m   [0;1mAggregate  (cost=1615.81..1615.82 rows=1 width=0)
   ->  Index Scan using index_listings_on_id_and_user_id_and_title on listings  (cost=0.00..1615.79 rows=4 width=0)
         Index Cond: (user_id = 25584)
[0m
  [4;35;1mSQL (0.6ms)[0m   [0mSELECT count(*) AS count_all FROM "claimed_listings" WHERE ("claimed_listings".client_id = 25584) [0m
  [4;36;1mAnalyzing  Execution Time: 0.001006

[0m   [0;1mAggregate  (cost=27.27..27.28 rows=1 width=0)
   ->  Seq Scan on claimed_listings  (cost=0.00..27.25 rows=7 width=0)
         Filter: (client_id = 25584)
[0m
  [4;35;1mCACHE (0.0ms)[0m   [0mSELECT * FROM "roles" WHERE ("roles"."id" = 4) [0m
Rendered users/_user_info (35.2ms)
Rendered shared/_edit_delete_link (17.3ms)
  [4;36;1mSQL (7.5ms)[0m   [0;1mSELECT count(*) AS count_all FROM "listings" WHERE ("listings".user_id = 25583) [0m
  [4;35;1mAnalyzing  Execution Time: 0.007969

[0m   [0mAggregate  (cost=1615.81..1615.82 rows=1 width=0)
   ->  Index Scan using index_listings_on_id_and_user_id_and_title on listings  (cost=0.00..1615.79 rows=4 width=0)
         Index Cond: (user_id = 25583)
[0m
  [4;36;1mSQL (0.4ms)[0m   [0;1mSELECT count(*) AS count_all FROM "claimed_listings" WHERE ("claimed_listings".client_id = 25583) [0m
  [4;35;1mAnalyzing  Execution Time: 0.001146

[0m   [0mAggregate  (cost=27.27..27.28 rows=1 width=0)
   ->  Seq Scan on claimed_listings  (cost=0.00..27.25 rows=7 width=0)
         Filter: (client_id = 25583)
[0m
  [4;36;1mCACHE (0.0ms)[0m   [0;1mSELECT * FROM "roles" WHERE ("roles"."id" = 4) [0m
Rendered users/_user_info (45.0ms)
Rendered shared/_edit_delete_link (5.3ms)
  [4;35;1mSQL (2.3ms)[0m   [0mSELECT count(*) AS count_all FROM "listings" WHERE ("listings".user_id = 25582) [0m
  [4;36;1mAnalyzing  Execution Time: 0.002683

[0m   [0;1mAggregate  (cost=1615.81..1615.82 rows=1 width=0)
   ->  Index Scan using index_listings_on_id_and_user_id_and_title on listings  (cost=0.00..1615.79 rows=4 width=0)
         Index Cond: (user_id = 25582)
[0m
  [4;35;1mSQL (2.6ms)[0m   [0mSELECT count(*) AS count_all FROM "claimed_listings" WHERE ("claimed_listings".client_id = 25582) [0m
  [4;36;1mAnalyzing  Execution Time: 0.003041

[0m   [0;1mAggregate  (cost=27.27..27.28 rows=1 width=0)
   ->  Seq Scan on claimed_listings  (cost=0.00..27.25 rows=7 width=0)
         Filter: (client_id = 25582)
[0m
  [4;35;1mCACHE (0.0ms)[0m   [0mSELECT * FROM "roles" WHERE ("roles"."id" = 4) [0m
Rendered users/_user_info (32.9ms)
Rendered shared/_edit_delete_link (5.7ms)
  [4;36;1mSQL (12.8ms)[0m   [0;1mSELECT count(*) AS count_all FROM "listings" WHERE ("listings".user_id = 25581) [0m
  [4;35;1mAnalyzing  Execution Time: 0.013786

[0m   [0mAggregate  (cost=1615.81..1615.82 rows=1 width=0)
   ->  Index Scan using index_listings_on_id_and_user_id_and_title on listings  (cost=0.00..1615.79 rows=4 width=0)
         Index Cond: (user_id = 25581)
[0m
  [4;36;1mSQL (0.4ms)[0m   [0;1mSELECT count(*) AS count_all FROM "claimed_listings" WHERE ("claimed_listings".client_id = 25581) [0m
  [4;35;1mAnalyzing  Execution Time: 0.000921

[0m   [0mAggregate  (cost=27.27..27.28 rows=1 width=0)
   ->  Seq Scan on claimed_listings  (cost=0.00..27.25 rows=7 width=0)
         Filter: (client_id = 25581)
[0m
  [4;36;1mCACHE (0.0ms)[0m   [0;1mSELECT * FROM "roles" WHERE ("roles"."id" = 4) [0m
Rendered users/_user_info (19.1ms)
Rendered shared/_edit_delete_link (6.7ms)
  [4;35;1mSQL (2.4ms)[0m   [0mSELECT count(*) AS count_all FROM "listings" WHERE ("listings".user_id = 25580) [0m
  [4;36;1mAnalyzing  Execution Time: 0.003067

[0m   [0;1mAggregate  (cost=1615.81..1615.82 rows=1 width=0)
   ->  Index Scan using index_listings_on_id_and_user_id_and_title on listings  (cost=0.00..1615.79 rows=4 width=0)
         Index Cond: (user_id = 25580)
[0m
  [4;35;1mSQL (0.9ms)[0m   [0mSELECT count(*) AS count_all FROM "claimed_listings" WHERE ("claimed_listings".client_id = 25580) [0m
  [4;36;1mAnalyzing  Execution Time: 0.001279

[0m   [0;1mAggregate  (cost=27.27..27.28 rows=1 width=0)
   ->  Seq Scan on claimed_listings  (cost=0.00..27.25 rows=7 width=0)
         Filter: (client_id = 25580)
[0m
  [4;35;1mCACHE (0.0ms)[0m   [0mSELECT * FROM "roles" WHERE ("roles"."id" = 4) [0m
Rendered users/_user_info (31.1ms)
Rendered shared/_edit_delete_link (18.0ms)
  [4;36;1mSQL (4.9ms)[0m   [0;1mSELECT count(*) AS count_all FROM "listings" WHERE ("listings".user_id = 25579) [0m
  [4;35;1mAnalyzing  Execution Time: 0.005306

[0m   [0mAggregate  (cost=1615.81..1615.82 rows=1 width=0)
   ->  Index Scan using index_listings_on_id_and_user_id_and_title on listings  (cost=0.00..1615.79 rows=4 width=0)
         Index Cond: (user_id = 25579)
[0m
  [4;36;1mSQL (1.2ms)[0m   [0;1mSELECT count(*) AS count_all FROM "claimed_listings" WHERE ("claimed_listings".client_id = 25579) [0m
  [4;35;1mAnalyzing  Execution Time: 0.002046

[0m   [0mAggregate  (cost=27.27..27.28 rows=1 width=0)
   ->  Seq Scan on claimed_listings  (cost=0.00..27.25 rows=7 width=0)
         Filter: (client_id = 25579)
[0m
  [4;36;1mCACHE (0.0ms)[0m   [0;1mSELECT * FROM "roles" WHERE ("roles"."id" = 4) [0m
Rendered users/_user_info (28.4ms)
Rendered shared/_edit_delete_link (17.3ms)
  [4;35;1mSQL (2.3ms)[0m   [0mSELECT count(*) AS count_all FROM "listings" WHERE ("listings".user_id = 25577) [0m
  [4;36;1mAnalyzing  Execution Time: 0.002984

[0m   [0;1mAggregate  (cost=1615.81..1615.82 rows=1 width=0)
   ->  Index Scan using index_listings_on_id_and_user_id_and_title on listings  (cost=0.00..1615.79 rows=4 width=0)
         Index Cond: (user_id = 25577)
[0m
  [4;35;1mSQL (0.9ms)[0m   [0mSELECT count(*) AS count_all FROM "claimed_listings" WHERE ("claimed_listings".client_id = 25577) [0m
  [4;36;1mAnalyzing  Execution Time: 0.00156

[0m   [0;1mAggregate  (cost=27.27..27.28 rows=1 width=0)
   ->  Seq Scan on claimed_listings  (cost=0.00..27.25 rows=7 width=0)
         Filter: (client_id = 25577)
[0m
  [4;35;1mCACHE (0.0ms)[0m   [0mSELECT * FROM "roles" WHERE ("roles"."id" = 4) [0m
Rendered users/_user_info (26.3ms)
Rendered shared/_edit_delete_link (7.9ms)
  [4;36;1mSQL (2.6ms)[0m   [0;1mSELECT count(*) AS count_all FROM "listings" WHERE ("listings".user_id = 25575) [0m
  [4;35;1mAnalyzing  Execution Time: 0.003648

[0m   [0mAggregate  (cost=1615.81..1615.82 rows=1 width=0)
   ->  Index Scan using index_listings_on_id_and_user_id_and_title on listings  (cost=0.00..1615.79 rows=4 width=0)
         Index Cond: (user_id = 25575)
[0m
  [4;36;1mSQL (0.4ms)[0m   [0;1mSELECT count(*) AS count_all FROM "claimed_listings" WHERE ("claimed_listings".client_id = 25575) [0m
  [4;35;1mAnalyzing  Execution Time: 0.0009

[0m   [0mAggregate  (cost=27.27..27.28 rows=1 width=0)
   ->  Seq Scan on claimed_listings  (cost=0.00..27.25 rows=7 width=0)
         Filter: (client_id = 25575)
[0m
  [4;36;1mCACHE (0.0ms)[0m   [0;1mSELECT * FROM "roles" WHERE ("roles"."id" = 4) [0m
Rendered users/_user_info (28.7ms)
Rendered shared/_edit_delete_link (12.2ms)
  [4;35;1mSQL (2.1ms)[0m   [0mSELECT count(*) AS count_all FROM "listings" WHERE ("listings".user_id = 25573) [0m
  [4;36;1mAnalyzing  Execution Time: 0.002695

[0m   [0;1mAggregate  (cost=1615.81..1615.82 rows=1 width=0)
   ->  Index Scan using index_listings_on_id_and_user_id_and_title on listings  (cost=0.00..1615.79 rows=4 width=0)
         Index Cond: (user_id = 25573)
[0m
  [4;35;1mSQL (0.8ms)[0m   [0mSELECT count(*) AS count_all FROM "claimed_listings" WHERE ("claimed_listings".client_id = 25573) [0m
  [4;36;1mAnalyzing  Execution Time: 0.001171

[0m   [0;1mAggregate  (cost=27.27..27.28 rows=1 width=0)
   ->  Seq Scan on claimed_listings  (cost=0.00..27.25 rows=7 width=0)
         Filter: (client_id = 25573)
[0m
  [4;35;1mCACHE (0.0ms)[0m   [0mSELECT * FROM "roles" WHERE ("roles"."id" = 4) [0m
Rendered users/_user_info (22.6ms)
Rendered shared/_edit_delete_link (10.0ms)
  [4;36;1mSQL (15.9ms)[0m   [0;1mSELECT count(*) AS count_all FROM "listings" WHERE ("listings".user_id = 25571) [0m
  [4;35;1mAnalyzing  Execution Time: 0.017097

[0m   [0mAggregate  (cost=1615.81..1615.82 rows=1 width=0)
   ->  Index Scan using index_listings_on_id_and_user_id_and_title on listings  (cost=0.00..1615.79 rows=4 width=0)
         Index Cond: (user_id = 25571)
[0m
  [4;36;1mSQL (3.1ms)[0m   [0;1mSELECT count(*) AS count_all FROM "claimed_listings" WHERE ("claimed_listings".client_id = 25571) [0m
  [4;35;1mAnalyzing  Execution Time: 0.003517

[0m   [0mAggregate  (cost=27.27..27.28 rows=1 width=0)
   ->  Seq Scan on claimed_listings  (cost=0.00..27.25 rows=7 width=0)
         Filter: (client_id = 25571)
[0m
  [4;36;1mCACHE (0.0ms)[0m   [0;1mSELECT * FROM "roles" WHERE ("roles"."id" = 4) [0m
Rendered users/_user_info (30.7ms)
Rendered shared/_edit_delete_link (7.6ms)
  [4;35;1mSQL (2.5ms)[0m   [0mSELECT count(*) AS count_all FROM "listings" WHERE ("listings".user_id = 25570) [0m
  [4;36;1mAnalyzing  Execution Time: 0.003103

[0m   [0;1mAggregate  (cost=1615.81..1615.82 rows=1 width=0)
   ->  Index Scan using index_listings_on_id_and_user_id_and_title on listings  (cost=0.00..1615.79 rows=4 width=0)
         Index Cond: (user_id = 25570)
[0m
  [4;35;1mSQL (1.2ms)[0m   [0mSELECT count(*) AS count_all FROM "claimed_listings" WHERE ("claimed_listings".client_id = 25570) [0m
  [4;36;1mAnalyzing  Execution Time: 0.001648

[0m   [0;1mAggregate  (cost=27.27..27.28 rows=1 width=0)
   ->  Seq Scan on claimed_listings  (cost=0.00..27.25 rows=7 width=0)
         Filter: (client_id = 25570)
[0m
  [4;35;1mCACHE (0.0ms)[0m   [0mSELECT * FROM "roles" WHERE ("roles"."id" = 4) [0m
Rendered users/_user_info (47.5ms)
Rendered shared/_edit_delete_link (8.9ms)
  [4;36;1mSQL (4.8ms)[0m   [0;1mSELECT count(*) AS count_all FROM "listings" WHERE ("listings".user_id = 25567) [0m
  [4;35;1mAnalyzing  Execution Time: 0.00523

[0m   [0mAggregate  (cost=1615.81..1615.82 rows=1 width=0)
   ->  Index Scan using index_listings_on_id_and_user_id_and_title on listings  (cost=0.00..1615.79 rows=4 width=0)
         Index Cond: (user_id = 25567)
[0m
  [4;36;1mSQL (0.4ms)[0m   [0;1mSELECT count(*) AS count_all FROM "claimed_listings" WHERE ("claimed_listings".client_id = 25567) [0m
  [4;35;1mAnalyzing  Execution Time: 0.004394

[0m   [0mAggregate  (cost=27.27..27.28 rows=1 width=0)
   ->  Seq Scan on claimed_listings  (cost=0.00..27.25 rows=7 width=0)
         Filter: (client_id = 25567)
[0m
  [4;36;1mCACHE (0.0ms)[0m   [0;1mSELECT * FROM "roles" WHERE ("roles"."id" = 4) [0m
Rendered users/_user_info (28.7ms)
Rendered shared/_edit_delete_link (6.1ms)
  [4;35;1mSQL (8.6ms)[0m   [0mSELECT count(*) AS count_all FROM "listings" WHERE ("listings".user_id = 25565) [0m
  [4;36;1mAnalyzing  Execution Time: 0.395561

[0m   [0;1mAggregate  (cost=1615.81..1615.82 rows=1 width=0)
   ->  Index Scan using index_listings_on_id_and_user_id_and_title on listings  (cost=0.00..1615.79 rows=4 width=0)
         Index Cond: (user_id = 25565)
[0m
  [4;35;1mSQL (0.4ms)[0m   [0mSELECT count(*) AS count_all FROM "claimed_listings" WHERE ("claimed_listings".client_id = 25565) [0m
  [4;36;1mAnalyzing  Execution Time: 0.000913

[0m   [0;1mAggregate  (cost=27.27..27.28 rows=1 width=0)
   ->  Seq Scan on claimed_listings  (cost=0.00..27.25 rows=7 width=0)
         Filter: (client_id = 25565)
[0m
  [4;35;1mCACHE (0.0ms)[0m   [0mSELECT * FROM "roles" WHERE ("roles"."id" = 4) [0m
Rendered users/_user_info (25.9ms)
Rendered shared/_edit_delete_link (9.5ms)
  [4;36;1mSQL (2.4ms)[0m   [0;1mSELECT count(*) AS count_all FROM "listings" WHERE ("listings".user_id = 25564) [0m
  [4;35;1mAnalyzing  Execution Time: 0.002798

[0m   [0mAggregate  (cost=1615.81..1615.82 rows=1 width=0)
   ->  Index Scan using index_listings_on_id_and_user_id_and_title on listings  (cost=0.00..1615.79 rows=4 width=0)
         Index Cond: (user_id = 25564)
[0m
  [4;36;1mSQL (0.4ms)[0m   [0;1mSELECT count(*) AS count_all FROM "claimed_listings" WHERE ("claimed_listings".client_id = 25564) [0m
  [4;35;1mAnalyzing  Execution Time: 0.000908

[0m   [0mAggregate  (cost=27.27..27.28 rows=1 width=0)
   ->  Seq Scan on claimed_listings  (cost=0.00..27.25 rows=7 width=0)
         Filter: (client_id = 25564)
[0m
  [4;36;1mCACHE (0.0ms)[0m   [0;1mSELECT * FROM "roles" WHERE ("roles"."id" = 4) [0m
Rendered users/_user_info (23.5ms)
Rendered shared/_edit_delete_link (6.6ms)
  [4;35;1mSQL (2.7ms)[0m   [0mSELECT count(*) AS count_all FROM "listings" WHERE ("listings".user_id = 25563) [0m
  [4;36;1mAnalyzing  Execution Time: 0.003121

[0m   [0;1mAggregate  (cost=1615.81..1615.82 rows=1 width=0)
   ->  Index Scan using index_listings_on_id_and_user_id_and_title on listings  (cost=0.00..1615.79 rows=4 width=0)
         Index Cond: (user_id = 25563)
[0m
  [4;35;1mSQL (0.4ms)[0m   [0mSELECT count(*) AS count_all FROM "claimed_listings" WHERE ("claimed_listings".client_id = 25563) [0m
  [4;36;1mAnalyzing  Execution Time: 0.000767

[0m   [0;1mAggregate  (cost=27.27..27.28 rows=1 width=0)
   ->  Seq Scan on claimed_listings  (cost=0.00..27.25 rows=7 width=0)
         Filter: (client_id = 25563)
[0m
  [4;35;1mCACHE (0.0ms)[0m   [0mSELECT * FROM "roles" WHERE ("roles"."id" = 4) [0m
Rendered users/_user_info (19.5ms)
Rendered shared/_edit_delete_link (6.6ms)
  [4;36;1mSQL (2.3ms)[0m   [0;1mSELECT count(*) AS count_all FROM "listings" WHERE ("listings".user_id = 25562) [0m
  [4;35;1mAnalyzing  Execution Time: 0.002714

[0m   [0mAggregate  (cost=1615.81..1615.82 rows=1 width=0)
   ->  Index Scan using index_listings_on_id_and_user_id_and_title on listings  (cost=0.00..1615.79 rows=4 width=0)
         Index Cond: (user_id = 25562)
[0m
  [4;36;1mSQL (3.3ms)[0m   [0;1mSELECT count(*) AS count_all FROM "claimed_listings" WHERE ("claimed_listings".client_id = 25562) [0m
  [4;35;1mAnalyzing  Execution Time: 0.003869

[0m   [0mAggregate  (cost=27.27..27.28 rows=1 width=0)
   ->  Seq Scan on claimed_listings  (cost=0.00..27.25 rows=7 width=0)
         Filter: (client_id = 25562)
[0m
  [4;36;1mCACHE (0.0ms)[0m   [0;1mSELECT * FROM "roles" WHERE ("roles"."id" = 4) [0m
Rendered users/_user_info (26.0ms)
Rendered shared/_edit_delete_link (5.7ms)
  [4;35;1mSQL (2.7ms)[0m   [0mSELECT count(*) AS count_all FROM "listings" WHERE ("listings".user_id = 25560) [0m
  [4;36;1mAnalyzing  Execution Time: 0.003335

[0m   [0;1mAggregate  (cost=1615.81..1615.82 rows=1 width=0)
   ->  Index Scan using index_listings_on_id_and_user_id_and_title on listings  (cost=0.00..1615.79 rows=4 width=0)
         Index Cond: (user_id = 25560)
[0m
  [4;35;1mSQL (0.4ms)[0m   [0mSELECT count(*) AS count_all FROM "claimed_listings" WHERE ("claimed_listings".client_id = 25560) [0m
  [4;36;1mAnalyzing  Execution Time: 0.000881

[0m   [0;1mAggregate  (cost=27.27..27.28 rows=1 width=0)
   ->  Seq Scan on claimed_listings  (cost=0.00..27.25 rows=7 width=0)
         Filter: (client_id = 25560)
[0m
  [4;35;1mCACHE (0.0ms)[0m   [0mSELECT * FROM "roles" WHERE ("roles"."id" = 4) [0m
Rendered users/_user_info (19.4ms)
Rendered shared/_edit_delete_link (6.1ms)
  [4;36;1mSQL (2.9ms)[0m   [0;1mSELECT count(*) AS count_all FROM "listings" WHERE ("listings".user_id = 25559) [0m
  [4;35;1mAnalyzing  Execution Time: 0.003334

[0m   [0mAggregate  (cost=1615.81..1615.82 rows=1 width=0)
   ->  Index Scan using index_listings_on_id_and_user_id_and_title on listings  (cost=0.00..1615.79 rows=4 width=0)
         Index Cond: (user_id = 25559)
[0m
  [4;36;1mSQL (0.5ms)[0m   [0;1mSELECT count(*) AS count_all FROM "claimed_listings" WHERE ("claimed_listings".client_id = 25559) [0m
  [4;35;1mAnalyzing  Execution Time: 0.000819

[0m   [0mAggregate  (cost=27.27..27.28 rows=1 width=0)
   ->  Seq Scan on claimed_listings  (cost=0.00..27.25 rows=7 width=0)
         Filter: (client_id = 25559)
[0m
  [4;36;1mCACHE (0.0ms)[0m   [0;1mSELECT * FROM "roles" WHERE ("roles"."id" = 4) [0m
Rendered users/_user_info (18.7ms)
Rendered shared/_edit_delete_link (7.5ms)
  [4;35;1mSQL (7.7ms)[0m   [0mSELECT count(*) AS count_all FROM "listings" WHERE ("listings".user_id = 25558) [0m
  [4;36;1mAnalyzing  Execution Time: 0.008106

[0m   [0;1mAggregate  (cost=1615.81..1615.82 rows=1 width=0)
   ->  Index Scan using index_listings_on_id_and_user_id_and_title on listings  (cost=0.00..1615.79 rows=4 width=0)
         Index Cond: (user_id = 25558)
[0m
  [4;35;1mSQL (0.6ms)[0m   [0mSELECT count(*) AS count_all FROM "claimed_listings" WHERE ("claimed_listings".client_id = 25558) [0m
  [4;36;1mAnalyzing  Execution Time: 0.001

[0m   [0;1mAggregate  (cost=27.27..27.28 rows=1 width=0)
   ->  Seq Scan on claimed_listings  (cost=0.00..27.25 rows=7 width=0)
         Filter: (client_id = 25558)
[0m
Rendered views/_paginate (13.5ms)
Rendered views/partials/_users (2506.6ms)
Rendered shared/_base_model_index (2871.5ms)
Rendered shared/_model_index (2919.3ms)
Completed in 3219ms (View: 2752, DB: 197) | 200 OK [https://localhost/clients]
** has_many_polymorphs: autoload hook invoked
** has_many_polymorphs: preloading parent model Block
** has_many_polymorphs: associating Block.models
  [4;35;1mSQL (0.2ms)[0m   [0mSET client_min_messages TO 'panic'[0m
  [4;36;1mSQL (0.2ms)[0m   [0;1mSET client_min_messages TO 'notice'[0m
** has_many_polymorphs: preloading parent model View
** has_many_polymorphs: associating View.models
  [4;35;1mSQL (0.2ms)[0m   [0mSET client_min_messages TO 'panic'[0m
  [4;36;1mSQL (0.1ms)[0m   [0;1mSET client_min_messages TO 'notice'[0m


Processing ClientsController#show (for 127.0.0.1 at 2011-04-26 17:58:23) [GET]
  Parameters: {"action"=>"show", "id"=>"25586", "controller"=>"clients"}
  [4;35;1mUser Load (2.0ms)[0m   [0mSELECT * FROM "users" WHERE ("users"."id" = E'1') LIMIT 1[0m
  [4;36;1mAnalyzing User Load Execution Time: 0.002745

[0m   [0;1mLimit  (cost=0.00..8.27 rows=1 width=574)
   ->  Index Scan using users_pkey on users  (cost=0.00..8.27 rows=1 width=574)
         Index Cond: (id = 1)
[0m
  [4;35;1mSQL (2.6ms)[0m   [0mBEGIN[0m
  [4;36;1mUser Update (0.9ms)[0m   [0;1mUPDATE "users" SET "updated_at" = '2011-04-26 21:58:23.497031', "perishable_token" = E'BxhstAYeDaFBJNLn9xhM', "last_request_at" = '2011-04-26 21:58:23.491216' WHERE "id" = 1[0m
  [4;35;1mSQL (0.6ms)[0m   [0mCOMMIT[0m
  [4;36;1mRole Load (0.6ms)[0m   [0;1mSELECT * FROM "roles" WHERE ("roles"."id" = 1) [0m
  [4;35;1mAnalyzing Role Load Execution Time: 0.000995

[0m   [0mIndex Scan using roles_pkey on roles  (cost=0.00..8.27 rows=1 width=536)
   Index Cond: (id = 1)
[0m
  [4;36;1mClient Load (1.2ms)[0m   [0;1mSELECT * FROM "users" WHERE ("users"."id" = 25586) AND ( ("users"."type" = 'Client' ) ) LIMIT 1[0m
  [4;35;1mAnalyzing Client Load Execution Time: 0.002275

[0m   [0mLimit  (cost=0.00..8.27 rows=1 width=574)
   ->  Index Scan using users_pkey on users  (cost=0.00..8.27 rows=1 width=574)
         Index Cond: (id = 25586)
         Filter: ((type)::text = 'Client'::text)
[0m
Rendering clients/show
  [4;36;1mUser Load (0.6ms)[0m   [0;1mSELECT * FROM "users" WHERE ("users"."id" = 25586) [0m
  [4;35;1mAnalyzing User Load Execution Time: 0.001382

[0m   [0mIndex Scan using users_pkey on users  (cost=0.00..8.27 rows=1 width=574)
   Index Cond: (id = 25586)
[0m
  [4;36;1mSQL (4.8ms)[0m   [0;1mSELECT count(*) AS count_all FROM "listings" WHERE ("listings".user_id = 25586 AND (enabled IS TRUE)) [0m
  [4;35;1mAnalyzing  Execution Time: 0.005344

[0m   [0mAggregate  (cost=1615.81..1615.82 rows=1 width=0)
   ->  Index Scan using index_listings_on_id_and_user_id_and_title on listings  (cost=0.00..1615.79 rows=4 width=0)
         Index Cond: (user_id = 25586)
         Filter: (enabled IS TRUE)
[0m
  [4;36;1mListing Load (3.2ms)[0m   [0;1mSELECT * FROM "listings" WHERE ("listings".user_id = 25586) [0m
  [4;35;1mAnalyzing Listing Load Execution Time: 0.004321

[0m   [0mIndex Scan using index_listings_on_id_and_user_id_and_title on listings  (cost=0.00..1615.79 rows=4 width=1172)
   Index Cond: (user_id = 25586)
[0m
  [4;36;1mFacilityInfo Load (1.5ms)[0m   [0;1mSELECT * FROM "facility_infos" WHERE ("facility_infos".listing_id = 113291) LIMIT 1[0m
  [4;35;1mAnalyzing FacilityInfo Load Execution Time: 0.001921

[0m   [0mLimit  (cost=0.00..10.00 rows=1 width=8362)
   ->  Seq Scan on facility_infos  (cost=0.00..10.00 rows=1 width=8362)
         Filter: (listing_id = 113291)
[0m
  [4;36;1mRole Load (0.8ms)[0m   [0;1mSELECT * FROM "roles" WHERE ("roles"."id" = 4) [0m
  [4;35;1mAnalyzing Role Load Execution Time: 0.001276

[0m   [0mIndex Scan using roles_pkey on roles  (cost=0.00..8.27 rows=1 width=536)
   Index Cond: (id = 4)
[0m
Rendered users/_user_info (27.8ms)
Rendered notes/_form (12.3ms)
  [4;36;1mNote Load (0.7ms)[0m   [0;1mSELECT * FROM "notes" WHERE ("notes".user_id = 25586) [0m
  [4;35;1mAnalyzing Note Load Execution Time: 0.000967

[0m   [0mSeq Scan on notes  (cost=0.00..11.62 rows=1 width=576)
   Filter: (user_id = 25586)
[0m
Rendered notes/_client_notes (507.2ms)
  [4;36;1mSQL (0.7ms)[0m   [0;1mSELECT count(*) AS count_all FROM "claimed_listings" WHERE ("claimed_listings".client_id = 25586) [0m
  [4;35;1mAnalyzing  Execution Time: 0.001041

[0m   [0mAggregate  (cost=27.27..27.28 rows=1 width=0)
   ->  Seq Scan on claimed_listings  (cost=0.00..27.25 rows=7 width=0)
         Filter: (client_id = 25586)
[0m
  [4;36;1mClient Load (0.6ms)[0m   [0;1mSELECT * FROM "users" WHERE ("users"."id" = 25586) AND ( ("users"."type" = 'Client' ) ) [0m
  [4;35;1mAnalyzing Client Load Execution Time: 0.002225

[0m   [0mIndex Scan using users_pkey on users  (cost=0.00..8.27 rows=1 width=574)
   Index Cond: (id = 25586)
   Filter: ((type)::text = 'Client'::text)
[0m
  [4;36;1mSQL (1.0ms)[0m   [0;1mSELECT count(*) AS count_all FROM "sizes" WHERE ("sizes".listing_id = 113291) [0m
  [4;35;1mAnalyzing  Execution Time: 0.001427

[0m   [0mAggregate  (cost=18.55..18.56 rows=1 width=0)
   ->  Bitmap Heap Scan on sizes  (cost=4.30..18.53 rows=7 width=0)
         Recheck Cond: (listing_id = 113291)
         ->  Bitmap Index Scan on index_sizes_on_listing_id_and_price  (cost=0.00..4.30 rows=7 width=0)
               Index Cond: (listing_id = 113291)
[0m
  [4;36;1mSQL (8.2ms)[0m   [0;1mSELECT count(*) AS count_all FROM "business_hours" WHERE ("business_hours".listing_id = 113291) [0m
  [4;35;1mAnalyzing  Execution Time: 0.008507

[0m   [0mAggregate  (cost=99.56..99.57 rows=1 width=0)
   ->  Seq Scan on business_hours  (cost=0.00..99.53 rows=13 width=0)
         Filter: (listing_id = 113291)
[0m
  [4;36;1mSQL (1.4ms)[0m   [0;1mSELECT count(*) AS count_all FROM "comments" WHERE ("comments".commentable_id = 113291 AND "comments".commentable_type = E'Listing') [0m
  [4;35;1mAnalyzing  Execution Time: 0.001762

[0m   [0mAggregate  (cost=10.91..10.92 rows=1 width=0)
   ->  Seq Scan on comments  (cost=0.00..10.90 rows=1 width=0)
         Filter: ((commentable_id = 113291) AND ((commentable_type)::text = 'Listing'::text))
[0m
  [4;36;1mPredefinedSpecial Load (5.9ms)[0m   [0;1mSELECT "predefined_specials".* FROM "predefined_specials" INNER JOIN "predef_special_assigns" ON "predefined_specials".id = "predef_special_assigns".predefined_special_id WHERE (("predef_special_assigns".listing_id = 113291)) [0m
  [4;35;1mAnalyzing PredefinedSpecial Load Execution Time: 0.006308

[0m   [0mNested Loop  (cost=0.00..10.27 rows=1 width=1092)
   ->  Seq Scan on predef_special_assigns  (cost=0.00..1.99 rows=1 width=4)
         Filter: (listing_id = 113291)
   ->  Index Scan using predefined_specials_pkey on predefined_specials  (cost=0.00..8.27 rows=1 width=1092)
         Index Cond: (predefined_specials.id = predef_special_assigns.predefined_special_id)
[0m
  [4;36;1mSQL (1.8ms)[0m   [0;1mSELECT count(*) AS count_all FROM "facility_features" INNER JOIN "listing_features" ON "facility_features".id = "listing_features".facility_feature_id WHERE (("listing_features".listing_id = 113291)) [0m
  [4;35;1mAnalyzing  Execution Time: 0.01234

[0m   [0mAggregate  (cost=51.87..51.88 rows=1 width=0)
   ->  Hash Join  (cost=12.93..51.85 rows=8 width=0)
         Hash Cond: (listing_features.facility_feature_id = facility_features.id)
         ->  Seq Scan on listing_features  (cost=0.00..38.81 rows=8 width=4)
               Filter: (listing_id = 113291)
         ->  Hash  (cost=11.30..11.30 rows=130 width=4)
               ->  Seq Scan on facility_features  (cost=0.00..11.30 rows=130 width=4)
[0m
  [4;36;1mCACHE (0.0ms)[0m   [0;1mSELECT count(*) AS count_all FROM "facility_features" INNER JOIN "listing_features" ON "facility_features".id = "listing_features".facility_feature_id WHERE (("listing_features".listing_id = 113291)) [0m
  [4;35;1mSQL (1.1ms)[0m   [0mSELECT count(*) AS count_all FROM "pictures" WHERE ("pictures".listing_id = 113291) [0m
  [4;36;1mAnalyzing  Execution Time: 0.001461

[0m   [0;1mAggregate  (cost=15.58..15.59 rows=1 width=0)
   ->  Seq Scan on pictures  (cost=0.00..15.57 rows=3 width=0)
         Filter: (listing_id = 113291)
[0m
Rendered listings/_listing (552.8ms)
  [4;35;1mMailingAddress Load (0.9ms)[0m   [0mSELECT * FROM "mailing_addresses" WHERE ("mailing_addresses".user_id = 25586) LIMIT 1[0m
  [4;36;1mAnalyzing MailingAddress Load Execution Time: 0.00167

[0m   [0;1mLimit  (cost=0.00..8.27 rows=1 width=106)
   ->  Index Scan using index_mailing_addresses_on_client_id_and_city_and_state on mailing_addresses  (cost=0.00..8.27 rows=1 width=106)
         Index Cond: (user_id = 25586)
[0m
Rendered clients/_owner_info (28.1ms)
  [4;35;1mUserHintPlacement Load (0.8ms)[0m   [0mSELECT * FROM "user_hint_placements" WHERE ("user_hint_placements".user_id = 25586) [0m
  [4;36;1mAnalyzing UserHintPlacement Load Execution Time: 0.008

[0m   [0;1mIndex Scan using index_user_hint_placements_on_user_id on user_hint_placements  (cost=0.00..8.39 rows=8 width=33)
   Index Cond: (user_id = 25586)
[0m
  [4;35;1mAccountSetting Load (1.0ms)[0m   [0mSELECT * FROM "account_settings" WHERE ("account_settings".client_id = 25586) LIMIT 1[0m
  [4;36;1mAnalyzing AccountSetting Load Execution Time: 0.001614

[0m   [0;1mLimit  (cost=0.00..1.65 rows=1 width=80)
   ->  Seq Scan on account_settings  (cost=0.00..1.65 rows=1 width=80)
         Filter: (client_id = 25586)
[0m
Rendered clients/_settings (449.5ms)
  [4;35;1mSQL (7.5ms)[0m   [0mSELECT count(*) AS count_all FROM "user_stats" WHERE ("user_stats".user_id = 25586) [0m
  [4;36;1mAnalyzing  Execution Time: 0.007916

[0m   [0;1mAggregate  (cost=678.85..678.86 rows=1 width=0)
   ->  Seq Scan on user_stats  (cost=0.00..678.81 rows=14 width=0)
         Filter: (user_id = 25586)
[0m
  [4;35;1mUserStat Load (0.8ms)[0m   [0mSELECT * FROM "user_stats" WHERE ("user_stats".user_id = 25586) ORDER BY user_stats.id DESC LIMIT 1[0m
  [4;36;1mAnalyzing UserStat Load Execution Time: 0.001226

[0m   [0;1mLimit  (cost=0.00..64.69 rows=1 width=1370)
   ->  Index Scan Backward using user_stats_pkey on user_stats  (cost=0.00..905.65 rows=14 width=1370)
         Filter: (user_id = 25586)
[0m
Rendered user_stats/_user_stat (10.4ms)
Completed in 2851ms (View: 2175, DB: 84) | 200 OK [https://localhost/clients/25586]
** has_many_polymorphs: autoload hook invoked
** has_many_polymorphs: preloading parent model Block
** has_many_polymorphs: associating Block.models
  [4;35;1mSQL (0.6ms)[0m   [0mSET client_min_messages TO 'panic'[0m
  [4;36;1mSQL (1.8ms)[0m   [0;1mSET client_min_messages TO 'notice'[0m
** has_many_polymorphs: preloading parent model View
** has_many_polymorphs: associating View.models
  [4;35;1mSQL (0.3ms)[0m   [0mSET client_min_messages TO 'panic'[0m
  [4;36;1mSQL (0.1ms)[0m   [0;1mSET client_min_messages TO 'notice'[0m


Processing ClientsController#index (for 127.0.0.1 at 2011-04-26 18:00:23) [GET]
  Parameters: {"action"=>"index", "controller"=>"clients"}
  [4;35;1mUser Load (1.8ms)[0m   [0mSELECT * FROM "users" WHERE ("users"."id" = E'1') LIMIT 1[0m
  [4;36;1mAnalyzing User Load Execution Time: 0.002589

[0m   [0;1mLimit  (cost=0.00..8.27 rows=1 width=574)
   ->  Index Scan using users_pkey on users  (cost=0.00..8.27 rows=1 width=574)
         Index Cond: (id = 1)
[0m
  [4;35;1mSQL (0.2ms)[0m   [0mBEGIN[0m
  [4;36;1mUser Update (1.1ms)[0m   [0;1mUPDATE "users" SET "updated_at" = '2011-04-26 22:00:23.725612', "perishable_token" = E'OYACDS7tqRKQtEhcN2H', "last_request_at" = '2011-04-26 22:00:23.722665' WHERE "id" = 1[0m
  [4;35;1mSQL (0.8ms)[0m   [0mCOMMIT[0m
  [4;36;1mRole Load (0.6ms)[0m   [0;1mSELECT * FROM "roles" WHERE ("roles"."id" = 1) [0m
  [4;35;1mAnalyzing Role Load Execution Time: 0.001037

[0m   [0mIndex Scan using roles_pkey on roles  (cost=0.00..8.27 rows=1 width=536)
   Index Cond: (id = 1)
[0m
  [4;36;1mClient Load (3.0ms)[0m   [0;1mSELECT * FROM "users" WHERE ("users"."status" = E'active') AND ( ("users"."type" = 'Client' ) ) ORDER BY created_at DESC LIMIT 20 OFFSET 0[0m
  [4;35;1mAnalyzing Client Load Execution Time: 0.010495

[0m   [0mLimit  (cost=34.49..34.54 rows=20 width=574)
   ->  Sort  (cost=34.49..35.15 rows=265 width=574)
         Sort Key: created_at
         ->  Seq Scan on users  (cost=0.00..27.44 rows=265 width=574)
               Filter: (((status)::text = 'active'::text) AND ((type)::text = 'Client'::text))
[0m
  [4;36;1mSQL (4.4ms)[0m   [0;1mSELECT count(*) AS count_all FROM "users" WHERE ("users"."status" = E'active') AND ( ("users"."type" = 'Client' ) ) [0m
  [4;35;1mAnalyzing  Execution Time: 0.004779

[0m   [0mAggregate  (cost=28.10..28.11 rows=1 width=0)
   ->  Seq Scan on users  (cost=0.00..27.44 rows=265 width=0)
         Filter: (((status)::text = 'active'::text) AND ((type)::text = 'Client'::text))
[0m
Rendering clients/index
  [4;36;1mSQL (1.0ms)[0m   [0;1mSELECT count(*) AS count_all FROM "users" WHERE ( ("users"."type" = 'Client' ) ) [0m
  [4;35;1mAnalyzing  Execution Time: 0.001298

[0m   [0mAggregate  (cost=27.42..27.43 rows=1 width=0)
   ->  Seq Scan on users  (cost=0.00..26.70 rows=288 width=0)
         Filter: ((type)::text = 'Client'::text)
[0m
  [4;36;1mSQL (1.1ms)[0m   [0;1mSELECT count(*) AS count_all FROM "users" WHERE (status != E'active') AND ( ("users"."type" = 'Client' ) ) [0m
  [4;35;1mAnalyzing  Execution Time: 0.001433

[0m   [0mAggregate  (cost=27.50..27.51 rows=1 width=0)
   ->  Seq Scan on users  (cost=0.00..27.44 rows=23 width=0)
         Filter: (((status)::text <> 'active'::text) AND ((type)::text = 'Client'::text))
[0m
  [4;36;1mCACHE (0.0ms)[0m   [0;1mSELECT count(*) AS count_all FROM "users" WHERE ("users"."status" = E'active') AND ( ("users"."type" = 'Client' ) ) [0m
  [4;35;1mHelptext Load (0.8ms)[0m   [0mSELECT * FROM "helptexts" WHERE ("helptexts"."model" = E'client') LIMIT 1[0m
  [4;36;1mAnalyzing Helptext Load Execution Time: 0.001148

[0m   [0;1mLimit  (cost=0.00..11.50 rows=1 width=601)
   ->  Seq Scan on helptexts  (cost=0.00..11.50 rows=1 width=601)
         Filter: ((model)::text = 'client'::text)
[0m
Rendered helptexts/_helptext (2.0ms)
Rendered shared/_model_new_back_buttons (4.3ms)
Rendered shared/_model_search (3.7ms)
Rendered menus/_view_type_links (21.8ms)
Rendered shared/_model_sort (1.9ms)
  [4;35;1mRole Load (0.6ms)[0m   [0mSELECT * FROM "roles" WHERE ("roles"."id" = 4) [0m
  [4;36;1mAnalyzing Role Load Execution Time: 0.000972

[0m   [0;1mIndex Scan using roles_pkey on roles  (cost=0.00..8.27 rows=1 width=536)
   Index Cond: (id = 4)
[0m
Rendered users/_user_info (31.0ms)
Rendered shared/_edit_delete_link (19.2ms)
  [4;35;1mSQL (4.8ms)[0m   [0mSELECT count(*) AS count_all FROM "listings" WHERE ("listings".user_id = 25586) [0m
  [4;36;1mAnalyzing  Execution Time: 0.00526

[0m   [0;1mAggregate  (cost=1615.81..1615.82 rows=1 width=0)
   ->  Index Scan using index_listings_on_id_and_user_id_and_title on listings  (cost=0.00..1615.79 rows=4 width=0)
         Index Cond: (user_id = 25586)
[0m
  [4;35;1mSQL (0.7ms)[0m   [0mSELECT count(*) AS count_all FROM "claimed_listings" WHERE ("claimed_listings".client_id = 25586) [0m
  [4;36;1mAnalyzing  Execution Time: 0.001128

[0m   [0;1mAggregate  (cost=27.27..27.28 rows=1 width=0)
   ->  Seq Scan on claimed_listings  (cost=0.00..27.25 rows=7 width=0)
         Filter: (client_id = 25586)
[0m
  [4;35;1mCACHE (0.0ms)[0m   [0mSELECT * FROM "roles" WHERE ("roles"."id" = 4) [0m
Rendered users/_user_info (22.4ms)
Rendered shared/_edit_delete_link (9.3ms)
  [4;36;1mSQL (2.7ms)[0m   [0;1mSELECT count(*) AS count_all FROM "listings" WHERE ("listings".user_id = 25584) [0m
  [4;35;1mAnalyzing  Execution Time: 0.003231

[0m   [0mAggregate  (cost=1615.81..1615.82 rows=1 width=0)
   ->  Index Scan using index_listings_on_id_and_user_id_and_title on listings  (cost=0.00..1615.79 rows=4 width=0)
         Index Cond: (user_id = 25584)
[0m
  [4;36;1mSQL (0.4ms)[0m   [0;1mSELECT count(*) AS count_all FROM "claimed_listings" WHERE ("claimed_listings".client_id = 25584) [0m
  [4;35;1mAnalyzing  Execution Time: 0.000765

[0m   [0mAggregate  (cost=27.27..27.28 rows=1 width=0)
   ->  Seq Scan on claimed_listings  (cost=0.00..27.25 rows=7 width=0)
         Filter: (client_id = 25584)
[0m
  [4;36;1mCACHE (0.0ms)[0m   [0;1mSELECT * FROM "roles" WHERE ("roles"."id" = 4) [0m
Rendered users/_user_info (21.6ms)
Rendered shared/_edit_delete_link (6.1ms)
  [4;35;1mSQL (2.1ms)[0m   [0mSELECT count(*) AS count_all FROM "listings" WHERE ("listings".user_id = 25583) [0m
  [4;36;1mAnalyzing  Execution Time: 0.002489

[0m   [0;1mAggregate  (cost=1615.81..1615.82 rows=1 width=0)
   ->  Index Scan using index_listings_on_id_and_user_id_and_title on listings  (cost=0.00..1615.79 rows=4 width=0)
         Index Cond: (user_id = 25583)
[0m
  [4;35;1mSQL (0.8ms)[0m   [0mSELECT count(*) AS count_all FROM "claimed_listings" WHERE ("claimed_listings".client_id = 25583) [0m
  [4;36;1mAnalyzing  Execution Time: 0.001235

[0m   [0;1mAggregate  (cost=27.27..27.28 rows=1 width=0)
   ->  Seq Scan on claimed_listings  (cost=0.00..27.25 rows=7 width=0)
         Filter: (client_id = 25583)
[0m
  [4;35;1mCACHE (0.0ms)[0m   [0mSELECT * FROM "roles" WHERE ("roles"."id" = 4) [0m
Rendered users/_user_info (47.7ms)
Rendered shared/_edit_delete_link (13.2ms)
  [4;36;1mSQL (2.5ms)[0m   [0;1mSELECT count(*) AS count_all FROM "listings" WHERE ("listings".user_id = 25582) [0m
  [4;35;1mAnalyzing  Execution Time: 0.002896

[0m   [0mAggregate  (cost=1615.81..1615.82 rows=1 width=0)
   ->  Index Scan using index_listings_on_id_and_user_id_and_title on listings  (cost=0.00..1615.79 rows=4 width=0)
         Index Cond: (user_id = 25582)
[0m
  [4;36;1mSQL (0.5ms)[0m   [0;1mSELECT count(*) AS count_all FROM "claimed_listings" WHERE ("claimed_listings".client_id = 25582) [0m
  [4;35;1mAnalyzing  Execution Time: 0.001142

[0m   [0mAggregate  (cost=27.27..27.28 rows=1 width=0)
   ->  Seq Scan on claimed_listings  (cost=0.00..27.25 rows=7 width=0)
         Filter: (client_id = 25582)
[0m
  [4;36;1mCACHE (0.0ms)[0m   [0;1mSELECT * FROM "roles" WHERE ("roles"."id" = 4) [0m
Rendered users/_user_info (21.7ms)
Rendered shared/_edit_delete_link (8.3ms)
  [4;35;1mSQL (2.3ms)[0m   [0mSELECT count(*) AS count_all FROM "listings" WHERE ("listings".user_id = 25581) [0m
  [4;36;1mAnalyzing  Execution Time: 0.002703

[0m   [0;1mAggregate  (cost=1615.81..1615.82 rows=1 width=0)
   ->  Index Scan using index_listings_on_id_and_user_id_and_title on listings  (cost=0.00..1615.79 rows=4 width=0)
         Index Cond: (user_id = 25581)
[0m
  [4;35;1mSQL (0.9ms)[0m   [0mSELECT count(*) AS count_all FROM "claimed_listings" WHERE ("claimed_listings".client_id = 25581) [0m
  [4;36;1mAnalyzing  Execution Time: 0.002199

[0m   [0;1mAggregate  (cost=27.27..27.28 rows=1 width=0)
   ->  Seq Scan on claimed_listings  (cost=0.00..27.25 rows=7 width=0)
         Filter: (client_id = 25581)
[0m
  [4;35;1mCACHE (0.0ms)[0m   [0mSELECT * FROM "roles" WHERE ("roles"."id" = 4) [0m
Rendered users/_user_info (21.6ms)
Rendered shared/_edit_delete_link (8.2ms)
  [4;36;1mSQL (2.3ms)[0m   [0;1mSELECT count(*) AS count_all FROM "listings" WHERE ("listings".user_id = 25580) [0m
  [4;35;1mAnalyzing  Execution Time: 0.002692

[0m   [0mAggregate  (cost=1615.81..1615.82 rows=1 width=0)
   ->  Index Scan using index_listings_on_id_and_user_id_and_title on listings  (cost=0.00..1615.79 rows=4 width=0)
         Index Cond: (user_id = 25580)
[0m
  [4;36;1mSQL (1.1ms)[0m   [0;1mSELECT count(*) AS count_all FROM "claimed_listings" WHERE ("claimed_listings".client_id = 25580) [0m
  [4;35;1mAnalyzing  Execution Time: 0.001533

[0m   [0mAggregate  (cost=27.27..27.28 rows=1 width=0)
   ->  Seq Scan on claimed_listings  (cost=0.00..27.25 rows=7 width=0)
         Filter: (client_id = 25580)
[0m
  [4;36;1mCACHE (0.0ms)[0m   [0;1mSELECT * FROM "roles" WHERE ("roles"."id" = 4) [0m
Rendered users/_user_info (20.2ms)
Rendered shared/_edit_delete_link (5.4ms)
  [4;35;1mSQL (8.2ms)[0m   [0mSELECT count(*) AS count_all FROM "listings" WHERE ("listings".user_id = 25579) [0m
  [4;36;1mAnalyzing  Execution Time: 0.008699

[0m   [0;1mAggregate  (cost=1615.81..1615.82 rows=1 width=0)
   ->  Index Scan using index_listings_on_id_and_user_id_and_title on listings  (cost=0.00..1615.79 rows=4 width=0)
         Index Cond: (user_id = 25579)
[0m
  [4;35;1mSQL (0.4ms)[0m   [0mSELECT count(*) AS count_all FROM "claimed_listings" WHERE ("claimed_listings".client_id = 25579) [0m
  [4;36;1mAnalyzing  Execution Time: 0.000731

[0m   [0;1mAggregate  (cost=27.27..27.28 rows=1 width=0)
   ->  Seq Scan on claimed_listings  (cost=0.00..27.25 rows=7 width=0)
         Filter: (client_id = 25579)
[0m
  [4;35;1mCACHE (0.0ms)[0m   [0mSELECT * FROM "roles" WHERE ("roles"."id" = 4) [0m
Rendered users/_user_info (29.6ms)
Rendered shared/_edit_delete_link (7.4ms)
  [4;36;1mSQL (2.5ms)[0m   [0;1mSELECT count(*) AS count_all FROM "listings" WHERE ("listings".user_id = 25577) [0m
  [4;35;1mAnalyzing  Execution Time: 0.002964

[0m   [0mAggregate  (cost=1615.81..1615.82 rows=1 width=0)
   ->  Index Scan using index_listings_on_id_and_user_id_and_title on listings  (cost=0.00..1615.79 rows=4 width=0)
         Index Cond: (user_id = 25577)
[0m
  [4;36;1mSQL (0.5ms)[0m   [0;1mSELECT count(*) AS count_all FROM "claimed_listings" WHERE ("claimed_listings".client_id = 25577) [0m
  [4;35;1mAnalyzing  Execution Time: 0.001004

[0m   [0mAggregate  (cost=27.27..27.28 rows=1 width=0)
   ->  Seq Scan on claimed_listings  (cost=0.00..27.25 rows=7 width=0)
         Filter: (client_id = 25577)
[0m
  [4;36;1mCACHE (0.0ms)[0m   [0;1mSELECT * FROM "roles" WHERE ("roles"."id" = 4) [0m
Rendered users/_user_info (23.0ms)
Rendered shared/_edit_delete_link (14.2ms)
  [4;35;1mSQL (2.9ms)[0m   [0mSELECT count(*) AS count_all FROM "listings" WHERE ("listings".user_id = 25575) [0m
  [4;36;1mAnalyzing  Execution Time: 0.003836

[0m   [0;1mAggregate  (cost=1615.81..1615.82 rows=1 width=0)
   ->  Index Scan using index_listings_on_id_and_user_id_and_title on listings  (cost=0.00..1615.79 rows=4 width=0)
         Index Cond: (user_id = 25575)
[0m
  [4;35;1mSQL (0.4ms)[0m   [0mSELECT count(*) AS count_all FROM "claimed_listings" WHERE ("claimed_listings".client_id = 25575) [0m
  [4;36;1mAnalyzing  Execution Time: 0.00104

[0m   [0;1mAggregate  (cost=27.27..27.28 rows=1 width=0)
   ->  Seq Scan on claimed_listings  (cost=0.00..27.25 rows=7 width=0)
         Filter: (client_id = 25575)
[0m
  [4;35;1mCACHE (0.0ms)[0m   [0mSELECT * FROM "roles" WHERE ("roles"."id" = 4) [0m
Rendered users/_user_info (16.3ms)
Rendered shared/_edit_delete_link (24.9ms)
  [4;36;1mSQL (2.6ms)[0m   [0;1mSELECT count(*) AS count_all FROM "listings" WHERE ("listings".user_id = 25573) [0m
  [4;35;1mAnalyzing  Execution Time: 0.00305

[0m   [0mAggregate  (cost=1615.81..1615.82 rows=1 width=0)
   ->  Index Scan using index_listings_on_id_and_user_id_and_title on listings  (cost=0.00..1615.79 rows=4 width=0)
         Index Cond: (user_id = 25573)
[0m
  [4;36;1mSQL (0.6ms)[0m   [0;1mSELECT count(*) AS count_all FROM "claimed_listings" WHERE ("claimed_listings".client_id = 25573) [0m
  [4;35;1mAnalyzing  Execution Time: 0.000955

[0m   [0mAggregate  (cost=27.27..27.28 rows=1 width=0)
   ->  Seq Scan on claimed_listings  (cost=0.00..27.25 rows=7 width=0)
         Filter: (client_id = 25573)
[0m
  [4;36;1mCACHE (0.0ms)[0m   [0;1mSELECT * FROM "roles" WHERE ("roles"."id" = 4) [0m
Rendered users/_user_info (45.8ms)
Rendered shared/_edit_delete_link (15.9ms)
  [4;35;1mSQL (3.0ms)[0m   [0mSELECT count(*) AS count_all FROM "listings" WHERE ("listings".user_id = 25571) [0m
  [4;36;1mAnalyzing  Execution Time: 0.003381

[0m   [0;1mAggregate  (cost=1615.81..1615.82 rows=1 width=0)
   ->  Index Scan using index_listings_on_id_and_user_id_and_title on listings  (cost=0.00..1615.79 rows=4 width=0)
         Index Cond: (user_id = 25571)
[0m
  [4;35;1mSQL (0.4ms)[0m   [0mSELECT count(*) AS count_all FROM "claimed_listings" WHERE ("claimed_listings".client_id = 25571) [0m
  [4;36;1mAnalyzing  Execution Time: 0.000764

[0m   [0;1mAggregate  (cost=27.27..27.28 rows=1 width=0)
   ->  Seq Scan on claimed_listings  (cost=0.00..27.25 rows=7 width=0)
         Filter: (client_id = 25571)
[0m
  [4;35;1mCACHE (0.0ms)[0m   [0mSELECT * FROM "roles" WHERE ("roles"."id" = 4) [0m
Rendered users/_user_info (19.8ms)
Rendered shared/_edit_delete_link (9.7ms)
  [4;36;1mSQL (2.4ms)[0m   [0;1mSELECT count(*) AS count_all FROM "listings" WHERE ("listings".user_id = 25570) [0m
  [4;35;1mAnalyzing  Execution Time: 0.002874

[0m   [0mAggregate  (cost=1615.81..1615.82 rows=1 width=0)
   ->  Index Scan using index_listings_on_id_and_user_id_and_title on listings  (cost=0.00..1615.79 rows=4 width=0)
         Index Cond: (user_id = 25570)
[0m
  [4;36;1mSQL (0.5ms)[0m   [0;1mSELECT count(*) AS count_all FROM "claimed_listings" WHERE ("claimed_listings".client_id = 25570) [0m
  [4;35;1mAnalyzing  Execution Time: 0.001374

[0m   [0mAggregate  (cost=27.27..27.28 rows=1 width=0)
   ->  Seq Scan on claimed_listings  (cost=0.00..27.25 rows=7 width=0)
         Filter: (client_id = 25570)
[0m
  [4;36;1mCACHE (0.0ms)[0m   [0;1mSELECT * FROM "roles" WHERE ("roles"."id" = 4) [0m
Rendered users/_user_info (28.8ms)
Rendered shared/_edit_delete_link (9.0ms)
  [4;35;1mSQL (3.1ms)[0m   [0mSELECT count(*) AS count_all FROM "listings" WHERE ("listings".user_id = 25567) [0m
  [4;36;1mAnalyzing  Execution Time: 0.004105

[0m   [0;1mAggregate  (cost=1615.81..1615.82 rows=1 width=0)
   ->  Index Scan using index_listings_on_id_and_user_id_and_title on listings  (cost=0.00..1615.79 rows=4 width=0)
         Index Cond: (user_id = 25567)
[0m
  [4;35;1mSQL (0.5ms)[0m   [0mSELECT count(*) AS count_all FROM "claimed_listings" WHERE ("claimed_listings".client_id = 25567) [0m
  [4;36;1mAnalyzing  Execution Time: 0.000909

[0m   [0;1mAggregate  (cost=27.27..27.28 rows=1 width=0)
   ->  Seq Scan on claimed_listings  (cost=0.00..27.25 rows=7 width=0)
         Filter: (client_id = 25567)
[0m
  [4;35;1mCACHE (0.0ms)[0m   [0mSELECT * FROM "roles" WHERE ("roles"."id" = 4) [0m
Rendered users/_user_info (37.3ms)
Rendered shared/_edit_delete_link (10.4ms)
  [4;36;1mSQL (2.8ms)[0m   [0;1mSELECT count(*) AS count_all FROM "listings" WHERE ("listings".user_id = 25565) [0m
  [4;35;1mAnalyzing  Execution Time: 0.003194

[0m   [0mAggregate  (cost=1615.81..1615.82 rows=1 width=0)
   ->  Index Scan using index_listings_on_id_and_user_id_and_title on listings  (cost=0.00..1615.79 rows=4 width=0)
         Index Cond: (user_id = 25565)
[0m
  [4;36;1mSQL (0.5ms)[0m   [0;1mSELECT count(*) AS count_all FROM "claimed_listings" WHERE ("claimed_listings".client_id = 25565) [0m
  [4;35;1mAnalyzing  Execution Time: 0.000861

[0m   [0mAggregate  (cost=27.27..27.28 rows=1 width=0)
   ->  Seq Scan on claimed_listings  (cost=0.00..27.25 rows=7 width=0)
         Filter: (client_id = 25565)
[0m
  [4;36;1mCACHE (0.0ms)[0m   [0;1mSELECT * FROM "roles" WHERE ("roles"."id" = 4) [0m
Rendered users/_user_info (16.8ms)
Rendered shared/_edit_delete_link (11.6ms)
  [4;35;1mSQL (9.7ms)[0m   [0mSELECT count(*) AS count_all FROM "listings" WHERE ("listings".user_id = 25564) [0m
  [4;36;1mAnalyzing  Execution Time: 0.010794

[0m   [0;1mAggregate  (cost=1615.81..1615.82 rows=1 width=0)
   ->  Index Scan using index_listings_on_id_and_user_id_and_title on listings  (cost=0.00..1615.79 rows=4 width=0)
         Index Cond: (user_id = 25564)
[0m
  [4;35;1mSQL (0.4ms)[0m   [0mSELECT count(*) AS count_all FROM "claimed_listings" WHERE ("claimed_listings".client_id = 25564) [0m
  [4;36;1mAnalyzing  Execution Time: 0.000838

[0m   [0;1mAggregate  (cost=27.27..27.28 rows=1 width=0)
   ->  Seq Scan on claimed_listings  (cost=0.00..27.25 rows=7 width=0)
         Filter: (client_id = 25564)
[0m
  [4;35;1mCACHE (0.0ms)[0m   [0mSELECT * FROM "roles" WHERE ("roles"."id" = 4) [0m
Rendered users/_user_info (22.6ms)
Rendered shared/_edit_delete_link (5.2ms)
  [4;36;1mSQL (4.9ms)[0m   [0;1mSELECT count(*) AS count_all FROM "listings" WHERE ("listings".user_id = 25563) [0m
  [4;35;1mAnalyzing  Execution Time: 0.005271

[0m   [0mAggregate  (cost=1615.81..1615.82 rows=1 width=0)
   ->  Index Scan using index_listings_on_id_and_user_id_and_title on listings  (cost=0.00..1615.79 rows=4 width=0)
         Index Cond: (user_id = 25563)
[0m
  [4;36;1mSQL (0.4ms)[0m   [0;1mSELECT count(*) AS count_all FROM "claimed_listings" WHERE ("claimed_listings".client_id = 25563) [0m
  [4;35;1mAnalyzing  Execution Time: 0.000768

[0m   [0mAggregate  (cost=27.27..27.28 rows=1 width=0)
   ->  Seq Scan on claimed_listings  (cost=0.00..27.25 rows=7 width=0)
         Filter: (client_id = 25563)
[0m
  [4;36;1mCACHE (0.0ms)[0m   [0;1mSELECT * FROM "roles" WHERE ("roles"."id" = 4) [0m
Rendered users/_user_info (18.7ms)
Rendered shared/_edit_delete_link (401.3ms)
  [4;35;1mSQL (27.8ms)[0m   [0mSELECT count(*) AS count_all FROM "listings" WHERE ("listings".user_id = 25562) [0m
  [4;36;1mAnalyzing  Execution Time: 0.028239

[0m   [0;1mAggregate  (cost=1615.81..1615.82 rows=1 width=0)
   ->  Index Scan using index_listings_on_id_and_user_id_and_title on listings  (cost=0.00..1615.79 rows=4 width=0)
         Index Cond: (user_id = 25562)
[0m
  [4;35;1mSQL (0.4ms)[0m   [0mSELECT count(*) AS count_all FROM "claimed_listings" WHERE ("claimed_listings".client_id = 25562) [0m
  [4;36;1mAnalyzing  Execution Time: 0.000838

[0m   [0;1mAggregate  (cost=27.27..27.28 rows=1 width=0)
   ->  Seq Scan on claimed_listings  (cost=0.00..27.25 rows=7 width=0)
         Filter: (client_id = 25562)
[0m
  [4;35;1mCACHE (0.0ms)[0m   [0mSELECT * FROM "roles" WHERE ("roles"."id" = 4) [0m
Rendered users/_user_info (24.6ms)
Rendered shared/_edit_delete_link (7.1ms)
  [4;36;1mSQL (2.2ms)[0m   [0;1mSELECT count(*) AS count_all FROM "listings" WHERE ("listings".user_id = 25560) [0m
  [4;35;1mAnalyzing  Execution Time: 0.002634

[0m   [0mAggregate  (cost=1615.81..1615.82 rows=1 width=0)
   ->  Index Scan using index_listings_on_id_and_user_id_and_title on listings  (cost=0.00..1615.79 rows=4 width=0)
         Index Cond: (user_id = 25560)
[0m
  [4;36;1mSQL (0.9ms)[0m   [0;1mSELECT count(*) AS count_all FROM "claimed_listings" WHERE ("claimed_listings".client_id = 25560) [0m
  [4;35;1mAnalyzing  Execution Time: 0.003317

[0m   [0mAggregate  (cost=27.27..27.28 rows=1 width=0)
   ->  Seq Scan on claimed_listings  (cost=0.00..27.25 rows=7 width=0)
         Filter: (client_id = 25560)
[0m
  [4;36;1mCACHE (0.0ms)[0m   [0;1mSELECT * FROM "roles" WHERE ("roles"."id" = 4) [0m
Rendered users/_user_info (38.7ms)
Rendered shared/_edit_delete_link (6.9ms)
  [4;35;1mSQL (3.0ms)[0m   [0mSELECT count(*) AS count_all FROM "listings" WHERE ("listings".user_id = 25559) [0m
  [4;36;1mAnalyzing  Execution Time: 0.003371

[0m   [0;1mAggregate  (cost=1615.81..1615.82 rows=1 width=0)
   ->  Index Scan using index_listings_on_id_and_user_id_and_title on listings  (cost=0.00..1615.79 rows=4 width=0)
         Index Cond: (user_id = 25559)
[0m
  [4;35;1mSQL (0.5ms)[0m   [0mSELECT count(*) AS count_all FROM "claimed_listings" WHERE ("claimed_listings".client_id = 25559) [0m
  [4;36;1mAnalyzing  Execution Time: 0.000815

[0m   [0;1mAggregate  (cost=27.27..27.28 rows=1 width=0)
   ->  Seq Scan on claimed_listings  (cost=0.00..27.25 rows=7 width=0)
         Filter: (client_id = 25559)
[0m
  [4;35;1mCACHE (0.0ms)[0m   [0mSELECT * FROM "roles" WHERE ("roles"."id" = 4) [0m
Rendered users/_user_info (22.2ms)
Rendered shared/_edit_delete_link (6.7ms)
  [4;36;1mSQL (2.2ms)[0m   [0;1mSELECT count(*) AS count_all FROM "listings" WHERE ("listings".user_id = 25558) [0m
  [4;35;1mAnalyzing  Execution Time: 0.002659

[0m   [0mAggregate  (cost=1615.81..1615.82 rows=1 width=0)
   ->  Index Scan using index_listings_on_id_and_user_id_and_title on listings  (cost=0.00..1615.79 rows=4 width=0)
         Index Cond: (user_id = 25558)
[0m
  [4;36;1mSQL (0.4ms)[0m   [0;1mSELECT count(*) AS count_all FROM "claimed_listings" WHERE ("claimed_listings".client_id = 25558) [0m
  [4;35;1mAnalyzing  Execution Time: 0.000803

[0m   [0mAggregate  (cost=27.27..27.28 rows=1 width=0)
   ->  Seq Scan on claimed_listings  (cost=0.00..27.25 rows=7 width=0)
         Filter: (client_id = 25558)
[0m
Rendered views/_paginate (20.9ms)
Rendered views/partials/_users (2863.9ms)
Rendered shared/_base_model_index (2900.1ms)
Rendered shared/_model_index (2933.7ms)
Completed in 3535ms (View: 2758, DB: 220) | 200 OK [https://localhost/clients]
** has_many_polymorphs: autoload hook invoked
** has_many_polymorphs: preloading parent model Block
** has_many_polymorphs: associating Block.models
  [4;36;1mSQL (0.2ms)[0m   [0;1mSET client_min_messages TO 'panic'[0m
  [4;35;1mSQL (0.1ms)[0m   [0mSET client_min_messages TO 'notice'[0m
** has_many_polymorphs: preloading parent model View
** has_many_polymorphs: associating View.models
  [4;36;1mSQL (0.2ms)[0m   [0;1mSET client_min_messages TO 'panic'[0m
  [4;35;1mSQL (0.2ms)[0m   [0mSET client_min_messages TO 'notice'[0m


Processing ClientsController#show (for 127.0.0.1 at 2011-04-26 18:00:35) [GET]
  Parameters: {"action"=>"show", "id"=>"25586", "controller"=>"clients"}
  [4;36;1mUser Load (15.0ms)[0m   [0;1mSELECT * FROM "users" WHERE ("users"."id" = E'1') LIMIT 1[0m
  [4;35;1mAnalyzing User Load Execution Time: 0.015804

[0m   [0mLimit  (cost=0.00..8.27 rows=1 width=574)
   ->  Index Scan using users_pkey on users  (cost=0.00..8.27 rows=1 width=574)
         Index Cond: (id = 1)
[0m
  [4;36;1mSQL (1.0ms)[0m   [0;1mBEGIN[0m
  [4;35;1mUser Update (1.5ms)[0m   [0mUPDATE "users" SET "updated_at" = '2011-04-26 22:00:36.358930', "perishable_token" = E'vP58HHWuI9klm7zmzLM', "last_request_at" = '2011-04-26 22:00:36.355646' WHERE "id" = 1[0m
  [4;36;1mSQL (1.3ms)[0m   [0;1mCOMMIT[0m
  [4;35;1mRole Load (0.7ms)[0m   [0mSELECT * FROM "roles" WHERE ("roles"."id" = 1) [0m
  [4;36;1mAnalyzing Role Load Execution Time: 0.0011

[0m   [0;1mIndex Scan using roles_pkey on roles  (cost=0.00..8.27 rows=1 width=536)
   Index Cond: (id = 1)
[0m
  [4;35;1mClient Load (1.9ms)[0m   [0mSELECT * FROM "users" WHERE ("users"."id" = 25586) AND ( ("users"."type" = 'Client' ) ) LIMIT 1[0m
  [4;36;1mAnalyzing Client Load Execution Time: 0.002634

[0m   [0;1mLimit  (cost=0.00..8.27 rows=1 width=574)
   ->  Index Scan using users_pkey on users  (cost=0.00..8.27 rows=1 width=574)
         Index Cond: (id = 25586)
         Filter: ((type)::text = 'Client'::text)
[0m
Rendering clients/show
  [4;35;1mUser Load (0.6ms)[0m   [0mSELECT * FROM "users" WHERE ("users"."id" = 25586) [0m
  [4;36;1mAnalyzing User Load Execution Time: 0.001325

[0m   [0;1mIndex Scan using users_pkey on users  (cost=0.00..8.27 rows=1 width=574)
   Index Cond: (id = 25586)
[0m
  [4;35;1mSQL (4.3ms)[0m   [0mSELECT count(*) AS count_all FROM "listings" WHERE ("listings".user_id = 25586 AND (enabled IS TRUE)) [0m
  [4;36;1mAnalyzing  Execution Time: 0.004671

[0m   [0;1mAggregate  (cost=1615.81..1615.82 rows=1 width=0)
   ->  Index Scan using index_listings_on_id_and_user_id_and_title on listings  (cost=0.00..1615.79 rows=4 width=0)
         Index Cond: (user_id = 25586)
         Filter: (enabled IS TRUE)
[0m
  [4;35;1mListing Load (2.6ms)[0m   [0mSELECT * FROM "listings" WHERE ("listings".user_id = 25586) [0m
  [4;36;1mAnalyzing Listing Load Execution Time: 0.003501

[0m   [0;1mIndex Scan using index_listings_on_id_and_user_id_and_title on listings  (cost=0.00..1615.79 rows=4 width=1172)
   Index Cond: (user_id = 25586)
[0m
  [4;35;1mFacilityInfo Load (1.5ms)[0m   [0mSELECT * FROM "facility_infos" WHERE ("facility_infos".listing_id = 113291) LIMIT 1[0m
  [4;36;1mAnalyzing FacilityInfo Load Execution Time: 0.002159

[0m   [0;1mLimit  (cost=0.00..10.00 rows=1 width=8362)
   ->  Seq Scan on facility_infos  (cost=0.00..10.00 rows=1 width=8362)
         Filter: (listing_id = 113291)
[0m
  [4;35;1mRole Load (0.4ms)[0m   [0mSELECT * FROM "roles" WHERE ("roles"."id" = 4) [0m
  [4;36;1mAnalyzing Role Load Execution Time: 0.000792

[0m   [0;1mIndex Scan using roles_pkey on roles  (cost=0.00..8.27 rows=1 width=536)
   Index Cond: (id = 4)
[0m
Rendered users/_user_info (19.3ms)
Rendered notes/_form (5.0ms)
  [4;35;1mNote Load (0.7ms)[0m   [0mSELECT * FROM "notes" WHERE ("notes".user_id = 25586) [0m
  [4;36;1mAnalyzing Note Load Execution Time: 0.000998

[0m   [0;1mSeq Scan on notes  (cost=0.00..11.62 rows=1 width=576)
   Filter: (user_id = 25586)
[0m
Rendered notes/_client_notes (143.5ms)
  [4;35;1mSQL (0.7ms)[0m   [0mSELECT count(*) AS count_all FROM "claimed_listings" WHERE ("claimed_listings".client_id = 25586) [0m
  [4;36;1mAnalyzing  Execution Time: 0.001082

[0m   [0;1mAggregate  (cost=27.27..27.28 rows=1 width=0)
   ->  Seq Scan on claimed_listings  (cost=0.00..27.25 rows=7 width=0)
         Filter: (client_id = 25586)
[0m
  [4;35;1mClient Load (2.0ms)[0m   [0mSELECT * FROM "users" WHERE ("users"."id" = 25586) AND ( ("users"."type" = 'Client' ) ) [0m
  [4;36;1mAnalyzing Client Load Execution Time: 0.003949

[0m   [0;1mIndex Scan using users_pkey on users  (cost=0.00..8.27 rows=1 width=574)
   Index Cond: (id = 25586)
   Filter: ((type)::text = 'Client'::text)
[0m
  [4;35;1mSQL (0.9ms)[0m   [0mSELECT count(*) AS count_all FROM "sizes" WHERE ("sizes".listing_id = 113291) [0m
  [4;36;1mAnalyzing  Execution Time: 0.001936

[0m   [0;1mAggregate  (cost=18.55..18.56 rows=1 width=0)
   ->  Bitmap Heap Scan on sizes  (cost=4.30..18.53 rows=7 width=0)
         Recheck Cond: (listing_id = 113291)
         ->  Bitmap Index Scan on index_sizes_on_listing_id_and_price  (cost=0.00..4.30 rows=7 width=0)
               Index Cond: (listing_id = 113291)
[0m
  [4;35;1mSQL (9.7ms)[0m   [0mSELECT count(*) AS count_all FROM "business_hours" WHERE ("business_hours".listing_id = 113291) [0m
  [4;36;1mAnalyzing  Execution Time: 0.01014

[0m   [0;1mAggregate  (cost=99.56..99.57 rows=1 width=0)
   ->  Seq Scan on business_hours  (cost=0.00..99.53 rows=13 width=0)
         Filter: (listing_id = 113291)
[0m
  [4;35;1mSQL (0.9ms)[0m   [0mSELECT count(*) AS count_all FROM "comments" WHERE ("comments".commentable_id = 113291 AND "comments".commentable_type = E'Listing') [0m
  [4;36;1mAnalyzing  Execution Time: 0.001268

[0m   [0;1mAggregate  (cost=10.91..10.92 rows=1 width=0)
   ->  Seq Scan on comments  (cost=0.00..10.90 rows=1 width=0)
         Filter: ((commentable_id = 113291) AND ((commentable_type)::text = 'Listing'::text))
[0m
  [4;35;1mPredefinedSpecial Load (1.1ms)[0m   [0mSELECT "predefined_specials".* FROM "predefined_specials" INNER JOIN "predef_special_assigns" ON "predefined_specials".id = "predef_special_assigns".predefined_special_id WHERE (("predef_special_assigns".listing_id = 113291)) [0m
  [4;36;1mAnalyzing PredefinedSpecial Load Execution Time: 0.001528

[0m   [0;1mNested Loop  (cost=0.00..10.27 rows=1 width=1092)
   ->  Seq Scan on predef_special_assigns  (cost=0.00..1.99 rows=1 width=4)
         Filter: (listing_id = 113291)
   ->  Index Scan using predefined_specials_pkey on predefined_specials  (cost=0.00..8.27 rows=1 width=1092)
         Index Cond: (predefined_specials.id = predef_special_assigns.predefined_special_id)
[0m
  [4;35;1mSQL (2.3ms)[0m   [0mSELECT count(*) AS count_all FROM "facility_features" INNER JOIN "listing_features" ON "facility_features".id = "listing_features".facility_feature_id WHERE (("listing_features".listing_id = 113291)) [0m
  [4;36;1mAnalyzing  Execution Time: 0.00265

[0m   [0;1mAggregate  (cost=51.87..51.88 rows=1 width=0)
   ->  Hash Join  (cost=12.93..51.85 rows=8 width=0)
         Hash Cond: (listing_features.facility_feature_id = facility_features.id)
         ->  Seq Scan on listing_features  (cost=0.00..38.81 rows=8 width=4)
               Filter: (listing_id = 113291)
         ->  Hash  (cost=11.30..11.30 rows=130 width=4)
               ->  Seq Scan on facility_features  (cost=0.00..11.30 rows=130 width=4)
[0m
  [4;35;1mCACHE (0.0ms)[0m   [0mSELECT count(*) AS count_all FROM "facility_features" INNER JOIN "listing_features" ON "facility_features".id = "listing_features".facility_feature_id WHERE (("listing_features".listing_id = 113291)) [0m
  [4;36;1mSQL (1.0ms)[0m   [0;1mSELECT count(*) AS count_all FROM "pictures" WHERE ("pictures".listing_id = 113291) [0m
  [4;35;1mAnalyzing  Execution Time: 0.001356

[0m   [0mAggregate  (cost=15.58..15.59 rows=1 width=0)
   ->  Seq Scan on pictures  (cost=0.00..15.57 rows=3 width=0)
         Filter: (listing_id = 113291)
[0m
Rendered listings/_listing (802.6ms)
  [4;36;1mMailingAddress Load (1.1ms)[0m   [0;1mSELECT * FROM "mailing_addresses" WHERE ("mailing_addresses".user_id = 25586) LIMIT 1[0m
  [4;35;1mAnalyzing MailingAddress Load Execution Time: 0.002111

[0m   [0mLimit  (cost=0.00..8.27 rows=1 width=106)
   ->  Index Scan using index_mailing_addresses_on_client_id_and_city_and_state on mailing_addresses  (cost=0.00..8.27 rows=1 width=106)
         Index Cond: (user_id = 25586)
[0m
Rendered clients/_owner_info (41.5ms)
  [4;36;1mUserHintPlacement Load (8.0ms)[0m   [0;1mSELECT * FROM "user_hint_placements" WHERE ("user_hint_placements".user_id = 25586) [0m
  [4;35;1mAnalyzing UserHintPlacement Load Execution Time: 0.01006

[0m   [0mIndex Scan using index_user_hint_placements_on_user_id on user_hint_placements  (cost=0.00..8.39 rows=8 width=33)
   Index Cond: (user_id = 25586)
[0m
  [4;36;1mAccountSetting Load (10.8ms)[0m   [0;1mSELECT * FROM "account_settings" WHERE ("account_settings".client_id = 25586) LIMIT 1[0m
  [4;35;1mAnalyzing AccountSetting Load Execution Time: 0.011109

[0m   [0mLimit  (cost=0.00..1.65 rows=1 width=80)
   ->  Seq Scan on account_settings  (cost=0.00..1.65 rows=1 width=80)
         Filter: (client_id = 25586)
[0m
Rendered clients/_settings (106.6ms)
  [4;36;1mSQL (7.1ms)[0m   [0;1mSELECT count(*) AS count_all FROM "user_stats" WHERE ("user_stats".user_id = 25586) [0m
  [4;35;1mAnalyzing  Execution Time: 0.007472

[0m   [0mAggregate  (cost=678.85..678.86 rows=1 width=0)
   ->  Seq Scan on user_stats  (cost=0.00..678.81 rows=14 width=0)
         Filter: (user_id = 25586)
[0m
  [4;36;1mUserStat Load (0.8ms)[0m   [0;1mSELECT * FROM "user_stats" WHERE ("user_stats".user_id = 25586) ORDER BY user_stats.id DESC LIMIT 1[0m
  [4;35;1mAnalyzing UserStat Load Execution Time: 0.001527

[0m   [0mLimit  (cost=0.00..64.69 rows=1 width=1370)
   ->  Index Scan Backward using user_stats_pkey on user_stats  (cost=0.00..905.65 rows=14 width=1370)
         Filter: (user_id = 25586)
[0m
Rendered user_stats/_user_stat (4.8ms)
Completed in 2761ms (View: 2072, DB: 110) | 200 OK [https://localhost/clients/25586]
** has_many_polymorphs: autoload hook invoked
** has_many_polymorphs: preloading parent model Block
** has_many_polymorphs: associating Block.models
  [4;36;1mSQL (0.2ms)[0m   [0;1mSET client_min_messages TO 'panic'[0m
  [4;35;1mSQL (0.1ms)[0m   [0mSET client_min_messages TO 'notice'[0m
** has_many_polymorphs: preloading parent model View
** has_many_polymorphs: associating View.models
  [4;36;1mSQL (0.2ms)[0m   [0;1mSET client_min_messages TO 'panic'[0m
  [4;35;1mSQL (0.1ms)[0m   [0mSET client_min_messages TO 'notice'[0m


Processing ClientsController#index (for 127.0.0.1 at 2011-04-26 18:01:41) [GET]
  Parameters: {"action"=>"index", "controller"=>"clients"}
  [4;36;1mUser Load (1.9ms)[0m   [0;1mSELECT * FROM "users" WHERE ("users"."id" = E'1') LIMIT 1[0m
  [4;35;1mAnalyzing User Load Execution Time: 0.002907

[0m   [0mLimit  (cost=0.00..8.27 rows=1 width=574)
   ->  Index Scan using users_pkey on users  (cost=0.00..8.27 rows=1 width=574)
         Index Cond: (id = 1)
[0m
  [4;36;1mSQL (0.2ms)[0m   [0;1mBEGIN[0m
  [4;35;1mUser Update (1.0ms)[0m   [0mUPDATE "users" SET "updated_at" = '2011-04-26 22:01:41.526510', "perishable_token" = E'wAPSFJx3XgoJy1J3TRsC', "last_request_at" = '2011-04-26 22:01:41.520013' WHERE "id" = 1[0m
  [4;36;1mSQL (5.6ms)[0m   [0;1mCOMMIT[0m
  [4;35;1mRole Load (1.0ms)[0m   [0mSELECT * FROM "roles" WHERE ("roles"."id" = 1) [0m
  [4;36;1mAnalyzing Role Load Execution Time: 0.002951

[0m   [0;1mIndex Scan using roles_pkey on roles  (cost=0.00..8.27 rows=1 width=536)
   Index Cond: (id = 1)
[0m
  [4;35;1mClient Load (15.9ms)[0m   [0mSELECT * FROM "users" WHERE ("users"."status" = E'active') AND ( ("users"."type" = 'Client' ) ) ORDER BY created_at DESC LIMIT 20 OFFSET 0[0m
  [4;36;1mAnalyzing Client Load Execution Time: 0.05531

[0m   [0;1mLimit  (cost=34.49..34.54 rows=20 width=574)
   ->  Sort  (cost=34.49..35.15 rows=265 width=574)
         Sort Key: created_at
         ->  Seq Scan on users  (cost=0.00..27.44 rows=265 width=574)
               Filter: (((status)::text = 'active'::text) AND ((type)::text = 'Client'::text))
[0m
  [4;35;1mSQL (1.2ms)[0m   [0mSELECT count(*) AS count_all FROM "users" WHERE ("users"."status" = E'active') AND ( ("users"."type" = 'Client' ) ) [0m
  [4;36;1mAnalyzing  Execution Time: 0.001451

[0m   [0;1mAggregate  (cost=28.10..28.11 rows=1 width=0)
   ->  Seq Scan on users  (cost=0.00..27.44 rows=265 width=0)
         Filter: (((status)::text = 'active'::text) AND ((type)::text = 'Client'::text))
[0m
Rendering clients/index
  [4;35;1mSQL (1.0ms)[0m   [0mSELECT count(*) AS count_all FROM "users" WHERE ( ("users"."type" = 'Client' ) ) [0m
  [4;36;1mAnalyzing  Execution Time: 0.001561

[0m   [0;1mAggregate  (cost=27.42..27.43 rows=1 width=0)
   ->  Seq Scan on users  (cost=0.00..26.70 rows=288 width=0)
         Filter: ((type)::text = 'Client'::text)
[0m
  [4;35;1mSQL (1.2ms)[0m   [0mSELECT count(*) AS count_all FROM "users" WHERE (status != E'active') AND ( ("users"."type" = 'Client' ) ) [0m
  [4;36;1mAnalyzing  Execution Time: 0.001909

[0m   [0;1mAggregate  (cost=27.50..27.51 rows=1 width=0)
   ->  Seq Scan on users  (cost=0.00..27.44 rows=23 width=0)
         Filter: (((status)::text <> 'active'::text) AND ((type)::text = 'Client'::text))
[0m
  [4;35;1mCACHE (0.0ms)[0m   [0mSELECT count(*) AS count_all FROM "users" WHERE ("users"."status" = E'active') AND ( ("users"."type" = 'Client' ) ) [0m
  [4;36;1mHelptext Load (0.8ms)[0m   [0;1mSELECT * FROM "helptexts" WHERE ("helptexts"."model" = E'client') LIMIT 1[0m
  [4;35;1mAnalyzing Helptext Load Execution Time: 0.001377

[0m   [0mLimit  (cost=0.00..11.50 rows=1 width=601)
   ->  Seq Scan on helptexts  (cost=0.00..11.50 rows=1 width=601)
         Filter: ((model)::text = 'client'::text)
[0m
Rendered helptexts/_helptext (2.1ms)
Rendered shared/_model_new_back_buttons (3.3ms)
Rendered shared/_model_search (2.3ms)
Rendered menus/_view_type_links (13.8ms)
Rendered shared/_model_sort (1.8ms)
  [4;36;1mRole Load (1.8ms)[0m   [0;1mSELECT * FROM "roles" WHERE ("roles"."id" = 4) [0m
  [4;35;1mAnalyzing Role Load Execution Time: 0.00224

[0m   [0mIndex Scan using roles_pkey on roles  (cost=0.00..8.27 rows=1 width=536)
   Index Cond: (id = 4)
[0m
Rendered users/_user_info (362.2ms)
Rendered shared/_edit_delete_link (11.7ms)
  [4;36;1mSQL (4.3ms)[0m   [0;1mSELECT count(*) AS count_all FROM "listings" WHERE ("listings".user_id = 25586) [0m
  [4;35;1mAnalyzing  Execution Time: 0.004784

[0m   [0mAggregate  (cost=1615.81..1615.82 rows=1 width=0)
   ->  Index Scan using index_listings_on_id_and_user_id_and_title on listings  (cost=0.00..1615.79 rows=4 width=0)
         Index Cond: (user_id = 25586)
[0m
  [4;36;1mSQL (0.7ms)[0m   [0;1mSELECT count(*) AS count_all FROM "claimed_listings" WHERE ("claimed_listings".client_id = 25586) [0m
  [4;35;1mAnalyzing  Execution Time: 0.001132

[0m   [0mAggregate  (cost=27.27..27.28 rows=1 width=0)
   ->  Seq Scan on claimed_listings  (cost=0.00..27.25 rows=7 width=0)
         Filter: (client_id = 25586)
[0m
  [4;36;1mCACHE (0.0ms)[0m   [0;1mSELECT * FROM "roles" WHERE ("roles"."id" = 4) [0m
Rendered users/_user_info (34.9ms)
Rendered shared/_edit_delete_link (5.6ms)
  [4;35;1mSQL (3.2ms)[0m   [0mSELECT count(*) AS count_all FROM "listings" WHERE ("listings".user_id = 25584) [0m
  [4;36;1mAnalyzing  Execution Time: 0.003651

[0m   [0;1mAggregate  (cost=1615.81..1615.82 rows=1 width=0)
   ->  Index Scan using index_listings_on_id_and_user_id_and_title on listings  (cost=0.00..1615.79 rows=4 width=0)
         Index Cond: (user_id = 25584)
[0m
  [4;35;1mSQL (0.8ms)[0m   [0mSELECT count(*) AS count_all FROM "claimed_listings" WHERE ("claimed_listings".client_id = 25584) [0m
  [4;36;1mAnalyzing  Execution Time: 0.001184

[0m   [0;1mAggregate  (cost=27.27..27.28 rows=1 width=0)
   ->  Seq Scan on claimed_listings  (cost=0.00..27.25 rows=7 width=0)
         Filter: (client_id = 25584)
[0m
  [4;35;1mCACHE (0.0ms)[0m   [0mSELECT * FROM "roles" WHERE ("roles"."id" = 4) [0m
Rendered users/_user_info (47.2ms)
Rendered shared/_edit_delete_link (14.6ms)
  [4;36;1mSQL (2.3ms)[0m   [0;1mSELECT count(*) AS count_all FROM "listings" WHERE ("listings".user_id = 25583) [0m
  [4;35;1mAnalyzing  Execution Time: 0.008468

[0m   [0mAggregate  (cost=1615.81..1615.82 rows=1 width=0)
   ->  Index Scan using index_listings_on_id_and_user_id_and_title on listings  (cost=0.00..1615.79 rows=4 width=0)
         Index Cond: (user_id = 25583)
[0m
  [4;36;1mSQL (0.4ms)[0m   [0;1mSELECT count(*) AS count_all FROM "claimed_listings" WHERE ("claimed_listings".client_id = 25583) [0m
  [4;35;1mAnalyzing  Execution Time: 0.000818

[0m   [0mAggregate  (cost=27.27..27.28 rows=1 width=0)
   ->  Seq Scan on claimed_listings  (cost=0.00..27.25 rows=7 width=0)
         Filter: (client_id = 25583)
[0m
  [4;36;1mCACHE (0.0ms)[0m   [0;1mSELECT * FROM "roles" WHERE ("roles"."id" = 4) [0m
Rendered users/_user_info (19.5ms)
Rendered shared/_edit_delete_link (38.1ms)
  [4;35;1mSQL (2.6ms)[0m   [0mSELECT count(*) AS count_all FROM "listings" WHERE ("listings".user_id = 25582) [0m
  [4;36;1mAnalyzing  Execution Time: 0.003126

[0m   [0;1mAggregate  (cost=1615.81..1615.82 rows=1 width=0)
   ->  Index Scan using index_listings_on_id_and_user_id_and_title on listings  (cost=0.00..1615.79 rows=4 width=0)
         Index Cond: (user_id = 25582)
[0m
  [4;35;1mSQL (0.6ms)[0m   [0mSELECT count(*) AS count_all FROM "claimed_listings" WHERE ("claimed_listings".client_id = 25582) [0m
  [4;36;1mAnalyzing  Execution Time: 0.000956

[0m   [0;1mAggregate  (cost=27.27..27.28 rows=1 width=0)
   ->  Seq Scan on claimed_listings  (cost=0.00..27.25 rows=7 width=0)
         Filter: (client_id = 25582)
[0m
  [4;35;1mCACHE (0.0ms)[0m   [0mSELECT * FROM "roles" WHERE ("roles"."id" = 4) [0m
Rendered users/_user_info (24.5ms)
Rendered shared/_edit_delete_link (5.8ms)
  [4;36;1mSQL (3.9ms)[0m   [0;1mSELECT count(*) AS count_all FROM "listings" WHERE ("listings".user_id = 25581) [0m
  [4;35;1mAnalyzing  Execution Time: 0.004308

[0m   [0mAggregate  (cost=1615.81..1615.82 rows=1 width=0)
   ->  Index Scan using index_listings_on_id_and_user_id_and_title on listings  (cost=0.00..1615.79 rows=4 width=0)
         Index Cond: (user_id = 25581)
[0m
  [4;36;1mSQL (0.5ms)[0m   [0;1mSELECT count(*) AS count_all FROM "claimed_listings" WHERE ("claimed_listings".client_id = 25581) [0m
  [4;35;1mAnalyzing  Execution Time: 0.001008

[0m   [0mAggregate  (cost=27.27..27.28 rows=1 width=0)
   ->  Seq Scan on claimed_listings  (cost=0.00..27.25 rows=7 width=0)
         Filter: (client_id = 25581)
[0m
  [4;36;1mCACHE (0.0ms)[0m   [0;1mSELECT * FROM "roles" WHERE ("roles"."id" = 4) [0m
Rendered users/_user_info (23.9ms)
Rendered shared/_edit_delete_link (5.4ms)
  [4;35;1mSQL (2.3ms)[0m   [0mSELECT count(*) AS count_all FROM "listings" WHERE ("listings".user_id = 25580) [0m
  [4;36;1mAnalyzing  Execution Time: 0.002775

[0m   [0;1mAggregate  (cost=1615.81..1615.82 rows=1 width=0)
   ->  Index Scan using index_listings_on_id_and_user_id_and_title on listings  (cost=0.00..1615.79 rows=4 width=0)
         Index Cond: (user_id = 25580)
[0m
  [4;35;1mSQL (0.9ms)[0m   [0mSELECT count(*) AS count_all FROM "claimed_listings" WHERE ("claimed_listings".client_id = 25580) [0m
  [4;36;1mAnalyzing  Execution Time: 0.001286

[0m   [0;1mAggregate  (cost=27.27..27.28 rows=1 width=0)
   ->  Seq Scan on claimed_listings  (cost=0.00..27.25 rows=7 width=0)
         Filter: (client_id = 25580)
[0m
  [4;35;1mCACHE (0.0ms)[0m   [0mSELECT * FROM "roles" WHERE ("roles"."id" = 4) [0m
Rendered users/_user_info (18.6ms)
Rendered shared/_edit_delete_link (5.4ms)
  [4;36;1mSQL (2.8ms)[0m   [0;1mSELECT count(*) AS count_all FROM "listings" WHERE ("listings".user_id = 25579) [0m
  [4;35;1mAnalyzing  Execution Time: 0.003337

[0m   [0mAggregate  (cost=1615.81..1615.82 rows=1 width=0)
   ->  Index Scan using index_listings_on_id_and_user_id_and_title on listings  (cost=0.00..1615.79 rows=4 width=0)
         Index Cond: (user_id = 25579)
[0m
  [4;36;1mSQL (0.5ms)[0m   [0;1mSELECT count(*) AS count_all FROM "claimed_listings" WHERE ("claimed_listings".client_id = 25579) [0m
  [4;35;1mAnalyzing  Execution Time: 0.000832

[0m   [0mAggregate  (cost=27.27..27.28 rows=1 width=0)
   ->  Seq Scan on claimed_listings  (cost=0.00..27.25 rows=7 width=0)
         Filter: (client_id = 25579)
[0m
  [4;36;1mCACHE (0.0ms)[0m   [0;1mSELECT * FROM "roles" WHERE ("roles"."id" = 4) [0m
Rendered users/_user_info (25.8ms)
Rendered shared/_edit_delete_link (343.0ms)
  [4;35;1mSQL (2.4ms)[0m   [0mSELECT count(*) AS count_all FROM "listings" WHERE ("listings".user_id = 25577) [0m
  [4;36;1mAnalyzing  Execution Time: 0.002876

[0m   [0;1mAggregate  (cost=1615.81..1615.82 rows=1 width=0)
   ->  Index Scan using index_listings_on_id_and_user_id_and_title on listings  (cost=0.00..1615.79 rows=4 width=0)
         Index Cond: (user_id = 25577)
[0m
  [4;35;1mSQL (0.6ms)[0m   [0mSELECT count(*) AS count_all FROM "claimed_listings" WHERE ("claimed_listings".client_id = 25577) [0m
  [4;36;1mAnalyzing  Execution Time: 0.000957

[0m   [0;1mAggregate  (cost=27.27..27.28 rows=1 width=0)
   ->  Seq Scan on claimed_listings  (cost=0.00..27.25 rows=7 width=0)
         Filter: (client_id = 25577)
[0m
  [4;35;1mCACHE (0.0ms)[0m   [0mSELECT * FROM "roles" WHERE ("roles"."id" = 4) [0m
Rendered users/_user_info (34.3ms)
Rendered shared/_edit_delete_link (22.6ms)
  [4;36;1mSQL (15.0ms)[0m   [0;1mSELECT count(*) AS count_all FROM "listings" WHERE ("listings".user_id = 25575) [0m
  [4;35;1mAnalyzing  Execution Time: 0.015831

[0m   [0mAggregate  (cost=1615.81..1615.82 rows=1 width=0)
   ->  Index Scan using index_listings_on_id_and_user_id_and_title on listings  (cost=0.00..1615.79 rows=4 width=0)
         Index Cond: (user_id = 25575)
[0m
  [4;36;1mSQL (0.5ms)[0m   [0;1mSELECT count(*) AS count_all FROM "claimed_listings" WHERE ("claimed_listings".client_id = 25575) [0m
  [4;35;1mAnalyzing  Execution Time: 0.000802

[0m   [0mAggregate  (cost=27.27..27.28 rows=1 width=0)
   ->  Seq Scan on claimed_listings  (cost=0.00..27.25 rows=7 width=0)
         Filter: (client_id = 25575)
[0m
  [4;36;1mCACHE (0.0ms)[0m   [0;1mSELECT * FROM "roles" WHERE ("roles"."id" = 4) [0m
Rendered users/_user_info (21.2ms)
Rendered shared/_edit_delete_link (5.9ms)
  [4;35;1mSQL (3.2ms)[0m   [0mSELECT count(*) AS count_all FROM "listings" WHERE ("listings".user_id = 25573) [0m
  [4;36;1mAnalyzing  Execution Time: 0.00422

[0m   [0;1mAggregate  (cost=1615.81..1615.82 rows=1 width=0)
   ->  Index Scan using index_listings_on_id_and_user_id_and_title on listings  (cost=0.00..1615.79 rows=4 width=0)
         Index Cond: (user_id = 25573)
[0m
  [4;35;1mSQL (0.4ms)[0m   [0mSELECT count(*) AS count_all FROM "claimed_listings" WHERE ("claimed_listings".client_id = 25573) [0m
  [4;36;1mAnalyzing  Execution Time: 0.000814

[0m   [0;1mAggregate  (cost=27.27..27.28 rows=1 width=0)
   ->  Seq Scan on claimed_listings  (cost=0.00..27.25 rows=7 width=0)
         Filter: (client_id = 25573)
[0m
  [4;35;1mCACHE (0.0ms)[0m   [0mSELECT * FROM "roles" WHERE ("roles"."id" = 4) [0m
Rendered users/_user_info (33.6ms)
Rendered shared/_edit_delete_link (15.8ms)
  [4;36;1mSQL (7.3ms)[0m   [0;1mSELECT count(*) AS count_all FROM "listings" WHERE ("listings".user_id = 25571) [0m
  [4;35;1mAnalyzing  Execution Time: 0.007725

[0m   [0mAggregate  (cost=1615.81..1615.82 rows=1 width=0)
   ->  Index Scan using index_listings_on_id_and_user_id_and_title on listings  (cost=0.00..1615.79 rows=4 width=0)
         Index Cond: (user_id = 25571)
[0m
  [4;36;1mSQL (6.0ms)[0m   [0;1mSELECT count(*) AS count_all FROM "claimed_listings" WHERE ("claimed_listings".client_id = 25571) [0m
  [4;35;1mAnalyzing  Execution Time: 0.00634

[0m   [0mAggregate  (cost=27.27..27.28 rows=1 width=0)
   ->  Seq Scan on claimed_listings  (cost=0.00..27.25 rows=7 width=0)
         Filter: (client_id = 25571)
[0m
  [4;36;1mCACHE (0.0ms)[0m   [0;1mSELECT * FROM "roles" WHERE ("roles"."id" = 4) [0m
Rendered users/_user_info (47.2ms)
Rendered shared/_edit_delete_link (8.7ms)
  [4;35;1mSQL (6.7ms)[0m   [0mSELECT count(*) AS count_all FROM "listings" WHERE ("listings".user_id = 25570) [0m
  [4;36;1mAnalyzing  Execution Time: 0.007085

[0m   [0;1mAggregate  (cost=1615.81..1615.82 rows=1 width=0)
   ->  Index Scan using index_listings_on_id_and_user_id_and_title on listings  (cost=0.00..1615.79 rows=4 width=0)
         Index Cond: (user_id = 25570)
[0m
  [4;35;1mSQL (0.8ms)[0m   [0mSELECT count(*) AS count_all FROM "claimed_listings" WHERE ("claimed_listings".client_id = 25570) [0m
  [4;36;1mAnalyzing  Execution Time: 0.001347

[0m   [0;1mAggregate  (cost=27.27..27.28 rows=1 width=0)
   ->  Seq Scan on claimed_listings  (cost=0.00..27.25 rows=7 width=0)
         Filter: (client_id = 25570)
[0m
  [4;35;1mCACHE (0.0ms)[0m   [0mSELECT * FROM "roles" WHERE ("roles"."id" = 4) [0m
Rendered users/_user_info (29.5ms)
Rendered shared/_edit_delete_link (5.3ms)
  [4;36;1mSQL (5.1ms)[0m   [0;1mSELECT count(*) AS count_all FROM "listings" WHERE ("listings".user_id = 25567) [0m
  [4;35;1mAnalyzing  Execution Time: 0.006354

[0m   [0mAggregate  (cost=1615.81..1615.82 rows=1 width=0)
   ->  Index Scan using index_listings_on_id_and_user_id_and_title on listings  (cost=0.00..1615.79 rows=4 width=0)
         Index Cond: (user_id = 25567)
[0m
  [4;36;1mSQL (0.6ms)[0m   [0;1mSELECT count(*) AS count_all FROM "claimed_listings" WHERE ("claimed_listings".client_id = 25567) [0m
  [4;35;1mAnalyzing  Execution Time: 0.001151

[0m   [0mAggregate  (cost=27.27..27.28 rows=1 width=0)
   ->  Seq Scan on claimed_listings  (cost=0.00..27.25 rows=7 width=0)
         Filter: (client_id = 25567)
[0m
  [4;36;1mCACHE (0.0ms)[0m   [0;1mSELECT * FROM "roles" WHERE ("roles"."id" = 4) [0m
Rendered users/_user_info (30.0ms)
Rendered shared/_edit_delete_link (9.0ms)
  [4;35;1mSQL (4.1ms)[0m   [0mSELECT count(*) AS count_all FROM "listings" WHERE ("listings".user_id = 25565) [0m
  [4;36;1mAnalyzing  Execution Time: 0.011027

[0m   [0;1mAggregate  (cost=1615.81..1615.82 rows=1 width=0)
   ->  Index Scan using index_listings_on_id_and_user_id_and_title on listings  (cost=0.00..1615.79 rows=4 width=0)
         Index Cond: (user_id = 25565)
[0m
  [4;35;1mSQL (0.7ms)[0m   [0mSELECT count(*) AS count_all FROM "claimed_listings" WHERE ("claimed_listings".client_id = 25565) [0m
  [4;36;1mAnalyzing  Execution Time: 0.001067

[0m   [0;1mAggregate  (cost=27.27..27.28 rows=1 width=0)
   ->  Seq Scan on claimed_listings  (cost=0.00..27.25 rows=7 width=0)
         Filter: (client_id = 25565)
[0m
  [4;35;1mCACHE (0.0ms)[0m   [0mSELECT * FROM "roles" WHERE ("roles"."id" = 4) [0m
Rendered users/_user_info (17.5ms)
Rendered shared/_edit_delete_link (9.4ms)
  [4;36;1mSQL (3.9ms)[0m   [0;1mSELECT count(*) AS count_all FROM "listings" WHERE ("listings".user_id = 25564) [0m
  [4;35;1mAnalyzing  Execution Time: 0.004505

[0m   [0mAggregate  (cost=1615.81..1615.82 rows=1 width=0)
   ->  Index Scan using index_listings_on_id_and_user_id_and_title on listings  (cost=0.00..1615.79 rows=4 width=0)
         Index Cond: (user_id = 25564)
[0m
  [4;36;1mSQL (8.7ms)[0m   [0;1mSELECT count(*) AS count_all FROM "claimed_listings" WHERE ("claimed_listings".client_id = 25564) [0m
  [4;35;1mAnalyzing  Execution Time: 0.009292

[0m   [0mAggregate  (cost=27.27..27.28 rows=1 width=0)
   ->  Seq Scan on claimed_listings  (cost=0.00..27.25 rows=7 width=0)
         Filter: (client_id = 25564)
[0m
  [4;36;1mCACHE (0.0ms)[0m   [0;1mSELECT * FROM "roles" WHERE ("roles"."id" = 4) [0m
Rendered users/_user_info (55.6ms)
Rendered shared/_edit_delete_link (8.4ms)
  [4;35;1mSQL (4.1ms)[0m   [0mSELECT count(*) AS count_all FROM "listings" WHERE ("listings".user_id = 25563) [0m
  [4;36;1mAnalyzing  Execution Time: 0.005185

[0m   [0;1mAggregate  (cost=1615.81..1615.82 rows=1 width=0)
   ->  Index Scan using index_listings_on_id_and_user_id_and_title on listings  (cost=0.00..1615.79 rows=4 width=0)
         Index Cond: (user_id = 25563)
[0m
  [4;35;1mSQL (0.4ms)[0m   [0mSELECT count(*) AS count_all FROM "claimed_listings" WHERE ("claimed_listings".client_id = 25563) [0m
  [4;36;1mAnalyzing  Execution Time: 0.000811

[0m   [0;1mAggregate  (cost=27.27..27.28 rows=1 width=0)
   ->  Seq Scan on claimed_listings  (cost=0.00..27.25 rows=7 width=0)
         Filter: (client_id = 25563)
[0m
  [4;35;1mCACHE (0.0ms)[0m   [0mSELECT * FROM "roles" WHERE ("roles"."id" = 4) [0m
Rendered users/_user_info (39.8ms)
Rendered shared/_edit_delete_link (10.3ms)
  [4;36;1mSQL (2.1ms)[0m   [0;1mSELECT count(*) AS count_all FROM "listings" WHERE ("listings".user_id = 25562) [0m
  [4;35;1mAnalyzing  Execution Time: 0.002541

[0m   [0mAggregate  (cost=1615.81..1615.82 rows=1 width=0)
   ->  Index Scan using index_listings_on_id_and_user_id_and_title on listings  (cost=0.00..1615.79 rows=4 width=0)
         Index Cond: (user_id = 25562)
[0m
  [4;36;1mSQL (0.5ms)[0m   [0;1mSELECT count(*) AS count_all FROM "claimed_listings" WHERE ("claimed_listings".client_id = 25562) [0m
  [4;35;1mAnalyzing  Execution Time: 0.001267

[0m   [0mAggregate  (cost=27.27..27.28 rows=1 width=0)
   ->  Seq Scan on claimed_listings  (cost=0.00..27.25 rows=7 width=0)
         Filter: (client_id = 25562)
[0m
  [4;36;1mCACHE (0.0ms)[0m   [0;1mSELECT * FROM "roles" WHERE ("roles"."id" = 4) [0m
Rendered users/_user_info (22.4ms)
Rendered shared/_edit_delete_link (17.2ms)
  [4;35;1mSQL (6.8ms)[0m   [0mSELECT count(*) AS count_all FROM "listings" WHERE ("listings".user_id = 25560) [0m
  [4;36;1mAnalyzing  Execution Time: 0.007188

[0m   [0;1mAggregate  (cost=1615.81..1615.82 rows=1 width=0)
   ->  Index Scan using index_listings_on_id_and_user_id_and_title on listings  (cost=0.00..1615.79 rows=4 width=0)
         Index Cond: (user_id = 25560)
[0m
  [4;35;1mSQL (0.5ms)[0m   [0mSELECT count(*) AS count_all FROM "claimed_listings" WHERE ("claimed_listings".client_id = 25560) [0m
  [4;36;1mAnalyzing  Execution Time: 0.000864

[0m   [0;1mAggregate  (cost=27.27..27.28 rows=1 width=0)
   ->  Seq Scan on claimed_listings  (cost=0.00..27.25 rows=7 width=0)
         Filter: (client_id = 25560)
[0m
  [4;35;1mCACHE (0.0ms)[0m   [0mSELECT * FROM "roles" WHERE ("roles"."id" = 4) [0m
Rendered users/_user_info (23.1ms)
Rendered shared/_edit_delete_link (11.8ms)
  [4;36;1mSQL (2.0ms)[0m   [0;1mSELECT count(*) AS count_all FROM "listings" WHERE ("listings".user_id = 25559) [0m
  [4;35;1mAnalyzing  Execution Time: 0.00242

[0m   [0mAggregate  (cost=1615.81..1615.82 rows=1 width=0)
   ->  Index Scan using index_listings_on_id_and_user_id_and_title on listings  (cost=0.00..1615.79 rows=4 width=0)
         Index Cond: (user_id = 25559)
[0m
  [4;36;1mSQL (0.4ms)[0m   [0;1mSELECT count(*) AS count_all FROM "claimed_listings" WHERE ("claimed_listings".client_id = 25559) [0m
  [4;35;1mAnalyzing  Execution Time: 0.00083

[0m   [0mAggregate  (cost=27.27..27.28 rows=1 width=0)
   ->  Seq Scan on claimed_listings  (cost=0.00..27.25 rows=7 width=0)
         Filter: (client_id = 25559)
[0m
  [4;36;1mCACHE (0.0ms)[0m   [0;1mSELECT * FROM "roles" WHERE ("roles"."id" = 4) [0m
Rendered users/_user_info (37.2ms)
Rendered shared/_edit_delete_link (12.7ms)
  [4;35;1mSQL (11.1ms)[0m   [0mSELECT count(*) AS count_all FROM "listings" WHERE ("listings".user_id = 25558) [0m
  [4;36;1mAnalyzing  Execution Time: 0.011507

[0m   [0;1mAggregate  (cost=1615.81..1615.82 rows=1 width=0)
   ->  Index Scan using index_listings_on_id_and_user_id_and_title on listings  (cost=0.00..1615.79 rows=4 width=0)
         Index Cond: (user_id = 25558)
[0m
  [4;35;1mSQL (2.3ms)[0m   [0mSELECT count(*) AS count_all FROM "claimed_listings" WHERE ("claimed_listings".client_id = 25558) [0m
  [4;36;1mAnalyzing  Execution Time: 0.002646

[0m   [0;1mAggregate  (cost=27.27..27.28 rows=1 width=0)
   ->  Seq Scan on claimed_listings  (cost=0.00..27.25 rows=7 width=0)
         Filter: (client_id = 25558)
[0m
Rendered views/_paginate (21.3ms)
Rendered views/partials/_users (2954.2ms)
Rendered shared/_base_model_index (2988.3ms)
Rendered shared/_model_index (3026.3ms)
Completed in 3625ms (View: 2864, DB: 197) | 200 OK [https://localhost/clients]
** has_many_polymorphs: autoload hook invoked
** has_many_polymorphs: preloading parent model Block
** has_many_polymorphs: associating Block.models
  [4;35;1mSQL (0.3ms)[0m   [0mSET client_min_messages TO 'panic'[0m
  [4;36;1mSQL (0.1ms)[0m   [0;1mSET client_min_messages TO 'notice'[0m
** has_many_polymorphs: preloading parent model View
** has_many_polymorphs: associating View.models
  [4;35;1mSQL (0.2ms)[0m   [0mSET client_min_messages TO 'panic'[0m
  [4;36;1mSQL (0.1ms)[0m   [0;1mSET client_min_messages TO 'notice'[0m


Processing ClientsController#show (for 127.0.0.1 at 2011-04-26 18:01:53) [GET]
  Parameters: {"action"=>"show", "id"=>"25586", "controller"=>"clients"}
  [4;35;1mUser Load (2.0ms)[0m   [0mSELECT * FROM "users" WHERE ("users"."id" = E'1') LIMIT 1[0m
  [4;36;1mAnalyzing User Load Execution Time: 0.002761

[0m   [0;1mLimit  (cost=0.00..8.27 rows=1 width=574)
   ->  Index Scan using users_pkey on users  (cost=0.00..8.27 rows=1 width=574)
         Index Cond: (id = 1)
[0m
  [4;35;1mSQL (0.3ms)[0m   [0mBEGIN[0m
  [4;36;1mUser Update (0.9ms)[0m   [0;1mUPDATE "users" SET "updated_at" = '2011-04-26 22:01:53.654586', "perishable_token" = E'W5ydhktPniCmMMWrVclR', "last_request_at" = '2011-04-26 22:01:53.651209' WHERE "id" = 1[0m
  [4;35;1mSQL (2.4ms)[0m   [0mCOMMIT[0m
  [4;36;1mRole Load (0.7ms)[0m   [0;1mSELECT * FROM "roles" WHERE ("roles"."id" = 1) [0m
  [4;35;1mAnalyzing Role Load Execution Time: 0.001127

[0m   [0mIndex Scan using roles_pkey on roles  (cost=0.00..8.27 rows=1 width=536)
   Index Cond: (id = 1)
[0m
  [4;36;1mClient Load (1.6ms)[0m   [0;1mSELECT * FROM "users" WHERE ("users"."id" = 25586) AND ( ("users"."type" = 'Client' ) ) LIMIT 1[0m
  [4;35;1mAnalyzing Client Load Execution Time: 0.002345

[0m   [0mLimit  (cost=0.00..8.27 rows=1 width=574)
   ->  Index Scan using users_pkey on users  (cost=0.00..8.27 rows=1 width=574)
         Index Cond: (id = 25586)
         Filter: ((type)::text = 'Client'::text)
[0m
Rendering clients/show
  [4;36;1mUser Load (4.5ms)[0m   [0;1mSELECT * FROM "users" WHERE ("users"."id" = 25586) [0m
  [4;35;1mAnalyzing User Load Execution Time: 0.005349

[0m   [0mIndex Scan using users_pkey on users  (cost=0.00..8.27 rows=1 width=574)
   Index Cond: (id = 25586)
[0m
  [4;36;1mSQL (5.6ms)[0m   [0;1mSELECT count(*) AS count_all FROM "listings" WHERE ("listings".user_id = 25586 AND (enabled IS TRUE)) [0m
  [4;35;1mAnalyzing  Execution Time: 0.005911

[0m   [0mAggregate  (cost=1615.81..1615.82 rows=1 width=0)
   ->  Index Scan using index_listings_on_id_and_user_id_and_title on listings  (cost=0.00..1615.79 rows=4 width=0)
         Index Cond: (user_id = 25586)
         Filter: (enabled IS TRUE)
[0m
  [4;36;1mListing Load (2.8ms)[0m   [0;1mSELECT * FROM "listings" WHERE ("listings".user_id = 25586) [0m
  [4;35;1mAnalyzing Listing Load Execution Time: 0.003664

[0m   [0mIndex Scan using index_listings_on_id_and_user_id_and_title on listings  (cost=0.00..1615.79 rows=4 width=1172)
   Index Cond: (user_id = 25586)
[0m
  [4;36;1mFacilityInfo Load (1.2ms)[0m   [0;1mSELECT * FROM "facility_infos" WHERE ("facility_infos".listing_id = 113291) LIMIT 1[0m
  [4;35;1mAnalyzing FacilityInfo Load Execution Time: 0.00156

[0m   [0mLimit  (cost=0.00..10.00 rows=1 width=8362)
   ->  Seq Scan on facility_infos  (cost=0.00..10.00 rows=1 width=8362)
         Filter: (listing_id = 113291)
[0m
  [4;36;1mRole Load (0.5ms)[0m   [0;1mSELECT * FROM "roles" WHERE ("roles"."id" = 4) [0m
  [4;35;1mAnalyzing Role Load Execution Time: 0.000941

[0m   [0mIndex Scan using roles_pkey on roles  (cost=0.00..8.27 rows=1 width=536)
   Index Cond: (id = 4)
[0m
Rendered users/_user_info (27.0ms)
Rendered notes/_form (12.4ms)
  [4;36;1mNote Load (1.5ms)[0m   [0;1mSELECT * FROM "notes" WHERE ("notes".user_id = 25586) [0m
  [4;35;1mAnalyzing Note Load Execution Time: 0.001974

[0m   [0mSeq Scan on notes  (cost=0.00..11.62 rows=1 width=576)
   Filter: (user_id = 25586)
[0m
Rendered notes/_client_notes (550.3ms)
  [4;36;1mSQL (4.2ms)[0m   [0;1mSELECT count(*) AS count_all FROM "claimed_listings" WHERE ("claimed_listings".client_id = 25586) [0m
  [4;35;1mAnalyzing  Execution Time: 0.004562

[0m   [0mAggregate  (cost=27.27..27.28 rows=1 width=0)
   ->  Seq Scan on claimed_listings  (cost=0.00..27.25 rows=7 width=0)
         Filter: (client_id = 25586)
[0m
  [4;36;1mClient Load (2.6ms)[0m   [0;1mSELECT * FROM "users" WHERE ("users"."id" = 25586) AND ( ("users"."type" = 'Client' ) ) [0m
  [4;35;1mAnalyzing Client Load Execution Time: 0.019338

[0m   [0mIndex Scan using users_pkey on users  (cost=0.00..8.27 rows=1 width=574)
   Index Cond: (id = 25586)
   Filter: ((type)::text = 'Client'::text)
[0m
  [4;36;1mSQL (1.0ms)[0m   [0;1mSELECT count(*) AS count_all FROM "sizes" WHERE ("sizes".listing_id = 113291) [0m
  [4;35;1mAnalyzing  Execution Time: 0.003636

[0m   [0mAggregate  (cost=18.55..18.56 rows=1 width=0)
   ->  Bitmap Heap Scan on sizes  (cost=4.30..18.53 rows=7 width=0)
         Recheck Cond: (listing_id = 113291)
         ->  Bitmap Index Scan on index_sizes_on_listing_id_and_price  (cost=0.00..4.30 rows=7 width=0)
               Index Cond: (listing_id = 113291)
[0m
  [4;36;1mSQL (2.4ms)[0m   [0;1mSELECT count(*) AS count_all FROM "business_hours" WHERE ("business_hours".listing_id = 113291) [0m
  [4;35;1mAnalyzing  Execution Time: 0.002744

[0m   [0mAggregate  (cost=99.56..99.57 rows=1 width=0)
   ->  Seq Scan on business_hours  (cost=0.00..99.53 rows=13 width=0)
         Filter: (listing_id = 113291)
[0m
  [4;36;1mSQL (1.8ms)[0m   [0;1mSELECT count(*) AS count_all FROM "comments" WHERE ("comments".commentable_id = 113291 AND "comments".commentable_type = E'Listing') [0m
  [4;35;1mAnalyzing  Execution Time: 0.002189

[0m   [0mAggregate  (cost=10.91..10.92 rows=1 width=0)
   ->  Seq Scan on comments  (cost=0.00..10.90 rows=1 width=0)
         Filter: ((commentable_id = 113291) AND ((commentable_type)::text = 'Listing'::text))
[0m
  [4;36;1mPredefinedSpecial Load (1.5ms)[0m   [0;1mSELECT "predefined_specials".* FROM "predefined_specials" INNER JOIN "predef_special_assigns" ON "predefined_specials".id = "predef_special_assigns".predefined_special_id WHERE (("predef_special_assigns".listing_id = 113291)) [0m
  [4;35;1mAnalyzing PredefinedSpecial Load Execution Time: 0.00187

[0m   [0mNested Loop  (cost=0.00..10.27 rows=1 width=1092)
   ->  Seq Scan on predef_special_assigns  (cost=0.00..1.99 rows=1 width=4)
         Filter: (listing_id = 113291)
   ->  Index Scan using predefined_specials_pkey on predefined_specials  (cost=0.00..8.27 rows=1 width=1092)
         Index Cond: (predefined_specials.id = predef_special_assigns.predefined_special_id)
[0m
  [4;36;1mSQL (10.8ms)[0m   [0;1mSELECT count(*) AS count_all FROM "facility_features" INNER JOIN "listing_features" ON "facility_features".id = "listing_features".facility_feature_id WHERE (("listing_features".listing_id = 113291)) [0m
  [4;35;1mAnalyzing  Execution Time: 0.011175

[0m   [0mAggregate  (cost=51.87..51.88 rows=1 width=0)
   ->  Hash Join  (cost=12.93..51.85 rows=8 width=0)
         Hash Cond: (listing_features.facility_feature_id = facility_features.id)
         ->  Seq Scan on listing_features  (cost=0.00..38.81 rows=8 width=4)
               Filter: (listing_id = 113291)
         ->  Hash  (cost=11.30..11.30 rows=130 width=4)
               ->  Seq Scan on facility_features  (cost=0.00..11.30 rows=130 width=4)
[0m
  [4;36;1mCACHE (0.0ms)[0m   [0;1mSELECT count(*) AS count_all FROM "facility_features" INNER JOIN "listing_features" ON "facility_features".id = "listing_features".facility_feature_id WHERE (("listing_features".listing_id = 113291)) [0m
  [4;35;1mSQL (1.0ms)[0m   [0mSELECT count(*) AS count_all FROM "pictures" WHERE ("pictures".listing_id = 113291) [0m
  [4;36;1mAnalyzing  Execution Time: 0.001361

[0m   [0;1mAggregate  (cost=15.58..15.59 rows=1 width=0)
   ->  Seq Scan on pictures  (cost=0.00..15.57 rows=3 width=0)
         Filter: (listing_id = 113291)
[0m
Rendered listings/_listing (644.8ms)
  [4;35;1mMailingAddress Load (1.0ms)[0m   [0mSELECT * FROM "mailing_addresses" WHERE ("mailing_addresses".user_id = 25586) LIMIT 1[0m
  [4;36;1mAnalyzing MailingAddress Load Execution Time: 0.00148

[0m   [0;1mLimit  (cost=0.00..8.27 rows=1 width=106)
   ->  Index Scan using index_mailing_addresses_on_client_id_and_city_and_state on mailing_addresses  (cost=0.00..8.27 rows=1 width=106)
         Index Cond: (user_id = 25586)
[0m
Rendered clients/_owner_info (42.9ms)
  [4;35;1mUserHintPlacement Load (1.2ms)[0m   [0mSELECT * FROM "user_hint_placements" WHERE ("user_hint_placements".user_id = 25586) [0m
  [4;36;1mAnalyzing UserHintPlacement Load Execution Time: 0.002155

[0m   [0;1mIndex Scan using index_user_hint_placements_on_user_id on user_hint_placements  (cost=0.00..8.39 rows=8 width=33)
   Index Cond: (user_id = 25586)
[0m
  [4;35;1mAccountSetting Load (2.5ms)[0m   [0mSELECT * FROM "account_settings" WHERE ("account_settings".client_id = 25586) LIMIT 1[0m
  [4;36;1mAnalyzing AccountSetting Load Execution Time: 0.002973

[0m   [0;1mLimit  (cost=0.00..1.65 rows=1 width=80)
   ->  Seq Scan on account_settings  (cost=0.00..1.65 rows=1 width=80)
         Filter: (client_id = 25586)
[0m
Rendered clients/_settings (62.8ms)
  [4;35;1mSQL (8.5ms)[0m   [0mSELECT count(*) AS count_all FROM "user_stats" WHERE ("user_stats".user_id = 25586) [0m
  [4;36;1mAnalyzing  Execution Time: 0.008858

[0m   [0;1mAggregate  (cost=678.85..678.86 rows=1 width=0)
   ->  Seq Scan on user_stats  (cost=0.00..678.81 rows=14 width=0)
         Filter: (user_id = 25586)
[0m
  [4;35;1mUserStat Load (0.8ms)[0m   [0mSELECT * FROM "user_stats" WHERE ("user_stats".user_id = 25586) ORDER BY user_stats.id DESC LIMIT 1[0m
  [4;36;1mAnalyzing UserStat Load Execution Time: 0.001308

[0m   [0;1mLimit  (cost=0.00..64.69 rows=1 width=1370)
   ->  Index Scan Backward using user_stats_pkey on user_stats  (cost=0.00..905.65 rows=14 width=1370)
         Filter: (user_id = 25586)
[0m
Rendered user_stats/_user_stat (2.9ms)
Completed in 2772ms (View: 2085, DB: 82) | 200 OK [https://localhost/clients/25586]
** has_many_polymorphs: autoload hook invoked
** has_many_polymorphs: preloading parent model Block
** has_many_polymorphs: associating Block.models
  [4;35;1mSQL (0.4ms)[0m   [0mSET client_min_messages TO 'panic'[0m
  [4;36;1mSQL (0.1ms)[0m   [0;1mSET client_min_messages TO 'notice'[0m
** has_many_polymorphs: preloading parent model View
** has_many_polymorphs: associating View.models
  [4;35;1mSQL (0.2ms)[0m   [0mSET client_min_messages TO 'panic'[0m
  [4;36;1mSQL (0.1ms)[0m   [0;1mSET client_min_messages TO 'notice'[0m


Processing NotesController#create (for 127.0.0.1 at 2011-04-26 18:03:43) [POST]
  Parameters: {"action"=>"create", "authenticity_token"=>"dX3RjIMB5BpQweTBexUE9J4Vs3U8uecIJoR6lE05MKY=", "client_id"=>"25586", "note"=>{"content"=>"test note ove hee"}, "controller"=>"notes"}
  [4;35;1mUser Load (9.2ms)[0m   [0mSELECT * FROM "users" WHERE ("users"."id" = E'1') LIMIT 1[0m
  [4;36;1mAnalyzing User Load Execution Time: 0.012083

[0m   [0;1mLimit  (cost=0.00..8.27 rows=1 width=574)
   ->  Index Scan using users_pkey on users  (cost=0.00..8.27 rows=1 width=574)
         Index Cond: (id = 1)
[0m
  [4;35;1mSQL (0.2ms)[0m   [0mBEGIN[0m
  [4;36;1mUser Update (1.2ms)[0m   [0;1mUPDATE "users" SET "updated_at" = '2011-04-26 22:03:44.076512', "perishable_token" = E'OJWNe55nL7RgMtMeHIR', "last_request_at" = '2011-04-26 22:03:44.073230' WHERE "id" = 1[0m
  [4;35;1mSQL (12.0ms)[0m   [0mCOMMIT[0m
  [4;36;1mRole Load (0.6ms)[0m   [0;1mSELECT * FROM "roles" WHERE ("roles"."id" = 1) [0m
  [4;35;1mAnalyzing Role Load Execution Time: 0.001009

[0m   [0mIndex Scan using roles_pkey on roles  (cost=0.00..8.27 rows=1 width=536)
   Index Cond: (id = 1)
[0m
  [4;36;1mClient Load (1.3ms)[0m   [0;1mSELECT * FROM "users" WHERE ("users"."id" = 25586) AND ( ("users"."type" = 'Client' ) ) [0m
  [4;35;1mAnalyzing Client Load Execution Time: 0.002084

[0m   [0mIndex Scan using users_pkey on users  (cost=0.00..8.27 rows=1 width=574)
   Index Cond: (id = 25586)
   Filter: ((type)::text = 'Client'::text)
[0m
  [4;36;1mSQL (0.2ms)[0m   [0;1mBEGIN[0m
  [4;35;1mSQL (1.1ms)[0m   [0mINSERT INTO "notes" ("created_at", "updated_at", "created_by", "user_id", "content", "status") VALUES('2011-04-26 22:03:44.485215', '2011-04-26 22:03:44.485215', 1, 25586, E'test note ove hee', NULL) RETURNING "id"[0m
  [4;36;1mSQL (0.6ms)[0m   [0;1mCOMMIT[0m
  [4;35;1mClient Load (0.7ms)[0m   [0mSELECT * FROM "users" WHERE ("users"."id" = 25586) AND ( ("users"."type" = 'Client' ) ) [0m
  [4;36;1mAnalyzing Client Load Execution Time: 0.00139

[0m   [0;1mIndex Scan using users_pkey on users  (cost=0.00..8.27 rows=1 width=574)
   Index Cond: (id = 25586)
   Filter: ((type)::text = 'Client'::text)
[0m
  [4;35;1mNote Load (0.6ms)[0m   [0mSELECT * FROM "notes" [0m
  [4;36;1mAnalyzing Note Load Execution Time: 0.001007

[0m   [0;1mSeq Scan on notes  (cost=0.00..11.30 rows=130 width=576)
[0m

NoMethodError (undefined method `client_edit_url' for #<NotesController:0x10a8b67c0>):
  app/controllers/notes_controller.rb:37:in `create'
  app/controllers/notes_controller.rb:23:in `create'
  /usr/local/lib/ruby/1.8/webrick/httpserver.rb:104:in `service'
  /usr/local/lib/ruby/1.8/webrick/httpserver.rb:65:in `run'
  /usr/local/lib/ruby/1.8/webrick/server.rb:173:in `start_thread'
  /usr/local/lib/ruby/1.8/webrick/server.rb:162:in `start'
  /usr/local/lib/ruby/1.8/webrick/server.rb:162:in `start_thread'
  /usr/local/lib/ruby/1.8/webrick/server.rb:95:in `start'
  /usr/local/lib/ruby/1.8/webrick/server.rb:92:in `each'
  /usr/local/lib/ruby/1.8/webrick/server.rb:92:in `start'
  /usr/local/lib/ruby/1.8/webrick/server.rb:23:in `start'
  /usr/local/lib/ruby/1.8/webrick/server.rb:82:in `start'
  script/ssl_server:129

Rendered rescues/_trace (150.6ms)
Rendered rescues/_request_and_response (0.5ms)
Rendering rescues/layout (internal_server_error)
DEPRECATION WARNING: require "activerecord" is deprecated and will be removed in Rails 3. Use require "active_record" instead.. (called from /usr/local/lib/ruby/gems/1.8/gems/activerecord-2.3.5/lib/activerecord.rb:2)
** has_many_polymorphs: rails environment detected
** has_many_polymorphs: loaded ok
** has_many_polymorphs: autoload hook invoked
** has_many_polymorphs: preloading parent model Block
** has_many_polymorphs: associating Block.models
  [4;36;1mSQL (0.2ms)[0m   [0;1mSET client_min_messages TO 'panic'[0m
  [4;35;1mSQL (0.1ms)[0m   [0mSET client_min_messages TO 'notice'[0m
** has_many_polymorphs: preloading parent model View
** has_many_polymorphs: associating View.models
** has_many_polymorphs: autoload hook invoked
** has_many_polymorphs: preloading parent model Block
** has_many_polymorphs: preloading parent model View
** has_many_polymorphs: autoload hook invoked
** has_many_polymorphs: preloading parent model Block
** has_many_polymorphs: associating Block.models
  [4;35;1mSQL (0.3ms)[0m   [0mSET client_min_messages TO 'panic'[0m
  [4;36;1mSQL (0.1ms)[0m   [0;1mSET client_min_messages TO 'notice'[0m
** has_many_polymorphs: preloading parent model View
** has_many_polymorphs: associating View.models
  [4;35;1mSQL (0.2ms)[0m   [0mSET client_min_messages TO 'panic'[0m
  [4;36;1mSQL (0.3ms)[0m   [0;1mSET client_min_messages TO 'notice'[0m


Processing ClientsController#index (for 127.0.0.1 at 2011-04-26 18:05:08) [GET]
  Parameters: {"action"=>"index", "controller"=>"clients"}
  [4;35;1mUser Load (1.6ms)[0m   [0mSELECT * FROM "users" WHERE ("users"."id" = E'1') LIMIT 1[0m
  [4;36;1mAnalyzing User Load Execution Time: 0.0024

[0m   [0;1mLimit  (cost=0.00..8.27 rows=1 width=574)
   ->  Index Scan using users_pkey on users  (cost=0.00..8.27 rows=1 width=574)
         Index Cond: (id = 1)
[0m
  [4;35;1mSQL (2.0ms)[0m   [0mBEGIN[0m
  [4;36;1mUser Update (5.5ms)[0m   [0;1mUPDATE "users" SET "updated_at" = '2011-04-26 22:05:08.890888', "perishable_token" = E'lwYT3dh7oCblyzJtuo', "last_request_at" = '2011-04-26 22:05:08.884060' WHERE "id" = 1[0m
  [4;35;1mSQL (0.7ms)[0m   [0mCOMMIT[0m
  [4;36;1mRole Load (0.8ms)[0m   [0;1mSELECT * FROM "roles" WHERE ("roles"."id" = 1) [0m
  [4;35;1mAnalyzing Role Load Execution Time: 0.001167

[0m   [0mIndex Scan using roles_pkey on roles  (cost=0.00..8.27 rows=1 width=536)
   Index Cond: (id = 1)
[0m
  [4;36;1mClient Load (2.8ms)[0m   [0;1mSELECT * FROM "users" WHERE ("users"."status" = E'active') AND ( ("users"."type" = 'Client' ) ) ORDER BY created_at DESC LIMIT 20 OFFSET 0[0m
  [4;35;1mAnalyzing Client Load Execution Time: 0.01542

[0m   [0mLimit  (cost=34.49..34.54 rows=20 width=574)
   ->  Sort  (cost=34.49..35.15 rows=265 width=574)
         Sort Key: created_at
         ->  Seq Scan on users  (cost=0.00..27.44 rows=265 width=574)
               Filter: (((status)::text = 'active'::text) AND ((type)::text = 'Client'::text))
[0m
  [4;36;1mSQL (8.0ms)[0m   [0;1mSELECT count(*) AS count_all FROM "users" WHERE ("users"."status" = E'active') AND ( ("users"."type" = 'Client' ) ) [0m
  [4;35;1mAnalyzing  Execution Time: 0.00862400000000008

[0m   [0mAggregate  (cost=28.10..28.11 rows=1 width=0)
   ->  Seq Scan on users  (cost=0.00..27.44 rows=265 width=0)
         Filter: (((status)::text = 'active'::text) AND ((type)::text = 'Client'::text))
[0m
Rendering clients/index
  [4;36;1mSQL (8.1ms)[0m   [0;1mSELECT count(*) AS count_all FROM "users" WHERE ( ("users"."type" = 'Client' ) ) [0m
  [4;35;1mAnalyzing  Execution Time: 0.008481

[0m   [0mAggregate  (cost=27.42..27.43 rows=1 width=0)
   ->  Seq Scan on users  (cost=0.00..26.70 rows=288 width=0)
         Filter: ((type)::text = 'Client'::text)
[0m
  [4;36;1mSQL (8.6ms)[0m   [0;1mSELECT count(*) AS count_all FROM "users" WHERE (status != E'active') AND ( ("users"."type" = 'Client' ) ) [0m
  [4;35;1mAnalyzing  Execution Time: 0.009004

[0m   [0mAggregate  (cost=27.50..27.51 rows=1 width=0)
   ->  Seq Scan on users  (cost=0.00..27.44 rows=23 width=0)
         Filter: (((status)::text <> 'active'::text) AND ((type)::text = 'Client'::text))
[0m
  [4;36;1mCACHE (0.0ms)[0m   [0;1mSELECT count(*) AS count_all FROM "users" WHERE ("users"."status" = E'active') AND ( ("users"."type" = 'Client' ) ) [0m
  [4;35;1mHelptext Load (0.7ms)[0m   [0mSELECT * FROM "helptexts" WHERE ("helptexts"."model" = E'client') LIMIT 1[0m
  [4;36;1mAnalyzing Helptext Load Execution Time: 0.001053

[0m   [0;1mLimit  (cost=0.00..11.50 rows=1 width=601)
   ->  Seq Scan on helptexts  (cost=0.00..11.50 rows=1 width=601)
         Filter: ((model)::text = 'client'::text)
[0m
Rendered helptexts/_helptext (2.1ms)
Rendered shared/_model_new_back_buttons (4.1ms)
Rendered shared/_model_search (3.3ms)
Rendered menus/_view_type_links (9.5ms)
Rendered shared/_model_sort (2.5ms)
  [4;35;1mRole Load (3.6ms)[0m   [0mSELECT * FROM "roles" WHERE ("roles"."id" = 4) [0m
  [4;36;1mAnalyzing Role Load Execution Time: 0.004067

[0m   [0;1mIndex Scan using roles_pkey on roles  (cost=0.00..8.27 rows=1 width=536)
   Index Cond: (id = 4)
[0m
Rendered users/_user_info (46.7ms)
Rendered shared/_edit_delete_link (6.4ms)
  [4;35;1mSQL (9.7ms)[0m   [0mSELECT count(*) AS count_all FROM "listings" WHERE ("listings".user_id = 25586) [0m
  [4;36;1mAnalyzing  Execution Time: 0.010152

[0m   [0;1mAggregate  (cost=1615.81..1615.82 rows=1 width=0)
   ->  Index Scan using index_listings_on_id_and_user_id_and_title on listings  (cost=0.00..1615.79 rows=4 width=0)
         Index Cond: (user_id = 25586)
[0m
  [4;35;1mSQL (0.8ms)[0m   [0mSELECT count(*) AS count_all FROM "claimed_listings" WHERE ("claimed_listings".client_id = 25586) [0m
  [4;36;1mAnalyzing  Execution Time: 0.001134

[0m   [0;1mAggregate  (cost=27.27..27.28 rows=1 width=0)
   ->  Seq Scan on claimed_listings  (cost=0.00..27.25 rows=7 width=0)
         Filter: (client_id = 25586)
[0m
  [4;35;1mCACHE (0.0ms)[0m   [0mSELECT * FROM "roles" WHERE ("roles"."id" = 4) [0m
Rendered users/_user_info (18.5ms)
Rendered shared/_edit_delete_link (309.0ms)
  [4;36;1mSQL (2.8ms)[0m   [0;1mSELECT count(*) AS count_all FROM "listings" WHERE ("listings".user_id = 25584) [0m
  [4;35;1mAnalyzing  Execution Time: 0.0033

[0m   [0mAggregate  (cost=1615.81..1615.82 rows=1 width=0)
   ->  Index Scan using index_listings_on_id_and_user_id_and_title on listings  (cost=0.00..1615.79 rows=4 width=0)
         Index Cond: (user_id = 25584)
[0m
  [4;36;1mSQL (0.4ms)[0m   [0;1mSELECT count(*) AS count_all FROM "claimed_listings" WHERE ("claimed_listings".client_id = 25584) [0m
  [4;35;1mAnalyzing  Execution Time: 0.000836

[0m   [0mAggregate  (cost=27.27..27.28 rows=1 width=0)
   ->  Seq Scan on claimed_listings  (cost=0.00..27.25 rows=7 width=0)
         Filter: (client_id = 25584)
[0m
  [4;36;1mCACHE (0.0ms)[0m   [0;1mSELECT * FROM "roles" WHERE ("roles"."id" = 4) [0m
Rendered users/_user_info (31.4ms)
Rendered shared/_edit_delete_link (8.6ms)
  [4;35;1mSQL (15.0ms)[0m   [0mSELECT count(*) AS count_all FROM "listings" WHERE ("listings".user_id = 25583) [0m
  [4;36;1mAnalyzing  Execution Time: 0.015401

[0m   [0;1mAggregate  (cost=1615.81..1615.82 rows=1 width=0)
   ->  Index Scan using index_listings_on_id_and_user_id_and_title on listings  (cost=0.00..1615.79 rows=4 width=0)
         Index Cond: (user_id = 25583)
[0m
  [4;35;1mSQL (1.1ms)[0m   [0mSELECT count(*) AS count_all FROM "claimed_listings" WHERE ("claimed_listings".client_id = 25583) [0m
  [4;36;1mAnalyzing  Execution Time: 0.001501

[0m   [0;1mAggregate  (cost=27.27..27.28 rows=1 width=0)
   ->  Seq Scan on claimed_listings  (cost=0.00..27.25 rows=7 width=0)
         Filter: (client_id = 25583)
[0m
  [4;35;1mCACHE (0.0ms)[0m   [0mSELECT * FROM "roles" WHERE ("roles"."id" = 4) [0m
Rendered users/_user_info (21.6ms)
Rendered shared/_edit_delete_link (8.1ms)
  [4;36;1mSQL (2.3ms)[0m   [0;1mSELECT count(*) AS count_all FROM "listings" WHERE ("listings".user_id = 25582) [0m
  [4;35;1mAnalyzing  Execution Time: 0.002651

[0m   [0mAggregate  (cost=1615.81..1615.82 rows=1 width=0)
   ->  Index Scan using index_listings_on_id_and_user_id_and_title on listings  (cost=0.00..1615.79 rows=4 width=0)
         Index Cond: (user_id = 25582)
[0m
  [4;36;1mSQL (0.4ms)[0m   [0;1mSELECT count(*) AS count_all FROM "claimed_listings" WHERE ("claimed_listings".client_id = 25582) [0m
  [4;35;1mAnalyzing  Execution Time: 0.000675

[0m   [0mAggregate  (cost=27.27..27.28 rows=1 width=0)
   ->  Seq Scan on claimed_listings  (cost=0.00..27.25 rows=7 width=0)
         Filter: (client_id = 25582)
[0m
  [4;36;1mCACHE (0.0ms)[0m   [0;1mSELECT * FROM "roles" WHERE ("roles"."id" = 4) [0m
Rendered users/_user_info (32.0ms)
Rendered shared/_edit_delete_link (5.6ms)
  [4;35;1mSQL (2.2ms)[0m   [0mSELECT count(*) AS count_all FROM "listings" WHERE ("listings".user_id = 25581) [0m
  [4;36;1mAnalyzing  Execution Time: 0.002687

[0m   [0;1mAggregate  (cost=1615.81..1615.82 rows=1 width=0)
   ->  Index Scan using index_listings_on_id_and_user_id_and_title on listings  (cost=0.00..1615.79 rows=4 width=0)
         Index Cond: (user_id = 25581)
[0m
  [4;35;1mSQL (0.4ms)[0m   [0mSELECT count(*) AS count_all FROM "claimed_listings" WHERE ("claimed_listings".client_id = 25581) [0m
  [4;36;1mAnalyzing  Execution Time: 0.000956

[0m   [0;1mAggregate  (cost=27.27..27.28 rows=1 width=0)
   ->  Seq Scan on claimed_listings  (cost=0.00..27.25 rows=7 width=0)
         Filter: (client_id = 25581)
[0m
  [4;35;1mCACHE (0.0ms)[0m   [0mSELECT * FROM "roles" WHERE ("roles"."id" = 4) [0m
Rendered users/_user_info (37.2ms)
Rendered shared/_edit_delete_link (6.8ms)
  [4;36;1mSQL (2.3ms)[0m   [0;1mSELECT count(*) AS count_all FROM "listings" WHERE ("listings".user_id = 25580) [0m
  [4;35;1mAnalyzing  Execution Time: 0.002805

[0m   [0mAggregate  (cost=1615.81..1615.82 rows=1 width=0)
   ->  Index Scan using index_listings_on_id_and_user_id_and_title on listings  (cost=0.00..1615.79 rows=4 width=0)
         Index Cond: (user_id = 25580)
[0m
  [4;36;1mSQL (0.4ms)[0m   [0;1mSELECT count(*) AS count_all FROM "claimed_listings" WHERE ("claimed_listings".client_id = 25580) [0m
  [4;35;1mAnalyzing  Execution Time: 0.001304

[0m   [0mAggregate  (cost=27.27..27.28 rows=1 width=0)
   ->  Seq Scan on claimed_listings  (cost=0.00..27.25 rows=7 width=0)
         Filter: (client_id = 25580)
[0m
  [4;36;1mCACHE (0.0ms)[0m   [0;1mSELECT * FROM "roles" WHERE ("roles"."id" = 4) [0m
Rendered users/_user_info (29.5ms)
Rendered shared/_edit_delete_link (26.5ms)
  [4;35;1mSQL (2.4ms)[0m   [0mSELECT count(*) AS count_all FROM "listings" WHERE ("listings".user_id = 25579) [0m
  [4;36;1mAnalyzing  Execution Time: 0.002996

[0m   [0;1mAggregate  (cost=1615.81..1615.82 rows=1 width=0)
   ->  Index Scan using index_listings_on_id_and_user_id_and_title on listings  (cost=0.00..1615.79 rows=4 width=0)
         Index Cond: (user_id = 25579)
[0m
  [4;35;1mSQL (0.4ms)[0m   [0mSELECT count(*) AS count_all FROM "claimed_listings" WHERE ("claimed_listings".client_id = 25579) [0m
  [4;36;1mAnalyzing  Execution Time: 0.001055

[0m   [0;1mAggregate  (cost=27.27..27.28 rows=1 width=0)
   ->  Seq Scan on claimed_listings  (cost=0.00..27.25 rows=7 width=0)
         Filter: (client_id = 25579)
[0m
  [4;35;1mCACHE (0.0ms)[0m   [0mSELECT * FROM "roles" WHERE ("roles"."id" = 4) [0m
Rendered users/_user_info (32.1ms)
Rendered shared/_edit_delete_link (10.3ms)
  [4;36;1mSQL (2.2ms)[0m   [0;1mSELECT count(*) AS count_all FROM "listings" WHERE ("listings".user_id = 25577) [0m
  [4;35;1mAnalyzing  Execution Time: 0.002659

[0m   [0mAggregate  (cost=1615.81..1615.82 rows=1 width=0)
   ->  Index Scan using index_listings_on_id_and_user_id_and_title on listings  (cost=0.00..1615.79 rows=4 width=0)
         Index Cond: (user_id = 25577)
[0m
  [4;36;1mSQL (0.6ms)[0m   [0;1mSELECT count(*) AS count_all FROM "claimed_listings" WHERE ("claimed_listings".client_id = 25577) [0m
  [4;35;1mAnalyzing  Execution Time: 0.001005

[0m   [0mAggregate  (cost=27.27..27.28 rows=1 width=0)
   ->  Seq Scan on claimed_listings  (cost=0.00..27.25 rows=7 width=0)
         Filter: (client_id = 25577)
[0m
  [4;36;1mCACHE (0.0ms)[0m   [0;1mSELECT * FROM "roles" WHERE ("roles"."id" = 4) [0m
Rendered users/_user_info (383.4ms)
Rendered shared/_edit_delete_link (7.8ms)
  [4;35;1mSQL (2.4ms)[0m   [0mSELECT count(*) AS count_all FROM "listings" WHERE ("listings".user_id = 25575) [0m
  [4;36;1mAnalyzing  Execution Time: 0.009545

[0m   [0;1mAggregate  (cost=1615.81..1615.82 rows=1 width=0)
   ->  Index Scan using index_listings_on_id_and_user_id_and_title on listings  (cost=0.00..1615.79 rows=4 width=0)
         Index Cond: (user_id = 25575)
[0m
  [4;35;1mSQL (0.9ms)[0m   [0mSELECT count(*) AS count_all FROM "claimed_listings" WHERE ("claimed_listings".client_id = 25575) [0m
  [4;36;1mAnalyzing  Execution Time: 0.002093

[0m   [0;1mAggregate  (cost=27.27..27.28 rows=1 width=0)
   ->  Seq Scan on claimed_listings  (cost=0.00..27.25 rows=7 width=0)
         Filter: (client_id = 25575)
[0m
  [4;35;1mCACHE (0.0ms)[0m   [0mSELECT * FROM "roles" WHERE ("roles"."id" = 4) [0m
Rendered users/_user_info (19.1ms)
Rendered shared/_edit_delete_link (6.3ms)
  [4;36;1mSQL (3.6ms)[0m   [0;1mSELECT count(*) AS count_all FROM "listings" WHERE ("listings".user_id = 25573) [0m
  [4;35;1mAnalyzing  Execution Time: 0.004085

[0m   [0mAggregate  (cost=1615.81..1615.82 rows=1 width=0)
   ->  Index Scan using index_listings_on_id_and_user_id_and_title on listings  (cost=0.00..1615.79 rows=4 width=0)
         Index Cond: (user_id = 25573)
[0m
  [4;36;1mSQL (4.8ms)[0m   [0;1mSELECT count(*) AS count_all FROM "claimed_listings" WHERE ("claimed_listings".client_id = 25573) [0m
  [4;35;1mAnalyzing  Execution Time: 0.005188

[0m   [0mAggregate  (cost=27.27..27.28 rows=1 width=0)
   ->  Seq Scan on claimed_listings  (cost=0.00..27.25 rows=7 width=0)
         Filter: (client_id = 25573)
[0m
  [4;36;1mCACHE (0.0ms)[0m   [0;1mSELECT * FROM "roles" WHERE ("roles"."id" = 4) [0m
Rendered users/_user_info (32.9ms)
Rendered shared/_edit_delete_link (7.8ms)
  [4;35;1mSQL (13.8ms)[0m   [0mSELECT count(*) AS count_all FROM "listings" WHERE ("listings".user_id = 25571) [0m
  [4;36;1mAnalyzing  Execution Time: 0.014197

[0m   [0;1mAggregate  (cost=1615.81..1615.82 rows=1 width=0)
   ->  Index Scan using index_listings_on_id_and_user_id_and_title on listings  (cost=0.00..1615.79 rows=4 width=0)
         Index Cond: (user_id = 25571)
[0m
  [4;35;1mSQL (0.5ms)[0m   [0mSELECT count(*) AS count_all FROM "claimed_listings" WHERE ("claimed_listings".client_id = 25571) [0m
  [4;36;1mAnalyzing  Execution Time: 0.000862

[0m   [0;1mAggregate  (cost=27.27..27.28 rows=1 width=0)
   ->  Seq Scan on claimed_listings  (cost=0.00..27.25 rows=7 width=0)
         Filter: (client_id = 25571)
[0m
  [4;35;1mCACHE (0.0ms)[0m   [0mSELECT * FROM "roles" WHERE ("roles"."id" = 4) [0m
Rendered users/_user_info (27.3ms)
Rendered shared/_edit_delete_link (5.9ms)
  [4;36;1mSQL (2.2ms)[0m   [0;1mSELECT count(*) AS count_all FROM "listings" WHERE ("listings".user_id = 25570) [0m
  [4;35;1mAnalyzing  Execution Time: 0.002875

[0m   [0mAggregate  (cost=1615.81..1615.82 rows=1 width=0)
   ->  Index Scan using index_listings_on_id_and_user_id_and_title on listings  (cost=0.00..1615.79 rows=4 width=0)
         Index Cond: (user_id = 25570)
[0m
  [4;36;1mSQL (0.4ms)[0m   [0;1mSELECT count(*) AS count_all FROM "claimed_listings" WHERE ("claimed_listings".client_id = 25570) [0m
  [4;35;1mAnalyzing  Execution Time: 0.000855

[0m   [0mAggregate  (cost=27.27..27.28 rows=1 width=0)
   ->  Seq Scan on claimed_listings  (cost=0.00..27.25 rows=7 width=0)
         Filter: (client_id = 25570)
[0m
  [4;36;1mCACHE (0.0ms)[0m   [0;1mSELECT * FROM "roles" WHERE ("roles"."id" = 4) [0m
Rendered users/_user_info (50.8ms)
Rendered shared/_edit_delete_link (5.5ms)
  [4;35;1mSQL (2.6ms)[0m   [0mSELECT count(*) AS count_all FROM "listings" WHERE ("listings".user_id = 25567) [0m
  [4;36;1mAnalyzing  Execution Time: 0.003039

[0m   [0;1mAggregate  (cost=1615.81..1615.82 rows=1 width=0)
   ->  Index Scan using index_listings_on_id_and_user_id_and_title on listings  (cost=0.00..1615.79 rows=4 width=0)
         Index Cond: (user_id = 25567)
[0m
  [4;35;1mSQL (0.4ms)[0m   [0mSELECT count(*) AS count_all FROM "claimed_listings" WHERE ("claimed_listings".client_id = 25567) [0m
  [4;36;1mAnalyzing  Execution Time: 0.000832

[0m   [0;1mAggregate  (cost=27.27..27.28 rows=1 width=0)
   ->  Seq Scan on claimed_listings  (cost=0.00..27.25 rows=7 width=0)
         Filter: (client_id = 25567)
[0m
  [4;35;1mCACHE (0.0ms)[0m   [0mSELECT * FROM "roles" WHERE ("roles"."id" = 4) [0m
Rendered users/_user_info (63.4ms)
Rendered shared/_edit_delete_link (4.9ms)
  [4;36;1mSQL (2.1ms)[0m   [0;1mSELECT count(*) AS count_all FROM "listings" WHERE ("listings".user_id = 25565) [0m
  [4;35;1mAnalyzing  Execution Time: 0.002443

[0m   [0mAggregate  (cost=1615.81..1615.82 rows=1 width=0)
   ->  Index Scan using index_listings_on_id_and_user_id_and_title on listings  (cost=0.00..1615.79 rows=4 width=0)
         Index Cond: (user_id = 25565)
[0m
  [4;36;1mSQL (0.4ms)[0m   [0;1mSELECT count(*) AS count_all FROM "claimed_listings" WHERE ("claimed_listings".client_id = 25565) [0m
  [4;35;1mAnalyzing  Execution Time: 0.004274

[0m   [0mAggregate  (cost=27.27..27.28 rows=1 width=0)
   ->  Seq Scan on claimed_listings  (cost=0.00..27.25 rows=7 width=0)
         Filter: (client_id = 25565)
[0m
  [4;36;1mCACHE (0.0ms)[0m   [0;1mSELECT * FROM "roles" WHERE ("roles"."id" = 4) [0m
Rendered users/_user_info (18.2ms)
Rendered shared/_edit_delete_link (5.0ms)
  [4;35;1mSQL (2.6ms)[0m   [0mSELECT count(*) AS count_all FROM "listings" WHERE ("listings".user_id = 25564) [0m
  [4;36;1mAnalyzing  Execution Time: 0.00299

[0m   [0;1mAggregate  (cost=1615.81..1615.82 rows=1 width=0)
   ->  Index Scan using index_listings_on_id_and_user_id_and_title on listings  (cost=0.00..1615.79 rows=4 width=0)
         Index Cond: (user_id = 25564)
[0m
  [4;35;1mSQL (0.4ms)[0m   [0mSELECT count(*) AS count_all FROM "claimed_listings" WHERE ("claimed_listings".client_id = 25564) [0m
  [4;36;1mAnalyzing  Execution Time: 0.000781

[0m   [0;1mAggregate  (cost=27.27..27.28 rows=1 width=0)
   ->  Seq Scan on claimed_listings  (cost=0.00..27.25 rows=7 width=0)
         Filter: (client_id = 25564)
[0m
  [4;35;1mCACHE (0.0ms)[0m   [0mSELECT * FROM "roles" WHERE ("roles"."id" = 4) [0m
Rendered users/_user_info (24.3ms)
Rendered shared/_edit_delete_link (10.9ms)
  [4;36;1mSQL (2.3ms)[0m   [0;1mSELECT count(*) AS count_all FROM "listings" WHERE ("listings".user_id = 25563) [0m
  [4;35;1mAnalyzing  Execution Time: 0.002746

[0m   [0mAggregate  (cost=1615.81..1615.82 rows=1 width=0)
   ->  Index Scan using index_listings_on_id_and_user_id_and_title on listings  (cost=0.00..1615.79 rows=4 width=0)
         Index Cond: (user_id = 25563)
[0m
  [4;36;1mSQL (0.4ms)[0m   [0;1mSELECT count(*) AS count_all FROM "claimed_listings" WHERE ("claimed_listings".client_id = 25563) [0m
  [4;35;1mAnalyzing  Execution Time: 0.000789

[0m   [0mAggregate  (cost=27.27..27.28 rows=1 width=0)
   ->  Seq Scan on claimed_listings  (cost=0.00..27.25 rows=7 width=0)
         Filter: (client_id = 25563)
[0m
  [4;36;1mCACHE (0.0ms)[0m   [0;1mSELECT * FROM "roles" WHERE ("roles"."id" = 4) [0m
Rendered users/_user_info (21.3ms)
Rendered shared/_edit_delete_link (41.6ms)
  [4;35;1mSQL (3.1ms)[0m   [0mSELECT count(*) AS count_all FROM "listings" WHERE ("listings".user_id = 25562) [0m
  [4;36;1mAnalyzing  Execution Time: 0.003529

[0m   [0;1mAggregate  (cost=1615.81..1615.82 rows=1 width=0)
   ->  Index Scan using index_listings_on_id_and_user_id_and_title on listings  (cost=0.00..1615.79 rows=4 width=0)
         Index Cond: (user_id = 25562)
[0m
  [4;35;1mSQL (0.4ms)[0m   [0mSELECT count(*) AS count_all FROM "claimed_listings" WHERE ("claimed_listings".client_id = 25562) [0m
  [4;36;1mAnalyzing  Execution Time: 0.000949

[0m   [0;1mAggregate  (cost=27.27..27.28 rows=1 width=0)
   ->  Seq Scan on claimed_listings  (cost=0.00..27.25 rows=7 width=0)
         Filter: (client_id = 25562)
[0m
  [4;35;1mCACHE (0.0ms)[0m   [0mSELECT * FROM "roles" WHERE ("roles"."id" = 4) [0m
Rendered users/_user_info (18.5ms)
Rendered shared/_edit_delete_link (5.3ms)
  [4;36;1mSQL (2.2ms)[0m   [0;1mSELECT count(*) AS count_all FROM "listings" WHERE ("listings".user_id = 25560) [0m
  [4;35;1mAnalyzing  Execution Time: 0.002588

[0m   [0mAggregate  (cost=1615.81..1615.82 rows=1 width=0)
   ->  Index Scan using index_listings_on_id_and_user_id_and_title on listings  (cost=0.00..1615.79 rows=4 width=0)
         Index Cond: (user_id = 25560)
[0m
  [4;36;1mSQL (3.3ms)[0m   [0;1mSELECT count(*) AS count_all FROM "claimed_listings" WHERE ("claimed_listings".client_id = 25560) [0m
  [4;35;1mAnalyzing  Execution Time: 0.003738

[0m   [0mAggregate  (cost=27.27..27.28 rows=1 width=0)
   ->  Seq Scan on claimed_listings  (cost=0.00..27.25 rows=7 width=0)
         Filter: (client_id = 25560)
[0m
  [4;36;1mCACHE (0.0ms)[0m   [0;1mSELECT * FROM "roles" WHERE ("roles"."id" = 4) [0m
Rendered users/_user_info (47.7ms)
Rendered shared/_edit_delete_link (6.3ms)
  [4;35;1mSQL (3.8ms)[0m   [0mSELECT count(*) AS count_all FROM "listings" WHERE ("listings".user_id = 25559) [0m
  [4;36;1mAnalyzing  Execution Time: 0.004145

[0m   [0;1mAggregate  (cost=1615.81..1615.82 rows=1 width=0)
   ->  Index Scan using index_listings_on_id_and_user_id_and_title on listings  (cost=0.00..1615.79 rows=4 width=0)
         Index Cond: (user_id = 25559)
[0m
  [4;35;1mSQL (0.6ms)[0m   [0mSELECT count(*) AS count_all FROM "claimed_listings" WHERE ("claimed_listings".client_id = 25559) [0m
  [4;36;1mAnalyzing  Execution Time: 0.000967

[0m   [0;1mAggregate  (cost=27.27..27.28 rows=1 width=0)
   ->  Seq Scan on claimed_listings  (cost=0.00..27.25 rows=7 width=0)
         Filter: (client_id = 25559)
[0m
  [4;35;1mCACHE (0.0ms)[0m   [0mSELECT * FROM "roles" WHERE ("roles"."id" = 4) [0m
Rendered users/_user_info (23.4ms)
Rendered shared/_edit_delete_link (6.7ms)
  [4;36;1mSQL (2.1ms)[0m   [0;1mSELECT count(*) AS count_all FROM "listings" WHERE ("listings".user_id = 25558) [0m
  [4;35;1mAnalyzing  Execution Time: 0.002486

[0m   [0mAggregate  (cost=1615.81..1615.82 rows=1 width=0)
   ->  Index Scan using index_listings_on_id_and_user_id_and_title on listings  (cost=0.00..1615.79 rows=4 width=0)
         Index Cond: (user_id = 25558)
[0m
  [4;36;1mSQL (0.5ms)[0m   [0;1mSELECT count(*) AS count_all FROM "claimed_listings" WHERE ("claimed_listings".client_id = 25558) [0m
  [4;35;1mAnalyzing  Execution Time: 0.000872

[0m   [0mAggregate  (cost=27.27..27.28 rows=1 width=0)
   ->  Seq Scan on claimed_listings  (cost=0.00..27.25 rows=7 width=0)
         Filter: (client_id = 25558)
[0m
Rendered views/_paginate (4.0ms)
Rendered views/partials/_users (2728.1ms)
Rendered shared/_base_model_index (2752.5ms)
Rendered shared/_model_index (2804.8ms)
Completed in 3429ms (View: 2639, DB: 203) | 200 OK [https://localhost/clients]
** has_many_polymorphs: autoload hook invoked
** has_many_polymorphs: preloading parent model Block
** has_many_polymorphs: associating Block.models
  [4;36;1mSQL (0.2ms)[0m   [0;1mSET client_min_messages TO 'panic'[0m
  [4;35;1mSQL (0.1ms)[0m   [0mSET client_min_messages TO 'notice'[0m
** has_many_polymorphs: preloading parent model View
** has_many_polymorphs: associating View.models
  [4;36;1mSQL (0.3ms)[0m   [0;1mSET client_min_messages TO 'panic'[0m
  [4;35;1mSQL (0.1ms)[0m   [0mSET client_min_messages TO 'notice'[0m


Processing ClientsController#show (for 127.0.0.1 at 2011-04-26 18:05:15) [GET]
  Parameters: {"action"=>"show", "id"=>"25586", "controller"=>"clients"}
  [4;36;1mUser Load (1.6ms)[0m   [0;1mSELECT * FROM "users" WHERE ("users"."id" = E'1') LIMIT 1[0m
  [4;35;1mAnalyzing User Load Execution Time: 0.007847

[0m   [0mLimit  (cost=0.00..8.27 rows=1 width=574)
   ->  Index Scan using users_pkey on users  (cost=0.00..8.27 rows=1 width=574)
         Index Cond: (id = 1)
[0m
  [4;36;1mSQL (0.2ms)[0m   [0;1mBEGIN[0m
  [4;35;1mUser Update (0.9ms)[0m   [0mUPDATE "users" SET "updated_at" = '2011-04-26 22:05:15.752585', "perishable_token" = E'8vjgEd2FREHcqghGWsB', "last_request_at" = '2011-04-26 22:05:15.748773' WHERE "id" = 1[0m
  [4;36;1mSQL (0.7ms)[0m   [0;1mCOMMIT[0m
  [4;35;1mRole Load (0.9ms)[0m   [0mSELECT * FROM "roles" WHERE ("roles"."id" = 1) [0m
  [4;36;1mAnalyzing Role Load Execution Time: 0.001222

[0m   [0;1mIndex Scan using roles_pkey on roles  (cost=0.00..8.27 rows=1 width=536)
   Index Cond: (id = 1)
[0m
  [4;35;1mClient Load (1.5ms)[0m   [0mSELECT * FROM "users" WHERE ("users"."id" = 25586) AND ( ("users"."type" = 'Client' ) ) LIMIT 1[0m
  [4;36;1mAnalyzing Client Load Execution Time: 0.002617

[0m   [0;1mLimit  (cost=0.00..8.27 rows=1 width=574)
   ->  Index Scan using users_pkey on users  (cost=0.00..8.27 rows=1 width=574)
         Index Cond: (id = 25586)
         Filter: ((type)::text = 'Client'::text)
[0m
Rendering clients/show
  [4;35;1mUser Load (2.7ms)[0m   [0mSELECT * FROM "users" WHERE ("users"."id" = 25586) [0m
  [4;36;1mAnalyzing User Load Execution Time: 0.003609

[0m   [0;1mIndex Scan using users_pkey on users  (cost=0.00..8.27 rows=1 width=574)
   Index Cond: (id = 25586)
[0m
  [4;35;1mSQL (9.5ms)[0m   [0mSELECT count(*) AS count_all FROM "listings" WHERE ("listings".user_id = 25586 AND (enabled IS TRUE)) [0m
  [4;36;1mAnalyzing  Execution Time: 0.009834

[0m   [0;1mAggregate  (cost=1615.81..1615.82 rows=1 width=0)
   ->  Index Scan using index_listings_on_id_and_user_id_and_title on listings  (cost=0.00..1615.79 rows=4 width=0)
         Index Cond: (user_id = 25586)
         Filter: (enabled IS TRUE)
[0m
  [4;35;1mListing Load (9.2ms)[0m   [0mSELECT * FROM "listings" WHERE ("listings".user_id = 25586) [0m
  [4;36;1mAnalyzing Listing Load Execution Time: 0.010243

[0m   [0;1mIndex Scan using index_listings_on_id_and_user_id_and_title on listings  (cost=0.00..1615.79 rows=4 width=1172)
   Index Cond: (user_id = 25586)
[0m
  [4;35;1mFacilityInfo Load (1.7ms)[0m   [0mSELECT * FROM "facility_infos" WHERE ("facility_infos".listing_id = 113291) LIMIT 1[0m
  [4;36;1mAnalyzing FacilityInfo Load Execution Time: 0.003319

[0m   [0;1mLimit  (cost=0.00..10.00 rows=1 width=8362)
   ->  Seq Scan on facility_infos  (cost=0.00..10.00 rows=1 width=8362)
         Filter: (listing_id = 113291)
[0m
  [4;35;1mRole Load (0.8ms)[0m   [0mSELECT * FROM "roles" WHERE ("roles"."id" = 4) [0m
  [4;36;1mAnalyzing Role Load Execution Time: 0.001258

[0m   [0;1mIndex Scan using roles_pkey on roles  (cost=0.00..8.27 rows=1 width=536)
   Index Cond: (id = 4)
[0m
Rendered users/_user_info (22.4ms)
Rendered notes/_form (3.2ms)
  [4;35;1mNote Load (1.2ms)[0m   [0mSELECT * FROM "notes" WHERE ("notes".user_id = 25586) [0m
  [4;36;1mAnalyzing Note Load Execution Time: 0.001629

[0m   [0;1mSeq Scan on notes  (cost=0.00..11.62 rows=1 width=576)
   Filter: (user_id = 25586)
[0m
  [4;35;1mUser Load (1.2ms)[0m   [0mSELECT * FROM "users" WHERE ("users"."id" = 1) [0m
  [4;36;1mAnalyzing User Load Execution Time: 0.002129

[0m   [0;1mIndex Scan using users_pkey on users  (cost=0.00..8.27 rows=1 width=574)
   Index Cond: (id = 1)
[0m
Rendered notes/_note (10.0ms)
Rendered notes/_client_notes (524.2ms)
  [4;35;1mSQL (0.8ms)[0m   [0mSELECT count(*) AS count_all FROM "claimed_listings" WHERE ("claimed_listings".client_id = 25586) [0m
  [4;36;1mAnalyzing  Execution Time: 0.001197

[0m   [0;1mAggregate  (cost=27.27..27.28 rows=1 width=0)
   ->  Seq Scan on claimed_listings  (cost=0.00..27.25 rows=7 width=0)
         Filter: (client_id = 25586)
[0m
  [4;35;1mClient Load (0.9ms)[0m   [0mSELECT * FROM "users" WHERE ("users"."id" = 25586) AND ( ("users"."type" = 'Client' ) ) [0m
  [4;36;1mAnalyzing Client Load Execution Time: 0.001843

[0m   [0;1mIndex Scan using users_pkey on users  (cost=0.00..8.27 rows=1 width=574)
   Index Cond: (id = 25586)
   Filter: ((type)::text = 'Client'::text)
[0m
  [4;35;1mSQL (7.3ms)[0m   [0mSELECT count(*) AS count_all FROM "sizes" WHERE ("sizes".listing_id = 113291) [0m
  [4;36;1mAnalyzing  Execution Time: 0.007685

[0m   [0;1mAggregate  (cost=18.55..18.56 rows=1 width=0)
   ->  Bitmap Heap Scan on sizes  (cost=4.30..18.53 rows=7 width=0)
         Recheck Cond: (listing_id = 113291)
         ->  Bitmap Index Scan on index_sizes_on_listing_id_and_price  (cost=0.00..4.30 rows=7 width=0)
               Index Cond: (listing_id = 113291)
[0m
  [4;35;1mSQL (16.9ms)[0m   [0mSELECT count(*) AS count_all FROM "business_hours" WHERE ("business_hours".listing_id = 113291) [0m
  [4;36;1mAnalyzing  Execution Time: 0.017359

[0m   [0;1mAggregate  (cost=99.56..99.57 rows=1 width=0)
   ->  Seq Scan on business_hours  (cost=0.00..99.53 rows=13 width=0)
         Filter: (listing_id = 113291)
[0m
  [4;35;1mSQL (2.0ms)[0m   [0mSELECT count(*) AS count_all FROM "comments" WHERE ("comments".commentable_id = 113291 AND "comments".commentable_type = E'Listing') [0m
  [4;36;1mAnalyzing  Execution Time: 0.002656

[0m   [0;1mAggregate  (cost=10.91..10.92 rows=1 width=0)
   ->  Seq Scan on comments  (cost=0.00..10.90 rows=1 width=0)
         Filter: ((commentable_id = 113291) AND ((commentable_type)::text = 'Listing'::text))
[0m
  [4;35;1mPredefinedSpecial Load (1.5ms)[0m   [0mSELECT "predefined_specials".* FROM "predefined_specials" INNER JOIN "predef_special_assigns" ON "predefined_specials".id = "predef_special_assigns".predefined_special_id WHERE (("predef_special_assigns".listing_id = 113291)) [0m
  [4;36;1mAnalyzing PredefinedSpecial Load Execution Time: 0.001896

[0m   [0;1mNested Loop  (cost=0.00..10.27 rows=1 width=1092)
   ->  Seq Scan on predef_special_assigns  (cost=0.00..1.99 rows=1 width=4)
         Filter: (listing_id = 113291)
   ->  Index Scan using predefined_specials_pkey on predefined_specials  (cost=0.00..8.27 rows=1 width=1092)
         Index Cond: (predefined_specials.id = predef_special_assigns.predefined_special_id)
[0m
  [4;35;1mSQL (1.5ms)[0m   [0mSELECT count(*) AS count_all FROM "facility_features" INNER JOIN "listing_features" ON "facility_features".id = "listing_features".facility_feature_id WHERE (("listing_features".listing_id = 113291)) [0m
  [4;36;1mAnalyzing  Execution Time: 0.001837

[0m   [0;1mAggregate  (cost=51.87..51.88 rows=1 width=0)
   ->  Hash Join  (cost=12.93..51.85 rows=8 width=0)
         Hash Cond: (listing_features.facility_feature_id = facility_features.id)
         ->  Seq Scan on listing_features  (cost=0.00..38.81 rows=8 width=4)
               Filter: (listing_id = 113291)
         ->  Hash  (cost=11.30..11.30 rows=130 width=4)
               ->  Seq Scan on facility_features  (cost=0.00..11.30 rows=130 width=4)
[0m
  [4;35;1mCACHE (0.0ms)[0m   [0mSELECT count(*) AS count_all FROM "facility_features" INNER JOIN "listing_features" ON "facility_features".id = "listing_features".facility_feature_id WHERE (("listing_features".listing_id = 113291)) [0m
  [4;36;1mSQL (0.9ms)[0m   [0;1mSELECT count(*) AS count_all FROM "pictures" WHERE ("pictures".listing_id = 113291) [0m
  [4;35;1mAnalyzing  Execution Time: 0.116272

[0m   [0mAggregate  (cost=15.58..15.59 rows=1 width=0)
   ->  Seq Scan on pictures  (cost=0.00..15.57 rows=3 width=0)
         Filter: (listing_id = 113291)
[0m
Rendered listings/_listing (750.3ms)
  [4;36;1mMailingAddress Load (1.0ms)[0m   [0;1mSELECT * FROM "mailing_addresses" WHERE ("mailing_addresses".user_id = 25586) LIMIT 1[0m
  [4;35;1mAnalyzing MailingAddress Load Execution Time: 0.001413

[0m   [0mLimit  (cost=0.00..8.27 rows=1 width=106)
   ->  Index Scan using index_mailing_addresses_on_client_id_and_city_and_state on mailing_addresses  (cost=0.00..8.27 rows=1 width=106)
         Index Cond: (user_id = 25586)
[0m
Rendered clients/_owner_info (19.5ms)
  [4;36;1mUserHintPlacement Load (1.0ms)[0m   [0;1mSELECT * FROM "user_hint_placements" WHERE ("user_hint_placements".user_id = 25586) [0m
  [4;35;1mAnalyzing UserHintPlacement Load Execution Time: 0.002114

[0m   [0mIndex Scan using index_user_hint_placements_on_user_id on user_hint_placements  (cost=0.00..8.39 rows=8 width=33)
   Index Cond: (user_id = 25586)
[0m
  [4;36;1mAccountSetting Load (5.2ms)[0m   [0;1mSELECT * FROM "account_settings" WHERE ("account_settings".client_id = 25586) LIMIT 1[0m
  [4;35;1mAnalyzing AccountSetting Load Execution Time: 0.005591

[0m   [0mLimit  (cost=0.00..1.65 rows=1 width=80)
   ->  Seq Scan on account_settings  (cost=0.00..1.65 rows=1 width=80)
         Filter: (client_id = 25586)
[0m
Rendered clients/_settings (440.6ms)
  [4;36;1mSQL (7.9ms)[0m   [0;1mSELECT count(*) AS count_all FROM "user_stats" WHERE ("user_stats".user_id = 25586) [0m
  [4;35;1mAnalyzing  Execution Time: 0.008351

[0m   [0mAggregate  (cost=678.85..678.86 rows=1 width=0)
   ->  Seq Scan on user_stats  (cost=0.00..678.81 rows=14 width=0)
         Filter: (user_id = 25586)
[0m
  [4;36;1mUserStat Load (0.9ms)[0m   [0;1mSELECT * FROM "user_stats" WHERE ("user_stats".user_id = 25586) ORDER BY user_stats.id DESC LIMIT 1[0m
  [4;35;1mAnalyzing UserStat Load Execution Time: 0.001369

[0m   [0mLimit  (cost=0.00..64.69 rows=1 width=1370)
   ->  Index Scan Backward using user_stats_pkey on user_stats  (cost=0.00..905.65 rows=14 width=1370)
         Filter: (user_id = 25586)
[0m
Rendered user_stats/_user_stat (12.1ms)
Completed in 2548ms (View: 2170, DB: 122) | 200 OK [https://localhost/clients/25586]
** has_many_polymorphs: autoload hook invoked
** has_many_polymorphs: preloading parent model Block
** has_many_polymorphs: associating Block.models
  [4;36;1mSQL (0.2ms)[0m   [0;1mSET client_min_messages TO 'panic'[0m
  [4;35;1mSQL (0.1ms)[0m   [0mSET client_min_messages TO 'notice'[0m
** has_many_polymorphs: preloading parent model View
** has_many_polymorphs: associating View.models
  [4;36;1mSQL (1.7ms)[0m   [0;1mSET client_min_messages TO 'panic'[0m
  [4;35;1mSQL (0.2ms)[0m   [0mSET client_min_messages TO 'notice'[0m


Processing ClientsController#index (for 127.0.0.1 at 2011-04-26 18:06:00) [GET]
  Parameters: {"action"=>"index", "controller"=>"clients"}
  [4;36;1mUser Load (51.9ms)[0m   [0;1mSELECT * FROM "users" WHERE ("users"."id" = E'1') LIMIT 1[0m
  [4;35;1mAnalyzing User Load Execution Time: 0.060181

[0m   [0mLimit  (cost=0.00..8.27 rows=1 width=574)
   ->  Index Scan using users_pkey on users  (cost=0.00..8.27 rows=1 width=574)
         Index Cond: (id = 1)
[0m
  [4;36;1mSQL (0.2ms)[0m   [0;1mBEGIN[0m
  [4;35;1mUser Update (0.9ms)[0m   [0mUPDATE "users" SET "updated_at" = '2011-04-26 22:06:01.036449', "perishable_token" = E'V9a7jbNiNv1e11gWjJ5q', "last_request_at" = '2011-04-26 22:06:01.033919' WHERE "id" = 1[0m
  [4;36;1mSQL (0.6ms)[0m   [0;1mCOMMIT[0m
  [4;35;1mRole Load (0.7ms)[0m   [0mSELECT * FROM "roles" WHERE ("roles"."id" = 1) [0m
  [4;36;1mAnalyzing Role Load Execution Time: 0.001135

[0m   [0;1mIndex Scan using roles_pkey on roles  (cost=0.00..8.27 rows=1 width=536)
   Index Cond: (id = 1)
[0m
  [4;35;1mClient Load (4.9ms)[0m   [0mSELECT * FROM "users" WHERE ("users"."status" = E'active') AND ( ("users"."type" = 'Client' ) ) ORDER BY created_at DESC LIMIT 20 OFFSET 0[0m
  [4;36;1mAnalyzing Client Load Execution Time: 0.015409

[0m   [0;1mLimit  (cost=34.49..34.54 rows=20 width=574)
   ->  Sort  (cost=34.49..35.15 rows=265 width=574)
         Sort Key: created_at
         ->  Seq Scan on users  (cost=0.00..27.44 rows=265 width=574)
               Filter: (((status)::text = 'active'::text) AND ((type)::text = 'Client'::text))
[0m
  [4;35;1mSQL (29.9ms)[0m   [0mSELECT count(*) AS count_all FROM "users" WHERE ("users"."status" = E'active') AND ( ("users"."type" = 'Client' ) ) [0m
  [4;36;1mAnalyzing  Execution Time: 0.030248

[0m   [0;1mAggregate  (cost=28.10..28.11 rows=1 width=0)
   ->  Seq Scan on users  (cost=0.00..27.44 rows=265 width=0)
         Filter: (((status)::text = 'active'::text) AND ((type)::text = 'Client'::text))
[0m
Rendering clients/index
  [4;35;1mSQL (5.5ms)[0m   [0mSELECT count(*) AS count_all FROM "users" WHERE ( ("users"."type" = 'Client' ) ) [0m
  [4;36;1mAnalyzing  Execution Time: 0.005905

[0m   [0;1mAggregate  (cost=27.42..27.43 rows=1 width=0)
   ->  Seq Scan on users  (cost=0.00..26.70 rows=288 width=0)
         Filter: ((type)::text = 'Client'::text)
[0m
  [4;35;1mSQL (1.1ms)[0m   [0mSELECT count(*) AS count_all FROM "users" WHERE (status != E'active') AND ( ("users"."type" = 'Client' ) ) [0m
  [4;36;1mAnalyzing  Execution Time: 0.001491

[0m   [0;1mAggregate  (cost=27.50..27.51 rows=1 width=0)
   ->  Seq Scan on users  (cost=0.00..27.44 rows=23 width=0)
         Filter: (((status)::text <> 'active'::text) AND ((type)::text = 'Client'::text))
[0m
  [4;35;1mCACHE (0.0ms)[0m   [0mSELECT count(*) AS count_all FROM "users" WHERE ("users"."status" = E'active') AND ( ("users"."type" = 'Client' ) ) [0m
  [4;36;1mHelptext Load (0.8ms)[0m   [0;1mSELECT * FROM "helptexts" WHERE ("helptexts"."model" = E'client') LIMIT 1[0m
  [4;35;1mAnalyzing Helptext Load Execution Time: 0.001147

[0m   [0mLimit  (cost=0.00..11.50 rows=1 width=601)
   ->  Seq Scan on helptexts  (cost=0.00..11.50 rows=1 width=601)
         Filter: ((model)::text = 'client'::text)
[0m
Rendered helptexts/_helptext (67.8ms)
Rendered shared/_model_new_back_buttons (3.5ms)
Rendered shared/_model_search (3.3ms)
Rendered menus/_view_type_links (6.6ms)
Rendered shared/_model_sort (2.2ms)
  [4;36;1mRole Load (6.4ms)[0m   [0;1mSELECT * FROM "roles" WHERE ("roles"."id" = 4) [0m
  [4;35;1mAnalyzing Role Load Execution Time: 0.007119

[0m   [0mIndex Scan using roles_pkey on roles  (cost=0.00..8.27 rows=1 width=536)
   Index Cond: (id = 4)
[0m
Rendered users/_user_info (28.1ms)
Rendered shared/_edit_delete_link (7.9ms)
  [4;36;1mSQL (4.1ms)[0m   [0;1mSELECT count(*) AS count_all FROM "listings" WHERE ("listings".user_id = 25586) [0m
  [4;35;1mAnalyzing  Execution Time: 0.004554

[0m   [0mAggregate  (cost=1615.81..1615.82 rows=1 width=0)
   ->  Index Scan using index_listings_on_id_and_user_id_and_title on listings  (cost=0.00..1615.79 rows=4 width=0)
         Index Cond: (user_id = 25586)
[0m
  [4;36;1mSQL (1.1ms)[0m   [0;1mSELECT count(*) AS count_all FROM "claimed_listings" WHERE ("claimed_listings".client_id = 25586) [0m
  [4;35;1mAnalyzing  Execution Time: 0.001506

[0m   [0mAggregate  (cost=27.27..27.28 rows=1 width=0)
   ->  Seq Scan on claimed_listings  (cost=0.00..27.25 rows=7 width=0)
         Filter: (client_id = 25586)
[0m
  [4;36;1mCACHE (0.0ms)[0m   [0;1mSELECT * FROM "roles" WHERE ("roles"."id" = 4) [0m
Rendered users/_user_info (26.0ms)
Rendered shared/_edit_delete_link (6.8ms)
  [4;35;1mSQL (3.1ms)[0m   [0mSELECT count(*) AS count_all FROM "listings" WHERE ("listings".user_id = 25584) [0m
  [4;36;1mAnalyzing  Execution Time: 0.003516

[0m   [0;1mAggregate  (cost=1615.81..1615.82 rows=1 width=0)
   ->  Index Scan using index_listings_on_id_and_user_id_and_title on listings  (cost=0.00..1615.79 rows=4 width=0)
         Index Cond: (user_id = 25584)
[0m
  [4;35;1mSQL (0.4ms)[0m   [0mSELECT count(*) AS count_all FROM "claimed_listings" WHERE ("claimed_listings".client_id = 25584) [0m
  [4;36;1mAnalyzing  Execution Time: 0.000734

[0m   [0;1mAggregate  (cost=27.27..27.28 rows=1 width=0)
   ->  Seq Scan on claimed_listings  (cost=0.00..27.25 rows=7 width=0)
         Filter: (client_id = 25584)
[0m
  [4;35;1mCACHE (0.0ms)[0m   [0mSELECT * FROM "roles" WHERE ("roles"."id" = 4) [0m
Rendered users/_user_info (23.8ms)
Rendered shared/_edit_delete_link (6.4ms)
  [4;36;1mSQL (2.5ms)[0m   [0;1mSELECT count(*) AS count_all FROM "listings" WHERE ("listings".user_id = 25583) [0m
  [4;35;1mAnalyzing  Execution Time: 0.003048

[0m   [0mAggregate  (cost=1615.81..1615.82 rows=1 width=0)
   ->  Index Scan using index_listings_on_id_and_user_id_and_title on listings  (cost=0.00..1615.79 rows=4 width=0)
         Index Cond: (user_id = 25583)
[0m
  [4;36;1mSQL (0.4ms)[0m   [0;1mSELECT count(*) AS count_all FROM "claimed_listings" WHERE ("claimed_listings".client_id = 25583) [0m
  [4;35;1mAnalyzing  Execution Time: 0.000794

[0m   [0mAggregate  (cost=27.27..27.28 rows=1 width=0)
   ->  Seq Scan on claimed_listings  (cost=0.00..27.25 rows=7 width=0)
         Filter: (client_id = 25583)
[0m
  [4;36;1mCACHE (0.0ms)[0m   [0;1mSELECT * FROM "roles" WHERE ("roles"."id" = 4) [0m
Rendered users/_user_info (27.5ms)
Rendered shared/_edit_delete_link (8.2ms)
  [4;35;1mSQL (3.7ms)[0m   [0mSELECT count(*) AS count_all FROM "listings" WHERE ("listings".user_id = 25582) [0m
  [4;36;1mAnalyzing  Execution Time: 0.39369

[0m   [0;1mAggregate  (cost=1615.81..1615.82 rows=1 width=0)
   ->  Index Scan using index_listings_on_id_and_user_id_and_title on listings  (cost=0.00..1615.79 rows=4 width=0)
         Index Cond: (user_id = 25582)
[0m
  [4;35;1mSQL (6.7ms)[0m   [0mSELECT count(*) AS count_all FROM "claimed_listings" WHERE ("claimed_listings".client_id = 25582) [0m
  [4;36;1mAnalyzing  Execution Time: 0.007376

[0m   [0;1mAggregate  (cost=27.27..27.28 rows=1 width=0)
   ->  Seq Scan on claimed_listings  (cost=0.00..27.25 rows=7 width=0)
         Filter: (client_id = 25582)
[0m
  [4;35;1mCACHE (0.0ms)[0m   [0mSELECT * FROM "roles" WHERE ("roles"."id" = 4) [0m
Rendered users/_user_info (43.3ms)
Rendered shared/_edit_delete_link (8.5ms)
  [4;36;1mSQL (7.0ms)[0m   [0;1mSELECT count(*) AS count_all FROM "listings" WHERE ("listings".user_id = 25581) [0m
  [4;35;1mAnalyzing  Execution Time: 0.007393

[0m   [0mAggregate  (cost=1615.81..1615.82 rows=1 width=0)
   ->  Index Scan using index_listings_on_id_and_user_id_and_title on listings  (cost=0.00..1615.79 rows=4 width=0)
         Index Cond: (user_id = 25581)
[0m
  [4;36;1mSQL (0.5ms)[0m   [0;1mSELECT count(*) AS count_all FROM "claimed_listings" WHERE ("claimed_listings".client_id = 25581) [0m
  [4;35;1mAnalyzing  Execution Time: 0.000816

[0m   [0mAggregate  (cost=27.27..27.28 rows=1 width=0)
   ->  Seq Scan on claimed_listings  (cost=0.00..27.25 rows=7 width=0)
         Filter: (client_id = 25581)
[0m
  [4;36;1mCACHE (0.0ms)[0m   [0;1mSELECT * FROM "roles" WHERE ("roles"."id" = 4) [0m
Rendered users/_user_info (40.4ms)
Rendered shared/_edit_delete_link (6.8ms)
  [4;35;1mSQL (2.3ms)[0m   [0mSELECT count(*) AS count_all FROM "listings" WHERE ("listings".user_id = 25580) [0m
  [4;36;1mAnalyzing  Execution Time: 0.002933

[0m   [0;1mAggregate  (cost=1615.81..1615.82 rows=1 width=0)
   ->  Index Scan using index_listings_on_id_and_user_id_and_title on listings  (cost=0.00..1615.79 rows=4 width=0)
         Index Cond: (user_id = 25580)
[0m
  [4;35;1mSQL (0.4ms)[0m   [0mSELECT count(*) AS count_all FROM "claimed_listings" WHERE ("claimed_listings".client_id = 25580) [0m
  [4;36;1mAnalyzing  Execution Time: 0.000759

[0m   [0;1mAggregate  (cost=27.27..27.28 rows=1 width=0)
   ->  Seq Scan on claimed_listings  (cost=0.00..27.25 rows=7 width=0)
         Filter: (client_id = 25580)
[0m
  [4;35;1mCACHE (0.0ms)[0m   [0mSELECT * FROM "roles" WHERE ("roles"."id" = 4) [0m
Rendered users/_user_info (24.5ms)
Rendered shared/_edit_delete_link (8.5ms)
  [4;36;1mSQL (3.5ms)[0m   [0;1mSELECT count(*) AS count_all FROM "listings" WHERE ("listings".user_id = 25579) [0m
  [4;35;1mAnalyzing  Execution Time: 0.003943

[0m   [0mAggregate  (cost=1615.81..1615.82 rows=1 width=0)
   ->  Index Scan using index_listings_on_id_and_user_id_and_title on listings  (cost=0.00..1615.79 rows=4 width=0)
         Index Cond: (user_id = 25579)
[0m
  [4;36;1mSQL (0.5ms)[0m   [0;1mSELECT count(*) AS count_all FROM "claimed_listings" WHERE ("claimed_listings".client_id = 25579) [0m
  [4;35;1mAnalyzing  Execution Time: 0.001019

[0m   [0mAggregate  (cost=27.27..27.28 rows=1 width=0)
   ->  Seq Scan on claimed_listings  (cost=0.00..27.25 rows=7 width=0)
         Filter: (client_id = 25579)
[0m
  [4;36;1mCACHE (0.0ms)[0m   [0;1mSELECT * FROM "roles" WHERE ("roles"."id" = 4) [0m
Rendered users/_user_info (42.6ms)
Rendered shared/_edit_delete_link (5.7ms)
  [4;35;1mSQL (3.0ms)[0m   [0mSELECT count(*) AS count_all FROM "listings" WHERE ("listings".user_id = 25577) [0m
  [4;36;1mAnalyzing  Execution Time: 0.003327

[0m   [0;1mAggregate  (cost=1615.81..1615.82 rows=1 width=0)
   ->  Index Scan using index_listings_on_id_and_user_id_and_title on listings  (cost=0.00..1615.79 rows=4 width=0)
         Index Cond: (user_id = 25577)
[0m
  [4;35;1mSQL (0.4ms)[0m   [0mSELECT count(*) AS count_all FROM "claimed_listings" WHERE ("claimed_listings".client_id = 25577) [0m
  [4;36;1mAnalyzing  Execution Time: 0.000742

[0m   [0;1mAggregate  (cost=27.27..27.28 rows=1 width=0)
   ->  Seq Scan on claimed_listings  (cost=0.00..27.25 rows=7 width=0)
         Filter: (client_id = 25577)
[0m
  [4;35;1mCACHE (0.0ms)[0m   [0mSELECT * FROM "roles" WHERE ("roles"."id" = 4) [0m
Rendered users/_user_info (39.1ms)
Rendered shared/_edit_delete_link (18.7ms)
  [4;36;1mSQL (2.3ms)[0m   [0;1mSELECT count(*) AS count_all FROM "listings" WHERE ("listings".user_id = 25575) [0m
  [4;35;1mAnalyzing  Execution Time: 0.002645

[0m   [0mAggregate  (cost=1615.81..1615.82 rows=1 width=0)
   ->  Index Scan using index_listings_on_id_and_user_id_and_title on listings  (cost=0.00..1615.79 rows=4 width=0)
         Index Cond: (user_id = 25575)
[0m
  [4;36;1mSQL (0.6ms)[0m   [0;1mSELECT count(*) AS count_all FROM "claimed_listings" WHERE ("claimed_listings".client_id = 25575) [0m
  [4;35;1mAnalyzing  Execution Time: 0.000976

[0m   [0mAggregate  (cost=27.27..27.28 rows=1 width=0)
   ->  Seq Scan on claimed_listings  (cost=0.00..27.25 rows=7 width=0)
         Filter: (client_id = 25575)
[0m
  [4;36;1mCACHE (0.0ms)[0m   [0;1mSELECT * FROM "roles" WHERE ("roles"."id" = 4) [0m
Rendered users/_user_info (24.8ms)
Rendered shared/_edit_delete_link (6.5ms)
  [4;35;1mSQL (2.2ms)[0m   [0mSELECT count(*) AS count_all FROM "listings" WHERE ("listings".user_id = 25573) [0m
  [4;36;1mAnalyzing  Execution Time: 0.014493

[0m   [0;1mAggregate  (cost=1615.81..1615.82 rows=1 width=0)
   ->  Index Scan using index_listings_on_id_and_user_id_and_title on listings  (cost=0.00..1615.79 rows=4 width=0)
         Index Cond: (user_id = 25573)
[0m
  [4;35;1mSQL (8.7ms)[0m   [0mSELECT count(*) AS count_all FROM "claimed_listings" WHERE ("claimed_listings".client_id = 25573) [0m
  [4;36;1mAnalyzing  Execution Time: 0.009552

[0m   [0;1mAggregate  (cost=27.27..27.28 rows=1 width=0)
   ->  Seq Scan on claimed_listings  (cost=0.00..27.25 rows=7 width=0)
         Filter: (client_id = 25573)
[0m
  [4;35;1mCACHE (0.0ms)[0m   [0mSELECT * FROM "roles" WHERE ("roles"."id" = 4) [0m
Rendered users/_user_info (20.8ms)
Rendered shared/_edit_delete_link (362.9ms)
  [4;36;1mSQL (3.7ms)[0m   [0;1mSELECT count(*) AS count_all FROM "listings" WHERE ("listings".user_id = 25571) [0m
  [4;35;1mAnalyzing  Execution Time: 0.004109

[0m   [0mAggregate  (cost=1615.81..1615.82 rows=1 width=0)
   ->  Index Scan using index_listings_on_id_and_user_id_and_title on listings  (cost=0.00..1615.79 rows=4 width=0)
         Index Cond: (user_id = 25571)
[0m
  [4;36;1mSQL (0.7ms)[0m   [0;1mSELECT count(*) AS count_all FROM "claimed_listings" WHERE ("claimed_listings".client_id = 25571) [0m
  [4;35;1mAnalyzing  Execution Time: 0.001103

[0m   [0mAggregate  (cost=27.27..27.28 rows=1 width=0)
   ->  Seq Scan on claimed_listings  (cost=0.00..27.25 rows=7 width=0)
         Filter: (client_id = 25571)
[0m
  [4;36;1mCACHE (0.0ms)[0m   [0;1mSELECT * FROM "roles" WHERE ("roles"."id" = 4) [0m
Rendered users/_user_info (48.0ms)
Rendered shared/_edit_delete_link (6.6ms)
  [4;35;1mSQL (2.4ms)[0m   [0mSELECT count(*) AS count_all FROM "listings" WHERE ("listings".user_id = 25570) [0m
  [4;36;1mAnalyzing  Execution Time: 0.008191

[0m   [0;1mAggregate  (cost=1615.81..1615.82 rows=1 width=0)
   ->  Index Scan using index_listings_on_id_and_user_id_and_title on listings  (cost=0.00..1615.79 rows=4 width=0)
         Index Cond: (user_id = 25570)
[0m
  [4;35;1mSQL (0.4ms)[0m   [0mSELECT count(*) AS count_all FROM "claimed_listings" WHERE ("claimed_listings".client_id = 25570) [0m
  [4;36;1mAnalyzing  Execution Time: 0.001285

[0m   [0;1mAggregate  (cost=27.27..27.28 rows=1 width=0)
   ->  Seq Scan on claimed_listings  (cost=0.00..27.25 rows=7 width=0)
         Filter: (client_id = 25570)
[0m
  [4;35;1mCACHE (0.0ms)[0m   [0mSELECT * FROM "roles" WHERE ("roles"."id" = 4) [0m
Rendered users/_user_info (41.9ms)
Rendered shared/_edit_delete_link (5.3ms)
  [4;36;1mSQL (2.1ms)[0m   [0;1mSELECT count(*) AS count_all FROM "listings" WHERE ("listings".user_id = 25567) [0m
  [4;35;1mAnalyzing  Execution Time: 0.002461

[0m   [0mAggregate  (cost=1615.81..1615.82 rows=1 width=0)
   ->  Index Scan using index_listings_on_id_and_user_id_and_title on listings  (cost=0.00..1615.79 rows=4 width=0)
         Index Cond: (user_id = 25567)
[0m
  [4;36;1mSQL (0.4ms)[0m   [0;1mSELECT count(*) AS count_all FROM "claimed_listings" WHERE ("claimed_listings".client_id = 25567) [0m
  [4;35;1mAnalyzing  Execution Time: 0.000773

[0m   [0mAggregate  (cost=27.27..27.28 rows=1 width=0)
   ->  Seq Scan on claimed_listings  (cost=0.00..27.25 rows=7 width=0)
         Filter: (client_id = 25567)
[0m
  [4;36;1mCACHE (0.0ms)[0m   [0;1mSELECT * FROM "roles" WHERE ("roles"."id" = 4) [0m
Rendered users/_user_info (27.8ms)
Rendered shared/_edit_delete_link (5.8ms)
  [4;35;1mSQL (2.4ms)[0m   [0mSELECT count(*) AS count_all FROM "listings" WHERE ("listings".user_id = 25565) [0m
  [4;36;1mAnalyzing  Execution Time: 0.00284

[0m   [0;1mAggregate  (cost=1615.81..1615.82 rows=1 width=0)
   ->  Index Scan using index_listings_on_id_and_user_id_and_title on listings  (cost=0.00..1615.79 rows=4 width=0)
         Index Cond: (user_id = 25565)
[0m
  [4;35;1mSQL (9.2ms)[0m   [0mSELECT count(*) AS count_all FROM "claimed_listings" WHERE ("claimed_listings".client_id = 25565) [0m
  [4;36;1mAnalyzing  Execution Time: 0.009564

[0m   [0;1mAggregate  (cost=27.27..27.28 rows=1 width=0)
   ->  Seq Scan on claimed_listings  (cost=0.00..27.25 rows=7 width=0)
         Filter: (client_id = 25565)
[0m
  [4;35;1mCACHE (0.0ms)[0m   [0mSELECT * FROM "roles" WHERE ("roles"."id" = 4) [0m
Rendered users/_user_info (17.2ms)
Rendered shared/_edit_delete_link (16.7ms)
  [4;36;1mSQL (15.4ms)[0m   [0;1mSELECT count(*) AS count_all FROM "listings" WHERE ("listings".user_id = 25564) [0m
  [4;35;1mAnalyzing  Execution Time: 0.021144

[0m   [0mAggregate  (cost=1615.81..1615.82 rows=1 width=0)
   ->  Index Scan using index_listings_on_id_and_user_id_and_title on listings  (cost=0.00..1615.79 rows=4 width=0)
         Index Cond: (user_id = 25564)
[0m
  [4;36;1mSQL (1.8ms)[0m   [0;1mSELECT count(*) AS count_all FROM "claimed_listings" WHERE ("claimed_listings".client_id = 25564) [0m
  [4;35;1mAnalyzing  Execution Time: 0.002267

[0m   [0mAggregate  (cost=27.27..27.28 rows=1 width=0)
   ->  Seq Scan on claimed_listings  (cost=0.00..27.25 rows=7 width=0)
         Filter: (client_id = 25564)
[0m
  [4;36;1mCACHE (0.0ms)[0m   [0;1mSELECT * FROM "roles" WHERE ("roles"."id" = 4) [0m
Rendered users/_user_info (31.0ms)
Rendered shared/_edit_delete_link (5.2ms)
  [4;35;1mSQL (3.2ms)[0m   [0mSELECT count(*) AS count_all FROM "listings" WHERE ("listings".user_id = 25563) [0m
  [4;36;1mAnalyzing  Execution Time: 0.003621

[0m   [0;1mAggregate  (cost=1615.81..1615.82 rows=1 width=0)
   ->  Index Scan using index_listings_on_id_and_user_id_and_title on listings  (cost=0.00..1615.79 rows=4 width=0)
         Index Cond: (user_id = 25563)
[0m
  [4;35;1mSQL (0.7ms)[0m   [0mSELECT count(*) AS count_all FROM "claimed_listings" WHERE ("claimed_listings".client_id = 25563) [0m
  [4;36;1mAnalyzing  Execution Time: 0.001222

[0m   [0;1mAggregate  (cost=27.27..27.28 rows=1 width=0)
   ->  Seq Scan on claimed_listings  (cost=0.00..27.25 rows=7 width=0)
         Filter: (client_id = 25563)
[0m
  [4;35;1mCACHE (0.0ms)[0m   [0mSELECT * FROM "roles" WHERE ("roles"."id" = 4) [0m
Rendered users/_user_info (26.3ms)
Rendered shared/_edit_delete_link (4.9ms)
  [4;36;1mSQL (2.3ms)[0m   [0;1mSELECT count(*) AS count_all FROM "listings" WHERE ("listings".user_id = 25562) [0m
  [4;35;1mAnalyzing  Execution Time: 0.010643

[0m   [0mAggregate  (cost=1615.81..1615.82 rows=1 width=0)
   ->  Index Scan using index_listings_on_id_and_user_id_and_title on listings  (cost=0.00..1615.79 rows=4 width=0)
         Index Cond: (user_id = 25562)
[0m
  [4;36;1mSQL (1.7ms)[0m   [0;1mSELECT count(*) AS count_all FROM "claimed_listings" WHERE ("claimed_listings".client_id = 25562) [0m
  [4;35;1mAnalyzing  Execution Time: 0.002344

[0m   [0mAggregate  (cost=27.27..27.28 rows=1 width=0)
   ->  Seq Scan on claimed_listings  (cost=0.00..27.25 rows=7 width=0)
         Filter: (client_id = 25562)
[0m
  [4;36;1mCACHE (0.0ms)[0m   [0;1mSELECT * FROM "roles" WHERE ("roles"."id" = 4) [0m
Rendered users/_user_info (22.6ms)
Rendered shared/_edit_delete_link (9.0ms)
  [4;35;1mSQL (2.5ms)[0m   [0mSELECT count(*) AS count_all FROM "listings" WHERE ("listings".user_id = 25560) [0m
  [4;36;1mAnalyzing  Execution Time: 0.002929

[0m   [0;1mAggregate  (cost=1615.81..1615.82 rows=1 width=0)
   ->  Index Scan using index_listings_on_id_and_user_id_and_title on listings  (cost=0.00..1615.79 rows=4 width=0)
         Index Cond: (user_id = 25560)
[0m
  [4;35;1mSQL (0.5ms)[0m   [0mSELECT count(*) AS count_all FROM "claimed_listings" WHERE ("claimed_listings".client_id = 25560) [0m
  [4;36;1mAnalyzing  Execution Time: 0.000837

[0m   [0;1mAggregate  (cost=27.27..27.28 rows=1 width=0)
   ->  Seq Scan on claimed_listings  (cost=0.00..27.25 rows=7 width=0)
         Filter: (client_id = 25560)
[0m
  [4;35;1mCACHE (0.0ms)[0m   [0mSELECT * FROM "roles" WHERE ("roles"."id" = 4) [0m
Rendered users/_user_info (36.7ms)
Rendered shared/_edit_delete_link (6.2ms)
  [4;36;1mSQL (2.8ms)[0m   [0;1mSELECT count(*) AS count_all FROM "listings" WHERE ("listings".user_id = 25559) [0m
  [4;35;1mAnalyzing  Execution Time: 0.003143

[0m   [0mAggregate  (cost=1615.81..1615.82 rows=1 width=0)
   ->  Index Scan using index_listings_on_id_and_user_id_and_title on listings  (cost=0.00..1615.79 rows=4 width=0)
         Index Cond: (user_id = 25559)
[0m
  [4;36;1mSQL (0.8ms)[0m   [0;1mSELECT count(*) AS count_all FROM "claimed_listings" WHERE ("claimed_listings".client_id = 25559) [0m
  [4;35;1mAnalyzing  Execution Time: 0.001236

[0m   [0mAggregate  (cost=27.27..27.28 rows=1 width=0)
   ->  Seq Scan on claimed_listings  (cost=0.00..27.25 rows=7 width=0)
         Filter: (client_id = 25559)
[0m
  [4;36;1mCACHE (0.0ms)[0m   [0;1mSELECT * FROM "roles" WHERE ("roles"."id" = 4) [0m
Rendered users/_user_info (22.2ms)
Rendered shared/_edit_delete_link (7.3ms)
  [4;35;1mSQL (2.7ms)[0m   [0mSELECT count(*) AS count_all FROM "listings" WHERE ("listings".user_id = 25558) [0m
  [4;36;1mAnalyzing  Execution Time: 0.003219

[0m   [0;1mAggregate  (cost=1615.81..1615.82 rows=1 width=0)
   ->  Index Scan using index_listings_on_id_and_user_id_and_title on listings  (cost=0.00..1615.79 rows=4 width=0)
         Index Cond: (user_id = 25558)
[0m
  [4;35;1mSQL (1.6ms)[0m   [0mSELECT count(*) AS count_all FROM "claimed_listings" WHERE ("claimed_listings".client_id = 25558) [0m
  [4;36;1mAnalyzing  Execution Time: 0.002094

[0m   [0;1mAggregate  (cost=27.27..27.28 rows=1 width=0)
   ->  Seq Scan on claimed_listings  (cost=0.00..27.25 rows=7 width=0)
         Filter: (client_id = 25558)
[0m
Rendered views/_paginate (5.4ms)
Rendered views/partials/_users (2917.4ms)
Rendered shared/_base_model_index (2937.3ms)
Rendered shared/_model_index (3041.4ms)
Completed in 3803ms (View: 2832, DB: 322) | 200 OK [https://localhost/clients]
** has_many_polymorphs: autoload hook invoked
** has_many_polymorphs: preloading parent model Block
** has_many_polymorphs: associating Block.models
  [4;35;1mSQL (0.4ms)[0m   [0mSET client_min_messages TO 'panic'[0m
  [4;36;1mSQL (0.1ms)[0m   [0;1mSET client_min_messages TO 'notice'[0m
** has_many_polymorphs: preloading parent model View
** has_many_polymorphs: associating View.models
  [4;35;1mSQL (1.6ms)[0m   [0mSET client_min_messages TO 'panic'[0m
  [4;36;1mSQL (0.1ms)[0m   [0;1mSET client_min_messages TO 'notice'[0m


Processing ClientsController#show (for 127.0.0.1 at 2011-04-26 18:06:15) [GET]
  Parameters: {"action"=>"show", "id"=>"25586", "controller"=>"clients"}
  [4;35;1mUser Load (4.8ms)[0m   [0mSELECT * FROM "users" WHERE ("users"."id" = E'1') LIMIT 1[0m
  [4;36;1mAnalyzing User Load Execution Time: 0.007749

[0m   [0;1mLimit  (cost=0.00..8.27 rows=1 width=574)
   ->  Index Scan using users_pkey on users  (cost=0.00..8.27 rows=1 width=574)
         Index Cond: (id = 1)
[0m
  [4;35;1mSQL (2.0ms)[0m   [0mBEGIN[0m
  [4;36;1mUser Update (5.1ms)[0m   [0;1mUPDATE "users" SET "updated_at" = '2011-04-26 22:06:15.949050', "perishable_token" = E'kYcmvVLRkdP3KNv8Io7', "last_request_at" = '2011-04-26 22:06:15.944538' WHERE "id" = 1[0m
  [4;35;1mSQL (3.3ms)[0m   [0mCOMMIT[0m
  [4;36;1mRole Load (0.7ms)[0m   [0;1mSELECT * FROM "roles" WHERE ("roles"."id" = 1) [0m
  [4;35;1mAnalyzing Role Load Execution Time: 0.001366

[0m   [0mIndex Scan using roles_pkey on roles  (cost=0.00..8.27 rows=1 width=536)
   Index Cond: (id = 1)
[0m
  [4;36;1mClient Load (1.2ms)[0m   [0;1mSELECT * FROM "users" WHERE ("users"."id" = 25586) AND ( ("users"."type" = 'Client' ) ) LIMIT 1[0m
  [4;35;1mAnalyzing Client Load Execution Time: 0.001934

[0m   [0mLimit  (cost=0.00..8.27 rows=1 width=574)
   ->  Index Scan using users_pkey on users  (cost=0.00..8.27 rows=1 width=574)
         Index Cond: (id = 25586)
         Filter: ((type)::text = 'Client'::text)
[0m
Rendering clients/show
  [4;36;1mUser Load (3.7ms)[0m   [0;1mSELECT * FROM "users" WHERE ("users"."id" = 25586) [0m
  [4;35;1mAnalyzing User Load Execution Time: 0.010694

[0m   [0mIndex Scan using users_pkey on users  (cost=0.00..8.27 rows=1 width=574)
   Index Cond: (id = 25586)
[0m
  [4;36;1mSQL (5.0ms)[0m   [0;1mSELECT count(*) AS count_all FROM "listings" WHERE ("listings".user_id = 25586 AND (enabled IS TRUE)) [0m
  [4;35;1mAnalyzing  Execution Time: 0.005408

[0m   [0mAggregate  (cost=1615.81..1615.82 rows=1 width=0)
   ->  Index Scan using index_listings_on_id_and_user_id_and_title on listings  (cost=0.00..1615.79 rows=4 width=0)
         Index Cond: (user_id = 25586)
         Filter: (enabled IS TRUE)
[0m
  [4;36;1mListing Load (2.7ms)[0m   [0;1mSELECT * FROM "listings" WHERE ("listings".user_id = 25586) [0m
  [4;35;1mAnalyzing Listing Load Execution Time: 0.003572

[0m   [0mIndex Scan using index_listings_on_id_and_user_id_and_title on listings  (cost=0.00..1615.79 rows=4 width=1172)
   Index Cond: (user_id = 25586)
[0m
  [4;36;1mFacilityInfo Load (4.0ms)[0m   [0;1mSELECT * FROM "facility_infos" WHERE ("facility_infos".listing_id = 113291) LIMIT 1[0m
  [4;35;1mAnalyzing FacilityInfo Load Execution Time: 0.004689

[0m   [0mLimit  (cost=0.00..10.00 rows=1 width=8362)
   ->  Seq Scan on facility_infos  (cost=0.00..10.00 rows=1 width=8362)
         Filter: (listing_id = 113291)
[0m
  [4;36;1mRole Load (0.4ms)[0m   [0;1mSELECT * FROM "roles" WHERE ("roles"."id" = 4) [0m
  [4;35;1mAnalyzing Role Load Execution Time: 0.000935

[0m   [0mIndex Scan using roles_pkey on roles  (cost=0.00..8.27 rows=1 width=536)
   Index Cond: (id = 4)
[0m
Rendered users/_user_info (18.0ms)
Rendered notes/_form (4.6ms)
  [4;36;1mNote Load (0.8ms)[0m   [0;1mSELECT * FROM "notes" WHERE ("notes".user_id = 25586) [0m
  [4;35;1mAnalyzing Note Load Execution Time: 0.001159

[0m   [0mSeq Scan on notes  (cost=0.00..11.62 rows=1 width=576)
   Filter: (user_id = 25586)
[0m
  [4;36;1mUser Load (0.6ms)[0m   [0;1mSELECT * FROM "users" WHERE ("users"."id" = 1) [0m
  [4;35;1mAnalyzing User Load Execution Time: 0.001383

[0m   [0mIndex Scan using users_pkey on users  (cost=0.00..8.27 rows=1 width=574)
   Index Cond: (id = 1)
[0m
Rendered notes/_note (16.8ms)
Rendered notes/_client_notes (628.3ms)
  [4;36;1mSQL (0.6ms)[0m   [0;1mSELECT count(*) AS count_all FROM "claimed_listings" WHERE ("claimed_listings".client_id = 25586) [0m
  [4;35;1mAnalyzing  Execution Time: 0.0009

[0m   [0mAggregate  (cost=27.27..27.28 rows=1 width=0)
   ->  Seq Scan on claimed_listings  (cost=0.00..27.25 rows=7 width=0)
         Filter: (client_id = 25586)
[0m
  [4;36;1mClient Load (0.7ms)[0m   [0;1mSELECT * FROM "users" WHERE ("users"."id" = 25586) AND ( ("users"."type" = 'Client' ) ) [0m
  [4;35;1mAnalyzing Client Load Execution Time: 0.001426

[0m   [0mIndex Scan using users_pkey on users  (cost=0.00..8.27 rows=1 width=574)
   Index Cond: (id = 25586)
   Filter: ((type)::text = 'Client'::text)
[0m
  [4;36;1mSQL (1.2ms)[0m   [0;1mSELECT count(*) AS count_all FROM "sizes" WHERE ("sizes".listing_id = 113291) [0m
  [4;35;1mAnalyzing  Execution Time: 0.001541

[0m   [0mAggregate  (cost=18.55..18.56 rows=1 width=0)
   ->  Bitmap Heap Scan on sizes  (cost=4.30..18.53 rows=7 width=0)
         Recheck Cond: (listing_id = 113291)
         ->  Bitmap Index Scan on index_sizes_on_listing_id_and_price  (cost=0.00..4.30 rows=7 width=0)
               Index Cond: (listing_id = 113291)
[0m
  [4;36;1mSQL (8.6ms)[0m   [0;1mSELECT count(*) AS count_all FROM "business_hours" WHERE ("business_hours".listing_id = 113291) [0m
  [4;35;1mAnalyzing  Execution Time: 0.010116

[0m   [0mAggregate  (cost=99.56..99.57 rows=1 width=0)
   ->  Seq Scan on business_hours  (cost=0.00..99.53 rows=13 width=0)
         Filter: (listing_id = 113291)
[0m
  [4;36;1mSQL (1.6ms)[0m   [0;1mSELECT count(*) AS count_all FROM "comments" WHERE ("comments".commentable_id = 113291 AND "comments".commentable_type = E'Listing') [0m
  [4;35;1mAnalyzing  Execution Time: 0.001963

[0m   [0mAggregate  (cost=10.91..10.92 rows=1 width=0)
   ->  Seq Scan on comments  (cost=0.00..10.90 rows=1 width=0)
         Filter: ((commentable_id = 113291) AND ((commentable_type)::text = 'Listing'::text))
[0m
  [4;36;1mPredefinedSpecial Load (1.2ms)[0m   [0;1mSELECT "predefined_specials".* FROM "predefined_specials" INNER JOIN "predef_special_assigns" ON "predefined_specials".id = "predef_special_assigns".predefined_special_id WHERE (("predef_special_assigns".listing_id = 113291)) [0m
  [4;35;1mAnalyzing PredefinedSpecial Load Execution Time: 0.00156

[0m   [0mNested Loop  (cost=0.00..10.27 rows=1 width=1092)
   ->  Seq Scan on predef_special_assigns  (cost=0.00..1.99 rows=1 width=4)
         Filter: (listing_id = 113291)
   ->  Index Scan using predefined_specials_pkey on predefined_specials  (cost=0.00..8.27 rows=1 width=1092)
         Index Cond: (predefined_specials.id = predef_special_assigns.predefined_special_id)
[0m
  [4;36;1mSQL (1.7ms)[0m   [0;1mSELECT count(*) AS count_all FROM "facility_features" INNER JOIN "listing_features" ON "facility_features".id = "listing_features".facility_feature_id WHERE (("listing_features".listing_id = 113291)) [0m
  [4;35;1mAnalyzing  Execution Time: 0.002616

[0m   [0mAggregate  (cost=51.87..51.88 rows=1 width=0)
   ->  Hash Join  (cost=12.93..51.85 rows=8 width=0)
         Hash Cond: (listing_features.facility_feature_id = facility_features.id)
         ->  Seq Scan on listing_features  (cost=0.00..38.81 rows=8 width=4)
               Filter: (listing_id = 113291)
         ->  Hash  (cost=11.30..11.30 rows=130 width=4)
               ->  Seq Scan on facility_features  (cost=0.00..11.30 rows=130 width=4)
[0m
  [4;36;1mCACHE (0.0ms)[0m   [0;1mSELECT count(*) AS count_all FROM "facility_features" INNER JOIN "listing_features" ON "facility_features".id = "listing_features".facility_feature_id WHERE (("listing_features".listing_id = 113291)) [0m
  [4;35;1mSQL (1.2ms)[0m   [0mSELECT count(*) AS count_all FROM "pictures" WHERE ("pictures".listing_id = 113291) [0m
  [4;36;1mAnalyzing  Execution Time: 0.001578

[0m   [0;1mAggregate  (cost=15.58..15.59 rows=1 width=0)
   ->  Seq Scan on pictures  (cost=0.00..15.57 rows=3 width=0)
         Filter: (listing_id = 113291)
[0m
Rendered listings/_listing (949.2ms)
  [4;35;1mMailingAddress Load (1.1ms)[0m   [0mSELECT * FROM "mailing_addresses" WHERE ("mailing_addresses".user_id = 25586) LIMIT 1[0m
  [4;36;1mAnalyzing MailingAddress Load Execution Time: 0.001552

[0m   [0;1mLimit  (cost=0.00..8.27 rows=1 width=106)
   ->  Index Scan using index_mailing_addresses_on_client_id_and_city_and_state on mailing_addresses  (cost=0.00..8.27 rows=1 width=106)
         Index Cond: (user_id = 25586)
[0m
Rendered clients/_owner_info (28.0ms)
  [4;35;1mUserHintPlacement Load (1.0ms)[0m   [0mSELECT * FROM "user_hint_placements" WHERE ("user_hint_placements".user_id = 25586) [0m
  [4;36;1mAnalyzing UserHintPlacement Load Execution Time: 0.00227

[0m   [0;1mIndex Scan using index_user_hint_placements_on_user_id on user_hint_placements  (cost=0.00..8.39 rows=8 width=33)
   Index Cond: (user_id = 25586)
[0m
  [4;35;1mAccountSetting Load (0.8ms)[0m   [0mSELECT * FROM "account_settings" WHERE ("account_settings".client_id = 25586) LIMIT 1[0m
  [4;36;1mAnalyzing AccountSetting Load Execution Time: 0.001079

[0m   [0;1mLimit  (cost=0.00..1.65 rows=1 width=80)
   ->  Seq Scan on account_settings  (cost=0.00..1.65 rows=1 width=80)
         Filter: (client_id = 25586)
[0m
Rendered clients/_settings (134.4ms)
  [4;35;1mSQL (6.9ms)[0m   [0mSELECT count(*) AS count_all FROM "user_stats" WHERE ("user_stats".user_id = 25586) [0m
  [4;36;1mAnalyzing  Execution Time: 0.007436

[0m   [0;1mAggregate  (cost=678.85..678.86 rows=1 width=0)
   ->  Seq Scan on user_stats  (cost=0.00..678.81 rows=14 width=0)
         Filter: (user_id = 25586)
[0m
  [4;35;1mUserStat Load (0.9ms)[0m   [0mSELECT * FROM "user_stats" WHERE ("user_stats".user_id = 25586) ORDER BY user_stats.id DESC LIMIT 1[0m
  [4;36;1mAnalyzing UserStat Load Execution Time: 0.001409

[0m   [0;1mLimit  (cost=0.00..64.69 rows=1 width=1370)
   ->  Index Scan Backward using user_stats_pkey on user_stats  (cost=0.00..905.65 rows=14 width=1370)
         Filter: (user_id = 25586)
[0m
Rendered user_stats/_user_stat (2.2ms)
Completed in 3211ms (View: 2550, DB: 87) | 200 OK [https://localhost/clients/25586]
** has_many_polymorphs: autoload hook invoked
** has_many_polymorphs: preloading parent model Block
** has_many_polymorphs: associating Block.models
  [4;35;1mSQL (0.2ms)[0m   [0mSET client_min_messages TO 'panic'[0m
  [4;36;1mSQL (0.4ms)[0m   [0;1mSET client_min_messages TO 'notice'[0m
** has_many_polymorphs: preloading parent model View
** has_many_polymorphs: associating View.models
  [4;35;1mSQL (0.2ms)[0m   [0mSET client_min_messages TO 'panic'[0m
  [4;36;1mSQL (0.1ms)[0m   [0;1mSET client_min_messages TO 'notice'[0m


Processing ClientsController#index (for 127.0.0.1 at 2011-04-26 18:06:43) [GET]
  Parameters: {"action"=>"index", "controller"=>"clients"}
  [4;35;1mUser Load (1.9ms)[0m   [0mSELECT * FROM "users" WHERE ("users"."id" = E'1') LIMIT 1[0m
  [4;36;1mAnalyzing User Load Execution Time: 0.002696

[0m   [0;1mLimit  (cost=0.00..8.27 rows=1 width=574)
   ->  Index Scan using users_pkey on users  (cost=0.00..8.27 rows=1 width=574)
         Index Cond: (id = 1)
[0m
  [4;35;1mSQL (4.0ms)[0m   [0mBEGIN[0m
  [4;36;1mUser Update (1.9ms)[0m   [0;1mUPDATE "users" SET "updated_at" = '2011-04-26 22:06:43.967339', "perishable_token" = E'C4bbYuBkfzFoNXvq01KE', "last_request_at" = '2011-04-26 22:06:43.960764' WHERE "id" = 1[0m
  [4;35;1mSQL (0.7ms)[0m   [0mCOMMIT[0m
  [4;36;1mRole Load (0.9ms)[0m   [0;1mSELECT * FROM "roles" WHERE ("roles"."id" = 1) [0m
  [4;35;1mAnalyzing Role Load Execution Time: 0.001453

[0m   [0mIndex Scan using roles_pkey on roles  (cost=0.00..8.27 rows=1 width=536)
   Index Cond: (id = 1)
[0m
  [4;36;1mClient Load (11.8ms)[0m   [0;1mSELECT * FROM "users" WHERE ("users"."status" = E'active') AND ( ("users"."type" = 'Client' ) ) ORDER BY created_at DESC LIMIT 20 OFFSET 0[0m
  [4;35;1mAnalyzing Client Load Execution Time: 0.019132

[0m   [0mLimit  (cost=34.49..34.54 rows=20 width=574)
   ->  Sort  (cost=34.49..35.15 rows=265 width=574)
         Sort Key: created_at
         ->  Seq Scan on users  (cost=0.00..27.44 rows=265 width=574)
               Filter: (((status)::text = 'active'::text) AND ((type)::text = 'Client'::text))
[0m
  [4;36;1mSQL (8.4ms)[0m   [0;1mSELECT count(*) AS count_all FROM "users" WHERE ("users"."status" = E'active') AND ( ("users"."type" = 'Client' ) ) [0m
  [4;35;1mAnalyzing  Execution Time: 0.008725

[0m   [0mAggregate  (cost=28.10..28.11 rows=1 width=0)
   ->  Seq Scan on users  (cost=0.00..27.44 rows=265 width=0)
         Filter: (((status)::text = 'active'::text) AND ((type)::text = 'Client'::text))
[0m
Rendering clients/index
  [4;36;1mSQL (12.4ms)[0m   [0;1mSELECT count(*) AS count_all FROM "users" WHERE ( ("users"."type" = 'Client' ) ) [0m
  [4;35;1mAnalyzing  Execution Time: 0.020942

[0m   [0mAggregate  (cost=27.42..27.43 rows=1 width=0)
   ->  Seq Scan on users  (cost=0.00..26.70 rows=288 width=0)
         Filter: ((type)::text = 'Client'::text)
[0m
  [4;36;1mSQL (5.1ms)[0m   [0;1mSELECT count(*) AS count_all FROM "users" WHERE (status != E'active') AND ( ("users"."type" = 'Client' ) ) [0m
  [4;35;1mAnalyzing  Execution Time: 0.006051

[0m   [0mAggregate  (cost=27.50..27.51 rows=1 width=0)
   ->  Seq Scan on users  (cost=0.00..27.44 rows=23 width=0)
         Filter: (((status)::text <> 'active'::text) AND ((type)::text = 'Client'::text))
[0m
  [4;36;1mCACHE (0.0ms)[0m   [0;1mSELECT count(*) AS count_all FROM "users" WHERE ("users"."status" = E'active') AND ( ("users"."type" = 'Client' ) ) [0m
  [4;35;1mHelptext Load (1.8ms)[0m   [0mSELECT * FROM "helptexts" WHERE ("helptexts"."model" = E'client') LIMIT 1[0m
  [4;36;1mAnalyzing Helptext Load Execution Time: 0.002174

[0m   [0;1mLimit  (cost=0.00..11.50 rows=1 width=601)
   ->  Seq Scan on helptexts  (cost=0.00..11.50 rows=1 width=601)
         Filter: ((model)::text = 'client'::text)
[0m
Rendered helptexts/_helptext (2.8ms)
Rendered shared/_model_new_back_buttons (3.5ms)
Rendered shared/_model_search (5.4ms)
Rendered menus/_view_type_links (6.7ms)
Rendered shared/_model_sort (2.6ms)
  [4;35;1mRole Load (0.5ms)[0m   [0mSELECT * FROM "roles" WHERE ("roles"."id" = 4) [0m
  [4;36;1mAnalyzing Role Load Execution Time: 0.000964

[0m   [0;1mIndex Scan using roles_pkey on roles  (cost=0.00..8.27 rows=1 width=536)
   Index Cond: (id = 4)
[0m
Rendered users/_user_info (28.3ms)
Rendered shared/_edit_delete_link (17.0ms)
  [4;35;1mSQL (3.5ms)[0m   [0mSELECT count(*) AS count_all FROM "listings" WHERE ("listings".user_id = 25586) [0m
  [4;36;1mAnalyzing  Execution Time: 0.003915

[0m   [0;1mAggregate  (cost=1615.81..1615.82 rows=1 width=0)
   ->  Index Scan using index_listings_on_id_and_user_id_and_title on listings  (cost=0.00..1615.79 rows=4 width=0)
         Index Cond: (user_id = 25586)
[0m
  [4;35;1mSQL (3.5ms)[0m   [0mSELECT count(*) AS count_all FROM "claimed_listings" WHERE ("claimed_listings".client_id = 25586) [0m
  [4;36;1mAnalyzing  Execution Time: 0.003925

[0m   [0;1mAggregate  (cost=27.27..27.28 rows=1 width=0)
   ->  Seq Scan on claimed_listings  (cost=0.00..27.25 rows=7 width=0)
         Filter: (client_id = 25586)
[0m
  [4;35;1mCACHE (0.0ms)[0m   [0mSELECT * FROM "roles" WHERE ("roles"."id" = 4) [0m
Rendered users/_user_info (23.0ms)
Rendered shared/_edit_delete_link (380.1ms)
  [4;36;1mSQL (2.4ms)[0m   [0;1mSELECT count(*) AS count_all FROM "listings" WHERE ("listings".user_id = 25584) [0m
  [4;35;1mAnalyzing  Execution Time: 0.002901

[0m   [0mAggregate  (cost=1615.81..1615.82 rows=1 width=0)
   ->  Index Scan using index_listings_on_id_and_user_id_and_title on listings  (cost=0.00..1615.79 rows=4 width=0)
         Index Cond: (user_id = 25584)
[0m
  [4;36;1mSQL (0.6ms)[0m   [0;1mSELECT count(*) AS count_all FROM "claimed_listings" WHERE ("claimed_listings".client_id = 25584) [0m
  [4;35;1mAnalyzing  Execution Time: 0.001213

[0m   [0mAggregate  (cost=27.27..27.28 rows=1 width=0)
   ->  Seq Scan on claimed_listings  (cost=0.00..27.25 rows=7 width=0)
         Filter: (client_id = 25584)
[0m
  [4;36;1mCACHE (0.0ms)[0m   [0;1mSELECT * FROM "roles" WHERE ("roles"."id" = 4) [0m
Rendered users/_user_info (23.3ms)
Rendered shared/_edit_delete_link (7.2ms)
  [4;35;1mSQL (2.7ms)[0m   [0mSELECT count(*) AS count_all FROM "listings" WHERE ("listings".user_id = 25583) [0m
  [4;36;1mAnalyzing  Execution Time: 0.00309

[0m   [0;1mAggregate  (cost=1615.81..1615.82 rows=1 width=0)
   ->  Index Scan using index_listings_on_id_and_user_id_and_title on listings  (cost=0.00..1615.79 rows=4 width=0)
         Index Cond: (user_id = 25583)
[0m
  [4;35;1mSQL (0.5ms)[0m   [0mSELECT count(*) AS count_all FROM "claimed_listings" WHERE ("claimed_listings".client_id = 25583) [0m
  [4;36;1mAnalyzing  Execution Time: 0.001482

[0m   [0;1mAggregate  (cost=27.27..27.28 rows=1 width=0)
   ->  Seq Scan on claimed_listings  (cost=0.00..27.25 rows=7 width=0)
         Filter: (client_id = 25583)
[0m
  [4;35;1mCACHE (0.0ms)[0m   [0mSELECT * FROM "roles" WHERE ("roles"."id" = 4) [0m
Rendered users/_user_info (28.0ms)
Rendered shared/_edit_delete_link (11.0ms)
  [4;36;1mSQL (5.0ms)[0m   [0;1mSELECT count(*) AS count_all FROM "listings" WHERE ("listings".user_id = 25582) [0m
  [4;35;1mAnalyzing  Execution Time: 0.00541

[0m   [0mAggregate  (cost=1615.81..1615.82 rows=1 width=0)
   ->  Index Scan using index_listings_on_id_and_user_id_and_title on listings  (cost=0.00..1615.79 rows=4 width=0)
         Index Cond: (user_id = 25582)
[0m
  [4;36;1mSQL (0.5ms)[0m   [0;1mSELECT count(*) AS count_all FROM "claimed_listings" WHERE ("claimed_listings".client_id = 25582) [0m
  [4;35;1mAnalyzing  Execution Time: 0.000786

[0m   [0mAggregate  (cost=27.27..27.28 rows=1 width=0)
   ->  Seq Scan on claimed_listings  (cost=0.00..27.25 rows=7 width=0)
         Filter: (client_id = 25582)
[0m
  [4;36;1mCACHE (0.0ms)[0m   [0;1mSELECT * FROM "roles" WHERE ("roles"."id" = 4) [0m
Rendered users/_user_info (23.7ms)
Rendered shared/_edit_delete_link (9.3ms)
  [4;35;1mSQL (2.7ms)[0m   [0mSELECT count(*) AS count_all FROM "listings" WHERE ("listings".user_id = 25581) [0m
  [4;36;1mAnalyzing  Execution Time: 0.003132

[0m   [0;1mAggregate  (cost=1615.81..1615.82 rows=1 width=0)
   ->  Index Scan using index_listings_on_id_and_user_id_and_title on listings  (cost=0.00..1615.79 rows=4 width=0)
         Index Cond: (user_id = 25581)
[0m
  [4;35;1mSQL (0.4ms)[0m   [0mSELECT count(*) AS count_all FROM "claimed_listings" WHERE ("claimed_listings".client_id = 25581) [0m
  [4;36;1mAnalyzing  Execution Time: 0.000794

[0m   [0;1mAggregate  (cost=27.27..27.28 rows=1 width=0)
   ->  Seq Scan on claimed_listings  (cost=0.00..27.25 rows=7 width=0)
         Filter: (client_id = 25581)
[0m
  [4;35;1mCACHE (0.0ms)[0m   [0mSELECT * FROM "roles" WHERE ("roles"."id" = 4) [0m
Rendered users/_user_info (64.2ms)
Rendered shared/_edit_delete_link (7.3ms)
  [4;36;1mSQL (3.2ms)[0m   [0;1mSELECT count(*) AS count_all FROM "listings" WHERE ("listings".user_id = 25580) [0m
  [4;35;1mAnalyzing  Execution Time: 0.003611

[0m   [0mAggregate  (cost=1615.81..1615.82 rows=1 width=0)
   ->  Index Scan using index_listings_on_id_and_user_id_and_title on listings  (cost=0.00..1615.79 rows=4 width=0)
         Index Cond: (user_id = 25580)
[0m
  [4;36;1mSQL (0.4ms)[0m   [0;1mSELECT count(*) AS count_all FROM "claimed_listings" WHERE ("claimed_listings".client_id = 25580) [0m
  [4;35;1mAnalyzing  Execution Time: 0.000896

[0m   [0mAggregate  (cost=27.27..27.28 rows=1 width=0)
   ->  Seq Scan on claimed_listings  (cost=0.00..27.25 rows=7 width=0)
         Filter: (client_id = 25580)
[0m
  [4;36;1mCACHE (0.0ms)[0m   [0;1mSELECT * FROM "roles" WHERE ("roles"."id" = 4) [0m
Rendered users/_user_info (23.1ms)
Rendered shared/_edit_delete_link (46.4ms)
  [4;35;1mSQL (2.4ms)[0m   [0mSELECT count(*) AS count_all FROM "listings" WHERE ("listings".user_id = 25579) [0m
  [4;36;1mAnalyzing  Execution Time: 0.002885

[0m   [0;1mAggregate  (cost=1615.81..1615.82 rows=1 width=0)
   ->  Index Scan using index_listings_on_id_and_user_id_and_title on listings  (cost=0.00..1615.79 rows=4 width=0)
         Index Cond: (user_id = 25579)
[0m
  [4;35;1mSQL (1.2ms)[0m   [0mSELECT count(*) AS count_all FROM "claimed_listings" WHERE ("claimed_listings".client_id = 25579) [0m
  [4;36;1mAnalyzing  Execution Time: 0.001819

[0m   [0;1mAggregate  (cost=27.27..27.28 rows=1 width=0)
   ->  Seq Scan on claimed_listings  (cost=0.00..27.25 rows=7 width=0)
         Filter: (client_id = 25579)
[0m
  [4;35;1mCACHE (0.0ms)[0m   [0mSELECT * FROM "roles" WHERE ("roles"."id" = 4) [0m
Rendered users/_user_info (21.9ms)
Rendered shared/_edit_delete_link (10.0ms)
  [4;36;1mSQL (3.0ms)[0m   [0;1mSELECT count(*) AS count_all FROM "listings" WHERE ("listings".user_id = 25577) [0m
  [4;35;1mAnalyzing  Execution Time: 0.008483

[0m   [0mAggregate  (cost=1615.81..1615.82 rows=1 width=0)
   ->  Index Scan using index_listings_on_id_and_user_id_and_title on listings  (cost=0.00..1615.79 rows=4 width=0)
         Index Cond: (user_id = 25577)
[0m
  [4;36;1mSQL (0.4ms)[0m   [0;1mSELECT count(*) AS count_all FROM "claimed_listings" WHERE ("claimed_listings".client_id = 25577) [0m
  [4;35;1mAnalyzing  Execution Time: 0.000815

[0m   [0mAggregate  (cost=27.27..27.28 rows=1 width=0)
   ->  Seq Scan on claimed_listings  (cost=0.00..27.25 rows=7 width=0)
         Filter: (client_id = 25577)
[0m
  [4;36;1mCACHE (0.0ms)[0m   [0;1mSELECT * FROM "roles" WHERE ("roles"."id" = 4) [0m
Rendered users/_user_info (17.9ms)
Rendered shared/_edit_delete_link (20.1ms)
  [4;35;1mSQL (2.2ms)[0m   [0mSELECT count(*) AS count_all FROM "listings" WHERE ("listings".user_id = 25575) [0m
  [4;36;1mAnalyzing  Execution Time: 0.00262

[0m   [0;1mAggregate  (cost=1615.81..1615.82 rows=1 width=0)
   ->  Index Scan using index_listings_on_id_and_user_id_and_title on listings  (cost=0.00..1615.79 rows=4 width=0)
         Index Cond: (user_id = 25575)
[0m
  [4;35;1mSQL (0.4ms)[0m   [0mSELECT count(*) AS count_all FROM "claimed_listings" WHERE ("claimed_listings".client_id = 25575) [0m
  [4;36;1mAnalyzing  Execution Time: 0.000716

[0m   [0;1mAggregate  (cost=27.27..27.28 rows=1 width=0)
   ->  Seq Scan on claimed_listings  (cost=0.00..27.25 rows=7 width=0)
         Filter: (client_id = 25575)
[0m
  [4;35;1mCACHE (0.0ms)[0m   [0mSELECT * FROM "roles" WHERE ("roles"."id" = 4) [0m
Rendered users/_user_info (21.0ms)
Rendered shared/_edit_delete_link (5.4ms)
  [4;36;1mSQL (2.3ms)[0m   [0;1mSELECT count(*) AS count_all FROM "listings" WHERE ("listings".user_id = 25573) [0m
  [4;35;1mAnalyzing  Execution Time: 0.002889

[0m   [0mAggregate  (cost=1615.81..1615.82 rows=1 width=0)
   ->  Index Scan using index_listings_on_id_and_user_id_and_title on listings  (cost=0.00..1615.79 rows=4 width=0)
         Index Cond: (user_id = 25573)
[0m
  [4;36;1mSQL (0.5ms)[0m   [0;1mSELECT count(*) AS count_all FROM "claimed_listings" WHERE ("claimed_listings".client_id = 25573) [0m
  [4;35;1mAnalyzing  Execution Time: 0.000941

[0m   [0mAggregate  (cost=27.27..27.28 rows=1 width=0)
   ->  Seq Scan on claimed_listings  (cost=0.00..27.25 rows=7 width=0)
         Filter: (client_id = 25573)
[0m
  [4;36;1mCACHE (0.0ms)[0m   [0;1mSELECT * FROM "roles" WHERE ("roles"."id" = 4) [0m
Rendered users/_user_info (30.6ms)
Rendered shared/_edit_delete_link (10.2ms)
  [4;35;1mSQL (10.5ms)[0m   [0mSELECT count(*) AS count_all FROM "listings" WHERE ("listings".user_id = 25571) [0m
  [4;36;1mAnalyzing  Execution Time: 0.010914

[0m   [0;1mAggregate  (cost=1615.81..1615.82 rows=1 width=0)
   ->  Index Scan using index_listings_on_id_and_user_id_and_title on listings  (cost=0.00..1615.79 rows=4 width=0)
         Index Cond: (user_id = 25571)
[0m
  [4;35;1mSQL (0.5ms)[0m   [0mSELECT count(*) AS count_all FROM "claimed_listings" WHERE ("claimed_listings".client_id = 25571) [0m
  [4;36;1mAnalyzing  Execution Time: 0.0009

[0m   [0;1mAggregate  (cost=27.27..27.28 rows=1 width=0)
   ->  Seq Scan on claimed_listings  (cost=0.00..27.25 rows=7 width=0)
         Filter: (client_id = 25571)
[0m
  [4;35;1mCACHE (0.0ms)[0m   [0mSELECT * FROM "roles" WHERE ("roles"."id" = 4) [0m
Rendered users/_user_info (22.0ms)
Rendered shared/_edit_delete_link (10.0ms)
  [4;36;1mSQL (14.3ms)[0m   [0;1mSELECT count(*) AS count_all FROM "listings" WHERE ("listings".user_id = 25570) [0m
  [4;35;1mAnalyzing  Execution Time: 0.01488

[0m   [0mAggregate  (cost=1615.81..1615.82 rows=1 width=0)
   ->  Index Scan using index_listings_on_id_and_user_id_and_title on listings  (cost=0.00..1615.79 rows=4 width=0)
         Index Cond: (user_id = 25570)
[0m
  [4;36;1mSQL (0.4ms)[0m   [0;1mSELECT count(*) AS count_all FROM "claimed_listings" WHERE ("claimed_listings".client_id = 25570) [0m
  [4;35;1mAnalyzing  Execution Time: 0.000767

[0m   [0mAggregate  (cost=27.27..27.28 rows=1 width=0)
   ->  Seq Scan on claimed_listings  (cost=0.00..27.25 rows=7 width=0)
         Filter: (client_id = 25570)
[0m
  [4;36;1mCACHE (0.0ms)[0m   [0;1mSELECT * FROM "roles" WHERE ("roles"."id" = 4) [0m
Rendered users/_user_info (21.5ms)
Rendered shared/_edit_delete_link (5.8ms)
  [4;35;1mSQL (2.9ms)[0m   [0mSELECT count(*) AS count_all FROM "listings" WHERE ("listings".user_id = 25567) [0m
  [4;36;1mAnalyzing  Execution Time: 0.003352

[0m   [0;1mAggregate  (cost=1615.81..1615.82 rows=1 width=0)
   ->  Index Scan using index_listings_on_id_and_user_id_and_title on listings  (cost=0.00..1615.79 rows=4 width=0)
         Index Cond: (user_id = 25567)
[0m
  [4;35;1mSQL (0.4ms)[0m   [0mSELECT count(*) AS count_all FROM "claimed_listings" WHERE ("claimed_listings".client_id = 25567) [0m
  [4;36;1mAnalyzing  Execution Time: 0.000767

[0m   [0;1mAggregate  (cost=27.27..27.28 rows=1 width=0)
   ->  Seq Scan on claimed_listings  (cost=0.00..27.25 rows=7 width=0)
         Filter: (client_id = 25567)
[0m
  [4;35;1mCACHE (0.0ms)[0m   [0mSELECT * FROM "roles" WHERE ("roles"."id" = 4) [0m
Rendered users/_user_info (17.2ms)
Rendered shared/_edit_delete_link (10.6ms)
  [4;36;1mSQL (3.5ms)[0m   [0;1mSELECT count(*) AS count_all FROM "listings" WHERE ("listings".user_id = 25565) [0m
  [4;35;1mAnalyzing  Execution Time: 0.003922

[0m   [0mAggregate  (cost=1615.81..1615.82 rows=1 width=0)
   ->  Index Scan using index_listings_on_id_and_user_id_and_title on listings  (cost=0.00..1615.79 rows=4 width=0)
         Index Cond: (user_id = 25565)
[0m
  [4;36;1mSQL (0.5ms)[0m   [0;1mSELECT count(*) AS count_all FROM "claimed_listings" WHERE ("claimed_listings".client_id = 25565) [0m
  [4;35;1mAnalyzing  Execution Time: 0.000903

[0m   [0mAggregate  (cost=27.27..27.28 rows=1 width=0)
   ->  Seq Scan on claimed_listings  (cost=0.00..27.25 rows=7 width=0)
         Filter: (client_id = 25565)
[0m
  [4;36;1mCACHE (0.0ms)[0m   [0;1mSELECT * FROM "roles" WHERE ("roles"."id" = 4) [0m
Rendered users/_user_info (88.2ms)
Rendered shared/_edit_delete_link (6.4ms)
  [4;35;1mSQL (14.2ms)[0m   [0mSELECT count(*) AS count_all FROM "listings" WHERE ("listings".user_id = 25564) [0m
  [4;36;1mAnalyzing  Execution Time: 0.01455

[0m   [0;1mAggregate  (cost=1615.81..1615.82 rows=1 width=0)
   ->  Index Scan using index_listings_on_id_and_user_id_and_title on listings  (cost=0.00..1615.79 rows=4 width=0)
         Index Cond: (user_id = 25564)
[0m
  [4;35;1mSQL (2.7ms)[0m   [0mSELECT count(*) AS count_all FROM "claimed_listings" WHERE ("claimed_listings".client_id = 25564) [0m
  [4;36;1mAnalyzing  Execution Time: 0.003546

[0m   [0;1mAggregate  (cost=27.27..27.28 rows=1 width=0)
   ->  Seq Scan on claimed_listings  (cost=0.00..27.25 rows=7 width=0)
         Filter: (client_id = 25564)
[0m
  [4;35;1mCACHE (0.0ms)[0m   [0mSELECT * FROM "roles" WHERE ("roles"."id" = 4) [0m
Rendered users/_user_info (502.2ms)
Rendered shared/_edit_delete_link (8.5ms)
  [4;36;1mSQL (2.6ms)[0m   [0;1mSELECT count(*) AS count_all FROM "listings" WHERE ("listings".user_id = 25563) [0m
  [4;35;1mAnalyzing  Execution Time: 0.003094

[0m   [0mAggregate  (cost=1615.81..1615.82 rows=1 width=0)
   ->  Index Scan using index_listings_on_id_and_user_id_and_title on listings  (cost=0.00..1615.79 rows=4 width=0)
         Index Cond: (user_id = 25563)
[0m
  [4;36;1mSQL (0.7ms)[0m   [0;1mSELECT count(*) AS count_all FROM "claimed_listings" WHERE ("claimed_listings".client_id = 25563) [0m
  [4;35;1mAnalyzing  Execution Time: 0.001073

[0m   [0mAggregate  (cost=27.27..27.28 rows=1 width=0)
   ->  Seq Scan on claimed_listings  (cost=0.00..27.25 rows=7 width=0)
         Filter: (client_id = 25563)
[0m
  [4;36;1mCACHE (0.0ms)[0m   [0;1mSELECT * FROM "roles" WHERE ("roles"."id" = 4) [0m
Rendered users/_user_info (43.9ms)
Rendered shared/_edit_delete_link (23.9ms)
  [4;35;1mSQL (8.2ms)[0m   [0mSELECT count(*) AS count_all FROM "listings" WHERE ("listings".user_id = 25562) [0m
  [4;36;1mAnalyzing  Execution Time: 0.008583

[0m   [0;1mAggregate  (cost=1615.81..1615.82 rows=1 width=0)
   ->  Index Scan using index_listings_on_id_and_user_id_and_title on listings  (cost=0.00..1615.79 rows=4 width=0)
         Index Cond: (user_id = 25562)
[0m
  [4;35;1mSQL (2.2ms)[0m   [0mSELECT count(*) AS count_all FROM "claimed_listings" WHERE ("claimed_listings".client_id = 25562) [0m
  [4;36;1mAnalyzing  Execution Time: 0.002675

[0m   [0;1mAggregate  (cost=27.27..27.28 rows=1 width=0)
   ->  Seq Scan on claimed_listings  (cost=0.00..27.25 rows=7 width=0)
         Filter: (client_id = 25562)
[0m
  [4;35;1mCACHE (0.0ms)[0m   [0mSELECT * FROM "roles" WHERE ("roles"."id" = 4) [0m
Rendered users/_user_info (71.7ms)
Rendered shared/_edit_delete_link (7.6ms)
  [4;36;1mSQL (4.2ms)[0m   [0;1mSELECT count(*) AS count_all FROM "listings" WHERE ("listings".user_id = 25560) [0m
  [4;35;1mAnalyzing  Execution Time: 0.004659

[0m   [0mAggregate  (cost=1615.81..1615.82 rows=1 width=0)
   ->  Index Scan using index_listings_on_id_and_user_id_and_title on listings  (cost=0.00..1615.79 rows=4 width=0)
         Index Cond: (user_id = 25560)
[0m
  [4;36;1mSQL (0.5ms)[0m   [0;1mSELECT count(*) AS count_all FROM "claimed_listings" WHERE ("claimed_listings".client_id = 25560) [0m
  [4;35;1mAnalyzing  Execution Time: 0.000977

[0m   [0mAggregate  (cost=27.27..27.28 rows=1 width=0)
   ->  Seq Scan on claimed_listings  (cost=0.00..27.25 rows=7 width=0)
         Filter: (client_id = 25560)
[0m
  [4;36;1mCACHE (0.0ms)[0m   [0;1mSELECT * FROM "roles" WHERE ("roles"."id" = 4) [0m
Rendered users/_user_info (22.0ms)
Rendered shared/_edit_delete_link (6.7ms)
  [4;35;1mSQL (3.1ms)[0m   [0mSELECT count(*) AS count_all FROM "listings" WHERE ("listings".user_id = 25559) [0m
  [4;36;1mAnalyzing  Execution Time: 0.003481

[0m   [0;1mAggregate  (cost=1615.81..1615.82 rows=1 width=0)
   ->  Index Scan using index_listings_on_id_and_user_id_and_title on listings  (cost=0.00..1615.79 rows=4 width=0)
         Index Cond: (user_id = 25559)
[0m
  [4;35;1mSQL (0.4ms)[0m   [0mSELECT count(*) AS count_all FROM "claimed_listings" WHERE ("claimed_listings".client_id = 25559) [0m
  [4;36;1mAnalyzing  Execution Time: 0.000886

[0m   [0;1mAggregate  (cost=27.27..27.28 rows=1 width=0)
   ->  Seq Scan on claimed_listings  (cost=0.00..27.25 rows=7 width=0)
         Filter: (client_id = 25559)
[0m
  [4;35;1mCACHE (0.0ms)[0m   [0mSELECT * FROM "roles" WHERE ("roles"."id" = 4) [0m
Rendered users/_user_info (38.3ms)
Rendered shared/_edit_delete_link (10.1ms)
  [4;36;1mSQL (2.3ms)[0m   [0;1mSELECT count(*) AS count_all FROM "listings" WHERE ("listings".user_id = 25558) [0m
  [4;35;1mAnalyzing  Execution Time: 0.002636

[0m   [0mAggregate  (cost=1615.81..1615.82 rows=1 width=0)
   ->  Index Scan using index_listings_on_id_and_user_id_and_title on listings  (cost=0.00..1615.79 rows=4 width=0)
         Index Cond: (user_id = 25558)
[0m
  [4;36;1mSQL (0.4ms)[0m   [0;1mSELECT count(*) AS count_all FROM "claimed_listings" WHERE ("claimed_listings".client_id = 25558) [0m
  [4;35;1mAnalyzing  Execution Time: 0.00076

[0m   [0mAggregate  (cost=27.27..27.28 rows=1 width=0)
   ->  Seq Scan on claimed_listings  (cost=0.00..27.25 rows=7 width=0)
         Filter: (client_id = 25558)
[0m
Rendered views/_paginate (9.6ms)
Rendered views/partials/_users (3256.3ms)
Rendered shared/_base_model_index (3283.6ms)
Rendered shared/_model_index (3366.1ms)
Completed in 4000ms (View: 3186, DB: 227) | 200 OK [https://localhost/clients]
** has_many_polymorphs: autoload hook invoked
** has_many_polymorphs: preloading parent model Block
** has_many_polymorphs: associating Block.models
  [4;36;1mSQL (0.3ms)[0m   [0;1mSET client_min_messages TO 'panic'[0m
  [4;35;1mSQL (0.5ms)[0m   [0mSET client_min_messages TO 'notice'[0m
** has_many_polymorphs: preloading parent model View
** has_many_polymorphs: associating View.models
  [4;36;1mSQL (0.2ms)[0m   [0;1mSET client_min_messages TO 'panic'[0m
  [4;35;1mSQL (0.1ms)[0m   [0mSET client_min_messages TO 'notice'[0m


Processing ClientsController#show (for 127.0.0.1 at 2011-04-26 18:06:59) [GET]
  Parameters: {"action"=>"show", "id"=>"25586", "controller"=>"clients"}
  [4;36;1mUser Load (2.2ms)[0m   [0;1mSELECT * FROM "users" WHERE ("users"."id" = E'1') LIMIT 1[0m
  [4;35;1mAnalyzing User Load Execution Time: 0.003082

[0m   [0mLimit  (cost=0.00..8.27 rows=1 width=574)
   ->  Index Scan using users_pkey on users  (cost=0.00..8.27 rows=1 width=574)
         Index Cond: (id = 1)
[0m
  [4;36;1mSQL (1.7ms)[0m   [0;1mBEGIN[0m
  [4;35;1mUser Update (2.3ms)[0m   [0mUPDATE "users" SET "updated_at" = '2011-04-26 22:06:59.407862', "perishable_token" = E'Vf7KvMkvz7KwaeK7QytM', "last_request_at" = '2011-04-26 22:06:59.398753' WHERE "id" = 1[0m
  [4;36;1mSQL (0.6ms)[0m   [0;1mCOMMIT[0m
  [4;35;1mRole Load (1.2ms)[0m   [0mSELECT * FROM "roles" WHERE ("roles"."id" = 1) [0m
  [4;36;1mAnalyzing Role Load Execution Time: 0.00177

[0m   [0;1mIndex Scan using roles_pkey on roles  (cost=0.00..8.27 rows=1 width=536)
   Index Cond: (id = 1)
[0m
  [4;35;1mClient Load (1.2ms)[0m   [0mSELECT * FROM "users" WHERE ("users"."id" = 25586) AND ( ("users"."type" = 'Client' ) ) LIMIT 1[0m
  [4;36;1mAnalyzing Client Load Execution Time: 0.002513

[0m   [0;1mLimit  (cost=0.00..8.27 rows=1 width=574)
   ->  Index Scan using users_pkey on users  (cost=0.00..8.27 rows=1 width=574)
         Index Cond: (id = 25586)
         Filter: ((type)::text = 'Client'::text)
[0m
Rendering clients/show
  [4;35;1mUser Load (0.7ms)[0m   [0mSELECT * FROM "users" WHERE ("users"."id" = 25586) [0m
  [4;36;1mAnalyzing User Load Execution Time: 0.001496

[0m   [0;1mIndex Scan using users_pkey on users  (cost=0.00..8.27 rows=1 width=574)
   Index Cond: (id = 25586)
[0m
  [4;35;1mSQL (4.2ms)[0m   [0mSELECT count(*) AS count_all FROM "listings" WHERE ("listings".user_id = 25586 AND (enabled IS TRUE)) [0m
  [4;36;1mAnalyzing  Execution Time: 0.005801

[0m   [0;1mAggregate  (cost=1615.81..1615.82 rows=1 width=0)
   ->  Index Scan using index_listings_on_id_and_user_id_and_title on listings  (cost=0.00..1615.79 rows=4 width=0)
         Index Cond: (user_id = 25586)
         Filter: (enabled IS TRUE)
[0m
  [4;35;1mListing Load (2.8ms)[0m   [0mSELECT * FROM "listings" WHERE ("listings".user_id = 25586) [0m
  [4;36;1mAnalyzing Listing Load Execution Time: 0.008806

[0m   [0;1mIndex Scan using index_listings_on_id_and_user_id_and_title on listings  (cost=0.00..1615.79 rows=4 width=1172)
   Index Cond: (user_id = 25586)
[0m
  [4;35;1mFacilityInfo Load (1.3ms)[0m   [0mSELECT * FROM "facility_infos" WHERE ("facility_infos".listing_id = 113291) LIMIT 1[0m
  [4;36;1mAnalyzing FacilityInfo Load Execution Time: 0.001675

[0m   [0;1mLimit  (cost=0.00..10.00 rows=1 width=8362)
   ->  Seq Scan on facility_infos  (cost=0.00..10.00 rows=1 width=8362)
         Filter: (listing_id = 113291)
[0m
  [4;35;1mRole Load (0.4ms)[0m   [0mSELECT * FROM "roles" WHERE ("roles"."id" = 4) [0m
  [4;36;1mAnalyzing Role Load Execution Time: 0.000772

[0m   [0;1mIndex Scan using roles_pkey on roles  (cost=0.00..8.27 rows=1 width=536)
   Index Cond: (id = 4)
[0m
Rendered users/_user_info (24.3ms)
Rendered notes/_form (3.0ms)
  [4;35;1mNote Load (0.9ms)[0m   [0mSELECT * FROM "notes" WHERE ("notes".user_id = 25586) [0m
  [4;36;1mAnalyzing Note Load Execution Time: 0.001318

[0m   [0;1mSeq Scan on notes  (cost=0.00..11.62 rows=1 width=576)
   Filter: (user_id = 25586)
[0m
  [4;35;1mUser Load (0.5ms)[0m   [0mSELECT * FROM "users" WHERE ("users"."id" = 1) [0m
  [4;36;1mAnalyzing User Load Execution Time: 0.001275

[0m   [0;1mIndex Scan using users_pkey on users  (cost=0.00..8.27 rows=1 width=574)
   Index Cond: (id = 1)
[0m
Rendered notes/_note (5.1ms)
Rendered notes/_client_notes (34.7ms)
  [4;35;1mSQL (0.5ms)[0m   [0mSELECT count(*) AS count_all FROM "claimed_listings" WHERE ("claimed_listings".client_id = 25586) [0m
  [4;36;1mAnalyzing  Execution Time: 0.000782

[0m   [0;1mAggregate  (cost=27.27..27.28 rows=1 width=0)
   ->  Seq Scan on claimed_listings  (cost=0.00..27.25 rows=7 width=0)
         Filter: (client_id = 25586)
[0m
  [4;35;1mClient Load (0.7ms)[0m   [0mSELECT * FROM "users" WHERE ("users"."id" = 25586) AND ( ("users"."type" = 'Client' ) ) [0m
  [4;36;1mAnalyzing Client Load Execution Time: 0.001504

[0m   [0;1mIndex Scan using users_pkey on users  (cost=0.00..8.27 rows=1 width=574)
   Index Cond: (id = 25586)
   Filter: ((type)::text = 'Client'::text)
[0m
  [4;35;1mSQL (0.9ms)[0m   [0mSELECT count(*) AS count_all FROM "sizes" WHERE ("sizes".listing_id = 113291) [0m
  [4;36;1mAnalyzing  Execution Time: 0.001225

[0m   [0;1mAggregate  (cost=18.55..18.56 rows=1 width=0)
   ->  Bitmap Heap Scan on sizes  (cost=4.30..18.53 rows=7 width=0)
         Recheck Cond: (listing_id = 113291)
         ->  Bitmap Index Scan on index_sizes_on_listing_id_and_price  (cost=0.00..4.30 rows=7 width=0)
               Index Cond: (listing_id = 113291)
[0m
  [4;35;1mSQL (2.6ms)[0m   [0mSELECT count(*) AS count_all FROM "business_hours" WHERE ("business_hours".listing_id = 113291) [0m
  [4;36;1mAnalyzing  Execution Time: 0.002967

[0m   [0;1mAggregate  (cost=99.56..99.57 rows=1 width=0)
   ->  Seq Scan on business_hours  (cost=0.00..99.53 rows=13 width=0)
         Filter: (listing_id = 113291)
[0m
  [4;35;1mSQL (0.9ms)[0m   [0mSELECT count(*) AS count_all FROM "comments" WHERE ("comments".commentable_id = 113291 AND "comments".commentable_type = E'Listing') [0m
  [4;36;1mAnalyzing  Execution Time: 0.001245

[0m   [0;1mAggregate  (cost=10.91..10.92 rows=1 width=0)
   ->  Seq Scan on comments  (cost=0.00..10.90 rows=1 width=0)
         Filter: ((commentable_id = 113291) AND ((commentable_type)::text = 'Listing'::text))
[0m
  [4;35;1mPredefinedSpecial Load (1.4ms)[0m   [0mSELECT "predefined_specials".* FROM "predefined_specials" INNER JOIN "predef_special_assigns" ON "predefined_specials".id = "predef_special_assigns".predefined_special_id WHERE (("predef_special_assigns".listing_id = 113291)) [0m
  [4;36;1mAnalyzing PredefinedSpecial Load Execution Time: 0.001791

[0m   [0;1mNested Loop  (cost=0.00..10.27 rows=1 width=1092)
   ->  Seq Scan on predef_special_assigns  (cost=0.00..1.99 rows=1 width=4)
         Filter: (listing_id = 113291)
   ->  Index Scan using predefined_specials_pkey on predefined_specials  (cost=0.00..8.27 rows=1 width=1092)
         Index Cond: (predefined_specials.id = predef_special_assigns.predefined_special_id)
[0m
  [4;35;1mSQL (1.8ms)[0m   [0mSELECT count(*) AS count_all FROM "facility_features" INNER JOIN "listing_features" ON "facility_features".id = "listing_features".facility_feature_id WHERE (("listing_features".listing_id = 113291)) [0m
  [4;36;1mAnalyzing  Execution Time: 0.002234

[0m   [0;1mAggregate  (cost=51.87..51.88 rows=1 width=0)
   ->  Hash Join  (cost=12.93..51.85 rows=8 width=0)
         Hash Cond: (listing_features.facility_feature_id = facility_features.id)
         ->  Seq Scan on listing_features  (cost=0.00..38.81 rows=8 width=4)
               Filter: (listing_id = 113291)
         ->  Hash  (cost=11.30..11.30 rows=130 width=4)
               ->  Seq Scan on facility_features  (cost=0.00..11.30 rows=130 width=4)
[0m
  [4;35;1mCACHE (0.0ms)[0m   [0mSELECT count(*) AS count_all FROM "facility_features" INNER JOIN "listing_features" ON "facility_features".id = "listing_features".facility_feature_id WHERE (("listing_features".listing_id = 113291)) [0m
  [4;36;1mSQL (1.0ms)[0m   [0;1mSELECT count(*) AS count_all FROM "pictures" WHERE ("pictures".listing_id = 113291) [0m
  [4;35;1mAnalyzing  Execution Time: 0.001884

[0m   [0mAggregate  (cost=15.58..15.59 rows=1 width=0)
   ->  Seq Scan on pictures  (cost=0.00..15.57 rows=3 width=0)
         Filter: (listing_id = 113291)
[0m
Rendered listings/_listing (457.2ms)
  [4;36;1mMailingAddress Load (1.2ms)[0m   [0;1mSELECT * FROM "mailing_addresses" WHERE ("mailing_addresses".user_id = 25586) LIMIT 1[0m
  [4;35;1mAnalyzing MailingAddress Load Execution Time: 0.001843

[0m   [0mLimit  (cost=0.00..8.27 rows=1 width=106)
   ->  Index Scan using index_mailing_addresses_on_client_id_and_city_and_state on mailing_addresses  (cost=0.00..8.27 rows=1 width=106)
         Index Cond: (user_id = 25586)
[0m
Rendered clients/_owner_info (27.4ms)
  [4;36;1mUserHintPlacement Load (0.8ms)[0m   [0;1mSELECT * FROM "user_hint_placements" WHERE ("user_hint_placements".user_id = 25586) [0m
  [4;35;1mAnalyzing UserHintPlacement Load Execution Time: 0.001965

[0m   [0mIndex Scan using index_user_hint_placements_on_user_id on user_hint_placements  (cost=0.00..8.39 rows=8 width=33)
   Index Cond: (user_id = 25586)
[0m
  [4;36;1mAccountSetting Load (0.8ms)[0m   [0;1mSELECT * FROM "account_settings" WHERE ("account_settings".client_id = 25586) LIMIT 1[0m
  [4;35;1mAnalyzing AccountSetting Load Execution Time: 0.254155

[0m   [0mLimit  (cost=0.00..1.65 rows=1 width=80)
   ->  Seq Scan on account_settings  (cost=0.00..1.65 rows=1 width=80)
         Filter: (client_id = 25586)
[0m
Rendered clients/_settings (354.0ms)
  [4;36;1mSQL (7.2ms)[0m   [0;1mSELECT count(*) AS count_all FROM "user_stats" WHERE ("user_stats".user_id = 25586) [0m
  [4;35;1mAnalyzing  Execution Time: 0.007537

[0m   [0mAggregate  (cost=678.85..678.86 rows=1 width=0)
   ->  Seq Scan on user_stats  (cost=0.00..678.81 rows=14 width=0)
         Filter: (user_id = 25586)
[0m
  [4;36;1mUserStat Load (0.9ms)[0m   [0;1mSELECT * FROM "user_stats" WHERE ("user_stats".user_id = 25586) ORDER BY user_stats.id DESC LIMIT 1[0m
  [4;35;1mAnalyzing UserStat Load Execution Time: 0.001393

[0m   [0mLimit  (cost=0.00..64.69 rows=1 width=1370)
   ->  Index Scan Backward using user_stats_pkey on user_stats  (cost=0.00..905.65 rows=14 width=1370)
         Filter: (user_id = 25586)
[0m
Rendered user_stats/_user_stat (2.8ms)
Completed in 1973ms (View: 1722, DB: 58) | 200 OK [https://localhost/clients/25586]
** has_many_polymorphs: autoload hook invoked
** has_many_polymorphs: preloading parent model Block
** has_many_polymorphs: associating Block.models
  [4;36;1mSQL (0.2ms)[0m   [0;1mSET client_min_messages TO 'panic'[0m
  [4;35;1mSQL (0.1ms)[0m   [0mSET client_min_messages TO 'notice'[0m
** has_many_polymorphs: preloading parent model View
** has_many_polymorphs: associating View.models
  [4;36;1mSQL (0.1ms)[0m   [0;1mSET client_min_messages TO 'panic'[0m
  [4;35;1mSQL (0.1ms)[0m   [0mSET client_min_messages TO 'notice'[0m


Processing NotesController#create (for 127.0.0.1 at 2011-04-26 18:09:36) [POST]
  Parameters: {"action"=>"create", "authenticity_token"=>"dX3RjIMB5BpQweTBexUE9J4Vs3U8uecIJoR6lE05MKY=", "client_id"=>"25586", "note"=>{"content"=>"just another freaking note for this bee"}, "controller"=>"notes"}
  [4;36;1mUser Load (1.7ms)[0m   [0;1mSELECT * FROM "users" WHERE ("users"."id" = E'1') LIMIT 1[0m
  [4;35;1mAnalyzing User Load Execution Time: 0.002412

[0m   [0mLimit  (cost=0.00..8.27 rows=1 width=574)
   ->  Index Scan using users_pkey on users  (cost=0.00..8.27 rows=1 width=574)
         Index Cond: (id = 1)
[0m
  [4;36;1mSQL (0.2ms)[0m   [0;1mBEGIN[0m
  [4;35;1mUser Update (1.0ms)[0m   [0mUPDATE "users" SET "updated_at" = '2011-04-26 22:09:36.272560', "perishable_token" = E'XMTZr6tTWKAQ2j33ySZ', "last_request_at" = '2011-04-26 22:09:36.269566' WHERE "id" = 1[0m
  [4;36;1mSQL (2.4ms)[0m   [0;1mCOMMIT[0m
  [4;35;1mRole Load (0.7ms)[0m   [0mSELECT * FROM "roles" WHERE ("roles"."id" = 1) [0m
  [4;36;1mAnalyzing Role Load Execution Time: 0.001032

[0m   [0;1mIndex Scan using roles_pkey on roles  (cost=0.00..8.27 rows=1 width=536)
   Index Cond: (id = 1)
[0m
  [4;35;1mClient Load (1.3ms)[0m   [0mSELECT * FROM "users" WHERE ("users"."id" = 25586) AND ( ("users"."type" = 'Client' ) ) [0m
  [4;36;1mAnalyzing Client Load Execution Time: 0.002086

[0m   [0;1mIndex Scan using users_pkey on users  (cost=0.00..8.27 rows=1 width=574)
   Index Cond: (id = 25586)
   Filter: ((type)::text = 'Client'::text)
[0m
  [4;35;1mSQL (0.2ms)[0m   [0mBEGIN[0m
  [4;36;1mSQL (0.8ms)[0m   [0;1mINSERT INTO "notes" ("created_at", "updated_at", "created_by", "user_id", "content", "status") VALUES('2011-04-26 22:09:36.710550', '2011-04-26 22:09:36.710550', 1, 25586, E'just another freaking note for this bee', NULL) RETURNING "id"[0m
  [4;35;1mSQL (0.6ms)[0m   [0mCOMMIT[0m
  [4;36;1mClient Load (0.7ms)[0m   [0;1mSELECT * FROM "users" WHERE ("users"."id" = 25586) AND ( ("users"."type" = 'Client' ) ) [0m
  [4;35;1mAnalyzing Client Load Execution Time: 0.001436

[0m   [0mIndex Scan using users_pkey on users  (cost=0.00..8.27 rows=1 width=574)
   Index Cond: (id = 25586)
   Filter: ((type)::text = 'Client'::text)
[0m
  [4;36;1mNote Load (1.0ms)[0m   [0;1mSELECT * FROM "notes" [0m
  [4;35;1mAnalyzing Note Load Execution Time: 0.001538

[0m   [0mSeq Scan on notes  (cost=0.00..11.30 rows=130 width=576)
[0m
Redirected to https://localhost/clients/25586/edit
Completed in 635ms (DB: 13) | 302 Found [https://localhost/clients/25586/notes]
** has_many_polymorphs: autoload hook invoked
** has_many_polymorphs: preloading parent model Block
** has_many_polymorphs: associating Block.models
  [4;36;1mSQL (0.2ms)[0m   [0;1mSET client_min_messages TO 'panic'[0m
  [4;35;1mSQL (0.1ms)[0m   [0mSET client_min_messages TO 'notice'[0m
** has_many_polymorphs: preloading parent model View
** has_many_polymorphs: associating View.models
  [4;36;1mSQL (0.2ms)[0m   [0;1mSET client_min_messages TO 'panic'[0m
  [4;35;1mSQL (0.1ms)[0m   [0mSET client_min_messages TO 'notice'[0m


Processing ClientsController#edit (for 127.0.0.1 at 2011-04-26 18:09:38) [GET]
  Parameters: {"action"=>"edit", "id"=>"25586", "controller"=>"clients"}
  [4;36;1mUser Load (3.3ms)[0m   [0;1mSELECT * FROM "users" WHERE ("users"."id" = E'1') LIMIT 1[0m
  [4;35;1mAnalyzing User Load Execution Time: 0.004159

[0m   [0mLimit  (cost=0.00..8.27 rows=1 width=574)
   ->  Index Scan using users_pkey on users  (cost=0.00..8.27 rows=1 width=574)
         Index Cond: (id = 1)
[0m
  [4;36;1mSQL (0.2ms)[0m   [0;1mBEGIN[0m
  [4;35;1mUser Update (2.2ms)[0m   [0mUPDATE "users" SET "updated_at" = '2011-04-26 22:09:39.005157', "perishable_token" = E'wx1i3cGa1fxQwkpd4E5S', "last_request_at" = '2011-04-26 22:09:39.002716' WHERE "id" = 1[0m
  [4;36;1mSQL (0.6ms)[0m   [0;1mCOMMIT[0m
  [4;35;1mRole Load (0.9ms)[0m   [0mSELECT * FROM "roles" WHERE ("roles"."id" = 1) [0m
  [4;36;1mAnalyzing Role Load Execution Time: 0.001366

[0m   [0;1mIndex Scan using roles_pkey on roles  (cost=0.00..8.27 rows=1 width=536)
   Index Cond: (id = 1)
[0m
  [4;35;1mClient Load (11.9ms)[0m   [0mSELECT * FROM "users" WHERE ("users"."id" = E'25586') AND ( ("users"."type" = 'Client' ) ) LIMIT 1[0m
  [4;36;1mAnalyzing Client Load Execution Time: 0.012688

[0m   [0;1mLimit  (cost=0.00..8.27 rows=1 width=574)
   ->  Index Scan using users_pkey on users  (cost=0.00..8.27 rows=1 width=574)
         Index Cond: (id = 25586)
         Filter: ((type)::text = 'Client'::text)
[0m
  [4;35;1mListing Load (5.3ms)[0m   [0mSELECT * FROM "listings" WHERE ("listings".user_id = 25586 AND (enabled IS TRUE)) ORDER BY id DESC LIMIT 10 OFFSET 0[0m
  [4;36;1mAnalyzing Listing Load Execution Time: 0.006348

[0m   [0;1mLimit  (cost=0.00..1615.79 rows=4 width=1172)
   ->  Index Scan Backward using index_listings_on_id_and_user_id_and_title on listings  (cost=0.00..1615.79 rows=4 width=1172)
         Index Cond: (user_id = 25586)
         Filter: (enabled IS TRUE)
[0m
  [4;35;1mAccountSetting Load (1.2ms)[0m   [0mSELECT * FROM "account_settings" WHERE ("account_settings".client_id = 25586) LIMIT 1[0m
  [4;36;1mAnalyzing AccountSetting Load Execution Time: 0.001459

[0m   [0;1mLimit  (cost=0.00..1.65 rows=1 width=80)
   ->  Seq Scan on account_settings  (cost=0.00..1.65 rows=1 width=80)
         Filter: (client_id = 25586)
[0m
Rendering template within layouts/storagelocator
Rendering clients/edit
  [4;35;1mBlock Load (1.1ms)[0m   [0mSELECT * FROM "blocks" WHERE ("blocks"."show_in_all" = E'header') [0m
  [4;36;1mAnalyzing Block Load Execution Time: 0.001446

[0m   [0;1mSeq Scan on blocks  (cost=0.00..10.25 rows=1 width=3188)
   Filter: ((show_in_all)::text = 'header'::text)
[0m
  [4;35;1mBlock Load (0.5ms)[0m   [0mSELECT * FROM "blocks" WHERE ("blocks"."restful_region" = E'header') [0m
  [4;36;1mAnalyzing Block Load Execution Time: 0.000799

[0m   [0;1mSeq Scan on blocks  (cost=0.00..10.25 rows=1 width=3188)
   Filter: ((restful_region)::text = 'header'::text)
[0m
  [4;35;1mBlock Load (0.5ms)[0m   [0mSELECT * FROM "blocks" WHERE ("blocks"."show_in_all" = E'content_bottom') [0m
  [4;36;1mAnalyzing Block Load Execution Time: 0.000774

[0m   [0;1mSeq Scan on blocks  (cost=0.00..10.25 rows=1 width=3188)
   Filter: ((show_in_all)::text = 'content_bottom'::text)
[0m
  [4;35;1mBlock Load (0.6ms)[0m   [0mSELECT * FROM "blocks" WHERE ("blocks"."restful_region" = E'content_bottom') [0m
  [4;36;1mAnalyzing Block Load Execution Time: 0.003415

[0m   [0;1mSeq Scan on blocks  (cost=0.00..10.25 rows=1 width=3188)
   Filter: ((restful_region)::text = 'content_bottom'::text)
[0m
  [4;35;1mBlocksModel Load (5.6ms)[0m   [0mSELECT 'Block' AS polymorphic_parent_class, 'models' AS polymorphic_association_id, blocks_models.block_id AS t0_r3, blocks_models.created_at AS t0_r4, blocks_models.enabled AS t0_r7, blocks_models.id AS t0_r0, blocks_models.model_id AS t0_r1, blocks_models.model_type AS t0_r2, blocks_models.place AS t0_r6, blocks_models.position AS t0_r9, blocks_models.show_title AS t0_r8, blocks_models.updated_at AS t0_r5, links.created_at AS t1_r4, links.group_id AS t1_r6, links.id AS t1_r0, links.path AS t1_r2, links.relative AS t1_r3, links.resource AS t1_r7, links.target_id AS t1_r8, links.title AS t1_r1, links.updated_at AS t1_r5, pages.content AS t2_r7, pages.created_at AS t2_r4, pages.description AS t2_r8, pages.id AS t2_r0, pages.meta_desc AS t2_r13, pages.parent_id AS t2_r2, pages.position AS t2_r10, pages.process_erb AS t2_r11, pages.show_in_nav AS t2_r6, pages.show_title AS t2_r9, pages.title AS t2_r1, pages.updated_at AS t2_r5, pages.url AS t2_r3, pages.use_placeholders AS t2_r12, posts.comments_count AS t3_r7, posts.comments_enabled AS t3_r8, posts.content AS t3_r2, posts.created_at AS t3_r5, posts.id AS t3_r0, posts.impressions_count AS t3_r10, posts.position AS t3_r9, posts.published AS t3_r4, posts.rating_average AS t3_r11, posts.title AS t3_r1, posts.type AS t3_r12, posts.updated_at AS t3_r6, posts.user_id AS t3_r3 FROM "blocks_models" JOIN "blocks" AS polymorphic_parent ON "blocks_models".block_id = polymorphic_parent.id LEFT JOIN "pages" ON "blocks_models".model_id = "pages".id AND "blocks_models".model_type = E'Page' LEFT JOIN "posts" ON "blocks_models".model_id = "posts".id AND "blocks_models".model_type = E'Post' LEFT JOIN "links" ON "blocks_models".model_id = "links".id AND "blocks_models".model_type = E'Link' WHERE (("blocks_models".block_id = 33)) [0m
  [4;36;1mAnalyzing BlocksModel Load Execution Time: 0.006296

[0m   [0;1mHash Left Join  (cost=32.98..61.21 rows=8 width=3443)
   Hash Cond: (blocks_models.model_id = links.id)
   Join Filter: ((blocks_models.model_type)::text = 'Link'::text)
   ->  Nested Loop  (cost=21.86..49.96 rows=8 width=1866)
         ->  Index Scan using index_blocks_on_id_and_title_and_show_in_all_and_restful_region on blocks polymorphic_parent  (cost=0.00..8.27 rows=1 width=4)
               Index Cond: (id = 33)
         ->  Hash Left Join  (cost=21.86..41.61 rows=8 width=1866)
               Hash Cond: (blocks_models.model_id = pages.id)
               Join Filter: ((blocks_models.model_type)::text = 'Page'::text)
               ->  Hash Left Join  (cost=10.51..30.13 rows=8 width=706)
                     Hash Cond: (blocks_models.model_id = posts.id)
                     Join Filter: ((blocks_models.model_type)::text = 'Post'::text)
                     ->  Bitmap Heap Scan on blocks_models  (cost=4.31..23.81 rows=8 width=41)
                           Recheck Cond: (block_id = 33)
                           ->  Bitmap Index Scan on index_blocks_models_on_block_id_and_model_id_and_model_type  (cost=0.00..4.31 rows=8 width=0)
                                 Index Cond: (block_id = 33)
                     ->  Hash  (cost=5.53..5.53 rows=53 width=665)
                           ->  Seq Scan on posts  (cost=0.00..5.53 rows=53 width=665)
               ->  Hash  (cost=10.60..10.60 rows=60 width=1160)
                     ->  Seq Scan on pages  (cost=0.00..10.60 rows=60 width=1160)
   ->  Hash  (cost=10.50..10.50 rows=50 width=1577)
         ->  Seq Scan on links  (cost=0.00..10.50 rows=50 width=1577)
[0m
Rendered shared/_model_options (58.5ms)
Rendered clients/_account_nav (4.0ms)
  [4;35;1mSQL (1.8ms)[0m   [0mSELECT count(*) AS count_all FROM "views" INNER JOIN "models_views" ON "views".id = "models_views".view_id WHERE (("models_views".model_type = E'Block') AND ("models_views".model_id = 33)) [0m
  [4;36;1mAnalyzing  Execution Time: 0.00312

[0m   [0;1mAggregate  (cost=16.56..16.57 rows=1 width=0)
   ->  Nested Loop  (cost=0.00..16.55 rows=1 width=0)
         ->  Index Scan using index_models_views_on_model_id_and_view_id_and_model_type on models_views  (cost=0.00..8.27 rows=1 width=4)
               Index Cond: ((model_id = 33) AND ((model_type)::text = 'Block'::text))
         ->  Index Scan using views_pkey on views  (cost=0.00..8.27 rows=1 width=4)
               Index Cond: (views.id = models_views.view_id)
[0m
  [4;35;1mSQL (2.1ms)[0m   [0mSELECT count(*) AS count_all FROM "forms" INNER JOIN "block_forms" ON "forms".id = "block_forms".form_id WHERE (("block_forms".block_id = 33)) [0m
  [4;36;1mAnalyzing  Execution Time: 0.002615

[0m   [0;1mAggregate  (cost=24.33..24.34 rows=1 width=0)
   ->  Hash Join  (cost=13.84..24.31 rows=6 width=0)
         Hash Cond: (forms.id = block_forms.form_id)
         ->  Seq Scan on forms  (cost=0.00..10.30 rows=30 width=4)
         ->  Hash  (cost=13.76..13.76 rows=6 width=4)
               ->  Bitmap Heap Scan on block_forms  (cost=4.30..13.76 rows=6 width=4)
                     Recheck Cond: (block_id = 33)
                     ->  Bitmap Index Scan on index_block_forms_on_block_id_and_form_id  (cost=0.00..4.30 rows=6 width=0)
                           Index Cond: (block_id = 33)
[0m
Rendered blocks/_block (564.7ms)
  [4;35;1mBlocksModel Load (2.5ms)[0m   [0mSELECT 'Block' AS polymorphic_parent_class, 'models' AS polymorphic_association_id, blocks_models.block_id AS t0_r3, blocks_models.created_at AS t0_r4, blocks_models.enabled AS t0_r7, blocks_models.id AS t0_r0, blocks_models.model_id AS t0_r1, blocks_models.model_type AS t0_r2, blocks_models.place AS t0_r6, blocks_models.position AS t0_r9, blocks_models.show_title AS t0_r8, blocks_models.updated_at AS t0_r5, links.created_at AS t1_r4, links.group_id AS t1_r6, links.id AS t1_r0, links.path AS t1_r2, links.relative AS t1_r3, links.resource AS t1_r7, links.target_id AS t1_r8, links.title AS t1_r1, links.updated_at AS t1_r5, pages.content AS t2_r7, pages.created_at AS t2_r4, pages.description AS t2_r8, pages.id AS t2_r0, pages.meta_desc AS t2_r13, pages.parent_id AS t2_r2, pages.position AS t2_r10, pages.process_erb AS t2_r11, pages.show_in_nav AS t2_r6, pages.show_title AS t2_r9, pages.title AS t2_r1, pages.updated_at AS t2_r5, pages.url AS t2_r3, pages.use_placeholders AS t2_r12, posts.comments_count AS t3_r7, posts.comments_enabled AS t3_r8, posts.content AS t3_r2, posts.created_at AS t3_r5, posts.id AS t3_r0, posts.impressions_count AS t3_r10, posts.position AS t3_r9, posts.published AS t3_r4, posts.rating_average AS t3_r11, posts.title AS t3_r1, posts.type AS t3_r12, posts.updated_at AS t3_r6, posts.user_id AS t3_r3 FROM "blocks_models" JOIN "blocks" AS polymorphic_parent ON "blocks_models".block_id = polymorphic_parent.id LEFT JOIN "pages" ON "blocks_models".model_id = "pages".id AND "blocks_models".model_type = E'Page' LEFT JOIN "posts" ON "blocks_models".model_id = "posts".id AND "blocks_models".model_type = E'Post' LEFT JOIN "links" ON "blocks_models".model_id = "links".id AND "blocks_models".model_type = E'Link' WHERE (("blocks_models".block_id = 34)) [0m
  [4;36;1mAnalyzing BlocksModel Load Execution Time: 0.003345

[0m   [0;1mHash Left Join  (cost=32.98..61.21 rows=8 width=3443)
   Hash Cond: (blocks_models.model_id = links.id)
   Join Filter: ((blocks_models.model_type)::text = 'Link'::text)
   ->  Nested Loop  (cost=21.86..49.96 rows=8 width=1866)
         ->  Index Scan using index_blocks_on_id_and_title_and_show_in_all_and_restful_region on blocks polymorphic_parent  (cost=0.00..8.27 rows=1 width=4)
               Index Cond: (id = 34)
         ->  Hash Left Join  (cost=21.86..41.61 rows=8 width=1866)
               Hash Cond: (blocks_models.model_id = pages.id)
               Join Filter: ((blocks_models.model_type)::text = 'Page'::text)
               ->  Hash Left Join  (cost=10.51..30.13 rows=8 width=706)
                     Hash Cond: (blocks_models.model_id = posts.id)
                     Join Filter: ((blocks_models.model_type)::text = 'Post'::text)
                     ->  Bitmap Heap Scan on blocks_models  (cost=4.31..23.81 rows=8 width=41)
                           Recheck Cond: (block_id = 34)
                           ->  Bitmap Index Scan on index_blocks_models_on_block_id_and_model_id_and_model_type  (cost=0.00..4.31 rows=8 width=0)
                                 Index Cond: (block_id = 34)
                     ->  Hash  (cost=5.53..5.53 rows=53 width=665)
                           ->  Seq Scan on posts  (cost=0.00..5.53 rows=53 width=665)
               ->  Hash  (cost=10.60..10.60 rows=60 width=1160)
                     ->  Seq Scan on pages  (cost=0.00..10.60 rows=60 width=1160)
   ->  Hash  (cost=10.50..10.50 rows=50 width=1577)
         ->  Seq Scan on links  (cost=0.00..10.50 rows=50 width=1577)
[0m
Rendered shared/_model_options (4.6ms)
  [4;35;1mTag Load (1.1ms)[0m   [0mSELECT * FROM "tags" WHERE (name LIKE E'client tip') [0m
  [4;36;1mAnalyzing Tag Load Execution Time: 0.001511

[0m   [0;1mSeq Scan on tags  (cost=0.00..2.41 rows=1 width=19)
   Filter: ((name)::text ~~ 'client tip'::text)
[0m
  [4;35;1mPost Load (2.0ms)[0m   [0mSELECT "posts".* FROM "posts" JOIN taggings posts_taggings_clienttip_120 ON posts_taggings_clienttip_120.taggable_id = posts.id AND posts_taggings_clienttip_120.taggable_type = E'Post' AND posts_taggings_clienttip_120.tag_id = 39 [0m
  [4;36;1mAnalyzing Post Load Execution Time: 0.002813

[0m   [0;1mHash Join  (cost=4.47..10.21 rows=1 width=665)
   Hash Cond: (posts.id = posts_taggings_clienttip_120.taggable_id)
   ->  Seq Scan on posts  (cost=0.00..5.53 rows=53 width=665)
   ->  Hash  (cost=4.46..4.46 rows=1 width=4)
         ->  Seq Scan on taggings posts_taggings_clienttip_120  (cost=0.00..4.46 rows=1 width=4)
               Filter: (((taggable_type)::text = 'Post'::text) AND (tag_id = 39))
[0m
  [4;35;1mSQL (0.7ms)[0m   [0mSELECT count(*) AS count_all FROM "views" INNER JOIN "models_views" ON "views".id = "models_views".view_id WHERE (("models_views".model_type = E'Block') AND ("models_views".model_id = 34)) [0m
  [4;36;1mAnalyzing  Execution Time: 0.001432

[0m   [0;1mAggregate  (cost=16.56..16.57 rows=1 width=0)
   ->  Nested Loop  (cost=0.00..16.55 rows=1 width=0)
         ->  Index Scan using index_models_views_on_model_id_and_view_id_and_model_type on models_views  (cost=0.00..8.27 rows=1 width=4)
               Index Cond: ((model_id = 34) AND ((model_type)::text = 'Block'::text))
         ->  Index Scan using views_pkey on views  (cost=0.00..8.27 rows=1 width=4)
               Index Cond: (views.id = models_views.view_id)
[0m
  [4;35;1mSQL (0.8ms)[0m   [0mSELECT count(*) AS count_all FROM "forms" INNER JOIN "block_forms" ON "forms".id = "block_forms".form_id WHERE (("block_forms".block_id = 34)) [0m
  [4;36;1mAnalyzing  Execution Time: 0.001243

[0m   [0;1mAggregate  (cost=24.33..24.34 rows=1 width=0)
   ->  Hash Join  (cost=13.84..24.31 rows=6 width=0)
         Hash Cond: (forms.id = block_forms.form_id)
         ->  Seq Scan on forms  (cost=0.00..10.30 rows=30 width=4)
         ->  Hash  (cost=13.76..13.76 rows=6 width=4)
               ->  Bitmap Heap Scan on block_forms  (cost=4.30..13.76 rows=6 width=4)
                     Recheck Cond: (block_id = 34)
                     ->  Bitmap Index Scan on index_block_forms_on_block_id_and_form_id  (cost=0.00..4.30 rows=6 width=0)
                           Index Cond: (block_id = 34)
[0m
Rendered blocks/_block (353.3ms)
  [4;35;1mBlocksModel Load (4.6ms)[0m   [0mSELECT 'Block' AS polymorphic_parent_class, 'models' AS polymorphic_association_id, blocks_models.block_id AS t0_r3, blocks_models.created_at AS t0_r4, blocks_models.enabled AS t0_r7, blocks_models.id AS t0_r0, blocks_models.model_id AS t0_r1, blocks_models.model_type AS t0_r2, blocks_models.place AS t0_r6, blocks_models.position AS t0_r9, blocks_models.show_title AS t0_r8, blocks_models.updated_at AS t0_r5, links.created_at AS t1_r4, links.group_id AS t1_r6, links.id AS t1_r0, links.path AS t1_r2, links.relative AS t1_r3, links.resource AS t1_r7, links.target_id AS t1_r8, links.title AS t1_r1, links.updated_at AS t1_r5, pages.content AS t2_r7, pages.created_at AS t2_r4, pages.description AS t2_r8, pages.id AS t2_r0, pages.meta_desc AS t2_r13, pages.parent_id AS t2_r2, pages.position AS t2_r10, pages.process_erb AS t2_r11, pages.show_in_nav AS t2_r6, pages.show_title AS t2_r9, pages.title AS t2_r1, pages.updated_at AS t2_r5, pages.url AS t2_r3, pages.use_placeholders AS t2_r12, posts.comments_count AS t3_r7, posts.comments_enabled AS t3_r8, posts.content AS t3_r2, posts.created_at AS t3_r5, posts.id AS t3_r0, posts.impressions_count AS t3_r10, posts.position AS t3_r9, posts.published AS t3_r4, posts.rating_average AS t3_r11, posts.title AS t3_r1, posts.type AS t3_r12, posts.updated_at AS t3_r6, posts.user_id AS t3_r3 FROM "blocks_models" JOIN "blocks" AS polymorphic_parent ON "blocks_models".block_id = polymorphic_parent.id LEFT JOIN "pages" ON "blocks_models".model_id = "pages".id AND "blocks_models".model_type = E'Page' LEFT JOIN "posts" ON "blocks_models".model_id = "posts".id AND "blocks_models".model_type = E'Post' LEFT JOIN "links" ON "blocks_models".model_id = "links".id AND "blocks_models".model_type = E'Link' WHERE (("blocks_models".block_id = 35)) [0m
  [4;36;1mAnalyzing BlocksModel Load Execution Time: 0.005619

[0m   [0;1mHash Left Join  (cost=32.98..61.21 rows=8 width=3443)
   Hash Cond: (blocks_models.model_id = links.id)
   Join Filter: ((blocks_models.model_type)::text = 'Link'::text)
   ->  Nested Loop  (cost=21.86..49.96 rows=8 width=1866)
         ->  Index Scan using index_blocks_on_id_and_title_and_show_in_all_and_restful_region on blocks polymorphic_parent  (cost=0.00..8.27 rows=1 width=4)
               Index Cond: (id = 35)
         ->  Hash Left Join  (cost=21.86..41.61 rows=8 width=1866)
               Hash Cond: (blocks_models.model_id = pages.id)
               Join Filter: ((blocks_models.model_type)::text = 'Page'::text)
               ->  Hash Left Join  (cost=10.51..30.13 rows=8 width=706)
                     Hash Cond: (blocks_models.model_id = posts.id)
                     Join Filter: ((blocks_models.model_type)::text = 'Post'::text)
                     ->  Bitmap Heap Scan on blocks_models  (cost=4.31..23.81 rows=8 width=41)
                           Recheck Cond: (block_id = 35)
                           ->  Bitmap Index Scan on index_blocks_models_on_block_id_and_model_id_and_model_type  (cost=0.00..4.31 rows=8 width=0)
                                 Index Cond: (block_id = 35)
                     ->  Hash  (cost=5.53..5.53 rows=53 width=665)
                           ->  Seq Scan on posts  (cost=0.00..5.53 rows=53 width=665)
               ->  Hash  (cost=10.60..10.60 rows=60 width=1160)
                     ->  Seq Scan on pages  (cost=0.00..10.60 rows=60 width=1160)
   ->  Hash  (cost=10.50..10.50 rows=50 width=1577)
         ->  Seq Scan on links  (cost=0.00..10.50 rows=50 width=1577)
[0m
Rendered shared/_model_options (5.2ms)
  [4;35;1mSQL (0.7ms)[0m   [0mSELECT count(*) AS count_all FROM "views" INNER JOIN "models_views" ON "views".id = "models_views".view_id WHERE (("models_views".model_type = E'Block') AND ("models_views".model_id = 35)) [0m
  [4;36;1mAnalyzing  Execution Time: 0.001146

[0m   [0;1mAggregate  (cost=16.56..16.57 rows=1 width=0)
   ->  Nested Loop  (cost=0.00..16.55 rows=1 width=0)
         ->  Index Scan using index_models_views_on_model_id_and_view_id_and_model_type on models_views  (cost=0.00..8.27 rows=1 width=4)
               Index Cond: ((model_id = 35) AND ((model_type)::text = 'Block'::text))
         ->  Index Scan using views_pkey on views  (cost=0.00..8.27 rows=1 width=4)
               Index Cond: (views.id = models_views.view_id)
[0m
  [4;35;1mSQL (59.0ms)[0m   [0mSELECT count(*) AS count_all FROM "forms" INNER JOIN "block_forms" ON "forms".id = "block_forms".form_id WHERE (("block_forms".block_id = 35)) [0m
  [4;36;1mAnalyzing  Execution Time: 0.059342

[0m   [0;1mAggregate  (cost=24.33..24.34 rows=1 width=0)
   ->  Hash Join  (cost=13.84..24.31 rows=6 width=0)
         Hash Cond: (forms.id = block_forms.form_id)
         ->  Seq Scan on forms  (cost=0.00..10.30 rows=30 width=4)
         ->  Hash  (cost=13.76..13.76 rows=6 width=4)
               ->  Bitmap Heap Scan on block_forms  (cost=4.30..13.76 rows=6 width=4)
                     Recheck Cond: (block_id = 35)
                     ->  Bitmap Index Scan on index_block_forms_on_block_id_and_form_id  (cost=0.00..4.30 rows=6 width=0)
                           Index Cond: (block_id = 35)
[0m
Rendered blocks/_block (87.3ms)
  [4;35;1mBlock Load (0.5ms)[0m   [0mSELECT * FROM "blocks" WHERE ("blocks"."show_in_all" = E'column_5') [0m
  [4;36;1mAnalyzing Block Load Execution Time: 0.000775

[0m   [0;1mSeq Scan on blocks  (cost=0.00..10.25 rows=1 width=3188)
   Filter: ((show_in_all)::text = 'column_5'::text)
[0m
  [4;35;1mBlock Load (0.5ms)[0m   [0mSELECT * FROM "blocks" WHERE ("blocks"."restful_region" = E'column_5') [0m
  [4;36;1mAnalyzing Block Load Execution Time: 0.00099

[0m   [0;1mSeq Scan on blocks  (cost=0.00..10.25 rows=1 width=3188)
   Filter: ((restful_region)::text = 'column_5'::text)
[0m
  [4;35;1mBlock Load (0.5ms)[0m   [0mSELECT * FROM "blocks" WHERE ("blocks"."show_in_all" = E'more_info') [0m
  [4;36;1mAnalyzing Block Load Execution Time: 0.000992

[0m   [0;1mSeq Scan on blocks  (cost=0.00..10.25 rows=1 width=3188)
   Filter: ((show_in_all)::text = 'more_info'::text)
[0m
  [4;35;1mBlock Load (0.4ms)[0m   [0mSELECT * FROM "blocks" WHERE ("blocks"."restful_region" = E'more_info') [0m
  [4;36;1mAnalyzing Block Load Execution Time: 0.000735

[0m   [0;1mSeq Scan on blocks  (cost=0.00..10.25 rows=1 width=3188)
   Filter: ((restful_region)::text = 'more_info'::text)
[0m
  [4;35;1mBlocksModel Load (3.1ms)[0m   [0mSELECT 'Block' AS polymorphic_parent_class, 'models' AS polymorphic_association_id, blocks_models.block_id AS t0_r3, blocks_models.created_at AS t0_r4, blocks_models.enabled AS t0_r7, blocks_models.id AS t0_r0, blocks_models.model_id AS t0_r1, blocks_models.model_type AS t0_r2, blocks_models.place AS t0_r6, blocks_models.position AS t0_r9, blocks_models.show_title AS t0_r8, blocks_models.updated_at AS t0_r5, links.created_at AS t1_r4, links.group_id AS t1_r6, links.id AS t1_r0, links.path AS t1_r2, links.relative AS t1_r3, links.resource AS t1_r7, links.target_id AS t1_r8, links.title AS t1_r1, links.updated_at AS t1_r5, pages.content AS t2_r7, pages.created_at AS t2_r4, pages.description AS t2_r8, pages.id AS t2_r0, pages.meta_desc AS t2_r13, pages.parent_id AS t2_r2, pages.position AS t2_r10, pages.process_erb AS t2_r11, pages.show_in_nav AS t2_r6, pages.show_title AS t2_r9, pages.title AS t2_r1, pages.updated_at AS t2_r5, pages.url AS t2_r3, pages.use_placeholders AS t2_r12, posts.comments_count AS t3_r7, posts.comments_enabled AS t3_r8, posts.content AS t3_r2, posts.created_at AS t3_r5, posts.id AS t3_r0, posts.impressions_count AS t3_r10, posts.position AS t3_r9, posts.published AS t3_r4, posts.rating_average AS t3_r11, posts.title AS t3_r1, posts.type AS t3_r12, posts.updated_at AS t3_r6, posts.user_id AS t3_r3 FROM "blocks_models" JOIN "blocks" AS polymorphic_parent ON "blocks_models".block_id = polymorphic_parent.id LEFT JOIN "pages" ON "blocks_models".model_id = "pages".id AND "blocks_models".model_type = E'Page' LEFT JOIN "posts" ON "blocks_models".model_id = "posts".id AND "blocks_models".model_type = E'Post' LEFT JOIN "links" ON "blocks_models".model_id = "links".id AND "blocks_models".model_type = E'Link' WHERE (("blocks_models".block_id = 51)) [0m
  [4;36;1mAnalyzing BlocksModel Load Execution Time: 0.003532

[0m   [0;1mHash Left Join  (cost=32.98..61.21 rows=8 width=3443)
   Hash Cond: (blocks_models.model_id = links.id)
   Join Filter: ((blocks_models.model_type)::text = 'Link'::text)
   ->  Nested Loop  (cost=21.86..49.96 rows=8 width=1866)
         ->  Index Scan using index_blocks_on_id_and_title_and_show_in_all_and_restful_region on blocks polymorphic_parent  (cost=0.00..8.27 rows=1 width=4)
               Index Cond: (id = 51)
         ->  Hash Left Join  (cost=21.86..41.61 rows=8 width=1866)
               Hash Cond: (blocks_models.model_id = pages.id)
               Join Filter: ((blocks_models.model_type)::text = 'Page'::text)
               ->  Hash Left Join  (cost=10.51..30.13 rows=8 width=706)
                     Hash Cond: (blocks_models.model_id = posts.id)
                     Join Filter: ((blocks_models.model_type)::text = 'Post'::text)
                     ->  Bitmap Heap Scan on blocks_models  (cost=4.31..23.81 rows=8 width=41)
                           Recheck Cond: (block_id = 51)
                           ->  Bitmap Index Scan on index_blocks_models_on_block_id_and_model_id_and_model_type  (cost=0.00..4.31 rows=8 width=0)
                                 Index Cond: (block_id = 51)
                     ->  Hash  (cost=5.53..5.53 rows=53 width=665)
                           ->  Seq Scan on posts  (cost=0.00..5.53 rows=53 width=665)
               ->  Hash  (cost=10.60..10.60 rows=60 width=1160)
                     ->  Seq Scan on pages  (cost=0.00..10.60 rows=60 width=1160)
   ->  Hash  (cost=10.50..10.50 rows=50 width=1577)
         ->  Seq Scan on links  (cost=0.00..10.50 rows=50 width=1577)
[0m
Rendered shared/_model_options (4.7ms)
  [4;35;1mSQL (0.7ms)[0m   [0mSELECT count(*) AS count_all FROM "views" INNER JOIN "models_views" ON "views".id = "models_views".view_id WHERE (("models_views".model_type = E'Block') AND ("models_views".model_id = 51)) [0m
  [4;36;1mAnalyzing  Execution Time: 0.00101

[0m   [0;1mAggregate  (cost=16.56..16.57 rows=1 width=0)
   ->  Nested Loop  (cost=0.00..16.55 rows=1 width=0)
         ->  Index Scan using index_models_views_on_model_id_and_view_id_and_model_type on models_views  (cost=0.00..8.27 rows=1 width=4)
               Index Cond: ((model_id = 51) AND ((model_type)::text = 'Block'::text))
         ->  Index Scan using views_pkey on views  (cost=0.00..8.27 rows=1 width=4)
               Index Cond: (views.id = models_views.view_id)
[0m
  [4;35;1mSQL (0.7ms)[0m   [0mSELECT count(*) AS count_all FROM "forms" INNER JOIN "block_forms" ON "forms".id = "block_forms".form_id WHERE (("block_forms".block_id = 51)) [0m
  [4;36;1mAnalyzing  Execution Time: 0.001025

[0m   [0;1mAggregate  (cost=24.33..24.34 rows=1 width=0)
   ->  Hash Join  (cost=13.84..24.31 rows=6 width=0)
         Hash Cond: (forms.id = block_forms.form_id)
         ->  Seq Scan on forms  (cost=0.00..10.30 rows=30 width=4)
         ->  Hash  (cost=13.76..13.76 rows=6 width=4)
               ->  Bitmap Heap Scan on block_forms  (cost=4.30..13.76 rows=6 width=4)
                     Recheck Cond: (block_id = 51)
                     ->  Bitmap Index Scan on index_block_forms_on_block_id_and_form_id  (cost=0.00..4.30 rows=6 width=0)
                           Index Cond: (block_id = 51)
[0m
Rendered blocks/_block (30.7ms)
  [4;35;1mBlock Load (16.2ms)[0m   [0mSELECT * FROM "blocks" WHERE ("blocks"."show_in_all" = E'footer') [0m
  [4;36;1mAnalyzing Block Load Execution Time: 0.016482

[0m   [0;1mSeq Scan on blocks  (cost=0.00..10.25 rows=1 width=3188)
   Filter: ((show_in_all)::text = 'footer'::text)
[0m
  [4;35;1mBlock Load (0.5ms)[0m   [0mSELECT * FROM "blocks" WHERE ("blocks"."restful_region" = E'footer') [0m
  [4;36;1mAnalyzing Block Load Execution Time: 0.001119

[0m   [0;1mSeq Scan on blocks  (cost=0.00..10.25 rows=1 width=3188)
   Filter: ((restful_region)::text = 'footer'::text)
[0m
  [4;35;1mBlocksModel Load (2.2ms)[0m   [0mSELECT 'Block' AS polymorphic_parent_class, 'models' AS polymorphic_association_id, blocks_models.block_id AS t0_r3, blocks_models.created_at AS t0_r4, blocks_models.enabled AS t0_r7, blocks_models.id AS t0_r0, blocks_models.model_id AS t0_r1, blocks_models.model_type AS t0_r2, blocks_models.place AS t0_r6, blocks_models.position AS t0_r9, blocks_models.show_title AS t0_r8, blocks_models.updated_at AS t0_r5, links.created_at AS t1_r4, links.group_id AS t1_r6, links.id AS t1_r0, links.path AS t1_r2, links.relative AS t1_r3, links.resource AS t1_r7, links.target_id AS t1_r8, links.title AS t1_r1, links.updated_at AS t1_r5, pages.content AS t2_r7, pages.created_at AS t2_r4, pages.description AS t2_r8, pages.id AS t2_r0, pages.meta_desc AS t2_r13, pages.parent_id AS t2_r2, pages.position AS t2_r10, pages.process_erb AS t2_r11, pages.show_in_nav AS t2_r6, pages.show_title AS t2_r9, pages.title AS t2_r1, pages.updated_at AS t2_r5, pages.url AS t2_r3, pages.use_placeholders AS t2_r12, posts.comments_count AS t3_r7, posts.comments_enabled AS t3_r8, posts.content AS t3_r2, posts.created_at AS t3_r5, posts.id AS t3_r0, posts.impressions_count AS t3_r10, posts.position AS t3_r9, posts.published AS t3_r4, posts.rating_average AS t3_r11, posts.title AS t3_r1, posts.type AS t3_r12, posts.updated_at AS t3_r6, posts.user_id AS t3_r3 FROM "blocks_models" JOIN "blocks" AS polymorphic_parent ON "blocks_models".block_id = polymorphic_parent.id LEFT JOIN "pages" ON "blocks_models".model_id = "pages".id AND "blocks_models".model_type = E'Page' LEFT JOIN "posts" ON "blocks_models".model_id = "posts".id AND "blocks_models".model_type = E'Post' LEFT JOIN "links" ON "blocks_models".model_id = "links".id AND "blocks_models".model_type = E'Link' WHERE (("blocks_models".block_id = 49)) [0m
  [4;36;1mAnalyzing BlocksModel Load Execution Time: 0.003159

[0m   [0;1mHash Left Join  (cost=32.98..61.21 rows=8 width=3443)
   Hash Cond: (blocks_models.model_id = links.id)
   Join Filter: ((blocks_models.model_type)::text = 'Link'::text)
   ->  Nested Loop  (cost=21.86..49.96 rows=8 width=1866)
         ->  Index Scan using index_blocks_on_id_and_title_and_show_in_all_and_restful_region on blocks polymorphic_parent  (cost=0.00..8.27 rows=1 width=4)
               Index Cond: (id = 49)
         ->  Hash Left Join  (cost=21.86..41.61 rows=8 width=1866)
               Hash Cond: (blocks_models.model_id = pages.id)
               Join Filter: ((blocks_models.model_type)::text = 'Page'::text)
               ->  Hash Left Join  (cost=10.51..30.13 rows=8 width=706)
                     Hash Cond: (blocks_models.model_id = posts.id)
                     Join Filter: ((blocks_models.model_type)::text = 'Post'::text)
                     ->  Bitmap Heap Scan on blocks_models  (cost=4.31..23.81 rows=8 width=41)
                           Recheck Cond: (block_id = 49)
                           ->  Bitmap Index Scan on index_blocks_models_on_block_id_and_model_id_and_model_type  (cost=0.00..4.31 rows=8 width=0)
                                 Index Cond: (block_id = 49)
                     ->  Hash  (cost=5.53..5.53 rows=53 width=665)
                           ->  Seq Scan on posts  (cost=0.00..5.53 rows=53 width=665)
               ->  Hash  (cost=10.60..10.60 rows=60 width=1160)
                     ->  Seq Scan on pages  (cost=0.00..10.60 rows=60 width=1160)
   ->  Hash  (cost=10.50..10.50 rows=50 width=1577)
         ->  Seq Scan on links  (cost=0.00..10.50 rows=50 width=1577)
[0m
Rendered shared/_model_options (4.4ms)
Rendered pages/_footer_bottom (0.5ms)
  [4;35;1mSQL (0.8ms)[0m   [0mSELECT count(*) AS count_all FROM "views" INNER JOIN "models_views" ON "views".id = "models_views".view_id WHERE (("models_views".model_type = E'Block') AND ("models_views".model_id = 49)) [0m
  [4;36;1mAnalyzing  Execution Time: 0.001258

[0m   [0;1mAggregate  (cost=16.56..16.57 rows=1 width=0)
   ->  Nested Loop  (cost=0.00..16.55 rows=1 width=0)
         ->  Index Scan using index_models_views_on_model_id_and_view_id_and_model_type on models_views  (cost=0.00..8.27 rows=1 width=4)
               Index Cond: ((model_id = 49) AND ((model_type)::text = 'Block'::text))
         ->  Index Scan using views_pkey on views  (cost=0.00..8.27 rows=1 width=4)
               Index Cond: (views.id = models_views.view_id)
[0m
  [4;35;1mSQL (0.6ms)[0m   [0mSELECT count(*) AS count_all FROM "forms" INNER JOIN "block_forms" ON "forms".id = "block_forms".form_id WHERE (("block_forms".block_id = 49)) [0m
  [4;36;1mAnalyzing  Execution Time: 0.001043

[0m   [0;1mAggregate  (cost=24.33..24.34 rows=1 width=0)
   ->  Hash Join  (cost=13.84..24.31 rows=6 width=0)
         Hash Cond: (forms.id = block_forms.form_id)
         ->  Seq Scan on forms  (cost=0.00..10.30 rows=30 width=4)
         ->  Hash  (cost=13.76..13.76 rows=6 width=4)
               ->  Bitmap Heap Scan on block_forms  (cost=4.30..13.76 rows=6 width=4)
                     Recheck Cond: (block_id = 49)
                     ->  Bitmap Index Scan on index_block_forms_on_block_id_and_form_id  (cost=0.00..4.30 rows=6 width=0)
                           Index Cond: (block_id = 49)
[0m
Rendered blocks/_block (35.7ms)
  [4;35;1mBlock Load (0.5ms)[0m   [0mSELECT * FROM "blocks" WHERE ("blocks"."show_in_all" = E'head_bar') [0m
  [4;36;1mAnalyzing Block Load Execution Time: 0.000738

[0m   [0;1mSeq Scan on blocks  (cost=0.00..10.25 rows=1 width=3188)
   Filter: ((show_in_all)::text = 'head_bar'::text)
[0m
  [4;35;1mBlock Load (0.9ms)[0m   [0mSELECT * FROM "blocks" WHERE ("blocks"."restful_region" = E'head_bar') [0m
  [4;36;1mAnalyzing Block Load Execution Time: 0.002864

[0m   [0;1mSeq Scan on blocks  (cost=0.00..10.25 rows=1 width=3188)
   Filter: ((restful_region)::text = 'head_bar'::text)
[0m
  [4;35;1mBlocksModel Load (3.5ms)[0m   [0mSELECT 'Block' AS polymorphic_parent_class, 'models' AS polymorphic_association_id, blocks_models.block_id AS t0_r3, blocks_models.created_at AS t0_r4, blocks_models.enabled AS t0_r7, blocks_models.id AS t0_r0, blocks_models.model_id AS t0_r1, blocks_models.model_type AS t0_r2, blocks_models.place AS t0_r6, blocks_models.position AS t0_r9, blocks_models.show_title AS t0_r8, blocks_models.updated_at AS t0_r5, links.created_at AS t1_r4, links.group_id AS t1_r6, links.id AS t1_r0, links.path AS t1_r2, links.relative AS t1_r3, links.resource AS t1_r7, links.target_id AS t1_r8, links.title AS t1_r1, links.updated_at AS t1_r5, pages.content AS t2_r7, pages.created_at AS t2_r4, pages.description AS t2_r8, pages.id AS t2_r0, pages.meta_desc AS t2_r13, pages.parent_id AS t2_r2, pages.position AS t2_r10, pages.process_erb AS t2_r11, pages.show_in_nav AS t2_r6, pages.show_title AS t2_r9, pages.title AS t2_r1, pages.updated_at AS t2_r5, pages.url AS t2_r3, pages.use_placeholders AS t2_r12, posts.comments_count AS t3_r7, posts.comments_enabled AS t3_r8, posts.content AS t3_r2, posts.created_at AS t3_r5, posts.id AS t3_r0, posts.impressions_count AS t3_r10, posts.position AS t3_r9, posts.published AS t3_r4, posts.rating_average AS t3_r11, posts.title AS t3_r1, posts.type AS t3_r12, posts.updated_at AS t3_r6, posts.user_id AS t3_r3 FROM "blocks_models" JOIN "blocks" AS polymorphic_parent ON "blocks_models".block_id = polymorphic_parent.id LEFT JOIN "pages" ON "blocks_models".model_id = "pages".id AND "blocks_models".model_type = E'Page' LEFT JOIN "posts" ON "blocks_models".model_id = "posts".id AND "blocks_models".model_type = E'Post' LEFT JOIN "links" ON "blocks_models".model_id = "links".id AND "blocks_models".model_type = E'Link' WHERE (("blocks_models".block_id = 55)) [0m
  [4;36;1mAnalyzing BlocksModel Load Execution Time: 0.004094

[0m   [0;1mHash Left Join  (cost=32.98..61.21 rows=8 width=3443)
   Hash Cond: (blocks_models.model_id = links.id)
   Join Filter: ((blocks_models.model_type)::text = 'Link'::text)
   ->  Nested Loop  (cost=21.86..49.96 rows=8 width=1866)
         ->  Index Scan using index_blocks_on_id_and_title_and_show_in_all_and_restful_region on blocks polymorphic_parent  (cost=0.00..8.27 rows=1 width=4)
               Index Cond: (id = 55)
         ->  Hash Left Join  (cost=21.86..41.61 rows=8 width=1866)
               Hash Cond: (blocks_models.model_id = pages.id)
               Join Filter: ((blocks_models.model_type)::text = 'Page'::text)
               ->  Hash Left Join  (cost=10.51..30.13 rows=8 width=706)
                     Hash Cond: (blocks_models.model_id = posts.id)
                     Join Filter: ((blocks_models.model_type)::text = 'Post'::text)
                     ->  Bitmap Heap Scan on blocks_models  (cost=4.31..23.81 rows=8 width=41)
                           Recheck Cond: (block_id = 55)
                           ->  Bitmap Index Scan on index_blocks_models_on_block_id_and_model_id_and_model_type  (cost=0.00..4.31 rows=8 width=0)
                                 Index Cond: (block_id = 55)
                     ->  Hash  (cost=5.53..5.53 rows=53 width=665)
                           ->  Seq Scan on posts  (cost=0.00..5.53 rows=53 width=665)
               ->  Hash  (cost=10.60..10.60 rows=60 width=1160)
                     ->  Seq Scan on pages  (cost=0.00..10.60 rows=60 width=1160)
   ->  Hash  (cost=10.50..10.50 rows=50 width=1577)
         ->  Seq Scan on links  (cost=0.00..10.50 rows=50 width=1577)
[0m
Rendered shared/_model_options (4.5ms)
  [4;35;1mSQL (0.7ms)[0m   [0mSELECT count(*) AS count_all FROM "views" INNER JOIN "models_views" ON "views".id = "models_views".view_id WHERE (("models_views".model_type = E'Block') AND ("models_views".model_id = 55)) [0m
  [4;36;1mAnalyzing  Execution Time: 0.001042

[0m   [0;1mAggregate  (cost=16.56..16.57 rows=1 width=0)
   ->  Nested Loop  (cost=0.00..16.55 rows=1 width=0)
         ->  Index Scan using index_models_views_on_model_id_and_view_id_and_model_type on models_views  (cost=0.00..8.27 rows=1 width=4)
               Index Cond: ((model_id = 55) AND ((model_type)::text = 'Block'::text))
         ->  Index Scan using views_pkey on views  (cost=0.00..8.27 rows=1 width=4)
               Index Cond: (views.id = models_views.view_id)
[0m
  [4;35;1mSQL (0.7ms)[0m   [0mSELECT count(*) AS count_all FROM "forms" INNER JOIN "block_forms" ON "forms".id = "block_forms".form_id WHERE (("block_forms".block_id = 55)) [0m
  [4;36;1mAnalyzing  Execution Time: 0.001253

[0m   [0;1mAggregate  (cost=24.33..24.34 rows=1 width=0)
   ->  Hash Join  (cost=13.84..24.31 rows=6 width=0)
         Hash Cond: (forms.id = block_forms.form_id)
         ->  Seq Scan on forms  (cost=0.00..10.30 rows=30 width=4)
         ->  Hash  (cost=13.76..13.76 rows=6 width=4)
               ->  Bitmap Heap Scan on block_forms  (cost=4.30..13.76 rows=6 width=4)
                     Recheck Cond: (block_id = 55)
                     ->  Bitmap Index Scan on index_block_forms_on_block_id_and_form_id  (cost=0.00..4.30 rows=6 width=0)
                           Index Cond: (block_id = 55)
[0m
Rendered blocks/_block (30.6ms)
  [4;35;1mSQL (4.6ms)[0m   [0mSELECT count(*) AS count_all FROM "listings" WHERE ("listings".user_id = 25586 AND (enabled IS TRUE)) [0m
  [4;36;1mAnalyzing  Execution Time: 0.005772

[0m   [0;1mAggregate  (cost=1615.81..1615.82 rows=1 width=0)
   ->  Index Scan using index_listings_on_id_and_user_id_and_title on listings  (cost=0.00..1615.79 rows=4 width=0)
         Index Cond: (user_id = 25586)
         Filter: (enabled IS TRUE)
[0m
  [4;35;1mListing Load (4.2ms)[0m   [0mSELECT * FROM "listings" WHERE ("listings".user_id = 25586) [0m
  [4;36;1mAnalyzing Listing Load Execution Time: 0.005158

[0m   [0;1mIndex Scan using index_listings_on_id_and_user_id_and_title on listings  (cost=0.00..1615.79 rows=4 width=1172)
   Index Cond: (user_id = 25586)
[0m
  [4;35;1mFacilityInfo Load (1.5ms)[0m   [0mSELECT * FROM "facility_infos" WHERE ("facility_infos".listing_id = 113291) LIMIT 1[0m
  [4;36;1mAnalyzing FacilityInfo Load Execution Time: 0.004989

[0m   [0;1mLimit  (cost=0.00..10.00 rows=1 width=8362)
   ->  Seq Scan on facility_infos  (cost=0.00..10.00 rows=1 width=8362)
         Filter: (listing_id = 113291)
[0m
  [4;35;1mUserHint Load (1.3ms)[0m   [0mSELECT "user_hints".* FROM "user_hints" INNER JOIN "user_hint_placements" ON "user_hints".id = "user_hint_placements".user_hint_id WHERE ("user_hints"."place" = E'reports') AND (("user_hint_placements".user_id = 1)) LIMIT 1[0m
  [4;36;1mAnalyzing UserHint Load Execution Time: 0.001571

[0m   [0;1mLimit  (cost=0.00..19.37 rows=1 width=1116)
   ->  Nested Loop  (cost=0.00..19.37 rows=1 width=1116)
         Join Filter: (user_hints.id = user_hint_placements.user_hint_id)
         ->  Seq Scan on user_hints  (cost=0.00..10.88 rows=1 width=1116)
               Filter: ((place)::text = 'reports'::text)
         ->  Index Scan using index_user_hint_placements_on_user_id on user_hint_placements  (cost=0.00..8.39 rows=8 width=4)
               Index Cond: (user_hint_placements.user_id = 1)
[0m
  [4;35;1mUserHint Load (0.8ms)[0m   [0mSELECT "user_hints".* FROM "user_hints" INNER JOIN "user_hint_placements" ON "user_hints".id = "user_hint_placements".user_hint_id WHERE ("user_hints"."place" = E'facilities') AND (("user_hint_placements".user_id = 1)) LIMIT 1[0m
  [4;36;1mAnalyzing UserHint Load Execution Time: 0.001074

[0m   [0;1mLimit  (cost=0.00..19.37 rows=1 width=1116)
   ->  Nested Loop  (cost=0.00..19.37 rows=1 width=1116)
         Join Filter: (user_hints.id = user_hint_placements.user_hint_id)
         ->  Seq Scan on user_hints  (cost=0.00..10.88 rows=1 width=1116)
               Filter: ((place)::text = 'facilities'::text)
         ->  Index Scan using index_user_hint_placements_on_user_id on user_hint_placements  (cost=0.00..8.39 rows=8 width=4)
               Index Cond: (user_hint_placements.user_id = 1)
[0m
  [4;35;1mClient Load (0.7ms)[0m   [0mSELECT * FROM "users" WHERE ("users"."id" = 25586) AND ( ("users"."type" = 'Client' ) ) [0m
  [4;36;1mAnalyzing Client Load Execution Time: 0.00162

[0m   [0;1mIndex Scan using users_pkey on users  (cost=0.00..8.27 rows=1 width=574)
   Index Cond: (id = 25586)
   Filter: ((type)::text = 'Client'::text)
[0m
  [4;35;1mSQL (9.0ms)[0m   [0mSELECT count(*) AS count_all FROM "sizes" WHERE ("sizes".listing_id = 113291) [0m
  [4;36;1mAnalyzing  Execution Time: 0.009415

[0m   [0;1mAggregate  (cost=18.55..18.56 rows=1 width=0)
   ->  Bitmap Heap Scan on sizes  (cost=4.30..18.53 rows=7 width=0)
         Recheck Cond: (listing_id = 113291)
         ->  Bitmap Index Scan on index_sizes_on_listing_id_and_price  (cost=0.00..4.30 rows=7 width=0)
               Index Cond: (listing_id = 113291)
[0m
  [4;35;1mSQL (4.0ms)[0m   [0mSELECT count(*) AS count_all FROM "business_hours" WHERE ("business_hours".listing_id = 113291) [0m
  [4;36;1mAnalyzing  Execution Time: 0.00432

[0m   [0;1mAggregate  (cost=99.56..99.57 rows=1 width=0)
   ->  Seq Scan on business_hours  (cost=0.00..99.53 rows=13 width=0)
         Filter: (listing_id = 113291)
[0m
  [4;35;1mSQL (1.1ms)[0m   [0mSELECT count(*) AS count_all FROM "comments" WHERE ("comments".commentable_id = 113291 AND "comments".commentable_type = E'Listing') [0m
  [4;36;1mAnalyzing  Execution Time: 0.001607

[0m   [0;1mAggregate  (cost=10.91..10.92 rows=1 width=0)
   ->  Seq Scan on comments  (cost=0.00..10.90 rows=1 width=0)
         Filter: ((commentable_id = 113291) AND ((commentable_type)::text = 'Listing'::text))
[0m
  [4;35;1mPredefinedSpecial Load (1.4ms)[0m   [0mSELECT "predefined_specials".* FROM "predefined_specials" INNER JOIN "predef_special_assigns" ON "predefined_specials".id = "predef_special_assigns".predefined_special_id WHERE (("predef_special_assigns".listing_id = 113291)) [0m
  [4;36;1mAnalyzing PredefinedSpecial Load Execution Time: 0.001974

[0m   [0;1mNested Loop  (cost=0.00..10.27 rows=1 width=1092)
   ->  Seq Scan on predef_special_assigns  (cost=0.00..1.99 rows=1 width=4)
         Filter: (listing_id = 113291)
   ->  Index Scan using predefined_specials_pkey on predefined_specials  (cost=0.00..8.27 rows=1 width=1092)
         Index Cond: (predefined_specials.id = predef_special_assigns.predefined_special_id)
[0m
  [4;35;1mSQL (5.9ms)[0m   [0mSELECT count(*) AS count_all FROM "facility_features" INNER JOIN "listing_features" ON "facility_features".id = "listing_features".facility_feature_id WHERE (("listing_features".listing_id = 113291)) [0m
  [4;36;1mAnalyzing  Execution Time: 0.006241

[0m   [0;1mAggregate  (cost=51.87..51.88 rows=1 width=0)
   ->  Hash Join  (cost=12.93..51.85 rows=8 width=0)
         Hash Cond: (listing_features.facility_feature_id = facility_features.id)
         ->  Seq Scan on listing_features  (cost=0.00..38.81 rows=8 width=4)
               Filter: (listing_id = 113291)
         ->  Hash  (cost=11.30..11.30 rows=130 width=4)
               ->  Seq Scan on facility_features  (cost=0.00..11.30 rows=130 width=4)
[0m
  [4;35;1mCACHE (0.0ms)[0m   [0mSELECT count(*) AS count_all FROM "facility_features" INNER JOIN "listing_features" ON "facility_features".id = "listing_features".facility_feature_id WHERE (("listing_features".listing_id = 113291)) [0m
  [4;36;1mSQL (0.9ms)[0m   [0;1mSELECT count(*) AS count_all FROM "pictures" WHERE ("pictures".listing_id = 113291) [0m
  [4;35;1mAnalyzing  Execution Time: 0.001273

[0m   [0mAggregate  (cost=15.58..15.59 rows=1 width=0)
   ->  Seq Scan on pictures  (cost=0.00..15.57 rows=3 width=0)
         Filter: (listing_id = 113291)
[0m
Rendered listings/_listing (910.0ms)
  [4;36;1mUserHint Load (0.7ms)[0m   [0;1mSELECT "user_hints".* FROM "user_hints" INNER JOIN "user_hint_placements" ON "user_hints".id = "user_hint_placements".user_hint_id WHERE ("user_hints"."place" = E'services') AND (("user_hint_placements".user_id = 1)) LIMIT 1[0m
  [4;35;1mAnalyzing UserHint Load Execution Time: 0.001611

[0m   [0mLimit  (cost=0.00..19.37 rows=1 width=1116)
   ->  Nested Loop  (cost=0.00..19.37 rows=1 width=1116)
         Join Filter: (user_hints.id = user_hint_placements.user_hint_id)
         ->  Seq Scan on user_hints  (cost=0.00..10.88 rows=1 width=1116)
               Filter: ((place)::text = 'services'::text)
         ->  Index Scan using index_user_hint_placements_on_user_id on user_hint_placements  (cost=0.00..8.39 rows=8 width=4)
               Index Cond: (user_hint_placements.user_id = 1)
[0m
  [4;36;1mUserHintPlacement Load (1.3ms)[0m   [0;1mSELECT * FROM "user_hint_placements" WHERE ("user_hint_placements"."user_id" = 1) AND ("user_hint_placements".user_hint_id = 8) LIMIT 1[0m
  [4;35;1mAnalyzing UserHintPlacement Load Execution Time: 0.001761

[0m   [0mLimit  (cost=0.00..8.41 rows=1 width=33)
   ->  Index Scan using index_user_hint_placements_on_user_id on user_hint_placements  (cost=0.00..8.41 rows=1 width=33)
         Index Cond: (user_id = 1)
         Filter: (user_hint_id = 8)
[0m
  [4;36;1mCACHE (0.0ms)[0m   [0;1mSELECT * FROM "user_hint_placements" WHERE ("user_hint_placements"."user_id" = 1) AND ("user_hint_placements".user_hint_id = 8) LIMIT 1[0m
Rendered user_hints/_user_hint (29.1ms)
  [4;35;1mUserHint Load (0.6ms)[0m   [0mSELECT "user_hints".* FROM "user_hints" INNER JOIN "user_hint_placements" ON "user_hints".id = "user_hint_placements".user_hint_id WHERE ("user_hints"."place" = E'owner_info') AND (("user_hint_placements".user_id = 1)) LIMIT 1[0m
  [4;36;1mAnalyzing UserHint Load Execution Time: 0.001023

[0m   [0;1mLimit  (cost=0.00..19.37 rows=1 width=1116)
   ->  Nested Loop  (cost=0.00..19.37 rows=1 width=1116)
         Join Filter: (user_hints.id = user_hint_placements.user_hint_id)
         ->  Seq Scan on user_hints  (cost=0.00..10.88 rows=1 width=1116)
               Filter: ((place)::text = 'owner_info'::text)
         ->  Index Scan using index_user_hint_placements_on_user_id on user_hint_placements  (cost=0.00..8.39 rows=8 width=4)
               Index Cond: (user_hint_placements.user_id = 1)
[0m
  [4;35;1mMailingAddress Load (0.9ms)[0m   [0mSELECT * FROM "mailing_addresses" WHERE ("mailing_addresses".user_id = 25586) LIMIT 1[0m
  [4;36;1mAnalyzing MailingAddress Load Execution Time: 0.00138

[0m   [0;1mLimit  (cost=0.00..8.27 rows=1 width=106)
   ->  Index Scan using index_mailing_addresses_on_client_id_and_city_and_state on mailing_addresses  (cost=0.00..8.27 rows=1 width=106)
         Index Cond: (user_id = 25586)
[0m
Rendered clients/_owner_info (28.2ms)
  [4;35;1mUserHint Load (0.7ms)[0m   [0mSELECT "user_hints".* FROM "user_hints" INNER JOIN "user_hint_placements" ON "user_hints".id = "user_hint_placements".user_hint_id WHERE ("user_hints"."place" = E'settings') AND (("user_hint_placements".user_id = 1)) LIMIT 1[0m
  [4;36;1mAnalyzing UserHint Load Execution Time: 0.001029

[0m   [0;1mLimit  (cost=0.00..19.37 rows=1 width=1116)
   ->  Nested Loop  (cost=0.00..19.37 rows=1 width=1116)
         Join Filter: (user_hints.id = user_hint_placements.user_hint_id)
         ->  Seq Scan on user_hints  (cost=0.00..10.88 rows=1 width=1116)
               Filter: ((place)::text = 'settings'::text)
         ->  Index Scan using index_user_hint_placements_on_user_id on user_hint_placements  (cost=0.00..8.39 rows=8 width=4)
               Index Cond: (user_hint_placements.user_id = 1)
[0m
  [4;35;1mUserHintPlacement Load (0.6ms)[0m   [0mSELECT * FROM "user_hint_placements" WHERE ("user_hint_placements".user_id = 25586) [0m
  [4;36;1mAnalyzing UserHintPlacement Load Execution Time: 0.002046

[0m   [0;1mIndex Scan using index_user_hint_placements_on_user_id on user_hint_placements  (cost=0.00..8.39 rows=8 width=33)
   Index Cond: (user_id = 25586)
[0m
Rendered clients/_settings (283.6ms)
Rendered users/_authenticate (4.4ms)
Rendered menus/_topnav (11.4ms)
  [4;35;1mPage Load (0.6ms)[0m   [0mSELECT * FROM "pages" WHERE ("pages"."title" = E'Self Storage') LIMIT 1[0m
  [4;36;1mAnalyzing Page Load Execution Time: 0.001121

[0m   [0;1mLimit  (cost=0.00..10.75 rows=1 width=1160)
   ->  Seq Scan on pages  (cost=0.00..10.75 rows=1 width=1160)
         Filter: ((title)::text = 'Self Storage'::text)
[0m
Rendered pages/_home (11.9ms)
Rendered user_sessions/_form (9.8ms)
Completed in 4033ms (View: 2824, DB: 245) | 200 OK [https://localhost/clients/25586/edit]
** has_many_polymorphs: autoload hook invoked
** has_many_polymorphs: preloading parent model Block
** has_many_polymorphs: associating Block.models
  [4;35;1mSQL (0.5ms)[0m   [0mSET client_min_messages TO 'panic'[0m
  [4;36;1mSQL (10.4ms)[0m   [0;1mSET client_min_messages TO 'notice'[0m
** has_many_polymorphs: preloading parent model View
** has_many_polymorphs: associating View.models
  [4;35;1mSQL (0.2ms)[0m   [0mSET client_min_messages TO 'panic'[0m
  [4;36;1mSQL (0.1ms)[0m   [0;1mSET client_min_messages TO 'notice'[0m


Processing ClientsController#index (for 127.0.0.1 at 2011-04-26 18:09:53) [GET]
  Parameters: {"action"=>"index", "controller"=>"clients"}
  [4;35;1mUser Load (10.4ms)[0m   [0mSELECT * FROM "users" WHERE ("users"."id" = E'1') LIMIT 1[0m
  [4;36;1mAnalyzing User Load Execution Time: 0.011297

[0m   [0;1mLimit  (cost=0.00..8.27 rows=1 width=574)
   ->  Index Scan using users_pkey on users  (cost=0.00..8.27 rows=1 width=574)
         Index Cond: (id = 1)
[0m
  [4;35;1mSQL (0.3ms)[0m   [0mBEGIN[0m
  [4;36;1mUser Update (0.9ms)[0m   [0;1mUPDATE "users" SET "updated_at" = '2011-04-26 22:09:53.597210', "perishable_token" = E'X2OTW1mORQ3sF4rGf9O', "last_request_at" = '2011-04-26 22:09:53.587013' WHERE "id" = 1[0m
  [4;35;1mSQL (5.6ms)[0m   [0mCOMMIT[0m
  [4;36;1mRole Load (1.1ms)[0m   [0;1mSELECT * FROM "roles" WHERE ("roles"."id" = 1) [0m
  [4;35;1mAnalyzing Role Load Execution Time: 0.009191

[0m   [0mIndex Scan using roles_pkey on roles  (cost=0.00..8.27 rows=1 width=536)
   Index Cond: (id = 1)
[0m
  [4;36;1mClient Load (2.6ms)[0m   [0;1mSELECT * FROM "users" WHERE ("users"."status" = E'active') AND ( ("users"."type" = 'Client' ) ) ORDER BY created_at DESC LIMIT 20 OFFSET 0[0m
  [4;35;1mAnalyzing Client Load Execution Time: 0.011103

[0m   [0mLimit  (cost=34.49..34.54 rows=20 width=574)
   ->  Sort  (cost=34.49..35.15 rows=265 width=574)
         Sort Key: created_at
         ->  Seq Scan on users  (cost=0.00..27.44 rows=265 width=574)
               Filter: (((status)::text = 'active'::text) AND ((type)::text = 'Client'::text))
[0m
  [4;36;1mSQL (1.7ms)[0m   [0;1mSELECT count(*) AS count_all FROM "users" WHERE ("users"."status" = E'active') AND ( ("users"."type" = 'Client' ) ) [0m
  [4;35;1mAnalyzing  Execution Time: 0.00255

[0m   [0mAggregate  (cost=28.10..28.11 rows=1 width=0)
   ->  Seq Scan on users  (cost=0.00..27.44 rows=265 width=0)
         Filter: (((status)::text = 'active'::text) AND ((type)::text = 'Client'::text))
[0m
Rendering clients/index
  [4;36;1mSQL (1.8ms)[0m   [0;1mSELECT count(*) AS count_all FROM "users" WHERE ( ("users"."type" = 'Client' ) ) [0m
  [4;35;1mAnalyzing  Execution Time: 0.002447

[0m   [0mAggregate  (cost=27.42..27.43 rows=1 width=0)
   ->  Seq Scan on users  (cost=0.00..26.70 rows=288 width=0)
         Filter: ((type)::text = 'Client'::text)
[0m
  [4;36;1mSQL (12.2ms)[0m   [0;1mSELECT count(*) AS count_all FROM "users" WHERE (status != E'active') AND ( ("users"."type" = 'Client' ) ) [0m
  [4;35;1mAnalyzing  Execution Time: 0.019901

[0m   [0mAggregate  (cost=27.50..27.51 rows=1 width=0)
   ->  Seq Scan on users  (cost=0.00..27.44 rows=23 width=0)
         Filter: (((status)::text <> 'active'::text) AND ((type)::text = 'Client'::text))
[0m
  [4;36;1mCACHE (0.0ms)[0m   [0;1mSELECT count(*) AS count_all FROM "users" WHERE ("users"."status" = E'active') AND ( ("users"."type" = 'Client' ) ) [0m
  [4;35;1mHelptext Load (1.1ms)[0m   [0mSELECT * FROM "helptexts" WHERE ("helptexts"."model" = E'client') LIMIT 1[0m
  [4;36;1mAnalyzing Helptext Load Execution Time: 0.001465

[0m   [0;1mLimit  (cost=0.00..11.50 rows=1 width=601)
   ->  Seq Scan on helptexts  (cost=0.00..11.50 rows=1 width=601)
         Filter: ((model)::text = 'client'::text)
[0m
Rendered helptexts/_helptext (3.0ms)
Rendered shared/_model_new_back_buttons (3.9ms)
Rendered shared/_model_search (2.4ms)
Rendered menus/_view_type_links (10.6ms)
Rendered shared/_model_sort (2.7ms)
  [4;35;1mRole Load (3.3ms)[0m   [0mSELECT * FROM "roles" WHERE ("roles"."id" = 4) [0m
  [4;36;1mAnalyzing Role Load Execution Time: 0.003658

[0m   [0;1mIndex Scan using roles_pkey on roles  (cost=0.00..8.27 rows=1 width=536)
   Index Cond: (id = 4)
[0m
Rendered users/_user_info (54.1ms)
Rendered shared/_edit_delete_link (39.7ms)
  [4;35;1mSQL (4.7ms)[0m   [0mSELECT count(*) AS count_all FROM "listings" WHERE ("listings".user_id = 25586) [0m
  [4;36;1mAnalyzing  Execution Time: 0.005624

[0m   [0;1mAggregate  (cost=1615.81..1615.82 rows=1 width=0)
   ->  Index Scan using index_listings_on_id_and_user_id_and_title on listings  (cost=0.00..1615.79 rows=4 width=0)
         Index Cond: (user_id = 25586)
[0m
  [4;35;1mSQL (0.8ms)[0m   [0mSELECT count(*) AS count_all FROM "claimed_listings" WHERE ("claimed_listings".client_id = 25586) [0m
  [4;36;1mAnalyzing  Execution Time: 0.001318

[0m   [0;1mAggregate  (cost=27.27..27.28 rows=1 width=0)
   ->  Seq Scan on claimed_listings  (cost=0.00..27.25 rows=7 width=0)
         Filter: (client_id = 25586)
[0m
  [4;35;1mCACHE (0.0ms)[0m   [0mSELECT * FROM "roles" WHERE ("roles"."id" = 4) [0m
Rendered users/_user_info (34.4ms)
Rendered shared/_edit_delete_link (14.5ms)
  [4;36;1mSQL (2.3ms)[0m   [0;1mSELECT count(*) AS count_all FROM "listings" WHERE ("listings".user_id = 25584) [0m
  [4;35;1mAnalyzing  Execution Time: 0.002742

[0m   [0mAggregate  (cost=1615.81..1615.82 rows=1 width=0)
   ->  Index Scan using index_listings_on_id_and_user_id_and_title on listings  (cost=0.00..1615.79 rows=4 width=0)
         Index Cond: (user_id = 25584)
[0m
  [4;36;1mSQL (5.0ms)[0m   [0;1mSELECT count(*) AS count_all FROM "claimed_listings" WHERE ("claimed_listings".client_id = 25584) [0m
  [4;35;1mAnalyzing  Execution Time: 0.005484

[0m   [0mAggregate  (cost=27.27..27.28 rows=1 width=0)
   ->  Seq Scan on claimed_listings  (cost=0.00..27.25 rows=7 width=0)
         Filter: (client_id = 25584)
[0m
  [4;36;1mCACHE (0.0ms)[0m   [0;1mSELECT * FROM "roles" WHERE ("roles"."id" = 4) [0m
Rendered users/_user_info (24.6ms)
Rendered shared/_edit_delete_link (9.3ms)
  [4;35;1mSQL (2.2ms)[0m   [0mSELECT count(*) AS count_all FROM "listings" WHERE ("listings".user_id = 25583) [0m
  [4;36;1mAnalyzing  Execution Time: 0.002789

[0m   [0;1mAggregate  (cost=1615.81..1615.82 rows=1 width=0)
   ->  Index Scan using index_listings_on_id_and_user_id_and_title on listings  (cost=0.00..1615.79 rows=4 width=0)
         Index Cond: (user_id = 25583)
[0m
  [4;35;1mSQL (0.4ms)[0m   [0mSELECT count(*) AS count_all FROM "claimed_listings" WHERE ("claimed_listings".client_id = 25583) [0m
  [4;36;1mAnalyzing  Execution Time: 0.000838

[0m   [0;1mAggregate  (cost=27.27..27.28 rows=1 width=0)
   ->  Seq Scan on claimed_listings  (cost=0.00..27.25 rows=7 width=0)
         Filter: (client_id = 25583)
[0m
  [4;35;1mCACHE (0.0ms)[0m   [0mSELECT * FROM "roles" WHERE ("roles"."id" = 4) [0m
Rendered users/_user_info (42.5ms)
Rendered shared/_edit_delete_link (7.4ms)
  [4;36;1mSQL (2.9ms)[0m   [0;1mSELECT count(*) AS count_all FROM "listings" WHERE ("listings".user_id = 25582) [0m
  [4;35;1mAnalyzing  Execution Time: 0.003785

[0m   [0mAggregate  (cost=1615.81..1615.82 rows=1 width=0)
   ->  Index Scan using index_listings_on_id_and_user_id_and_title on listings  (cost=0.00..1615.79 rows=4 width=0)
         Index Cond: (user_id = 25582)
[0m
  [4;36;1mSQL (8.8ms)[0m   [0;1mSELECT count(*) AS count_all FROM "claimed_listings" WHERE ("claimed_listings".client_id = 25582) [0m
  [4;35;1mAnalyzing  Execution Time: 0.009186

[0m   [0mAggregate  (cost=27.27..27.28 rows=1 width=0)
   ->  Seq Scan on claimed_listings  (cost=0.00..27.25 rows=7 width=0)
         Filter: (client_id = 25582)
[0m
  [4;36;1mCACHE (0.0ms)[0m   [0;1mSELECT * FROM "roles" WHERE ("roles"."id" = 4) [0m
Rendered users/_user_info (40.0ms)
Rendered shared/_edit_delete_link (15.5ms)
  [4;35;1mSQL (2.7ms)[0m   [0mSELECT count(*) AS count_all FROM "listings" WHERE ("listings".user_id = 25581) [0m
  [4;36;1mAnalyzing  Execution Time: 0.003931

[0m   [0;1mAggregate  (cost=1615.81..1615.82 rows=1 width=0)
   ->  Index Scan using index_listings_on_id_and_user_id_and_title on listings  (cost=0.00..1615.79 rows=4 width=0)
         Index Cond: (user_id = 25581)
[0m
  [4;35;1mSQL (0.4ms)[0m   [0mSELECT count(*) AS count_all FROM "claimed_listings" WHERE ("claimed_listings".client_id = 25581) [0m
  [4;36;1mAnalyzing  Execution Time: 0.000851

[0m   [0;1mAggregate  (cost=27.27..27.28 rows=1 width=0)
   ->  Seq Scan on claimed_listings  (cost=0.00..27.25 rows=7 width=0)
         Filter: (client_id = 25581)
[0m
  [4;35;1mCACHE (0.0ms)[0m   [0mSELECT * FROM "roles" WHERE ("roles"."id" = 4) [0m
Rendered users/_user_info (23.0ms)
Rendered shared/_edit_delete_link (20.8ms)
  [4;36;1mSQL (2.3ms)[0m   [0;1mSELECT count(*) AS count_all FROM "listings" WHERE ("listings".user_id = 25580) [0m
  [4;35;1mAnalyzing  Execution Time: 0.002907

[0m   [0mAggregate  (cost=1615.81..1615.82 rows=1 width=0)
   ->  Index Scan using index_listings_on_id_and_user_id_and_title on listings  (cost=0.00..1615.79 rows=4 width=0)
         Index Cond: (user_id = 25580)
[0m
  [4;36;1mSQL (32.0ms)[0m   [0;1mSELECT count(*) AS count_all FROM "claimed_listings" WHERE ("claimed_listings".client_id = 25580) [0m
  [4;35;1mAnalyzing  Execution Time: 0.032363

[0m   [0mAggregate  (cost=27.27..27.28 rows=1 width=0)
   ->  Seq Scan on claimed_listings  (cost=0.00..27.25 rows=7 width=0)
         Filter: (client_id = 25580)
[0m
  [4;36;1mCACHE (0.0ms)[0m   [0;1mSELECT * FROM "roles" WHERE ("roles"."id" = 4) [0m
Rendered users/_user_info (25.9ms)
Rendered shared/_edit_delete_link (11.5ms)
  [4;35;1mSQL (4.9ms)[0m   [0mSELECT count(*) AS count_all FROM "listings" WHERE ("listings".user_id = 25579) [0m
  [4;36;1mAnalyzing  Execution Time: 0.005367

[0m   [0;1mAggregate  (cost=1615.81..1615.82 rows=1 width=0)
   ->  Index Scan using index_listings_on_id_and_user_id_and_title on listings  (cost=0.00..1615.79 rows=4 width=0)
         Index Cond: (user_id = 25579)
[0m
  [4;35;1mSQL (0.4ms)[0m   [0mSELECT count(*) AS count_all FROM "claimed_listings" WHERE ("claimed_listings".client_id = 25579) [0m
  [4;36;1mAnalyzing  Execution Time: 0.003881

[0m   [0;1mAggregate  (cost=27.27..27.28 rows=1 width=0)
   ->  Seq Scan on claimed_listings  (cost=0.00..27.25 rows=7 width=0)
         Filter: (client_id = 25579)
[0m
  [4;35;1mCACHE (0.0ms)[0m   [0mSELECT * FROM "roles" WHERE ("roles"."id" = 4) [0m
Rendered users/_user_info (36.9ms)
Rendered shared/_edit_delete_link (13.2ms)
  [4;36;1mSQL (2.3ms)[0m   [0;1mSELECT count(*) AS count_all FROM "listings" WHERE ("listings".user_id = 25577) [0m
  [4;35;1mAnalyzing  Execution Time: 0.002695

[0m   [0mAggregate  (cost=1615.81..1615.82 rows=1 width=0)
   ->  Index Scan using index_listings_on_id_and_user_id_and_title on listings  (cost=0.00..1615.79 rows=4 width=0)
         Index Cond: (user_id = 25577)
[0m
  [4;36;1mSQL (0.4ms)[0m   [0;1mSELECT count(*) AS count_all FROM "claimed_listings" WHERE ("claimed_listings".client_id = 25577) [0m
  [4;35;1mAnalyzing  Execution Time: 0.000786

[0m   [0mAggregate  (cost=27.27..27.28 rows=1 width=0)
   ->  Seq Scan on claimed_listings  (cost=0.00..27.25 rows=7 width=0)
         Filter: (client_id = 25577)
[0m
  [4;36;1mCACHE (0.0ms)[0m   [0;1mSELECT * FROM "roles" WHERE ("roles"."id" = 4) [0m
Rendered users/_user_info (23.7ms)
Rendered shared/_edit_delete_link (9.5ms)
  [4;35;1mSQL (3.2ms)[0m   [0mSELECT count(*) AS count_all FROM "listings" WHERE ("listings".user_id = 25575) [0m
  [4;36;1mAnalyzing  Execution Time: 0.003692

[0m   [0;1mAggregate  (cost=1615.81..1615.82 rows=1 width=0)
   ->  Index Scan using index_listings_on_id_and_user_id_and_title on listings  (cost=0.00..1615.79 rows=4 width=0)
         Index Cond: (user_id = 25575)
[0m
  [4;35;1mSQL (0.5ms)[0m   [0mSELECT count(*) AS count_all FROM "claimed_listings" WHERE ("claimed_listings".client_id = 25575) [0m
  [4;36;1mAnalyzing  Execution Time: 0.000992

[0m   [0;1mAggregate  (cost=27.27..27.28 rows=1 width=0)
   ->  Seq Scan on claimed_listings  (cost=0.00..27.25 rows=7 width=0)
         Filter: (client_id = 25575)
[0m
  [4;35;1mCACHE (0.0ms)[0m   [0mSELECT * FROM "roles" WHERE ("roles"."id" = 4) [0m
Rendered users/_user_info (470.9ms)
Rendered shared/_edit_delete_link (5.9ms)
  [4;36;1mSQL (2.2ms)[0m   [0;1mSELECT count(*) AS count_all FROM "listings" WHERE ("listings".user_id = 25573) [0m
  [4;35;1mAnalyzing  Execution Time: 0.002697

[0m   [0mAggregate  (cost=1615.81..1615.82 rows=1 width=0)
   ->  Index Scan using index_listings_on_id_and_user_id_and_title on listings  (cost=0.00..1615.79 rows=4 width=0)
         Index Cond: (user_id = 25573)
[0m
  [4;36;1mSQL (2.4ms)[0m   [0;1mSELECT count(*) AS count_all FROM "claimed_listings" WHERE ("claimed_listings".client_id = 25573) [0m
  [4;35;1mAnalyzing  Execution Time: 0.006044

[0m   [0mAggregate  (cost=27.27..27.28 rows=1 width=0)
   ->  Seq Scan on claimed_listings  (cost=0.00..27.25 rows=7 width=0)
         Filter: (client_id = 25573)
[0m
  [4;36;1mCACHE (0.0ms)[0m   [0;1mSELECT * FROM "roles" WHERE ("roles"."id" = 4) [0m
Rendered users/_user_info (23.0ms)
Rendered shared/_edit_delete_link (9.4ms)
  [4;35;1mSQL (5.1ms)[0m   [0mSELECT count(*) AS count_all FROM "listings" WHERE ("listings".user_id = 25571) [0m
  [4;36;1mAnalyzing  Execution Time: 0.005512

[0m   [0;1mAggregate  (cost=1615.81..1615.82 rows=1 width=0)
   ->  Index Scan using index_listings_on_id_and_user_id_and_title on listings  (cost=0.00..1615.79 rows=4 width=0)
         Index Cond: (user_id = 25571)
[0m
  [4;35;1mSQL (0.6ms)[0m   [0mSELECT count(*) AS count_all FROM "claimed_listings" WHERE ("claimed_listings".client_id = 25571) [0m
  [4;36;1mAnalyzing  Execution Time: 0.001353

[0m   [0;1mAggregate  (cost=27.27..27.28 rows=1 width=0)
   ->  Seq Scan on claimed_listings  (cost=0.00..27.25 rows=7 width=0)
         Filter: (client_id = 25571)
[0m
  [4;35;1mCACHE (0.0ms)[0m   [0mSELECT * FROM "roles" WHERE ("roles"."id" = 4) [0m
Rendered users/_user_info (18.9ms)
Rendered shared/_edit_delete_link (5.6ms)
  [4;36;1mSQL (2.5ms)[0m   [0;1mSELECT count(*) AS count_all FROM "listings" WHERE ("listings".user_id = 25570) [0m
  [4;35;1mAnalyzing  Execution Time: 0.004106

[0m   [0mAggregate  (cost=1615.81..1615.82 rows=1 width=0)
   ->  Index Scan using index_listings_on_id_and_user_id_and_title on listings  (cost=0.00..1615.79 rows=4 width=0)
         Index Cond: (user_id = 25570)
[0m
  [4;36;1mSQL (0.4ms)[0m   [0;1mSELECT count(*) AS count_all FROM "claimed_listings" WHERE ("claimed_listings".client_id = 25570) [0m
  [4;35;1mAnalyzing  Execution Time: 0.00073

[0m   [0mAggregate  (cost=27.27..27.28 rows=1 width=0)
   ->  Seq Scan on claimed_listings  (cost=0.00..27.25 rows=7 width=0)
         Filter: (client_id = 25570)
[0m
  [4;36;1mCACHE (0.0ms)[0m   [0;1mSELECT * FROM "roles" WHERE ("roles"."id" = 4) [0m
Rendered users/_user_info (23.1ms)
Rendered shared/_edit_delete_link (5.2ms)
  [4;35;1mSQL (3.4ms)[0m   [0mSELECT count(*) AS count_all FROM "listings" WHERE ("listings".user_id = 25567) [0m
  [4;36;1mAnalyzing  Execution Time: 0.0038

[0m   [0;1mAggregate  (cost=1615.81..1615.82 rows=1 width=0)
   ->  Index Scan using index_listings_on_id_and_user_id_and_title on listings  (cost=0.00..1615.79 rows=4 width=0)
         Index Cond: (user_id = 25567)
[0m
  [4;35;1mSQL (0.4ms)[0m   [0mSELECT count(*) AS count_all FROM "claimed_listings" WHERE ("claimed_listings".client_id = 25567) [0m
  [4;36;1mAnalyzing  Execution Time: 0.000734

[0m   [0;1mAggregate  (cost=27.27..27.28 rows=1 width=0)
   ->  Seq Scan on claimed_listings  (cost=0.00..27.25 rows=7 width=0)
         Filter: (client_id = 25567)
[0m
  [4;35;1mCACHE (0.0ms)[0m   [0mSELECT * FROM "roles" WHERE ("roles"."id" = 4) [0m
Rendered users/_user_info (41.2ms)
Rendered shared/_edit_delete_link (6.8ms)
  [4;36;1mSQL (2.1ms)[0m   [0;1mSELECT count(*) AS count_all FROM "listings" WHERE ("listings".user_id = 25565) [0m
  [4;35;1mAnalyzing  Execution Time: 0.002422

[0m   [0mAggregate  (cost=1615.81..1615.82 rows=1 width=0)
   ->  Index Scan using index_listings_on_id_and_user_id_and_title on listings  (cost=0.00..1615.79 rows=4 width=0)
         Index Cond: (user_id = 25565)
[0m
  [4;36;1mSQL (0.6ms)[0m   [0;1mSELECT count(*) AS count_all FROM "claimed_listings" WHERE ("claimed_listings".client_id = 25565) [0m
  [4;35;1mAnalyzing  Execution Time: 0.001004

[0m   [0mAggregate  (cost=27.27..27.28 rows=1 width=0)
   ->  Seq Scan on claimed_listings  (cost=0.00..27.25 rows=7 width=0)
         Filter: (client_id = 25565)
[0m
  [4;36;1mCACHE (0.0ms)[0m   [0;1mSELECT * FROM "roles" WHERE ("roles"."id" = 4) [0m
Rendered users/_user_info (30.8ms)
Rendered shared/_edit_delete_link (6.7ms)
  [4;35;1mSQL (6.1ms)[0m   [0mSELECT count(*) AS count_all FROM "listings" WHERE ("listings".user_id = 25564) [0m
  [4;36;1mAnalyzing  Execution Time: 0.006483

[0m   [0;1mAggregate  (cost=1615.81..1615.82 rows=1 width=0)
   ->  Index Scan using index_listings_on_id_and_user_id_and_title on listings  (cost=0.00..1615.79 rows=4 width=0)
         Index Cond: (user_id = 25564)
[0m
  [4;35;1mSQL (0.4ms)[0m   [0mSELECT count(*) AS count_all FROM "claimed_listings" WHERE ("claimed_listings".client_id = 25564) [0m
  [4;36;1mAnalyzing  Execution Time: 0.000855

[0m   [0;1mAggregate  (cost=27.27..27.28 rows=1 width=0)
   ->  Seq Scan on claimed_listings  (cost=0.00..27.25 rows=7 width=0)
         Filter: (client_id = 25564)
[0m
  [4;35;1mCACHE (0.0ms)[0m   [0mSELECT * FROM "roles" WHERE ("roles"."id" = 4) [0m
Rendered users/_user_info (24.4ms)
Rendered shared/_edit_delete_link (15.3ms)
  [4;36;1mSQL (2.4ms)[0m   [0;1mSELECT count(*) AS count_all FROM "listings" WHERE ("listings".user_id = 25563) [0m
  [4;35;1mAnalyzing  Execution Time: 0.002839

[0m   [0mAggregate  (cost=1615.81..1615.82 rows=1 width=0)
   ->  Index Scan using index_listings_on_id_and_user_id_and_title on listings  (cost=0.00..1615.79 rows=4 width=0)
         Index Cond: (user_id = 25563)
[0m
  [4;36;1mSQL (0.4ms)[0m   [0;1mSELECT count(*) AS count_all FROM "claimed_listings" WHERE ("claimed_listings".client_id = 25563) [0m
  [4;35;1mAnalyzing  Execution Time: 0.000859

[0m   [0mAggregate  (cost=27.27..27.28 rows=1 width=0)
   ->  Seq Scan on claimed_listings  (cost=0.00..27.25 rows=7 width=0)
         Filter: (client_id = 25563)
[0m
  [4;36;1mCACHE (0.0ms)[0m   [0;1mSELECT * FROM "roles" WHERE ("roles"."id" = 4) [0m
Rendered users/_user_info (37.4ms)
Rendered shared/_edit_delete_link (8.9ms)
  [4;35;1mSQL (2.5ms)[0m   [0mSELECT count(*) AS count_all FROM "listings" WHERE ("listings".user_id = 25562) [0m
  [4;36;1mAnalyzing  Execution Time: 0.002863

[0m   [0;1mAggregate  (cost=1615.81..1615.82 rows=1 width=0)
   ->  Index Scan using index_listings_on_id_and_user_id_and_title on listings  (cost=0.00..1615.79 rows=4 width=0)
         Index Cond: (user_id = 25562)
[0m
  [4;35;1mSQL (0.4ms)[0m   [0mSELECT count(*) AS count_all FROM "claimed_listings" WHERE ("claimed_listings".client_id = 25562) [0m
  [4;36;1mAnalyzing  Execution Time: 0.000792

[0m   [0;1mAggregate  (cost=27.27..27.28 rows=1 width=0)
   ->  Seq Scan on claimed_listings  (cost=0.00..27.25 rows=7 width=0)
         Filter: (client_id = 25562)
[0m
  [4;35;1mCACHE (0.0ms)[0m   [0mSELECT * FROM "roles" WHERE ("roles"."id" = 4) [0m
Rendered users/_user_info (23.9ms)
Rendered shared/_edit_delete_link (5.7ms)
  [4;36;1mSQL (2.2ms)[0m   [0;1mSELECT count(*) AS count_all FROM "listings" WHERE ("listings".user_id = 25560) [0m
  [4;35;1mAnalyzing  Execution Time: 0.002596

[0m   [0mAggregate  (cost=1615.81..1615.82 rows=1 width=0)
   ->  Index Scan using index_listings_on_id_and_user_id_and_title on listings  (cost=0.00..1615.79 rows=4 width=0)
         Index Cond: (user_id = 25560)
[0m
  [4;36;1mSQL (0.9ms)[0m   [0;1mSELECT count(*) AS count_all FROM "claimed_listings" WHERE ("claimed_listings".client_id = 25560) [0m
  [4;35;1mAnalyzing  Execution Time: 0.001323

[0m   [0mAggregate  (cost=27.27..27.28 rows=1 width=0)
   ->  Seq Scan on claimed_listings  (cost=0.00..27.25 rows=7 width=0)
         Filter: (client_id = 25560)
[0m
  [4;36;1mCACHE (0.0ms)[0m   [0;1mSELECT * FROM "roles" WHERE ("roles"."id" = 4) [0m
Rendered users/_user_info (54.9ms)
Rendered shared/_edit_delete_link (6.7ms)
  [4;35;1mSQL (2.6ms)[0m   [0mSELECT count(*) AS count_all FROM "listings" WHERE ("listings".user_id = 25559) [0m
  [4;36;1mAnalyzing  Execution Time: 0.003033

[0m   [0;1mAggregate  (cost=1615.81..1615.82 rows=1 width=0)
   ->  Index Scan using index_listings_on_id_and_user_id_and_title on listings  (cost=0.00..1615.79 rows=4 width=0)
         Index Cond: (user_id = 25559)
[0m
  [4;35;1mSQL (0.4ms)[0m   [0mSELECT count(*) AS count_all FROM "claimed_listings" WHERE ("claimed_listings".client_id = 25559) [0m
  [4;36;1mAnalyzing  Execution Time: 0.000712

[0m   [0;1mAggregate  (cost=27.27..27.28 rows=1 width=0)
   ->  Seq Scan on claimed_listings  (cost=0.00..27.25 rows=7 width=0)
         Filter: (client_id = 25559)
[0m
  [4;35;1mCACHE (0.0ms)[0m   [0mSELECT * FROM "roles" WHERE ("roles"."id" = 4) [0m
Rendered users/_user_info (18.9ms)
Rendered shared/_edit_delete_link (7.1ms)
  [4;36;1mSQL (2.3ms)[0m   [0;1mSELECT count(*) AS count_all FROM "listings" WHERE ("listings".user_id = 25558) [0m
  [4;35;1mAnalyzing  Execution Time: 0.002657

[0m   [0mAggregate  (cost=1615.81..1615.82 rows=1 width=0)
   ->  Index Scan using index_listings_on_id_and_user_id_and_title on listings  (cost=0.00..1615.79 rows=4 width=0)
         Index Cond: (user_id = 25558)
[0m
  [4;36;1mSQL (0.4ms)[0m   [0;1mSELECT count(*) AS count_all FROM "claimed_listings" WHERE ("claimed_listings".client_id = 25558) [0m
  [4;35;1mAnalyzing  Execution Time: 0.000667

[0m   [0mAggregate  (cost=27.27..27.28 rows=1 width=0)
   ->  Seq Scan on claimed_listings  (cost=0.00..27.25 rows=7 width=0)
         Filter: (client_id = 25558)
[0m
Rendered views/_paginate (4.7ms)
Rendered views/partials/_users (3006.0ms)
Rendered shared/_base_model_index (3031.4ms)
Rendered shared/_model_index (3106.4ms)
Completed in 3775ms (View: 2924, DB: 220) | 200 OK [https://localhost/clients]
** has_many_polymorphs: autoload hook invoked
** has_many_polymorphs: preloading parent model Block
** has_many_polymorphs: associating Block.models
  [4;36;1mSQL (4.0ms)[0m   [0;1mSET client_min_messages TO 'panic'[0m
  [4;35;1mSQL (0.1ms)[0m   [0mSET client_min_messages TO 'notice'[0m
** has_many_polymorphs: preloading parent model View
** has_many_polymorphs: associating View.models
  [4;36;1mSQL (0.3ms)[0m   [0;1mSET client_min_messages TO 'panic'[0m
  [4;35;1mSQL (0.1ms)[0m   [0mSET client_min_messages TO 'notice'[0m


Processing AjaxController#get_client_stats (for 127.0.0.1 at 2011-04-26 18:09:58) [GET]
  Parameters: {"start_date"=>"Sat Mar 26 2011 00:00:00 GMT-0400 (EDT)", "action"=>"get_client_stats", "client_id"=>"25586", "controller"=>"ajax", "end_date"=>"Wed Apr 27 2011 00:00:00 GMT-0400 (EDT)", "stats_models"=>"clicks,impressions,info_requests"}
  [4;36;1mUser Load (1.7ms)[0m   [0;1mSELECT * FROM "users" WHERE ("users"."id" = E'1') LIMIT 1[0m
  [4;35;1mAnalyzing User Load Execution Time: 0.002524

[0m   [0mLimit  (cost=0.00..8.27 rows=1 width=574)
   ->  Index Scan using users_pkey on users  (cost=0.00..8.27 rows=1 width=574)
         Index Cond: (id = 1)
[0m
  [4;36;1mSQL (0.7ms)[0m   [0;1mBEGIN[0m
  [4;35;1mUser Update (1.3ms)[0m   [0mUPDATE "users" SET "updated_at" = '2011-04-26 22:09:58.924455', "perishable_token" = E'9A5jtcloCVZt3btnht3M', "last_request_at" = '2011-04-26 22:09:58.914188' WHERE "id" = 1[0m
  [4;36;1mSQL (0.7ms)[0m   [0;1mCOMMIT[0m
  [4;35;1mRole Load (0.6ms)[0m   [0mSELECT * FROM "roles" WHERE ("roles"."id" = 1) [0m
  [4;36;1mAnalyzing Role Load Execution Time: 0.000988

[0m   [0;1mIndex Scan using roles_pkey on roles  (cost=0.00..8.27 rows=1 width=536)
   Index Cond: (id = 1)
[0m
  [4;35;1mClient Load (1.4ms)[0m   [0mSELECT * FROM "users" WHERE ("users"."id" = 25586) AND ( ("users"."type" = 'Client' ) ) [0m
  [4;36;1mAnalyzing Client Load Execution Time: 0.002324

[0m   [0;1mIndex Scan using users_pkey on users  (cost=0.00..8.27 rows=1 width=574)
   Index Cond: (id = 25586)
   Filter: ((type)::text = 'Client'::text)
[0m
  [4;35;1mListing Load (4.1ms)[0m   [0mSELECT * FROM "listings" WHERE ("listings".user_id = 25586) [0m
  [4;36;1mAnalyzing Listing Load Execution Time: 0.004968

[0m   [0;1mIndex Scan using index_listings_on_id_and_user_id_and_title on listings  (cost=0.00..1615.79 rows=4 width=1172)
   Index Cond: (user_id = 25586)
[0m
  [4;35;1mClick Load (15.6ms)[0m   [0mSELECT * FROM "clicks" WHERE (created_at >= E'2011-3-26' AND created_at <= E'2011-4-27') AND ("clicks".listing_id = 113291) ORDER BY created_at[0m
  [4;36;1mAnalyzing Click Load Execution Time: 0.015887

[0m   [0;1mSort  (cost=966.66..966.66 rows=1 width=86)
   Sort Key: created_at
   ->  Seq Scan on clicks  (cost=0.00..966.65 rows=1 width=86)
         Filter: ((created_at >= '2011-03-26 00:00:00'::timestamp without time zone) AND (created_at <= '2011-04-27 00:00:00'::timestamp without time zone) AND (listing_id = 113291))
[0m
  [4;35;1mImpression Load (261.3ms)[0m   [0mSELECT * FROM "impressions" WHERE (created_at >= E'2011-3-26' AND created_at <= E'2011-4-27') AND ("impressions".listing_id = 113291) ORDER BY created_at[0m
  [4;36;1mAnalyzing Impression Load Execution Time: 0.262209

[0m   [0;1mSort  (cost=14802.92..14802.94 rows=8 width=117)
   Sort Key: created_at
   ->  Seq Scan on impressions  (cost=0.00..14802.80 rows=8 width=117)
         Filter: ((created_at >= '2011-03-26 00:00:00'::timestamp without time zone) AND (created_at <= '2011-04-27 00:00:00'::timestamp without time zone) AND (listing_id = 113291))
[0m
  [4;35;1mInfoRequest Load (1.1ms)[0m   [0mSELECT * FROM "info_requests" WHERE (created_at >= E'2011-3-26' AND created_at <= E'2011-4-27') AND ("info_requests".listing_id = 113291) ORDER BY created_at[0m
  [4;36;1mAnalyzing InfoRequest Load Execution Time: 0.00142

[0m   [0;1mSort  (cost=10.36..10.37 rows=1 width=3132)
   Sort Key: created_at
   ->  Seq Scan on info_requests  (cost=0.00..10.35 rows=1 width=3132)
         Filter: ((created_at >= '2011-03-26 00:00:00'::timestamp without time zone) AND (created_at <= '2011-04-27 00:00:00'::timestamp without time zone) AND (listing_id = 113291))
[0m
Completed in 914ms (View: 15, DB: 294) | 200 OK [https://localhost/ajax/get_client_stats?start_date=Sat%20Mar%2026%202011%2000:00:00%20GMT-0400%20(EDT)&end_date=Wed%20Apr%2027%202011%2000:00:00%20GMT-0400%20(EDT)&stats_models=clicks,impressions,info_requests&client_id=25586]
** has_many_polymorphs: autoload hook invoked
** has_many_polymorphs: preloading parent model Block
** has_many_polymorphs: associating Block.models
  [4;35;1mSQL (0.2ms)[0m   [0mSET client_min_messages TO 'panic'[0m
  [4;36;1mSQL (0.1ms)[0m   [0;1mSET client_min_messages TO 'notice'[0m
** has_many_polymorphs: preloading parent model View
** has_many_polymorphs: associating View.models
  [4;35;1mSQL (0.2ms)[0m   [0mSET client_min_messages TO 'panic'[0m
  [4;36;1mSQL (0.1ms)[0m   [0;1mSET client_min_messages TO 'notice'[0m


Processing ClientsController#show (for 127.0.0.1 at 2011-04-26 18:10:52) [GET]
  Parameters: {"action"=>"show", "id"=>"25586", "controller"=>"clients"}
  [4;35;1mUser Load (6.0ms)[0m   [0mSELECT * FROM "users" WHERE ("users"."id" = E'1') LIMIT 1[0m
  [4;36;1mAnalyzing User Load Execution Time: 0.006788

[0m   [0;1mLimit  (cost=0.00..8.27 rows=1 width=574)
   ->  Index Scan using users_pkey on users  (cost=0.00..8.27 rows=1 width=574)
         Index Cond: (id = 1)
[0m
  [4;35;1mSQL (2.8ms)[0m   [0mBEGIN[0m
  [4;36;1mUser Update (0.9ms)[0m   [0;1mUPDATE "users" SET "updated_at" = '2011-04-26 22:10:52.617776', "perishable_token" = E'jFo5sQXFgl4z1PxooZCe', "last_request_at" = '2011-04-26 22:10:52.611673' WHERE "id" = 1[0m
  [4;35;1mSQL (0.6ms)[0m   [0mCOMMIT[0m
  [4;36;1mRole Load (2.1ms)[0m   [0;1mSELECT * FROM "roles" WHERE ("roles"."id" = 1) [0m
  [4;35;1mAnalyzing Role Load Execution Time: 0.002584

[0m   [0mIndex Scan using roles_pkey on roles  (cost=0.00..8.27 rows=1 width=536)
   Index Cond: (id = 1)
[0m
  [4;36;1mClient Load (1.1ms)[0m   [0;1mSELECT * FROM "users" WHERE ("users"."id" = 25586) AND ( ("users"."type" = 'Client' ) ) LIMIT 1[0m
  [4;35;1mAnalyzing Client Load Execution Time: 0.001823

[0m   [0mLimit  (cost=0.00..8.27 rows=1 width=574)
   ->  Index Scan using users_pkey on users  (cost=0.00..8.27 rows=1 width=574)
         Index Cond: (id = 25586)
         Filter: ((type)::text = 'Client'::text)
[0m
Rendering clients/show
  [4;36;1mUser Load (1.0ms)[0m   [0;1mSELECT * FROM "users" WHERE ("users"."id" = 25586) [0m
  [4;35;1mAnalyzing User Load Execution Time: 0.001792

[0m   [0mIndex Scan using users_pkey on users  (cost=0.00..8.27 rows=1 width=574)
   Index Cond: (id = 25586)
[0m
  [4;36;1mSQL (4.3ms)[0m   [0;1mSELECT count(*) AS count_all FROM "listings" WHERE ("listings".user_id = 25586 AND (enabled IS TRUE)) [0m
  [4;35;1mAnalyzing  Execution Time: 0.004693

[0m   [0mAggregate  (cost=1615.81..1615.82 rows=1 width=0)
   ->  Index Scan using index_listings_on_id_and_user_id_and_title on listings  (cost=0.00..1615.79 rows=4 width=0)
         Index Cond: (user_id = 25586)
         Filter: (enabled IS TRUE)
[0m
  [4;36;1mListing Load (2.7ms)[0m   [0;1mSELECT * FROM "listings" WHERE ("listings".user_id = 25586) [0m
  [4;35;1mAnalyzing Listing Load Execution Time: 0.003536

[0m   [0mIndex Scan using index_listings_on_id_and_user_id_and_title on listings  (cost=0.00..1615.79 rows=4 width=1172)
   Index Cond: (user_id = 25586)
[0m
  [4;36;1mFacilityInfo Load (1.2ms)[0m   [0;1mSELECT * FROM "facility_infos" WHERE ("facility_infos".listing_id = 113291) LIMIT 1[0m
  [4;35;1mAnalyzing FacilityInfo Load Execution Time: 0.001566

[0m   [0mLimit  (cost=0.00..10.00 rows=1 width=8362)
   ->  Seq Scan on facility_infos  (cost=0.00..10.00 rows=1 width=8362)
         Filter: (listing_id = 113291)
[0m
  [4;36;1mRole Load (0.4ms)[0m   [0;1mSELECT * FROM "roles" WHERE ("roles"."id" = 4) [0m
  [4;35;1mAnalyzing Role Load Execution Time: 0.00073

[0m   [0mIndex Scan using roles_pkey on roles  (cost=0.00..8.27 rows=1 width=536)
   Index Cond: (id = 4)
[0m
Rendered users/_user_info (37.9ms)
Rendered notes/_form (4.0ms)
  [4;36;1mNote Load (0.8ms)[0m   [0;1mSELECT * FROM "notes" WHERE ("notes".user_id = 25586) [0m
  [4;35;1mAnalyzing Note Load Execution Time: 0.001669

[0m   [0mSeq Scan on notes  (cost=0.00..11.62 rows=1 width=576)
   Filter: (user_id = 25586)
[0m
  [4;36;1mUser Load (0.9ms)[0m   [0;1mSELECT * FROM "users" WHERE ("users"."id" = 1) [0m
  [4;35;1mAnalyzing User Load Execution Time: 0.001996

[0m   [0mIndex Scan using users_pkey on users  (cost=0.00..8.27 rows=1 width=574)
   Index Cond: (id = 1)
[0m
Rendered notes/_note (13.7ms)
  [4;36;1mCACHE (0.0ms)[0m   [0;1mSELECT * FROM "users" WHERE ("users"."id" = 1) [0m
Rendered notes/_note (2.7ms)
Rendered notes/_client_notes (489.8ms)
  [4;35;1mSQL (0.6ms)[0m   [0mSELECT count(*) AS count_all FROM "claimed_listings" WHERE ("claimed_listings".client_id = 25586) [0m
  [4;36;1mAnalyzing  Execution Time: 0.000916

[0m   [0;1mAggregate  (cost=27.27..27.28 rows=1 width=0)
   ->  Seq Scan on claimed_listings  (cost=0.00..27.25 rows=7 width=0)
         Filter: (client_id = 25586)
[0m
  [4;35;1mClient Load (1.3ms)[0m   [0mSELECT * FROM "users" WHERE ("users"."id" = 25586) AND ( ("users"."type" = 'Client' ) ) [0m
  [4;36;1mAnalyzing Client Load Execution Time: 0.002217

[0m   [0;1mIndex Scan using users_pkey on users  (cost=0.00..8.27 rows=1 width=574)
   Index Cond: (id = 25586)
   Filter: ((type)::text = 'Client'::text)
[0m
  [4;35;1mSQL (0.8ms)[0m   [0mSELECT count(*) AS count_all FROM "sizes" WHERE ("sizes".listing_id = 113291) [0m
  [4;36;1mAnalyzing  Execution Time: 0.0013

[0m   [0;1mAggregate  (cost=18.55..18.56 rows=1 width=0)
   ->  Bitmap Heap Scan on sizes  (cost=4.30..18.53 rows=7 width=0)
         Recheck Cond: (listing_id = 113291)
         ->  Bitmap Index Scan on index_sizes_on_listing_id_and_price  (cost=0.00..4.30 rows=7 width=0)
               Index Cond: (listing_id = 113291)
[0m
  [4;35;1mSQL (2.4ms)[0m   [0mSELECT count(*) AS count_all FROM "business_hours" WHERE ("business_hours".listing_id = 113291) [0m
  [4;36;1mAnalyzing  Execution Time: 0.002781

[0m   [0;1mAggregate  (cost=99.56..99.57 rows=1 width=0)
   ->  Seq Scan on business_hours  (cost=0.00..99.53 rows=13 width=0)
         Filter: (listing_id = 113291)
[0m
  [4;35;1mSQL (1.1ms)[0m   [0mSELECT count(*) AS count_all FROM "comments" WHERE ("comments".commentable_id = 113291 AND "comments".commentable_type = E'Listing') [0m
  [4;36;1mAnalyzing  Execution Time: 0.001549

[0m   [0;1mAggregate  (cost=10.91..10.92 rows=1 width=0)
   ->  Seq Scan on comments  (cost=0.00..10.90 rows=1 width=0)
         Filter: ((commentable_id = 113291) AND ((commentable_type)::text = 'Listing'::text))
[0m
  [4;35;1mPredefinedSpecial Load (1.4ms)[0m   [0mSELECT "predefined_specials".* FROM "predefined_specials" INNER JOIN "predef_special_assigns" ON "predefined_specials".id = "predef_special_assigns".predefined_special_id WHERE (("predef_special_assigns".listing_id = 113291)) [0m
  [4;36;1mAnalyzing PredefinedSpecial Load Execution Time: 0.001785

[0m   [0;1mNested Loop  (cost=0.00..10.27 rows=1 width=1092)
   ->  Seq Scan on predef_special_assigns  (cost=0.00..1.99 rows=1 width=4)
         Filter: (listing_id = 113291)
   ->  Index Scan using predefined_specials_pkey on predefined_specials  (cost=0.00..8.27 rows=1 width=1092)
         Index Cond: (predefined_specials.id = predef_special_assigns.predefined_special_id)
[0m
  [4;35;1mSQL (25.0ms)[0m   [0mSELECT count(*) AS count_all FROM "facility_features" INNER JOIN "listing_features" ON "facility_features".id = "listing_features".facility_feature_id WHERE (("listing_features".listing_id = 113291)) [0m
  [4;36;1mAnalyzing  Execution Time: 0.025743

[0m   [0;1mAggregate  (cost=51.87..51.88 rows=1 width=0)
   ->  Hash Join  (cost=12.93..51.85 rows=8 width=0)
         Hash Cond: (listing_features.facility_feature_id = facility_features.id)
         ->  Seq Scan on listing_features  (cost=0.00..38.81 rows=8 width=4)
               Filter: (listing_id = 113291)
         ->  Hash  (cost=11.30..11.30 rows=130 width=4)
               ->  Seq Scan on facility_features  (cost=0.00..11.30 rows=130 width=4)
[0m
  [4;35;1mCACHE (0.0ms)[0m   [0mSELECT count(*) AS count_all FROM "facility_features" INNER JOIN "listing_features" ON "facility_features".id = "listing_features".facility_feature_id WHERE (("listing_features".listing_id = 113291)) [0m
  [4;36;1mSQL (1.2ms)[0m   [0;1mSELECT count(*) AS count_all FROM "pictures" WHERE ("pictures".listing_id = 113291) [0m
  [4;35;1mAnalyzing  Execution Time: 0.001553

[0m   [0mAggregate  (cost=15.58..15.59 rows=1 width=0)
   ->  Seq Scan on pictures  (cost=0.00..15.57 rows=3 width=0)
         Filter: (listing_id = 113291)
[0m
Rendered listings/_listing (558.8ms)
  [4;36;1mMailingAddress Load (1.2ms)[0m   [0;1mSELECT * FROM "mailing_addresses" WHERE ("mailing_addresses".user_id = 25586) LIMIT 1[0m
  [4;35;1mAnalyzing MailingAddress Load Execution Time: 0.001899

[0m   [0mLimit  (cost=0.00..8.27 rows=1 width=106)
   ->  Index Scan using index_mailing_addresses_on_client_id_and_city_and_state on mailing_addresses  (cost=0.00..8.27 rows=1 width=106)
         Index Cond: (user_id = 25586)
[0m
Rendered clients/_owner_info (22.0ms)
  [4;36;1mUserHintPlacement Load (0.9ms)[0m   [0;1mSELECT * FROM "user_hint_placements" WHERE ("user_hint_placements".user_id = 25586) [0m
  [4;35;1mAnalyzing UserHintPlacement Load Execution Time: 0.001948

[0m   [0mIndex Scan using index_user_hint_placements_on_user_id on user_hint_placements  (cost=0.00..8.39 rows=8 width=33)
   Index Cond: (user_id = 25586)
[0m
  [4;36;1mAccountSetting Load (0.9ms)[0m   [0;1mSELECT * FROM "account_settings" WHERE ("account_settings".client_id = 25586) LIMIT 1[0m
  [4;35;1mAnalyzing AccountSetting Load Execution Time: 0.001282

[0m   [0mLimit  (cost=0.00..1.65 rows=1 width=80)
   ->  Seq Scan on account_settings  (cost=0.00..1.65 rows=1 width=80)
         Filter: (client_id = 25586)
[0m
Rendered clients/_settings (78.0ms)
  [4;36;1mSQL (7.2ms)[0m   [0;1mSELECT count(*) AS count_all FROM "user_stats" WHERE ("user_stats".user_id = 25586) [0m
  [4;35;1mAnalyzing  Execution Time: 0.007737

[0m   [0mAggregate  (cost=678.85..678.86 rows=1 width=0)
   ->  Seq Scan on user_stats  (cost=0.00..678.81 rows=14 width=0)
         Filter: (user_id = 25586)
[0m
  [4;36;1mUserStat Load (2.2ms)[0m   [0;1mSELECT * FROM "user_stats" WHERE ("user_stats".user_id = 25586) ORDER BY user_stats.id DESC LIMIT 1[0m
  [4;35;1mAnalyzing UserStat Load Execution Time: 0.002683

[0m   [0mLimit  (cost=0.00..64.69 rows=1 width=1370)
   ->  Index Scan Backward using user_stats_pkey on user_stats  (cost=0.00..905.65 rows=14 width=1370)
         Filter: (user_id = 25586)
[0m
Rendered user_stats/_user_stat (2.2ms)
Completed in 2318ms (View: 1670, DB: 92) | 200 OK [https://localhost/clients/25586]
** has_many_polymorphs: autoload hook invoked
** has_many_polymorphs: preloading parent model Block
** has_many_polymorphs: associating Block.models
  [4;36;1mSQL (0.2ms)[0m   [0;1mSET client_min_messages TO 'panic'[0m
  [4;35;1mSQL (0.1ms)[0m   [0mSET client_min_messages TO 'notice'[0m
** has_many_polymorphs: preloading parent model View
** has_many_polymorphs: associating View.models
  [4;36;1mSQL (0.2ms)[0m   [0;1mSET client_min_messages TO 'panic'[0m
  [4;35;1mSQL (0.1ms)[0m   [0mSET client_min_messages TO 'notice'[0m


Processing ClientsController#show (for 127.0.0.1 at 2011-04-26 18:10:56) [GET]
  Parameters: {"action"=>"show", "id"=>"25586", "controller"=>"clients"}
  [4;36;1mUser Load (1.6ms)[0m   [0;1mSELECT * FROM "users" WHERE ("users"."id" = E'1') LIMIT 1[0m
  [4;35;1mAnalyzing User Load Execution Time: 0.002795

[0m   [0mLimit  (cost=0.00..8.27 rows=1 width=574)
   ->  Index Scan using users_pkey on users  (cost=0.00..8.27 rows=1 width=574)
         Index Cond: (id = 1)
[0m
  [4;36;1mSQL (0.2ms)[0m   [0;1mBEGIN[0m
  [4;35;1mUser Update (3.3ms)[0m   [0mUPDATE "users" SET "updated_at" = '2011-04-26 22:10:56.464848', "perishable_token" = E'nBS5a9dYYSxv5P0gJrST', "last_request_at" = '2011-04-26 22:10:56.461489' WHERE "id" = 1[0m
  [4;36;1mSQL (0.6ms)[0m   [0;1mCOMMIT[0m
  [4;35;1mRole Load (0.4ms)[0m   [0mSELECT * FROM "roles" WHERE ("roles"."id" = 1) [0m
  [4;36;1mAnalyzing Role Load Execution Time: 0.0007

[0m   [0;1mIndex Scan using roles_pkey on roles  (cost=0.00..8.27 rows=1 width=536)
   Index Cond: (id = 1)
[0m
  [4;35;1mClient Load (2.5ms)[0m   [0mSELECT * FROM "users" WHERE ("users"."id" = 25586) AND ( ("users"."type" = 'Client' ) ) LIMIT 1[0m
  [4;36;1mAnalyzing Client Load Execution Time: 0.00503

[0m   [0;1mLimit  (cost=0.00..8.27 rows=1 width=574)
   ->  Index Scan using users_pkey on users  (cost=0.00..8.27 rows=1 width=574)
         Index Cond: (id = 25586)
         Filter: ((type)::text = 'Client'::text)
[0m
Rendering clients/show
  [4;35;1mUser Load (0.7ms)[0m   [0mSELECT * FROM "users" WHERE ("users"."id" = 25586) [0m
  [4;36;1mAnalyzing User Load Execution Time: 0.001491

[0m   [0;1mIndex Scan using users_pkey on users  (cost=0.00..8.27 rows=1 width=574)
   Index Cond: (id = 25586)
[0m
  [4;35;1mSQL (9.1ms)[0m   [0mSELECT count(*) AS count_all FROM "listings" WHERE ("listings".user_id = 25586 AND (enabled IS TRUE)) [0m
  [4;36;1mAnalyzing  Execution Time: 0.009923

[0m   [0;1mAggregate  (cost=1615.81..1615.82 rows=1 width=0)
   ->  Index Scan using index_listings_on_id_and_user_id_and_title on listings  (cost=0.00..1615.79 rows=4 width=0)
         Index Cond: (user_id = 25586)
         Filter: (enabled IS TRUE)
[0m
  [4;35;1mListing Load (3.2ms)[0m   [0mSELECT * FROM "listings" WHERE ("listings".user_id = 25586) [0m
  [4;36;1mAnalyzing Listing Load Execution Time: 0.004258

[0m   [0;1mIndex Scan using index_listings_on_id_and_user_id_and_title on listings  (cost=0.00..1615.79 rows=4 width=1172)
   Index Cond: (user_id = 25586)
[0m
  [4;35;1mFacilityInfo Load (1.2ms)[0m   [0mSELECT * FROM "facility_infos" WHERE ("facility_infos".listing_id = 113291) LIMIT 1[0m
  [4;36;1mAnalyzing FacilityInfo Load Execution Time: 0.001646

[0m   [0;1mLimit  (cost=0.00..10.00 rows=1 width=8362)
   ->  Seq Scan on facility_infos  (cost=0.00..10.00 rows=1 width=8362)
         Filter: (listing_id = 113291)
[0m
  [4;35;1mRole Load (0.5ms)[0m   [0mSELECT * FROM "roles" WHERE ("roles"."id" = 4) [0m
  [4;36;1mAnalyzing Role Load Execution Time: 0.000927

[0m   [0;1mIndex Scan using roles_pkey on roles  (cost=0.00..8.27 rows=1 width=536)
   Index Cond: (id = 4)
[0m
Rendered users/_user_info (20.0ms)
Rendered notes/_form (3.2ms)
  [4;35;1mNote Load (0.8ms)[0m   [0mSELECT * FROM "notes" WHERE ("notes".user_id = 25586) [0m
  [4;36;1mAnalyzing Note Load Execution Time: 0.013098

[0m   [0;1mSeq Scan on notes  (cost=0.00..11.62 rows=1 width=576)
   Filter: (user_id = 25586)
[0m
  [4;35;1mUser Load (0.6ms)[0m   [0mSELECT * FROM "users" WHERE ("users"."id" = 1) [0m
  [4;36;1mAnalyzing User Load Execution Time: 0.002497

[0m   [0;1mIndex Scan using users_pkey on users  (cost=0.00..8.27 rows=1 width=574)
   Index Cond: (id = 1)
[0m
Rendered notes/_note (8.1ms)
  [4;35;1mCACHE (0.0ms)[0m   [0mSELECT * FROM "users" WHERE ("users"."id" = 1) [0m
Rendered notes/_note (2.7ms)
Rendered notes/_client_notes (310.3ms)
  [4;36;1mSQL (0.7ms)[0m   [0;1mSELECT count(*) AS count_all FROM "claimed_listings" WHERE ("claimed_listings".client_id = 25586) [0m
  [4;35;1mAnalyzing  Execution Time: 0.001044

[0m   [0mAggregate  (cost=27.27..27.28 rows=1 width=0)
   ->  Seq Scan on claimed_listings  (cost=0.00..27.25 rows=7 width=0)
         Filter: (client_id = 25586)
[0m
  [4;36;1mClient Load (0.8ms)[0m   [0;1mSELECT * FROM "users" WHERE ("users"."id" = 25586) AND ( ("users"."type" = 'Client' ) ) [0m
  [4;35;1mAnalyzing Client Load Execution Time: 0.001603

[0m   [0mIndex Scan using users_pkey on users  (cost=0.00..8.27 rows=1 width=574)
   Index Cond: (id = 25586)
   Filter: ((type)::text = 'Client'::text)
[0m
  [4;36;1mSQL (1.0ms)[0m   [0;1mSELECT count(*) AS count_all FROM "sizes" WHERE ("sizes".listing_id = 113291) [0m
  [4;35;1mAnalyzing  Execution Time: 0.001414

[0m   [0mAggregate  (cost=18.55..18.56 rows=1 width=0)
   ->  Bitmap Heap Scan on sizes  (cost=4.30..18.53 rows=7 width=0)
         Recheck Cond: (listing_id = 113291)
         ->  Bitmap Index Scan on index_sizes_on_listing_id_and_price  (cost=0.00..4.30 rows=7 width=0)
               Index Cond: (listing_id = 113291)
[0m
  [4;36;1mSQL (2.5ms)[0m   [0;1mSELECT count(*) AS count_all FROM "business_hours" WHERE ("business_hours".listing_id = 113291) [0m
  [4;35;1mAnalyzing  Execution Time: 0.002867

[0m   [0mAggregate  (cost=99.56..99.57 rows=1 width=0)
   ->  Seq Scan on business_hours  (cost=0.00..99.53 rows=13 width=0)
         Filter: (listing_id = 113291)
[0m
  [4;36;1mSQL (1.0ms)[0m   [0;1mSELECT count(*) AS count_all FROM "comments" WHERE ("comments".commentable_id = 113291 AND "comments".commentable_type = E'Listing') [0m
  [4;35;1mAnalyzing  Execution Time: 0.001345

[0m   [0mAggregate  (cost=10.91..10.92 rows=1 width=0)
   ->  Seq Scan on comments  (cost=0.00..10.90 rows=1 width=0)
         Filter: ((commentable_id = 113291) AND ((commentable_type)::text = 'Listing'::text))
[0m
  [4;36;1mPredefinedSpecial Load (2.1ms)[0m   [0;1mSELECT "predefined_specials".* FROM "predefined_specials" INNER JOIN "predef_special_assigns" ON "predefined_specials".id = "predef_special_assigns".predefined_special_id WHERE (("predef_special_assigns".listing_id = 113291)) [0m
  [4;35;1mAnalyzing PredefinedSpecial Load Execution Time: 0.292331

[0m   [0mNested Loop  (cost=0.00..10.27 rows=1 width=1092)
   ->  Seq Scan on predef_special_assigns  (cost=0.00..1.99 rows=1 width=4)
         Filter: (listing_id = 113291)
   ->  Index Scan using predefined_specials_pkey on predefined_specials  (cost=0.00..8.27 rows=1 width=1092)
         Index Cond: (predefined_specials.id = predef_special_assigns.predefined_special_id)
[0m
  [4;36;1mSQL (1.7ms)[0m   [0;1mSELECT count(*) AS count_all FROM "facility_features" INNER JOIN "listing_features" ON "facility_features".id = "listing_features".facility_feature_id WHERE (("listing_features".listing_id = 113291)) [0m
  [4;35;1mAnalyzing  Execution Time: 0.002214

[0m   [0mAggregate  (cost=51.87..51.88 rows=1 width=0)
   ->  Hash Join  (cost=12.93..51.85 rows=8 width=0)
         Hash Cond: (listing_features.facility_feature_id = facility_features.id)
         ->  Seq Scan on listing_features  (cost=0.00..38.81 rows=8 width=4)
               Filter: (listing_id = 113291)
         ->  Hash  (cost=11.30..11.30 rows=130 width=4)
               ->  Seq Scan on facility_features  (cost=0.00..11.30 rows=130 width=4)
[0m
  [4;36;1mCACHE (0.0ms)[0m   [0;1mSELECT count(*) AS count_all FROM "facility_features" INNER JOIN "listing_features" ON "facility_features".id = "listing_features".facility_feature_id WHERE (("listing_features".listing_id = 113291)) [0m
  [4;35;1mSQL (4.8ms)[0m   [0mSELECT count(*) AS count_all FROM "pictures" WHERE ("pictures".listing_id = 113291) [0m
  [4;36;1mAnalyzing  Execution Time: 0.005228

[0m   [0;1mAggregate  (cost=15.58..15.59 rows=1 width=0)
   ->  Seq Scan on pictures  (cost=0.00..15.57 rows=3 width=0)
         Filter: (listing_id = 113291)
[0m
Rendered listings/_listing (537.6ms)
  [4;35;1mMailingAddress Load (1.2ms)[0m   [0mSELECT * FROM "mailing_addresses" WHERE ("mailing_addresses".user_id = 25586) LIMIT 1[0m
  [4;36;1mAnalyzing MailingAddress Load Execution Time: 0.001821

[0m   [0;1mLimit  (cost=0.00..8.27 rows=1 width=106)
   ->  Index Scan using index_mailing_addresses_on_client_id_and_city_and_state on mailing_addresses  (cost=0.00..8.27 rows=1 width=106)
         Index Cond: (user_id = 25586)
[0m
Rendered clients/_owner_info (23.9ms)
  [4;35;1mUserHintPlacement Load (5.9ms)[0m   [0mSELECT * FROM "user_hint_placements" WHERE ("user_hint_placements".user_id = 25586) [0m
  [4;36;1mAnalyzing UserHintPlacement Load Execution Time: 0.006934

[0m   [0;1mIndex Scan using index_user_hint_placements_on_user_id on user_hint_placements  (cost=0.00..8.39 rows=8 width=33)
   Index Cond: (user_id = 25586)
[0m
  [4;35;1mAccountSetting Load (1.8ms)[0m   [0mSELECT * FROM "account_settings" WHERE ("account_settings".client_id = 25586) LIMIT 1[0m
  [4;36;1mAnalyzing AccountSetting Load Execution Time: 0.002371

[0m   [0;1mLimit  (cost=0.00..1.65 rows=1 width=80)
   ->  Seq Scan on account_settings  (cost=0.00..1.65 rows=1 width=80)
         Filter: (client_id = 25586)
[0m
Rendered clients/_settings (82.4ms)
  [4;35;1mSQL (10.5ms)[0m   [0mSELECT count(*) AS count_all FROM "user_stats" WHERE ("user_stats".user_id = 25586) [0m
  [4;36;1mAnalyzing  Execution Time: 0.01091

[0m   [0;1mAggregate  (cost=678.85..678.86 rows=1 width=0)
   ->  Seq Scan on user_stats  (cost=0.00..678.81 rows=14 width=0)
         Filter: (user_id = 25586)
[0m
  [4;35;1mUserStat Load (0.9ms)[0m   [0mSELECT * FROM "user_stats" WHERE ("user_stats".user_id = 25586) ORDER BY user_stats.id DESC LIMIT 1[0m
  [4;36;1mAnalyzing UserStat Load Execution Time: 0.001354

[0m   [0;1mLimit  (cost=0.00..64.69 rows=1 width=1370)
   ->  Index Scan Backward using user_stats_pkey on user_stats  (cost=0.00..905.65 rows=14 width=1370)
         Filter: (user_id = 25586)
[0m
Rendered user_stats/_user_stat (3.6ms)
Completed in 1581ms (View: 1112, DB: 82) | 200 OK [https://localhost/clients/25586]
** has_many_polymorphs: autoload hook invoked
** has_many_polymorphs: preloading parent model Block
** has_many_polymorphs: associating Block.models
  [4;35;1mSQL (0.7ms)[0m   [0mSET client_min_messages TO 'panic'[0m
  [4;36;1mSQL (0.1ms)[0m   [0;1mSET client_min_messages TO 'notice'[0m
** has_many_polymorphs: preloading parent model View
** has_many_polymorphs: associating View.models
  [4;35;1mSQL (0.3ms)[0m   [0mSET client_min_messages TO 'panic'[0m
  [4;36;1mSQL (0.1ms)[0m   [0;1mSET client_min_messages TO 'notice'[0m


Processing AdminController#index (for 127.0.0.1 at 2011-04-26 18:12:06) [GET]
  Parameters: {"action"=>"index", "controller"=>"admin"}
  [4;35;1mUser Load (1.7ms)[0m   [0mSELECT * FROM "users" WHERE ("users"."id" = E'1') LIMIT 1[0m
  [4;36;1mAnalyzing User Load Execution Time: 0.002495

[0m   [0;1mLimit  (cost=0.00..8.27 rows=1 width=574)
   ->  Index Scan using users_pkey on users  (cost=0.00..8.27 rows=1 width=574)
         Index Cond: (id = 1)
[0m
  [4;35;1mSQL (0.2ms)[0m   [0mBEGIN[0m
  [4;36;1mUser Update (0.8ms)[0m   [0;1mUPDATE "users" SET "updated_at" = '2011-04-26 22:12:06.266661', "perishable_token" = E'YNQKEvqQlO5zNxT8mY15', "last_request_at" = '2011-04-26 22:12:06.264536' WHERE "id" = 1[0m
  [4;35;1mSQL (0.7ms)[0m   [0mCOMMIT[0m
  [4;36;1mRole Load (0.6ms)[0m   [0;1mSELECT * FROM "roles" WHERE ("roles"."id" = 1) [0m
  [4;35;1mAnalyzing Role Load Execution Time: 0.001006

[0m   [0mIndex Scan using roles_pkey on roles  (cost=0.00..8.27 rows=1 width=536)
   Index Cond: (id = 1)
[0m
Rendering template within layouts/storagelocator
Rendering admin/index
  [4;36;1mBlock Load (1.7ms)[0m   [0;1mSELECT * FROM "blocks" WHERE ("blocks"."show_in_all" = E'header') [0m
  [4;35;1mAnalyzing Block Load Execution Time: 0.002065

[0m   [0mSeq Scan on blocks  (cost=0.00..10.25 rows=1 width=3188)
   Filter: ((show_in_all)::text = 'header'::text)
[0m
  [4;36;1mBlock Load (0.5ms)[0m   [0;1mSELECT * FROM "blocks" WHERE ("blocks"."restful_region" = E'header') [0m
  [4;35;1mAnalyzing Block Load Execution Time: 0.000806

[0m   [0mSeq Scan on blocks  (cost=0.00..10.25 rows=1 width=3188)
   Filter: ((restful_region)::text = 'header'::text)
[0m
  [4;36;1mBlock Load (0.5ms)[0m   [0;1mSELECT * FROM "blocks" WHERE ("blocks"."show_in_all" = E'content_bottom') [0m
  [4;35;1mAnalyzing Block Load Execution Time: 0.000756

[0m   [0mSeq Scan on blocks  (cost=0.00..10.25 rows=1 width=3188)
   Filter: ((show_in_all)::text = 'content_bottom'::text)
[0m
  [4;36;1mBlock Load (4.5ms)[0m   [0;1mSELECT * FROM "blocks" WHERE ("blocks"."restful_region" = E'content_bottom') [0m
  [4;35;1mAnalyzing Block Load Execution Time: 0.006529

[0m   [0mSeq Scan on blocks  (cost=0.00..10.25 rows=1 width=3188)
   Filter: ((restful_region)::text = 'content_bottom'::text)
[0m
  [4;36;1mBlock Load (0.4ms)[0m   [0;1mSELECT * FROM "blocks" WHERE ("blocks"."show_in_all" = E'column_5') [0m
  [4;35;1mAnalyzing Block Load Execution Time: 0.001243

[0m   [0mSeq Scan on blocks  (cost=0.00..10.25 rows=1 width=3188)
   Filter: ((show_in_all)::text = 'column_5'::text)
[0m
  [4;36;1mBlock Load (0.5ms)[0m   [0;1mSELECT * FROM "blocks" WHERE ("blocks"."restful_region" = E'column_5') [0m
  [4;35;1mAnalyzing Block Load Execution Time: 0.001655

[0m   [0mSeq Scan on blocks  (cost=0.00..10.25 rows=1 width=3188)
   Filter: ((restful_region)::text = 'column_5'::text)
[0m
  [4;36;1mBlock Load (0.5ms)[0m   [0;1mSELECT * FROM "blocks" WHERE ("blocks"."show_in_all" = E'more_info') [0m
  [4;35;1mAnalyzing Block Load Execution Time: 0.000973

[0m   [0mSeq Scan on blocks  (cost=0.00..10.25 rows=1 width=3188)
   Filter: ((show_in_all)::text = 'more_info'::text)
[0m
  [4;36;1mBlock Load (0.5ms)[0m   [0;1mSELECT * FROM "blocks" WHERE ("blocks"."restful_region" = E'more_info') [0m
  [4;35;1mAnalyzing Block Load Execution Time: 0.000762

[0m   [0mSeq Scan on blocks  (cost=0.00..10.25 rows=1 width=3188)
   Filter: ((restful_region)::text = 'more_info'::text)
[0m
  [4;36;1mBlocksModel Load (10.8ms)[0m   [0;1mSELECT 'Block' AS polymorphic_parent_class, 'models' AS polymorphic_association_id, blocks_models.block_id AS t0_r3, blocks_models.created_at AS t0_r4, blocks_models.enabled AS t0_r7, blocks_models.id AS t0_r0, blocks_models.model_id AS t0_r1, blocks_models.model_type AS t0_r2, blocks_models.place AS t0_r6, blocks_models.position AS t0_r9, blocks_models.show_title AS t0_r8, blocks_models.updated_at AS t0_r5, links.created_at AS t1_r4, links.group_id AS t1_r6, links.id AS t1_r0, links.path AS t1_r2, links.relative AS t1_r3, links.resource AS t1_r7, links.target_id AS t1_r8, links.title AS t1_r1, links.updated_at AS t1_r5, pages.content AS t2_r7, pages.created_at AS t2_r4, pages.description AS t2_r8, pages.id AS t2_r0, pages.meta_desc AS t2_r13, pages.parent_id AS t2_r2, pages.position AS t2_r10, pages.process_erb AS t2_r11, pages.show_in_nav AS t2_r6, pages.show_title AS t2_r9, pages.title AS t2_r1, pages.updated_at AS t2_r5, pages.url AS t2_r3, pages.use_placeholders AS t2_r12, posts.comments_count AS t3_r7, posts.comments_enabled AS t3_r8, posts.content AS t3_r2, posts.created_at AS t3_r5, posts.id AS t3_r0, posts.impressions_count AS t3_r10, posts.position AS t3_r9, posts.published AS t3_r4, posts.rating_average AS t3_r11, posts.title AS t3_r1, posts.type AS t3_r12, posts.updated_at AS t3_r6, posts.user_id AS t3_r3 FROM "blocks_models" JOIN "blocks" AS polymorphic_parent ON "blocks_models".block_id = polymorphic_parent.id LEFT JOIN "pages" ON "blocks_models".model_id = "pages".id AND "blocks_models".model_type = E'Page' LEFT JOIN "posts" ON "blocks_models".model_id = "posts".id AND "blocks_models".model_type = E'Post' LEFT JOIN "links" ON "blocks_models".model_id = "links".id AND "blocks_models".model_type = E'Link' WHERE (("blocks_models".block_id = 51)) [0m
  [4;35;1mAnalyzing BlocksModel Load Execution Time: 0.011487

[0m   [0mHash Left Join  (cost=32.98..61.21 rows=8 width=3443)
   Hash Cond: (blocks_models.model_id = links.id)
   Join Filter: ((blocks_models.model_type)::text = 'Link'::text)
   ->  Nested Loop  (cost=21.86..49.96 rows=8 width=1866)
         ->  Index Scan using index_blocks_on_id_and_title_and_show_in_all_and_restful_region on blocks polymorphic_parent  (cost=0.00..8.27 rows=1 width=4)
               Index Cond: (id = 51)
         ->  Hash Left Join  (cost=21.86..41.61 rows=8 width=1866)
               Hash Cond: (blocks_models.model_id = pages.id)
               Join Filter: ((blocks_models.model_type)::text = 'Page'::text)
               ->  Hash Left Join  (cost=10.51..30.13 rows=8 width=706)
                     Hash Cond: (blocks_models.model_id = posts.id)
                     Join Filter: ((blocks_models.model_type)::text = 'Post'::text)
                     ->  Bitmap Heap Scan on blocks_models  (cost=4.31..23.81 rows=8 width=41)
                           Recheck Cond: (block_id = 51)
                           ->  Bitmap Index Scan on index_blocks_models_on_block_id_and_model_id_and_model_type  (cost=0.00..4.31 rows=8 width=0)
                                 Index Cond: (block_id = 51)
                     ->  Hash  (cost=5.53..5.53 rows=53 width=665)
                           ->  Seq Scan on posts  (cost=0.00..5.53 rows=53 width=665)
               ->  Hash  (cost=10.60..10.60 rows=60 width=1160)
                     ->  Seq Scan on pages  (cost=0.00..10.60 rows=60 width=1160)
   ->  Hash  (cost=10.50..10.50 rows=50 width=1577)
         ->  Seq Scan on links  (cost=0.00..10.50 rows=50 width=1577)
[0m
Rendered shared/_model_options (16.2ms)
  [4;36;1mSQL (1.5ms)[0m   [0;1mSELECT count(*) AS count_all FROM "views" INNER JOIN "models_views" ON "views".id = "models_views".view_id WHERE (("models_views".model_type = E'Block') AND ("models_views".model_id = 51)) [0m
  [4;35;1mAnalyzing  Execution Time: 0.001908

[0m   [0mAggregate  (cost=16.56..16.57 rows=1 width=0)
   ->  Nested Loop  (cost=0.00..16.55 rows=1 width=0)
         ->  Index Scan using index_models_views_on_model_id_and_view_id_and_model_type on models_views  (cost=0.00..8.27 rows=1 width=4)
               Index Cond: ((model_id = 51) AND ((model_type)::text = 'Block'::text))
         ->  Index Scan using views_pkey on views  (cost=0.00..8.27 rows=1 width=4)
               Index Cond: (views.id = models_views.view_id)
[0m
  [4;36;1mSQL (2.1ms)[0m   [0;1mSELECT count(*) AS count_all FROM "forms" INNER JOIN "block_forms" ON "forms".id = "block_forms".form_id WHERE (("block_forms".block_id = 51)) [0m
  [4;35;1mAnalyzing  Execution Time: 0.002598

[0m   [0mAggregate  (cost=24.33..24.34 rows=1 width=0)
   ->  Hash Join  (cost=13.84..24.31 rows=6 width=0)
         Hash Cond: (forms.id = block_forms.form_id)
         ->  Seq Scan on forms  (cost=0.00..10.30 rows=30 width=4)
         ->  Hash  (cost=13.76..13.76 rows=6 width=4)
               ->  Bitmap Heap Scan on block_forms  (cost=4.30..13.76 rows=6 width=4)
                     Recheck Cond: (block_id = 51)
                     ->  Bitmap Index Scan on index_block_forms_on_block_id_and_form_id  (cost=0.00..4.30 rows=6 width=0)
                           Index Cond: (block_id = 51)
[0m
Rendered blocks/_block (292.1ms)
  [4;36;1mBlock Load (0.6ms)[0m   [0;1mSELECT * FROM "blocks" WHERE ("blocks"."show_in_all" = E'footer') [0m
  [4;35;1mAnalyzing Block Load Execution Time: 0.000997

[0m   [0mSeq Scan on blocks  (cost=0.00..10.25 rows=1 width=3188)
   Filter: ((show_in_all)::text = 'footer'::text)
[0m
  [4;36;1mBlock Load (0.8ms)[0m   [0;1mSELECT * FROM "blocks" WHERE ("blocks"."restful_region" = E'footer') [0m
  [4;35;1mAnalyzing Block Load Execution Time: 0.001454

[0m   [0mSeq Scan on blocks  (cost=0.00..10.25 rows=1 width=3188)
   Filter: ((restful_region)::text = 'footer'::text)
[0m
  [4;36;1mBlocksModel Load (2.4ms)[0m   [0;1mSELECT 'Block' AS polymorphic_parent_class, 'models' AS polymorphic_association_id, blocks_models.block_id AS t0_r3, blocks_models.created_at AS t0_r4, blocks_models.enabled AS t0_r7, blocks_models.id AS t0_r0, blocks_models.model_id AS t0_r1, blocks_models.model_type AS t0_r2, blocks_models.place AS t0_r6, blocks_models.position AS t0_r9, blocks_models.show_title AS t0_r8, blocks_models.updated_at AS t0_r5, links.created_at AS t1_r4, links.group_id AS t1_r6, links.id AS t1_r0, links.path AS t1_r2, links.relative AS t1_r3, links.resource AS t1_r7, links.target_id AS t1_r8, links.title AS t1_r1, links.updated_at AS t1_r5, pages.content AS t2_r7, pages.created_at AS t2_r4, pages.description AS t2_r8, pages.id AS t2_r0, pages.meta_desc AS t2_r13, pages.parent_id AS t2_r2, pages.position AS t2_r10, pages.process_erb AS t2_r11, pages.show_in_nav AS t2_r6, pages.show_title AS t2_r9, pages.title AS t2_r1, pages.updated_at AS t2_r5, pages.url AS t2_r3, pages.use_placeholders AS t2_r12, posts.comments_count AS t3_r7, posts.comments_enabled AS t3_r8, posts.content AS t3_r2, posts.created_at AS t3_r5, posts.id AS t3_r0, posts.impressions_count AS t3_r10, posts.position AS t3_r9, posts.published AS t3_r4, posts.rating_average AS t3_r11, posts.title AS t3_r1, posts.type AS t3_r12, posts.updated_at AS t3_r6, posts.user_id AS t3_r3 FROM "blocks_models" JOIN "blocks" AS polymorphic_parent ON "blocks_models".block_id = polymorphic_parent.id LEFT JOIN "pages" ON "blocks_models".model_id = "pages".id AND "blocks_models".model_type = E'Page' LEFT JOIN "posts" ON "blocks_models".model_id = "posts".id AND "blocks_models".model_type = E'Post' LEFT JOIN "links" ON "blocks_models".model_id = "links".id AND "blocks_models".model_type = E'Link' WHERE (("blocks_models".block_id = 49)) [0m
  [4;35;1mAnalyzing BlocksModel Load Execution Time: 0.003077

[0m   [0mHash Left Join  (cost=32.98..61.21 rows=8 width=3443)
   Hash Cond: (blocks_models.model_id = links.id)
   Join Filter: ((blocks_models.model_type)::text = 'Link'::text)
   ->  Nested Loop  (cost=21.86..49.96 rows=8 width=1866)
         ->  Index Scan using index_blocks_on_id_and_title_and_show_in_all_and_restful_region on blocks polymorphic_parent  (cost=0.00..8.27 rows=1 width=4)
               Index Cond: (id = 49)
         ->  Hash Left Join  (cost=21.86..41.61 rows=8 width=1866)
               Hash Cond: (blocks_models.model_id = pages.id)
               Join Filter: ((blocks_models.model_type)::text = 'Page'::text)
               ->  Hash Left Join  (cost=10.51..30.13 rows=8 width=706)
                     Hash Cond: (blocks_models.model_id = posts.id)
                     Join Filter: ((blocks_models.model_type)::text = 'Post'::text)
                     ->  Bitmap Heap Scan on blocks_models  (cost=4.31..23.81 rows=8 width=41)
                           Recheck Cond: (block_id = 49)
                           ->  Bitmap Index Scan on index_blocks_models_on_block_id_and_model_id_and_model_type  (cost=0.00..4.31 rows=8 width=0)
                                 Index Cond: (block_id = 49)
                     ->  Hash  (cost=5.53..5.53 rows=53 width=665)
                           ->  Seq Scan on posts  (cost=0.00..5.53 rows=53 width=665)
               ->  Hash  (cost=10.60..10.60 rows=60 width=1160)
                     ->  Seq Scan on pages  (cost=0.00..10.60 rows=60 width=1160)
   ->  Hash  (cost=10.50..10.50 rows=50 width=1577)
         ->  Seq Scan on links  (cost=0.00..10.50 rows=50 width=1577)
[0m
Rendered shared/_model_options (5.2ms)
Rendered pages/_footer_bottom (0.4ms)
  [4;36;1mSQL (0.7ms)[0m   [0;1mSELECT count(*) AS count_all FROM "views" INNER JOIN "models_views" ON "views".id = "models_views".view_id WHERE (("models_views".model_type = E'Block') AND ("models_views".model_id = 49)) [0m
  [4;35;1mAnalyzing  Execution Time: 0.005159

[0m   [0mAggregate  (cost=16.56..16.57 rows=1 width=0)
   ->  Nested Loop  (cost=0.00..16.55 rows=1 width=0)
         ->  Index Scan using index_models_views_on_model_id_and_view_id_and_model_type on models_views  (cost=0.00..8.27 rows=1 width=4)
               Index Cond: ((model_id = 49) AND ((model_type)::text = 'Block'::text))
         ->  Index Scan using views_pkey on views  (cost=0.00..8.27 rows=1 width=4)
               Index Cond: (views.id = models_views.view_id)
[0m
  [4;36;1mSQL (0.7ms)[0m   [0;1mSELECT count(*) AS count_all FROM "forms" INNER JOIN "block_forms" ON "forms".id = "block_forms".form_id WHERE (("block_forms".block_id = 49)) [0m
  [4;35;1mAnalyzing  Execution Time: 0.001078

[0m   [0mAggregate  (cost=24.33..24.34 rows=1 width=0)
   ->  Hash Join  (cost=13.84..24.31 rows=6 width=0)
         Hash Cond: (forms.id = block_forms.form_id)
         ->  Seq Scan on forms  (cost=0.00..10.30 rows=30 width=4)
         ->  Hash  (cost=13.76..13.76 rows=6 width=4)
               ->  Bitmap Heap Scan on block_forms  (cost=4.30..13.76 rows=6 width=4)
                     Recheck Cond: (block_id = 49)
                     ->  Bitmap Index Scan on index_block_forms_on_block_id_and_form_id  (cost=0.00..4.30 rows=6 width=0)
                           Index Cond: (block_id = 49)
[0m
Rendered blocks/_block (40.6ms)
  [4;36;1mBlock Load (0.6ms)[0m   [0;1mSELECT * FROM "blocks" WHERE ("blocks"."show_in_all" = E'head_bar') [0m
  [4;35;1mAnalyzing Block Load Execution Time: 0.000857

[0m   [0mSeq Scan on blocks  (cost=0.00..10.25 rows=1 width=3188)
   Filter: ((show_in_all)::text = 'head_bar'::text)
[0m
  [4;36;1mBlock Load (0.5ms)[0m   [0;1mSELECT * FROM "blocks" WHERE ("blocks"."restful_region" = E'head_bar') [0m
  [4;35;1mAnalyzing Block Load Execution Time: 0.002122

[0m   [0mSeq Scan on blocks  (cost=0.00..10.25 rows=1 width=3188)
   Filter: ((restful_region)::text = 'head_bar'::text)
[0m
Rendered menus/_topnav (10.1ms)
  [4;36;1mPage Load (0.6ms)[0m   [0;1mSELECT * FROM "pages" WHERE ("pages"."title" = E'Self Storage') LIMIT 1[0m
  [4;35;1mAnalyzing Page Load Execution Time: 0.001096

[0m   [0mLimit  (cost=0.00..10.75 rows=1 width=1160)
   ->  Seq Scan on pages  (cost=0.00..10.75 rows=1 width=1160)
         Filter: ((title)::text = 'Self Storage'::text)
[0m
Rendered pages/_home (10.4ms)
Rendered user_sessions/_form (17.8ms)
Completed in 626ms (View: 438, DB: 60) | 200 OK [https://localhost/admin]
** has_many_polymorphs: autoload hook invoked
** has_many_polymorphs: preloading parent model Block
** has_many_polymorphs: associating Block.models
  [4;36;1mSQL (0.2ms)[0m   [0;1mSET client_min_messages TO 'panic'[0m
  [4;35;1mSQL (0.8ms)[0m   [0mSET client_min_messages TO 'notice'[0m
** has_many_polymorphs: preloading parent model View
** has_many_polymorphs: associating View.models
  [4;36;1mSQL (1.5ms)[0m   [0;1mSET client_min_messages TO 'panic'[0m
  [4;35;1mSQL (0.1ms)[0m   [0mSET client_min_messages TO 'notice'[0m


Processing ClientsController#index (for 127.0.0.1 at 2011-04-26 18:12:12) [GET]
  Parameters: {"action"=>"index", "controller"=>"clients"}
  [4;36;1mUser Load (1.9ms)[0m   [0;1mSELECT * FROM "users" WHERE ("users"."id" = E'1') LIMIT 1[0m
  [4;35;1mAnalyzing User Load Execution Time: 0.005545

[0m   [0mLimit  (cost=0.00..8.27 rows=1 width=574)
   ->  Index Scan using users_pkey on users  (cost=0.00..8.27 rows=1 width=574)
         Index Cond: (id = 1)
[0m
  [4;36;1mSQL (0.2ms)[0m   [0;1mBEGIN[0m
  [4;35;1mUser Update (0.9ms)[0m   [0mUPDATE "users" SET "updated_at" = '2011-04-26 22:12:12.842821', "perishable_token" = E'k8Qv6uC354jBYPgUVaa', "last_request_at" = '2011-04-26 22:12:12.835435' WHERE "id" = 1[0m
  [4;36;1mSQL (4.3ms)[0m   [0;1mCOMMIT[0m
  [4;35;1mRole Load (0.8ms)[0m   [0mSELECT * FROM "roles" WHERE ("roles"."id" = 1) [0m
  [4;36;1mAnalyzing Role Load Execution Time: 0.029999

[0m   [0;1mIndex Scan using roles_pkey on roles  (cost=0.00..8.27 rows=1 width=536)
   Index Cond: (id = 1)
[0m
  [4;35;1mClient Load (11.2ms)[0m   [0mSELECT * FROM "users" WHERE ("users"."status" = E'active') AND ( ("users"."type" = 'Client' ) ) ORDER BY created_at DESC LIMIT 20 OFFSET 0[0m
  [4;36;1mAnalyzing Client Load Execution Time: 0.031115

[0m   [0;1mLimit  (cost=34.49..34.54 rows=20 width=574)
   ->  Sort  (cost=34.49..35.15 rows=265 width=574)
         Sort Key: created_at
         ->  Seq Scan on users  (cost=0.00..27.44 rows=265 width=574)
               Filter: (((status)::text = 'active'::text) AND ((type)::text = 'Client'::text))
[0m
  [4;35;1mSQL (1.6ms)[0m   [0mSELECT count(*) AS count_all FROM "users" WHERE ("users"."status" = E'active') AND ( ("users"."type" = 'Client' ) ) [0m
  [4;36;1mAnalyzing  Execution Time: 0.004134

[0m   [0;1mAggregate  (cost=28.10..28.11 rows=1 width=0)
   ->  Seq Scan on users  (cost=0.00..27.44 rows=265 width=0)
         Filter: (((status)::text = 'active'::text) AND ((type)::text = 'Client'::text))
[0m
Rendering clients/index
  [4;35;1mSQL (1.1ms)[0m   [0mSELECT count(*) AS count_all FROM "users" WHERE ( ("users"."type" = 'Client' ) ) [0m
  [4;36;1mAnalyzing  Execution Time: 0.001461

[0m   [0;1mAggregate  (cost=27.42..27.43 rows=1 width=0)
   ->  Seq Scan on users  (cost=0.00..26.70 rows=288 width=0)
         Filter: ((type)::text = 'Client'::text)
[0m
  [4;35;1mSQL (1.2ms)[0m   [0mSELECT count(*) AS count_all FROM "users" WHERE (status != E'active') AND ( ("users"."type" = 'Client' ) ) [0m
  [4;36;1mAnalyzing  Execution Time: 0.001554

[0m   [0;1mAggregate  (cost=27.50..27.51 rows=1 width=0)
   ->  Seq Scan on users  (cost=0.00..27.44 rows=23 width=0)
         Filter: (((status)::text <> 'active'::text) AND ((type)::text = 'Client'::text))
[0m
  [4;35;1mCACHE (0.0ms)[0m   [0mSELECT count(*) AS count_all FROM "users" WHERE ("users"."status" = E'active') AND ( ("users"."type" = 'Client' ) ) [0m
  [4;36;1mHelptext Load (1.1ms)[0m   [0;1mSELECT * FROM "helptexts" WHERE ("helptexts"."model" = E'client') LIMIT 1[0m
  [4;35;1mAnalyzing Helptext Load Execution Time: 0.007498

[0m   [0mLimit  (cost=0.00..11.50 rows=1 width=601)
   ->  Seq Scan on helptexts  (cost=0.00..11.50 rows=1 width=601)
         Filter: ((model)::text = 'client'::text)
[0m
Rendered helptexts/_helptext (2.5ms)
Rendered shared/_model_new_back_buttons (4.0ms)
Rendered shared/_model_search (4.0ms)
Rendered menus/_view_type_links (9.6ms)
Rendered shared/_model_sort (11.6ms)
  [4;36;1mRole Load (0.6ms)[0m   [0;1mSELECT * FROM "roles" WHERE ("roles"."id" = 4) [0m
  [4;35;1mAnalyzing Role Load Execution Time: 0.001091

[0m   [0mIndex Scan using roles_pkey on roles  (cost=0.00..8.27 rows=1 width=536)
   Index Cond: (id = 4)
[0m
Rendered users/_user_info (33.8ms)
Rendered shared/_edit_delete_link (5.5ms)
  [4;36;1mSQL (4.2ms)[0m   [0;1mSELECT count(*) AS count_all FROM "listings" WHERE ("listings".user_id = 25586) [0m
  [4;35;1mAnalyzing  Execution Time: 0.007826

[0m   [0mAggregate  (cost=1615.81..1615.82 rows=1 width=0)
   ->  Index Scan using index_listings_on_id_and_user_id_and_title on listings  (cost=0.00..1615.79 rows=4 width=0)
         Index Cond: (user_id = 25586)
[0m
  [4;36;1mSQL (0.7ms)[0m   [0;1mSELECT count(*) AS count_all FROM "claimed_listings" WHERE ("claimed_listings".client_id = 25586) [0m
  [4;35;1mAnalyzing  Execution Time: 0.001328

[0m   [0mAggregate  (cost=27.27..27.28 rows=1 width=0)
   ->  Seq Scan on claimed_listings  (cost=0.00..27.25 rows=7 width=0)
         Filter: (client_id = 25586)
[0m
  [4;36;1mCACHE (0.0ms)[0m   [0;1mSELECT * FROM "roles" WHERE ("roles"."id" = 4) [0m
Rendered users/_user_info (47.7ms)
Rendered shared/_edit_delete_link (10.0ms)
  [4;35;1mSQL (3.1ms)[0m   [0mSELECT count(*) AS count_all FROM "listings" WHERE ("listings".user_id = 25584) [0m
  [4;36;1mAnalyzing  Execution Time: 0.004106

[0m   [0;1mAggregate  (cost=1615.81..1615.82 rows=1 width=0)
   ->  Index Scan using index_listings_on_id_and_user_id_and_title on listings  (cost=0.00..1615.79 rows=4 width=0)
         Index Cond: (user_id = 25584)
[0m
  [4;35;1mSQL (0.4ms)[0m   [0mSELECT count(*) AS count_all FROM "claimed_listings" WHERE ("claimed_listings".client_id = 25584) [0m
  [4;36;1mAnalyzing  Execution Time: 0.000769

[0m   [0;1mAggregate  (cost=27.27..27.28 rows=1 width=0)
   ->  Seq Scan on claimed_listings  (cost=0.00..27.25 rows=7 width=0)
         Filter: (client_id = 25584)
[0m
  [4;35;1mCACHE (0.0ms)[0m   [0mSELECT * FROM "roles" WHERE ("roles"."id" = 4) [0m
Rendered users/_user_info (302.4ms)
Rendered shared/_edit_delete_link (17.4ms)
  [4;36;1mSQL (2.4ms)[0m   [0;1mSELECT count(*) AS count_all FROM "listings" WHERE ("listings".user_id = 25583) [0m
  [4;35;1mAnalyzing  Execution Time: 0.003048

[0m   [0mAggregate  (cost=1615.81..1615.82 rows=1 width=0)
   ->  Index Scan using index_listings_on_id_and_user_id_and_title on listings  (cost=0.00..1615.79 rows=4 width=0)
         Index Cond: (user_id = 25583)
[0m
  [4;36;1mSQL (0.4ms)[0m   [0;1mSELECT count(*) AS count_all FROM "claimed_listings" WHERE ("claimed_listings".client_id = 25583) [0m
  [4;35;1mAnalyzing  Execution Time: 0.00073

[0m   [0mAggregate  (cost=27.27..27.28 rows=1 width=0)
   ->  Seq Scan on claimed_listings  (cost=0.00..27.25 rows=7 width=0)
         Filter: (client_id = 25583)
[0m
  [4;36;1mCACHE (0.0ms)[0m   [0;1mSELECT * FROM "roles" WHERE ("roles"."id" = 4) [0m
Rendered users/_user_info (57.0ms)
Rendered shared/_edit_delete_link (7.5ms)
  [4;35;1mSQL (2.3ms)[0m   [0mSELECT count(*) AS count_all FROM "listings" WHERE ("listings".user_id = 25582) [0m
  [4;36;1mAnalyzing  Execution Time: 0.002706

[0m   [0;1mAggregate  (cost=1615.81..1615.82 rows=1 width=0)
   ->  Index Scan using index_listings_on_id_and_user_id_and_title on listings  (cost=0.00..1615.79 rows=4 width=0)
         Index Cond: (user_id = 25582)
[0m
  [4;35;1mSQL (0.4ms)[0m   [0mSELECT count(*) AS count_all FROM "claimed_listings" WHERE ("claimed_listings".client_id = 25582) [0m
  [4;36;1mAnalyzing  Execution Time: 0.000782

[0m   [0;1mAggregate  (cost=27.27..27.28 rows=1 width=0)
   ->  Seq Scan on claimed_listings  (cost=0.00..27.25 rows=7 width=0)
         Filter: (client_id = 25582)
[0m
  [4;35;1mCACHE (0.0ms)[0m   [0mSELECT * FROM "roles" WHERE ("roles"."id" = 4) [0m
Rendered users/_user_info (29.5ms)
Rendered shared/_edit_delete_link (13.1ms)
  [4;36;1mSQL (2.8ms)[0m   [0;1mSELECT count(*) AS count_all FROM "listings" WHERE ("listings".user_id = 25581) [0m
  [4;35;1mAnalyzing  Execution Time: 0.005227

[0m   [0mAggregate  (cost=1615.81..1615.82 rows=1 width=0)
   ->  Index Scan using index_listings_on_id_and_user_id_and_title on listings  (cost=0.00..1615.79 rows=4 width=0)
         Index Cond: (user_id = 25581)
[0m
  [4;36;1mSQL (0.5ms)[0m   [0;1mSELECT count(*) AS count_all FROM "claimed_listings" WHERE ("claimed_listings".client_id = 25581) [0m
  [4;35;1mAnalyzing  Execution Time: 0.00094

[0m   [0mAggregate  (cost=27.27..27.28 rows=1 width=0)
   ->  Seq Scan on claimed_listings  (cost=0.00..27.25 rows=7 width=0)
         Filter: (client_id = 25581)
[0m
  [4;36;1mCACHE (0.0ms)[0m   [0;1mSELECT * FROM "roles" WHERE ("roles"."id" = 4) [0m
Rendered users/_user_info (23.0ms)
Rendered shared/_edit_delete_link (32.3ms)
  [4;35;1mSQL (2.4ms)[0m   [0mSELECT count(*) AS count_all FROM "listings" WHERE ("listings".user_id = 25580) [0m
  [4;36;1mAnalyzing  Execution Time: 0.002821

[0m   [0;1mAggregate  (cost=1615.81..1615.82 rows=1 width=0)
   ->  Index Scan using index_listings_on_id_and_user_id_and_title on listings  (cost=0.00..1615.79 rows=4 width=0)
         Index Cond: (user_id = 25580)
[0m
  [4;35;1mSQL (0.5ms)[0m   [0mSELECT count(*) AS count_all FROM "claimed_listings" WHERE ("claimed_listings".client_id = 25580) [0m
  [4;36;1mAnalyzing  Execution Time: 0.00086

[0m   [0;1mAggregate  (cost=27.27..27.28 rows=1 width=0)
   ->  Seq Scan on claimed_listings  (cost=0.00..27.25 rows=7 width=0)
         Filter: (client_id = 25580)
[0m
  [4;35;1mCACHE (0.0ms)[0m   [0mSELECT * FROM "roles" WHERE ("roles"."id" = 4) [0m
Rendered users/_user_info (30.2ms)
Rendered shared/_edit_delete_link (9.1ms)
  [4;36;1mSQL (7.5ms)[0m   [0;1mSELECT count(*) AS count_all FROM "listings" WHERE ("listings".user_id = 25579) [0m
  [4;35;1mAnalyzing  Execution Time: 0.008336

[0m   [0mAggregate  (cost=1615.81..1615.82 rows=1 width=0)
   ->  Index Scan using index_listings_on_id_and_user_id_and_title on listings  (cost=0.00..1615.79 rows=4 width=0)
         Index Cond: (user_id = 25579)
[0m
  [4;36;1mSQL (0.4ms)[0m   [0;1mSELECT count(*) AS count_all FROM "claimed_listings" WHERE ("claimed_listings".client_id = 25579) [0m
  [4;35;1mAnalyzing  Execution Time: 0.000786

[0m   [0mAggregate  (cost=27.27..27.28 rows=1 width=0)
   ->  Seq Scan on claimed_listings  (cost=0.00..27.25 rows=7 width=0)
         Filter: (client_id = 25579)
[0m
  [4;36;1mCACHE (0.0ms)[0m   [0;1mSELECT * FROM "roles" WHERE ("roles"."id" = 4) [0m
Rendered users/_user_info (20.4ms)
Rendered shared/_edit_delete_link (14.5ms)
  [4;35;1mSQL (3.4ms)[0m   [0mSELECT count(*) AS count_all FROM "listings" WHERE ("listings".user_id = 25577) [0m
  [4;36;1mAnalyzing  Execution Time: 0.003816

[0m   [0;1mAggregate  (cost=1615.81..1615.82 rows=1 width=0)
   ->  Index Scan using index_listings_on_id_and_user_id_and_title on listings  (cost=0.00..1615.79 rows=4 width=0)
         Index Cond: (user_id = 25577)
[0m
  [4;35;1mSQL (0.4ms)[0m   [0mSELECT count(*) AS count_all FROM "claimed_listings" WHERE ("claimed_listings".client_id = 25577) [0m
  [4;36;1mAnalyzing  Execution Time: 0.000757

[0m   [0;1mAggregate  (cost=27.27..27.28 rows=1 width=0)
   ->  Seq Scan on claimed_listings  (cost=0.00..27.25 rows=7 width=0)
         Filter: (client_id = 25577)
[0m
  [4;35;1mCACHE (0.0ms)[0m   [0mSELECT * FROM "roles" WHERE ("roles"."id" = 4) [0m
Rendered users/_user_info (23.2ms)
Rendered shared/_edit_delete_link (6.3ms)
  [4;36;1mSQL (3.1ms)[0m   [0;1mSELECT count(*) AS count_all FROM "listings" WHERE ("listings".user_id = 25575) [0m
  [4;35;1mAnalyzing  Execution Time: 0.00356

[0m   [0mAggregate  (cost=1615.81..1615.82 rows=1 width=0)
   ->  Index Scan using index_listings_on_id_and_user_id_and_title on listings  (cost=0.00..1615.79 rows=4 width=0)
         Index Cond: (user_id = 25575)
[0m
  [4;36;1mSQL (1.6ms)[0m   [0;1mSELECT count(*) AS count_all FROM "claimed_listings" WHERE ("claimed_listings".client_id = 25575) [0m
  [4;35;1mAnalyzing  Execution Time: 0.001957

[0m   [0mAggregate  (cost=27.27..27.28 rows=1 width=0)
   ->  Seq Scan on claimed_listings  (cost=0.00..27.25 rows=7 width=0)
         Filter: (client_id = 25575)
[0m
  [4;36;1mCACHE (0.0ms)[0m   [0;1mSELECT * FROM "roles" WHERE ("roles"."id" = 4) [0m
Rendered users/_user_info (25.9ms)
Rendered shared/_edit_delete_link (22.3ms)
  [4;35;1mSQL (2.3ms)[0m   [0mSELECT count(*) AS count_all FROM "listings" WHERE ("listings".user_id = 25573) [0m
  [4;36;1mAnalyzing  Execution Time: 0.002698

[0m   [0;1mAggregate  (cost=1615.81..1615.82 rows=1 width=0)
   ->  Index Scan using index_listings_on_id_and_user_id_and_title on listings  (cost=0.00..1615.79 rows=4 width=0)
         Index Cond: (user_id = 25573)
[0m
  [4;35;1mSQL (0.4ms)[0m   [0mSELECT count(*) AS count_all FROM "claimed_listings" WHERE ("claimed_listings".client_id = 25573) [0m
  [4;36;1mAnalyzing  Execution Time: 0.001021

[0m   [0;1mAggregate  (cost=27.27..27.28 rows=1 width=0)
   ->  Seq Scan on claimed_listings  (cost=0.00..27.25 rows=7 width=0)
         Filter: (client_id = 25573)
[0m
  [4;35;1mCACHE (0.0ms)[0m   [0mSELECT * FROM "roles" WHERE ("roles"."id" = 4) [0m
Rendered users/_user_info (31.1ms)
Rendered shared/_edit_delete_link (22.9ms)
  [4;36;1mSQL (10.6ms)[0m   [0;1mSELECT count(*) AS count_all FROM "listings" WHERE ("listings".user_id = 25571) [0m
  [4;35;1mAnalyzing  Execution Time: 0.011251

[0m   [0mAggregate  (cost=1615.81..1615.82 rows=1 width=0)
   ->  Index Scan using index_listings_on_id_and_user_id_and_title on listings  (cost=0.00..1615.79 rows=4 width=0)
         Index Cond: (user_id = 25571)
[0m
  [4;36;1mSQL (0.4ms)[0m   [0;1mSELECT count(*) AS count_all FROM "claimed_listings" WHERE ("claimed_listings".client_id = 25571) [0m
  [4;35;1mAnalyzing  Execution Time: 0.000843

[0m   [0mAggregate  (cost=27.27..27.28 rows=1 width=0)
   ->  Seq Scan on claimed_listings  (cost=0.00..27.25 rows=7 width=0)
         Filter: (client_id = 25571)
[0m
  [4;36;1mCACHE (0.0ms)[0m   [0;1mSELECT * FROM "roles" WHERE ("roles"."id" = 4) [0m
Rendered users/_user_info (44.4ms)
Rendered shared/_edit_delete_link (15.7ms)
  [4;35;1mSQL (2.4ms)[0m   [0mSELECT count(*) AS count_all FROM "listings" WHERE ("listings".user_id = 25570) [0m
  [4;36;1mAnalyzing  Execution Time: 0.003169

[0m   [0;1mAggregate  (cost=1615.81..1615.82 rows=1 width=0)
   ->  Index Scan using index_listings_on_id_and_user_id_and_title on listings  (cost=0.00..1615.79 rows=4 width=0)
         Index Cond: (user_id = 25570)
[0m
  [4;35;1mSQL (9.2ms)[0m   [0mSELECT count(*) AS count_all FROM "claimed_listings" WHERE ("claimed_listings".client_id = 25570) [0m
  [4;36;1mAnalyzing  Execution Time: 0.009556

[0m   [0;1mAggregate  (cost=27.27..27.28 rows=1 width=0)
   ->  Seq Scan on claimed_listings  (cost=0.00..27.25 rows=7 width=0)
         Filter: (client_id = 25570)
[0m
  [4;35;1mCACHE (0.0ms)[0m   [0mSELECT * FROM "roles" WHERE ("roles"."id" = 4) [0m
Rendered users/_user_info (33.5ms)
Rendered shared/_edit_delete_link (5.1ms)
  [4;36;1mSQL (13.1ms)[0m   [0;1mSELECT count(*) AS count_all FROM "listings" WHERE ("listings".user_id = 25567) [0m
  [4;35;1mAnalyzing  Execution Time: 0.013818

[0m   [0mAggregate  (cost=1615.81..1615.82 rows=1 width=0)
   ->  Index Scan using index_listings_on_id_and_user_id_and_title on listings  (cost=0.00..1615.79 rows=4 width=0)
         Index Cond: (user_id = 25567)
[0m
  [4;36;1mSQL (0.5ms)[0m   [0;1mSELECT count(*) AS count_all FROM "claimed_listings" WHERE ("claimed_listings".client_id = 25567) [0m
  [4;35;1mAnalyzing  Execution Time: 0.000864

[0m   [0mAggregate  (cost=27.27..27.28 rows=1 width=0)
   ->  Seq Scan on claimed_listings  (cost=0.00..27.25 rows=7 width=0)
         Filter: (client_id = 25567)
[0m
  [4;36;1mCACHE (0.0ms)[0m   [0;1mSELECT * FROM "roles" WHERE ("roles"."id" = 4) [0m
Rendered users/_user_info (18.0ms)
Rendered shared/_edit_delete_link (5.2ms)
  [4;35;1mSQL (2.4ms)[0m   [0mSELECT count(*) AS count_all FROM "listings" WHERE ("listings".user_id = 25565) [0m
  [4;36;1mAnalyzing  Execution Time: 0.002831

[0m   [0;1mAggregate  (cost=1615.81..1615.82 rows=1 width=0)
   ->  Index Scan using index_listings_on_id_and_user_id_and_title on listings  (cost=0.00..1615.79 rows=4 width=0)
         Index Cond: (user_id = 25565)
[0m
  [4;35;1mSQL (8.4ms)[0m   [0mSELECT count(*) AS count_all FROM "claimed_listings" WHERE ("claimed_listings".client_id = 25565) [0m
  [4;36;1mAnalyzing  Execution Time: 0.009004

[0m   [0;1mAggregate  (cost=27.27..27.28 rows=1 width=0)
   ->  Seq Scan on claimed_listings  (cost=0.00..27.25 rows=7 width=0)
         Filter: (client_id = 25565)
[0m
  [4;35;1mCACHE (0.0ms)[0m   [0mSELECT * FROM "roles" WHERE ("roles"."id" = 4) [0m
Rendered users/_user_info (70.2ms)
Rendered shared/_edit_delete_link (6.8ms)
  [4;36;1mSQL (3.7ms)[0m   [0;1mSELECT count(*) AS count_all FROM "listings" WHERE ("listings".user_id = 25564) [0m
  [4;35;1mAnalyzing  Execution Time: 0.007194

[0m   [0mAggregate  (cost=1615.81..1615.82 rows=1 width=0)
   ->  Index Scan using index_listings_on_id_and_user_id_and_title on listings  (cost=0.00..1615.79 rows=4 width=0)
         Index Cond: (user_id = 25564)
[0m
  [4;36;1mSQL (0.4ms)[0m   [0;1mSELECT count(*) AS count_all FROM "claimed_listings" WHERE ("claimed_listings".client_id = 25564) [0m
  [4;35;1mAnalyzing  Execution Time: 0.000807

[0m   [0mAggregate  (cost=27.27..27.28 rows=1 width=0)
   ->  Seq Scan on claimed_listings  (cost=0.00..27.25 rows=7 width=0)
         Filter: (client_id = 25564)
[0m
  [4;36;1mCACHE (0.0ms)[0m   [0;1mSELECT * FROM "roles" WHERE ("roles"."id" = 4) [0m
Rendered users/_user_info (33.8ms)
Rendered shared/_edit_delete_link (4.9ms)
  [4;35;1mSQL (3.4ms)[0m   [0mSELECT count(*) AS count_all FROM "listings" WHERE ("listings".user_id = 25563) [0m
  [4;36;1mAnalyzing  Execution Time: 0.008492

[0m   [0;1mAggregate  (cost=1615.81..1615.82 rows=1 width=0)
   ->  Index Scan using index_listings_on_id_and_user_id_and_title on listings  (cost=0.00..1615.79 rows=4 width=0)
         Index Cond: (user_id = 25563)
[0m
  [4;35;1mSQL (10.8ms)[0m   [0mSELECT count(*) AS count_all FROM "claimed_listings" WHERE ("claimed_listings".client_id = 25563) [0m
  [4;36;1mAnalyzing  Execution Time: 0.011308

[0m   [0;1mAggregate  (cost=27.27..27.28 rows=1 width=0)
   ->  Seq Scan on claimed_listings  (cost=0.00..27.25 rows=7 width=0)
         Filter: (client_id = 25563)
[0m
  [4;35;1mCACHE (0.0ms)[0m   [0mSELECT * FROM "roles" WHERE ("roles"."id" = 4) [0m
Rendered users/_user_info (17.1ms)
Rendered shared/_edit_delete_link (9.9ms)
  [4;36;1mSQL (6.7ms)[0m   [0;1mSELECT count(*) AS count_all FROM "listings" WHERE ("listings".user_id = 25562) [0m
  [4;35;1mAnalyzing  Execution Time: 0.007123

[0m   [0mAggregate  (cost=1615.81..1615.82 rows=1 width=0)
   ->  Index Scan using index_listings_on_id_and_user_id_and_title on listings  (cost=0.00..1615.79 rows=4 width=0)
         Index Cond: (user_id = 25562)
[0m
  [4;36;1mSQL (0.4ms)[0m   [0;1mSELECT count(*) AS count_all FROM "claimed_listings" WHERE ("claimed_listings".client_id = 25562) [0m
  [4;35;1mAnalyzing  Execution Time: 0.000825

[0m   [0mAggregate  (cost=27.27..27.28 rows=1 width=0)
   ->  Seq Scan on claimed_listings  (cost=0.00..27.25 rows=7 width=0)
         Filter: (client_id = 25562)
[0m
  [4;36;1mCACHE (0.0ms)[0m   [0;1mSELECT * FROM "roles" WHERE ("roles"."id" = 4) [0m
Rendered users/_user_info (21.3ms)
Rendered shared/_edit_delete_link (5.4ms)
  [4;35;1mSQL (4.8ms)[0m   [0mSELECT count(*) AS count_all FROM "listings" WHERE ("listings".user_id = 25560) [0m
  [4;36;1mAnalyzing  Execution Time: 0.005602

[0m   [0;1mAggregate  (cost=1615.81..1615.82 rows=1 width=0)
   ->  Index Scan using index_listings_on_id_and_user_id_and_title on listings  (cost=0.00..1615.79 rows=4 width=0)
         Index Cond: (user_id = 25560)
[0m
  [4;35;1mSQL (1.3ms)[0m   [0mSELECT count(*) AS count_all FROM "claimed_listings" WHERE ("claimed_listings".client_id = 25560) [0m
  [4;36;1mAnalyzing  Execution Time: 0.00173

[0m   [0;1mAggregate  (cost=27.27..27.28 rows=1 width=0)
   ->  Seq Scan on claimed_listings  (cost=0.00..27.25 rows=7 width=0)
         Filter: (client_id = 25560)
[0m
  [4;35;1mCACHE (0.0ms)[0m   [0mSELECT * FROM "roles" WHERE ("roles"."id" = 4) [0m
Rendered users/_user_info (17.3ms)
Rendered shared/_edit_delete_link (5.5ms)
  [4;36;1mSQL (1.9ms)[0m   [0;1mSELECT count(*) AS count_all FROM "listings" WHERE ("listings".user_id = 25559) [0m
  [4;35;1mAnalyzing  Execution Time: 0.002283

[0m   [0mAggregate  (cost=1615.81..1615.82 rows=1 width=0)
   ->  Index Scan using index_listings_on_id_and_user_id_and_title on listings  (cost=0.00..1615.79 rows=4 width=0)
         Index Cond: (user_id = 25559)
[0m
  [4;36;1mSQL (0.3ms)[0m   [0;1mSELECT count(*) AS count_all FROM "claimed_listings" WHERE ("claimed_listings".client_id = 25559) [0m
  [4;35;1mAnalyzing  Execution Time: 0.000558

[0m   [0mAggregate  (cost=27.27..27.28 rows=1 width=0)
   ->  Seq Scan on claimed_listings  (cost=0.00..27.25 rows=7 width=0)
         Filter: (client_id = 25559)
[0m
  [4;36;1mCACHE (0.0ms)[0m   [0;1mSELECT * FROM "roles" WHERE ("roles"."id" = 4) [0m
Rendered users/_user_info (37.1ms)
Rendered shared/_edit_delete_link (6.0ms)
  [4;35;1mSQL (2.1ms)[0m   [0mSELECT count(*) AS count_all FROM "listings" WHERE ("listings".user_id = 25558) [0m
  [4;36;1mAnalyzing  Execution Time: 0.002947

[0m   [0;1mAggregate  (cost=1615.81..1615.82 rows=1 width=0)
   ->  Index Scan using index_listings_on_id_and_user_id_and_title on listings  (cost=0.00..1615.79 rows=4 width=0)
         Index Cond: (user_id = 25558)
[0m
  [4;35;1mSQL (0.4ms)[0m   [0mSELECT count(*) AS count_all FROM "claimed_listings" WHERE ("claimed_listings".client_id = 25558) [0m
  [4;36;1mAnalyzing  Execution Time: 0.000764

[0m   [0;1mAggregate  (cost=27.27..27.28 rows=1 width=0)
   ->  Seq Scan on claimed_listings  (cost=0.00..27.25 rows=7 width=0)
         Filter: (client_id = 25558)
[0m
Rendered views/_paginate (4.1ms)
Rendered views/partials/_users (2776.7ms)
Rendered shared/_base_model_index (2810.8ms)
Rendered shared/_model_index (2989.3ms)
Completed in 3869ms (View: 2823, DB: 209) | 200 OK [https://localhost/clients]
** has_many_polymorphs: autoload hook invoked
** has_many_polymorphs: preloading parent model Block
** has_many_polymorphs: associating Block.models
  [4;35;1mSQL (6.0ms)[0m   [0mSET client_min_messages TO 'panic'[0m
  [4;36;1mSQL (0.2ms)[0m   [0;1mSET client_min_messages TO 'notice'[0m
** has_many_polymorphs: preloading parent model View
** has_many_polymorphs: associating View.models
  [4;35;1mSQL (1.5ms)[0m   [0mSET client_min_messages TO 'panic'[0m
  [4;36;1mSQL (0.2ms)[0m   [0;1mSET client_min_messages TO 'notice'[0m


Processing ClientsController#show (for 127.0.0.1 at 2011-04-26 18:12:21) [GET]
  Parameters: {"action"=>"show", "id"=>"25586", "controller"=>"clients"}
  [4;35;1mUser Load (10.8ms)[0m   [0mSELECT * FROM "users" WHERE ("users"."id" = E'1') LIMIT 1[0m
  [4;36;1mAnalyzing User Load Execution Time: 0.011687

[0m   [0;1mLimit  (cost=0.00..8.27 rows=1 width=574)
   ->  Index Scan using users_pkey on users  (cost=0.00..8.27 rows=1 width=574)
         Index Cond: (id = 1)
[0m
  [4;35;1mSQL (4.7ms)[0m   [0mBEGIN[0m
  [4;36;1mUser Update (1.1ms)[0m   [0;1mUPDATE "users" SET "updated_at" = '2011-04-26 22:12:21.277855', "perishable_token" = E'jW3WBCBTXj3CY38hTJMd', "last_request_at" = '2011-04-26 22:12:21.269581' WHERE "id" = 1[0m
  [4;35;1mSQL (0.7ms)[0m   [0mCOMMIT[0m
  [4;36;1mRole Load (0.7ms)[0m   [0;1mSELECT * FROM "roles" WHERE ("roles"."id" = 1) [0m
  [4;35;1mAnalyzing Role Load Execution Time: 0.001145

[0m   [0mIndex Scan using roles_pkey on roles  (cost=0.00..8.27 rows=1 width=536)
   Index Cond: (id = 1)
[0m
  [4;36;1mClient Load (1.4ms)[0m   [0;1mSELECT * FROM "users" WHERE ("users"."id" = 25586) AND ( ("users"."type" = 'Client' ) ) LIMIT 1[0m
  [4;35;1mAnalyzing Client Load Execution Time: 0.005511

[0m   [0mLimit  (cost=0.00..8.27 rows=1 width=574)
   ->  Index Scan using users_pkey on users  (cost=0.00..8.27 rows=1 width=574)
         Index Cond: (id = 25586)
         Filter: ((type)::text = 'Client'::text)
[0m
Rendering clients/show
  [4;36;1mUser Load (1.6ms)[0m   [0;1mSELECT * FROM "users" WHERE ("users"."id" = 25586) [0m
  [4;35;1mAnalyzing User Load Execution Time: 0.002369

[0m   [0mIndex Scan using users_pkey on users  (cost=0.00..8.27 rows=1 width=574)
   Index Cond: (id = 25586)
[0m
  [4;36;1mSQL (7.9ms)[0m   [0;1mSELECT count(*) AS count_all FROM "listings" WHERE ("listings".user_id = 25586 AND (enabled IS TRUE)) [0m
  [4;35;1mAnalyzing  Execution Time: 0.00832

[0m   [0mAggregate  (cost=1615.81..1615.82 rows=1 width=0)
   ->  Index Scan using index_listings_on_id_and_user_id_and_title on listings  (cost=0.00..1615.79 rows=4 width=0)
         Index Cond: (user_id = 25586)
         Filter: (enabled IS TRUE)
[0m
  [4;36;1mListing Load (3.1ms)[0m   [0;1mSELECT * FROM "listings" WHERE ("listings".user_id = 25586) [0m
  [4;35;1mAnalyzing Listing Load Execution Time: 0.003977

[0m   [0mIndex Scan using index_listings_on_id_and_user_id_and_title on listings  (cost=0.00..1615.79 rows=4 width=1172)
   Index Cond: (user_id = 25586)
[0m
  [4;36;1mFacilityInfo Load (1.6ms)[0m   [0;1mSELECT * FROM "facility_infos" WHERE ("facility_infos".listing_id = 113291) LIMIT 1[0m
  [4;35;1mAnalyzing FacilityInfo Load Execution Time: 0.002181

[0m   [0mLimit  (cost=0.00..10.00 rows=1 width=8362)
   ->  Seq Scan on facility_infos  (cost=0.00..10.00 rows=1 width=8362)
         Filter: (listing_id = 113291)
[0m
  [4;36;1mRole Load (0.5ms)[0m   [0;1mSELECT * FROM "roles" WHERE ("roles"."id" = 4) [0m
  [4;35;1mAnalyzing Role Load Execution Time: 0.00102

[0m   [0mIndex Scan using roles_pkey on roles  (cost=0.00..8.27 rows=1 width=536)
   Index Cond: (id = 4)
[0m
Rendered users/_user_info (25.7ms)
Rendered notes/_form (5.5ms)
  [4;36;1mNote Load (0.7ms)[0m   [0;1mSELECT * FROM "notes" WHERE ("notes".user_id = 25586) [0m
  [4;35;1mAnalyzing Note Load Execution Time: 0.001236

[0m   [0mSeq Scan on notes  (cost=0.00..11.62 rows=1 width=576)
   Filter: (user_id = 25586)
[0m
  [4;36;1mUser Load (0.6ms)[0m   [0;1mSELECT * FROM "users" WHERE ("users"."id" = 1) [0m
  [4;35;1mAnalyzing User Load Execution Time: 0.001357

[0m   [0mIndex Scan using users_pkey on users  (cost=0.00..8.27 rows=1 width=574)
   Index Cond: (id = 1)
[0m
Rendered notes/_note (5.4ms)
  [4;36;1mCACHE (0.0ms)[0m   [0;1mSELECT * FROM "users" WHERE ("users"."id" = 1) [0m
Rendered notes/_note (5.9ms)
Rendered notes/_client_notes (99.7ms)
  [4;35;1mSQL (1.2ms)[0m   [0mSELECT count(*) AS count_all FROM "claimed_listings" WHERE ("claimed_listings".client_id = 25586) [0m
  [4;36;1mAnalyzing  Execution Time: 0.001596

[0m   [0;1mAggregate  (cost=27.27..27.28 rows=1 width=0)
   ->  Seq Scan on claimed_listings  (cost=0.00..27.25 rows=7 width=0)
         Filter: (client_id = 25586)
[0m
  [4;35;1mClient Load (0.7ms)[0m   [0mSELECT * FROM "users" WHERE ("users"."id" = 25586) AND ( ("users"."type" = 'Client' ) ) [0m
  [4;36;1mAnalyzing Client Load Execution Time: 0.002096

[0m   [0;1mIndex Scan using users_pkey on users  (cost=0.00..8.27 rows=1 width=574)
   Index Cond: (id = 25586)
   Filter: ((type)::text = 'Client'::text)
[0m
  [4;35;1mSQL (6.9ms)[0m   [0mSELECT count(*) AS count_all FROM "sizes" WHERE ("sizes".listing_id = 113291) [0m
  [4;36;1mAnalyzing  Execution Time: 0.007559

[0m   [0;1mAggregate  (cost=18.55..18.56 rows=1 width=0)
   ->  Bitmap Heap Scan on sizes  (cost=4.30..18.53 rows=7 width=0)
         Recheck Cond: (listing_id = 113291)
         ->  Bitmap Index Scan on index_sizes_on_listing_id_and_price  (cost=0.00..4.30 rows=7 width=0)
               Index Cond: (listing_id = 113291)
[0m
  [4;35;1mSQL (3.5ms)[0m   [0mSELECT count(*) AS count_all FROM "business_hours" WHERE ("business_hours".listing_id = 113291) [0m
  [4;36;1mAnalyzing  Execution Time: 0.00392

[0m   [0;1mAggregate  (cost=99.56..99.57 rows=1 width=0)
   ->  Seq Scan on business_hours  (cost=0.00..99.53 rows=13 width=0)
         Filter: (listing_id = 113291)
[0m
  [4;35;1mSQL (1.5ms)[0m   [0mSELECT count(*) AS count_all FROM "comments" WHERE ("comments".commentable_id = 113291 AND "comments".commentable_type = E'Listing') [0m
  [4;36;1mAnalyzing  Execution Time: 0.002109

[0m   [0;1mAggregate  (cost=10.91..10.92 rows=1 width=0)
   ->  Seq Scan on comments  (cost=0.00..10.90 rows=1 width=0)
         Filter: ((commentable_id = 113291) AND ((commentable_type)::text = 'Listing'::text))
[0m
  [4;35;1mPredefinedSpecial Load (5.3ms)[0m   [0mSELECT "predefined_specials".* FROM "predefined_specials" INNER JOIN "predef_special_assigns" ON "predefined_specials".id = "predef_special_assigns".predefined_special_id WHERE (("predef_special_assigns".listing_id = 113291)) [0m
  [4;36;1mAnalyzing PredefinedSpecial Load Execution Time: 0.005665

[0m   [0;1mNested Loop  (cost=0.00..10.27 rows=1 width=1092)
   ->  Seq Scan on predef_special_assigns  (cost=0.00..1.99 rows=1 width=4)
         Filter: (listing_id = 113291)
   ->  Index Scan using predefined_specials_pkey on predefined_specials  (cost=0.00..8.27 rows=1 width=1092)
         Index Cond: (predefined_specials.id = predef_special_assigns.predefined_special_id)
[0m
  [4;35;1mSQL (1.7ms)[0m   [0mSELECT count(*) AS count_all FROM "facility_features" INNER JOIN "listing_features" ON "facility_features".id = "listing_features".facility_feature_id WHERE (("listing_features".listing_id = 113291)) [0m
  [4;36;1mAnalyzing  Execution Time: 0.002176

[0m   [0;1mAggregate  (cost=51.87..51.88 rows=1 width=0)
   ->  Hash Join  (cost=12.93..51.85 rows=8 width=0)
         Hash Cond: (listing_features.facility_feature_id = facility_features.id)
         ->  Seq Scan on listing_features  (cost=0.00..38.81 rows=8 width=4)
               Filter: (listing_id = 113291)
         ->  Hash  (cost=11.30..11.30 rows=130 width=4)
               ->  Seq Scan on facility_features  (cost=0.00..11.30 rows=130 width=4)
[0m
  [4;35;1mCACHE (0.0ms)[0m   [0mSELECT count(*) AS count_all FROM "facility_features" INNER JOIN "listing_features" ON "facility_features".id = "listing_features".facility_feature_id WHERE (("listing_features".listing_id = 113291)) [0m
  [4;36;1mSQL (1.0ms)[0m   [0;1mSELECT count(*) AS count_all FROM "pictures" WHERE ("pictures".listing_id = 113291) [0m
  [4;35;1mAnalyzing  Execution Time: 0.00142

[0m   [0mAggregate  (cost=15.58..15.59 rows=1 width=0)
   ->  Seq Scan on pictures  (cost=0.00..15.57 rows=3 width=0)
         Filter: (listing_id = 113291)
[0m
Rendered listings/_listing (689.2ms)
  [4;36;1mMailingAddress Load (1.7ms)[0m   [0;1mSELECT * FROM "mailing_addresses" WHERE ("mailing_addresses".user_id = 25586) LIMIT 1[0m
  [4;35;1mAnalyzing MailingAddress Load Execution Time: 0.002805

[0m   [0mLimit  (cost=0.00..8.27 rows=1 width=106)
   ->  Index Scan using index_mailing_addresses_on_client_id_and_city_and_state on mailing_addresses  (cost=0.00..8.27 rows=1 width=106)
         Index Cond: (user_id = 25586)
[0m
Rendered clients/_owner_info (29.7ms)
  [4;36;1mUserHintPlacement Load (0.9ms)[0m   [0;1mSELECT * FROM "user_hint_placements" WHERE ("user_hint_placements".user_id = 25586) [0m
  [4;35;1mAnalyzing UserHintPlacement Load Execution Time: 0.002364

[0m   [0mIndex Scan using index_user_hint_placements_on_user_id on user_hint_placements  (cost=0.00..8.39 rows=8 width=33)
   Index Cond: (user_id = 25586)
[0m
  [4;36;1mAccountSetting Load (1.4ms)[0m   [0;1mSELECT * FROM "account_settings" WHERE ("account_settings".client_id = 25586) LIMIT 1[0m
  [4;35;1mAnalyzing AccountSetting Load Execution Time: 0.001721

[0m   [0mLimit  (cost=0.00..1.65 rows=1 width=80)
   ->  Seq Scan on account_settings  (cost=0.00..1.65 rows=1 width=80)
         Filter: (client_id = 25586)
[0m
Rendered clients/_settings (75.6ms)
  [4;36;1mSQL (11.1ms)[0m   [0;1mSELECT count(*) AS count_all FROM "user_stats" WHERE ("user_stats".user_id = 25586) [0m
  [4;35;1mAnalyzing  Execution Time: 0.015267

[0m   [0mAggregate  (cost=678.85..678.86 rows=1 width=0)
   ->  Seq Scan on user_stats  (cost=0.00..678.81 rows=14 width=0)
         Filter: (user_id = 25586)
[0m
  [4;36;1mUserStat Load (1.2ms)[0m   [0;1mSELECT * FROM "user_stats" WHERE ("user_stats".user_id = 25586) ORDER BY user_stats.id DESC LIMIT 1[0m
  [4;35;1mAnalyzing UserStat Load Execution Time: 0.336704

[0m   [0mLimit  (cost=0.00..64.69 rows=1 width=1370)
   ->  Index Scan Backward using user_stats_pkey on user_stats  (cost=0.00..905.65 rows=14 width=1370)
         Filter: (user_id = 25586)
[0m
Rendered user_stats/_user_stat (9.8ms)
Completed in 2690ms (View: 2371, DB: 104) | 200 OK [https://localhost/clients/25586]
** has_many_polymorphs: autoload hook invoked
** has_many_polymorphs: preloading parent model Block
** has_many_polymorphs: associating Block.models
  [4;36;1mSQL (0.2ms)[0m   [0;1mSET client_min_messages TO 'panic'[0m
  [4;35;1mSQL (0.1ms)[0m   [0mSET client_min_messages TO 'notice'[0m
** has_many_polymorphs: preloading parent model View
** has_many_polymorphs: associating View.models
  [4;36;1mSQL (1.1ms)[0m   [0;1mSET client_min_messages TO 'panic'[0m
  [4;35;1mSQL (0.9ms)[0m   [0mSET client_min_messages TO 'notice'[0m


Processing AdminController#index (for 127.0.0.1 at 2011-04-26 18:13:16) [GET]
  Parameters: {"action"=>"index", "controller"=>"admin"}
  [4;36;1mUser Load (1.6ms)[0m   [0;1mSELECT * FROM "users" WHERE ("users"."id" = E'1') LIMIT 1[0m
  [4;35;1mAnalyzing User Load Execution Time: 0.002309

[0m   [0mLimit  (cost=0.00..8.27 rows=1 width=574)
   ->  Index Scan using users_pkey on users  (cost=0.00..8.27 rows=1 width=574)
         Index Cond: (id = 1)
[0m
  [4;36;1mSQL (0.7ms)[0m   [0;1mBEGIN[0m
  [4;35;1mUser Update (1.3ms)[0m   [0mUPDATE "users" SET "updated_at" = '2011-04-26 22:13:16.654136', "perishable_token" = E'ZJ0x2gYrRDftt2XY8GQs', "last_request_at" = '2011-04-26 22:13:16.647917' WHERE "id" = 1[0m
  [4;36;1mSQL (1.3ms)[0m   [0;1mCOMMIT[0m
  [4;35;1mRole Load (0.6ms)[0m   [0mSELECT * FROM "roles" WHERE ("roles"."id" = 1) [0m
  [4;36;1mAnalyzing Role Load Execution Time: 0.000988

[0m   [0;1mIndex Scan using roles_pkey on roles  (cost=0.00..8.27 rows=1 width=536)
   Index Cond: (id = 1)
[0m
Rendering template within layouts/storagelocator
Rendering admin/index
  [4;35;1mBlock Load (1.6ms)[0m   [0mSELECT * FROM "blocks" WHERE ("blocks"."show_in_all" = E'header') [0m
  [4;36;1mAnalyzing Block Load Execution Time: 0.001946

[0m   [0;1mSeq Scan on blocks  (cost=0.00..10.25 rows=1 width=3188)
   Filter: ((show_in_all)::text = 'header'::text)
[0m
  [4;35;1mBlock Load (0.6ms)[0m   [0mSELECT * FROM "blocks" WHERE ("blocks"."restful_region" = E'header') [0m
  [4;36;1mAnalyzing Block Load Execution Time: 0.000929

[0m   [0;1mSeq Scan on blocks  (cost=0.00..10.25 rows=1 width=3188)
   Filter: ((restful_region)::text = 'header'::text)
[0m
  [4;35;1mBlock Load (0.5ms)[0m   [0mSELECT * FROM "blocks" WHERE ("blocks"."show_in_all" = E'content_bottom') [0m
  [4;36;1mAnalyzing Block Load Execution Time: 0.000741

[0m   [0;1mSeq Scan on blocks  (cost=0.00..10.25 rows=1 width=3188)
   Filter: ((show_in_all)::text = 'content_bottom'::text)
[0m
  [4;35;1mBlock Load (0.6ms)[0m   [0mSELECT * FROM "blocks" WHERE ("blocks"."restful_region" = E'content_bottom') [0m
  [4;36;1mAnalyzing Block Load Execution Time: 0.257183

[0m   [0;1mSeq Scan on blocks  (cost=0.00..10.25 rows=1 width=3188)
   Filter: ((restful_region)::text = 'content_bottom'::text)
[0m
  [4;35;1mBlock Load (0.7ms)[0m   [0mSELECT * FROM "blocks" WHERE ("blocks"."show_in_all" = E'column_5') [0m
  [4;36;1mAnalyzing Block Load Execution Time: 0.001047

[0m   [0;1mSeq Scan on blocks  (cost=0.00..10.25 rows=1 width=3188)
   Filter: ((show_in_all)::text = 'column_5'::text)
[0m
  [4;35;1mBlock Load (1.1ms)[0m   [0mSELECT * FROM "blocks" WHERE ("blocks"."restful_region" = E'column_5') [0m
  [4;36;1mAnalyzing Block Load Execution Time: 0.001746

[0m   [0;1mSeq Scan on blocks  (cost=0.00..10.25 rows=1 width=3188)
   Filter: ((restful_region)::text = 'column_5'::text)
[0m
  [4;35;1mBlock Load (0.5ms)[0m   [0mSELECT * FROM "blocks" WHERE ("blocks"."show_in_all" = E'more_info') [0m
  [4;36;1mAnalyzing Block Load Execution Time: 0.001045

[0m   [0;1mSeq Scan on blocks  (cost=0.00..10.25 rows=1 width=3188)
   Filter: ((show_in_all)::text = 'more_info'::text)
[0m
  [4;35;1mBlock Load (0.4ms)[0m   [0mSELECT * FROM "blocks" WHERE ("blocks"."restful_region" = E'more_info') [0m
  [4;36;1mAnalyzing Block Load Execution Time: 0.000803

[0m   [0;1mSeq Scan on blocks  (cost=0.00..10.25 rows=1 width=3188)
   Filter: ((restful_region)::text = 'more_info'::text)
[0m
  [4;35;1mBlocksModel Load (4.8ms)[0m   [0mSELECT 'Block' AS polymorphic_parent_class, 'models' AS polymorphic_association_id, blocks_models.block_id AS t0_r3, blocks_models.created_at AS t0_r4, blocks_models.enabled AS t0_r7, blocks_models.id AS t0_r0, blocks_models.model_id AS t0_r1, blocks_models.model_type AS t0_r2, blocks_models.place AS t0_r6, blocks_models.position AS t0_r9, blocks_models.show_title AS t0_r8, blocks_models.updated_at AS t0_r5, links.created_at AS t1_r4, links.group_id AS t1_r6, links.id AS t1_r0, links.path AS t1_r2, links.relative AS t1_r3, links.resource AS t1_r7, links.target_id AS t1_r8, links.title AS t1_r1, links.updated_at AS t1_r5, pages.content AS t2_r7, pages.created_at AS t2_r4, pages.description AS t2_r8, pages.id AS t2_r0, pages.meta_desc AS t2_r13, pages.parent_id AS t2_r2, pages.position AS t2_r10, pages.process_erb AS t2_r11, pages.show_in_nav AS t2_r6, pages.show_title AS t2_r9, pages.title AS t2_r1, pages.updated_at AS t2_r5, pages.url AS t2_r3, pages.use_placeholders AS t2_r12, posts.comments_count AS t3_r7, posts.comments_enabled AS t3_r8, posts.content AS t3_r2, posts.created_at AS t3_r5, posts.id AS t3_r0, posts.impressions_count AS t3_r10, posts.position AS t3_r9, posts.published AS t3_r4, posts.rating_average AS t3_r11, posts.title AS t3_r1, posts.type AS t3_r12, posts.updated_at AS t3_r6, posts.user_id AS t3_r3 FROM "blocks_models" JOIN "blocks" AS polymorphic_parent ON "blocks_models".block_id = polymorphic_parent.id LEFT JOIN "pages" ON "blocks_models".model_id = "pages".id AND "blocks_models".model_type = E'Page' LEFT JOIN "posts" ON "blocks_models".model_id = "posts".id AND "blocks_models".model_type = E'Post' LEFT JOIN "links" ON "blocks_models".model_id = "links".id AND "blocks_models".model_type = E'Link' WHERE (("blocks_models".block_id = 51)) [0m
  [4;36;1mAnalyzing BlocksModel Load Execution Time: 0.005841

[0m   [0;1mHash Left Join  (cost=32.98..61.21 rows=8 width=3443)
   Hash Cond: (blocks_models.model_id = links.id)
   Join Filter: ((blocks_models.model_type)::text = 'Link'::text)
   ->  Nested Loop  (cost=21.86..49.96 rows=8 width=1866)
         ->  Index Scan using index_blocks_on_id_and_title_and_show_in_all_and_restful_region on blocks polymorphic_parent  (cost=0.00..8.27 rows=1 width=4)
               Index Cond: (id = 51)
         ->  Hash Left Join  (cost=21.86..41.61 rows=8 width=1866)
               Hash Cond: (blocks_models.model_id = pages.id)
               Join Filter: ((blocks_models.model_type)::text = 'Page'::text)
               ->  Hash Left Join  (cost=10.51..30.13 rows=8 width=706)
                     Hash Cond: (blocks_models.model_id = posts.id)
                     Join Filter: ((blocks_models.model_type)::text = 'Post'::text)
                     ->  Bitmap Heap Scan on blocks_models  (cost=4.31..23.81 rows=8 width=41)
                           Recheck Cond: (block_id = 51)
                           ->  Bitmap Index Scan on index_blocks_models_on_block_id_and_model_id_and_model_type  (cost=0.00..4.31 rows=8 width=0)
                                 Index Cond: (block_id = 51)
                     ->  Hash  (cost=5.53..5.53 rows=53 width=665)
                           ->  Seq Scan on posts  (cost=0.00..5.53 rows=53 width=665)
               ->  Hash  (cost=10.60..10.60 rows=60 width=1160)
                     ->  Seq Scan on pages  (cost=0.00..10.60 rows=60 width=1160)
   ->  Hash  (cost=10.50..10.50 rows=50 width=1577)
         ->  Seq Scan on links  (cost=0.00..10.50 rows=50 width=1577)
[0m
Rendered shared/_model_options (6.2ms)
  [4;35;1mSQL (1.5ms)[0m   [0mSELECT count(*) AS count_all FROM "views" INNER JOIN "models_views" ON "views".id = "models_views".view_id WHERE (("models_views".model_type = E'Block') AND ("models_views".model_id = 51)) [0m
  [4;36;1mAnalyzing  Execution Time: 0.002018

[0m   [0;1mAggregate  (cost=16.56..16.57 rows=1 width=0)
   ->  Nested Loop  (cost=0.00..16.55 rows=1 width=0)
         ->  Index Scan using index_models_views_on_model_id_and_view_id_and_model_type on models_views  (cost=0.00..8.27 rows=1 width=4)
               Index Cond: ((model_id = 51) AND ((model_type)::text = 'Block'::text))
         ->  Index Scan using views_pkey on views  (cost=0.00..8.27 rows=1 width=4)
               Index Cond: (views.id = models_views.view_id)
[0m
  [4;35;1mSQL (1.6ms)[0m   [0mSELECT count(*) AS count_all FROM "forms" INNER JOIN "block_forms" ON "forms".id = "block_forms".form_id WHERE (("block_forms".block_id = 51)) [0m
  [4;36;1mAnalyzing  Execution Time: 0.002239

[0m   [0;1mAggregate  (cost=24.33..24.34 rows=1 width=0)
   ->  Hash Join  (cost=13.84..24.31 rows=6 width=0)
         Hash Cond: (forms.id = block_forms.form_id)
         ->  Seq Scan on forms  (cost=0.00..10.30 rows=30 width=4)
         ->  Hash  (cost=13.76..13.76 rows=6 width=4)
               ->  Bitmap Heap Scan on block_forms  (cost=4.30..13.76 rows=6 width=4)
                     Recheck Cond: (block_id = 51)
                     ->  Bitmap Index Scan on index_block_forms_on_block_id_and_form_id  (cost=0.00..4.30 rows=6 width=0)
                           Index Cond: (block_id = 51)
[0m
Rendered blocks/_block (72.5ms)
  [4;35;1mBlock Load (0.7ms)[0m   [0mSELECT * FROM "blocks" WHERE ("blocks"."show_in_all" = E'footer') [0m
  [4;36;1mAnalyzing Block Load Execution Time: 0.000951

[0m   [0;1mSeq Scan on blocks  (cost=0.00..10.25 rows=1 width=3188)
   Filter: ((show_in_all)::text = 'footer'::text)
[0m
  [4;35;1mBlock Load (11.7ms)[0m   [0mSELECT * FROM "blocks" WHERE ("blocks"."restful_region" = E'footer') [0m
  [4;36;1mAnalyzing Block Load Execution Time: 0.012449

[0m   [0;1mSeq Scan on blocks  (cost=0.00..10.25 rows=1 width=3188)
   Filter: ((restful_region)::text = 'footer'::text)
[0m
  [4;35;1mBlocksModel Load (2.6ms)[0m   [0mSELECT 'Block' AS polymorphic_parent_class, 'models' AS polymorphic_association_id, blocks_models.block_id AS t0_r3, blocks_models.created_at AS t0_r4, blocks_models.enabled AS t0_r7, blocks_models.id AS t0_r0, blocks_models.model_id AS t0_r1, blocks_models.model_type AS t0_r2, blocks_models.place AS t0_r6, blocks_models.position AS t0_r9, blocks_models.show_title AS t0_r8, blocks_models.updated_at AS t0_r5, links.created_at AS t1_r4, links.group_id AS t1_r6, links.id AS t1_r0, links.path AS t1_r2, links.relative AS t1_r3, links.resource AS t1_r7, links.target_id AS t1_r8, links.title AS t1_r1, links.updated_at AS t1_r5, pages.content AS t2_r7, pages.created_at AS t2_r4, pages.description AS t2_r8, pages.id AS t2_r0, pages.meta_desc AS t2_r13, pages.parent_id AS t2_r2, pages.position AS t2_r10, pages.process_erb AS t2_r11, pages.show_in_nav AS t2_r6, pages.show_title AS t2_r9, pages.title AS t2_r1, pages.updated_at AS t2_r5, pages.url AS t2_r3, pages.use_placeholders AS t2_r12, posts.comments_count AS t3_r7, posts.comments_enabled AS t3_r8, posts.content AS t3_r2, posts.created_at AS t3_r5, posts.id AS t3_r0, posts.impressions_count AS t3_r10, posts.position AS t3_r9, posts.published AS t3_r4, posts.rating_average AS t3_r11, posts.title AS t3_r1, posts.type AS t3_r12, posts.updated_at AS t3_r6, posts.user_id AS t3_r3 FROM "blocks_models" JOIN "blocks" AS polymorphic_parent ON "blocks_models".block_id = polymorphic_parent.id LEFT JOIN "pages" ON "blocks_models".model_id = "pages".id AND "blocks_models".model_type = E'Page' LEFT JOIN "posts" ON "blocks_models".model_id = "posts".id AND "blocks_models".model_type = E'Post' LEFT JOIN "links" ON "blocks_models".model_id = "links".id AND "blocks_models".model_type = E'Link' WHERE (("blocks_models".block_id = 49)) [0m
  [4;36;1mAnalyzing BlocksModel Load Execution Time: 0.003275

[0m   [0;1mHash Left Join  (cost=32.98..61.21 rows=8 width=3443)
   Hash Cond: (blocks_models.model_id = links.id)
   Join Filter: ((blocks_models.model_type)::text = 'Link'::text)
   ->  Nested Loop  (cost=21.86..49.96 rows=8 width=1866)
         ->  Index Scan using index_blocks_on_id_and_title_and_show_in_all_and_restful_region on blocks polymorphic_parent  (cost=0.00..8.27 rows=1 width=4)
               Index Cond: (id = 49)
         ->  Hash Left Join  (cost=21.86..41.61 rows=8 width=1866)
               Hash Cond: (blocks_models.model_id = pages.id)
               Join Filter: ((blocks_models.model_type)::text = 'Page'::text)
               ->  Hash Left Join  (cost=10.51..30.13 rows=8 width=706)
                     Hash Cond: (blocks_models.model_id = posts.id)
                     Join Filter: ((blocks_models.model_type)::text = 'Post'::text)
                     ->  Bitmap Heap Scan on blocks_models  (cost=4.31..23.81 rows=8 width=41)
                           Recheck Cond: (block_id = 49)
                           ->  Bitmap Index Scan on index_blocks_models_on_block_id_and_model_id_and_model_type  (cost=0.00..4.31 rows=8 width=0)
                                 Index Cond: (block_id = 49)
                     ->  Hash  (cost=5.53..5.53 rows=53 width=665)
                           ->  Seq Scan on posts  (cost=0.00..5.53 rows=53 width=665)
               ->  Hash  (cost=10.60..10.60 rows=60 width=1160)
                     ->  Seq Scan on pages  (cost=0.00..10.60 rows=60 width=1160)
   ->  Hash  (cost=10.50..10.50 rows=50 width=1577)
         ->  Seq Scan on links  (cost=0.00..10.50 rows=50 width=1577)
[0m
Rendered shared/_model_options (6.4ms)
Rendered pages/_footer_bottom (0.4ms)
  [4;35;1mSQL (0.9ms)[0m   [0mSELECT count(*) AS count_all FROM "views" INNER JOIN "models_views" ON "views".id = "models_views".view_id WHERE (("models_views".model_type = E'Block') AND ("models_views".model_id = 49)) [0m
  [4;36;1mAnalyzing  Execution Time: 0.001237

[0m   [0;1mAggregate  (cost=16.56..16.57 rows=1 width=0)
   ->  Nested Loop  (cost=0.00..16.55 rows=1 width=0)
         ->  Index Scan using index_models_views_on_model_id_and_view_id_and_model_type on models_views  (cost=0.00..8.27 rows=1 width=4)
               Index Cond: ((model_id = 49) AND ((model_type)::text = 'Block'::text))
         ->  Index Scan using views_pkey on views  (cost=0.00..8.27 rows=1 width=4)
               Index Cond: (views.id = models_views.view_id)
[0m
  [4;35;1mSQL (1.8ms)[0m   [0mSELECT count(*) AS count_all FROM "forms" INNER JOIN "block_forms" ON "forms".id = "block_forms".form_id WHERE (("block_forms".block_id = 49)) [0m
  [4;36;1mAnalyzing  Execution Time: 0.002213

[0m   [0;1mAggregate  (cost=24.33..24.34 rows=1 width=0)
   ->  Hash Join  (cost=13.84..24.31 rows=6 width=0)
         Hash Cond: (forms.id = block_forms.form_id)
         ->  Seq Scan on forms  (cost=0.00..10.30 rows=30 width=4)
         ->  Hash  (cost=13.76..13.76 rows=6 width=4)
               ->  Bitmap Heap Scan on block_forms  (cost=4.30..13.76 rows=6 width=4)
                     Recheck Cond: (block_id = 49)
                     ->  Bitmap Index Scan on index_block_forms_on_block_id_and_form_id  (cost=0.00..4.30 rows=6 width=0)
                           Index Cond: (block_id = 49)
[0m
Rendered blocks/_block (31.7ms)
  [4;35;1mBlock Load (0.5ms)[0m   [0mSELECT * FROM "blocks" WHERE ("blocks"."show_in_all" = E'head_bar') [0m
  [4;36;1mAnalyzing Block Load Execution Time: 0.000834

[0m   [0;1mSeq Scan on blocks  (cost=0.00..10.25 rows=1 width=3188)
   Filter: ((show_in_all)::text = 'head_bar'::text)
[0m
  [4;35;1mBlock Load (0.8ms)[0m   [0mSELECT * FROM "blocks" WHERE ("blocks"."restful_region" = E'head_bar') [0m
  [4;36;1mAnalyzing Block Load Execution Time: 0.002465

[0m   [0;1mSeq Scan on blocks  (cost=0.00..10.25 rows=1 width=3188)
   Filter: ((restful_region)::text = 'head_bar'::text)
[0m
Rendered menus/_topnav (10.3ms)
  [4;35;1mPage Load (0.6ms)[0m   [0mSELECT * FROM "pages" WHERE ("pages"."title" = E'Self Storage') LIMIT 1[0m
  [4;36;1mAnalyzing Page Load Execution Time: 0.00122

[0m   [0;1mLimit  (cost=0.00..10.75 rows=1 width=1160)
   ->  Seq Scan on pages  (cost=0.00..10.75 rows=1 width=1160)
         Filter: ((title)::text = 'Self Storage'::text)
[0m
Rendered pages/_home (18.4ms)
Rendered user_sessions/_form (9.3ms)
Completed in 685ms (View: 476, DB: 59) | 200 OK [https://localhost/admin]
** has_many_polymorphs: autoload hook invoked
** has_many_polymorphs: preloading parent model Block
** has_many_polymorphs: associating Block.models
  [4;35;1mSQL (0.2ms)[0m   [0mSET client_min_messages TO 'panic'[0m
  [4;36;1mSQL (0.2ms)[0m   [0;1mSET client_min_messages TO 'notice'[0m
** has_many_polymorphs: preloading parent model View
** has_many_polymorphs: associating View.models
  [4;35;1mSQL (6.8ms)[0m   [0mSET client_min_messages TO 'panic'[0m
  [4;36;1mSQL (0.2ms)[0m   [0;1mSET client_min_messages TO 'notice'[0m


Processing ClientsController#index (for 127.0.0.1 at 2011-04-26 18:13:24) [GET]
  Parameters: {"action"=>"index", "controller"=>"clients"}
  [4;35;1mUser Load (1.8ms)[0m   [0mSELECT * FROM "users" WHERE ("users"."id" = E'1') LIMIT 1[0m
  [4;36;1mAnalyzing User Load Execution Time: 0.002631

[0m   [0;1mLimit  (cost=0.00..8.27 rows=1 width=574)
   ->  Index Scan using users_pkey on users  (cost=0.00..8.27 rows=1 width=574)
         Index Cond: (id = 1)
[0m
  [4;35;1mSQL (0.2ms)[0m   [0mBEGIN[0m
  [4;36;1mUser Update (1.5ms)[0m   [0;1mUPDATE "users" SET "updated_at" = '2011-04-26 22:13:24.574056', "perishable_token" = E'ZxCJp4aJWm6nvuvBeq2C', "last_request_at" = '2011-04-26 22:13:24.568072' WHERE "id" = 1[0m
  [4;35;1mSQL (0.8ms)[0m   [0mCOMMIT[0m
  [4;36;1mRole Load (0.8ms)[0m   [0;1mSELECT * FROM "roles" WHERE ("roles"."id" = 1) [0m
  [4;35;1mAnalyzing Role Load Execution Time: 0.001146

[0m   [0mIndex Scan using roles_pkey on roles  (cost=0.00..8.27 rows=1 width=536)
   Index Cond: (id = 1)
[0m
  [4;36;1mClient Load (2.9ms)[0m   [0;1mSELECT * FROM "users" WHERE ("users"."status" = E'active') AND ( ("users"."type" = 'Client' ) ) ORDER BY created_at DESC LIMIT 20 OFFSET 0[0m
  [4;35;1mAnalyzing Client Load Execution Time: 0.015282

[0m   [0mLimit  (cost=34.49..34.54 rows=20 width=574)
   ->  Sort  (cost=34.49..35.15 rows=265 width=574)
         Sort Key: created_at
         ->  Seq Scan on users  (cost=0.00..27.44 rows=265 width=574)
               Filter: (((status)::text = 'active'::text) AND ((type)::text = 'Client'::text))
[0m
  [4;36;1mSQL (1.1ms)[0m   [0;1mSELECT count(*) AS count_all FROM "users" WHERE ("users"."status" = E'active') AND ( ("users"."type" = 'Client' ) ) [0m
  [4;35;1mAnalyzing  Execution Time: 0.001393

[0m   [0mAggregate  (cost=28.10..28.11 rows=1 width=0)
   ->  Seq Scan on users  (cost=0.00..27.44 rows=265 width=0)
         Filter: (((status)::text = 'active'::text) AND ((type)::text = 'Client'::text))
[0m
Rendering clients/index
  [4;36;1mSQL (0.8ms)[0m   [0;1mSELECT count(*) AS count_all FROM "users" WHERE ( ("users"."type" = 'Client' ) ) [0m
  [4;35;1mAnalyzing  Execution Time: 0.002098

[0m   [0mAggregate  (cost=27.42..27.43 rows=1 width=0)
   ->  Seq Scan on users  (cost=0.00..26.70 rows=288 width=0)
         Filter: ((type)::text = 'Client'::text)
[0m
  [4;36;1mSQL (2.5ms)[0m   [0;1mSELECT count(*) AS count_all FROM "users" WHERE (status != E'active') AND ( ("users"."type" = 'Client' ) ) [0m
  [4;35;1mAnalyzing  Execution Time: 0.002903

[0m   [0mAggregate  (cost=27.50..27.51 rows=1 width=0)
   ->  Seq Scan on users  (cost=0.00..27.44 rows=23 width=0)
         Filter: (((status)::text <> 'active'::text) AND ((type)::text = 'Client'::text))
[0m
  [4;36;1mCACHE (0.0ms)[0m   [0;1mSELECT count(*) AS count_all FROM "users" WHERE ("users"."status" = E'active') AND ( ("users"."type" = 'Client' ) ) [0m
  [4;35;1mHelptext Load (0.8ms)[0m   [0mSELECT * FROM "helptexts" WHERE ("helptexts"."model" = E'client') LIMIT 1[0m
  [4;36;1mAnalyzing Helptext Load Execution Time: 0.001157

[0m   [0;1mLimit  (cost=0.00..11.50 rows=1 width=601)
   ->  Seq Scan on helptexts  (cost=0.00..11.50 rows=1 width=601)
         Filter: ((model)::text = 'client'::text)
[0m
Rendered helptexts/_helptext (2.2ms)
Rendered shared/_model_new_back_buttons (365.8ms)
Rendered shared/_model_search (7.9ms)
Rendered menus/_view_type_links (20.1ms)
Rendered shared/_model_sort (4.6ms)
  [4;35;1mRole Load (0.5ms)[0m   [0mSELECT * FROM "roles" WHERE ("roles"."id" = 4) [0m
  [4;36;1mAnalyzing Role Load Execution Time: 0.000924

[0m   [0;1mIndex Scan using roles_pkey on roles  (cost=0.00..8.27 rows=1 width=536)
   Index Cond: (id = 4)
[0m
Rendered users/_user_info (52.9ms)
Rendered shared/_edit_delete_link (24.0ms)
  [4;35;1mSQL (25.1ms)[0m   [0mSELECT count(*) AS count_all FROM "listings" WHERE ("listings".user_id = 25586) [0m
  [4;36;1mAnalyzing  Execution Time: 0.025563

[0m   [0;1mAggregate  (cost=1615.81..1615.82 rows=1 width=0)
   ->  Index Scan using index_listings_on_id_and_user_id_and_title on listings  (cost=0.00..1615.79 rows=4 width=0)
         Index Cond: (user_id = 25586)
[0m
  [4;35;1mSQL (0.8ms)[0m   [0mSELECT count(*) AS count_all FROM "claimed_listings" WHERE ("claimed_listings".client_id = 25586) [0m
  [4;36;1mAnalyzing  Execution Time: 0.001186

[0m   [0;1mAggregate  (cost=27.27..27.28 rows=1 width=0)
   ->  Seq Scan on claimed_listings  (cost=0.00..27.25 rows=7 width=0)
         Filter: (client_id = 25586)
[0m
  [4;35;1mCACHE (0.0ms)[0m   [0mSELECT * FROM "roles" WHERE ("roles"."id" = 4) [0m
Rendered users/_user_info (42.4ms)
Rendered shared/_edit_delete_link (11.0ms)
  [4;36;1mSQL (2.2ms)[0m   [0;1mSELECT count(*) AS count_all FROM "listings" WHERE ("listings".user_id = 25584) [0m
  [4;35;1mAnalyzing  Execution Time: 0.002778

[0m   [0mAggregate  (cost=1615.81..1615.82 rows=1 width=0)
   ->  Index Scan using index_listings_on_id_and_user_id_and_title on listings  (cost=0.00..1615.79 rows=4 width=0)
         Index Cond: (user_id = 25584)
[0m
  [4;36;1mSQL (0.4ms)[0m   [0;1mSELECT count(*) AS count_all FROM "claimed_listings" WHERE ("claimed_listings".client_id = 25584) [0m
  [4;35;1mAnalyzing  Execution Time: 0.00085

[0m   [0mAggregate  (cost=27.27..27.28 rows=1 width=0)
   ->  Seq Scan on claimed_listings  (cost=0.00..27.25 rows=7 width=0)
         Filter: (client_id = 25584)
[0m
  [4;36;1mCACHE (0.0ms)[0m   [0;1mSELECT * FROM "roles" WHERE ("roles"."id" = 4) [0m
Rendered users/_user_info (26.9ms)
Rendered shared/_edit_delete_link (7.4ms)
  [4;35;1mSQL (3.1ms)[0m   [0mSELECT count(*) AS count_all FROM "listings" WHERE ("listings".user_id = 25583) [0m
  [4;36;1mAnalyzing  Execution Time: 0.003516

[0m   [0;1mAggregate  (cost=1615.81..1615.82 rows=1 width=0)
   ->  Index Scan using index_listings_on_id_and_user_id_and_title on listings  (cost=0.00..1615.79 rows=4 width=0)
         Index Cond: (user_id = 25583)
[0m
  [4;35;1mSQL (0.7ms)[0m   [0mSELECT count(*) AS count_all FROM "claimed_listings" WHERE ("claimed_listings".client_id = 25583) [0m
  [4;36;1mAnalyzing  Execution Time: 0.001075

[0m   [0;1mAggregate  (cost=27.27..27.28 rows=1 width=0)
   ->  Seq Scan on claimed_listings  (cost=0.00..27.25 rows=7 width=0)
         Filter: (client_id = 25583)
[0m
  [4;35;1mCACHE (0.0ms)[0m   [0mSELECT * FROM "roles" WHERE ("roles"."id" = 4) [0m
Rendered users/_user_info (18.9ms)
Rendered shared/_edit_delete_link (6.1ms)
  [4;36;1mSQL (2.4ms)[0m   [0;1mSELECT count(*) AS count_all FROM "listings" WHERE ("listings".user_id = 25582) [0m
  [4;35;1mAnalyzing  Execution Time: 0.002846

[0m   [0mAggregate  (cost=1615.81..1615.82 rows=1 width=0)
   ->  Index Scan using index_listings_on_id_and_user_id_and_title on listings  (cost=0.00..1615.79 rows=4 width=0)
         Index Cond: (user_id = 25582)
[0m
  [4;36;1mSQL (0.4ms)[0m   [0;1mSELECT count(*) AS count_all FROM "claimed_listings" WHERE ("claimed_listings".client_id = 25582) [0m
  [4;35;1mAnalyzing  Execution Time: 0.000777

[0m   [0mAggregate  (cost=27.27..27.28 rows=1 width=0)
   ->  Seq Scan on claimed_listings  (cost=0.00..27.25 rows=7 width=0)
         Filter: (client_id = 25582)
[0m
  [4;36;1mCACHE (0.0ms)[0m   [0;1mSELECT * FROM "roles" WHERE ("roles"."id" = 4) [0m
Rendered users/_user_info (45.9ms)
Rendered shared/_edit_delete_link (6.3ms)
  [4;35;1mSQL (2.8ms)[0m   [0mSELECT count(*) AS count_all FROM "listings" WHERE ("listings".user_id = 25581) [0m
  [4;36;1mAnalyzing  Execution Time: 0.003252

[0m   [0;1mAggregate  (cost=1615.81..1615.82 rows=1 width=0)
   ->  Index Scan using index_listings_on_id_and_user_id_and_title on listings  (cost=0.00..1615.79 rows=4 width=0)
         Index Cond: (user_id = 25581)
[0m
  [4;35;1mSQL (1.1ms)[0m   [0mSELECT count(*) AS count_all FROM "claimed_listings" WHERE ("claimed_listings".client_id = 25581) [0m
  [4;36;1mAnalyzing  Execution Time: 0.001624

[0m   [0;1mAggregate  (cost=27.27..27.28 rows=1 width=0)
   ->  Seq Scan on claimed_listings  (cost=0.00..27.25 rows=7 width=0)
         Filter: (client_id = 25581)
[0m
  [4;35;1mCACHE (0.0ms)[0m   [0mSELECT * FROM "roles" WHERE ("roles"."id" = 4) [0m
Rendered users/_user_info (24.1ms)
Rendered shared/_edit_delete_link (6.1ms)
  [4;36;1mSQL (30.1ms)[0m   [0;1mSELECT count(*) AS count_all FROM "listings" WHERE ("listings".user_id = 25580) [0m
  [4;35;1mAnalyzing  Execution Time: 0.030655

[0m   [0mAggregate  (cost=1615.81..1615.82 rows=1 width=0)
   ->  Index Scan using index_listings_on_id_and_user_id_and_title on listings  (cost=0.00..1615.79 rows=4 width=0)
         Index Cond: (user_id = 25580)
[0m
  [4;36;1mSQL (0.4ms)[0m   [0;1mSELECT count(*) AS count_all FROM "claimed_listings" WHERE ("claimed_listings".client_id = 25580) [0m
  [4;35;1mAnalyzing  Execution Time: 0.000755

[0m   [0mAggregate  (cost=27.27..27.28 rows=1 width=0)
   ->  Seq Scan on claimed_listings  (cost=0.00..27.25 rows=7 width=0)
         Filter: (client_id = 25580)
[0m
  [4;36;1mCACHE (0.0ms)[0m   [0;1mSELECT * FROM "roles" WHERE ("roles"."id" = 4) [0m
Rendered users/_user_info (21.0ms)
Rendered shared/_edit_delete_link (11.3ms)
  [4;35;1mSQL (2.3ms)[0m   [0mSELECT count(*) AS count_all FROM "listings" WHERE ("listings".user_id = 25579) [0m
  [4;36;1mAnalyzing  Execution Time: 0.002727

[0m   [0;1mAggregate  (cost=1615.81..1615.82 rows=1 width=0)
   ->  Index Scan using index_listings_on_id_and_user_id_and_title on listings  (cost=0.00..1615.79 rows=4 width=0)
         Index Cond: (user_id = 25579)
[0m
  [4;35;1mSQL (0.5ms)[0m   [0mSELECT count(*) AS count_all FROM "claimed_listings" WHERE ("claimed_listings".client_id = 25579) [0m
  [4;36;1mAnalyzing  Execution Time: 0.001064

[0m   [0;1mAggregate  (cost=27.27..27.28 rows=1 width=0)
   ->  Seq Scan on claimed_listings  (cost=0.00..27.25 rows=7 width=0)
         Filter: (client_id = 25579)
[0m
  [4;35;1mCACHE (0.0ms)[0m   [0mSELECT * FROM "roles" WHERE ("roles"."id" = 4) [0m
Rendered users/_user_info (81.7ms)
Rendered shared/_edit_delete_link (8.4ms)
  [4;36;1mSQL (2.4ms)[0m   [0;1mSELECT count(*) AS count_all FROM "listings" WHERE ("listings".user_id = 25577) [0m
  [4;35;1mAnalyzing  Execution Time: 0.003213

[0m   [0mAggregate  (cost=1615.81..1615.82 rows=1 width=0)
   ->  Index Scan using index_listings_on_id_and_user_id_and_title on listings  (cost=0.00..1615.79 rows=4 width=0)
         Index Cond: (user_id = 25577)
[0m
  [4;36;1mSQL (0.4ms)[0m   [0;1mSELECT count(*) AS count_all FROM "claimed_listings" WHERE ("claimed_listings".client_id = 25577) [0m
  [4;35;1mAnalyzing  Execution Time: 0.000797

[0m   [0mAggregate  (cost=27.27..27.28 rows=1 width=0)
   ->  Seq Scan on claimed_listings  (cost=0.00..27.25 rows=7 width=0)
         Filter: (client_id = 25577)
[0m
  [4;36;1mCACHE (0.0ms)[0m   [0;1mSELECT * FROM "roles" WHERE ("roles"."id" = 4) [0m
Rendered users/_user_info (26.0ms)
Rendered shared/_edit_delete_link (6.6ms)
  [4;35;1mSQL (66.8ms)[0m   [0mSELECT count(*) AS count_all FROM "listings" WHERE ("listings".user_id = 25575) [0m
  [4;36;1mAnalyzing  Execution Time: 0.067544

[0m   [0;1mAggregate  (cost=1615.81..1615.82 rows=1 width=0)
   ->  Index Scan using index_listings_on_id_and_user_id_and_title on listings  (cost=0.00..1615.79 rows=4 width=0)
         Index Cond: (user_id = 25575)
[0m
  [4;35;1mSQL (3.6ms)[0m   [0mSELECT count(*) AS count_all FROM "claimed_listings" WHERE ("claimed_listings".client_id = 25575) [0m
  [4;36;1mAnalyzing  Execution Time: 0.004023

[0m   [0;1mAggregate  (cost=27.27..27.28 rows=1 width=0)
   ->  Seq Scan on claimed_listings  (cost=0.00..27.25 rows=7 width=0)
         Filter: (client_id = 25575)
[0m
  [4;35;1mCACHE (0.0ms)[0m   [0mSELECT * FROM "roles" WHERE ("roles"."id" = 4) [0m
Rendered users/_user_info (18.8ms)
Rendered shared/_edit_delete_link (10.3ms)
  [4;36;1mSQL (11.1ms)[0m   [0;1mSELECT count(*) AS count_all FROM "listings" WHERE ("listings".user_id = 25573) [0m
  [4;35;1mAnalyzing  Execution Time: 0.011467

[0m   [0mAggregate  (cost=1615.81..1615.82 rows=1 width=0)
   ->  Index Scan using index_listings_on_id_and_user_id_and_title on listings  (cost=0.00..1615.79 rows=4 width=0)
         Index Cond: (user_id = 25573)
[0m
  [4;36;1mSQL (13.0ms)[0m   [0;1mSELECT count(*) AS count_all FROM "claimed_listings" WHERE ("claimed_listings".client_id = 25573) [0m
  [4;35;1mAnalyzing  Execution Time: 0.013378

[0m   [0mAggregate  (cost=27.27..27.28 rows=1 width=0)
   ->  Seq Scan on claimed_listings  (cost=0.00..27.25 rows=7 width=0)
         Filter: (client_id = 25573)
[0m
  [4;36;1mCACHE (0.0ms)[0m   [0;1mSELECT * FROM "roles" WHERE ("roles"."id" = 4) [0m
Rendered users/_user_info (27.6ms)
Rendered shared/_edit_delete_link (5.7ms)
  [4;35;1mSQL (3.7ms)[0m   [0mSELECT count(*) AS count_all FROM "listings" WHERE ("listings".user_id = 25571) [0m
  [4;36;1mAnalyzing  Execution Time: 0.004165

[0m   [0;1mAggregate  (cost=1615.81..1615.82 rows=1 width=0)
   ->  Index Scan using index_listings_on_id_and_user_id_and_title on listings  (cost=0.00..1615.79 rows=4 width=0)
         Index Cond: (user_id = 25571)
[0m
  [4;35;1mSQL (0.7ms)[0m   [0mSELECT count(*) AS count_all FROM "claimed_listings" WHERE ("claimed_listings".client_id = 25571) [0m
  [4;36;1mAnalyzing  Execution Time: 0.001123

[0m   [0;1mAggregate  (cost=27.27..27.28 rows=1 width=0)
   ->  Seq Scan on claimed_listings  (cost=0.00..27.25 rows=7 width=0)
         Filter: (client_id = 25571)
[0m
  [4;35;1mCACHE (0.0ms)[0m   [0mSELECT * FROM "roles" WHERE ("roles"."id" = 4) [0m
Rendered users/_user_info (23.6ms)
Rendered shared/_edit_delete_link (83.4ms)
  [4;36;1mSQL (13.5ms)[0m   [0;1mSELECT count(*) AS count_all FROM "listings" WHERE ("listings".user_id = 25570) [0m
  [4;35;1mAnalyzing  Execution Time: 0.013857

[0m   [0mAggregate  (cost=1615.81..1615.82 rows=1 width=0)
   ->  Index Scan using index_listings_on_id_and_user_id_and_title on listings  (cost=0.00..1615.79 rows=4 width=0)
         Index Cond: (user_id = 25570)
[0m
  [4;36;1mSQL (2.0ms)[0m   [0;1mSELECT count(*) AS count_all FROM "claimed_listings" WHERE ("claimed_listings".client_id = 25570) [0m
  [4;35;1mAnalyzing  Execution Time: 0.002387

[0m   [0mAggregate  (cost=27.27..27.28 rows=1 width=0)
   ->  Seq Scan on claimed_listings  (cost=0.00..27.25 rows=7 width=0)
         Filter: (client_id = 25570)
[0m
  [4;36;1mCACHE (0.0ms)[0m   [0;1mSELECT * FROM "roles" WHERE ("roles"."id" = 4) [0m
Rendered users/_user_info (77.1ms)
Rendered shared/_edit_delete_link (4.6ms)
  [4;35;1mSQL (2.1ms)[0m   [0mSELECT count(*) AS count_all FROM "listings" WHERE ("listings".user_id = 25567) [0m
  [4;36;1mAnalyzing  Execution Time: 0.002535

[0m   [0;1mAggregate  (cost=1615.81..1615.82 rows=1 width=0)
   ->  Index Scan using index_listings_on_id_and_user_id_and_title on listings  (cost=0.00..1615.79 rows=4 width=0)
         Index Cond: (user_id = 25567)
[0m
  [4;35;1mSQL (0.5ms)[0m   [0mSELECT count(*) AS count_all FROM "claimed_listings" WHERE ("claimed_listings".client_id = 25567) [0m
  [4;36;1mAnalyzing  Execution Time: 0.000889

[0m   [0;1mAggregate  (cost=27.27..27.28 rows=1 width=0)
   ->  Seq Scan on claimed_listings  (cost=0.00..27.25 rows=7 width=0)
         Filter: (client_id = 25567)
[0m
  [4;35;1mCACHE (0.0ms)[0m   [0mSELECT * FROM "roles" WHERE ("roles"."id" = 4) [0m
Rendered users/_user_info (16.6ms)
Rendered shared/_edit_delete_link (231.9ms)
  [4;36;1mSQL (2.2ms)[0m   [0;1mSELECT count(*) AS count_all FROM "listings" WHERE ("listings".user_id = 25565) [0m
  [4;35;1mAnalyzing  Execution Time: 0.002736

[0m   [0mAggregate  (cost=1615.81..1615.82 rows=1 width=0)
   ->  Index Scan using index_listings_on_id_and_user_id_and_title on listings  (cost=0.00..1615.79 rows=4 width=0)
         Index Cond: (user_id = 25565)
[0m
  [4;36;1mSQL (0.5ms)[0m   [0;1mSELECT count(*) AS count_all FROM "claimed_listings" WHERE ("claimed_listings".client_id = 25565) [0m
  [4;35;1mAnalyzing  Execution Time: 0.001681

[0m   [0mAggregate  (cost=27.27..27.28 rows=1 width=0)
   ->  Seq Scan on claimed_listings  (cost=0.00..27.25 rows=7 width=0)
         Filter: (client_id = 25565)
[0m
  [4;36;1mCACHE (0.0ms)[0m   [0;1mSELECT * FROM "roles" WHERE ("roles"."id" = 4) [0m
Rendered users/_user_info (21.9ms)
Rendered shared/_edit_delete_link (5.8ms)
  [4;35;1mSQL (15.6ms)[0m   [0mSELECT count(*) AS count_all FROM "listings" WHERE ("listings".user_id = 25564) [0m
  [4;36;1mAnalyzing  Execution Time: 0.016066

[0m   [0;1mAggregate  (cost=1615.81..1615.82 rows=1 width=0)
   ->  Index Scan using index_listings_on_id_and_user_id_and_title on listings  (cost=0.00..1615.79 rows=4 width=0)
         Index Cond: (user_id = 25564)
[0m
  [4;35;1mSQL (0.4ms)[0m   [0mSELECT count(*) AS count_all FROM "claimed_listings" WHERE ("claimed_listings".client_id = 25564) [0m
  [4;36;1mAnalyzing  Execution Time: 0.00144

[0m   [0;1mAggregate  (cost=27.27..27.28 rows=1 width=0)
   ->  Seq Scan on claimed_listings  (cost=0.00..27.25 rows=7 width=0)
         Filter: (client_id = 25564)
[0m
  [4;35;1mCACHE (0.0ms)[0m   [0mSELECT * FROM "roles" WHERE ("roles"."id" = 4) [0m
Rendered users/_user_info (17.4ms)
Rendered shared/_edit_delete_link (5.4ms)
  [4;36;1mSQL (2.7ms)[0m   [0;1mSELECT count(*) AS count_all FROM "listings" WHERE ("listings".user_id = 25563) [0m
  [4;35;1mAnalyzing  Execution Time: 0.003184

[0m   [0mAggregate  (cost=1615.81..1615.82 rows=1 width=0)
   ->  Index Scan using index_listings_on_id_and_user_id_and_title on listings  (cost=0.00..1615.79 rows=4 width=0)
         Index Cond: (user_id = 25563)
[0m
  [4;36;1mSQL (0.4ms)[0m   [0;1mSELECT count(*) AS count_all FROM "claimed_listings" WHERE ("claimed_listings".client_id = 25563) [0m
  [4;35;1mAnalyzing  Execution Time: 0.000996

[0m   [0mAggregate  (cost=27.27..27.28 rows=1 width=0)
   ->  Seq Scan on claimed_listings  (cost=0.00..27.25 rows=7 width=0)
         Filter: (client_id = 25563)
[0m
  [4;36;1mCACHE (0.0ms)[0m   [0;1mSELECT * FROM "roles" WHERE ("roles"."id" = 4) [0m
Rendered users/_user_info (15.5ms)
Rendered shared/_edit_delete_link (5.5ms)
  [4;35;1mSQL (2.4ms)[0m   [0mSELECT count(*) AS count_all FROM "listings" WHERE ("listings".user_id = 25562) [0m
  [4;36;1mAnalyzing  Execution Time: 0.002787

[0m   [0;1mAggregate  (cost=1615.81..1615.82 rows=1 width=0)
   ->  Index Scan using index_listings_on_id_and_user_id_and_title on listings  (cost=0.00..1615.79 rows=4 width=0)
         Index Cond: (user_id = 25562)
[0m
  [4;35;1mSQL (0.4ms)[0m   [0mSELECT count(*) AS count_all FROM "claimed_listings" WHERE ("claimed_listings".client_id = 25562) [0m
  [4;36;1mAnalyzing  Execution Time: 0.000825

[0m   [0;1mAggregate  (cost=27.27..27.28 rows=1 width=0)
   ->  Seq Scan on claimed_listings  (cost=0.00..27.25 rows=7 width=0)
         Filter: (client_id = 25562)
[0m
  [4;35;1mCACHE (0.0ms)[0m   [0mSELECT * FROM "roles" WHERE ("roles"."id" = 4) [0m
Rendered users/_user_info (17.3ms)
Rendered shared/_edit_delete_link (6.6ms)
  [4;36;1mSQL (2.1ms)[0m   [0;1mSELECT count(*) AS count_all FROM "listings" WHERE ("listings".user_id = 25560) [0m
  [4;35;1mAnalyzing  Execution Time: 0.002488

[0m   [0mAggregate  (cost=1615.81..1615.82 rows=1 width=0)
   ->  Index Scan using index_listings_on_id_and_user_id_and_title on listings  (cost=0.00..1615.79 rows=4 width=0)
         Index Cond: (user_id = 25560)
[0m
  [4;36;1mSQL (0.6ms)[0m   [0;1mSELECT count(*) AS count_all FROM "claimed_listings" WHERE ("claimed_listings".client_id = 25560) [0m
  [4;35;1mAnalyzing  Execution Time: 0.000946

[0m   [0mAggregate  (cost=27.27..27.28 rows=1 width=0)
   ->  Seq Scan on claimed_listings  (cost=0.00..27.25 rows=7 width=0)
         Filter: (client_id = 25560)
[0m
  [4;36;1mCACHE (0.0ms)[0m   [0;1mSELECT * FROM "roles" WHERE ("roles"."id" = 4) [0m
Rendered users/_user_info (17.9ms)
Rendered shared/_edit_delete_link (5.3ms)
  [4;35;1mSQL (2.6ms)[0m   [0mSELECT count(*) AS count_all FROM "listings" WHERE ("listings".user_id = 25559) [0m
  [4;36;1mAnalyzing  Execution Time: 0.004208

[0m   [0;1mAggregate  (cost=1615.81..1615.82 rows=1 width=0)
   ->  Index Scan using index_listings_on_id_and_user_id_and_title on listings  (cost=0.00..1615.79 rows=4 width=0)
         Index Cond: (user_id = 25559)
[0m
  [4;35;1mSQL (0.6ms)[0m   [0mSELECT count(*) AS count_all FROM "claimed_listings" WHERE ("claimed_listings".client_id = 25559) [0m
  [4;36;1mAnalyzing  Execution Time: 0.001015

[0m   [0;1mAggregate  (cost=27.27..27.28 rows=1 width=0)
   ->  Seq Scan on claimed_listings  (cost=0.00..27.25 rows=7 width=0)
         Filter: (client_id = 25559)
[0m
  [4;35;1mCACHE (0.0ms)[0m   [0mSELECT * FROM "roles" WHERE ("roles"."id" = 4) [0m
Rendered users/_user_info (19.5ms)
Rendered shared/_edit_delete_link (7.0ms)
  [4;36;1mSQL (2.6ms)[0m   [0;1mSELECT count(*) AS count_all FROM "listings" WHERE ("listings".user_id = 25558) [0m
  [4;35;1mAnalyzing  Execution Time: 0.003014

[0m   [0mAggregate  (cost=1615.81..1615.82 rows=1 width=0)
   ->  Index Scan using index_listings_on_id_and_user_id_and_title on listings  (cost=0.00..1615.79 rows=4 width=0)
         Index Cond: (user_id = 25558)
[0m
  [4;36;1mSQL (0.5ms)[0m   [0;1mSELECT count(*) AS count_all FROM "claimed_listings" WHERE ("claimed_listings".client_id = 25558) [0m
  [4;35;1mAnalyzing  Execution Time: 0.001457

[0m   [0mAggregate  (cost=27.27..27.28 rows=1 width=0)
   ->  Seq Scan on claimed_listings  (cost=0.00..27.25 rows=7 width=0)
         Filter: (client_id = 25558)
[0m
Rendered views/_paginate (6.0ms)
Rendered views/partials/_users (2500.1ms)
Rendered shared/_base_model_index (2905.7ms)
Rendered shared/_model_index (2987.8ms)
Completed in 3638ms (View: 2978, DB: 294) | 200 OK [https://localhost/clients]
** has_many_polymorphs: autoload hook invoked
** has_many_polymorphs: preloading parent model Block
** has_many_polymorphs: associating Block.models
  [4;36;1mSQL (0.3ms)[0m   [0;1mSET client_min_messages TO 'panic'[0m
  [4;35;1mSQL (0.3ms)[0m   [0mSET client_min_messages TO 'notice'[0m
** has_many_polymorphs: preloading parent model View
** has_many_polymorphs: associating View.models
  [4;36;1mSQL (1.0ms)[0m   [0;1mSET client_min_messages TO 'panic'[0m
  [4;35;1mSQL (0.1ms)[0m   [0mSET client_min_messages TO 'notice'[0m


Processing ClientsController#show (for 127.0.0.1 at 2011-04-26 18:13:32) [GET]
  Parameters: {"action"=>"show", "id"=>"25586", "controller"=>"clients"}
  [4;36;1mUser Load (11.9ms)[0m   [0;1mSELECT * FROM "users" WHERE ("users"."id" = E'1') LIMIT 1[0m
  [4;35;1mAnalyzing User Load Execution Time: 0.013658

[0m   [0mLimit  (cost=0.00..8.27 rows=1 width=574)
   ->  Index Scan using users_pkey on users  (cost=0.00..8.27 rows=1 width=574)
         Index Cond: (id = 1)
[0m
  [4;36;1mSQL (1.0ms)[0m   [0;1mBEGIN[0m
  [4;35;1mUser Update (1.8ms)[0m   [0mUPDATE "users" SET "updated_at" = '2011-04-26 22:13:32.668903', "perishable_token" = E'HbdcQtRM8J4DtaAf3vbD', "last_request_at" = '2011-04-26 22:13:32.664758' WHERE "id" = 1[0m
  [4;36;1mSQL (2.1ms)[0m   [0;1mCOMMIT[0m
  [4;35;1mRole Load (0.7ms)[0m   [0mSELECT * FROM "roles" WHERE ("roles"."id" = 1) [0m
  [4;36;1mAnalyzing Role Load Execution Time: 0.001409

[0m   [0;1mIndex Scan using roles_pkey on roles  (cost=0.00..8.27 rows=1 width=536)
   Index Cond: (id = 1)
[0m
  [4;35;1mClient Load (1.2ms)[0m   [0mSELECT * FROM "users" WHERE ("users"."id" = 25586) AND ( ("users"."type" = 'Client' ) ) LIMIT 1[0m
  [4;36;1mAnalyzing Client Load Execution Time: 0.00211

[0m   [0;1mLimit  (cost=0.00..8.27 rows=1 width=574)
   ->  Index Scan using users_pkey on users  (cost=0.00..8.27 rows=1 width=574)
         Index Cond: (id = 25586)
         Filter: ((type)::text = 'Client'::text)
[0m
Rendering clients/show
  [4;35;1mUser Load (12.7ms)[0m   [0mSELECT * FROM "users" WHERE ("users"."id" = 25586) [0m
  [4;36;1mAnalyzing User Load Execution Time: 0.013421

[0m   [0;1mIndex Scan using users_pkey on users  (cost=0.00..8.27 rows=1 width=574)
   Index Cond: (id = 25586)
[0m
  [4;35;1mSQL (13.5ms)[0m   [0mSELECT count(*) AS count_all FROM "listings" WHERE ("listings".user_id = 25586 AND (enabled IS TRUE)) [0m
  [4;36;1mAnalyzing  Execution Time: 0.014722

[0m   [0;1mAggregate  (cost=1615.81..1615.82 rows=1 width=0)
   ->  Index Scan using index_listings_on_id_and_user_id_and_title on listings  (cost=0.00..1615.79 rows=4 width=0)
         Index Cond: (user_id = 25586)
         Filter: (enabled IS TRUE)
[0m
  [4;35;1mListing Load (3.3ms)[0m   [0mSELECT * FROM "listings" WHERE ("listings".user_id = 25586) [0m
  [4;36;1mAnalyzing Listing Load Execution Time: 0.004141

[0m   [0;1mIndex Scan using index_listings_on_id_and_user_id_and_title on listings  (cost=0.00..1615.79 rows=4 width=1172)
   Index Cond: (user_id = 25586)
[0m
  [4;35;1mFacilityInfo Load (1.2ms)[0m   [0mSELECT * FROM "facility_infos" WHERE ("facility_infos".listing_id = 113291) LIMIT 1[0m
  [4;36;1mAnalyzing FacilityInfo Load Execution Time: 0.001568

[0m   [0;1mLimit  (cost=0.00..10.00 rows=1 width=8362)
   ->  Seq Scan on facility_infos  (cost=0.00..10.00 rows=1 width=8362)
         Filter: (listing_id = 113291)
[0m
  [4;35;1mRole Load (0.8ms)[0m   [0mSELECT * FROM "roles" WHERE ("roles"."id" = 4) [0m
  [4;36;1mAnalyzing Role Load Execution Time: 0.001177

[0m   [0;1mIndex Scan using roles_pkey on roles  (cost=0.00..8.27 rows=1 width=536)
   Index Cond: (id = 4)
[0m
Rendered users/_user_info (22.0ms)
Rendered notes/_form (7.1ms)
  [4;35;1mNote Load (1.3ms)[0m   [0mSELECT * FROM "notes" WHERE ("notes".user_id = 25586) [0m
  [4;36;1mAnalyzing Note Load Execution Time: 0.001791

[0m   [0;1mSeq Scan on notes  (cost=0.00..11.62 rows=1 width=576)
   Filter: (user_id = 25586)
[0m
  [4;35;1mUser Load (3.4ms)[0m   [0mSELECT * FROM "users" WHERE ("users"."id" = 1) [0m
  [4;36;1mAnalyzing User Load Execution Time: 0.004407

[0m   [0;1mIndex Scan using users_pkey on users  (cost=0.00..8.27 rows=1 width=574)
   Index Cond: (id = 1)
[0m
Rendered notes/_note (15.2ms)
  [4;35;1mCACHE (0.0ms)[0m   [0mSELECT * FROM "users" WHERE ("users"."id" = 1) [0m
Rendered notes/_note (3.5ms)
Rendered notes/_client_notes (549.3ms)
  [4;36;1mSQL (1.6ms)[0m   [0;1mSELECT count(*) AS count_all FROM "claimed_listings" WHERE ("claimed_listings".client_id = 25586) [0m
  [4;35;1mAnalyzing  Execution Time: 0.001975

[0m   [0mAggregate  (cost=27.27..27.28 rows=1 width=0)
   ->  Seq Scan on claimed_listings  (cost=0.00..27.25 rows=7 width=0)
         Filter: (client_id = 25586)
[0m
  [4;36;1mClient Load (0.6ms)[0m   [0;1mSELECT * FROM "users" WHERE ("users"."id" = 25586) AND ( ("users"."type" = 'Client' ) ) [0m
  [4;35;1mAnalyzing Client Load Execution Time: 0.001403

[0m   [0mIndex Scan using users_pkey on users  (cost=0.00..8.27 rows=1 width=574)
   Index Cond: (id = 25586)
   Filter: ((type)::text = 'Client'::text)
[0m
  [4;36;1mSQL (0.8ms)[0m   [0;1mSELECT count(*) AS count_all FROM "sizes" WHERE ("sizes".listing_id = 113291) [0m
  [4;35;1mAnalyzing  Execution Time: 0.001184

[0m   [0mAggregate  (cost=18.55..18.56 rows=1 width=0)
   ->  Bitmap Heap Scan on sizes  (cost=4.30..18.53 rows=7 width=0)
         Recheck Cond: (listing_id = 113291)
         ->  Bitmap Index Scan on index_sizes_on_listing_id_and_price  (cost=0.00..4.30 rows=7 width=0)
               Index Cond: (listing_id = 113291)
[0m
  [4;36;1mSQL (13.5ms)[0m   [0;1mSELECT count(*) AS count_all FROM "business_hours" WHERE ("business_hours".listing_id = 113291) [0m
  [4;35;1mAnalyzing  Execution Time: 0.013897

[0m   [0mAggregate  (cost=99.56..99.57 rows=1 width=0)
   ->  Seq Scan on business_hours  (cost=0.00..99.53 rows=13 width=0)
         Filter: (listing_id = 113291)
[0m
  [4;36;1mSQL (0.9ms)[0m   [0;1mSELECT count(*) AS count_all FROM "comments" WHERE ("comments".commentable_id = 113291 AND "comments".commentable_type = E'Listing') [0m
  [4;35;1mAnalyzing  Execution Time: 0.002396

[0m   [0mAggregate  (cost=10.91..10.92 rows=1 width=0)
   ->  Seq Scan on comments  (cost=0.00..10.90 rows=1 width=0)
         Filter: ((commentable_id = 113291) AND ((commentable_type)::text = 'Listing'::text))
[0m
  [4;36;1mPredefinedSpecial Load (1.5ms)[0m   [0;1mSELECT "predefined_specials".* FROM "predefined_specials" INNER JOIN "predef_special_assigns" ON "predefined_specials".id = "predef_special_assigns".predefined_special_id WHERE (("predef_special_assigns".listing_id = 113291)) [0m
  [4;35;1mAnalyzing PredefinedSpecial Load Execution Time: 0.002165

[0m   [0mNested Loop  (cost=0.00..10.27 rows=1 width=1092)
   ->  Seq Scan on predef_special_assigns  (cost=0.00..1.99 rows=1 width=4)
         Filter: (listing_id = 113291)
   ->  Index Scan using predefined_specials_pkey on predefined_specials  (cost=0.00..8.27 rows=1 width=1092)
         Index Cond: (predefined_specials.id = predef_special_assigns.predefined_special_id)
[0m
  [4;36;1mSQL (1.6ms)[0m   [0;1mSELECT count(*) AS count_all FROM "facility_features" INNER JOIN "listing_features" ON "facility_features".id = "listing_features".facility_feature_id WHERE (("listing_features".listing_id = 113291)) [0m
  [4;35;1mAnalyzing  Execution Time: 0.002101

[0m   [0mAggregate  (cost=51.87..51.88 rows=1 width=0)
   ->  Hash Join  (cost=12.93..51.85 rows=8 width=0)
         Hash Cond: (listing_features.facility_feature_id = facility_features.id)
         ->  Seq Scan on listing_features  (cost=0.00..38.81 rows=8 width=4)
               Filter: (listing_id = 113291)
         ->  Hash  (cost=11.30..11.30 rows=130 width=4)
               ->  Seq Scan on facility_features  (cost=0.00..11.30 rows=130 width=4)
[0m
  [4;36;1mCACHE (0.0ms)[0m   [0;1mSELECT count(*) AS count_all FROM "facility_features" INNER JOIN "listing_features" ON "facility_features".id = "listing_features".facility_feature_id WHERE (("listing_features".listing_id = 113291)) [0m
  [4;35;1mSQL (47.4ms)[0m   [0mSELECT count(*) AS count_all FROM "pictures" WHERE ("pictures".listing_id = 113291) [0m
  [4;36;1mAnalyzing  Execution Time: 0.0479

[0m   [0;1mAggregate  (cost=15.58..15.59 rows=1 width=0)
   ->  Seq Scan on pictures  (cost=0.00..15.57 rows=3 width=0)
         Filter: (listing_id = 113291)
[0m
Rendered listings/_listing (690.5ms)
  [4;35;1mMailingAddress Load (1.1ms)[0m   [0mSELECT * FROM "mailing_addresses" WHERE ("mailing_addresses".user_id = 25586) LIMIT 1[0m
  [4;36;1mAnalyzing MailingAddress Load Execution Time: 0.001584

[0m   [0;1mLimit  (cost=0.00..8.27 rows=1 width=106)
   ->  Index Scan using index_mailing_addresses_on_client_id_and_city_and_state on mailing_addresses  (cost=0.00..8.27 rows=1 width=106)
         Index Cond: (user_id = 25586)
[0m
Rendered clients/_owner_info (31.9ms)
  [4;35;1mUserHintPlacement Load (15.5ms)[0m   [0mSELECT * FROM "user_hint_placements" WHERE ("user_hint_placements".user_id = 25586) [0m
  [4;36;1mAnalyzing UserHintPlacement Load Execution Time: 0.016578

[0m   [0;1mIndex Scan using index_user_hint_placements_on_user_id on user_hint_placements  (cost=0.00..8.39 rows=8 width=33)
   Index Cond: (user_id = 25586)
[0m
  [4;35;1mAccountSetting Load (1.9ms)[0m   [0mSELECT * FROM "account_settings" WHERE ("account_settings".client_id = 25586) LIMIT 1[0m
  [4;36;1mAnalyzing AccountSetting Load Execution Time: 0.002216

[0m   [0;1mLimit  (cost=0.00..1.65 rows=1 width=80)
   ->  Seq Scan on account_settings  (cost=0.00..1.65 rows=1 width=80)
         Filter: (client_id = 25586)
[0m
Rendered clients/_settings (89.4ms)
  [4;35;1mSQL (11.1ms)[0m   [0mSELECT count(*) AS count_all FROM "user_stats" WHERE ("user_stats".user_id = 25586) [0m
  [4;36;1mAnalyzing  Execution Time: 0.01151

[0m   [0;1mAggregate  (cost=678.85..678.86 rows=1 width=0)
   ->  Seq Scan on user_stats  (cost=0.00..678.81 rows=14 width=0)
         Filter: (user_id = 25586)
[0m
  [4;35;1mUserStat Load (1.4ms)[0m   [0mSELECT * FROM "user_stats" WHERE ("user_stats".user_id = 25586) ORDER BY user_stats.id DESC LIMIT 1[0m
  [4;36;1mAnalyzing UserStat Load Execution Time: 0.002072

[0m   [0;1mLimit  (cost=0.00..64.69 rows=1 width=1370)
   ->  Index Scan Backward using user_stats_pkey on user_stats  (cost=0.00..905.65 rows=14 width=1370)
         Filter: (user_id = 25586)
[0m
Rendered user_stats/_user_stat (3.5ms)
Completed in 2903ms (View: 1981, DB: 192) | 200 OK [https://localhost/clients/25586]
** has_many_polymorphs: autoload hook invoked
** has_many_polymorphs: preloading parent model Block
** has_many_polymorphs: associating Block.models
  [4;35;1mSQL (2.4ms)[0m   [0mSET client_min_messages TO 'panic'[0m
  [4;36;1mSQL (0.3ms)[0m   [0;1mSET client_min_messages TO 'notice'[0m
** has_many_polymorphs: preloading parent model View
** has_many_polymorphs: associating View.models
  [4;35;1mSQL (0.6ms)[0m   [0mSET client_min_messages TO 'panic'[0m
  [4;36;1mSQL (0.1ms)[0m   [0;1mSET client_min_messages TO 'notice'[0m


Processing NotesController#create (for 127.0.0.1 at 2011-04-26 18:13:54) [POST]
  Parameters: {"action"=>"create", "authenticity_token"=>"dX3RjIMB5BpQweTBexUE9J4Vs3U8uecIJoR6lE05MKY=", "client_id"=>"25586", "note"=>{"content"=>"wow these are awesome notes, yeah?"}, "controller"=>"notes"}
  [4;35;1mUser Load (32.3ms)[0m   [0mSELECT * FROM "users" WHERE ("users"."id" = E'1') LIMIT 1[0m
  [4;36;1mAnalyzing User Load Execution Time: 0.035128

[0m   [0;1mLimit  (cost=0.00..8.27 rows=1 width=574)
   ->  Index Scan using users_pkey on users  (cost=0.00..8.27 rows=1 width=574)
         Index Cond: (id = 1)
[0m
  [4;35;1mSQL (0.2ms)[0m   [0mBEGIN[0m
  [4;36;1mUser Update (1.1ms)[0m   [0;1mUPDATE "users" SET "updated_at" = '2011-04-26 22:13:54.349555', "perishable_token" = E'ZkqcTVzs4FcTPDVh2O', "last_request_at" = '2011-04-26 22:13:54.346621' WHERE "id" = 1[0m
  [4;35;1mSQL (1.0ms)[0m   [0mCOMMIT[0m
  [4;36;1mRole Load (0.6ms)[0m   [0;1mSELECT * FROM "roles" WHERE ("roles"."id" = 1) [0m
  [4;35;1mAnalyzing Role Load Execution Time: 0.001037

[0m   [0mIndex Scan using roles_pkey on roles  (cost=0.00..8.27 rows=1 width=536)
   Index Cond: (id = 1)
[0m
  [4;36;1mClient Load (3.6ms)[0m   [0;1mSELECT * FROM "users" WHERE ("users"."id" = 25586) AND ( ("users"."type" = 'Client' ) ) [0m
  [4;35;1mAnalyzing Client Load Execution Time: 0.004372

[0m   [0mIndex Scan using users_pkey on users  (cost=0.00..8.27 rows=1 width=574)
   Index Cond: (id = 25586)
   Filter: ((type)::text = 'Client'::text)
[0m
  [4;36;1mSQL (0.2ms)[0m   [0;1mBEGIN[0m
  [4;35;1mSQL (3.4ms)[0m   [0mINSERT INTO "notes" ("created_at", "updated_at", "created_by", "user_id", "content", "status") VALUES('2011-04-26 22:13:54.905573', '2011-04-26 22:13:54.905573', 1, 25586, E'wow these are awesome notes, yeah?', NULL) RETURNING "id"[0m
  [4;36;1mSQL (1.1ms)[0m   [0;1mCOMMIT[0m
  [4;35;1mClient Load (0.6ms)[0m   [0mSELECT * FROM "users" WHERE ("users"."id" = 25586) AND ( ("users"."type" = 'Client' ) ) [0m
  [4;36;1mAnalyzing Client Load Execution Time: 0.006149

[0m   [0;1mIndex Scan using users_pkey on users  (cost=0.00..8.27 rows=1 width=574)
   Index Cond: (id = 25586)
   Filter: ((type)::text = 'Client'::text)
[0m
  [4;35;1mNote Load (0.5ms)[0m   [0mSELECT * FROM "notes" [0m
  [4;36;1mAnalyzing Note Load Execution Time: 0.001159

[0m   [0;1mSeq Scan on notes  (cost=0.00..11.30 rows=130 width=576)
[0m
Rendering notes/edit
  [4;35;1mHelptext Load (10.0ms)[0m   [0mSELECT * FROM "helptexts" WHERE ("helptexts"."model" = E'note') LIMIT 1[0m
  [4;36;1mAnalyzing Helptext Load Execution Time: 0.010491

[0m   [0;1mLimit  (cost=0.00..11.50 rows=1 width=601)
   ->  Seq Scan on helptexts  (cost=0.00..11.50 rows=1 width=601)
         Filter: ((model)::text = 'note'::text)
[0m
Rendered helptexts/_helptext (2.3ms)
Rendered notes/_form (5.6ms)
Rendered shared/_model_delete_cancel_link (19.4ms)
Rendered shared/_model_form (523.4ms)

ActionView::MissingTemplate (Missing template create.erb in view path ):
  /usr/local/lib/ruby/1.8/webrick/httpserver.rb:104:in `service'
  /usr/local/lib/ruby/1.8/webrick/httpserver.rb:65:in `run'
  /usr/local/lib/ruby/1.8/webrick/server.rb:173:in `start_thread'
  /usr/local/lib/ruby/1.8/webrick/server.rb:162:in `start'
  /usr/local/lib/ruby/1.8/webrick/server.rb:162:in `start_thread'
  /usr/local/lib/ruby/1.8/webrick/server.rb:95:in `start'
  /usr/local/lib/ruby/1.8/webrick/server.rb:92:in `each'
  /usr/local/lib/ruby/1.8/webrick/server.rb:92:in `start'
  /usr/local/lib/ruby/1.8/webrick/server.rb:23:in `start'
  /usr/local/lib/ruby/1.8/webrick/server.rb:82:in `start'
  script/ssl_server:129

Rendering rescues/layout (internal_server_error)
** has_many_polymorphs: autoload hook invoked
** has_many_polymorphs: preloading parent model Block
** has_many_polymorphs: associating Block.models
  [4;35;1mSQL (0.3ms)[0m   [0mSET client_min_messages TO 'panic'[0m
  [4;36;1mSQL (0.3ms)[0m   [0;1mSET client_min_messages TO 'notice'[0m
** has_many_polymorphs: preloading parent model View
** has_many_polymorphs: associating View.models
  [4;35;1mSQL (0.2ms)[0m   [0mSET client_min_messages TO 'panic'[0m
  [4;36;1mSQL (0.1ms)[0m   [0;1mSET client_min_messages TO 'notice'[0m


Processing ClientsController#index (for 127.0.0.1 at 2011-04-26 18:14:32) [GET]
  Parameters: {"action"=>"index", "controller"=>"clients"}
  [4;35;1mUser Load (39.7ms)[0m   [0mSELECT * FROM "users" WHERE ("users"."id" = E'1') LIMIT 1[0m
  [4;36;1mAnalyzing User Load Execution Time: 0.049808

[0m   [0;1mLimit  (cost=0.00..8.27 rows=1 width=574)
   ->  Index Scan using users_pkey on users  (cost=0.00..8.27 rows=1 width=574)
         Index Cond: (id = 1)
[0m
  [4;35;1mSQL (1.2ms)[0m   [0mBEGIN[0m
  [4;36;1mUser Update (1.0ms)[0m   [0;1mUPDATE "users" SET "updated_at" = '2011-04-26 22:14:32.575217', "perishable_token" = E'GxdqrWNTM9metNByJPIY', "last_request_at" = '2011-04-26 22:14:32.571468' WHERE "id" = 1[0m
  [4;35;1mSQL (0.7ms)[0m   [0mCOMMIT[0m
  [4;36;1mRole Load (1.0ms)[0m   [0;1mSELECT * FROM "roles" WHERE ("roles"."id" = 1) [0m
  [4;35;1mAnalyzing Role Load Execution Time: 0.001746

[0m   [0mIndex Scan using roles_pkey on roles  (cost=0.00..8.27 rows=1 width=536)
   Index Cond: (id = 1)
[0m
  [4;36;1mClient Load (3.3ms)[0m   [0;1mSELECT * FROM "users" WHERE ("users"."status" = E'active') AND ( ("users"."type" = 'Client' ) ) ORDER BY created_at DESC LIMIT 20 OFFSET 0[0m
  [4;35;1mAnalyzing Client Load Execution Time: 0.012961

[0m   [0mLimit  (cost=34.49..34.54 rows=20 width=574)
   ->  Sort  (cost=34.49..35.15 rows=265 width=574)
         Sort Key: created_at
         ->  Seq Scan on users  (cost=0.00..27.44 rows=265 width=574)
               Filter: (((status)::text = 'active'::text) AND ((type)::text = 'Client'::text))
[0m
  [4;36;1mSQL (1.1ms)[0m   [0;1mSELECT count(*) AS count_all FROM "users" WHERE ("users"."status" = E'active') AND ( ("users"."type" = 'Client' ) ) [0m
  [4;35;1mAnalyzing  Execution Time: 0.001413

[0m   [0mAggregate  (cost=28.10..28.11 rows=1 width=0)
   ->  Seq Scan on users  (cost=0.00..27.44 rows=265 width=0)
         Filter: (((status)::text = 'active'::text) AND ((type)::text = 'Client'::text))
[0m
Rendering clients/index
  [4;36;1mSQL (1.7ms)[0m   [0;1mSELECT count(*) AS count_all FROM "users" WHERE ( ("users"."type" = 'Client' ) ) [0m
  [4;35;1mAnalyzing  Execution Time: 0.002042

[0m   [0mAggregate  (cost=27.42..27.43 rows=1 width=0)
   ->  Seq Scan on users  (cost=0.00..26.70 rows=288 width=0)
         Filter: ((type)::text = 'Client'::text)
[0m
  [4;36;1mSQL (1.3ms)[0m   [0;1mSELECT count(*) AS count_all FROM "users" WHERE (status != E'active') AND ( ("users"."type" = 'Client' ) ) [0m
  [4;35;1mAnalyzing  Execution Time: 0.001718

[0m   [0mAggregate  (cost=27.50..27.51 rows=1 width=0)
   ->  Seq Scan on users  (cost=0.00..27.44 rows=23 width=0)
         Filter: (((status)::text <> 'active'::text) AND ((type)::text = 'Client'::text))
[0m
  [4;36;1mCACHE (0.0ms)[0m   [0;1mSELECT count(*) AS count_all FROM "users" WHERE ("users"."status" = E'active') AND ( ("users"."type" = 'Client' ) ) [0m
  [4;35;1mHelptext Load (0.8ms)[0m   [0mSELECT * FROM "helptexts" WHERE ("helptexts"."model" = E'client') LIMIT 1[0m
  [4;36;1mAnalyzing Helptext Load Execution Time: 0.001137

[0m   [0;1mLimit  (cost=0.00..11.50 rows=1 width=601)
   ->  Seq Scan on helptexts  (cost=0.00..11.50 rows=1 width=601)
         Filter: ((model)::text = 'client'::text)
[0m
Rendered helptexts/_helptext (2.3ms)
Rendered shared/_model_new_back_buttons (4.8ms)
Rendered shared/_model_search (3.1ms)
Rendered menus/_view_type_links (29.0ms)
Rendered shared/_model_sort (8.8ms)
  [4;35;1mRole Load (11.5ms)[0m   [0mSELECT * FROM "roles" WHERE ("roles"."id" = 4) [0m
  [4;36;1mAnalyzing Role Load Execution Time: 0.020421

[0m   [0;1mIndex Scan using roles_pkey on roles  (cost=0.00..8.27 rows=1 width=536)
   Index Cond: (id = 4)
[0m
Rendered users/_user_info (40.3ms)
Rendered shared/_edit_delete_link (5.8ms)
  [4;35;1mSQL (4.5ms)[0m   [0mSELECT count(*) AS count_all FROM "listings" WHERE ("listings".user_id = 25586) [0m
  [4;36;1mAnalyzing  Execution Time: 0.006463

[0m   [0;1mAggregate  (cost=1615.81..1615.82 rows=1 width=0)
   ->  Index Scan using index_listings_on_id_and_user_id_and_title on listings  (cost=0.00..1615.79 rows=4 width=0)
         Index Cond: (user_id = 25586)
[0m
  [4;35;1mSQL (0.9ms)[0m   [0mSELECT count(*) AS count_all FROM "claimed_listings" WHERE ("claimed_listings".client_id = 25586) [0m
  [4;36;1mAnalyzing  Execution Time: 0.001984

[0m   [0;1mAggregate  (cost=27.27..27.28 rows=1 width=0)
   ->  Seq Scan on claimed_listings  (cost=0.00..27.25 rows=7 width=0)
         Filter: (client_id = 25586)
[0m
  [4;35;1mCACHE (0.0ms)[0m   [0mSELECT * FROM "roles" WHERE ("roles"."id" = 4) [0m
Rendered users/_user_info (27.3ms)
Rendered shared/_edit_delete_link (7.8ms)
  [4;36;1mSQL (3.4ms)[0m   [0;1mSELECT count(*) AS count_all FROM "listings" WHERE ("listings".user_id = 25584) [0m
  [4;35;1mAnalyzing  Execution Time: 0.003797

[0m   [0mAggregate  (cost=1615.81..1615.82 rows=1 width=0)
   ->  Index Scan using index_listings_on_id_and_user_id_and_title on listings  (cost=0.00..1615.79 rows=4 width=0)
         Index Cond: (user_id = 25584)
[0m
  [4;36;1mSQL (0.5ms)[0m   [0;1mSELECT count(*) AS count_all FROM "claimed_listings" WHERE ("claimed_listings".client_id = 25584) [0m
  [4;35;1mAnalyzing  Execution Time: 0.000871

[0m   [0mAggregate  (cost=27.27..27.28 rows=1 width=0)
   ->  Seq Scan on claimed_listings  (cost=0.00..27.25 rows=7 width=0)
         Filter: (client_id = 25584)
[0m
  [4;36;1mCACHE (0.0ms)[0m   [0;1mSELECT * FROM "roles" WHERE ("roles"."id" = 4) [0m
Rendered users/_user_info (47.9ms)
Rendered shared/_edit_delete_link (23.6ms)
  [4;35;1mSQL (3.3ms)[0m   [0mSELECT count(*) AS count_all FROM "listings" WHERE ("listings".user_id = 25583) [0m
  [4;36;1mAnalyzing  Execution Time: 0.003996

[0m   [0;1mAggregate  (cost=1615.81..1615.82 rows=1 width=0)
   ->  Index Scan using index_listings_on_id_and_user_id_and_title on listings  (cost=0.00..1615.79 rows=4 width=0)
         Index Cond: (user_id = 25583)
[0m
  [4;35;1mSQL (0.9ms)[0m   [0mSELECT count(*) AS count_all FROM "claimed_listings" WHERE ("claimed_listings".client_id = 25583) [0m
  [4;36;1mAnalyzing  Execution Time: 0.001366

[0m   [0;1mAggregate  (cost=27.27..27.28 rows=1 width=0)
   ->  Seq Scan on claimed_listings  (cost=0.00..27.25 rows=7 width=0)
         Filter: (client_id = 25583)
[0m
  [4;35;1mCACHE (0.0ms)[0m   [0mSELECT * FROM "roles" WHERE ("roles"."id" = 4) [0m
Rendered users/_user_info (40.9ms)
Rendered shared/_edit_delete_link (10.9ms)
  [4;36;1mSQL (3.1ms)[0m   [0;1mSELECT count(*) AS count_all FROM "listings" WHERE ("listings".user_id = 25582) [0m
  [4;35;1mAnalyzing  Execution Time: 0.003548

[0m   [0mAggregate  (cost=1615.81..1615.82 rows=1 width=0)
   ->  Index Scan using index_listings_on_id_and_user_id_and_title on listings  (cost=0.00..1615.79 rows=4 width=0)
         Index Cond: (user_id = 25582)
[0m
  [4;36;1mSQL (0.6ms)[0m   [0;1mSELECT count(*) AS count_all FROM "claimed_listings" WHERE ("claimed_listings".client_id = 25582) [0m
  [4;35;1mAnalyzing  Execution Time: 0.001237

[0m   [0mAggregate  (cost=27.27..27.28 rows=1 width=0)
   ->  Seq Scan on claimed_listings  (cost=0.00..27.25 rows=7 width=0)
         Filter: (client_id = 25582)
[0m
  [4;36;1mCACHE (0.0ms)[0m   [0;1mSELECT * FROM "roles" WHERE ("roles"."id" = 4) [0m
Rendered users/_user_info (35.8ms)
Rendered shared/_edit_delete_link (16.3ms)
  [4;35;1mSQL (17.9ms)[0m   [0mSELECT count(*) AS count_all FROM "listings" WHERE ("listings".user_id = 25581) [0m
  [4;36;1mAnalyzing  Execution Time: 0.018259

[0m   [0;1mAggregate  (cost=1615.81..1615.82 rows=1 width=0)
   ->  Index Scan using index_listings_on_id_and_user_id_and_title on listings  (cost=0.00..1615.79 rows=4 width=0)
         Index Cond: (user_id = 25581)
[0m
  [4;35;1mSQL (10.0ms)[0m   [0mSELECT count(*) AS count_all FROM "claimed_listings" WHERE ("claimed_listings".client_id = 25581) [0m
  [4;36;1mAnalyzing  Execution Time: 0.010511

[0m   [0;1mAggregate  (cost=27.27..27.28 rows=1 width=0)
   ->  Seq Scan on claimed_listings  (cost=0.00..27.25 rows=7 width=0)
         Filter: (client_id = 25581)
[0m
  [4;35;1mCACHE (0.0ms)[0m   [0mSELECT * FROM "roles" WHERE ("roles"."id" = 4) [0m
Rendered users/_user_info (22.3ms)
Rendered shared/_edit_delete_link (7.1ms)
  [4;36;1mSQL (2.3ms)[0m   [0;1mSELECT count(*) AS count_all FROM "listings" WHERE ("listings".user_id = 25580) [0m
  [4;35;1mAnalyzing  Execution Time: 0.003785

[0m   [0mAggregate  (cost=1615.81..1615.82 rows=1 width=0)
   ->  Index Scan using index_listings_on_id_and_user_id_and_title on listings  (cost=0.00..1615.79 rows=4 width=0)
         Index Cond: (user_id = 25580)
[0m
  [4;36;1mSQL (0.4ms)[0m   [0;1mSELECT count(*) AS count_all FROM "claimed_listings" WHERE ("claimed_listings".client_id = 25580) [0m
  [4;35;1mAnalyzing  Execution Time: 0.00078

[0m   [0mAggregate  (cost=27.27..27.28 rows=1 width=0)
   ->  Seq Scan on claimed_listings  (cost=0.00..27.25 rows=7 width=0)
         Filter: (client_id = 25580)
[0m
  [4;36;1mCACHE (0.0ms)[0m   [0;1mSELECT * FROM "roles" WHERE ("roles"."id" = 4) [0m
Rendered users/_user_info (54.1ms)
Rendered shared/_edit_delete_link (6.0ms)
  [4;35;1mSQL (3.7ms)[0m   [0mSELECT count(*) AS count_all FROM "listings" WHERE ("listings".user_id = 25579) [0m
  [4;36;1mAnalyzing  Execution Time: 0.00418

[0m   [0;1mAggregate  (cost=1615.81..1615.82 rows=1 width=0)
   ->  Index Scan using index_listings_on_id_and_user_id_and_title on listings  (cost=0.00..1615.79 rows=4 width=0)
         Index Cond: (user_id = 25579)
[0m
  [4;35;1mSQL (0.5ms)[0m   [0mSELECT count(*) AS count_all FROM "claimed_listings" WHERE ("claimed_listings".client_id = 25579) [0m
  [4;36;1mAnalyzing  Execution Time: 0.000832

[0m   [0;1mAggregate  (cost=27.27..27.28 rows=1 width=0)
   ->  Seq Scan on claimed_listings  (cost=0.00..27.25 rows=7 width=0)
         Filter: (client_id = 25579)
[0m
  [4;35;1mCACHE (0.0ms)[0m   [0mSELECT * FROM "roles" WHERE ("roles"."id" = 4) [0m
Rendered users/_user_info (43.2ms)
Rendered shared/_edit_delete_link (51.8ms)
  [4;36;1mSQL (2.9ms)[0m   [0;1mSELECT count(*) AS count_all FROM "listings" WHERE ("listings".user_id = 25577) [0m
  [4;35;1mAnalyzing  Execution Time: 0.00325

[0m   [0mAggregate  (cost=1615.81..1615.82 rows=1 width=0)
   ->  Index Scan using index_listings_on_id_and_user_id_and_title on listings  (cost=0.00..1615.79 rows=4 width=0)
         Index Cond: (user_id = 25577)
[0m
  [4;36;1mSQL (0.4ms)[0m   [0;1mSELECT count(*) AS count_all FROM "claimed_listings" WHERE ("claimed_listings".client_id = 25577) [0m
  [4;35;1mAnalyzing  Execution Time: 0.000705

[0m   [0mAggregate  (cost=27.27..27.28 rows=1 width=0)
   ->  Seq Scan on claimed_listings  (cost=0.00..27.25 rows=7 width=0)
         Filter: (client_id = 25577)
[0m
  [4;36;1mCACHE (0.0ms)[0m   [0;1mSELECT * FROM "roles" WHERE ("roles"."id" = 4) [0m
Rendered users/_user_info (78.1ms)
Rendered shared/_edit_delete_link (16.2ms)
  [4;35;1mSQL (4.9ms)[0m   [0mSELECT count(*) AS count_all FROM "listings" WHERE ("listings".user_id = 25575) [0m
  [4;36;1mAnalyzing  Execution Time: 0.005338

[0m   [0;1mAggregate  (cost=1615.81..1615.82 rows=1 width=0)
   ->  Index Scan using index_listings_on_id_and_user_id_and_title on listings  (cost=0.00..1615.79 rows=4 width=0)
         Index Cond: (user_id = 25575)
[0m
  [4;35;1mSQL (1.7ms)[0m   [0mSELECT count(*) AS count_all FROM "claimed_listings" WHERE ("claimed_listings".client_id = 25575) [0m
  [4;36;1mAnalyzing  Execution Time: 0.002486

[0m   [0;1mAggregate  (cost=27.27..27.28 rows=1 width=0)
   ->  Seq Scan on claimed_listings  (cost=0.00..27.25 rows=7 width=0)
         Filter: (client_id = 25575)
[0m
  [4;35;1mCACHE (0.0ms)[0m   [0mSELECT * FROM "roles" WHERE ("roles"."id" = 4) [0m
Rendered users/_user_info (24.2ms)
Rendered shared/_edit_delete_link (7.9ms)
  [4;36;1mSQL (2.3ms)[0m   [0;1mSELECT count(*) AS count_all FROM "listings" WHERE ("listings".user_id = 25573) [0m
  [4;35;1mAnalyzing  Execution Time: 0.00648

[0m   [0mAggregate  (cost=1615.81..1615.82 rows=1 width=0)
   ->  Index Scan using index_listings_on_id_and_user_id_and_title on listings  (cost=0.00..1615.79 rows=4 width=0)
         Index Cond: (user_id = 25573)
[0m
  [4;36;1mSQL (0.5ms)[0m   [0;1mSELECT count(*) AS count_all FROM "claimed_listings" WHERE ("claimed_listings".client_id = 25573) [0m
  [4;35;1mAnalyzing  Execution Time: 0.003792

[0m   [0mAggregate  (cost=27.27..27.28 rows=1 width=0)
   ->  Seq Scan on claimed_listings  (cost=0.00..27.25 rows=7 width=0)
         Filter: (client_id = 25573)
[0m
  [4;36;1mCACHE (0.0ms)[0m   [0;1mSELECT * FROM "roles" WHERE ("roles"."id" = 4) [0m
Rendered users/_user_info (36.0ms)
Rendered shared/_edit_delete_link (5.8ms)
  [4;35;1mSQL (8.5ms)[0m   [0mSELECT count(*) AS count_all FROM "listings" WHERE ("listings".user_id = 25571) [0m
  [4;36;1mAnalyzing  Execution Time: 0.008926

[0m   [0;1mAggregate  (cost=1615.81..1615.82 rows=1 width=0)
   ->  Index Scan using index_listings_on_id_and_user_id_and_title on listings  (cost=0.00..1615.79 rows=4 width=0)
         Index Cond: (user_id = 25571)
[0m
  [4;35;1mSQL (7.1ms)[0m   [0mSELECT count(*) AS count_all FROM "claimed_listings" WHERE ("claimed_listings".client_id = 25571) [0m
  [4;36;1mAnalyzing  Execution Time: 0.007536

[0m   [0;1mAggregate  (cost=27.27..27.28 rows=1 width=0)
   ->  Seq Scan on claimed_listings  (cost=0.00..27.25 rows=7 width=0)
         Filter: (client_id = 25571)
[0m
  [4;35;1mCACHE (0.0ms)[0m   [0mSELECT * FROM "roles" WHERE ("roles"."id" = 4) [0m
Rendered users/_user_info (26.3ms)
Rendered shared/_edit_delete_link (8.1ms)
  [4;36;1mSQL (2.7ms)[0m   [0;1mSELECT count(*) AS count_all FROM "listings" WHERE ("listings".user_id = 25570) [0m
  [4;35;1mAnalyzing  Execution Time: 0.005655

[0m   [0mAggregate  (cost=1615.81..1615.82 rows=1 width=0)
   ->  Index Scan using index_listings_on_id_and_user_id_and_title on listings  (cost=0.00..1615.79 rows=4 width=0)
         Index Cond: (user_id = 25570)
[0m
  [4;36;1mSQL (0.4ms)[0m   [0;1mSELECT count(*) AS count_all FROM "claimed_listings" WHERE ("claimed_listings".client_id = 25570) [0m
  [4;35;1mAnalyzing  Execution Time: 0.000864

[0m   [0mAggregate  (cost=27.27..27.28 rows=1 width=0)
   ->  Seq Scan on claimed_listings  (cost=0.00..27.25 rows=7 width=0)
         Filter: (client_id = 25570)
[0m
  [4;36;1mCACHE (0.0ms)[0m   [0;1mSELECT * FROM "roles" WHERE ("roles"."id" = 4) [0m
Rendered users/_user_info (48.2ms)
Rendered shared/_edit_delete_link (9.7ms)
  [4;35;1mSQL (3.0ms)[0m   [0mSELECT count(*) AS count_all FROM "listings" WHERE ("listings".user_id = 25567) [0m
  [4;36;1mAnalyzing  Execution Time: 0.003652

[0m   [0;1mAggregate  (cost=1615.81..1615.82 rows=1 width=0)
   ->  Index Scan using index_listings_on_id_and_user_id_and_title on listings  (cost=0.00..1615.79 rows=4 width=0)
         Index Cond: (user_id = 25567)
[0m
  [4;35;1mSQL (0.4ms)[0m   [0mSELECT count(*) AS count_all FROM "claimed_listings" WHERE ("claimed_listings".client_id = 25567) [0m
  [4;36;1mAnalyzing  Execution Time: 0.013868

[0m   [0;1mAggregate  (cost=27.27..27.28 rows=1 width=0)
   ->  Seq Scan on claimed_listings  (cost=0.00..27.25 rows=7 width=0)
         Filter: (client_id = 25567)
[0m
  [4;35;1mCACHE (0.0ms)[0m   [0mSELECT * FROM "roles" WHERE ("roles"."id" = 4) [0m
Rendered users/_user_info (17.8ms)
Rendered shared/_edit_delete_link (14.8ms)
  [4;36;1mSQL (2.8ms)[0m   [0;1mSELECT count(*) AS count_all FROM "listings" WHERE ("listings".user_id = 25565) [0m
  [4;35;1mAnalyzing  Execution Time: 0.003207

[0m   [0mAggregate  (cost=1615.81..1615.82 rows=1 width=0)
   ->  Index Scan using index_listings_on_id_and_user_id_and_title on listings  (cost=0.00..1615.79 rows=4 width=0)
         Index Cond: (user_id = 25565)
[0m
  [4;36;1mSQL (0.4ms)[0m   [0;1mSELECT count(*) AS count_all FROM "claimed_listings" WHERE ("claimed_listings".client_id = 25565) [0m
  [4;35;1mAnalyzing  Execution Time: 0.000996

[0m   [0mAggregate  (cost=27.27..27.28 rows=1 width=0)
   ->  Seq Scan on claimed_listings  (cost=0.00..27.25 rows=7 width=0)
         Filter: (client_id = 25565)
[0m
  [4;36;1mCACHE (0.0ms)[0m   [0;1mSELECT * FROM "roles" WHERE ("roles"."id" = 4) [0m
Rendered users/_user_info (51.5ms)
Rendered shared/_edit_delete_link (8.3ms)
  [4;35;1mSQL (10.8ms)[0m   [0mSELECT count(*) AS count_all FROM "listings" WHERE ("listings".user_id = 25564) [0m
  [4;36;1mAnalyzing  Execution Time: 0.011525

[0m   [0;1mAggregate  (cost=1615.81..1615.82 rows=1 width=0)
   ->  Index Scan using index_listings_on_id_and_user_id_and_title on listings  (cost=0.00..1615.79 rows=4 width=0)
         Index Cond: (user_id = 25564)
[0m
  [4;35;1mSQL (1.2ms)[0m   [0mSELECT count(*) AS count_all FROM "claimed_listings" WHERE ("claimed_listings".client_id = 25564) [0m
  [4;36;1mAnalyzing  Execution Time: 0.001593

[0m   [0;1mAggregate  (cost=27.27..27.28 rows=1 width=0)
   ->  Seq Scan on claimed_listings  (cost=0.00..27.25 rows=7 width=0)
         Filter: (client_id = 25564)
[0m
  [4;35;1mCACHE (0.0ms)[0m   [0mSELECT * FROM "roles" WHERE ("roles"."id" = 4) [0m
Rendered users/_user_info (25.9ms)
Rendered shared/_edit_delete_link (7.7ms)
  [4;36;1mSQL (8.0ms)[0m   [0;1mSELECT count(*) AS count_all FROM "listings" WHERE ("listings".user_id = 25563) [0m
  [4;35;1mAnalyzing  Execution Time: 0.008428

[0m   [0mAggregate  (cost=1615.81..1615.82 rows=1 width=0)
   ->  Index Scan using index_listings_on_id_and_user_id_and_title on listings  (cost=0.00..1615.79 rows=4 width=0)
         Index Cond: (user_id = 25563)
[0m
  [4;36;1mSQL (0.4ms)[0m   [0;1mSELECT count(*) AS count_all FROM "claimed_listings" WHERE ("claimed_listings".client_id = 25563) [0m
  [4;35;1mAnalyzing  Execution Time: 0.000799

[0m   [0mAggregate  (cost=27.27..27.28 rows=1 width=0)
   ->  Seq Scan on claimed_listings  (cost=0.00..27.25 rows=7 width=0)
         Filter: (client_id = 25563)
[0m
  [4;36;1mCACHE (0.0ms)[0m   [0;1mSELECT * FROM "roles" WHERE ("roles"."id" = 4) [0m
Rendered users/_user_info (61.0ms)
Rendered shared/_edit_delete_link (4.9ms)
  [4;35;1mSQL (2.5ms)[0m   [0mSELECT count(*) AS count_all FROM "listings" WHERE ("listings".user_id = 25562) [0m
  [4;36;1mAnalyzing  Execution Time: 0.002988

[0m   [0;1mAggregate  (cost=1615.81..1615.82 rows=1 width=0)
   ->  Index Scan using index_listings_on_id_and_user_id_and_title on listings  (cost=0.00..1615.79 rows=4 width=0)
         Index Cond: (user_id = 25562)
[0m
  [4;35;1mSQL (0.6ms)[0m   [0mSELECT count(*) AS count_all FROM "claimed_listings" WHERE ("claimed_listings".client_id = 25562) [0m
  [4;36;1mAnalyzing  Execution Time: 0.001165

[0m   [0;1mAggregate  (cost=27.27..27.28 rows=1 width=0)
   ->  Seq Scan on claimed_listings  (cost=0.00..27.25 rows=7 width=0)
         Filter: (client_id = 25562)
[0m
  [4;35;1mCACHE (0.0ms)[0m   [0mSELECT * FROM "roles" WHERE ("roles"."id" = 4) [0m
Rendered users/_user_info (27.6ms)
Rendered shared/_edit_delete_link (6.9ms)
  [4;36;1mSQL (2.8ms)[0m   [0;1mSELECT count(*) AS count_all FROM "listings" WHERE ("listings".user_id = 25560) [0m
  [4;35;1mAnalyzing  Execution Time: 0.004213

[0m   [0mAggregate  (cost=1615.81..1615.82 rows=1 width=0)
   ->  Index Scan using index_listings_on_id_and_user_id_and_title on listings  (cost=0.00..1615.79 rows=4 width=0)
         Index Cond: (user_id = 25560)
[0m
  [4;36;1mSQL (0.4ms)[0m   [0;1mSELECT count(*) AS count_all FROM "claimed_listings" WHERE ("claimed_listings".client_id = 25560) [0m
  [4;35;1mAnalyzing  Execution Time: 0.000968

[0m   [0mAggregate  (cost=27.27..27.28 rows=1 width=0)
   ->  Seq Scan on claimed_listings  (cost=0.00..27.25 rows=7 width=0)
         Filter: (client_id = 25560)
[0m
  [4;36;1mCACHE (0.0ms)[0m   [0;1mSELECT * FROM "roles" WHERE ("roles"."id" = 4) [0m
Rendered users/_user_info (32.8ms)
Rendered shared/_edit_delete_link (25.9ms)
  [4;35;1mSQL (3.1ms)[0m   [0mSELECT count(*) AS count_all FROM "listings" WHERE ("listings".user_id = 25559) [0m
  [4;36;1mAnalyzing  Execution Time: 0.003555

[0m   [0;1mAggregate  (cost=1615.81..1615.82 rows=1 width=0)
   ->  Index Scan using index_listings_on_id_and_user_id_and_title on listings  (cost=0.00..1615.79 rows=4 width=0)
         Index Cond: (user_id = 25559)
[0m
  [4;35;1mSQL (0.5ms)[0m   [0mSELECT count(*) AS count_all FROM "claimed_listings" WHERE ("claimed_listings".client_id = 25559) [0m
  [4;36;1mAnalyzing  Execution Time: 0.001133

[0m   [0;1mAggregate  (cost=27.27..27.28 rows=1 width=0)
   ->  Seq Scan on claimed_listings  (cost=0.00..27.25 rows=7 width=0)
         Filter: (client_id = 25559)
[0m
  [4;35;1mCACHE (0.0ms)[0m   [0mSELECT * FROM "roles" WHERE ("roles"."id" = 4) [0m
Rendered users/_user_info (25.5ms)
Rendered shared/_edit_delete_link (10.6ms)
  [4;36;1mSQL (2.1ms)[0m   [0;1mSELECT count(*) AS count_all FROM "listings" WHERE ("listings".user_id = 25558) [0m
  [4;35;1mAnalyzing  Execution Time: 0.002687

[0m   [0mAggregate  (cost=1615.81..1615.82 rows=1 width=0)
   ->  Index Scan using index_listings_on_id_and_user_id_and_title on listings  (cost=0.00..1615.79 rows=4 width=0)
         Index Cond: (user_id = 25558)
[0m
  [4;36;1mSQL (1.0ms)[0m   [0;1mSELECT count(*) AS count_all FROM "claimed_listings" WHERE ("claimed_listings".client_id = 25558) [0m
  [4;35;1mAnalyzing  Execution Time: 0.001436

[0m   [0mAggregate  (cost=27.27..27.28 rows=1 width=0)
   ->  Seq Scan on claimed_listings  (cost=0.00..27.25 rows=7 width=0)
         Filter: (client_id = 25558)
[0m
Rendered views/_paginate (14.8ms)
Rendered views/partials/_users (2991.3ms)
Rendered shared/_base_model_index (3041.9ms)
Rendered shared/_model_index (3130.6ms)
Completed in 3699ms (View: 2936, DB: 249) | 200 OK [https://localhost/clients]
** has_many_polymorphs: autoload hook invoked
** has_many_polymorphs: preloading parent model Block
** has_many_polymorphs: associating Block.models
  [4;36;1mSQL (0.2ms)[0m   [0;1mSET client_min_messages TO 'panic'[0m
  [4;35;1mSQL (0.1ms)[0m   [0mSET client_min_messages TO 'notice'[0m
** has_many_polymorphs: preloading parent model View
** has_many_polymorphs: associating View.models
  [4;36;1mSQL (0.2ms)[0m   [0;1mSET client_min_messages TO 'panic'[0m
  [4;35;1mSQL (0.2ms)[0m   [0mSET client_min_messages TO 'notice'[0m


Processing ClientsController#show (for 127.0.0.1 at 2011-04-26 18:14:39) [GET]
  Parameters: {"action"=>"show", "id"=>"25586", "controller"=>"clients"}
  [4;36;1mUser Load (2.1ms)[0m   [0;1mSELECT * FROM "users" WHERE ("users"."id" = E'1') LIMIT 1[0m
  [4;35;1mAnalyzing User Load Execution Time: 0.002893

[0m   [0mLimit  (cost=0.00..8.27 rows=1 width=574)
   ->  Index Scan using users_pkey on users  (cost=0.00..8.27 rows=1 width=574)
         Index Cond: (id = 1)
[0m
  [4;36;1mSQL (2.6ms)[0m   [0;1mBEGIN[0m
  [4;35;1mUser Update (0.9ms)[0m   [0mUPDATE "users" SET "updated_at" = '2011-04-26 22:14:39.710024', "perishable_token" = E'MaodyWXnbneEURyMhyqm', "last_request_at" = '2011-04-26 22:14:39.682767' WHERE "id" = 1[0m
  [4;36;1mSQL (0.7ms)[0m   [0;1mCOMMIT[0m
  [4;35;1mRole Load (1.0ms)[0m   [0mSELECT * FROM "roles" WHERE ("roles"."id" = 1) [0m
  [4;36;1mAnalyzing Role Load Execution Time: 0.001574

[0m   [0;1mIndex Scan using roles_pkey on roles  (cost=0.00..8.27 rows=1 width=536)
   Index Cond: (id = 1)
[0m
  [4;35;1mClient Load (1.2ms)[0m   [0mSELECT * FROM "users" WHERE ("users"."id" = 25586) AND ( ("users"."type" = 'Client' ) ) LIMIT 1[0m
  [4;36;1mAnalyzing Client Load Execution Time: 0.00206

[0m   [0;1mLimit  (cost=0.00..8.27 rows=1 width=574)
   ->  Index Scan using users_pkey on users  (cost=0.00..8.27 rows=1 width=574)
         Index Cond: (id = 25586)
         Filter: ((type)::text = 'Client'::text)
[0m
Rendering clients/show
  [4;35;1mUser Load (1.2ms)[0m   [0mSELECT * FROM "users" WHERE ("users"."id" = 25586) [0m
  [4;36;1mAnalyzing User Load Execution Time: 0.001951

[0m   [0;1mIndex Scan using users_pkey on users  (cost=0.00..8.27 rows=1 width=574)
   Index Cond: (id = 25586)
[0m
  [4;35;1mSQL (10.8ms)[0m   [0mSELECT count(*) AS count_all FROM "listings" WHERE ("listings".user_id = 25586 AND (enabled IS TRUE)) [0m
  [4;36;1mAnalyzing  Execution Time: 0.011391

[0m   [0;1mAggregate  (cost=1615.81..1615.82 rows=1 width=0)
   ->  Index Scan using index_listings_on_id_and_user_id_and_title on listings  (cost=0.00..1615.79 rows=4 width=0)
         Index Cond: (user_id = 25586)
         Filter: (enabled IS TRUE)
[0m
  [4;35;1mListing Load (2.6ms)[0m   [0mSELECT * FROM "listings" WHERE ("listings".user_id = 25586) [0m
  [4;36;1mAnalyzing Listing Load Execution Time: 0.004591

[0m   [0;1mIndex Scan using index_listings_on_id_and_user_id_and_title on listings  (cost=0.00..1615.79 rows=4 width=1172)
   Index Cond: (user_id = 25586)
[0m
  [4;35;1mFacilityInfo Load (1.5ms)[0m   [0mSELECT * FROM "facility_infos" WHERE ("facility_infos".listing_id = 113291) LIMIT 1[0m
  [4;36;1mAnalyzing FacilityInfo Load Execution Time: 0.001868

[0m   [0;1mLimit  (cost=0.00..10.00 rows=1 width=8362)
   ->  Seq Scan on facility_infos  (cost=0.00..10.00 rows=1 width=8362)
         Filter: (listing_id = 113291)
[0m
  [4;35;1mRole Load (0.4ms)[0m   [0mSELECT * FROM "roles" WHERE ("roles"."id" = 4) [0m
  [4;36;1mAnalyzing Role Load Execution Time: 0.000778

[0m   [0;1mIndex Scan using roles_pkey on roles  (cost=0.00..8.27 rows=1 width=536)
   Index Cond: (id = 4)
[0m
Rendered users/_user_info (72.8ms)
Rendered notes/_form (10.4ms)
  [4;35;1mNote Load (0.7ms)[0m   [0mSELECT * FROM "notes" WHERE ("notes".user_id = 25586) [0m
  [4;36;1mAnalyzing Note Load Execution Time: 0.001446

[0m   [0;1mSeq Scan on notes  (cost=0.00..11.62 rows=1 width=576)
   Filter: (user_id = 25586)
[0m
  [4;35;1mUser Load (0.6ms)[0m   [0mSELECT * FROM "users" WHERE ("users"."id" = 1) [0m
  [4;36;1mAnalyzing User Load Execution Time: 0.001455

[0m   [0;1mIndex Scan using users_pkey on users  (cost=0.00..8.27 rows=1 width=574)
   Index Cond: (id = 1)
[0m
Rendered notes/_note (18.7ms)
  [4;35;1mCACHE (0.0ms)[0m   [0mSELECT * FROM "users" WHERE ("users"."id" = 1) [0m
Rendered notes/_note (2.0ms)
  [4;36;1mCACHE (0.0ms)[0m   [0;1mSELECT * FROM "users" WHERE ("users"."id" = 1) [0m
Rendered notes/_note (2.1ms)
Rendered notes/_client_notes (71.4ms)
  [4;35;1mSQL (0.6ms)[0m   [0mSELECT count(*) AS count_all FROM "claimed_listings" WHERE ("claimed_listings".client_id = 25586) [0m
  [4;36;1mAnalyzing  Execution Time: 0.001012

[0m   [0;1mAggregate  (cost=27.27..27.28 rows=1 width=0)
   ->  Seq Scan on claimed_listings  (cost=0.00..27.25 rows=7 width=0)
         Filter: (client_id = 25586)
[0m
  [4;35;1mClient Load (0.7ms)[0m   [0mSELECT * FROM "users" WHERE ("users"."id" = 25586) AND ( ("users"."type" = 'Client' ) ) [0m
  [4;36;1mAnalyzing Client Load Execution Time: 0.001342

[0m   [0;1mIndex Scan using users_pkey on users  (cost=0.00..8.27 rows=1 width=574)
   Index Cond: (id = 25586)
   Filter: ((type)::text = 'Client'::text)
[0m
  [4;35;1mSQL (0.9ms)[0m   [0mSELECT count(*) AS count_all FROM "sizes" WHERE ("sizes".listing_id = 113291) [0m
  [4;36;1mAnalyzing  Execution Time: 0.001773

[0m   [0;1mAggregate  (cost=18.55..18.56 rows=1 width=0)
   ->  Bitmap Heap Scan on sizes  (cost=4.30..18.53 rows=7 width=0)
         Recheck Cond: (listing_id = 113291)
         ->  Bitmap Index Scan on index_sizes_on_listing_id_and_price  (cost=0.00..4.30 rows=7 width=0)
               Index Cond: (listing_id = 113291)
[0m
  [4;35;1mSQL (3.3ms)[0m   [0mSELECT count(*) AS count_all FROM "business_hours" WHERE ("business_hours".listing_id = 113291) [0m
  [4;36;1mAnalyzing  Execution Time: 0.003669

[0m   [0;1mAggregate  (cost=99.56..99.57 rows=1 width=0)
   ->  Seq Scan on business_hours  (cost=0.00..99.53 rows=13 width=0)
         Filter: (listing_id = 113291)
[0m
  [4;35;1mSQL (1.2ms)[0m   [0mSELECT count(*) AS count_all FROM "comments" WHERE ("comments".commentable_id = 113291 AND "comments".commentable_type = E'Listing') [0m
  [4;36;1mAnalyzing  Execution Time: 0.001551

[0m   [0;1mAggregate  (cost=10.91..10.92 rows=1 width=0)
   ->  Seq Scan on comments  (cost=0.00..10.90 rows=1 width=0)
         Filter: ((commentable_id = 113291) AND ((commentable_type)::text = 'Listing'::text))
[0m
  [4;35;1mPredefinedSpecial Load (1.2ms)[0m   [0mSELECT "predefined_specials".* FROM "predefined_specials" INNER JOIN "predef_special_assigns" ON "predefined_specials".id = "predef_special_assigns".predefined_special_id WHERE (("predef_special_assigns".listing_id = 113291)) [0m
  [4;36;1mAnalyzing PredefinedSpecial Load Execution Time: 0.002029

[0m   [0;1mNested Loop  (cost=0.00..10.27 rows=1 width=1092)
   ->  Seq Scan on predef_special_assigns  (cost=0.00..1.99 rows=1 width=4)
         Filter: (listing_id = 113291)
   ->  Index Scan using predefined_specials_pkey on predefined_specials  (cost=0.00..8.27 rows=1 width=1092)
         Index Cond: (predefined_specials.id = predef_special_assigns.predefined_special_id)
[0m
  [4;35;1mSQL (1.7ms)[0m   [0mSELECT count(*) AS count_all FROM "facility_features" INNER JOIN "listing_features" ON "facility_features".id = "listing_features".facility_feature_id WHERE (("listing_features".listing_id = 113291)) [0m
  [4;36;1mAnalyzing  Execution Time: 0.002111

[0m   [0;1mAggregate  (cost=51.87..51.88 rows=1 width=0)
   ->  Hash Join  (cost=12.93..51.85 rows=8 width=0)
         Hash Cond: (listing_features.facility_feature_id = facility_features.id)
         ->  Seq Scan on listing_features  (cost=0.00..38.81 rows=8 width=4)
               Filter: (listing_id = 113291)
         ->  Hash  (cost=11.30..11.30 rows=130 width=4)
               ->  Seq Scan on facility_features  (cost=0.00..11.30 rows=130 width=4)
[0m
  [4;35;1mCACHE (0.0ms)[0m   [0mSELECT count(*) AS count_all FROM "facility_features" INNER JOIN "listing_features" ON "facility_features".id = "listing_features".facility_feature_id WHERE (("listing_features".listing_id = 113291)) [0m
  [4;36;1mSQL (1.1ms)[0m   [0;1mSELECT count(*) AS count_all FROM "pictures" WHERE ("pictures".listing_id = 113291) [0m
  [4;35;1mAnalyzing  Execution Time: 0.001587

[0m   [0mAggregate  (cost=15.58..15.59 rows=1 width=0)
   ->  Seq Scan on pictures  (cost=0.00..15.57 rows=3 width=0)
         Filter: (listing_id = 113291)
[0m
Rendered listings/_listing (585.7ms)
  [4;36;1mMailingAddress Load (1.0ms)[0m   [0;1mSELECT * FROM "mailing_addresses" WHERE ("mailing_addresses".user_id = 25586) LIMIT 1[0m
  [4;35;1mAnalyzing MailingAddress Load Execution Time: 0.003131

[0m   [0mLimit  (cost=0.00..8.27 rows=1 width=106)
   ->  Index Scan using index_mailing_addresses_on_client_id_and_city_and_state on mailing_addresses  (cost=0.00..8.27 rows=1 width=106)
         Index Cond: (user_id = 25586)
[0m
Rendered clients/_owner_info (48.0ms)
  [4;36;1mUserHintPlacement Load (9.7ms)[0m   [0;1mSELECT * FROM "user_hint_placements" WHERE ("user_hint_placements".user_id = 25586) [0m
  [4;35;1mAnalyzing UserHintPlacement Load Execution Time: 0.010873

[0m   [0mIndex Scan using index_user_hint_placements_on_user_id on user_hint_placements  (cost=0.00..8.39 rows=8 width=33)
   Index Cond: (user_id = 25586)
[0m
  [4;36;1mAccountSetting Load (3.1ms)[0m   [0;1mSELECT * FROM "account_settings" WHERE ("account_settings".client_id = 25586) LIMIT 1[0m
  [4;35;1mAnalyzing AccountSetting Load Execution Time: 0.004701

[0m   [0mLimit  (cost=0.00..1.65 rows=1 width=80)
   ->  Seq Scan on account_settings  (cost=0.00..1.65 rows=1 width=80)
         Filter: (client_id = 25586)
[0m
Rendered clients/_settings (485.3ms)
  [4;36;1mSQL (7.4ms)[0m   [0;1mSELECT count(*) AS count_all FROM "user_stats" WHERE ("user_stats".user_id = 25586) [0m
  [4;35;1mAnalyzing  Execution Time: 0.007709

[0m   [0mAggregate  (cost=678.85..678.86 rows=1 width=0)
   ->  Seq Scan on user_stats  (cost=0.00..678.81 rows=14 width=0)
         Filter: (user_id = 25586)
[0m
  [4;36;1mUserStat Load (1.1ms)[0m   [0;1mSELECT * FROM "user_stats" WHERE ("user_stats".user_id = 25586) ORDER BY user_stats.id DESC LIMIT 1[0m
  [4;35;1mAnalyzing UserStat Load Execution Time: 0.001571

[0m   [0mLimit  (cost=0.00..64.69 rows=1 width=1370)
   ->  Index Scan Backward using user_stats_pkey on user_stats  (cost=0.00..905.65 rows=14 width=1370)
         Filter: (user_id = 25586)
[0m
Rendered user_stats/_user_stat (3.0ms)
Completed in 2372ms (View: 1686, DB: 100) | 200 OK [https://localhost/clients/25586]
** has_many_polymorphs: autoload hook invoked
** has_many_polymorphs: preloading parent model Block
** has_many_polymorphs: associating Block.models
  [4;36;1mSQL (0.2ms)[0m   [0;1mSET client_min_messages TO 'panic'[0m
  [4;35;1mSQL (6.9ms)[0m   [0mSET client_min_messages TO 'notice'[0m
** has_many_polymorphs: preloading parent model View
** has_many_polymorphs: associating View.models
  [4;36;1mSQL (0.2ms)[0m   [0;1mSET client_min_messages TO 'panic'[0m
  [4;35;1mSQL (0.1ms)[0m   [0mSET client_min_messages TO 'notice'[0m


Processing NotesController#create (for 127.0.0.1 at 2011-04-26 18:15:05) [POST]
  Parameters: {"action"=>"create", "authenticity_token"=>"dX3RjIMB5BpQweTBexUE9J4Vs3U8uecIJoR6lE05MKY=", "client_id"=>"25586", "note"=>{"content"=>"wowzers we're writing a lot for this guy, sheesh"}, "controller"=>"notes"}
  [4;36;1mUser Load (1.9ms)[0m   [0;1mSELECT * FROM "users" WHERE ("users"."id" = E'1') LIMIT 1[0m
  [4;35;1mAnalyzing User Load Execution Time: 0.002839

[0m   [0mLimit  (cost=0.00..8.27 rows=1 width=574)
   ->  Index Scan using users_pkey on users  (cost=0.00..8.27 rows=1 width=574)
         Index Cond: (id = 1)
[0m
  [4;36;1mSQL (0.4ms)[0m   [0;1mBEGIN[0m
  [4;35;1mUser Update (1.2ms)[0m   [0mUPDATE "users" SET "updated_at" = '2011-04-26 22:15:05.748665', "perishable_token" = E'PTdPg26D8GZ9pXGHnRc', "last_request_at" = '2011-04-26 22:15:05.745706' WHERE "id" = 1[0m
  [4;36;1mSQL (9.0ms)[0m   [0;1mCOMMIT[0m
  [4;35;1mRole Load (0.8ms)[0m   [0mSELECT * FROM "roles" WHERE ("roles"."id" = 1) [0m
  [4;36;1mAnalyzing Role Load Execution Time: 0.001324

[0m   [0;1mIndex Scan using roles_pkey on roles  (cost=0.00..8.27 rows=1 width=536)
   Index Cond: (id = 1)
[0m
  [4;35;1mClient Load (1.4ms)[0m   [0mSELECT * FROM "users" WHERE ("users"."id" = 25586) AND ( ("users"."type" = 'Client' ) ) [0m
  [4;36;1mAnalyzing Client Load Execution Time: 0.00217

[0m   [0;1mIndex Scan using users_pkey on users  (cost=0.00..8.27 rows=1 width=574)
   Index Cond: (id = 25586)
   Filter: ((type)::text = 'Client'::text)
[0m
  [4;35;1mSQL (0.2ms)[0m   [0mBEGIN[0m
  [4;36;1mSQL (0.7ms)[0m   [0;1mINSERT INTO "notes" ("created_at", "updated_at", "created_by", "user_id", "content", "status") VALUES('2011-04-26 22:15:05.867477', '2011-04-26 22:15:05.867477', 1, 25586, E'wowzers we''re writing a lot for this guy, sheesh', NULL) RETURNING "id"[0m
  [4;35;1mSQL (1.1ms)[0m   [0mCOMMIT[0m
  [4;36;1mClient Load (0.7ms)[0m   [0;1mSELECT * FROM "users" WHERE ("users"."id" = 25586) AND ( ("users"."type" = 'Client' ) ) [0m
  [4;35;1mAnalyzing Client Load Execution Time: 0.001516

[0m   [0mIndex Scan using users_pkey on users  (cost=0.00..8.27 rows=1 width=574)
   Index Cond: (id = 25586)
   Filter: ((type)::text = 'Client'::text)
[0m
  [4;36;1mNote Load (1.2ms)[0m   [0;1mSELECT * FROM "notes" [0m
  [4;35;1mAnalyzing Note Load Execution Time: 0.001921

[0m   [0mSeq Scan on notes  (cost=0.00..11.30 rows=130 width=576)
[0m
Rendering notes/edit
  [4;36;1mHelptext Load (0.8ms)[0m   [0;1mSELECT * FROM "helptexts" WHERE ("helptexts"."model" = E'note') LIMIT 1[0m
  [4;35;1mAnalyzing Helptext Load Execution Time: 0.00126

[0m   [0mLimit  (cost=0.00..11.50 rows=1 width=601)
   ->  Seq Scan on helptexts  (cost=0.00..11.50 rows=1 width=601)
         Filter: ((model)::text = 'note'::text)
[0m
Rendered helptexts/_helptext (2.6ms)
Rendered notes/_form (1.2ms)
Rendered shared/_model_delete_cancel_link (2.8ms)
Rendered shared/_model_form (38.4ms)
Completed in 561ms (View: 2, DB: 0) | 200 OK [https://localhost/clients/25586/notes]
** has_many_polymorphs: autoload hook invoked
** has_many_polymorphs: preloading parent model Block
** has_many_polymorphs: associating Block.models
  [4;36;1mSQL (0.2ms)[0m   [0;1mSET client_min_messages TO 'panic'[0m
  [4;35;1mSQL (0.1ms)[0m   [0mSET client_min_messages TO 'notice'[0m
** has_many_polymorphs: preloading parent model View
** has_many_polymorphs: associating View.models
  [4;36;1mSQL (0.2ms)[0m   [0;1mSET client_min_messages TO 'panic'[0m
  [4;35;1mSQL (0.1ms)[0m   [0mSET client_min_messages TO 'notice'[0m


Processing ClientsController#index (for 127.0.0.1 at 2011-04-26 18:17:48) [GET]
  Parameters: {"action"=>"index", "controller"=>"clients"}
  [4;36;1mUser Load (1.8ms)[0m   [0;1mSELECT * FROM "users" WHERE ("users"."id" = E'1') LIMIT 1[0m
  [4;35;1mAnalyzing User Load Execution Time: 0.002593

[0m   [0mLimit  (cost=0.00..8.27 rows=1 width=574)
   ->  Index Scan using users_pkey on users  (cost=0.00..8.27 rows=1 width=574)
         Index Cond: (id = 1)
[0m
  [4;36;1mSQL (0.2ms)[0m   [0;1mBEGIN[0m
  [4;35;1mUser Update (1.0ms)[0m   [0mUPDATE "users" SET "updated_at" = '2011-04-26 22:17:48.457964', "perishable_token" = E'ZDIZOUxJDnmgaVrhXhV', "last_request_at" = '2011-04-26 22:17:48.455293' WHERE "id" = 1[0m
  [4;36;1mSQL (0.6ms)[0m   [0;1mCOMMIT[0m
  [4;35;1mRole Load (0.4ms)[0m   [0mSELECT * FROM "roles" WHERE ("roles"."id" = 1) [0m
  [4;36;1mAnalyzing Role Load Execution Time: 0.000731

[0m   [0;1mIndex Scan using roles_pkey on roles  (cost=0.00..8.27 rows=1 width=536)
   Index Cond: (id = 1)
[0m
  [4;35;1mClient Load (3.0ms)[0m   [0mSELECT * FROM "users" WHERE ("users"."status" = E'active') AND ( ("users"."type" = 'Client' ) ) ORDER BY created_at DESC LIMIT 20 OFFSET 0[0m
  [4;36;1mAnalyzing Client Load Execution Time: 0.023183

[0m   [0;1mLimit  (cost=34.49..34.54 rows=20 width=574)
   ->  Sort  (cost=34.49..35.15 rows=265 width=574)
         Sort Key: created_at
         ->  Seq Scan on users  (cost=0.00..27.44 rows=265 width=574)
               Filter: (((status)::text = 'active'::text) AND ((type)::text = 'Client'::text))
[0m
  [4;35;1mSQL (1.6ms)[0m   [0mSELECT count(*) AS count_all FROM "users" WHERE ("users"."status" = E'active') AND ( ("users"."type" = 'Client' ) ) [0m
  [4;36;1mAnalyzing  Execution Time: 0.001865

[0m   [0;1mAggregate  (cost=28.10..28.11 rows=1 width=0)
   ->  Seq Scan on users  (cost=0.00..27.44 rows=265 width=0)
         Filter: (((status)::text = 'active'::text) AND ((type)::text = 'Client'::text))
[0m
Rendering clients/index
  [4;35;1mSQL (0.9ms)[0m   [0mSELECT count(*) AS count_all FROM "users" WHERE ( ("users"."type" = 'Client' ) ) [0m
  [4;36;1mAnalyzing  Execution Time: 0.001335

[0m   [0;1mAggregate  (cost=27.42..27.43 rows=1 width=0)
   ->  Seq Scan on users  (cost=0.00..26.70 rows=288 width=0)
         Filter: ((type)::text = 'Client'::text)
[0m
  [4;35;1mSQL (1.3ms)[0m   [0mSELECT count(*) AS count_all FROM "users" WHERE (status != E'active') AND ( ("users"."type" = 'Client' ) ) [0m
  [4;36;1mAnalyzing  Execution Time: 0.00162

[0m   [0;1mAggregate  (cost=27.50..27.51 rows=1 width=0)
   ->  Seq Scan on users  (cost=0.00..27.44 rows=23 width=0)
         Filter: (((status)::text <> 'active'::text) AND ((type)::text = 'Client'::text))
[0m
  [4;35;1mCACHE (0.0ms)[0m   [0mSELECT count(*) AS count_all FROM "users" WHERE ("users"."status" = E'active') AND ( ("users"."type" = 'Client' ) ) [0m
  [4;36;1mHelptext Load (0.7ms)[0m   [0;1mSELECT * FROM "helptexts" WHERE ("helptexts"."model" = E'client') LIMIT 1[0m
  [4;35;1mAnalyzing Helptext Load Execution Time: 0.001051

[0m   [0mLimit  (cost=0.00..11.50 rows=1 width=601)
   ->  Seq Scan on helptexts  (cost=0.00..11.50 rows=1 width=601)
         Filter: ((model)::text = 'client'::text)
[0m
Rendered helptexts/_helptext (2.4ms)
Rendered shared/_model_new_back_buttons (7.7ms)
Rendered shared/_model_search (2.4ms)
Rendered menus/_view_type_links (32.2ms)
Rendered shared/_model_sort (2.6ms)
  [4;36;1mRole Load (0.4ms)[0m   [0;1mSELECT * FROM "roles" WHERE ("roles"."id" = 4) [0m
  [4;35;1mAnalyzing Role Load Execution Time: 0.00096

[0m   [0mIndex Scan using roles_pkey on roles  (cost=0.00..8.27 rows=1 width=536)
   Index Cond: (id = 4)
[0m
Rendered users/_user_info (16.4ms)
Rendered shared/_edit_delete_link (20.3ms)
  [4;36;1mSQL (4.1ms)[0m   [0;1mSELECT count(*) AS count_all FROM "listings" WHERE ("listings".user_id = 25586) [0m
  [4;35;1mAnalyzing  Execution Time: 0.004641

[0m   [0mAggregate  (cost=1615.81..1615.82 rows=1 width=0)
   ->  Index Scan using index_listings_on_id_and_user_id_and_title on listings  (cost=0.00..1615.79 rows=4 width=0)
         Index Cond: (user_id = 25586)
[0m
  [4;36;1mSQL (0.9ms)[0m   [0;1mSELECT count(*) AS count_all FROM "claimed_listings" WHERE ("claimed_listings".client_id = 25586) [0m
  [4;35;1mAnalyzing  Execution Time: 0.003094

[0m   [0mAggregate  (cost=27.27..27.28 rows=1 width=0)
   ->  Seq Scan on claimed_listings  (cost=0.00..27.25 rows=7 width=0)
         Filter: (client_id = 25586)
[0m
  [4;36;1mCACHE (0.0ms)[0m   [0;1mSELECT * FROM "roles" WHERE ("roles"."id" = 4) [0m
Rendered users/_user_info (19.7ms)
Rendered shared/_edit_delete_link (7.8ms)
  [4;35;1mSQL (2.1ms)[0m   [0mSELECT count(*) AS count_all FROM "listings" WHERE ("listings".user_id = 25584) [0m
  [4;36;1mAnalyzing  Execution Time: 0.002615

[0m   [0;1mAggregate  (cost=1615.81..1615.82 rows=1 width=0)
   ->  Index Scan using index_listings_on_id_and_user_id_and_title on listings  (cost=0.00..1615.79 rows=4 width=0)
         Index Cond: (user_id = 25584)
[0m
  [4;35;1mSQL (0.9ms)[0m   [0mSELECT count(*) AS count_all FROM "claimed_listings" WHERE ("claimed_listings".client_id = 25584) [0m
  [4;36;1mAnalyzing  Execution Time: 0.001352

[0m   [0;1mAggregate  (cost=27.27..27.28 rows=1 width=0)
   ->  Seq Scan on claimed_listings  (cost=0.00..27.25 rows=7 width=0)
         Filter: (client_id = 25584)
[0m
  [4;35;1mCACHE (0.0ms)[0m   [0mSELECT * FROM "roles" WHERE ("roles"."id" = 4) [0m
Rendered users/_user_info (25.9ms)
Rendered shared/_edit_delete_link (6.1ms)
  [4;36;1mSQL (2.1ms)[0m   [0;1mSELECT count(*) AS count_all FROM "listings" WHERE ("listings".user_id = 25583) [0m
  [4;35;1mAnalyzing  Execution Time: 0.003667

[0m   [0mAggregate  (cost=1615.81..1615.82 rows=1 width=0)
   ->  Index Scan using index_listings_on_id_and_user_id_and_title on listings  (cost=0.00..1615.79 rows=4 width=0)
         Index Cond: (user_id = 25583)
[0m
  [4;36;1mSQL (0.4ms)[0m   [0;1mSELECT count(*) AS count_all FROM "claimed_listings" WHERE ("claimed_listings".client_id = 25583) [0m
  [4;35;1mAnalyzing  Execution Time: 0.004481

[0m   [0mAggregate  (cost=27.27..27.28 rows=1 width=0)
   ->  Seq Scan on claimed_listings  (cost=0.00..27.25 rows=7 width=0)
         Filter: (client_id = 25583)
[0m
  [4;36;1mCACHE (0.0ms)[0m   [0;1mSELECT * FROM "roles" WHERE ("roles"."id" = 4) [0m
Rendered users/_user_info (21.6ms)
Rendered shared/_edit_delete_link (5.4ms)
  [4;35;1mSQL (2.2ms)[0m   [0mSELECT count(*) AS count_all FROM "listings" WHERE ("listings".user_id = 25582) [0m
  [4;36;1mAnalyzing  Execution Time: 0.002615

[0m   [0;1mAggregate  (cost=1615.81..1615.82 rows=1 width=0)
   ->  Index Scan using index_listings_on_id_and_user_id_and_title on listings  (cost=0.00..1615.79 rows=4 width=0)
         Index Cond: (user_id = 25582)
[0m
  [4;35;1mSQL (0.4ms)[0m   [0mSELECT count(*) AS count_all FROM "claimed_listings" WHERE ("claimed_listings".client_id = 25582) [0m
  [4;36;1mAnalyzing  Execution Time: 0.00087

[0m   [0;1mAggregate  (cost=27.27..27.28 rows=1 width=0)
   ->  Seq Scan on claimed_listings  (cost=0.00..27.25 rows=7 width=0)
         Filter: (client_id = 25582)
[0m
  [4;35;1mCACHE (0.0ms)[0m   [0mSELECT * FROM "roles" WHERE ("roles"."id" = 4) [0m
Rendered users/_user_info (20.8ms)
Rendered shared/_edit_delete_link (7.6ms)
  [4;36;1mSQL (2.3ms)[0m   [0;1mSELECT count(*) AS count_all FROM "listings" WHERE ("listings".user_id = 25581) [0m
  [4;35;1mAnalyzing  Execution Time: 0.002714

[0m   [0mAggregate  (cost=1615.81..1615.82 rows=1 width=0)
   ->  Index Scan using index_listings_on_id_and_user_id_and_title on listings  (cost=0.00..1615.79 rows=4 width=0)
         Index Cond: (user_id = 25581)
[0m
  [4;36;1mSQL (0.5ms)[0m   [0;1mSELECT count(*) AS count_all FROM "claimed_listings" WHERE ("claimed_listings".client_id = 25581) [0m
  [4;35;1mAnalyzing  Execution Time: 0.00079

[0m   [0mAggregate  (cost=27.27..27.28 rows=1 width=0)
   ->  Seq Scan on claimed_listings  (cost=0.00..27.25 rows=7 width=0)
         Filter: (client_id = 25581)
[0m
  [4;36;1mCACHE (0.0ms)[0m   [0;1mSELECT * FROM "roles" WHERE ("roles"."id" = 4) [0m
Rendered users/_user_info (17.4ms)
Rendered shared/_edit_delete_link (5.8ms)
  [4;35;1mSQL (2.1ms)[0m   [0mSELECT count(*) AS count_all FROM "listings" WHERE ("listings".user_id = 25580) [0m
  [4;36;1mAnalyzing  Execution Time: 0.002597

[0m   [0;1mAggregate  (cost=1615.81..1615.82 rows=1 width=0)
   ->  Index Scan using index_listings_on_id_and_user_id_and_title on listings  (cost=0.00..1615.79 rows=4 width=0)
         Index Cond: (user_id = 25580)
[0m
  [4;35;1mSQL (0.4ms)[0m   [0mSELECT count(*) AS count_all FROM "claimed_listings" WHERE ("claimed_listings".client_id = 25580) [0m
  [4;36;1mAnalyzing  Execution Time: 0.000846

[0m   [0;1mAggregate  (cost=27.27..27.28 rows=1 width=0)
   ->  Seq Scan on claimed_listings  (cost=0.00..27.25 rows=7 width=0)
         Filter: (client_id = 25580)
[0m
  [4;35;1mCACHE (0.0ms)[0m   [0mSELECT * FROM "roles" WHERE ("roles"."id" = 4) [0m
Rendered users/_user_info (22.5ms)
Rendered shared/_edit_delete_link (6.2ms)
  [4;36;1mSQL (2.0ms)[0m   [0;1mSELECT count(*) AS count_all FROM "listings" WHERE ("listings".user_id = 25579) [0m
  [4;35;1mAnalyzing  Execution Time: 0.002409

[0m   [0mAggregate  (cost=1615.81..1615.82 rows=1 width=0)
   ->  Index Scan using index_listings_on_id_and_user_id_and_title on listings  (cost=0.00..1615.79 rows=4 width=0)
         Index Cond: (user_id = 25579)
[0m
  [4;36;1mSQL (0.4ms)[0m   [0;1mSELECT count(*) AS count_all FROM "claimed_listings" WHERE ("claimed_listings".client_id = 25579) [0m
  [4;35;1mAnalyzing  Execution Time: 0.000723

[0m   [0mAggregate  (cost=27.27..27.28 rows=1 width=0)
   ->  Seq Scan on claimed_listings  (cost=0.00..27.25 rows=7 width=0)
         Filter: (client_id = 25579)
[0m
  [4;36;1mCACHE (0.0ms)[0m   [0;1mSELECT * FROM "roles" WHERE ("roles"."id" = 4) [0m
Rendered users/_user_info (21.7ms)
Rendered shared/_edit_delete_link (11.3ms)
  [4;35;1mSQL (2.9ms)[0m   [0mSELECT count(*) AS count_all FROM "listings" WHERE ("listings".user_id = 25577) [0m
  [4;36;1mAnalyzing  Execution Time: 0.00333

[0m   [0;1mAggregate  (cost=1615.81..1615.82 rows=1 width=0)
   ->  Index Scan using index_listings_on_id_and_user_id_and_title on listings  (cost=0.00..1615.79 rows=4 width=0)
         Index Cond: (user_id = 25577)
[0m
  [4;35;1mSQL (0.4ms)[0m   [0mSELECT count(*) AS count_all FROM "claimed_listings" WHERE ("claimed_listings".client_id = 25577) [0m
  [4;36;1mAnalyzing  Execution Time: 0.000739

[0m   [0;1mAggregate  (cost=27.27..27.28 rows=1 width=0)
   ->  Seq Scan on claimed_listings  (cost=0.00..27.25 rows=7 width=0)
         Filter: (client_id = 25577)
[0m
  [4;35;1mCACHE (0.0ms)[0m   [0mSELECT * FROM "roles" WHERE ("roles"."id" = 4) [0m
Rendered users/_user_info (17.2ms)
Rendered shared/_edit_delete_link (4.8ms)
  [4;36;1mSQL (2.1ms)[0m   [0;1mSELECT count(*) AS count_all FROM "listings" WHERE ("listings".user_id = 25575) [0m
  [4;35;1mAnalyzing  Execution Time: 0.002928

[0m   [0mAggregate  (cost=1615.81..1615.82 rows=1 width=0)
   ->  Index Scan using index_listings_on_id_and_user_id_and_title on listings  (cost=0.00..1615.79 rows=4 width=0)
         Index Cond: (user_id = 25575)
[0m
  [4;36;1mSQL (0.5ms)[0m   [0;1mSELECT count(*) AS count_all FROM "claimed_listings" WHERE ("claimed_listings".client_id = 25575) [0m
  [4;35;1mAnalyzing  Execution Time: 0.000877

[0m   [0mAggregate  (cost=27.27..27.28 rows=1 width=0)
   ->  Seq Scan on claimed_listings  (cost=0.00..27.25 rows=7 width=0)
         Filter: (client_id = 25575)
[0m
  [4;36;1mCACHE (0.0ms)[0m   [0;1mSELECT * FROM "roles" WHERE ("roles"."id" = 4) [0m
Rendered users/_user_info (17.5ms)
Rendered shared/_edit_delete_link (6.6ms)
  [4;35;1mSQL (2.5ms)[0m   [0mSELECT count(*) AS count_all FROM "listings" WHERE ("listings".user_id = 25573) [0m
  [4;36;1mAnalyzing  Execution Time: 0.002988

[0m   [0;1mAggregate  (cost=1615.81..1615.82 rows=1 width=0)
   ->  Index Scan using index_listings_on_id_and_user_id_and_title on listings  (cost=0.00..1615.79 rows=4 width=0)
         Index Cond: (user_id = 25573)
[0m
  [4;35;1mSQL (0.4ms)[0m   [0mSELECT count(*) AS count_all FROM "claimed_listings" WHERE ("claimed_listings".client_id = 25573) [0m
  [4;36;1mAnalyzing  Execution Time: 0.000728

[0m   [0;1mAggregate  (cost=27.27..27.28 rows=1 width=0)
   ->  Seq Scan on claimed_listings  (cost=0.00..27.25 rows=7 width=0)
         Filter: (client_id = 25573)
[0m
  [4;35;1mCACHE (0.0ms)[0m   [0mSELECT * FROM "roles" WHERE ("roles"."id" = 4) [0m
Rendered users/_user_info (14.5ms)
Rendered shared/_edit_delete_link (4.5ms)
  [4;36;1mSQL (2.0ms)[0m   [0;1mSELECT count(*) AS count_all FROM "listings" WHERE ("listings".user_id = 25571) [0m
  [4;35;1mAnalyzing  Execution Time: 0.002391

[0m   [0mAggregate  (cost=1615.81..1615.82 rows=1 width=0)
   ->  Index Scan using index_listings_on_id_and_user_id_and_title on listings  (cost=0.00..1615.79 rows=4 width=0)
         Index Cond: (user_id = 25571)
[0m
  [4;36;1mSQL (0.9ms)[0m   [0;1mSELECT count(*) AS count_all FROM "claimed_listings" WHERE ("claimed_listings".client_id = 25571) [0m
  [4;35;1mAnalyzing  Execution Time: 0.001277

[0m   [0mAggregate  (cost=27.27..27.28 rows=1 width=0)
   ->  Seq Scan on claimed_listings  (cost=0.00..27.25 rows=7 width=0)
         Filter: (client_id = 25571)
[0m
  [4;36;1mCACHE (0.0ms)[0m   [0;1mSELECT * FROM "roles" WHERE ("roles"."id" = 4) [0m
Rendered users/_user_info (15.9ms)
Rendered shared/_edit_delete_link (4.9ms)
  [4;35;1mSQL (2.0ms)[0m   [0mSELECT count(*) AS count_all FROM "listings" WHERE ("listings".user_id = 25570) [0m
  [4;36;1mAnalyzing  Execution Time: 0.002372

[0m   [0;1mAggregate  (cost=1615.81..1615.82 rows=1 width=0)
   ->  Index Scan using index_listings_on_id_and_user_id_and_title on listings  (cost=0.00..1615.79 rows=4 width=0)
         Index Cond: (user_id = 25570)
[0m
  [4;35;1mSQL (0.3ms)[0m   [0mSELECT count(*) AS count_all FROM "claimed_listings" WHERE ("claimed_listings".client_id = 25570) [0m
  [4;36;1mAnalyzing  Execution Time: 0.000562

[0m   [0;1mAggregate  (cost=27.27..27.28 rows=1 width=0)
   ->  Seq Scan on claimed_listings  (cost=0.00..27.25 rows=7 width=0)
         Filter: (client_id = 25570)
[0m
  [4;35;1mCACHE (0.0ms)[0m   [0mSELECT * FROM "roles" WHERE ("roles"."id" = 4) [0m
Rendered users/_user_info (16.5ms)
Rendered shared/_edit_delete_link (262.8ms)
  [4;36;1mSQL (2.1ms)[0m   [0;1mSELECT count(*) AS count_all FROM "listings" WHERE ("listings".user_id = 25567) [0m
  [4;35;1mAnalyzing  Execution Time: 0.00278

[0m   [0mAggregate  (cost=1615.81..1615.82 rows=1 width=0)
   ->  Index Scan using index_listings_on_id_and_user_id_and_title on listings  (cost=0.00..1615.79 rows=4 width=0)
         Index Cond: (user_id = 25567)
[0m
  [4;36;1mSQL (0.4ms)[0m   [0;1mSELECT count(*) AS count_all FROM "claimed_listings" WHERE ("claimed_listings".client_id = 25567) [0m
  [4;35;1mAnalyzing  Execution Time: 0.000834

[0m   [0mAggregate  (cost=27.27..27.28 rows=1 width=0)
   ->  Seq Scan on claimed_listings  (cost=0.00..27.25 rows=7 width=0)
         Filter: (client_id = 25567)
[0m
  [4;36;1mCACHE (0.0ms)[0m   [0;1mSELECT * FROM "roles" WHERE ("roles"."id" = 4) [0m
Rendered users/_user_info (31.9ms)
Rendered shared/_edit_delete_link (11.5ms)
  [4;35;1mSQL (2.2ms)[0m   [0mSELECT count(*) AS count_all FROM "listings" WHERE ("listings".user_id = 25565) [0m
  [4;36;1mAnalyzing  Execution Time: 0.002544

[0m   [0;1mAggregate  (cost=1615.81..1615.82 rows=1 width=0)
   ->  Index Scan using index_listings_on_id_and_user_id_and_title on listings  (cost=0.00..1615.79 rows=4 width=0)
         Index Cond: (user_id = 25565)
[0m
  [4;35;1mSQL (0.4ms)[0m   [0mSELECT count(*) AS count_all FROM "claimed_listings" WHERE ("claimed_listings".client_id = 25565) [0m
  [4;36;1mAnalyzing  Execution Time: 0.000858

[0m   [0;1mAggregate  (cost=27.27..27.28 rows=1 width=0)
   ->  Seq Scan on claimed_listings  (cost=0.00..27.25 rows=7 width=0)
         Filter: (client_id = 25565)
[0m
  [4;35;1mCACHE (0.0ms)[0m   [0mSELECT * FROM "roles" WHERE ("roles"."id" = 4) [0m
Rendered users/_user_info (17.4ms)
Rendered shared/_edit_delete_link (7.2ms)
  [4;36;1mSQL (2.6ms)[0m   [0;1mSELECT count(*) AS count_all FROM "listings" WHERE ("listings".user_id = 25564) [0m
  [4;35;1mAnalyzing  Execution Time: 0.002957

[0m   [0mAggregate  (cost=1615.81..1615.82 rows=1 width=0)
   ->  Index Scan using index_listings_on_id_and_user_id_and_title on listings  (cost=0.00..1615.79 rows=4 width=0)
         Index Cond: (user_id = 25564)
[0m
  [4;36;1mSQL (0.4ms)[0m   [0;1mSELECT count(*) AS count_all FROM "claimed_listings" WHERE ("claimed_listings".client_id = 25564) [0m
  [4;35;1mAnalyzing  Execution Time: 0.000969

[0m   [0mAggregate  (cost=27.27..27.28 rows=1 width=0)
   ->  Seq Scan on claimed_listings  (cost=0.00..27.25 rows=7 width=0)
         Filter: (client_id = 25564)
[0m
  [4;36;1mCACHE (0.0ms)[0m   [0;1mSELECT * FROM "roles" WHERE ("roles"."id" = 4) [0m
Rendered users/_user_info (17.5ms)
Rendered shared/_edit_delete_link (6.3ms)
  [4;35;1mSQL (2.5ms)[0m   [0mSELECT count(*) AS count_all FROM "listings" WHERE ("listings".user_id = 25563) [0m
  [4;36;1mAnalyzing  Execution Time: 0.002907

[0m   [0;1mAggregate  (cost=1615.81..1615.82 rows=1 width=0)
   ->  Index Scan using index_listings_on_id_and_user_id_and_title on listings  (cost=0.00..1615.79 rows=4 width=0)
         Index Cond: (user_id = 25563)
[0m
  [4;35;1mSQL (0.3ms)[0m   [0mSELECT count(*) AS count_all FROM "claimed_listings" WHERE ("claimed_listings".client_id = 25563) [0m
  [4;36;1mAnalyzing  Execution Time: 0.000678

[0m   [0;1mAggregate  (cost=27.27..27.28 rows=1 width=0)
   ->  Seq Scan on claimed_listings  (cost=0.00..27.25 rows=7 width=0)
         Filter: (client_id = 25563)
[0m
  [4;35;1mCACHE (0.0ms)[0m   [0mSELECT * FROM "roles" WHERE ("roles"."id" = 4) [0m
Rendered users/_user_info (19.0ms)
Rendered shared/_edit_delete_link (11.4ms)
  [4;36;1mSQL (6.0ms)[0m   [0;1mSELECT count(*) AS count_all FROM "listings" WHERE ("listings".user_id = 25562) [0m
  [4;35;1mAnalyzing  Execution Time: 0.006352

[0m   [0mAggregate  (cost=1615.81..1615.82 rows=1 width=0)
   ->  Index Scan using index_listings_on_id_and_user_id_and_title on listings  (cost=0.00..1615.79 rows=4 width=0)
         Index Cond: (user_id = 25562)
[0m
  [4;36;1mSQL (0.4ms)[0m   [0;1mSELECT count(*) AS count_all FROM "claimed_listings" WHERE ("claimed_listings".client_id = 25562) [0m
  [4;35;1mAnalyzing  Execution Time: 0.000727

[0m   [0mAggregate  (cost=27.27..27.28 rows=1 width=0)
   ->  Seq Scan on claimed_listings  (cost=0.00..27.25 rows=7 width=0)
         Filter: (client_id = 25562)
[0m
  [4;36;1mCACHE (0.0ms)[0m   [0;1mSELECT * FROM "roles" WHERE ("roles"."id" = 4) [0m
Rendered users/_user_info (16.7ms)
Rendered shared/_edit_delete_link (5.5ms)
  [4;35;1mSQL (2.1ms)[0m   [0mSELECT count(*) AS count_all FROM "listings" WHERE ("listings".user_id = 25560) [0m
  [4;36;1mAnalyzing  Execution Time: 0.002475

[0m   [0;1mAggregate  (cost=1615.81..1615.82 rows=1 width=0)
   ->  Index Scan using index_listings_on_id_and_user_id_and_title on listings  (cost=0.00..1615.79 rows=4 width=0)
         Index Cond: (user_id = 25560)
[0m
  [4;35;1mSQL (0.4ms)[0m   [0mSELECT count(*) AS count_all FROM "claimed_listings" WHERE ("claimed_listings".client_id = 25560) [0m
  [4;36;1mAnalyzing  Execution Time: 0.000901

[0m   [0;1mAggregate  (cost=27.27..27.28 rows=1 width=0)
   ->  Seq Scan on claimed_listings  (cost=0.00..27.25 rows=7 width=0)
         Filter: (client_id = 25560)
[0m
  [4;35;1mCACHE (0.0ms)[0m   [0mSELECT * FROM "roles" WHERE ("roles"."id" = 4) [0m
Rendered users/_user_info (22.5ms)
Rendered shared/_edit_delete_link (5.9ms)
  [4;36;1mSQL (2.1ms)[0m   [0;1mSELECT count(*) AS count_all FROM "listings" WHERE ("listings".user_id = 25559) [0m
  [4;35;1mAnalyzing  Execution Time: 0.00253

[0m   [0mAggregate  (cost=1615.81..1615.82 rows=1 width=0)
   ->  Index Scan using index_listings_on_id_and_user_id_and_title on listings  (cost=0.00..1615.79 rows=4 width=0)
         Index Cond: (user_id = 25559)
[0m
  [4;36;1mSQL (0.4ms)[0m   [0;1mSELECT count(*) AS count_all FROM "claimed_listings" WHERE ("claimed_listings".client_id = 25559) [0m
  [4;35;1mAnalyzing  Execution Time: 0.000772

[0m   [0mAggregate  (cost=27.27..27.28 rows=1 width=0)
   ->  Seq Scan on claimed_listings  (cost=0.00..27.25 rows=7 width=0)
         Filter: (client_id = 25559)
[0m
  [4;36;1mCACHE (0.0ms)[0m   [0;1mSELECT * FROM "roles" WHERE ("roles"."id" = 4) [0m
Rendered users/_user_info (17.5ms)
Rendered shared/_edit_delete_link (281.2ms)
  [4;35;1mSQL (2.3ms)[0m   [0mSELECT count(*) AS count_all FROM "listings" WHERE ("listings".user_id = 25558) [0m
  [4;36;1mAnalyzing  Execution Time: 0.002776

[0m   [0;1mAggregate  (cost=1615.81..1615.82 rows=1 width=0)
   ->  Index Scan using index_listings_on_id_and_user_id_and_title on listings  (cost=0.00..1615.79 rows=4 width=0)
         Index Cond: (user_id = 25558)
[0m
  [4;35;1mSQL (0.4ms)[0m   [0mSELECT count(*) AS count_all FROM "claimed_listings" WHERE ("claimed_listings".client_id = 25558) [0m
  [4;36;1mAnalyzing  Execution Time: 0.000812

[0m   [0;1mAggregate  (cost=27.27..27.28 rows=1 width=0)
   ->  Seq Scan on claimed_listings  (cost=0.00..27.25 rows=7 width=0)
         Filter: (client_id = 25558)
[0m
Rendered views/_paginate (19.8ms)
Rendered views/partials/_users (2045.2ms)
Rendered shared/_base_model_index (2101.8ms)
Rendered shared/_model_index (2356.6ms)
Completed in 2567ms (View: 2260, DB: 111) | 200 OK [https://localhost/clients]
** has_many_polymorphs: autoload hook invoked
** has_many_polymorphs: preloading parent model Block
** has_many_polymorphs: associating Block.models
  [4;35;1mSQL (0.2ms)[0m   [0mSET client_min_messages TO 'panic'[0m
  [4;36;1mSQL (0.1ms)[0m   [0;1mSET client_min_messages TO 'notice'[0m
** has_many_polymorphs: preloading parent model View
** has_many_polymorphs: associating View.models
  [4;35;1mSQL (0.2ms)[0m   [0mSET client_min_messages TO 'panic'[0m
  [4;36;1mSQL (0.1ms)[0m   [0;1mSET client_min_messages TO 'notice'[0m


Processing ClientsController#show (for 127.0.0.1 at 2011-04-26 18:17:54) [GET]
  Parameters: {"action"=>"show", "id"=>"25586", "controller"=>"clients"}
  [4;35;1mUser Load (5.4ms)[0m   [0mSELECT * FROM "users" WHERE ("users"."id" = E'1') LIMIT 1[0m
  [4;36;1mAnalyzing User Load Execution Time: 0.006462

[0m   [0;1mLimit  (cost=0.00..8.27 rows=1 width=574)
   ->  Index Scan using users_pkey on users  (cost=0.00..8.27 rows=1 width=574)
         Index Cond: (id = 1)
[0m
  [4;35;1mSQL (0.2ms)[0m   [0mBEGIN[0m
  [4;36;1mUser Update (1.2ms)[0m   [0;1mUPDATE "users" SET "updated_at" = '2011-04-26 22:17:54.405657', "perishable_token" = E'wXLqpZQEyCcRbNaT0Ik', "last_request_at" = '2011-04-26 22:17:54.401681' WHERE "id" = 1[0m
  [4;35;1mSQL (2.5ms)[0m   [0mCOMMIT[0m
  [4;36;1mRole Load (0.6ms)[0m   [0;1mSELECT * FROM "roles" WHERE ("roles"."id" = 1) [0m
  [4;35;1mAnalyzing Role Load Execution Time: 0.000987

[0m   [0mIndex Scan using roles_pkey on roles  (cost=0.00..8.27 rows=1 width=536)
   Index Cond: (id = 1)
[0m
  [4;36;1mClient Load (1.2ms)[0m   [0;1mSELECT * FROM "users" WHERE ("users"."id" = 25586) AND ( ("users"."type" = 'Client' ) ) LIMIT 1[0m
  [4;35;1mAnalyzing Client Load Execution Time: 0.002008

[0m   [0mLimit  (cost=0.00..8.27 rows=1 width=574)
   ->  Index Scan using users_pkey on users  (cost=0.00..8.27 rows=1 width=574)
         Index Cond: (id = 25586)
         Filter: ((type)::text = 'Client'::text)
[0m
Rendering clients/show
  [4;36;1mUser Load (0.7ms)[0m   [0;1mSELECT * FROM "users" WHERE ("users"."id" = 25586) [0m
  [4;35;1mAnalyzing User Load Execution Time: 0.001409

[0m   [0mIndex Scan using users_pkey on users  (cost=0.00..8.27 rows=1 width=574)
   Index Cond: (id = 25586)
[0m
  [4;36;1mSQL (4.2ms)[0m   [0;1mSELECT count(*) AS count_all FROM "listings" WHERE ("listings".user_id = 25586 AND (enabled IS TRUE)) [0m
  [4;35;1mAnalyzing  Execution Time: 0.004579

[0m   [0mAggregate  (cost=1615.81..1615.82 rows=1 width=0)
   ->  Index Scan using index_listings_on_id_and_user_id_and_title on listings  (cost=0.00..1615.79 rows=4 width=0)
         Index Cond: (user_id = 25586)
         Filter: (enabled IS TRUE)
[0m
  [4;36;1mListing Load (4.7ms)[0m   [0;1mSELECT * FROM "listings" WHERE ("listings".user_id = 25586) [0m
  [4;35;1mAnalyzing Listing Load Execution Time: 0.005865

[0m   [0mIndex Scan using index_listings_on_id_and_user_id_and_title on listings  (cost=0.00..1615.79 rows=4 width=1172)
   Index Cond: (user_id = 25586)
[0m
  [4;36;1mFacilityInfo Load (1.2ms)[0m   [0;1mSELECT * FROM "facility_infos" WHERE ("facility_infos".listing_id = 113291) LIMIT 1[0m
  [4;35;1mAnalyzing FacilityInfo Load Execution Time: 0.001653

[0m   [0mLimit  (cost=0.00..10.00 rows=1 width=8362)
   ->  Seq Scan on facility_infos  (cost=0.00..10.00 rows=1 width=8362)
         Filter: (listing_id = 113291)
[0m
  [4;36;1mRole Load (0.5ms)[0m   [0;1mSELECT * FROM "roles" WHERE ("roles"."id" = 4) [0m
  [4;35;1mAnalyzing Role Load Execution Time: 0.001044

[0m   [0mIndex Scan using roles_pkey on roles  (cost=0.00..8.27 rows=1 width=536)
   Index Cond: (id = 4)
[0m
Rendered users/_user_info (367.4ms)
Rendered notes/_form (3.1ms)
  [4;36;1mNote Load (0.7ms)[0m   [0;1mSELECT * FROM "notes" WHERE ("notes".user_id = 25586) [0m
  [4;35;1mAnalyzing Note Load Execution Time: 0.001384

[0m   [0mSeq Scan on notes  (cost=0.00..11.62 rows=1 width=576)
   Filter: (user_id = 25586)
[0m
  [4;36;1mUser Load (0.6ms)[0m   [0;1mSELECT * FROM "users" WHERE ("users"."id" = 1) [0m
  [4;35;1mAnalyzing User Load Execution Time: 0.00126

[0m   [0mIndex Scan using users_pkey on users  (cost=0.00..8.27 rows=1 width=574)
   Index Cond: (id = 1)
[0m
Rendered notes/_note (6.3ms)
  [4;36;1mCACHE (0.0ms)[0m   [0;1mSELECT * FROM "users" WHERE ("users"."id" = 1) [0m
Rendered notes/_note (3.9ms)
  [4;35;1mCACHE (0.0ms)[0m   [0mSELECT * FROM "users" WHERE ("users"."id" = 1) [0m
Rendered notes/_note (10.2ms)
  [4;36;1mCACHE (0.0ms)[0m   [0;1mSELECT * FROM "users" WHERE ("users"."id" = 1) [0m
Rendered notes/_note (1.9ms)
Rendered notes/_client_notes (62.3ms)
  [4;35;1mSQL (0.9ms)[0m   [0mSELECT count(*) AS count_all FROM "claimed_listings" WHERE ("claimed_listings".client_id = 25586) [0m
  [4;36;1mAnalyzing  Execution Time: 0.001224

[0m   [0;1mAggregate  (cost=27.27..27.28 rows=1 width=0)
   ->  Seq Scan on claimed_listings  (cost=0.00..27.25 rows=7 width=0)
         Filter: (client_id = 25586)
[0m
  [4;35;1mClient Load (1.5ms)[0m   [0mSELECT * FROM "users" WHERE ("users"."id" = 25586) AND ( ("users"."type" = 'Client' ) ) [0m
  [4;36;1mAnalyzing Client Load Execution Time: 0.002481

[0m   [0;1mIndex Scan using users_pkey on users  (cost=0.00..8.27 rows=1 width=574)
   Index Cond: (id = 25586)
   Filter: ((type)::text = 'Client'::text)
[0m
  [4;35;1mSQL (0.9ms)[0m   [0mSELECT count(*) AS count_all FROM "sizes" WHERE ("sizes".listing_id = 113291) [0m
  [4;36;1mAnalyzing  Execution Time: 0.001256

[0m   [0;1mAggregate  (cost=18.55..18.56 rows=1 width=0)
   ->  Bitmap Heap Scan on sizes  (cost=4.30..18.53 rows=7 width=0)
         Recheck Cond: (listing_id = 113291)
         ->  Bitmap Index Scan on index_sizes_on_listing_id_and_price  (cost=0.00..4.30 rows=7 width=0)
               Index Cond: (listing_id = 113291)
[0m
  [4;35;1mSQL (2.4ms)[0m   [0mSELECT count(*) AS count_all FROM "business_hours" WHERE ("business_hours".listing_id = 113291) [0m
  [4;36;1mAnalyzing  Execution Time: 0.00278

[0m   [0;1mAggregate  (cost=99.56..99.57 rows=1 width=0)
   ->  Seq Scan on business_hours  (cost=0.00..99.53 rows=13 width=0)
         Filter: (listing_id = 113291)
[0m
  [4;35;1mSQL (1.6ms)[0m   [0mSELECT count(*) AS count_all FROM "comments" WHERE ("comments".commentable_id = 113291 AND "comments".commentable_type = E'Listing') [0m
  [4;36;1mAnalyzing  Execution Time: 0.001973

[0m   [0;1mAggregate  (cost=10.91..10.92 rows=1 width=0)
   ->  Seq Scan on comments  (cost=0.00..10.90 rows=1 width=0)
         Filter: ((commentable_id = 113291) AND ((commentable_type)::text = 'Listing'::text))
[0m
  [4;35;1mPredefinedSpecial Load (1.1ms)[0m   [0mSELECT "predefined_specials".* FROM "predefined_specials" INNER JOIN "predef_special_assigns" ON "predefined_specials".id = "predef_special_assigns".predefined_special_id WHERE (("predef_special_assigns".listing_id = 113291)) [0m
  [4;36;1mAnalyzing PredefinedSpecial Load Execution Time: 0.001595

[0m   [0;1mNested Loop  (cost=0.00..10.27 rows=1 width=1092)
   ->  Seq Scan on predef_special_assigns  (cost=0.00..1.99 rows=1 width=4)
         Filter: (listing_id = 113291)
   ->  Index Scan using predefined_specials_pkey on predefined_specials  (cost=0.00..8.27 rows=1 width=1092)
         Index Cond: (predefined_specials.id = predef_special_assigns.predefined_special_id)
[0m
  [4;35;1mSQL (1.8ms)[0m   [0mSELECT count(*) AS count_all FROM "facility_features" INNER JOIN "listing_features" ON "facility_features".id = "listing_features".facility_feature_id WHERE (("listing_features".listing_id = 113291)) [0m
  [4;36;1mAnalyzing  Execution Time: 0.002196

[0m   [0;1mAggregate  (cost=51.87..51.88 rows=1 width=0)
   ->  Hash Join  (cost=12.93..51.85 rows=8 width=0)
         Hash Cond: (listing_features.facility_feature_id = facility_features.id)
         ->  Seq Scan on listing_features  (cost=0.00..38.81 rows=8 width=4)
               Filter: (listing_id = 113291)
         ->  Hash  (cost=11.30..11.30 rows=130 width=4)
               ->  Seq Scan on facility_features  (cost=0.00..11.30 rows=130 width=4)
[0m
  [4;35;1mCACHE (0.0ms)[0m   [0mSELECT count(*) AS count_all FROM "facility_features" INNER JOIN "listing_features" ON "facility_features".id = "listing_features".facility_feature_id WHERE (("listing_features".listing_id = 113291)) [0m
  [4;36;1mSQL (1.1ms)[0m   [0;1mSELECT count(*) AS count_all FROM "pictures" WHERE ("pictures".listing_id = 113291) [0m
  [4;35;1mAnalyzing  Execution Time: 0.001454

[0m   [0mAggregate  (cost=15.58..15.59 rows=1 width=0)
   ->  Seq Scan on pictures  (cost=0.00..15.57 rows=3 width=0)
         Filter: (listing_id = 113291)
[0m
Rendered listings/_listing (944.8ms)
  [4;36;1mMailingAddress Load (1.2ms)[0m   [0;1mSELECT * FROM "mailing_addresses" WHERE ("mailing_addresses".user_id = 25586) LIMIT 1[0m
  [4;35;1mAnalyzing MailingAddress Load Execution Time: 0.00172

[0m   [0mLimit  (cost=0.00..8.27 rows=1 width=106)
   ->  Index Scan using index_mailing_addresses_on_client_id_and_city_and_state on mailing_addresses  (cost=0.00..8.27 rows=1 width=106)
         Index Cond: (user_id = 25586)
[0m
Rendered clients/_owner_info (20.0ms)
  [4;36;1mUserHintPlacement Load (1.3ms)[0m   [0;1mSELECT * FROM "user_hint_placements" WHERE ("user_hint_placements".user_id = 25586) [0m
  [4;35;1mAnalyzing UserHintPlacement Load Execution Time: 0.002857

[0m   [0mIndex Scan using index_user_hint_placements_on_user_id on user_hint_placements  (cost=0.00..8.39 rows=8 width=33)
   Index Cond: (user_id = 25586)
[0m
  [4;36;1mAccountSetting Load (1.0ms)[0m   [0;1mSELECT * FROM "account_settings" WHERE ("account_settings".client_id = 25586) LIMIT 1[0m
  [4;35;1mAnalyzing AccountSetting Load Execution Time: 0.001753

[0m   [0mLimit  (cost=0.00..1.65 rows=1 width=80)
   ->  Seq Scan on account_settings  (cost=0.00..1.65 rows=1 width=80)
         Filter: (client_id = 25586)
[0m
Rendered clients/_settings (59.7ms)
  [4;36;1mSQL (8.4ms)[0m   [0;1mSELECT count(*) AS count_all FROM "user_stats" WHERE ("user_stats".user_id = 25586) [0m
  [4;35;1mAnalyzing  Execution Time: 0.00872

[0m   [0mAggregate  (cost=678.85..678.86 rows=1 width=0)
   ->  Seq Scan on user_stats  (cost=0.00..678.81 rows=14 width=0)
         Filter: (user_id = 25586)
[0m
  [4;36;1mUserStat Load (0.8ms)[0m   [0;1mSELECT * FROM "user_stats" WHERE ("user_stats".user_id = 25586) ORDER BY user_stats.id DESC LIMIT 1[0m
  [4;35;1mAnalyzing UserStat Load Execution Time: 0.001191

[0m   [0mLimit  (cost=0.00..64.69 rows=1 width=1370)
   ->  Index Scan Backward using user_stats_pkey on user_stats  (cost=0.00..905.65 rows=14 width=1370)
         Filter: (user_id = 25586)
[0m
Rendered user_stats/_user_stat (3.0ms)
Completed in 2327ms (View: 1693, DB: 65) | 200 OK [https://localhost/clients/25586]
** has_many_polymorphs: autoload hook invoked
** has_many_polymorphs: preloading parent model Block
** has_many_polymorphs: associating Block.models
  [4;36;1mSQL (0.2ms)[0m   [0;1mSET client_min_messages TO 'panic'[0m
  [4;35;1mSQL (0.1ms)[0m   [0mSET client_min_messages TO 'notice'[0m
** has_many_polymorphs: preloading parent model View
** has_many_polymorphs: associating View.models
  [4;36;1mSQL (1.9ms)[0m   [0;1mSET client_min_messages TO 'panic'[0m
  [4;35;1mSQL (0.1ms)[0m   [0mSET client_min_messages TO 'notice'[0m


Processing ClientsController#create_note (for 127.0.0.1 at 2011-04-26 18:19:00) [POST]
  Parameters: {"action"=>"create_note", "authenticity_token"=>"dX3RjIMB5BpQweTBexUE9J4Vs3U8uecIJoR6lE05MKY=", "id"=>"25586", "note"=>{"content"=>"this better effin work"}, "controller"=>"clients"}
  [4;36;1mUser Load (2.4ms)[0m   [0;1mSELECT * FROM "users" WHERE ("users"."id" = E'1') LIMIT 1[0m
  [4;35;1mAnalyzing User Load Execution Time: 0.003336

[0m   [0mLimit  (cost=0.00..8.27 rows=1 width=574)
   ->  Index Scan using users_pkey on users  (cost=0.00..8.27 rows=1 width=574)
         Index Cond: (id = 1)
[0m
  [4;36;1mSQL (0.5ms)[0m   [0;1mBEGIN[0m
  [4;35;1mUser Update (6.1ms)[0m   [0mUPDATE "users" SET "updated_at" = '2011-04-26 22:19:01.000311', "perishable_token" = E'xALyFE5nEjMgSoGtnVz', "last_request_at" = '2011-04-26 22:19:00.994693' WHERE "id" = 1[0m
  [4;36;1mSQL (2.4ms)[0m   [0;1mCOMMIT[0m
  [4;35;1mRole Load (0.8ms)[0m   [0mSELECT * FROM "roles" WHERE ("roles"."id" = 1) [0m
  [4;36;1mAnalyzing Role Load Execution Time: 0.001864

[0m   [0;1mIndex Scan using roles_pkey on roles  (cost=0.00..8.27 rows=1 width=536)
   Index Cond: (id = 1)
[0m

ActiveRecord::RecordNotFound (Couldn't find Client without an ID):
  app/controllers/clients_controller.rb:158:in `create_note'
  /usr/local/lib/ruby/1.8/webrick/httpserver.rb:104:in `service'
  /usr/local/lib/ruby/1.8/webrick/httpserver.rb:65:in `run'
  /usr/local/lib/ruby/1.8/webrick/server.rb:173:in `start_thread'
  /usr/local/lib/ruby/1.8/webrick/server.rb:162:in `start'
  /usr/local/lib/ruby/1.8/webrick/server.rb:162:in `start_thread'
  /usr/local/lib/ruby/1.8/webrick/server.rb:95:in `start'
  /usr/local/lib/ruby/1.8/webrick/server.rb:92:in `each'
  /usr/local/lib/ruby/1.8/webrick/server.rb:92:in `start'
  /usr/local/lib/ruby/1.8/webrick/server.rb:23:in `start'
  /usr/local/lib/ruby/1.8/webrick/server.rb:82:in `start'
  script/ssl_server:129

Rendered rescues/_trace (59.9ms)
Rendered rescues/_request_and_response (0.7ms)
Rendering rescues/layout (not_found)
** has_many_polymorphs: autoload hook invoked
** has_many_polymorphs: preloading parent model Block
** has_many_polymorphs: associating Block.models
  [4;35;1mSQL (0.2ms)[0m   [0mSET client_min_messages TO 'panic'[0m
  [4;36;1mSQL (0.1ms)[0m   [0;1mSET client_min_messages TO 'notice'[0m
** has_many_polymorphs: preloading parent model View
** has_many_polymorphs: associating View.models
  [4;35;1mSQL (0.2ms)[0m   [0mSET client_min_messages TO 'panic'[0m
  [4;36;1mSQL (0.1ms)[0m   [0;1mSET client_min_messages TO 'notice'[0m


Processing ClientsController#index (for 127.0.0.1 at 2011-04-26 18:19:41) [GET]
  Parameters: {"action"=>"index", "controller"=>"clients"}
  [4;35;1mUser Load (1.6ms)[0m   [0mSELECT * FROM "users" WHERE ("users"."id" = E'1') LIMIT 1[0m
  [4;36;1mAnalyzing User Load Execution Time: 0.002465

[0m   [0;1mLimit  (cost=0.00..8.27 rows=1 width=574)
   ->  Index Scan using users_pkey on users  (cost=0.00..8.27 rows=1 width=574)
         Index Cond: (id = 1)
[0m
  [4;35;1mSQL (0.2ms)[0m   [0mBEGIN[0m
  [4;36;1mUser Update (1.7ms)[0m   [0;1mUPDATE "users" SET "updated_at" = '2011-04-26 22:19:41.247584', "perishable_token" = E'rAa79Mfs7dfVoWrLODi', "last_request_at" = '2011-04-26 22:19:41.244579' WHERE "id" = 1[0m
  [4;35;1mSQL (0.7ms)[0m   [0mCOMMIT[0m
  [4;36;1mRole Load (0.7ms)[0m   [0;1mSELECT * FROM "roles" WHERE ("roles"."id" = 1) [0m
  [4;35;1mAnalyzing Role Load Execution Time: 0.001178

[0m   [0mIndex Scan using roles_pkey on roles  (cost=0.00..8.27 rows=1 width=536)
   Index Cond: (id = 1)
[0m
  [4;36;1mClient Load (7.9ms)[0m   [0;1mSELECT * FROM "users" WHERE ("users"."status" = E'active') AND ( ("users"."type" = 'Client' ) ) ORDER BY created_at DESC LIMIT 20 OFFSET 0[0m
  [4;35;1mAnalyzing Client Load Execution Time: 0.292393

[0m   [0mLimit  (cost=34.49..34.54 rows=20 width=574)
   ->  Sort  (cost=34.49..35.15 rows=265 width=574)
         Sort Key: created_at
         ->  Seq Scan on users  (cost=0.00..27.44 rows=265 width=574)
               Filter: (((status)::text = 'active'::text) AND ((type)::text = 'Client'::text))
[0m
  [4;36;1mSQL (69.6ms)[0m   [0;1mSELECT count(*) AS count_all FROM "users" WHERE ("users"."status" = E'active') AND ( ("users"."type" = 'Client' ) ) [0m
  [4;35;1mAnalyzing  Execution Time: 0.069995

[0m   [0mAggregate  (cost=28.10..28.11 rows=1 width=0)
   ->  Seq Scan on users  (cost=0.00..27.44 rows=265 width=0)
         Filter: (((status)::text = 'active'::text) AND ((type)::text = 'Client'::text))
[0m
Rendering clients/index
  [4;36;1mSQL (0.8ms)[0m   [0;1mSELECT count(*) AS count_all FROM "users" WHERE ( ("users"."type" = 'Client' ) ) [0m
  [4;35;1mAnalyzing  Execution Time: 0.001145

[0m   [0mAggregate  (cost=27.42..27.43 rows=1 width=0)
   ->  Seq Scan on users  (cost=0.00..26.70 rows=288 width=0)
         Filter: ((type)::text = 'Client'::text)
[0m
  [4;36;1mSQL (1.1ms)[0m   [0;1mSELECT count(*) AS count_all FROM "users" WHERE (status != E'active') AND ( ("users"."type" = 'Client' ) ) [0m
  [4;35;1mAnalyzing  Execution Time: 0.001483

[0m   [0mAggregate  (cost=27.50..27.51 rows=1 width=0)
   ->  Seq Scan on users  (cost=0.00..27.44 rows=23 width=0)
         Filter: (((status)::text <> 'active'::text) AND ((type)::text = 'Client'::text))
[0m
  [4;36;1mCACHE (0.0ms)[0m   [0;1mSELECT count(*) AS count_all FROM "users" WHERE ("users"."status" = E'active') AND ( ("users"."type" = 'Client' ) ) [0m
  [4;35;1mHelptext Load (2.6ms)[0m   [0mSELECT * FROM "helptexts" WHERE ("helptexts"."model" = E'client') LIMIT 1[0m
  [4;36;1mAnalyzing Helptext Load Execution Time: 0.003221

[0m   [0;1mLimit  (cost=0.00..11.50 rows=1 width=601)
   ->  Seq Scan on helptexts  (cost=0.00..11.50 rows=1 width=601)
         Filter: ((model)::text = 'client'::text)
[0m
Rendered helptexts/_helptext (19.4ms)
Rendered shared/_model_new_back_buttons (7.7ms)
Rendered shared/_model_search (2.3ms)
Rendered menus/_view_type_links (11.9ms)
Rendered shared/_model_sort (1.7ms)
  [4;35;1mRole Load (0.8ms)[0m   [0mSELECT * FROM "roles" WHERE ("roles"."id" = 4) [0m
  [4;36;1mAnalyzing Role Load Execution Time: 0.001225

[0m   [0;1mIndex Scan using roles_pkey on roles  (cost=0.00..8.27 rows=1 width=536)
   Index Cond: (id = 4)
[0m
Rendered users/_user_info (23.4ms)
Rendered shared/_edit_delete_link (12.5ms)
  [4;35;1mSQL (6.3ms)[0m   [0mSELECT count(*) AS count_all FROM "listings" WHERE ("listings".user_id = 25586) [0m
  [4;36;1mAnalyzing  Execution Time: 0.006735

[0m   [0;1mAggregate  (cost=1615.81..1615.82 rows=1 width=0)
   ->  Index Scan using index_listings_on_id_and_user_id_and_title on listings  (cost=0.00..1615.79 rows=4 width=0)
         Index Cond: (user_id = 25586)
[0m
  [4;35;1mSQL (0.7ms)[0m   [0mSELECT count(*) AS count_all FROM "claimed_listings" WHERE ("claimed_listings".client_id = 25586) [0m
  [4;36;1mAnalyzing  Execution Time: 0.001108

[0m   [0;1mAggregate  (cost=27.27..27.28 rows=1 width=0)
   ->  Seq Scan on claimed_listings  (cost=0.00..27.25 rows=7 width=0)
         Filter: (client_id = 25586)
[0m
  [4;35;1mCACHE (0.0ms)[0m   [0mSELECT * FROM "roles" WHERE ("roles"."id" = 4) [0m
Rendered users/_user_info (23.5ms)
Rendered shared/_edit_delete_link (8.5ms)
  [4;36;1mSQL (2.2ms)[0m   [0;1mSELECT count(*) AS count_all FROM "listings" WHERE ("listings".user_id = 25584) [0m
  [4;35;1mAnalyzing  Execution Time: 0.002572

[0m   [0mAggregate  (cost=1615.81..1615.82 rows=1 width=0)
   ->  Index Scan using index_listings_on_id_and_user_id_and_title on listings  (cost=0.00..1615.79 rows=4 width=0)
         Index Cond: (user_id = 25584)
[0m
  [4;36;1mSQL (0.4ms)[0m   [0;1mSELECT count(*) AS count_all FROM "claimed_listings" WHERE ("claimed_listings".client_id = 25584) [0m
  [4;35;1mAnalyzing  Execution Time: 0.000774

[0m   [0mAggregate  (cost=27.27..27.28 rows=1 width=0)
   ->  Seq Scan on claimed_listings  (cost=0.00..27.25 rows=7 width=0)
         Filter: (client_id = 25584)
[0m
  [4;36;1mCACHE (0.0ms)[0m   [0;1mSELECT * FROM "roles" WHERE ("roles"."id" = 4) [0m
Rendered users/_user_info (29.9ms)
Rendered shared/_edit_delete_link (13.1ms)
  [4;35;1mSQL (4.9ms)[0m   [0mSELECT count(*) AS count_all FROM "listings" WHERE ("listings".user_id = 25583) [0m
  [4;36;1mAnalyzing  Execution Time: 0.005411

[0m   [0;1mAggregate  (cost=1615.81..1615.82 rows=1 width=0)
   ->  Index Scan using index_listings_on_id_and_user_id_and_title on listings  (cost=0.00..1615.79 rows=4 width=0)
         Index Cond: (user_id = 25583)
[0m
  [4;35;1mSQL (0.6ms)[0m   [0mSELECT count(*) AS count_all FROM "claimed_listings" WHERE ("claimed_listings".client_id = 25583) [0m
  [4;36;1mAnalyzing  Execution Time: 0.00097

[0m   [0;1mAggregate  (cost=27.27..27.28 rows=1 width=0)
   ->  Seq Scan on claimed_listings  (cost=0.00..27.25 rows=7 width=0)
         Filter: (client_id = 25583)
[0m
  [4;35;1mCACHE (0.0ms)[0m   [0mSELECT * FROM "roles" WHERE ("roles"."id" = 4) [0m
Rendered users/_user_info (30.8ms)
Rendered shared/_edit_delete_link (5.5ms)
  [4;36;1mSQL (2.3ms)[0m   [0;1mSELECT count(*) AS count_all FROM "listings" WHERE ("listings".user_id = 25582) [0m
  [4;35;1mAnalyzing  Execution Time: 0.002673

[0m   [0mAggregate  (cost=1615.81..1615.82 rows=1 width=0)
   ->  Index Scan using index_listings_on_id_and_user_id_and_title on listings  (cost=0.00..1615.79 rows=4 width=0)
         Index Cond: (user_id = 25582)
[0m
  [4;36;1mSQL (0.4ms)[0m   [0;1mSELECT count(*) AS count_all FROM "claimed_listings" WHERE ("claimed_listings".client_id = 25582) [0m
  [4;35;1mAnalyzing  Execution Time: 0.000832

[0m   [0mAggregate  (cost=27.27..27.28 rows=1 width=0)
   ->  Seq Scan on claimed_listings  (cost=0.00..27.25 rows=7 width=0)
         Filter: (client_id = 25582)
[0m
  [4;36;1mCACHE (0.0ms)[0m   [0;1mSELECT * FROM "roles" WHERE ("roles"."id" = 4) [0m
Rendered users/_user_info (38.9ms)
Rendered shared/_edit_delete_link (6.4ms)
  [4;35;1mSQL (2.4ms)[0m   [0mSELECT count(*) AS count_all FROM "listings" WHERE ("listings".user_id = 25581) [0m
  [4;36;1mAnalyzing  Execution Time: 0.002798

[0m   [0;1mAggregate  (cost=1615.81..1615.82 rows=1 width=0)
   ->  Index Scan using index_listings_on_id_and_user_id_and_title on listings  (cost=0.00..1615.79 rows=4 width=0)
         Index Cond: (user_id = 25581)
[0m
  [4;35;1mSQL (0.4ms)[0m   [0mSELECT count(*) AS count_all FROM "claimed_listings" WHERE ("claimed_listings".client_id = 25581) [0m
  [4;36;1mAnalyzing  Execution Time: 0.000807

[0m   [0;1mAggregate  (cost=27.27..27.28 rows=1 width=0)
   ->  Seq Scan on claimed_listings  (cost=0.00..27.25 rows=7 width=0)
         Filter: (client_id = 25581)
[0m
  [4;35;1mCACHE (0.0ms)[0m   [0mSELECT * FROM "roles" WHERE ("roles"."id" = 4) [0m
Rendered users/_user_info (17.5ms)
Rendered shared/_edit_delete_link (522.5ms)
  [4;36;1mSQL (2.4ms)[0m   [0;1mSELECT count(*) AS count_all FROM "listings" WHERE ("listings".user_id = 25580) [0m
  [4;35;1mAnalyzing  Execution Time: 0.002945

[0m   [0mAggregate  (cost=1615.81..1615.82 rows=1 width=0)
   ->  Index Scan using index_listings_on_id_and_user_id_and_title on listings  (cost=0.00..1615.79 rows=4 width=0)
         Index Cond: (user_id = 25580)
[0m
  [4;36;1mSQL (0.5ms)[0m   [0;1mSELECT count(*) AS count_all FROM "claimed_listings" WHERE ("claimed_listings".client_id = 25580) [0m
  [4;35;1mAnalyzing  Execution Time: 0.001045

[0m   [0mAggregate  (cost=27.27..27.28 rows=1 width=0)
   ->  Seq Scan on claimed_listings  (cost=0.00..27.25 rows=7 width=0)
         Filter: (client_id = 25580)
[0m
  [4;36;1mCACHE (0.0ms)[0m   [0;1mSELECT * FROM "roles" WHERE ("roles"."id" = 4) [0m
Rendered users/_user_info (29.4ms)
Rendered shared/_edit_delete_link (13.3ms)
  [4;35;1mSQL (4.1ms)[0m   [0mSELECT count(*) AS count_all FROM "listings" WHERE ("listings".user_id = 25579) [0m
  [4;36;1mAnalyzing  Execution Time: 0.004514

[0m   [0;1mAggregate  (cost=1615.81..1615.82 rows=1 width=0)
   ->  Index Scan using index_listings_on_id_and_user_id_and_title on listings  (cost=0.00..1615.79 rows=4 width=0)
         Index Cond: (user_id = 25579)
[0m
  [4;35;1mSQL (0.4ms)[0m   [0mSELECT count(*) AS count_all FROM "claimed_listings" WHERE ("claimed_listings".client_id = 25579) [0m
  [4;36;1mAnalyzing  Execution Time: 0.000908

[0m   [0;1mAggregate  (cost=27.27..27.28 rows=1 width=0)
   ->  Seq Scan on claimed_listings  (cost=0.00..27.25 rows=7 width=0)
         Filter: (client_id = 25579)
[0m
  [4;35;1mCACHE (0.0ms)[0m   [0mSELECT * FROM "roles" WHERE ("roles"."id" = 4) [0m
Rendered users/_user_info (26.3ms)
Rendered shared/_edit_delete_link (7.1ms)
  [4;36;1mSQL (2.3ms)[0m   [0;1mSELECT count(*) AS count_all FROM "listings" WHERE ("listings".user_id = 25577) [0m
  [4;35;1mAnalyzing  Execution Time: 0.002714

[0m   [0mAggregate  (cost=1615.81..1615.82 rows=1 width=0)
   ->  Index Scan using index_listings_on_id_and_user_id_and_title on listings  (cost=0.00..1615.79 rows=4 width=0)
         Index Cond: (user_id = 25577)
[0m
  [4;36;1mSQL (0.5ms)[0m   [0;1mSELECT count(*) AS count_all FROM "claimed_listings" WHERE ("claimed_listings".client_id = 25577) [0m
  [4;35;1mAnalyzing  Execution Time: 0.000835

[0m   [0mAggregate  (cost=27.27..27.28 rows=1 width=0)
   ->  Seq Scan on claimed_listings  (cost=0.00..27.25 rows=7 width=0)
         Filter: (client_id = 25577)
[0m
  [4;36;1mCACHE (0.0ms)[0m   [0;1mSELECT * FROM "roles" WHERE ("roles"."id" = 4) [0m
Rendered users/_user_info (35.4ms)
Rendered shared/_edit_delete_link (6.4ms)
  [4;35;1mSQL (5.5ms)[0m   [0mSELECT count(*) AS count_all FROM "listings" WHERE ("listings".user_id = 25575) [0m
  [4;36;1mAnalyzing  Execution Time: 0.006559

[0m   [0;1mAggregate  (cost=1615.81..1615.82 rows=1 width=0)
   ->  Index Scan using index_listings_on_id_and_user_id_and_title on listings  (cost=0.00..1615.79 rows=4 width=0)
         Index Cond: (user_id = 25575)
[0m
  [4;35;1mSQL (0.4ms)[0m   [0mSELECT count(*) AS count_all FROM "claimed_listings" WHERE ("claimed_listings".client_id = 25575) [0m
  [4;36;1mAnalyzing  Execution Time: 0.000784

[0m   [0;1mAggregate  (cost=27.27..27.28 rows=1 width=0)
   ->  Seq Scan on claimed_listings  (cost=0.00..27.25 rows=7 width=0)
         Filter: (client_id = 25575)
[0m
  [4;35;1mCACHE (0.0ms)[0m   [0mSELECT * FROM "roles" WHERE ("roles"."id" = 4) [0m
Rendered users/_user_info (28.5ms)
Rendered shared/_edit_delete_link (8.5ms)
  [4;36;1mSQL (5.8ms)[0m   [0;1mSELECT count(*) AS count_all FROM "listings" WHERE ("listings".user_id = 25573) [0m
  [4;35;1mAnalyzing  Execution Time: 0.006205

[0m   [0mAggregate  (cost=1615.81..1615.82 rows=1 width=0)
   ->  Index Scan using index_listings_on_id_and_user_id_and_title on listings  (cost=0.00..1615.79 rows=4 width=0)
         Index Cond: (user_id = 25573)
[0m
  [4;36;1mSQL (8.5ms)[0m   [0;1mSELECT count(*) AS count_all FROM "claimed_listings" WHERE ("claimed_listings".client_id = 25573) [0m
  [4;35;1mAnalyzing  Execution Time: 0.008959

[0m   [0mAggregate  (cost=27.27..27.28 rows=1 width=0)
   ->  Seq Scan on claimed_listings  (cost=0.00..27.25 rows=7 width=0)
         Filter: (client_id = 25573)
[0m
  [4;36;1mCACHE (0.0ms)[0m   [0;1mSELECT * FROM "roles" WHERE ("roles"."id" = 4) [0m
Rendered users/_user_info (35.7ms)
Rendered shared/_edit_delete_link (6.4ms)
  [4;35;1mSQL (2.3ms)[0m   [0mSELECT count(*) AS count_all FROM "listings" WHERE ("listings".user_id = 25571) [0m
  [4;36;1mAnalyzing  Execution Time: 0.002632

[0m   [0;1mAggregate  (cost=1615.81..1615.82 rows=1 width=0)
   ->  Index Scan using index_listings_on_id_and_user_id_and_title on listings  (cost=0.00..1615.79 rows=4 width=0)
         Index Cond: (user_id = 25571)
[0m
  [4;35;1mSQL (0.4ms)[0m   [0mSELECT count(*) AS count_all FROM "claimed_listings" WHERE ("claimed_listings".client_id = 25571) [0m
  [4;36;1mAnalyzing  Execution Time: 0.000739

[0m   [0;1mAggregate  (cost=27.27..27.28 rows=1 width=0)
   ->  Seq Scan on claimed_listings  (cost=0.00..27.25 rows=7 width=0)
         Filter: (client_id = 25571)
[0m
  [4;35;1mCACHE (0.0ms)[0m   [0mSELECT * FROM "roles" WHERE ("roles"."id" = 4) [0m
Rendered users/_user_info (42.8ms)
Rendered shared/_edit_delete_link (6.3ms)
  [4;36;1mSQL (2.2ms)[0m   [0;1mSELECT count(*) AS count_all FROM "listings" WHERE ("listings".user_id = 25570) [0m
  [4;35;1mAnalyzing  Execution Time: 0.002608

[0m   [0mAggregate  (cost=1615.81..1615.82 rows=1 width=0)
   ->  Index Scan using index_listings_on_id_and_user_id_and_title on listings  (cost=0.00..1615.79 rows=4 width=0)
         Index Cond: (user_id = 25570)
[0m
  [4;36;1mSQL (0.4ms)[0m   [0;1mSELECT count(*) AS count_all FROM "claimed_listings" WHERE ("claimed_listings".client_id = 25570) [0m
  [4;35;1mAnalyzing  Execution Time: 0.000738

[0m   [0mAggregate  (cost=27.27..27.28 rows=1 width=0)
   ->  Seq Scan on claimed_listings  (cost=0.00..27.25 rows=7 width=0)
         Filter: (client_id = 25570)
[0m
  [4;36;1mCACHE (0.0ms)[0m   [0;1mSELECT * FROM "roles" WHERE ("roles"."id" = 4) [0m
Rendered users/_user_info (23.3ms)
Rendered shared/_edit_delete_link (487.6ms)
  [4;35;1mSQL (2.2ms)[0m   [0mSELECT count(*) AS count_all FROM "listings" WHERE ("listings".user_id = 25567) [0m
  [4;36;1mAnalyzing  Execution Time: 0.002689

[0m   [0;1mAggregate  (cost=1615.81..1615.82 rows=1 width=0)
   ->  Index Scan using index_listings_on_id_and_user_id_and_title on listings  (cost=0.00..1615.79 rows=4 width=0)
         Index Cond: (user_id = 25567)
[0m
  [4;35;1mSQL (0.5ms)[0m   [0mSELECT count(*) AS count_all FROM "claimed_listings" WHERE ("claimed_listings".client_id = 25567) [0m
  [4;36;1mAnalyzing  Execution Time: 0.000897

[0m   [0;1mAggregate  (cost=27.27..27.28 rows=1 width=0)
   ->  Seq Scan on claimed_listings  (cost=0.00..27.25 rows=7 width=0)
         Filter: (client_id = 25567)
[0m
  [4;35;1mCACHE (0.0ms)[0m   [0mSELECT * FROM "roles" WHERE ("roles"."id" = 4) [0m
Rendered users/_user_info (41.9ms)
Rendered shared/_edit_delete_link (9.9ms)
  [4;36;1mSQL (7.3ms)[0m   [0;1mSELECT count(*) AS count_all FROM "listings" WHERE ("listings".user_id = 25565) [0m
  [4;35;1mAnalyzing  Execution Time: 0.007763

[0m   [0mAggregate  (cost=1615.81..1615.82 rows=1 width=0)
   ->  Index Scan using index_listings_on_id_and_user_id_and_title on listings  (cost=0.00..1615.79 rows=4 width=0)
         Index Cond: (user_id = 25565)
[0m
  [4;36;1mSQL (0.6ms)[0m   [0;1mSELECT count(*) AS count_all FROM "claimed_listings" WHERE ("claimed_listings".client_id = 25565) [0m
  [4;35;1mAnalyzing  Execution Time: 0.000958

[0m   [0mAggregate  (cost=27.27..27.28 rows=1 width=0)
   ->  Seq Scan on claimed_listings  (cost=0.00..27.25 rows=7 width=0)
         Filter: (client_id = 25565)
[0m
  [4;36;1mCACHE (0.0ms)[0m   [0;1mSELECT * FROM "roles" WHERE ("roles"."id" = 4) [0m
Rendered users/_user_info (23.1ms)
Rendered shared/_edit_delete_link (7.3ms)
  [4;35;1mSQL (2.4ms)[0m   [0mSELECT count(*) AS count_all FROM "listings" WHERE ("listings".user_id = 25564) [0m
  [4;36;1mAnalyzing  Execution Time: 0.002813

[0m   [0;1mAggregate  (cost=1615.81..1615.82 rows=1 width=0)
   ->  Index Scan using index_listings_on_id_and_user_id_and_title on listings  (cost=0.00..1615.79 rows=4 width=0)
         Index Cond: (user_id = 25564)
[0m
  [4;35;1mSQL (1.1ms)[0m   [0mSELECT count(*) AS count_all FROM "claimed_listings" WHERE ("claimed_listings".client_id = 25564) [0m
  [4;36;1mAnalyzing  Execution Time: 0.001423

[0m   [0;1mAggregate  (cost=27.27..27.28 rows=1 width=0)
   ->  Seq Scan on claimed_listings  (cost=0.00..27.25 rows=7 width=0)
         Filter: (client_id = 25564)
[0m
  [4;35;1mCACHE (0.0ms)[0m   [0mSELECT * FROM "roles" WHERE ("roles"."id" = 4) [0m
Rendered users/_user_info (20.0ms)
Rendered shared/_edit_delete_link (15.6ms)
  [4;36;1mSQL (2.9ms)[0m   [0;1mSELECT count(*) AS count_all FROM "listings" WHERE ("listings".user_id = 25563) [0m
  [4;35;1mAnalyzing  Execution Time: 0.003328

[0m   [0mAggregate  (cost=1615.81..1615.82 rows=1 width=0)
   ->  Index Scan using index_listings_on_id_and_user_id_and_title on listings  (cost=0.00..1615.79 rows=4 width=0)
         Index Cond: (user_id = 25563)
[0m
  [4;36;1mSQL (0.4ms)[0m   [0;1mSELECT count(*) AS count_all FROM "claimed_listings" WHERE ("claimed_listings".client_id = 25563) [0m
  [4;35;1mAnalyzing  Execution Time: 0.000706

[0m   [0mAggregate  (cost=27.27..27.28 rows=1 width=0)
   ->  Seq Scan on claimed_listings  (cost=0.00..27.25 rows=7 width=0)
         Filter: (client_id = 25563)
[0m
  [4;36;1mCACHE (0.0ms)[0m   [0;1mSELECT * FROM "roles" WHERE ("roles"."id" = 4) [0m
Rendered users/_user_info (103.5ms)
Rendered shared/_edit_delete_link (13.3ms)
  [4;35;1mSQL (3.2ms)[0m   [0mSELECT count(*) AS count_all FROM "listings" WHERE ("listings".user_id = 25562) [0m
  [4;36;1mAnalyzing  Execution Time: 0.003555

[0m   [0;1mAggregate  (cost=1615.81..1615.82 rows=1 width=0)
   ->  Index Scan using index_listings_on_id_and_user_id_and_title on listings  (cost=0.00..1615.79 rows=4 width=0)
         Index Cond: (user_id = 25562)
[0m
  [4;35;1mSQL (2.0ms)[0m   [0mSELECT count(*) AS count_all FROM "claimed_listings" WHERE ("claimed_listings".client_id = 25562) [0m
  [4;36;1mAnalyzing  Execution Time: 0.002486

[0m   [0;1mAggregate  (cost=27.27..27.28 rows=1 width=0)
   ->  Seq Scan on claimed_listings  (cost=0.00..27.25 rows=7 width=0)
         Filter: (client_id = 25562)
[0m
  [4;35;1mCACHE (0.0ms)[0m   [0mSELECT * FROM "roles" WHERE ("roles"."id" = 4) [0m
Rendered users/_user_info (66.0ms)
Rendered shared/_edit_delete_link (13.1ms)
  [4;36;1mSQL (12.6ms)[0m   [0;1mSELECT count(*) AS count_all FROM "listings" WHERE ("listings".user_id = 25560) [0m
  [4;35;1mAnalyzing  Execution Time: 0.012982

[0m   [0mAggregate  (cost=1615.81..1615.82 rows=1 width=0)
   ->  Index Scan using index_listings_on_id_and_user_id_and_title on listings  (cost=0.00..1615.79 rows=4 width=0)
         Index Cond: (user_id = 25560)
[0m
  [4;36;1mSQL (0.6ms)[0m   [0;1mSELECT count(*) AS count_all FROM "claimed_listings" WHERE ("claimed_listings".client_id = 25560) [0m
  [4;35;1mAnalyzing  Execution Time: 0.001231

[0m   [0mAggregate  (cost=27.27..27.28 rows=1 width=0)
   ->  Seq Scan on claimed_listings  (cost=0.00..27.25 rows=7 width=0)
         Filter: (client_id = 25560)
[0m
  [4;36;1mCACHE (0.0ms)[0m   [0;1mSELECT * FROM "roles" WHERE ("roles"."id" = 4) [0m
Rendered users/_user_info (40.8ms)
Rendered shared/_edit_delete_link (12.2ms)
  [4;35;1mSQL (2.9ms)[0m   [0mSELECT count(*) AS count_all FROM "listings" WHERE ("listings".user_id = 25559) [0m
  [4;36;1mAnalyzing  Execution Time: 0.003694

[0m   [0;1mAggregate  (cost=1615.81..1615.82 rows=1 width=0)
   ->  Index Scan using index_listings_on_id_and_user_id_and_title on listings  (cost=0.00..1615.79 rows=4 width=0)
         Index Cond: (user_id = 25559)
[0m
  [4;35;1mSQL (2.4ms)[0m   [0mSELECT count(*) AS count_all FROM "claimed_listings" WHERE ("claimed_listings".client_id = 25559) [0m
  [4;36;1mAnalyzing  Execution Time: 0.002854

[0m   [0;1mAggregate  (cost=27.27..27.28 rows=1 width=0)
   ->  Seq Scan on claimed_listings  (cost=0.00..27.25 rows=7 width=0)
         Filter: (client_id = 25559)
[0m
  [4;35;1mCACHE (0.0ms)[0m   [0mSELECT * FROM "roles" WHERE ("roles"."id" = 4) [0m
Rendered users/_user_info (31.2ms)
Rendered shared/_edit_delete_link (7.8ms)
  [4;36;1mSQL (3.8ms)[0m   [0;1mSELECT count(*) AS count_all FROM "listings" WHERE ("listings".user_id = 25558) [0m
  [4;35;1mAnalyzing  Execution Time: 0.009574

[0m   [0mAggregate  (cost=1615.81..1615.82 rows=1 width=0)
   ->  Index Scan using index_listings_on_id_and_user_id_and_title on listings  (cost=0.00..1615.79 rows=4 width=0)
         Index Cond: (user_id = 25558)
[0m
  [4;36;1mSQL (0.4ms)[0m   [0;1mSELECT count(*) AS count_all FROM "claimed_listings" WHERE ("claimed_listings".client_id = 25558) [0m
  [4;35;1mAnalyzing  Execution Time: 0.000813

[0m   [0mAggregate  (cost=27.27..27.28 rows=1 width=0)
   ->  Seq Scan on claimed_listings  (cost=0.00..27.25 rows=7 width=0)
         Filter: (client_id = 25558)
[0m
Rendered views/_paginate (8.4ms)
Rendered views/partials/_users (3126.8ms)
Rendered shared/_base_model_index (3154.7ms)
Rendered shared/_model_index (3217.0ms)
Completed in 3796ms (View: 3062, DB: 245) | 200 OK [https://localhost/clients]
** has_many_polymorphs: autoload hook invoked
** has_many_polymorphs: preloading parent model Block
** has_many_polymorphs: associating Block.models
  [4;36;1mSQL (0.3ms)[0m   [0;1mSET client_min_messages TO 'panic'[0m
  [4;35;1mSQL (0.1ms)[0m   [0mSET client_min_messages TO 'notice'[0m
** has_many_polymorphs: preloading parent model View
** has_many_polymorphs: associating View.models
  [4;36;1mSQL (0.3ms)[0m   [0;1mSET client_min_messages TO 'panic'[0m
  [4;35;1mSQL (0.1ms)[0m   [0mSET client_min_messages TO 'notice'[0m


Processing ClientsController#show (for 127.0.0.1 at 2011-04-26 18:20:25) [GET]
  Parameters: {"action"=>"show", "id"=>"25586", "controller"=>"clients"}
  [4;36;1mUser Load (14.3ms)[0m   [0;1mSELECT * FROM "users" WHERE ("users"."id" = E'1') LIMIT 1[0m
  [4;35;1mAnalyzing User Load Execution Time: 0.01523

[0m   [0mLimit  (cost=0.00..8.27 rows=1 width=574)
   ->  Index Scan using users_pkey on users  (cost=0.00..8.27 rows=1 width=574)
         Index Cond: (id = 1)
[0m
  [4;36;1mSQL (3.5ms)[0m   [0;1mBEGIN[0m
  [4;35;1mUser Update (1.0ms)[0m   [0mUPDATE "users" SET "updated_at" = '2011-04-26 22:20:25.577197', "perishable_token" = E'YEKEz3KXlmw370CtjGqy', "last_request_at" = '2011-04-26 22:20:25.566597' WHERE "id" = 1[0m
  [4;36;1mSQL (0.9ms)[0m   [0;1mCOMMIT[0m
  [4;35;1mRole Load (0.9ms)[0m   [0mSELECT * FROM "roles" WHERE ("roles"."id" = 1) [0m
  [4;36;1mAnalyzing Role Load Execution Time: 0.002032

[0m   [0;1mIndex Scan using roles_pkey on roles  (cost=0.00..8.27 rows=1 width=536)
   Index Cond: (id = 1)
[0m
  [4;35;1mClient Load (1.2ms)[0m   [0mSELECT * FROM "users" WHERE ("users"."id" = 25586) AND ( ("users"."type" = 'Client' ) ) LIMIT 1[0m
  [4;36;1mAnalyzing Client Load Execution Time: 0.002637

[0m   [0;1mLimit  (cost=0.00..8.27 rows=1 width=574)
   ->  Index Scan using users_pkey on users  (cost=0.00..8.27 rows=1 width=574)
         Index Cond: (id = 25586)
         Filter: ((type)::text = 'Client'::text)
[0m
Rendering clients/show
  [4;35;1mUser Load (0.9ms)[0m   [0mSELECT * FROM "users" WHERE ("users"."id" = 25586) [0m
  [4;36;1mAnalyzing User Load Execution Time: 0.00189

[0m   [0;1mIndex Scan using users_pkey on users  (cost=0.00..8.27 rows=1 width=574)
   Index Cond: (id = 25586)
[0m
  [4;35;1mSQL (5.8ms)[0m   [0mSELECT count(*) AS count_all FROM "listings" WHERE ("listings".user_id = 25586 AND (enabled IS TRUE)) [0m
  [4;36;1mAnalyzing  Execution Time: 0.00621

[0m   [0;1mAggregate  (cost=1615.81..1615.82 rows=1 width=0)
   ->  Index Scan using index_listings_on_id_and_user_id_and_title on listings  (cost=0.00..1615.79 rows=4 width=0)
         Index Cond: (user_id = 25586)
         Filter: (enabled IS TRUE)
[0m
  [4;35;1mListing Load (7.8ms)[0m   [0mSELECT * FROM "listings" WHERE ("listings".user_id = 25586) [0m
  [4;36;1mAnalyzing Listing Load Execution Time: 0.008708

[0m   [0;1mIndex Scan using index_listings_on_id_and_user_id_and_title on listings  (cost=0.00..1615.79 rows=4 width=1172)
   Index Cond: (user_id = 25586)
[0m
  [4;35;1mFacilityInfo Load (1.2ms)[0m   [0mSELECT * FROM "facility_infos" WHERE ("facility_infos".listing_id = 113291) LIMIT 1[0m
  [4;36;1mAnalyzing FacilityInfo Load Execution Time: 0.001748

[0m   [0;1mLimit  (cost=0.00..10.00 rows=1 width=8362)
   ->  Seq Scan on facility_infos  (cost=0.00..10.00 rows=1 width=8362)
         Filter: (listing_id = 113291)
[0m
  [4;35;1mRole Load (1.1ms)[0m   [0mSELECT * FROM "roles" WHERE ("roles"."id" = 4) [0m
  [4;36;1mAnalyzing Role Load Execution Time: 0.001467

[0m   [0;1mIndex Scan using roles_pkey on roles  (cost=0.00..8.27 rows=1 width=536)
   Index Cond: (id = 4)
[0m
Rendered users/_user_info (50.7ms)
Rendered notes/_form (4.2ms)
  [4;35;1mNote Load (1.2ms)[0m   [0mSELECT * FROM "notes" WHERE ("notes".user_id = 25586) ORDER BY created_at DESC[0m
  [4;36;1mAnalyzing Note Load Execution Time: 0.00217

[0m   [0;1mSort  (cost=11.63..11.64 rows=1 width=576)
   Sort Key: created_at
   ->  Seq Scan on notes  (cost=0.00..11.62 rows=1 width=576)
         Filter: (user_id = 25586)
[0m
  [4;35;1mUser Load (8.5ms)[0m   [0mSELECT * FROM "users" WHERE ("users"."id" = 1) [0m
  [4;36;1mAnalyzing User Load Execution Time: 0.00952

[0m   [0;1mIndex Scan using users_pkey on users  (cost=0.00..8.27 rows=1 width=574)
   Index Cond: (id = 1)
[0m
Rendered notes/_note (16.6ms)
  [4;35;1mCACHE (0.0ms)[0m   [0mSELECT * FROM "users" WHERE ("users"."id" = 1) [0m
Rendered notes/_note (2.6ms)
  [4;36;1mCACHE (0.0ms)[0m   [0;1mSELECT * FROM "users" WHERE ("users"."id" = 1) [0m
Rendered notes/_note (50.0ms)
  [4;35;1mCACHE (0.0ms)[0m   [0mSELECT * FROM "users" WHERE ("users"."id" = 1) [0m
Rendered notes/_note (2.5ms)
Rendered notes/_client_notes (122.5ms)
  [4;36;1mSQL (0.7ms)[0m   [0;1mSELECT count(*) AS count_all FROM "claimed_listings" WHERE ("claimed_listings".client_id = 25586) [0m
  [4;35;1mAnalyzing  Execution Time: 0.000992

[0m   [0mAggregate  (cost=27.27..27.28 rows=1 width=0)
   ->  Seq Scan on claimed_listings  (cost=0.00..27.25 rows=7 width=0)
         Filter: (client_id = 25586)
[0m
  [4;36;1mClient Load (0.8ms)[0m   [0;1mSELECT * FROM "users" WHERE ("users"."id" = 25586) AND ( ("users"."type" = 'Client' ) ) [0m
  [4;35;1mAnalyzing Client Load Execution Time: 0.001902

[0m   [0mIndex Scan using users_pkey on users  (cost=0.00..8.27 rows=1 width=574)
   Index Cond: (id = 25586)
   Filter: ((type)::text = 'Client'::text)
[0m
  [4;36;1mSQL (4.9ms)[0m   [0;1mSELECT count(*) AS count_all FROM "sizes" WHERE ("sizes".listing_id = 113291) [0m
  [4;35;1mAnalyzing  Execution Time: 0.005517

[0m   [0mAggregate  (cost=18.55..18.56 rows=1 width=0)
   ->  Bitmap Heap Scan on sizes  (cost=4.30..18.53 rows=7 width=0)
         Recheck Cond: (listing_id = 113291)
         ->  Bitmap Index Scan on index_sizes_on_listing_id_and_price  (cost=0.00..4.30 rows=7 width=0)
               Index Cond: (listing_id = 113291)
[0m
  [4;36;1mSQL (2.9ms)[0m   [0;1mSELECT count(*) AS count_all FROM "business_hours" WHERE ("business_hours".listing_id = 113291) [0m
  [4;35;1mAnalyzing  Execution Time: 0.003217

[0m   [0mAggregate  (cost=99.56..99.57 rows=1 width=0)
   ->  Seq Scan on business_hours  (cost=0.00..99.53 rows=13 width=0)
         Filter: (listing_id = 113291)
[0m
  [4;36;1mSQL (0.9ms)[0m   [0;1mSELECT count(*) AS count_all FROM "comments" WHERE ("comments".commentable_id = 113291 AND "comments".commentable_type = E'Listing') [0m
  [4;35;1mAnalyzing  Execution Time: 0.001488

[0m   [0mAggregate  (cost=10.91..10.92 rows=1 width=0)
   ->  Seq Scan on comments  (cost=0.00..10.90 rows=1 width=0)
         Filter: ((commentable_id = 113291) AND ((commentable_type)::text = 'Listing'::text))
[0m
  [4;36;1mPredefinedSpecial Load (1.9ms)[0m   [0;1mSELECT "predefined_specials".* FROM "predefined_specials" INNER JOIN "predef_special_assigns" ON "predefined_specials".id = "predef_special_assigns".predefined_special_id WHERE (("predef_special_assigns".listing_id = 113291)) [0m
  [4;35;1mAnalyzing PredefinedSpecial Load Execution Time: 0.003333

[0m   [0mNested Loop  (cost=0.00..10.27 rows=1 width=1092)
   ->  Seq Scan on predef_special_assigns  (cost=0.00..1.99 rows=1 width=4)
         Filter: (listing_id = 113291)
   ->  Index Scan using predefined_specials_pkey on predefined_specials  (cost=0.00..8.27 rows=1 width=1092)
         Index Cond: (predefined_specials.id = predef_special_assigns.predefined_special_id)
[0m
  [4;36;1mSQL (5.1ms)[0m   [0;1mSELECT count(*) AS count_all FROM "facility_features" INNER JOIN "listing_features" ON "facility_features".id = "listing_features".facility_feature_id WHERE (("listing_features".listing_id = 113291)) [0m
  [4;35;1mAnalyzing  Execution Time: 0.00548

[0m   [0mAggregate  (cost=51.87..51.88 rows=1 width=0)
   ->  Hash Join  (cost=12.93..51.85 rows=8 width=0)
         Hash Cond: (listing_features.facility_feature_id = facility_features.id)
         ->  Seq Scan on listing_features  (cost=0.00..38.81 rows=8 width=4)
               Filter: (listing_id = 113291)
         ->  Hash  (cost=11.30..11.30 rows=130 width=4)
               ->  Seq Scan on facility_features  (cost=0.00..11.30 rows=130 width=4)
[0m
  [4;36;1mCACHE (0.0ms)[0m   [0;1mSELECT count(*) AS count_all FROM "facility_features" INNER JOIN "listing_features" ON "facility_features".id = "listing_features".facility_feature_id WHERE (("listing_features".listing_id = 113291)) [0m
  [4;35;1mSQL (1.0ms)[0m   [0mSELECT count(*) AS count_all FROM "pictures" WHERE ("pictures".listing_id = 113291) [0m
  [4;36;1mAnalyzing  Execution Time: 0.00137

[0m   [0;1mAggregate  (cost=15.58..15.59 rows=1 width=0)
   ->  Seq Scan on pictures  (cost=0.00..15.57 rows=3 width=0)
         Filter: (listing_id = 113291)
[0m
Rendered listings/_listing (661.3ms)
  [4;35;1mMailingAddress Load (2.2ms)[0m   [0mSELECT * FROM "mailing_addresses" WHERE ("mailing_addresses".user_id = 25586) LIMIT 1[0m
  [4;36;1mAnalyzing MailingAddress Load Execution Time: 0.005301

[0m   [0;1mLimit  (cost=0.00..8.27 rows=1 width=106)
   ->  Index Scan using index_mailing_addresses_on_client_id_and_city_and_state on mailing_addresses  (cost=0.00..8.27 rows=1 width=106)
         Index Cond: (user_id = 25586)
[0m
Rendered clients/_owner_info (32.3ms)
  [4;35;1mUserHintPlacement Load (7.0ms)[0m   [0mSELECT * FROM "user_hint_placements" WHERE ("user_hint_placements".user_id = 25586) [0m
  [4;36;1mAnalyzing UserHintPlacement Load Execution Time: 0.008339

[0m   [0;1mIndex Scan using index_user_hint_placements_on_user_id on user_hint_placements  (cost=0.00..8.39 rows=8 width=33)
   Index Cond: (user_id = 25586)
[0m
  [4;35;1mAccountSetting Load (4.9ms)[0m   [0mSELECT * FROM "account_settings" WHERE ("account_settings".client_id = 25586) LIMIT 1[0m
  [4;36;1mAnalyzing AccountSetting Load Execution Time: 0.005232

[0m   [0;1mLimit  (cost=0.00..1.65 rows=1 width=80)
   ->  Seq Scan on account_settings  (cost=0.00..1.65 rows=1 width=80)
         Filter: (client_id = 25586)
[0m
Rendered clients/_settings (77.2ms)
  [4;35;1mSQL (16.3ms)[0m   [0mSELECT count(*) AS count_all FROM "user_stats" WHERE ("user_stats".user_id = 25586) [0m
  [4;36;1mAnalyzing  Execution Time: 0.021517

[0m   [0;1mAggregate  (cost=678.85..678.86 rows=1 width=0)
   ->  Seq Scan on user_stats  (cost=0.00..678.81 rows=14 width=0)
         Filter: (user_id = 25586)
[0m
  [4;35;1mUserStat Load (2.1ms)[0m   [0mSELECT * FROM "user_stats" WHERE ("user_stats".user_id = 25586) ORDER BY user_stats.id DESC LIMIT 1[0m
  [4;36;1mAnalyzing UserStat Load Execution Time: 0.002517

[0m   [0;1mLimit  (cost=0.00..64.69 rows=1 width=1370)
   ->  Index Scan Backward using user_stats_pkey on user_stats  (cost=0.00..905.65 rows=14 width=1370)
         Filter: (user_id = 25586)
[0m
Rendered user_stats/_user_stat (2.3ms)
Completed in 2087ms (View: 1393, DB: 141) | 200 OK [https://localhost/clients/25586]
DEPRECATION WARNING: require "activerecord" is deprecated and will be removed in Rails 3. Use require "active_record" instead.. (called from /usr/local/lib/ruby/gems/1.8/gems/activerecord-2.3.5/lib/activerecord.rb:2)
** has_many_polymorphs: rails environment detected
** has_many_polymorphs: loaded ok
** has_many_polymorphs: autoload hook invoked
** has_many_polymorphs: preloading parent model Block
** has_many_polymorphs: associating Block.models
  [4;36;1mSQL (4.6ms)[0m   [0;1mSET client_min_messages TO 'panic'[0m
  [4;35;1mSQL (0.2ms)[0m   [0mSET client_min_messages TO 'notice'[0m
** has_many_polymorphs: preloading parent model View
** has_many_polymorphs: associating View.models
** has_many_polymorphs: autoload hook invoked
** has_many_polymorphs: preloading parent model Block
** has_many_polymorphs: preloading parent model View
DEPRECATION WARNING: require "activerecord" is deprecated and will be removed in Rails 3. Use require "active_record" instead.. (called from /usr/local/lib/ruby/gems/1.8/gems/activerecord-2.3.5/lib/activerecord.rb:2)
** has_many_polymorphs: rails environment detected
** has_many_polymorphs: loaded ok
** has_many_polymorphs: autoload hook invoked
** has_many_polymorphs: preloading parent model Block
** has_many_polymorphs: associating Block.models
  [4;36;1mSQL (0.2ms)[0m   [0;1mSET client_min_messages TO 'panic'[0m
  [4;35;1mSQL (0.1ms)[0m   [0mSET client_min_messages TO 'notice'[0m
** has_many_polymorphs: preloading parent model View
** has_many_polymorphs: associating View.models
** has_many_polymorphs: autoload hook invoked
** has_many_polymorphs: preloading parent model Block
** has_many_polymorphs: preloading parent model View
** has_many_polymorphs: autoload hook invoked
** has_many_polymorphs: preloading parent model Block
** has_many_polymorphs: preloading parent model View
  [4;36;1mSQL (0.2ms)[0m   [0;1mSET client_min_messages TO 'panic'[0m
  [4;35;1mSQL (0.1ms)[0m   [0mSET client_min_messages TO 'notice'[0m


Processing AdminController#index (for 127.0.0.1 at 2011-04-26 18:25:10) [GET]
  Parameters: {"action"=>"index", "controller"=>"admin"}
  [4;36;1mUser Load (2.6ms)[0m   [0;1mSELECT * FROM "users" WHERE ("users"."id" = E'1') LIMIT 1[0m
  [4;35;1mAnalyzing User Load Execution Time: 0.003683

[0m   [0mLimit  (cost=0.00..8.27 rows=1 width=574)
   ->  Index Scan using users_pkey on users  (cost=0.00..8.27 rows=1 width=574)
         Index Cond: (id = 1)
[0m
  [4;36;1mSQL (0.5ms)[0m   [0;1mBEGIN[0m
  [4;35;1mUser Update (1.0ms)[0m   [0mUPDATE "users" SET "updated_at" = '2011-04-26 22:25:10.876081', "perishable_token" = E'zo3RiTqzs2yiYOvKQuoG', "last_request_at" = '2011-04-26 22:25:10.872877' WHERE "id" = 1[0m
  [4;36;1mSQL (0.6ms)[0m   [0;1mCOMMIT[0m
  [4;35;1mRole Load (0.6ms)[0m   [0mSELECT * FROM "roles" WHERE ("roles"."id" = 1) [0m
  [4;36;1mAnalyzing Role Load Execution Time: 0.000861

[0m   [0;1mIndex Scan using roles_pkey on roles  (cost=0.00..8.27 rows=1 width=536)
   Index Cond: (id = 1)
[0m
Rendering template within layouts/storagelocator
Rendering admin/index
  [4;35;1mBlock Load (1.7ms)[0m   [0mSELECT * FROM "blocks" WHERE ("blocks"."show_in_all" = E'header') [0m
  [4;36;1mAnalyzing Block Load Execution Time: 0.002092

[0m   [0;1mSeq Scan on blocks  (cost=0.00..10.25 rows=1 width=3188)
   Filter: ((show_in_all)::text = 'header'::text)
[0m
  [4;35;1mBlock Load (0.7ms)[0m   [0mSELECT * FROM "blocks" WHERE ("blocks"."restful_region" = E'header') [0m
  [4;36;1mAnalyzing Block Load Execution Time: 0.000922

[0m   [0;1mSeq Scan on blocks  (cost=0.00..10.25 rows=1 width=3188)
   Filter: ((restful_region)::text = 'header'::text)
[0m
  [4;35;1mBlock Load (0.6ms)[0m   [0mSELECT * FROM "blocks" WHERE ("blocks"."show_in_all" = E'content_bottom') [0m
  [4;36;1mAnalyzing Block Load Execution Time: 0.00086

[0m   [0;1mSeq Scan on blocks  (cost=0.00..10.25 rows=1 width=3188)
   Filter: ((show_in_all)::text = 'content_bottom'::text)
[0m
  [4;35;1mBlock Load (0.6ms)[0m   [0mSELECT * FROM "blocks" WHERE ("blocks"."restful_region" = E'content_bottom') [0m
  [4;36;1mAnalyzing Block Load Execution Time: 0.008843

[0m   [0;1mSeq Scan on blocks  (cost=0.00..10.25 rows=1 width=3188)
   Filter: ((restful_region)::text = 'content_bottom'::text)
[0m
  [4;35;1mBlock Load (0.5ms)[0m   [0mSELECT * FROM "blocks" WHERE ("blocks"."show_in_all" = E'column_5') [0m
  [4;36;1mAnalyzing Block Load Execution Time: 0.000778

[0m   [0;1mSeq Scan on blocks  (cost=0.00..10.25 rows=1 width=3188)
   Filter: ((show_in_all)::text = 'column_5'::text)
[0m
  [4;35;1mBlock Load (0.6ms)[0m   [0mSELECT * FROM "blocks" WHERE ("blocks"."restful_region" = E'column_5') [0m
  [4;36;1mAnalyzing Block Load Execution Time: 0.001039

[0m   [0;1mSeq Scan on blocks  (cost=0.00..10.25 rows=1 width=3188)
   Filter: ((restful_region)::text = 'column_5'::text)
[0m
  [4;35;1mBlock Load (0.5ms)[0m   [0mSELECT * FROM "blocks" WHERE ("blocks"."show_in_all" = E'more_info') [0m
  [4;36;1mAnalyzing Block Load Execution Time: 0.001001

[0m   [0;1mSeq Scan on blocks  (cost=0.00..10.25 rows=1 width=3188)
   Filter: ((show_in_all)::text = 'more_info'::text)
[0m
  [4;35;1mBlock Load (0.4ms)[0m   [0mSELECT * FROM "blocks" WHERE ("blocks"."restful_region" = E'more_info') [0m
  [4;36;1mAnalyzing Block Load Execution Time: 0.001017

[0m   [0;1mSeq Scan on blocks  (cost=0.00..10.25 rows=1 width=3188)
   Filter: ((restful_region)::text = 'more_info'::text)
[0m
  [4;35;1mBlocksModel Load (7.2ms)[0m   [0mSELECT 'Block' AS polymorphic_parent_class, 'models' AS polymorphic_association_id, blocks_models.block_id AS t0_r3, blocks_models.created_at AS t0_r4, blocks_models.enabled AS t0_r7, blocks_models.id AS t0_r0, blocks_models.model_id AS t0_r1, blocks_models.model_type AS t0_r2, blocks_models.place AS t0_r6, blocks_models.position AS t0_r9, blocks_models.show_title AS t0_r8, blocks_models.updated_at AS t0_r5, links.created_at AS t1_r4, links.group_id AS t1_r6, links.id AS t1_r0, links.path AS t1_r2, links.relative AS t1_r3, links.resource AS t1_r7, links.target_id AS t1_r8, links.title AS t1_r1, links.updated_at AS t1_r5, pages.content AS t2_r7, pages.created_at AS t2_r4, pages.description AS t2_r8, pages.id AS t2_r0, pages.meta_desc AS t2_r13, pages.parent_id AS t2_r2, pages.position AS t2_r10, pages.process_erb AS t2_r11, pages.show_in_nav AS t2_r6, pages.show_title AS t2_r9, pages.title AS t2_r1, pages.updated_at AS t2_r5, pages.url AS t2_r3, pages.use_placeholders AS t2_r12, posts.comments_count AS t3_r7, posts.comments_enabled AS t3_r8, posts.content AS t3_r2, posts.created_at AS t3_r5, posts.id AS t3_r0, posts.impressions_count AS t3_r10, posts.position AS t3_r9, posts.published AS t3_r4, posts.rating_average AS t3_r11, posts.title AS t3_r1, posts.type AS t3_r12, posts.updated_at AS t3_r6, posts.user_id AS t3_r3 FROM "blocks_models" JOIN "blocks" AS polymorphic_parent ON "blocks_models".block_id = polymorphic_parent.id LEFT JOIN "pages" ON "blocks_models".model_id = "pages".id AND "blocks_models".model_type = E'Page' LEFT JOIN "posts" ON "blocks_models".model_id = "posts".id AND "blocks_models".model_type = E'Post' LEFT JOIN "links" ON "blocks_models".model_id = "links".id AND "blocks_models".model_type = E'Link' WHERE (("blocks_models".block_id = 51)) [0m
  [4;36;1mAnalyzing BlocksModel Load Execution Time: 0.007686

[0m   [0;1mHash Left Join  (cost=32.98..61.21 rows=8 width=3443)
   Hash Cond: (blocks_models.model_id = links.id)
   Join Filter: ((blocks_models.model_type)::text = 'Link'::text)
   ->  Nested Loop  (cost=21.86..49.96 rows=8 width=1866)
         ->  Index Scan using index_blocks_on_id_and_title_and_show_in_all_and_restful_region on blocks polymorphic_parent  (cost=0.00..8.27 rows=1 width=4)
               Index Cond: (id = 51)
         ->  Hash Left Join  (cost=21.86..41.61 rows=8 width=1866)
               Hash Cond: (blocks_models.model_id = pages.id)
               Join Filter: ((blocks_models.model_type)::text = 'Page'::text)
               ->  Hash Left Join  (cost=10.51..30.13 rows=8 width=706)
                     Hash Cond: (blocks_models.model_id = posts.id)
                     Join Filter: ((blocks_models.model_type)::text = 'Post'::text)
                     ->  Bitmap Heap Scan on blocks_models  (cost=4.31..23.81 rows=8 width=41)
                           Recheck Cond: (block_id = 51)
                           ->  Bitmap Index Scan on index_blocks_models_on_block_id_and_model_id_and_model_type  (cost=0.00..4.31 rows=8 width=0)
                                 Index Cond: (block_id = 51)
                     ->  Hash  (cost=5.53..5.53 rows=53 width=665)
                           ->  Seq Scan on posts  (cost=0.00..5.53 rows=53 width=665)
               ->  Hash  (cost=10.60..10.60 rows=60 width=1160)
                     ->  Seq Scan on pages  (cost=0.00..10.60 rows=60 width=1160)
   ->  Hash  (cost=10.50..10.50 rows=50 width=1577)
         ->  Seq Scan on links  (cost=0.00..10.50 rows=50 width=1577)
[0m
Rendered shared/_model_options (22.6ms)
  [4;35;1mSQL (1.6ms)[0m   [0mSELECT count(*) AS count_all FROM "views" INNER JOIN "models_views" ON "views".id = "models_views".view_id WHERE (("models_views".model_type = E'Block') AND ("models_views".model_id = 51)) [0m
  [4;36;1mAnalyzing  Execution Time: 0.001938

[0m   [0;1mAggregate  (cost=16.56..16.57 rows=1 width=0)
   ->  Nested Loop  (cost=0.00..16.55 rows=1 width=0)
         ->  Index Scan using index_models_views_on_model_id_and_view_id_and_model_type on models_views  (cost=0.00..8.27 rows=1 width=4)
               Index Cond: ((model_id = 51) AND ((model_type)::text = 'Block'::text))
         ->  Index Scan using views_pkey on views  (cost=0.00..8.27 rows=1 width=4)
               Index Cond: (views.id = models_views.view_id)
[0m
  [4;35;1mSQL (4.5ms)[0m   [0mSELECT count(*) AS count_all FROM "forms" INNER JOIN "block_forms" ON "forms".id = "block_forms".form_id WHERE (("block_forms".block_id = 51)) [0m
  [4;36;1mAnalyzing  Execution Time: 0.004883

[0m   [0;1mAggregate  (cost=24.33..24.34 rows=1 width=0)
   ->  Hash Join  (cost=13.84..24.31 rows=6 width=0)
         Hash Cond: (forms.id = block_forms.form_id)
         ->  Seq Scan on forms  (cost=0.00..10.30 rows=30 width=4)
         ->  Hash  (cost=13.76..13.76 rows=6 width=4)
               ->  Bitmap Heap Scan on block_forms  (cost=4.30..13.76 rows=6 width=4)
                     Recheck Cond: (block_id = 51)
                     ->  Bitmap Index Scan on index_block_forms_on_block_id_and_form_id  (cost=0.00..4.30 rows=6 width=0)
                           Index Cond: (block_id = 51)
[0m
Rendered blocks/_block (700.0ms)
  [4;35;1mBlock Load (1.0ms)[0m   [0mSELECT * FROM "blocks" WHERE ("blocks"."show_in_all" = E'footer') [0m
  [4;36;1mAnalyzing Block Load Execution Time: 0.001344

[0m   [0;1mSeq Scan on blocks  (cost=0.00..10.25 rows=1 width=3188)
   Filter: ((show_in_all)::text = 'footer'::text)
[0m
  [4;35;1mBlock Load (0.7ms)[0m   [0mSELECT * FROM "blocks" WHERE ("blocks"."restful_region" = E'footer') [0m
  [4;36;1mAnalyzing Block Load Execution Time: 0.001747

[0m   [0;1mSeq Scan on blocks  (cost=0.00..10.25 rows=1 width=3188)
   Filter: ((restful_region)::text = 'footer'::text)
[0m
  [4;35;1mBlocksModel Load (2.3ms)[0m   [0mSELECT 'Block' AS polymorphic_parent_class, 'models' AS polymorphic_association_id, blocks_models.block_id AS t0_r3, blocks_models.created_at AS t0_r4, blocks_models.enabled AS t0_r7, blocks_models.id AS t0_r0, blocks_models.model_id AS t0_r1, blocks_models.model_type AS t0_r2, blocks_models.place AS t0_r6, blocks_models.position AS t0_r9, blocks_models.show_title AS t0_r8, blocks_models.updated_at AS t0_r5, links.created_at AS t1_r4, links.group_id AS t1_r6, links.id AS t1_r0, links.path AS t1_r2, links.relative AS t1_r3, links.resource AS t1_r7, links.target_id AS t1_r8, links.title AS t1_r1, links.updated_at AS t1_r5, pages.content AS t2_r7, pages.created_at AS t2_r4, pages.description AS t2_r8, pages.id AS t2_r0, pages.meta_desc AS t2_r13, pages.parent_id AS t2_r2, pages.position AS t2_r10, pages.process_erb AS t2_r11, pages.show_in_nav AS t2_r6, pages.show_title AS t2_r9, pages.title AS t2_r1, pages.updated_at AS t2_r5, pages.url AS t2_r3, pages.use_placeholders AS t2_r12, posts.comments_count AS t3_r7, posts.comments_enabled AS t3_r8, posts.content AS t3_r2, posts.created_at AS t3_r5, posts.id AS t3_r0, posts.impressions_count AS t3_r10, posts.position AS t3_r9, posts.published AS t3_r4, posts.rating_average AS t3_r11, posts.title AS t3_r1, posts.type AS t3_r12, posts.updated_at AS t3_r6, posts.user_id AS t3_r3 FROM "blocks_models" JOIN "blocks" AS polymorphic_parent ON "blocks_models".block_id = polymorphic_parent.id LEFT JOIN "pages" ON "blocks_models".model_id = "pages".id AND "blocks_models".model_type = E'Page' LEFT JOIN "posts" ON "blocks_models".model_id = "posts".id AND "blocks_models".model_type = E'Post' LEFT JOIN "links" ON "blocks_models".model_id = "links".id AND "blocks_models".model_type = E'Link' WHERE (("blocks_models".block_id = 49)) [0m
  [4;36;1mAnalyzing BlocksModel Load Execution Time: 0.002824

[0m   [0;1mHash Left Join  (cost=32.98..61.21 rows=8 width=3443)
   Hash Cond: (blocks_models.model_id = links.id)
   Join Filter: ((blocks_models.model_type)::text = 'Link'::text)
   ->  Nested Loop  (cost=21.86..49.96 rows=8 width=1866)
         ->  Index Scan using index_blocks_on_id_and_title_and_show_in_all_and_restful_region on blocks polymorphic_parent  (cost=0.00..8.27 rows=1 width=4)
               Index Cond: (id = 49)
         ->  Hash Left Join  (cost=21.86..41.61 rows=8 width=1866)
               Hash Cond: (blocks_models.model_id = pages.id)
               Join Filter: ((blocks_models.model_type)::text = 'Page'::text)
               ->  Hash Left Join  (cost=10.51..30.13 rows=8 width=706)
                     Hash Cond: (blocks_models.model_id = posts.id)
                     Join Filter: ((blocks_models.model_type)::text = 'Post'::text)
                     ->  Bitmap Heap Scan on blocks_models  (cost=4.31..23.81 rows=8 width=41)
                           Recheck Cond: (block_id = 49)
                           ->  Bitmap Index Scan on index_blocks_models_on_block_id_and_model_id_and_model_type  (cost=0.00..4.31 rows=8 width=0)
                                 Index Cond: (block_id = 49)
                     ->  Hash  (cost=5.53..5.53 rows=53 width=665)
                           ->  Seq Scan on posts  (cost=0.00..5.53 rows=53 width=665)
               ->  Hash  (cost=10.60..10.60 rows=60 width=1160)
                     ->  Seq Scan on pages  (cost=0.00..10.60 rows=60 width=1160)
   ->  Hash  (cost=10.50..10.50 rows=50 width=1577)
         ->  Seq Scan on links  (cost=0.00..10.50 rows=50 width=1577)
[0m
Rendered shared/_model_options (4.8ms)
Rendered pages/_footer_bottom (4.7ms)
  [4;35;1mSQL (0.9ms)[0m   [0mSELECT count(*) AS count_all FROM "views" INNER JOIN "models_views" ON "views".id = "models_views".view_id WHERE (("models_views".model_type = E'Block') AND ("models_views".model_id = 49)) [0m
  [4;36;1mAnalyzing  Execution Time: 0.001509

[0m   [0;1mAggregate  (cost=16.56..16.57 rows=1 width=0)
   ->  Nested Loop  (cost=0.00..16.55 rows=1 width=0)
         ->  Index Scan using index_models_views_on_model_id_and_view_id_and_model_type on models_views  (cost=0.00..8.27 rows=1 width=4)
               Index Cond: ((model_id = 49) AND ((model_type)::text = 'Block'::text))
         ->  Index Scan using views_pkey on views  (cost=0.00..8.27 rows=1 width=4)
               Index Cond: (views.id = models_views.view_id)
[0m
  [4;35;1mSQL (1.5ms)[0m   [0mSELECT count(*) AS count_all FROM "forms" INNER JOIN "block_forms" ON "forms".id = "block_forms".form_id WHERE (("block_forms".block_id = 49)) [0m
  [4;36;1mAnalyzing  Execution Time: 0.001948

[0m   [0;1mAggregate  (cost=24.33..24.34 rows=1 width=0)
   ->  Hash Join  (cost=13.84..24.31 rows=6 width=0)
         Hash Cond: (forms.id = block_forms.form_id)
         ->  Seq Scan on forms  (cost=0.00..10.30 rows=30 width=4)
         ->  Hash  (cost=13.76..13.76 rows=6 width=4)
               ->  Bitmap Heap Scan on block_forms  (cost=4.30..13.76 rows=6 width=4)
                     Recheck Cond: (block_id = 49)
                     ->  Bitmap Index Scan on index_block_forms_on_block_id_and_form_id  (cost=0.00..4.30 rows=6 width=0)
                           Index Cond: (block_id = 49)
[0m
Rendered blocks/_block (243.5ms)
  [4;35;1mBlock Load (7.8ms)[0m   [0mSELECT * FROM "blocks" WHERE ("blocks"."show_in_all" = E'head_bar') [0m
  [4;36;1mAnalyzing Block Load Execution Time: 0.008329

[0m   [0;1mSeq Scan on blocks  (cost=0.00..10.25 rows=1 width=3188)
   Filter: ((show_in_all)::text = 'head_bar'::text)
[0m
  [4;35;1mBlock Load (0.5ms)[0m   [0mSELECT * FROM "blocks" WHERE ("blocks"."restful_region" = E'head_bar') [0m
  [4;36;1mAnalyzing Block Load Execution Time: 0.002902

[0m   [0;1mSeq Scan on blocks  (cost=0.00..10.25 rows=1 width=3188)
   Filter: ((restful_region)::text = 'head_bar'::text)
[0m
Rendered menus/_topnav (13.7ms)
  [4;35;1mPage Load (0.8ms)[0m   [0mSELECT * FROM "pages" WHERE ("pages"."title" = E'Self Storage') LIMIT 1[0m
  [4;36;1mAnalyzing Page Load Execution Time: 0.001379

[0m   [0;1mLimit  (cost=0.00..10.75 rows=1 width=1160)
   ->  Seq Scan on pages  (cost=0.00..10.75 rows=1 width=1160)
         Filter: ((title)::text = 'Self Storage'::text)
[0m
Rendered pages/_home (12.7ms)
Rendered user_sessions/_form (15.7ms)
Completed in 3923ms (View: 3500, DB: 62) | 200 OK [https://localhost/admin]
** has_many_polymorphs: autoload hook invoked
** has_many_polymorphs: preloading parent model Block
** has_many_polymorphs: associating Block.models
  [4;35;1mSQL (0.2ms)[0m   [0mSET client_min_messages TO 'panic'[0m
  [4;36;1mSQL (0.1ms)[0m   [0;1mSET client_min_messages TO 'notice'[0m
** has_many_polymorphs: preloading parent model View
** has_many_polymorphs: associating View.models
  [4;35;1mSQL (0.4ms)[0m   [0mSET client_min_messages TO 'panic'[0m
  [4;36;1mSQL (0.1ms)[0m   [0;1mSET client_min_messages TO 'notice'[0m


Processing ClientsController#index (for 127.0.0.1 at 2011-04-26 18:25:20) [GET]
  Parameters: {"action"=>"index", "controller"=>"clients"}
  [4;35;1mUser Load (1.7ms)[0m   [0mSELECT * FROM "users" WHERE ("users"."id" = E'1') LIMIT 1[0m
  [4;36;1mAnalyzing User Load Execution Time: 0.002413

[0m   [0;1mLimit  (cost=0.00..8.27 rows=1 width=574)
   ->  Index Scan using users_pkey on users  (cost=0.00..8.27 rows=1 width=574)
         Index Cond: (id = 1)
[0m
  [4;35;1mSQL (0.2ms)[0m   [0mBEGIN[0m
  [4;36;1mUser Update (0.9ms)[0m   [0;1mUPDATE "users" SET "updated_at" = '2011-04-26 22:25:21.029937', "perishable_token" = E'EI07ehExcNKcasNDO0ln', "last_request_at" = '2011-04-26 22:25:21.027516' WHERE "id" = 1[0m
  [4;35;1mSQL (1.1ms)[0m   [0mCOMMIT[0m
  [4;36;1mRole Load (0.6ms)[0m   [0;1mSELECT * FROM "roles" WHERE ("roles"."id" = 1) [0m
  [4;35;1mAnalyzing Role Load Execution Time: 0.000963

[0m   [0mIndex Scan using roles_pkey on roles  (cost=0.00..8.27 rows=1 width=536)
   Index Cond: (id = 1)
[0m
  [4;36;1mClient Load (3.2ms)[0m   [0;1mSELECT * FROM "users" WHERE ("users"."status" = E'active') AND ( ("users"."type" = 'Client' ) ) ORDER BY created_at DESC LIMIT 20 OFFSET 0[0m
  [4;35;1mAnalyzing Client Load Execution Time: 0.011655

[0m   [0mLimit  (cost=34.49..34.54 rows=20 width=574)
   ->  Sort  (cost=34.49..35.15 rows=265 width=574)
         Sort Key: created_at
         ->  Seq Scan on users  (cost=0.00..27.44 rows=265 width=574)
               Filter: (((status)::text = 'active'::text) AND ((type)::text = 'Client'::text))
[0m
  [4;36;1mSQL (4.3ms)[0m   [0;1mSELECT count(*) AS count_all FROM "users" WHERE ("users"."status" = E'active') AND ( ("users"."type" = 'Client' ) ) [0m
  [4;35;1mAnalyzing  Execution Time: 0.004676

[0m   [0mAggregate  (cost=28.10..28.11 rows=1 width=0)
   ->  Seq Scan on users  (cost=0.00..27.44 rows=265 width=0)
         Filter: (((status)::text = 'active'::text) AND ((type)::text = 'Client'::text))
[0m
Rendering clients/index
  [4;36;1mSQL (0.9ms)[0m   [0;1mSELECT count(*) AS count_all FROM "users" WHERE ( ("users"."type" = 'Client' ) ) [0m
  [4;35;1mAnalyzing  Execution Time: 0.001306

[0m   [0mAggregate  (cost=27.42..27.43 rows=1 width=0)
   ->  Seq Scan on users  (cost=0.00..26.70 rows=288 width=0)
         Filter: ((type)::text = 'Client'::text)
[0m
  [4;36;1mSQL (1.0ms)[0m   [0;1mSELECT count(*) AS count_all FROM "users" WHERE (status != E'active') AND ( ("users"."type" = 'Client' ) ) [0m
  [4;35;1mAnalyzing  Execution Time: 0.001295

[0m   [0mAggregate  (cost=27.50..27.51 rows=1 width=0)
   ->  Seq Scan on users  (cost=0.00..27.44 rows=23 width=0)
         Filter: (((status)::text <> 'active'::text) AND ((type)::text = 'Client'::text))
[0m
  [4;36;1mCACHE (0.0ms)[0m   [0;1mSELECT count(*) AS count_all FROM "users" WHERE ("users"."status" = E'active') AND ( ("users"."type" = 'Client' ) ) [0m
  [4;35;1mHelptext Load (0.7ms)[0m   [0mSELECT * FROM "helptexts" WHERE ("helptexts"."model" = E'client') LIMIT 1[0m
  [4;36;1mAnalyzing Helptext Load Execution Time: 0.001146

[0m   [0;1mLimit  (cost=0.00..11.50 rows=1 width=601)
   ->  Seq Scan on helptexts  (cost=0.00..11.50 rows=1 width=601)
         Filter: ((model)::text = 'client'::text)
[0m
Rendered helptexts/_helptext (5.1ms)
Rendered shared/_model_new_back_buttons (5.6ms)
Rendered shared/_model_search (3.3ms)
Rendered menus/_view_type_links (17.4ms)
Rendered shared/_model_sort (3.0ms)
  [4;35;1mRole Load (0.4ms)[0m   [0mSELECT * FROM "roles" WHERE ("roles"."id" = 4) [0m
  [4;36;1mAnalyzing Role Load Execution Time: 0.000831

[0m   [0;1mIndex Scan using roles_pkey on roles  (cost=0.00..8.27 rows=1 width=536)
   Index Cond: (id = 4)
[0m
Rendered users/_user_info (38.4ms)
Rendered shared/_edit_delete_link (62.2ms)
  [4;35;1mSQL (3.8ms)[0m   [0mSELECT count(*) AS count_all FROM "listings" WHERE ("listings".user_id = 25586) [0m
  [4;36;1mAnalyzing  Execution Time: 0.004313

[0m   [0;1mAggregate  (cost=1615.81..1615.82 rows=1 width=0)
   ->  Index Scan using index_listings_on_id_and_user_id_and_title on listings  (cost=0.00..1615.79 rows=4 width=0)
         Index Cond: (user_id = 25586)
[0m
  [4;35;1mSQL (0.7ms)[0m   [0mSELECT count(*) AS count_all FROM "claimed_listings" WHERE ("claimed_listings".client_id = 25586) [0m
  [4;36;1mAnalyzing  Execution Time: 0.001131

[0m   [0;1mAggregate  (cost=27.27..27.28 rows=1 width=0)
   ->  Seq Scan on claimed_listings  (cost=0.00..27.25 rows=7 width=0)
         Filter: (client_id = 25586)
[0m
  [4;35;1mCACHE (0.0ms)[0m   [0mSELECT * FROM "roles" WHERE ("roles"."id" = 4) [0m
Rendered users/_user_info (19.4ms)
Rendered shared/_edit_delete_link (21.6ms)
  [4;36;1mSQL (2.2ms)[0m   [0;1mSELECT count(*) AS count_all FROM "listings" WHERE ("listings".user_id = 25584) [0m
  [4;35;1mAnalyzing  Execution Time: 0.011736

[0m   [0mAggregate  (cost=1615.81..1615.82 rows=1 width=0)
   ->  Index Scan using index_listings_on_id_and_user_id_and_title on listings  (cost=0.00..1615.79 rows=4 width=0)
         Index Cond: (user_id = 25584)
[0m
  [4;36;1mSQL (0.5ms)[0m   [0;1mSELECT count(*) AS count_all FROM "claimed_listings" WHERE ("claimed_listings".client_id = 25584) [0m
  [4;35;1mAnalyzing  Execution Time: 0.001185

[0m   [0mAggregate  (cost=27.27..27.28 rows=1 width=0)
   ->  Seq Scan on claimed_listings  (cost=0.00..27.25 rows=7 width=0)
         Filter: (client_id = 25584)
[0m
  [4;36;1mCACHE (0.0ms)[0m   [0;1mSELECT * FROM "roles" WHERE ("roles"."id" = 4) [0m
Rendered users/_user_info (22.7ms)
Rendered shared/_edit_delete_link (18.1ms)
  [4;35;1mSQL (4.9ms)[0m   [0mSELECT count(*) AS count_all FROM "listings" WHERE ("listings".user_id = 25583) [0m
  [4;36;1mAnalyzing  Execution Time: 0.005403

[0m   [0;1mAggregate  (cost=1615.81..1615.82 rows=1 width=0)
   ->  Index Scan using index_listings_on_id_and_user_id_and_title on listings  (cost=0.00..1615.79 rows=4 width=0)
         Index Cond: (user_id = 25583)
[0m
  [4;35;1mSQL (1.2ms)[0m   [0mSELECT count(*) AS count_all FROM "claimed_listings" WHERE ("claimed_listings".client_id = 25583) [0m
  [4;36;1mAnalyzing  Execution Time: 0.001691

[0m   [0;1mAggregate  (cost=27.27..27.28 rows=1 width=0)
   ->  Seq Scan on claimed_listings  (cost=0.00..27.25 rows=7 width=0)
         Filter: (client_id = 25583)
[0m
  [4;35;1mCACHE (0.0ms)[0m   [0mSELECT * FROM "roles" WHERE ("roles"."id" = 4) [0m
Rendered users/_user_info (35.2ms)
Rendered shared/_edit_delete_link (23.7ms)
  [4;36;1mSQL (2.2ms)[0m   [0;1mSELECT count(*) AS count_all FROM "listings" WHERE ("listings".user_id = 25582) [0m
  [4;35;1mAnalyzing  Execution Time: 0.002936

[0m   [0mAggregate  (cost=1615.81..1615.82 rows=1 width=0)
   ->  Index Scan using index_listings_on_id_and_user_id_and_title on listings  (cost=0.00..1615.79 rows=4 width=0)
         Index Cond: (user_id = 25582)
[0m
  [4;36;1mSQL (1.1ms)[0m   [0;1mSELECT count(*) AS count_all FROM "claimed_listings" WHERE ("claimed_listings".client_id = 25582) [0m
  [4;35;1mAnalyzing  Execution Time: 0.001621

[0m   [0mAggregate  (cost=27.27..27.28 rows=1 width=0)
   ->  Seq Scan on claimed_listings  (cost=0.00..27.25 rows=7 width=0)
         Filter: (client_id = 25582)
[0m
  [4;36;1mCACHE (0.0ms)[0m   [0;1mSELECT * FROM "roles" WHERE ("roles"."id" = 4) [0m
Rendered users/_user_info (33.6ms)
Rendered shared/_edit_delete_link (319.6ms)
  [4;35;1mSQL (8.0ms)[0m   [0mSELECT count(*) AS count_all FROM "listings" WHERE ("listings".user_id = 25581) [0m
  [4;36;1mAnalyzing  Execution Time: 0.008823

[0m   [0;1mAggregate  (cost=1615.81..1615.82 rows=1 width=0)
   ->  Index Scan using index_listings_on_id_and_user_id_and_title on listings  (cost=0.00..1615.79 rows=4 width=0)
         Index Cond: (user_id = 25581)
[0m
  [4;35;1mSQL (0.6ms)[0m   [0mSELECT count(*) AS count_all FROM "claimed_listings" WHERE ("claimed_listings".client_id = 25581) [0m
  [4;36;1mAnalyzing  Execution Time: 0.00773

[0m   [0;1mAggregate  (cost=27.27..27.28 rows=1 width=0)
   ->  Seq Scan on claimed_listings  (cost=0.00..27.25 rows=7 width=0)
         Filter: (client_id = 25581)
[0m
  [4;35;1mCACHE (0.0ms)[0m   [0mSELECT * FROM "roles" WHERE ("roles"."id" = 4) [0m
Rendered users/_user_info (28.2ms)
Rendered shared/_edit_delete_link (7.0ms)
  [4;36;1mSQL (2.5ms)[0m   [0;1mSELECT count(*) AS count_all FROM "listings" WHERE ("listings".user_id = 25580) [0m
  [4;35;1mAnalyzing  Execution Time: 0.002879

[0m   [0mAggregate  (cost=1615.81..1615.82 rows=1 width=0)
   ->  Index Scan using index_listings_on_id_and_user_id_and_title on listings  (cost=0.00..1615.79 rows=4 width=0)
         Index Cond: (user_id = 25580)
[0m
  [4;36;1mSQL (0.4ms)[0m   [0;1mSELECT count(*) AS count_all FROM "claimed_listings" WHERE ("claimed_listings".client_id = 25580) [0m
  [4;35;1mAnalyzing  Execution Time: 0.000761

[0m   [0mAggregate  (cost=27.27..27.28 rows=1 width=0)
   ->  Seq Scan on claimed_listings  (cost=0.00..27.25 rows=7 width=0)
         Filter: (client_id = 25580)
[0m
  [4;36;1mCACHE (0.0ms)[0m   [0;1mSELECT * FROM "roles" WHERE ("roles"."id" = 4) [0m
Rendered users/_user_info (28.3ms)
Rendered shared/_edit_delete_link (6.3ms)
  [4;35;1mSQL (5.5ms)[0m   [0mSELECT count(*) AS count_all FROM "listings" WHERE ("listings".user_id = 25579) [0m
  [4;36;1mAnalyzing  Execution Time: 0.005956

[0m   [0;1mAggregate  (cost=1615.81..1615.82 rows=1 width=0)
   ->  Index Scan using index_listings_on_id_and_user_id_and_title on listings  (cost=0.00..1615.79 rows=4 width=0)
         Index Cond: (user_id = 25579)
[0m
  [4;35;1mSQL (6.6ms)[0m   [0mSELECT count(*) AS count_all FROM "claimed_listings" WHERE ("claimed_listings".client_id = 25579) [0m
  [4;36;1mAnalyzing  Execution Time: 0.006971

[0m   [0;1mAggregate  (cost=27.27..27.28 rows=1 width=0)
   ->  Seq Scan on claimed_listings  (cost=0.00..27.25 rows=7 width=0)
         Filter: (client_id = 25579)
[0m
  [4;35;1mCACHE (0.0ms)[0m   [0mSELECT * FROM "roles" WHERE ("roles"."id" = 4) [0m
Rendered users/_user_info (28.4ms)
Rendered shared/_edit_delete_link (5.4ms)
  [4;36;1mSQL (8.9ms)[0m   [0;1mSELECT count(*) AS count_all FROM "listings" WHERE ("listings".user_id = 25577) [0m
  [4;35;1mAnalyzing  Execution Time: 0.009274

[0m   [0mAggregate  (cost=1615.81..1615.82 rows=1 width=0)
   ->  Index Scan using index_listings_on_id_and_user_id_and_title on listings  (cost=0.00..1615.79 rows=4 width=0)
         Index Cond: (user_id = 25577)
[0m
  [4;36;1mSQL (0.5ms)[0m   [0;1mSELECT count(*) AS count_all FROM "claimed_listings" WHERE ("claimed_listings".client_id = 25577) [0m
  [4;35;1mAnalyzing  Execution Time: 0.000916

[0m   [0mAggregate  (cost=27.27..27.28 rows=1 width=0)
   ->  Seq Scan on claimed_listings  (cost=0.00..27.25 rows=7 width=0)
         Filter: (client_id = 25577)
[0m
  [4;36;1mCACHE (0.0ms)[0m   [0;1mSELECT * FROM "roles" WHERE ("roles"."id" = 4) [0m
Rendered users/_user_info (15.9ms)
Rendered shared/_edit_delete_link (5.1ms)
  [4;35;1mSQL (9.8ms)[0m   [0mSELECT count(*) AS count_all FROM "listings" WHERE ("listings".user_id = 25575) [0m
  [4;36;1mAnalyzing  Execution Time: 0.010215

[0m   [0;1mAggregate  (cost=1615.81..1615.82 rows=1 width=0)
   ->  Index Scan using index_listings_on_id_and_user_id_and_title on listings  (cost=0.00..1615.79 rows=4 width=0)
         Index Cond: (user_id = 25575)
[0m
  [4;35;1mSQL (0.5ms)[0m   [0mSELECT count(*) AS count_all FROM "claimed_listings" WHERE ("claimed_listings".client_id = 25575) [0m
  [4;36;1mAnalyzing  Execution Time: 0.000825

[0m   [0;1mAggregate  (cost=27.27..27.28 rows=1 width=0)
   ->  Seq Scan on claimed_listings  (cost=0.00..27.25 rows=7 width=0)
         Filter: (client_id = 25575)
[0m
  [4;35;1mCACHE (0.0ms)[0m   [0mSELECT * FROM "roles" WHERE ("roles"."id" = 4) [0m
Rendered users/_user_info (15.2ms)
Rendered shared/_edit_delete_link (8.1ms)
  [4;36;1mSQL (2.8ms)[0m   [0;1mSELECT count(*) AS count_all FROM "listings" WHERE ("listings".user_id = 25573) [0m
  [4;35;1mAnalyzing  Execution Time: 0.003206

[0m   [0mAggregate  (cost=1615.81..1615.82 rows=1 width=0)
   ->  Index Scan using index_listings_on_id_and_user_id_and_title on listings  (cost=0.00..1615.79 rows=4 width=0)
         Index Cond: (user_id = 25573)
[0m
  [4;36;1mSQL (0.7ms)[0m   [0;1mSELECT count(*) AS count_all FROM "claimed_listings" WHERE ("claimed_listings".client_id = 25573) [0m
  [4;35;1mAnalyzing  Execution Time: 0.001129

[0m   [0mAggregate  (cost=27.27..27.28 rows=1 width=0)
   ->  Seq Scan on claimed_listings  (cost=0.00..27.25 rows=7 width=0)
         Filter: (client_id = 25573)
[0m
  [4;36;1mCACHE (0.0ms)[0m   [0;1mSELECT * FROM "roles" WHERE ("roles"."id" = 4) [0m
Rendered users/_user_info (16.5ms)
Rendered shared/_edit_delete_link (6.8ms)
  [4;35;1mSQL (4.7ms)[0m   [0mSELECT count(*) AS count_all FROM "listings" WHERE ("listings".user_id = 25571) [0m
  [4;36;1mAnalyzing  Execution Time: 0.005127

[0m   [0;1mAggregate  (cost=1615.81..1615.82 rows=1 width=0)
   ->  Index Scan using index_listings_on_id_and_user_id_and_title on listings  (cost=0.00..1615.79 rows=4 width=0)
         Index Cond: (user_id = 25571)
[0m
  [4;35;1mSQL (0.5ms)[0m   [0mSELECT count(*) AS count_all FROM "claimed_listings" WHERE ("claimed_listings".client_id = 25571) [0m
  [4;36;1mAnalyzing  Execution Time: 0.000792

[0m   [0;1mAggregate  (cost=27.27..27.28 rows=1 width=0)
   ->  Seq Scan on claimed_listings  (cost=0.00..27.25 rows=7 width=0)
         Filter: (client_id = 25571)
[0m
  [4;35;1mCACHE (0.0ms)[0m   [0mSELECT * FROM "roles" WHERE ("roles"."id" = 4) [0m
Rendered users/_user_info (18.3ms)
Rendered shared/_edit_delete_link (7.4ms)
  [4;36;1mSQL (2.2ms)[0m   [0;1mSELECT count(*) AS count_all FROM "listings" WHERE ("listings".user_id = 25570) [0m
  [4;35;1mAnalyzing  Execution Time: 0.002689

[0m   [0mAggregate  (cost=1615.81..1615.82 rows=1 width=0)
   ->  Index Scan using index_listings_on_id_and_user_id_and_title on listings  (cost=0.00..1615.79 rows=4 width=0)
         Index Cond: (user_id = 25570)
[0m
  [4;36;1mSQL (0.5ms)[0m   [0;1mSELECT count(*) AS count_all FROM "claimed_listings" WHERE ("claimed_listings".client_id = 25570) [0m
  [4;35;1mAnalyzing  Execution Time: 0.001097

[0m   [0mAggregate  (cost=27.27..27.28 rows=1 width=0)
   ->  Seq Scan on claimed_listings  (cost=0.00..27.25 rows=7 width=0)
         Filter: (client_id = 25570)
[0m
  [4;36;1mCACHE (0.0ms)[0m   [0;1mSELECT * FROM "roles" WHERE ("roles"."id" = 4) [0m
Rendered users/_user_info (19.7ms)
Rendered shared/_edit_delete_link (6.1ms)
  [4;35;1mSQL (2.0ms)[0m   [0mSELECT count(*) AS count_all FROM "listings" WHERE ("listings".user_id = 25567) [0m
  [4;36;1mAnalyzing  Execution Time: 0.002436

[0m   [0;1mAggregate  (cost=1615.81..1615.82 rows=1 width=0)
   ->  Index Scan using index_listings_on_id_and_user_id_and_title on listings  (cost=0.00..1615.79 rows=4 width=0)
         Index Cond: (user_id = 25567)
[0m
  [4;35;1mSQL (0.4ms)[0m   [0mSELECT count(*) AS count_all FROM "claimed_listings" WHERE ("claimed_listings".client_id = 25567) [0m
  [4;36;1mAnalyzing  Execution Time: 0.000718

[0m   [0;1mAggregate  (cost=27.27..27.28 rows=1 width=0)
   ->  Seq Scan on claimed_listings  (cost=0.00..27.25 rows=7 width=0)
         Filter: (client_id = 25567)
[0m
  [4;35;1mCACHE (0.0ms)[0m   [0mSELECT * FROM "roles" WHERE ("roles"."id" = 4) [0m
Rendered users/_user_info (18.4ms)
Rendered shared/_edit_delete_link (6.4ms)
  [4;36;1mSQL (3.0ms)[0m   [0;1mSELECT count(*) AS count_all FROM "listings" WHERE ("listings".user_id = 25565) [0m
  [4;35;1mAnalyzing  Execution Time: 0.003679

[0m   [0mAggregate  (cost=1615.81..1615.82 rows=1 width=0)
   ->  Index Scan using index_listings_on_id_and_user_id_and_title on listings  (cost=0.00..1615.79 rows=4 width=0)
         Index Cond: (user_id = 25565)
[0m
  [4;36;1mSQL (0.4ms)[0m   [0;1mSELECT count(*) AS count_all FROM "claimed_listings" WHERE ("claimed_listings".client_id = 25565) [0m
  [4;35;1mAnalyzing  Execution Time: 0.000828

[0m   [0mAggregate  (cost=27.27..27.28 rows=1 width=0)
   ->  Seq Scan on claimed_listings  (cost=0.00..27.25 rows=7 width=0)
         Filter: (client_id = 25565)
[0m
  [4;36;1mCACHE (0.0ms)[0m   [0;1mSELECT * FROM "roles" WHERE ("roles"."id" = 4) [0m
Rendered users/_user_info (21.3ms)
Rendered shared/_edit_delete_link (6.2ms)
  [4;35;1mSQL (2.1ms)[0m   [0mSELECT count(*) AS count_all FROM "listings" WHERE ("listings".user_id = 25564) [0m
  [4;36;1mAnalyzing  Execution Time: 0.002474

[0m   [0;1mAggregate  (cost=1615.81..1615.82 rows=1 width=0)
   ->  Index Scan using index_listings_on_id_and_user_id_and_title on listings  (cost=0.00..1615.79 rows=4 width=0)
         Index Cond: (user_id = 25564)
[0m
  [4;35;1mSQL (0.4ms)[0m   [0mSELECT count(*) AS count_all FROM "claimed_listings" WHERE ("claimed_listings".client_id = 25564) [0m
  [4;36;1mAnalyzing  Execution Time: 0.000758

[0m   [0;1mAggregate  (cost=27.27..27.28 rows=1 width=0)
   ->  Seq Scan on claimed_listings  (cost=0.00..27.25 rows=7 width=0)
         Filter: (client_id = 25564)
[0m
  [4;35;1mCACHE (0.0ms)[0m   [0mSELECT * FROM "roles" WHERE ("roles"."id" = 4) [0m
Rendered users/_user_info (37.3ms)
Rendered shared/_edit_delete_link (4.6ms)
  [4;36;1mSQL (2.0ms)[0m   [0;1mSELECT count(*) AS count_all FROM "listings" WHERE ("listings".user_id = 25563) [0m
  [4;35;1mAnalyzing  Execution Time: 0.002501

[0m   [0mAggregate  (cost=1615.81..1615.82 rows=1 width=0)
   ->  Index Scan using index_listings_on_id_and_user_id_and_title on listings  (cost=0.00..1615.79 rows=4 width=0)
         Index Cond: (user_id = 25563)
[0m
  [4;36;1mSQL (0.4ms)[0m   [0;1mSELECT count(*) AS count_all FROM "claimed_listings" WHERE ("claimed_listings".client_id = 25563) [0m
  [4;35;1mAnalyzing  Execution Time: 0.000826

[0m   [0mAggregate  (cost=27.27..27.28 rows=1 width=0)
   ->  Seq Scan on claimed_listings  (cost=0.00..27.25 rows=7 width=0)
         Filter: (client_id = 25563)
[0m
  [4;36;1mCACHE (0.0ms)[0m   [0;1mSELECT * FROM "roles" WHERE ("roles"."id" = 4) [0m
Rendered users/_user_info (20.7ms)
Rendered shared/_edit_delete_link (9.4ms)
  [4;35;1mSQL (3.5ms)[0m   [0mSELECT count(*) AS count_all FROM "listings" WHERE ("listings".user_id = 25562) [0m
  [4;36;1mAnalyzing  Execution Time: 0.00393300000000008

[0m   [0;1mAggregate  (cost=1615.81..1615.82 rows=1 width=0)
   ->  Index Scan using index_listings_on_id_and_user_id_and_title on listings  (cost=0.00..1615.79 rows=4 width=0)
         Index Cond: (user_id = 25562)
[0m
  [4;35;1mSQL (0.4ms)[0m   [0mSELECT count(*) AS count_all FROM "claimed_listings" WHERE ("claimed_listings".client_id = 25562) [0m
  [4;36;1mAnalyzing  Execution Time: 0.000788

[0m   [0;1mAggregate  (cost=27.27..27.28 rows=1 width=0)
   ->  Seq Scan on claimed_listings  (cost=0.00..27.25 rows=7 width=0)
         Filter: (client_id = 25562)
[0m
  [4;35;1mCACHE (0.0ms)[0m   [0mSELECT * FROM "roles" WHERE ("roles"."id" = 4) [0m
Rendered users/_user_info (22.8ms)
Rendered shared/_edit_delete_link (5.4ms)
  [4;36;1mSQL (2.0ms)[0m   [0;1mSELECT count(*) AS count_all FROM "listings" WHERE ("listings".user_id = 25560) [0m
  [4;35;1mAnalyzing  Execution Time: 0.002362

[0m   [0mAggregate  (cost=1615.81..1615.82 rows=1 width=0)
   ->  Index Scan using index_listings_on_id_and_user_id_and_title on listings  (cost=0.00..1615.79 rows=4 width=0)
         Index Cond: (user_id = 25560)
[0m
  [4;36;1mSQL (0.4ms)[0m   [0;1mSELECT count(*) AS count_all FROM "claimed_listings" WHERE ("claimed_listings".client_id = 25560) [0m
  [4;35;1mAnalyzing  Execution Time: 0.000701

[0m   [0mAggregate  (cost=27.27..27.28 rows=1 width=0)
   ->  Seq Scan on claimed_listings  (cost=0.00..27.25 rows=7 width=0)
         Filter: (client_id = 25560)
[0m
  [4;36;1mCACHE (0.0ms)[0m   [0;1mSELECT * FROM "roles" WHERE ("roles"."id" = 4) [0m
Rendered users/_user_info (24.6ms)
Rendered shared/_edit_delete_link (215.8ms)
  [4;35;1mSQL (2.5ms)[0m   [0mSELECT count(*) AS count_all FROM "listings" WHERE ("listings".user_id = 25559) [0m
  [4;36;1mAnalyzing  Execution Time: 0.002937

[0m   [0;1mAggregate  (cost=1615.81..1615.82 rows=1 width=0)
   ->  Index Scan using index_listings_on_id_and_user_id_and_title on listings  (cost=0.00..1615.79 rows=4 width=0)
         Index Cond: (user_id = 25559)
[0m
  [4;35;1mSQL (0.4ms)[0m   [0mSELECT count(*) AS count_all FROM "claimed_listings" WHERE ("claimed_listings".client_id = 25559) [0m
  [4;36;1mAnalyzing  Execution Time: 0.000733

[0m   [0;1mAggregate  (cost=27.27..27.28 rows=1 width=0)
   ->  Seq Scan on claimed_listings  (cost=0.00..27.25 rows=7 width=0)
         Filter: (client_id = 25559)
[0m
  [4;35;1mCACHE (0.0ms)[0m   [0mSELECT * FROM "roles" WHERE ("roles"."id" = 4) [0m
Rendered users/_user_info (21.4ms)
Rendered shared/_edit_delete_link (12.0ms)
  [4;36;1mSQL (2.3ms)[0m   [0;1mSELECT count(*) AS count_all FROM "listings" WHERE ("listings".user_id = 25558) [0m
  [4;35;1mAnalyzing  Execution Time: 0.00308

[0m   [0mAggregate  (cost=1615.81..1615.82 rows=1 width=0)
   ->  Index Scan using index_listings_on_id_and_user_id_and_title on listings  (cost=0.00..1615.79 rows=4 width=0)
         Index Cond: (user_id = 25558)
[0m
  [4;36;1mSQL (0.3ms)[0m   [0;1mSELECT count(*) AS count_all FROM "claimed_listings" WHERE ("claimed_listings".client_id = 25558) [0m
  [4;35;1mAnalyzing  Execution Time: 0.000606

[0m   [0mAggregate  (cost=27.27..27.28 rows=1 width=0)
   ->  Seq Scan on claimed_listings  (cost=0.00..27.25 rows=7 width=0)
         Filter: (client_id = 25558)
[0m
Rendered views/_paginate (25.1ms)
Rendered views/partials/_users (2758.2ms)
Rendered shared/_base_model_index (4292.7ms)
Rendered shared/_model_index (4754.8ms)
Completed in 5582ms (View: 5069, DB: 152) | 200 OK [https://localhost/clients]
** has_many_polymorphs: autoload hook invoked
** has_many_polymorphs: preloading parent model Block
** has_many_polymorphs: associating Block.models
  [4;36;1mSQL (0.2ms)[0m   [0;1mSET client_min_messages TO 'panic'[0m
  [4;35;1mSQL (0.1ms)[0m   [0mSET client_min_messages TO 'notice'[0m
** has_many_polymorphs: preloading parent model View
** has_many_polymorphs: associating View.models
  [4;36;1mSQL (3.6ms)[0m   [0;1mSET client_min_messages TO 'panic'[0m
  [4;35;1mSQL (3.1ms)[0m   [0mSET client_min_messages TO 'notice'[0m


Processing ClientsController#show (for 127.0.0.1 at 2011-04-26 18:25:30) [GET]
  Parameters: {"action"=>"show", "id"=>"25586", "controller"=>"clients"}
  [4;36;1mUser Load (2.1ms)[0m   [0;1mSELECT * FROM "users" WHERE ("users"."id" = E'1') LIMIT 1[0m
  [4;35;1mAnalyzing User Load Execution Time: 0.002906

[0m   [0mLimit  (cost=0.00..8.27 rows=1 width=574)
   ->  Index Scan using users_pkey on users  (cost=0.00..8.27 rows=1 width=574)
         Index Cond: (id = 1)
[0m
  [4;36;1mSQL (1.2ms)[0m   [0;1mBEGIN[0m
  [4;35;1mUser Update (1.0ms)[0m   [0mUPDATE "users" SET "updated_at" = '2011-04-26 22:25:30.976155', "perishable_token" = E'N28f0dOIJfEntI6n0', "last_request_at" = '2011-04-26 22:25:30.971833' WHERE "id" = 1[0m
  [4;36;1mSQL (0.7ms)[0m   [0;1mCOMMIT[0m
  [4;35;1mRole Load (1.2ms)[0m   [0mSELECT * FROM "roles" WHERE ("roles"."id" = 1) [0m
  [4;36;1mAnalyzing Role Load Execution Time: 0.001721

[0m   [0;1mIndex Scan using roles_pkey on roles  (cost=0.00..8.27 rows=1 width=536)
   Index Cond: (id = 1)
[0m
  [4;35;1mClient Load (6.4ms)[0m   [0mSELECT * FROM "users" WHERE ("users"."id" = 25586) AND ( ("users"."type" = 'Client' ) ) LIMIT 1[0m
  [4;36;1mAnalyzing Client Load Execution Time: 0.007179

[0m   [0;1mLimit  (cost=0.00..8.27 rows=1 width=574)
   ->  Index Scan using users_pkey on users  (cost=0.00..8.27 rows=1 width=574)
         Index Cond: (id = 25586)
         Filter: ((type)::text = 'Client'::text)
[0m
Rendering clients/show
  [4;35;1mUser Load (0.6ms)[0m   [0mSELECT * FROM "users" WHERE ("users"."id" = 25586) [0m
  [4;36;1mAnalyzing User Load Execution Time: 0.001312

[0m   [0;1mIndex Scan using users_pkey on users  (cost=0.00..8.27 rows=1 width=574)
   Index Cond: (id = 25586)
[0m
  [4;35;1mSQL (4.6ms)[0m   [0mSELECT count(*) AS count_all FROM "listings" WHERE ("listings".user_id = 25586 AND (enabled IS TRUE)) [0m
  [4;36;1mAnalyzing  Execution Time: 0.004923

[0m   [0;1mAggregate  (cost=1615.81..1615.82 rows=1 width=0)
   ->  Index Scan using index_listings_on_id_and_user_id_and_title on listings  (cost=0.00..1615.79 rows=4 width=0)
         Index Cond: (user_id = 25586)
         Filter: (enabled IS TRUE)
[0m
  [4;35;1mListing Load (263.9ms)[0m   [0mSELECT * FROM "listings" WHERE ("listings".user_id = 25586) [0m
  [4;36;1mAnalyzing Listing Load Execution Time: 0.264854

[0m   [0;1mIndex Scan using index_listings_on_id_and_user_id_and_title on listings  (cost=0.00..1615.79 rows=4 width=1172)
   Index Cond: (user_id = 25586)
[0m
  [4;35;1mFacilityInfo Load (1.3ms)[0m   [0mSELECT * FROM "facility_infos" WHERE ("facility_infos".listing_id = 113291) LIMIT 1[0m
  [4;36;1mAnalyzing FacilityInfo Load Execution Time: 0.001676

[0m   [0;1mLimit  (cost=0.00..10.00 rows=1 width=8362)
   ->  Seq Scan on facility_infos  (cost=0.00..10.00 rows=1 width=8362)
         Filter: (listing_id = 113291)
[0m
  [4;35;1mRole Load (0.6ms)[0m   [0mSELECT * FROM "roles" WHERE ("roles"."id" = 4) [0m
  [4;36;1mAnalyzing Role Load Execution Time: 0.001078

[0m   [0;1mIndex Scan using roles_pkey on roles  (cost=0.00..8.27 rows=1 width=536)
   Index Cond: (id = 4)
[0m
Rendered users/_user_info (80.3ms)
Rendered notes/_form (9.4ms)
  [4;35;1mNote Load (2.4ms)[0m   [0mSELECT * FROM "notes" WHERE ("notes".user_id = 25586) ORDER BY created_at DESC[0m
  [4;36;1mAnalyzing Note Load Execution Time: 0.003219

[0m   [0;1mSort  (cost=11.63..11.64 rows=1 width=576)
   Sort Key: created_at
   ->  Seq Scan on notes  (cost=0.00..11.62 rows=1 width=576)
         Filter: (user_id = 25586)
[0m
  [4;35;1mUser Load (0.8ms)[0m   [0mSELECT * FROM "users" WHERE ("users"."id" = 1) [0m
  [4;36;1mAnalyzing User Load Execution Time: 0.002004

[0m   [0;1mIndex Scan using users_pkey on users  (cost=0.00..8.27 rows=1 width=574)
   Index Cond: (id = 1)
[0m
Rendered notes/_note (8.2ms)
  [4;35;1mCACHE (0.0ms)[0m   [0mSELECT * FROM "users" WHERE ("users"."id" = 1) [0m
Rendered notes/_note (3.6ms)
  [4;36;1mCACHE (0.0ms)[0m   [0;1mSELECT * FROM "users" WHERE ("users"."id" = 1) [0m
Rendered notes/_note (2.9ms)
  [4;35;1mCACHE (0.0ms)[0m   [0mSELECT * FROM "users" WHERE ("users"."id" = 1) [0m
Rendered notes/_note (2.7ms)
Rendered notes/_client_notes (752.2ms)
  [4;36;1mSQL (0.7ms)[0m   [0;1mSELECT count(*) AS count_all FROM "claimed_listings" WHERE ("claimed_listings".client_id = 25586) [0m
  [4;35;1mAnalyzing  Execution Time: 0.005064

[0m   [0mAggregate  (cost=27.27..27.28 rows=1 width=0)
   ->  Seq Scan on claimed_listings  (cost=0.00..27.25 rows=7 width=0)
         Filter: (client_id = 25586)
[0m
  [4;36;1mClient Load (2.6ms)[0m   [0;1mSELECT * FROM "users" WHERE ("users"."id" = 25586) AND ( ("users"."type" = 'Client' ) ) [0m
  [4;35;1mAnalyzing Client Load Execution Time: 0.003346

[0m   [0mIndex Scan using users_pkey on users  (cost=0.00..8.27 rows=1 width=574)
   Index Cond: (id = 25586)
   Filter: ((type)::text = 'Client'::text)
[0m
  [4;36;1mSQL (2.5ms)[0m   [0;1mSELECT count(*) AS count_all FROM "business_hours" WHERE ("business_hours".listing_id = 113291) [0m
  [4;35;1mAnalyzing  Execution Time: 0.00291

[0m   [0mAggregate  (cost=99.56..99.57 rows=1 width=0)
   ->  Seq Scan on business_hours  (cost=0.00..99.53 rows=13 width=0)
         Filter: (listing_id = 113291)
[0m
  [4;36;1mSQL (1.8ms)[0m   [0;1mSELECT count(*) AS count_all FROM "facility_features" INNER JOIN "listing_features" ON "facility_features".id = "listing_features".facility_feature_id WHERE (("listing_features".listing_id = 113291)) [0m
  [4;35;1mAnalyzing  Execution Time: 0.002151

[0m   [0mAggregate  (cost=51.87..51.88 rows=1 width=0)
   ->  Hash Join  (cost=12.93..51.85 rows=8 width=0)
         Hash Cond: (listing_features.facility_feature_id = facility_features.id)
         ->  Seq Scan on listing_features  (cost=0.00..38.81 rows=8 width=4)
               Filter: (listing_id = 113291)
         ->  Hash  (cost=11.30..11.30 rows=130 width=4)
               ->  Seq Scan on facility_features  (cost=0.00..11.30 rows=130 width=4)
[0m
  [4;36;1mCACHE (0.0ms)[0m   [0;1mSELECT count(*) AS count_all FROM "facility_features" INNER JOIN "listing_features" ON "facility_features".id = "listing_features".facility_feature_id WHERE (("listing_features".listing_id = 113291)) [0m
  [4;35;1mSQL (0.9ms)[0m   [0mSELECT count(*) AS count_all FROM "sizes" WHERE ("sizes".listing_id = 113291) [0m
  [4;36;1mAnalyzing  Execution Time: 0.001786

[0m   [0;1mAggregate  (cost=18.55..18.56 rows=1 width=0)
   ->  Bitmap Heap Scan on sizes  (cost=4.30..18.53 rows=7 width=0)
         Recheck Cond: (listing_id = 113291)
         ->  Bitmap Index Scan on index_sizes_on_listing_id_and_price  (cost=0.00..4.30 rows=7 width=0)
               Index Cond: (listing_id = 113291)
[0m
  [4;35;1mSQL (1.0ms)[0m   [0mSELECT count(*) AS count_all FROM "pictures" WHERE ("pictures".listing_id = 113291) [0m
  [4;36;1mAnalyzing  Execution Time: 0.001502

[0m   [0;1mAggregate  (cost=15.58..15.59 rows=1 width=0)
   ->  Seq Scan on pictures  (cost=0.00..15.57 rows=3 width=0)
         Filter: (listing_id = 113291)
[0m
  [4;35;1mSQL (1.2ms)[0m   [0mSELECT count(*) AS count_all FROM "comments" WHERE ("comments".commentable_id = 113291 AND "comments".commentable_type = E'Listing') [0m
  [4;36;1mAnalyzing  Execution Time: 0.001678

[0m   [0;1mAggregate  (cost=10.91..10.92 rows=1 width=0)
   ->  Seq Scan on comments  (cost=0.00..10.90 rows=1 width=0)
         Filter: ((commentable_id = 113291) AND ((commentable_type)::text = 'Listing'::text))
[0m
  [4;35;1mPredefinedSpecial Load (1.2ms)[0m   [0mSELECT "predefined_specials".* FROM "predefined_specials" INNER JOIN "predef_special_assigns" ON "predefined_specials".id = "predef_special_assigns".predefined_special_id WHERE (("predef_special_assigns".listing_id = 113291)) [0m
  [4;36;1mAnalyzing PredefinedSpecial Load Execution Time: 0.00161

[0m   [0;1mNested Loop  (cost=0.00..10.27 rows=1 width=1092)
   ->  Seq Scan on predef_special_assigns  (cost=0.00..1.99 rows=1 width=4)
         Filter: (listing_id = 113291)
   ->  Index Scan using predefined_specials_pkey on predefined_specials  (cost=0.00..8.27 rows=1 width=1092)
         Index Cond: (predefined_specials.id = predef_special_assigns.predefined_special_id)
[0m
Rendered listings/_listing (518.2ms)
  [4;35;1mMailingAddress Load (1.1ms)[0m   [0mSELECT * FROM "mailing_addresses" WHERE ("mailing_addresses".user_id = 25586) LIMIT 1[0m
  [4;36;1mAnalyzing MailingAddress Load Execution Time: 0.00161

[0m   [0;1mLimit  (cost=0.00..8.27 rows=1 width=106)
   ->  Index Scan using index_mailing_addresses_on_client_id_and_city_and_state on mailing_addresses  (cost=0.00..8.27 rows=1 width=106)
         Index Cond: (user_id = 25586)
[0m
Rendered clients/_owner_info (45.4ms)
  [4;35;1mUserHintPlacement Load (1.3ms)[0m   [0mSELECT * FROM "user_hint_placements" WHERE ("user_hint_placements".user_id = 25586) [0m
  [4;36;1mAnalyzing UserHintPlacement Load Execution Time: 0.003258

[0m   [0;1mIndex Scan using index_user_hint_placements_on_user_id on user_hint_placements  (cost=0.00..8.39 rows=8 width=33)
   Index Cond: (user_id = 25586)
[0m
  [4;35;1mAccountSetting Load (1.0ms)[0m   [0mSELECT * FROM "account_settings" WHERE ("account_settings".client_id = 25586) LIMIT 1[0m
  [4;36;1mAnalyzing AccountSetting Load Execution Time: 0.002213

[0m   [0;1mLimit  (cost=0.00..1.65 rows=1 width=80)
   ->  Seq Scan on account_settings  (cost=0.00..1.65 rows=1 width=80)
         Filter: (client_id = 25586)
[0m
Rendered clients/_settings (337.9ms)
  [4;35;1mSQL (7.0ms)[0m   [0mSELECT count(*) AS count_all FROM "user_stats" WHERE ("user_stats".user_id = 25586) [0m
  [4;36;1mAnalyzing  Execution Time: 0.007368

[0m   [0;1mAggregate  (cost=678.85..678.86 rows=1 width=0)
   ->  Seq Scan on user_stats  (cost=0.00..678.81 rows=14 width=0)
         Filter: (user_id = 25586)
[0m
  [4;35;1mUserStat Load (0.8ms)[0m   [0mSELECT * FROM "user_stats" WHERE ("user_stats".user_id = 25586) ORDER BY user_stats.id DESC LIMIT 1[0m
  [4;36;1mAnalyzing UserStat Load Execution Time: 0.001208

[0m   [0;1mLimit  (cost=0.00..64.69 rows=1 width=1370)
   ->  Index Scan Backward using user_stats_pkey on user_stats  (cost=0.00..905.65 rows=14 width=1370)
         Filter: (user_id = 25586)
[0m
Rendered user_stats/_user_stat (11.4ms)
Completed in 5046ms (View: 4170, DB: 346) | 200 OK [https://localhost/clients/25586]
** has_many_polymorphs: autoload hook invoked
** has_many_polymorphs: preloading parent model Block
** has_many_polymorphs: associating Block.models
  [4;35;1mSQL (0.2ms)[0m   [0mSET client_min_messages TO 'panic'[0m
  [4;36;1mSQL (0.1ms)[0m   [0;1mSET client_min_messages TO 'notice'[0m
** has_many_polymorphs: preloading parent model View
** has_many_polymorphs: associating View.models
  [4;35;1mSQL (0.2ms)[0m   [0mSET client_min_messages TO 'panic'[0m
  [4;36;1mSQL (0.1ms)[0m   [0;1mSET client_min_messages TO 'notice'[0m


Processing ClientsController#create_note (for 127.0.0.1 at 2011-04-26 18:25:45) [POST]
  Parameters: {"action"=>"create_note", "authenticity_token"=>"dX3RjIMB5BpQweTBexUE9J4Vs3U8uecIJoR6lE05MKY=", "id"=>"25586", "note"=>{"content"=>"Holy moly guacamole!"}, "controller"=>"clients"}
  [4;35;1mUser Load (1.9ms)[0m   [0mSELECT * FROM "users" WHERE ("users"."id" = E'1') LIMIT 1[0m
  [4;36;1mAnalyzing User Load Execution Time: 0.002687

[0m   [0;1mLimit  (cost=0.00..8.27 rows=1 width=574)
   ->  Index Scan using users_pkey on users  (cost=0.00..8.27 rows=1 width=574)
         Index Cond: (id = 1)
[0m
  [4;35;1mSQL (0.3ms)[0m   [0mBEGIN[0m
  [4;36;1mUser Update (0.9ms)[0m   [0;1mUPDATE "users" SET "updated_at" = '2011-04-26 22:25:46.075256', "perishable_token" = E'PkBVJU90ZHowLyXeRGge', "last_request_at" = '2011-04-26 22:25:46.072681' WHERE "id" = 1[0m
  [4;35;1mSQL (0.7ms)[0m   [0mCOMMIT[0m
  [4;36;1mRole Load (4.6ms)[0m   [0;1mSELECT * FROM "roles" WHERE ("roles"."id" = 1) [0m
  [4;35;1mAnalyzing Role Load Execution Time: 0.005435

[0m   [0mIndex Scan using roles_pkey on roles  (cost=0.00..8.27 rows=1 width=536)
   Index Cond: (id = 1)
[0m
  [4;36;1mClient Load (1.2ms)[0m   [0;1mSELECT * FROM "users" WHERE ("users"."id" = 25586) AND ( ("users"."type" = 'Client' ) ) [0m
  [4;35;1mAnalyzing Client Load Execution Time: 0.001938

[0m   [0mIndex Scan using users_pkey on users  (cost=0.00..8.27 rows=1 width=574)
   Index Cond: (id = 25586)
   Filter: ((type)::text = 'Client'::text)
[0m
  [4;36;1mSQL (0.2ms)[0m   [0;1mBEGIN[0m
  [4;35;1mSQL (0.9ms)[0m   [0mINSERT INTO "notes" ("created_at", "updated_at", "created_by", "user_id", "content", "status") VALUES('2011-04-26 22:25:46.189702', '2011-04-26 22:25:46.189702', 1, 25586, E'Holy moly guacamole!', NULL) RETURNING "id"[0m
  [4;36;1mSQL (0.5ms)[0m   [0;1mCOMMIT[0m
  [4;35;1mClient Load (7.4ms)[0m   [0mSELECT * FROM "users" WHERE ("users"."id" = 25586) AND ( ("users"."type" = 'Client' ) ) [0m
  [4;36;1mAnalyzing Client Load Execution Time: 0.008145

[0m   [0;1mIndex Scan using users_pkey on users  (cost=0.00..8.27 rows=1 width=574)
   Index Cond: (id = 25586)
   Filter: ((type)::text = 'Client'::text)
[0m
  [4;35;1mClient Load (8.9ms)[0m   [0mSELECT * FROM "users" WHERE ( ("users"."type" = 'Client' ) ) [0m
  [4;36;1mAnalyzing Client Load Execution Time: 0.476282

[0m   [0;1mSeq Scan on users  (cost=0.00..26.70 rows=288 width=574)
   Filter: ((type)::text = 'Client'::text)
[0m
Rendering clients/edit
  [4;35;1mSQL (5.8ms)[0m   [0mSELECT count(*) AS count_all FROM "listings" WHERE ("listings".user_id = 25586 AND (enabled IS TRUE)) [0m
  [4;36;1mAnalyzing  Execution Time: 0.00626

[0m   [0;1mAggregate  (cost=1615.81..1615.82 rows=1 width=0)
   ->  Index Scan using index_listings_on_id_and_user_id_and_title on listings  (cost=0.00..1615.79 rows=4 width=0)
         Index Cond: (user_id = 25586)
         Filter: (enabled IS TRUE)
[0m
  [4;35;1mListing Load (2.7ms)[0m   [0mSELECT * FROM "listings" WHERE ("listings".user_id = 25586) [0m
  [4;36;1mAnalyzing Listing Load Execution Time: 0.003888

[0m   [0;1mIndex Scan using index_listings_on_id_and_user_id_and_title on listings  (cost=0.00..1615.79 rows=4 width=1172)
   Index Cond: (user_id = 25586)
[0m
  [4;35;1mFacilityInfo Load (1.6ms)[0m   [0mSELECT * FROM "facility_infos" WHERE ("facility_infos".listing_id = 113291) LIMIT 1[0m
  [4;36;1mAnalyzing FacilityInfo Load Execution Time: 0.002045

[0m   [0;1mLimit  (cost=0.00..10.00 rows=1 width=8362)
   ->  Seq Scan on facility_infos  (cost=0.00..10.00 rows=1 width=8362)
         Filter: (listing_id = 113291)
[0m

ActionView::TemplateError (You have a nil object when you didn't expect it!
You might have expected an instance of Array.
The error occurred while evaluating nil.empty?) on line #52 of app/views/clients/edit.html.erb:
49: 	        </div>
50:        
51: 	        <div id="client_listing_box">
52: 	          <% unless @listings.empty? %>
53: 	            <div id="rslt-list-bg">
54: 	              <%= render :partial => 'listings/listing', :collection => @listings, :locals => { :owned => true, :claimed => false } %>
55: 	              <%= will_paginate @listings %>

    app/views/clients/edit.html.erb:52
    app/controllers/clients_controller.rb:175:in `create_note'
    app/controllers/clients_controller.rb:161:in `create_note'
    /usr/local/lib/ruby/1.8/webrick/httpserver.rb:104:in `service'
    /usr/local/lib/ruby/1.8/webrick/httpserver.rb:65:in `run'
    /usr/local/lib/ruby/1.8/webrick/server.rb:173:in `start_thread'
    /usr/local/lib/ruby/1.8/webrick/server.rb:162:in `start'
    /usr/local/lib/ruby/1.8/webrick/server.rb:162:in `start_thread'
    /usr/local/lib/ruby/1.8/webrick/server.rb:95:in `start'
    /usr/local/lib/ruby/1.8/webrick/server.rb:92:in `each'
    /usr/local/lib/ruby/1.8/webrick/server.rb:92:in `start'
    /usr/local/lib/ruby/1.8/webrick/server.rb:23:in `start'
    /usr/local/lib/ruby/1.8/webrick/server.rb:82:in `start'
    script/ssl_server:129

Rendered rescues/_trace (372.4ms)
Rendered rescues/_request_and_response (3.1ms)
Rendering rescues/layout (internal_server_error)
** has_many_polymorphs: autoload hook invoked
** has_many_polymorphs: preloading parent model Block
** has_many_polymorphs: associating Block.models
  [4;35;1mSQL (0.1ms)[0m   [0mSET client_min_messages TO 'panic'[0m
  [4;36;1mSQL (0.1ms)[0m   [0;1mSET client_min_messages TO 'notice'[0m
** has_many_polymorphs: preloading parent model View
** has_many_polymorphs: associating View.models
  [4;35;1mSQL (0.2ms)[0m   [0mSET client_min_messages TO 'panic'[0m
  [4;36;1mSQL (0.4ms)[0m   [0;1mSET client_min_messages TO 'notice'[0m


Processing AdminController#index (for 127.0.0.1 at 2011-04-26 18:27:35) [GET]
  Parameters: {"action"=>"index", "controller"=>"admin"}
  [4;35;1mUser Load (1.7ms)[0m   [0mSELECT * FROM "users" WHERE ("users"."id" = E'1') LIMIT 1[0m
  [4;36;1mAnalyzing User Load Execution Time: 0.002522

[0m   [0;1mLimit  (cost=0.00..8.27 rows=1 width=574)
   ->  Index Scan using users_pkey on users  (cost=0.00..8.27 rows=1 width=574)
         Index Cond: (id = 1)
[0m
  [4;35;1mSQL (0.9ms)[0m   [0mBEGIN[0m
  [4;36;1mUser Update (1.2ms)[0m   [0;1mUPDATE "users" SET "updated_at" = '2011-04-26 22:27:35.452112', "perishable_token" = E'7UqYUWWuwAEwVruSDSxK', "last_request_at" = '2011-04-26 22:27:35.447680' WHERE "id" = 1[0m
  [4;35;1mSQL (4.6ms)[0m   [0mCOMMIT[0m
  [4;36;1mRole Load (0.7ms)[0m   [0;1mSELECT * FROM "roles" WHERE ("roles"."id" = 1) [0m
  [4;35;1mAnalyzing Role Load Execution Time: 0.001075

[0m   [0mIndex Scan using roles_pkey on roles  (cost=0.00..8.27 rows=1 width=536)
   Index Cond: (id = 1)
[0m
Rendering template within layouts/storagelocator
Rendering admin/index
  [4;36;1mBlock Load (2.2ms)[0m   [0;1mSELECT * FROM "blocks" WHERE ("blocks"."show_in_all" = E'header') [0m
  [4;35;1mAnalyzing Block Load Execution Time: 0.00254

[0m   [0mSeq Scan on blocks  (cost=0.00..10.25 rows=1 width=3188)
   Filter: ((show_in_all)::text = 'header'::text)
[0m
  [4;36;1mBlock Load (0.5ms)[0m   [0;1mSELECT * FROM "blocks" WHERE ("blocks"."restful_region" = E'header') [0m
  [4;35;1mAnalyzing Block Load Execution Time: 0.000844

[0m   [0mSeq Scan on blocks  (cost=0.00..10.25 rows=1 width=3188)
   Filter: ((restful_region)::text = 'header'::text)
[0m
  [4;36;1mBlock Load (0.5ms)[0m   [0;1mSELECT * FROM "blocks" WHERE ("blocks"."show_in_all" = E'content_bottom') [0m
  [4;35;1mAnalyzing Block Load Execution Time: 0.000781

[0m   [0mSeq Scan on blocks  (cost=0.00..10.25 rows=1 width=3188)
   Filter: ((show_in_all)::text = 'content_bottom'::text)
[0m
  [4;36;1mBlock Load (0.6ms)[0m   [0;1mSELECT * FROM "blocks" WHERE ("blocks"."restful_region" = E'content_bottom') [0m
  [4;35;1mAnalyzing Block Load Execution Time: 0.002468

[0m   [0mSeq Scan on blocks  (cost=0.00..10.25 rows=1 width=3188)
   Filter: ((restful_region)::text = 'content_bottom'::text)
[0m
  [4;36;1mBlock Load (0.5ms)[0m   [0;1mSELECT * FROM "blocks" WHERE ("blocks"."show_in_all" = E'column_5') [0m
  [4;35;1mAnalyzing Block Load Execution Time: 0.000864

[0m   [0mSeq Scan on blocks  (cost=0.00..10.25 rows=1 width=3188)
   Filter: ((show_in_all)::text = 'column_5'::text)
[0m
  [4;36;1mBlock Load (0.5ms)[0m   [0;1mSELECT * FROM "blocks" WHERE ("blocks"."restful_region" = E'column_5') [0m
  [4;35;1mAnalyzing Block Load Execution Time: 0.00105

[0m   [0mSeq Scan on blocks  (cost=0.00..10.25 rows=1 width=3188)
   Filter: ((restful_region)::text = 'column_5'::text)
[0m
  [4;36;1mBlock Load (1.2ms)[0m   [0;1mSELECT * FROM "blocks" WHERE ("blocks"."show_in_all" = E'more_info') [0m
  [4;35;1mAnalyzing Block Load Execution Time: 0.0018

[0m   [0mSeq Scan on blocks  (cost=0.00..10.25 rows=1 width=3188)
   Filter: ((show_in_all)::text = 'more_info'::text)
[0m
  [4;36;1mBlock Load (1.1ms)[0m   [0;1mSELECT * FROM "blocks" WHERE ("blocks"."restful_region" = E'more_info') [0m
  [4;35;1mAnalyzing Block Load Execution Time: 0.001648

[0m   [0mSeq Scan on blocks  (cost=0.00..10.25 rows=1 width=3188)
   Filter: ((restful_region)::text = 'more_info'::text)
[0m
  [4;36;1mBlocksModel Load (5.3ms)[0m   [0;1mSELECT 'Block' AS polymorphic_parent_class, 'models' AS polymorphic_association_id, blocks_models.block_id AS t0_r3, blocks_models.created_at AS t0_r4, blocks_models.enabled AS t0_r7, blocks_models.id AS t0_r0, blocks_models.model_id AS t0_r1, blocks_models.model_type AS t0_r2, blocks_models.place AS t0_r6, blocks_models.position AS t0_r9, blocks_models.show_title AS t0_r8, blocks_models.updated_at AS t0_r5, links.created_at AS t1_r4, links.group_id AS t1_r6, links.id AS t1_r0, links.path AS t1_r2, links.relative AS t1_r3, links.resource AS t1_r7, links.target_id AS t1_r8, links.title AS t1_r1, links.updated_at AS t1_r5, pages.content AS t2_r7, pages.created_at AS t2_r4, pages.description AS t2_r8, pages.id AS t2_r0, pages.meta_desc AS t2_r13, pages.parent_id AS t2_r2, pages.position AS t2_r10, pages.process_erb AS t2_r11, pages.show_in_nav AS t2_r6, pages.show_title AS t2_r9, pages.title AS t2_r1, pages.updated_at AS t2_r5, pages.url AS t2_r3, pages.use_placeholders AS t2_r12, posts.comments_count AS t3_r7, posts.comments_enabled AS t3_r8, posts.content AS t3_r2, posts.created_at AS t3_r5, posts.id AS t3_r0, posts.impressions_count AS t3_r10, posts.position AS t3_r9, posts.published AS t3_r4, posts.rating_average AS t3_r11, posts.title AS t3_r1, posts.type AS t3_r12, posts.updated_at AS t3_r6, posts.user_id AS t3_r3 FROM "blocks_models" JOIN "blocks" AS polymorphic_parent ON "blocks_models".block_id = polymorphic_parent.id LEFT JOIN "pages" ON "blocks_models".model_id = "pages".id AND "blocks_models".model_type = E'Page' LEFT JOIN "posts" ON "blocks_models".model_id = "posts".id AND "blocks_models".model_type = E'Post' LEFT JOIN "links" ON "blocks_models".model_id = "links".id AND "blocks_models".model_type = E'Link' WHERE (("blocks_models".block_id = 51)) [0m
  [4;35;1mAnalyzing BlocksModel Load Execution Time: 0.005843

[0m   [0mHash Left Join  (cost=32.98..61.21 rows=8 width=3443)
   Hash Cond: (blocks_models.model_id = links.id)
   Join Filter: ((blocks_models.model_type)::text = 'Link'::text)
   ->  Nested Loop  (cost=21.86..49.96 rows=8 width=1866)
         ->  Index Scan using index_blocks_on_id_and_title_and_show_in_all_and_restful_region on blocks polymorphic_parent  (cost=0.00..8.27 rows=1 width=4)
               Index Cond: (id = 51)
         ->  Hash Left Join  (cost=21.86..41.61 rows=8 width=1866)
               Hash Cond: (blocks_models.model_id = pages.id)
               Join Filter: ((blocks_models.model_type)::text = 'Page'::text)
               ->  Hash Left Join  (cost=10.51..30.13 rows=8 width=706)
                     Hash Cond: (blocks_models.model_id = posts.id)
                     Join Filter: ((blocks_models.model_type)::text = 'Post'::text)
                     ->  Bitmap Heap Scan on blocks_models  (cost=4.31..23.81 rows=8 width=41)
                           Recheck Cond: (block_id = 51)
                           ->  Bitmap Index Scan on index_blocks_models_on_block_id_and_model_id_and_model_type  (cost=0.00..4.31 rows=8 width=0)
                                 Index Cond: (block_id = 51)
                     ->  Hash  (cost=5.53..5.53 rows=53 width=665)
                           ->  Seq Scan on posts  (cost=0.00..5.53 rows=53 width=665)
               ->  Hash  (cost=10.60..10.60 rows=60 width=1160)
                     ->  Seq Scan on pages  (cost=0.00..10.60 rows=60 width=1160)
   ->  Hash  (cost=10.50..10.50 rows=50 width=1577)
         ->  Seq Scan on links  (cost=0.00..10.50 rows=50 width=1577)
[0m
Rendered shared/_model_options (4.3ms)
  [4;36;1mSQL (1.5ms)[0m   [0;1mSELECT count(*) AS count_all FROM "views" INNER JOIN "models_views" ON "views".id = "models_views".view_id WHERE (("models_views".model_type = E'Block') AND ("models_views".model_id = 51)) [0m
  [4;35;1mAnalyzing  Execution Time: 0.002163

[0m   [0mAggregate  (cost=16.56..16.57 rows=1 width=0)
   ->  Nested Loop  (cost=0.00..16.55 rows=1 width=0)
         ->  Index Scan using index_models_views_on_model_id_and_view_id_and_model_type on models_views  (cost=0.00..8.27 rows=1 width=4)
               Index Cond: ((model_id = 51) AND ((model_type)::text = 'Block'::text))
         ->  Index Scan using views_pkey on views  (cost=0.00..8.27 rows=1 width=4)
               Index Cond: (views.id = models_views.view_id)
[0m
  [4;36;1mSQL (2.8ms)[0m   [0;1mSELECT count(*) AS count_all FROM "forms" INNER JOIN "block_forms" ON "forms".id = "block_forms".form_id WHERE (("block_forms".block_id = 51)) [0m
  [4;35;1mAnalyzing  Execution Time: 0.003278

[0m   [0mAggregate  (cost=24.33..24.34 rows=1 width=0)
   ->  Hash Join  (cost=13.84..24.31 rows=6 width=0)
         Hash Cond: (forms.id = block_forms.form_id)
         ->  Seq Scan on forms  (cost=0.00..10.30 rows=30 width=4)
         ->  Hash  (cost=13.76..13.76 rows=6 width=4)
               ->  Bitmap Heap Scan on block_forms  (cost=4.30..13.76 rows=6 width=4)
                     Recheck Cond: (block_id = 51)
                     ->  Bitmap Index Scan on index_block_forms_on_block_id_and_form_id  (cost=0.00..4.30 rows=6 width=0)
                           Index Cond: (block_id = 51)
[0m
Rendered blocks/_block (74.6ms)
  [4;36;1mBlock Load (2.0ms)[0m   [0;1mSELECT * FROM "blocks" WHERE ("blocks"."show_in_all" = E'footer') [0m
  [4;35;1mAnalyzing Block Load Execution Time: 0.002374

[0m   [0mSeq Scan on blocks  (cost=0.00..10.25 rows=1 width=3188)
   Filter: ((show_in_all)::text = 'footer'::text)
[0m
  [4;36;1mBlock Load (0.5ms)[0m   [0;1mSELECT * FROM "blocks" WHERE ("blocks"."restful_region" = E'footer') [0m
  [4;35;1mAnalyzing Block Load Execution Time: 0.001204

[0m   [0mSeq Scan on blocks  (cost=0.00..10.25 rows=1 width=3188)
   Filter: ((restful_region)::text = 'footer'::text)
[0m
  [4;36;1mBlocksModel Load (5.8ms)[0m   [0;1mSELECT 'Block' AS polymorphic_parent_class, 'models' AS polymorphic_association_id, blocks_models.block_id AS t0_r3, blocks_models.created_at AS t0_r4, blocks_models.enabled AS t0_r7, blocks_models.id AS t0_r0, blocks_models.model_id AS t0_r1, blocks_models.model_type AS t0_r2, blocks_models.place AS t0_r6, blocks_models.position AS t0_r9, blocks_models.show_title AS t0_r8, blocks_models.updated_at AS t0_r5, links.created_at AS t1_r4, links.group_id AS t1_r6, links.id AS t1_r0, links.path AS t1_r2, links.relative AS t1_r3, links.resource AS t1_r7, links.target_id AS t1_r8, links.title AS t1_r1, links.updated_at AS t1_r5, pages.content AS t2_r7, pages.created_at AS t2_r4, pages.description AS t2_r8, pages.id AS t2_r0, pages.meta_desc AS t2_r13, pages.parent_id AS t2_r2, pages.position AS t2_r10, pages.process_erb AS t2_r11, pages.show_in_nav AS t2_r6, pages.show_title AS t2_r9, pages.title AS t2_r1, pages.updated_at AS t2_r5, pages.url AS t2_r3, pages.use_placeholders AS t2_r12, posts.comments_count AS t3_r7, posts.comments_enabled AS t3_r8, posts.content AS t3_r2, posts.created_at AS t3_r5, posts.id AS t3_r0, posts.impressions_count AS t3_r10, posts.position AS t3_r9, posts.published AS t3_r4, posts.rating_average AS t3_r11, posts.title AS t3_r1, posts.type AS t3_r12, posts.updated_at AS t3_r6, posts.user_id AS t3_r3 FROM "blocks_models" JOIN "blocks" AS polymorphic_parent ON "blocks_models".block_id = polymorphic_parent.id LEFT JOIN "pages" ON "blocks_models".model_id = "pages".id AND "blocks_models".model_type = E'Page' LEFT JOIN "posts" ON "blocks_models".model_id = "posts".id AND "blocks_models".model_type = E'Post' LEFT JOIN "links" ON "blocks_models".model_id = "links".id AND "blocks_models".model_type = E'Link' WHERE (("blocks_models".block_id = 49)) [0m
  [4;35;1mAnalyzing BlocksModel Load Execution Time: 0.006264

[0m   [0mHash Left Join  (cost=32.98..61.21 rows=8 width=3443)
   Hash Cond: (blocks_models.model_id = links.id)
   Join Filter: ((blocks_models.model_type)::text = 'Link'::text)
   ->  Nested Loop  (cost=21.86..49.96 rows=8 width=1866)
         ->  Index Scan using index_blocks_on_id_and_title_and_show_in_all_and_restful_region on blocks polymorphic_parent  (cost=0.00..8.27 rows=1 width=4)
               Index Cond: (id = 49)
         ->  Hash Left Join  (cost=21.86..41.61 rows=8 width=1866)
               Hash Cond: (blocks_models.model_id = pages.id)
               Join Filter: ((blocks_models.model_type)::text = 'Page'::text)
               ->  Hash Left Join  (cost=10.51..30.13 rows=8 width=706)
                     Hash Cond: (blocks_models.model_id = posts.id)
                     Join Filter: ((blocks_models.model_type)::text = 'Post'::text)
                     ->  Bitmap Heap Scan on blocks_models  (cost=4.31..23.81 rows=8 width=41)
                           Recheck Cond: (block_id = 49)
                           ->  Bitmap Index Scan on index_blocks_models_on_block_id_and_model_id_and_model_type  (cost=0.00..4.31 rows=8 width=0)
                                 Index Cond: (block_id = 49)
                     ->  Hash  (cost=5.53..5.53 rows=53 width=665)
                           ->  Seq Scan on posts  (cost=0.00..5.53 rows=53 width=665)
               ->  Hash  (cost=10.60..10.60 rows=60 width=1160)
                     ->  Seq Scan on pages  (cost=0.00..10.60 rows=60 width=1160)
   ->  Hash  (cost=10.50..10.50 rows=50 width=1577)
         ->  Seq Scan on links  (cost=0.00..10.50 rows=50 width=1577)
[0m
Rendered shared/_model_options (8.2ms)
Rendered pages/_footer_bottom (0.4ms)
  [4;36;1mSQL (0.8ms)[0m   [0;1mSELECT count(*) AS count_all FROM "views" INNER JOIN "models_views" ON "views".id = "models_views".view_id WHERE (("models_views".model_type = E'Block') AND ("models_views".model_id = 49)) [0m
  [4;35;1mAnalyzing  Execution Time: 0.001157

[0m   [0mAggregate  (cost=16.56..16.57 rows=1 width=0)
   ->  Nested Loop  (cost=0.00..16.55 rows=1 width=0)
         ->  Index Scan using index_models_views_on_model_id_and_view_id_and_model_type on models_views  (cost=0.00..8.27 rows=1 width=4)
               Index Cond: ((model_id = 49) AND ((model_type)::text = 'Block'::text))
         ->  Index Scan using views_pkey on views  (cost=0.00..8.27 rows=1 width=4)
               Index Cond: (views.id = models_views.view_id)
[0m
  [4;36;1mSQL (1.1ms)[0m   [0;1mSELECT count(*) AS count_all FROM "forms" INNER JOIN "block_forms" ON "forms".id = "block_forms".form_id WHERE (("block_forms".block_id = 49)) [0m
  [4;35;1mAnalyzing  Execution Time: 0.001563

[0m   [0mAggregate  (cost=24.33..24.34 rows=1 width=0)
   ->  Hash Join  (cost=13.84..24.31 rows=6 width=0)
         Hash Cond: (forms.id = block_forms.form_id)
         ->  Seq Scan on forms  (cost=0.00..10.30 rows=30 width=4)
         ->  Hash  (cost=13.76..13.76 rows=6 width=4)
               ->  Bitmap Heap Scan on block_forms  (cost=4.30..13.76 rows=6 width=4)
                     Recheck Cond: (block_id = 49)
                     ->  Bitmap Index Scan on index_block_forms_on_block_id_and_form_id  (cost=0.00..4.30 rows=6 width=0)
                           Index Cond: (block_id = 49)
[0m
Rendered blocks/_block (49.2ms)
  [4;36;1mBlock Load (0.8ms)[0m   [0;1mSELECT * FROM "blocks" WHERE ("blocks"."show_in_all" = E'head_bar') [0m
  [4;35;1mAnalyzing Block Load Execution Time: 0.001099

[0m   [0mSeq Scan on blocks  (cost=0.00..10.25 rows=1 width=3188)
   Filter: ((show_in_all)::text = 'head_bar'::text)
[0m
  [4;36;1mBlock Load (0.5ms)[0m   [0;1mSELECT * FROM "blocks" WHERE ("blocks"."restful_region" = E'head_bar') [0m
  [4;35;1mAnalyzing Block Load Execution Time: 0.00239

[0m   [0mSeq Scan on blocks  (cost=0.00..10.25 rows=1 width=3188)
   Filter: ((restful_region)::text = 'head_bar'::text)
[0m
Rendered menus/_topnav (9.5ms)
  [4;36;1mPage Load (0.6ms)[0m   [0;1mSELECT * FROM "pages" WHERE ("pages"."title" = E'Self Storage') LIMIT 1[0m
  [4;35;1mAnalyzing Page Load Execution Time: 0.001176

[0m   [0mLimit  (cost=0.00..10.75 rows=1 width=1160)
   ->  Seq Scan on pages  (cost=0.00..10.75 rows=1 width=1160)
         Filter: ((title)::text = 'Self Storage'::text)
[0m
Rendered pages/_home (15.3ms)
Rendered user_sessions/_form (9.3ms)
Completed in 674ms (View: 481, DB: 75) | 200 OK [https://localhost/admin]
** has_many_polymorphs: autoload hook invoked
** has_many_polymorphs: preloading parent model Block
** has_many_polymorphs: associating Block.models
  [4;36;1mSQL (2.9ms)[0m   [0;1mSET client_min_messages TO 'panic'[0m
  [4;35;1mSQL (0.2ms)[0m   [0mSET client_min_messages TO 'notice'[0m
** has_many_polymorphs: preloading parent model View
** has_many_polymorphs: associating View.models
  [4;36;1mSQL (0.2ms)[0m   [0;1mSET client_min_messages TO 'panic'[0m
  [4;35;1mSQL (0.1ms)[0m   [0mSET client_min_messages TO 'notice'[0m


Processing ClientsController#index (for 127.0.0.1 at 2011-04-26 18:27:42) [GET]
  Parameters: {"action"=>"index", "controller"=>"clients"}
  [4;36;1mUser Load (2.5ms)[0m   [0;1mSELECT * FROM "users" WHERE ("users"."id" = E'1') LIMIT 1[0m
  [4;35;1mAnalyzing User Load Execution Time: 0.003305

[0m   [0mLimit  (cost=0.00..8.27 rows=1 width=574)
   ->  Index Scan using users_pkey on users  (cost=0.00..8.27 rows=1 width=574)
         Index Cond: (id = 1)
[0m
  [4;36;1mSQL (0.2ms)[0m   [0;1mBEGIN[0m
  [4;35;1mUser Update (1.0ms)[0m   [0mUPDATE "users" SET "updated_at" = '2011-04-26 22:27:42.408488', "perishable_token" = E'ViOXvpKMxf05WaEAkdaN', "last_request_at" = '2011-04-26 22:27:42.405089' WHERE "id" = 1[0m
  [4;36;1mSQL (0.8ms)[0m   [0;1mCOMMIT[0m
  [4;35;1mRole Load (0.6ms)[0m   [0mSELECT * FROM "roles" WHERE ("roles"."id" = 1) [0m
  [4;36;1mAnalyzing Role Load Execution Time: 0.001008

[0m   [0;1mIndex Scan using roles_pkey on roles  (cost=0.00..8.27 rows=1 width=536)
   Index Cond: (id = 1)
[0m
  [4;35;1mClient Load (2.8ms)[0m   [0mSELECT * FROM "users" WHERE ("users"."status" = E'active') AND ( ("users"."type" = 'Client' ) ) ORDER BY created_at DESC LIMIT 20 OFFSET 0[0m
  [4;36;1mAnalyzing Client Load Execution Time: 0.010925

[0m   [0;1mLimit  (cost=34.49..34.54 rows=20 width=574)
   ->  Sort  (cost=34.49..35.15 rows=265 width=574)
         Sort Key: created_at
         ->  Seq Scan on users  (cost=0.00..27.44 rows=265 width=574)
               Filter: (((status)::text = 'active'::text) AND ((type)::text = 'Client'::text))
[0m
  [4;35;1mSQL (1.5ms)[0m   [0mSELECT count(*) AS count_all FROM "users" WHERE ("users"."status" = E'active') AND ( ("users"."type" = 'Client' ) ) [0m
  [4;36;1mAnalyzing  Execution Time: 0.00187

[0m   [0;1mAggregate  (cost=28.10..28.11 rows=1 width=0)
   ->  Seq Scan on users  (cost=0.00..27.44 rows=265 width=0)
         Filter: (((status)::text = 'active'::text) AND ((type)::text = 'Client'::text))
[0m
Rendering clients/index
  [4;35;1mSQL (1.5ms)[0m   [0mSELECT count(*) AS count_all FROM "users" WHERE ( ("users"."type" = 'Client' ) ) [0m
  [4;36;1mAnalyzing  Execution Time: 0.001865

[0m   [0;1mAggregate  (cost=27.42..27.43 rows=1 width=0)
   ->  Seq Scan on users  (cost=0.00..26.70 rows=288 width=0)
         Filter: ((type)::text = 'Client'::text)
[0m
  [4;35;1mSQL (1.4ms)[0m   [0mSELECT count(*) AS count_all FROM "users" WHERE (status != E'active') AND ( ("users"."type" = 'Client' ) ) [0m
  [4;36;1mAnalyzing  Execution Time: 0.00169

[0m   [0;1mAggregate  (cost=27.50..27.51 rows=1 width=0)
   ->  Seq Scan on users  (cost=0.00..27.44 rows=23 width=0)
         Filter: (((status)::text <> 'active'::text) AND ((type)::text = 'Client'::text))
[0m
  [4;35;1mCACHE (0.0ms)[0m   [0mSELECT count(*) AS count_all FROM "users" WHERE ("users"."status" = E'active') AND ( ("users"."type" = 'Client' ) ) [0m
  [4;36;1mHelptext Load (0.8ms)[0m   [0;1mSELECT * FROM "helptexts" WHERE ("helptexts"."model" = E'client') LIMIT 1[0m
  [4;35;1mAnalyzing Helptext Load Execution Time: 0.001176

[0m   [0mLimit  (cost=0.00..11.50 rows=1 width=601)
   ->  Seq Scan on helptexts  (cost=0.00..11.50 rows=1 width=601)
         Filter: ((model)::text = 'client'::text)
[0m
Rendered helptexts/_helptext (2.2ms)
Rendered shared/_model_new_back_buttons (4.6ms)
Rendered shared/_model_search (3.0ms)
Rendered menus/_view_type_links (10.1ms)
Rendered shared/_model_sort (2.0ms)
  [4;36;1mRole Load (0.4ms)[0m   [0;1mSELECT * FROM "roles" WHERE ("roles"."id" = 4) [0m
  [4;35;1mAnalyzing Role Load Execution Time: 0.000809

[0m   [0mIndex Scan using roles_pkey on roles  (cost=0.00..8.27 rows=1 width=536)
   Index Cond: (id = 4)
[0m
Rendered users/_user_info (22.2ms)
Rendered shared/_edit_delete_link (6.4ms)
  [4;36;1mSQL (5.0ms)[0m   [0;1mSELECT count(*) AS count_all FROM "listings" WHERE ("listings".user_id = 25586) [0m
  [4;35;1mAnalyzing  Execution Time: 0.005512

[0m   [0mAggregate  (cost=1615.81..1615.82 rows=1 width=0)
   ->  Index Scan using index_listings_on_id_and_user_id_and_title on listings  (cost=0.00..1615.79 rows=4 width=0)
         Index Cond: (user_id = 25586)
[0m
  [4;36;1mSQL (0.6ms)[0m   [0;1mSELECT count(*) AS count_all FROM "claimed_listings" WHERE ("claimed_listings".client_id = 25586) [0m
  [4;35;1mAnalyzing  Execution Time: 0.001064

[0m   [0mAggregate  (cost=27.27..27.28 rows=1 width=0)
   ->  Seq Scan on claimed_listings  (cost=0.00..27.25 rows=7 width=0)
         Filter: (client_id = 25586)
[0m
  [4;36;1mCACHE (0.0ms)[0m   [0;1mSELECT * FROM "roles" WHERE ("roles"."id" = 4) [0m
Rendered users/_user_info (19.8ms)
Rendered shared/_edit_delete_link (8.9ms)
  [4;35;1mSQL (2.3ms)[0m   [0mSELECT count(*) AS count_all FROM "listings" WHERE ("listings".user_id = 25584) [0m
  [4;36;1mAnalyzing  Execution Time: 0.002687

[0m   [0;1mAggregate  (cost=1615.81..1615.82 rows=1 width=0)
   ->  Index Scan using index_listings_on_id_and_user_id_and_title on listings  (cost=0.00..1615.79 rows=4 width=0)
         Index Cond: (user_id = 25584)
[0m
  [4;35;1mSQL (0.4ms)[0m   [0mSELECT count(*) AS count_all FROM "claimed_listings" WHERE ("claimed_listings".client_id = 25584) [0m
  [4;36;1mAnalyzing  Execution Time: 0.000876

[0m   [0;1mAggregate  (cost=27.27..27.28 rows=1 width=0)
   ->  Seq Scan on claimed_listings  (cost=0.00..27.25 rows=7 width=0)
         Filter: (client_id = 25584)
[0m
  [4;35;1mCACHE (0.0ms)[0m   [0mSELECT * FROM "roles" WHERE ("roles"."id" = 4) [0m
Rendered users/_user_info (29.5ms)
Rendered shared/_edit_delete_link (7.3ms)
  [4;36;1mSQL (2.3ms)[0m   [0;1mSELECT count(*) AS count_all FROM "listings" WHERE ("listings".user_id = 25583) [0m
  [4;35;1mAnalyzing  Execution Time: 0.002727

[0m   [0mAggregate  (cost=1615.81..1615.82 rows=1 width=0)
   ->  Index Scan using index_listings_on_id_and_user_id_and_title on listings  (cost=0.00..1615.79 rows=4 width=0)
         Index Cond: (user_id = 25583)
[0m
  [4;36;1mSQL (0.5ms)[0m   [0;1mSELECT count(*) AS count_all FROM "claimed_listings" WHERE ("claimed_listings".client_id = 25583) [0m
  [4;35;1mAnalyzing  Execution Time: 0.001285

[0m   [0mAggregate  (cost=27.27..27.28 rows=1 width=0)
   ->  Seq Scan on claimed_listings  (cost=0.00..27.25 rows=7 width=0)
         Filter: (client_id = 25583)
[0m
  [4;36;1mCACHE (0.0ms)[0m   [0;1mSELECT * FROM "roles" WHERE ("roles"."id" = 4) [0m
Rendered users/_user_info (28.7ms)
Rendered shared/_edit_delete_link (9.9ms)
  [4;35;1mSQL (5.7ms)[0m   [0mSELECT count(*) AS count_all FROM "listings" WHERE ("listings".user_id = 25582) [0m
  [4;36;1mAnalyzing  Execution Time: 0.006132

[0m   [0;1mAggregate  (cost=1615.81..1615.82 rows=1 width=0)
   ->  Index Scan using index_listings_on_id_and_user_id_and_title on listings  (cost=0.00..1615.79 rows=4 width=0)
         Index Cond: (user_id = 25582)
[0m
  [4;35;1mSQL (0.8ms)[0m   [0mSELECT count(*) AS count_all FROM "claimed_listings" WHERE ("claimed_listings".client_id = 25582) [0m
  [4;36;1mAnalyzing  Execution Time: 0.001203

[0m   [0;1mAggregate  (cost=27.27..27.28 rows=1 width=0)
   ->  Seq Scan on claimed_listings  (cost=0.00..27.25 rows=7 width=0)
         Filter: (client_id = 25582)
[0m
  [4;35;1mCACHE (0.0ms)[0m   [0mSELECT * FROM "roles" WHERE ("roles"."id" = 4) [0m
Rendered users/_user_info (30.9ms)
Rendered shared/_edit_delete_link (13.2ms)
  [4;36;1mSQL (2.4ms)[0m   [0;1mSELECT count(*) AS count_all FROM "listings" WHERE ("listings".user_id = 25581) [0m
  [4;35;1mAnalyzing  Execution Time: 0.002779

[0m   [0mAggregate  (cost=1615.81..1615.82 rows=1 width=0)
   ->  Index Scan using index_listings_on_id_and_user_id_and_title on listings  (cost=0.00..1615.79 rows=4 width=0)
         Index Cond: (user_id = 25581)
[0m
  [4;36;1mSQL (8.6ms)[0m   [0;1mSELECT count(*) AS count_all FROM "claimed_listings" WHERE ("claimed_listings".client_id = 25581) [0m
  [4;35;1mAnalyzing  Execution Time: 0.008958

[0m   [0mAggregate  (cost=27.27..27.28 rows=1 width=0)
   ->  Seq Scan on claimed_listings  (cost=0.00..27.25 rows=7 width=0)
         Filter: (client_id = 25581)
[0m
  [4;36;1mCACHE (0.0ms)[0m   [0;1mSELECT * FROM "roles" WHERE ("roles"."id" = 4) [0m
Rendered users/_user_info (17.6ms)
Rendered shared/_edit_delete_link (5.4ms)
  [4;35;1mSQL (2.5ms)[0m   [0mSELECT count(*) AS count_all FROM "listings" WHERE ("listings".user_id = 25580) [0m
  [4;36;1mAnalyzing  Execution Time: 0.002945

[0m   [0;1mAggregate  (cost=1615.81..1615.82 rows=1 width=0)
   ->  Index Scan using index_listings_on_id_and_user_id_and_title on listings  (cost=0.00..1615.79 rows=4 width=0)
         Index Cond: (user_id = 25580)
[0m
  [4;35;1mSQL (0.4ms)[0m   [0mSELECT count(*) AS count_all FROM "claimed_listings" WHERE ("claimed_listings".client_id = 25580) [0m
  [4;36;1mAnalyzing  Execution Time: 0.00074

[0m   [0;1mAggregate  (cost=27.27..27.28 rows=1 width=0)
   ->  Seq Scan on claimed_listings  (cost=0.00..27.25 rows=7 width=0)
         Filter: (client_id = 25580)
[0m
  [4;35;1mCACHE (0.0ms)[0m   [0mSELECT * FROM "roles" WHERE ("roles"."id" = 4) [0m
Rendered users/_user_info (29.7ms)
Rendered shared/_edit_delete_link (6.6ms)
  [4;36;1mSQL (3.2ms)[0m   [0;1mSELECT count(*) AS count_all FROM "listings" WHERE ("listings".user_id = 25579) [0m
  [4;35;1mAnalyzing  Execution Time: 0.003596

[0m   [0mAggregate  (cost=1615.81..1615.82 rows=1 width=0)
   ->  Index Scan using index_listings_on_id_and_user_id_and_title on listings  (cost=0.00..1615.79 rows=4 width=0)
         Index Cond: (user_id = 25579)
[0m
  [4;36;1mSQL (0.5ms)[0m   [0;1mSELECT count(*) AS count_all FROM "claimed_listings" WHERE ("claimed_listings".client_id = 25579) [0m
  [4;35;1mAnalyzing  Execution Time: 0.000891

[0m   [0mAggregate  (cost=27.27..27.28 rows=1 width=0)
   ->  Seq Scan on claimed_listings  (cost=0.00..27.25 rows=7 width=0)
         Filter: (client_id = 25579)
[0m
  [4;36;1mCACHE (0.0ms)[0m   [0;1mSELECT * FROM "roles" WHERE ("roles"."id" = 4) [0m
Rendered users/_user_info (28.6ms)
Rendered shared/_edit_delete_link (6.6ms)
  [4;35;1mSQL (2.4ms)[0m   [0mSELECT count(*) AS count_all FROM "listings" WHERE ("listings".user_id = 25577) [0m
  [4;36;1mAnalyzing  Execution Time: 0.00281

[0m   [0;1mAggregate  (cost=1615.81..1615.82 rows=1 width=0)
   ->  Index Scan using index_listings_on_id_and_user_id_and_title on listings  (cost=0.00..1615.79 rows=4 width=0)
         Index Cond: (user_id = 25577)
[0m
  [4;35;1mSQL (0.4ms)[0m   [0mSELECT count(*) AS count_all FROM "claimed_listings" WHERE ("claimed_listings".client_id = 25577) [0m
  [4;36;1mAnalyzing  Execution Time: 0.000973

[0m   [0;1mAggregate  (cost=27.27..27.28 rows=1 width=0)
   ->  Seq Scan on claimed_listings  (cost=0.00..27.25 rows=7 width=0)
         Filter: (client_id = 25577)
[0m
  [4;35;1mCACHE (0.0ms)[0m   [0mSELECT * FROM "roles" WHERE ("roles"."id" = 4) [0m
Rendered users/_user_info (19.1ms)
Rendered shared/_edit_delete_link (9.9ms)
  [4;36;1mSQL (4.1ms)[0m   [0;1mSELECT count(*) AS count_all FROM "listings" WHERE ("listings".user_id = 25575) [0m
  [4;35;1mAnalyzing  Execution Time: 0.004448

[0m   [0mAggregate  (cost=1615.81..1615.82 rows=1 width=0)
   ->  Index Scan using index_listings_on_id_and_user_id_and_title on listings  (cost=0.00..1615.79 rows=4 width=0)
         Index Cond: (user_id = 25575)
[0m
  [4;36;1mSQL (0.4ms)[0m   [0;1mSELECT count(*) AS count_all FROM "claimed_listings" WHERE ("claimed_listings".client_id = 25575) [0m
  [4;35;1mAnalyzing  Execution Time: 0.000826

[0m   [0mAggregate  (cost=27.27..27.28 rows=1 width=0)
   ->  Seq Scan on claimed_listings  (cost=0.00..27.25 rows=7 width=0)
         Filter: (client_id = 25575)
[0m
  [4;36;1mCACHE (0.0ms)[0m   [0;1mSELECT * FROM "roles" WHERE ("roles"."id" = 4) [0m
Rendered users/_user_info (21.5ms)
Rendered shared/_edit_delete_link (8.3ms)
  [4;35;1mSQL (2.0ms)[0m   [0mSELECT count(*) AS count_all FROM "listings" WHERE ("listings".user_id = 25573) [0m
  [4;36;1mAnalyzing  Execution Time: 0.004091

[0m   [0;1mAggregate  (cost=1615.81..1615.82 rows=1 width=0)
   ->  Index Scan using index_listings_on_id_and_user_id_and_title on listings  (cost=0.00..1615.79 rows=4 width=0)
         Index Cond: (user_id = 25573)
[0m
  [4;35;1mSQL (0.4ms)[0m   [0mSELECT count(*) AS count_all FROM "claimed_listings" WHERE ("claimed_listings".client_id = 25573) [0m
  [4;36;1mAnalyzing  Execution Time: 0.018742

[0m   [0;1mAggregate  (cost=27.27..27.28 rows=1 width=0)
   ->  Seq Scan on claimed_listings  (cost=0.00..27.25 rows=7 width=0)
         Filter: (client_id = 25573)
[0m
  [4;35;1mCACHE (0.0ms)[0m   [0mSELECT * FROM "roles" WHERE ("roles"."id" = 4) [0m
Rendered users/_user_info (30.3ms)
Rendered shared/_edit_delete_link (5.4ms)
  [4;36;1mSQL (2.2ms)[0m   [0;1mSELECT count(*) AS count_all FROM "listings" WHERE ("listings".user_id = 25571) [0m
  [4;35;1mAnalyzing  Execution Time: 0.002582

[0m   [0mAggregate  (cost=1615.81..1615.82 rows=1 width=0)
   ->  Index Scan using index_listings_on_id_and_user_id_and_title on listings  (cost=0.00..1615.79 rows=4 width=0)
         Index Cond: (user_id = 25571)
[0m
  [4;36;1mSQL (0.4ms)[0m   [0;1mSELECT count(*) AS count_all FROM "claimed_listings" WHERE ("claimed_listings".client_id = 25571) [0m
  [4;35;1mAnalyzing  Execution Time: 0.000783

[0m   [0mAggregate  (cost=27.27..27.28 rows=1 width=0)
   ->  Seq Scan on claimed_listings  (cost=0.00..27.25 rows=7 width=0)
         Filter: (client_id = 25571)
[0m
  [4;36;1mCACHE (0.0ms)[0m   [0;1mSELECT * FROM "roles" WHERE ("roles"."id" = 4) [0m
Rendered users/_user_info (31.0ms)
Rendered shared/_edit_delete_link (4.9ms)
  [4;35;1mSQL (2.1ms)[0m   [0mSELECT count(*) AS count_all FROM "listings" WHERE ("listings".user_id = 25570) [0m
  [4;36;1mAnalyzing  Execution Time: 0.002482

[0m   [0;1mAggregate  (cost=1615.81..1615.82 rows=1 width=0)
   ->  Index Scan using index_listings_on_id_and_user_id_and_title on listings  (cost=0.00..1615.79 rows=4 width=0)
         Index Cond: (user_id = 25570)
[0m
  [4;35;1mSQL (0.4ms)[0m   [0mSELECT count(*) AS count_all FROM "claimed_listings" WHERE ("claimed_listings".client_id = 25570) [0m
  [4;36;1mAnalyzing  Execution Time: 0.000814

[0m   [0;1mAggregate  (cost=27.27..27.28 rows=1 width=0)
   ->  Seq Scan on claimed_listings  (cost=0.00..27.25 rows=7 width=0)
         Filter: (client_id = 25570)
[0m
  [4;35;1mCACHE (0.0ms)[0m   [0mSELECT * FROM "roles" WHERE ("roles"."id" = 4) [0m
Rendered users/_user_info (22.3ms)
Rendered shared/_edit_delete_link (11.0ms)
  [4;36;1mSQL (2.2ms)[0m   [0;1mSELECT count(*) AS count_all FROM "listings" WHERE ("listings".user_id = 25567) [0m
  [4;35;1mAnalyzing  Execution Time: 0.002605

[0m   [0mAggregate  (cost=1615.81..1615.82 rows=1 width=0)
   ->  Index Scan using index_listings_on_id_and_user_id_and_title on listings  (cost=0.00..1615.79 rows=4 width=0)
         Index Cond: (user_id = 25567)
[0m
  [4;36;1mSQL (0.6ms)[0m   [0;1mSELECT count(*) AS count_all FROM "claimed_listings" WHERE ("claimed_listings".client_id = 25567) [0m
  [4;35;1mAnalyzing  Execution Time: 0.001018

[0m   [0mAggregate  (cost=27.27..27.28 rows=1 width=0)
   ->  Seq Scan on claimed_listings  (cost=0.00..27.25 rows=7 width=0)
         Filter: (client_id = 25567)
[0m
  [4;36;1mCACHE (0.0ms)[0m   [0;1mSELECT * FROM "roles" WHERE ("roles"."id" = 4) [0m
Rendered users/_user_info (43.8ms)
Rendered shared/_edit_delete_link (6.8ms)
  [4;35;1mSQL (2.3ms)[0m   [0mSELECT count(*) AS count_all FROM "listings" WHERE ("listings".user_id = 25565) [0m
  [4;36;1mAnalyzing  Execution Time: 0.00278

[0m   [0;1mAggregate  (cost=1615.81..1615.82 rows=1 width=0)
   ->  Index Scan using index_listings_on_id_and_user_id_and_title on listings  (cost=0.00..1615.79 rows=4 width=0)
         Index Cond: (user_id = 25565)
[0m
  [4;35;1mSQL (0.5ms)[0m   [0mSELECT count(*) AS count_all FROM "claimed_listings" WHERE ("claimed_listings".client_id = 25565) [0m
  [4;36;1mAnalyzing  Execution Time: 0.000839

[0m   [0;1mAggregate  (cost=27.27..27.28 rows=1 width=0)
   ->  Seq Scan on claimed_listings  (cost=0.00..27.25 rows=7 width=0)
         Filter: (client_id = 25565)
[0m
  [4;35;1mCACHE (0.0ms)[0m   [0mSELECT * FROM "roles" WHERE ("roles"."id" = 4) [0m
Rendered users/_user_info (18.5ms)
Rendered shared/_edit_delete_link (7.7ms)
  [4;36;1mSQL (2.5ms)[0m   [0;1mSELECT count(*) AS count_all FROM "listings" WHERE ("listings".user_id = 25564) [0m
  [4;35;1mAnalyzing  Execution Time: 0.002935

[0m   [0mAggregate  (cost=1615.81..1615.82 rows=1 width=0)
   ->  Index Scan using index_listings_on_id_and_user_id_and_title on listings  (cost=0.00..1615.79 rows=4 width=0)
         Index Cond: (user_id = 25564)
[0m
  [4;36;1mSQL (0.6ms)[0m   [0;1mSELECT count(*) AS count_all FROM "claimed_listings" WHERE ("claimed_listings".client_id = 25564) [0m
  [4;35;1mAnalyzing  Execution Time: 0.00099

[0m   [0mAggregate  (cost=27.27..27.28 rows=1 width=0)
   ->  Seq Scan on claimed_listings  (cost=0.00..27.25 rows=7 width=0)
         Filter: (client_id = 25564)
[0m
  [4;36;1mCACHE (0.0ms)[0m   [0;1mSELECT * FROM "roles" WHERE ("roles"."id" = 4) [0m
Rendered users/_user_info (30.3ms)
Rendered shared/_edit_delete_link (8.2ms)
  [4;35;1mSQL (2.1ms)[0m   [0mSELECT count(*) AS count_all FROM "listings" WHERE ("listings".user_id = 25563) [0m
  [4;36;1mAnalyzing  Execution Time: 0.002564

[0m   [0;1mAggregate  (cost=1615.81..1615.82 rows=1 width=0)
   ->  Index Scan using index_listings_on_id_and_user_id_and_title on listings  (cost=0.00..1615.79 rows=4 width=0)
         Index Cond: (user_id = 25563)
[0m
  [4;35;1mSQL (0.6ms)[0m   [0mSELECT count(*) AS count_all FROM "claimed_listings" WHERE ("claimed_listings".client_id = 25563) [0m
  [4;36;1mAnalyzing  Execution Time: 0.001037

[0m   [0;1mAggregate  (cost=27.27..27.28 rows=1 width=0)
   ->  Seq Scan on claimed_listings  (cost=0.00..27.25 rows=7 width=0)
         Filter: (client_id = 25563)
[0m
  [4;35;1mCACHE (0.0ms)[0m   [0mSELECT * FROM "roles" WHERE ("roles"."id" = 4) [0m
Rendered users/_user_info (22.5ms)
Rendered shared/_edit_delete_link (14.4ms)
  [4;36;1mSQL (2.4ms)[0m   [0;1mSELECT count(*) AS count_all FROM "listings" WHERE ("listings".user_id = 25562) [0m
  [4;35;1mAnalyzing  Execution Time: 0.002757

[0m   [0mAggregate  (cost=1615.81..1615.82 rows=1 width=0)
   ->  Index Scan using index_listings_on_id_and_user_id_and_title on listings  (cost=0.00..1615.79 rows=4 width=0)
         Index Cond: (user_id = 25562)
[0m
  [4;36;1mSQL (0.4ms)[0m   [0;1mSELECT count(*) AS count_all FROM "claimed_listings" WHERE ("claimed_listings".client_id = 25562) [0m
  [4;35;1mAnalyzing  Execution Time: 0.001066

[0m   [0mAggregate  (cost=27.27..27.28 rows=1 width=0)
   ->  Seq Scan on claimed_listings  (cost=0.00..27.25 rows=7 width=0)
         Filter: (client_id = 25562)
[0m
  [4;36;1mCACHE (0.0ms)[0m   [0;1mSELECT * FROM "roles" WHERE ("roles"."id" = 4) [0m
Rendered users/_user_info (27.6ms)
Rendered shared/_edit_delete_link (6.2ms)
  [4;35;1mSQL (2.4ms)[0m   [0mSELECT count(*) AS count_all FROM "listings" WHERE ("listings".user_id = 25560) [0m
  [4;36;1mAnalyzing  Execution Time: 0.002836

[0m   [0;1mAggregate  (cost=1615.81..1615.82 rows=1 width=0)
   ->  Index Scan using index_listings_on_id_and_user_id_and_title on listings  (cost=0.00..1615.79 rows=4 width=0)
         Index Cond: (user_id = 25560)
[0m
  [4;35;1mSQL (0.5ms)[0m   [0mSELECT count(*) AS count_all FROM "claimed_listings" WHERE ("claimed_listings".client_id = 25560) [0m
  [4;36;1mAnalyzing  Execution Time: 0.000836

[0m   [0;1mAggregate  (cost=27.27..27.28 rows=1 width=0)
   ->  Seq Scan on claimed_listings  (cost=0.00..27.25 rows=7 width=0)
         Filter: (client_id = 25560)
[0m
  [4;35;1mCACHE (0.0ms)[0m   [0mSELECT * FROM "roles" WHERE ("roles"."id" = 4) [0m
Rendered users/_user_info (15.4ms)
Rendered shared/_edit_delete_link (5.0ms)
  [4;36;1mSQL (4.9ms)[0m   [0;1mSELECT count(*) AS count_all FROM "listings" WHERE ("listings".user_id = 25559) [0m
  [4;35;1mAnalyzing  Execution Time: 0.005293

[0m   [0mAggregate  (cost=1615.81..1615.82 rows=1 width=0)
   ->  Index Scan using index_listings_on_id_and_user_id_and_title on listings  (cost=0.00..1615.79 rows=4 width=0)
         Index Cond: (user_id = 25559)
[0m
  [4;36;1mSQL (0.5ms)[0m   [0;1mSELECT count(*) AS count_all FROM "claimed_listings" WHERE ("claimed_listings".client_id = 25559) [0m
  [4;35;1mAnalyzing  Execution Time: 0.000888

[0m   [0mAggregate  (cost=27.27..27.28 rows=1 width=0)
   ->  Seq Scan on claimed_listings  (cost=0.00..27.25 rows=7 width=0)
         Filter: (client_id = 25559)
[0m
  [4;36;1mCACHE (0.0ms)[0m   [0;1mSELECT * FROM "roles" WHERE ("roles"."id" = 4) [0m
Rendered users/_user_info (19.4ms)
Rendered shared/_edit_delete_link (5.7ms)
  [4;35;1mSQL (2.3ms)[0m   [0mSELECT count(*) AS count_all FROM "listings" WHERE ("listings".user_id = 25558) [0m
  [4;36;1mAnalyzing  Execution Time: 0.003839

[0m   [0;1mAggregate  (cost=1615.81..1615.82 rows=1 width=0)
   ->  Index Scan using index_listings_on_id_and_user_id_and_title on listings  (cost=0.00..1615.79 rows=4 width=0)
         Index Cond: (user_id = 25558)
[0m
  [4;35;1mSQL (0.4ms)[0m   [0mSELECT count(*) AS count_all FROM "claimed_listings" WHERE ("claimed_listings".client_id = 25558) [0m
  [4;36;1mAnalyzing  Execution Time: 0.000872

[0m   [0;1mAggregate  (cost=27.27..27.28 rows=1 width=0)
   ->  Seq Scan on claimed_listings  (cost=0.00..27.25 rows=7 width=0)
         Filter: (client_id = 25558)
[0m
Rendered views/_paginate (4.7ms)
Rendered views/partials/_users (2239.3ms)
Rendered shared/_base_model_index (2263.7ms)
Rendered shared/_model_index (2313.4ms)
Completed in 2765ms (View: 2203, DB: 126) | 200 OK [https://localhost/clients]
** has_many_polymorphs: autoload hook invoked
** has_many_polymorphs: preloading parent model Block
** has_many_polymorphs: associating Block.models
  [4;35;1mSQL (0.2ms)[0m   [0mSET client_min_messages TO 'panic'[0m
  [4;36;1mSQL (6.4ms)[0m   [0;1mSET client_min_messages TO 'notice'[0m
** has_many_polymorphs: preloading parent model View
** has_many_polymorphs: associating View.models
  [4;35;1mSQL (0.2ms)[0m   [0mSET client_min_messages TO 'panic'[0m
  [4;36;1mSQL (0.2ms)[0m   [0;1mSET client_min_messages TO 'notice'[0m


Processing ClientsController#show (for 127.0.0.1 at 2011-04-26 18:28:40) [GET]
  Parameters: {"action"=>"show", "id"=>"25586", "controller"=>"clients"}
  [4;35;1mUser Load (1.6ms)[0m   [0mSELECT * FROM "users" WHERE ("users"."id" = E'1') LIMIT 1[0m
  [4;36;1mAnalyzing User Load Execution Time: 0.002478

[0m   [0;1mLimit  (cost=0.00..8.27 rows=1 width=574)
   ->  Index Scan using users_pkey on users  (cost=0.00..8.27 rows=1 width=574)
         Index Cond: (id = 1)
[0m
  [4;35;1mSQL (0.2ms)[0m   [0mBEGIN[0m
  [4;36;1mUser Update (1.0ms)[0m   [0;1mUPDATE "users" SET "updated_at" = '2011-04-26 22:28:40.981359', "perishable_token" = E'vhf5bxD1exw4VcZ9OqJh', "last_request_at" = '2011-04-26 22:28:40.979185' WHERE "id" = 1[0m
  [4;35;1mSQL (0.9ms)[0m   [0mCOMMIT[0m
  [4;36;1mRole Load (0.5ms)[0m   [0;1mSELECT * FROM "roles" WHERE ("roles"."id" = 1) [0m
  [4;35;1mAnalyzing Role Load Execution Time: 0.000818

[0m   [0mIndex Scan using roles_pkey on roles  (cost=0.00..8.27 rows=1 width=536)
   Index Cond: (id = 1)
[0m
  [4;36;1mClient Load (1.1ms)[0m   [0;1mSELECT * FROM "users" WHERE ("users"."id" = 25586) AND ( ("users"."type" = 'Client' ) ) LIMIT 1[0m
  [4;35;1mAnalyzing Client Load Execution Time: 0.001815

[0m   [0mLimit  (cost=0.00..8.27 rows=1 width=574)
   ->  Index Scan using users_pkey on users  (cost=0.00..8.27 rows=1 width=574)
         Index Cond: (id = 25586)
         Filter: ((type)::text = 'Client'::text)
[0m
Rendering clients/show
  [4;36;1mUser Load (0.7ms)[0m   [0;1mSELECT * FROM "users" WHERE ("users"."id" = 25586) [0m
  [4;35;1mAnalyzing User Load Execution Time: 0.001436

[0m   [0mIndex Scan using users_pkey on users  (cost=0.00..8.27 rows=1 width=574)
   Index Cond: (id = 25586)
[0m
  [4;36;1mSQL (6.3ms)[0m   [0;1mSELECT count(*) AS count_all FROM "listings" WHERE ("listings".user_id = 25586 AND (enabled IS TRUE)) [0m
  [4;35;1mAnalyzing  Execution Time: 0.0067

[0m   [0mAggregate  (cost=1615.81..1615.82 rows=1 width=0)
   ->  Index Scan using index_listings_on_id_and_user_id_and_title on listings  (cost=0.00..1615.79 rows=4 width=0)
         Index Cond: (user_id = 25586)
         Filter: (enabled IS TRUE)
[0m
  [4;36;1mListing Load (2.6ms)[0m   [0;1mSELECT * FROM "listings" WHERE ("listings".user_id = 25586) [0m
  [4;35;1mAnalyzing Listing Load Execution Time: 0.003453

[0m   [0mIndex Scan using index_listings_on_id_and_user_id_and_title on listings  (cost=0.00..1615.79 rows=4 width=1172)
   Index Cond: (user_id = 25586)
[0m
  [4;36;1mFacilityInfo Load (1.2ms)[0m   [0;1mSELECT * FROM "facility_infos" WHERE ("facility_infos".listing_id = 113291) LIMIT 1[0m
  [4;35;1mAnalyzing FacilityInfo Load Execution Time: 0.001524

[0m   [0mLimit  (cost=0.00..10.00 rows=1 width=8362)
   ->  Seq Scan on facility_infos  (cost=0.00..10.00 rows=1 width=8362)
         Filter: (listing_id = 113291)
[0m
  [4;36;1mRole Load (0.4ms)[0m   [0;1mSELECT * FROM "roles" WHERE ("roles"."id" = 4) [0m
  [4;35;1mAnalyzing Role Load Execution Time: 0.000824

[0m   [0mIndex Scan using roles_pkey on roles  (cost=0.00..8.27 rows=1 width=536)
   Index Cond: (id = 4)
[0m
Rendered users/_user_info (19.1ms)
Rendered notes/_form (3.5ms)
  [4;36;1mNote Load (1.3ms)[0m   [0;1mSELECT * FROM "notes" WHERE ("notes".user_id = 25586) ORDER BY created_at DESC[0m
  [4;35;1mAnalyzing Note Load Execution Time: 0.002684

[0m   [0mSort  (cost=11.63..11.64 rows=1 width=576)
   Sort Key: created_at
   ->  Seq Scan on notes  (cost=0.00..11.62 rows=1 width=576)
         Filter: (user_id = 25586)
[0m
  [4;36;1mUser Load (0.7ms)[0m   [0;1mSELECT * FROM "users" WHERE ("users"."id" = 1) [0m
  [4;35;1mAnalyzing User Load Execution Time: 0.001751

[0m   [0mIndex Scan using users_pkey on users  (cost=0.00..8.27 rows=1 width=574)
   Index Cond: (id = 1)
[0m
Rendered notes/_note (6.0ms)
  [4;36;1mCACHE (0.0ms)[0m   [0;1mSELECT * FROM "users" WHERE ("users"."id" = 1) [0m
Rendered notes/_note (3.3ms)
  [4;35;1mCACHE (0.0ms)[0m   [0mSELECT * FROM "users" WHERE ("users"."id" = 1) [0m
Rendered notes/_note (2.8ms)
  [4;36;1mCACHE (0.0ms)[0m   [0;1mSELECT * FROM "users" WHERE ("users"."id" = 1) [0m
Rendered notes/_note (2.4ms)
  [4;35;1mCACHE (0.0ms)[0m   [0mSELECT * FROM "users" WHERE ("users"."id" = 1) [0m
Rendered notes/_note (2.0ms)
Rendered notes/_client_notes (47.4ms)
  [4;36;1mSQL (0.9ms)[0m   [0;1mSELECT count(*) AS count_all FROM "claimed_listings" WHERE ("claimed_listings".client_id = 25586) [0m
  [4;35;1mAnalyzing  Execution Time: 0.001311

[0m   [0mAggregate  (cost=27.27..27.28 rows=1 width=0)
   ->  Seq Scan on claimed_listings  (cost=0.00..27.25 rows=7 width=0)
         Filter: (client_id = 25586)
[0m
  [4;36;1mClient Load (0.8ms)[0m   [0;1mSELECT * FROM "users" WHERE ("users"."id" = 25586) AND ( ("users"."type" = 'Client' ) ) [0m
  [4;35;1mAnalyzing Client Load Execution Time: 0.00165

[0m   [0mIndex Scan using users_pkey on users  (cost=0.00..8.27 rows=1 width=574)
   Index Cond: (id = 25586)
   Filter: ((type)::text = 'Client'::text)
[0m
  [4;36;1mSQL (3.2ms)[0m   [0;1mSELECT count(*) AS count_all FROM "business_hours" WHERE ("business_hours".listing_id = 113291) [0m
  [4;35;1mAnalyzing  Execution Time: 0.003529

[0m   [0mAggregate  (cost=99.56..99.57 rows=1 width=0)
   ->  Seq Scan on business_hours  (cost=0.00..99.53 rows=13 width=0)
         Filter: (listing_id = 113291)
[0m
  [4;36;1mSQL (2.0ms)[0m   [0;1mSELECT count(*) AS count_all FROM "facility_features" INNER JOIN "listing_features" ON "facility_features".id = "listing_features".facility_feature_id WHERE (("listing_features".listing_id = 113291)) [0m
  [4;35;1mAnalyzing  Execution Time: 0.002455

[0m   [0mAggregate  (cost=51.87..51.88 rows=1 width=0)
   ->  Hash Join  (cost=12.93..51.85 rows=8 width=0)
         Hash Cond: (listing_features.facility_feature_id = facility_features.id)
         ->  Seq Scan on listing_features  (cost=0.00..38.81 rows=8 width=4)
               Filter: (listing_id = 113291)
         ->  Hash  (cost=11.30..11.30 rows=130 width=4)
               ->  Seq Scan on facility_features  (cost=0.00..11.30 rows=130 width=4)
[0m
  [4;36;1mCACHE (0.0ms)[0m   [0;1mSELECT count(*) AS count_all FROM "facility_features" INNER JOIN "listing_features" ON "facility_features".id = "listing_features".facility_feature_id WHERE (("listing_features".listing_id = 113291)) [0m
  [4;35;1mSQL (0.9ms)[0m   [0mSELECT count(*) AS count_all FROM "sizes" WHERE ("sizes".listing_id = 113291) [0m
  [4;36;1mAnalyzing  Execution Time: 0.001992

[0m   [0;1mAggregate  (cost=18.55..18.56 rows=1 width=0)
   ->  Bitmap Heap Scan on sizes  (cost=4.30..18.53 rows=7 width=0)
         Recheck Cond: (listing_id = 113291)
         ->  Bitmap Index Scan on index_sizes_on_listing_id_and_price  (cost=0.00..4.30 rows=7 width=0)
               Index Cond: (listing_id = 113291)
[0m
  [4;35;1mSQL (1.5ms)[0m   [0mSELECT count(*) AS count_all FROM "pictures" WHERE ("pictures".listing_id = 113291) [0m
  [4;36;1mAnalyzing  Execution Time: 0.002414

[0m   [0;1mAggregate  (cost=15.58..15.59 rows=1 width=0)
   ->  Seq Scan on pictures  (cost=0.00..15.57 rows=3 width=0)
         Filter: (listing_id = 113291)
[0m
  [4;35;1mSQL (0.9ms)[0m   [0mSELECT count(*) AS count_all FROM "comments" WHERE ("comments".commentable_id = 113291 AND "comments".commentable_type = E'Listing') [0m
  [4;36;1mAnalyzing  Execution Time: 0.00131

[0m   [0;1mAggregate  (cost=10.91..10.92 rows=1 width=0)
   ->  Seq Scan on comments  (cost=0.00..10.90 rows=1 width=0)
         Filter: ((commentable_id = 113291) AND ((commentable_type)::text = 'Listing'::text))
[0m
  [4;35;1mPredefinedSpecial Load (1.1ms)[0m   [0mSELECT "predefined_specials".* FROM "predefined_specials" INNER JOIN "predef_special_assigns" ON "predefined_specials".id = "predef_special_assigns".predefined_special_id WHERE (("predef_special_assigns".listing_id = 113291)) [0m
  [4;36;1mAnalyzing PredefinedSpecial Load Execution Time: 0.00147

[0m   [0;1mNested Loop  (cost=0.00..10.27 rows=1 width=1092)
   ->  Seq Scan on predef_special_assigns  (cost=0.00..1.99 rows=1 width=4)
         Filter: (listing_id = 113291)
   ->  Index Scan using predefined_specials_pkey on predefined_specials  (cost=0.00..8.27 rows=1 width=1092)
         Index Cond: (predefined_specials.id = predef_special_assigns.predefined_special_id)
[0m
Rendered listings/_listing (751.1ms)
  [4;35;1mMailingAddress Load (1.7ms)[0m   [0mSELECT * FROM "mailing_addresses" WHERE ("mailing_addresses".user_id = 25586) LIMIT 1[0m
  [4;36;1mAnalyzing MailingAddress Load Execution Time: 0.002204

[0m   [0;1mLimit  (cost=0.00..8.27 rows=1 width=106)
   ->  Index Scan using index_mailing_addresses_on_client_id_and_city_and_state on mailing_addresses  (cost=0.00..8.27 rows=1 width=106)
         Index Cond: (user_id = 25586)
[0m
Rendered clients/_owner_info (45.4ms)
  [4;35;1mUserHintPlacement Load (0.8ms)[0m   [0mSELECT * FROM "user_hint_placements" WHERE ("user_hint_placements".user_id = 25586) [0m
  [4;36;1mAnalyzing UserHintPlacement Load Execution Time: 0.001945

[0m   [0;1mIndex Scan using index_user_hint_placements_on_user_id on user_hint_placements  (cost=0.00..8.39 rows=8 width=33)
   Index Cond: (user_id = 25586)
[0m
  [4;35;1mAccountSetting Load (1.7ms)[0m   [0mSELECT * FROM "account_settings" WHERE ("account_settings".client_id = 25586) LIMIT 1[0m
  [4;36;1mAnalyzing AccountSetting Load Execution Time: 0.002682

[0m   [0;1mLimit  (cost=0.00..1.65 rows=1 width=80)
   ->  Seq Scan on account_settings  (cost=0.00..1.65 rows=1 width=80)
         Filter: (client_id = 25586)
[0m
Rendered clients/_settings (82.7ms)
  [4;35;1mSQL (7.3ms)[0m   [0mSELECT count(*) AS count_all FROM "user_stats" WHERE ("user_stats".user_id = 25586) [0m
  [4;36;1mAnalyzing  Execution Time: 0.00765

[0m   [0;1mAggregate  (cost=678.85..678.86 rows=1 width=0)
   ->  Seq Scan on user_stats  (cost=0.00..678.81 rows=14 width=0)
         Filter: (user_id = 25586)
[0m
  [4;35;1mUserStat Load (0.9ms)[0m   [0mSELECT * FROM "user_stats" WHERE ("user_stats".user_id = 25586) ORDER BY user_stats.id DESC LIMIT 1[0m
  [4;36;1mAnalyzing UserStat Load Execution Time: 0.001377

[0m   [0;1mLimit  (cost=0.00..64.69 rows=1 width=1370)
   ->  Index Scan Backward using user_stats_pkey on user_stats  (cost=0.00..905.65 rows=14 width=1370)
         Filter: (user_id = 25586)
[0m
Rendered user_stats/_user_stat (2.4ms)
Completed in 1604ms (View: 1340, DB: 56) | 200 OK [https://localhost/clients/25586]
** has_many_polymorphs: autoload hook invoked
** has_many_polymorphs: preloading parent model Block
** has_many_polymorphs: associating Block.models
  [4;35;1mSQL (0.7ms)[0m   [0mSET client_min_messages TO 'panic'[0m
  [4;36;1mSQL (0.1ms)[0m   [0;1mSET client_min_messages TO 'notice'[0m
** has_many_polymorphs: preloading parent model View
** has_many_polymorphs: associating View.models
  [4;35;1mSQL (0.2ms)[0m   [0mSET client_min_messages TO 'panic'[0m
  [4;36;1mSQL (0.1ms)[0m   [0;1mSET client_min_messages TO 'notice'[0m


Processing ClientsController#create_note (for 127.0.0.1 at 2011-04-26 18:28:49) [POST]
  Parameters: {"action"=>"create_note", "authenticity_token"=>"dX3RjIMB5BpQweTBexUE9J4Vs3U8uecIJoR6lE05MKY=", "id"=>"25586", "note"=>{"content"=>"FUCK ME!"}, "controller"=>"clients"}
  [4;35;1mUser Load (1.9ms)[0m   [0mSELECT * FROM "users" WHERE ("users"."id" = E'1') LIMIT 1[0m
  [4;36;1mAnalyzing User Load Execution Time: 0.002923

[0m   [0;1mLimit  (cost=0.00..8.27 rows=1 width=574)
   ->  Index Scan using users_pkey on users  (cost=0.00..8.27 rows=1 width=574)
         Index Cond: (id = 1)
[0m
  [4;35;1mSQL (9.7ms)[0m   [0mBEGIN[0m
  [4;36;1mUser Update (1.7ms)[0m   [0;1mUPDATE "users" SET "updated_at" = '2011-04-26 22:28:50.268799', "perishable_token" = E'9bFjwSpoCSGaMryUZMg', "last_request_at" = '2011-04-26 22:28:50.246061' WHERE "id" = 1[0m
  [4;35;1mSQL (0.6ms)[0m   [0mCOMMIT[0m
  [4;36;1mRole Load (1.2ms)[0m   [0;1mSELECT * FROM "roles" WHERE ("roles"."id" = 1) [0m
  [4;35;1mAnalyzing Role Load Execution Time: 0.001592

[0m   [0mIndex Scan using roles_pkey on roles  (cost=0.00..8.27 rows=1 width=536)
   Index Cond: (id = 1)
[0m
  [4;36;1mClient Load (1.1ms)[0m   [0;1mSELECT * FROM "users" WHERE ("users"."id" = 25586) AND ( ("users"."type" = 'Client' ) ) [0m
  [4;35;1mAnalyzing Client Load Execution Time: 0.001832

[0m   [0mIndex Scan using users_pkey on users  (cost=0.00..8.27 rows=1 width=574)
   Index Cond: (id = 25586)
   Filter: ((type)::text = 'Client'::text)
[0m
  [4;36;1mListing Load (9.3ms)[0m   [0;1mSELECT * FROM "listings" WHERE ("listings".user_id = 25586 AND (enabled IS TRUE)) ORDER BY id DESC LIMIT 10 OFFSET 0[0m
  [4;35;1mAnalyzing Listing Load Execution Time: 0.010218

[0m   [0mLimit  (cost=0.00..1615.79 rows=4 width=1172)
   ->  Index Scan Backward using index_listings_on_id_and_user_id_and_title on listings  (cost=0.00..1615.79 rows=4 width=1172)
         Index Cond: (user_id = 25586)
         Filter: (enabled IS TRUE)
[0m
  [4;36;1mAccountSetting Load (4.9ms)[0m   [0;1mSELECT * FROM "account_settings" WHERE ("account_settings".client_id = 25586) LIMIT 1[0m
  [4;35;1mAnalyzing AccountSetting Load Execution Time: 0.005217

[0m   [0mLimit  (cost=0.00..1.65 rows=1 width=80)
   ->  Seq Scan on account_settings  (cost=0.00..1.65 rows=1 width=80)
         Filter: (client_id = 25586)
[0m
  [4;36;1mSQL (0.2ms)[0m   [0;1mBEGIN[0m
  [4;35;1mSQL (0.7ms)[0m   [0mINSERT INTO "notes" ("created_at", "updated_at", "created_by", "user_id", "content", "status") VALUES('2011-04-26 22:28:50.729722', '2011-04-26 22:28:50.729722', 1, 25586, E'FUCK ME!', NULL) RETURNING "id"[0m
  [4;36;1mSQL (0.6ms)[0m   [0;1mCOMMIT[0m
  [4;35;1mClient Load (1.3ms)[0m   [0mSELECT * FROM "users" WHERE ("users"."id" = 25586) AND ( ("users"."type" = 'Client' ) ) [0m
  [4;36;1mAnalyzing Client Load Execution Time: 0.002025

[0m   [0;1mIndex Scan using users_pkey on users  (cost=0.00..8.27 rows=1 width=574)
   Index Cond: (id = 25586)
   Filter: ((type)::text = 'Client'::text)
[0m
Rendering clients/edit
  [4;35;1mSQL (6.0ms)[0m   [0mSELECT count(*) AS count_all FROM "listings" WHERE ("listings".user_id = 25586 AND (enabled IS TRUE)) [0m
  [4;36;1mAnalyzing  Execution Time: 0.008512

[0m   [0;1mAggregate  (cost=1615.81..1615.82 rows=1 width=0)
   ->  Index Scan using index_listings_on_id_and_user_id_and_title on listings  (cost=0.00..1615.79 rows=4 width=0)
         Index Cond: (user_id = 25586)
         Filter: (enabled IS TRUE)
[0m
  [4;35;1mListing Load (2.3ms)[0m   [0mSELECT * FROM "listings" WHERE ("listings".user_id = 25586) [0m
  [4;36;1mAnalyzing Listing Load Execution Time: 0.003144

[0m   [0;1mIndex Scan using index_listings_on_id_and_user_id_and_title on listings  (cost=0.00..1615.79 rows=4 width=1172)
   Index Cond: (user_id = 25586)
[0m
  [4;35;1mFacilityInfo Load (1.4ms)[0m   [0mSELECT * FROM "facility_infos" WHERE ("facility_infos".listing_id = 113291) LIMIT 1[0m
  [4;36;1mAnalyzing FacilityInfo Load Execution Time: 0.001823

[0m   [0;1mLimit  (cost=0.00..10.00 rows=1 width=8362)
   ->  Seq Scan on facility_infos  (cost=0.00..10.00 rows=1 width=8362)
         Filter: (listing_id = 113291)
[0m
  [4;35;1mCACHE (0.0ms)[0m   [0mSELECT * FROM "users" WHERE ("users"."id" = 25586) AND ( ("users"."type" = 'Client' ) ) [0m
  [4;36;1mSQL (3.4ms)[0m   [0;1mSELECT count(*) AS count_all FROM "business_hours" WHERE ("business_hours".listing_id = 113291) [0m
  [4;35;1mAnalyzing  Execution Time: 0.004548

[0m   [0mAggregate  (cost=99.56..99.57 rows=1 width=0)
   ->  Seq Scan on business_hours  (cost=0.00..99.53 rows=13 width=0)
         Filter: (listing_id = 113291)
[0m
  [4;36;1mSQL (1.8ms)[0m   [0;1mSELECT count(*) AS count_all FROM "facility_features" INNER JOIN "listing_features" ON "facility_features".id = "listing_features".facility_feature_id WHERE (("listing_features".listing_id = 113291)) [0m
  [4;35;1mAnalyzing  Execution Time: 0.002138

[0m   [0mAggregate  (cost=51.87..51.88 rows=1 width=0)
   ->  Hash Join  (cost=12.93..51.85 rows=8 width=0)
         Hash Cond: (listing_features.facility_feature_id = facility_features.id)
         ->  Seq Scan on listing_features  (cost=0.00..38.81 rows=8 width=4)
               Filter: (listing_id = 113291)
         ->  Hash  (cost=11.30..11.30 rows=130 width=4)
               ->  Seq Scan on facility_features  (cost=0.00..11.30 rows=130 width=4)
[0m
  [4;36;1mCACHE (0.0ms)[0m   [0;1mSELECT count(*) AS count_all FROM "facility_features" INNER JOIN "listing_features" ON "facility_features".id = "listing_features".facility_feature_id WHERE (("listing_features".listing_id = 113291)) [0m
  [4;35;1mSQL (0.9ms)[0m   [0mSELECT count(*) AS count_all FROM "sizes" WHERE ("sizes".listing_id = 113291) [0m
  [4;36;1mAnalyzing  Execution Time: 0.001355

[0m   [0;1mAggregate  (cost=18.55..18.56 rows=1 width=0)
   ->  Bitmap Heap Scan on sizes  (cost=4.30..18.53 rows=7 width=0)
         Recheck Cond: (listing_id = 113291)
         ->  Bitmap Index Scan on index_sizes_on_listing_id_and_price  (cost=0.00..4.30 rows=7 width=0)
               Index Cond: (listing_id = 113291)
[0m
  [4;35;1mSQL (1.0ms)[0m   [0mSELECT count(*) AS count_all FROM "pictures" WHERE ("pictures".listing_id = 113291) [0m
  [4;36;1mAnalyzing  Execution Time: 0.001311

[0m   [0;1mAggregate  (cost=15.58..15.59 rows=1 width=0)
   ->  Seq Scan on pictures  (cost=0.00..15.57 rows=3 width=0)
         Filter: (listing_id = 113291)
[0m
  [4;35;1mSQL (1.4ms)[0m   [0mSELECT count(*) AS count_all FROM "comments" WHERE ("comments".commentable_id = 113291 AND "comments".commentable_type = E'Listing') [0m
  [4;36;1mAnalyzing  Execution Time: 0.001792

[0m   [0;1mAggregate  (cost=10.91..10.92 rows=1 width=0)
   ->  Seq Scan on comments  (cost=0.00..10.90 rows=1 width=0)
         Filter: ((commentable_id = 113291) AND ((commentable_type)::text = 'Listing'::text))
[0m
  [4;35;1mPredefinedSpecial Load (1.8ms)[0m   [0mSELECT "predefined_specials".* FROM "predefined_specials" INNER JOIN "predef_special_assigns" ON "predefined_specials".id = "predef_special_assigns".predefined_special_id WHERE (("predef_special_assigns".listing_id = 113291)) [0m
  [4;36;1mAnalyzing PredefinedSpecial Load Execution Time: 0.002223

[0m   [0;1mNested Loop  (cost=0.00..10.27 rows=1 width=1092)
   ->  Seq Scan on predef_special_assigns  (cost=0.00..1.99 rows=1 width=4)
         Filter: (listing_id = 113291)
   ->  Index Scan using predefined_specials_pkey on predefined_specials  (cost=0.00..8.27 rows=1 width=1092)
         Index Cond: (predefined_specials.id = predef_special_assigns.predefined_special_id)
[0m
Rendered listings/_listing (472.4ms)
  [4;35;1mMailingAddress Load (1.0ms)[0m   [0mSELECT * FROM "mailing_addresses" WHERE ("mailing_addresses".user_id = 25586) LIMIT 1[0m
  [4;36;1mAnalyzing MailingAddress Load Execution Time: 0.001486

[0m   [0;1mLimit  (cost=0.00..8.27 rows=1 width=106)
   ->  Index Scan using index_mailing_addresses_on_client_id_and_city_and_state on mailing_addresses  (cost=0.00..8.27 rows=1 width=106)
         Index Cond: (user_id = 25586)
[0m
Rendered clients/_owner_info (29.7ms)
  [4;35;1mUserHintPlacement Load (11.0ms)[0m   [0mSELECT * FROM "user_hint_placements" WHERE ("user_hint_placements".user_id = 25586) [0m
  [4;36;1mAnalyzing UserHintPlacement Load Execution Time: 0.013298

[0m   [0;1mIndex Scan using index_user_hint_placements_on_user_id on user_hint_placements  (cost=0.00..8.39 rows=8 width=33)
   Index Cond: (user_id = 25586)
[0m
Rendered clients/_settings (51.8ms)
Rendered users/_authenticate (3.5ms)
Completed in 1952ms (View: 995, DB: 90) | 200 OK [https://localhost/clients/25586/notes]
** has_many_polymorphs: autoload hook invoked
** has_many_polymorphs: preloading parent model Block
** has_many_polymorphs: associating Block.models
  [4;35;1mSQL (0.2ms)[0m   [0mSET client_min_messages TO 'panic'[0m
  [4;36;1mSQL (0.1ms)[0m   [0;1mSET client_min_messages TO 'notice'[0m
** has_many_polymorphs: preloading parent model View
** has_many_polymorphs: associating View.models
  [4;35;1mSQL (0.1ms)[0m   [0mSET client_min_messages TO 'panic'[0m
  [4;36;1mSQL (0.1ms)[0m   [0;1mSET client_min_messages TO 'notice'[0m


Processing ClientsController#index (for 127.0.0.1 at 2011-04-26 18:29:37) [GET]
  Parameters: {"action"=>"index", "controller"=>"clients"}
  [4;35;1mUser Load (1.7ms)[0m   [0mSELECT * FROM "users" WHERE ("users"."id" = E'1') LIMIT 1[0m
  [4;36;1mAnalyzing User Load Execution Time: 0.002935

[0m   [0;1mLimit  (cost=0.00..8.27 rows=1 width=574)
   ->  Index Scan using users_pkey on users  (cost=0.00..8.27 rows=1 width=574)
         Index Cond: (id = 1)
[0m
  [4;35;1mSQL (0.2ms)[0m   [0mBEGIN[0m
  [4;36;1mUser Update (0.9ms)[0m   [0;1mUPDATE "users" SET "updated_at" = '2011-04-26 22:29:37.749293', "perishable_token" = E'Kc0MR9vzCA1Az5b8Q4KP', "last_request_at" = '2011-04-26 22:29:37.745763' WHERE "id" = 1[0m
  [4;35;1mSQL (4.5ms)[0m   [0mCOMMIT[0m
  [4;36;1mRole Load (0.6ms)[0m   [0;1mSELECT * FROM "roles" WHERE ("roles"."id" = 1) [0m
  [4;35;1mAnalyzing Role Load Execution Time: 0.000969

[0m   [0mIndex Scan using roles_pkey on roles  (cost=0.00..8.27 rows=1 width=536)
   Index Cond: (id = 1)
[0m
  [4;36;1mClient Load (2.9ms)[0m   [0;1mSELECT * FROM "users" WHERE ("users"."status" = E'active') AND ( ("users"."type" = 'Client' ) ) ORDER BY created_at DESC LIMIT 20 OFFSET 0[0m
  [4;35;1mAnalyzing Client Load Execution Time: 0.011108

[0m   [0mLimit  (cost=34.49..34.54 rows=20 width=574)
   ->  Sort  (cost=34.49..35.15 rows=265 width=574)
         Sort Key: created_at
         ->  Seq Scan on users  (cost=0.00..27.44 rows=265 width=574)
               Filter: (((status)::text = 'active'::text) AND ((type)::text = 'Client'::text))
[0m
  [4;36;1mSQL (1.1ms)[0m   [0;1mSELECT count(*) AS count_all FROM "users" WHERE ("users"."status" = E'active') AND ( ("users"."type" = 'Client' ) ) [0m
  [4;35;1mAnalyzing  Execution Time: 0.001381

[0m   [0mAggregate  (cost=28.10..28.11 rows=1 width=0)
   ->  Seq Scan on users  (cost=0.00..27.44 rows=265 width=0)
         Filter: (((status)::text = 'active'::text) AND ((type)::text = 'Client'::text))
[0m
Rendering clients/index
  [4;36;1mSQL (0.8ms)[0m   [0;1mSELECT count(*) AS count_all FROM "users" WHERE ( ("users"."type" = 'Client' ) ) [0m
  [4;35;1mAnalyzing  Execution Time: 0.001234

[0m   [0mAggregate  (cost=27.42..27.43 rows=1 width=0)
   ->  Seq Scan on users  (cost=0.00..26.70 rows=288 width=0)
         Filter: ((type)::text = 'Client'::text)
[0m
  [4;36;1mSQL (5.2ms)[0m   [0;1mSELECT count(*) AS count_all FROM "users" WHERE (status != E'active') AND ( ("users"."type" = 'Client' ) ) [0m
  [4;35;1mAnalyzing  Execution Time: 0.005549

[0m   [0mAggregate  (cost=27.50..27.51 rows=1 width=0)
   ->  Seq Scan on users  (cost=0.00..27.44 rows=23 width=0)
         Filter: (((status)::text <> 'active'::text) AND ((type)::text = 'Client'::text))
[0m
  [4;36;1mCACHE (0.0ms)[0m   [0;1mSELECT count(*) AS count_all FROM "users" WHERE ("users"."status" = E'active') AND ( ("users"."type" = 'Client' ) ) [0m
  [4;35;1mHelptext Load (0.8ms)[0m   [0mSELECT * FROM "helptexts" WHERE ("helptexts"."model" = E'client') LIMIT 1[0m
  [4;36;1mAnalyzing Helptext Load Execution Time: 0.001149

[0m   [0;1mLimit  (cost=0.00..11.50 rows=1 width=601)
   ->  Seq Scan on helptexts  (cost=0.00..11.50 rows=1 width=601)
         Filter: ((model)::text = 'client'::text)
[0m
Rendered helptexts/_helptext (2.2ms)
Rendered shared/_model_new_back_buttons (4.3ms)
Rendered shared/_model_search (2.4ms)
Rendered menus/_view_type_links (18.4ms)
Rendered shared/_model_sort (2.2ms)
  [4;35;1mRole Load (0.4ms)[0m   [0mSELECT * FROM "roles" WHERE ("roles"."id" = 4) [0m
  [4;36;1mAnalyzing Role Load Execution Time: 0.000785

[0m   [0;1mIndex Scan using roles_pkey on roles  (cost=0.00..8.27 rows=1 width=536)
   Index Cond: (id = 4)
[0m
Rendered users/_user_info (28.6ms)
Rendered shared/_edit_delete_link (6.5ms)
  [4;35;1mSQL (3.8ms)[0m   [0mSELECT count(*) AS count_all FROM "listings" WHERE ("listings".user_id = 25586) [0m
  [4;36;1mAnalyzing  Execution Time: 0.004189

[0m   [0;1mAggregate  (cost=1615.81..1615.82 rows=1 width=0)
   ->  Index Scan using index_listings_on_id_and_user_id_and_title on listings  (cost=0.00..1615.79 rows=4 width=0)
         Index Cond: (user_id = 25586)
[0m
  [4;35;1mSQL (1.0ms)[0m   [0mSELECT count(*) AS count_all FROM "claimed_listings" WHERE ("claimed_listings".client_id = 25586) [0m
  [4;36;1mAnalyzing  Execution Time: 0.001348

[0m   [0;1mAggregate  (cost=27.27..27.28 rows=1 width=0)
   ->  Seq Scan on claimed_listings  (cost=0.00..27.25 rows=7 width=0)
         Filter: (client_id = 25586)
[0m
  [4;35;1mCACHE (0.0ms)[0m   [0mSELECT * FROM "roles" WHERE ("roles"."id" = 4) [0m
Rendered users/_user_info (15.7ms)
Rendered shared/_edit_delete_link (7.6ms)
  [4;36;1mSQL (2.2ms)[0m   [0;1mSELECT count(*) AS count_all FROM "listings" WHERE ("listings".user_id = 25584) [0m
  [4;35;1mAnalyzing  Execution Time: 0.003005

[0m   [0mAggregate  (cost=1615.81..1615.82 rows=1 width=0)
   ->  Index Scan using index_listings_on_id_and_user_id_and_title on listings  (cost=0.00..1615.79 rows=4 width=0)
         Index Cond: (user_id = 25584)
[0m
  [4;36;1mSQL (4.4ms)[0m   [0;1mSELECT count(*) AS count_all FROM "claimed_listings" WHERE ("claimed_listings".client_id = 25584) [0m
  [4;35;1mAnalyzing  Execution Time: 0.006047

[0m   [0mAggregate  (cost=27.27..27.28 rows=1 width=0)
   ->  Seq Scan on claimed_listings  (cost=0.00..27.25 rows=7 width=0)
         Filter: (client_id = 25584)
[0m
  [4;36;1mCACHE (0.0ms)[0m   [0;1mSELECT * FROM "roles" WHERE ("roles"."id" = 4) [0m
Rendered users/_user_info (17.6ms)
Rendered shared/_edit_delete_link (5.6ms)
  [4;35;1mSQL (2.2ms)[0m   [0mSELECT count(*) AS count_all FROM "listings" WHERE ("listings".user_id = 25583) [0m
  [4;36;1mAnalyzing  Execution Time: 0.002595

[0m   [0;1mAggregate  (cost=1615.81..1615.82 rows=1 width=0)
   ->  Index Scan using index_listings_on_id_and_user_id_and_title on listings  (cost=0.00..1615.79 rows=4 width=0)
         Index Cond: (user_id = 25583)
[0m
  [4;35;1mSQL (0.3ms)[0m   [0mSELECT count(*) AS count_all FROM "claimed_listings" WHERE ("claimed_listings".client_id = 25583) [0m
  [4;36;1mAnalyzing  Execution Time: 0.00063

[0m   [0;1mAggregate  (cost=27.27..27.28 rows=1 width=0)
   ->  Seq Scan on claimed_listings  (cost=0.00..27.25 rows=7 width=0)
         Filter: (client_id = 25583)
[0m
  [4;35;1mCACHE (0.0ms)[0m   [0mSELECT * FROM "roles" WHERE ("roles"."id" = 4) [0m
Rendered users/_user_info (33.8ms)
Rendered shared/_edit_delete_link (7.1ms)
  [4;36;1mSQL (2.4ms)[0m   [0;1mSELECT count(*) AS count_all FROM "listings" WHERE ("listings".user_id = 25582) [0m
  [4;35;1mAnalyzing  Execution Time: 0.002832

[0m   [0mAggregate  (cost=1615.81..1615.82 rows=1 width=0)
   ->  Index Scan using index_listings_on_id_and_user_id_and_title on listings  (cost=0.00..1615.79 rows=4 width=0)
         Index Cond: (user_id = 25582)
[0m
  [4;36;1mSQL (0.4ms)[0m   [0;1mSELECT count(*) AS count_all FROM "claimed_listings" WHERE ("claimed_listings".client_id = 25582) [0m
  [4;35;1mAnalyzing  Execution Time: 0.000802

[0m   [0mAggregate  (cost=27.27..27.28 rows=1 width=0)
   ->  Seq Scan on claimed_listings  (cost=0.00..27.25 rows=7 width=0)
         Filter: (client_id = 25582)
[0m
  [4;36;1mCACHE (0.0ms)[0m   [0;1mSELECT * FROM "roles" WHERE ("roles"."id" = 4) [0m
Rendered users/_user_info (20.4ms)
Rendered shared/_edit_delete_link (6.5ms)
  [4;35;1mSQL (2.1ms)[0m   [0mSELECT count(*) AS count_all FROM "listings" WHERE ("listings".user_id = 25581) [0m
  [4;36;1mAnalyzing  Execution Time: 0.002524

[0m   [0;1mAggregate  (cost=1615.81..1615.82 rows=1 width=0)
   ->  Index Scan using index_listings_on_id_and_user_id_and_title on listings  (cost=0.00..1615.79 rows=4 width=0)
         Index Cond: (user_id = 25581)
[0m
  [4;35;1mSQL (0.4ms)[0m   [0mSELECT count(*) AS count_all FROM "claimed_listings" WHERE ("claimed_listings".client_id = 25581) [0m
  [4;36;1mAnalyzing  Execution Time: 0.000711

[0m   [0;1mAggregate  (cost=27.27..27.28 rows=1 width=0)
   ->  Seq Scan on claimed_listings  (cost=0.00..27.25 rows=7 width=0)
         Filter: (client_id = 25581)
[0m
  [4;35;1mCACHE (0.0ms)[0m   [0mSELECT * FROM "roles" WHERE ("roles"."id" = 4) [0m
Rendered users/_user_info (22.1ms)
Rendered shared/_edit_delete_link (6.2ms)
  [4;36;1mSQL (2.0ms)[0m   [0;1mSELECT count(*) AS count_all FROM "listings" WHERE ("listings".user_id = 25580) [0m
  [4;35;1mAnalyzing  Execution Time: 0.00246

[0m   [0mAggregate  (cost=1615.81..1615.82 rows=1 width=0)
   ->  Index Scan using index_listings_on_id_and_user_id_and_title on listings  (cost=0.00..1615.79 rows=4 width=0)
         Index Cond: (user_id = 25580)
[0m
  [4;36;1mSQL (0.5ms)[0m   [0;1mSELECT count(*) AS count_all FROM "claimed_listings" WHERE ("claimed_listings".client_id = 25580) [0m
  [4;35;1mAnalyzing  Execution Time: 0.000847

[0m   [0mAggregate  (cost=27.27..27.28 rows=1 width=0)
   ->  Seq Scan on claimed_listings  (cost=0.00..27.25 rows=7 width=0)
         Filter: (client_id = 25580)
[0m
  [4;36;1mCACHE (0.0ms)[0m   [0;1mSELECT * FROM "roles" WHERE ("roles"."id" = 4) [0m
Rendered users/_user_info (17.0ms)
Rendered shared/_edit_delete_link (6.1ms)
  [4;35;1mSQL (3.1ms)[0m   [0mSELECT count(*) AS count_all FROM "listings" WHERE ("listings".user_id = 25579) [0m
  [4;36;1mAnalyzing  Execution Time: 0.003513

[0m   [0;1mAggregate  (cost=1615.81..1615.82 rows=1 width=0)
   ->  Index Scan using index_listings_on_id_and_user_id_and_title on listings  (cost=0.00..1615.79 rows=4 width=0)
         Index Cond: (user_id = 25579)
[0m
  [4;35;1mSQL (0.4ms)[0m   [0mSELECT count(*) AS count_all FROM "claimed_listings" WHERE ("claimed_listings".client_id = 25579) [0m
  [4;36;1mAnalyzing  Execution Time: 0.000864

[0m   [0;1mAggregate  (cost=27.27..27.28 rows=1 width=0)
   ->  Seq Scan on claimed_listings  (cost=0.00..27.25 rows=7 width=0)
         Filter: (client_id = 25579)
[0m
  [4;35;1mCACHE (0.0ms)[0m   [0mSELECT * FROM "roles" WHERE ("roles"."id" = 4) [0m
Rendered users/_user_info (22.6ms)
Rendered shared/_edit_delete_link (8.9ms)
  [4;36;1mSQL (2.7ms)[0m   [0;1mSELECT count(*) AS count_all FROM "listings" WHERE ("listings".user_id = 25577) [0m
  [4;35;1mAnalyzing  Execution Time: 0.003136

[0m   [0mAggregate  (cost=1615.81..1615.82 rows=1 width=0)
   ->  Index Scan using index_listings_on_id_and_user_id_and_title on listings  (cost=0.00..1615.79 rows=4 width=0)
         Index Cond: (user_id = 25577)
[0m
  [4;36;1mSQL (0.4ms)[0m   [0;1mSELECT count(*) AS count_all FROM "claimed_listings" WHERE ("claimed_listings".client_id = 25577) [0m
  [4;35;1mAnalyzing  Execution Time: 0.000756

[0m   [0mAggregate  (cost=27.27..27.28 rows=1 width=0)
   ->  Seq Scan on claimed_listings  (cost=0.00..27.25 rows=7 width=0)
         Filter: (client_id = 25577)
[0m
  [4;36;1mCACHE (0.0ms)[0m   [0;1mSELECT * FROM "roles" WHERE ("roles"."id" = 4) [0m
Rendered users/_user_info (17.8ms)
Rendered shared/_edit_delete_link (6.6ms)
  [4;35;1mSQL (2.5ms)[0m   [0mSELECT count(*) AS count_all FROM "listings" WHERE ("listings".user_id = 25575) [0m
  [4;36;1mAnalyzing  Execution Time: 0.003213

[0m   [0;1mAggregate  (cost=1615.81..1615.82 rows=1 width=0)
   ->  Index Scan using index_listings_on_id_and_user_id_and_title on listings  (cost=0.00..1615.79 rows=4 width=0)
         Index Cond: (user_id = 25575)
[0m
  [4;35;1mSQL (0.5ms)[0m   [0mSELECT count(*) AS count_all FROM "claimed_listings" WHERE ("claimed_listings".client_id = 25575) [0m
  [4;36;1mAnalyzing  Execution Time: 0.000793

[0m   [0;1mAggregate  (cost=27.27..27.28 rows=1 width=0)
   ->  Seq Scan on claimed_listings  (cost=0.00..27.25 rows=7 width=0)
         Filter: (client_id = 25575)
[0m
  [4;35;1mCACHE (0.0ms)[0m   [0mSELECT * FROM "roles" WHERE ("roles"."id" = 4) [0m
Rendered users/_user_info (17.7ms)
Rendered shared/_edit_delete_link (6.1ms)
  [4;36;1mSQL (2.6ms)[0m   [0;1mSELECT count(*) AS count_all FROM "listings" WHERE ("listings".user_id = 25573) [0m
  [4;35;1mAnalyzing  Execution Time: 0.003006

[0m   [0mAggregate  (cost=1615.81..1615.82 rows=1 width=0)
   ->  Index Scan using index_listings_on_id_and_user_id_and_title on listings  (cost=0.00..1615.79 rows=4 width=0)
         Index Cond: (user_id = 25573)
[0m
  [4;36;1mSQL (0.5ms)[0m   [0;1mSELECT count(*) AS count_all FROM "claimed_listings" WHERE ("claimed_listings".client_id = 25573) [0m
  [4;35;1mAnalyzing  Execution Time: 0.000918

[0m   [0mAggregate  (cost=27.27..27.28 rows=1 width=0)
   ->  Seq Scan on claimed_listings  (cost=0.00..27.25 rows=7 width=0)
         Filter: (client_id = 25573)
[0m
  [4;36;1mCACHE (0.0ms)[0m   [0;1mSELECT * FROM "roles" WHERE ("roles"."id" = 4) [0m
Rendered users/_user_info (17.9ms)
Rendered shared/_edit_delete_link (5.9ms)
  [4;35;1mSQL (10.1ms)[0m   [0mSELECT count(*) AS count_all FROM "listings" WHERE ("listings".user_id = 25571) [0m
  [4;36;1mAnalyzing  Execution Time: 0.01056

[0m   [0;1mAggregate  (cost=1615.81..1615.82 rows=1 width=0)
   ->  Index Scan using index_listings_on_id_and_user_id_and_title on listings  (cost=0.00..1615.79 rows=4 width=0)
         Index Cond: (user_id = 25571)
[0m
  [4;35;1mSQL (0.5ms)[0m   [0mSELECT count(*) AS count_all FROM "claimed_listings" WHERE ("claimed_listings".client_id = 25571) [0m
  [4;36;1mAnalyzing  Execution Time: 0.000947

[0m   [0;1mAggregate  (cost=27.27..27.28 rows=1 width=0)
   ->  Seq Scan on claimed_listings  (cost=0.00..27.25 rows=7 width=0)
         Filter: (client_id = 25571)
[0m
  [4;35;1mCACHE (0.0ms)[0m   [0mSELECT * FROM "roles" WHERE ("roles"."id" = 4) [0m
Rendered users/_user_info (27.1ms)
Rendered shared/_edit_delete_link (6.6ms)
  [4;36;1mSQL (2.2ms)[0m   [0;1mSELECT count(*) AS count_all FROM "listings" WHERE ("listings".user_id = 25570) [0m
  [4;35;1mAnalyzing  Execution Time: 0.002611

[0m   [0mAggregate  (cost=1615.81..1615.82 rows=1 width=0)
   ->  Index Scan using index_listings_on_id_and_user_id_and_title on listings  (cost=0.00..1615.79 rows=4 width=0)
         Index Cond: (user_id = 25570)
[0m
  [4;36;1mSQL (0.4ms)[0m   [0;1mSELECT count(*) AS count_all FROM "claimed_listings" WHERE ("claimed_listings".client_id = 25570) [0m
  [4;35;1mAnalyzing  Execution Time: 0.000749

[0m   [0mAggregate  (cost=27.27..27.28 rows=1 width=0)
   ->  Seq Scan on claimed_listings  (cost=0.00..27.25 rows=7 width=0)
         Filter: (client_id = 25570)
[0m
  [4;36;1mCACHE (0.0ms)[0m   [0;1mSELECT * FROM "roles" WHERE ("roles"."id" = 4) [0m
Rendered users/_user_info (28.6ms)
Rendered shared/_edit_delete_link (13.7ms)
  [4;35;1mSQL (3.3ms)[0m   [0mSELECT count(*) AS count_all FROM "listings" WHERE ("listings".user_id = 25567) [0m
  [4;36;1mAnalyzing  Execution Time: 0.003726

[0m   [0;1mAggregate  (cost=1615.81..1615.82 rows=1 width=0)
   ->  Index Scan using index_listings_on_id_and_user_id_and_title on listings  (cost=0.00..1615.79 rows=4 width=0)
         Index Cond: (user_id = 25567)
[0m
  [4;35;1mSQL (0.7ms)[0m   [0mSELECT count(*) AS count_all FROM "claimed_listings" WHERE ("claimed_listings".client_id = 25567) [0m
  [4;36;1mAnalyzing  Execution Time: 0.001024

[0m   [0;1mAggregate  (cost=27.27..27.28 rows=1 width=0)
   ->  Seq Scan on claimed_listings  (cost=0.00..27.25 rows=7 width=0)
         Filter: (client_id = 25567)
[0m
  [4;35;1mCACHE (0.0ms)[0m   [0mSELECT * FROM "roles" WHERE ("roles"."id" = 4) [0m
Rendered users/_user_info (16.9ms)
Rendered shared/_edit_delete_link (6.4ms)
  [4;36;1mSQL (3.6ms)[0m   [0;1mSELECT count(*) AS count_all FROM "listings" WHERE ("listings".user_id = 25565) [0m
  [4;35;1mAnalyzing  Execution Time: 0.004051

[0m   [0mAggregate  (cost=1615.81..1615.82 rows=1 width=0)
   ->  Index Scan using index_listings_on_id_and_user_id_and_title on listings  (cost=0.00..1615.79 rows=4 width=0)
         Index Cond: (user_id = 25565)
[0m
  [4;36;1mSQL (0.9ms)[0m   [0;1mSELECT count(*) AS count_all FROM "claimed_listings" WHERE ("claimed_listings".client_id = 25565) [0m
  [4;35;1mAnalyzing  Execution Time: 0.001386

[0m   [0mAggregate  (cost=27.27..27.28 rows=1 width=0)
   ->  Seq Scan on claimed_listings  (cost=0.00..27.25 rows=7 width=0)
         Filter: (client_id = 25565)
[0m
  [4;36;1mCACHE (0.0ms)[0m   [0;1mSELECT * FROM "roles" WHERE ("roles"."id" = 4) [0m
Rendered users/_user_info (23.6ms)
Rendered shared/_edit_delete_link (6.3ms)
  [4;35;1mSQL (2.3ms)[0m   [0mSELECT count(*) AS count_all FROM "listings" WHERE ("listings".user_id = 25564) [0m
  [4;36;1mAnalyzing  Execution Time: 0.002657

[0m   [0;1mAggregate  (cost=1615.81..1615.82 rows=1 width=0)
   ->  Index Scan using index_listings_on_id_and_user_id_and_title on listings  (cost=0.00..1615.79 rows=4 width=0)
         Index Cond: (user_id = 25564)
[0m
  [4;35;1mSQL (0.5ms)[0m   [0mSELECT count(*) AS count_all FROM "claimed_listings" WHERE ("claimed_listings".client_id = 25564) [0m
  [4;36;1mAnalyzing  Execution Time: 0.001206

[0m   [0;1mAggregate  (cost=27.27..27.28 rows=1 width=0)
   ->  Seq Scan on claimed_listings  (cost=0.00..27.25 rows=7 width=0)
         Filter: (client_id = 25564)
[0m
  [4;35;1mCACHE (0.0ms)[0m   [0mSELECT * FROM "roles" WHERE ("roles"."id" = 4) [0m
Rendered users/_user_info (20.4ms)
Rendered shared/_edit_delete_link (7.3ms)
  [4;36;1mSQL (3.0ms)[0m   [0;1mSELECT count(*) AS count_all FROM "listings" WHERE ("listings".user_id = 25563) [0m
  [4;35;1mAnalyzing  Execution Time: 0.003366

[0m   [0mAggregate  (cost=1615.81..1615.82 rows=1 width=0)
   ->  Index Scan using index_listings_on_id_and_user_id_and_title on listings  (cost=0.00..1615.79 rows=4 width=0)
         Index Cond: (user_id = 25563)
[0m
  [4;36;1mSQL (0.4ms)[0m   [0;1mSELECT count(*) AS count_all FROM "claimed_listings" WHERE ("claimed_listings".client_id = 25563) [0m
  [4;35;1mAnalyzing  Execution Time: 0.000753

[0m   [0mAggregate  (cost=27.27..27.28 rows=1 width=0)
   ->  Seq Scan on claimed_listings  (cost=0.00..27.25 rows=7 width=0)
         Filter: (client_id = 25563)
[0m
  [4;36;1mCACHE (0.0ms)[0m   [0;1mSELECT * FROM "roles" WHERE ("roles"."id" = 4) [0m
Rendered users/_user_info (22.9ms)
Rendered shared/_edit_delete_link (7.2ms)
  [4;35;1mSQL (2.8ms)[0m   [0mSELECT count(*) AS count_all FROM "listings" WHERE ("listings".user_id = 25562) [0m
  [4;36;1mAnalyzing  Execution Time: 0.00325

[0m   [0;1mAggregate  (cost=1615.81..1615.82 rows=1 width=0)
   ->  Index Scan using index_listings_on_id_and_user_id_and_title on listings  (cost=0.00..1615.79 rows=4 width=0)
         Index Cond: (user_id = 25562)
[0m
  [4;35;1mSQL (0.4ms)[0m   [0mSELECT count(*) AS count_all FROM "claimed_listings" WHERE ("claimed_listings".client_id = 25562) [0m
  [4;36;1mAnalyzing  Execution Time: 0.002143

[0m   [0;1mAggregate  (cost=27.27..27.28 rows=1 width=0)
   ->  Seq Scan on claimed_listings  (cost=0.00..27.25 rows=7 width=0)
         Filter: (client_id = 25562)
[0m
  [4;35;1mCACHE (0.0ms)[0m   [0mSELECT * FROM "roles" WHERE ("roles"."id" = 4) [0m
Rendered users/_user_info (19.2ms)
Rendered shared/_edit_delete_link (6.1ms)
  [4;36;1mSQL (2.5ms)[0m   [0;1mSELECT count(*) AS count_all FROM "listings" WHERE ("listings".user_id = 25560) [0m
  [4;35;1mAnalyzing  Execution Time: 0.002896

[0m   [0mAggregate  (cost=1615.81..1615.82 rows=1 width=0)
   ->  Index Scan using index_listings_on_id_and_user_id_and_title on listings  (cost=0.00..1615.79 rows=4 width=0)
         Index Cond: (user_id = 25560)
[0m
  [4;36;1mSQL (0.4ms)[0m   [0;1mSELECT count(*) AS count_all FROM "claimed_listings" WHERE ("claimed_listings".client_id = 25560) [0m
  [4;35;1mAnalyzing  Execution Time: 0.000737

[0m   [0mAggregate  (cost=27.27..27.28 rows=1 width=0)
   ->  Seq Scan on claimed_listings  (cost=0.00..27.25 rows=7 width=0)
         Filter: (client_id = 25560)
[0m
  [4;36;1mCACHE (0.0ms)[0m   [0;1mSELECT * FROM "roles" WHERE ("roles"."id" = 4) [0m
Rendered users/_user_info (22.4ms)
Rendered shared/_edit_delete_link (6.2ms)
  [4;35;1mSQL (3.0ms)[0m   [0mSELECT count(*) AS count_all FROM "listings" WHERE ("listings".user_id = 25559) [0m
  [4;36;1mAnalyzing  Execution Time: 0.003721

[0m   [0;1mAggregate  (cost=1615.81..1615.82 rows=1 width=0)
   ->  Index Scan using index_listings_on_id_and_user_id_and_title on listings  (cost=0.00..1615.79 rows=4 width=0)
         Index Cond: (user_id = 25559)
[0m
  [4;35;1mSQL (0.4ms)[0m   [0mSELECT count(*) AS count_all FROM "claimed_listings" WHERE ("claimed_listings".client_id = 25559) [0m
  [4;36;1mAnalyzing  Execution Time: 0.001415

[0m   [0;1mAggregate  (cost=27.27..27.28 rows=1 width=0)
   ->  Seq Scan on claimed_listings  (cost=0.00..27.25 rows=7 width=0)
         Filter: (client_id = 25559)
[0m
  [4;35;1mCACHE (0.0ms)[0m   [0mSELECT * FROM "roles" WHERE ("roles"."id" = 4) [0m
Rendered users/_user_info (20.6ms)
Rendered shared/_edit_delete_link (6.4ms)
  [4;36;1mSQL (2.2ms)[0m   [0;1mSELECT count(*) AS count_all FROM "listings" WHERE ("listings".user_id = 25558) [0m
  [4;35;1mAnalyzing  Execution Time: 0.002602

[0m   [0mAggregate  (cost=1615.81..1615.82 rows=1 width=0)
   ->  Index Scan using index_listings_on_id_and_user_id_and_title on listings  (cost=0.00..1615.79 rows=4 width=0)
         Index Cond: (user_id = 25558)
[0m
  [4;36;1mSQL (0.4ms)[0m   [0;1mSELECT count(*) AS count_all FROM "claimed_listings" WHERE ("claimed_listings".client_id = 25558) [0m
  [4;35;1mAnalyzing  Execution Time: 0.000727

[0m   [0mAggregate  (cost=27.27..27.28 rows=1 width=0)
   ->  Seq Scan on claimed_listings  (cost=0.00..27.25 rows=7 width=0)
         Filter: (client_id = 25558)
[0m
Rendered views/_paginate (5.3ms)
Rendered views/partials/_users (2213.9ms)
Rendered shared/_base_model_index (2246.3ms)
Rendered shared/_model_index (2280.9ms)
Completed in 2794ms (View: 2165, DB: 133) | 200 OK [https://localhost/clients]
** has_many_polymorphs: autoload hook invoked
** has_many_polymorphs: preloading parent model Block
** has_many_polymorphs: associating Block.models
  [4;36;1mSQL (0.2ms)[0m   [0;1mSET client_min_messages TO 'panic'[0m
  [4;35;1mSQL (0.1ms)[0m   [0mSET client_min_messages TO 'notice'[0m
** has_many_polymorphs: preloading parent model View
** has_many_polymorphs: associating View.models
  [4;36;1mSQL (0.2ms)[0m   [0;1mSET client_min_messages TO 'panic'[0m
  [4;35;1mSQL (0.1ms)[0m   [0mSET client_min_messages TO 'notice'[0m


Processing ClientsController#show (for 127.0.0.1 at 2011-04-26 18:29:43) [GET]
  Parameters: {"action"=>"show", "id"=>"25586", "controller"=>"clients"}
  [4;36;1mUser Load (1.8ms)[0m   [0;1mSELECT * FROM "users" WHERE ("users"."id" = E'1') LIMIT 1[0m
  [4;35;1mAnalyzing User Load Execution Time: 0.002669

[0m   [0mLimit  (cost=0.00..8.27 rows=1 width=574)
   ->  Index Scan using users_pkey on users  (cost=0.00..8.27 rows=1 width=574)
         Index Cond: (id = 1)
[0m
  [4;36;1mSQL (0.2ms)[0m   [0;1mBEGIN[0m
  [4;35;1mUser Update (1.1ms)[0m   [0mUPDATE "users" SET "updated_at" = '2011-04-26 22:29:44.453228', "perishable_token" = E'XX35C9Rcl4gBcD0hLNvP', "last_request_at" = '2011-04-26 22:29:44.450278' WHERE "id" = 1[0m
  [4;36;1mSQL (0.9ms)[0m   [0;1mCOMMIT[0m
  [4;35;1mRole Load (0.7ms)[0m   [0mSELECT * FROM "roles" WHERE ("roles"."id" = 1) [0m
  [4;36;1mAnalyzing Role Load Execution Time: 0.001076

[0m   [0;1mIndex Scan using roles_pkey on roles  (cost=0.00..8.27 rows=1 width=536)
   Index Cond: (id = 1)
[0m
  [4;35;1mClient Load (1.2ms)[0m   [0mSELECT * FROM "users" WHERE ("users"."id" = 25586) AND ( ("users"."type" = 'Client' ) ) LIMIT 1[0m
  [4;36;1mAnalyzing Client Load Execution Time: 0.001988

[0m   [0;1mLimit  (cost=0.00..8.27 rows=1 width=574)
   ->  Index Scan using users_pkey on users  (cost=0.00..8.27 rows=1 width=574)
         Index Cond: (id = 25586)
         Filter: ((type)::text = 'Client'::text)
[0m
Rendering clients/show
  [4;35;1mUser Load (0.6ms)[0m   [0mSELECT * FROM "users" WHERE ("users"."id" = 25586) [0m
  [4;36;1mAnalyzing User Load Execution Time: 0.001723

[0m   [0;1mIndex Scan using users_pkey on users  (cost=0.00..8.27 rows=1 width=574)
   Index Cond: (id = 25586)
[0m
  [4;35;1mSQL (3.8ms)[0m   [0mSELECT count(*) AS count_all FROM "listings" WHERE ("listings".user_id = 25586 AND (enabled IS TRUE)) [0m
  [4;36;1mAnalyzing  Execution Time: 0.004428

[0m   [0;1mAggregate  (cost=1615.81..1615.82 rows=1 width=0)
   ->  Index Scan using index_listings_on_id_and_user_id_and_title on listings  (cost=0.00..1615.79 rows=4 width=0)
         Index Cond: (user_id = 25586)
         Filter: (enabled IS TRUE)
[0m
  [4;35;1mListing Load (5.1ms)[0m   [0mSELECT * FROM "listings" WHERE ("listings".user_id = 25586) [0m
  [4;36;1mAnalyzing Listing Load Execution Time: 0.005918

[0m   [0;1mIndex Scan using index_listings_on_id_and_user_id_and_title on listings  (cost=0.00..1615.79 rows=4 width=1172)
   Index Cond: (user_id = 25586)
[0m
  [4;35;1mFacilityInfo Load (1.1ms)[0m   [0mSELECT * FROM "facility_infos" WHERE ("facility_infos".listing_id = 113291) LIMIT 1[0m
  [4;36;1mAnalyzing FacilityInfo Load Execution Time: 0.001702

[0m   [0;1mLimit  (cost=0.00..10.00 rows=1 width=8362)
   ->  Seq Scan on facility_infos  (cost=0.00..10.00 rows=1 width=8362)
         Filter: (listing_id = 113291)
[0m
  [4;35;1mRole Load (0.5ms)[0m   [0mSELECT * FROM "roles" WHERE ("roles"."id" = 4) [0m
  [4;36;1mAnalyzing Role Load Execution Time: 0.000846

[0m   [0;1mIndex Scan using roles_pkey on roles  (cost=0.00..8.27 rows=1 width=536)
   Index Cond: (id = 4)
[0m
Rendered users/_user_info (51.0ms)
Rendered notes/_form (4.5ms)
  [4;35;1mNote Load (1.3ms)[0m   [0mSELECT * FROM "notes" WHERE ("notes".user_id = 25586) ORDER BY created_at DESC[0m
  [4;36;1mAnalyzing Note Load Execution Time: 0.002253

[0m   [0;1mSort  (cost=11.63..11.64 rows=1 width=576)
   Sort Key: created_at
   ->  Seq Scan on notes  (cost=0.00..11.62 rows=1 width=576)
         Filter: (user_id = 25586)
[0m
  [4;35;1mUser Load (0.9ms)[0m   [0mSELECT * FROM "users" WHERE ("users"."id" = 1) [0m
  [4;36;1mAnalyzing User Load Execution Time: 0.001597

[0m   [0;1mIndex Scan using users_pkey on users  (cost=0.00..8.27 rows=1 width=574)
   Index Cond: (id = 1)
[0m
Rendered notes/_note (12.5ms)
  [4;35;1mCACHE (0.0ms)[0m   [0mSELECT * FROM "users" WHERE ("users"."id" = 1) [0m
Rendered notes/_note (3.4ms)
  [4;36;1mCACHE (0.0ms)[0m   [0;1mSELECT * FROM "users" WHERE ("users"."id" = 1) [0m
Rendered notes/_note (3.7ms)
  [4;35;1mCACHE (0.0ms)[0m   [0mSELECT * FROM "users" WHERE ("users"."id" = 1) [0m
Rendered notes/_note (2.2ms)
  [4;36;1mCACHE (0.0ms)[0m   [0;1mSELECT * FROM "users" WHERE ("users"."id" = 1) [0m
Rendered notes/_note (7.6ms)
  [4;35;1mCACHE (0.0ms)[0m   [0mSELECT * FROM "users" WHERE ("users"."id" = 1) [0m
Rendered notes/_note (2.5ms)
Rendered notes/_client_notes (116.2ms)
  [4;36;1mSQL (0.7ms)[0m   [0;1mSELECT count(*) AS count_all FROM "claimed_listings" WHERE ("claimed_listings".client_id = 25586) [0m
  [4;35;1mAnalyzing  Execution Time: 0.001201

[0m   [0mAggregate  (cost=27.27..27.28 rows=1 width=0)
   ->  Seq Scan on claimed_listings  (cost=0.00..27.25 rows=7 width=0)
         Filter: (client_id = 25586)
[0m
  [4;36;1mClient Load (0.7ms)[0m   [0;1mSELECT * FROM "users" WHERE ("users"."id" = 25586) AND ( ("users"."type" = 'Client' ) ) [0m
  [4;35;1mAnalyzing Client Load Execution Time: 0.001486

[0m   [0mIndex Scan using users_pkey on users  (cost=0.00..8.27 rows=1 width=574)
   Index Cond: (id = 25586)
   Filter: ((type)::text = 'Client'::text)
[0m
  [4;36;1mSQL (2.5ms)[0m   [0;1mSELECT count(*) AS count_all FROM "business_hours" WHERE ("business_hours".listing_id = 113291) [0m
  [4;35;1mAnalyzing  Execution Time: 0.002905

[0m   [0mAggregate  (cost=99.56..99.57 rows=1 width=0)
   ->  Seq Scan on business_hours  (cost=0.00..99.53 rows=13 width=0)
         Filter: (listing_id = 113291)
[0m
  [4;36;1mSQL (2.8ms)[0m   [0;1mSELECT count(*) AS count_all FROM "facility_features" INNER JOIN "listing_features" ON "facility_features".id = "listing_features".facility_feature_id WHERE (("listing_features".listing_id = 113291)) [0m
  [4;35;1mAnalyzing  Execution Time: 0.003293

[0m   [0mAggregate  (cost=51.87..51.88 rows=1 width=0)
   ->  Hash Join  (cost=12.93..51.85 rows=8 width=0)
         Hash Cond: (listing_features.facility_feature_id = facility_features.id)
         ->  Seq Scan on listing_features  (cost=0.00..38.81 rows=8 width=4)
               Filter: (listing_id = 113291)
         ->  Hash  (cost=11.30..11.30 rows=130 width=4)
               ->  Seq Scan on facility_features  (cost=0.00..11.30 rows=130 width=4)
[0m
  [4;36;1mCACHE (0.0ms)[0m   [0;1mSELECT count(*) AS count_all FROM "facility_features" INNER JOIN "listing_features" ON "facility_features".id = "listing_features".facility_feature_id WHERE (("listing_features".listing_id = 113291)) [0m
  [4;35;1mSQL (1.0ms)[0m   [0mSELECT count(*) AS count_all FROM "sizes" WHERE ("sizes".listing_id = 113291) [0m
  [4;36;1mAnalyzing  Execution Time: 0.001655

[0m   [0;1mAggregate  (cost=18.55..18.56 rows=1 width=0)
   ->  Bitmap Heap Scan on sizes  (cost=4.30..18.53 rows=7 width=0)
         Recheck Cond: (listing_id = 113291)
         ->  Bitmap Index Scan on index_sizes_on_listing_id_and_price  (cost=0.00..4.30 rows=7 width=0)
               Index Cond: (listing_id = 113291)
[0m
  [4;35;1mSQL (1.0ms)[0m   [0mSELECT count(*) AS count_all FROM "pictures" WHERE ("pictures".listing_id = 113291) [0m
  [4;36;1mAnalyzing  Execution Time: 0.001383

[0m   [0;1mAggregate  (cost=15.58..15.59 rows=1 width=0)
   ->  Seq Scan on pictures  (cost=0.00..15.57 rows=3 width=0)
         Filter: (listing_id = 113291)
[0m
  [4;35;1mSQL (1.0ms)[0m   [0mSELECT count(*) AS count_all FROM "comments" WHERE ("comments".commentable_id = 113291 AND "comments".commentable_type = E'Listing') [0m
  [4;36;1mAnalyzing  Execution Time: 0.00135

[0m   [0;1mAggregate  (cost=10.91..10.92 rows=1 width=0)
   ->  Seq Scan on comments  (cost=0.00..10.90 rows=1 width=0)
         Filter: ((commentable_id = 113291) AND ((commentable_type)::text = 'Listing'::text))
[0m
  [4;35;1mPredefinedSpecial Load (3.2ms)[0m   [0mSELECT "predefined_specials".* FROM "predefined_specials" INNER JOIN "predef_special_assigns" ON "predefined_specials".id = "predef_special_assigns".predefined_special_id WHERE (("predef_special_assigns".listing_id = 113291)) [0m
  [4;36;1mAnalyzing PredefinedSpecial Load Execution Time: 0.003597

[0m   [0;1mNested Loop  (cost=0.00..10.27 rows=1 width=1092)
   ->  Seq Scan on predef_special_assigns  (cost=0.00..1.99 rows=1 width=4)
         Filter: (listing_id = 113291)
   ->  Index Scan using predefined_specials_pkey on predefined_specials  (cost=0.00..8.27 rows=1 width=1092)
         Index Cond: (predefined_specials.id = predef_special_assigns.predefined_special_id)
[0m
Rendered listings/_listing (593.0ms)
  [4;35;1mMailingAddress Load (1.1ms)[0m   [0mSELECT * FROM "mailing_addresses" WHERE ("mailing_addresses".user_id = 25586) LIMIT 1[0m
  [4;36;1mAnalyzing MailingAddress Load Execution Time: 0.001636

[0m   [0;1mLimit  (cost=0.00..8.27 rows=1 width=106)
   ->  Index Scan using index_mailing_addresses_on_client_id_and_city_and_state on mailing_addresses  (cost=0.00..8.27 rows=1 width=106)
         Index Cond: (user_id = 25586)
[0m
Rendered clients/_owner_info (298.1ms)
  [4;35;1mUserHintPlacement Load (1.1ms)[0m   [0mSELECT * FROM "user_hint_placements" WHERE ("user_hint_placements".user_id = 25586) [0m
  [4;36;1mAnalyzing UserHintPlacement Load Execution Time: 0.002156

[0m   [0;1mIndex Scan using index_user_hint_placements_on_user_id on user_hint_placements  (cost=0.00..8.39 rows=8 width=33)
   Index Cond: (user_id = 25586)
[0m
  [4;35;1mAccountSetting Load (0.8ms)[0m   [0mSELECT * FROM "account_settings" WHERE ("account_settings".client_id = 25586) LIMIT 1[0m
  [4;36;1mAnalyzing AccountSetting Load Execution Time: 0.001094

[0m   [0;1mLimit  (cost=0.00..1.65 rows=1 width=80)
   ->  Seq Scan on account_settings  (cost=0.00..1.65 rows=1 width=80)
         Filter: (client_id = 25586)
[0m
Rendered clients/_settings (74.4ms)
  [4;35;1mSQL (7.4ms)[0m   [0mSELECT count(*) AS count_all FROM "user_stats" WHERE ("user_stats".user_id = 25586) [0m
  [4;36;1mAnalyzing  Execution Time: 0.007779

[0m   [0;1mAggregate  (cost=678.85..678.86 rows=1 width=0)
   ->  Seq Scan on user_stats  (cost=0.00..678.81 rows=14 width=0)
         Filter: (user_id = 25586)
[0m
  [4;35;1mUserStat Load (0.9ms)[0m   [0mSELECT * FROM "user_stats" WHERE ("user_stats".user_id = 25586) ORDER BY user_stats.id DESC LIMIT 1[0m
  [4;36;1mAnalyzing UserStat Load Execution Time: 0.00128

[0m   [0;1mLimit  (cost=0.00..64.69 rows=1 width=1370)
   ->  Index Scan Backward using user_stats_pkey on user_stats  (cost=0.00..905.65 rows=14 width=1370)
         Filter: (user_id = 25586)
[0m
Rendered user_stats/_user_stat (11.5ms)
Completed in 2261ms (View: 1620, DB: 113) | 200 OK [https://localhost/clients/25586]
** has_many_polymorphs: autoload hook invoked
** has_many_polymorphs: preloading parent model Block
** has_many_polymorphs: associating Block.models
  [4;35;1mSQL (0.2ms)[0m   [0mSET client_min_messages TO 'panic'[0m
  [4;36;1mSQL (8.4ms)[0m   [0;1mSET client_min_messages TO 'notice'[0m
** has_many_polymorphs: preloading parent model View
** has_many_polymorphs: associating View.models
  [4;35;1mSQL (0.2ms)[0m   [0mSET client_min_messages TO 'panic'[0m
  [4;36;1mSQL (0.4ms)[0m   [0;1mSET client_min_messages TO 'notice'[0m


Processing ClientsController#create_note (for 127.0.0.1 at 2011-04-26 18:29:52) [POST]
  Parameters: {"action"=>"create_note", "authenticity_token"=>"dX3RjIMB5BpQweTBexUE9J4Vs3U8uecIJoR6lE05MKY=", "id"=>"25586", "note"=>{"content"=>"AGAIN!"}, "controller"=>"clients"}
  [4;35;1mUser Load (2.0ms)[0m   [0mSELECT * FROM "users" WHERE ("users"."id" = E'1') LIMIT 1[0m
  [4;36;1mAnalyzing User Load Execution Time: 0.002781

[0m   [0;1mLimit  (cost=0.00..8.27 rows=1 width=574)
   ->  Index Scan using users_pkey on users  (cost=0.00..8.27 rows=1 width=574)
         Index Cond: (id = 1)
[0m
  [4;35;1mSQL (0.2ms)[0m   [0mBEGIN[0m
  [4;36;1mUser Update (30.2ms)[0m   [0;1mUPDATE "users" SET "updated_at" = '2011-04-26 22:29:53.172296', "perishable_token" = E'XCjhVRKoNxq9FPOe3EvJ', "last_request_at" = '2011-04-26 22:29:53.168898' WHERE "id" = 1[0m
  [4;35;1mSQL (0.6ms)[0m   [0mCOMMIT[0m
  [4;36;1mRole Load (0.7ms)[0m   [0;1mSELECT * FROM "roles" WHERE ("roles"."id" = 1) [0m
  [4;35;1mAnalyzing Role Load Execution Time: 0.001194

[0m   [0mIndex Scan using roles_pkey on roles  (cost=0.00..8.27 rows=1 width=536)
   Index Cond: (id = 1)
[0m
  [4;36;1mClient Load (1.2ms)[0m   [0;1mSELECT * FROM "users" WHERE ("users"."id" = 25586) AND ( ("users"."type" = 'Client' ) ) [0m
  [4;35;1mAnalyzing Client Load Execution Time: 0.011239

[0m   [0mIndex Scan using users_pkey on users  (cost=0.00..8.27 rows=1 width=574)
   Index Cond: (id = 25586)
   Filter: ((type)::text = 'Client'::text)
[0m
  [4;36;1mSQL (0.2ms)[0m   [0;1mBEGIN[0m
  [4;35;1mSQL (0.7ms)[0m   [0mINSERT INTO "notes" ("created_at", "updated_at", "created_by", "user_id", "content", "status") VALUES('2011-04-26 22:29:53.296434', '2011-04-26 22:29:53.296434', 1, 25586, E'AGAIN!', NULL) RETURNING "id"[0m
  [4;36;1mSQL (0.5ms)[0m   [0;1mCOMMIT[0m
  [4;35;1mClient Load (0.6ms)[0m   [0mSELECT * FROM "users" WHERE ("users"."id" = 25586) AND ( ("users"."type" = 'Client' ) ) [0m
  [4;36;1mAnalyzing Client Load Execution Time: 0.001331

[0m   [0;1mIndex Scan using users_pkey on users  (cost=0.00..8.27 rows=1 width=574)
   Index Cond: (id = 25586)
   Filter: ((type)::text = 'Client'::text)
[0m
  [4;35;1mClient Load (6.9ms)[0m   [0mSELECT * FROM "users" WHERE ( ("users"."type" = 'Client' ) ) [0m
  [4;36;1mAnalyzing Client Load Execution Time: 0.175188

[0m   [0;1mSeq Scan on users  (cost=0.00..26.70 rows=288 width=574)
   Filter: ((type)::text = 'Client'::text)
[0m
Rendering clients/show
  [4;35;1mUser Load (0.6ms)[0m   [0mSELECT * FROM "users" WHERE ("users"."id" = 25586) [0m
  [4;36;1mAnalyzing User Load Execution Time: 0.001628

[0m   [0;1mIndex Scan using users_pkey on users  (cost=0.00..8.27 rows=1 width=574)
   Index Cond: (id = 25586)
[0m
  [4;35;1mSQL (4.5ms)[0m   [0mSELECT count(*) AS count_all FROM "listings" WHERE ("listings".user_id = 25586 AND (enabled IS TRUE)) [0m
  [4;36;1mAnalyzing  Execution Time: 0.010193

[0m   [0;1mAggregate  (cost=1615.81..1615.82 rows=1 width=0)
   ->  Index Scan using index_listings_on_id_and_user_id_and_title on listings  (cost=0.00..1615.79 rows=4 width=0)
         Index Cond: (user_id = 25586)
         Filter: (enabled IS TRUE)
[0m
  [4;35;1mListing Load (5.5ms)[0m   [0mSELECT * FROM "listings" WHERE ("listings".user_id = 25586) [0m
  [4;36;1mAnalyzing Listing Load Execution Time: 0.006401

[0m   [0;1mIndex Scan using index_listings_on_id_and_user_id_and_title on listings  (cost=0.00..1615.79 rows=4 width=1172)
   Index Cond: (user_id = 25586)
[0m
  [4;35;1mFacilityInfo Load (1.7ms)[0m   [0mSELECT * FROM "facility_infos" WHERE ("facility_infos".listing_id = 113291) LIMIT 1[0m
  [4;36;1mAnalyzing FacilityInfo Load Execution Time: 0.002095

[0m   [0;1mLimit  (cost=0.00..10.00 rows=1 width=8362)
   ->  Seq Scan on facility_infos  (cost=0.00..10.00 rows=1 width=8362)
         Filter: (listing_id = 113291)
[0m
  [4;35;1mRole Load (0.4ms)[0m   [0mSELECT * FROM "roles" WHERE ("roles"."id" = 4) [0m
  [4;36;1mAnalyzing Role Load Execution Time: 0.000764

[0m   [0;1mIndex Scan using roles_pkey on roles  (cost=0.00..8.27 rows=1 width=536)
   Index Cond: (id = 4)
[0m
Rendered users/_user_info (22.3ms)
Rendered notes/_form (1.1ms)
  [4;35;1mNote Load (1.2ms)[0m   [0mSELECT * FROM "notes" WHERE ("notes".user_id = 25586) ORDER BY created_at DESC[0m
  [4;36;1mAnalyzing Note Load Execution Time: 0.002197

[0m   [0;1mSort  (cost=11.63..11.64 rows=1 width=576)
   Sort Key: created_at
   ->  Seq Scan on notes  (cost=0.00..11.62 rows=1 width=576)
         Filter: (user_id = 25586)
[0m
  [4;35;1mUser Load (0.8ms)[0m   [0mSELECT * FROM "users" WHERE ("users"."id" = 1) [0m
  [4;36;1mAnalyzing User Load Execution Time: 0.001706

[0m   [0;1mIndex Scan using users_pkey on users  (cost=0.00..8.27 rows=1 width=574)
   Index Cond: (id = 1)
[0m
Rendered notes/_note (10.8ms)
  [4;35;1mCACHE (0.0ms)[0m   [0mSELECT * FROM "users" WHERE ("users"."id" = 1) [0m
Rendered notes/_note (5.5ms)
  [4;36;1mCACHE (0.0ms)[0m   [0;1mSELECT * FROM "users" WHERE ("users"."id" = 1) [0m
Rendered notes/_note (3.7ms)
  [4;35;1mCACHE (0.0ms)[0m   [0mSELECT * FROM "users" WHERE ("users"."id" = 1) [0m
Rendered notes/_note (2.3ms)
  [4;36;1mCACHE (0.0ms)[0m   [0;1mSELECT * FROM "users" WHERE ("users"."id" = 1) [0m
Rendered notes/_note (2.7ms)
  [4;35;1mCACHE (0.0ms)[0m   [0mSELECT * FROM "users" WHERE ("users"."id" = 1) [0m
Rendered notes/_note (2.0ms)
  [4;36;1mCACHE (0.0ms)[0m   [0;1mSELECT * FROM "users" WHERE ("users"."id" = 1) [0m
Rendered notes/_note (2.6ms)
Rendered notes/_client_notes (62.4ms)
  [4;35;1mSQL (0.6ms)[0m   [0mSELECT count(*) AS count_all FROM "claimed_listings" WHERE ("claimed_listings".client_id = 25586) [0m
  [4;36;1mAnalyzing  Execution Time: 0.001009

[0m   [0;1mAggregate  (cost=27.27..27.28 rows=1 width=0)
   ->  Seq Scan on claimed_listings  (cost=0.00..27.25 rows=7 width=0)
         Filter: (client_id = 25586)
[0m
  [4;35;1mCACHE (0.0ms)[0m   [0mSELECT * FROM "users" WHERE ("users"."id" = 25586) AND ( ("users"."type" = 'Client' ) ) [0m
  [4;36;1mSQL (2.5ms)[0m   [0;1mSELECT count(*) AS count_all FROM "business_hours" WHERE ("business_hours".listing_id = 113291) [0m
  [4;35;1mAnalyzing  Execution Time: 0.002853

[0m   [0mAggregate  (cost=99.56..99.57 rows=1 width=0)
   ->  Seq Scan on business_hours  (cost=0.00..99.53 rows=13 width=0)
         Filter: (listing_id = 113291)
[0m
  [4;36;1mSQL (1.6ms)[0m   [0;1mSELECT count(*) AS count_all FROM "facility_features" INNER JOIN "listing_features" ON "facility_features".id = "listing_features".facility_feature_id WHERE (("listing_features".listing_id = 113291)) [0m
  [4;35;1mAnalyzing  Execution Time: 0.002027

[0m   [0mAggregate  (cost=51.87..51.88 rows=1 width=0)
   ->  Hash Join  (cost=12.93..51.85 rows=8 width=0)
         Hash Cond: (listing_features.facility_feature_id = facility_features.id)
         ->  Seq Scan on listing_features  (cost=0.00..38.81 rows=8 width=4)
               Filter: (listing_id = 113291)
         ->  Hash  (cost=11.30..11.30 rows=130 width=4)
               ->  Seq Scan on facility_features  (cost=0.00..11.30 rows=130 width=4)
[0m
  [4;36;1mCACHE (0.0ms)[0m   [0;1mSELECT count(*) AS count_all FROM "facility_features" INNER JOIN "listing_features" ON "facility_features".id = "listing_features".facility_feature_id WHERE (("listing_features".listing_id = 113291)) [0m
  [4;35;1mSQL (0.9ms)[0m   [0mSELECT count(*) AS count_all FROM "sizes" WHERE ("sizes".listing_id = 113291) [0m
  [4;36;1mAnalyzing  Execution Time: 0.001353

[0m   [0;1mAggregate  (cost=18.55..18.56 rows=1 width=0)
   ->  Bitmap Heap Scan on sizes  (cost=4.30..18.53 rows=7 width=0)
         Recheck Cond: (listing_id = 113291)
         ->  Bitmap Index Scan on index_sizes_on_listing_id_and_price  (cost=0.00..4.30 rows=7 width=0)
               Index Cond: (listing_id = 113291)
[0m
  [4;35;1mSQL (0.9ms)[0m   [0mSELECT count(*) AS count_all FROM "pictures" WHERE ("pictures".listing_id = 113291) [0m
  [4;36;1mAnalyzing  Execution Time: 0.001294

[0m   [0;1mAggregate  (cost=15.58..15.59 rows=1 width=0)
   ->  Seq Scan on pictures  (cost=0.00..15.57 rows=3 width=0)
         Filter: (listing_id = 113291)
[0m
  [4;35;1mSQL (0.8ms)[0m   [0mSELECT count(*) AS count_all FROM "comments" WHERE ("comments".commentable_id = 113291 AND "comments".commentable_type = E'Listing') [0m
  [4;36;1mAnalyzing  Execution Time: 0.001189

[0m   [0;1mAggregate  (cost=10.91..10.92 rows=1 width=0)
   ->  Seq Scan on comments  (cost=0.00..10.90 rows=1 width=0)
         Filter: ((commentable_id = 113291) AND ((commentable_type)::text = 'Listing'::text))
[0m
  [4;35;1mPredefinedSpecial Load (2.4ms)[0m   [0mSELECT "predefined_specials".* FROM "predefined_specials" INNER JOIN "predef_special_assigns" ON "predefined_specials".id = "predef_special_assigns".predefined_special_id WHERE (("predef_special_assigns".listing_id = 113291)) [0m
  [4;36;1mAnalyzing PredefinedSpecial Load Execution Time: 0.003002

[0m   [0;1mNested Loop  (cost=0.00..10.27 rows=1 width=1092)
   ->  Seq Scan on predef_special_assigns  (cost=0.00..1.99 rows=1 width=4)
         Filter: (listing_id = 113291)
   ->  Index Scan using predefined_specials_pkey on predefined_specials  (cost=0.00..8.27 rows=1 width=1092)
         Index Cond: (predefined_specials.id = predef_special_assigns.predefined_special_id)
[0m
Rendered listings/_listing (496.8ms)
  [4;35;1mMailingAddress Load (1.2ms)[0m   [0mSELECT * FROM "mailing_addresses" WHERE ("mailing_addresses".user_id = 25586) LIMIT 1[0m
  [4;36;1mAnalyzing MailingAddress Load Execution Time: 0.001669

[0m   [0;1mLimit  (cost=0.00..8.27 rows=1 width=106)
   ->  Index Scan using index_mailing_addresses_on_client_id_and_city_and_state on mailing_addresses  (cost=0.00..8.27 rows=1 width=106)
         Index Cond: (user_id = 25586)
[0m
Rendered clients/_owner_info (272.9ms)
  [4;35;1mUserHintPlacement Load (0.9ms)[0m   [0mSELECT * FROM "user_hint_placements" WHERE ("user_hint_placements".user_id = 25586) [0m
  [4;36;1mAnalyzing UserHintPlacement Load Execution Time: 0.002204

[0m   [0;1mIndex Scan using index_user_hint_placements_on_user_id on user_hint_placements  (cost=0.00..8.39 rows=8 width=33)
   Index Cond: (user_id = 25586)
[0m
  [4;35;1mAccountSetting Load (0.9ms)[0m   [0mSELECT * FROM "account_settings" WHERE ("account_settings".client_id = 25586) LIMIT 1[0m
  [4;36;1mAnalyzing AccountSetting Load Execution Time: 0.001253

[0m   [0;1mLimit  (cost=0.00..1.65 rows=1 width=80)
   ->  Seq Scan on account_settings  (cost=0.00..1.65 rows=1 width=80)
         Filter: (client_id = 25586)
[0m
Rendered clients/_settings (93.3ms)
  [4;35;1mSQL (12.6ms)[0m   [0mSELECT count(*) AS count_all FROM "user_stats" WHERE ("user_stats".user_id = 25586) [0m
  [4;36;1mAnalyzing  Execution Time: 0.013132

[0m   [0;1mAggregate  (cost=678.85..678.86 rows=1 width=0)
   ->  Seq Scan on user_stats  (cost=0.00..678.81 rows=14 width=0)
         Filter: (user_id = 25586)
[0m
  [4;35;1mUserStat Load (1.5ms)[0m   [0mSELECT * FROM "user_stats" WHERE ("user_stats".user_id = 25586) ORDER BY user_stats.id DESC LIMIT 1[0m
  [4;36;1mAnalyzing UserStat Load Execution Time: 0.001922

[0m   [0;1mLimit  (cost=0.00..64.69 rows=1 width=1370)
   ->  Index Scan Backward using user_stats_pkey on user_stats  (cost=0.00..905.65 rows=14 width=1370)
         Filter: (user_id = 25586)
[0m
Rendered user_stats/_user_stat (2.1ms)
Completed in 2150ms (View: 1341, DB: 105) | 200 OK [https://localhost/clients/25586/notes]
** has_many_polymorphs: autoload hook invoked
** has_many_polymorphs: preloading parent model Block
** has_many_polymorphs: associating Block.models
  [4;35;1mSQL (0.2ms)[0m   [0mSET client_min_messages TO 'panic'[0m
  [4;36;1mSQL (0.1ms)[0m   [0;1mSET client_min_messages TO 'notice'[0m
** has_many_polymorphs: preloading parent model View
** has_many_polymorphs: associating View.models
  [4;35;1mSQL (0.2ms)[0m   [0mSET client_min_messages TO 'panic'[0m
  [4;36;1mSQL (0.1ms)[0m   [0;1mSET client_min_messages TO 'notice'[0m


Processing ClientsController#index (for 127.0.0.1 at 2011-04-26 18:30:56) [GET]
  Parameters: {"action"=>"index", "controller"=>"clients"}
  [4;35;1mUser Load (1.9ms)[0m   [0mSELECT * FROM "users" WHERE ("users"."id" = E'1') LIMIT 1[0m
  [4;36;1mAnalyzing User Load Execution Time: 0.002636

[0m   [0;1mLimit  (cost=0.00..8.27 rows=1 width=574)
   ->  Index Scan using users_pkey on users  (cost=0.00..8.27 rows=1 width=574)
         Index Cond: (id = 1)
[0m
  [4;35;1mSQL (0.2ms)[0m   [0mBEGIN[0m
  [4;36;1mUser Update (1.0ms)[0m   [0;1mUPDATE "users" SET "updated_at" = '2011-04-26 22:30:56.432227', "perishable_token" = E'62fpRTJlPyNqyyveqd0o', "last_request_at" = '2011-04-26 22:30:56.429251' WHERE "id" = 1[0m
  [4;35;1mSQL (0.6ms)[0m   [0mCOMMIT[0m
  [4;36;1mRole Load (1.3ms)[0m   [0;1mSELECT * FROM "roles" WHERE ("roles"."id" = 1) [0m
  [4;35;1mAnalyzing Role Load Execution Time: 0.005394

[0m   [0mIndex Scan using roles_pkey on roles  (cost=0.00..8.27 rows=1 width=536)
   Index Cond: (id = 1)
[0m
  [4;36;1mClient Load (3.1ms)[0m   [0;1mSELECT * FROM "users" WHERE ("users"."status" = E'active') AND ( ("users"."type" = 'Client' ) ) ORDER BY created_at DESC LIMIT 20 OFFSET 0[0m
  [4;35;1mAnalyzing Client Load Execution Time: 0.017945

[0m   [0mLimit  (cost=34.49..34.54 rows=20 width=574)
   ->  Sort  (cost=34.49..35.15 rows=265 width=574)
         Sort Key: created_at
         ->  Seq Scan on users  (cost=0.00..27.44 rows=265 width=574)
               Filter: (((status)::text = 'active'::text) AND ((type)::text = 'Client'::text))
[0m
  [4;36;1mSQL (1.1ms)[0m   [0;1mSELECT count(*) AS count_all FROM "users" WHERE ("users"."status" = E'active') AND ( ("users"."type" = 'Client' ) ) [0m
  [4;35;1mAnalyzing  Execution Time: 0.001501

[0m   [0mAggregate  (cost=28.10..28.11 rows=1 width=0)
   ->  Seq Scan on users  (cost=0.00..27.44 rows=265 width=0)
         Filter: (((status)::text = 'active'::text) AND ((type)::text = 'Client'::text))
[0m
Rendering clients/index
  [4;36;1mSQL (0.8ms)[0m   [0;1mSELECT count(*) AS count_all FROM "users" WHERE ( ("users"."type" = 'Client' ) ) [0m
  [4;35;1mAnalyzing  Execution Time: 0.001209

[0m   [0mAggregate  (cost=27.42..27.43 rows=1 width=0)
   ->  Seq Scan on users  (cost=0.00..26.70 rows=288 width=0)
         Filter: ((type)::text = 'Client'::text)
[0m
  [4;36;1mSQL (1.2ms)[0m   [0;1mSELECT count(*) AS count_all FROM "users" WHERE (status != E'active') AND ( ("users"."type" = 'Client' ) ) [0m
  [4;35;1mAnalyzing  Execution Time: 0.001584

[0m   [0mAggregate  (cost=27.50..27.51 rows=1 width=0)
   ->  Seq Scan on users  (cost=0.00..27.44 rows=23 width=0)
         Filter: (((status)::text <> 'active'::text) AND ((type)::text = 'Client'::text))
[0m
  [4;36;1mCACHE (0.0ms)[0m   [0;1mSELECT count(*) AS count_all FROM "users" WHERE ("users"."status" = E'active') AND ( ("users"."type" = 'Client' ) ) [0m
  [4;35;1mHelptext Load (1.1ms)[0m   [0mSELECT * FROM "helptexts" WHERE ("helptexts"."model" = E'client') LIMIT 1[0m
  [4;36;1mAnalyzing Helptext Load Execution Time: 0.001394

[0m   [0;1mLimit  (cost=0.00..11.50 rows=1 width=601)
   ->  Seq Scan on helptexts  (cost=0.00..11.50 rows=1 width=601)
         Filter: ((model)::text = 'client'::text)
[0m
Rendered helptexts/_helptext (2.2ms)
Rendered shared/_model_new_back_buttons (3.8ms)
Rendered shared/_model_search (2.5ms)
Rendered menus/_view_type_links (8.4ms)
Rendered shared/_model_sort (1.8ms)
  [4;35;1mRole Load (0.4ms)[0m   [0mSELECT * FROM "roles" WHERE ("roles"."id" = 4) [0m
  [4;36;1mAnalyzing Role Load Execution Time: 0.000798

[0m   [0;1mIndex Scan using roles_pkey on roles  (cost=0.00..8.27 rows=1 width=536)
   Index Cond: (id = 4)
[0m
Rendered users/_user_info (20.5ms)
Rendered shared/_edit_delete_link (7.0ms)
  [4;35;1mSQL (5.1ms)[0m   [0mSELECT count(*) AS count_all FROM "listings" WHERE ("listings".user_id = 25586) [0m
  [4;36;1mAnalyzing  Execution Time: 0.005468

[0m   [0;1mAggregate  (cost=1615.81..1615.82 rows=1 width=0)
   ->  Index Scan using index_listings_on_id_and_user_id_and_title on listings  (cost=0.00..1615.79 rows=4 width=0)
         Index Cond: (user_id = 25586)
[0m
  [4;35;1mSQL (0.6ms)[0m   [0mSELECT count(*) AS count_all FROM "claimed_listings" WHERE ("claimed_listings".client_id = 25586) [0m
  [4;36;1mAnalyzing  Execution Time: 0.000916

[0m   [0;1mAggregate  (cost=27.27..27.28 rows=1 width=0)
   ->  Seq Scan on claimed_listings  (cost=0.00..27.25 rows=7 width=0)
         Filter: (client_id = 25586)
[0m
  [4;35;1mCACHE (0.0ms)[0m   [0mSELECT * FROM "roles" WHERE ("roles"."id" = 4) [0m
Rendered users/_user_info (25.5ms)
Rendered shared/_edit_delete_link (7.0ms)
  [4;36;1mSQL (2.5ms)[0m   [0;1mSELECT count(*) AS count_all FROM "listings" WHERE ("listings".user_id = 25584) [0m
  [4;35;1mAnalyzing  Execution Time: 0.002838

[0m   [0mAggregate  (cost=1615.81..1615.82 rows=1 width=0)
   ->  Index Scan using index_listings_on_id_and_user_id_and_title on listings  (cost=0.00..1615.79 rows=4 width=0)
         Index Cond: (user_id = 25584)
[0m
  [4;36;1mSQL (0.4ms)[0m   [0;1mSELECT count(*) AS count_all FROM "claimed_listings" WHERE ("claimed_listings".client_id = 25584) [0m
  [4;35;1mAnalyzing  Execution Time: 0.000805

[0m   [0mAggregate  (cost=27.27..27.28 rows=1 width=0)
   ->  Seq Scan on claimed_listings  (cost=0.00..27.25 rows=7 width=0)
         Filter: (client_id = 25584)
[0m
  [4;36;1mCACHE (0.0ms)[0m   [0;1mSELECT * FROM "roles" WHERE ("roles"."id" = 4) [0m
Rendered users/_user_info (42.0ms)
Rendered shared/_edit_delete_link (6.1ms)
  [4;35;1mSQL (3.8ms)[0m   [0mSELECT count(*) AS count_all FROM "listings" WHERE ("listings".user_id = 25583) [0m
  [4;36;1mAnalyzing  Execution Time: 0.00422

[0m   [0;1mAggregate  (cost=1615.81..1615.82 rows=1 width=0)
   ->  Index Scan using index_listings_on_id_and_user_id_and_title on listings  (cost=0.00..1615.79 rows=4 width=0)
         Index Cond: (user_id = 25583)
[0m
  [4;35;1mSQL (31.7ms)[0m   [0mSELECT count(*) AS count_all FROM "claimed_listings" WHERE ("claimed_listings".client_id = 25583) [0m
  [4;36;1mAnalyzing  Execution Time: 0.03212

[0m   [0;1mAggregate  (cost=27.27..27.28 rows=1 width=0)
   ->  Seq Scan on claimed_listings  (cost=0.00..27.25 rows=7 width=0)
         Filter: (client_id = 25583)
[0m
  [4;35;1mCACHE (0.0ms)[0m   [0mSELECT * FROM "roles" WHERE ("roles"."id" = 4) [0m
Rendered users/_user_info (227.9ms)
Rendered shared/_edit_delete_link (6.0ms)
  [4;36;1mSQL (6.8ms)[0m   [0;1mSELECT count(*) AS count_all FROM "listings" WHERE ("listings".user_id = 25582) [0m
  [4;35;1mAnalyzing  Execution Time: 0.007241

[0m   [0mAggregate  (cost=1615.81..1615.82 rows=1 width=0)
   ->  Index Scan using index_listings_on_id_and_user_id_and_title on listings  (cost=0.00..1615.79 rows=4 width=0)
         Index Cond: (user_id = 25582)
[0m
  [4;36;1mSQL (0.6ms)[0m   [0;1mSELECT count(*) AS count_all FROM "claimed_listings" WHERE ("claimed_listings".client_id = 25582) [0m
  [4;35;1mAnalyzing  Execution Time: 0.001077

[0m   [0mAggregate  (cost=27.27..27.28 rows=1 width=0)
   ->  Seq Scan on claimed_listings  (cost=0.00..27.25 rows=7 width=0)
         Filter: (client_id = 25582)
[0m
  [4;36;1mCACHE (0.0ms)[0m   [0;1mSELECT * FROM "roles" WHERE ("roles"."id" = 4) [0m
Rendered users/_user_info (35.2ms)
Rendered shared/_edit_delete_link (15.1ms)
  [4;35;1mSQL (2.6ms)[0m   [0mSELECT count(*) AS count_all FROM "listings" WHERE ("listings".user_id = 25581) [0m
  [4;36;1mAnalyzing  Execution Time: 0.003015

[0m   [0;1mAggregate  (cost=1615.81..1615.82 rows=1 width=0)
   ->  Index Scan using index_listings_on_id_and_user_id_and_title on listings  (cost=0.00..1615.79 rows=4 width=0)
         Index Cond: (user_id = 25581)
[0m
  [4;35;1mSQL (0.5ms)[0m   [0mSELECT count(*) AS count_all FROM "claimed_listings" WHERE ("claimed_listings".client_id = 25581) [0m
  [4;36;1mAnalyzing  Execution Time: 0.000921

[0m   [0;1mAggregate  (cost=27.27..27.28 rows=1 width=0)
   ->  Seq Scan on claimed_listings  (cost=0.00..27.25 rows=7 width=0)
         Filter: (client_id = 25581)
[0m
  [4;35;1mCACHE (0.0ms)[0m   [0mSELECT * FROM "roles" WHERE ("roles"."id" = 4) [0m
Rendered users/_user_info (48.1ms)
Rendered shared/_edit_delete_link (12.3ms)
  [4;36;1mSQL (3.4ms)[0m   [0;1mSELECT count(*) AS count_all FROM "listings" WHERE ("listings".user_id = 25580) [0m
  [4;35;1mAnalyzing  Execution Time: 0.004273

[0m   [0mAggregate  (cost=1615.81..1615.82 rows=1 width=0)
   ->  Index Scan using index_listings_on_id_and_user_id_and_title on listings  (cost=0.00..1615.79 rows=4 width=0)
         Index Cond: (user_id = 25580)
[0m
  [4;36;1mSQL (8.4ms)[0m   [0;1mSELECT count(*) AS count_all FROM "claimed_listings" WHERE ("claimed_listings".client_id = 25580) [0m
  [4;35;1mAnalyzing  Execution Time: 0.008973

[0m   [0mAggregate  (cost=27.27..27.28 rows=1 width=0)
   ->  Seq Scan on claimed_listings  (cost=0.00..27.25 rows=7 width=0)
         Filter: (client_id = 25580)
[0m
  [4;36;1mCACHE (0.0ms)[0m   [0;1mSELECT * FROM "roles" WHERE ("roles"."id" = 4) [0m
Rendered users/_user_info (23.8ms)
Rendered shared/_edit_delete_link (8.7ms)
  [4;35;1mSQL (3.1ms)[0m   [0mSELECT count(*) AS count_all FROM "listings" WHERE ("listings".user_id = 25579) [0m
  [4;36;1mAnalyzing  Execution Time: 0.003472

[0m   [0;1mAggregate  (cost=1615.81..1615.82 rows=1 width=0)
   ->  Index Scan using index_listings_on_id_and_user_id_and_title on listings  (cost=0.00..1615.79 rows=4 width=0)
         Index Cond: (user_id = 25579)
[0m
  [4;35;1mSQL (0.4ms)[0m   [0mSELECT count(*) AS count_all FROM "claimed_listings" WHERE ("claimed_listings".client_id = 25579) [0m
  [4;36;1mAnalyzing  Execution Time: 0.000948

[0m   [0;1mAggregate  (cost=27.27..27.28 rows=1 width=0)
   ->  Seq Scan on claimed_listings  (cost=0.00..27.25 rows=7 width=0)
         Filter: (client_id = 25579)
[0m
  [4;35;1mCACHE (0.0ms)[0m   [0mSELECT * FROM "roles" WHERE ("roles"."id" = 4) [0m
Rendered users/_user_info (42.2ms)
Rendered shared/_edit_delete_link (7.6ms)
  [4;36;1mSQL (3.4ms)[0m   [0;1mSELECT count(*) AS count_all FROM "listings" WHERE ("listings".user_id = 25577) [0m
  [4;35;1mAnalyzing  Execution Time: 0.003753

[0m   [0mAggregate  (cost=1615.81..1615.82 rows=1 width=0)
   ->  Index Scan using index_listings_on_id_and_user_id_and_title on listings  (cost=0.00..1615.79 rows=4 width=0)
         Index Cond: (user_id = 25577)
[0m
  [4;36;1mSQL (0.4ms)[0m   [0;1mSELECT count(*) AS count_all FROM "claimed_listings" WHERE ("claimed_listings".client_id = 25577) [0m
  [4;35;1mAnalyzing  Execution Time: 0.000718

[0m   [0mAggregate  (cost=27.27..27.28 rows=1 width=0)
   ->  Seq Scan on claimed_listings  (cost=0.00..27.25 rows=7 width=0)
         Filter: (client_id = 25577)
[0m
  [4;36;1mCACHE (0.0ms)[0m   [0;1mSELECT * FROM "roles" WHERE ("roles"."id" = 4) [0m
Rendered users/_user_info (38.1ms)
Rendered shared/_edit_delete_link (18.0ms)
  [4;35;1mSQL (3.1ms)[0m   [0mSELECT count(*) AS count_all FROM "listings" WHERE ("listings".user_id = 25575) [0m
  [4;36;1mAnalyzing  Execution Time: 0.003931

[0m   [0;1mAggregate  (cost=1615.81..1615.82 rows=1 width=0)
   ->  Index Scan using index_listings_on_id_and_user_id_and_title on listings  (cost=0.00..1615.79 rows=4 width=0)
         Index Cond: (user_id = 25575)
[0m
  [4;35;1mSQL (0.7ms)[0m   [0mSELECT count(*) AS count_all FROM "claimed_listings" WHERE ("claimed_listings".client_id = 25575) [0m
  [4;36;1mAnalyzing  Execution Time: 0.001151

[0m   [0;1mAggregate  (cost=27.27..27.28 rows=1 width=0)
   ->  Seq Scan on claimed_listings  (cost=0.00..27.25 rows=7 width=0)
         Filter: (client_id = 25575)
[0m
  [4;35;1mCACHE (0.0ms)[0m   [0mSELECT * FROM "roles" WHERE ("roles"."id" = 4) [0m
Rendered users/_user_info (54.2ms)
Rendered shared/_edit_delete_link (10.4ms)
  [4;36;1mSQL (2.4ms)[0m   [0;1mSELECT count(*) AS count_all FROM "listings" WHERE ("listings".user_id = 25573) [0m
  [4;35;1mAnalyzing  Execution Time: 0.002763

[0m   [0mAggregate  (cost=1615.81..1615.82 rows=1 width=0)
   ->  Index Scan using index_listings_on_id_and_user_id_and_title on listings  (cost=0.00..1615.79 rows=4 width=0)
         Index Cond: (user_id = 25573)
[0m
  [4;36;1mSQL (0.6ms)[0m   [0;1mSELECT count(*) AS count_all FROM "claimed_listings" WHERE ("claimed_listings".client_id = 25573) [0m
  [4;35;1mAnalyzing  Execution Time: 0.00096

[0m   [0mAggregate  (cost=27.27..27.28 rows=1 width=0)
   ->  Seq Scan on claimed_listings  (cost=0.00..27.25 rows=7 width=0)
         Filter: (client_id = 25573)
[0m
  [4;36;1mCACHE (0.0ms)[0m   [0;1mSELECT * FROM "roles" WHERE ("roles"."id" = 4) [0m
Rendered users/_user_info (408.9ms)
Rendered shared/_edit_delete_link (27.0ms)
  [4;35;1mSQL (5.8ms)[0m   [0mSELECT count(*) AS count_all FROM "listings" WHERE ("listings".user_id = 25571) [0m
  [4;36;1mAnalyzing  Execution Time: 0.006242

[0m   [0;1mAggregate  (cost=1615.81..1615.82 rows=1 width=0)
   ->  Index Scan using index_listings_on_id_and_user_id_and_title on listings  (cost=0.00..1615.79 rows=4 width=0)
         Index Cond: (user_id = 25571)
[0m
  [4;35;1mSQL (0.4ms)[0m   [0mSELECT count(*) AS count_all FROM "claimed_listings" WHERE ("claimed_listings".client_id = 25571) [0m
  [4;36;1mAnalyzing  Execution Time: 0.000762

[0m   [0;1mAggregate  (cost=27.27..27.28 rows=1 width=0)
   ->  Seq Scan on claimed_listings  (cost=0.00..27.25 rows=7 width=0)
         Filter: (client_id = 25571)
[0m
  [4;35;1mCACHE (0.0ms)[0m   [0mSELECT * FROM "roles" WHERE ("roles"."id" = 4) [0m
Rendered users/_user_info (18.5ms)
Rendered shared/_edit_delete_link (5.7ms)
  [4;36;1mSQL (2.0ms)[0m   [0;1mSELECT count(*) AS count_all FROM "listings" WHERE ("listings".user_id = 25570) [0m
  [4;35;1mAnalyzing  Execution Time: 0.002682

[0m   [0mAggregate  (cost=1615.81..1615.82 rows=1 width=0)
   ->  Index Scan using index_listings_on_id_and_user_id_and_title on listings  (cost=0.00..1615.79 rows=4 width=0)
         Index Cond: (user_id = 25570)
[0m
  [4;36;1mSQL (0.4ms)[0m   [0;1mSELECT count(*) AS count_all FROM "claimed_listings" WHERE ("claimed_listings".client_id = 25570) [0m
  [4;35;1mAnalyzing  Execution Time: 0.000816

[0m   [0mAggregate  (cost=27.27..27.28 rows=1 width=0)
   ->  Seq Scan on claimed_listings  (cost=0.00..27.25 rows=7 width=0)
         Filter: (client_id = 25570)
[0m
  [4;36;1mCACHE (0.0ms)[0m   [0;1mSELECT * FROM "roles" WHERE ("roles"."id" = 4) [0m
Rendered users/_user_info (29.5ms)
Rendered shared/_edit_delete_link (10.8ms)
  [4;35;1mSQL (3.8ms)[0m   [0mSELECT count(*) AS count_all FROM "listings" WHERE ("listings".user_id = 25567) [0m
  [4;36;1mAnalyzing  Execution Time: 0.004217

[0m   [0;1mAggregate  (cost=1615.81..1615.82 rows=1 width=0)
   ->  Index Scan using index_listings_on_id_and_user_id_and_title on listings  (cost=0.00..1615.79 rows=4 width=0)
         Index Cond: (user_id = 25567)
[0m
  [4;35;1mSQL (0.5ms)[0m   [0mSELECT count(*) AS count_all FROM "claimed_listings" WHERE ("claimed_listings".client_id = 25567) [0m
  [4;36;1mAnalyzing  Execution Time: 0.000829

[0m   [0;1mAggregate  (cost=27.27..27.28 rows=1 width=0)
   ->  Seq Scan on claimed_listings  (cost=0.00..27.25 rows=7 width=0)
         Filter: (client_id = 25567)
[0m
  [4;35;1mCACHE (0.0ms)[0m   [0mSELECT * FROM "roles" WHERE ("roles"."id" = 4) [0m
Rendered users/_user_info (34.9ms)
Rendered shared/_edit_delete_link (17.7ms)
  [4;36;1mSQL (6.1ms)[0m   [0;1mSELECT count(*) AS count_all FROM "listings" WHERE ("listings".user_id = 25565) [0m
  [4;35;1mAnalyzing  Execution Time: 0.006498

[0m   [0mAggregate  (cost=1615.81..1615.82 rows=1 width=0)
   ->  Index Scan using index_listings_on_id_and_user_id_and_title on listings  (cost=0.00..1615.79 rows=4 width=0)
         Index Cond: (user_id = 25565)
[0m
  [4;36;1mSQL (2.3ms)[0m   [0;1mSELECT count(*) AS count_all FROM "claimed_listings" WHERE ("claimed_listings".client_id = 25565) [0m
  [4;35;1mAnalyzing  Execution Time: 0.002833

[0m   [0mAggregate  (cost=27.27..27.28 rows=1 width=0)
   ->  Seq Scan on claimed_listings  (cost=0.00..27.25 rows=7 width=0)
         Filter: (client_id = 25565)
[0m
  [4;36;1mCACHE (0.0ms)[0m   [0;1mSELECT * FROM "roles" WHERE ("roles"."id" = 4) [0m
Rendered users/_user_info (38.9ms)
Rendered shared/_edit_delete_link (5.4ms)
  [4;35;1mSQL (4.3ms)[0m   [0mSELECT count(*) AS count_all FROM "listings" WHERE ("listings".user_id = 25564) [0m
  [4;36;1mAnalyzing  Execution Time: 0.004702

[0m   [0;1mAggregate  (cost=1615.81..1615.82 rows=1 width=0)
   ->  Index Scan using index_listings_on_id_and_user_id_and_title on listings  (cost=0.00..1615.79 rows=4 width=0)
         Index Cond: (user_id = 25564)
[0m
  [4;35;1mSQL (8.4ms)[0m   [0mSELECT count(*) AS count_all FROM "claimed_listings" WHERE ("claimed_listings".client_id = 25564) [0m
  [4;36;1mAnalyzing  Execution Time: 0.008764

[0m   [0;1mAggregate  (cost=27.27..27.28 rows=1 width=0)
   ->  Seq Scan on claimed_listings  (cost=0.00..27.25 rows=7 width=0)
         Filter: (client_id = 25564)
[0m
  [4;35;1mCACHE (0.0ms)[0m   [0mSELECT * FROM "roles" WHERE ("roles"."id" = 4) [0m
Rendered users/_user_info (36.0ms)
Rendered shared/_edit_delete_link (13.1ms)
  [4;36;1mSQL (8.6ms)[0m   [0;1mSELECT count(*) AS count_all FROM "listings" WHERE ("listings".user_id = 25563) [0m
  [4;35;1mAnalyzing  Execution Time: 0.008999

[0m   [0mAggregate  (cost=1615.81..1615.82 rows=1 width=0)
   ->  Index Scan using index_listings_on_id_and_user_id_and_title on listings  (cost=0.00..1615.79 rows=4 width=0)
         Index Cond: (user_id = 25563)
[0m
  [4;36;1mSQL (0.7ms)[0m   [0;1mSELECT count(*) AS count_all FROM "claimed_listings" WHERE ("claimed_listings".client_id = 25563) [0m
  [4;35;1mAnalyzing  Execution Time: 0.001117

[0m   [0mAggregate  (cost=27.27..27.28 rows=1 width=0)
   ->  Seq Scan on claimed_listings  (cost=0.00..27.25 rows=7 width=0)
         Filter: (client_id = 25563)
[0m
  [4;36;1mCACHE (0.0ms)[0m   [0;1mSELECT * FROM "roles" WHERE ("roles"."id" = 4) [0m
Rendered users/_user_info (21.3ms)
Rendered shared/_edit_delete_link (9.6ms)
  [4;35;1mSQL (2.4ms)[0m   [0mSELECT count(*) AS count_all FROM "listings" WHERE ("listings".user_id = 25562) [0m
  [4;36;1mAnalyzing  Execution Time: 0.002806

[0m   [0;1mAggregate  (cost=1615.81..1615.82 rows=1 width=0)
   ->  Index Scan using index_listings_on_id_and_user_id_and_title on listings  (cost=0.00..1615.79 rows=4 width=0)
         Index Cond: (user_id = 25562)
[0m
  [4;35;1mSQL (0.4ms)[0m   [0mSELECT count(*) AS count_all FROM "claimed_listings" WHERE ("claimed_listings".client_id = 25562) [0m
  [4;36;1mAnalyzing  Execution Time: 0.000784

[0m   [0;1mAggregate  (cost=27.27..27.28 rows=1 width=0)
   ->  Seq Scan on claimed_listings  (cost=0.00..27.25 rows=7 width=0)
         Filter: (client_id = 25562)
[0m
  [4;35;1mCACHE (0.0ms)[0m   [0mSELECT * FROM "roles" WHERE ("roles"."id" = 4) [0m
Rendered users/_user_info (24.4ms)
Rendered shared/_edit_delete_link (9.4ms)
  [4;36;1mSQL (2.5ms)[0m   [0;1mSELECT count(*) AS count_all FROM "listings" WHERE ("listings".user_id = 25560) [0m
  [4;35;1mAnalyzing  Execution Time: 0.003024

[0m   [0mAggregate  (cost=1615.81..1615.82 rows=1 width=0)
   ->  Index Scan using index_listings_on_id_and_user_id_and_title on listings  (cost=0.00..1615.79 rows=4 width=0)
         Index Cond: (user_id = 25560)
[0m
  [4;36;1mSQL (4.3ms)[0m   [0;1mSELECT count(*) AS count_all FROM "claimed_listings" WHERE ("claimed_listings".client_id = 25560) [0m
  [4;35;1mAnalyzing  Execution Time: 0.004732

[0m   [0mAggregate  (cost=27.27..27.28 rows=1 width=0)
   ->  Seq Scan on claimed_listings  (cost=0.00..27.25 rows=7 width=0)
         Filter: (client_id = 25560)
[0m
  [4;36;1mCACHE (0.0ms)[0m   [0;1mSELECT * FROM "roles" WHERE ("roles"."id" = 4) [0m
Rendered users/_user_info (27.0ms)
Rendered shared/_edit_delete_link (6.3ms)
  [4;35;1mSQL (2.3ms)[0m   [0mSELECT count(*) AS count_all FROM "listings" WHERE ("listings".user_id = 25559) [0m
  [4;36;1mAnalyzing  Execution Time: 0.002654

[0m   [0;1mAggregate  (cost=1615.81..1615.82 rows=1 width=0)
   ->  Index Scan using index_listings_on_id_and_user_id_and_title on listings  (cost=0.00..1615.79 rows=4 width=0)
         Index Cond: (user_id = 25559)
[0m
  [4;35;1mSQL (0.4ms)[0m   [0mSELECT count(*) AS count_all FROM "claimed_listings" WHERE ("claimed_listings".client_id = 25559) [0m
  [4;36;1mAnalyzing  Execution Time: 0.001068

[0m   [0;1mAggregate  (cost=27.27..27.28 rows=1 width=0)
   ->  Seq Scan on claimed_listings  (cost=0.00..27.25 rows=7 width=0)
         Filter: (client_id = 25559)
[0m
  [4;35;1mCACHE (0.0ms)[0m   [0mSELECT * FROM "roles" WHERE ("roles"."id" = 4) [0m
Rendered users/_user_info (33.4ms)
Rendered shared/_edit_delete_link (33.8ms)
  [4;36;1mSQL (2.2ms)[0m   [0;1mSELECT count(*) AS count_all FROM "listings" WHERE ("listings".user_id = 25558) [0m
  [4;35;1mAnalyzing  Execution Time: 0.002614

[0m   [0mAggregate  (cost=1615.81..1615.82 rows=1 width=0)
   ->  Index Scan using index_listings_on_id_and_user_id_and_title on listings  (cost=0.00..1615.79 rows=4 width=0)
         Index Cond: (user_id = 25558)
[0m
  [4;36;1mSQL (0.4ms)[0m   [0;1mSELECT count(*) AS count_all FROM "claimed_listings" WHERE ("claimed_listings".client_id = 25558) [0m
  [4;35;1mAnalyzing  Execution Time: 0.000769

[0m   [0mAggregate  (cost=27.27..27.28 rows=1 width=0)
   ->  Seq Scan on claimed_listings  (cost=0.00..27.25 rows=7 width=0)
         Filter: (client_id = 25558)
[0m
Rendered views/_paginate (4.5ms)
Rendered views/partials/_users (2667.0ms)
Rendered shared/_base_model_index (2688.1ms)
Rendered shared/_model_index (2724.8ms)
Completed in 3130ms (View: 2534, DB: 206) | 200 OK [https://localhost/clients]
** has_many_polymorphs: autoload hook invoked
** has_many_polymorphs: preloading parent model Block
** has_many_polymorphs: associating Block.models
  [4;36;1mSQL (0.2ms)[0m   [0;1mSET client_min_messages TO 'panic'[0m
  [4;35;1mSQL (0.1ms)[0m   [0mSET client_min_messages TO 'notice'[0m
** has_many_polymorphs: preloading parent model View
** has_many_polymorphs: associating View.models
  [4;36;1mSQL (0.2ms)[0m   [0;1mSET client_min_messages TO 'panic'[0m
  [4;35;1mSQL (0.1ms)[0m   [0mSET client_min_messages TO 'notice'[0m


Processing ClientsController#show (for 127.0.0.1 at 2011-04-26 18:31:02) [GET]
  Parameters: {"action"=>"show", "id"=>"25586", "controller"=>"clients"}
  [4;36;1mUser Load (1.9ms)[0m   [0;1mSELECT * FROM "users" WHERE ("users"."id" = E'1') LIMIT 1[0m
  [4;35;1mAnalyzing User Load Execution Time: 0.002668

[0m   [0mLimit  (cost=0.00..8.27 rows=1 width=574)
   ->  Index Scan using users_pkey on users  (cost=0.00..8.27 rows=1 width=574)
         Index Cond: (id = 1)
[0m
  [4;36;1mSQL (0.2ms)[0m   [0;1mBEGIN[0m
  [4;35;1mUser Update (1.3ms)[0m   [0mUPDATE "users" SET "updated_at" = '2011-04-26 22:31:03.036271', "perishable_token" = E'ebuIiCDUdYKkBtV5UYlg', "last_request_at" = '2011-04-26 22:31:03.033597' WHERE "id" = 1[0m
  [4;36;1mSQL (0.8ms)[0m   [0;1mCOMMIT[0m
  [4;35;1mRole Load (0.7ms)[0m   [0mSELECT * FROM "roles" WHERE ("roles"."id" = 1) [0m
  [4;36;1mAnalyzing Role Load Execution Time: 0.001032

[0m   [0;1mIndex Scan using roles_pkey on roles  (cost=0.00..8.27 rows=1 width=536)
   Index Cond: (id = 1)
[0m
  [4;35;1mClient Load (7.9ms)[0m   [0mSELECT * FROM "users" WHERE ("users"."id" = 25586) AND ( ("users"."type" = 'Client' ) ) LIMIT 1[0m
  [4;36;1mAnalyzing Client Load Execution Time: 0.008653

[0m   [0;1mLimit  (cost=0.00..8.27 rows=1 width=574)
   ->  Index Scan using users_pkey on users  (cost=0.00..8.27 rows=1 width=574)
         Index Cond: (id = 25586)
         Filter: ((type)::text = 'Client'::text)
[0m
Rendering clients/show
  [4;35;1mUser Load (1.4ms)[0m   [0mSELECT * FROM "users" WHERE ("users"."id" = 25586) [0m
  [4;36;1mAnalyzing User Load Execution Time: 0.002098

[0m   [0;1mIndex Scan using users_pkey on users  (cost=0.00..8.27 rows=1 width=574)
   Index Cond: (id = 25586)
[0m
  [4;35;1mSQL (7.9ms)[0m   [0mSELECT count(*) AS count_all FROM "listings" WHERE ("listings".user_id = 25586 AND (enabled IS TRUE)) [0m
  [4;36;1mAnalyzing  Execution Time: 0.008292

[0m   [0;1mAggregate  (cost=1615.81..1615.82 rows=1 width=0)
   ->  Index Scan using index_listings_on_id_and_user_id_and_title on listings  (cost=0.00..1615.79 rows=4 width=0)
         Index Cond: (user_id = 25586)
         Filter: (enabled IS TRUE)
[0m
  [4;35;1mListing Load (2.6ms)[0m   [0mSELECT * FROM "listings" WHERE ("listings".user_id = 25586) [0m
  [4;36;1mAnalyzing Listing Load Execution Time: 0.003532

[0m   [0;1mIndex Scan using index_listings_on_id_and_user_id_and_title on listings  (cost=0.00..1615.79 rows=4 width=1172)
   Index Cond: (user_id = 25586)
[0m
  [4;35;1mFacilityInfo Load (2.1ms)[0m   [0mSELECT * FROM "facility_infos" WHERE ("facility_infos".listing_id = 113291) LIMIT 1[0m
  [4;36;1mAnalyzing FacilityInfo Load Execution Time: 0.002481

[0m   [0;1mLimit  (cost=0.00..10.00 rows=1 width=8362)
   ->  Seq Scan on facility_infos  (cost=0.00..10.00 rows=1 width=8362)
         Filter: (listing_id = 113291)
[0m
  [4;35;1mRole Load (30.9ms)[0m   [0mSELECT * FROM "roles" WHERE ("roles"."id" = 4) [0m
  [4;36;1mAnalyzing Role Load Execution Time: 0.040824

[0m   [0;1mIndex Scan using roles_pkey on roles  (cost=0.00..8.27 rows=1 width=536)
   Index Cond: (id = 4)
[0m
Rendered users/_user_info (63.5ms)
Rendered notes/_form (2.9ms)
  [4;35;1mNote Load (1.3ms)[0m   [0mSELECT * FROM "notes" WHERE ("notes".user_id = 25586) ORDER BY created_at DESC[0m
  [4;36;1mAnalyzing Note Load Execution Time: 0.002304

[0m   [0;1mSort  (cost=11.63..11.64 rows=1 width=576)
   Sort Key: created_at
   ->  Seq Scan on notes  (cost=0.00..11.62 rows=1 width=576)
         Filter: (user_id = 25586)
[0m
  [4;35;1mUser Load (3.2ms)[0m   [0mSELECT * FROM "users" WHERE ("users"."id" = 1) [0m
  [4;36;1mAnalyzing User Load Execution Time: 0.004252

[0m   [0;1mIndex Scan using users_pkey on users  (cost=0.00..8.27 rows=1 width=574)
   Index Cond: (id = 1)
[0m
Rendered notes/_note (11.4ms)
  [4;35;1mCACHE (0.0ms)[0m   [0mSELECT * FROM "users" WHERE ("users"."id" = 1) [0m
Rendered notes/_note (12.3ms)
  [4;36;1mCACHE (0.0ms)[0m   [0;1mSELECT * FROM "users" WHERE ("users"."id" = 1) [0m
Rendered notes/_note (5.1ms)
  [4;35;1mCACHE (0.0ms)[0m   [0mSELECT * FROM "users" WHERE ("users"."id" = 1) [0m
Rendered notes/_note (14.2ms)
  [4;36;1mCACHE (0.0ms)[0m   [0;1mSELECT * FROM "users" WHERE ("users"."id" = 1) [0m
Rendered notes/_note (2.7ms)
  [4;35;1mCACHE (0.0ms)[0m   [0mSELECT * FROM "users" WHERE ("users"."id" = 1) [0m
Rendered notes/_note (2.6ms)
  [4;36;1mCACHE (0.0ms)[0m   [0;1mSELECT * FROM "users" WHERE ("users"."id" = 1) [0m
Rendered notes/_note (7.7ms)
Rendered notes/_client_notes (563.5ms)
  [4;35;1mSQL (0.7ms)[0m   [0mSELECT count(*) AS count_all FROM "claimed_listings" WHERE ("claimed_listings".client_id = 25586) [0m
  [4;36;1mAnalyzing  Execution Time: 0.001116

[0m   [0;1mAggregate  (cost=27.27..27.28 rows=1 width=0)
   ->  Seq Scan on claimed_listings  (cost=0.00..27.25 rows=7 width=0)
         Filter: (client_id = 25586)
[0m
  [4;35;1mClient Load (8.6ms)[0m   [0mSELECT * FROM "users" WHERE ("users"."id" = 25586) AND ( ("users"."type" = 'Client' ) ) [0m
  [4;36;1mAnalyzing Client Load Execution Time: 0.009728

[0m   [0;1mIndex Scan using users_pkey on users  (cost=0.00..8.27 rows=1 width=574)
   Index Cond: (id = 25586)
   Filter: ((type)::text = 'Client'::text)
[0m
  [4;35;1mSQL (3.2ms)[0m   [0mSELECT count(*) AS count_all FROM "business_hours" WHERE ("business_hours".listing_id = 113291) [0m
  [4;36;1mAnalyzing  Execution Time: 0.00367

[0m   [0;1mAggregate  (cost=99.56..99.57 rows=1 width=0)
   ->  Seq Scan on business_hours  (cost=0.00..99.53 rows=13 width=0)
         Filter: (listing_id = 113291)
[0m
  [4;35;1mSQL (2.9ms)[0m   [0mSELECT count(*) AS count_all FROM "facility_features" INNER JOIN "listing_features" ON "facility_features".id = "listing_features".facility_feature_id WHERE (("listing_features".listing_id = 113291)) [0m
  [4;36;1mAnalyzing  Execution Time: 0.003241

[0m   [0;1mAggregate  (cost=51.87..51.88 rows=1 width=0)
   ->  Hash Join  (cost=12.93..51.85 rows=8 width=0)
         Hash Cond: (listing_features.facility_feature_id = facility_features.id)
         ->  Seq Scan on listing_features  (cost=0.00..38.81 rows=8 width=4)
               Filter: (listing_id = 113291)
         ->  Hash  (cost=11.30..11.30 rows=130 width=4)
               ->  Seq Scan on facility_features  (cost=0.00..11.30 rows=130 width=4)
[0m
  [4;35;1mCACHE (0.0ms)[0m   [0mSELECT count(*) AS count_all FROM "facility_features" INNER JOIN "listing_features" ON "facility_features".id = "listing_features".facility_feature_id WHERE (("listing_features".listing_id = 113291)) [0m
  [4;36;1mSQL (0.9ms)[0m   [0;1mSELECT count(*) AS count_all FROM "sizes" WHERE ("sizes".listing_id = 113291) [0m
  [4;35;1mAnalyzing  Execution Time: 0.001915

[0m   [0mAggregate  (cost=18.55..18.56 rows=1 width=0)
   ->  Bitmap Heap Scan on sizes  (cost=4.30..18.53 rows=7 width=0)
         Recheck Cond: (listing_id = 113291)
         ->  Bitmap Index Scan on index_sizes_on_listing_id_and_price  (cost=0.00..4.30 rows=7 width=0)
               Index Cond: (listing_id = 113291)
[0m
  [4;36;1mSQL (1.0ms)[0m   [0;1mSELECT count(*) AS count_all FROM "pictures" WHERE ("pictures".listing_id = 113291) [0m
  [4;35;1mAnalyzing  Execution Time: 0.002451

[0m   [0mAggregate  (cost=15.58..15.59 rows=1 width=0)
   ->  Seq Scan on pictures  (cost=0.00..15.57 rows=3 width=0)
         Filter: (listing_id = 113291)
[0m
  [4;36;1mSQL (4.8ms)[0m   [0;1mSELECT count(*) AS count_all FROM "comments" WHERE ("comments".commentable_id = 113291 AND "comments".commentable_type = E'Listing') [0m
  [4;35;1mAnalyzing  Execution Time: 0.005365

[0m   [0mAggregate  (cost=10.91..10.92 rows=1 width=0)
   ->  Seq Scan on comments  (cost=0.00..10.90 rows=1 width=0)
         Filter: ((commentable_id = 113291) AND ((commentable_type)::text = 'Listing'::text))
[0m
  [4;36;1mPredefinedSpecial Load (1.4ms)[0m   [0;1mSELECT "predefined_specials".* FROM "predefined_specials" INNER JOIN "predef_special_assigns" ON "predefined_specials".id = "predef_special_assigns".predefined_special_id WHERE (("predef_special_assigns".listing_id = 113291)) [0m
  [4;35;1mAnalyzing PredefinedSpecial Load Execution Time: 0.00695

[0m   [0mNested Loop  (cost=0.00..10.27 rows=1 width=1092)
   ->  Seq Scan on predef_special_assigns  (cost=0.00..1.99 rows=1 width=4)
         Filter: (listing_id = 113291)
   ->  Index Scan using predefined_specials_pkey on predefined_specials  (cost=0.00..8.27 rows=1 width=1092)
         Index Cond: (predefined_specials.id = predef_special_assigns.predefined_special_id)
[0m
Rendered listings/_listing (514.8ms)
  [4;36;1mMailingAddress Load (1.0ms)[0m   [0;1mSELECT * FROM "mailing_addresses" WHERE ("mailing_addresses".user_id = 25586) LIMIT 1[0m
  [4;35;1mAnalyzing MailingAddress Load Execution Time: 0.001596

[0m   [0mLimit  (cost=0.00..8.27 rows=1 width=106)
   ->  Index Scan using index_mailing_addresses_on_client_id_and_city_and_state on mailing_addresses  (cost=0.00..8.27 rows=1 width=106)
         Index Cond: (user_id = 25586)
[0m
Rendered clients/_owner_info (21.9ms)
  [4;36;1mUserHintPlacement Load (0.9ms)[0m   [0;1mSELECT * FROM "user_hint_placements" WHERE ("user_hint_placements".user_id = 25586) [0m
  [4;35;1mAnalyzing UserHintPlacement Load Execution Time: 0.002147

[0m   [0mIndex Scan using index_user_hint_placements_on_user_id on user_hint_placements  (cost=0.00..8.39 rows=8 width=33)
   Index Cond: (user_id = 25586)
[0m
  [4;36;1mAccountSetting Load (0.7ms)[0m   [0;1mSELECT * FROM "account_settings" WHERE ("account_settings".client_id = 25586) LIMIT 1[0m
  [4;35;1mAnalyzing AccountSetting Load Execution Time: 0.000996

[0m   [0mLimit  (cost=0.00..1.65 rows=1 width=80)
   ->  Seq Scan on account_settings  (cost=0.00..1.65 rows=1 width=80)
         Filter: (client_id = 25586)
[0m
Rendered clients/_settings (65.8ms)
  [4;36;1mSQL (24.8ms)[0m   [0;1mSELECT count(*) AS count_all FROM "user_stats" WHERE ("user_stats".user_id = 25586) [0m
  [4;35;1mAnalyzing  Execution Time: 0.025116

[0m   [0mAggregate  (cost=678.85..678.86 rows=1 width=0)
   ->  Seq Scan on user_stats  (cost=0.00..678.81 rows=14 width=0)
         Filter: (user_id = 25586)
[0m
  [4;36;1mUserStat Load (7.1ms)[0m   [0;1mSELECT * FROM "user_stats" WHERE ("user_stats".user_id = 25586) ORDER BY user_stats.id DESC LIMIT 1[0m
  [4;35;1mAnalyzing UserStat Load Execution Time: 0.007509

[0m   [0mLimit  (cost=0.00..64.69 rows=1 width=1370)
   ->  Index Scan Backward using user_stats_pkey on user_stats  (cost=0.00..905.65 rows=14 width=1370)
         Filter: (user_id = 25586)
[0m
Rendered user_stats/_user_stat (2.9ms)
Completed in 2246ms (View: 1588, DB: 144) | 200 OK [https://localhost/clients/25586]
** has_many_polymorphs: autoload hook invoked
** has_many_polymorphs: preloading parent model Block
** has_many_polymorphs: associating Block.models
  [4;36;1mSQL (0.2ms)[0m   [0;1mSET client_min_messages TO 'panic'[0m
  [4;35;1mSQL (0.2ms)[0m   [0mSET client_min_messages TO 'notice'[0m
** has_many_polymorphs: preloading parent model View
** has_many_polymorphs: associating View.models
  [4;36;1mSQL (0.2ms)[0m   [0;1mSET client_min_messages TO 'panic'[0m
  [4;35;1mSQL (0.1ms)[0m   [0mSET client_min_messages TO 'notice'[0m


Processing ClientsController#index (for 127.0.0.1 at 2011-04-26 18:31:20) [GET]
  Parameters: {"action"=>"index", "controller"=>"clients"}
  [4;36;1mUser Load (1.8ms)[0m   [0;1mSELECT * FROM "users" WHERE ("users"."id" = E'1') LIMIT 1[0m
  [4;35;1mAnalyzing User Load Execution Time: 0.002682

[0m   [0mLimit  (cost=0.00..8.27 rows=1 width=574)
   ->  Index Scan using users_pkey on users  (cost=0.00..8.27 rows=1 width=574)
         Index Cond: (id = 1)
[0m
  [4;36;1mSQL (0.2ms)[0m   [0;1mBEGIN[0m
  [4;35;1mUser Update (21.3ms)[0m   [0mUPDATE "users" SET "updated_at" = '2011-04-26 22:31:20.308410', "perishable_token" = E'Jezk9o8UFYe9cb0HtJe', "last_request_at" = '2011-04-26 22:31:20.279347' WHERE "id" = 1[0m
  [4;36;1mSQL (0.6ms)[0m   [0;1mCOMMIT[0m
  [4;35;1mRole Load (0.7ms)[0m   [0mSELECT * FROM "roles" WHERE ("roles"."id" = 1) [0m
  [4;36;1mAnalyzing Role Load Execution Time: 0.001062

[0m   [0;1mIndex Scan using roles_pkey on roles  (cost=0.00..8.27 rows=1 width=536)
   Index Cond: (id = 1)
[0m
  [4;35;1mClient Load (3.6ms)[0m   [0mSELECT * FROM "users" WHERE ("users"."status" = E'active') AND ( ("users"."type" = 'Client' ) ) ORDER BY created_at DESC LIMIT 20 OFFSET 0[0m
  [4;36;1mAnalyzing Client Load Execution Time: 0.016335

[0m   [0;1mLimit  (cost=34.49..34.54 rows=20 width=574)
   ->  Sort  (cost=34.49..35.15 rows=265 width=574)
         Sort Key: created_at
         ->  Seq Scan on users  (cost=0.00..27.44 rows=265 width=574)
               Filter: (((status)::text = 'active'::text) AND ((type)::text = 'Client'::text))
[0m
  [4;35;1mSQL (5.5ms)[0m   [0mSELECT count(*) AS count_all FROM "users" WHERE ("users"."status" = E'active') AND ( ("users"."type" = 'Client' ) ) [0m
  [4;36;1mAnalyzing  Execution Time: 0.00592

[0m   [0;1mAggregate  (cost=28.10..28.11 rows=1 width=0)
   ->  Seq Scan on users  (cost=0.00..27.44 rows=265 width=0)
         Filter: (((status)::text = 'active'::text) AND ((type)::text = 'Client'::text))
[0m
Rendering clients/index
  [4;35;1mSQL (0.8ms)[0m   [0mSELECT count(*) AS count_all FROM "users" WHERE ( ("users"."type" = 'Client' ) ) [0m
  [4;36;1mAnalyzing  Execution Time: 0.001599

[0m   [0;1mAggregate  (cost=27.42..27.43 rows=1 width=0)
   ->  Seq Scan on users  (cost=0.00..26.70 rows=288 width=0)
         Filter: ((type)::text = 'Client'::text)
[0m
  [4;35;1mSQL (1.1ms)[0m   [0mSELECT count(*) AS count_all FROM "users" WHERE (status != E'active') AND ( ("users"."type" = 'Client' ) ) [0m
  [4;36;1mAnalyzing  Execution Time: 0.001564

[0m   [0;1mAggregate  (cost=27.50..27.51 rows=1 width=0)
   ->  Seq Scan on users  (cost=0.00..27.44 rows=23 width=0)
         Filter: (((status)::text <> 'active'::text) AND ((type)::text = 'Client'::text))
[0m
  [4;35;1mCACHE (0.0ms)[0m   [0mSELECT count(*) AS count_all FROM "users" WHERE ("users"."status" = E'active') AND ( ("users"."type" = 'Client' ) ) [0m
  [4;36;1mHelptext Load (0.9ms)[0m   [0;1mSELECT * FROM "helptexts" WHERE ("helptexts"."model" = E'client') LIMIT 1[0m
  [4;35;1mAnalyzing Helptext Load Execution Time: 0.001268

[0m   [0mLimit  (cost=0.00..11.50 rows=1 width=601)
   ->  Seq Scan on helptexts  (cost=0.00..11.50 rows=1 width=601)
         Filter: ((model)::text = 'client'::text)
[0m
Rendered helptexts/_helptext (3.2ms)
Rendered shared/_model_new_back_buttons (3.5ms)
Rendered shared/_model_search (3.0ms)
Rendered menus/_view_type_links (23.5ms)
Rendered shared/_model_sort (1.8ms)
  [4;36;1mRole Load (0.5ms)[0m   [0;1mSELECT * FROM "roles" WHERE ("roles"."id" = 4) [0m
  [4;35;1mAnalyzing Role Load Execution Time: 0.000963

[0m   [0mIndex Scan using roles_pkey on roles  (cost=0.00..8.27 rows=1 width=536)
   Index Cond: (id = 4)
[0m
Rendered users/_user_info (30.7ms)
Rendered shared/_edit_delete_link (15.5ms)
  [4;36;1mSQL (8.2ms)[0m   [0;1mSELECT count(*) AS count_all FROM "listings" WHERE ("listings".user_id = 25586) [0m
  [4;35;1mAnalyzing  Execution Time: 0.008999

[0m   [0mAggregate  (cost=1615.81..1615.82 rows=1 width=0)
   ->  Index Scan using index_listings_on_id_and_user_id_and_title on listings  (cost=0.00..1615.79 rows=4 width=0)
         Index Cond: (user_id = 25586)
[0m
  [4;36;1mSQL (8.1ms)[0m   [0;1mSELECT count(*) AS count_all FROM "claimed_listings" WHERE ("claimed_listings".client_id = 25586) [0m
  [4;35;1mAnalyzing  Execution Time: 0.008584

[0m   [0mAggregate  (cost=27.27..27.28 rows=1 width=0)
   ->  Seq Scan on claimed_listings  (cost=0.00..27.25 rows=7 width=0)
         Filter: (client_id = 25586)
[0m
  [4;36;1mCACHE (0.0ms)[0m   [0;1mSELECT * FROM "roles" WHERE ("roles"."id" = 4) [0m
Rendered users/_user_info (18.0ms)
Rendered shared/_edit_delete_link (5.9ms)
  [4;35;1mSQL (2.7ms)[0m   [0mSELECT count(*) AS count_all FROM "listings" WHERE ("listings".user_id = 25584) [0m
  [4;36;1mAnalyzing  Execution Time: 0.003209

[0m   [0;1mAggregate  (cost=1615.81..1615.82 rows=1 width=0)
   ->  Index Scan using index_listings_on_id_and_user_id_and_title on listings  (cost=0.00..1615.79 rows=4 width=0)
         Index Cond: (user_id = 25584)
[0m
  [4;35;1mSQL (0.4ms)[0m   [0mSELECT count(*) AS count_all FROM "claimed_listings" WHERE ("claimed_listings".client_id = 25584) [0m
  [4;36;1mAnalyzing  Execution Time: 0.001094

[0m   [0;1mAggregate  (cost=27.27..27.28 rows=1 width=0)
   ->  Seq Scan on claimed_listings  (cost=0.00..27.25 rows=7 width=0)
         Filter: (client_id = 25584)
[0m
  [4;35;1mCACHE (0.0ms)[0m   [0mSELECT * FROM "roles" WHERE ("roles"."id" = 4) [0m
Rendered users/_user_info (20.7ms)
Rendered shared/_edit_delete_link (6.6ms)
  [4;36;1mSQL (4.7ms)[0m   [0;1mSELECT count(*) AS count_all FROM "listings" WHERE ("listings".user_id = 25583) [0m
  [4;35;1mAnalyzing  Execution Time: 0.005116

[0m   [0mAggregate  (cost=1615.81..1615.82 rows=1 width=0)
   ->  Index Scan using index_listings_on_id_and_user_id_and_title on listings  (cost=0.00..1615.79 rows=4 width=0)
         Index Cond: (user_id = 25583)
[0m
  [4;36;1mSQL (0.5ms)[0m   [0;1mSELECT count(*) AS count_all FROM "claimed_listings" WHERE ("claimed_listings".client_id = 25583) [0m
  [4;35;1mAnalyzing  Execution Time: 0.000926

[0m   [0mAggregate  (cost=27.27..27.28 rows=1 width=0)
   ->  Seq Scan on claimed_listings  (cost=0.00..27.25 rows=7 width=0)
         Filter: (client_id = 25583)
[0m
  [4;36;1mCACHE (0.0ms)[0m   [0;1mSELECT * FROM "roles" WHERE ("roles"."id" = 4) [0m
Rendered users/_user_info (18.9ms)
Rendered shared/_edit_delete_link (12.3ms)
  [4;35;1mSQL (2.5ms)[0m   [0mSELECT count(*) AS count_all FROM "listings" WHERE ("listings".user_id = 25582) [0m
  [4;36;1mAnalyzing  Execution Time: 0.003235

[0m   [0;1mAggregate  (cost=1615.81..1615.82 rows=1 width=0)
   ->  Index Scan using index_listings_on_id_and_user_id_and_title on listings  (cost=0.00..1615.79 rows=4 width=0)
         Index Cond: (user_id = 25582)
[0m
  [4;35;1mSQL (0.4ms)[0m   [0mSELECT count(*) AS count_all FROM "claimed_listings" WHERE ("claimed_listings".client_id = 25582) [0m
  [4;36;1mAnalyzing  Execution Time: 0.000737

[0m   [0;1mAggregate  (cost=27.27..27.28 rows=1 width=0)
   ->  Seq Scan on claimed_listings  (cost=0.00..27.25 rows=7 width=0)
         Filter: (client_id = 25582)
[0m
  [4;35;1mCACHE (0.0ms)[0m   [0mSELECT * FROM "roles" WHERE ("roles"."id" = 4) [0m
Rendered users/_user_info (22.9ms)
Rendered shared/_edit_delete_link (5.4ms)
  [4;36;1mSQL (6.5ms)[0m   [0;1mSELECT count(*) AS count_all FROM "listings" WHERE ("listings".user_id = 25581) [0m
  [4;35;1mAnalyzing  Execution Time: 0.006878

[0m   [0mAggregate  (cost=1615.81..1615.82 rows=1 width=0)
   ->  Index Scan using index_listings_on_id_and_user_id_and_title on listings  (cost=0.00..1615.79 rows=4 width=0)
         Index Cond: (user_id = 25581)
[0m
  [4;36;1mSQL (3.3ms)[0m   [0;1mSELECT count(*) AS count_all FROM "claimed_listings" WHERE ("claimed_listings".client_id = 25581) [0m
  [4;35;1mAnalyzing  Execution Time: 0.003742

[0m   [0mAggregate  (cost=27.27..27.28 rows=1 width=0)
   ->  Seq Scan on claimed_listings  (cost=0.00..27.25 rows=7 width=0)
         Filter: (client_id = 25581)
[0m
  [4;36;1mCACHE (0.0ms)[0m   [0;1mSELECT * FROM "roles" WHERE ("roles"."id" = 4) [0m
Rendered users/_user_info (15.7ms)
Rendered shared/_edit_delete_link (7.5ms)
  [4;35;1mSQL (2.0ms)[0m   [0mSELECT count(*) AS count_all FROM "listings" WHERE ("listings".user_id = 25580) [0m
  [4;36;1mAnalyzing  Execution Time: 0.002377

[0m   [0;1mAggregate  (cost=1615.81..1615.82 rows=1 width=0)
   ->  Index Scan using index_listings_on_id_and_user_id_and_title on listings  (cost=0.00..1615.79 rows=4 width=0)
         Index Cond: (user_id = 25580)
[0m
  [4;35;1mSQL (0.4ms)[0m   [0mSELECT count(*) AS count_all FROM "claimed_listings" WHERE ("claimed_listings".client_id = 25580) [0m
  [4;36;1mAnalyzing  Execution Time: 0.000689

[0m   [0;1mAggregate  (cost=27.27..27.28 rows=1 width=0)
   ->  Seq Scan on claimed_listings  (cost=0.00..27.25 rows=7 width=0)
         Filter: (client_id = 25580)
[0m
  [4;35;1mCACHE (0.0ms)[0m   [0mSELECT * FROM "roles" WHERE ("roles"."id" = 4) [0m
Rendered users/_user_info (16.0ms)
Rendered shared/_edit_delete_link (5.5ms)
  [4;36;1mSQL (2.6ms)[0m   [0;1mSELECT count(*) AS count_all FROM "listings" WHERE ("listings".user_id = 25579) [0m
  [4;35;1mAnalyzing  Execution Time: 0.276657

[0m   [0mAggregate  (cost=1615.81..1615.82 rows=1 width=0)
   ->  Index Scan using index_listings_on_id_and_user_id_and_title on listings  (cost=0.00..1615.79 rows=4 width=0)
         Index Cond: (user_id = 25579)
[0m
  [4;36;1mSQL (0.4ms)[0m   [0;1mSELECT count(*) AS count_all FROM "claimed_listings" WHERE ("claimed_listings".client_id = 25579) [0m
  [4;35;1mAnalyzing  Execution Time: 0.000812

[0m   [0mAggregate  (cost=27.27..27.28 rows=1 width=0)
   ->  Seq Scan on claimed_listings  (cost=0.00..27.25 rows=7 width=0)
         Filter: (client_id = 25579)
[0m
  [4;36;1mCACHE (0.0ms)[0m   [0;1mSELECT * FROM "roles" WHERE ("roles"."id" = 4) [0m
Rendered users/_user_info (41.6ms)
Rendered shared/_edit_delete_link (6.7ms)
  [4;35;1mSQL (2.2ms)[0m   [0mSELECT count(*) AS count_all FROM "listings" WHERE ("listings".user_id = 25577) [0m
  [4;36;1mAnalyzing  Execution Time: 0.002654

[0m   [0;1mAggregate  (cost=1615.81..1615.82 rows=1 width=0)
   ->  Index Scan using index_listings_on_id_and_user_id_and_title on listings  (cost=0.00..1615.79 rows=4 width=0)
         Index Cond: (user_id = 25577)
[0m
  [4;35;1mSQL (0.4ms)[0m   [0mSELECT count(*) AS count_all FROM "claimed_listings" WHERE ("claimed_listings".client_id = 25577) [0m
  [4;36;1mAnalyzing  Execution Time: 0.000793

[0m   [0;1mAggregate  (cost=27.27..27.28 rows=1 width=0)
   ->  Seq Scan on claimed_listings  (cost=0.00..27.25 rows=7 width=0)
         Filter: (client_id = 25577)
[0m
  [4;35;1mCACHE (0.0ms)[0m   [0mSELECT * FROM "roles" WHERE ("roles"."id" = 4) [0m
Rendered users/_user_info (16.8ms)
Rendered shared/_edit_delete_link (6.3ms)
  [4;36;1mSQL (2.2ms)[0m   [0;1mSELECT count(*) AS count_all FROM "listings" WHERE ("listings".user_id = 25575) [0m
  [4;35;1mAnalyzing  Execution Time: 0.002665

[0m   [0mAggregate  (cost=1615.81..1615.82 rows=1 width=0)
   ->  Index Scan using index_listings_on_id_and_user_id_and_title on listings  (cost=0.00..1615.79 rows=4 width=0)
         Index Cond: (user_id = 25575)
[0m
  [4;36;1mSQL (0.4ms)[0m   [0;1mSELECT count(*) AS count_all FROM "claimed_listings" WHERE ("claimed_listings".client_id = 25575) [0m
  [4;35;1mAnalyzing  Execution Time: 0.000746

[0m   [0mAggregate  (cost=27.27..27.28 rows=1 width=0)
   ->  Seq Scan on claimed_listings  (cost=0.00..27.25 rows=7 width=0)
         Filter: (client_id = 25575)
[0m
  [4;36;1mCACHE (0.0ms)[0m   [0;1mSELECT * FROM "roles" WHERE ("roles"."id" = 4) [0m
Rendered users/_user_info (20.9ms)
Rendered shared/_edit_delete_link (6.1ms)
  [4;35;1mSQL (2.8ms)[0m   [0mSELECT count(*) AS count_all FROM "listings" WHERE ("listings".user_id = 25573) [0m
  [4;36;1mAnalyzing  Execution Time: 0.003214

[0m   [0;1mAggregate  (cost=1615.81..1615.82 rows=1 width=0)
   ->  Index Scan using index_listings_on_id_and_user_id_and_title on listings  (cost=0.00..1615.79 rows=4 width=0)
         Index Cond: (user_id = 25573)
[0m
  [4;35;1mSQL (0.4ms)[0m   [0mSELECT count(*) AS count_all FROM "claimed_listings" WHERE ("claimed_listings".client_id = 25573) [0m
  [4;36;1mAnalyzing  Execution Time: 0.000748

[0m   [0;1mAggregate  (cost=27.27..27.28 rows=1 width=0)
   ->  Seq Scan on claimed_listings  (cost=0.00..27.25 rows=7 width=0)
         Filter: (client_id = 25573)
[0m
  [4;35;1mCACHE (0.0ms)[0m   [0mSELECT * FROM "roles" WHERE ("roles"."id" = 4) [0m
Rendered users/_user_info (18.7ms)
Rendered shared/_edit_delete_link (5.6ms)
  [4;36;1mSQL (2.3ms)[0m   [0;1mSELECT count(*) AS count_all FROM "listings" WHERE ("listings".user_id = 25571) [0m
  [4;35;1mAnalyzing  Execution Time: 0.00299

[0m   [0mAggregate  (cost=1615.81..1615.82 rows=1 width=0)
   ->  Index Scan using index_listings_on_id_and_user_id_and_title on listings  (cost=0.00..1615.79 rows=4 width=0)
         Index Cond: (user_id = 25571)
[0m
  [4;36;1mSQL (0.5ms)[0m   [0;1mSELECT count(*) AS count_all FROM "claimed_listings" WHERE ("claimed_listings".client_id = 25571) [0m
  [4;35;1mAnalyzing  Execution Time: 0.000956

[0m   [0mAggregate  (cost=27.27..27.28 rows=1 width=0)
   ->  Seq Scan on claimed_listings  (cost=0.00..27.25 rows=7 width=0)
         Filter: (client_id = 25571)
[0m
  [4;36;1mCACHE (0.0ms)[0m   [0;1mSELECT * FROM "roles" WHERE ("roles"."id" = 4) [0m
Rendered users/_user_info (28.7ms)
Rendered shared/_edit_delete_link (10.1ms)
  [4;35;1mSQL (2.4ms)[0m   [0mSELECT count(*) AS count_all FROM "listings" WHERE ("listings".user_id = 25570) [0m
  [4;36;1mAnalyzing  Execution Time: 0.002753

[0m   [0;1mAggregate  (cost=1615.81..1615.82 rows=1 width=0)
   ->  Index Scan using index_listings_on_id_and_user_id_and_title on listings  (cost=0.00..1615.79 rows=4 width=0)
         Index Cond: (user_id = 25570)
[0m
  [4;35;1mSQL (0.8ms)[0m   [0mSELECT count(*) AS count_all FROM "claimed_listings" WHERE ("claimed_listings".client_id = 25570) [0m
  [4;36;1mAnalyzing  Execution Time: 0.001138

[0m   [0;1mAggregate  (cost=27.27..27.28 rows=1 width=0)
   ->  Seq Scan on claimed_listings  (cost=0.00..27.25 rows=7 width=0)
         Filter: (client_id = 25570)
[0m
  [4;35;1mCACHE (0.0ms)[0m   [0mSELECT * FROM "roles" WHERE ("roles"."id" = 4) [0m
Rendered users/_user_info (23.7ms)
Rendered shared/_edit_delete_link (7.3ms)
  [4;36;1mSQL (2.4ms)[0m   [0;1mSELECT count(*) AS count_all FROM "listings" WHERE ("listings".user_id = 25567) [0m
  [4;35;1mAnalyzing  Execution Time: 0.002878

[0m   [0mAggregate  (cost=1615.81..1615.82 rows=1 width=0)
   ->  Index Scan using index_listings_on_id_and_user_id_and_title on listings  (cost=0.00..1615.79 rows=4 width=0)
         Index Cond: (user_id = 25567)
[0m
  [4;36;1mSQL (0.4ms)[0m   [0;1mSELECT count(*) AS count_all FROM "claimed_listings" WHERE ("claimed_listings".client_id = 25567) [0m
  [4;35;1mAnalyzing  Execution Time: 0.000693

[0m   [0mAggregate  (cost=27.27..27.28 rows=1 width=0)
   ->  Seq Scan on claimed_listings  (cost=0.00..27.25 rows=7 width=0)
         Filter: (client_id = 25567)
[0m
  [4;36;1mCACHE (0.0ms)[0m   [0;1mSELECT * FROM "roles" WHERE ("roles"."id" = 4) [0m
Rendered users/_user_info (58.5ms)
Rendered shared/_edit_delete_link (4.7ms)
  [4;35;1mSQL (2.4ms)[0m   [0mSELECT count(*) AS count_all FROM "listings" WHERE ("listings".user_id = 25565) [0m
  [4;36;1mAnalyzing  Execution Time: 0.002875

[0m   [0;1mAggregate  (cost=1615.81..1615.82 rows=1 width=0)
   ->  Index Scan using index_listings_on_id_and_user_id_and_title on listings  (cost=0.00..1615.79 rows=4 width=0)
         Index Cond: (user_id = 25565)
[0m
  [4;35;1mSQL (0.5ms)[0m   [0mSELECT count(*) AS count_all FROM "claimed_listings" WHERE ("claimed_listings".client_id = 25565) [0m
  [4;36;1mAnalyzing  Execution Time: 0.00108

[0m   [0;1mAggregate  (cost=27.27..27.28 rows=1 width=0)
   ->  Seq Scan on claimed_listings  (cost=0.00..27.25 rows=7 width=0)
         Filter: (client_id = 25565)
[0m
  [4;35;1mCACHE (0.0ms)[0m   [0mSELECT * FROM "roles" WHERE ("roles"."id" = 4) [0m
Rendered users/_user_info (31.4ms)
Rendered shared/_edit_delete_link (7.7ms)
  [4;36;1mSQL (3.4ms)[0m   [0;1mSELECT count(*) AS count_all FROM "listings" WHERE ("listings".user_id = 25564) [0m
  [4;35;1mAnalyzing  Execution Time: 0.003778

[0m   [0mAggregate  (cost=1615.81..1615.82 rows=1 width=0)
   ->  Index Scan using index_listings_on_id_and_user_id_and_title on listings  (cost=0.00..1615.79 rows=4 width=0)
         Index Cond: (user_id = 25564)
[0m
  [4;36;1mSQL (0.5ms)[0m   [0;1mSELECT count(*) AS count_all FROM "claimed_listings" WHERE ("claimed_listings".client_id = 25564) [0m
  [4;35;1mAnalyzing  Execution Time: 0.001102

[0m   [0mAggregate  (cost=27.27..27.28 rows=1 width=0)
   ->  Seq Scan on claimed_listings  (cost=0.00..27.25 rows=7 width=0)
         Filter: (client_id = 25564)
[0m
  [4;36;1mCACHE (0.0ms)[0m   [0;1mSELECT * FROM "roles" WHERE ("roles"."id" = 4) [0m
Rendered users/_user_info (19.2ms)
Rendered shared/_edit_delete_link (5.6ms)
  [4;35;1mSQL (2.1ms)[0m   [0mSELECT count(*) AS count_all FROM "listings" WHERE ("listings".user_id = 25563) [0m
  [4;36;1mAnalyzing  Execution Time: 0.002469

[0m   [0;1mAggregate  (cost=1615.81..1615.82 rows=1 width=0)
   ->  Index Scan using index_listings_on_id_and_user_id_and_title on listings  (cost=0.00..1615.79 rows=4 width=0)
         Index Cond: (user_id = 25563)
[0m
  [4;35;1mSQL (0.4ms)[0m   [0mSELECT count(*) AS count_all FROM "claimed_listings" WHERE ("claimed_listings".client_id = 25563) [0m
  [4;36;1mAnalyzing  Execution Time: 0.00071

[0m   [0;1mAggregate  (cost=27.27..27.28 rows=1 width=0)
   ->  Seq Scan on claimed_listings  (cost=0.00..27.25 rows=7 width=0)
         Filter: (client_id = 25563)
[0m
  [4;35;1mCACHE (0.0ms)[0m   [0mSELECT * FROM "roles" WHERE ("roles"."id" = 4) [0m
Rendered users/_user_info (21.9ms)
Rendered shared/_edit_delete_link (13.7ms)
  [4;36;1mSQL (4.9ms)[0m   [0;1mSELECT count(*) AS count_all FROM "listings" WHERE ("listings".user_id = 25562) [0m
  [4;35;1mAnalyzing  Execution Time: 0.005301

[0m   [0mAggregate  (cost=1615.81..1615.82 rows=1 width=0)
   ->  Index Scan using index_listings_on_id_and_user_id_and_title on listings  (cost=0.00..1615.79 rows=4 width=0)
         Index Cond: (user_id = 25562)
[0m
  [4;36;1mSQL (0.4ms)[0m   [0;1mSELECT count(*) AS count_all FROM "claimed_listings" WHERE ("claimed_listings".client_id = 25562) [0m
  [4;35;1mAnalyzing  Execution Time: 0.001679

[0m   [0mAggregate  (cost=27.27..27.28 rows=1 width=0)
   ->  Seq Scan on claimed_listings  (cost=0.00..27.25 rows=7 width=0)
         Filter: (client_id = 25562)
[0m
  [4;36;1mCACHE (0.0ms)[0m   [0;1mSELECT * FROM "roles" WHERE ("roles"."id" = 4) [0m
Rendered users/_user_info (23.1ms)
Rendered shared/_edit_delete_link (5.6ms)
  [4;35;1mSQL (2.2ms)[0m   [0mSELECT count(*) AS count_all FROM "listings" WHERE ("listings".user_id = 25560) [0m
  [4;36;1mAnalyzing  Execution Time: 0.002689

[0m   [0;1mAggregate  (cost=1615.81..1615.82 rows=1 width=0)
   ->  Index Scan using index_listings_on_id_and_user_id_and_title on listings  (cost=0.00..1615.79 rows=4 width=0)
         Index Cond: (user_id = 25560)
[0m
  [4;35;1mSQL (0.4ms)[0m   [0mSELECT count(*) AS count_all FROM "claimed_listings" WHERE ("claimed_listings".client_id = 25560) [0m
  [4;36;1mAnalyzing  Execution Time: 0.001043

[0m   [0;1mAggregate  (cost=27.27..27.28 rows=1 width=0)
   ->  Seq Scan on claimed_listings  (cost=0.00..27.25 rows=7 width=0)
         Filter: (client_id = 25560)
[0m
  [4;35;1mCACHE (0.0ms)[0m   [0mSELECT * FROM "roles" WHERE ("roles"."id" = 4) [0m
Rendered users/_user_info (42.0ms)
Rendered shared/_edit_delete_link (5.7ms)
  [4;36;1mSQL (4.2ms)[0m   [0;1mSELECT count(*) AS count_all FROM "listings" WHERE ("listings".user_id = 25559) [0m
  [4;35;1mAnalyzing  Execution Time: 0.004542

[0m   [0mAggregate  (cost=1615.81..1615.82 rows=1 width=0)
   ->  Index Scan using index_listings_on_id_and_user_id_and_title on listings  (cost=0.00..1615.79 rows=4 width=0)
         Index Cond: (user_id = 25559)
[0m
  [4;36;1mSQL (0.4ms)[0m   [0;1mSELECT count(*) AS count_all FROM "claimed_listings" WHERE ("claimed_listings".client_id = 25559) [0m
  [4;35;1mAnalyzing  Execution Time: 0.000791

[0m   [0mAggregate  (cost=27.27..27.28 rows=1 width=0)
   ->  Seq Scan on claimed_listings  (cost=0.00..27.25 rows=7 width=0)
         Filter: (client_id = 25559)
[0m
  [4;36;1mCACHE (0.0ms)[0m   [0;1mSELECT * FROM "roles" WHERE ("roles"."id" = 4) [0m
Rendered users/_user_info (15.3ms)
Rendered shared/_edit_delete_link (10.4ms)
  [4;35;1mSQL (2.1ms)[0m   [0mSELECT count(*) AS count_all FROM "listings" WHERE ("listings".user_id = 25558) [0m
  [4;36;1mAnalyzing  Execution Time: 0.002437

[0m   [0;1mAggregate  (cost=1615.81..1615.82 rows=1 width=0)
   ->  Index Scan using index_listings_on_id_and_user_id_and_title on listings  (cost=0.00..1615.79 rows=4 width=0)
         Index Cond: (user_id = 25558)
[0m
  [4;35;1mSQL (0.4ms)[0m   [0mSELECT count(*) AS count_all FROM "claimed_listings" WHERE ("claimed_listings".client_id = 25558) [0m
  [4;36;1mAnalyzing  Execution Time: 0.000689

[0m   [0;1mAggregate  (cost=27.27..27.28 rows=1 width=0)
   ->  Seq Scan on claimed_listings  (cost=0.00..27.25 rows=7 width=0)
         Filter: (client_id = 25558)
[0m
Rendered views/_paginate (5.0ms)
Rendered views/partials/_users (1983.6ms)
Rendered shared/_base_model_index (2019.5ms)
Rendered shared/_model_index (2342.8ms)
Completed in 2597ms (View: 2234, DB: 148) | 200 OK [https://localhost/clients]
** has_many_polymorphs: autoload hook invoked
** has_many_polymorphs: preloading parent model Block
** has_many_polymorphs: associating Block.models
  [4;35;1mSQL (0.2ms)[0m   [0mSET client_min_messages TO 'panic'[0m
  [4;36;1mSQL (0.2ms)[0m   [0;1mSET client_min_messages TO 'notice'[0m
** has_many_polymorphs: preloading parent model View
** has_many_polymorphs: associating View.models
  [4;35;1mSQL (0.2ms)[0m   [0mSET client_min_messages TO 'panic'[0m
  [4;36;1mSQL (0.1ms)[0m   [0;1mSET client_min_messages TO 'notice'[0m


Processing ClientsController#show (for 127.0.0.1 at 2011-04-26 18:31:26) [GET]
  Parameters: {"action"=>"show", "id"=>"25586", "controller"=>"clients"}
  [4;35;1mUser Load (5.7ms)[0m   [0mSELECT * FROM "users" WHERE ("users"."id" = E'1') LIMIT 1[0m
  [4;36;1mAnalyzing User Load Execution Time: 0.006513

[0m   [0;1mLimit  (cost=0.00..8.27 rows=1 width=574)
   ->  Index Scan using users_pkey on users  (cost=0.00..8.27 rows=1 width=574)
         Index Cond: (id = 1)
[0m
  [4;35;1mSQL (0.2ms)[0m   [0mBEGIN[0m
  [4;36;1mUser Update (0.9ms)[0m   [0;1mUPDATE "users" SET "updated_at" = '2011-04-26 22:31:26.879876', "perishable_token" = E'FD2xF4K1VnHkd7RPOCC', "last_request_at" = '2011-04-26 22:31:26.875557' WHERE "id" = 1[0m
  [4;35;1mSQL (0.7ms)[0m   [0mCOMMIT[0m
  [4;36;1mRole Load (0.6ms)[0m   [0;1mSELECT * FROM "roles" WHERE ("roles"."id" = 1) [0m
  [4;35;1mAnalyzing Role Load Execution Time: 0.000915

[0m   [0mIndex Scan using roles_pkey on roles  (cost=0.00..8.27 rows=1 width=536)
   Index Cond: (id = 1)
[0m
  [4;36;1mClient Load (1.8ms)[0m   [0;1mSELECT * FROM "users" WHERE ("users"."id" = 25586) AND ( ("users"."type" = 'Client' ) ) LIMIT 1[0m
  [4;35;1mAnalyzing Client Load Execution Time: 0.002538

[0m   [0mLimit  (cost=0.00..8.27 rows=1 width=574)
   ->  Index Scan using users_pkey on users  (cost=0.00..8.27 rows=1 width=574)
         Index Cond: (id = 25586)
         Filter: ((type)::text = 'Client'::text)
[0m
Rendering clients/show
  [4;36;1mUser Load (0.6ms)[0m   [0;1mSELECT * FROM "users" WHERE ("users"."id" = 25586) [0m
  [4;35;1mAnalyzing User Load Execution Time: 0.001397

[0m   [0mIndex Scan using users_pkey on users  (cost=0.00..8.27 rows=1 width=574)
   Index Cond: (id = 25586)
[0m
  [4;36;1mSQL (3.9ms)[0m   [0;1mSELECT count(*) AS count_all FROM "listings" WHERE ("listings".user_id = 25586 AND (enabled IS TRUE)) [0m
  [4;35;1mAnalyzing  Execution Time: 0.00429

[0m   [0mAggregate  (cost=1615.81..1615.82 rows=1 width=0)
   ->  Index Scan using index_listings_on_id_and_user_id_and_title on listings  (cost=0.00..1615.79 rows=4 width=0)
         Index Cond: (user_id = 25586)
         Filter: (enabled IS TRUE)
[0m
  [4;36;1mListing Load (2.5ms)[0m   [0;1mSELECT * FROM "listings" WHERE ("listings".user_id = 25586) [0m
  [4;35;1mAnalyzing Listing Load Execution Time: 0.003441

[0m   [0mIndex Scan using index_listings_on_id_and_user_id_and_title on listings  (cost=0.00..1615.79 rows=4 width=1172)
   Index Cond: (user_id = 25586)
[0m
  [4;36;1mFacilityInfo Load (21.0ms)[0m   [0;1mSELECT * FROM "facility_infos" WHERE ("facility_infos".listing_id = 113291) LIMIT 1[0m
  [4;35;1mAnalyzing FacilityInfo Load Execution Time: 0.021342

[0m   [0mLimit  (cost=0.00..10.00 rows=1 width=8362)
   ->  Seq Scan on facility_infos  (cost=0.00..10.00 rows=1 width=8362)
         Filter: (listing_id = 113291)
[0m
  [4;36;1mRole Load (1.2ms)[0m   [0;1mSELECT * FROM "roles" WHERE ("roles"."id" = 4) [0m
  [4;35;1mAnalyzing Role Load Execution Time: 0.001564

[0m   [0mIndex Scan using roles_pkey on roles  (cost=0.00..8.27 rows=1 width=536)
   Index Cond: (id = 4)
[0m
Rendered users/_user_info (23.8ms)
Rendered notes/_form (6.8ms)
  [4;36;1mNote Load (1.3ms)[0m   [0;1mSELECT * FROM "notes" WHERE ("notes".user_id = 25586) ORDER BY created_at DESC[0m
  [4;35;1mAnalyzing Note Load Execution Time: 0.002396

[0m   [0mSort  (cost=11.63..11.64 rows=1 width=576)
   Sort Key: created_at
   ->  Seq Scan on notes  (cost=0.00..11.62 rows=1 width=576)
         Filter: (user_id = 25586)
[0m
  [4;36;1mUser Load (3.1ms)[0m   [0;1mSELECT * FROM "users" WHERE ("users"."id" = 1) [0m
  [4;35;1mAnalyzing User Load Execution Time: 0.003817

[0m   [0mIndex Scan using users_pkey on users  (cost=0.00..8.27 rows=1 width=574)
   Index Cond: (id = 1)
[0m
Rendered notes/_note (9.1ms)
  [4;36;1mCACHE (0.0ms)[0m   [0;1mSELECT * FROM "users" WHERE ("users"."id" = 1) [0m
Rendered notes/_note (2.6ms)
  [4;35;1mCACHE (0.0ms)[0m   [0mSELECT * FROM "users" WHERE ("users"."id" = 1) [0m
Rendered notes/_note (2.6ms)
  [4;36;1mCACHE (0.0ms)[0m   [0;1mSELECT * FROM "users" WHERE ("users"."id" = 1) [0m
Rendered notes/_note (2.7ms)
  [4;35;1mCACHE (0.0ms)[0m   [0mSELECT * FROM "users" WHERE ("users"."id" = 1) [0m
Rendered notes/_note (3.9ms)
  [4;36;1mCACHE (0.0ms)[0m   [0;1mSELECT * FROM "users" WHERE ("users"."id" = 1) [0m
Rendered notes/_note (48.8ms)
  [4;35;1mCACHE (0.0ms)[0m   [0mSELECT * FROM "users" WHERE ("users"."id" = 1) [0m
Rendered notes/_note (3.0ms)
Rendered notes/_client_notes (539.7ms)
  [4;36;1mSQL (0.7ms)[0m   [0;1mSELECT count(*) AS count_all FROM "claimed_listings" WHERE ("claimed_listings".client_id = 25586) [0m
  [4;35;1mAnalyzing  Execution Time: 0.001161

[0m   [0mAggregate  (cost=27.27..27.28 rows=1 width=0)
   ->  Seq Scan on claimed_listings  (cost=0.00..27.25 rows=7 width=0)
         Filter: (client_id = 25586)
[0m
  [4;36;1mClient Load (0.6ms)[0m   [0;1mSELECT * FROM "users" WHERE ("users"."id" = 25586) AND ( ("users"."type" = 'Client' ) ) [0m
  [4;35;1mAnalyzing Client Load Execution Time: 0.001366

[0m   [0mIndex Scan using users_pkey on users  (cost=0.00..8.27 rows=1 width=574)
   Index Cond: (id = 25586)
   Filter: ((type)::text = 'Client'::text)
[0m
  [4;36;1mSQL (2.3ms)[0m   [0;1mSELECT count(*) AS count_all FROM "business_hours" WHERE ("business_hours".listing_id = 113291) [0m
  [4;35;1mAnalyzing  Execution Time: 0.002675

[0m   [0mAggregate  (cost=99.56..99.57 rows=1 width=0)
   ->  Seq Scan on business_hours  (cost=0.00..99.53 rows=13 width=0)
         Filter: (listing_id = 113291)
[0m
  [4;36;1mSQL (1.7ms)[0m   [0;1mSELECT count(*) AS count_all FROM "facility_features" INNER JOIN "listing_features" ON "facility_features".id = "listing_features".facility_feature_id WHERE (("listing_features".listing_id = 113291)) [0m
  [4;35;1mAnalyzing  Execution Time: 0.002785

[0m   [0mAggregate  (cost=51.87..51.88 rows=1 width=0)
   ->  Hash Join  (cost=12.93..51.85 rows=8 width=0)
         Hash Cond: (listing_features.facility_feature_id = facility_features.id)
         ->  Seq Scan on listing_features  (cost=0.00..38.81 rows=8 width=4)
               Filter: (listing_id = 113291)
         ->  Hash  (cost=11.30..11.30 rows=130 width=4)
               ->  Seq Scan on facility_features  (cost=0.00..11.30 rows=130 width=4)
[0m
  [4;36;1mCACHE (0.0ms)[0m   [0;1mSELECT count(*) AS count_all FROM "facility_features" INNER JOIN "listing_features" ON "facility_features".id = "listing_features".facility_feature_id WHERE (("listing_features".listing_id = 113291)) [0m
  [4;35;1mSQL (1.1ms)[0m   [0mSELECT count(*) AS count_all FROM "sizes" WHERE ("sizes".listing_id = 113291) [0m
  [4;36;1mAnalyzing  Execution Time: 0.001438

[0m   [0;1mAggregate  (cost=18.55..18.56 rows=1 width=0)
   ->  Bitmap Heap Scan on sizes  (cost=4.30..18.53 rows=7 width=0)
         Recheck Cond: (listing_id = 113291)
         ->  Bitmap Index Scan on index_sizes_on_listing_id_and_price  (cost=0.00..4.30 rows=7 width=0)
               Index Cond: (listing_id = 113291)
[0m
  [4;35;1mSQL (1.0ms)[0m   [0mSELECT count(*) AS count_all FROM "pictures" WHERE ("pictures".listing_id = 113291) [0m
  [4;36;1mAnalyzing  Execution Time: 0.001906

[0m   [0;1mAggregate  (cost=15.58..15.59 rows=1 width=0)
   ->  Seq Scan on pictures  (cost=0.00..15.57 rows=3 width=0)
         Filter: (listing_id = 113291)
[0m
  [4;35;1mSQL (0.9ms)[0m   [0mSELECT count(*) AS count_all FROM "comments" WHERE ("comments".commentable_id = 113291 AND "comments".commentable_type = E'Listing') [0m
  [4;36;1mAnalyzing  Execution Time: 0.001608

[0m   [0;1mAggregate  (cost=10.91..10.92 rows=1 width=0)
   ->  Seq Scan on comments  (cost=0.00..10.90 rows=1 width=0)
         Filter: ((commentable_id = 113291) AND ((commentable_type)::text = 'Listing'::text))
[0m
  [4;35;1mPredefinedSpecial Load (1.2ms)[0m   [0mSELECT "predefined_specials".* FROM "predefined_specials" INNER JOIN "predef_special_assigns" ON "predefined_specials".id = "predef_special_assigns".predefined_special_id WHERE (("predef_special_assigns".listing_id = 113291)) [0m
  [4;36;1mAnalyzing PredefinedSpecial Load Execution Time: 0.001606

[0m   [0;1mNested Loop  (cost=0.00..10.27 rows=1 width=1092)
   ->  Seq Scan on predef_special_assigns  (cost=0.00..1.99 rows=1 width=4)
         Filter: (listing_id = 113291)
   ->  Index Scan using predefined_specials_pkey on predefined_specials  (cost=0.00..8.27 rows=1 width=1092)
         Index Cond: (predefined_specials.id = predef_special_assigns.predefined_special_id)
[0m
Rendered listings/_listing (525.1ms)
  [4;35;1mMailingAddress Load (0.9ms)[0m   [0mSELECT * FROM "mailing_addresses" WHERE ("mailing_addresses".user_id = 25586) LIMIT 1[0m
  [4;36;1mAnalyzing MailingAddress Load Execution Time: 0.00133

[0m   [0;1mLimit  (cost=0.00..8.27 rows=1 width=106)
   ->  Index Scan using index_mailing_addresses_on_client_id_and_city_and_state on mailing_addresses  (cost=0.00..8.27 rows=1 width=106)
         Index Cond: (user_id = 25586)
[0m
Rendered clients/_owner_info (334.4ms)
  [4;35;1mUserHintPlacement Load (0.9ms)[0m   [0mSELECT * FROM "user_hint_placements" WHERE ("user_hint_placements".user_id = 25586) [0m
  [4;36;1mAnalyzing UserHintPlacement Load Execution Time: 0.002236

[0m   [0;1mIndex Scan using index_user_hint_placements_on_user_id on user_hint_placements  (cost=0.00..8.39 rows=8 width=33)
   Index Cond: (user_id = 25586)
[0m
  [4;35;1mAccountSetting Load (0.8ms)[0m   [0mSELECT * FROM "account_settings" WHERE ("account_settings".client_id = 25586) LIMIT 1[0m
  [4;36;1mAnalyzing AccountSetting Load Execution Time: 0.001064

[0m   [0;1mLimit  (cost=0.00..1.65 rows=1 width=80)
   ->  Seq Scan on account_settings  (cost=0.00..1.65 rows=1 width=80)
         Filter: (client_id = 25586)
[0m
Rendered clients/_settings (60.3ms)
  [4;35;1mSQL (34.8ms)[0m   [0mSELECT count(*) AS count_all FROM "user_stats" WHERE ("user_stats".user_id = 25586) [0m
  [4;36;1mAnalyzing  Execution Time: 0.035241

[0m   [0;1mAggregate  (cost=678.85..678.86 rows=1 width=0)
   ->  Seq Scan on user_stats  (cost=0.00..678.81 rows=14 width=0)
         Filter: (user_id = 25586)
[0m
  [4;35;1mUserStat Load (0.8ms)[0m   [0mSELECT * FROM "user_stats" WHERE ("user_stats".user_id = 25586) ORDER BY user_stats.id DESC LIMIT 1[0m
  [4;36;1mAnalyzing UserStat Load Execution Time: 0.001298

[0m   [0;1mLimit  (cost=0.00..64.69 rows=1 width=1370)
   ->  Index Scan Backward using user_stats_pkey on user_stats  (cost=0.00..905.65 rows=14 width=1370)
         Filter: (user_id = 25586)
[0m
Rendered user_stats/_user_stat (2.3ms)
Completed in 2271ms (View: 1633, DB: 108) | 200 OK [https://localhost/clients/25586]
** has_many_polymorphs: autoload hook invoked
** has_many_polymorphs: preloading parent model Block
** has_many_polymorphs: associating Block.models
  [4;35;1mSQL (0.2ms)[0m   [0mSET client_min_messages TO 'panic'[0m
  [4;36;1mSQL (0.1ms)[0m   [0;1mSET client_min_messages TO 'notice'[0m
** has_many_polymorphs: preloading parent model View
** has_many_polymorphs: associating View.models
  [4;35;1mSQL (0.2ms)[0m   [0mSET client_min_messages TO 'panic'[0m
  [4;36;1mSQL (0.4ms)[0m   [0;1mSET client_min_messages TO 'notice'[0m


Processing ClientsController#index (for 127.0.0.1 at 2011-04-26 18:32:31) [GET]
  Parameters: {"action"=>"index", "controller"=>"clients"}
  [4;35;1mUser Load (1.6ms)[0m   [0mSELECT * FROM "users" WHERE ("users"."id" = E'1') LIMIT 1[0m
  [4;36;1mAnalyzing User Load Execution Time: 0.002429

[0m   [0;1mLimit  (cost=0.00..8.27 rows=1 width=574)
   ->  Index Scan using users_pkey on users  (cost=0.00..8.27 rows=1 width=574)
         Index Cond: (id = 1)
[0m
  [4;35;1mSQL (0.3ms)[0m   [0mBEGIN[0m
  [4;36;1mUser Update (1.0ms)[0m   [0;1mUPDATE "users" SET "updated_at" = '2011-04-26 22:32:32.263867', "perishable_token" = E'X7HungxPZHugoBrV7KI4', "last_request_at" = '2011-04-26 22:32:32.261076' WHERE "id" = 1[0m
  [4;35;1mSQL (0.6ms)[0m   [0mCOMMIT[0m
  [4;36;1mRole Load (0.8ms)[0m   [0;1mSELECT * FROM "roles" WHERE ("roles"."id" = 1) [0m
  [4;35;1mAnalyzing Role Load Execution Time: 0.00119

[0m   [0mIndex Scan using roles_pkey on roles  (cost=0.00..8.27 rows=1 width=536)
   Index Cond: (id = 1)
[0m
  [4;36;1mClient Load (2.6ms)[0m   [0;1mSELECT * FROM "users" WHERE ("users"."status" = E'active') AND ( ("users"."type" = 'Client' ) ) ORDER BY created_at DESC LIMIT 20 OFFSET 0[0m
  [4;35;1mAnalyzing Client Load Execution Time: 0.010268

[0m   [0mLimit  (cost=34.49..34.54 rows=20 width=574)
   ->  Sort  (cost=34.49..35.15 rows=265 width=574)
         Sort Key: created_at
         ->  Seq Scan on users  (cost=0.00..27.44 rows=265 width=574)
               Filter: (((status)::text = 'active'::text) AND ((type)::text = 'Client'::text))
[0m
  [4;36;1mSQL (1.0ms)[0m   [0;1mSELECT count(*) AS count_all FROM "users" WHERE ("users"."status" = E'active') AND ( ("users"."type" = 'Client' ) ) [0m
  [4;35;1mAnalyzing  Execution Time: 0.001248

[0m   [0mAggregate  (cost=28.10..28.11 rows=1 width=0)
   ->  Seq Scan on users  (cost=0.00..27.44 rows=265 width=0)
         Filter: (((status)::text = 'active'::text) AND ((type)::text = 'Client'::text))
[0m
Rendering clients/index
  [4;36;1mSQL (0.8ms)[0m   [0;1mSELECT count(*) AS count_all FROM "users" WHERE ( ("users"."type" = 'Client' ) ) [0m
  [4;35;1mAnalyzing  Execution Time: 0.001518

[0m   [0mAggregate  (cost=27.42..27.43 rows=1 width=0)
   ->  Seq Scan on users  (cost=0.00..26.70 rows=288 width=0)
         Filter: ((type)::text = 'Client'::text)
[0m
  [4;36;1mSQL (1.0ms)[0m   [0;1mSELECT count(*) AS count_all FROM "users" WHERE (status != E'active') AND ( ("users"."type" = 'Client' ) ) [0m
  [4;35;1mAnalyzing  Execution Time: 0.001334

[0m   [0mAggregate  (cost=27.50..27.51 rows=1 width=0)
   ->  Seq Scan on users  (cost=0.00..27.44 rows=23 width=0)
         Filter: (((status)::text <> 'active'::text) AND ((type)::text = 'Client'::text))
[0m
  [4;36;1mCACHE (0.0ms)[0m   [0;1mSELECT count(*) AS count_all FROM "users" WHERE ("users"."status" = E'active') AND ( ("users"."type" = 'Client' ) ) [0m
  [4;35;1mHelptext Load (1.4ms)[0m   [0mSELECT * FROM "helptexts" WHERE ("helptexts"."model" = E'client') LIMIT 1[0m
  [4;36;1mAnalyzing Helptext Load Execution Time: 0.002049

[0m   [0;1mLimit  (cost=0.00..11.50 rows=1 width=601)
   ->  Seq Scan on helptexts  (cost=0.00..11.50 rows=1 width=601)
         Filter: ((model)::text = 'client'::text)
[0m
Rendered helptexts/_helptext (3.3ms)
Rendered shared/_model_new_back_buttons (4.2ms)
Rendered shared/_model_search (4.4ms)
Rendered menus/_view_type_links (10.3ms)
Rendered shared/_model_sort (1.7ms)
  [4;35;1mRole Load (0.4ms)[0m   [0mSELECT * FROM "roles" WHERE ("roles"."id" = 4) [0m
  [4;36;1mAnalyzing Role Load Execution Time: 0.000804

[0m   [0;1mIndex Scan using roles_pkey on roles  (cost=0.00..8.27 rows=1 width=536)
   Index Cond: (id = 4)
[0m
Rendered users/_user_info (26.9ms)
Rendered shared/_edit_delete_link (6.8ms)
  [4;35;1mSQL (5.2ms)[0m   [0mSELECT count(*) AS count_all FROM "listings" WHERE ("listings".user_id = 25586) [0m
  [4;36;1mAnalyzing  Execution Time: 0.005743

[0m   [0;1mAggregate  (cost=1615.81..1615.82 rows=1 width=0)
   ->  Index Scan using index_listings_on_id_and_user_id_and_title on listings  (cost=0.00..1615.79 rows=4 width=0)
         Index Cond: (user_id = 25586)
[0m
  [4;35;1mSQL (1.2ms)[0m   [0mSELECT count(*) AS count_all FROM "claimed_listings" WHERE ("claimed_listings".client_id = 25586) [0m
  [4;36;1mAnalyzing  Execution Time: 0.001602

[0m   [0;1mAggregate  (cost=27.27..27.28 rows=1 width=0)
   ->  Seq Scan on claimed_listings  (cost=0.00..27.25 rows=7 width=0)
         Filter: (client_id = 25586)
[0m
  [4;35;1mCACHE (0.0ms)[0m   [0mSELECT * FROM "roles" WHERE ("roles"."id" = 4) [0m
Rendered users/_user_info (23.8ms)
Rendered shared/_edit_delete_link (7.3ms)
  [4;36;1mSQL (2.3ms)[0m   [0;1mSELECT count(*) AS count_all FROM "listings" WHERE ("listings".user_id = 25584) [0m
  [4;35;1mAnalyzing  Execution Time: 0.002741

[0m   [0mAggregate  (cost=1615.81..1615.82 rows=1 width=0)
   ->  Index Scan using index_listings_on_id_and_user_id_and_title on listings  (cost=0.00..1615.79 rows=4 width=0)
         Index Cond: (user_id = 25584)
[0m
  [4;36;1mSQL (0.7ms)[0m   [0;1mSELECT count(*) AS count_all FROM "claimed_listings" WHERE ("claimed_listings".client_id = 25584) [0m
  [4;35;1mAnalyzing  Execution Time: 0.00116

[0m   [0mAggregate  (cost=27.27..27.28 rows=1 width=0)
   ->  Seq Scan on claimed_listings  (cost=0.00..27.25 rows=7 width=0)
         Filter: (client_id = 25584)
[0m
  [4;36;1mCACHE (0.0ms)[0m   [0;1mSELECT * FROM "roles" WHERE ("roles"."id" = 4) [0m
Rendered users/_user_info (19.3ms)
Rendered shared/_edit_delete_link (11.6ms)
  [4;35;1mSQL (2.8ms)[0m   [0mSELECT count(*) AS count_all FROM "listings" WHERE ("listings".user_id = 25583) [0m
  [4;36;1mAnalyzing  Execution Time: 0.003193

[0m   [0;1mAggregate  (cost=1615.81..1615.82 rows=1 width=0)
   ->  Index Scan using index_listings_on_id_and_user_id_and_title on listings  (cost=0.00..1615.79 rows=4 width=0)
         Index Cond: (user_id = 25583)
[0m
  [4;35;1mSQL (0.4ms)[0m   [0mSELECT count(*) AS count_all FROM "claimed_listings" WHERE ("claimed_listings".client_id = 25583) [0m
  [4;36;1mAnalyzing  Execution Time: 0.000774

[0m   [0;1mAggregate  (cost=27.27..27.28 rows=1 width=0)
   ->  Seq Scan on claimed_listings  (cost=0.00..27.25 rows=7 width=0)
         Filter: (client_id = 25583)
[0m
  [4;35;1mCACHE (0.0ms)[0m   [0mSELECT * FROM "roles" WHERE ("roles"."id" = 4) [0m
Rendered users/_user_info (20.7ms)
Rendered shared/_edit_delete_link (6.4ms)
  [4;36;1mSQL (2.7ms)[0m   [0;1mSELECT count(*) AS count_all FROM "listings" WHERE ("listings".user_id = 25582) [0m
  [4;35;1mAnalyzing  Execution Time: 0.00309

[0m   [0mAggregate  (cost=1615.81..1615.82 rows=1 width=0)
   ->  Index Scan using index_listings_on_id_and_user_id_and_title on listings  (cost=0.00..1615.79 rows=4 width=0)
         Index Cond: (user_id = 25582)
[0m
  [4;36;1mSQL (0.8ms)[0m   [0;1mSELECT count(*) AS count_all FROM "claimed_listings" WHERE ("claimed_listings".client_id = 25582) [0m
  [4;35;1mAnalyzing  Execution Time: 0.001165

[0m   [0mAggregate  (cost=27.27..27.28 rows=1 width=0)
   ->  Seq Scan on claimed_listings  (cost=0.00..27.25 rows=7 width=0)
         Filter: (client_id = 25582)
[0m
  [4;36;1mCACHE (0.0ms)[0m   [0;1mSELECT * FROM "roles" WHERE ("roles"."id" = 4) [0m
Rendered users/_user_info (21.3ms)
Rendered shared/_edit_delete_link (6.7ms)
  [4;35;1mSQL (2.6ms)[0m   [0mSELECT count(*) AS count_all FROM "listings" WHERE ("listings".user_id = 25581) [0m
  [4;36;1mAnalyzing  Execution Time: 0.002928

[0m   [0;1mAggregate  (cost=1615.81..1615.82 rows=1 width=0)
   ->  Index Scan using index_listings_on_id_and_user_id_and_title on listings  (cost=0.00..1615.79 rows=4 width=0)
         Index Cond: (user_id = 25581)
[0m
  [4;35;1mSQL (0.4ms)[0m   [0mSELECT count(*) AS count_all FROM "claimed_listings" WHERE ("claimed_listings".client_id = 25581) [0m
  [4;36;1mAnalyzing  Execution Time: 0.000787

[0m   [0;1mAggregate  (cost=27.27..27.28 rows=1 width=0)
   ->  Seq Scan on claimed_listings  (cost=0.00..27.25 rows=7 width=0)
         Filter: (client_id = 25581)
[0m
  [4;35;1mCACHE (0.0ms)[0m   [0mSELECT * FROM "roles" WHERE ("roles"."id" = 4) [0m
Rendered users/_user_info (18.6ms)
Rendered shared/_edit_delete_link (6.5ms)
  [4;36;1mSQL (2.1ms)[0m   [0;1mSELECT count(*) AS count_all FROM "listings" WHERE ("listings".user_id = 25580) [0m
  [4;35;1mAnalyzing  Execution Time: 0.002554

[0m   [0mAggregate  (cost=1615.81..1615.82 rows=1 width=0)
   ->  Index Scan using index_listings_on_id_and_user_id_and_title on listings  (cost=0.00..1615.79 rows=4 width=0)
         Index Cond: (user_id = 25580)
[0m
  [4;36;1mSQL (0.3ms)[0m   [0;1mSELECT count(*) AS count_all FROM "claimed_listings" WHERE ("claimed_listings".client_id = 25580) [0m
  [4;35;1mAnalyzing  Execution Time: 0.000615

[0m   [0mAggregate  (cost=27.27..27.28 rows=1 width=0)
   ->  Seq Scan on claimed_listings  (cost=0.00..27.25 rows=7 width=0)
         Filter: (client_id = 25580)
[0m
  [4;36;1mCACHE (0.0ms)[0m   [0;1mSELECT * FROM "roles" WHERE ("roles"."id" = 4) [0m
Rendered users/_user_info (17.0ms)
Rendered shared/_edit_delete_link (8.3ms)
  [4;35;1mSQL (2.0ms)[0m   [0mSELECT count(*) AS count_all FROM "listings" WHERE ("listings".user_id = 25579) [0m
  [4;36;1mAnalyzing  Execution Time: 0.002427

[0m   [0;1mAggregate  (cost=1615.81..1615.82 rows=1 width=0)
   ->  Index Scan using index_listings_on_id_and_user_id_and_title on listings  (cost=0.00..1615.79 rows=4 width=0)
         Index Cond: (user_id = 25579)
[0m
  [4;35;1mSQL (1.0ms)[0m   [0mSELECT count(*) AS count_all FROM "claimed_listings" WHERE ("claimed_listings".client_id = 25579) [0m
  [4;36;1mAnalyzing  Execution Time: 0.001935

[0m   [0;1mAggregate  (cost=27.27..27.28 rows=1 width=0)
   ->  Seq Scan on claimed_listings  (cost=0.00..27.25 rows=7 width=0)
         Filter: (client_id = 25579)
[0m
  [4;35;1mCACHE (0.0ms)[0m   [0mSELECT * FROM "roles" WHERE ("roles"."id" = 4) [0m
Rendered users/_user_info (17.3ms)
Rendered shared/_edit_delete_link (5.0ms)
  [4;36;1mSQL (7.4ms)[0m   [0;1mSELECT count(*) AS count_all FROM "listings" WHERE ("listings".user_id = 25577) [0m
  [4;35;1mAnalyzing  Execution Time: 0.008863

[0m   [0mAggregate  (cost=1615.81..1615.82 rows=1 width=0)
   ->  Index Scan using index_listings_on_id_and_user_id_and_title on listings  (cost=0.00..1615.79 rows=4 width=0)
         Index Cond: (user_id = 25577)
[0m
  [4;36;1mSQL (0.4ms)[0m   [0;1mSELECT count(*) AS count_all FROM "claimed_listings" WHERE ("claimed_listings".client_id = 25577) [0m
  [4;35;1mAnalyzing  Execution Time: 0.000827

[0m   [0mAggregate  (cost=27.27..27.28 rows=1 width=0)
   ->  Seq Scan on claimed_listings  (cost=0.00..27.25 rows=7 width=0)
         Filter: (client_id = 25577)
[0m
  [4;36;1mCACHE (0.0ms)[0m   [0;1mSELECT * FROM "roles" WHERE ("roles"."id" = 4) [0m
Rendered users/_user_info (20.1ms)
Rendered shared/_edit_delete_link (5.8ms)
  [4;35;1mSQL (2.2ms)[0m   [0mSELECT count(*) AS count_all FROM "listings" WHERE ("listings".user_id = 25575) [0m
  [4;36;1mAnalyzing  Execution Time: 0.002631

[0m   [0;1mAggregate  (cost=1615.81..1615.82 rows=1 width=0)
   ->  Index Scan using index_listings_on_id_and_user_id_and_title on listings  (cost=0.00..1615.79 rows=4 width=0)
         Index Cond: (user_id = 25575)
[0m
  [4;35;1mSQL (0.4ms)[0m   [0mSELECT count(*) AS count_all FROM "claimed_listings" WHERE ("claimed_listings".client_id = 25575) [0m
  [4;36;1mAnalyzing  Execution Time: 0.000744

[0m   [0;1mAggregate  (cost=27.27..27.28 rows=1 width=0)
   ->  Seq Scan on claimed_listings  (cost=0.00..27.25 rows=7 width=0)
         Filter: (client_id = 25575)
[0m
  [4;35;1mCACHE (0.0ms)[0m   [0mSELECT * FROM "roles" WHERE ("roles"."id" = 4) [0m
Rendered users/_user_info (23.3ms)
Rendered shared/_edit_delete_link (11.3ms)
  [4;36;1mSQL (2.1ms)[0m   [0;1mSELECT count(*) AS count_all FROM "listings" WHERE ("listings".user_id = 25573) [0m
  [4;35;1mAnalyzing  Execution Time: 0.002531

[0m   [0mAggregate  (cost=1615.81..1615.82 rows=1 width=0)
   ->  Index Scan using index_listings_on_id_and_user_id_and_title on listings  (cost=0.00..1615.79 rows=4 width=0)
         Index Cond: (user_id = 25573)
[0m
  [4;36;1mSQL (1.0ms)[0m   [0;1mSELECT count(*) AS count_all FROM "claimed_listings" WHERE ("claimed_listings".client_id = 25573) [0m
  [4;35;1mAnalyzing  Execution Time: 0.001386

[0m   [0mAggregate  (cost=27.27..27.28 rows=1 width=0)
   ->  Seq Scan on claimed_listings  (cost=0.00..27.25 rows=7 width=0)
         Filter: (client_id = 25573)
[0m
  [4;36;1mCACHE (0.0ms)[0m   [0;1mSELECT * FROM "roles" WHERE ("roles"."id" = 4) [0m
Rendered users/_user_info (21.1ms)
Rendered shared/_edit_delete_link (6.3ms)
  [4;35;1mSQL (2.2ms)[0m   [0mSELECT count(*) AS count_all FROM "listings" WHERE ("listings".user_id = 25571) [0m
  [4;36;1mAnalyzing  Execution Time: 0.003231

[0m   [0;1mAggregate  (cost=1615.81..1615.82 rows=1 width=0)
   ->  Index Scan using index_listings_on_id_and_user_id_and_title on listings  (cost=0.00..1615.79 rows=4 width=0)
         Index Cond: (user_id = 25571)
[0m
  [4;35;1mSQL (0.4ms)[0m   [0mSELECT count(*) AS count_all FROM "claimed_listings" WHERE ("claimed_listings".client_id = 25571) [0m
  [4;36;1mAnalyzing  Execution Time: 0.000721

[0m   [0;1mAggregate  (cost=27.27..27.28 rows=1 width=0)
   ->  Seq Scan on claimed_listings  (cost=0.00..27.25 rows=7 width=0)
         Filter: (client_id = 25571)
[0m
  [4;35;1mCACHE (0.0ms)[0m   [0mSELECT * FROM "roles" WHERE ("roles"."id" = 4) [0m
Rendered users/_user_info (19.7ms)
Rendered shared/_edit_delete_link (4.9ms)
  [4;36;1mSQL (2.4ms)[0m   [0;1mSELECT count(*) AS count_all FROM "listings" WHERE ("listings".user_id = 25570) [0m
  [4;35;1mAnalyzing  Execution Time: 0.002866

[0m   [0mAggregate  (cost=1615.81..1615.82 rows=1 width=0)
   ->  Index Scan using index_listings_on_id_and_user_id_and_title on listings  (cost=0.00..1615.79 rows=4 width=0)
         Index Cond: (user_id = 25570)
[0m
  [4;36;1mSQL (0.4ms)[0m   [0;1mSELECT count(*) AS count_all FROM "claimed_listings" WHERE ("claimed_listings".client_id = 25570) [0m
  [4;35;1mAnalyzing  Execution Time: 0.001821

[0m   [0mAggregate  (cost=27.27..27.28 rows=1 width=0)
   ->  Seq Scan on claimed_listings  (cost=0.00..27.25 rows=7 width=0)
         Filter: (client_id = 25570)
[0m
  [4;36;1mCACHE (0.0ms)[0m   [0;1mSELECT * FROM "roles" WHERE ("roles"."id" = 4) [0m
Rendered users/_user_info (22.7ms)
Rendered shared/_edit_delete_link (6.1ms)
  [4;35;1mSQL (2.1ms)[0m   [0mSELECT count(*) AS count_all FROM "listings" WHERE ("listings".user_id = 25567) [0m
  [4;36;1mAnalyzing  Execution Time: 0.00259

[0m   [0;1mAggregate  (cost=1615.81..1615.82 rows=1 width=0)
   ->  Index Scan using index_listings_on_id_and_user_id_and_title on listings  (cost=0.00..1615.79 rows=4 width=0)
         Index Cond: (user_id = 25567)
[0m
  [4;35;1mSQL (0.4ms)[0m   [0mSELECT count(*) AS count_all FROM "claimed_listings" WHERE ("claimed_listings".client_id = 25567) [0m
  [4;36;1mAnalyzing  Execution Time: 0.000832

[0m   [0;1mAggregate  (cost=27.27..27.28 rows=1 width=0)
   ->  Seq Scan on claimed_listings  (cost=0.00..27.25 rows=7 width=0)
         Filter: (client_id = 25567)
[0m
  [4;35;1mCACHE (0.0ms)[0m   [0mSELECT * FROM "roles" WHERE ("roles"."id" = 4) [0m
Rendered users/_user_info (20.3ms)
Rendered shared/_edit_delete_link (5.7ms)
  [4;36;1mSQL (2.2ms)[0m   [0;1mSELECT count(*) AS count_all FROM "listings" WHERE ("listings".user_id = 25565) [0m
  [4;35;1mAnalyzing  Execution Time: 0.002646

[0m   [0mAggregate  (cost=1615.81..1615.82 rows=1 width=0)
   ->  Index Scan using index_listings_on_id_and_user_id_and_title on listings  (cost=0.00..1615.79 rows=4 width=0)
         Index Cond: (user_id = 25565)
[0m
  [4;36;1mSQL (0.4ms)[0m   [0;1mSELECT count(*) AS count_all FROM "claimed_listings" WHERE ("claimed_listings".client_id = 25565) [0m
  [4;35;1mAnalyzing  Execution Time: 0.00116

[0m   [0mAggregate  (cost=27.27..27.28 rows=1 width=0)
   ->  Seq Scan on claimed_listings  (cost=0.00..27.25 rows=7 width=0)
         Filter: (client_id = 25565)
[0m
  [4;36;1mCACHE (0.0ms)[0m   [0;1mSELECT * FROM "roles" WHERE ("roles"."id" = 4) [0m
Rendered users/_user_info (19.7ms)
Rendered shared/_edit_delete_link (5.8ms)
  [4;35;1mSQL (2.7ms)[0m   [0mSELECT count(*) AS count_all FROM "listings" WHERE ("listings".user_id = 25564) [0m
  [4;36;1mAnalyzing  Execution Time: 0.003331

[0m   [0;1mAggregate  (cost=1615.81..1615.82 rows=1 width=0)
   ->  Index Scan using index_listings_on_id_and_user_id_and_title on listings  (cost=0.00..1615.79 rows=4 width=0)
         Index Cond: (user_id = 25564)
[0m
  [4;35;1mSQL (0.4ms)[0m   [0mSELECT count(*) AS count_all FROM "claimed_listings" WHERE ("claimed_listings".client_id = 25564) [0m
  [4;36;1mAnalyzing  Execution Time: 0.001269

[0m   [0;1mAggregate  (cost=27.27..27.28 rows=1 width=0)
   ->  Seq Scan on claimed_listings  (cost=0.00..27.25 rows=7 width=0)
         Filter: (client_id = 25564)
[0m
  [4;35;1mCACHE (0.0ms)[0m   [0mSELECT * FROM "roles" WHERE ("roles"."id" = 4) [0m
Rendered users/_user_info (23.1ms)
Rendered shared/_edit_delete_link (6.4ms)
  [4;36;1mSQL (2.2ms)[0m   [0;1mSELECT count(*) AS count_all FROM "listings" WHERE ("listings".user_id = 25563) [0m
  [4;35;1mAnalyzing  Execution Time: 0.00263

[0m   [0mAggregate  (cost=1615.81..1615.82 rows=1 width=0)
   ->  Index Scan using index_listings_on_id_and_user_id_and_title on listings  (cost=0.00..1615.79 rows=4 width=0)
         Index Cond: (user_id = 25563)
[0m
  [4;36;1mSQL (0.4ms)[0m   [0;1mSELECT count(*) AS count_all FROM "claimed_listings" WHERE ("claimed_listings".client_id = 25563) [0m
  [4;35;1mAnalyzing  Execution Time: 0.000757

[0m   [0mAggregate  (cost=27.27..27.28 rows=1 width=0)
   ->  Seq Scan on claimed_listings  (cost=0.00..27.25 rows=7 width=0)
         Filter: (client_id = 25563)
[0m
  [4;36;1mCACHE (0.0ms)[0m   [0;1mSELECT * FROM "roles" WHERE ("roles"."id" = 4) [0m
Rendered users/_user_info (15.1ms)
Rendered shared/_edit_delete_link (6.7ms)
  [4;35;1mSQL (2.2ms)[0m   [0mSELECT count(*) AS count_all FROM "listings" WHERE ("listings".user_id = 25562) [0m
  [4;36;1mAnalyzing  Execution Time: 0.002597

[0m   [0;1mAggregate  (cost=1615.81..1615.82 rows=1 width=0)
   ->  Index Scan using index_listings_on_id_and_user_id_and_title on listings  (cost=0.00..1615.79 rows=4 width=0)
         Index Cond: (user_id = 25562)
[0m
  [4;35;1mSQL (0.4ms)[0m   [0mSELECT count(*) AS count_all FROM "claimed_listings" WHERE ("claimed_listings".client_id = 25562) [0m
  [4;36;1mAnalyzing  Execution Time: 0.000811

[0m   [0;1mAggregate  (cost=27.27..27.28 rows=1 width=0)
   ->  Seq Scan on claimed_listings  (cost=0.00..27.25 rows=7 width=0)
         Filter: (client_id = 25562)
[0m
  [4;35;1mCACHE (0.0ms)[0m   [0mSELECT * FROM "roles" WHERE ("roles"."id" = 4) [0m
Rendered users/_user_info (17.2ms)
Rendered shared/_edit_delete_link (9.1ms)
  [4;36;1mSQL (2.2ms)[0m   [0;1mSELECT count(*) AS count_all FROM "listings" WHERE ("listings".user_id = 25560) [0m
  [4;35;1mAnalyzing  Execution Time: 0.002561

[0m   [0mAggregate  (cost=1615.81..1615.82 rows=1 width=0)
   ->  Index Scan using index_listings_on_id_and_user_id_and_title on listings  (cost=0.00..1615.79 rows=4 width=0)
         Index Cond: (user_id = 25560)
[0m
  [4;36;1mSQL (0.7ms)[0m   [0;1mSELECT count(*) AS count_all FROM "claimed_listings" WHERE ("claimed_listings".client_id = 25560) [0m
  [4;35;1mAnalyzing  Execution Time: 0.001128

[0m   [0mAggregate  (cost=27.27..27.28 rows=1 width=0)
   ->  Seq Scan on claimed_listings  (cost=0.00..27.25 rows=7 width=0)
         Filter: (client_id = 25560)
[0m
  [4;36;1mCACHE (0.0ms)[0m   [0;1mSELECT * FROM "roles" WHERE ("roles"."id" = 4) [0m
Rendered users/_user_info (16.4ms)
Rendered shared/_edit_delete_link (5.8ms)
  [4;35;1mSQL (4.4ms)[0m   [0mSELECT count(*) AS count_all FROM "listings" WHERE ("listings".user_id = 25559) [0m
  [4;36;1mAnalyzing  Execution Time: 0.004812

[0m   [0;1mAggregate  (cost=1615.81..1615.82 rows=1 width=0)
   ->  Index Scan using index_listings_on_id_and_user_id_and_title on listings  (cost=0.00..1615.79 rows=4 width=0)
         Index Cond: (user_id = 25559)
[0m
  [4;35;1mSQL (0.4ms)[0m   [0mSELECT count(*) AS count_all FROM "claimed_listings" WHERE ("claimed_listings".client_id = 25559) [0m
  [4;36;1mAnalyzing  Execution Time: 0.001415

[0m   [0;1mAggregate  (cost=27.27..27.28 rows=1 width=0)
   ->  Seq Scan on claimed_listings  (cost=0.00..27.25 rows=7 width=0)
         Filter: (client_id = 25559)
[0m
  [4;35;1mCACHE (0.0ms)[0m   [0mSELECT * FROM "roles" WHERE ("roles"."id" = 4) [0m
Rendered users/_user_info (61.0ms)
Rendered shared/_edit_delete_link (9.0ms)
  [4;36;1mSQL (2.8ms)[0m   [0;1mSELECT count(*) AS count_all FROM "listings" WHERE ("listings".user_id = 25558) [0m
  [4;35;1mAnalyzing  Execution Time: 0.003189

[0m   [0mAggregate  (cost=1615.81..1615.82 rows=1 width=0)
   ->  Index Scan using index_listings_on_id_and_user_id_and_title on listings  (cost=0.00..1615.79 rows=4 width=0)
         Index Cond: (user_id = 25558)
[0m
  [4;36;1mSQL (0.7ms)[0m   [0;1mSELECT count(*) AS count_all FROM "claimed_listings" WHERE ("claimed_listings".client_id = 25558) [0m
  [4;35;1mAnalyzing  Execution Time: 0.001265

[0m   [0mAggregate  (cost=27.27..27.28 rows=1 width=0)
   ->  Seq Scan on claimed_listings  (cost=0.00..27.25 rows=7 width=0)
         Filter: (client_id = 25558)
[0m
Rendered views/_paginate (5.3ms)
Rendered views/partials/_users (2084.4ms)
Rendered shared/_base_model_index (2109.9ms)
Rendered shared/_model_index (2144.7ms)
Completed in 2558ms (View: 2040, DB: 119) | 200 OK [https://localhost/clients]
** has_many_polymorphs: autoload hook invoked
** has_many_polymorphs: preloading parent model Block
** has_many_polymorphs: associating Block.models
  [4;36;1mSQL (0.5ms)[0m   [0;1mSET client_min_messages TO 'panic'[0m
  [4;35;1mSQL (0.3ms)[0m   [0mSET client_min_messages TO 'notice'[0m
** has_many_polymorphs: preloading parent model View
** has_many_polymorphs: associating View.models
  [4;36;1mSQL (0.2ms)[0m   [0;1mSET client_min_messages TO 'panic'[0m
  [4;35;1mSQL (0.1ms)[0m   [0mSET client_min_messages TO 'notice'[0m


Processing AdminController#index (for 127.0.0.1 at 2011-04-26 18:32:35) [GET]
  Parameters: {"action"=>"index", "controller"=>"admin"}
  [4;36;1mUser Load (3.8ms)[0m   [0;1mSELECT * FROM "users" WHERE ("users"."id" = E'1') LIMIT 1[0m
  [4;35;1mAnalyzing User Load Execution Time: 0.004568

[0m   [0mLimit  (cost=0.00..8.27 rows=1 width=574)
   ->  Index Scan using users_pkey on users  (cost=0.00..8.27 rows=1 width=574)
         Index Cond: (id = 1)
[0m
  [4;36;1mSQL (0.2ms)[0m   [0;1mBEGIN[0m
  [4;35;1mUser Update (1.1ms)[0m   [0mUPDATE "users" SET "updated_at" = '2011-04-26 22:32:36.421990', "perishable_token" = E'2SK4mLmu1Uvco6Q4me8h', "last_request_at" = '2011-04-26 22:32:36.408900' WHERE "id" = 1[0m
  [4;36;1mSQL (1.2ms)[0m   [0;1mCOMMIT[0m
  [4;35;1mRole Load (0.7ms)[0m   [0mSELECT * FROM "roles" WHERE ("roles"."id" = 1) [0m
  [4;36;1mAnalyzing Role Load Execution Time: 0.00109

[0m   [0;1mIndex Scan using roles_pkey on roles  (cost=0.00..8.27 rows=1 width=536)
   Index Cond: (id = 1)
[0m
Rendering template within layouts/storagelocator
Rendering admin/index
  [4;35;1mBlock Load (1.5ms)[0m   [0mSELECT * FROM "blocks" WHERE ("blocks"."show_in_all" = E'header') [0m
  [4;36;1mAnalyzing Block Load Execution Time: 0.00183

[0m   [0;1mSeq Scan on blocks  (cost=0.00..10.25 rows=1 width=3188)
   Filter: ((show_in_all)::text = 'header'::text)
[0m
  [4;35;1mBlock Load (7.7ms)[0m   [0mSELECT * FROM "blocks" WHERE ("blocks"."restful_region" = E'header') [0m
  [4;36;1mAnalyzing Block Load Execution Time: 0.008076

[0m   [0;1mSeq Scan on blocks  (cost=0.00..10.25 rows=1 width=3188)
   Filter: ((restful_region)::text = 'header'::text)
[0m
  [4;35;1mBlock Load (0.6ms)[0m   [0mSELECT * FROM "blocks" WHERE ("blocks"."show_in_all" = E'content_bottom') [0m
  [4;36;1mAnalyzing Block Load Execution Time: 0.000894

[0m   [0;1mSeq Scan on blocks  (cost=0.00..10.25 rows=1 width=3188)
   Filter: ((show_in_all)::text = 'content_bottom'::text)
[0m
  [4;35;1mBlock Load (0.6ms)[0m   [0mSELECT * FROM "blocks" WHERE ("blocks"."restful_region" = E'content_bottom') [0m
  [4;36;1mAnalyzing Block Load Execution Time: 0.002604

[0m   [0;1mSeq Scan on blocks  (cost=0.00..10.25 rows=1 width=3188)
   Filter: ((restful_region)::text = 'content_bottom'::text)
[0m
  [4;35;1mBlock Load (0.6ms)[0m   [0mSELECT * FROM "blocks" WHERE ("blocks"."show_in_all" = E'column_5') [0m
  [4;36;1mAnalyzing Block Load Execution Time: 0.001292

[0m   [0;1mSeq Scan on blocks  (cost=0.00..10.25 rows=1 width=3188)
   Filter: ((show_in_all)::text = 'column_5'::text)
[0m
  [4;35;1mBlock Load (0.5ms)[0m   [0mSELECT * FROM "blocks" WHERE ("blocks"."restful_region" = E'column_5') [0m
  [4;36;1mAnalyzing Block Load Execution Time: 0.001034

[0m   [0;1mSeq Scan on blocks  (cost=0.00..10.25 rows=1 width=3188)
   Filter: ((restful_region)::text = 'column_5'::text)
[0m
  [4;35;1mBlock Load (0.5ms)[0m   [0mSELECT * FROM "blocks" WHERE ("blocks"."show_in_all" = E'more_info') [0m
  [4;36;1mAnalyzing Block Load Execution Time: 0.001035

[0m   [0;1mSeq Scan on blocks  (cost=0.00..10.25 rows=1 width=3188)
   Filter: ((show_in_all)::text = 'more_info'::text)
[0m
  [4;35;1mBlock Load (0.4ms)[0m   [0mSELECT * FROM "blocks" WHERE ("blocks"."restful_region" = E'more_info') [0m
  [4;36;1mAnalyzing Block Load Execution Time: 0.000721

[0m   [0;1mSeq Scan on blocks  (cost=0.00..10.25 rows=1 width=3188)
   Filter: ((restful_region)::text = 'more_info'::text)
[0m
  [4;35;1mBlocksModel Load (5.5ms)[0m   [0mSELECT 'Block' AS polymorphic_parent_class, 'models' AS polymorphic_association_id, blocks_models.block_id AS t0_r3, blocks_models.created_at AS t0_r4, blocks_models.enabled AS t0_r7, blocks_models.id AS t0_r0, blocks_models.model_id AS t0_r1, blocks_models.model_type AS t0_r2, blocks_models.place AS t0_r6, blocks_models.position AS t0_r9, blocks_models.show_title AS t0_r8, blocks_models.updated_at AS t0_r5, links.created_at AS t1_r4, links.group_id AS t1_r6, links.id AS t1_r0, links.path AS t1_r2, links.relative AS t1_r3, links.resource AS t1_r7, links.target_id AS t1_r8, links.title AS t1_r1, links.updated_at AS t1_r5, pages.content AS t2_r7, pages.created_at AS t2_r4, pages.description AS t2_r8, pages.id AS t2_r0, pages.meta_desc AS t2_r13, pages.parent_id AS t2_r2, pages.position AS t2_r10, pages.process_erb AS t2_r11, pages.show_in_nav AS t2_r6, pages.show_title AS t2_r9, pages.title AS t2_r1, pages.updated_at AS t2_r5, pages.url AS t2_r3, pages.use_placeholders AS t2_r12, posts.comments_count AS t3_r7, posts.comments_enabled AS t3_r8, posts.content AS t3_r2, posts.created_at AS t3_r5, posts.id AS t3_r0, posts.impressions_count AS t3_r10, posts.position AS t3_r9, posts.published AS t3_r4, posts.rating_average AS t3_r11, posts.title AS t3_r1, posts.type AS t3_r12, posts.updated_at AS t3_r6, posts.user_id AS t3_r3 FROM "blocks_models" JOIN "blocks" AS polymorphic_parent ON "blocks_models".block_id = polymorphic_parent.id LEFT JOIN "pages" ON "blocks_models".model_id = "pages".id AND "blocks_models".model_type = E'Page' LEFT JOIN "posts" ON "blocks_models".model_id = "posts".id AND "blocks_models".model_type = E'Post' LEFT JOIN "links" ON "blocks_models".model_id = "links".id AND "blocks_models".model_type = E'Link' WHERE (("blocks_models".block_id = 51)) [0m
  [4;36;1mAnalyzing BlocksModel Load Execution Time: 0.006096

[0m   [0;1mHash Left Join  (cost=32.98..61.21 rows=8 width=3443)
   Hash Cond: (blocks_models.model_id = links.id)
   Join Filter: ((blocks_models.model_type)::text = 'Link'::text)
   ->  Nested Loop  (cost=21.86..49.96 rows=8 width=1866)
         ->  Index Scan using index_blocks_on_id_and_title_and_show_in_all_and_restful_region on blocks polymorphic_parent  (cost=0.00..8.27 rows=1 width=4)
               Index Cond: (id = 51)
         ->  Hash Left Join  (cost=21.86..41.61 rows=8 width=1866)
               Hash Cond: (blocks_models.model_id = pages.id)
               Join Filter: ((blocks_models.model_type)::text = 'Page'::text)
               ->  Hash Left Join  (cost=10.51..30.13 rows=8 width=706)
                     Hash Cond: (blocks_models.model_id = posts.id)
                     Join Filter: ((blocks_models.model_type)::text = 'Post'::text)
                     ->  Bitmap Heap Scan on blocks_models  (cost=4.31..23.81 rows=8 width=41)
                           Recheck Cond: (block_id = 51)
                           ->  Bitmap Index Scan on index_blocks_models_on_block_id_and_model_id_and_model_type  (cost=0.00..4.31 rows=8 width=0)
                                 Index Cond: (block_id = 51)
                     ->  Hash  (cost=5.53..5.53 rows=53 width=665)
                           ->  Seq Scan on posts  (cost=0.00..5.53 rows=53 width=665)
               ->  Hash  (cost=10.60..10.60 rows=60 width=1160)
                     ->  Seq Scan on pages  (cost=0.00..10.60 rows=60 width=1160)
   ->  Hash  (cost=10.50..10.50 rows=50 width=1577)
         ->  Seq Scan on links  (cost=0.00..10.50 rows=50 width=1577)
[0m
Rendered shared/_model_options (4.1ms)
  [4;35;1mSQL (1.5ms)[0m   [0mSELECT count(*) AS count_all FROM "views" INNER JOIN "models_views" ON "views".id = "models_views".view_id WHERE (("models_views".model_type = E'Block') AND ("models_views".model_id = 51)) [0m
  [4;36;1mAnalyzing  Execution Time: 0.001797

[0m   [0;1mAggregate  (cost=16.56..16.57 rows=1 width=0)
   ->  Nested Loop  (cost=0.00..16.55 rows=1 width=0)
         ->  Index Scan using index_models_views_on_model_id_and_view_id_and_model_type on models_views  (cost=0.00..8.27 rows=1 width=4)
               Index Cond: ((model_id = 51) AND ((model_type)::text = 'Block'::text))
         ->  Index Scan using views_pkey on views  (cost=0.00..8.27 rows=1 width=4)
               Index Cond: (views.id = models_views.view_id)
[0m
  [4;35;1mSQL (1.4ms)[0m   [0mSELECT count(*) AS count_all FROM "forms" INNER JOIN "block_forms" ON "forms".id = "block_forms".form_id WHERE (("block_forms".block_id = 51)) [0m
  [4;36;1mAnalyzing  Execution Time: 0.001738

[0m   [0;1mAggregate  (cost=24.33..24.34 rows=1 width=0)
   ->  Hash Join  (cost=13.84..24.31 rows=6 width=0)
         Hash Cond: (forms.id = block_forms.form_id)
         ->  Seq Scan on forms  (cost=0.00..10.30 rows=30 width=4)
         ->  Hash  (cost=13.76..13.76 rows=6 width=4)
               ->  Bitmap Heap Scan on block_forms  (cost=4.30..13.76 rows=6 width=4)
                     Recheck Cond: (block_id = 51)
                     ->  Bitmap Index Scan on index_block_forms_on_block_id_and_form_id  (cost=0.00..4.30 rows=6 width=0)
                           Index Cond: (block_id = 51)
[0m
Rendered blocks/_block (67.4ms)
  [4;35;1mBlock Load (0.5ms)[0m   [0mSELECT * FROM "blocks" WHERE ("blocks"."show_in_all" = E'footer') [0m
  [4;36;1mAnalyzing Block Load Execution Time: 0.000745

[0m   [0;1mSeq Scan on blocks  (cost=0.00..10.25 rows=1 width=3188)
   Filter: ((show_in_all)::text = 'footer'::text)
[0m
  [4;35;1mBlock Load (0.5ms)[0m   [0mSELECT * FROM "blocks" WHERE ("blocks"."restful_region" = E'footer') [0m
  [4;36;1mAnalyzing Block Load Execution Time: 0.001155

[0m   [0;1mSeq Scan on blocks  (cost=0.00..10.25 rows=1 width=3188)
   Filter: ((restful_region)::text = 'footer'::text)
[0m
  [4;35;1mBlocksModel Load (3.2ms)[0m   [0mSELECT 'Block' AS polymorphic_parent_class, 'models' AS polymorphic_association_id, blocks_models.block_id AS t0_r3, blocks_models.created_at AS t0_r4, blocks_models.enabled AS t0_r7, blocks_models.id AS t0_r0, blocks_models.model_id AS t0_r1, blocks_models.model_type AS t0_r2, blocks_models.place AS t0_r6, blocks_models.position AS t0_r9, blocks_models.show_title AS t0_r8, blocks_models.updated_at AS t0_r5, links.created_at AS t1_r4, links.group_id AS t1_r6, links.id AS t1_r0, links.path AS t1_r2, links.relative AS t1_r3, links.resource AS t1_r7, links.target_id AS t1_r8, links.title AS t1_r1, links.updated_at AS t1_r5, pages.content AS t2_r7, pages.created_at AS t2_r4, pages.description AS t2_r8, pages.id AS t2_r0, pages.meta_desc AS t2_r13, pages.parent_id AS t2_r2, pages.position AS t2_r10, pages.process_erb AS t2_r11, pages.show_in_nav AS t2_r6, pages.show_title AS t2_r9, pages.title AS t2_r1, pages.updated_at AS t2_r5, pages.url AS t2_r3, pages.use_placeholders AS t2_r12, posts.comments_count AS t3_r7, posts.comments_enabled AS t3_r8, posts.content AS t3_r2, posts.created_at AS t3_r5, posts.id AS t3_r0, posts.impressions_count AS t3_r10, posts.position AS t3_r9, posts.published AS t3_r4, posts.rating_average AS t3_r11, posts.title AS t3_r1, posts.type AS t3_r12, posts.updated_at AS t3_r6, posts.user_id AS t3_r3 FROM "blocks_models" JOIN "blocks" AS polymorphic_parent ON "blocks_models".block_id = polymorphic_parent.id LEFT JOIN "pages" ON "blocks_models".model_id = "pages".id AND "blocks_models".model_type = E'Page' LEFT JOIN "posts" ON "blocks_models".model_id = "posts".id AND "blocks_models".model_type = E'Post' LEFT JOIN "links" ON "blocks_models".model_id = "links".id AND "blocks_models".model_type = E'Link' WHERE (("blocks_models".block_id = 49)) [0m
  [4;36;1mAnalyzing BlocksModel Load Execution Time: 0.003714

[0m   [0;1mHash Left Join  (cost=32.98..61.21 rows=8 width=3443)
   Hash Cond: (blocks_models.model_id = links.id)
   Join Filter: ((blocks_models.model_type)::text = 'Link'::text)
   ->  Nested Loop  (cost=21.86..49.96 rows=8 width=1866)
         ->  Index Scan using index_blocks_on_id_and_title_and_show_in_all_and_restful_region on blocks polymorphic_parent  (cost=0.00..8.27 rows=1 width=4)
               Index Cond: (id = 49)
         ->  Hash Left Join  (cost=21.86..41.61 rows=8 width=1866)
               Hash Cond: (blocks_models.model_id = pages.id)
               Join Filter: ((blocks_models.model_type)::text = 'Page'::text)
               ->  Hash Left Join  (cost=10.51..30.13 rows=8 width=706)
                     Hash Cond: (blocks_models.model_id = posts.id)
                     Join Filter: ((blocks_models.model_type)::text = 'Post'::text)
                     ->  Bitmap Heap Scan on blocks_models  (cost=4.31..23.81 rows=8 width=41)
                           Recheck Cond: (block_id = 49)
                           ->  Bitmap Index Scan on index_blocks_models_on_block_id_and_model_id_and_model_type  (cost=0.00..4.31 rows=8 width=0)
                                 Index Cond: (block_id = 49)
                     ->  Hash  (cost=5.53..5.53 rows=53 width=665)
                           ->  Seq Scan on posts  (cost=0.00..5.53 rows=53 width=665)
               ->  Hash  (cost=10.60..10.60 rows=60 width=1160)
                     ->  Seq Scan on pages  (cost=0.00..10.60 rows=60 width=1160)
   ->  Hash  (cost=10.50..10.50 rows=50 width=1577)
         ->  Seq Scan on links  (cost=0.00..10.50 rows=50 width=1577)
[0m
Rendered shared/_model_options (10.8ms)
Rendered pages/_footer_bottom (2.1ms)
  [4;35;1mSQL (1.0ms)[0m   [0mSELECT count(*) AS count_all FROM "views" INNER JOIN "models_views" ON "views".id = "models_views".view_id WHERE (("models_views".model_type = E'Block') AND ("models_views".model_id = 49)) [0m
  [4;36;1mAnalyzing  Execution Time: 0.001403

[0m   [0;1mAggregate  (cost=16.56..16.57 rows=1 width=0)
   ->  Nested Loop  (cost=0.00..16.55 rows=1 width=0)
         ->  Index Scan using index_models_views_on_model_id_and_view_id_and_model_type on models_views  (cost=0.00..8.27 rows=1 width=4)
               Index Cond: ((model_id = 49) AND ((model_type)::text = 'Block'::text))
         ->  Index Scan using views_pkey on views  (cost=0.00..8.27 rows=1 width=4)
               Index Cond: (views.id = models_views.view_id)
[0m
  [4;35;1mSQL (0.7ms)[0m   [0mSELECT count(*) AS count_all FROM "forms" INNER JOIN "block_forms" ON "forms".id = "block_forms".form_id WHERE (("block_forms".block_id = 49)) [0m
  [4;36;1mAnalyzing  Execution Time: 0.001204

[0m   [0;1mAggregate  (cost=24.33..24.34 rows=1 width=0)
   ->  Hash Join  (cost=13.84..24.31 rows=6 width=0)
         Hash Cond: (forms.id = block_forms.form_id)
         ->  Seq Scan on forms  (cost=0.00..10.30 rows=30 width=4)
         ->  Hash  (cost=13.76..13.76 rows=6 width=4)
               ->  Bitmap Heap Scan on block_forms  (cost=4.30..13.76 rows=6 width=4)
                     Recheck Cond: (block_id = 49)
                     ->  Bitmap Index Scan on index_block_forms_on_block_id_and_form_id  (cost=0.00..4.30 rows=6 width=0)
                           Index Cond: (block_id = 49)
[0m
Rendered blocks/_block (39.4ms)
  [4;35;1mBlock Load (0.6ms)[0m   [0mSELECT * FROM "blocks" WHERE ("blocks"."show_in_all" = E'head_bar') [0m
  [4;36;1mAnalyzing Block Load Execution Time: 0.000897

[0m   [0;1mSeq Scan on blocks  (cost=0.00..10.25 rows=1 width=3188)
   Filter: ((show_in_all)::text = 'head_bar'::text)
[0m
  [4;35;1mBlock Load (0.8ms)[0m   [0mSELECT * FROM "blocks" WHERE ("blocks"."restful_region" = E'head_bar') [0m
  [4;36;1mAnalyzing Block Load Execution Time: 0.207149

[0m   [0;1mSeq Scan on blocks  (cost=0.00..10.25 rows=1 width=3188)
   Filter: ((restful_region)::text = 'head_bar'::text)
[0m
Rendered menus/_topnav (10.2ms)
  [4;35;1mPage Load (0.5ms)[0m   [0mSELECT * FROM "pages" WHERE ("pages"."title" = E'Self Storage') LIMIT 1[0m
  [4;36;1mAnalyzing Page Load Execution Time: 0.001032

[0m   [0;1mLimit  (cost=0.00..10.75 rows=1 width=1160)
   ->  Seq Scan on pages  (cost=0.00..10.75 rows=1 width=1160)
         Filter: ((title)::text = 'Self Storage'::text)
[0m
Rendered pages/_home (12.1ms)
Rendered user_sessions/_form (9.2ms)
Completed in 977ms (View: 429, DB: 62) | 200 OK [https://localhost/admin]
** has_many_polymorphs: autoload hook invoked
** has_many_polymorphs: preloading parent model Block
** has_many_polymorphs: associating Block.models
  [4;35;1mSQL (0.2ms)[0m   [0mSET client_min_messages TO 'panic'[0m
  [4;36;1mSQL (0.2ms)[0m   [0;1mSET client_min_messages TO 'notice'[0m
** has_many_polymorphs: preloading parent model View
** has_many_polymorphs: associating View.models
  [4;35;1mSQL (0.2ms)[0m   [0mSET client_min_messages TO 'panic'[0m
  [4;36;1mSQL (0.1ms)[0m   [0;1mSET client_min_messages TO 'notice'[0m


Processing ClientsController#index (for 127.0.0.1 at 2011-04-26 18:32:42) [GET]
  Parameters: {"action"=>"index", "controller"=>"clients"}
  [4;35;1mUser Load (2.4ms)[0m   [0mSELECT * FROM "users" WHERE ("users"."id" = E'1') LIMIT 1[0m
  [4;36;1mAnalyzing User Load Execution Time: 0.00418

[0m   [0;1mLimit  (cost=0.00..8.27 rows=1 width=574)
   ->  Index Scan using users_pkey on users  (cost=0.00..8.27 rows=1 width=574)
         Index Cond: (id = 1)
[0m
  [4;35;1mSQL (0.3ms)[0m   [0mBEGIN[0m
  [4;36;1mUser Update (1.5ms)[0m   [0;1mUPDATE "users" SET "updated_at" = '2011-04-26 22:32:42.567666', "perishable_token" = E'sb3mrOSqk5kicuif4oyS', "last_request_at" = '2011-04-26 22:32:42.564693' WHERE "id" = 1[0m
  [4;35;1mSQL (0.7ms)[0m   [0mCOMMIT[0m
  [4;36;1mRole Load (0.9ms)[0m   [0;1mSELECT * FROM "roles" WHERE ("roles"."id" = 1) [0m
  [4;35;1mAnalyzing Role Load Execution Time: 0.001231

[0m   [0mIndex Scan using roles_pkey on roles  (cost=0.00..8.27 rows=1 width=536)
   Index Cond: (id = 1)
[0m
  [4;36;1mClient Load (3.2ms)[0m   [0;1mSELECT * FROM "users" WHERE ("users"."status" = E'active') AND ( ("users"."type" = 'Client' ) ) ORDER BY created_at DESC LIMIT 20 OFFSET 0[0m
  [4;35;1mAnalyzing Client Load Execution Time: 0.400192

[0m   [0mLimit  (cost=34.49..34.54 rows=20 width=574)
   ->  Sort  (cost=34.49..35.15 rows=265 width=574)
         Sort Key: created_at
         ->  Seq Scan on users  (cost=0.00..27.44 rows=265 width=574)
               Filter: (((status)::text = 'active'::text) AND ((type)::text = 'Client'::text))
[0m
  [4;36;1mSQL (1.1ms)[0m   [0;1mSELECT count(*) AS count_all FROM "users" WHERE ("users"."status" = E'active') AND ( ("users"."type" = 'Client' ) ) [0m
  [4;35;1mAnalyzing  Execution Time: 0.001423

[0m   [0mAggregate  (cost=28.10..28.11 rows=1 width=0)
   ->  Seq Scan on users  (cost=0.00..27.44 rows=265 width=0)
         Filter: (((status)::text = 'active'::text) AND ((type)::text = 'Client'::text))
[0m
Rendering clients/index
  [4;36;1mSQL (0.9ms)[0m   [0;1mSELECT count(*) AS count_all FROM "users" WHERE ( ("users"."type" = 'Client' ) ) [0m
  [4;35;1mAnalyzing  Execution Time: 0.0013

[0m   [0mAggregate  (cost=27.42..27.43 rows=1 width=0)
   ->  Seq Scan on users  (cost=0.00..26.70 rows=288 width=0)
         Filter: ((type)::text = 'Client'::text)
[0m
  [4;36;1mSQL (1.5ms)[0m   [0;1mSELECT count(*) AS count_all FROM "users" WHERE (status != E'active') AND ( ("users"."type" = 'Client' ) ) [0m
  [4;35;1mAnalyzing  Execution Time: 0.001914

[0m   [0mAggregate  (cost=27.50..27.51 rows=1 width=0)
   ->  Seq Scan on users  (cost=0.00..27.44 rows=23 width=0)
         Filter: (((status)::text <> 'active'::text) AND ((type)::text = 'Client'::text))
[0m
  [4;36;1mCACHE (0.0ms)[0m   [0;1mSELECT count(*) AS count_all FROM "users" WHERE ("users"."status" = E'active') AND ( ("users"."type" = 'Client' ) ) [0m
  [4;35;1mHelptext Load (1.5ms)[0m   [0mSELECT * FROM "helptexts" WHERE ("helptexts"."model" = E'client') LIMIT 1[0m
  [4;36;1mAnalyzing Helptext Load Execution Time: 0.001947

[0m   [0;1mLimit  (cost=0.00..11.50 rows=1 width=601)
   ->  Seq Scan on helptexts  (cost=0.00..11.50 rows=1 width=601)
         Filter: ((model)::text = 'client'::text)
[0m
Rendered helptexts/_helptext (2.0ms)
Rendered shared/_model_new_back_buttons (8.4ms)
Rendered shared/_model_search (2.7ms)
Rendered menus/_view_type_links (16.9ms)
Rendered shared/_model_sort (1.7ms)
  [4;35;1mRole Load (0.4ms)[0m   [0mSELECT * FROM "roles" WHERE ("roles"."id" = 4) [0m
  [4;36;1mAnalyzing Role Load Execution Time: 0.001099

[0m   [0;1mIndex Scan using roles_pkey on roles  (cost=0.00..8.27 rows=1 width=536)
   Index Cond: (id = 4)
[0m
Rendered users/_user_info (19.1ms)
Rendered shared/_edit_delete_link (5.7ms)
  [4;35;1mSQL (10.6ms)[0m   [0mSELECT count(*) AS count_all FROM "listings" WHERE ("listings".user_id = 25586) [0m
  [4;36;1mAnalyzing  Execution Time: 0.011085

[0m   [0;1mAggregate  (cost=1615.81..1615.82 rows=1 width=0)
   ->  Index Scan using index_listings_on_id_and_user_id_and_title on listings  (cost=0.00..1615.79 rows=4 width=0)
         Index Cond: (user_id = 25586)
[0m
  [4;35;1mSQL (11.3ms)[0m   [0mSELECT count(*) AS count_all FROM "claimed_listings" WHERE ("claimed_listings".client_id = 25586) [0m
  [4;36;1mAnalyzing  Execution Time: 0.011711

[0m   [0;1mAggregate  (cost=27.27..27.28 rows=1 width=0)
   ->  Seq Scan on claimed_listings  (cost=0.00..27.25 rows=7 width=0)
         Filter: (client_id = 25586)
[0m
  [4;35;1mCACHE (0.0ms)[0m   [0mSELECT * FROM "roles" WHERE ("roles"."id" = 4) [0m
Rendered users/_user_info (42.4ms)
Rendered shared/_edit_delete_link (10.0ms)
  [4;36;1mSQL (4.1ms)[0m   [0;1mSELECT count(*) AS count_all FROM "listings" WHERE ("listings".user_id = 25584) [0m
  [4;35;1mAnalyzing  Execution Time: 0.004612

[0m   [0mAggregate  (cost=1615.81..1615.82 rows=1 width=0)
   ->  Index Scan using index_listings_on_id_and_user_id_and_title on listings  (cost=0.00..1615.79 rows=4 width=0)
         Index Cond: (user_id = 25584)
[0m
  [4;36;1mSQL (0.4ms)[0m   [0;1mSELECT count(*) AS count_all FROM "claimed_listings" WHERE ("claimed_listings".client_id = 25584) [0m
  [4;35;1mAnalyzing  Execution Time: 0.000827

[0m   [0mAggregate  (cost=27.27..27.28 rows=1 width=0)
   ->  Seq Scan on claimed_listings  (cost=0.00..27.25 rows=7 width=0)
         Filter: (client_id = 25584)
[0m
  [4;36;1mCACHE (0.0ms)[0m   [0;1mSELECT * FROM "roles" WHERE ("roles"."id" = 4) [0m
Rendered users/_user_info (25.8ms)
Rendered shared/_edit_delete_link (6.0ms)
  [4;35;1mSQL (2.3ms)[0m   [0mSELECT count(*) AS count_all FROM "listings" WHERE ("listings".user_id = 25583) [0m
  [4;36;1mAnalyzing  Execution Time: 0.002711

[0m   [0;1mAggregate  (cost=1615.81..1615.82 rows=1 width=0)
   ->  Index Scan using index_listings_on_id_and_user_id_and_title on listings  (cost=0.00..1615.79 rows=4 width=0)
         Index Cond: (user_id = 25583)
[0m
  [4;35;1mSQL (0.4ms)[0m   [0mSELECT count(*) AS count_all FROM "claimed_listings" WHERE ("claimed_listings".client_id = 25583) [0m
  [4;36;1mAnalyzing  Execution Time: 0.000764

[0m   [0;1mAggregate  (cost=27.27..27.28 rows=1 width=0)
   ->  Seq Scan on claimed_listings  (cost=0.00..27.25 rows=7 width=0)
         Filter: (client_id = 25583)
[0m
  [4;35;1mCACHE (0.0ms)[0m   [0mSELECT * FROM "roles" WHERE ("roles"."id" = 4) [0m
Rendered users/_user_info (33.7ms)
Rendered shared/_edit_delete_link (5.9ms)
  [4;36;1mSQL (2.4ms)[0m   [0;1mSELECT count(*) AS count_all FROM "listings" WHERE ("listings".user_id = 25582) [0m
  [4;35;1mAnalyzing  Execution Time: 0.002844

[0m   [0mAggregate  (cost=1615.81..1615.82 rows=1 width=0)
   ->  Index Scan using index_listings_on_id_and_user_id_and_title on listings  (cost=0.00..1615.79 rows=4 width=0)
         Index Cond: (user_id = 25582)
[0m
  [4;36;1mSQL (0.4ms)[0m   [0;1mSELECT count(*) AS count_all FROM "claimed_listings" WHERE ("claimed_listings".client_id = 25582) [0m
  [4;35;1mAnalyzing  Execution Time: 0.016701

[0m   [0mAggregate  (cost=27.27..27.28 rows=1 width=0)
   ->  Seq Scan on claimed_listings  (cost=0.00..27.25 rows=7 width=0)
         Filter: (client_id = 25582)
[0m
  [4;36;1mCACHE (0.0ms)[0m   [0;1mSELECT * FROM "roles" WHERE ("roles"."id" = 4) [0m
Rendered users/_user_info (28.3ms)
Rendered shared/_edit_delete_link (9.5ms)
  [4;35;1mSQL (2.5ms)[0m   [0mSELECT count(*) AS count_all FROM "listings" WHERE ("listings".user_id = 25581) [0m
  [4;36;1mAnalyzing  Execution Time: 0.002885

[0m   [0;1mAggregate  (cost=1615.81..1615.82 rows=1 width=0)
   ->  Index Scan using index_listings_on_id_and_user_id_and_title on listings  (cost=0.00..1615.79 rows=4 width=0)
         Index Cond: (user_id = 25581)
[0m
  [4;35;1mSQL (0.5ms)[0m   [0mSELECT count(*) AS count_all FROM "claimed_listings" WHERE ("claimed_listings".client_id = 25581) [0m
  [4;36;1mAnalyzing  Execution Time: 0.000839

[0m   [0;1mAggregate  (cost=27.27..27.28 rows=1 width=0)
   ->  Seq Scan on claimed_listings  (cost=0.00..27.25 rows=7 width=0)
         Filter: (client_id = 25581)
[0m
  [4;35;1mCACHE (0.0ms)[0m   [0mSELECT * FROM "roles" WHERE ("roles"."id" = 4) [0m
Rendered users/_user_info (22.7ms)
Rendered shared/_edit_delete_link (33.3ms)
  [4;36;1mSQL (2.3ms)[0m   [0;1mSELECT count(*) AS count_all FROM "listings" WHERE ("listings".user_id = 25580) [0m
  [4;35;1mAnalyzing  Execution Time: 0.002785

[0m   [0mAggregate  (cost=1615.81..1615.82 rows=1 width=0)
   ->  Index Scan using index_listings_on_id_and_user_id_and_title on listings  (cost=0.00..1615.79 rows=4 width=0)
         Index Cond: (user_id = 25580)
[0m
  [4;36;1mSQL (1.2ms)[0m   [0;1mSELECT count(*) AS count_all FROM "claimed_listings" WHERE ("claimed_listings".client_id = 25580) [0m
  [4;35;1mAnalyzing  Execution Time: 0.001805

[0m   [0mAggregate  (cost=27.27..27.28 rows=1 width=0)
   ->  Seq Scan on claimed_listings  (cost=0.00..27.25 rows=7 width=0)
         Filter: (client_id = 25580)
[0m
  [4;36;1mCACHE (0.0ms)[0m   [0;1mSELECT * FROM "roles" WHERE ("roles"."id" = 4) [0m
Rendered users/_user_info (24.0ms)
Rendered shared/_edit_delete_link (6.3ms)
  [4;35;1mSQL (2.3ms)[0m   [0mSELECT count(*) AS count_all FROM "listings" WHERE ("listings".user_id = 25579) [0m
  [4;36;1mAnalyzing  Execution Time: 0.00274

[0m   [0;1mAggregate  (cost=1615.81..1615.82 rows=1 width=0)
   ->  Index Scan using index_listings_on_id_and_user_id_and_title on listings  (cost=0.00..1615.79 rows=4 width=0)
         Index Cond: (user_id = 25579)
[0m
  [4;35;1mSQL (0.4ms)[0m   [0mSELECT count(*) AS count_all FROM "claimed_listings" WHERE ("claimed_listings".client_id = 25579) [0m
  [4;36;1mAnalyzing  Execution Time: 0.000928

[0m   [0;1mAggregate  (cost=27.27..27.28 rows=1 width=0)
   ->  Seq Scan on claimed_listings  (cost=0.00..27.25 rows=7 width=0)
         Filter: (client_id = 25579)
[0m
  [4;35;1mCACHE (0.0ms)[0m   [0mSELECT * FROM "roles" WHERE ("roles"."id" = 4) [0m
Rendered users/_user_info (34.4ms)
Rendered shared/_edit_delete_link (10.1ms)
  [4;36;1mSQL (2.7ms)[0m   [0;1mSELECT count(*) AS count_all FROM "listings" WHERE ("listings".user_id = 25577) [0m
  [4;35;1mAnalyzing  Execution Time: 0.003098

[0m   [0mAggregate  (cost=1615.81..1615.82 rows=1 width=0)
   ->  Index Scan using index_listings_on_id_and_user_id_and_title on listings  (cost=0.00..1615.79 rows=4 width=0)
         Index Cond: (user_id = 25577)
[0m
  [4;36;1mSQL (0.4ms)[0m   [0;1mSELECT count(*) AS count_all FROM "claimed_listings" WHERE ("claimed_listings".client_id = 25577) [0m
  [4;35;1mAnalyzing  Execution Time: 0.000792

[0m   [0mAggregate  (cost=27.27..27.28 rows=1 width=0)
   ->  Seq Scan on claimed_listings  (cost=0.00..27.25 rows=7 width=0)
         Filter: (client_id = 25577)
[0m
  [4;36;1mCACHE (0.0ms)[0m   [0;1mSELECT * FROM "roles" WHERE ("roles"."id" = 4) [0m
Rendered users/_user_info (39.1ms)
Rendered shared/_edit_delete_link (6.8ms)
  [4;35;1mSQL (2.2ms)[0m   [0mSELECT count(*) AS count_all FROM "listings" WHERE ("listings".user_id = 25575) [0m
  [4;36;1mAnalyzing  Execution Time: 0.002676

[0m   [0;1mAggregate  (cost=1615.81..1615.82 rows=1 width=0)
   ->  Index Scan using index_listings_on_id_and_user_id_and_title on listings  (cost=0.00..1615.79 rows=4 width=0)
         Index Cond: (user_id = 25575)
[0m
  [4;35;1mSQL (0.4ms)[0m   [0mSELECT count(*) AS count_all FROM "claimed_listings" WHERE ("claimed_listings".client_id = 25575) [0m
  [4;36;1mAnalyzing  Execution Time: 0.001238

[0m   [0;1mAggregate  (cost=27.27..27.28 rows=1 width=0)
   ->  Seq Scan on claimed_listings  (cost=0.00..27.25 rows=7 width=0)
         Filter: (client_id = 25575)
[0m
  [4;35;1mCACHE (0.0ms)[0m   [0mSELECT * FROM "roles" WHERE ("roles"."id" = 4) [0m
Rendered users/_user_info (18.2ms)
Rendered shared/_edit_delete_link (6.3ms)
  [4;36;1mSQL (9.1ms)[0m   [0;1mSELECT count(*) AS count_all FROM "listings" WHERE ("listings".user_id = 25573) [0m
  [4;35;1mAnalyzing  Execution Time: 0.009528

[0m   [0mAggregate  (cost=1615.81..1615.82 rows=1 width=0)
   ->  Index Scan using index_listings_on_id_and_user_id_and_title on listings  (cost=0.00..1615.79 rows=4 width=0)
         Index Cond: (user_id = 25573)
[0m
  [4;36;1mSQL (1.2ms)[0m   [0;1mSELECT count(*) AS count_all FROM "claimed_listings" WHERE ("claimed_listings".client_id = 25573) [0m
  [4;35;1mAnalyzing  Execution Time: 0.001667

[0m   [0mAggregate  (cost=27.27..27.28 rows=1 width=0)
   ->  Seq Scan on claimed_listings  (cost=0.00..27.25 rows=7 width=0)
         Filter: (client_id = 25573)
[0m
  [4;36;1mCACHE (0.0ms)[0m   [0;1mSELECT * FROM "roles" WHERE ("roles"."id" = 4) [0m
Rendered users/_user_info (15.8ms)
Rendered shared/_edit_delete_link (6.7ms)
  [4;35;1mSQL (3.5ms)[0m   [0mSELECT count(*) AS count_all FROM "listings" WHERE ("listings".user_id = 25571) [0m
  [4;36;1mAnalyzing  Execution Time: 0.003837

[0m   [0;1mAggregate  (cost=1615.81..1615.82 rows=1 width=0)
   ->  Index Scan using index_listings_on_id_and_user_id_and_title on listings  (cost=0.00..1615.79 rows=4 width=0)
         Index Cond: (user_id = 25571)
[0m
  [4;35;1mSQL (0.4ms)[0m   [0mSELECT count(*) AS count_all FROM "claimed_listings" WHERE ("claimed_listings".client_id = 25571) [0m
  [4;36;1mAnalyzing  Execution Time: 0.000805

[0m   [0;1mAggregate  (cost=27.27..27.28 rows=1 width=0)
   ->  Seq Scan on claimed_listings  (cost=0.00..27.25 rows=7 width=0)
         Filter: (client_id = 25571)
[0m
  [4;35;1mCACHE (0.0ms)[0m   [0mSELECT * FROM "roles" WHERE ("roles"."id" = 4) [0m
Rendered users/_user_info (37.1ms)
Rendered shared/_edit_delete_link (5.0ms)
  [4;36;1mSQL (2.6ms)[0m   [0;1mSELECT count(*) AS count_all FROM "listings" WHERE ("listings".user_id = 25570) [0m
  [4;35;1mAnalyzing  Execution Time: 0.003021

[0m   [0mAggregate  (cost=1615.81..1615.82 rows=1 width=0)
   ->  Index Scan using index_listings_on_id_and_user_id_and_title on listings  (cost=0.00..1615.79 rows=4 width=0)
         Index Cond: (user_id = 25570)
[0m
  [4;36;1mSQL (0.4ms)[0m   [0;1mSELECT count(*) AS count_all FROM "claimed_listings" WHERE ("claimed_listings".client_id = 25570) [0m
  [4;35;1mAnalyzing  Execution Time: 0.001069

[0m   [0mAggregate  (cost=27.27..27.28 rows=1 width=0)
   ->  Seq Scan on claimed_listings  (cost=0.00..27.25 rows=7 width=0)
         Filter: (client_id = 25570)
[0m
  [4;36;1mCACHE (0.0ms)[0m   [0;1mSELECT * FROM "roles" WHERE ("roles"."id" = 4) [0m
Rendered users/_user_info (30.5ms)
Rendered shared/_edit_delete_link (11.6ms)
  [4;35;1mSQL (2.4ms)[0m   [0mSELECT count(*) AS count_all FROM "listings" WHERE ("listings".user_id = 25567) [0m
  [4;36;1mAnalyzing  Execution Time: 0.002864

[0m   [0;1mAggregate  (cost=1615.81..1615.82 rows=1 width=0)
   ->  Index Scan using index_listings_on_id_and_user_id_and_title on listings  (cost=0.00..1615.79 rows=4 width=0)
         Index Cond: (user_id = 25567)
[0m
  [4;35;1mSQL (0.5ms)[0m   [0mSELECT count(*) AS count_all FROM "claimed_listings" WHERE ("claimed_listings".client_id = 25567) [0m
  [4;36;1mAnalyzing  Execution Time: 0.000827

[0m   [0;1mAggregate  (cost=27.27..27.28 rows=1 width=0)
   ->  Seq Scan on claimed_listings  (cost=0.00..27.25 rows=7 width=0)
         Filter: (client_id = 25567)
[0m
  [4;35;1mCACHE (0.0ms)[0m   [0mSELECT * FROM "roles" WHERE ("roles"."id" = 4) [0m
Rendered users/_user_info (274.6ms)
Rendered shared/_edit_delete_link (6.6ms)
  [4;36;1mSQL (2.2ms)[0m   [0;1mSELECT count(*) AS count_all FROM "listings" WHERE ("listings".user_id = 25565) [0m
  [4;35;1mAnalyzing  Execution Time: 0.002613

[0m   [0mAggregate  (cost=1615.81..1615.82 rows=1 width=0)
   ->  Index Scan using index_listings_on_id_and_user_id_and_title on listings  (cost=0.00..1615.79 rows=4 width=0)
         Index Cond: (user_id = 25565)
[0m
  [4;36;1mSQL (0.4ms)[0m   [0;1mSELECT count(*) AS count_all FROM "claimed_listings" WHERE ("claimed_listings".client_id = 25565) [0m
  [4;35;1mAnalyzing  Execution Time: 0.000768

[0m   [0mAggregate  (cost=27.27..27.28 rows=1 width=0)
   ->  Seq Scan on claimed_listings  (cost=0.00..27.25 rows=7 width=0)
         Filter: (client_id = 25565)
[0m
  [4;36;1mCACHE (0.0ms)[0m   [0;1mSELECT * FROM "roles" WHERE ("roles"."id" = 4) [0m
Rendered users/_user_info (18.4ms)
Rendered shared/_edit_delete_link (7.6ms)
  [4;35;1mSQL (2.4ms)[0m   [0mSELECT count(*) AS count_all FROM "listings" WHERE ("listings".user_id = 25564) [0m
  [4;36;1mAnalyzing  Execution Time: 0.002781

[0m   [0;1mAggregate  (cost=1615.81..1615.82 rows=1 width=0)
   ->  Index Scan using index_listings_on_id_and_user_id_and_title on listings  (cost=0.00..1615.79 rows=4 width=0)
         Index Cond: (user_id = 25564)
[0m
  [4;35;1mSQL (0.6ms)[0m   [0mSELECT count(*) AS count_all FROM "claimed_listings" WHERE ("claimed_listings".client_id = 25564) [0m
  [4;36;1mAnalyzing  Execution Time: 0.000946

[0m   [0;1mAggregate  (cost=27.27..27.28 rows=1 width=0)
   ->  Seq Scan on claimed_listings  (cost=0.00..27.25 rows=7 width=0)
         Filter: (client_id = 25564)
[0m
  [4;35;1mCACHE (0.0ms)[0m   [0mSELECT * FROM "roles" WHERE ("roles"."id" = 4) [0m
Rendered users/_user_info (27.5ms)
Rendered shared/_edit_delete_link (7.4ms)
  [4;36;1mSQL (2.3ms)[0m   [0;1mSELECT count(*) AS count_all FROM "listings" WHERE ("listings".user_id = 25563) [0m
  [4;35;1mAnalyzing  Execution Time: 0.002802

[0m   [0mAggregate  (cost=1615.81..1615.82 rows=1 width=0)
   ->  Index Scan using index_listings_on_id_and_user_id_and_title on listings  (cost=0.00..1615.79 rows=4 width=0)
         Index Cond: (user_id = 25563)
[0m
  [4;36;1mSQL (0.5ms)[0m   [0;1mSELECT count(*) AS count_all FROM "claimed_listings" WHERE ("claimed_listings".client_id = 25563) [0m
  [4;35;1mAnalyzing  Execution Time: 0.001064

[0m   [0mAggregate  (cost=27.27..27.28 rows=1 width=0)
   ->  Seq Scan on claimed_listings  (cost=0.00..27.25 rows=7 width=0)
         Filter: (client_id = 25563)
[0m
  [4;36;1mCACHE (0.0ms)[0m   [0;1mSELECT * FROM "roles" WHERE ("roles"."id" = 4) [0m
Rendered users/_user_info (22.6ms)
Rendered shared/_edit_delete_link (6.0ms)
  [4;35;1mSQL (3.0ms)[0m   [0mSELECT count(*) AS count_all FROM "listings" WHERE ("listings".user_id = 25562) [0m
  [4;36;1mAnalyzing  Execution Time: 0.00348

[0m   [0;1mAggregate  (cost=1615.81..1615.82 rows=1 width=0)
   ->  Index Scan using index_listings_on_id_and_user_id_and_title on listings  (cost=0.00..1615.79 rows=4 width=0)
         Index Cond: (user_id = 25562)
[0m
  [4;35;1mSQL (0.4ms)[0m   [0mSELECT count(*) AS count_all FROM "claimed_listings" WHERE ("claimed_listings".client_id = 25562) [0m
  [4;36;1mAnalyzing  Execution Time: 0.000807

[0m   [0;1mAggregate  (cost=27.27..27.28 rows=1 width=0)
   ->  Seq Scan on claimed_listings  (cost=0.00..27.25 rows=7 width=0)
         Filter: (client_id = 25562)
[0m
  [4;35;1mCACHE (0.0ms)[0m   [0mSELECT * FROM "roles" WHERE ("roles"."id" = 4) [0m
Rendered users/_user_info (19.4ms)
Rendered shared/_edit_delete_link (17.2ms)
  [4;36;1mSQL (6.5ms)[0m   [0;1mSELECT count(*) AS count_all FROM "listings" WHERE ("listings".user_id = 25560) [0m
  [4;35;1mAnalyzing  Execution Time: 0.00688

[0m   [0mAggregate  (cost=1615.81..1615.82 rows=1 width=0)
   ->  Index Scan using index_listings_on_id_and_user_id_and_title on listings  (cost=0.00..1615.79 rows=4 width=0)
         Index Cond: (user_id = 25560)
[0m
  [4;36;1mSQL (0.4ms)[0m   [0;1mSELECT count(*) AS count_all FROM "claimed_listings" WHERE ("claimed_listings".client_id = 25560) [0m
  [4;35;1mAnalyzing  Execution Time: 0.000755

[0m   [0mAggregate  (cost=27.27..27.28 rows=1 width=0)
   ->  Seq Scan on claimed_listings  (cost=0.00..27.25 rows=7 width=0)
         Filter: (client_id = 25560)
[0m
  [4;36;1mCACHE (0.0ms)[0m   [0;1mSELECT * FROM "roles" WHERE ("roles"."id" = 4) [0m
Rendered users/_user_info (38.7ms)
Rendered shared/_edit_delete_link (6.6ms)
  [4;35;1mSQL (2.2ms)[0m   [0mSELECT count(*) AS count_all FROM "listings" WHERE ("listings".user_id = 25559) [0m
  [4;36;1mAnalyzing  Execution Time: 0.002637

[0m   [0;1mAggregate  (cost=1615.81..1615.82 rows=1 width=0)
   ->  Index Scan using index_listings_on_id_and_user_id_and_title on listings  (cost=0.00..1615.79 rows=4 width=0)
         Index Cond: (user_id = 25559)
[0m
  [4;35;1mSQL (1.9ms)[0m   [0mSELECT count(*) AS count_all FROM "claimed_listings" WHERE ("claimed_listings".client_id = 25559) [0m
  [4;36;1mAnalyzing  Execution Time: 0.002268

[0m   [0;1mAggregate  (cost=27.27..27.28 rows=1 width=0)
   ->  Seq Scan on claimed_listings  (cost=0.00..27.25 rows=7 width=0)
         Filter: (client_id = 25559)
[0m
  [4;35;1mCACHE (0.0ms)[0m   [0mSELECT * FROM "roles" WHERE ("roles"."id" = 4) [0m
Rendered users/_user_info (20.8ms)
Rendered shared/_edit_delete_link (10.2ms)
  [4;36;1mSQL (2.9ms)[0m   [0;1mSELECT count(*) AS count_all FROM "listings" WHERE ("listings".user_id = 25558) [0m
  [4;35;1mAnalyzing  Execution Time: 0.003243

[0m   [0mAggregate  (cost=1615.81..1615.82 rows=1 width=0)
   ->  Index Scan using index_listings_on_id_and_user_id_and_title on listings  (cost=0.00..1615.79 rows=4 width=0)
         Index Cond: (user_id = 25558)
[0m
  [4;36;1mSQL (0.4ms)[0m   [0;1mSELECT count(*) AS count_all FROM "claimed_listings" WHERE ("claimed_listings".client_id = 25558) [0m
  [4;35;1mAnalyzing  Execution Time: 0.000697

[0m   [0mAggregate  (cost=27.27..27.28 rows=1 width=0)
   ->  Seq Scan on claimed_listings  (cost=0.00..27.25 rows=7 width=0)
         Filter: (client_id = 25558)
[0m
Rendered views/_paginate (5.2ms)
Rendered views/partials/_users (2309.7ms)
Rendered shared/_base_model_index (2344.7ms)
Rendered shared/_model_index (2727.7ms)
Completed in 3420ms (View: 2586, DB: 161) | 200 OK [https://localhost/clients]
** has_many_polymorphs: autoload hook invoked
** has_many_polymorphs: preloading parent model Block
** has_many_polymorphs: associating Block.models
  [4;36;1mSQL (0.1ms)[0m   [0;1mSET client_min_messages TO 'panic'[0m
  [4;35;1mSQL (0.1ms)[0m   [0mSET client_min_messages TO 'notice'[0m
** has_many_polymorphs: preloading parent model View
** has_many_polymorphs: associating View.models
  [4;36;1mSQL (0.2ms)[0m   [0;1mSET client_min_messages TO 'panic'[0m
  [4;35;1mSQL (0.1ms)[0m   [0mSET client_min_messages TO 'notice'[0m


Processing ClientsController#show (for 127.0.0.1 at 2011-04-26 18:32:49) [GET]
  Parameters: {"action"=>"show", "id"=>"25586", "controller"=>"clients"}
  [4;36;1mUser Load (1.6ms)[0m   [0;1mSELECT * FROM "users" WHERE ("users"."id" = E'1') LIMIT 1[0m
  [4;35;1mAnalyzing User Load Execution Time: 0.002833

[0m   [0mLimit  (cost=0.00..8.27 rows=1 width=574)
   ->  Index Scan using users_pkey on users  (cost=0.00..8.27 rows=1 width=574)
         Index Cond: (id = 1)
[0m
  [4;36;1mSQL (0.2ms)[0m   [0;1mBEGIN[0m
  [4;35;1mUser Update (1.1ms)[0m   [0mUPDATE "users" SET "updated_at" = '2011-04-26 22:32:49.553971', "perishable_token" = E'MRKobp228O5OlLOAavH', "last_request_at" = '2011-04-26 22:32:49.544154' WHERE "id" = 1[0m
  [4;36;1mSQL (32.2ms)[0m   [0;1mCOMMIT[0m
  [4;35;1mRole Load (0.8ms)[0m   [0mSELECT * FROM "roles" WHERE ("roles"."id" = 1) [0m
  [4;36;1mAnalyzing Role Load Execution Time: 0.001234

[0m   [0;1mIndex Scan using roles_pkey on roles  (cost=0.00..8.27 rows=1 width=536)
   Index Cond: (id = 1)
[0m
  [4;35;1mClient Load (1.2ms)[0m   [0mSELECT * FROM "users" WHERE ("users"."id" = 25586) AND ( ("users"."type" = 'Client' ) ) LIMIT 1[0m
  [4;36;1mAnalyzing Client Load Execution Time: 0.002136

[0m   [0;1mLimit  (cost=0.00..8.27 rows=1 width=574)
   ->  Index Scan using users_pkey on users  (cost=0.00..8.27 rows=1 width=574)
         Index Cond: (id = 25586)
         Filter: ((type)::text = 'Client'::text)
[0m
Rendering clients/show
  [4;35;1mUser Load (0.6ms)[0m   [0mSELECT * FROM "users" WHERE ("users"."id" = 25586) [0m
  [4;36;1mAnalyzing User Load Execution Time: 0.001942

[0m   [0;1mIndex Scan using users_pkey on users  (cost=0.00..8.27 rows=1 width=574)
   Index Cond: (id = 25586)
[0m
  [4;35;1mSQL (10.8ms)[0m   [0mSELECT count(*) AS count_all FROM "listings" WHERE ("listings".user_id = 25586 AND (enabled IS TRUE)) [0m
  [4;36;1mAnalyzing  Execution Time: 0.011117

[0m   [0;1mAggregate  (cost=1615.81..1615.82 rows=1 width=0)
   ->  Index Scan using index_listings_on_id_and_user_id_and_title on listings  (cost=0.00..1615.79 rows=4 width=0)
         Index Cond: (user_id = 25586)
         Filter: (enabled IS TRUE)
[0m
  [4;35;1mListing Load (2.9ms)[0m   [0mSELECT * FROM "listings" WHERE ("listings".user_id = 25586) [0m
  [4;36;1mAnalyzing Listing Load Execution Time: 0.003899

[0m   [0;1mIndex Scan using index_listings_on_id_and_user_id_and_title on listings  (cost=0.00..1615.79 rows=4 width=1172)
   Index Cond: (user_id = 25586)
[0m
  [4;35;1mFacilityInfo Load (1.2ms)[0m   [0mSELECT * FROM "facility_infos" WHERE ("facility_infos".listing_id = 113291) LIMIT 1[0m
  [4;36;1mAnalyzing FacilityInfo Load Execution Time: 0.001604

[0m   [0;1mLimit  (cost=0.00..10.00 rows=1 width=8362)
   ->  Seq Scan on facility_infos  (cost=0.00..10.00 rows=1 width=8362)
         Filter: (listing_id = 113291)
[0m
  [4;35;1mRole Load (0.4ms)[0m   [0mSELECT * FROM "roles" WHERE ("roles"."id" = 4) [0m
  [4;36;1mAnalyzing Role Load Execution Time: 0.000796

[0m   [0;1mIndex Scan using roles_pkey on roles  (cost=0.00..8.27 rows=1 width=536)
   Index Cond: (id = 4)
[0m
Rendered users/_user_info (23.0ms)
Rendered notes/_form (3.7ms)
  [4;35;1mNote Load (23.9ms)[0m   [0mSELECT * FROM "notes" WHERE ("notes".user_id = 25586) ORDER BY created_at DESC[0m
  [4;36;1mAnalyzing Note Load Execution Time: 0.042484

[0m   [0;1mSort  (cost=11.63..11.64 rows=1 width=576)
   Sort Key: created_at
   ->  Seq Scan on notes  (cost=0.00..11.62 rows=1 width=576)
         Filter: (user_id = 25586)
[0m
  [4;35;1mUser Load (0.6ms)[0m   [0mSELECT * FROM "users" WHERE ("users"."id" = 1) [0m
  [4;36;1mAnalyzing User Load Execution Time: 0.001379

[0m   [0;1mIndex Scan using users_pkey on users  (cost=0.00..8.27 rows=1 width=574)
   Index Cond: (id = 1)
[0m
Rendered notes/_note (6.2ms)
  [4;35;1mCACHE (0.0ms)[0m   [0mSELECT * FROM "users" WHERE ("users"."id" = 1) [0m
Rendered notes/_note (6.2ms)
  [4;36;1mCACHE (0.0ms)[0m   [0;1mSELECT * FROM "users" WHERE ("users"."id" = 1) [0m
Rendered notes/_note (3.7ms)
  [4;35;1mCACHE (0.0ms)[0m   [0mSELECT * FROM "users" WHERE ("users"."id" = 1) [0m
Rendered notes/_note (3.9ms)
  [4;36;1mCACHE (0.0ms)[0m   [0;1mSELECT * FROM "users" WHERE ("users"."id" = 1) [0m
Rendered notes/_note (4.8ms)
  [4;35;1mCACHE (0.0ms)[0m   [0mSELECT * FROM "users" WHERE ("users"."id" = 1) [0m
Rendered notes/_note (3.6ms)
  [4;36;1mCACHE (0.0ms)[0m   [0;1mSELECT * FROM "users" WHERE ("users"."id" = 1) [0m
Rendered notes/_note (3.4ms)
Rendered notes/_client_notes (123.0ms)
  [4;35;1mSQL (0.6ms)[0m   [0mSELECT count(*) AS count_all FROM "claimed_listings" WHERE ("claimed_listings".client_id = 25586) [0m
  [4;36;1mAnalyzing  Execution Time: 0.000938

[0m   [0;1mAggregate  (cost=27.27..27.28 rows=1 width=0)
   ->  Seq Scan on claimed_listings  (cost=0.00..27.25 rows=7 width=0)
         Filter: (client_id = 25586)
[0m
  [4;35;1mClient Load (0.6ms)[0m   [0mSELECT * FROM "users" WHERE ("users"."id" = 25586) AND ( ("users"."type" = 'Client' ) ) [0m
  [4;36;1mAnalyzing Client Load Execution Time: 0.00129

[0m   [0;1mIndex Scan using users_pkey on users  (cost=0.00..8.27 rows=1 width=574)
   Index Cond: (id = 25586)
   Filter: ((type)::text = 'Client'::text)
[0m
  [4;35;1mSQL (2.6ms)[0m   [0mSELECT count(*) AS count_all FROM "business_hours" WHERE ("business_hours".listing_id = 113291) [0m
  [4;36;1mAnalyzing  Execution Time: 0.002961

[0m   [0;1mAggregate  (cost=99.56..99.57 rows=1 width=0)
   ->  Seq Scan on business_hours  (cost=0.00..99.53 rows=13 width=0)
         Filter: (listing_id = 113291)
[0m
  [4;35;1mSQL (2.4ms)[0m   [0mSELECT count(*) AS count_all FROM "facility_features" INNER JOIN "listing_features" ON "facility_features".id = "listing_features".facility_feature_id WHERE (("listing_features".listing_id = 113291)) [0m
  [4;36;1mAnalyzing  Execution Time: 0.004023

[0m   [0;1mAggregate  (cost=51.87..51.88 rows=1 width=0)
   ->  Hash Join  (cost=12.93..51.85 rows=8 width=0)
         Hash Cond: (listing_features.facility_feature_id = facility_features.id)
         ->  Seq Scan on listing_features  (cost=0.00..38.81 rows=8 width=4)
               Filter: (listing_id = 113291)
         ->  Hash  (cost=11.30..11.30 rows=130 width=4)
               ->  Seq Scan on facility_features  (cost=0.00..11.30 rows=130 width=4)
[0m
  [4;35;1mCACHE (0.0ms)[0m   [0mSELECT count(*) AS count_all FROM "facility_features" INNER JOIN "listing_features" ON "facility_features".id = "listing_features".facility_feature_id WHERE (("listing_features".listing_id = 113291)) [0m
  [4;36;1mSQL (0.8ms)[0m   [0;1mSELECT count(*) AS count_all FROM "sizes" WHERE ("sizes".listing_id = 113291) [0m
  [4;35;1mAnalyzing  Execution Time: 0.00154

[0m   [0mAggregate  (cost=18.55..18.56 rows=1 width=0)
   ->  Bitmap Heap Scan on sizes  (cost=4.30..18.53 rows=7 width=0)
         Recheck Cond: (listing_id = 113291)
         ->  Bitmap Index Scan on index_sizes_on_listing_id_and_price  (cost=0.00..4.30 rows=7 width=0)
               Index Cond: (listing_id = 113291)
[0m
  [4;36;1mSQL (1.1ms)[0m   [0;1mSELECT count(*) AS count_all FROM "pictures" WHERE ("pictures".listing_id = 113291) [0m
  [4;35;1mAnalyzing  Execution Time: 0.002189

[0m   [0mAggregate  (cost=15.58..15.59 rows=1 width=0)
   ->  Seq Scan on pictures  (cost=0.00..15.57 rows=3 width=0)
         Filter: (listing_id = 113291)
[0m
  [4;36;1mSQL (1.7ms)[0m   [0;1mSELECT count(*) AS count_all FROM "comments" WHERE ("comments".commentable_id = 113291 AND "comments".commentable_type = E'Listing') [0m
  [4;35;1mAnalyzing  Execution Time: 0.002219

[0m   [0mAggregate  (cost=10.91..10.92 rows=1 width=0)
   ->  Seq Scan on comments  (cost=0.00..10.90 rows=1 width=0)
         Filter: ((commentable_id = 113291) AND ((commentable_type)::text = 'Listing'::text))
[0m
  [4;36;1mPredefinedSpecial Load (1.7ms)[0m   [0;1mSELECT "predefined_specials".* FROM "predefined_specials" INNER JOIN "predef_special_assigns" ON "predefined_specials".id = "predef_special_assigns".predefined_special_id WHERE (("predef_special_assigns".listing_id = 113291)) [0m
  [4;35;1mAnalyzing PredefinedSpecial Load Execution Time: 0.002194

[0m   [0mNested Loop  (cost=0.00..10.27 rows=1 width=1092)
   ->  Seq Scan on predef_special_assigns  (cost=0.00..1.99 rows=1 width=4)
         Filter: (listing_id = 113291)
   ->  Index Scan using predefined_specials_pkey on predefined_specials  (cost=0.00..8.27 rows=1 width=1092)
         Index Cond: (predefined_specials.id = predef_special_assigns.predefined_special_id)
[0m
Rendered listings/_listing (432.4ms)
  [4;36;1mMailingAddress Load (1.2ms)[0m   [0;1mSELECT * FROM "mailing_addresses" WHERE ("mailing_addresses".user_id = 25586) LIMIT 1[0m
  [4;35;1mAnalyzing MailingAddress Load Execution Time: 0.001689

[0m   [0mLimit  (cost=0.00..8.27 rows=1 width=106)
   ->  Index Scan using index_mailing_addresses_on_client_id_and_city_and_state on mailing_addresses  (cost=0.00..8.27 rows=1 width=106)
         Index Cond: (user_id = 25586)
[0m
Rendered clients/_owner_info (19.7ms)
  [4;36;1mUserHintPlacement Load (1.0ms)[0m   [0;1mSELECT * FROM "user_hint_placements" WHERE ("user_hint_placements".user_id = 25586) [0m
  [4;35;1mAnalyzing UserHintPlacement Load Execution Time: 0.002133

[0m   [0mIndex Scan using index_user_hint_placements_on_user_id on user_hint_placements  (cost=0.00..8.39 rows=8 width=33)
   Index Cond: (user_id = 25586)
[0m
  [4;36;1mAccountSetting Load (0.9ms)[0m   [0;1mSELECT * FROM "account_settings" WHERE ("account_settings".client_id = 25586) LIMIT 1[0m
  [4;35;1mAnalyzing AccountSetting Load Execution Time: 0.001186

[0m   [0mLimit  (cost=0.00..1.65 rows=1 width=80)
   ->  Seq Scan on account_settings  (cost=0.00..1.65 rows=1 width=80)
         Filter: (client_id = 25586)
[0m
Rendered clients/_settings (149.0ms)
  [4;36;1mSQL (24.3ms)[0m   [0;1mSELECT count(*) AS count_all FROM "user_stats" WHERE ("user_stats".user_id = 25586) [0m
  [4;35;1mAnalyzing  Execution Time: 0.024633

[0m   [0mAggregate  (cost=678.85..678.86 rows=1 width=0)
   ->  Seq Scan on user_stats  (cost=0.00..678.81 rows=14 width=0)
         Filter: (user_id = 25586)
[0m
  [4;36;1mUserStat Load (1.2ms)[0m   [0;1mSELECT * FROM "user_stats" WHERE ("user_stats".user_id = 25586) ORDER BY user_stats.id DESC LIMIT 1[0m
  [4;35;1mAnalyzing UserStat Load Execution Time: 0.001957

[0m   [0mLimit  (cost=0.00..64.69 rows=1 width=1370)
   ->  Index Scan Backward using user_stats_pkey on user_stats  (cost=0.00..905.65 rows=14 width=1370)
         Filter: (user_id = 25586)
[0m
Rendered user_stats/_user_stat (2.8ms)
Completed in 1876ms (View: 1186, DB: 147) | 200 OK [https://localhost/clients/25586]
** has_many_polymorphs: autoload hook invoked
** has_many_polymorphs: preloading parent model Block
** has_many_polymorphs: associating Block.models
  [4;36;1mSQL (3.2ms)[0m   [0;1mSET client_min_messages TO 'panic'[0m
  [4;35;1mSQL (0.1ms)[0m   [0mSET client_min_messages TO 'notice'[0m
** has_many_polymorphs: preloading parent model View
** has_many_polymorphs: associating View.models
  [4;36;1mSQL (0.2ms)[0m   [0;1mSET client_min_messages TO 'panic'[0m
  [4;35;1mSQL (0.1ms)[0m   [0mSET client_min_messages TO 'notice'[0m


Processing AdminController#index (for 127.0.0.1 at 2011-04-26 18:36:58) [GET]
  Parameters: {"action"=>"index", "controller"=>"admin"}
  [4;36;1mUser Load (1.6ms)[0m   [0;1mSELECT * FROM "users" WHERE ("users"."id" = E'1') LIMIT 1[0m
  [4;35;1mAnalyzing User Load Execution Time: 0.002305

[0m   [0mLimit  (cost=0.00..8.27 rows=1 width=574)
   ->  Index Scan using users_pkey on users  (cost=0.00..8.27 rows=1 width=574)
         Index Cond: (id = 1)
[0m
  [4;36;1mSQL (0.2ms)[0m   [0;1mBEGIN[0m
  [4;35;1mUser Update (1.0ms)[0m   [0mUPDATE "users" SET "updated_at" = '2011-04-26 22:36:58.846694', "perishable_token" = E'KagMGCSNG8qfNkwcpHDL', "last_request_at" = '2011-04-26 22:36:58.843861' WHERE "id" = 1[0m
  [4;36;1mSQL (0.7ms)[0m   [0;1mCOMMIT[0m
  [4;35;1mRole Load (0.6ms)[0m   [0mSELECT * FROM "roles" WHERE ("roles"."id" = 1) [0m
  [4;36;1mAnalyzing Role Load Execution Time: 0.000981

[0m   [0;1mIndex Scan using roles_pkey on roles  (cost=0.00..8.27 rows=1 width=536)
   Index Cond: (id = 1)
[0m
Rendering template within layouts/storagelocator
Rendering admin/index
  [4;35;1mBlock Load (1.5ms)[0m   [0mSELECT * FROM "blocks" WHERE ("blocks"."show_in_all" = E'header') [0m
  [4;36;1mAnalyzing Block Load Execution Time: 0.00179

[0m   [0;1mSeq Scan on blocks  (cost=0.00..10.25 rows=1 width=3188)
   Filter: ((show_in_all)::text = 'header'::text)
[0m
  [4;35;1mBlock Load (0.4ms)[0m   [0mSELECT * FROM "blocks" WHERE ("blocks"."restful_region" = E'header') [0m
  [4;36;1mAnalyzing Block Load Execution Time: 0.000673

[0m   [0;1mSeq Scan on blocks  (cost=0.00..10.25 rows=1 width=3188)
   Filter: ((restful_region)::text = 'header'::text)
[0m
  [4;35;1mBlock Load (0.3ms)[0m   [0mSELECT * FROM "blocks" WHERE ("blocks"."show_in_all" = E'content_bottom') [0m
  [4;36;1mAnalyzing Block Load Execution Time: 0.000799

[0m   [0;1mSeq Scan on blocks  (cost=0.00..10.25 rows=1 width=3188)
   Filter: ((show_in_all)::text = 'content_bottom'::text)
[0m
  [4;35;1mBlock Load (0.4ms)[0m   [0mSELECT * FROM "blocks" WHERE ("blocks"."restful_region" = E'content_bottom') [0m
  [4;36;1mAnalyzing Block Load Execution Time: 0.002168

[0m   [0;1mSeq Scan on blocks  (cost=0.00..10.25 rows=1 width=3188)
   Filter: ((restful_region)::text = 'content_bottom'::text)
[0m
  [4;35;1mBlock Load (0.5ms)[0m   [0mSELECT * FROM "blocks" WHERE ("blocks"."show_in_all" = E'column_5') [0m
  [4;36;1mAnalyzing Block Load Execution Time: 0.000857

[0m   [0;1mSeq Scan on blocks  (cost=0.00..10.25 rows=1 width=3188)
   Filter: ((show_in_all)::text = 'column_5'::text)
[0m
  [4;35;1mBlock Load (0.5ms)[0m   [0mSELECT * FROM "blocks" WHERE ("blocks"."restful_region" = E'column_5') [0m
  [4;36;1mAnalyzing Block Load Execution Time: 0.000982

[0m   [0;1mSeq Scan on blocks  (cost=0.00..10.25 rows=1 width=3188)
   Filter: ((restful_region)::text = 'column_5'::text)
[0m
  [4;35;1mBlock Load (0.5ms)[0m   [0mSELECT * FROM "blocks" WHERE ("blocks"."show_in_all" = E'more_info') [0m
  [4;36;1mAnalyzing Block Load Execution Time: 0.001105

[0m   [0;1mSeq Scan on blocks  (cost=0.00..10.25 rows=1 width=3188)
   Filter: ((show_in_all)::text = 'more_info'::text)
[0m
  [4;35;1mBlock Load (0.4ms)[0m   [0mSELECT * FROM "blocks" WHERE ("blocks"."restful_region" = E'more_info') [0m
  [4;36;1mAnalyzing Block Load Execution Time: 0.000734

[0m   [0;1mSeq Scan on blocks  (cost=0.00..10.25 rows=1 width=3188)
   Filter: ((restful_region)::text = 'more_info'::text)
[0m
  [4;35;1mBlocksModel Load (4.6ms)[0m   [0mSELECT 'Block' AS polymorphic_parent_class, 'models' AS polymorphic_association_id, blocks_models.block_id AS t0_r3, blocks_models.created_at AS t0_r4, blocks_models.enabled AS t0_r7, blocks_models.id AS t0_r0, blocks_models.model_id AS t0_r1, blocks_models.model_type AS t0_r2, blocks_models.place AS t0_r6, blocks_models.position AS t0_r9, blocks_models.show_title AS t0_r8, blocks_models.updated_at AS t0_r5, links.created_at AS t1_r4, links.group_id AS t1_r6, links.id AS t1_r0, links.path AS t1_r2, links.relative AS t1_r3, links.resource AS t1_r7, links.target_id AS t1_r8, links.title AS t1_r1, links.updated_at AS t1_r5, pages.content AS t2_r7, pages.created_at AS t2_r4, pages.description AS t2_r8, pages.id AS t2_r0, pages.meta_desc AS t2_r13, pages.parent_id AS t2_r2, pages.position AS t2_r10, pages.process_erb AS t2_r11, pages.show_in_nav AS t2_r6, pages.show_title AS t2_r9, pages.title AS t2_r1, pages.updated_at AS t2_r5, pages.url AS t2_r3, pages.use_placeholders AS t2_r12, posts.comments_count AS t3_r7, posts.comments_enabled AS t3_r8, posts.content AS t3_r2, posts.created_at AS t3_r5, posts.id AS t3_r0, posts.impressions_count AS t3_r10, posts.position AS t3_r9, posts.published AS t3_r4, posts.rating_average AS t3_r11, posts.title AS t3_r1, posts.type AS t3_r12, posts.updated_at AS t3_r6, posts.user_id AS t3_r3 FROM "blocks_models" JOIN "blocks" AS polymorphic_parent ON "blocks_models".block_id = polymorphic_parent.id LEFT JOIN "pages" ON "blocks_models".model_id = "pages".id AND "blocks_models".model_type = E'Page' LEFT JOIN "posts" ON "blocks_models".model_id = "posts".id AND "blocks_models".model_type = E'Post' LEFT JOIN "links" ON "blocks_models".model_id = "links".id AND "blocks_models".model_type = E'Link' WHERE (("blocks_models".block_id = 51)) [0m
  [4;36;1mAnalyzing BlocksModel Load Execution Time: 0.005018

[0m   [0;1mHash Left Join  (cost=32.98..61.21 rows=8 width=3443)
   Hash Cond: (blocks_models.model_id = links.id)
   Join Filter: ((blocks_models.model_type)::text = 'Link'::text)
   ->  Nested Loop  (cost=21.86..49.96 rows=8 width=1866)
         ->  Index Scan using index_blocks_on_id_and_title_and_show_in_all_and_restful_region on blocks polymorphic_parent  (cost=0.00..8.27 rows=1 width=4)
               Index Cond: (id = 51)
         ->  Hash Left Join  (cost=21.86..41.61 rows=8 width=1866)
               Hash Cond: (blocks_models.model_id = pages.id)
               Join Filter: ((blocks_models.model_type)::text = 'Page'::text)
               ->  Hash Left Join  (cost=10.51..30.13 rows=8 width=706)
                     Hash Cond: (blocks_models.model_id = posts.id)
                     Join Filter: ((blocks_models.model_type)::text = 'Post'::text)
                     ->  Bitmap Heap Scan on blocks_models  (cost=4.31..23.81 rows=8 width=41)
                           Recheck Cond: (block_id = 51)
                           ->  Bitmap Index Scan on index_blocks_models_on_block_id_and_model_id_and_model_type  (cost=0.00..4.31 rows=8 width=0)
                                 Index Cond: (block_id = 51)
                     ->  Hash  (cost=5.53..5.53 rows=53 width=665)
                           ->  Seq Scan on posts  (cost=0.00..5.53 rows=53 width=665)
               ->  Hash  (cost=10.60..10.60 rows=60 width=1160)
                     ->  Seq Scan on pages  (cost=0.00..10.60 rows=60 width=1160)
   ->  Hash  (cost=10.50..10.50 rows=50 width=1577)
         ->  Seq Scan on links  (cost=0.00..10.50 rows=50 width=1577)
[0m
Rendered shared/_model_options (15.0ms)
  [4;35;1mSQL (1.4ms)[0m   [0mSELECT count(*) AS count_all FROM "views" INNER JOIN "models_views" ON "views".id = "models_views".view_id WHERE (("models_views".model_type = E'Block') AND ("models_views".model_id = 51)) [0m
  [4;36;1mAnalyzing  Execution Time: 0.001722

[0m   [0;1mAggregate  (cost=16.56..16.57 rows=1 width=0)
   ->  Nested Loop  (cost=0.00..16.55 rows=1 width=0)
         ->  Index Scan using index_models_views_on_model_id_and_view_id_and_model_type on models_views  (cost=0.00..8.27 rows=1 width=4)
               Index Cond: ((model_id = 51) AND ((model_type)::text = 'Block'::text))
         ->  Index Scan using views_pkey on views  (cost=0.00..8.27 rows=1 width=4)
               Index Cond: (views.id = models_views.view_id)
[0m
  [4;35;1mSQL (1.2ms)[0m   [0mSELECT count(*) AS count_all FROM "forms" INNER JOIN "block_forms" ON "forms".id = "block_forms".form_id WHERE (("block_forms".block_id = 51)) [0m
  [4;36;1mAnalyzing  Execution Time: 0.001621

[0m   [0;1mAggregate  (cost=24.33..24.34 rows=1 width=0)
   ->  Hash Join  (cost=13.84..24.31 rows=6 width=0)
         Hash Cond: (forms.id = block_forms.form_id)
         ->  Seq Scan on forms  (cost=0.00..10.30 rows=30 width=4)
         ->  Hash  (cost=13.76..13.76 rows=6 width=4)
               ->  Bitmap Heap Scan on block_forms  (cost=4.30..13.76 rows=6 width=4)
                     Recheck Cond: (block_id = 51)
                     ->  Bitmap Index Scan on index_block_forms_on_block_id_and_form_id  (cost=0.00..4.30 rows=6 width=0)
                           Index Cond: (block_id = 51)
[0m
Rendered blocks/_block (79.7ms)
  [4;35;1mBlock Load (0.5ms)[0m   [0mSELECT * FROM "blocks" WHERE ("blocks"."show_in_all" = E'footer') [0m
  [4;36;1mAnalyzing Block Load Execution Time: 0.000802

[0m   [0;1mSeq Scan on blocks  (cost=0.00..10.25 rows=1 width=3188)
   Filter: ((show_in_all)::text = 'footer'::text)
[0m
  [4;35;1mBlock Load (0.5ms)[0m   [0mSELECT * FROM "blocks" WHERE ("blocks"."restful_region" = E'footer') [0m
  [4;36;1mAnalyzing Block Load Execution Time: 0.00146

[0m   [0;1mSeq Scan on blocks  (cost=0.00..10.25 rows=1 width=3188)
   Filter: ((restful_region)::text = 'footer'::text)
[0m
  [4;35;1mBlocksModel Load (2.4ms)[0m   [0mSELECT 'Block' AS polymorphic_parent_class, 'models' AS polymorphic_association_id, blocks_models.block_id AS t0_r3, blocks_models.created_at AS t0_r4, blocks_models.enabled AS t0_r7, blocks_models.id AS t0_r0, blocks_models.model_id AS t0_r1, blocks_models.model_type AS t0_r2, blocks_models.place AS t0_r6, blocks_models.position AS t0_r9, blocks_models.show_title AS t0_r8, blocks_models.updated_at AS t0_r5, links.created_at AS t1_r4, links.group_id AS t1_r6, links.id AS t1_r0, links.path AS t1_r2, links.relative AS t1_r3, links.resource AS t1_r7, links.target_id AS t1_r8, links.title AS t1_r1, links.updated_at AS t1_r5, pages.content AS t2_r7, pages.created_at AS t2_r4, pages.description AS t2_r8, pages.id AS t2_r0, pages.meta_desc AS t2_r13, pages.parent_id AS t2_r2, pages.position AS t2_r10, pages.process_erb AS t2_r11, pages.show_in_nav AS t2_r6, pages.show_title AS t2_r9, pages.title AS t2_r1, pages.updated_at AS t2_r5, pages.url AS t2_r3, pages.use_placeholders AS t2_r12, posts.comments_count AS t3_r7, posts.comments_enabled AS t3_r8, posts.content AS t3_r2, posts.created_at AS t3_r5, posts.id AS t3_r0, posts.impressions_count AS t3_r10, posts.position AS t3_r9, posts.published AS t3_r4, posts.rating_average AS t3_r11, posts.title AS t3_r1, posts.type AS t3_r12, posts.updated_at AS t3_r6, posts.user_id AS t3_r3 FROM "blocks_models" JOIN "blocks" AS polymorphic_parent ON "blocks_models".block_id = polymorphic_parent.id LEFT JOIN "pages" ON "blocks_models".model_id = "pages".id AND "blocks_models".model_type = E'Page' LEFT JOIN "posts" ON "blocks_models".model_id = "posts".id AND "blocks_models".model_type = E'Post' LEFT JOIN "links" ON "blocks_models".model_id = "links".id AND "blocks_models".model_type = E'Link' WHERE (("blocks_models".block_id = 49)) [0m
  [4;36;1mAnalyzing BlocksModel Load Execution Time: 0.00292400000000004

[0m   [0;1mHash Left Join  (cost=32.98..61.21 rows=8 width=3443)
   Hash Cond: (blocks_models.model_id = links.id)
   Join Filter: ((blocks_models.model_type)::text = 'Link'::text)
   ->  Nested Loop  (cost=21.86..49.96 rows=8 width=1866)
         ->  Index Scan using index_blocks_on_id_and_title_and_show_in_all_and_restful_region on blocks polymorphic_parent  (cost=0.00..8.27 rows=1 width=4)
               Index Cond: (id = 49)
         ->  Hash Left Join  (cost=21.86..41.61 rows=8 width=1866)
               Hash Cond: (blocks_models.model_id = pages.id)
               Join Filter: ((blocks_models.model_type)::text = 'Page'::text)
               ->  Hash Left Join  (cost=10.51..30.13 rows=8 width=706)
                     Hash Cond: (blocks_models.model_id = posts.id)
                     Join Filter: ((blocks_models.model_type)::text = 'Post'::text)
                     ->  Bitmap Heap Scan on blocks_models  (cost=4.31..23.81 rows=8 width=41)
                           Recheck Cond: (block_id = 49)
                           ->  Bitmap Index Scan on index_blocks_models_on_block_id_and_model_id_and_model_type  (cost=0.00..4.31 rows=8 width=0)
                                 Index Cond: (block_id = 49)
                     ->  Hash  (cost=5.53..5.53 rows=53 width=665)
                           ->  Seq Scan on posts  (cost=0.00..5.53 rows=53 width=665)
               ->  Hash  (cost=10.60..10.60 rows=60 width=1160)
                     ->  Seq Scan on pages  (cost=0.00..10.60 rows=60 width=1160)
   ->  Hash  (cost=10.50..10.50 rows=50 width=1577)
         ->  Seq Scan on links  (cost=0.00..10.50 rows=50 width=1577)
[0m
Rendered shared/_model_options (4.6ms)
Rendered pages/_footer_bottom (0.6ms)
  [4;35;1mSQL (5.7ms)[0m   [0mSELECT count(*) AS count_all FROM "views" INNER JOIN "models_views" ON "views".id = "models_views".view_id WHERE (("models_views".model_type = E'Block') AND ("models_views".model_id = 49)) [0m
  [4;36;1mAnalyzing  Execution Time: 0.006155

[0m   [0;1mAggregate  (cost=16.56..16.57 rows=1 width=0)
   ->  Nested Loop  (cost=0.00..16.55 rows=1 width=0)
         ->  Index Scan using index_models_views_on_model_id_and_view_id_and_model_type on models_views  (cost=0.00..8.27 rows=1 width=4)
               Index Cond: ((model_id = 49) AND ((model_type)::text = 'Block'::text))
         ->  Index Scan using views_pkey on views  (cost=0.00..8.27 rows=1 width=4)
               Index Cond: (views.id = models_views.view_id)
[0m
  [4;35;1mSQL (0.6ms)[0m   [0mSELECT count(*) AS count_all FROM "forms" INNER JOIN "block_forms" ON "forms".id = "block_forms".form_id WHERE (("block_forms".block_id = 49)) [0m
  [4;36;1mAnalyzing  Execution Time: 0.001049

[0m   [0;1mAggregate  (cost=24.33..24.34 rows=1 width=0)
   ->  Hash Join  (cost=13.84..24.31 rows=6 width=0)
         Hash Cond: (forms.id = block_forms.form_id)
         ->  Seq Scan on forms  (cost=0.00..10.30 rows=30 width=4)
         ->  Hash  (cost=13.76..13.76 rows=6 width=4)
               ->  Bitmap Heap Scan on block_forms  (cost=4.30..13.76 rows=6 width=4)
                     Recheck Cond: (block_id = 49)
                     ->  Bitmap Index Scan on index_block_forms_on_block_id_and_form_id  (cost=0.00..4.30 rows=6 width=0)
                           Index Cond: (block_id = 49)
[0m
Rendered blocks/_block (213.6ms)
  [4;35;1mBlock Load (0.7ms)[0m   [0mSELECT * FROM "blocks" WHERE ("blocks"."show_in_all" = E'head_bar') [0m
  [4;36;1mAnalyzing Block Load Execution Time: 0.001005

[0m   [0;1mSeq Scan on blocks  (cost=0.00..10.25 rows=1 width=3188)
   Filter: ((show_in_all)::text = 'head_bar'::text)
[0m
  [4;35;1mBlock Load (0.5ms)[0m   [0mSELECT * FROM "blocks" WHERE ("blocks"."restful_region" = E'head_bar') [0m
  [4;36;1mAnalyzing Block Load Execution Time: 0.002158

[0m   [0;1mSeq Scan on blocks  (cost=0.00..10.25 rows=1 width=3188)
   Filter: ((restful_region)::text = 'head_bar'::text)
[0m
Rendered menus/_topnav (7.9ms)
  [4;35;1mPage Load (4.5ms)[0m   [0mSELECT * FROM "pages" WHERE ("pages"."title" = E'Self Storage') LIMIT 1[0m
  [4;36;1mAnalyzing Page Load Execution Time: 0.00512

[0m   [0;1mLimit  (cost=0.00..10.75 rows=1 width=1160)
   ->  Seq Scan on pages  (cost=0.00..10.75 rows=1 width=1160)
         Filter: ((title)::text = 'Self Storage'::text)
[0m
Rendered pages/_home (14.6ms)
Rendered user_sessions/_form (9.0ms)
Completed in 740ms (View: 375, DB: 47) | 200 OK [https://localhost/admin]
** has_many_polymorphs: autoload hook invoked
** has_many_polymorphs: preloading parent model Block
** has_many_polymorphs: associating Block.models
  [4;35;1mSQL (1.0ms)[0m   [0mSET client_min_messages TO 'panic'[0m
  [4;36;1mSQL (1.6ms)[0m   [0;1mSET client_min_messages TO 'notice'[0m
** has_many_polymorphs: preloading parent model View
** has_many_polymorphs: associating View.models
  [4;35;1mSQL (0.5ms)[0m   [0mSET client_min_messages TO 'panic'[0m
  [4;36;1mSQL (0.2ms)[0m   [0;1mSET client_min_messages TO 'notice'[0m


Processing ClientsController#index (for 127.0.0.1 at 2011-04-26 18:37:04) [GET]
  Parameters: {"action"=>"index", "controller"=>"clients"}
  [4;35;1mUser Load (2.2ms)[0m   [0mSELECT * FROM "users" WHERE ("users"."id" = E'1') LIMIT 1[0m
  [4;36;1mAnalyzing User Load Execution Time: 0.003017

[0m   [0;1mLimit  (cost=0.00..8.27 rows=1 width=574)
   ->  Index Scan using users_pkey on users  (cost=0.00..8.27 rows=1 width=574)
         Index Cond: (id = 1)
[0m
  [4;35;1mSQL (3.7ms)[0m   [0mBEGIN[0m
  [4;36;1mUser Update (1.2ms)[0m   [0;1mUPDATE "users" SET "updated_at" = '2011-04-26 22:37:05.086508', "perishable_token" = E'on6ZgBKFclFz6njG66', "last_request_at" = '2011-04-26 22:37:05.078468' WHERE "id" = 1[0m
  [4;35;1mSQL (0.7ms)[0m   [0mCOMMIT[0m
  [4;36;1mRole Load (0.7ms)[0m   [0;1mSELECT * FROM "roles" WHERE ("roles"."id" = 1) [0m
  [4;35;1mAnalyzing Role Load Execution Time: 0.001095

[0m   [0mIndex Scan using roles_pkey on roles  (cost=0.00..8.27 rows=1 width=536)
   Index Cond: (id = 1)
[0m
  [4;36;1mClient Load (3.1ms)[0m   [0;1mSELECT * FROM "users" WHERE ("users"."status" = E'active') AND ( ("users"."type" = 'Client' ) ) ORDER BY created_at DESC LIMIT 20 OFFSET 0[0m
  [4;35;1mAnalyzing Client Load Execution Time: 0.019457

[0m   [0mLimit  (cost=34.49..34.54 rows=20 width=574)
   ->  Sort  (cost=34.49..35.15 rows=265 width=574)
         Sort Key: created_at
         ->  Seq Scan on users  (cost=0.00..27.44 rows=265 width=574)
               Filter: (((status)::text = 'active'::text) AND ((type)::text = 'Client'::text))
[0m
  [4;36;1mSQL (1.2ms)[0m   [0;1mSELECT count(*) AS count_all FROM "users" WHERE ("users"."status" = E'active') AND ( ("users"."type" = 'Client' ) ) [0m
  [4;35;1mAnalyzing  Execution Time: 0.001638

[0m   [0mAggregate  (cost=28.10..28.11 rows=1 width=0)
   ->  Seq Scan on users  (cost=0.00..27.44 rows=265 width=0)
         Filter: (((status)::text = 'active'::text) AND ((type)::text = 'Client'::text))
[0m
Rendering clients/index
  [4;36;1mSQL (0.8ms)[0m   [0;1mSELECT count(*) AS count_all FROM "users" WHERE ( ("users"."type" = 'Client' ) ) [0m
  [4;35;1mAnalyzing  Execution Time: 0.001274

[0m   [0mAggregate  (cost=27.42..27.43 rows=1 width=0)
   ->  Seq Scan on users  (cost=0.00..26.70 rows=288 width=0)
         Filter: ((type)::text = 'Client'::text)
[0m
  [4;36;1mSQL (1.5ms)[0m   [0;1mSELECT count(*) AS count_all FROM "users" WHERE (status != E'active') AND ( ("users"."type" = 'Client' ) ) [0m
  [4;35;1mAnalyzing  Execution Time: 0.002397

[0m   [0mAggregate  (cost=27.50..27.51 rows=1 width=0)
   ->  Seq Scan on users  (cost=0.00..27.44 rows=23 width=0)
         Filter: (((status)::text <> 'active'::text) AND ((type)::text = 'Client'::text))
[0m
  [4;36;1mCACHE (0.0ms)[0m   [0;1mSELECT count(*) AS count_all FROM "users" WHERE ("users"."status" = E'active') AND ( ("users"."type" = 'Client' ) ) [0m
  [4;35;1mHelptext Load (0.8ms)[0m   [0mSELECT * FROM "helptexts" WHERE ("helptexts"."model" = E'client') LIMIT 1[0m
  [4;36;1mAnalyzing Helptext Load Execution Time: 0.001105

[0m   [0;1mLimit  (cost=0.00..11.50 rows=1 width=601)
   ->  Seq Scan on helptexts  (cost=0.00..11.50 rows=1 width=601)
         Filter: ((model)::text = 'client'::text)
[0m
Rendered helptexts/_helptext (2.3ms)
Rendered shared/_model_new_back_buttons (4.7ms)
Rendered shared/_model_search (2.7ms)
Rendered menus/_view_type_links (25.5ms)
Rendered shared/_model_sort (7.4ms)
  [4;35;1mRole Load (0.4ms)[0m   [0mSELECT * FROM "roles" WHERE ("roles"."id" = 4) [0m
  [4;36;1mAnalyzing Role Load Execution Time: 0.000796

[0m   [0;1mIndex Scan using roles_pkey on roles  (cost=0.00..8.27 rows=1 width=536)
   Index Cond: (id = 4)
[0m
Rendered users/_user_info (35.6ms)
Rendered shared/_edit_delete_link (17.0ms)
  [4;35;1mSQL (3.6ms)[0m   [0mSELECT count(*) AS count_all FROM "listings" WHERE ("listings".user_id = 25586) [0m
  [4;36;1mAnalyzing  Execution Time: 0.004145

[0m   [0;1mAggregate  (cost=1615.81..1615.82 rows=1 width=0)
   ->  Index Scan using index_listings_on_id_and_user_id_and_title on listings  (cost=0.00..1615.79 rows=4 width=0)
         Index Cond: (user_id = 25586)
[0m
  [4;35;1mSQL (0.7ms)[0m   [0mSELECT count(*) AS count_all FROM "claimed_listings" WHERE ("claimed_listings".client_id = 25586) [0m
  [4;36;1mAnalyzing  Execution Time: 0.001096

[0m   [0;1mAggregate  (cost=27.27..27.28 rows=1 width=0)
   ->  Seq Scan on claimed_listings  (cost=0.00..27.25 rows=7 width=0)
         Filter: (client_id = 25586)
[0m
  [4;35;1mCACHE (0.0ms)[0m   [0mSELECT * FROM "roles" WHERE ("roles"."id" = 4) [0m
Rendered users/_user_info (27.4ms)
Rendered shared/_edit_delete_link (13.2ms)
  [4;36;1mSQL (5.4ms)[0m   [0;1mSELECT count(*) AS count_all FROM "listings" WHERE ("listings".user_id = 25584) [0m
  [4;35;1mAnalyzing  Execution Time: 0.005965

[0m   [0mAggregate  (cost=1615.81..1615.82 rows=1 width=0)
   ->  Index Scan using index_listings_on_id_and_user_id_and_title on listings  (cost=0.00..1615.79 rows=4 width=0)
         Index Cond: (user_id = 25584)
[0m
  [4;36;1mSQL (0.4ms)[0m   [0;1mSELECT count(*) AS count_all FROM "claimed_listings" WHERE ("claimed_listings".client_id = 25584) [0m
  [4;35;1mAnalyzing  Execution Time: 0.000877

[0m   [0mAggregate  (cost=27.27..27.28 rows=1 width=0)
   ->  Seq Scan on claimed_listings  (cost=0.00..27.25 rows=7 width=0)
         Filter: (client_id = 25584)
[0m
  [4;36;1mCACHE (0.0ms)[0m   [0;1mSELECT * FROM "roles" WHERE ("roles"."id" = 4) [0m
Rendered users/_user_info (18.7ms)
Rendered shared/_edit_delete_link (6.1ms)
  [4;35;1mSQL (2.3ms)[0m   [0mSELECT count(*) AS count_all FROM "listings" WHERE ("listings".user_id = 25583) [0m
  [4;36;1mAnalyzing  Execution Time: 0.007185

[0m   [0;1mAggregate  (cost=1615.81..1615.82 rows=1 width=0)
   ->  Index Scan using index_listings_on_id_and_user_id_and_title on listings  (cost=0.00..1615.79 rows=4 width=0)
         Index Cond: (user_id = 25583)
[0m
  [4;35;1mSQL (0.7ms)[0m   [0mSELECT count(*) AS count_all FROM "claimed_listings" WHERE ("claimed_listings".client_id = 25583) [0m
  [4;36;1mAnalyzing  Execution Time: 0.001199

[0m   [0;1mAggregate  (cost=27.27..27.28 rows=1 width=0)
   ->  Seq Scan on claimed_listings  (cost=0.00..27.25 rows=7 width=0)
         Filter: (client_id = 25583)
[0m
  [4;35;1mCACHE (0.0ms)[0m   [0mSELECT * FROM "roles" WHERE ("roles"."id" = 4) [0m
Rendered users/_user_info (24.9ms)
Rendered shared/_edit_delete_link (6.2ms)
  [4;36;1mSQL (2.1ms)[0m   [0;1mSELECT count(*) AS count_all FROM "listings" WHERE ("listings".user_id = 25582) [0m
  [4;35;1mAnalyzing  Execution Time: 0.002592

[0m   [0mAggregate  (cost=1615.81..1615.82 rows=1 width=0)
   ->  Index Scan using index_listings_on_id_and_user_id_and_title on listings  (cost=0.00..1615.79 rows=4 width=0)
         Index Cond: (user_id = 25582)
[0m
  [4;36;1mSQL (0.4ms)[0m   [0;1mSELECT count(*) AS count_all FROM "claimed_listings" WHERE ("claimed_listings".client_id = 25582) [0m
  [4;35;1mAnalyzing  Execution Time: 0.000721

[0m   [0mAggregate  (cost=27.27..27.28 rows=1 width=0)
   ->  Seq Scan on claimed_listings  (cost=0.00..27.25 rows=7 width=0)
         Filter: (client_id = 25582)
[0m
  [4;36;1mCACHE (0.0ms)[0m   [0;1mSELECT * FROM "roles" WHERE ("roles"."id" = 4) [0m
Rendered users/_user_info (16.1ms)
Rendered shared/_edit_delete_link (6.3ms)
  [4;35;1mSQL (2.6ms)[0m   [0mSELECT count(*) AS count_all FROM "listings" WHERE ("listings".user_id = 25581) [0m
  [4;36;1mAnalyzing  Execution Time: 0.003598

[0m   [0;1mAggregate  (cost=1615.81..1615.82 rows=1 width=0)
   ->  Index Scan using index_listings_on_id_and_user_id_and_title on listings  (cost=0.00..1615.79 rows=4 width=0)
         Index Cond: (user_id = 25581)
[0m
  [4;35;1mSQL (0.4ms)[0m   [0mSELECT count(*) AS count_all FROM "claimed_listings" WHERE ("claimed_listings".client_id = 25581) [0m
  [4;36;1mAnalyzing  Execution Time: 0.000732

[0m   [0;1mAggregate  (cost=27.27..27.28 rows=1 width=0)
   ->  Seq Scan on claimed_listings  (cost=0.00..27.25 rows=7 width=0)
         Filter: (client_id = 25581)
[0m
  [4;35;1mCACHE (0.0ms)[0m   [0mSELECT * FROM "roles" WHERE ("roles"."id" = 4) [0m
Rendered users/_user_info (264.3ms)
Rendered shared/_edit_delete_link (6.9ms)
  [4;36;1mSQL (2.2ms)[0m   [0;1mSELECT count(*) AS count_all FROM "listings" WHERE ("listings".user_id = 25580) [0m
  [4;35;1mAnalyzing  Execution Time: 0.002584

[0m   [0mAggregate  (cost=1615.81..1615.82 rows=1 width=0)
   ->  Index Scan using index_listings_on_id_and_user_id_and_title on listings  (cost=0.00..1615.79 rows=4 width=0)
         Index Cond: (user_id = 25580)
[0m
  [4;36;1mSQL (0.4ms)[0m   [0;1mSELECT count(*) AS count_all FROM "claimed_listings" WHERE ("claimed_listings".client_id = 25580) [0m
  [4;35;1mAnalyzing  Execution Time: 0.001037

[0m   [0mAggregate  (cost=27.27..27.28 rows=1 width=0)
   ->  Seq Scan on claimed_listings  (cost=0.00..27.25 rows=7 width=0)
         Filter: (client_id = 25580)
[0m
  [4;36;1mCACHE (0.0ms)[0m   [0;1mSELECT * FROM "roles" WHERE ("roles"."id" = 4) [0m
Rendered users/_user_info (26.3ms)
Rendered shared/_edit_delete_link (7.3ms)
  [4;35;1mSQL (4.5ms)[0m   [0mSELECT count(*) AS count_all FROM "listings" WHERE ("listings".user_id = 25579) [0m
  [4;36;1mAnalyzing  Execution Time: 0.004922

[0m   [0;1mAggregate  (cost=1615.81..1615.82 rows=1 width=0)
   ->  Index Scan using index_listings_on_id_and_user_id_and_title on listings  (cost=0.00..1615.79 rows=4 width=0)
         Index Cond: (user_id = 25579)
[0m
  [4;35;1mSQL (0.4ms)[0m   [0mSELECT count(*) AS count_all FROM "claimed_listings" WHERE ("claimed_listings".client_id = 25579) [0m
  [4;36;1mAnalyzing  Execution Time: 0.000748

[0m   [0;1mAggregate  (cost=27.27..27.28 rows=1 width=0)
   ->  Seq Scan on claimed_listings  (cost=0.00..27.25 rows=7 width=0)
         Filter: (client_id = 25579)
[0m
  [4;35;1mCACHE (0.0ms)[0m   [0mSELECT * FROM "roles" WHERE ("roles"."id" = 4) [0m
Rendered users/_user_info (22.6ms)
Rendered shared/_edit_delete_link (5.7ms)
  [4;36;1mSQL (3.0ms)[0m   [0;1mSELECT count(*) AS count_all FROM "listings" WHERE ("listings".user_id = 25577) [0m
  [4;35;1mAnalyzing  Execution Time: 0.003358

[0m   [0mAggregate  (cost=1615.81..1615.82 rows=1 width=0)
   ->  Index Scan using index_listings_on_id_and_user_id_and_title on listings  (cost=0.00..1615.79 rows=4 width=0)
         Index Cond: (user_id = 25577)
[0m
  [4;36;1mSQL (0.4ms)[0m   [0;1mSELECT count(*) AS count_all FROM "claimed_listings" WHERE ("claimed_listings".client_id = 25577) [0m
  [4;35;1mAnalyzing  Execution Time: 0.00076

[0m   [0mAggregate  (cost=27.27..27.28 rows=1 width=0)
   ->  Seq Scan on claimed_listings  (cost=0.00..27.25 rows=7 width=0)
         Filter: (client_id = 25577)
[0m
  [4;36;1mCACHE (0.0ms)[0m   [0;1mSELECT * FROM "roles" WHERE ("roles"."id" = 4) [0m
Rendered users/_user_info (18.8ms)
Rendered shared/_edit_delete_link (6.5ms)
  [4;35;1mSQL (2.1ms)[0m   [0mSELECT count(*) AS count_all FROM "listings" WHERE ("listings".user_id = 25575) [0m
  [4;36;1mAnalyzing  Execution Time: 0.002565

[0m   [0;1mAggregate  (cost=1615.81..1615.82 rows=1 width=0)
   ->  Index Scan using index_listings_on_id_and_user_id_and_title on listings  (cost=0.00..1615.79 rows=4 width=0)
         Index Cond: (user_id = 25575)
[0m
  [4;35;1mSQL (0.4ms)[0m   [0mSELECT count(*) AS count_all FROM "claimed_listings" WHERE ("claimed_listings".client_id = 25575) [0m
  [4;36;1mAnalyzing  Execution Time: 0.001545

[0m   [0;1mAggregate  (cost=27.27..27.28 rows=1 width=0)
   ->  Seq Scan on claimed_listings  (cost=0.00..27.25 rows=7 width=0)
         Filter: (client_id = 25575)
[0m
  [4;35;1mCACHE (0.0ms)[0m   [0mSELECT * FROM "roles" WHERE ("roles"."id" = 4) [0m
Rendered users/_user_info (17.4ms)
Rendered shared/_edit_delete_link (5.2ms)
  [4;36;1mSQL (2.2ms)[0m   [0;1mSELECT count(*) AS count_all FROM "listings" WHERE ("listings".user_id = 25573) [0m
  [4;35;1mAnalyzing  Execution Time: 0.002577

[0m   [0mAggregate  (cost=1615.81..1615.82 rows=1 width=0)
   ->  Index Scan using index_listings_on_id_and_user_id_and_title on listings  (cost=0.00..1615.79 rows=4 width=0)
         Index Cond: (user_id = 25573)
[0m
  [4;36;1mSQL (0.3ms)[0m   [0;1mSELECT count(*) AS count_all FROM "claimed_listings" WHERE ("claimed_listings".client_id = 25573) [0m
  [4;35;1mAnalyzing  Execution Time: 0.000586

[0m   [0mAggregate  (cost=27.27..27.28 rows=1 width=0)
   ->  Seq Scan on claimed_listings  (cost=0.00..27.25 rows=7 width=0)
         Filter: (client_id = 25573)
[0m
  [4;36;1mCACHE (0.0ms)[0m   [0;1mSELECT * FROM "roles" WHERE ("roles"."id" = 4) [0m
Rendered users/_user_info (18.8ms)
Rendered shared/_edit_delete_link (5.5ms)
  [4;35;1mSQL (2.0ms)[0m   [0mSELECT count(*) AS count_all FROM "listings" WHERE ("listings".user_id = 25571) [0m
  [4;36;1mAnalyzing  Execution Time: 0.002383

[0m   [0;1mAggregate  (cost=1615.81..1615.82 rows=1 width=0)
   ->  Index Scan using index_listings_on_id_and_user_id_and_title on listings  (cost=0.00..1615.79 rows=4 width=0)
         Index Cond: (user_id = 25571)
[0m
  [4;35;1mSQL (0.4ms)[0m   [0mSELECT count(*) AS count_all FROM "claimed_listings" WHERE ("claimed_listings".client_id = 25571) [0m
  [4;36;1mAnalyzing  Execution Time: 0.000748

[0m   [0;1mAggregate  (cost=27.27..27.28 rows=1 width=0)
   ->  Seq Scan on claimed_listings  (cost=0.00..27.25 rows=7 width=0)
         Filter: (client_id = 25571)
[0m
  [4;35;1mCACHE (0.0ms)[0m   [0mSELECT * FROM "roles" WHERE ("roles"."id" = 4) [0m
Rendered users/_user_info (20.5ms)
Rendered shared/_edit_delete_link (5.1ms)
  [4;36;1mSQL (2.7ms)[0m   [0;1mSELECT count(*) AS count_all FROM "listings" WHERE ("listings".user_id = 25570) [0m
  [4;35;1mAnalyzing  Execution Time: 0.003177

[0m   [0mAggregate  (cost=1615.81..1615.82 rows=1 width=0)
   ->  Index Scan using index_listings_on_id_and_user_id_and_title on listings  (cost=0.00..1615.79 rows=4 width=0)
         Index Cond: (user_id = 25570)
[0m
  [4;36;1mSQL (0.4ms)[0m   [0;1mSELECT count(*) AS count_all FROM "claimed_listings" WHERE ("claimed_listings".client_id = 25570) [0m
  [4;35;1mAnalyzing  Execution Time: 0.000775

[0m   [0mAggregate  (cost=27.27..27.28 rows=1 width=0)
   ->  Seq Scan on claimed_listings  (cost=0.00..27.25 rows=7 width=0)
         Filter: (client_id = 25570)
[0m
  [4;36;1mCACHE (0.0ms)[0m   [0;1mSELECT * FROM "roles" WHERE ("roles"."id" = 4) [0m
Rendered users/_user_info (24.6ms)
Rendered shared/_edit_delete_link (6.5ms)
  [4;35;1mSQL (2.0ms)[0m   [0mSELECT count(*) AS count_all FROM "listings" WHERE ("listings".user_id = 25567) [0m
  [4;36;1mAnalyzing  Execution Time: 0.00243

[0m   [0;1mAggregate  (cost=1615.81..1615.82 rows=1 width=0)
   ->  Index Scan using index_listings_on_id_and_user_id_and_title on listings  (cost=0.00..1615.79 rows=4 width=0)
         Index Cond: (user_id = 25567)
[0m
  [4;35;1mSQL (0.8ms)[0m   [0mSELECT count(*) AS count_all FROM "claimed_listings" WHERE ("claimed_listings".client_id = 25567) [0m
  [4;36;1mAnalyzing  Execution Time: 0.001288

[0m   [0;1mAggregate  (cost=27.27..27.28 rows=1 width=0)
   ->  Seq Scan on claimed_listings  (cost=0.00..27.25 rows=7 width=0)
         Filter: (client_id = 25567)
[0m
  [4;35;1mCACHE (0.0ms)[0m   [0mSELECT * FROM "roles" WHERE ("roles"."id" = 4) [0m
Rendered users/_user_info (15.3ms)
Rendered shared/_edit_delete_link (6.4ms)
  [4;36;1mSQL (2.2ms)[0m   [0;1mSELECT count(*) AS count_all FROM "listings" WHERE ("listings".user_id = 25565) [0m
  [4;35;1mAnalyzing  Execution Time: 0.002756

[0m   [0mAggregate  (cost=1615.81..1615.82 rows=1 width=0)
   ->  Index Scan using index_listings_on_id_and_user_id_and_title on listings  (cost=0.00..1615.79 rows=4 width=0)
         Index Cond: (user_id = 25565)
[0m
  [4;36;1mSQL (0.4ms)[0m   [0;1mSELECT count(*) AS count_all FROM "claimed_listings" WHERE ("claimed_listings".client_id = 25565) [0m
  [4;35;1mAnalyzing  Execution Time: 0.000762

[0m   [0mAggregate  (cost=27.27..27.28 rows=1 width=0)
   ->  Seq Scan on claimed_listings  (cost=0.00..27.25 rows=7 width=0)
         Filter: (client_id = 25565)
[0m
  [4;36;1mCACHE (0.0ms)[0m   [0;1mSELECT * FROM "roles" WHERE ("roles"."id" = 4) [0m
Rendered users/_user_info (33.1ms)
Rendered shared/_edit_delete_link (6.4ms)
  [4;35;1mSQL (2.6ms)[0m   [0mSELECT count(*) AS count_all FROM "listings" WHERE ("listings".user_id = 25564) [0m
  [4;36;1mAnalyzing  Execution Time: 0.00307

[0m   [0;1mAggregate  (cost=1615.81..1615.82 rows=1 width=0)
   ->  Index Scan using index_listings_on_id_and_user_id_and_title on listings  (cost=0.00..1615.79 rows=4 width=0)
         Index Cond: (user_id = 25564)
[0m
  [4;35;1mSQL (0.4ms)[0m   [0mSELECT count(*) AS count_all FROM "claimed_listings" WHERE ("claimed_listings".client_id = 25564) [0m
  [4;36;1mAnalyzing  Execution Time: 0.000852

[0m   [0;1mAggregate  (cost=27.27..27.28 rows=1 width=0)
   ->  Seq Scan on claimed_listings  (cost=0.00..27.25 rows=7 width=0)
         Filter: (client_id = 25564)
[0m
  [4;35;1mCACHE (0.0ms)[0m   [0mSELECT * FROM "roles" WHERE ("roles"."id" = 4) [0m
Rendered users/_user_info (17.4ms)
Rendered shared/_edit_delete_link (6.0ms)
  [4;36;1mSQL (3.0ms)[0m   [0;1mSELECT count(*) AS count_all FROM "listings" WHERE ("listings".user_id = 25563) [0m
  [4;35;1mAnalyzing  Execution Time: 0.003378

[0m   [0mAggregate  (cost=1615.81..1615.82 rows=1 width=0)
   ->  Index Scan using index_listings_on_id_and_user_id_and_title on listings  (cost=0.00..1615.79 rows=4 width=0)
         Index Cond: (user_id = 25563)
[0m
  [4;36;1mSQL (0.3ms)[0m   [0;1mSELECT count(*) AS count_all FROM "claimed_listings" WHERE ("claimed_listings".client_id = 25563) [0m
  [4;35;1mAnalyzing  Execution Time: 0.000687

[0m   [0mAggregate  (cost=27.27..27.28 rows=1 width=0)
   ->  Seq Scan on claimed_listings  (cost=0.00..27.25 rows=7 width=0)
         Filter: (client_id = 25563)
[0m
  [4;36;1mCACHE (0.0ms)[0m   [0;1mSELECT * FROM "roles" WHERE ("roles"."id" = 4) [0m
Rendered users/_user_info (29.1ms)
Rendered shared/_edit_delete_link (10.9ms)
  [4;35;1mSQL (2.2ms)[0m   [0mSELECT count(*) AS count_all FROM "listings" WHERE ("listings".user_id = 25562) [0m
  [4;36;1mAnalyzing  Execution Time: 0.002578

[0m   [0;1mAggregate  (cost=1615.81..1615.82 rows=1 width=0)
   ->  Index Scan using index_listings_on_id_and_user_id_and_title on listings  (cost=0.00..1615.79 rows=4 width=0)
         Index Cond: (user_id = 25562)
[0m
  [4;35;1mSQL (0.4ms)[0m   [0mSELECT count(*) AS count_all FROM "claimed_listings" WHERE ("claimed_listings".client_id = 25562) [0m
  [4;36;1mAnalyzing  Execution Time: 0.00081

[0m   [0;1mAggregate  (cost=27.27..27.28 rows=1 width=0)
   ->  Seq Scan on claimed_listings  (cost=0.00..27.25 rows=7 width=0)
         Filter: (client_id = 25562)
[0m
  [4;35;1mCACHE (0.0ms)[0m   [0mSELECT * FROM "roles" WHERE ("roles"."id" = 4) [0m
Rendered users/_user_info (17.5ms)
Rendered shared/_edit_delete_link (6.1ms)
  [4;36;1mSQL (2.4ms)[0m   [0;1mSELECT count(*) AS count_all FROM "listings" WHERE ("listings".user_id = 25560) [0m
  [4;35;1mAnalyzing  Execution Time: 0.002779

[0m   [0mAggregate  (cost=1615.81..1615.82 rows=1 width=0)
   ->  Index Scan using index_listings_on_id_and_user_id_and_title on listings  (cost=0.00..1615.79 rows=4 width=0)
         Index Cond: (user_id = 25560)
[0m
  [4;36;1mSQL (0.7ms)[0m   [0;1mSELECT count(*) AS count_all FROM "claimed_listings" WHERE ("claimed_listings".client_id = 25560) [0m
  [4;35;1mAnalyzing  Execution Time: 0.001219

[0m   [0mAggregate  (cost=27.27..27.28 rows=1 width=0)
   ->  Seq Scan on claimed_listings  (cost=0.00..27.25 rows=7 width=0)
         Filter: (client_id = 25560)
[0m
  [4;36;1mCACHE (0.0ms)[0m   [0;1mSELECT * FROM "roles" WHERE ("roles"."id" = 4) [0m
Rendered users/_user_info (22.0ms)
Rendered shared/_edit_delete_link (15.8ms)
  [4;35;1mSQL (2.1ms)[0m   [0mSELECT count(*) AS count_all FROM "listings" WHERE ("listings".user_id = 25559) [0m
  [4;36;1mAnalyzing  Execution Time: 0.002546

[0m   [0;1mAggregate  (cost=1615.81..1615.82 rows=1 width=0)
   ->  Index Scan using index_listings_on_id_and_user_id_and_title on listings  (cost=0.00..1615.79 rows=4 width=0)
         Index Cond: (user_id = 25559)
[0m
  [4;35;1mSQL (1.0ms)[0m   [0mSELECT count(*) AS count_all FROM "claimed_listings" WHERE ("claimed_listings".client_id = 25559) [0m
  [4;36;1mAnalyzing  Execution Time: 0.001481

[0m   [0;1mAggregate  (cost=27.27..27.28 rows=1 width=0)
   ->  Seq Scan on claimed_listings  (cost=0.00..27.25 rows=7 width=0)
         Filter: (client_id = 25559)
[0m
  [4;35;1mCACHE (0.0ms)[0m   [0mSELECT * FROM "roles" WHERE ("roles"."id" = 4) [0m
Rendered users/_user_info (20.7ms)
Rendered shared/_edit_delete_link (289.4ms)
  [4;36;1mSQL (2.7ms)[0m   [0;1mSELECT count(*) AS count_all FROM "listings" WHERE ("listings".user_id = 25558) [0m
  [4;35;1mAnalyzing  Execution Time: 0.003127

[0m   [0mAggregate  (cost=1615.81..1615.82 rows=1 width=0)
   ->  Index Scan using index_listings_on_id_and_user_id_and_title on listings  (cost=0.00..1615.79 rows=4 width=0)
         Index Cond: (user_id = 25558)
[0m
  [4;36;1mSQL (0.4ms)[0m   [0;1mSELECT count(*) AS count_all FROM "claimed_listings" WHERE ("claimed_listings".client_id = 25558) [0m
  [4;35;1mAnalyzing  Execution Time: 0.000789

[0m   [0mAggregate  (cost=27.27..27.28 rows=1 width=0)
   ->  Seq Scan on claimed_listings  (cost=0.00..27.25 rows=7 width=0)
         Filter: (client_id = 25558)
[0m
Rendered views/_paginate (14.2ms)
Rendered views/partials/_users (2069.1ms)
Rendered shared/_base_model_index (2114.6ms)
Rendered shared/_model_index (2150.9ms)
Completed in 2689ms (View: 2067, DB: 110) | 200 OK [https://localhost/clients]
** has_many_polymorphs: autoload hook invoked
** has_many_polymorphs: preloading parent model Block
** has_many_polymorphs: associating Block.models
  [4;36;1mSQL (0.2ms)[0m   [0;1mSET client_min_messages TO 'panic'[0m
  [4;35;1mSQL (0.3ms)[0m   [0mSET client_min_messages TO 'notice'[0m
** has_many_polymorphs: preloading parent model View
** has_many_polymorphs: associating View.models
  [4;36;1mSQL (0.2ms)[0m   [0;1mSET client_min_messages TO 'panic'[0m
  [4;35;1mSQL (0.1ms)[0m   [0mSET client_min_messages TO 'notice'[0m


Processing ClientsController#show (for 127.0.0.1 at 2011-04-26 18:37:18) [GET]
  Parameters: {"action"=>"show", "id"=>"25586", "controller"=>"clients"}
  [4;36;1mUser Load (36.8ms)[0m   [0;1mSELECT * FROM "users" WHERE ("users"."id" = E'1') LIMIT 1[0m
  [4;35;1mAnalyzing User Load Execution Time: 0.037572

[0m   [0mLimit  (cost=0.00..8.27 rows=1 width=574)
   ->  Index Scan using users_pkey on users  (cost=0.00..8.27 rows=1 width=574)
         Index Cond: (id = 1)
[0m
  [4;36;1mSQL (0.2ms)[0m   [0;1mBEGIN[0m
  [4;35;1mUser Update (1.0ms)[0m   [0mUPDATE "users" SET "updated_at" = '2011-04-26 22:37:18.754225', "perishable_token" = E'37o495h1gxZhfynLoMVn', "last_request_at" = '2011-04-26 22:37:18.751493' WHERE "id" = 1[0m
  [4;36;1mSQL (4.7ms)[0m   [0;1mCOMMIT[0m
  [4;35;1mRole Load (0.6ms)[0m   [0mSELECT * FROM "roles" WHERE ("roles"."id" = 1) [0m
  [4;36;1mAnalyzing Role Load Execution Time: 0.000923

[0m   [0;1mIndex Scan using roles_pkey on roles  (cost=0.00..8.27 rows=1 width=536)
   Index Cond: (id = 1)
[0m
  [4;35;1mClient Load (19.1ms)[0m   [0mSELECT * FROM "users" WHERE ("users"."id" = 25586) AND ( ("users"."type" = 'Client' ) ) LIMIT 1[0m
  [4;36;1mAnalyzing Client Load Execution Time: 0.019846

[0m   [0;1mLimit  (cost=0.00..8.27 rows=1 width=574)
   ->  Index Scan using users_pkey on users  (cost=0.00..8.27 rows=1 width=574)
         Index Cond: (id = 25586)
         Filter: ((type)::text = 'Client'::text)
[0m
Rendering clients/show
  [4;35;1mUser Load (0.6ms)[0m   [0mSELECT * FROM "users" WHERE ("users"."id" = 25586) [0m
  [4;36;1mAnalyzing User Load Execution Time: 0.001348

[0m   [0;1mIndex Scan using users_pkey on users  (cost=0.00..8.27 rows=1 width=574)
   Index Cond: (id = 25586)
[0m
  [4;35;1mSQL (4.0ms)[0m   [0mSELECT count(*) AS count_all FROM "listings" WHERE ("listings".user_id = 25586 AND (enabled IS TRUE)) [0m
  [4;36;1mAnalyzing  Execution Time: 0.004337

[0m   [0;1mAggregate  (cost=1615.81..1615.82 rows=1 width=0)
   ->  Index Scan using index_listings_on_id_and_user_id_and_title on listings  (cost=0.00..1615.79 rows=4 width=0)
         Index Cond: (user_id = 25586)
         Filter: (enabled IS TRUE)
[0m
  [4;35;1mListing Load (2.7ms)[0m   [0mSELECT * FROM "listings" WHERE ("listings".user_id = 25586) [0m
  [4;36;1mAnalyzing Listing Load Execution Time: 0.003582

[0m   [0;1mIndex Scan using index_listings_on_id_and_user_id_and_title on listings  (cost=0.00..1615.79 rows=4 width=1172)
   Index Cond: (user_id = 25586)
[0m
  [4;35;1mFacilityInfo Load (1.3ms)[0m   [0mSELECT * FROM "facility_infos" WHERE ("facility_infos".listing_id = 113291) LIMIT 1[0m
  [4;36;1mAnalyzing FacilityInfo Load Execution Time: 0.010392

[0m   [0;1mLimit  (cost=0.00..10.00 rows=1 width=8362)
   ->  Seq Scan on facility_infos  (cost=0.00..10.00 rows=1 width=8362)
         Filter: (listing_id = 113291)
[0m
  [4;35;1mRole Load (0.4ms)[0m   [0mSELECT * FROM "roles" WHERE ("roles"."id" = 4) [0m
  [4;36;1mAnalyzing Role Load Execution Time: 0.000802

[0m   [0;1mIndex Scan using roles_pkey on roles  (cost=0.00..8.27 rows=1 width=536)
   Index Cond: (id = 4)
[0m
Rendered users/_user_info (28.6ms)
Rendered notes/_form (3.2ms)
  [4;35;1mNote Load (2.0ms)[0m   [0mSELECT * FROM "notes" WHERE ("notes".user_id = 25586) ORDER BY created_at DESC[0m
  [4;36;1mAnalyzing Note Load Execution Time: 0.005128

[0m   [0;1mSort  (cost=11.63..11.64 rows=1 width=576)
   Sort Key: created_at
   ->  Seq Scan on notes  (cost=0.00..11.62 rows=1 width=576)
         Filter: (user_id = 25586)
[0m

ActionView::TemplateError (undefined local variable or method `client' for #<ActionView::Base:0x10b178ca0>) on line #3 of app/views/notes/_note.html.erb:
1: <div id="Note_<%= note.id %>" class="client_note <%= cycle 'odd', 'even' %>">
2: 	<div class="right">
3: 		<%= link_to 'Delete', delete_client_note_path(client, note), :class => 'iconOnly16 delete_link' %>
4: 	</div>
5: 	
6: 	<div class="note_content">

    app/views/notes/_note.html.erb:3
    vendor/gems/will_paginate-2.3.12/lib/will_paginate/finder.rb:168:in `method_missing'
    vendor/gems/will_paginate-2.3.12/lib/will_paginate/finder.rb:168:in `method_missing'
    app/views/notes/_client_notes.html.erb:11
    app/views/clients/show.html.erb:33
    app/controllers/clients_controller.rb:15:in `show'
    /usr/local/lib/ruby/1.8/webrick/httpserver.rb:104:in `service'
    /usr/local/lib/ruby/1.8/webrick/httpserver.rb:65:in `run'
    /usr/local/lib/ruby/1.8/webrick/server.rb:173:in `start_thread'
    /usr/local/lib/ruby/1.8/webrick/server.rb:162:in `start'
    /usr/local/lib/ruby/1.8/webrick/server.rb:162:in `start_thread'
    /usr/local/lib/ruby/1.8/webrick/server.rb:95:in `start'
    /usr/local/lib/ruby/1.8/webrick/server.rb:92:in `each'
    /usr/local/lib/ruby/1.8/webrick/server.rb:92:in `start'
    /usr/local/lib/ruby/1.8/webrick/server.rb:23:in `start'
    /usr/local/lib/ruby/1.8/webrick/server.rb:82:in `start'
    script/ssl_server:129

Rendered rescues/_trace (532.8ms)
Rendered rescues/_request_and_response (0.6ms)
Rendering rescues/layout (internal_server_error)
** has_many_polymorphs: autoload hook invoked
** has_many_polymorphs: preloading parent model Block
** has_many_polymorphs: associating Block.models
  [4;35;1mSQL (0.2ms)[0m   [0mSET client_min_messages TO 'panic'[0m
  [4;36;1mSQL (0.1ms)[0m   [0;1mSET client_min_messages TO 'notice'[0m
** has_many_polymorphs: preloading parent model View
** has_many_polymorphs: associating View.models
  [4;35;1mSQL (0.2ms)[0m   [0mSET client_min_messages TO 'panic'[0m
  [4;36;1mSQL (0.2ms)[0m   [0;1mSET client_min_messages TO 'notice'[0m


Processing AdminController#index (for 127.0.0.1 at 2011-04-26 18:38:06) [GET]
  Parameters: {"action"=>"index", "controller"=>"admin"}
  [4;35;1mUser Load (4.3ms)[0m   [0mSELECT * FROM "users" WHERE ("users"."id" = E'1') LIMIT 1[0m
  [4;36;1mAnalyzing User Load Execution Time: 0.005145

[0m   [0;1mLimit  (cost=0.00..8.27 rows=1 width=574)
   ->  Index Scan using users_pkey on users  (cost=0.00..8.27 rows=1 width=574)
         Index Cond: (id = 1)
[0m
  [4;35;1mSQL (0.2ms)[0m   [0mBEGIN[0m
  [4;36;1mUser Update (0.8ms)[0m   [0;1mUPDATE "users" SET "updated_at" = '2011-04-26 22:38:06.267537', "perishable_token" = E'qRaAJyhOTb7sxChrLxNo', "last_request_at" = '2011-04-26 22:38:06.265070' WHERE "id" = 1[0m
  [4;35;1mSQL (1.3ms)[0m   [0mCOMMIT[0m
  [4;36;1mRole Load (0.7ms)[0m   [0;1mSELECT * FROM "roles" WHERE ("roles"."id" = 1) [0m
  [4;35;1mAnalyzing Role Load Execution Time: 0.001667

[0m   [0mIndex Scan using roles_pkey on roles  (cost=0.00..8.27 rows=1 width=536)
   Index Cond: (id = 1)
[0m
Rendering template within layouts/storagelocator
Rendering admin/index
  [4;36;1mBlock Load (1.5ms)[0m   [0;1mSELECT * FROM "blocks" WHERE ("blocks"."show_in_all" = E'header') [0m
  [4;35;1mAnalyzing Block Load Execution Time: 0.001889

[0m   [0mSeq Scan on blocks  (cost=0.00..10.25 rows=1 width=3188)
   Filter: ((show_in_all)::text = 'header'::text)
[0m
  [4;36;1mBlock Load (0.7ms)[0m   [0;1mSELECT * FROM "blocks" WHERE ("blocks"."restful_region" = E'header') [0m
  [4;35;1mAnalyzing Block Load Execution Time: 0.001656

[0m   [0mSeq Scan on blocks  (cost=0.00..10.25 rows=1 width=3188)
   Filter: ((restful_region)::text = 'header'::text)
[0m
  [4;36;1mBlock Load (0.6ms)[0m   [0;1mSELECT * FROM "blocks" WHERE ("blocks"."show_in_all" = E'content_bottom') [0m
  [4;35;1mAnalyzing Block Load Execution Time: 0.000879

[0m   [0mSeq Scan on blocks  (cost=0.00..10.25 rows=1 width=3188)
   Filter: ((show_in_all)::text = 'content_bottom'::text)
[0m
  [4;36;1mBlock Load (0.7ms)[0m   [0;1mSELECT * FROM "blocks" WHERE ("blocks"."restful_region" = E'content_bottom') [0m
  [4;35;1mAnalyzing Block Load Execution Time: 0.00332

[0m   [0mSeq Scan on blocks  (cost=0.00..10.25 rows=1 width=3188)
   Filter: ((restful_region)::text = 'content_bottom'::text)
[0m
  [4;36;1mBlock Load (0.6ms)[0m   [0;1mSELECT * FROM "blocks" WHERE ("blocks"."show_in_all" = E'column_5') [0m
  [4;35;1mAnalyzing Block Load Execution Time: 0.000906

[0m   [0mSeq Scan on blocks  (cost=0.00..10.25 rows=1 width=3188)
   Filter: ((show_in_all)::text = 'column_5'::text)
[0m
  [4;36;1mBlock Load (0.7ms)[0m   [0;1mSELECT * FROM "blocks" WHERE ("blocks"."restful_region" = E'column_5') [0m
  [4;35;1mAnalyzing Block Load Execution Time: 0.001322

[0m   [0mSeq Scan on blocks  (cost=0.00..10.25 rows=1 width=3188)
   Filter: ((restful_region)::text = 'column_5'::text)
[0m
  [4;36;1mBlock Load (0.5ms)[0m   [0;1mSELECT * FROM "blocks" WHERE ("blocks"."show_in_all" = E'more_info') [0m
  [4;35;1mAnalyzing Block Load Execution Time: 0.001571

[0m   [0mSeq Scan on blocks  (cost=0.00..10.25 rows=1 width=3188)
   Filter: ((show_in_all)::text = 'more_info'::text)
[0m
  [4;36;1mBlock Load (0.6ms)[0m   [0;1mSELECT * FROM "blocks" WHERE ("blocks"."restful_region" = E'more_info') [0m
  [4;35;1mAnalyzing Block Load Execution Time: 0.000953

[0m   [0mSeq Scan on blocks  (cost=0.00..10.25 rows=1 width=3188)
   Filter: ((restful_region)::text = 'more_info'::text)
[0m
  [4;36;1mBlocksModel Load (4.9ms)[0m   [0;1mSELECT 'Block' AS polymorphic_parent_class, 'models' AS polymorphic_association_id, blocks_models.block_id AS t0_r3, blocks_models.created_at AS t0_r4, blocks_models.enabled AS t0_r7, blocks_models.id AS t0_r0, blocks_models.model_id AS t0_r1, blocks_models.model_type AS t0_r2, blocks_models.place AS t0_r6, blocks_models.position AS t0_r9, blocks_models.show_title AS t0_r8, blocks_models.updated_at AS t0_r5, links.created_at AS t1_r4, links.group_id AS t1_r6, links.id AS t1_r0, links.path AS t1_r2, links.relative AS t1_r3, links.resource AS t1_r7, links.target_id AS t1_r8, links.title AS t1_r1, links.updated_at AS t1_r5, pages.content AS t2_r7, pages.created_at AS t2_r4, pages.description AS t2_r8, pages.id AS t2_r0, pages.meta_desc AS t2_r13, pages.parent_id AS t2_r2, pages.position AS t2_r10, pages.process_erb AS t2_r11, pages.show_in_nav AS t2_r6, pages.show_title AS t2_r9, pages.title AS t2_r1, pages.updated_at AS t2_r5, pages.url AS t2_r3, pages.use_placeholders AS t2_r12, posts.comments_count AS t3_r7, posts.comments_enabled AS t3_r8, posts.content AS t3_r2, posts.created_at AS t3_r5, posts.id AS t3_r0, posts.impressions_count AS t3_r10, posts.position AS t3_r9, posts.published AS t3_r4, posts.rating_average AS t3_r11, posts.title AS t3_r1, posts.type AS t3_r12, posts.updated_at AS t3_r6, posts.user_id AS t3_r3 FROM "blocks_models" JOIN "blocks" AS polymorphic_parent ON "blocks_models".block_id = polymorphic_parent.id LEFT JOIN "pages" ON "blocks_models".model_id = "pages".id AND "blocks_models".model_type = E'Page' LEFT JOIN "posts" ON "blocks_models".model_id = "posts".id AND "blocks_models".model_type = E'Post' LEFT JOIN "links" ON "blocks_models".model_id = "links".id AND "blocks_models".model_type = E'Link' WHERE (("blocks_models".block_id = 51)) [0m
  [4;35;1mAnalyzing BlocksModel Load Execution Time: 0.005418

[0m   [0mHash Left Join  (cost=32.98..61.21 rows=8 width=3443)
   Hash Cond: (blocks_models.model_id = links.id)
   Join Filter: ((blocks_models.model_type)::text = 'Link'::text)
   ->  Nested Loop  (cost=21.86..49.96 rows=8 width=1866)
         ->  Index Scan using index_blocks_on_id_and_title_and_show_in_all_and_restful_region on blocks polymorphic_parent  (cost=0.00..8.27 rows=1 width=4)
               Index Cond: (id = 51)
         ->  Hash Left Join  (cost=21.86..41.61 rows=8 width=1866)
               Hash Cond: (blocks_models.model_id = pages.id)
               Join Filter: ((blocks_models.model_type)::text = 'Page'::text)
               ->  Hash Left Join  (cost=10.51..30.13 rows=8 width=706)
                     Hash Cond: (blocks_models.model_id = posts.id)
                     Join Filter: ((blocks_models.model_type)::text = 'Post'::text)
                     ->  Bitmap Heap Scan on blocks_models  (cost=4.31..23.81 rows=8 width=41)
                           Recheck Cond: (block_id = 51)
                           ->  Bitmap Index Scan on index_blocks_models_on_block_id_and_model_id_and_model_type  (cost=0.00..4.31 rows=8 width=0)
                                 Index Cond: (block_id = 51)
                     ->  Hash  (cost=5.53..5.53 rows=53 width=665)
                           ->  Seq Scan on posts  (cost=0.00..5.53 rows=53 width=665)
               ->  Hash  (cost=10.60..10.60 rows=60 width=1160)
                     ->  Seq Scan on pages  (cost=0.00..10.60 rows=60 width=1160)
   ->  Hash  (cost=10.50..10.50 rows=50 width=1577)
         ->  Seq Scan on links  (cost=0.00..10.50 rows=50 width=1577)
[0m
Rendered shared/_model_options (4.7ms)
  [4;36;1mSQL (2.1ms)[0m   [0;1mSELECT count(*) AS count_all FROM "views" INNER JOIN "models_views" ON "views".id = "models_views".view_id WHERE (("models_views".model_type = E'Block') AND ("models_views".model_id = 51)) [0m
  [4;35;1mAnalyzing  Execution Time: 0.002535

[0m   [0mAggregate  (cost=16.56..16.57 rows=1 width=0)
   ->  Nested Loop  (cost=0.00..16.55 rows=1 width=0)
         ->  Index Scan using index_models_views_on_model_id_and_view_id_and_model_type on models_views  (cost=0.00..8.27 rows=1 width=4)
               Index Cond: ((model_id = 51) AND ((model_type)::text = 'Block'::text))
         ->  Index Scan using views_pkey on views  (cost=0.00..8.27 rows=1 width=4)
               Index Cond: (views.id = models_views.view_id)
[0m
  [4;36;1mSQL (1.6ms)[0m   [0;1mSELECT count(*) AS count_all FROM "forms" INNER JOIN "block_forms" ON "forms".id = "block_forms".form_id WHERE (("block_forms".block_id = 51)) [0m
  [4;35;1mAnalyzing  Execution Time: 0.001982

[0m   [0mAggregate  (cost=24.33..24.34 rows=1 width=0)
   ->  Hash Join  (cost=13.84..24.31 rows=6 width=0)
         Hash Cond: (forms.id = block_forms.form_id)
         ->  Seq Scan on forms  (cost=0.00..10.30 rows=30 width=4)
         ->  Hash  (cost=13.76..13.76 rows=6 width=4)
               ->  Bitmap Heap Scan on block_forms  (cost=4.30..13.76 rows=6 width=4)
                     Recheck Cond: (block_id = 51)
                     ->  Bitmap Index Scan on index_block_forms_on_block_id_and_form_id  (cost=0.00..4.30 rows=6 width=0)
                           Index Cond: (block_id = 51)
[0m
Rendered blocks/_block (293.5ms)
  [4;36;1mBlock Load (0.5ms)[0m   [0;1mSELECT * FROM "blocks" WHERE ("blocks"."show_in_all" = E'footer') [0m
  [4;35;1mAnalyzing Block Load Execution Time: 0.000874

[0m   [0mSeq Scan on blocks  (cost=0.00..10.25 rows=1 width=3188)
   Filter: ((show_in_all)::text = 'footer'::text)
[0m
  [4;36;1mBlock Load (0.6ms)[0m   [0;1mSELECT * FROM "blocks" WHERE ("blocks"."restful_region" = E'footer') [0m
  [4;35;1mAnalyzing Block Load Execution Time: 0.001693

[0m   [0mSeq Scan on blocks  (cost=0.00..10.25 rows=1 width=3188)
   Filter: ((restful_region)::text = 'footer'::text)
[0m
  [4;36;1mBlocksModel Load (2.7ms)[0m   [0;1mSELECT 'Block' AS polymorphic_parent_class, 'models' AS polymorphic_association_id, blocks_models.block_id AS t0_r3, blocks_models.created_at AS t0_r4, blocks_models.enabled AS t0_r7, blocks_models.id AS t0_r0, blocks_models.model_id AS t0_r1, blocks_models.model_type AS t0_r2, blocks_models.place AS t0_r6, blocks_models.position AS t0_r9, blocks_models.show_title AS t0_r8, blocks_models.updated_at AS t0_r5, links.created_at AS t1_r4, links.group_id AS t1_r6, links.id AS t1_r0, links.path AS t1_r2, links.relative AS t1_r3, links.resource AS t1_r7, links.target_id AS t1_r8, links.title AS t1_r1, links.updated_at AS t1_r5, pages.content AS t2_r7, pages.created_at AS t2_r4, pages.description AS t2_r8, pages.id AS t2_r0, pages.meta_desc AS t2_r13, pages.parent_id AS t2_r2, pages.position AS t2_r10, pages.process_erb AS t2_r11, pages.show_in_nav AS t2_r6, pages.show_title AS t2_r9, pages.title AS t2_r1, pages.updated_at AS t2_r5, pages.url AS t2_r3, pages.use_placeholders AS t2_r12, posts.comments_count AS t3_r7, posts.comments_enabled AS t3_r8, posts.content AS t3_r2, posts.created_at AS t3_r5, posts.id AS t3_r0, posts.impressions_count AS t3_r10, posts.position AS t3_r9, posts.published AS t3_r4, posts.rating_average AS t3_r11, posts.title AS t3_r1, posts.type AS t3_r12, posts.updated_at AS t3_r6, posts.user_id AS t3_r3 FROM "blocks_models" JOIN "blocks" AS polymorphic_parent ON "blocks_models".block_id = polymorphic_parent.id LEFT JOIN "pages" ON "blocks_models".model_id = "pages".id AND "blocks_models".model_type = E'Page' LEFT JOIN "posts" ON "blocks_models".model_id = "posts".id AND "blocks_models".model_type = E'Post' LEFT JOIN "links" ON "blocks_models".model_id = "links".id AND "blocks_models".model_type = E'Link' WHERE (("blocks_models".block_id = 49)) [0m
  [4;35;1mAnalyzing BlocksModel Load Execution Time: 0.003149

[0m   [0mHash Left Join  (cost=32.98..61.21 rows=8 width=3443)
   Hash Cond: (blocks_models.model_id = links.id)
   Join Filter: ((blocks_models.model_type)::text = 'Link'::text)
   ->  Nested Loop  (cost=21.86..49.96 rows=8 width=1866)
         ->  Index Scan using index_blocks_on_id_and_title_and_show_in_all_and_restful_region on blocks polymorphic_parent  (cost=0.00..8.27 rows=1 width=4)
               Index Cond: (id = 49)
         ->  Hash Left Join  (cost=21.86..41.61 rows=8 width=1866)
               Hash Cond: (blocks_models.model_id = pages.id)
               Join Filter: ((blocks_models.model_type)::text = 'Page'::text)
               ->  Hash Left Join  (cost=10.51..30.13 rows=8 width=706)
                     Hash Cond: (blocks_models.model_id = posts.id)
                     Join Filter: ((blocks_models.model_type)::text = 'Post'::text)
                     ->  Bitmap Heap Scan on blocks_models  (cost=4.31..23.81 rows=8 width=41)
                           Recheck Cond: (block_id = 49)
                           ->  Bitmap Index Scan on index_blocks_models_on_block_id_and_model_id_and_model_type  (cost=0.00..4.31 rows=8 width=0)
                                 Index Cond: (block_id = 49)
                     ->  Hash  (cost=5.53..5.53 rows=53 width=665)
                           ->  Seq Scan on posts  (cost=0.00..5.53 rows=53 width=665)
               ->  Hash  (cost=10.60..10.60 rows=60 width=1160)
                     ->  Seq Scan on pages  (cost=0.00..10.60 rows=60 width=1160)
   ->  Hash  (cost=10.50..10.50 rows=50 width=1577)
         ->  Seq Scan on links  (cost=0.00..10.50 rows=50 width=1577)
[0m
Rendered shared/_model_options (7.1ms)
Rendered pages/_footer_bottom (0.4ms)
  [4;36;1mSQL (0.6ms)[0m   [0;1mSELECT count(*) AS count_all FROM "views" INNER JOIN "models_views" ON "views".id = "models_views".view_id WHERE (("models_views".model_type = E'Block') AND ("models_views".model_id = 49)) [0m
  [4;35;1mAnalyzing  Execution Time: 0.000935

[0m   [0mAggregate  (cost=16.56..16.57 rows=1 width=0)
   ->  Nested Loop  (cost=0.00..16.55 rows=1 width=0)
         ->  Index Scan using index_models_views_on_model_id_and_view_id_and_model_type on models_views  (cost=0.00..8.27 rows=1 width=4)
               Index Cond: ((model_id = 49) AND ((model_type)::text = 'Block'::text))
         ->  Index Scan using views_pkey on views  (cost=0.00..8.27 rows=1 width=4)
               Index Cond: (views.id = models_views.view_id)
[0m
  [4;36;1mSQL (0.7ms)[0m   [0;1mSELECT count(*) AS count_all FROM "forms" INNER JOIN "block_forms" ON "forms".id = "block_forms".form_id WHERE (("block_forms".block_id = 49)) [0m
  [4;35;1mAnalyzing  Execution Time: 0.001107

[0m   [0mAggregate  (cost=24.33..24.34 rows=1 width=0)
   ->  Hash Join  (cost=13.84..24.31 rows=6 width=0)
         Hash Cond: (forms.id = block_forms.form_id)
         ->  Seq Scan on forms  (cost=0.00..10.30 rows=30 width=4)
         ->  Hash  (cost=13.76..13.76 rows=6 width=4)
               ->  Bitmap Heap Scan on block_forms  (cost=4.30..13.76 rows=6 width=4)
                     Recheck Cond: (block_id = 49)
                     ->  Bitmap Index Scan on index_block_forms_on_block_id_and_form_id  (cost=0.00..4.30 rows=6 width=0)
                           Index Cond: (block_id = 49)
[0m
Rendered blocks/_block (31.8ms)
  [4;36;1mBlock Load (0.5ms)[0m   [0;1mSELECT * FROM "blocks" WHERE ("blocks"."show_in_all" = E'head_bar') [0m
  [4;35;1mAnalyzing Block Load Execution Time: 0.0008

[0m   [0mSeq Scan on blocks  (cost=0.00..10.25 rows=1 width=3188)
   Filter: ((show_in_all)::text = 'head_bar'::text)
[0m
  [4;36;1mBlock Load (0.6ms)[0m   [0;1mSELECT * FROM "blocks" WHERE ("blocks"."restful_region" = E'head_bar') [0m
  [4;35;1mAnalyzing Block Load Execution Time: 0.002185

[0m   [0mSeq Scan on blocks  (cost=0.00..10.25 rows=1 width=3188)
   Filter: ((restful_region)::text = 'head_bar'::text)
[0m
Rendered menus/_topnav (14.0ms)
  [4;36;1mPage Load (0.7ms)[0m   [0;1mSELECT * FROM "pages" WHERE ("pages"."title" = E'Self Storage') LIMIT 1[0m
  [4;35;1mAnalyzing Page Load Execution Time: 0.001224

[0m   [0mLimit  (cost=0.00..10.75 rows=1 width=1160)
   ->  Seq Scan on pages  (cost=0.00..10.75 rows=1 width=1160)
         Filter: ((title)::text = 'Self Storage'::text)
[0m
Rendered pages/_home (14.7ms)
Rendered user_sessions/_form (9.3ms)
Completed in 609ms (View: 437, DB: 48) | 200 OK [https://localhost/admin]
** has_many_polymorphs: autoload hook invoked
** has_many_polymorphs: preloading parent model Block
** has_many_polymorphs: associating Block.models
  [4;36;1mSQL (0.2ms)[0m   [0;1mSET client_min_messages TO 'panic'[0m
  [4;35;1mSQL (0.1ms)[0m   [0mSET client_min_messages TO 'notice'[0m
** has_many_polymorphs: preloading parent model View
** has_many_polymorphs: associating View.models
  [4;36;1mSQL (2.7ms)[0m   [0;1mSET client_min_messages TO 'panic'[0m
  [4;35;1mSQL (0.1ms)[0m   [0mSET client_min_messages TO 'notice'[0m


Processing ClientsController#index (for 127.0.0.1 at 2011-04-26 18:38:14) [GET]
  Parameters: {"action"=>"index", "controller"=>"clients"}
  [4;36;1mUser Load (1.6ms)[0m   [0;1mSELECT * FROM "users" WHERE ("users"."id" = E'1') LIMIT 1[0m
  [4;35;1mAnalyzing User Load Execution Time: 0.00256

[0m   [0mLimit  (cost=0.00..8.27 rows=1 width=574)
   ->  Index Scan using users_pkey on users  (cost=0.00..8.27 rows=1 width=574)
         Index Cond: (id = 1)
[0m
  [4;36;1mSQL (0.2ms)[0m   [0;1mBEGIN[0m
  [4;35;1mUser Update (0.8ms)[0m   [0mUPDATE "users" SET "updated_at" = '2011-04-26 22:38:15.122571', "perishable_token" = E'E5Ne0XvYboAoLYzykRF', "last_request_at" = '2011-04-26 22:38:15.118139' WHERE "id" = 1[0m
  [4;36;1mSQL (0.8ms)[0m   [0;1mCOMMIT[0m
  [4;35;1mRole Load (0.7ms)[0m   [0mSELECT * FROM "roles" WHERE ("roles"."id" = 1) [0m
  [4;36;1mAnalyzing Role Load Execution Time: 0.000994

[0m   [0;1mIndex Scan using roles_pkey on roles  (cost=0.00..8.27 rows=1 width=536)
   Index Cond: (id = 1)
[0m
  [4;35;1mClient Load (21.2ms)[0m   [0mSELECT * FROM "users" WHERE ("users"."status" = E'active') AND ( ("users"."type" = 'Client' ) ) ORDER BY created_at DESC LIMIT 20 OFFSET 0[0m
  [4;36;1mAnalyzing Client Load Execution Time: 0.03337

[0m   [0;1mLimit  (cost=34.49..34.54 rows=20 width=574)
   ->  Sort  (cost=34.49..35.15 rows=265 width=574)
         Sort Key: created_at
         ->  Seq Scan on users  (cost=0.00..27.44 rows=265 width=574)
               Filter: (((status)::text = 'active'::text) AND ((type)::text = 'Client'::text))
[0m
  [4;35;1mSQL (1.1ms)[0m   [0mSELECT count(*) AS count_all FROM "users" WHERE ("users"."status" = E'active') AND ( ("users"."type" = 'Client' ) ) [0m
  [4;36;1mAnalyzing  Execution Time: 0.001399

[0m   [0;1mAggregate  (cost=28.10..28.11 rows=1 width=0)
   ->  Seq Scan on users  (cost=0.00..27.44 rows=265 width=0)
         Filter: (((status)::text = 'active'::text) AND ((type)::text = 'Client'::text))
[0m
Rendering clients/index
  [4;35;1mSQL (0.9ms)[0m   [0mSELECT count(*) AS count_all FROM "users" WHERE ( ("users"."type" = 'Client' ) ) [0m
  [4;36;1mAnalyzing  Execution Time: 0.001409

[0m   [0;1mAggregate  (cost=27.42..27.43 rows=1 width=0)
   ->  Seq Scan on users  (cost=0.00..26.70 rows=288 width=0)
         Filter: ((type)::text = 'Client'::text)
[0m
  [4;35;1mSQL (1.4ms)[0m   [0mSELECT count(*) AS count_all FROM "users" WHERE (status != E'active') AND ( ("users"."type" = 'Client' ) ) [0m
  [4;36;1mAnalyzing  Execution Time: 0.001728

[0m   [0;1mAggregate  (cost=27.50..27.51 rows=1 width=0)
   ->  Seq Scan on users  (cost=0.00..27.44 rows=23 width=0)
         Filter: (((status)::text <> 'active'::text) AND ((type)::text = 'Client'::text))
[0m
  [4;35;1mCACHE (0.0ms)[0m   [0mSELECT count(*) AS count_all FROM "users" WHERE ("users"."status" = E'active') AND ( ("users"."type" = 'Client' ) ) [0m
  [4;36;1mHelptext Load (0.8ms)[0m   [0;1mSELECT * FROM "helptexts" WHERE ("helptexts"."model" = E'client') LIMIT 1[0m
  [4;35;1mAnalyzing Helptext Load Execution Time: 0.001092

[0m   [0mLimit  (cost=0.00..11.50 rows=1 width=601)
   ->  Seq Scan on helptexts  (cost=0.00..11.50 rows=1 width=601)
         Filter: ((model)::text = 'client'::text)
[0m
Rendered helptexts/_helptext (3.3ms)
Rendered shared/_model_new_back_buttons (7.1ms)
Rendered shared/_model_search (2.6ms)
Rendered menus/_view_type_links (9.3ms)
Rendered shared/_model_sort (1.7ms)
  [4;36;1mRole Load (1.1ms)[0m   [0;1mSELECT * FROM "roles" WHERE ("roles"."id" = 4) [0m
  [4;35;1mAnalyzing Role Load Execution Time: 0.001442

[0m   [0mIndex Scan using roles_pkey on roles  (cost=0.00..8.27 rows=1 width=536)
   Index Cond: (id = 4)
[0m
Rendered users/_user_info (31.1ms)
Rendered shared/_edit_delete_link (9.0ms)
  [4;36;1mSQL (5.8ms)[0m   [0;1mSELECT count(*) AS count_all FROM "listings" WHERE ("listings".user_id = 25586) [0m
  [4;35;1mAnalyzing  Execution Time: 0.006213

[0m   [0mAggregate  (cost=1615.81..1615.82 rows=1 width=0)
   ->  Index Scan using index_listings_on_id_and_user_id_and_title on listings  (cost=0.00..1615.79 rows=4 width=0)
         Index Cond: (user_id = 25586)
[0m
  [4;36;1mSQL (1.5ms)[0m   [0;1mSELECT count(*) AS count_all FROM "claimed_listings" WHERE ("claimed_listings".client_id = 25586) [0m
  [4;35;1mAnalyzing  Execution Time: 0.008196

[0m   [0mAggregate  (cost=27.27..27.28 rows=1 width=0)
   ->  Seq Scan on claimed_listings  (cost=0.00..27.25 rows=7 width=0)
         Filter: (client_id = 25586)
[0m
  [4;36;1mCACHE (0.0ms)[0m   [0;1mSELECT * FROM "roles" WHERE ("roles"."id" = 4) [0m
Rendered users/_user_info (30.3ms)
Rendered shared/_edit_delete_link (7.1ms)
  [4;35;1mSQL (13.5ms)[0m   [0mSELECT count(*) AS count_all FROM "listings" WHERE ("listings".user_id = 25584) [0m
  [4;36;1mAnalyzing  Execution Time: 0.01401

[0m   [0;1mAggregate  (cost=1615.81..1615.82 rows=1 width=0)
   ->  Index Scan using index_listings_on_id_and_user_id_and_title on listings  (cost=0.00..1615.79 rows=4 width=0)
         Index Cond: (user_id = 25584)
[0m
  [4;35;1mSQL (0.5ms)[0m   [0mSELECT count(*) AS count_all FROM "claimed_listings" WHERE ("claimed_listings".client_id = 25584) [0m
  [4;36;1mAnalyzing  Execution Time: 0.000862

[0m   [0;1mAggregate  (cost=27.27..27.28 rows=1 width=0)
   ->  Seq Scan on claimed_listings  (cost=0.00..27.25 rows=7 width=0)
         Filter: (client_id = 25584)
[0m
  [4;35;1mCACHE (0.0ms)[0m   [0mSELECT * FROM "roles" WHERE ("roles"."id" = 4) [0m
Rendered users/_user_info (34.4ms)
Rendered shared/_edit_delete_link (355.5ms)
  [4;36;1mSQL (3.0ms)[0m   [0;1mSELECT count(*) AS count_all FROM "listings" WHERE ("listings".user_id = 25583) [0m
  [4;35;1mAnalyzing  Execution Time: 0.00341

[0m   [0mAggregate  (cost=1615.81..1615.82 rows=1 width=0)
   ->  Index Scan using index_listings_on_id_and_user_id_and_title on listings  (cost=0.00..1615.79 rows=4 width=0)
         Index Cond: (user_id = 25583)
[0m
  [4;36;1mSQL (0.4ms)[0m   [0;1mSELECT count(*) AS count_all FROM "claimed_listings" WHERE ("claimed_listings".client_id = 25583) [0m
  [4;35;1mAnalyzing  Execution Time: 0.00081

[0m   [0mAggregate  (cost=27.27..27.28 rows=1 width=0)
   ->  Seq Scan on claimed_listings  (cost=0.00..27.25 rows=7 width=0)
         Filter: (client_id = 25583)
[0m
  [4;36;1mCACHE (0.0ms)[0m   [0;1mSELECT * FROM "roles" WHERE ("roles"."id" = 4) [0m
Rendered users/_user_info (20.1ms)
Rendered shared/_edit_delete_link (22.0ms)
  [4;35;1mSQL (11.1ms)[0m   [0mSELECT count(*) AS count_all FROM "listings" WHERE ("listings".user_id = 25582) [0m
  [4;36;1mAnalyzing  Execution Time: 0.0115

[0m   [0;1mAggregate  (cost=1615.81..1615.82 rows=1 width=0)
   ->  Index Scan using index_listings_on_id_and_user_id_and_title on listings  (cost=0.00..1615.79 rows=4 width=0)
         Index Cond: (user_id = 25582)
[0m
  [4;35;1mSQL (0.5ms)[0m   [0mSELECT count(*) AS count_all FROM "claimed_listings" WHERE ("claimed_listings".client_id = 25582) [0m
  [4;36;1mAnalyzing  Execution Time: 0.002915

[0m   [0;1mAggregate  (cost=27.27..27.28 rows=1 width=0)
   ->  Seq Scan on claimed_listings  (cost=0.00..27.25 rows=7 width=0)
         Filter: (client_id = 25582)
[0m
  [4;35;1mCACHE (0.0ms)[0m   [0mSELECT * FROM "roles" WHERE ("roles"."id" = 4) [0m
Rendered users/_user_info (26.9ms)
Rendered shared/_edit_delete_link (9.2ms)
  [4;36;1mSQL (3.7ms)[0m   [0;1mSELECT count(*) AS count_all FROM "listings" WHERE ("listings".user_id = 25581) [0m
  [4;35;1mAnalyzing  Execution Time: 0.004083

[0m   [0mAggregate  (cost=1615.81..1615.82 rows=1 width=0)
   ->  Index Scan using index_listings_on_id_and_user_id_and_title on listings  (cost=0.00..1615.79 rows=4 width=0)
         Index Cond: (user_id = 25581)
[0m
  [4;36;1mSQL (3.6ms)[0m   [0;1mSELECT count(*) AS count_all FROM "claimed_listings" WHERE ("claimed_listings".client_id = 25581) [0m
  [4;35;1mAnalyzing  Execution Time: 0.004099

[0m   [0mAggregate  (cost=27.27..27.28 rows=1 width=0)
   ->  Seq Scan on claimed_listings  (cost=0.00..27.25 rows=7 width=0)
         Filter: (client_id = 25581)
[0m
  [4;36;1mCACHE (0.0ms)[0m   [0;1mSELECT * FROM "roles" WHERE ("roles"."id" = 4) [0m
Rendered users/_user_info (31.7ms)
Rendered shared/_edit_delete_link (12.0ms)
  [4;35;1mSQL (2.2ms)[0m   [0mSELECT count(*) AS count_all FROM "listings" WHERE ("listings".user_id = 25580) [0m
  [4;36;1mAnalyzing  Execution Time: 0.002594

[0m   [0;1mAggregate  (cost=1615.81..1615.82 rows=1 width=0)
   ->  Index Scan using index_listings_on_id_and_user_id_and_title on listings  (cost=0.00..1615.79 rows=4 width=0)
         Index Cond: (user_id = 25580)
[0m
  [4;35;1mSQL (0.4ms)[0m   [0mSELECT count(*) AS count_all FROM "claimed_listings" WHERE ("claimed_listings".client_id = 25580) [0m
  [4;36;1mAnalyzing  Execution Time: 0.000876

[0m   [0;1mAggregate  (cost=27.27..27.28 rows=1 width=0)
   ->  Seq Scan on claimed_listings  (cost=0.00..27.25 rows=7 width=0)
         Filter: (client_id = 25580)
[0m
  [4;35;1mCACHE (0.0ms)[0m   [0mSELECT * FROM "roles" WHERE ("roles"."id" = 4) [0m
Rendered users/_user_info (24.2ms)
Rendered shared/_edit_delete_link (5.4ms)
  [4;36;1mSQL (2.1ms)[0m   [0;1mSELECT count(*) AS count_all FROM "listings" WHERE ("listings".user_id = 25579) [0m
  [4;35;1mAnalyzing  Execution Time: 0.002429

[0m   [0mAggregate  (cost=1615.81..1615.82 rows=1 width=0)
   ->  Index Scan using index_listings_on_id_and_user_id_and_title on listings  (cost=0.00..1615.79 rows=4 width=0)
         Index Cond: (user_id = 25579)
[0m
  [4;36;1mSQL (0.4ms)[0m   [0;1mSELECT count(*) AS count_all FROM "claimed_listings" WHERE ("claimed_listings".client_id = 25579) [0m
  [4;35;1mAnalyzing  Execution Time: 0.000767

[0m   [0mAggregate  (cost=27.27..27.28 rows=1 width=0)
   ->  Seq Scan on claimed_listings  (cost=0.00..27.25 rows=7 width=0)
         Filter: (client_id = 25579)
[0m
  [4;36;1mCACHE (0.0ms)[0m   [0;1mSELECT * FROM "roles" WHERE ("roles"."id" = 4) [0m
Rendered users/_user_info (30.6ms)
Rendered shared/_edit_delete_link (6.6ms)
  [4;35;1mSQL (3.0ms)[0m   [0mSELECT count(*) AS count_all FROM "listings" WHERE ("listings".user_id = 25577) [0m
  [4;36;1mAnalyzing  Execution Time: 0.010066

[0m   [0;1mAggregate  (cost=1615.81..1615.82 rows=1 width=0)
   ->  Index Scan using index_listings_on_id_and_user_id_and_title on listings  (cost=0.00..1615.79 rows=4 width=0)
         Index Cond: (user_id = 25577)
[0m
  [4;35;1mSQL (0.4ms)[0m   [0mSELECT count(*) AS count_all FROM "claimed_listings" WHERE ("claimed_listings".client_id = 25577) [0m
  [4;36;1mAnalyzing  Execution Time: 0.000873

[0m   [0;1mAggregate  (cost=27.27..27.28 rows=1 width=0)
   ->  Seq Scan on claimed_listings  (cost=0.00..27.25 rows=7 width=0)
         Filter: (client_id = 25577)
[0m
  [4;35;1mCACHE (0.0ms)[0m   [0mSELECT * FROM "roles" WHERE ("roles"."id" = 4) [0m
Rendered users/_user_info (19.1ms)
Rendered shared/_edit_delete_link (5.2ms)
  [4;36;1mSQL (2.6ms)[0m   [0;1mSELECT count(*) AS count_all FROM "listings" WHERE ("listings".user_id = 25575) [0m
  [4;35;1mAnalyzing  Execution Time: 0.002995

[0m   [0mAggregate  (cost=1615.81..1615.82 rows=1 width=0)
   ->  Index Scan using index_listings_on_id_and_user_id_and_title on listings  (cost=0.00..1615.79 rows=4 width=0)
         Index Cond: (user_id = 25575)
[0m
  [4;36;1mSQL (0.4ms)[0m   [0;1mSELECT count(*) AS count_all FROM "claimed_listings" WHERE ("claimed_listings".client_id = 25575) [0m
  [4;35;1mAnalyzing  Execution Time: 0.000779

[0m   [0mAggregate  (cost=27.27..27.28 rows=1 width=0)
   ->  Seq Scan on claimed_listings  (cost=0.00..27.25 rows=7 width=0)
         Filter: (client_id = 25575)
[0m
  [4;36;1mCACHE (0.0ms)[0m   [0;1mSELECT * FROM "roles" WHERE ("roles"."id" = 4) [0m
Rendered users/_user_info (38.1ms)
Rendered shared/_edit_delete_link (6.8ms)
  [4;35;1mSQL (2.6ms)[0m   [0mSELECT count(*) AS count_all FROM "listings" WHERE ("listings".user_id = 25573) [0m
  [4;36;1mAnalyzing  Execution Time: 0.012454

[0m   [0;1mAggregate  (cost=1615.81..1615.82 rows=1 width=0)
   ->  Index Scan using index_listings_on_id_and_user_id_and_title on listings  (cost=0.00..1615.79 rows=4 width=0)
         Index Cond: (user_id = 25573)
[0m
  [4;35;1mSQL (0.4ms)[0m   [0mSELECT count(*) AS count_all FROM "claimed_listings" WHERE ("claimed_listings".client_id = 25573) [0m
  [4;36;1mAnalyzing  Execution Time: 0.000905

[0m   [0;1mAggregate  (cost=27.27..27.28 rows=1 width=0)
   ->  Seq Scan on claimed_listings  (cost=0.00..27.25 rows=7 width=0)
         Filter: (client_id = 25573)
[0m
  [4;35;1mCACHE (0.0ms)[0m   [0mSELECT * FROM "roles" WHERE ("roles"."id" = 4) [0m
Rendered users/_user_info (19.1ms)
Rendered shared/_edit_delete_link (14.1ms)
  [4;36;1mSQL (7.3ms)[0m   [0;1mSELECT count(*) AS count_all FROM "listings" WHERE ("listings".user_id = 25571) [0m
  [4;35;1mAnalyzing  Execution Time: 0.007725

[0m   [0mAggregate  (cost=1615.81..1615.82 rows=1 width=0)
   ->  Index Scan using index_listings_on_id_and_user_id_and_title on listings  (cost=0.00..1615.79 rows=4 width=0)
         Index Cond: (user_id = 25571)
[0m
  [4;36;1mSQL (0.9ms)[0m   [0;1mSELECT count(*) AS count_all FROM "claimed_listings" WHERE ("claimed_listings".client_id = 25571) [0m
  [4;35;1mAnalyzing  Execution Time: 0.00137

[0m   [0mAggregate  (cost=27.27..27.28 rows=1 width=0)
   ->  Seq Scan on claimed_listings  (cost=0.00..27.25 rows=7 width=0)
         Filter: (client_id = 25571)
[0m
  [4;36;1mCACHE (0.0ms)[0m   [0;1mSELECT * FROM "roles" WHERE ("roles"."id" = 4) [0m
Rendered users/_user_info (22.4ms)
Rendered shared/_edit_delete_link (6.8ms)
  [4;35;1mSQL (2.6ms)[0m   [0mSELECT count(*) AS count_all FROM "listings" WHERE ("listings".user_id = 25570) [0m
  [4;36;1mAnalyzing  Execution Time: 0.003014

[0m   [0;1mAggregate  (cost=1615.81..1615.82 rows=1 width=0)
   ->  Index Scan using index_listings_on_id_and_user_id_and_title on listings  (cost=0.00..1615.79 rows=4 width=0)
         Index Cond: (user_id = 25570)
[0m
  [4;35;1mSQL (0.4ms)[0m   [0mSELECT count(*) AS count_all FROM "claimed_listings" WHERE ("claimed_listings".client_id = 25570) [0m
  [4;36;1mAnalyzing  Execution Time: 0.000915

[0m   [0;1mAggregate  (cost=27.27..27.28 rows=1 width=0)
   ->  Seq Scan on claimed_listings  (cost=0.00..27.25 rows=7 width=0)
         Filter: (client_id = 25570)
[0m
  [4;35;1mCACHE (0.0ms)[0m   [0mSELECT * FROM "roles" WHERE ("roles"."id" = 4) [0m
Rendered users/_user_info (20.0ms)
Rendered shared/_edit_delete_link (15.6ms)
  [4;36;1mSQL (3.1ms)[0m   [0;1mSELECT count(*) AS count_all FROM "listings" WHERE ("listings".user_id = 25567) [0m
  [4;35;1mAnalyzing  Execution Time: 0.003895

[0m   [0mAggregate  (cost=1615.81..1615.82 rows=1 width=0)
   ->  Index Scan using index_listings_on_id_and_user_id_and_title on listings  (cost=0.00..1615.79 rows=4 width=0)
         Index Cond: (user_id = 25567)
[0m
  [4;36;1mSQL (0.4ms)[0m   [0;1mSELECT count(*) AS count_all FROM "claimed_listings" WHERE ("claimed_listings".client_id = 25567) [0m
  [4;35;1mAnalyzing  Execution Time: 0.000807

[0m   [0mAggregate  (cost=27.27..27.28 rows=1 width=0)
   ->  Seq Scan on claimed_listings  (cost=0.00..27.25 rows=7 width=0)
         Filter: (client_id = 25567)
[0m
  [4;36;1mCACHE (0.0ms)[0m   [0;1mSELECT * FROM "roles" WHERE ("roles"."id" = 4) [0m
Rendered users/_user_info (30.7ms)
Rendered shared/_edit_delete_link (10.2ms)
  [4;35;1mSQL (2.8ms)[0m   [0mSELECT count(*) AS count_all FROM "listings" WHERE ("listings".user_id = 25565) [0m
  [4;36;1mAnalyzing  Execution Time: 0.003212

[0m   [0;1mAggregate  (cost=1615.81..1615.82 rows=1 width=0)
   ->  Index Scan using index_listings_on_id_and_user_id_and_title on listings  (cost=0.00..1615.79 rows=4 width=0)
         Index Cond: (user_id = 25565)
[0m
  [4;35;1mSQL (0.4ms)[0m   [0mSELECT count(*) AS count_all FROM "claimed_listings" WHERE ("claimed_listings".client_id = 25565) [0m
  [4;36;1mAnalyzing  Execution Time: 0.000967

[0m   [0;1mAggregate  (cost=27.27..27.28 rows=1 width=0)
   ->  Seq Scan on claimed_listings  (cost=0.00..27.25 rows=7 width=0)
         Filter: (client_id = 25565)
[0m
  [4;35;1mCACHE (0.0ms)[0m   [0mSELECT * FROM "roles" WHERE ("roles"."id" = 4) [0m
Rendered users/_user_info (22.1ms)
Rendered shared/_edit_delete_link (7.6ms)
  [4;36;1mSQL (2.8ms)[0m   [0;1mSELECT count(*) AS count_all FROM "listings" WHERE ("listings".user_id = 25564) [0m
  [4;35;1mAnalyzing  Execution Time: 0.003178

[0m   [0mAggregate  (cost=1615.81..1615.82 rows=1 width=0)
   ->  Index Scan using index_listings_on_id_and_user_id_and_title on listings  (cost=0.00..1615.79 rows=4 width=0)
         Index Cond: (user_id = 25564)
[0m
  [4;36;1mSQL (0.4ms)[0m   [0;1mSELECT count(*) AS count_all FROM "claimed_listings" WHERE ("claimed_listings".client_id = 25564) [0m
  [4;35;1mAnalyzing  Execution Time: 0.000733

[0m   [0mAggregate  (cost=27.27..27.28 rows=1 width=0)
   ->  Seq Scan on claimed_listings  (cost=0.00..27.25 rows=7 width=0)
         Filter: (client_id = 25564)
[0m
  [4;36;1mCACHE (0.0ms)[0m   [0;1mSELECT * FROM "roles" WHERE ("roles"."id" = 4) [0m
Rendered users/_user_info (16.7ms)
Rendered shared/_edit_delete_link (11.5ms)
  [4;35;1mSQL (2.2ms)[0m   [0mSELECT count(*) AS count_all FROM "listings" WHERE ("listings".user_id = 25563) [0m
  [4;36;1mAnalyzing  Execution Time: 0.002598

[0m   [0;1mAggregate  (cost=1615.81..1615.82 rows=1 width=0)
   ->  Index Scan using index_listings_on_id_and_user_id_and_title on listings  (cost=0.00..1615.79 rows=4 width=0)
         Index Cond: (user_id = 25563)
[0m
  [4;35;1mSQL (0.4ms)[0m   [0mSELECT count(*) AS count_all FROM "claimed_listings" WHERE ("claimed_listings".client_id = 25563) [0m
  [4;36;1mAnalyzing  Execution Time: 0.000774

[0m   [0;1mAggregate  (cost=27.27..27.28 rows=1 width=0)
   ->  Seq Scan on claimed_listings  (cost=0.00..27.25 rows=7 width=0)
         Filter: (client_id = 25563)
[0m
  [4;35;1mCACHE (0.0ms)[0m   [0mSELECT * FROM "roles" WHERE ("roles"."id" = 4) [0m
Rendered users/_user_info (25.9ms)
Rendered shared/_edit_delete_link (15.1ms)
  [4;36;1mSQL (10.9ms)[0m   [0;1mSELECT count(*) AS count_all FROM "listings" WHERE ("listings".user_id = 25562) [0m
  [4;35;1mAnalyzing  Execution Time: 0.011658

[0m   [0mAggregate  (cost=1615.81..1615.82 rows=1 width=0)
   ->  Index Scan using index_listings_on_id_and_user_id_and_title on listings  (cost=0.00..1615.79 rows=4 width=0)
         Index Cond: (user_id = 25562)
[0m
  [4;36;1mSQL (0.5ms)[0m   [0;1mSELECT count(*) AS count_all FROM "claimed_listings" WHERE ("claimed_listings".client_id = 25562) [0m
  [4;35;1mAnalyzing  Execution Time: 0.000965

[0m   [0mAggregate  (cost=27.27..27.28 rows=1 width=0)
   ->  Seq Scan on claimed_listings  (cost=0.00..27.25 rows=7 width=0)
         Filter: (client_id = 25562)
[0m
  [4;36;1mCACHE (0.0ms)[0m   [0;1mSELECT * FROM "roles" WHERE ("roles"."id" = 4) [0m
Rendered users/_user_info (23.8ms)
Rendered shared/_edit_delete_link (5.8ms)
  [4;35;1mSQL (2.2ms)[0m   [0mSELECT count(*) AS count_all FROM "listings" WHERE ("listings".user_id = 25560) [0m
  [4;36;1mAnalyzing  Execution Time: 0.002953

[0m   [0;1mAggregate  (cost=1615.81..1615.82 rows=1 width=0)
   ->  Index Scan using index_listings_on_id_and_user_id_and_title on listings  (cost=0.00..1615.79 rows=4 width=0)
         Index Cond: (user_id = 25560)
[0m
  [4;35;1mSQL (0.5ms)[0m   [0mSELECT count(*) AS count_all FROM "claimed_listings" WHERE ("claimed_listings".client_id = 25560) [0m
  [4;36;1mAnalyzing  Execution Time: 0.000931

[0m   [0;1mAggregate  (cost=27.27..27.28 rows=1 width=0)
   ->  Seq Scan on claimed_listings  (cost=0.00..27.25 rows=7 width=0)
         Filter: (client_id = 25560)
[0m
  [4;35;1mCACHE (0.0ms)[0m   [0mSELECT * FROM "roles" WHERE ("roles"."id" = 4) [0m
Rendered users/_user_info (39.7ms)
Rendered shared/_edit_delete_link (6.3ms)
  [4;36;1mSQL (3.3ms)[0m   [0;1mSELECT count(*) AS count_all FROM "listings" WHERE ("listings".user_id = 25559) [0m
  [4;35;1mAnalyzing  Execution Time: 0.003741

[0m   [0mAggregate  (cost=1615.81..1615.82 rows=1 width=0)
   ->  Index Scan using index_listings_on_id_and_user_id_and_title on listings  (cost=0.00..1615.79 rows=4 width=0)
         Index Cond: (user_id = 25559)
[0m
  [4;36;1mSQL (3.4ms)[0m   [0;1mSELECT count(*) AS count_all FROM "claimed_listings" WHERE ("claimed_listings".client_id = 25559) [0m
  [4;35;1mAnalyzing  Execution Time: 0.003832

[0m   [0mAggregate  (cost=27.27..27.28 rows=1 width=0)
   ->  Seq Scan on claimed_listings  (cost=0.00..27.25 rows=7 width=0)
         Filter: (client_id = 25559)
[0m
  [4;36;1mCACHE (0.0ms)[0m   [0;1mSELECT * FROM "roles" WHERE ("roles"."id" = 4) [0m
Rendered users/_user_info (18.4ms)
Rendered shared/_edit_delete_link (6.5ms)
  [4;35;1mSQL (3.3ms)[0m   [0mSELECT count(*) AS count_all FROM "listings" WHERE ("listings".user_id = 25558) [0m
  [4;36;1mAnalyzing  Execution Time: 0.003761

[0m   [0;1mAggregate  (cost=1615.81..1615.82 rows=1 width=0)
   ->  Index Scan using index_listings_on_id_and_user_id_and_title on listings  (cost=0.00..1615.79 rows=4 width=0)
         Index Cond: (user_id = 25558)
[0m
  [4;35;1mSQL (0.5ms)[0m   [0mSELECT count(*) AS count_all FROM "claimed_listings" WHERE ("claimed_listings".client_id = 25558) [0m
  [4;36;1mAnalyzing  Execution Time: 0.000885

[0m   [0;1mAggregate  (cost=27.27..27.28 rows=1 width=0)
   ->  Seq Scan on claimed_listings  (cost=0.00..27.25 rows=7 width=0)
         Filter: (client_id = 25558)
[0m
Rendered views/_paginate (4.8ms)
Rendered views/partials/_users (2712.4ms)
Rendered shared/_base_model_index (2737.1ms)
Rendered shared/_model_index (2775.4ms)
Completed in 3378ms (View: 2608, DB: 206) | 200 OK [https://localhost/clients]
** has_many_polymorphs: autoload hook invoked
** has_many_polymorphs: preloading parent model Block
** has_many_polymorphs: associating Block.models
  [4;35;1mSQL (0.2ms)[0m   [0mSET client_min_messages TO 'panic'[0m
  [4;36;1mSQL (0.1ms)[0m   [0;1mSET client_min_messages TO 'notice'[0m
** has_many_polymorphs: preloading parent model View
** has_many_polymorphs: associating View.models
  [4;35;1mSQL (0.2ms)[0m   [0mSET client_min_messages TO 'panic'[0m
  [4;36;1mSQL (0.1ms)[0m   [0;1mSET client_min_messages TO 'notice'[0m


Processing ClientsController#show (for 127.0.0.1 at 2011-04-26 18:38:21) [GET]
  Parameters: {"action"=>"show", "id"=>"25586", "controller"=>"clients"}
  [4;35;1mUser Load (22.7ms)[0m   [0mSELECT * FROM "users" WHERE ("users"."id" = E'1') LIMIT 1[0m
  [4;36;1mAnalyzing User Load Execution Time: 0.023424

[0m   [0;1mLimit  (cost=0.00..8.27 rows=1 width=574)
   ->  Index Scan using users_pkey on users  (cost=0.00..8.27 rows=1 width=574)
         Index Cond: (id = 1)
[0m
  [4;35;1mSQL (0.2ms)[0m   [0mBEGIN[0m
  [4;36;1mUser Update (1.6ms)[0m   [0;1mUPDATE "users" SET "updated_at" = '2011-04-26 22:38:21.898281', "perishable_token" = E'd72tuVyIRaRqz61YU6', "last_request_at" = '2011-04-26 22:38:21.894668' WHERE "id" = 1[0m
  [4;35;1mSQL (0.7ms)[0m   [0mCOMMIT[0m
  [4;36;1mRole Load (0.6ms)[0m   [0;1mSELECT * FROM "roles" WHERE ("roles"."id" = 1) [0m
  [4;35;1mAnalyzing Role Load Execution Time: 0.001003

[0m   [0mIndex Scan using roles_pkey on roles  (cost=0.00..8.27 rows=1 width=536)
   Index Cond: (id = 1)
[0m
  [4;36;1mClient Load (9.0ms)[0m   [0;1mSELECT * FROM "users" WHERE ("users"."id" = 25586) AND ( ("users"."type" = 'Client' ) ) LIMIT 1[0m
  [4;35;1mAnalyzing Client Load Execution Time: 0.009749

[0m   [0mLimit  (cost=0.00..8.27 rows=1 width=574)
   ->  Index Scan using users_pkey on users  (cost=0.00..8.27 rows=1 width=574)
         Index Cond: (id = 25586)
         Filter: ((type)::text = 'Client'::text)
[0m
Rendering clients/show
  [4;36;1mUser Load (0.6ms)[0m   [0;1mSELECT * FROM "users" WHERE ("users"."id" = 25586) [0m
  [4;35;1mAnalyzing User Load Execution Time: 0.001262

[0m   [0mIndex Scan using users_pkey on users  (cost=0.00..8.27 rows=1 width=574)
   Index Cond: (id = 25586)
[0m
  [4;36;1mSQL (3.8ms)[0m   [0;1mSELECT count(*) AS count_all FROM "listings" WHERE ("listings".user_id = 25586 AND (enabled IS TRUE)) [0m
  [4;35;1mAnalyzing  Execution Time: 0.004236

[0m   [0mAggregate  (cost=1615.81..1615.82 rows=1 width=0)
   ->  Index Scan using index_listings_on_id_and_user_id_and_title on listings  (cost=0.00..1615.79 rows=4 width=0)
         Index Cond: (user_id = 25586)
         Filter: (enabled IS TRUE)
[0m
  [4;36;1mListing Load (2.6ms)[0m   [0;1mSELECT * FROM "listings" WHERE ("listings".user_id = 25586) [0m
  [4;35;1mAnalyzing Listing Load Execution Time: 0.003653

[0m   [0mIndex Scan using index_listings_on_id_and_user_id_and_title on listings  (cost=0.00..1615.79 rows=4 width=1172)
   Index Cond: (user_id = 25586)
[0m
  [4;36;1mFacilityInfo Load (1.3ms)[0m   [0;1mSELECT * FROM "facility_infos" WHERE ("facility_infos".listing_id = 113291) LIMIT 1[0m
  [4;35;1mAnalyzing FacilityInfo Load Execution Time: 0.002182

[0m   [0mLimit  (cost=0.00..10.00 rows=1 width=8362)
   ->  Seq Scan on facility_infos  (cost=0.00..10.00 rows=1 width=8362)
         Filter: (listing_id = 113291)
[0m
  [4;36;1mRole Load (1.2ms)[0m   [0;1mSELECT * FROM "roles" WHERE ("roles"."id" = 4) [0m
  [4;35;1mAnalyzing Role Load Execution Time: 0.002185

[0m   [0mIndex Scan using roles_pkey on roles  (cost=0.00..8.27 rows=1 width=536)
   Index Cond: (id = 4)
[0m
Rendered users/_user_info (36.8ms)
Rendered notes/_form (311.6ms)
  [4;36;1mNote Load (1.2ms)[0m   [0;1mSELECT * FROM "notes" WHERE ("notes".user_id = 25586) ORDER BY created_at DESC[0m
  [4;35;1mAnalyzing Note Load Execution Time: 0.002339

[0m   [0mSort  (cost=11.63..11.64 rows=1 width=576)
   Sort Key: created_at
   ->  Seq Scan on notes  (cost=0.00..11.62 rows=1 width=576)
         Filter: (user_id = 25586)
[0m
  [4;36;1mUser Load (0.9ms)[0m   [0;1mSELECT * FROM "users" WHERE ("users"."id" = 1) [0m
  [4;35;1mAnalyzing User Load Execution Time: 0.002032

[0m   [0mIndex Scan using users_pkey on users  (cost=0.00..8.27 rows=1 width=574)
   Index Cond: (id = 1)
[0m
Rendered notes/_note (20.8ms)
  [4;36;1mCACHE (0.0ms)[0m   [0;1mSELECT * FROM "users" WHERE ("users"."id" = 1) [0m
Rendered notes/_note (9.9ms)
  [4;35;1mCACHE (0.0ms)[0m   [0mSELECT * FROM "users" WHERE ("users"."id" = 1) [0m
Rendered notes/_note (3.7ms)
  [4;36;1mCACHE (0.0ms)[0m   [0;1mSELECT * FROM "users" WHERE ("users"."id" = 1) [0m
Rendered notes/_note (4.3ms)
  [4;35;1mCACHE (0.0ms)[0m   [0mSELECT * FROM "users" WHERE ("users"."id" = 1) [0m
Rendered notes/_note (4.2ms)
  [4;36;1mCACHE (0.0ms)[0m   [0;1mSELECT * FROM "users" WHERE ("users"."id" = 1) [0m
Rendered notes/_note (12.0ms)
  [4;35;1mCACHE (0.0ms)[0m   [0mSELECT * FROM "users" WHERE ("users"."id" = 1) [0m
Rendered notes/_note (9.0ms)
Rendered notes/_client_notes (410.0ms)
  [4;36;1mSQL (0.8ms)[0m   [0;1mSELECT count(*) AS count_all FROM "claimed_listings" WHERE ("claimed_listings".client_id = 25586) [0m
  [4;35;1mAnalyzing  Execution Time: 0.001118

[0m   [0mAggregate  (cost=27.27..27.28 rows=1 width=0)
   ->  Seq Scan on claimed_listings  (cost=0.00..27.25 rows=7 width=0)
         Filter: (client_id = 25586)
[0m
  [4;36;1mClient Load (4.0ms)[0m   [0;1mSELECT * FROM "users" WHERE ("users"."id" = 25586) AND ( ("users"."type" = 'Client' ) ) [0m
  [4;35;1mAnalyzing Client Load Execution Time: 0.00482

[0m   [0mIndex Scan using users_pkey on users  (cost=0.00..8.27 rows=1 width=574)
   Index Cond: (id = 25586)
   Filter: ((type)::text = 'Client'::text)
[0m
  [4;36;1mSQL (3.4ms)[0m   [0;1mSELECT count(*) AS count_all FROM "business_hours" WHERE ("business_hours".listing_id = 113291) [0m
  [4;35;1mAnalyzing  Execution Time: 0.003841

[0m   [0mAggregate  (cost=99.56..99.57 rows=1 width=0)
   ->  Seq Scan on business_hours  (cost=0.00..99.53 rows=13 width=0)
         Filter: (listing_id = 113291)
[0m
  [4;36;1mSQL (2.6ms)[0m   [0;1mSELECT count(*) AS count_all FROM "facility_features" INNER JOIN "listing_features" ON "facility_features".id = "listing_features".facility_feature_id WHERE (("listing_features".listing_id = 113291)) [0m
  [4;35;1mAnalyzing  Execution Time: 0.003122

[0m   [0mAggregate  (cost=51.87..51.88 rows=1 width=0)
   ->  Hash Join  (cost=12.93..51.85 rows=8 width=0)
         Hash Cond: (listing_features.facility_feature_id = facility_features.id)
         ->  Seq Scan on listing_features  (cost=0.00..38.81 rows=8 width=4)
               Filter: (listing_id = 113291)
         ->  Hash  (cost=11.30..11.30 rows=130 width=4)
               ->  Seq Scan on facility_features  (cost=0.00..11.30 rows=130 width=4)
[0m
  [4;36;1mCACHE (0.0ms)[0m   [0;1mSELECT count(*) AS count_all FROM "facility_features" INNER JOIN "listing_features" ON "facility_features".id = "listing_features".facility_feature_id WHERE (("listing_features".listing_id = 113291)) [0m
  [4;35;1mSQL (1.0ms)[0m   [0mSELECT count(*) AS count_all FROM "sizes" WHERE ("sizes".listing_id = 113291) [0m
  [4;36;1mAnalyzing  Execution Time: 0.001418

[0m   [0;1mAggregate  (cost=18.55..18.56 rows=1 width=0)
   ->  Bitmap Heap Scan on sizes  (cost=4.30..18.53 rows=7 width=0)
         Recheck Cond: (listing_id = 113291)
         ->  Bitmap Index Scan on index_sizes_on_listing_id_and_price  (cost=0.00..4.30 rows=7 width=0)
               Index Cond: (listing_id = 113291)
[0m
  [4;35;1mSQL (1.3ms)[0m   [0mSELECT count(*) AS count_all FROM "pictures" WHERE ("pictures".listing_id = 113291) [0m
  [4;36;1mAnalyzing  Execution Time: 0.001719

[0m   [0;1mAggregate  (cost=15.58..15.59 rows=1 width=0)
   ->  Seq Scan on pictures  (cost=0.00..15.57 rows=3 width=0)
         Filter: (listing_id = 113291)
[0m
  [4;35;1mSQL (1.0ms)[0m   [0mSELECT count(*) AS count_all FROM "comments" WHERE ("comments".commentable_id = 113291 AND "comments".commentable_type = E'Listing') [0m
  [4;36;1mAnalyzing  Execution Time: 0.001393

[0m   [0;1mAggregate  (cost=10.91..10.92 rows=1 width=0)
   ->  Seq Scan on comments  (cost=0.00..10.90 rows=1 width=0)
         Filter: ((commentable_id = 113291) AND ((commentable_type)::text = 'Listing'::text))
[0m
  [4;35;1mPredefinedSpecial Load (1.3ms)[0m   [0mSELECT "predefined_specials".* FROM "predefined_specials" INNER JOIN "predef_special_assigns" ON "predefined_specials".id = "predef_special_assigns".predefined_special_id WHERE (("predef_special_assigns".listing_id = 113291)) [0m
  [4;36;1mAnalyzing PredefinedSpecial Load Execution Time: 0.003643

[0m   [0;1mNested Loop  (cost=0.00..10.27 rows=1 width=1092)
   ->  Seq Scan on predef_special_assigns  (cost=0.00..1.99 rows=1 width=4)
         Filter: (listing_id = 113291)
   ->  Index Scan using predefined_specials_pkey on predefined_specials  (cost=0.00..8.27 rows=1 width=1092)
         Index Cond: (predefined_specials.id = predef_special_assigns.predefined_special_id)
[0m
Rendered listings/_listing (743.8ms)
  [4;35;1mMailingAddress Load (1.4ms)[0m   [0mSELECT * FROM "mailing_addresses" WHERE ("mailing_addresses".user_id = 25586) LIMIT 1[0m
  [4;36;1mAnalyzing MailingAddress Load Execution Time: 0.003148

[0m   [0;1mLimit  (cost=0.00..8.27 rows=1 width=106)
   ->  Index Scan using index_mailing_addresses_on_client_id_and_city_and_state on mailing_addresses  (cost=0.00..8.27 rows=1 width=106)
         Index Cond: (user_id = 25586)
[0m
Rendered clients/_owner_info (34.9ms)
  [4;35;1mUserHintPlacement Load (4.3ms)[0m   [0mSELECT * FROM "user_hint_placements" WHERE ("user_hint_placements".user_id = 25586) [0m
  [4;36;1mAnalyzing UserHintPlacement Load Execution Time: 0.00531

[0m   [0;1mIndex Scan using index_user_hint_placements_on_user_id on user_hint_placements  (cost=0.00..8.39 rows=8 width=33)
   Index Cond: (user_id = 25586)
[0m
  [4;35;1mAccountSetting Load (0.8ms)[0m   [0mSELECT * FROM "account_settings" WHERE ("account_settings".client_id = 25586) LIMIT 1[0m
  [4;36;1mAnalyzing AccountSetting Load Execution Time: 0.001189

[0m   [0;1mLimit  (cost=0.00..1.65 rows=1 width=80)
   ->  Seq Scan on account_settings  (cost=0.00..1.65 rows=1 width=80)
         Filter: (client_id = 25586)
[0m
Rendered clients/_settings (91.5ms)
  [4;35;1mSQL (7.4ms)[0m   [0mSELECT count(*) AS count_all FROM "user_stats" WHERE ("user_stats".user_id = 25586) [0m
  [4;36;1mAnalyzing  Execution Time: 0.007728

[0m   [0;1mAggregate  (cost=678.85..678.86 rows=1 width=0)
   ->  Seq Scan on user_stats  (cost=0.00..678.81 rows=14 width=0)
         Filter: (user_id = 25586)
[0m
  [4;35;1mUserStat Load (3.3ms)[0m   [0mSELECT * FROM "user_stats" WHERE ("user_stats".user_id = 25586) ORDER BY user_stats.id DESC LIMIT 1[0m
  [4;36;1mAnalyzing UserStat Load Execution Time: 0.004221

[0m   [0;1mLimit  (cost=0.00..64.69 rows=1 width=1370)
   ->  Index Scan Backward using user_stats_pkey on user_stats  (cost=0.00..905.65 rows=14 width=1370)
         Filter: (user_id = 25586)
[0m
Rendered user_stats/_user_stat (3.1ms)
Completed in 2603ms (View: 2002, DB: 98) | 200 OK [https://localhost/clients/25586]
** has_many_polymorphs: autoload hook invoked
** has_many_polymorphs: preloading parent model Block
** has_many_polymorphs: associating Block.models
  [4;35;1mSQL (0.2ms)[0m   [0mSET client_min_messages TO 'panic'[0m
  [4;36;1mSQL (0.1ms)[0m   [0;1mSET client_min_messages TO 'notice'[0m
** has_many_polymorphs: preloading parent model View
** has_many_polymorphs: associating View.models
  [4;35;1mSQL (8.7ms)[0m   [0mSET client_min_messages TO 'panic'[0m
  [4;36;1mSQL (0.2ms)[0m   [0;1mSET client_min_messages TO 'notice'[0m


Processing ClientsController#delete_note (for 127.0.0.1 at 2011-04-26 18:38:30) [GET]
  Parameters: {"action"=>"delete_note", "id"=>"7", "client_id"=>"25586", "controller"=>"clients"}
  [4;35;1mUser Load (1.6ms)[0m   [0mSELECT * FROM "users" WHERE ("users"."id" = E'1') LIMIT 1[0m
  [4;36;1mAnalyzing User Load Execution Time: 0.002444

[0m   [0;1mLimit  (cost=0.00..8.27 rows=1 width=574)
   ->  Index Scan using users_pkey on users  (cost=0.00..8.27 rows=1 width=574)
         Index Cond: (id = 1)
[0m
  [4;35;1mSQL (0.3ms)[0m   [0mBEGIN[0m
  [4;36;1mUser Update (0.9ms)[0m   [0;1mUPDATE "users" SET "updated_at" = '2011-04-26 22:38:30.957054', "perishable_token" = E'5CoiwrWUIHOCPOJET0x2', "last_request_at" = '2011-04-26 22:38:30.953722' WHERE "id" = 1[0m
  [4;35;1mSQL (2.8ms)[0m   [0mCOMMIT[0m
  [4;36;1mRole Load (0.7ms)[0m   [0;1mSELECT * FROM "roles" WHERE ("roles"."id" = 1) [0m
  [4;35;1mAnalyzing Role Load Execution Time: 0.001023

[0m   [0mIndex Scan using roles_pkey on roles  (cost=0.00..8.27 rows=1 width=536)
   Index Cond: (id = 1)
[0m
  [4;36;1mClient Load (8.4ms)[0m   [0;1mSELECT * FROM "users" WHERE ("users"."id" = 25586) AND ( ("users"."type" = 'Client' ) ) [0m
  [4;35;1mAnalyzing Client Load Execution Time: 0.009223

[0m   [0mIndex Scan using users_pkey on users  (cost=0.00..8.27 rows=1 width=574)
   Index Cond: (id = 25586)
   Filter: ((type)::text = 'Client'::text)
[0m
  [4;36;1mNote Load (1.3ms)[0m   [0;1mSELECT * FROM "notes" WHERE ("notes"."id" = 7 AND ("notes".user_id = 25586)) ORDER BY created_at DESC[0m
  [4;35;1mAnalyzing Note Load Execution Time: 0.001718

[0m   [0mSort  (cost=8.28..8.29 rows=1 width=576)
   Sort Key: created_at
   ->  Index Scan using notes_pkey on notes  (cost=0.00..8.27 rows=1 width=576)
         Index Cond: (id = 7)
         Filter: (user_id = 25586)
[0m
  [4;36;1mSQL (0.3ms)[0m   [0;1mBEGIN[0m
  [4;35;1mNote Destroy (0.7ms)[0m   [0mDELETE FROM "notes" WHERE "id" = 7[0m
  [4;36;1mSQL (0.5ms)[0m   [0;1mCOMMIT[0m
  [4;35;1mClient Load (6.1ms)[0m   [0mSELECT * FROM "users" WHERE ("users"."id" = 25586) AND ( ("users"."type" = 'Client' ) ) [0m
  [4;36;1mAnalyzing Client Load Execution Time: 0.006887

[0m   [0;1mIndex Scan using users_pkey on users  (cost=0.00..8.27 rows=1 width=574)
   Index Cond: (id = 25586)
   Filter: ((type)::text = 'Client'::text)
[0m
  [4;35;1mClient Load (7.0ms)[0m   [0mSELECT * FROM "users" WHERE ( ("users"."type" = 'Client' ) ) [0m
  [4;36;1mAnalyzing Client Load Execution Time: 0.156639

[0m   [0;1mSeq Scan on users  (cost=0.00..26.70 rows=288 width=574)
   Filter: ((type)::text = 'Client'::text)
[0m
Rendering clients/show
  [4;35;1mUser Load (0.7ms)[0m   [0mSELECT * FROM "users" WHERE ("users"."id" = 7) [0m
  [4;36;1mAnalyzing User Load Execution Time: 0.001173

[0m   [0;1mIndex Scan using users_pkey on users  (cost=0.00..8.27 rows=1 width=574)
   Index Cond: (id = 7)
[0m

ActionView::TemplateError (Couldn't find User with ID=7) on line #5 of app/views/clients/show.html.erb:
2: <div id="ajax_wrap_inner">
3: 	<% display_message flash %>
4: 	<div id="ov-header">
5: 		<h2><%= user_account_title %></h2>
6: 		<ul>
7: 			<li>Account #: <span id="client_id"><%= @client.id %></span></li>
8: 			<li>

    app/helpers/users_helper.rb:4:in `user_account_title'
    app/views/clients/show.html.erb:5
    app/controllers/clients_controller.rb:203:in `delete_note'
    app/controllers/clients_controller.rb:188:in `delete_note'
    /usr/local/lib/ruby/1.8/webrick/httpserver.rb:104:in `service'
    /usr/local/lib/ruby/1.8/webrick/httpserver.rb:65:in `run'
    /usr/local/lib/ruby/1.8/webrick/server.rb:173:in `start_thread'
    /usr/local/lib/ruby/1.8/webrick/server.rb:162:in `start'
    /usr/local/lib/ruby/1.8/webrick/server.rb:162:in `start_thread'
    /usr/local/lib/ruby/1.8/webrick/server.rb:95:in `start'
    /usr/local/lib/ruby/1.8/webrick/server.rb:92:in `each'
    /usr/local/lib/ruby/1.8/webrick/server.rb:92:in `start'
    /usr/local/lib/ruby/1.8/webrick/server.rb:23:in `start'
    /usr/local/lib/ruby/1.8/webrick/server.rb:82:in `start'
    script/ssl_server:129

Rendered rescues/_trace (144.5ms)
Rendered rescues/_request_and_response (0.6ms)
Rendering rescues/layout (internal_server_error)
** has_many_polymorphs: autoload hook invoked
** has_many_polymorphs: preloading parent model Block
** has_many_polymorphs: associating Block.models
  [4;35;1mSQL (0.2ms)[0m   [0mSET client_min_messages TO 'panic'[0m
  [4;36;1mSQL (0.2ms)[0m   [0;1mSET client_min_messages TO 'notice'[0m
** has_many_polymorphs: preloading parent model View
** has_many_polymorphs: associating View.models
  [4;35;1mSQL (0.2ms)[0m   [0mSET client_min_messages TO 'panic'[0m
  [4;36;1mSQL (0.1ms)[0m   [0;1mSET client_min_messages TO 'notice'[0m


Processing AdminController#index (for 127.0.0.1 at 2011-04-26 18:39:32) [GET]
  Parameters: {"action"=>"index", "controller"=>"admin"}
  [4;35;1mUser Load (1.8ms)[0m   [0mSELECT * FROM "users" WHERE ("users"."id" = E'1') LIMIT 1[0m
  [4;36;1mAnalyzing User Load Execution Time: 0.002697

[0m   [0;1mLimit  (cost=0.00..8.27 rows=1 width=574)
   ->  Index Scan using users_pkey on users  (cost=0.00..8.27 rows=1 width=574)
         Index Cond: (id = 1)
[0m
  [4;35;1mSQL (0.3ms)[0m   [0mBEGIN[0m
  [4;36;1mUser Update (1.0ms)[0m   [0;1mUPDATE "users" SET "updated_at" = '2011-04-26 22:39:32.396911', "perishable_token" = E'KI3tl3ZyvzQ8MIugcc', "last_request_at" = '2011-04-26 22:39:32.393884' WHERE "id" = 1[0m
  [4;35;1mSQL (0.8ms)[0m   [0mCOMMIT[0m
  [4;36;1mRole Load (0.9ms)[0m   [0;1mSELECT * FROM "roles" WHERE ("roles"."id" = 1) [0m
  [4;35;1mAnalyzing Role Load Execution Time: 0.001634

[0m   [0mIndex Scan using roles_pkey on roles  (cost=0.00..8.27 rows=1 width=536)
   Index Cond: (id = 1)
[0m
Rendering template within layouts/storagelocator
Rendering admin/index
  [4;36;1mBlock Load (1.9ms)[0m   [0;1mSELECT * FROM "blocks" WHERE ("blocks"."show_in_all" = E'header') [0m
  [4;35;1mAnalyzing Block Load Execution Time: 0.002245

[0m   [0mSeq Scan on blocks  (cost=0.00..10.25 rows=1 width=3188)
   Filter: ((show_in_all)::text = 'header'::text)
[0m
  [4;36;1mBlock Load (0.4ms)[0m   [0;1mSELECT * FROM "blocks" WHERE ("blocks"."restful_region" = E'header') [0m
  [4;35;1mAnalyzing Block Load Execution Time: 0.000688

[0m   [0mSeq Scan on blocks  (cost=0.00..10.25 rows=1 width=3188)
   Filter: ((restful_region)::text = 'header'::text)
[0m
  [4;36;1mBlock Load (0.3ms)[0m   [0;1mSELECT * FROM "blocks" WHERE ("blocks"."show_in_all" = E'content_bottom') [0m
  [4;35;1mAnalyzing Block Load Execution Time: 0.000594

[0m   [0mSeq Scan on blocks  (cost=0.00..10.25 rows=1 width=3188)
   Filter: ((show_in_all)::text = 'content_bottom'::text)
[0m
  [4;36;1mBlock Load (0.4ms)[0m   [0;1mSELECT * FROM "blocks" WHERE ("blocks"."restful_region" = E'content_bottom') [0m
  [4;35;1mAnalyzing Block Load Execution Time: 0.002178

[0m   [0mSeq Scan on blocks  (cost=0.00..10.25 rows=1 width=3188)
   Filter: ((restful_region)::text = 'content_bottom'::text)
[0m
  [4;36;1mBlock Load (0.4ms)[0m   [0;1mSELECT * FROM "blocks" WHERE ("blocks"."show_in_all" = E'column_5') [0m
  [4;35;1mAnalyzing Block Load Execution Time: 0.000884

[0m   [0mSeq Scan on blocks  (cost=0.00..10.25 rows=1 width=3188)
   Filter: ((show_in_all)::text = 'column_5'::text)
[0m
  [4;36;1mBlock Load (0.5ms)[0m   [0;1mSELECT * FROM "blocks" WHERE ("blocks"."restful_region" = E'column_5') [0m
  [4;35;1mAnalyzing Block Load Execution Time: 0.001057

[0m   [0mSeq Scan on blocks  (cost=0.00..10.25 rows=1 width=3188)
   Filter: ((restful_region)::text = 'column_5'::text)
[0m
  [4;36;1mBlock Load (0.4ms)[0m   [0;1mSELECT * FROM "blocks" WHERE ("blocks"."show_in_all" = E'more_info') [0m
  [4;35;1mAnalyzing Block Load Execution Time: 0.000939

[0m   [0mSeq Scan on blocks  (cost=0.00..10.25 rows=1 width=3188)
   Filter: ((show_in_all)::text = 'more_info'::text)
[0m
  [4;36;1mBlock Load (0.4ms)[0m   [0;1mSELECT * FROM "blocks" WHERE ("blocks"."restful_region" = E'more_info') [0m
  [4;35;1mAnalyzing Block Load Execution Time: 0.000601

[0m   [0mSeq Scan on blocks  (cost=0.00..10.25 rows=1 width=3188)
   Filter: ((restful_region)::text = 'more_info'::text)
[0m
  [4;36;1mBlocksModel Load (4.7ms)[0m   [0;1mSELECT 'Block' AS polymorphic_parent_class, 'models' AS polymorphic_association_id, blocks_models.block_id AS t0_r3, blocks_models.created_at AS t0_r4, blocks_models.enabled AS t0_r7, blocks_models.id AS t0_r0, blocks_models.model_id AS t0_r1, blocks_models.model_type AS t0_r2, blocks_models.place AS t0_r6, blocks_models.position AS t0_r9, blocks_models.show_title AS t0_r8, blocks_models.updated_at AS t0_r5, links.created_at AS t1_r4, links.group_id AS t1_r6, links.id AS t1_r0, links.path AS t1_r2, links.relative AS t1_r3, links.resource AS t1_r7, links.target_id AS t1_r8, links.title AS t1_r1, links.updated_at AS t1_r5, pages.content AS t2_r7, pages.created_at AS t2_r4, pages.description AS t2_r8, pages.id AS t2_r0, pages.meta_desc AS t2_r13, pages.parent_id AS t2_r2, pages.position AS t2_r10, pages.process_erb AS t2_r11, pages.show_in_nav AS t2_r6, pages.show_title AS t2_r9, pages.title AS t2_r1, pages.updated_at AS t2_r5, pages.url AS t2_r3, pages.use_placeholders AS t2_r12, posts.comments_count AS t3_r7, posts.comments_enabled AS t3_r8, posts.content AS t3_r2, posts.created_at AS t3_r5, posts.id AS t3_r0, posts.impressions_count AS t3_r10, posts.position AS t3_r9, posts.published AS t3_r4, posts.rating_average AS t3_r11, posts.title AS t3_r1, posts.type AS t3_r12, posts.updated_at AS t3_r6, posts.user_id AS t3_r3 FROM "blocks_models" JOIN "blocks" AS polymorphic_parent ON "blocks_models".block_id = polymorphic_parent.id LEFT JOIN "pages" ON "blocks_models".model_id = "pages".id AND "blocks_models".model_type = E'Page' LEFT JOIN "posts" ON "blocks_models".model_id = "posts".id AND "blocks_models".model_type = E'Post' LEFT JOIN "links" ON "blocks_models".model_id = "links".id AND "blocks_models".model_type = E'Link' WHERE (("blocks_models".block_id = 51)) [0m
  [4;35;1mAnalyzing BlocksModel Load Execution Time: 0.00531

[0m   [0mHash Left Join  (cost=32.98..61.21 rows=8 width=3443)
   Hash Cond: (blocks_models.model_id = links.id)
   Join Filter: ((blocks_models.model_type)::text = 'Link'::text)
   ->  Nested Loop  (cost=21.86..49.96 rows=8 width=1866)
         ->  Index Scan using index_blocks_on_id_and_title_and_show_in_all_and_restful_region on blocks polymorphic_parent  (cost=0.00..8.27 rows=1 width=4)
               Index Cond: (id = 51)
         ->  Hash Left Join  (cost=21.86..41.61 rows=8 width=1866)
               Hash Cond: (blocks_models.model_id = pages.id)
               Join Filter: ((blocks_models.model_type)::text = 'Page'::text)
               ->  Hash Left Join  (cost=10.51..30.13 rows=8 width=706)
                     Hash Cond: (blocks_models.model_id = posts.id)
                     Join Filter: ((blocks_models.model_type)::text = 'Post'::text)
                     ->  Bitmap Heap Scan on blocks_models  (cost=4.31..23.81 rows=8 width=41)
                           Recheck Cond: (block_id = 51)
                           ->  Bitmap Index Scan on index_blocks_models_on_block_id_and_model_id_and_model_type  (cost=0.00..4.31 rows=8 width=0)
                                 Index Cond: (block_id = 51)
                     ->  Hash  (cost=5.53..5.53 rows=53 width=665)
                           ->  Seq Scan on posts  (cost=0.00..5.53 rows=53 width=665)
               ->  Hash  (cost=10.60..10.60 rows=60 width=1160)
                     ->  Seq Scan on pages  (cost=0.00..10.60 rows=60 width=1160)
   ->  Hash  (cost=10.50..10.50 rows=50 width=1577)
         ->  Seq Scan on links  (cost=0.00..10.50 rows=50 width=1577)
[0m
Rendered shared/_model_options (17.5ms)
  [4;36;1mSQL (1.4ms)[0m   [0;1mSELECT count(*) AS count_all FROM "views" INNER JOIN "models_views" ON "views".id = "models_views".view_id WHERE (("models_views".model_type = E'Block') AND ("models_views".model_id = 51)) [0m
  [4;35;1mAnalyzing  Execution Time: 0.001934

[0m   [0mAggregate  (cost=16.56..16.57 rows=1 width=0)
   ->  Nested Loop  (cost=0.00..16.55 rows=1 width=0)
         ->  Index Scan using index_models_views_on_model_id_and_view_id_and_model_type on models_views  (cost=0.00..8.27 rows=1 width=4)
               Index Cond: ((model_id = 51) AND ((model_type)::text = 'Block'::text))
         ->  Index Scan using views_pkey on views  (cost=0.00..8.27 rows=1 width=4)
               Index Cond: (views.id = models_views.view_id)
[0m
  [4;36;1mSQL (1.7ms)[0m   [0;1mSELECT count(*) AS count_all FROM "forms" INNER JOIN "block_forms" ON "forms".id = "block_forms".form_id WHERE (("block_forms".block_id = 51)) [0m
  [4;35;1mAnalyzing  Execution Time: 0.002108

[0m   [0mAggregate  (cost=24.33..24.34 rows=1 width=0)
   ->  Hash Join  (cost=13.84..24.31 rows=6 width=0)
         Hash Cond: (forms.id = block_forms.form_id)
         ->  Seq Scan on forms  (cost=0.00..10.30 rows=30 width=4)
         ->  Hash  (cost=13.76..13.76 rows=6 width=4)
               ->  Bitmap Heap Scan on block_forms  (cost=4.30..13.76 rows=6 width=4)
                     Recheck Cond: (block_id = 51)
                     ->  Bitmap Index Scan on index_block_forms_on_block_id_and_form_id  (cost=0.00..4.30 rows=6 width=0)
                           Index Cond: (block_id = 51)
[0m
Rendered blocks/_block (86.9ms)
  [4;36;1mBlock Load (0.5ms)[0m   [0;1mSELECT * FROM "blocks" WHERE ("blocks"."show_in_all" = E'footer') [0m
  [4;35;1mAnalyzing Block Load Execution Time: 0.000837

[0m   [0mSeq Scan on blocks  (cost=0.00..10.25 rows=1 width=3188)
   Filter: ((show_in_all)::text = 'footer'::text)
[0m
  [4;36;1mBlock Load (0.5ms)[0m   [0;1mSELECT * FROM "blocks" WHERE ("blocks"."restful_region" = E'footer') [0m
  [4;35;1mAnalyzing Block Load Execution Time: 0.001535

[0m   [0mSeq Scan on blocks  (cost=0.00..10.25 rows=1 width=3188)
   Filter: ((restful_region)::text = 'footer'::text)
[0m
  [4;36;1mBlocksModel Load (2.5ms)[0m   [0;1mSELECT 'Block' AS polymorphic_parent_class, 'models' AS polymorphic_association_id, blocks_models.block_id AS t0_r3, blocks_models.created_at AS t0_r4, blocks_models.enabled AS t0_r7, blocks_models.id AS t0_r0, blocks_models.model_id AS t0_r1, blocks_models.model_type AS t0_r2, blocks_models.place AS t0_r6, blocks_models.position AS t0_r9, blocks_models.show_title AS t0_r8, blocks_models.updated_at AS t0_r5, links.created_at AS t1_r4, links.group_id AS t1_r6, links.id AS t1_r0, links.path AS t1_r2, links.relative AS t1_r3, links.resource AS t1_r7, links.target_id AS t1_r8, links.title AS t1_r1, links.updated_at AS t1_r5, pages.content AS t2_r7, pages.created_at AS t2_r4, pages.description AS t2_r8, pages.id AS t2_r0, pages.meta_desc AS t2_r13, pages.parent_id AS t2_r2, pages.position AS t2_r10, pages.process_erb AS t2_r11, pages.show_in_nav AS t2_r6, pages.show_title AS t2_r9, pages.title AS t2_r1, pages.updated_at AS t2_r5, pages.url AS t2_r3, pages.use_placeholders AS t2_r12, posts.comments_count AS t3_r7, posts.comments_enabled AS t3_r8, posts.content AS t3_r2, posts.created_at AS t3_r5, posts.id AS t3_r0, posts.impressions_count AS t3_r10, posts.position AS t3_r9, posts.published AS t3_r4, posts.rating_average AS t3_r11, posts.title AS t3_r1, posts.type AS t3_r12, posts.updated_at AS t3_r6, posts.user_id AS t3_r3 FROM "blocks_models" JOIN "blocks" AS polymorphic_parent ON "blocks_models".block_id = polymorphic_parent.id LEFT JOIN "pages" ON "blocks_models".model_id = "pages".id AND "blocks_models".model_type = E'Page' LEFT JOIN "posts" ON "blocks_models".model_id = "posts".id AND "blocks_models".model_type = E'Post' LEFT JOIN "links" ON "blocks_models".model_id = "links".id AND "blocks_models".model_type = E'Link' WHERE (("blocks_models".block_id = 49)) [0m
  [4;35;1mAnalyzing BlocksModel Load Execution Time: 0.003186

[0m   [0mHash Left Join  (cost=32.98..61.21 rows=8 width=3443)
   Hash Cond: (blocks_models.model_id = links.id)
   Join Filter: ((blocks_models.model_type)::text = 'Link'::text)
   ->  Nested Loop  (cost=21.86..49.96 rows=8 width=1866)
         ->  Index Scan using index_blocks_on_id_and_title_and_show_in_all_and_restful_region on blocks polymorphic_parent  (cost=0.00..8.27 rows=1 width=4)
               Index Cond: (id = 49)
         ->  Hash Left Join  (cost=21.86..41.61 rows=8 width=1866)
               Hash Cond: (blocks_models.model_id = pages.id)
               Join Filter: ((blocks_models.model_type)::text = 'Page'::text)
               ->  Hash Left Join  (cost=10.51..30.13 rows=8 width=706)
                     Hash Cond: (blocks_models.model_id = posts.id)
                     Join Filter: ((blocks_models.model_type)::text = 'Post'::text)
                     ->  Bitmap Heap Scan on blocks_models  (cost=4.31..23.81 rows=8 width=41)
                           Recheck Cond: (block_id = 49)
                           ->  Bitmap Index Scan on index_blocks_models_on_block_id_and_model_id_and_model_type  (cost=0.00..4.31 rows=8 width=0)
                                 Index Cond: (block_id = 49)
                     ->  Hash  (cost=5.53..5.53 rows=53 width=665)
                           ->  Seq Scan on posts  (cost=0.00..5.53 rows=53 width=665)
               ->  Hash  (cost=10.60..10.60 rows=60 width=1160)
                     ->  Seq Scan on pages  (cost=0.00..10.60 rows=60 width=1160)
   ->  Hash  (cost=10.50..10.50 rows=50 width=1577)
         ->  Seq Scan on links  (cost=0.00..10.50 rows=50 width=1577)
[0m
Rendered shared/_model_options (5.1ms)
Rendered pages/_footer_bottom (0.5ms)
  [4;36;1mSQL (1.0ms)[0m   [0;1mSELECT count(*) AS count_all FROM "views" INNER JOIN "models_views" ON "views".id = "models_views".view_id WHERE (("models_views".model_type = E'Block') AND ("models_views".model_id = 49)) [0m
  [4;35;1mAnalyzing  Execution Time: 0.00133

[0m   [0mAggregate  (cost=16.56..16.57 rows=1 width=0)
   ->  Nested Loop  (cost=0.00..16.55 rows=1 width=0)
         ->  Index Scan using index_models_views_on_model_id_and_view_id_and_model_type on models_views  (cost=0.00..8.27 rows=1 width=4)
               Index Cond: ((model_id = 49) AND ((model_type)::text = 'Block'::text))
         ->  Index Scan using views_pkey on views  (cost=0.00..8.27 rows=1 width=4)
               Index Cond: (views.id = models_views.view_id)
[0m
  [4;36;1mSQL (0.8ms)[0m   [0;1mSELECT count(*) AS count_all FROM "forms" INNER JOIN "block_forms" ON "forms".id = "block_forms".form_id WHERE (("block_forms".block_id = 49)) [0m
  [4;35;1mAnalyzing  Execution Time: 0.001259

[0m   [0mAggregate  (cost=24.33..24.34 rows=1 width=0)
   ->  Hash Join  (cost=13.84..24.31 rows=6 width=0)
         Hash Cond: (forms.id = block_forms.form_id)
         ->  Seq Scan on forms  (cost=0.00..10.30 rows=30 width=4)
         ->  Hash  (cost=13.76..13.76 rows=6 width=4)
               ->  Bitmap Heap Scan on block_forms  (cost=4.30..13.76 rows=6 width=4)
                     Recheck Cond: (block_id = 49)
                     ->  Bitmap Index Scan on index_block_forms_on_block_id_and_form_id  (cost=0.00..4.30 rows=6 width=0)
                           Index Cond: (block_id = 49)
[0m
Rendered blocks/_block (32.9ms)
  [4;36;1mBlock Load (0.6ms)[0m   [0;1mSELECT * FROM "blocks" WHERE ("blocks"."show_in_all" = E'head_bar') [0m
  [4;35;1mAnalyzing Block Load Execution Time: 0.000871

[0m   [0mSeq Scan on blocks  (cost=0.00..10.25 rows=1 width=3188)
   Filter: ((show_in_all)::text = 'head_bar'::text)
[0m
  [4;36;1mBlock Load (0.7ms)[0m   [0;1mSELECT * FROM "blocks" WHERE ("blocks"."restful_region" = E'head_bar') [0m
  [4;35;1mAnalyzing Block Load Execution Time: 0.0027

[0m   [0mSeq Scan on blocks  (cost=0.00..10.25 rows=1 width=3188)
   Filter: ((restful_region)::text = 'head_bar'::text)
[0m
Rendered menus/_topnav (7.5ms)
  [4;36;1mPage Load (0.5ms)[0m   [0;1mSELECT * FROM "pages" WHERE ("pages"."title" = E'Self Storage') LIMIT 1[0m
  [4;35;1mAnalyzing Page Load Execution Time: 0.000964

[0m   [0mLimit  (cost=0.00..10.75 rows=1 width=1160)
   ->  Seq Scan on pages  (cost=0.00..10.75 rows=1 width=1160)
         Filter: ((title)::text = 'Self Storage'::text)
[0m
Rendered pages/_home (9.6ms)
Rendered user_sessions/_form (7.6ms)
Completed in 833ms (View: 423, DB: 44) | 200 OK [https://localhost/admin]
** has_many_polymorphs: autoload hook invoked
** has_many_polymorphs: preloading parent model Block
** has_many_polymorphs: associating Block.models
  [4;36;1mSQL (0.2ms)[0m   [0;1mSET client_min_messages TO 'panic'[0m
  [4;35;1mSQL (0.3ms)[0m   [0mSET client_min_messages TO 'notice'[0m
** has_many_polymorphs: preloading parent model View
** has_many_polymorphs: associating View.models
  [4;36;1mSQL (0.2ms)[0m   [0;1mSET client_min_messages TO 'panic'[0m
  [4;35;1mSQL (0.2ms)[0m   [0mSET client_min_messages TO 'notice'[0m


Processing ClientsController#index (for 127.0.0.1 at 2011-04-26 18:39:39) [GET]
  Parameters: {"action"=>"index", "controller"=>"clients"}
  [4;36;1mUser Load (1.7ms)[0m   [0;1mSELECT * FROM "users" WHERE ("users"."id" = E'1') LIMIT 1[0m
  [4;35;1mAnalyzing User Load Execution Time: 0.002583

[0m   [0mLimit  (cost=0.00..8.27 rows=1 width=574)
   ->  Index Scan using users_pkey on users  (cost=0.00..8.27 rows=1 width=574)
         Index Cond: (id = 1)
[0m
  [4;36;1mSQL (0.2ms)[0m   [0;1mBEGIN[0m
  [4;35;1mUser Update (1.1ms)[0m   [0mUPDATE "users" SET "updated_at" = '2011-04-26 22:39:39.960497', "perishable_token" = E'b2ftg7yjIkfgWbGPB5M', "last_request_at" = '2011-04-26 22:39:39.957722' WHERE "id" = 1[0m
  [4;36;1mSQL (2.3ms)[0m   [0;1mCOMMIT[0m
  [4;35;1mRole Load (1.0ms)[0m   [0mSELECT * FROM "roles" WHERE ("roles"."id" = 1) [0m
  [4;36;1mAnalyzing Role Load Execution Time: 0.00153

[0m   [0;1mIndex Scan using roles_pkey on roles  (cost=0.00..8.27 rows=1 width=536)
   Index Cond: (id = 1)
[0m
  [4;35;1mClient Load (5.8ms)[0m   [0mSELECT * FROM "users" WHERE ("users"."status" = E'active') AND ( ("users"."type" = 'Client' ) ) ORDER BY created_at DESC LIMIT 20 OFFSET 0[0m
  [4;36;1mAnalyzing Client Load Execution Time: 0.016636

[0m   [0;1mLimit  (cost=34.49..34.54 rows=20 width=574)
   ->  Sort  (cost=34.49..35.15 rows=265 width=574)
         Sort Key: created_at
         ->  Seq Scan on users  (cost=0.00..27.44 rows=265 width=574)
               Filter: (((status)::text = 'active'::text) AND ((type)::text = 'Client'::text))
[0m
  [4;35;1mSQL (1.0ms)[0m   [0mSELECT count(*) AS count_all FROM "users" WHERE ("users"."status" = E'active') AND ( ("users"."type" = 'Client' ) ) [0m
  [4;36;1mAnalyzing  Execution Time: 0.001309

[0m   [0;1mAggregate  (cost=28.10..28.11 rows=1 width=0)
   ->  Seq Scan on users  (cost=0.00..27.44 rows=265 width=0)
         Filter: (((status)::text = 'active'::text) AND ((type)::text = 'Client'::text))
[0m
Rendering clients/index
  [4;35;1mSQL (1.3ms)[0m   [0mSELECT count(*) AS count_all FROM "users" WHERE ( ("users"."type" = 'Client' ) ) [0m
  [4;36;1mAnalyzing  Execution Time: 0.001729

[0m   [0;1mAggregate  (cost=27.42..27.43 rows=1 width=0)
   ->  Seq Scan on users  (cost=0.00..26.70 rows=288 width=0)
         Filter: ((type)::text = 'Client'::text)
[0m
  [4;35;1mSQL (8.7ms)[0m   [0mSELECT count(*) AS count_all FROM "users" WHERE (status != E'active') AND ( ("users"."type" = 'Client' ) ) [0m
  [4;36;1mAnalyzing  Execution Time: 0.010331

[0m   [0;1mAggregate  (cost=27.50..27.51 rows=1 width=0)
   ->  Seq Scan on users  (cost=0.00..27.44 rows=23 width=0)
         Filter: (((status)::text <> 'active'::text) AND ((type)::text = 'Client'::text))
[0m
  [4;35;1mCACHE (0.0ms)[0m   [0mSELECT count(*) AS count_all FROM "users" WHERE ("users"."status" = E'active') AND ( ("users"."type" = 'Client' ) ) [0m
  [4;36;1mHelptext Load (0.7ms)[0m   [0;1mSELECT * FROM "helptexts" WHERE ("helptexts"."model" = E'client') LIMIT 1[0m
  [4;35;1mAnalyzing Helptext Load Execution Time: 0.001062

[0m   [0mLimit  (cost=0.00..11.50 rows=1 width=601)
   ->  Seq Scan on helptexts  (cost=0.00..11.50 rows=1 width=601)
         Filter: ((model)::text = 'client'::text)
[0m
Rendered helptexts/_helptext (3.2ms)
Rendered shared/_model_new_back_buttons (3.9ms)
Rendered shared/_model_search (5.9ms)
Rendered menus/_view_type_links (31.8ms)
Rendered shared/_model_sort (12.8ms)
  [4;36;1mRole Load (0.5ms)[0m   [0;1mSELECT * FROM "roles" WHERE ("roles"."id" = 4) [0m
  [4;35;1mAnalyzing Role Load Execution Time: 0.000862

[0m   [0mIndex Scan using roles_pkey on roles  (cost=0.00..8.27 rows=1 width=536)
   Index Cond: (id = 4)
[0m
Rendered users/_user_info (27.2ms)
Rendered shared/_edit_delete_link (40.4ms)
  [4;36;1mSQL (3.9ms)[0m   [0;1mSELECT count(*) AS count_all FROM "listings" WHERE ("listings".user_id = 25586) [0m
  [4;35;1mAnalyzing  Execution Time: 0.004285

[0m   [0mAggregate  (cost=1615.81..1615.82 rows=1 width=0)
   ->  Index Scan using index_listings_on_id_and_user_id_and_title on listings  (cost=0.00..1615.79 rows=4 width=0)
         Index Cond: (user_id = 25586)
[0m
  [4;36;1mSQL (1.4ms)[0m   [0;1mSELECT count(*) AS count_all FROM "claimed_listings" WHERE ("claimed_listings".client_id = 25586) [0m
  [4;35;1mAnalyzing  Execution Time: 0.002052

[0m   [0mAggregate  (cost=27.27..27.28 rows=1 width=0)
   ->  Seq Scan on claimed_listings  (cost=0.00..27.25 rows=7 width=0)
         Filter: (client_id = 25586)
[0m
  [4;36;1mCACHE (0.0ms)[0m   [0;1mSELECT * FROM "roles" WHERE ("roles"."id" = 4) [0m
Rendered users/_user_info (23.1ms)
Rendered shared/_edit_delete_link (8.0ms)
  [4;35;1mSQL (2.4ms)[0m   [0mSELECT count(*) AS count_all FROM "listings" WHERE ("listings".user_id = 25584) [0m
  [4;36;1mAnalyzing  Execution Time: 0.002843

[0m   [0;1mAggregate  (cost=1615.81..1615.82 rows=1 width=0)
   ->  Index Scan using index_listings_on_id_and_user_id_and_title on listings  (cost=0.00..1615.79 rows=4 width=0)
         Index Cond: (user_id = 25584)
[0m
  [4;35;1mSQL (0.4ms)[0m   [0mSELECT count(*) AS count_all FROM "claimed_listings" WHERE ("claimed_listings".client_id = 25584) [0m
  [4;36;1mAnalyzing  Execution Time: 0.000837

[0m   [0;1mAggregate  (cost=27.27..27.28 rows=1 width=0)
   ->  Seq Scan on claimed_listings  (cost=0.00..27.25 rows=7 width=0)
         Filter: (client_id = 25584)
[0m
  [4;35;1mCACHE (0.0ms)[0m   [0mSELECT * FROM "roles" WHERE ("roles"."id" = 4) [0m
Rendered users/_user_info (18.9ms)
Rendered shared/_edit_delete_link (20.9ms)
  [4;36;1mSQL (2.4ms)[0m   [0;1mSELECT count(*) AS count_all FROM "listings" WHERE ("listings".user_id = 25583) [0m
  [4;35;1mAnalyzing  Execution Time: 0.002831

[0m   [0mAggregate  (cost=1615.81..1615.82 rows=1 width=0)
   ->  Index Scan using index_listings_on_id_and_user_id_and_title on listings  (cost=0.00..1615.79 rows=4 width=0)
         Index Cond: (user_id = 25583)
[0m
  [4;36;1mSQL (0.5ms)[0m   [0;1mSELECT count(*) AS count_all FROM "claimed_listings" WHERE ("claimed_listings".client_id = 25583) [0m
  [4;35;1mAnalyzing  Execution Time: 0.000973

[0m   [0mAggregate  (cost=27.27..27.28 rows=1 width=0)
   ->  Seq Scan on claimed_listings  (cost=0.00..27.25 rows=7 width=0)
         Filter: (client_id = 25583)
[0m
  [4;36;1mCACHE (0.0ms)[0m   [0;1mSELECT * FROM "roles" WHERE ("roles"."id" = 4) [0m
Rendered users/_user_info (22.5ms)
Rendered shared/_edit_delete_link (5.8ms)
  [4;35;1mSQL (2.3ms)[0m   [0mSELECT count(*) AS count_all FROM "listings" WHERE ("listings".user_id = 25582) [0m
  [4;36;1mAnalyzing  Execution Time: 0.002796

[0m   [0;1mAggregate  (cost=1615.81..1615.82 rows=1 width=0)
   ->  Index Scan using index_listings_on_id_and_user_id_and_title on listings  (cost=0.00..1615.79 rows=4 width=0)
         Index Cond: (user_id = 25582)
[0m
  [4;35;1mSQL (14.6ms)[0m   [0mSELECT count(*) AS count_all FROM "claimed_listings" WHERE ("claimed_listings".client_id = 25582) [0m
  [4;36;1mAnalyzing  Execution Time: 0.015028

[0m   [0;1mAggregate  (cost=27.27..27.28 rows=1 width=0)
   ->  Seq Scan on claimed_listings  (cost=0.00..27.25 rows=7 width=0)
         Filter: (client_id = 25582)
[0m
  [4;35;1mCACHE (0.0ms)[0m   [0mSELECT * FROM "roles" WHERE ("roles"."id" = 4) [0m
Rendered users/_user_info (16.0ms)
Rendered shared/_edit_delete_link (5.7ms)
  [4;36;1mSQL (2.2ms)[0m   [0;1mSELECT count(*) AS count_all FROM "listings" WHERE ("listings".user_id = 25581) [0m
  [4;35;1mAnalyzing  Execution Time: 0.002611

[0m   [0mAggregate  (cost=1615.81..1615.82 rows=1 width=0)
   ->  Index Scan using index_listings_on_id_and_user_id_and_title on listings  (cost=0.00..1615.79 rows=4 width=0)
         Index Cond: (user_id = 25581)
[0m
  [4;36;1mSQL (0.4ms)[0m   [0;1mSELECT count(*) AS count_all FROM "claimed_listings" WHERE ("claimed_listings".client_id = 25581) [0m
  [4;35;1mAnalyzing  Execution Time: 0.000765

[0m   [0mAggregate  (cost=27.27..27.28 rows=1 width=0)
   ->  Seq Scan on claimed_listings  (cost=0.00..27.25 rows=7 width=0)
         Filter: (client_id = 25581)
[0m
  [4;36;1mCACHE (0.0ms)[0m   [0;1mSELECT * FROM "roles" WHERE ("roles"."id" = 4) [0m
Rendered users/_user_info (14.6ms)
Rendered shared/_edit_delete_link (5.2ms)
  [4;35;1mSQL (6.6ms)[0m   [0mSELECT count(*) AS count_all FROM "listings" WHERE ("listings".user_id = 25580) [0m
  [4;36;1mAnalyzing  Execution Time: 0.006953

[0m   [0;1mAggregate  (cost=1615.81..1615.82 rows=1 width=0)
   ->  Index Scan using index_listings_on_id_and_user_id_and_title on listings  (cost=0.00..1615.79 rows=4 width=0)
         Index Cond: (user_id = 25580)
[0m
  [4;35;1mSQL (0.4ms)[0m   [0mSELECT count(*) AS count_all FROM "claimed_listings" WHERE ("claimed_listings".client_id = 25580) [0m
  [4;36;1mAnalyzing  Execution Time: 0.001043

[0m   [0;1mAggregate  (cost=27.27..27.28 rows=1 width=0)
   ->  Seq Scan on claimed_listings  (cost=0.00..27.25 rows=7 width=0)
         Filter: (client_id = 25580)
[0m
  [4;35;1mCACHE (0.0ms)[0m   [0mSELECT * FROM "roles" WHERE ("roles"."id" = 4) [0m
Rendered users/_user_info (21.0ms)
Rendered shared/_edit_delete_link (7.7ms)
  [4;36;1mSQL (2.5ms)[0m   [0;1mSELECT count(*) AS count_all FROM "listings" WHERE ("listings".user_id = 25579) [0m
  [4;35;1mAnalyzing  Execution Time: 0.002947

[0m   [0mAggregate  (cost=1615.81..1615.82 rows=1 width=0)
   ->  Index Scan using index_listings_on_id_and_user_id_and_title on listings  (cost=0.00..1615.79 rows=4 width=0)
         Index Cond: (user_id = 25579)
[0m
  [4;36;1mSQL (0.5ms)[0m   [0;1mSELECT count(*) AS count_all FROM "claimed_listings" WHERE ("claimed_listings".client_id = 25579) [0m
  [4;35;1mAnalyzing  Execution Time: 0.000894

[0m   [0mAggregate  (cost=27.27..27.28 rows=1 width=0)
   ->  Seq Scan on claimed_listings  (cost=0.00..27.25 rows=7 width=0)
         Filter: (client_id = 25579)
[0m
  [4;36;1mCACHE (0.0ms)[0m   [0;1mSELECT * FROM "roles" WHERE ("roles"."id" = 4) [0m
Rendered users/_user_info (18.8ms)
Rendered shared/_edit_delete_link (19.1ms)
  [4;35;1mSQL (2.2ms)[0m   [0mSELECT count(*) AS count_all FROM "listings" WHERE ("listings".user_id = 25577) [0m
  [4;36;1mAnalyzing  Execution Time: 0.00266

[0m   [0;1mAggregate  (cost=1615.81..1615.82 rows=1 width=0)
   ->  Index Scan using index_listings_on_id_and_user_id_and_title on listings  (cost=0.00..1615.79 rows=4 width=0)
         Index Cond: (user_id = 25577)
[0m
  [4;35;1mSQL (0.5ms)[0m   [0mSELECT count(*) AS count_all FROM "claimed_listings" WHERE ("claimed_listings".client_id = 25577) [0m
  [4;36;1mAnalyzing  Execution Time: 0.000867

[0m   [0;1mAggregate  (cost=27.27..27.28 rows=1 width=0)
   ->  Seq Scan on claimed_listings  (cost=0.00..27.25 rows=7 width=0)
         Filter: (client_id = 25577)
[0m
  [4;35;1mCACHE (0.0ms)[0m   [0mSELECT * FROM "roles" WHERE ("roles"."id" = 4) [0m
Rendered users/_user_info (19.6ms)
Rendered shared/_edit_delete_link (5.3ms)
  [4;36;1mSQL (2.2ms)[0m   [0;1mSELECT count(*) AS count_all FROM "listings" WHERE ("listings".user_id = 25575) [0m
  [4;35;1mAnalyzing  Execution Time: 0.002643

[0m   [0mAggregate  (cost=1615.81..1615.82 rows=1 width=0)
   ->  Index Scan using index_listings_on_id_and_user_id_and_title on listings  (cost=0.00..1615.79 rows=4 width=0)
         Index Cond: (user_id = 25575)
[0m
  [4;36;1mSQL (0.4ms)[0m   [0;1mSELECT count(*) AS count_all FROM "claimed_listings" WHERE ("claimed_listings".client_id = 25575) [0m
  [4;35;1mAnalyzing  Execution Time: 0.000829

[0m   [0mAggregate  (cost=27.27..27.28 rows=1 width=0)
   ->  Seq Scan on claimed_listings  (cost=0.00..27.25 rows=7 width=0)
         Filter: (client_id = 25575)
[0m
  [4;36;1mCACHE (0.0ms)[0m   [0;1mSELECT * FROM "roles" WHERE ("roles"."id" = 4) [0m
Rendered users/_user_info (26.9ms)
Rendered shared/_edit_delete_link (6.7ms)
  [4;35;1mSQL (2.0ms)[0m   [0mSELECT count(*) AS count_all FROM "listings" WHERE ("listings".user_id = 25573) [0m
  [4;36;1mAnalyzing  Execution Time: 0.002485

[0m   [0;1mAggregate  (cost=1615.81..1615.82 rows=1 width=0)
   ->  Index Scan using index_listings_on_id_and_user_id_and_title on listings  (cost=0.00..1615.79 rows=4 width=0)
         Index Cond: (user_id = 25573)
[0m
  [4;35;1mSQL (0.4ms)[0m   [0mSELECT count(*) AS count_all FROM "claimed_listings" WHERE ("claimed_listings".client_id = 25573) [0m
  [4;36;1mAnalyzing  Execution Time: 0.001221

[0m   [0;1mAggregate  (cost=27.27..27.28 rows=1 width=0)
   ->  Seq Scan on claimed_listings  (cost=0.00..27.25 rows=7 width=0)
         Filter: (client_id = 25573)
[0m
  [4;35;1mCACHE (0.0ms)[0m   [0mSELECT * FROM "roles" WHERE ("roles"."id" = 4) [0m
Rendered users/_user_info (20.0ms)
Rendered shared/_edit_delete_link (5.5ms)
  [4;36;1mSQL (2.3ms)[0m   [0;1mSELECT count(*) AS count_all FROM "listings" WHERE ("listings".user_id = 25571) [0m
  [4;35;1mAnalyzing  Execution Time: 0.00282

[0m   [0mAggregate  (cost=1615.81..1615.82 rows=1 width=0)
   ->  Index Scan using index_listings_on_id_and_user_id_and_title on listings  (cost=0.00..1615.79 rows=4 width=0)
         Index Cond: (user_id = 25571)
[0m
  [4;36;1mSQL (2.2ms)[0m   [0;1mSELECT count(*) AS count_all FROM "claimed_listings" WHERE ("claimed_listings".client_id = 25571) [0m
  [4;35;1mAnalyzing  Execution Time: 0.002631

[0m   [0mAggregate  (cost=27.27..27.28 rows=1 width=0)
   ->  Seq Scan on claimed_listings  (cost=0.00..27.25 rows=7 width=0)
         Filter: (client_id = 25571)
[0m
  [4;36;1mCACHE (0.0ms)[0m   [0;1mSELECT * FROM "roles" WHERE ("roles"."id" = 4) [0m
Rendered users/_user_info (18.9ms)
Rendered shared/_edit_delete_link (5.2ms)
  [4;35;1mSQL (2.2ms)[0m   [0mSELECT count(*) AS count_all FROM "listings" WHERE ("listings".user_id = 25570) [0m
  [4;36;1mAnalyzing  Execution Time: 0.002635

[0m   [0;1mAggregate  (cost=1615.81..1615.82 rows=1 width=0)
   ->  Index Scan using index_listings_on_id_and_user_id_and_title on listings  (cost=0.00..1615.79 rows=4 width=0)
         Index Cond: (user_id = 25570)
[0m
  [4;35;1mSQL (12.7ms)[0m   [0mSELECT count(*) AS count_all FROM "claimed_listings" WHERE ("claimed_listings".client_id = 25570) [0m
  [4;36;1mAnalyzing  Execution Time: 0.013053

[0m   [0;1mAggregate  (cost=27.27..27.28 rows=1 width=0)
   ->  Seq Scan on claimed_listings  (cost=0.00..27.25 rows=7 width=0)
         Filter: (client_id = 25570)
[0m
  [4;35;1mCACHE (0.0ms)[0m   [0mSELECT * FROM "roles" WHERE ("roles"."id" = 4) [0m
Rendered users/_user_info (19.2ms)
Rendered shared/_edit_delete_link (6.6ms)
  [4;36;1mSQL (7.8ms)[0m   [0;1mSELECT count(*) AS count_all FROM "listings" WHERE ("listings".user_id = 25567) [0m
  [4;35;1mAnalyzing  Execution Time: 0.008275

[0m   [0mAggregate  (cost=1615.81..1615.82 rows=1 width=0)
   ->  Index Scan using index_listings_on_id_and_user_id_and_title on listings  (cost=0.00..1615.79 rows=4 width=0)
         Index Cond: (user_id = 25567)
[0m
  [4;36;1mSQL (0.4ms)[0m   [0;1mSELECT count(*) AS count_all FROM "claimed_listings" WHERE ("claimed_listings".client_id = 25567) [0m
  [4;35;1mAnalyzing  Execution Time: 0.000854

[0m   [0mAggregate  (cost=27.27..27.28 rows=1 width=0)
   ->  Seq Scan on claimed_listings  (cost=0.00..27.25 rows=7 width=0)
         Filter: (client_id = 25567)
[0m
  [4;36;1mCACHE (0.0ms)[0m   [0;1mSELECT * FROM "roles" WHERE ("roles"."id" = 4) [0m
Rendered users/_user_info (323.5ms)
Rendered shared/_edit_delete_link (6.4ms)
  [4;35;1mSQL (2.4ms)[0m   [0mSELECT count(*) AS count_all FROM "listings" WHERE ("listings".user_id = 25565) [0m
  [4;36;1mAnalyzing  Execution Time: 0.002871

[0m   [0;1mAggregate  (cost=1615.81..1615.82 rows=1 width=0)
   ->  Index Scan using index_listings_on_id_and_user_id_and_title on listings  (cost=0.00..1615.79 rows=4 width=0)
         Index Cond: (user_id = 25565)
[0m
  [4;35;1mSQL (10.5ms)[0m   [0mSELECT count(*) AS count_all FROM "claimed_listings" WHERE ("claimed_listings".client_id = 25565) [0m
  [4;36;1mAnalyzing  Execution Time: 0.010933

[0m   [0;1mAggregate  (cost=27.27..27.28 rows=1 width=0)
   ->  Seq Scan on claimed_listings  (cost=0.00..27.25 rows=7 width=0)
         Filter: (client_id = 25565)
[0m
  [4;35;1mCACHE (0.0ms)[0m   [0mSELECT * FROM "roles" WHERE ("roles"."id" = 4) [0m
Rendered users/_user_info (27.9ms)
Rendered shared/_edit_delete_link (21.5ms)
  [4;36;1mSQL (2.2ms)[0m   [0;1mSELECT count(*) AS count_all FROM "listings" WHERE ("listings".user_id = 25564) [0m
  [4;35;1mAnalyzing  Execution Time: 0.002589

[0m   [0mAggregate  (cost=1615.81..1615.82 rows=1 width=0)
   ->  Index Scan using index_listings_on_id_and_user_id_and_title on listings  (cost=0.00..1615.79 rows=4 width=0)
         Index Cond: (user_id = 25564)
[0m
  [4;36;1mSQL (0.4ms)[0m   [0;1mSELECT count(*) AS count_all FROM "claimed_listings" WHERE ("claimed_listings".client_id = 25564) [0m
  [4;35;1mAnalyzing  Execution Time: 0.000806

[0m   [0mAggregate  (cost=27.27..27.28 rows=1 width=0)
   ->  Seq Scan on claimed_listings  (cost=0.00..27.25 rows=7 width=0)
         Filter: (client_id = 25564)
[0m
  [4;36;1mCACHE (0.0ms)[0m   [0;1mSELECT * FROM "roles" WHERE ("roles"."id" = 4) [0m
Rendered users/_user_info (19.8ms)
Rendered shared/_edit_delete_link (6.9ms)
  [4;35;1mSQL (2.7ms)[0m   [0mSELECT count(*) AS count_all FROM "listings" WHERE ("listings".user_id = 25563) [0m
  [4;36;1mAnalyzing  Execution Time: 0.003156

[0m   [0;1mAggregate  (cost=1615.81..1615.82 rows=1 width=0)
   ->  Index Scan using index_listings_on_id_and_user_id_and_title on listings  (cost=0.00..1615.79 rows=4 width=0)
         Index Cond: (user_id = 25563)
[0m
  [4;35;1mSQL (0.5ms)[0m   [0mSELECT count(*) AS count_all FROM "claimed_listings" WHERE ("claimed_listings".client_id = 25563) [0m
  [4;36;1mAnalyzing  Execution Time: 0.000857

[0m   [0;1mAggregate  (cost=27.27..27.28 rows=1 width=0)
   ->  Seq Scan on claimed_listings  (cost=0.00..27.25 rows=7 width=0)
         Filter: (client_id = 25563)
[0m
  [4;35;1mCACHE (0.0ms)[0m   [0mSELECT * FROM "roles" WHERE ("roles"."id" = 4) [0m
Rendered users/_user_info (32.7ms)
Rendered shared/_edit_delete_link (6.8ms)
  [4;36;1mSQL (2.3ms)[0m   [0;1mSELECT count(*) AS count_all FROM "listings" WHERE ("listings".user_id = 25562) [0m
  [4;35;1mAnalyzing  Execution Time: 0.00277

[0m   [0mAggregate  (cost=1615.81..1615.82 rows=1 width=0)
   ->  Index Scan using index_listings_on_id_and_user_id_and_title on listings  (cost=0.00..1615.79 rows=4 width=0)
         Index Cond: (user_id = 25562)
[0m
  [4;36;1mSQL (0.4ms)[0m   [0;1mSELECT count(*) AS count_all FROM "claimed_listings" WHERE ("claimed_listings".client_id = 25562) [0m
  [4;35;1mAnalyzing  Execution Time: 0.000844

[0m   [0mAggregate  (cost=27.27..27.28 rows=1 width=0)
   ->  Seq Scan on claimed_listings  (cost=0.00..27.25 rows=7 width=0)
         Filter: (client_id = 25562)
[0m
  [4;36;1mCACHE (0.0ms)[0m   [0;1mSELECT * FROM "roles" WHERE ("roles"."id" = 4) [0m
Rendered users/_user_info (27.8ms)
Rendered shared/_edit_delete_link (6.4ms)
  [4;35;1mSQL (2.3ms)[0m   [0mSELECT count(*) AS count_all FROM "listings" WHERE ("listings".user_id = 25560) [0m
  [4;36;1mAnalyzing  Execution Time: 0.00274

[0m   [0;1mAggregate  (cost=1615.81..1615.82 rows=1 width=0)
   ->  Index Scan using index_listings_on_id_and_user_id_and_title on listings  (cost=0.00..1615.79 rows=4 width=0)
         Index Cond: (user_id = 25560)
[0m
  [4;35;1mSQL (0.4ms)[0m   [0mSELECT count(*) AS count_all FROM "claimed_listings" WHERE ("claimed_listings".client_id = 25560) [0m
  [4;36;1mAnalyzing  Execution Time: 0.000829

[0m   [0;1mAggregate  (cost=27.27..27.28 rows=1 width=0)
   ->  Seq Scan on claimed_listings  (cost=0.00..27.25 rows=7 width=0)
         Filter: (client_id = 25560)
[0m
  [4;35;1mCACHE (0.0ms)[0m   [0mSELECT * FROM "roles" WHERE ("roles"."id" = 4) [0m
Rendered users/_user_info (28.5ms)
Rendered shared/_edit_delete_link (13.5ms)
  [4;36;1mSQL (9.9ms)[0m   [0;1mSELECT count(*) AS count_all FROM "listings" WHERE ("listings".user_id = 25559) [0m
  [4;35;1mAnalyzing  Execution Time: 0.015133

[0m   [0mAggregate  (cost=1615.81..1615.82 rows=1 width=0)
   ->  Index Scan using index_listings_on_id_and_user_id_and_title on listings  (cost=0.00..1615.79 rows=4 width=0)
         Index Cond: (user_id = 25559)
[0m
  [4;36;1mSQL (0.5ms)[0m   [0;1mSELECT count(*) AS count_all FROM "claimed_listings" WHERE ("claimed_listings".client_id = 25559) [0m
  [4;35;1mAnalyzing  Execution Time: 0.001132

[0m   [0mAggregate  (cost=27.27..27.28 rows=1 width=0)
   ->  Seq Scan on claimed_listings  (cost=0.00..27.25 rows=7 width=0)
         Filter: (client_id = 25559)
[0m
  [4;36;1mCACHE (0.0ms)[0m   [0;1mSELECT * FROM "roles" WHERE ("roles"."id" = 4) [0m
Rendered users/_user_info (49.7ms)
Rendered shared/_edit_delete_link (6.2ms)
  [4;35;1mSQL (2.2ms)[0m   [0mSELECT count(*) AS count_all FROM "listings" WHERE ("listings".user_id = 25558) [0m
  [4;36;1mAnalyzing  Execution Time: 0.002587

[0m   [0;1mAggregate  (cost=1615.81..1615.82 rows=1 width=0)
   ->  Index Scan using index_listings_on_id_and_user_id_and_title on listings  (cost=0.00..1615.79 rows=4 width=0)
         Index Cond: (user_id = 25558)
[0m
  [4;35;1mSQL (1.2ms)[0m   [0mSELECT count(*) AS count_all FROM "claimed_listings" WHERE ("claimed_listings".client_id = 25558) [0m
  [4;36;1mAnalyzing  Execution Time: 0.001587

[0m   [0;1mAggregate  (cost=27.27..27.28 rows=1 width=0)
   ->  Seq Scan on claimed_listings  (cost=0.00..27.25 rows=7 width=0)
         Filter: (client_id = 25558)
[0m
Rendered views/_paginate (26.2ms)
Rendered views/partials/_users (2168.1ms)
Rendered shared/_base_model_index (2228.1ms)
Rendered shared/_model_index (2545.7ms)
Completed in 3111ms (View: 2382, DB: 182) | 200 OK [https://localhost/clients]
** has_many_polymorphs: autoload hook invoked
** has_many_polymorphs: preloading parent model Block
** has_many_polymorphs: associating Block.models
  [4;35;1mSQL (0.3ms)[0m   [0mSET client_min_messages TO 'panic'[0m
  [4;36;1mSQL (0.1ms)[0m   [0;1mSET client_min_messages TO 'notice'[0m
** has_many_polymorphs: preloading parent model View
** has_many_polymorphs: associating View.models
  [4;35;1mSQL (10.1ms)[0m   [0mSET client_min_messages TO 'panic'[0m
  [4;36;1mSQL (0.2ms)[0m   [0;1mSET client_min_messages TO 'notice'[0m


Processing ClientsController#show (for 127.0.0.1 at 2011-04-26 18:39:49) [GET]
  Parameters: {"action"=>"show", "id"=>"25586", "controller"=>"clients"}
  [4;35;1mUser Load (2.1ms)[0m   [0mSELECT * FROM "users" WHERE ("users"."id" = E'1') LIMIT 1[0m
  [4;36;1mAnalyzing User Load Execution Time: 0.00366

[0m   [0;1mLimit  (cost=0.00..8.27 rows=1 width=574)
   ->  Index Scan using users_pkey on users  (cost=0.00..8.27 rows=1 width=574)
         Index Cond: (id = 1)
[0m
  [4;35;1mSQL (0.2ms)[0m   [0mBEGIN[0m
  [4;36;1mUser Update (1.1ms)[0m   [0;1mUPDATE "users" SET "updated_at" = '2011-04-26 22:39:49.253707', "perishable_token" = E'h5nKJ9soGQU6rvU24dNB', "last_request_at" = '2011-04-26 22:39:49.250334' WHERE "id" = 1[0m
  [4;35;1mSQL (8.8ms)[0m   [0mCOMMIT[0m
  [4;36;1mRole Load (0.8ms)[0m   [0;1mSELECT * FROM "roles" WHERE ("roles"."id" = 1) [0m
  [4;35;1mAnalyzing Role Load Execution Time: 0.001213

[0m   [0mIndex Scan using roles_pkey on roles  (cost=0.00..8.27 rows=1 width=536)
   Index Cond: (id = 1)
[0m
  [4;36;1mClient Load (2.4ms)[0m   [0;1mSELECT * FROM "users" WHERE ("users"."id" = 25586) AND ( ("users"."type" = 'Client' ) ) LIMIT 1[0m
  [4;35;1mAnalyzing Client Load Execution Time: 0.003186

[0m   [0mLimit  (cost=0.00..8.27 rows=1 width=574)
   ->  Index Scan using users_pkey on users  (cost=0.00..8.27 rows=1 width=574)
         Index Cond: (id = 25586)
         Filter: ((type)::text = 'Client'::text)
[0m
Rendering clients/show
  [4;36;1mUser Load (0.6ms)[0m   [0;1mSELECT * FROM "users" WHERE ("users"."id" = 25586) [0m
  [4;35;1mAnalyzing User Load Execution Time: 0.00197

[0m   [0mIndex Scan using users_pkey on users  (cost=0.00..8.27 rows=1 width=574)
   Index Cond: (id = 25586)
[0m
  [4;36;1mSQL (3.9ms)[0m   [0;1mSELECT count(*) AS count_all FROM "listings" WHERE ("listings".user_id = 25586 AND (enabled IS TRUE)) [0m
  [4;35;1mAnalyzing  Execution Time: 0.004332

[0m   [0mAggregate  (cost=1615.81..1615.82 rows=1 width=0)
   ->  Index Scan using index_listings_on_id_and_user_id_and_title on listings  (cost=0.00..1615.79 rows=4 width=0)
         Index Cond: (user_id = 25586)
         Filter: (enabled IS TRUE)
[0m
  [4;36;1mListing Load (3.2ms)[0m   [0;1mSELECT * FROM "listings" WHERE ("listings".user_id = 25586) [0m
  [4;35;1mAnalyzing Listing Load Execution Time: 0.004114

[0m   [0mIndex Scan using index_listings_on_id_and_user_id_and_title on listings  (cost=0.00..1615.79 rows=4 width=1172)
   Index Cond: (user_id = 25586)
[0m
  [4;36;1mFacilityInfo Load (1.3ms)[0m   [0;1mSELECT * FROM "facility_infos" WHERE ("facility_infos".listing_id = 113291) LIMIT 1[0m
  [4;35;1mAnalyzing FacilityInfo Load Execution Time: 0.002013

[0m   [0mLimit  (cost=0.00..10.00 rows=1 width=8362)
   ->  Seq Scan on facility_infos  (cost=0.00..10.00 rows=1 width=8362)
         Filter: (listing_id = 113291)
[0m
  [4;36;1mRole Load (0.5ms)[0m   [0;1mSELECT * FROM "roles" WHERE ("roles"."id" = 4) [0m
  [4;35;1mAnalyzing Role Load Execution Time: 0.000785

[0m   [0mIndex Scan using roles_pkey on roles  (cost=0.00..8.27 rows=1 width=536)
   Index Cond: (id = 4)
[0m
Rendered users/_user_info (24.2ms)
Rendered notes/_form (4.8ms)
  [4;36;1mNote Load (1.4ms)[0m   [0;1mSELECT * FROM "notes" WHERE ("notes".user_id = 25586) ORDER BY created_at DESC[0m
  [4;35;1mAnalyzing Note Load Execution Time: 0.002597

[0m   [0mSort  (cost=11.63..11.64 rows=1 width=576)
   Sort Key: created_at
   ->  Seq Scan on notes  (cost=0.00..11.62 rows=1 width=576)
         Filter: (user_id = 25586)
[0m
  [4;36;1mUser Load (13.3ms)[0m   [0;1mSELECT * FROM "users" WHERE ("users"."id" = 1) [0m
  [4;35;1mAnalyzing User Load Execution Time: 0.0216010000000001

[0m   [0mIndex Scan using users_pkey on users  (cost=0.00..8.27 rows=1 width=574)
   Index Cond: (id = 1)
[0m
Rendered notes/_note (35.6ms)
  [4;36;1mCACHE (0.0ms)[0m   [0;1mSELECT * FROM "users" WHERE ("users"."id" = 1) [0m
Rendered notes/_note (2.5ms)
  [4;35;1mCACHE (0.0ms)[0m   [0mSELECT * FROM "users" WHERE ("users"."id" = 1) [0m
Rendered notes/_note (2.7ms)
  [4;36;1mCACHE (0.0ms)[0m   [0;1mSELECT * FROM "users" WHERE ("users"."id" = 1) [0m
Rendered notes/_note (3.0ms)
  [4;35;1mCACHE (0.0ms)[0m   [0mSELECT * FROM "users" WHERE ("users"."id" = 1) [0m
Rendered notes/_note (3.5ms)
  [4;36;1mCACHE (0.0ms)[0m   [0;1mSELECT * FROM "users" WHERE ("users"."id" = 1) [0m
Rendered notes/_note (4.5ms)
Rendered notes/_client_notes (99.3ms)
  [4;35;1mSQL (0.7ms)[0m   [0mSELECT count(*) AS count_all FROM "claimed_listings" WHERE ("claimed_listings".client_id = 25586) [0m
  [4;36;1mAnalyzing  Execution Time: 0.000996

[0m   [0;1mAggregate  (cost=27.27..27.28 rows=1 width=0)
   ->  Seq Scan on claimed_listings  (cost=0.00..27.25 rows=7 width=0)
         Filter: (client_id = 25586)
[0m
  [4;35;1mClient Load (0.8ms)[0m   [0mSELECT * FROM "users" WHERE ("users"."id" = 25586) AND ( ("users"."type" = 'Client' ) ) [0m
  [4;36;1mAnalyzing Client Load Execution Time: 0.001579

[0m   [0;1mIndex Scan using users_pkey on users  (cost=0.00..8.27 rows=1 width=574)
   Index Cond: (id = 25586)
   Filter: ((type)::text = 'Client'::text)
[0m
  [4;35;1mSQL (8.4ms)[0m   [0mSELECT count(*) AS count_all FROM "business_hours" WHERE ("business_hours".listing_id = 113291) [0m
  [4;36;1mAnalyzing  Execution Time: 0.0089

[0m   [0;1mAggregate  (cost=99.56..99.57 rows=1 width=0)
   ->  Seq Scan on business_hours  (cost=0.00..99.53 rows=13 width=0)
         Filter: (listing_id = 113291)
[0m
  [4;35;1mSQL (1.9ms)[0m   [0mSELECT count(*) AS count_all FROM "facility_features" INNER JOIN "listing_features" ON "facility_features".id = "listing_features".facility_feature_id WHERE (("listing_features".listing_id = 113291)) [0m
  [4;36;1mAnalyzing  Execution Time: 0.002248

[0m   [0;1mAggregate  (cost=51.87..51.88 rows=1 width=0)
   ->  Hash Join  (cost=12.93..51.85 rows=8 width=0)
         Hash Cond: (listing_features.facility_feature_id = facility_features.id)
         ->  Seq Scan on listing_features  (cost=0.00..38.81 rows=8 width=4)
               Filter: (listing_id = 113291)
         ->  Hash  (cost=11.30..11.30 rows=130 width=4)
               ->  Seq Scan on facility_features  (cost=0.00..11.30 rows=130 width=4)
[0m
  [4;35;1mCACHE (0.0ms)[0m   [0mSELECT count(*) AS count_all FROM "facility_features" INNER JOIN "listing_features" ON "facility_features".id = "listing_features".facility_feature_id WHERE (("listing_features".listing_id = 113291)) [0m
  [4;36;1mSQL (1.1ms)[0m   [0;1mSELECT count(*) AS count_all FROM "sizes" WHERE ("sizes".listing_id = 113291) [0m
  [4;35;1mAnalyzing  Execution Time: 0.00153

[0m   [0mAggregate  (cost=18.55..18.56 rows=1 width=0)
   ->  Bitmap Heap Scan on sizes  (cost=4.30..18.53 rows=7 width=0)
         Recheck Cond: (listing_id = 113291)
         ->  Bitmap Index Scan on index_sizes_on_listing_id_and_price  (cost=0.00..4.30 rows=7 width=0)
               Index Cond: (listing_id = 113291)
[0m
  [4;36;1mSQL (0.9ms)[0m   [0;1mSELECT count(*) AS count_all FROM "pictures" WHERE ("pictures".listing_id = 113291) [0m
  [4;35;1mAnalyzing  Execution Time: 0.001237

[0m   [0mAggregate  (cost=15.58..15.59 rows=1 width=0)
   ->  Seq Scan on pictures  (cost=0.00..15.57 rows=3 width=0)
         Filter: (listing_id = 113291)
[0m
  [4;36;1mSQL (3.3ms)[0m   [0;1mSELECT count(*) AS count_all FROM "comments" WHERE ("comments".commentable_id = 113291 AND "comments".commentable_type = E'Listing') [0m
  [4;35;1mAnalyzing  Execution Time: 0.003965

[0m   [0mAggregate  (cost=10.91..10.92 rows=1 width=0)
   ->  Seq Scan on comments  (cost=0.00..10.90 rows=1 width=0)
         Filter: ((commentable_id = 113291) AND ((commentable_type)::text = 'Listing'::text))
[0m
  [4;36;1mPredefinedSpecial Load (3.8ms)[0m   [0;1mSELECT "predefined_specials".* FROM "predefined_specials" INNER JOIN "predef_special_assigns" ON "predefined_specials".id = "predef_special_assigns".predefined_special_id WHERE (("predef_special_assigns".listing_id = 113291)) [0m
  [4;35;1mAnalyzing PredefinedSpecial Load Execution Time: 0.028208

[0m   [0mNested Loop  (cost=0.00..10.27 rows=1 width=1092)
   ->  Seq Scan on predef_special_assigns  (cost=0.00..1.99 rows=1 width=4)
         Filter: (listing_id = 113291)
   ->  Index Scan using predefined_specials_pkey on predefined_specials  (cost=0.00..8.27 rows=1 width=1092)
         Index Cond: (predefined_specials.id = predef_special_assigns.predefined_special_id)
[0m
Rendered listings/_listing (645.0ms)
  [4;36;1mMailingAddress Load (0.9ms)[0m   [0;1mSELECT * FROM "mailing_addresses" WHERE ("mailing_addresses".user_id = 25586) LIMIT 1[0m
  [4;35;1mAnalyzing MailingAddress Load Execution Time: 0.001376

[0m   [0mLimit  (cost=0.00..8.27 rows=1 width=106)
   ->  Index Scan using index_mailing_addresses_on_client_id_and_city_and_state on mailing_addresses  (cost=0.00..8.27 rows=1 width=106)
         Index Cond: (user_id = 25586)
[0m
Rendered clients/_owner_info (17.5ms)
  [4;36;1mUserHintPlacement Load (1.1ms)[0m   [0;1mSELECT * FROM "user_hint_placements" WHERE ("user_hint_placements".user_id = 25586) [0m
  [4;35;1mAnalyzing UserHintPlacement Load Execution Time: 0.00207

[0m   [0mIndex Scan using index_user_hint_placements_on_user_id on user_hint_placements  (cost=0.00..8.39 rows=8 width=33)
   Index Cond: (user_id = 25586)
[0m
  [4;36;1mAccountSetting Load (1.2ms)[0m   [0;1mSELECT * FROM "account_settings" WHERE ("account_settings".client_id = 25586) LIMIT 1[0m
  [4;35;1mAnalyzing AccountSetting Load Execution Time: 0.001477

[0m   [0mLimit  (cost=0.00..1.65 rows=1 width=80)
   ->  Seq Scan on account_settings  (cost=0.00..1.65 rows=1 width=80)
         Filter: (client_id = 25586)
[0m
Rendered clients/_settings (119.1ms)
  [4;36;1mSQL (20.7ms)[0m   [0;1mSELECT count(*) AS count_all FROM "user_stats" WHERE ("user_stats".user_id = 25586) [0m
  [4;35;1mAnalyzing  Execution Time: 0.021042

[0m   [0mAggregate  (cost=678.85..678.86 rows=1 width=0)
   ->  Seq Scan on user_stats  (cost=0.00..678.81 rows=14 width=0)
         Filter: (user_id = 25586)
[0m
  [4;36;1mUserStat Load (4.9ms)[0m   [0;1mSELECT * FROM "user_stats" WHERE ("user_stats".user_id = 25586) ORDER BY user_stats.id DESC LIMIT 1[0m
  [4;35;1mAnalyzing UserStat Load Execution Time: 0.005395

[0m   [0mLimit  (cost=0.00..64.69 rows=1 width=1370)
   ->  Index Scan Backward using user_stats_pkey on user_stats  (cost=0.00..905.65 rows=14 width=1370)
         Filter: (user_id = 25586)
[0m
Rendered user_stats/_user_stat (2.5ms)
Completed in 2191ms (View: 1510, DB: 136) | 200 OK [https://localhost/clients/25586]
** has_many_polymorphs: autoload hook invoked
** has_many_polymorphs: preloading parent model Block
** has_many_polymorphs: associating Block.models
  [4;36;1mSQL (0.2ms)[0m   [0;1mSET client_min_messages TO 'panic'[0m
  [4;35;1mSQL (0.1ms)[0m   [0mSET client_min_messages TO 'notice'[0m
** has_many_polymorphs: preloading parent model View
** has_many_polymorphs: associating View.models
  [4;36;1mSQL (0.2ms)[0m   [0;1mSET client_min_messages TO 'panic'[0m
  [4;35;1mSQL (0.1ms)[0m   [0mSET client_min_messages TO 'notice'[0m


Processing ClientsController#delete_note (for 127.0.0.1 at 2011-04-26 18:39:56) [GET]
  Parameters: {"note_id"=>"6", "action"=>"delete_note", "id"=>"25586", "controller"=>"clients"}
  [4;36;1mUser Load (4.5ms)[0m   [0;1mSELECT * FROM "users" WHERE ("users"."id" = E'1') LIMIT 1[0m
  [4;35;1mAnalyzing User Load Execution Time: 0.009797

[0m   [0mLimit  (cost=0.00..8.27 rows=1 width=574)
   ->  Index Scan using users_pkey on users  (cost=0.00..8.27 rows=1 width=574)
         Index Cond: (id = 1)
[0m
  [4;36;1mSQL (1.5ms)[0m   [0;1mBEGIN[0m
  [4;35;1mUser Update (11.1ms)[0m   [0mUPDATE "users" SET "updated_at" = '2011-04-26 22:39:56.851238', "perishable_token" = E'WRNstJU8Br8pPLePumq', "last_request_at" = '2011-04-26 22:39:56.846343' WHERE "id" = 1[0m
  [4;36;1mSQL (10.4ms)[0m   [0;1mCOMMIT[0m
  [4;35;1mRole Load (0.7ms)[0m   [0mSELECT * FROM "roles" WHERE ("roles"."id" = 1) [0m
  [4;36;1mAnalyzing Role Load Execution Time: 0.001094

[0m   [0;1mIndex Scan using roles_pkey on roles  (cost=0.00..8.27 rows=1 width=536)
   Index Cond: (id = 1)
[0m
  [4;35;1mClient Load (2.5ms)[0m   [0mSELECT * FROM "users" WHERE ("users"."id" = 25586) AND ( ("users"."type" = 'Client' ) ) [0m
  [4;36;1mAnalyzing Client Load Execution Time: 0.003908

[0m   [0;1mIndex Scan using users_pkey on users  (cost=0.00..8.27 rows=1 width=574)
   Index Cond: (id = 25586)
   Filter: ((type)::text = 'Client'::text)
[0m
  [4;35;1mNote Load (10.7ms)[0m   [0mSELECT * FROM "notes" WHERE ("notes"."id" = 6 AND ("notes".user_id = 25586)) ORDER BY created_at DESC[0m
  [4;36;1mAnalyzing Note Load Execution Time: 0.0111570000000001

[0m   [0;1mSort  (cost=8.28..8.29 rows=1 width=576)
   Sort Key: created_at
   ->  Index Scan using notes_pkey on notes  (cost=0.00..8.27 rows=1 width=576)
         Index Cond: (id = 6)
         Filter: (user_id = 25586)
[0m
  [4;35;1mSQL (0.2ms)[0m   [0mBEGIN[0m
  [4;36;1mNote Destroy (0.9ms)[0m   [0;1mDELETE FROM "notes" WHERE "id" = 6[0m
  [4;35;1mSQL (3.0ms)[0m   [0mCOMMIT[0m
  [4;36;1mClient Load (1.2ms)[0m   [0;1mSELECT * FROM "users" WHERE ("users"."id" = 25586) AND ( ("users"."type" = 'Client' ) ) [0m
  [4;35;1mAnalyzing Client Load Execution Time: 0.002134

[0m   [0mIndex Scan using users_pkey on users  (cost=0.00..8.27 rows=1 width=574)
   Index Cond: (id = 25586)
   Filter: ((type)::text = 'Client'::text)
[0m
  [4;36;1mClient Load (6.2ms)[0m   [0;1mSELECT * FROM "users" WHERE ( ("users"."type" = 'Client' ) ) [0m
  [4;35;1mAnalyzing Client Load Execution Time: 0.183613

[0m   [0mSeq Scan on users  (cost=0.00..26.70 rows=288 width=574)
   Filter: ((type)::text = 'Client'::text)
[0m
Rendering clients/show
  [4;36;1mUser Load (2.2ms)[0m   [0;1mSELECT * FROM "users" WHERE ("users"."id" = 25586) [0m
  [4;35;1mAnalyzing User Load Execution Time: 0.002967

[0m   [0mIndex Scan using users_pkey on users  (cost=0.00..8.27 rows=1 width=574)
   Index Cond: (id = 25586)
[0m
  [4;36;1mSQL (4.5ms)[0m   [0;1mSELECT count(*) AS count_all FROM "listings" WHERE ("listings".user_id = 25586 AND (enabled IS TRUE)) [0m
  [4;35;1mAnalyzing  Execution Time: 0.00529

[0m   [0mAggregate  (cost=1615.81..1615.82 rows=1 width=0)
   ->  Index Scan using index_listings_on_id_and_user_id_and_title on listings  (cost=0.00..1615.79 rows=4 width=0)
         Index Cond: (user_id = 25586)
         Filter: (enabled IS TRUE)
[0m
  [4;36;1mListing Load (2.9ms)[0m   [0;1mSELECT * FROM "listings" WHERE ("listings".user_id = 25586) [0m
  [4;35;1mAnalyzing Listing Load Execution Time: 0.005059

[0m   [0mIndex Scan using index_listings_on_id_and_user_id_and_title on listings  (cost=0.00..1615.79 rows=4 width=1172)
   Index Cond: (user_id = 25586)
[0m
  [4;36;1mFacilityInfo Load (1.1ms)[0m   [0;1mSELECT * FROM "facility_infos" WHERE ("facility_infos".listing_id = 113291) LIMIT 1[0m
  [4;35;1mAnalyzing FacilityInfo Load Execution Time: 0.001687

[0m   [0mLimit  (cost=0.00..10.00 rows=1 width=8362)
   ->  Seq Scan on facility_infos  (cost=0.00..10.00 rows=1 width=8362)
         Filter: (listing_id = 113291)
[0m
  [4;36;1mRole Load (0.5ms)[0m   [0;1mSELECT * FROM "roles" WHERE ("roles"."id" = 4) [0m
  [4;35;1mAnalyzing Role Load Execution Time: 0.001016

[0m   [0mIndex Scan using roles_pkey on roles  (cost=0.00..8.27 rows=1 width=536)
   Index Cond: (id = 4)
[0m
Rendered users/_user_info (25.1ms)
Rendered notes/_form (10.6ms)
  [4;36;1mNote Load (0.6ms)[0m   [0;1mSELECT * FROM "notes" WHERE ("notes".user_id = 25586) ORDER BY created_at DESC[0m
  [4;35;1mAnalyzing Note Load Execution Time: 0.001374

[0m   [0mSort  (cost=11.63..11.64 rows=1 width=576)
   Sort Key: created_at
   ->  Seq Scan on notes  (cost=0.00..11.62 rows=1 width=576)
         Filter: (user_id = 25586)
[0m
  [4;36;1mUser Load (0.5ms)[0m   [0;1mSELECT * FROM "users" WHERE ("users"."id" = 1) [0m
  [4;35;1mAnalyzing User Load Execution Time: 0.001318

[0m   [0mIndex Scan using users_pkey on users  (cost=0.00..8.27 rows=1 width=574)
   Index Cond: (id = 1)
[0m
Rendered notes/_note (5.7ms)
  [4;36;1mCACHE (0.0ms)[0m   [0;1mSELECT * FROM "users" WHERE ("users"."id" = 1) [0m
Rendered notes/_note (3.0ms)
  [4;35;1mCACHE (0.0ms)[0m   [0mSELECT * FROM "users" WHERE ("users"."id" = 1) [0m
Rendered notes/_note (6.4ms)
  [4;36;1mCACHE (0.0ms)[0m   [0;1mSELECT * FROM "users" WHERE ("users"."id" = 1) [0m
Rendered notes/_note (2.6ms)
  [4;35;1mCACHE (0.0ms)[0m   [0mSELECT * FROM "users" WHERE ("users"."id" = 1) [0m
Rendered notes/_note (3.0ms)
Rendered notes/_client_notes (81.9ms)
  [4;36;1mSQL (3.0ms)[0m   [0;1mSELECT count(*) AS count_all FROM "claimed_listings" WHERE ("claimed_listings".client_id = 25586) [0m
  [4;35;1mAnalyzing  Execution Time: 0.003408

[0m   [0mAggregate  (cost=27.27..27.28 rows=1 width=0)
   ->  Seq Scan on claimed_listings  (cost=0.00..27.25 rows=7 width=0)
         Filter: (client_id = 25586)
[0m
  [4;36;1mCACHE (0.0ms)[0m   [0;1mSELECT * FROM "users" WHERE ("users"."id" = 25586) AND ( ("users"."type" = 'Client' ) ) [0m
  [4;35;1mSQL (2.9ms)[0m   [0mSELECT count(*) AS count_all FROM "business_hours" WHERE ("business_hours".listing_id = 113291) [0m
  [4;36;1mAnalyzing  Execution Time: 0.003284

[0m   [0;1mAggregate  (cost=99.56..99.57 rows=1 width=0)
   ->  Seq Scan on business_hours  (cost=0.00..99.53 rows=13 width=0)
         Filter: (listing_id = 113291)
[0m
  [4;35;1mSQL (1.9ms)[0m   [0mSELECT count(*) AS count_all FROM "facility_features" INNER JOIN "listing_features" ON "facility_features".id = "listing_features".facility_feature_id WHERE (("listing_features".listing_id = 113291)) [0m
  [4;36;1mAnalyzing  Execution Time: 0.002439

[0m   [0;1mAggregate  (cost=51.87..51.88 rows=1 width=0)
   ->  Hash Join  (cost=12.93..51.85 rows=8 width=0)
         Hash Cond: (listing_features.facility_feature_id = facility_features.id)
         ->  Seq Scan on listing_features  (cost=0.00..38.81 rows=8 width=4)
               Filter: (listing_id = 113291)
         ->  Hash  (cost=11.30..11.30 rows=130 width=4)
               ->  Seq Scan on facility_features  (cost=0.00..11.30 rows=130 width=4)
[0m
  [4;35;1mCACHE (0.0ms)[0m   [0mSELECT count(*) AS count_all FROM "facility_features" INNER JOIN "listing_features" ON "facility_features".id = "listing_features".facility_feature_id WHERE (("listing_features".listing_id = 113291)) [0m
  [4;36;1mSQL (7.3ms)[0m   [0;1mSELECT count(*) AS count_all FROM "sizes" WHERE ("sizes".listing_id = 113291) [0m
  [4;35;1mAnalyzing  Execution Time: 0.007696

[0m   [0mAggregate  (cost=18.55..18.56 rows=1 width=0)
   ->  Bitmap Heap Scan on sizes  (cost=4.30..18.53 rows=7 width=0)
         Recheck Cond: (listing_id = 113291)
         ->  Bitmap Index Scan on index_sizes_on_listing_id_and_price  (cost=0.00..4.30 rows=7 width=0)
               Index Cond: (listing_id = 113291)
[0m
  [4;36;1mSQL (1.2ms)[0m   [0;1mSELECT count(*) AS count_all FROM "pictures" WHERE ("pictures".listing_id = 113291) [0m
  [4;35;1mAnalyzing  Execution Time: 0.001593

[0m   [0mAggregate  (cost=15.58..15.59 rows=1 width=0)
   ->  Seq Scan on pictures  (cost=0.00..15.57 rows=3 width=0)
         Filter: (listing_id = 113291)
[0m
  [4;36;1mSQL (1.5ms)[0m   [0;1mSELECT count(*) AS count_all FROM "comments" WHERE ("comments".commentable_id = 113291 AND "comments".commentable_type = E'Listing') [0m
  [4;35;1mAnalyzing  Execution Time: 0.002019

[0m   [0mAggregate  (cost=10.91..10.92 rows=1 width=0)
   ->  Seq Scan on comments  (cost=0.00..10.90 rows=1 width=0)
         Filter: ((commentable_id = 113291) AND ((commentable_type)::text = 'Listing'::text))
[0m
  [4;36;1mPredefinedSpecial Load (1.1ms)[0m   [0;1mSELECT "predefined_specials".* FROM "predefined_specials" INNER JOIN "predef_special_assigns" ON "predefined_specials".id = "predef_special_assigns".predefined_special_id WHERE (("predef_special_assigns".listing_id = 113291)) [0m
  [4;35;1mAnalyzing PredefinedSpecial Load Execution Time: 0.001558

[0m   [0mNested Loop  (cost=0.00..10.27 rows=1 width=1092)
   ->  Seq Scan on predef_special_assigns  (cost=0.00..1.99 rows=1 width=4)
         Filter: (listing_id = 113291)
   ->  Index Scan using predefined_specials_pkey on predefined_specials  (cost=0.00..8.27 rows=1 width=1092)
         Index Cond: (predefined_specials.id = predef_special_assigns.predefined_special_id)
[0m
Rendered listings/_listing (547.7ms)
  [4;36;1mMailingAddress Load (9.0ms)[0m   [0;1mSELECT * FROM "mailing_addresses" WHERE ("mailing_addresses".user_id = 25586) LIMIT 1[0m
  [4;35;1mAnalyzing MailingAddress Load Execution Time: 0.009638

[0m   [0mLimit  (cost=0.00..8.27 rows=1 width=106)
   ->  Index Scan using index_mailing_addresses_on_client_id_and_city_and_state on mailing_addresses  (cost=0.00..8.27 rows=1 width=106)
         Index Cond: (user_id = 25586)
[0m
Rendered clients/_owner_info (61.9ms)
  [4;36;1mUserHintPlacement Load (1.0ms)[0m   [0;1mSELECT * FROM "user_hint_placements" WHERE ("user_hint_placements".user_id = 25586) [0m
  [4;35;1mAnalyzing UserHintPlacement Load Execution Time: 0.006688

[0m   [0mIndex Scan using index_user_hint_placements_on_user_id on user_hint_placements  (cost=0.00..8.39 rows=8 width=33)
   Index Cond: (user_id = 25586)
[0m
  [4;36;1mAccountSetting Load (0.9ms)[0m   [0;1mSELECT * FROM "account_settings" WHERE ("account_settings".client_id = 25586) LIMIT 1[0m
  [4;35;1mAnalyzing AccountSetting Load Execution Time: 0.001235

[0m   [0mLimit  (cost=0.00..1.65 rows=1 width=80)
   ->  Seq Scan on account_settings  (cost=0.00..1.65 rows=1 width=80)
         Filter: (client_id = 25586)
[0m
Rendered clients/_settings (89.6ms)
  [4;36;1mSQL (7.2ms)[0m   [0;1mSELECT count(*) AS count_all FROM "user_stats" WHERE ("user_stats".user_id = 25586) [0m
  [4;35;1mAnalyzing  Execution Time: 0.007644

[0m   [0mAggregate  (cost=678.85..678.86 rows=1 width=0)
   ->  Seq Scan on user_stats  (cost=0.00..678.81 rows=14 width=0)
         Filter: (user_id = 25586)
[0m
  [4;36;1mUserStat Load (3.3ms)[0m   [0;1mSELECT * FROM "user_stats" WHERE ("user_stats".user_id = 25586) ORDER BY user_stats.id DESC LIMIT 1[0m
  [4;35;1mAnalyzing UserStat Load Execution Time: 0.003847

[0m   [0mLimit  (cost=0.00..64.69 rows=1 width=1370)
   ->  Index Scan Backward using user_stats_pkey on user_stats  (cost=0.00..905.65 rows=14 width=1370)
         Filter: (user_id = 25586)
[0m
Rendered user_stats/_user_stat (2.1ms)
Completed in 2757ms (View: 1626, DB: 127) | 200 OK [https://localhost/clients/25586/notes/6]
DEPRECATION WARNING: require "activerecord" is deprecated and will be removed in Rails 3. Use require "active_record" instead.. (called from /usr/local/lib/ruby/gems/1.8/gems/activerecord-2.3.5/lib/activerecord.rb:2)
** has_many_polymorphs: rails environment detected
** has_many_polymorphs: loaded ok
** has_many_polymorphs: autoload hook invoked
** has_many_polymorphs: preloading parent model Block
** has_many_polymorphs: associating Block.models
  [4;36;1mSQL (0.2ms)[0m   [0;1mSET client_min_messages TO 'panic'[0m
  [4;35;1mSQL (0.3ms)[0m   [0mSET client_min_messages TO 'notice'[0m
** has_many_polymorphs: preloading parent model View
** has_many_polymorphs: associating View.models
** has_many_polymorphs: autoload hook invoked
** has_many_polymorphs: preloading parent model Block
** has_many_polymorphs: preloading parent model View
DEPRECATION WARNING: require "activerecord" is deprecated and will be removed in Rails 3. Use require "active_record" instead.. (called from /usr/local/lib/ruby/gems/1.8/gems/activerecord-2.3.5/lib/activerecord.rb:2)
** has_many_polymorphs: rails environment detected
** has_many_polymorphs: loaded ok
** has_many_polymorphs: autoload hook invoked
** has_many_polymorphs: preloading parent model Block
** has_many_polymorphs: associating Block.models
  [4;36;1mSQL (0.2ms)[0m   [0;1mSET client_min_messages TO 'panic'[0m
  [4;35;1mSQL (0.1ms)[0m   [0mSET client_min_messages TO 'notice'[0m
** has_many_polymorphs: preloading parent model View
** has_many_polymorphs: associating View.models
** has_many_polymorphs: autoload hook invoked
** has_many_polymorphs: preloading parent model Block
** has_many_polymorphs: preloading parent model View
  [4;36;1mClient Load (5.3ms)[0m   [0;1mSELECT * FROM "users" WHERE ("users"."id" = 25586) AND ( ("users"."type" = 'Client' ) ) [0m
  [4;35;1mAnalyzing Client Load Execution Time: 0.005971

[0m   [0mIndex Scan using users_pkey on users  (cost=0.00..8.27 rows=1 width=574)
   Index Cond: (id = 25586)
   Filter: ((type)::text = 'Client'::text)
[0m
  [4;36;1mNote Load (1.6ms)[0m   [0;1mSELECT * FROM "notes" WHERE ("notes".user_id = 25586) ORDER BY created_at DESC[0m
  [4;35;1mAnalyzing Note Load Execution Time: 0.002267

[0m   [0mSort  (cost=11.63..11.64 rows=1 width=576)
   Sort Key: created_at
   ->  Seq Scan on notes  (cost=0.00..11.62 rows=1 width=576)
         Filter: (user_id = 25586)
[0m
  [4;36;1mUser Load (1.3ms)[0m   [0;1mSELECT * FROM "users" WHERE ("users"."id" = 1) [0m
  [4;35;1mAnalyzing User Load Execution Time: 0.001918

[0m   [0mIndex Scan using users_pkey on users  (cost=0.00..8.27 rows=1 width=574)
   Index Cond: (id = 1)
[0m
  [4;36;1mClient Load (0.7ms)[0m   [0;1mSELECT * FROM "users" WHERE ("users"."id" = 25586) AND ( ("users"."type" = 'Client' ) ) [0m
  [4;35;1mAnalyzing Client Load Execution Time: 0.001348

[0m   [0mIndex Scan using users_pkey on users  (cost=0.00..8.27 rows=1 width=574)
   Index Cond: (id = 25586)
   Filter: ((type)::text = 'Client'::text)
[0m
DEPRECATION WARNING: require "activerecord" is deprecated and will be removed in Rails 3. Use require "active_record" instead.. (called from /usr/local/lib/ruby/gems/1.8/gems/activerecord-2.3.5/lib/activerecord.rb:2)
** has_many_polymorphs: rails environment detected
** has_many_polymorphs: loaded ok
** has_many_polymorphs: autoload hook invoked
** has_many_polymorphs: preloading parent model Block
** has_many_polymorphs: associating Block.models
  [4;36;1mSQL (0.2ms)[0m   [0;1mSET client_min_messages TO 'panic'[0m
  [4;35;1mSQL (0.1ms)[0m   [0mSET client_min_messages TO 'notice'[0m
** has_many_polymorphs: preloading parent model View
** has_many_polymorphs: associating View.models
** has_many_polymorphs: autoload hook invoked
** has_many_polymorphs: preloading parent model Block
** has_many_polymorphs: preloading parent model View
DEPRECATION WARNING: require "activerecord" is deprecated and will be removed in Rails 3. Use require "active_record" instead.. (called from /usr/local/lib/ruby/gems/1.8/gems/activerecord-2.3.5/lib/activerecord.rb:2)
** has_many_polymorphs: rails environment detected
** has_many_polymorphs: loaded ok
** has_many_polymorphs: autoload hook invoked
** has_many_polymorphs: preloading parent model Block
** has_many_polymorphs: associating Block.models
  [4;36;1mSQL (0.2ms)[0m   [0;1mSET client_min_messages TO 'panic'[0m
  [4;35;1mSQL (0.1ms)[0m   [0mSET client_min_messages TO 'notice'[0m
** has_many_polymorphs: preloading parent model View
** has_many_polymorphs: associating View.models
** has_many_polymorphs: autoload hook invoked
** has_many_polymorphs: preloading parent model Block
** has_many_polymorphs: preloading parent model View
